Starting problem: mlr_rf
param:age_regularization:100000.0
param:algorithm:mupluslambda
param:constants_only:True
param:cxpb:0.25
param:early_stop_n:20
param:lambda_:100
param:max_number_operators:None
param:max_start_size:2
param:mu:20
param:ngen:300
param:optimize_constants:False
param:output_file:/home/gijsbers/symbolicdefaults/runs/mlr_rf_True_14.log
param:problem:mlr_rf
param:subset:1.0
param:task:None
param:warm_start:False
Benchmark problems: mlr_rf
Loading surrogates from file.
With fixed hyperparameters: {'num.trees': 500.0}:
And hyperparameters: ['num.trees', 'sample.fraction', 'min.node.size', 'mtry']:
START_TASK: 3
GEN_0_FIT_0.8685707681659413_0.8800553579830114_0.90152316309732_SIZE_1_3.75_9
GEN_1_FIT_0.8688773725824906_0.8831674301960186_0.9019888246969373_SIZE_1_2.95_8
GEN_2_FIT_0.8693389384648176_0.8859601802999766_0.9019888246969373_SIZE_1_3.0_7
GEN_3_FIT_0.8693389384648176_0.8892418511613445_0.9030753489726021_SIZE_1_2.15_4
GEN_4_FIT_0.8765406545531678_0.8864245398374384_0.9040889928677034_SIZE_1_1.6_4
GEN_5_FIT_0.8779781353431649_0.8974399124452959_0.9069444869966676_SIZE_1_1.95_3
GEN_6_FIT_0.8797816015643382_0.8990415632761163_0.9091427254500881_SIZE_1_1.9_3
GEN_7_FIT_0.8854854021008554_0.897148776682451_0.9092126344650763_SIZE_1_1.7_3
GEN_8_FIT_0.8928663078962562_0.9014232021671867_0.9113670682299153_SIZE_1_1.7_3
GEN_9_FIT_0.893370174337255_0.8989386159112381_0.9113670682299153_SIZE_1_1.35_3
GEN_10_FIT_0.8946353485983372_0.8980792830844344_0.9113670682299153_SIZE_1_1.2_2
GEN_11_FIT_0.8946431439738893_0.8991671857846241_0.911674186581072_SIZE_1_1.25_2
GEN_12_FIT_0.8952634138280365_0.8993905323622682_0.9122664209452012_SIZE_1_1.3_3
GEN_13_FIT_0.8952634138280365_0.8978076236079376_0.9122664209452012_SIZE_1_1.2_3
GEN_14_FIT_0.8953300761684818_0.8962388536402072_0.9135056256029915_SIZE_1_1.05_2
GEN_15_FIT_0.8953300761684818_0.8971476311119326_0.9135056256029915_SIZE_1_1.1_2
GEN_16_FIT_0.8953300761684818_0.8971476311119326_0.9135056256029915_SIZE_1_1.1_2
GEN_17_FIT_0.8953300761684818_0.8971476311119326_0.9135056256029915_SIZE_1_1.1_2
GEN_18_FIT_0.8953300761684818_0.8971476311119326_0.9135056256029915_SIZE_1_1.1_2
GEN_19_FIT_0.8953300761684818_0.8971476311119326_0.9135056256029915_SIZE_1_1.1_2
GEN_20_FIT_0.8953300761684818_0.8971476311119326_0.9135056256029915_SIZE_1_1.1_2
Evaluating in sample:
[GEN_20|make_tuple(0.5054554722684462, 698, 6)|0.8953]
[GEN_20|make_tuple(0.6091425007723531, expit(0.6064799415786216), 5)|0.9135]
Evaluating out-of-sample:
[GEN_20|make_tuple(0.5054554722684462, 698, 6)|0.9951]
[GEN_20|make_tuple(0.6091425007723531, expit(0.6064799415786216), 5)|0.9893]
GEN_21_FIT_0.8953300761684818_0.8971476311119326_0.9135056256029915_SIZE_1_1.1_2
GEN_22_FIT_0.8953300761684818_0.8980581570942758_0.9135056256029915_SIZE_1_1.15_2
GEN_23_FIT_0.8953300761684818_0.9035125704352465_0.9135056256029915_SIZE_1_1.45_2
GEN_24_FIT_0.8953300761684818_0.899017475780088_0.9141275489672882_SIZE_1_1.25_3
GEN_25_FIT_0.8953300761684818_0.8990634279147933_0.9141275489672882_SIZE_1_1.25_3
GEN_26_FIT_0.8954168229338004_0.8981997448957613_0.9141275489672882_SIZE_1_1.25_3
GEN_27_FIT_0.8954168229338004_0.899111594254373_0.9141275489672882_SIZE_1_1.3_3
GEN_28_FIT_0.8954168229338004_0.899111594254373_0.9141275489672882_SIZE_1_1.3_3
GEN_29_FIT_0.8954168229338004_0.899111594254373_0.9141275489672882_SIZE_1_1.3_3
GEN_30_FIT_0.8954168229338004_0.8982068068620073_0.9141275489672882_SIZE_1_1.25_3
GEN_31_FIT_0.8954168229338004_0.8982068068620073_0.9141275489672882_SIZE_1_1.25_3
GEN_32_FIT_0.8954168229338004_0.900064049278955_0.9141834447755925_SIZE_1_1.45_4
GEN_33_FIT_0.8954168229338004_0.9010023803710446_0.9141834447755925_SIZE_1_1.6_4
GEN_34_FIT_0.8954168229338004_0.9000641301671155_0.9141850625388004_SIZE_1_1.45_4
GEN_35_FIT_0.8954168229338004_0.8981975709667323_0.9142753305981108_SIZE_1_1.2_3
GEN_36_FIT_0.8954168229338004_0.8991404963499476_0.9142753305981108_SIZE_1_1.3_3
GEN_37_FIT_0.8954168229338004_0.8991404963499476_0.9142753305981108_SIZE_1_1.3_3
GEN_38_FIT_0.8954168229338004_0.8991404963499476_0.9142753305981108_SIZE_1_1.3_3
GEN_39_FIT_0.8954168229338004_0.8982038401868339_0.9144007150001429_SIZE_1_1.2_3
GEN_40_FIT_0.8954168229338004_0.899153034790151_0.9144007150001429_SIZE_1_1.3_3
Evaluating in sample:
[GEN_40|make_tuple(0.5065761944651261, 417, 6)|0.8954]
[GEN_40|make_tuple(0.6164188707125904, expit(0.6010832124727137), 5)|0.9138]
[GEN_40|make_tuple(0.6164188707125904, expit(0.6010832124727137), add(5, 0.349507072634974))|0.9144]
Evaluating out-of-sample:
[GEN_40|make_tuple(0.5065761944651261, 417, 6)|0.9952]
[GEN_40|make_tuple(0.6164188707125904, expit(0.6010832124727137), 5)|0.9893]
[GEN_40|make_tuple(0.6164188707125904, expit(0.6010832124727137), add(5, 0.349507072634974))|0.9894]
GEN_41_FIT_0.8954168229338004_0.899153034790151_0.9144007150001429_SIZE_1_1.3_3
GEN_42_FIT_0.8954168229338004_0.899153034790151_0.9144007150001429_SIZE_1_1.3_3
GEN_43_FIT_0.8954168229338004_0.899153034790151_0.9144007150001429_SIZE_1_1.3_3
GEN_44_FIT_0.8954168229338004_0.899153034790151_0.9144007150001429_SIZE_1_1.3_3
GEN_45_FIT_0.8954168229338004_0.899153034790151_0.9144007150001429_SIZE_1_1.3_3
GEN_46_FIT_0.8954168229338004_0.899153034790151_0.9144007150001429_SIZE_1_1.3_3
GEN_47_FIT_0.8954168229338004_0.899153034790151_0.9144007150001429_SIZE_1_1.3_3
GEN_48_FIT_0.8954168229338004_0.899153034790151_0.9144007150001429_SIZE_1_1.3_3
GEN_49_FIT_0.8954168229338004_0.899153034790151_0.9144007150001429_SIZE_1_1.3_3
GEN_50_FIT_0.8954168229338004_0.899153034790151_0.9144007150001429_SIZE_1_1.3_3
GEN_51_FIT_0.8954168229338004_0.899153034790151_0.9144007150001429_SIZE_1_1.3_3
GEN_52_FIT_0.8954168229338004_0.899153034790151_0.9144007150001429_SIZE_1_1.3_3
GEN_53_FIT_0.8954168229338004_0.899153034790151_0.9144007150001429_SIZE_1_1.3_3
GEN_54_FIT_0.8954168229338004_0.899153034790151_0.9144007150001429_SIZE_1_1.3_3
GEN_55_FIT_0.8954168229338004_0.899153034790151_0.9144007150001429_SIZE_1_1.3_3
GEN_56_FIT_0.8954168229338004_0.899153034790151_0.9144007150001429_SIZE_1_1.3_3
GEN_57_FIT_0.8954168229338004_0.899153034790151_0.9144007150001429_SIZE_1_1.3_3
GEN_58_FIT_0.8954168229338004_0.899153034790151_0.9144007150001429_SIZE_1_1.3_3
GEN_59_FIT_0.8954168229338004_0.899153034790151_0.9144007150001429_SIZE_1_1.3_3
GEN_60_FIT_0.8954168229338004_0.899153034790151_0.9144007150001429_SIZE_1_1.3_3
Evaluating in sample:
[GEN_60|make_tuple(0.5065761944651261, 417, 6)|0.8954]
[GEN_60|make_tuple(0.6164188707125904, expit(0.6010832124727137), 5)|0.9138]
[GEN_60|make_tuple(0.6164188707125904, expit(0.6010832124727137), add(5, 0.349507072634974))|0.9144]
Evaluating out-of-sample:
[GEN_60|make_tuple(0.5065761944651261, 417, 6)|0.9952]
[GEN_60|make_tuple(0.6164188707125904, expit(0.6010832124727137), 5)|0.9893]
[GEN_60|make_tuple(0.6164188707125904, expit(0.6010832124727137), add(5, 0.349507072634974))|0.9894]
Stopped early in iteration 60, no improvement in 20 gens.
START_TASK: 6
GEN_0_FIT_0.8692107810836105_0.8856233648452889_0.9019838370981278_SIZE_1_5.45_12
GEN_1_FIT_0.8694518495962086_0.8821153132288735_0.9068354192718802_SIZE_1_3.0_11
GEN_2_FIT_0.8699098645176562_0.8828004085579636_0.9068354192718802_SIZE_1_2.8_11
GEN_3_FIT_0.8699098645176562_0.893580175106837_0.9078969535549578_SIZE_1_3.85_11
GEN_4_FIT_0.891313695046175_0.9008355989595687_0.9090634486666204_SIZE_1_3.5_10
GEN_5_FIT_0.891313695046175_0.8968573280331551_0.9113173638683278_SIZE_1_1.95_7
GEN_6_FIT_0.8947021075729668_0.9052949189465282_0.9113173638683278_SIZE_1_3.2_8
GEN_7_FIT_0.8958245039602173_0.9043207222750957_0.9115809282513819_SIZE_1_2.1_3
GEN_8_FIT_0.8958245039602173_0.9075049956762848_0.913219462500607_SIZE_1_2.5_4
GEN_9_FIT_0.8958245039602173_0.9007932574074996_0.913219462500607_SIZE_1_1.65_4
GEN_10_FIT_0.8960814668435921_0.8996384052946613_0.913219462500607_SIZE_1_1.5_4
GEN_11_FIT_0.8960814668435921_0.8999161596505532_0.913219462500607_SIZE_1_1.55_4
GEN_12_FIT_0.8960814668435921_0.9004636973126072_0.913219462500607_SIZE_1_1.6_4
GEN_13_FIT_0.8960814668435921_0.8999279709263192_0.913219462500607_SIZE_1_1.55_4
GEN_14_FIT_0.8960814668435921_0.8990990632604177_0.9132731897905807_SIZE_1_1.4_4
GEN_15_FIT_0.8960814668435921_0.8991018126905447_0.9132731897905807_SIZE_1_1.4_4
GEN_16_FIT_0.8960814668435921_0.9005488029582918_0.9132731897905807_SIZE_1_1.6_4
GEN_17_FIT_0.8960814668435921_0.9005488029582918_0.9132731897905807_SIZE_1_1.6_4
GEN_18_FIT_0.8960814668435921_0.900973346665161_0.9138669567131772_SIZE_1_1.75_5
GEN_19_FIT_0.8960814668435921_0.9009102924760688_0.9138669567131772_SIZE_1_1.7_5
GEN_20_FIT_0.8960814668435921_0.9002289468826674_0.9142431599052562_SIZE_1_1.6_5
Evaluating in sample:
[GEN_20|make_tuple(0.5068119579435667, 216, 6)|0.8961]
[GEN_20|make_tuple(0.6060148982054792, expit(0.8034743632631935), 6)|0.9113]
[GEN_20|make_tuple(0.6004988046283891, expit(expit(0.36195018746875685)), 5)|0.9121]
[GEN_20|make_tuple(expit(0.46368030028083296), expit(expit(0.4393769444127943)), 5)|0.9136]
[GEN_20|make_tuple(expit(0.46368030028083296), expit(expit(0.4182317085851546)), add(5, 0.00648744893460704))|0.9142]
Evaluating out-of-sample:
[GEN_20|make_tuple(0.5068119579435667, 216, 6)|0.9184]
[GEN_20|make_tuple(0.6060148982054792, expit(0.8034743632631935), 6)|0.9736]
[GEN_20|make_tuple(0.6004988046283891, expit(expit(0.36195018746875685)), 5)|0.9885]
[GEN_20|make_tuple(expit(0.46368030028083296), expit(expit(0.4393769444127943)), 5)|0.9884]
[GEN_20|make_tuple(expit(0.46368030028083296), expit(expit(0.4182317085851546)), add(5, 0.00648744893460704))|0.9881]
GEN_21_FIT_0.8960814668435921_0.9002553589678846_0.9142431599052562_SIZE_1_1.55_5
GEN_22_FIT_0.8960814668435921_0.9002477133741491_0.9143319991718312_SIZE_1_1.45_4
GEN_23_FIT_0.8960814668435921_0.8995253875014881_0.9143319991718312_SIZE_1_1.4_4
GEN_24_FIT_0.8960814668435921_0.8987168758229009_0.9143319991718312_SIZE_1_1.3_4
GEN_25_FIT_0.8960814668435921_0.8987168758229009_0.9143319991718312_SIZE_1_1.3_4
GEN_26_FIT_0.8960814668435921_0.9013522848022093_0.9143319991718312_SIZE_1_1.6_4
GEN_27_FIT_0.8960814668435921_0.8996805216696858_0.9143319991718312_SIZE_1_1.45_4
GEN_28_FIT_0.8960814668435921_0.900584707917935_0.9143319991718312_SIZE_1_1.55_4
GEN_29_FIT_0.8960814668435921_0.9005894250276038_0.9143319991718312_SIZE_1_1.55_4
GEN_30_FIT_0.8960814668435921_0.9005894250276038_0.9143319991718312_SIZE_1_1.55_4
GEN_31_FIT_0.8960814668435921_0.900555459986099_0.9144125815761919_SIZE_1_1.45_4
GEN_32_FIT_0.8960814668435921_0.8987470874896004_0.9144125815761919_SIZE_1_1.2_3
GEN_33_FIT_0.8960814668435921_0.8987470874896004_0.9144125815761919_SIZE_1_1.2_3
GEN_34_FIT_0.8960814668435921_0.898800872755429_0.9144125815761919_SIZE_1_1.25_3
GEN_35_FIT_0.8960814668435921_0.8996871671940054_0.9144125815761919_SIZE_1_1.3_3
GEN_36_FIT_0.8960814668435921_0.8996871671940054_0.9144125815761919_SIZE_1_1.3_3
GEN_37_FIT_0.8960814668435921_0.8996871671940054_0.9144125815761919_SIZE_1_1.3_3
GEN_38_FIT_0.8960814668435921_0.8996871671940054_0.9144125815761919_SIZE_1_1.3_3
GEN_39_FIT_0.8960814668435921_0.8996871671940054_0.9144125815761919_SIZE_1_1.3_3
GEN_40_FIT_0.8960814668435921_0.8996871671940054_0.9144125815761919_SIZE_1_1.3_3
Evaluating in sample:
[GEN_40|make_tuple(0.5068119579435667, 216, 6)|0.8961]
[GEN_40|make_tuple(0.6178163848064716, expit(0.5980694622971651), 5)|0.9138]
[GEN_40|make_tuple(0.6178163848064716, expit(0.5980694622971651), add(5, 0.00648744893460704))|0.9144]
Evaluating out-of-sample:
[GEN_40|make_tuple(0.5068119579435667, 216, 6)|0.9184]
[GEN_40|make_tuple(0.6178163848064716, expit(0.5980694622971651), 5)|0.9885]
[GEN_40|make_tuple(0.6178163848064716, expit(0.5980694622971651), add(5, 0.00648744893460704))|0.9882]
GEN_41_FIT_0.8960814668435921_0.8996871671940054_0.9144125815761919_SIZE_1_1.3_3
GEN_42_FIT_0.8960814668435921_0.8996871671940054_0.9144125815761919_SIZE_1_1.3_3
GEN_43_FIT_0.8960814668435921_0.8996871671940054_0.9144125815761919_SIZE_1_1.3_3
GEN_44_FIT_0.8960814668435921_0.8996871671940054_0.9144125815761919_SIZE_1_1.3_3
GEN_45_FIT_0.8960814668435921_0.8996871671940054_0.9144125815761919_SIZE_1_1.3_3
GEN_46_FIT_0.8960814668435921_0.8996871671940054_0.9144125815761919_SIZE_1_1.3_3
GEN_47_FIT_0.8960814668435921_0.8996871671940054_0.9144125815761919_SIZE_1_1.3_3
GEN_48_FIT_0.8960814668435921_0.8996871671940054_0.9144125815761919_SIZE_1_1.3_3
GEN_49_FIT_0.8960814668435921_0.8996871671940054_0.9144125815761919_SIZE_1_1.3_3
GEN_50_FIT_0.8960814668435921_0.8996871671940054_0.9144125815761919_SIZE_1_1.3_3
GEN_51_FIT_0.8960814668435921_0.8996871671940054_0.9144125815761919_SIZE_1_1.3_3
GEN_52_FIT_0.8960814668435921_0.8996871671940054_0.9144125815761919_SIZE_1_1.3_3
GEN_53_FIT_0.8960814668435921_0.8996871671940054_0.9144125815761919_SIZE_1_1.3_3
Evaluating in sample:
[GEN_53|make_tuple(0.5068119579435667, 216, 6)|0.8961]
[GEN_53|make_tuple(0.6178163848064716, expit(0.5980694622971651), 5)|0.9138]
[GEN_53|make_tuple(0.6178163848064716, expit(0.5980694622971651), add(5, 0.00648744893460704))|0.9144]
Evaluating out-of-sample:
[GEN_53|make_tuple(0.5068119579435667, 216, 6)|0.9184]
[GEN_53|make_tuple(0.6178163848064716, expit(0.5980694622971651), 5)|0.9885]
[GEN_53|make_tuple(0.6178163848064716, expit(0.5980694622971651), add(5, 0.00648744893460704))|0.9882]
Stopped early in iteration 53, no improvement in 20 gens.
START_TASK: 11
GEN_0_FIT_0.8680470535713698_0.8808360288570303_0.9003944199061351_SIZE_1_2.95_9
GEN_1_FIT_0.8702270202092214_0.8870133513778333_0.9004617858067657_SIZE_1_2.25_5
GEN_2_FIT_0.8704787277854534_0.8755374687875784_0.9093847314071257_SIZE_1_1.35_5
GEN_3_FIT_0.8704787277854534_0.8831423433345673_0.9093847314071257_SIZE_1_1.75_5
GEN_4_FIT_0.8851800339770227_0.9003723056066958_0.9094140531085446_SIZE_1_2.95_6
GEN_5_FIT_0.8912052543200084_0.9045423925492599_0.9094394696946722_SIZE_1_3.35_6
GEN_6_FIT_0.8910568428238034_0.9053332021457565_0.9110127663118718_SIZE_1_3.1_6
GEN_7_FIT_0.8912052543200084_0.9040445743684327_0.9112823585609443_SIZE_1_2.6_7
GEN_8_FIT_0.8935184674702782_0.9004850787021741_0.9125601507828406_SIZE_1_1.55_3
GEN_9_FIT_0.8944329740732013_0.9083872372787049_0.9125601507828406_SIZE_1_2.35_4
GEN_10_FIT_0.8944350051581108_0.9053245347247403_0.912816442484677_SIZE_1_1.75_3
GEN_11_FIT_0.8944350051581108_0.8989549245429262_0.9129804632479269_SIZE_1_1.35_3
GEN_12_FIT_0.894727725983987_0.8991259190986026_0.9130393828864651_SIZE_1_1.4_3
GEN_13_FIT_0.8948600903738619_0.9076827125894935_0.9130942837029209_SIZE_1_2.05_3
GEN_14_FIT_0.8948600903738619_0.9061087159045569_0.9130942837029209_SIZE_1_1.9_3
GEN_15_FIT_0.89520243092335_0.9040550961109508_0.9131187775806973_SIZE_1_1.9_4
GEN_16_FIT_0.8958533530549543_0.9102556768690391_0.9131187775806973_SIZE_1_2.6_4
GEN_17_FIT_0.8958156828688445_0.9070694979198788_0.9142289203718812_SIZE_1_2.05_4
GEN_18_FIT_0.8961883375466363_0.9030157027480856_0.9142289203718812_SIZE_1_1.6_4
GEN_19_FIT_0.8962179481917768_0.8989044787674544_0.9142289203718812_SIZE_1_1.25_3
GEN_20_FIT_0.8962179481917768_0.8997899121251216_0.9142289203718812_SIZE_1_1.3_3
Evaluating in sample:
[GEN_20|make_tuple(0.5052358513349144, 8, 6)|0.8962]
[GEN_20|make_tuple(0.6039457697532024, expit(0.5978591625302612), 6)|0.9139]
[GEN_20|make_tuple(0.6039457697532024, expit(expit(0.4425153490359836)), 5)|0.9142]
Evaluating out-of-sample:
[GEN_20|make_tuple(0.5052358513349144, 8, 6)|0.8884]
[GEN_20|make_tuple(0.6039457697532024, expit(0.5978591625302612), 6)|0.9139]
[GEN_20|make_tuple(0.6039457697532024, expit(expit(0.4425153490359836)), 5)|0.9085]
GEN_21_FIT_0.8962179481917768_0.8997899121251216_0.9142289203718812_SIZE_1_1.3_3
GEN_22_FIT_0.8962179481917768_0.90336358593612_0.9142289203718812_SIZE_1_1.6_3
GEN_23_FIT_0.8962179481917768_0.9007123355218539_0.9143226817409233_SIZE_1_1.35_3
GEN_24_FIT_0.8963325263202766_0.9078504562465227_0.9143226817409233_SIZE_1_1.7_3
GEN_25_FIT_0.8963325263202766_0.9071097487538854_0.9143226817409233_SIZE_1_1.7_3
GEN_26_FIT_0.8963837019390213_0.9125287837607331_0.9143226817409233_SIZE_1_1.9_2
GEN_27_FIT_0.8962184892309577_0.9089314786866056_0.9144629248821101_SIZE_1_1.7_2
GEN_28_FIT_0.8962184892309577_0.8999607403073109_0.9144629248821101_SIZE_1_1.2_2
GEN_29_FIT_0.8963837019390213_0.8981916242333303_0.9144629248821101_SIZE_1_1.1_2
GEN_30_FIT_0.8963837019390213_0.8981916242333303_0.9144629248821101_SIZE_1_1.1_2
GEN_31_FIT_0.8963837019390213_0.8981916242333303_0.9144629248821101_SIZE_1_1.1_2
GEN_32_FIT_0.8963837019390213_0.8981916242333303_0.9144629248821101_SIZE_1_1.1_2
GEN_33_FIT_0.8963837019390213_0.8981916242333303_0.9144629248821101_SIZE_1_1.1_2
GEN_34_FIT_0.8963837019390213_0.8981916242333303_0.9144629248821101_SIZE_1_1.1_2
GEN_35_FIT_0.8963837019390213_0.8981916242333303_0.9144629248821101_SIZE_1_1.1_2
GEN_36_FIT_0.8963837019390213_0.8981916242333303_0.9144629248821101_SIZE_1_1.1_2
GEN_37_FIT_0.8963837019390213_0.8981916242333303_0.9144629248821101_SIZE_1_1.1_2
GEN_38_FIT_0.8963837019390213_0.8981916242333303_0.9144629248821101_SIZE_1_1.1_2
GEN_39_FIT_0.8963837019390213_0.8981916242333303_0.9144629248821101_SIZE_1_1.1_2
GEN_40_FIT_0.8963837019390213_0.8981916242333303_0.9144629248821101_SIZE_1_1.1_2
Evaluating in sample:
[GEN_40|make_tuple(0.5568292414439591, 8, 6)|0.8964]
[GEN_40|make_tuple(0.6181490083873095, expit(0.5978591625302612), 5)|0.9145]
Evaluating out-of-sample:
[GEN_40|make_tuple(0.5568292414439591, 8, 6)|0.8617]
[GEN_40|make_tuple(0.6181490083873095, expit(0.5978591625302612), 5)|0.9096]
GEN_41_FIT_0.8963837019390213_0.8981916242333303_0.9144629248821101_SIZE_1_1.1_2
GEN_42_FIT_0.8963837019390213_0.8981916242333303_0.9144629248821101_SIZE_1_1.1_2
GEN_43_FIT_0.8963837019390213_0.8981916242333303_0.9144629248821101_SIZE_1_1.1_2
GEN_44_FIT_0.8963837019390213_0.8981916242333303_0.9144629248821101_SIZE_1_1.1_2
GEN_45_FIT_0.8963837019390213_0.8981916242333303_0.9144629248821101_SIZE_1_1.1_2
GEN_46_FIT_0.8963837019390213_0.8981916242333303_0.9144629248821101_SIZE_1_1.1_2
GEN_47_FIT_0.8963837019390213_0.8981916242333303_0.9144629248821101_SIZE_1_1.1_2
GEN_48_FIT_0.8963837019390213_0.8981916242333303_0.9144629248821101_SIZE_1_1.1_2
Evaluating in sample:
[GEN_48|make_tuple(0.5568292414439591, 8, 6)|0.8964]
[GEN_48|make_tuple(0.6181490083873095, expit(0.5978591625302612), 5)|0.9145]
Evaluating out-of-sample:
[GEN_48|make_tuple(0.5568292414439591, 8, 6)|0.8617]
[GEN_48|make_tuple(0.6181490083873095, expit(0.5978591625302612), 5)|0.9096]
Stopped early in iteration 48, no improvement in 20 gens.
START_TASK: 12
GEN_0_FIT_0.8693823161316863_0.8872113711355227_0.9051727083688745_SIZE_1_4.5_14
GEN_1_FIT_0.8763467692894722_0.8977022464298322_0.906482449108021_SIZE_1_4.4_8
GEN_2_FIT_0.8885869313463974_0.8958733221372575_0.9083541195700083_SIZE_1_2.5_6
GEN_3_FIT_0.888928340676073_0.898555066725654_0.9086649722326531_SIZE_1_2.05_5
GEN_4_FIT_0.8915899734976116_0.8999734804893678_0.9098886964833138_SIZE_1_1.9_5
GEN_5_FIT_0.8916374762564725_0.8983869049566854_0.9106041473291879_SIZE_1_1.4_3
GEN_6_FIT_0.89474784239949_0.9066546004961632_0.9109620908697222_SIZE_1_1.95_3
GEN_7_FIT_0.8950822213018643_0.9060066812720864_0.9109620908697222_SIZE_1_1.95_3
GEN_8_FIT_0.8950824072904646_0.9007011227419707_0.9125810040371548_SIZE_1_1.5_3
GEN_9_FIT_0.8951251556932402_0.8993131703389301_0.9125810040371548_SIZE_1_1.35_3
GEN_10_FIT_0.895257373420684_0.8969157772126148_0.9125810040371548_SIZE_1_1.15_3
GEN_11_FIT_0.895257373420684_0.8969157772126148_0.9125810040371548_SIZE_1_1.15_3
GEN_12_FIT_0.895257373420684_0.8994287197260116_0.9125810040371548_SIZE_1_1.4_3
GEN_13_FIT_0.895257373420684_0.9019698710256081_0.9125810040371548_SIZE_1_1.65_3
GEN_14_FIT_0.895257373420684_0.9002974896818767_0.9126996762241887_SIZE_1_1.5_4
GEN_15_FIT_0.8954677981291876_0.897111215749159_0.9126996762241887_SIZE_1_1.15_3
GEN_16_FIT_0.8954677981291876_0.8994598249388897_0.9126996762241887_SIZE_1_1.35_3
GEN_17_FIT_0.8954677981291876_0.907274927829649_0.9126996762241887_SIZE_1_1.95_3
GEN_18_FIT_0.8954677981291876_0.9038805539565322_0.9126996762241887_SIZE_1_1.8_3
GEN_19_FIT_0.8955439956923041_0.899039903140882_0.9127021700922723_SIZE_1_1.3_3
GEN_20_FIT_0.8956877852652505_0.8973782812750668_0.9127021700922723_SIZE_1_1.15_3
Evaluating in sample:
[GEN_20|make_tuple(0.5065024099404866, 13, 6)|0.8957]
[GEN_20|make_tuple(0.6224504752493152, min(160, 0.6326827526042389), 5)|0.9125]
[GEN_20|make_tuple(0.6068620718657399, expit(expit(0.25180495796370217)), 5)|0.9127]
Evaluating out-of-sample:
[GEN_20|make_tuple(0.5065024099404866, 13, 6)|0.9634]
[GEN_20|make_tuple(0.6224504752493152, min(160, 0.6326827526042389), 5)|0.9927]
[GEN_20|make_tuple(0.6068620718657399, expit(expit(0.25180495796370217)), 5)|0.9927]
GEN_21_FIT_0.8956877852652505_0.8973782812750668_0.9127021700922723_SIZE_1_1.15_3
GEN_22_FIT_0.8956877852652505_0.8973787536556801_0.912711617704536_SIZE_1_1.15_3
GEN_23_FIT_0.8956877852652505_0.8982185304241457_0.912711617704536_SIZE_1_1.2_3
GEN_24_FIT_0.8956877852652505_0.8982193729026452_0.9127284672745274_SIZE_1_1.2_3
GEN_25_FIT_0.8956877852652505_0.8982193729026452_0.9127284672745274_SIZE_1_1.2_3
GEN_26_FIT_0.8956877852652505_0.8973907009216273_0.9128509785167978_SIZE_1_1.15_3
GEN_27_FIT_0.8956877852652505_0.8982491044175571_0.9131239285594014_SIZE_1_1.2_3
GEN_28_FIT_0.8956877852652505_0.8982491044175571_0.9131239285594014_SIZE_1_1.2_3
GEN_29_FIT_0.8956877852652505_0.8991209115822647_0.9131239285594014_SIZE_1_1.3_3
GEN_30_FIT_0.8956877852652505_0.8991209115822647_0.9131239285594014_SIZE_1_1.3_3
GEN_31_FIT_0.8956877852652505_0.8991209115822647_0.9131239285594014_SIZE_1_1.3_3
GEN_32_FIT_0.8956877852652505_0.8991209115822647_0.9131239285594014_SIZE_1_1.3_3
GEN_33_FIT_0.8956877852652505_0.8991209115822647_0.9131239285594014_SIZE_1_1.3_3
GEN_34_FIT_0.8956877852652505_0.8982539847768379_0.9132215357450186_SIZE_1_1.2_3
GEN_35_FIT_0.8956877852652505_0.8974139579194539_0.9132215357450186_SIZE_1_1.15_3
GEN_36_FIT_0.8956877852652505_0.8974139579194539_0.9132215357450186_SIZE_1_1.15_3
GEN_37_FIT_0.8956877852652505_0.8974139579194539_0.9132215357450186_SIZE_1_1.15_3
GEN_38_FIT_0.8956877852652505_0.8982634430496688_0.9132215357450186_SIZE_1_1.2_3
GEN_39_FIT_0.8956877852652505_0.8982634430496688_0.9132215357450186_SIZE_1_1.2_3
GEN_40_FIT_0.8956877852652505_0.9034265449208615_0.9132215357450186_SIZE_1_1.65_3
Evaluating in sample:
[GEN_40|make_tuple(0.5067816553150685, 13, 6)|0.8957]
[GEN_40|make_tuple(0.6184465141295081, min(606, 0.6326827526042389), 5)|0.9127]
[GEN_40|make_tuple(0.6184465141295081, expit(expit(0.49209313905609486)), 5)|0.9132]
Evaluating out-of-sample:
[GEN_40|make_tuple(0.5067816553150685, 13, 6)|0.9634]
[GEN_40|make_tuple(0.6184465141295081, min(606, 0.6326827526042389), 5)|0.9927]
[GEN_40|make_tuple(0.6184465141295081, expit(expit(0.49209313905609486)), 5)|0.9928]
GEN_41_FIT_0.8956877852652505_0.9052076703754091_0.9132215357450186_SIZE_1_1.95_3
GEN_42_FIT_0.8956877852652505_0.9000316595952951_0.9137857484331084_SIZE_1_1.35_3
GEN_43_FIT_0.8957006249064164_0.9001460364562716_0.9143898644144784_SIZE_1_1.45_4
GEN_44_FIT_0.8957006249064164_0.8993126813263425_0.9143898644144784_SIZE_1_1.4_4
GEN_45_FIT_0.8957006249064164_0.8992781482045851_0.9143898644144784_SIZE_1_1.35_4
GEN_46_FIT_0.8957006249064164_0.9001830453436434_0.9143898644144784_SIZE_1_1.45_4
GEN_47_FIT_0.8957006249064164_0.9001830453436434_0.9143898644144784_SIZE_1_1.45_4
GEN_48_FIT_0.8957006249064164_0.9011175073190465_0.9143898644144784_SIZE_1_1.6_4
GEN_49_FIT_0.8957006249064164_0.9001836751796247_0.9144024611341061_SIZE_1_1.45_4
GEN_50_FIT_0.8957006249064164_0.9001836751796247_0.9144024611341061_SIZE_1_1.45_4
GEN_51_FIT_0.8957006249064164_0.9001836751796247_0.9144024611341061_SIZE_1_1.45_4
GEN_52_FIT_0.8957006249064164_0.9011187669910091_0.9144024611341061_SIZE_1_1.6_4
GEN_53_FIT_0.8957006249064164_0.9011187669910091_0.9144024611341061_SIZE_1_1.6_4
GEN_54_FIT_0.8957006249064164_0.9011187669910091_0.9144024611341061_SIZE_1_1.6_4
GEN_55_FIT_0.8957006249064164_0.9011187669910091_0.9144024611341061_SIZE_1_1.6_4
GEN_56_FIT_0.8957006249064164_0.9002138897386534_0.9144024611341061_SIZE_1_1.5_4
GEN_57_FIT_0.8957006249064164_0.9011188067644138_0.9144024611341061_SIZE_1_1.6_4
GEN_58_FIT_0.8957006249064164_0.9011188067644138_0.9144024611341061_SIZE_1_1.6_4
GEN_59_FIT_0.8957006249064164_0.9011188067644138_0.9144024611341061_SIZE_1_1.6_4
GEN_60_FIT_0.8957006249064164_0.9001838670232593_0.9144055025387017_SIZE_1_1.45_4
Evaluating in sample:
[GEN_60|make_tuple(0.5067816553150685, 13, 6)|0.8957]
[GEN_60|make_tuple(0.616767239713683, min(565, 0.6508364902359979), 5)|0.9131]
[GEN_60|make_tuple(0.616767239713683, expit(expit(0.401946643323874)), 5)|0.9138]
[GEN_60|make_tuple(0.616767239713683, expit(expit(0.401946643323874)), truediv(5, 0.9958852658171296))|0.9144]
Evaluating out-of-sample:
[GEN_60|make_tuple(0.5067816553150685, 13, 6)|0.9634]
[GEN_60|make_tuple(0.616767239713683, min(565, 0.6508364902359979), 5)|0.9927]
[GEN_60|make_tuple(0.616767239713683, expit(expit(0.401946643323874)), 5)|0.9928]
[GEN_60|make_tuple(0.616767239713683, expit(expit(0.401946643323874)), truediv(5, 0.9958852658171296))|0.9928]
GEN_61_FIT_0.8957006249064164_0.9001838670232593_0.9144055025387017_SIZE_1_1.45_4
GEN_62_FIT_0.8957006249064164_0.9001838670232593_0.9144055025387017_SIZE_1_1.45_4
GEN_63_FIT_0.8957006249064164_0.9002144953361968_0.9144055025387017_SIZE_1_1.5_4
GEN_64_FIT_0.8957006249064164_0.9011197138190413_0.9144055025387017_SIZE_1_1.6_4
GEN_65_FIT_0.8957006249064164_0.9011197138190413_0.9144055025387017_SIZE_1_1.6_4
GEN_66_FIT_0.8957006249064164_0.9011197138190413_0.9144055025387017_SIZE_1_1.6_4
GEN_67_FIT_0.8957006249064164_0.9011197138190413_0.9144055025387017_SIZE_1_1.6_4
GEN_68_FIT_0.8957006249064164_0.9011197138190413_0.9144055025387017_SIZE_1_1.6_4
GEN_69_FIT_0.8957006249064164_0.9011197138190413_0.9144055025387017_SIZE_1_1.6_4
GEN_70_FIT_0.8957006249064164_0.9011197138190413_0.9144055025387017_SIZE_1_1.6_4
GEN_71_FIT_0.8957006249064164_0.9011197138190413_0.9144055025387017_SIZE_1_1.6_4
GEN_72_FIT_0.8957006249064164_0.9011197138190413_0.9144055025387017_SIZE_1_1.6_4
GEN_73_FIT_0.8957006249064164_0.9001847898230766_0.914411900251693_SIZE_1_1.45_4
GEN_74_FIT_0.8957006249064164_0.9011203535903405_0.914411900251693_SIZE_1_1.6_4
GEN_75_FIT_0.8957006249064164_0.9011203535903405_0.914411900251693_SIZE_1_1.6_4
GEN_76_FIT_0.8957006249064164_0.9011203535903405_0.914411900251693_SIZE_1_1.6_4
GEN_77_FIT_0.8957006249064164_0.9011203535903405_0.914411900251693_SIZE_1_1.6_4
GEN_78_FIT_0.8957006249064164_0.9011203535903405_0.914411900251693_SIZE_1_1.6_4
GEN_79_FIT_0.8957006249064164_0.9011203535903405_0.914411900251693_SIZE_1_1.6_4
GEN_80_FIT_0.8957006249064164_0.9011203535903405_0.914411900251693_SIZE_1_1.6_4
Evaluating in sample:
[GEN_80|make_tuple(0.5067816553150685, 13, 6)|0.8957]
[GEN_80|make_tuple(0.616767239713683, min(565, 0.6508364902359979), 5)|0.9131]
[GEN_80|make_tuple(0.616767239713683, expit(expit(0.40608269482587955)), 5)|0.9138]
[GEN_80|make_tuple(0.616767239713683, expit(expit(0.40608269482587955)), truediv(5, 0.9958852658171296))|0.9144]
Evaluating out-of-sample:
[GEN_80|make_tuple(0.5067816553150685, 13, 6)|0.9634]
[GEN_80|make_tuple(0.616767239713683, min(565, 0.6508364902359979), 5)|0.9927]
[GEN_80|make_tuple(0.616767239713683, expit(expit(0.40608269482587955)), 5)|0.9928]
[GEN_80|make_tuple(0.616767239713683, expit(expit(0.40608269482587955)), truediv(5, 0.9958852658171296))|0.9928]
GEN_81_FIT_0.8957006249064164_0.9011203535903405_0.914411900251693_SIZE_1_1.6_4
GEN_82_FIT_0.8957006249064164_0.9011203535903405_0.914411900251693_SIZE_1_1.6_4
GEN_83_FIT_0.8957006249064164_0.9011203535903405_0.914411900251693_SIZE_1_1.6_4
GEN_84_FIT_0.8957006249064164_0.9011203535903405_0.914411900251693_SIZE_1_1.6_4
GEN_85_FIT_0.8957006249064164_0.9011203535903405_0.914411900251693_SIZE_1_1.6_4
GEN_86_FIT_0.8957006249064164_0.9011203535903405_0.914411900251693_SIZE_1_1.6_4
GEN_87_FIT_0.8957006249064164_0.9011203535903405_0.914411900251693_SIZE_1_1.6_4
GEN_88_FIT_0.8957006249064164_0.9011203535903405_0.914411900251693_SIZE_1_1.6_4
GEN_89_FIT_0.8957006249064164_0.9011203535903405_0.914411900251693_SIZE_1_1.6_4
GEN_90_FIT_0.8957006249064164_0.9011203535903405_0.914411900251693_SIZE_1_1.6_4
GEN_91_FIT_0.8957006249064164_0.9011203535903405_0.914411900251693_SIZE_1_1.6_4
GEN_92_FIT_0.8957006249064164_0.9011203535903405_0.914411900251693_SIZE_1_1.6_4
GEN_93_FIT_0.8957006249064164_0.9011203535903405_0.914411900251693_SIZE_1_1.6_4
GEN_94_FIT_0.8957006249064164_0.9011203535903405_0.914411900251693_SIZE_1_1.6_4
Evaluating in sample:
[GEN_94|make_tuple(0.5067816553150685, 13, 6)|0.8957]
[GEN_94|make_tuple(0.616767239713683, min(565, 0.6508364902359979), 5)|0.9131]
[GEN_94|make_tuple(0.616767239713683, expit(expit(0.40608269482587955)), 5)|0.9138]
[GEN_94|make_tuple(0.616767239713683, expit(expit(0.40608269482587955)), truediv(5, 0.9958852658171296))|0.9144]
Evaluating out-of-sample:
[GEN_94|make_tuple(0.5067816553150685, 13, 6)|0.9634]
[GEN_94|make_tuple(0.616767239713683, min(565, 0.6508364902359979), 5)|0.9927]
[GEN_94|make_tuple(0.616767239713683, expit(expit(0.40608269482587955)), 5)|0.9928]
[GEN_94|make_tuple(0.616767239713683, expit(expit(0.40608269482587955)), truediv(5, 0.9958852658171296))|0.9928]
Stopped early in iteration 94, no improvement in 20 gens.
START_TASK: 14
GEN_0_FIT_0.8685267367809336_0.883361691856939_0.9056811241715925_SIZE_1_3.5_12
GEN_1_FIT_0.8692262294326737_0.8878693696785722_0.9076324471703628_SIZE_1_2.3_4
GEN_2_FIT_0.8692262294326737_0.8915044269242889_0.9078411134617056_SIZE_1_2.15_4
GEN_3_FIT_0.8696890341457972_0.8989774992382401_0.9078411134617056_SIZE_1_2.35_4
GEN_4_FIT_0.8774700646479553_0.8930559240871514_0.9096278008430728_SIZE_1_1.8_4
GEN_5_FIT_0.882195301291681_0.9024570827907346_0.9097413486833917_SIZE_1_2.55_4
GEN_6_FIT_0.8845562180860058_0.9058585445923889_0.9098976226592331_SIZE_1_2.65_4
GEN_7_FIT_0.8863881856728139_0.9051136143758398_0.9104288544274403_SIZE_1_2.1_4
GEN_8_FIT_0.8842524202268424_0.8917749776035636_0.9104288544274403_SIZE_1_1.25_2
GEN_9_FIT_0.8865613415226372_0.9036523284861466_0.9104288544274403_SIZE_1_1.75_3
GEN_10_FIT_0.8865613415226372_0.8930886336166848_0.9122505411578037_SIZE_1_1.2_2
GEN_11_FIT_0.8942071832776288_0.9003136449629958_0.9122505411578037_SIZE_1_1.45_3
GEN_12_FIT_0.894311388805824_0.9072827294378125_0.9122505411578037_SIZE_1_1.95_3
GEN_13_FIT_0.8947406259061563_0.9076284765908378_0.9124571847789982_SIZE_1_1.9_3
GEN_14_FIT_0.8951211580577899_0.910685307546119_0.9129761706969858_SIZE_1_1.95_3
GEN_15_FIT_0.8951211580577899_0.9085546761100443_0.9129761706969858_SIZE_1_1.75_2
GEN_16_FIT_0.8952437594320183_0.9060598547994886_0.9133734203932224_SIZE_1_1.6_2
GEN_17_FIT_0.8956917197853842_0.8974598898461679_0.9133734203932224_SIZE_1_1.1_2
GEN_18_FIT_0.8956917197853842_0.8974598898461679_0.9133734203932224_SIZE_1_1.1_2
GEN_19_FIT_0.8956917197853842_0.8974598898461679_0.9133734203932224_SIZE_1_1.1_2
GEN_20_FIT_0.8956917197853842_0.8974598898461679_0.9133734203932224_SIZE_1_1.1_2
Evaluating in sample:
[GEN_20|make_tuple(0.5054748255709276, 94, 6)|0.8957]
[GEN_20|make_tuple(0.6168609999283847, if_gt(94, 99, 0.03673044626903375, 0.6425021081967061), 5)|0.9134]
Evaluating out-of-sample:
[GEN_20|make_tuple(0.5054748255709276, 94, 6)|0.9524]
[GEN_20|make_tuple(0.6168609999283847, if_gt(94, 99, 0.03673044626903375, 0.6425021081967061), 5)|0.9886]
GEN_21_FIT_0.8956917197853842_0.8974598898461679_0.9133734203932224_SIZE_1_1.1_2
GEN_22_FIT_0.8956917197853842_0.8974598898461679_0.9133734203932224_SIZE_1_1.1_2
GEN_23_FIT_0.8956917197853842_0.8974598898461679_0.9133734203932224_SIZE_1_1.1_2
GEN_24_FIT_0.8956917197853842_0.8974598898461679_0.9133734203932224_SIZE_1_1.1_2
GEN_25_FIT_0.8956917197853842_0.8974598898461679_0.9133734203932224_SIZE_1_1.1_2
GEN_26_FIT_0.8956917197853842_0.8974598898461679_0.9133734203932224_SIZE_1_1.1_2
GEN_27_FIT_0.8956917197853842_0.8974598898461679_0.9133734203932224_SIZE_1_1.1_2
GEN_28_FIT_0.8956917197853842_0.8974598898461679_0.9133734203932224_SIZE_1_1.1_2
GEN_29_FIT_0.8956917197853842_0.8974598898461679_0.9133734203932224_SIZE_1_1.1_2
GEN_30_FIT_0.8956917197853842_0.8974598898461679_0.9133734203932224_SIZE_1_1.1_2
GEN_31_FIT_0.8956917197853842_0.8974598898461679_0.9133734203932224_SIZE_1_1.1_2
GEN_32_FIT_0.8956917197853842_0.8974598898461679_0.9133734203932224_SIZE_1_1.1_2
GEN_33_FIT_0.8956917197853842_0.8974598898461679_0.9133734203932224_SIZE_1_1.1_2
GEN_34_FIT_0.8956917197853842_0.9018456691301676_0.9133734203932224_SIZE_1_1.35_2
GEN_35_FIT_0.8956917197853842_0.9080545807495659_0.9133734203932224_SIZE_1_1.7_2
GEN_36_FIT_0.8957933018186588_0.9116154085357661_0.9133734203932224_SIZE_1_1.9_2
GEN_37_FIT_0.8957933018186588_0.9116154085357661_0.9133734203932224_SIZE_1_1.9_2
Evaluating in sample:
[GEN_37|make_tuple(0.506772259447896, 94, 6)|0.8958]
[GEN_37|make_tuple(0.6168609999283847, if_gt(94, 99, 0.03673044626903375, 0.6425021081967061), 5)|0.9134]
Evaluating out-of-sample:
[GEN_37|make_tuple(0.506772259447896, 94, 6)|0.9524]
[GEN_37|make_tuple(0.6168609999283847, if_gt(94, 99, 0.03673044626903375, 0.6425021081967061), 5)|0.9886]
Stopped early in iteration 37, no improvement in 20 gens.
START_TASK: 15
