Starting problem: mlr_glmnet
param:age_regularization:100000.0
param:algorithm:mupluslambda
param:constants_only:True
param:cxpb:0.25
param:early_stop_n:20
param:lambda_:100
param:max_number_operators:None
param:max_start_size:2
param:mu:20
param:ngen:300
param:optimize_constants:False
param:output_file:/home/gijsbers/symbolicdefaults/runs/mlr_glmnet_True_19.log
param:problem:mlr_glmnet
param:subset:1.0
param:task:None
param:warm_start:False
Benchmark problems: mlr_glmnet
Loading surrogates from file.
START_TASK: 3
GEN_0_FIT_0.780629110992282_0.8630896233189788_0.8948643266465994_SIZE_1_2.45_7
GEN_1_FIT_0.8370525589717778_0.8868821162464782_0.8963361940239585_SIZE_1_2.5_5
GEN_2_FIT_0.877379735704623_0.8939787092201232_0.8963361940239585_SIZE_1_2.75_5
GEN_3_FIT_0.8927647724068778_0.895677128287638_0.8964191619638741_SIZE_1_2.45_4
GEN_4_FIT_0.8951807930142112_0.8962295660184383_0.8965471615108647_SIZE_1_2.6_4
GEN_5_FIT_0.8953318482774172_0.8962589605434313_0.8965471615108647_SIZE_1_2.1_4
GEN_6_FIT_0.8953318482774172_0.8960838645514946_0.89662608269508_SIZE_1_1.85_4
GEN_7_FIT_0.8957247705288138_0.896295955182816_0.8966375466097682_SIZE_1_1.95_4
GEN_8_FIT_0.8962466291133335_0.8965553116772549_0.8966620166881026_SIZE_1_2.6_4
GEN_9_FIT_0.8962466291133335_0.8965558791376603_0.8966620166881026_SIZE_1_1.85_3
GEN_10_FIT_0.8963058725351233_0.8965541848273944_0.8966620166881026_SIZE_1_1.75_3
GEN_11_FIT_0.8963058725351233_0.8964316056984577_0.8966710487515903_SIZE_1_1.35_2
GEN_12_FIT_0.8963058725351233_0.8963978411494342_0.8966710487515903_SIZE_1_1.3_3
GEN_13_FIT_0.8963090280682092_0.8963452301365473_0.8966710487515903_SIZE_1_1.1_2
GEN_14_FIT_0.8963090280682092_0.8963452301365473_0.8966710487515903_SIZE_1_1.1_2
GEN_15_FIT_0.8963090280682092_0.8963452301365473_0.8966710487515903_SIZE_1_1.1_2
GEN_16_FIT_0.8963090280682092_0.8963643629629315_0.8966756974355166_SIZE_1_1.15_2
GEN_17_FIT_0.8963090280682092_0.8963498609223726_0.8966950671426626_SIZE_1_1.1_2
GEN_18_FIT_0.8963090280682092_0.8963830089969221_0.8966950671426626_SIZE_1_1.2_2
GEN_19_FIT_0.8963250152285853_0.8963620204199929_0.8966950671426626_SIZE_1_1.1_2
GEN_20_FIT_0.8963250152285853_0.8963620204199929_0.8966950671426626_SIZE_1_1.1_2
Evaluating in sample:
[GEN_20|make_tuple(0.45340372009954544, 0.0011090432093963092)|0.9043]
[GEN_20|make_tuple(0.3940199889578165, mul(0.0026265121335587714, 0.03309751250639174))|0.9047]
Evaluating out-of-sample:
[GEN_20|make_tuple(0.45340372009954544, 0.0011090432093963092)|0.9882]
[GEN_20|make_tuple(0.3940199889578165, mul(0.0026265121335587714, 0.03309751250639174))|0.9974]
GEN_21_FIT_0.8963250152285853_0.8963620204199929_0.8966950671426626_SIZE_1_1.1_2
GEN_22_FIT_0.8963250152285853_0.8963620204199929_0.8966950671426626_SIZE_1_1.1_2
GEN_23_FIT_0.8963250152285853_0.8963620204199929_0.8966950671426626_SIZE_1_1.1_2
GEN_24_FIT_0.8963250152285853_0.8963620204199929_0.8966950671426626_SIZE_1_1.1_2
GEN_25_FIT_0.8963250152285853_0.8964468187729683_0.8966950671426626_SIZE_1_1.4_2
GEN_26_FIT_0.8963250152285853_0.8965806835400152_0.8966950671426626_SIZE_1_1.75_3
GEN_27_FIT_0.8963363657262741_0.8966591970010237_0.8966950671426626_SIZE_1_1.9_2
GEN_28_FIT_0.8963363657262741_0.8966591970010237_0.8966950671426626_SIZE_1_1.9_2
GEN_29_FIT_0.8963363657262741_0.8966591970010237_0.8966950671426626_SIZE_1_1.9_2
GEN_30_FIT_0.8963363657262741_0.8966591970010237_0.8966950671426626_SIZE_1_1.9_2
GEN_31_FIT_0.8963363657262741_0.8966591970010237_0.8966950671426626_SIZE_1_1.9_2
GEN_32_FIT_0.8963363657262741_0.8966591970010237_0.8966950671426626_SIZE_1_1.9_2
GEN_33_FIT_0.8958013288353674_0.8966145575086554_0.8966960156025902_SIZE_1_1.85_2
GEN_34_FIT_0.8958013288353674_0.8966146523546481_0.8966960156025902_SIZE_1_1.85_2
GEN_35_FIT_0.8962528247322693_0.8966194817706592_0.8966960156025902_SIZE_1_1.8_2
GEN_36_FIT_0.8963363657262741_0.8966240856273269_0.8966960156025902_SIZE_1_1.8_2
GEN_37_FIT_0.8963363657262741_0.8965521556520637_0.8966960156025902_SIZE_1_1.6_2
GEN_38_FIT_0.8963363657262741_0.8964622431829847_0.8966960156025902_SIZE_1_1.35_2
GEN_39_FIT_0.8963363657262741_0.8963723307139058_0.8966960156025902_SIZE_1_1.1_2
GEN_40_FIT_0.8963363657262741_0.8963723307139058_0.8966960156025902_SIZE_1_1.1_2
Evaluating in sample:
[GEN_40|make_tuple(0.45340372009954544, 0.0011206848641430946)|0.9043]
[GEN_40|make_tuple(0.3932567792624201, mul(0.0026265121335587714, 0.03309751250639174))|0.9047]
Evaluating out-of-sample:
[GEN_40|make_tuple(0.45340372009954544, 0.0011206848641430946)|0.9882]
[GEN_40|make_tuple(0.3932567792624201, mul(0.0026265121335587714, 0.03309751250639174))|0.9974]
GEN_41_FIT_0.8963363657262741_0.8963723307139058_0.8966960156025902_SIZE_1_1.1_2
GEN_42_FIT_0.8963363657262741_0.8963723307139058_0.8966960156025902_SIZE_1_1.1_2
GEN_43_FIT_0.8963363657262741_0.8963723307139058_0.8966960156025902_SIZE_1_1.1_2
GEN_44_FIT_0.8963363657262741_0.8964036203207577_0.8966960156025902_SIZE_1_1.2_2
GEN_45_FIT_0.8963363657262741_0.8964349099276099_0.8966960156025902_SIZE_1_1.3_2
GEN_46_FIT_0.8963363657262741_0.8965494039009807_0.8966960156025902_SIZE_1_1.6_2
GEN_47_FIT_0.8963375103833272_0.8966601650806638_0.8966960156025902_SIZE_1_1.9_2
GEN_48_FIT_0.8963375103833272_0.8966601650806638_0.8966960156025902_SIZE_1_1.9_2
GEN_49_FIT_0.8963375103833272_0.8966601650806638_0.8966960156025902_SIZE_1_1.9_2
GEN_50_FIT_0.8963375103833272_0.8966601650806638_0.8966960156025902_SIZE_1_1.9_2
GEN_51_FIT_0.8963375103833272_0.8966601650806638_0.8966960156025902_SIZE_1_1.9_2
GEN_52_FIT_0.8963375103833272_0.8966601650806638_0.8966960156025902_SIZE_1_1.9_2
GEN_53_FIT_0.8963375103833272_0.8966601650806638_0.8966960156025902_SIZE_1_1.9_2
GEN_54_FIT_0.8963375103833272_0.8966601650806638_0.8966960156025902_SIZE_1_1.9_2
Evaluating in sample:
[GEN_54|make_tuple(0.45432733319753127, 0.0011206848641430946)|0.9043]
[GEN_54|make_tuple(0.3932567792624201, mul(0.0026265121335587714, 0.03309751250639174))|0.9047]
Evaluating out-of-sample:
[GEN_54|make_tuple(0.45432733319753127, 0.0011206848641430946)|0.9882]
[GEN_54|make_tuple(0.3932567792624201, mul(0.0026265121335587714, 0.03309751250639174))|0.9974]
Stopped early in iteration 54, no improvement in 20 gens.
START_TASK: 6
GEN_0_FIT_0.865685018930982_0.888218005895957_0.8955881048497251_SIZE_1_3.3_7
GEN_1_FIT_0.8689655937946508_0.8876723625224786_0.8955881048497251_SIZE_1_2.3_7
GEN_2_FIT_0.8880880081007063_0.8936647418321575_0.8961443378626338_SIZE_1_2.65_5
GEN_3_FIT_0.8899977026560786_0.8943696336856585_0.8961756330976038_SIZE_1_1.9_4
GEN_4_FIT_0.893495321969205_0.8939899237446267_0.896200632938227_SIZE_1_1.35_4
GEN_5_FIT_0.893495321969205_0.8955693770483146_0.896200632938227_SIZE_1_2.25_4
GEN_6_FIT_0.8947549962275528_0.8957597015118128_0.896200632938227_SIZE_1_2.3_4
GEN_7_FIT_0.8701144268320795_0.892802493869129_0.8962155844602797_SIZE_1_1.75_4
GEN_8_FIT_0.8947549962275528_0.8953372961207291_0.8962155844602797_SIZE_1_1.75_4
GEN_9_FIT_0.8947549962275528_0.8958351416405389_0.8966007202601718_SIZE_1_1.95_4
GEN_10_FIT_0.8954675349685834_0.8958695841176224_0.8966133673963418_SIZE_1_1.5_3
GEN_11_FIT_0.8954793975354459_0.8962327664886734_0.89663626991363_SIZE_1_1.7_3
GEN_12_FIT_0.8955577231823768_0.8960225304405721_0.8966484799394036_SIZE_1_1.4_2
GEN_13_FIT_0.8955868706573881_0.8961113739718878_0.8966611270755737_SIZE_1_1.4_2
GEN_14_FIT_0.8957906175650328_0.8958346731750535_0.8966717297654446_SIZE_1_1.05_2
GEN_15_FIT_0.8957906175650328_0.8958787287850741_0.8966717297654446_SIZE_1_1.1_2
GEN_16_FIT_0.8957906175650328_0.8958787287850741_0.8966717297654446_SIZE_1_1.1_2
GEN_17_FIT_0.8957906175650328_0.8959874177726054_0.8966717297654446_SIZE_1_1.25_2
GEN_18_FIT_0.8957906175650328_0.8961471839551823_0.8966717297654446_SIZE_1_1.4_2
GEN_19_FIT_0.8958058875615262_0.8962388086634853_0.8966717297654446_SIZE_1_1.5_2
GEN_20_FIT_0.8958058875615262_0.8965851455450526_0.8966717297654446_SIZE_1_1.9_2
Evaluating in sample:
[GEN_20|make_tuple(42, 0.0011089283450299498)|0.8958]
[GEN_20|make_tuple(pow(0.007934129303114693, 0.03109175307978455), 0.001211070117591195)|0.8967]
Evaluating out-of-sample:
[GEN_20|make_tuple(42, 0.0011089283450299498)|0.9823]
[GEN_20|make_tuple(pow(0.007934129303114693, 0.03109175307978455), 0.001211070117591195)|0.9807]
GEN_21_FIT_0.8958058875615262_0.8965851455450526_0.8966717297654446_SIZE_1_1.9_2
GEN_22_FIT_0.8958058875615262_0.8965851455450526_0.8966717297654446_SIZE_1_1.9_2
GEN_23_FIT_0.8958058875615262_0.8965851455450526_0.8966717297654446_SIZE_1_1.9_2
GEN_24_FIT_0.8958058875615262_0.8965851455450526_0.8966717297654446_SIZE_1_1.9_2
GEN_25_FIT_0.8958058875615262_0.8965851455450526_0.8966717297654446_SIZE_1_1.9_2
GEN_26_FIT_0.8958058875615262_0.8965851455450526_0.8966717297654446_SIZE_1_1.9_2
GEN_27_FIT_0.8958058875615262_0.8965851455450526_0.8966717297654446_SIZE_1_1.9_2
GEN_28_FIT_0.8946259171411594_0.896396334631676_0.8966730085300308_SIZE_1_1.75_2
GEN_29_FIT_0.8951293855588919_0.8959886508888326_0.8966730085300308_SIZE_1_1.25_2
GEN_30_FIT_0.8958058875615262_0.8958925996583765_0.8966730085300308_SIZE_1_1.1_2
GEN_31_FIT_0.8958058875615262_0.8958925996583765_0.8966730085300308_SIZE_1_1.1_2
GEN_32_FIT_0.8958058875615262_0.8958925996583765_0.8966730085300308_SIZE_1_1.1_2
GEN_33_FIT_0.8958058875615262_0.8958925996583765_0.8966730085300308_SIZE_1_1.1_2
GEN_34_FIT_0.8958058875615262_0.8958925996583765_0.8966730085300308_SIZE_1_1.1_2
GEN_35_FIT_0.8958058875615262_0.8958925996583765_0.8966730085300308_SIZE_1_1.1_2
GEN_36_FIT_0.8958058875615262_0.8958925996583765_0.8966730085300308_SIZE_1_1.1_2
GEN_37_FIT_0.8958058875615262_0.8958925996583765_0.8966730085300308_SIZE_1_1.1_2
GEN_38_FIT_0.8958058875615262_0.8958925996583765_0.8966730085300308_SIZE_1_1.1_2
GEN_39_FIT_0.8958058875615262_0.8958925996583765_0.8966730085300308_SIZE_1_1.1_2
GEN_40_FIT_0.8958058875615262_0.8958925996583765_0.8966730085300308_SIZE_1_1.1_2
Evaluating in sample:
[GEN_40|make_tuple(42, 0.0011089283450299498)|0.8958]
[GEN_40|make_tuple(pow(0.007934129303114693, 0.03117245342340624), 0.001211070117591195)|0.8967]
Evaluating out-of-sample:
[GEN_40|make_tuple(42, 0.0011089283450299498)|0.9823]
[GEN_40|make_tuple(pow(0.007934129303114693, 0.03117245342340624), 0.001211070117591195)|0.9807]
GEN_41_FIT_0.8958058875615262_0.8958925996583765_0.8966730085300308_SIZE_1_1.1_2
GEN_42_FIT_0.8958058875615262_0.8958925996583765_0.8966730085300308_SIZE_1_1.1_2
GEN_43_FIT_0.8958058875615262_0.8958925996583765_0.8966730085300308_SIZE_1_1.1_2
GEN_44_FIT_0.8958058875615262_0.8958925996583765_0.8966730085300308_SIZE_1_1.1_2
GEN_45_FIT_0.8958058875615262_0.8958925996583765_0.8966730085300308_SIZE_1_1.1_2
GEN_46_FIT_0.8958058875615262_0.8958925996583765_0.8966730085300308_SIZE_1_1.1_2
GEN_47_FIT_0.8958058875615262_0.8958925996583765_0.8966730085300308_SIZE_1_1.1_2
GEN_48_FIT_0.8958058875615262_0.8958925996583765_0.8966730085300308_SIZE_1_1.1_2
GEN_49_FIT_0.8958058875615262_0.8958925996583765_0.8966730085300308_SIZE_1_1.1_2
Evaluating in sample:
[GEN_49|make_tuple(42, 0.0011089283450299498)|0.8958]
[GEN_49|make_tuple(pow(0.007934129303114693, 0.03117245342340624), 0.001211070117591195)|0.8967]
Evaluating out-of-sample:
[GEN_49|make_tuple(42, 0.0011089283450299498)|0.9823]
[GEN_49|make_tuple(pow(0.007934129303114693, 0.03117245342340624), 0.001211070117591195)|0.9807]
Stopped early in iteration 49, no improvement in 20 gens.
START_TASK: 11
GEN_0_FIT_0.8542668374409348_0.8844017883812219_0.8947634415349189_SIZE_1_2.2_5
GEN_1_FIT_0.8814068040842369_0.8925483401380696_0.8947634415349189_SIZE_1_1.65_4
GEN_2_FIT_0.8947634415349189_0.8948251797639974_0.8956335233671959_SIZE_1_1.2_4
GEN_3_FIT_0.8947634415349189_0.8951778441403212_0.8961376234992666_SIZE_1_1.65_4
GEN_4_FIT_0.8954480923344341_0.8957271014016565_0.8963116435280354_SIZE_1_1.2_2
GEN_5_FIT_0.8956802219429244_0.8959429628701304_0.8963116435280354_SIZE_1_1.45_2
GEN_6_FIT_0.8959503650302768_0.8959925030957029_0.8963116435280354_SIZE_1_1.15_2
GEN_7_FIT_0.8959574960884624_0.8960028192256214_0.8963316098958768_SIZE_1_1.1_2
GEN_8_FIT_0.8959574960884624_0.896075946810406_0.8963316098958768_SIZE_1_1.25_2
GEN_9_FIT_0.8961165720764122_0.8962034210417574_0.8963338183676756_SIZE_1_1.35_2
GEN_10_FIT_0.8961356975846501_0.8961456036238014_0.8963338183676756_SIZE_1_1.05_2
GEN_11_FIT_0.8961356975846501_0.8961585554148955_0.8963338183676756_SIZE_1_1.1_2
GEN_12_FIT_0.8961356975846501_0.8961831601914556_0.8963338183676756_SIZE_1_1.1_2
GEN_13_FIT_0.8961925633783531_0.8962303537574743_0.896404591984469_SIZE_1_1.1_2
GEN_14_FIT_0.89627306817575_0.8962796443661858_0.896404591984469_SIZE_1_1.05_2
GEN_15_FIT_0.89627306817575_0.8962796443661858_0.896404591984469_SIZE_1_1.05_2
GEN_16_FIT_0.89627306817575_0.8962862205566218_0.896404591984469_SIZE_1_1.1_2
GEN_17_FIT_0.89627306817575_0.8963001239681914_0.896404591984469_SIZE_1_1.2_2
GEN_18_FIT_0.89627306817575_0.8963097042814182_0.896404591984469_SIZE_1_1.25_2
GEN_19_FIT_0.8962880887897046_0.8963346900676102_0.896404591984469_SIZE_1_1.4_2
GEN_20_FIT_0.8962880887897046_0.8963812913455159_0.896404591984469_SIZE_1_1.8_2
Evaluating in sample:
[GEN_20|make_tuple(10, 0.001109661982906449)|0.8963]
[GEN_20|make_tuple(expit(2), 0.0012542056682307283)|0.8964]
Evaluating out-of-sample:
[GEN_20|make_tuple(10, 0.001109661982906449)|0.9278]
[GEN_20|make_tuple(expit(2), 0.0012542056682307283)|0.9237]
GEN_21_FIT_0.8962309792854298_0.8963976519575858_0.8968275278619967_SIZE_1_1.7_3
GEN_22_FIT_0.8962880887897046_0.8963642039786084_0.8968275278619967_SIZE_1_1.25_3
GEN_23_FIT_0.8962880887897046_0.8963642039786084_0.8968275278619967_SIZE_1_1.25_3
GEN_24_FIT_0.8962880887897046_0.8963863752602833_0.8968275278619967_SIZE_1_1.3_3
GEN_25_FIT_0.8962880887897046_0.8963863752602833_0.8968275278619967_SIZE_1_1.3_3
GEN_26_FIT_0.8962880887897046_0.8963735841188949_0.8971111441065212_SIZE_1_1.2_3
GEN_27_FIT_0.8962880887897046_0.8964147368847358_0.8971111441065212_SIZE_1_1.3_3
GEN_28_FIT_0.8962880887897046_0.8964147368847358_0.8971111441065212_SIZE_1_1.3_3
GEN_29_FIT_0.8962880887897046_0.8963737300819519_0.8971140633676584_SIZE_1_1.2_3
GEN_30_FIT_0.8962880887897046_0.8963737300819519_0.8971140633676584_SIZE_1_1.2_3
GEN_31_FIT_0.8962880887897046_0.8963738146845559_0.8971157554197408_SIZE_1_1.2_3
GEN_32_FIT_0.8962880887897046_0.8963738146845559_0.8971157554197408_SIZE_1_1.2_3
GEN_33_FIT_0.8962880887897046_0.8963738146845559_0.8971157554197408_SIZE_1_1.2_3
GEN_34_FIT_0.8962880887897046_0.8964653410834631_0.8971157554197408_SIZE_1_1.45_3
GEN_35_FIT_0.8962880887897046_0.8967137243060179_0.8971157554197408_SIZE_1_2.1_4
GEN_36_FIT_0.8962883381722435_0.8968985293462024_0.8971157554197408_SIZE_1_2.45_3
GEN_37_FIT_0.8962883381722435_0.8965526414592002_0.897142641401793_SIZE_1_1.6_3
GEN_38_FIT_0.8962883381722435_0.8964180861202944_0.897142641401793_SIZE_1_1.3_3
GEN_39_FIT_0.8962883381722435_0.8964180861202944_0.897142641401793_SIZE_1_1.3_3
GEN_40_FIT_0.8962883381722435_0.8964180861202944_0.897142641401793_SIZE_1_1.3_3
Evaluating in sample:
[GEN_40|make_tuple(10, 0.001108769296257429)|0.8963]
[GEN_40|make_tuple(expit(2), 0.0012104356265460379)|0.8967]
[GEN_40|make_tuple(expit(sub(2, 0.17417448268093094)), 0.0012104356265460379)|0.8971]
Evaluating out-of-sample:
[GEN_40|make_tuple(10, 0.001108769296257429)|0.9278]
[GEN_40|make_tuple(expit(2), 0.0012104356265460379)|0.9240]
[GEN_40|make_tuple(expit(sub(2, 0.17417448268093094)), 0.0012104356265460379)|0.9232]
GEN_41_FIT_0.8962883381722435_0.8964180861202944_0.897142641401793_SIZE_1_1.3_3
GEN_42_FIT_0.8962883381722435_0.8964180861202944_0.897142641401793_SIZE_1_1.3_3
GEN_43_FIT_0.8962883381722435_0.8964180861202944_0.897142641401793_SIZE_1_1.3_3
GEN_44_FIT_0.8962883381722435_0.8964180861202944_0.897142641401793_SIZE_1_1.3_3
GEN_45_FIT_0.8962883381722435_0.8964180861202944_0.897142641401793_SIZE_1_1.3_3
GEN_46_FIT_0.8962883381722435_0.8964180861202944_0.897142641401793_SIZE_1_1.3_3
GEN_47_FIT_0.8962883381722435_0.8964180861202944_0.897142641401793_SIZE_1_1.3_3
GEN_48_FIT_0.8962883381722435_0.8964180861202944_0.897142641401793_SIZE_1_1.3_3
GEN_49_FIT_0.8962883381722435_0.8964180861202944_0.897142641401793_SIZE_1_1.3_3
GEN_50_FIT_0.8962883381722435_0.8964180861202944_0.897142641401793_SIZE_1_1.3_3
GEN_51_FIT_0.8962883381722435_0.8964180861202944_0.897142641401793_SIZE_1_1.3_3
GEN_52_FIT_0.8962883381722435_0.8964180861202944_0.897142641401793_SIZE_1_1.3_3
GEN_53_FIT_0.8962883381722435_0.8964180861202944_0.897142641401793_SIZE_1_1.3_3
GEN_54_FIT_0.8962883381722435_0.8963771113479776_0.8971774491850049_SIZE_1_1.2_3
GEN_55_FIT_0.8962883381722435_0.8963771113479776_0.8971774491850049_SIZE_1_1.2_3
GEN_56_FIT_0.8962883381722435_0.8963771113479776_0.8971774491850049_SIZE_1_1.2_3
GEN_57_FIT_0.8962883381722435_0.8963771113479776_0.8971774491850049_SIZE_1_1.2_3
GEN_58_FIT_0.8962883381722435_0.8963771113479776_0.8971774491850049_SIZE_1_1.2_3
GEN_59_FIT_0.8962883381722435_0.8964215668986156_0.8971774491850049_SIZE_1_1.3_3
GEN_60_FIT_0.8962883381722435_0.8964215668986156_0.8971774491850049_SIZE_1_1.3_3
Evaluating in sample:
[GEN_60|make_tuple(10, 0.001108769296257429)|0.8963]
[GEN_60|make_tuple(expit(2), 0.0012104356265460379)|0.8967]
[GEN_60|make_tuple(expit(sub(2, 0.16295531829298165)), 0.0012104356265460379)|0.8972]
Evaluating out-of-sample:
[GEN_60|make_tuple(10, 0.001108769296257429)|0.9278]
[GEN_60|make_tuple(expit(2), 0.0012104356265460379)|0.9240]
[GEN_60|make_tuple(expit(sub(2, 0.16295531829298165)), 0.0012104356265460379)|0.9234]
GEN_61_FIT_0.8962883381722435_0.8964215668986156_0.8971774491850049_SIZE_1_1.3_3
GEN_62_FIT_0.8962883381722435_0.8964215668986156_0.8971774491850049_SIZE_1_1.3_3
GEN_63_FIT_0.8962883381722435_0.8964215668986156_0.8971774491850049_SIZE_1_1.3_3
GEN_64_FIT_0.8962883381722435_0.8964215668986156_0.8971774491850049_SIZE_1_1.3_3
GEN_65_FIT_0.8962883381722435_0.8964215668986156_0.8971774491850049_SIZE_1_1.3_3
GEN_66_FIT_0.8962883381722435_0.8964215668986156_0.8971774491850049_SIZE_1_1.3_3
GEN_67_FIT_0.8962883381722435_0.8964215668986156_0.8971774491850049_SIZE_1_1.3_3
GEN_68_FIT_0.8962883381722435_0.8964215668986156_0.8971774491850049_SIZE_1_1.3_3
GEN_69_FIT_0.8962883381722435_0.8964215668986156_0.8971774491850049_SIZE_1_1.3_3
GEN_70_FIT_0.8962883381722435_0.8964215668986156_0.8971774491850049_SIZE_1_1.3_3
GEN_71_FIT_0.8962883381722435_0.8964215668986156_0.8971774491850049_SIZE_1_1.3_3
GEN_72_FIT_0.8962883381722435_0.8964215668986156_0.8971774491850049_SIZE_1_1.3_3
GEN_73_FIT_0.8962883381722435_0.8964215668986156_0.8971774491850049_SIZE_1_1.3_3
GEN_74_FIT_0.8962883381722435_0.8964215668986156_0.8971774491850049_SIZE_1_1.3_3
GEN_75_FIT_0.8962883381722435_0.8964215668986156_0.8971774491850049_SIZE_1_1.3_3
Evaluating in sample:
[GEN_75|make_tuple(10, 0.001108769296257429)|0.8963]
[GEN_75|make_tuple(expit(2), 0.0012104356265460379)|0.8967]
[GEN_75|make_tuple(expit(sub(2, 0.16295531829298165)), 0.0012104356265460379)|0.8972]
Evaluating out-of-sample:
[GEN_75|make_tuple(10, 0.001108769296257429)|0.9278]
[GEN_75|make_tuple(expit(2), 0.0012104356265460379)|0.9240]
[GEN_75|make_tuple(expit(sub(2, 0.16295531829298165)), 0.0012104356265460379)|0.9234]
Stopped early in iteration 75, no improvement in 20 gens.
START_TASK: 12
GEN_0_FIT_0.8659116512630577_0.8819969994288288_0.8942255960636645_SIZE_1_2.3_6
GEN_1_FIT_0.870641719293774_0.8868754771736317_0.8954562578391534_SIZE_1_1.85_3
GEN_2_FIT_0.891600167715854_0.8940407847734864_0.8958765866212746_SIZE_1_2.2_3
GEN_3_FIT_0.8924071876070739_0.8949018049756077_0.896238878862262_SIZE_1_1.7_3
GEN_4_FIT_0.8934648037256803_0.8948245633866787_0.8963760781610851_SIZE_1_1.45_3
GEN_5_FIT_0.8943224296241502_0.894425112050997_0.8963760781610851_SIZE_1_1.05_2
GEN_6_FIT_0.8943224296241502_0.8945277944778438_0.8963760781610851_SIZE_1_1.1_2
GEN_7_FIT_0.8943224296241502_0.8948137258210032_0.8966523492171996_SIZE_1_1.2_2
GEN_8_FIT_0.8943224296241502_0.8950639056904507_0.8966523492171996_SIZE_1_1.4_3
GEN_9_FIT_0.8947418239189026_0.8959036546928599_0.8966523492171996_SIZE_1_1.65_3
GEN_10_FIT_0.8955068618731563_0.8959500978379247_0.8966523492171996_SIZE_1_1.35_2
GEN_11_FIT_0.8956208212399326_0.896313835572677_0.8966523492171996_SIZE_1_1.65_3
GEN_12_FIT_0.8959302861284111_0.8965475913444838_0.8966523492171996_SIZE_1_1.85_2
GEN_13_FIT_0.8959736120546189_0.896559752299674_0.8966605896756327_SIZE_1_1.85_2
GEN_14_FIT_0.8959736120546189_0.8964473970896265_0.8966695910803124_SIZE_1_1.65_2
GEN_15_FIT_0.8959764217851806_0.8964263968939121_0.8966695910803124_SIZE_1_1.65_3
GEN_16_FIT_0.8961154381592576_0.8965612509550466_0.8966695910803124_SIZE_1_1.95_3
GEN_17_FIT_0.8961572891264726_0.8965993925214473_0.8966695910803124_SIZE_1_1.95_3
GEN_18_FIT_0.8962282571709203_0.8966254576893731_0.8966695910803124_SIZE_1_1.9_2
GEN_19_FIT_0.8962595794675338_0.8966490904996733_0.8966695910803124_SIZE_1_1.95_2
GEN_20_FIT_0.8962595794675338_0.8966490904996733_0.8966695910803124_SIZE_1_1.95_2
Evaluating in sample:
[GEN_20|make_tuple(0.45735636451535755, 0.0011200428683154353)|0.9043]
[GEN_20|make_tuple(0.39008651595907473, mul(0.018591415139629797, 0.004644274703025073))|0.9047]
Evaluating out-of-sample:
[GEN_20|make_tuple(0.45735636451535755, 0.0011200428683154353)|0.9956]
[GEN_20|make_tuple(0.39008651595907473, mul(0.018591415139629797, 0.004644274703025073))|0.9983]
GEN_21_FIT_0.8962595794675338_0.8966285899190345_0.8966695910803124_SIZE_1_1.9_2
GEN_22_FIT_0.8962595794675338_0.8966285899190345_0.8966695910803124_SIZE_1_1.9_2
GEN_23_FIT_0.8962595794675338_0.8966285899190345_0.8966695910803124_SIZE_1_1.9_2
GEN_24_FIT_0.8962595794675338_0.8966285899190345_0.8966695910803124_SIZE_1_1.9_2
GEN_25_FIT_0.8957021447221384_0.896492295206429_0.896684101925211_SIZE_1_1.75_3
GEN_26_FIT_0.8957120529216296_0.8964811122768854_0.896684101925211_SIZE_1_1.7_3
GEN_27_FIT_0.8957120529216296_0.8963595598775417_0.896684101925211_SIZE_1_1.3_2
GEN_28_FIT_0.8962595794675338_0.8963020317133014_0.896684101925211_SIZE_1_1.1_2
GEN_29_FIT_0.8962595794675338_0.8963020317133014_0.896684101925211_SIZE_1_1.1_2
GEN_30_FIT_0.8962595794675338_0.8963293914151208_0.896684101925211_SIZE_1_1.2_2
GEN_31_FIT_0.8962595794675338_0.8964130549748892_0.896684101925211_SIZE_1_1.55_3
GEN_32_FIT_0.8962595794675338_0.896481778359127_0.896684101925211_SIZE_1_1.65_3
GEN_33_FIT_0.8962711439993097_0.8966423468351972_0.896684101925211_SIZE_1_1.95_3
GEN_34_FIT_0.8962855533778918_0.8966641744978447_0.896684101925211_SIZE_1_1.95_2
GEN_35_FIT_0.8962855533778918_0.8966641744978447_0.896684101925211_SIZE_1_1.95_2
GEN_36_FIT_0.8962855533778918_0.8966641744978447_0.896684101925211_SIZE_1_1.95_2
GEN_37_FIT_0.8962855533778918_0.8966641744978447_0.896684101925211_SIZE_1_1.95_2
GEN_38_FIT_0.8962855533778918_0.8966641744978447_0.896684101925211_SIZE_1_1.95_2
GEN_39_FIT_0.8962855533778918_0.896644247070479_0.896684101925211_SIZE_1_1.9_2
GEN_40_FIT_0.8962855533778918_0.896644247070479_0.896684101925211_SIZE_1_1.9_2
Evaluating in sample:
[GEN_40|make_tuple(0.4604946803579161, 0.0011200428683154353)|0.9043]
[GEN_40|make_tuple(0.3912400799477186, mul(0.018591415139629797, 0.004644274703025073))|0.9047]
Evaluating out-of-sample:
[GEN_40|make_tuple(0.4604946803579161, 0.0011200428683154353)|0.9956]
[GEN_40|make_tuple(0.3912400799477186, mul(0.018591415139629797, 0.004644274703025073))|0.9983]
GEN_41_FIT_0.8962855533778918_0.896644247070479_0.896684101925211_SIZE_1_1.9_2
GEN_42_FIT_0.8962855533778918_0.896644247070479_0.896684101925211_SIZE_1_1.9_2
GEN_43_FIT_0.8962855533778918_0.896644247070479_0.896684101925211_SIZE_1_1.9_2
GEN_44_FIT_0.8962855533778918_0.896644247070479_0.896684101925211_SIZE_1_1.9_2
GEN_45_FIT_0.8962855533778918_0.896644247070479_0.896684101925211_SIZE_1_1.9_2
GEN_46_FIT_0.8962855533778918_0.896644247070479_0.896684101925211_SIZE_1_1.9_2
Evaluating in sample:
[GEN_46|make_tuple(0.4604946803579161, 0.0011200428683154353)|0.9043]
[GEN_46|make_tuple(0.3912400799477186, mul(0.018591415139629797, 0.004644274703025073))|0.9047]
Evaluating out-of-sample:
[GEN_46|make_tuple(0.4604946803579161, 0.0011200428683154353)|0.9956]
[GEN_46|make_tuple(0.3912400799477186, mul(0.018591415139629797, 0.004644274703025073))|0.9983]
Stopped early in iteration 46, no improvement in 20 gens.
START_TASK: 14
GEN_0_FIT_0.8134026035955488_0.8837480011347415_0.8946342614043951_SIZE_1_3.0_7
GEN_1_FIT_0.8916667335879161_0.8942938853333446_0.8964750043988972_SIZE_1_1.55_4
GEN_2_FIT_0.8946342614043951_0.8949988730436059_0.8964750043988972_SIZE_1_1.4_3
GEN_3_FIT_0.8950873253540853_0.8957684746169781_0.8964750043988972_SIZE_1_1.3_2
GEN_4_FIT_0.8964750043988972_0.8964750043988973_0.8964750043988972_SIZE_1_1.0_1
GEN_5_FIT_0.8964750043988972_0.8964767946826864_0.8965108100746819_SIZE_1_1.0_1
GEN_6_FIT_0.8964750043988972_0.8964770394985819_0.8965108100746819_SIZE_1_1.05_2
GEN_7_FIT_0.8964750043988972_0.8964780856637924_0.8965108100746819_SIZE_1_1.1_2
GEN_8_FIT_0.8964750043988972_0.896487463261735_0.8965108100746819_SIZE_1_1.1_2
GEN_9_FIT_0.8964910313851967_0.8965070929306218_0.8965268370609816_SIZE_1_1.0_1
GEN_10_FIT_0.8965108100746819_0.8965231362955098_0.8965329566830472_SIZE_1_1.0_1
GEN_11_FIT_0.8965268370609816_0.8965277550042915_0.8965329566830472_SIZE_1_1.0_1
GEN_12_FIT_0.8965268370609816_0.8965315134790195_0.8965469299569536_SIZE_1_1.05_2
GEN_13_FIT_0.8965329566830472_0.8965378473289144_0.8965469299569536_SIZE_1_1.1_2
GEN_14_FIT_0.8965329566830472_0.8965427379747817_0.8965469299569536_SIZE_1_1.1_2
GEN_15_FIT_0.8965469299569536_0.8965469299569537_0.8965469299569536_SIZE_1_1.0_1
GEN_16_FIT_0.8965469299569536_0.8965469299569537_0.8965469299569536_SIZE_1_1.0_1
GEN_17_FIT_0.8965469299569536_0.8965469299569537_0.8965469299569536_SIZE_1_1.0_1
GEN_18_FIT_0.8965469299569536_0.8965469299569537_0.8965469299569536_SIZE_1_1.0_1
GEN_19_FIT_0.8965469299569536_0.8965469299569537_0.8965469299569536_SIZE_1_1.0_1
GEN_20_FIT_0.8965469299569536_0.8965469299569537_0.8965469299569536_SIZE_1_1.0_1
Evaluating in sample:
[GEN_20|make_tuple(0.8626778500430418, 0.0012093715991894456)|0.8965]
Evaluating out-of-sample:
[GEN_20|make_tuple(0.8626778500430418, 0.0012093715991894456)|0.9947]
GEN_21_FIT_0.8965469299569536_0.8965469299569537_0.8965469299569536_SIZE_1_1.0_1
GEN_22_FIT_0.8965469299569536_0.8965469299569537_0.8965469299569536_SIZE_1_1.0_1
GEN_23_FIT_0.8965469299569536_0.8965469299569537_0.8965469299569536_SIZE_1_1.0_1
GEN_24_FIT_0.8965469299569536_0.8965469299569537_0.8965469299569536_SIZE_1_1.0_1
GEN_25_FIT_0.8965469299569536_0.8965469299569537_0.8965469299569536_SIZE_1_1.0_1
GEN_26_FIT_0.8965469299569536_0.8965469299569537_0.8965469299569536_SIZE_1_1.0_1
GEN_27_FIT_0.8965469299569536_0.8965469875096762_0.8965480810114028_SIZE_1_1.0_1
GEN_28_FIT_0.8965469299569536_0.8965471601678436_0.8965480810114028_SIZE_1_1.05_2
GEN_29_FIT_0.8965469299569536_0.8965472752732886_0.8965480810114028_SIZE_1_1.1_2
GEN_30_FIT_0.8965469299569536_0.896547850800513_0.8965480810114028_SIZE_1_1.1_2
GEN_31_FIT_0.8965480810114028_0.8965480810114028_0.8965480810114028_SIZE_1_1.0_1
GEN_32_FIT_0.8965480810114028_0.8965480810114028_0.8965480810114028_SIZE_1_1.0_1
GEN_33_FIT_0.8965480810114028_0.8965487133682114_0.8965607281475728_SIZE_1_1.0_1
GEN_34_FIT_0.8965480810114028_0.8965506104386367_0.8965607281475728_SIZE_1_1.0_1
GEN_35_FIT_0.8965480810114028_0.8965556692931049_0.8965607281475728_SIZE_1_1.05_2
GEN_36_FIT_0.8965607281475728_0.8965607281475728_0.8965607281475728_SIZE_1_1.0_1
GEN_37_FIT_0.8965607281475728_0.8965607281475728_0.8965607281475728_SIZE_1_1.0_1
GEN_38_FIT_0.8965607281475728_0.8965607281475728_0.8965607281475728_SIZE_1_1.0_1
GEN_39_FIT_0.8965607281475728_0.8965607281475728_0.8965607281475728_SIZE_1_1.0_1
GEN_40_FIT_0.8965607281475728_0.8965607281475728_0.8965607281475728_SIZE_1_1.0_1
Evaluating in sample:
[GEN_40|make_tuple(0.8605506632946006, 0.00120749081552847)|0.8966]
Evaluating out-of-sample:
[GEN_40|make_tuple(0.8605506632946006, 0.00120749081552847)|0.9947]
GEN_41_FIT_0.8965607281475728_0.8965607281475728_0.8965607281475728_SIZE_1_1.0_1
GEN_42_FIT_0.8965607281475728_0.8965607281475728_0.8965607281475728_SIZE_1_1.0_1
GEN_43_FIT_0.8965607281475728_0.8965607281475728_0.8965607281475728_SIZE_1_1.0_1
GEN_44_FIT_0.8965607281475728_0.8965607281475728_0.8965607281475728_SIZE_1_1.0_1
GEN_45_FIT_0.8965607281475728_0.8965607281475728_0.8965607281475728_SIZE_1_1.0_1
GEN_46_FIT_0.8965607281475728_0.8965607840941114_0.8965618470783447_SIZE_1_1.05_2
GEN_47_FIT_0.8965607281475728_0.8965607840941114_0.8965618470783447_SIZE_1_1.05_2
GEN_48_FIT_0.8965607281475728_0.8965608400406501_0.8965618470783447_SIZE_1_1.1_2
GEN_49_FIT_0.8965607281475728_0.8965608400406501_0.8965618470783447_SIZE_1_1.1_2
GEN_50_FIT_0.8965607281475728_0.8965608400406501_0.8965618470783447_SIZE_1_1.1_2
GEN_51_FIT_0.8965607281475728_0.8965608400406501_0.8965618470783447_SIZE_1_1.1_2
GEN_52_FIT_0.8965607281475728_0.8965608400406501_0.8965618470783447_SIZE_1_1.1_2
GEN_53_FIT_0.8965607281475728_0.8965608400406501_0.8965618470783447_SIZE_1_1.1_2
GEN_54_FIT_0.8965607281475728_0.8965608400406501_0.8965618470783447_SIZE_1_1.1_2
GEN_55_FIT_0.8965607281475728_0.8965608400406501_0.8965618470783447_SIZE_1_1.1_2
GEN_56_FIT_0.8965607281475728_0.8965608400406501_0.8965618470783447_SIZE_1_1.1_2
GEN_57_FIT_0.8965607281475728_0.8965608400406501_0.8965618470783447_SIZE_1_1.1_2
GEN_58_FIT_0.8965607281475728_0.8965608400406501_0.8965618470783447_SIZE_1_1.1_2
GEN_59_FIT_0.8965607281475728_0.8965608400406501_0.8965618470783447_SIZE_1_1.1_2
GEN_60_FIT_0.8965607281475728_0.8965608400406501_0.8965618470783447_SIZE_1_1.1_2
Evaluating in sample:
[GEN_60|make_tuple(0.8605506632946006, 0.00120749081552847)|0.8966]
[GEN_60|make_tuple(add(0.8605506632946006, 0.0013010301686136269), 0.00120749081552847)|0.8966]
Evaluating out-of-sample:
[GEN_60|make_tuple(0.8605506632946006, 0.00120749081552847)|0.9947]
[GEN_60|make_tuple(add(0.8605506632946006, 0.0013010301686136269), 0.00120749081552847)|0.9947]
GEN_61_FIT_0.8965607281475728_0.8965608400406501_0.8965618470783447_SIZE_1_1.1_2
GEN_62_FIT_0.8965607281475728_0.8965608400406501_0.8965618470783447_SIZE_1_1.1_2
GEN_63_FIT_0.8965607281475728_0.8965608400406501_0.8965618470783447_SIZE_1_1.1_2
GEN_64_FIT_0.8965607281475728_0.8965608400406501_0.8965618470783447_SIZE_1_1.1_2
GEN_65_FIT_0.8965607281475728_0.8965608400406501_0.8965618470783447_SIZE_1_1.1_2
GEN_66_FIT_0.8965607281475728_0.8965608400406501_0.8965618470783447_SIZE_1_1.1_2
GEN_67_FIT_0.8965607281475728_0.8965608400406501_0.8965618470783447_SIZE_1_1.1_2
Evaluating in sample:
[GEN_67|make_tuple(0.8605506632946006, 0.00120749081552847)|0.8966]
[GEN_67|make_tuple(add(0.8605506632946006, 0.0013010301686136269), 0.00120749081552847)|0.8966]
Evaluating out-of-sample:
[GEN_67|make_tuple(0.8605506632946006, 0.00120749081552847)|0.9947]
[GEN_67|make_tuple(add(0.8605506632946006, 0.0013010301686136269), 0.00120749081552847)|0.9947]
Stopped early in iteration 67, no improvement in 20 gens.
START_TASK: 15
GEN_0_FIT_0.8602132304158324_0.8816360098830203_0.8930298083151117_SIZE_1_2.9_9
GEN_1_FIT_0.8693801034464658_0.8889172866237793_0.8944594850883452_SIZE_1_3.3_9
GEN_2_FIT_0.8618906069476879_0.8853884672881882_0.8944716988982259_SIZE_1_2.3_8
GEN_3_FIT_0.8761657036926046_0.8936017814301535_0.8953958230065522_SIZE_1_2.3_5
GEN_4_FIT_0.8923554377039553_0.8946219648618025_0.8961232968391313_SIZE_1_2.55_5
GEN_5_FIT_0.8936984264390845_0.8952165665612475_0.8967147476393799_SIZE_1_2.75_5
GEN_6_FIT_0.8945093269364575_0.895338310272594_0.8967147476393799_SIZE_1_2.2_4
GEN_7_FIT_0.8950779718958028_0.8955900153640564_0.8967147476393799_SIZE_1_1.65_3
GEN_8_FIT_0.8950779718958028_0.8961448559439971_0.8967147476393799_SIZE_1_2.35_3
GEN_9_FIT_0.8954787217278629_0.8964701642805268_0.8967147476393799_SIZE_1_2.7_3
GEN_10_FIT_0.895686659258085_0.8966633432203149_0.8967147476393799_SIZE_1_2.9_3
GEN_11_FIT_0.8956986843510689_0.8966131413105487_0.8967147476393799_SIZE_1_2.8_3
GEN_12_FIT_0.8956986843510689_0.8964801526240066_0.8967176915982369_SIZE_1_2.5_3
GEN_13_FIT_0.8956986843510689_0.8959213178154357_0.8967176915982369_SIZE_1_1.4_3
GEN_14_FIT_0.8956986843510689_0.8962362172280324_0.8967176915982369_SIZE_1_2.15_4
GEN_15_FIT_0.8960841565263059_0.8965958715438269_0.8967176915982369_SIZE_1_2.65_3
GEN_16_FIT_0.8960841565263059_0.8965400545595816_0.8967176915982369_SIZE_1_2.5_3
GEN_17_FIT_0.8960841565263059_0.896513029255116_0.8967176915982369_SIZE_1_2.4_3
GEN_18_FIT_0.896259216403123_0.8966947678384812_0.8967176915982369_SIZE_1_2.9_3
GEN_19_FIT_0.896259216403123_0.8966719624686806_0.8967200593973419_SIZE_1_2.85_4
GEN_20_FIT_0.896259216403123_0.8966497551778124_0.8967200593973419_SIZE_1_2.95_5
Evaluating in sample:
[GEN_20|make_tuple(0.45274990233006174, 0.0011084971476658999)|0.9043]
[GEN_20|make_tuple(0.39399819971831607, pow(107, neg(2)))|0.9047]
[GEN_20|make_tuple(0.39475938360005897, pow(add(107, 0.16473633572900542), neg(2)))|0.9047]
Evaluating out-of-sample:
[GEN_20|make_tuple(0.45274990233006174, 0.0011084971476658999)|0.9948]
[GEN_20|make_tuple(0.39399819971831607, pow(107, neg(2)))|0.9945]
[GEN_20|make_tuple(0.39475938360005897, pow(add(107, 0.16473633572900542), neg(2)))|0.9945]
GEN_21_FIT_0.89626546959824_0.8966514909799477_0.8967210321826574_SIZE_1_3.4_5
GEN_22_FIT_0.89626546959824_0.896651497396366_0.8967210321826574_SIZE_1_3.15_5
GEN_23_FIT_0.8962705541001346_0.8966749188648079_0.8967210321826574_SIZE_1_3.25_4
GEN_24_FIT_0.8962705541001346_0.8966757475944946_0.8967210321826574_SIZE_1_3.6_4
GEN_25_FIT_0.8962705541001346_0.8966757475944946_0.8967210321826574_SIZE_1_3.6_4
GEN_26_FIT_0.8962705541001346_0.8966757475944946_0.8967210321826574_SIZE_1_3.6_4
GEN_27_FIT_0.8962705541001346_0.8966306997862423_0.8967210321826574_SIZE_1_3.3_4
GEN_28_FIT_0.8962705541001346_0.8965856519779901_0.8967210321826574_SIZE_1_3.0_4
GEN_29_FIT_0.8962705541001346_0.8964512661357903_0.8967210321826574_SIZE_1_2.15_4
GEN_30_FIT_0.8962705541001346_0.8963611705192855_0.8967210321826574_SIZE_1_1.55_4
GEN_31_FIT_0.8962705541001346_0.8963619281018426_0.8967210321826574_SIZE_1_1.6_4
GEN_32_FIT_0.8962705541001346_0.8963619281018426_0.8967210321826574_SIZE_1_1.6_4
GEN_33_FIT_0.8962705541001346_0.896489211727385_0.8967210321826574_SIZE_1_2.75_4
GEN_34_FIT_0.8962731462672608_0.8965452904918372_0.8967210321826574_SIZE_1_2.95_4
GEN_35_FIT_0.8962731462672608_0.896632474168069_0.8967210321826574_SIZE_1_3.4_4
GEN_36_FIT_0.8962731462672608_0.896632474168069_0.8967210321826574_SIZE_1_3.4_4
GEN_37_FIT_0.8962731462672608_0.896632474168069_0.8967210321826574_SIZE_1_3.4_4
GEN_38_FIT_0.8962731462672608_0.896632474168069_0.8967210321826574_SIZE_1_3.4_4
GEN_39_FIT_0.8962731462672608_0.896632474168069_0.8967210321826574_SIZE_1_3.4_4
GEN_40_FIT_0.8962731462672608_0.896632474168069_0.8967210321826574_SIZE_1_3.4_4
Evaluating in sample:
[GEN_40|make_tuple(0.4557069338153052, 0.0011183586723302863)|0.9043]
[GEN_40|make_tuple(add(0.001059353445252297, 0.45290009989227414), 0.0011183586723302863)|0.9043]
[GEN_40|make_tuple(0.39399819971831607, pow(107, neg(2)))|0.9047]
[GEN_40|make_tuple(0.39399819971831607, pow(add(107, 0.16473633572900542), neg(2)))|0.9047]
Evaluating out-of-sample:
[GEN_40|make_tuple(0.4557069338153052, 0.0011183586723302863)|0.9951]
[GEN_40|make_tuple(add(0.001059353445252297, 0.45290009989227414), 0.0011183586723302863)|0.9951]
[GEN_40|make_tuple(0.39399819971831607, pow(107, neg(2)))|0.9945]
[GEN_40|make_tuple(0.39399819971831607, pow(add(107, 0.16473633572900542), neg(2)))|0.9945]
GEN_41_FIT_0.8962731462672608_0.896632474168069_0.8967210321826574_SIZE_1_3.4_4
GEN_42_FIT_0.8962731462672608_0.896632474168069_0.8967210321826574_SIZE_1_3.4_4
GEN_43_FIT_0.8962731462672608_0.896632474168069_0.8967210321826574_SIZE_1_3.4_4
Evaluating in sample:
[GEN_43|make_tuple(0.4557069338153052, 0.0011183586723302863)|0.9043]
[GEN_43|make_tuple(add(0.001059353445252297, 0.45290009989227414), 0.0011183586723302863)|0.9043]
[GEN_43|make_tuple(0.39399819971831607, pow(107, neg(2)))|0.9047]
[GEN_43|make_tuple(0.39399819971831607, pow(add(107, 0.16473633572900542), neg(2)))|0.9047]
Evaluating out-of-sample:
[GEN_43|make_tuple(0.4557069338153052, 0.0011183586723302863)|0.9951]
[GEN_43|make_tuple(add(0.001059353445252297, 0.45290009989227414), 0.0011183586723302863)|0.9951]
[GEN_43|make_tuple(0.39399819971831607, pow(107, neg(2)))|0.9945]
[GEN_43|make_tuple(0.39399819971831607, pow(add(107, 0.16473633572900542), neg(2)))|0.9945]
Stopped early in iteration 43, no improvement in 20 gens.
START_TASK: 16
GEN_0_FIT_0.8701969512614507_0.8877884035854107_0.895618288739949_SIZE_1_3.2_9
GEN_1_FIT_0.8877370459776389_0.8925829284004736_0.895618288739949_SIZE_1_2.6_8
GEN_2_FIT_0.8925202271916772_0.8946023450422059_0.895618288739949_SIZE_1_2.6_5
GEN_3_FIT_0.894316983324475_0.8954158209122802_0.895618288739949_SIZE_1_1.95_5
GEN_4_FIT_0.8955032687908373_0.8956125377424934_0.895618288739949_SIZE_1_1.0_1
GEN_5_FIT_0.895618288739949_0.8956182887399491_0.895618288739949_SIZE_1_1.0_1
GEN_6_FIT_0.895618288739949_0.8956220947036175_0.8956944080133202_SIZE_1_1.0_1
GEN_7_FIT_0.895618288739949_0.8956297066309548_0.8956944080133202_SIZE_1_1.0_1
GEN_8_FIT_0.895618288739949_0.8956799351893437_0.8957094286272747_SIZE_1_1.1_2
GEN_9_FIT_0.8956944080133202_0.895697412136111_0.8957094286272747_SIZE_1_1.0_1
GEN_10_FIT_0.8956944080133202_0.8957049224430882_0.8957094286272747_SIZE_1_1.05_2
GEN_11_FIT_0.8957094286272747_0.8957094286272745_0.8957094286272747_SIZE_1_1.0_1
GEN_12_FIT_0.8957094286272747_0.8957094286272745_0.8957094286272747_SIZE_1_1.0_1
GEN_13_FIT_0.8957094286272747_0.8957094286272745_0.8957094286272747_SIZE_1_1.0_1
GEN_14_FIT_0.8957094286272747_0.8957094286272745_0.8957094286272747_SIZE_1_1.0_1
GEN_15_FIT_0.8957094286272747_0.8957094286272745_0.8957094286272747_SIZE_1_1.0_1
GEN_16_FIT_0.8957094286272747_0.8957094286272745_0.8957094286272747_SIZE_1_1.0_1
GEN_17_FIT_0.8957094286272747_0.8957094286272745_0.8957094286272747_SIZE_1_1.0_1
GEN_18_FIT_0.8957094286272747_0.8957094286272745_0.8957094286272747_SIZE_1_1.0_1
GEN_19_FIT_0.8957094286272747_0.8957094286272745_0.8957094286272747_SIZE_1_1.0_1
GEN_20_FIT_0.8957094286272747_0.8957094286272745_0.8957094286272747_SIZE_1_1.0_1
Evaluating in sample:
[GEN_20|make_tuple(3, 0.0011096882422326002)|0.8957]
Evaluating out-of-sample:
[GEN_20|make_tuple(3, 0.0011096882422326002)|0.9931]
GEN_21_FIT_0.8957094286272747_0.8957226687016497_0.8959742301147777_SIZE_1_1.05_2
GEN_22_FIT_0.8957094286272747_0.8957359087760249_0.8959742301147777_SIZE_1_1.1_2
GEN_23_FIT_0.8957094286272747_0.8957623889247752_0.8959742301147777_SIZE_1_1.1_2
GEN_24_FIT_0.8957094286272747_0.8958685585026458_0.8961349345758284_SIZE_1_1.15_2
GEN_25_FIT_0.8959742301147777_0.8960524333611861_0.8962780106004005_SIZE_1_1.15_2
GEN_26_FIT_0.8961259125983023_0.8961784950531125_0.896289905809918_SIZE_1_1.45_3
GEN_27_FIT_0.8961948447310603_0.8962602897360756_0.896289905809918_SIZE_1_1.15_3
GEN_28_FIT_0.8962758751160669_0.8962823773039229_0.8962998042102021_SIZE_1_1.15_2
GEN_29_FIT_0.8962862104977921_0.8962902159643258_0.8962998042102021_SIZE_1_1.1_2
GEN_30_FIT_0.896289905809918_0.896292380409989_0.8962998042102021_SIZE_1_1.1_2
GEN_31_FIT_0.896289905809918_0.89629485501006_0.8962998042102021_SIZE_1_1.1_2
GEN_32_FIT_0.8962998042102021_0.8962998042102021_0.8962998042102021_SIZE_1_1.0_1
GEN_33_FIT_0.8962998042102021_0.8962998042102021_0.8962998042102021_SIZE_1_1.0_1
GEN_34_FIT_0.8962998042102021_0.8962998042102021_0.8962998042102021_SIZE_1_1.0_1
GEN_35_FIT_0.8962998042102021_0.8962998042102021_0.8962998042102021_SIZE_1_1.0_1
GEN_36_FIT_0.8962998042102021_0.8962998042102021_0.8962998042102021_SIZE_1_1.0_1
GEN_37_FIT_0.8962998042102021_0.8962998042102021_0.8962998042102021_SIZE_1_1.0_1
GEN_38_FIT_0.8962998042102021_0.8962998042102021_0.8962998042102021_SIZE_1_1.0_1
GEN_39_FIT_0.8962998042102021_0.8962998042102021_0.8962998042102021_SIZE_1_1.0_1
GEN_40_FIT_0.8962998042102021_0.8962998042102021_0.8962998042102021_SIZE_1_1.0_1
Evaluating in sample:
[GEN_40|make_tuple(0.460320726087076, 0.001119438249713852)|0.9043]
Evaluating out-of-sample:
[GEN_40|make_tuple(0.460320726087076, 0.001119438249713852)|0.9940]
GEN_41_FIT_0.8962998042102021_0.8962998042102021_0.8962998042102021_SIZE_1_1.0_1
GEN_42_FIT_0.8962998042102021_0.8962998042102021_0.8962998042102021_SIZE_1_1.0_1
GEN_43_FIT_0.8962998042102021_0.8962998042102021_0.8962998042102021_SIZE_1_1.0_1
GEN_44_FIT_0.8962998042102021_0.8962998042102021_0.8962998042102021_SIZE_1_1.0_1
GEN_45_FIT_0.8962998042102021_0.8962998042102021_0.8962998042102021_SIZE_1_1.0_1
GEN_46_FIT_0.8962998042102021_0.8962998042102021_0.8962998042102021_SIZE_1_1.0_1
GEN_47_FIT_0.8962998042102021_0.8962998042102021_0.8962998042102021_SIZE_1_1.0_1
GEN_48_FIT_0.8962998042102021_0.8962998042102021_0.8962998042102021_SIZE_1_1.0_1
GEN_49_FIT_0.8962998042102021_0.8962998042102021_0.8962998042102021_SIZE_1_1.0_1
Evaluating in sample:
[GEN_49|make_tuple(0.460320726087076, 0.001119438249713852)|0.9043]
Evaluating out-of-sample:
[GEN_49|make_tuple(0.460320726087076, 0.001119438249713852)|0.9940]
Stopped early in iteration 49, no improvement in 20 gens.
START_TASK: 18
GEN_0_FIT_0.8746090244273486_0.8904596671557027_0.892330783112784_SIZE_1_3.0_7
GEN_1_FIT_0.891221657483131_0.8920387470026514_0.8931706070684945_SIZE_1_2.75_7
GEN_2_FIT_0.8916106595032096_0.8923468950345127_0.8942496127007832_SIZE_1_1.65_6
GEN_3_FIT_0.8922483253481418_0.8935739502797297_0.895523358318071_SIZE_1_2.65_7
GEN_4_FIT_0.8934735016640301_0.894269239222592_0.895523358318071_SIZE_1_1.65_2
GEN_5_FIT_0.8943296952537678_0.8947046052749394_0.895532651562133_SIZE_1_1.5_3
GEN_6_FIT_0.8949517290503665_0.8954294445470932_0.8955593572482157_SIZE_1_1.45_2
GEN_7_FIT_0.895523358318071_0.8955417084217766_0.8957352718000616_SIZE_1_1.2_2
GEN_8_FIT_0.895523358318071_0.8955537812498108_0.8957352718000616_SIZE_1_1.25_2
GEN_9_FIT_0.8955593572482157_0.895589055471221_0.8957352718000616_SIZE_1_1.25_2
GEN_10_FIT_0.8955726014091293_0.8955970019677691_0.8957352718000616_SIZE_1_1.15_2
GEN_11_FIT_0.8955726014091293_0.8956051354873157_0.8957352718000616_SIZE_1_1.2_2
GEN_12_FIT_0.8955726014091293_0.8956376695655022_0.8957352718000616_SIZE_1_1.4_2
GEN_13_FIT_0.8955726014091293_0.8956783371632353_0.8957352718000616_SIZE_1_1.65_2
GEN_14_FIT_0.8955726014091293_0.8956063037730135_0.8962466486868167_SIZE_1_1.05_2
GEN_15_FIT_0.8955726014091293_0.8956227300023247_0.8962466486868167_SIZE_1_1.1_2
GEN_16_FIT_0.8955726014091293_0.8956413327701055_0.8962466486868167_SIZE_1_1.15_2
GEN_17_FIT_0.8955726014091293_0.8957593428190153_0.8962466486868167_SIZE_1_1.45_2
GEN_18_FIT_0.895616132178525_0.8958052871310125_0.8962466486868167_SIZE_1_1.3_2
GEN_19_FIT_0.895616132178525_0.8959599239985978_0.8962466486868167_SIZE_1_1.6_3
GEN_20_FIT_0.8956353485501567_0.8961855186731504_0.8962466486868167_SIZE_1_1.9_2
Evaluating in sample:
[GEN_20|make_tuple(399, 0.0010973010708107676)|0.8956]
[GEN_20|make_tuple(mul(0.003723804848991979, 233), 0.0012414868007880884)|0.8962]
Evaluating out-of-sample:
[GEN_20|make_tuple(399, 0.0010973010708107676)|0.9906]
[GEN_20|make_tuple(mul(0.003723804848991979, 233), 0.0012414868007880884)|0.9920]
GEN_21_FIT_0.8942496127007832_0.8951656189029624_0.8962671777039932_SIZE_1_1.25_2
GEN_22_FIT_0.8951312936341117_0.8957334322825451_0.8962671777039932_SIZE_1_1.2_2
GEN_23_FIT_0.8956353485501567_0.8956669400078485_0.8962671777039932_SIZE_1_1.05_2
GEN_24_FIT_0.8956353485501567_0.8956985314655406_0.8962671777039932_SIZE_1_1.1_2
GEN_25_FIT_0.8956353485501567_0.8956985314655406_0.8962671777039932_SIZE_1_1.1_2
GEN_26_FIT_0.8956353485501567_0.8956985314655406_0.8962671777039932_SIZE_1_1.1_2
GEN_27_FIT_0.8956353485501567_0.8957924828460067_0.8962671777039932_SIZE_1_1.35_3
GEN_28_FIT_0.8956353485501567_0.895749862107768_0.8965795889020475_SIZE_1_1.15_2
GEN_29_FIT_0.8956353485501567_0.8959100319713998_0.8965795889020475_SIZE_1_1.35_3
GEN_30_FIT_0.8956765347964865_0.8957668402070424_0.8965795889020475_SIZE_1_1.1_2
GEN_31_FIT_0.8956765347964865_0.8957668402070424_0.8965795889020475_SIZE_1_1.1_2
GEN_32_FIT_0.8956765347964865_0.8957668402070424_0.8965795889020475_SIZE_1_1.1_2
GEN_33_FIT_0.8956765347964865_0.8957668402070424_0.8965795889020475_SIZE_1_1.1_2
GEN_34_FIT_0.8956765347964865_0.8957668402070424_0.8965795889020475_SIZE_1_1.1_2
GEN_35_FIT_0.8956765347964865_0.8957668402070424_0.8965795889020475_SIZE_1_1.1_2
GEN_36_FIT_0.8956765347964865_0.8958953808579485_0.8965795889020475_SIZE_1_1.25_2
GEN_37_FIT_0.8956765347964865_0.8958140652787343_0.8965827009602684_SIZE_1_1.15_2
GEN_38_FIT_0.8956765347964865_0.8958236490962476_0.8965827009602684_SIZE_1_1.15_2
GEN_39_FIT_0.8957148700665398_0.8957582616112264_0.8965827009602684_SIZE_1_1.05_2
GEN_40_FIT_0.8957148700665398_0.8957582616112264_0.8965827009602684_SIZE_1_1.05_2
Evaluating in sample:
[GEN_40|make_tuple(2, 0.0011048050118455024)|0.8957]
[GEN_40|make_tuple(mul(0.0037374611137727313, 231), 0.0012076300003825372)|0.8966]
Evaluating out-of-sample:
[GEN_40|make_tuple(2, 0.0011048050118455024)|0.9904]
[GEN_40|make_tuple(mul(0.0037374611137727313, 231), 0.0012076300003825372)|0.9921]
GEN_41_FIT_0.8957148700665398_0.8958016531559128_0.8965827009602684_SIZE_1_1.1_2
GEN_42_FIT_0.8957148700665398_0.8958016531559128_0.8965827009602684_SIZE_1_1.1_2
GEN_43_FIT_0.8957148700665398_0.8958412582146924_0.8965827009602684_SIZE_1_1.2_2
GEN_44_FIT_0.8957148700665398_0.895962537094691_0.8965827009602684_SIZE_1_1.3_2
GEN_45_FIT_0.8957186236868067_0.8960300631008911_0.8965827009602684_SIZE_1_1.4_3
GEN_46_FIT_0.8957336443007611_0.8961581726305148_0.8965827009602684_SIZE_1_1.5_2
GEN_47_FIT_0.8957336443007611_0.8964977952943178_0.8965827009602684_SIZE_1_1.9_2
GEN_48_FIT_0.8957336443007611_0.8964977952943178_0.8965827009602684_SIZE_1_1.9_2
GEN_49_FIT_0.8957336443007611_0.8964977952943178_0.8965827009602684_SIZE_1_1.9_2
GEN_50_FIT_0.8957336443007611_0.8964977952943178_0.8965827009602684_SIZE_1_1.9_2
GEN_51_FIT_0.8957336443007611_0.8964977952943178_0.8965827009602684_SIZE_1_1.9_2
GEN_52_FIT_0.8957336443007611_0.8964977952943178_0.8965827009602684_SIZE_1_1.9_2
GEN_53_FIT_0.8957336443007611_0.8964977952943178_0.8965827009602684_SIZE_1_1.9_2
GEN_54_FIT_0.8957336443007611_0.8964977952943178_0.8965827009602684_SIZE_1_1.9_2
GEN_55_FIT_0.8946779397094434_0.8954715375860539_0.896596624690443_SIZE_1_1.25_2
GEN_56_FIT_0.8952951034406945_0.8957973191102173_0.896596624690443_SIZE_1_1.1_2
GEN_57_FIT_0.8957336443007611_0.8958199423397295_0.896596624690443_SIZE_1_1.1_2
GEN_58_FIT_0.8957336443007611_0.8958199423397295_0.896596624690443_SIZE_1_1.1_2
GEN_59_FIT_0.8957336443007611_0.8958199423397295_0.896596624690443_SIZE_1_1.1_2
GEN_60_FIT_0.8957336443007611_0.8958199423397295_0.896596624690443_SIZE_1_1.1_2
Evaluating in sample:
[GEN_60|make_tuple(2, 0.0011093230166860845)|0.8957]
[GEN_60|make_tuple(mul(0.0037826251422981515, 231), 0.0012076300003825372)|0.8966]
Evaluating out-of-sample:
[GEN_60|make_tuple(2, 0.0011093230166860845)|0.9904]
[GEN_60|make_tuple(mul(0.0037826251422981515, 231), 0.0012076300003825372)|0.9903]
GEN_61_FIT_0.8957336443007611_0.8958199423397295_0.896596624690443_SIZE_1_1.1_2
GEN_62_FIT_0.8957336443007611_0.8958199423397295_0.896596624690443_SIZE_1_1.1_2
GEN_63_FIT_0.8957336443007611_0.8958199423397295_0.896596624690443_SIZE_1_1.1_2
GEN_64_FIT_0.8957336443007611_0.8958199423397295_0.896596624690443_SIZE_1_1.1_2
GEN_65_FIT_0.8957336443007611_0.8958199423397295_0.896596624690443_SIZE_1_1.1_2
GEN_66_FIT_0.8957336443007611_0.8958199423397295_0.896596624690443_SIZE_1_1.1_2
GEN_67_FIT_0.8957336443007611_0.8959644947457657_0.896596624690443_SIZE_1_1.4_2
GEN_68_FIT_0.8957336443007611_0.8961927400691287_0.896596624690443_SIZE_1_1.85_2
GEN_69_FIT_0.8957336443007611_0.8963809294695302_0.896596624690443_SIZE_1_1.8_3
GEN_70_FIT_0.8957338936833_0.8965103515897285_0.896596624690443_SIZE_1_1.9_2
GEN_71_FIT_0.8957338936833_0.8965103515897285_0.896596624690443_SIZE_1_1.9_2
GEN_72_FIT_0.8957338936833_0.8965103515897285_0.896596624690443_SIZE_1_1.9_2
GEN_73_FIT_0.8957338936833_0.8965103515897285_0.896596624690443_SIZE_1_1.9_2
GEN_74_FIT_0.8957338936833_0.8965103515897285_0.896596624690443_SIZE_1_1.9_2
GEN_75_FIT_0.8957338936833_0.8965103515897285_0.896596624690443_SIZE_1_1.9_2
GEN_76_FIT_0.8957338936833_0.8965103515897285_0.896596624690443_SIZE_1_1.9_2
Evaluating in sample:
[GEN_76|make_tuple(2, 0.0011082391045195879)|0.8957]
[GEN_76|make_tuple(mul(0.0037826251422981515, 231), 0.0012076300003825372)|0.8966]
Evaluating out-of-sample:
[GEN_76|make_tuple(2, 0.0011082391045195879)|0.9904]
[GEN_76|make_tuple(mul(0.0037826251422981515, 231), 0.0012076300003825372)|0.9903]
Stopped early in iteration 76, no improvement in 20 gens.
START_TASK: 22
GEN_0_FIT_0.8594657050734589_0.8870518202523048_0.894466507916054_SIZE_1_2.8_11
GEN_1_FIT_0.8923767654282191_0.8936733386829658_0.8950447806190646_SIZE_1_3.15_11
GEN_2_FIT_0.8942336574646421_0.8944029670569245_0.8950447806190646_SIZE_1_3.2_9
GEN_3_FIT_0.8942669558160466_0.8946538093113723_0.8956140369243842_SIZE_1_1.75_9
GEN_4_FIT_0.894509487585927_0.8952148496390328_0.8956958733261021_SIZE_1_1.25_2
GEN_5_FIT_0.8956140369243842_0.8956222205645561_0.8956958733261021_SIZE_1_1.1_2
GEN_6_FIT_0.8956140369243842_0.8956222205645561_0.8956958733261021_SIZE_1_1.1_2
GEN_7_FIT_0.8956140369243842_0.8956431213148667_0.8961957247340324_SIZE_1_1.05_2
GEN_8_FIT_0.8956140369243842_0.8957041391194928_0.8961957247340324_SIZE_1_1.15_2
GEN_9_FIT_0.8956140369243842_0.895829445512143_0.8961957247340324_SIZE_1_1.4_3
GEN_10_FIT_0.8956347878554066_0.8958483422692364_0.8961957247340324_SIZE_1_1.4_3
GEN_11_FIT_0.895674180272509_0.8960597907833188_0.8961957247340324_SIZE_1_1.9_3
GEN_12_FIT_0.8958616605055832_0.8961790215226099_0.8961957247340324_SIZE_1_1.95_2
GEN_13_FIT_0.8958616605055832_0.8961623183111873_0.8961957247340324_SIZE_1_1.9_2
GEN_14_FIT_0.8956218740966588_0.89610299348877_0.8962512073799567_SIZE_1_1.75_2
GEN_15_FIT_0.895674180272509_0.8960248668727463_0.8962512073799567_SIZE_1_1.5_2
GEN_16_FIT_0.8959256619299385_0.8961977873813627_0.8962512073799567_SIZE_1_1.9_2
GEN_17_FIT_0.8959256619299385_0.8962342734590732_0.8962812346619906_SIZE_1_1.85_2
GEN_18_FIT_0.8939184912512111_0.8960300620970412_0.8962812346619906_SIZE_1_1.65_2
GEN_19_FIT_0.8959256619299385_0.8962095368916241_0.8962824326624752_SIZE_1_1.35_2
GEN_20_FIT_0.8962296272551129_0.8962665910402666_0.8962824326624752_SIZE_1_1.05_2
Evaluating in sample:
[GEN_20|make_tuple(0.4547731185315343, 0.0011129882737723213)|0.9043]
Evaluating out-of-sample:
[GEN_20|make_tuple(0.4547731185315343, 0.0011129882737723213)|0.9919]
GEN_21_FIT_0.8962824326624752_0.8962830386250091_0.896294551913156_SIZE_1_1.05_2
GEN_22_FIT_0.8962824326624752_0.8962867654760449_0.8963034780136304_SIZE_1_1.1_2
GEN_23_FIT_0.896291252482704_0.8962949936319689_0.8963034780136304_SIZE_1_1.15_2
GEN_24_FIT_0.896294551913156_0.8962977094436306_0.8963038119667174_SIZE_1_1.05_2
GEN_25_FIT_0.8963034780136304_0.8963045209025671_0.8963127380671919_SIZE_1_1.05_2
GEN_26_FIT_0.8963038119667174_0.8963073824069072_0.8963127380671919_SIZE_1_1.0_1
GEN_27_FIT_0.8963038119667174_0.8963118454571444_0.8963127380671919_SIZE_1_1.05_2
GEN_28_FIT_0.8963127380671919_0.8963127380671919_0.8963127380671919_SIZE_1_1.0_1
GEN_29_FIT_0.8963127380671919_0.8963127380671919_0.8963127380671919_SIZE_1_1.0_1
GEN_30_FIT_0.8963127380671919_0.8963127380671919_0.8963127380671919_SIZE_1_1.0_1
GEN_31_FIT_0.8963127380671919_0.8963205002090158_0.896467980903672_SIZE_1_1.05_2
GEN_32_FIT_0.8963127380671919_0.8963282623508398_0.896467980903672_SIZE_1_1.1_2
GEN_33_FIT_0.8963127380671919_0.8963282623508398_0.896467980903672_SIZE_1_1.1_2
GEN_34_FIT_0.8963127380671919_0.8963282623508398_0.896467980903672_SIZE_1_1.1_2
GEN_35_FIT_0.8963127380671919_0.8963282623508398_0.896467980903672_SIZE_1_1.1_2
GEN_36_FIT_0.8963127380671919_0.8963282623508398_0.896467980903672_SIZE_1_1.1_2
GEN_37_FIT_0.8963127380671919_0.8963282623508398_0.896467980903672_SIZE_1_1.1_2
GEN_38_FIT_0.8963127380671919_0.8963282623508398_0.896467980903672_SIZE_1_1.1_2
GEN_39_FIT_0.8963127380671919_0.8963282623508398_0.896467980903672_SIZE_1_1.1_2
GEN_40_FIT_0.8963127380671919_0.8963282623508398_0.896467980903672_SIZE_1_1.1_2
Evaluating in sample:
[GEN_40|make_tuple(0.45396050157105644, 0.0011194256387741382)|0.9043]
[GEN_40|make_tuple(0.45396050157105644, truediv(0.0011194256387741382, 13))|0.9045]
Evaluating out-of-sample:
[GEN_40|make_tuple(0.45396050157105644, 0.0011194256387741382)|0.9920]
[GEN_40|make_tuple(0.45396050157105644, truediv(0.0011194256387741382, 13))|0.9926]
GEN_41_FIT_0.8963127380671919_0.8963282623508398_0.896467980903672_SIZE_1_1.1_2
GEN_42_FIT_0.8963127380671919_0.8963472181217691_0.8966918534857758_SIZE_1_1.2_3
GEN_43_FIT_0.8963127380671919_0.8963484834836744_0.896717160723881_SIZE_1_1.2_3
GEN_44_FIT_0.8963127380671919_0.8963484834836744_0.896717160723881_SIZE_1_1.2_3
GEN_45_FIT_0.8963127380671919_0.8963687046165087_0.896717160723881_SIZE_1_1.3_3
GEN_46_FIT_0.8963127380671919_0.8963687046165087_0.896717160723881_SIZE_1_1.3_3
GEN_47_FIT_0.8963127380671919_0.8963687046165087_0.896717160723881_SIZE_1_1.3_3
GEN_48_FIT_0.8963127380671919_0.8963687046165087_0.896717160723881_SIZE_1_1.3_3
GEN_49_FIT_0.8963127380671919_0.8963687046165087_0.896717160723881_SIZE_1_1.3_3
GEN_50_FIT_0.8963127380671919_0.8963337238801516_0.8967324543263894_SIZE_1_1.05_2
GEN_51_FIT_0.8963127380671919_0.8963493681103017_0.8967324543263894_SIZE_1_1.15_2
GEN_52_FIT_0.8963127380671919_0.8964169267742056_0.8967324543263894_SIZE_1_1.5_2
GEN_53_FIT_0.8963127380671919_0.8964977091092455_0.8967324543263894_SIZE_1_1.85_2
GEN_54_FIT_0.8963127380671919_0.8965373801226532_0.8967324543263894_SIZE_1_1.85_2
GEN_55_FIT_0.8963151369972324_0.8967115884599316_0.8967324543263894_SIZE_1_1.95_2
GEN_56_FIT_0.8963151369972324_0.8967115884599316_0.8967324543263894_SIZE_1_1.95_2
GEN_57_FIT_0.8963151369972324_0.8967115884599316_0.8967324543263894_SIZE_1_1.95_2
GEN_58_FIT_0.8963151369972324_0.8967115884599316_0.8967324543263894_SIZE_1_1.95_2
GEN_59_FIT_0.8963151369972324_0.8966907225934738_0.8967324543263894_SIZE_1_1.9_2
GEN_60_FIT_0.8963151369972324_0.8966907225934738_0.8967324543263894_SIZE_1_1.9_2
Evaluating in sample:
[GEN_60|make_tuple(0.46060549193494843, 0.0011194256387741382)|0.9043]
[GEN_60|make_tuple(0.39296987976104364, truediv(0.0011194256387741382, 13))|0.9047]
Evaluating out-of-sample:
[GEN_60|make_tuple(0.46060549193494843, 0.0011194256387741382)|0.9920]
[GEN_60|make_tuple(0.39296987976104364, truediv(0.0011194256387741382, 13))|0.9932]
GEN_61_FIT_0.8963151369972324_0.8966907225934738_0.8967324543263894_SIZE_1_1.9_2
GEN_62_FIT_0.8963151369972324_0.8966907225934738_0.8967324543263894_SIZE_1_1.9_2
GEN_63_FIT_0.8963151369972324_0.8966907225934738_0.8967324543263894_SIZE_1_1.9_2
GEN_64_FIT_0.8963151369972324_0.8966907225934738_0.8967324543263894_SIZE_1_1.9_2
GEN_65_FIT_0.8963151369972324_0.8966907225934738_0.8967324543263894_SIZE_1_1.9_2
GEN_66_FIT_0.8963151369972324_0.8966907225934738_0.8967324543263894_SIZE_1_1.9_2
GEN_67_FIT_0.8963151369972324_0.8966907225934738_0.8967324543263894_SIZE_1_1.9_2
GEN_68_FIT_0.8963151369972324_0.8966907225934738_0.8967324543263894_SIZE_1_1.9_2
GEN_69_FIT_0.8963151369972324_0.8966907225934738_0.8967324543263894_SIZE_1_1.9_2
GEN_70_FIT_0.8963151369972324_0.8966907225934738_0.8967324543263894_SIZE_1_1.9_2
GEN_71_FIT_0.8963151369972324_0.8966907225934738_0.8967324543263894_SIZE_1_1.9_2
Evaluating in sample:
[GEN_71|make_tuple(0.46060549193494843, 0.0011194256387741382)|0.9043]
[GEN_71|make_tuple(0.39296987976104364, truediv(0.0011194256387741382, 13))|0.9047]
Evaluating out-of-sample:
[GEN_71|make_tuple(0.46060549193494843, 0.0011194256387741382)|0.9920]
[GEN_71|make_tuple(0.39296987976104364, truediv(0.0011194256387741382, 13))|0.9932]
Stopped early in iteration 71, no improvement in 20 gens.
START_TASK: 23
GEN_0_FIT_0.8805948318133153_0.8922987565264183_0.8963053530349061_SIZE_1_3.3_9
GEN_1_FIT_0.8918565754432111_0.8950944402817423_0.8963053530349061_SIZE_1_3.75_9
GEN_2_FIT_0.8949737990049412_0.8955359737343344_0.8963053530349061_SIZE_1_3.45_6
GEN_3_FIT_0.8949737990049412_0.895324351488395_0.8963053530349061_SIZE_1_2.1_5
GEN_4_FIT_0.8949928276922642_0.8952681180966069_0.8963087852771549_SIZE_1_1.5_4
GEN_5_FIT_0.8957012211927426_0.8962239922088336_0.8969272734436546_SIZE_1_2.8_4
GEN_6_FIT_0.8961506722868453_0.8963318040359646_0.8969272734436546_SIZE_1_1.05_2
GEN_7_FIT_0.8963087852771549_0.8963572233531412_0.8969272734436546_SIZE_1_1.1_2
GEN_8_FIT_0.8963087852771549_0.896426771450038_0.8969272734436546_SIZE_1_1.3_2
GEN_9_FIT_0.8963087852771549_0.896403740738925_0.8969272734436546_SIZE_1_1.15_2
GEN_10_FIT_0.896318916752114_0.8964770493701799_0.8969272734436546_SIZE_1_1.2_2
GEN_11_FIT_0.896318916752114_0.8966102208284059_0.8969272734436546_SIZE_1_1.45_2
GEN_12_FIT_0.8967081045477613_0.8967721134361485_0.8969272734436546_SIZE_1_1.35_2
GEN_13_FIT_0.8967081045477613_0.8968303539105064_0.8970199034372203_SIZE_1_1.45_2
GEN_14_FIT_0.8967880863521471_0.8969141048230377_0.8970430613457152_SIZE_1_1.75_3
GEN_15_FIT_0.8968455237737629_0.8969551405817251_0.8970430613457152_SIZE_1_1.65_2
GEN_16_FIT_0.8968455237737629_0.8970173053612296_0.8971658780764946_SIZE_1_1.4_2
GEN_17_FIT_0.8970430613457152_0.8970612384152629_0.8971658780764946_SIZE_1_1.35_3
GEN_18_FIT_0.8970501093494002_0.8970797241626286_0.8971658780764946_SIZE_1_1.5_2
GEN_19_FIT_0.8970685437994916_0.8971118228043874_0.8971658780764946_SIZE_1_1.05_2
GEN_20_FIT_0.8971229511540928_0.8971637317303747_0.8971658780764946_SIZE_1_1.15_2
Evaluating in sample:
[GEN_20|make_tuple(0.46073404883667135, 0.0011124549193551264)|0.9052]
Evaluating out-of-sample:
[GEN_20|make_tuple(0.46073404883667135, 0.0011124549193551264)|0.8934]
GEN_21_FIT_0.8971658780764946_0.8971658780764947_0.8971658780764946_SIZE_1_1.0_1
GEN_22_FIT_0.8971658780764946_0.8971658780764947_0.8971658780764946_SIZE_1_1.0_1
GEN_23_FIT_0.8971658780764946_0.8971658780764947_0.8971658780764946_SIZE_1_1.0_1
GEN_24_FIT_0.8971658780764946_0.8971658780764947_0.8971658780764946_SIZE_1_1.0_1
GEN_25_FIT_0.8971658780764946_0.8971664698914223_0.8971777143750451_SIZE_1_1.0_1
GEN_26_FIT_0.8971658780764946_0.8971670617063499_0.8971777143750451_SIZE_1_1.0_1
GEN_27_FIT_0.8971658780764946_0.8971688371511325_0.8971777143750451_SIZE_1_1.0_1
GEN_28_FIT_0.8971658780764946_0.8971753471153352_0.8971777143750451_SIZE_1_1.05_2
GEN_29_FIT_0.8971777143750451_0.8971777143750449_0.8971777143750451_SIZE_1_1.0_1
GEN_30_FIT_0.8971777143750451_0.8971777143750449_0.8971777143750451_SIZE_1_1.0_1
GEN_31_FIT_0.8971777143750451_0.8971777143750449_0.8971777143750451_SIZE_1_1.0_1
GEN_32_FIT_0.8971777143750451_0.8971782319709861_0.897188066293867_SIZE_1_1.0_1
GEN_33_FIT_0.8971777143750451_0.8971787495669272_0.897188066293867_SIZE_1_1.0_1
GEN_34_FIT_0.8971777143750451_0.8971803023547504_0.897188066293867_SIZE_1_1.0_1
GEN_35_FIT_0.8971777143750451_0.8971844431222792_0.897188066293867_SIZE_1_1.0_1
GEN_36_FIT_0.897188066293867_0.8971880662938672_0.897188066293867_SIZE_1_1.0_1
GEN_37_FIT_0.897188066293867_0.8971880662938672_0.897188066293867_SIZE_1_1.0_1
GEN_38_FIT_0.897188066293867_0.8971880662938672_0.897188066293867_SIZE_1_1.0_1
GEN_39_FIT_0.897188066293867_0.8971880662938672_0.897188066293867_SIZE_1_1.0_1
GEN_40_FIT_0.897188066293867_0.8971880662938672_0.897188066293867_SIZE_1_1.0_1
Evaluating in sample:
[GEN_40|make_tuple(0.46073404883667135, 0.0011201031220143395)|0.9052]
Evaluating out-of-sample:
[GEN_40|make_tuple(0.46073404883667135, 0.0011201031220143395)|0.8934]
GEN_41_FIT_0.897188066293867_0.8971880662938672_0.897188066293867_SIZE_1_1.0_1
GEN_42_FIT_0.897188066293867_0.8971880662938672_0.897188066293867_SIZE_1_1.0_1
GEN_43_FIT_0.897188066293867_0.8971880662938672_0.897188066293867_SIZE_1_1.0_1
GEN_44_FIT_0.897188066293867_0.8971880662938672_0.897188066293867_SIZE_1_1.0_1
GEN_45_FIT_0.897188066293867_0.8971880662938672_0.897188066293867_SIZE_1_1.0_1
GEN_46_FIT_0.897188066293867_0.8971880662938672_0.897188066293867_SIZE_1_1.0_1
GEN_47_FIT_0.897188066293867_0.8971880662938672_0.897188066293867_SIZE_1_1.0_1
GEN_48_FIT_0.897188066293867_0.8971880662938672_0.897188066293867_SIZE_1_1.0_1
GEN_49_FIT_0.897188066293867_0.8971880662938672_0.897188066293867_SIZE_1_1.0_1
GEN_50_FIT_0.897188066293867_0.8971880662938672_0.897188066293867_SIZE_1_1.0_1
GEN_51_FIT_0.897188066293867_0.8971880662938672_0.897188066293867_SIZE_1_1.0_1
GEN_52_FIT_0.897188066293867_0.8971880662938672_0.897188066293867_SIZE_1_1.0_1
GEN_53_FIT_0.897188066293867_0.8971880662938672_0.897188066293867_SIZE_1_1.0_1
Evaluating in sample:
[GEN_53|make_tuple(0.46073404883667135, 0.0011201031220143395)|0.9052]
Evaluating out-of-sample:
[GEN_53|make_tuple(0.46073404883667135, 0.0011201031220143395)|0.8934]
Stopped early in iteration 53, no improvement in 20 gens.
START_TASK: 24
GEN_0_FIT_0.8710105121483944_0.8865441595562279_0.8943985975780663_SIZE_1_2.65_7
GEN_1_FIT_0.8936907321384793_0.8943078103136003_0.8951324271411052_SIZE_1_1.6_5
GEN_2_FIT_0.8943985975780663_0.8947580698202584_0.8954640895841299_SIZE_1_1.35_2
GEN_3_FIT_0.8948777688207266_0.8953332701067627_0.8954640895841299_SIZE_1_1.5_3
GEN_4_FIT_0.8954640895841299_0.8954640895841302_0.8954640895841299_SIZE_1_1.0_1
GEN_5_FIT_0.8954640895841299_0.8954650438219236_0.8954770748353116_SIZE_1_1.0_1
GEN_6_FIT_0.8954640895841299_0.8954685310649964_0.8954770748353116_SIZE_1_1.05_2
GEN_7_FIT_0.8954770748353116_0.8954790847250355_0.8954965010017408_SIZE_1_1.05_2
GEN_8_FIT_0.8954770748353116_0.8954889777268722_0.895540763460751_SIZE_1_1.15_2
GEN_9_FIT_0.8954965010017408_0.8955154741845153_0.8956402338357078_SIZE_1_1.1_2
GEN_10_FIT_0.8954971956156476_0.8955349034537242_0.8956603010213399_SIZE_1_1.15_2
GEN_11_FIT_0.895540763460751_0.8955527172168098_0.8956603010213399_SIZE_1_1.1_2
GEN_12_FIT_0.895540763460751_0.8955561003358156_0.8956941322113965_SIZE_1_1.1_2
GEN_13_FIT_0.895540763460751_0.8955499532959299_0.8957245601643291_SIZE_1_1.05_2
GEN_14_FIT_0.895540763460751_0.8955720810175976_0.8959419352983344_SIZE_1_1.1_2
GEN_15_FIT_0.895540763460751_0.8956055889531023_0.8959419352983344_SIZE_1_1.15_2
GEN_16_FIT_0.8955614547586364_0.8955995028126061_0.8959419352983344_SIZE_1_1.1_2
GEN_17_FIT_0.8955614547586364_0.8955953193070216_0.8962387457263464_SIZE_1_1.05_2
GEN_18_FIT_0.8955614547586364_0.8955953193070216_0.8962387457263464_SIZE_1_1.05_2
GEN_19_FIT_0.8955614547586364_0.8956968256357978_0.8962387457263464_SIZE_1_1.25_3
GEN_20_FIT_0.8955614547586364_0.8957691436535209_0.8962387457263464_SIZE_1_1.4_3
Evaluating in sample:
[GEN_20|make_tuple(15, 0.0011095779172070187)|0.8957]
[GEN_20|make_tuple(truediv(152, 334), 0.0011190907661842516)|0.9042]
Evaluating out-of-sample:
[GEN_20|make_tuple(15, 0.0011095779172070187)|0.9990]
[GEN_20|make_tuple(truediv(152, 334), 0.0011190907661842516)|0.9990]
GEN_21_FIT_0.8955614547586364_0.8958366319056568_0.8962537041404003_SIZE_1_1.45_3
GEN_22_FIT_0.895642936066059_0.8956869930223352_0.8962537041404003_SIZE_1_1.05_2
GEN_23_FIT_0.8956579566800135_0.8956877440530329_0.8962537041404003_SIZE_1_1.05_2
GEN_24_FIT_0.8956579566800135_0.8956877440530329_0.8962537041404003_SIZE_1_1.05_2
GEN_25_FIT_0.8956579566800135_0.8956877440530329_0.8962537041404003_SIZE_1_1.05_2
GEN_26_FIT_0.8956579566800135_0.8956877440530329_0.8962537041404003_SIZE_1_1.05_2
GEN_27_FIT_0.8956579566800135_0.8957175314260523_0.8962537041404003_SIZE_1_1.1_2
GEN_28_FIT_0.8956579566800135_0.8957175314260523_0.8962537041404003_SIZE_1_1.1_2
GEN_29_FIT_0.8956579566800135_0.8958942122683362_0.8962537041404003_SIZE_1_1.4_2
GEN_30_FIT_0.8956579566800135_0.8960714320151137_0.8962537041404003_SIZE_1_1.75_3
GEN_31_FIT_0.8956582060625524_0.8960155049092611_0.8962537041404003_SIZE_1_1.65_3
GEN_32_FIT_0.8956582060625524_0.8961941543326155_0.8962537041404003_SIZE_1_1.9_2
GEN_33_FIT_0.8956582060625524_0.8961941543326155_0.8962537041404003_SIZE_1_1.9_2
GEN_34_FIT_0.8956582060625524_0.8961941543326155_0.8962537041404003_SIZE_1_1.9_2
GEN_35_FIT_0.8956582060625524_0.8961941543326155_0.8962537041404003_SIZE_1_1.9_2
GEN_36_FIT_0.8956582060625524_0.8961941543326155_0.8962537041404003_SIZE_1_1.9_2
GEN_37_FIT_0.8956582060625524_0.8961941543326155_0.8962537041404003_SIZE_1_1.9_2
GEN_38_FIT_0.8956582060625524_0.8961941543326155_0.8962537041404003_SIZE_1_1.9_2
GEN_39_FIT_0.8956582060625524_0.8961942655565623_0.8962559286193403_SIZE_1_1.95_3
GEN_40_FIT_0.8956582060625524_0.8961347157487778_0.8962559286193403_SIZE_1_1.85_3
Evaluating in sample:
[GEN_40|make_tuple(4, 0.0011082911962316724)|0.8957]
[GEN_40|make_tuple(truediv(147, 319), 0.0011190907661842516)|0.9043]
[GEN_40|make_tuple(truediv(147, add(0.32091705490862826, 319)), 0.0011190907661842516)|0.9043]
Evaluating out-of-sample:
[GEN_40|make_tuple(4, 0.0011082911962316724)|0.9990]
[GEN_40|make_tuple(truediv(147, 319), 0.0011190907661842516)|0.9990]
[GEN_40|make_tuple(truediv(147, add(0.32091705490862826, 319)), 0.0011190907661842516)|0.9990]
GEN_41_FIT_0.8956582060625524_0.8958965165176386_0.8962559286193403_SIZE_1_1.45_3
GEN_42_FIT_0.8956582060625524_0.895777528126016_0.8962559286193403_SIZE_1_1.3_3
GEN_43_FIT_0.8956582060625524_0.895777528126016_0.8962559286193403_SIZE_1_1.3_3
GEN_44_FIT_0.8956582060625524_0.895777528126016_0.8962559286193403_SIZE_1_1.3_3
GEN_45_FIT_0.8956582060625524_0.895777528126016_0.8962559286193403_SIZE_1_1.3_3
GEN_46_FIT_0.8956582060625524_0.895777528126016_0.8962559286193403_SIZE_1_1.3_3
GEN_47_FIT_0.8956582060625524_0.895777528126016_0.8962559286193403_SIZE_1_1.3_3
GEN_48_FIT_0.8956582060625524_0.895777528126016_0.8962559286193403_SIZE_1_1.3_3
GEN_49_FIT_0.8956582060625524_0.895777528126016_0.8962559286193403_SIZE_1_1.3_3
GEN_50_FIT_0.8956582060625524_0.895777528126016_0.8962559286193403_SIZE_1_1.3_3
GEN_51_FIT_0.8956582060625524_0.895777528126016_0.8962559286193403_SIZE_1_1.3_3
GEN_52_FIT_0.8956582060625524_0.895777528126016_0.8962559286193403_SIZE_1_1.3_3
GEN_53_FIT_0.8956582060625524_0.895777528126016_0.8962559286193403_SIZE_1_1.3_3
GEN_54_FIT_0.8956582060625524_0.895777528126016_0.8962559286193403_SIZE_1_1.3_3
GEN_55_FIT_0.8956582060625524_0.895777528126016_0.8962559286193403_SIZE_1_1.3_3
GEN_56_FIT_0.8956582060625524_0.895777528126016_0.8962559286193403_SIZE_1_1.3_3
GEN_57_FIT_0.8956582060625524_0.895777528126016_0.8962559286193403_SIZE_1_1.3_3
GEN_58_FIT_0.8956582060625524_0.895777528126016_0.8962559286193403_SIZE_1_1.3_3
GEN_59_FIT_0.8956582060625524_0.895777528126016_0.8962559286193403_SIZE_1_1.3_3
GEN_60_FIT_0.8956582060625524_0.895777528126016_0.8962559286193403_SIZE_1_1.3_3
Evaluating in sample:
[GEN_60|make_tuple(4, 0.0011082911962316724)|0.8957]
[GEN_60|make_tuple(truediv(147, 319), 0.0011190907661842516)|0.9043]
[GEN_60|make_tuple(truediv(147, add(0.32091705490862826, 319)), 0.0011190907661842516)|0.9043]
Evaluating out-of-sample:
[GEN_60|make_tuple(4, 0.0011082911962316724)|0.9990]
[GEN_60|make_tuple(truediv(147, 319), 0.0011190907661842516)|0.9990]
[GEN_60|make_tuple(truediv(147, add(0.32091705490862826, 319)), 0.0011190907661842516)|0.9990]
Stopped early in iteration 60, no improvement in 20 gens.
START_TASK: 2073
GEN_0_FIT_0.8820477720263615_0.8909936608275151_0.8957093291347883_SIZE_1_2.65_7
GEN_1_FIT_0.8875541547598608_0.8938367412795021_0.895863464210856_SIZE_1_1.55_4
GEN_2_FIT_0.8946245797320158_0.8954277112819_0.895863464210856_SIZE_1_1.05_2
GEN_3_FIT_0.8957093291347883_0.8957467517049317_0.895863464210856_SIZE_1_1.05_2
GEN_4_FIT_0.8957855241423558_0.8958439791937309_0.895863464210856_SIZE_1_1.1_2
GEN_5_FIT_0.895863464210856_0.8958763842603193_0.8961218652001228_SIZE_1_1.1_3
GEN_6_FIT_0.895863464210856_0.8958893043097828_0.8961218652001228_SIZE_1_1.2_3
GEN_7_FIT_0.895863464210856_0.8958893043097828_0.8961218652001228_SIZE_1_1.2_3
GEN_8_FIT_0.895863464210856_0.8958932689334691_0.8961218652001228_SIZE_1_1.25_3
GEN_9_FIT_0.895863464210856_0.8958863001637638_0.8961615983215557_SIZE_1_1.2_3
GEN_10_FIT_0.895863464210856_0.8959688661655554_0.8961615983215557_SIZE_1_1.85_3
GEN_11_FIT_0.8958822384450772_0.8960939074120695_0.8961615983215557_SIZE_1_2.5_3
GEN_12_FIT_0.8958822384450772_0.8960391198555436_0.8961982088956533_SIZE_1_1.9_3
GEN_13_FIT_0.8959863036747544_0.8960663885434504_0.8961982088956533_SIZE_1_1.7_3
GEN_14_FIT_0.8961160597272158_0.8961751348120226_0.8962661142909651_SIZE_1_2.05_3
GEN_15_FIT_0.896184027924849_0.8962239529566978_0.8962661142909651_SIZE_1_2.15_3
GEN_16_FIT_0.8961982088956533_0.8962511151148224_0.8962661142909651_SIZE_1_1.75_3
GEN_17_FIT_0.8962519333201608_0.8962611509511837_0.8962661142909651_SIZE_1_1.3_2
GEN_18_FIT_0.8962619775419529_0.8962659074535146_0.8962661142909651_SIZE_1_1.05_2
GEN_19_FIT_0.8962661142909651_0.8962671422234448_0.8962763936157606_SIZE_1_1.0_1
GEN_20_FIT_0.8962661142909651_0.8962690774587759_0.8962763936157606_SIZE_1_1.0_1
Evaluating in sample:
[GEN_20|make_tuple(0.46091242746077105, 0.0011206785869377425)|0.9043]
Evaluating out-of-sample:
[GEN_20|make_tuple(0.46091242746077105, 0.0011206785869377425)|0.9953]
GEN_21_FIT_0.8962661142909651_0.896275759019893_0.8962763936157606_SIZE_1_1.0_1
GEN_22_FIT_0.8962763936157606_0.8962763936157605_0.8962763936157606_SIZE_1_1.0_1
GEN_23_FIT_0.8962763936157606_0.8962763936157605_0.8962763936157606_SIZE_1_1.0_1
GEN_24_FIT_0.8962763936157606_0.8962763936157605_0.8962763936157606_SIZE_1_1.0_1
GEN_25_FIT_0.8962763936157606_0.8962763936157605_0.8962763936157606_SIZE_1_1.0_1
GEN_26_FIT_0.8962763936157606_0.8962763936157605_0.8962763936157606_SIZE_1_1.0_1
GEN_27_FIT_0.8962763936157606_0.8962767858331384_0.8962842379633146_SIZE_1_1.0_1
GEN_28_FIT_0.8962763936157606_0.8962767858331384_0.8962842379633146_SIZE_1_1.0_1
GEN_29_FIT_0.8962763936157606_0.8962771780505161_0.8962842379633146_SIZE_1_1.0_1
GEN_30_FIT_0.8962763936157606_0.8962783547026492_0.8962842379633146_SIZE_1_1.05_2
GEN_31_FIT_0.8962763936157606_0.8962826690938037_0.8962842379633146_SIZE_1_1.1_2
GEN_32_FIT_0.8962842379633146_0.8962842379633147_0.8962842379633146_SIZE_1_1.0_1
GEN_33_FIT_0.8962842379633146_0.8962842379633147_0.8962842379633146_SIZE_1_1.0_1
GEN_34_FIT_0.8962842379633146_0.8962925463399019_0.8964504054950607_SIZE_1_1.05_2
GEN_35_FIT_0.8962842379633146_0.8963050394554376_0.896700267805776_SIZE_1_1.05_2
GEN_36_FIT_0.8962842379633146_0.8963093235040936_0.8967859487788958_SIZE_1_1.05_2
GEN_37_FIT_0.8962842379633146_0.8963093235040936_0.8967859487788958_SIZE_1_1.05_2
GEN_38_FIT_0.8962842379633146_0.8963344090448727_0.8967859487788958_SIZE_1_1.1_2
GEN_39_FIT_0.8962842379633146_0.8963344090448727_0.8967859487788958_SIZE_1_1.1_2
GEN_40_FIT_0.8962842379633146_0.8963344090448727_0.8967859487788958_SIZE_1_1.1_2
Evaluating in sample:
[GEN_40|make_tuple(0.4540378434504089, 0.0011206785869377425)|0.9043]
[GEN_40|make_tuple(0.3775683043527062, mul(0.07588021620361725, 0.0011206785869377425))|0.9048]
Evaluating out-of-sample:
[GEN_40|make_tuple(0.4540378434504089, 0.0011206785869377425)|0.9953]
[GEN_40|make_tuple(0.3775683043527062, mul(0.07588021620361725, 0.0011206785869377425))|0.9831]
GEN_41_FIT_0.8962842379633146_0.8963344090448727_0.8967859487788958_SIZE_1_1.1_2
GEN_42_FIT_0.8962842379633146_0.8963344090448727_0.8967859487788958_SIZE_1_1.1_2
GEN_43_FIT_0.8962842379633146_0.8963095955185427_0.8967913890678766_SIZE_1_1.05_2
GEN_44_FIT_0.8962842379633146_0.8963095955185427_0.8967913890678766_SIZE_1_1.05_2
GEN_45_FIT_0.8962842379633146_0.8963095955185427_0.8967913890678766_SIZE_1_1.05_2
GEN_46_FIT_0.8962842379633146_0.8963212786009163_0.8967913890678766_SIZE_1_1.1_2
GEN_47_FIT_0.8962842379633146_0.8963991087718396_0.8967913890678766_SIZE_1_1.25_2
GEN_48_FIT_0.8962842379633146_0.896362012447747_0.8967975818585945_SIZE_1_1.15_2
GEN_49_FIT_0.8962842379633146_0.8963895803440038_0.8967975818585945_SIZE_1_1.2_2
GEN_50_FIT_0.896288215618207_0.8963139474864248_0.8968028529825648_SIZE_1_1.05_2
GEN_51_FIT_0.896288215618207_0.8963396793546426_0.8968028529825648_SIZE_1_1.1_2
GEN_52_FIT_0.896288215618207_0.8963396793546426_0.8968028529825648_SIZE_1_1.1_2
GEN_53_FIT_0.896288215618207_0.8963396793546426_0.8968028529825648_SIZE_1_1.1_2
GEN_54_FIT_0.896288215618207_0.8963396793546426_0.8968028529825648_SIZE_1_1.1_2
GEN_55_FIT_0.896288215618207_0.8963396793546426_0.8968028529825648_SIZE_1_1.1_2
GEN_56_FIT_0.896288215618207_0.8963396793546426_0.8968028529825648_SIZE_1_1.1_2
GEN_57_FIT_0.896288215618207_0.8963396793546426_0.8968028529825648_SIZE_1_1.1_2
GEN_58_FIT_0.896288215618207_0.8963396793546426_0.8968028529825648_SIZE_1_1.1_2
GEN_59_FIT_0.896288215618207_0.8963396793546426_0.8968028529825648_SIZE_1_1.1_2
GEN_60_FIT_0.896288215618207_0.8963396793546426_0.8968028529825648_SIZE_1_1.1_2
Evaluating in sample:
[GEN_60|make_tuple(0.4602910444875695, 0.0011206785869377425)|0.9043]
[GEN_60|make_tuple(0.3821214583108753, mul(0.07793261022476981, 0.0011165256115686403))|0.9048]
Evaluating out-of-sample:
[GEN_60|make_tuple(0.4602910444875695, 0.0011206785869377425)|0.9953]
[GEN_60|make_tuple(0.3821214583108753, mul(0.07793261022476981, 0.0011165256115686403))|0.9831]
GEN_61_FIT_0.896288215618207_0.8963396793546426_0.8968028529825648_SIZE_1_1.1_2
GEN_62_FIT_0.896288215618207_0.8963396793546426_0.8968028529825648_SIZE_1_1.1_2
GEN_63_FIT_0.896288215618207_0.8963396793546426_0.8968028529825648_SIZE_1_1.1_2
GEN_64_FIT_0.896288215618207_0.8963396793546426_0.8968028529825648_SIZE_1_1.1_2
GEN_65_FIT_0.896288215618207_0.8963396793546426_0.8968028529825648_SIZE_1_1.1_2
GEN_66_FIT_0.896288215618207_0.8963396793546426_0.8968028529825648_SIZE_1_1.1_2
GEN_67_FIT_0.896288215618207_0.8963396793546426_0.8968028529825648_SIZE_1_1.1_2
GEN_68_FIT_0.896288215618207_0.8963396793546426_0.8968028529825648_SIZE_1_1.1_2
GEN_69_FIT_0.896288215618207_0.8963396793546426_0.8968028529825648_SIZE_1_1.1_2
GEN_70_FIT_0.896288215618207_0.8963396793546426_0.8968028529825648_SIZE_1_1.1_2
GEN_71_FIT_0.896288215618207_0.8963396793546426_0.8968028529825648_SIZE_1_1.1_2
Evaluating in sample:
[GEN_71|make_tuple(0.4602910444875695, 0.0011206785869377425)|0.9043]
[GEN_71|make_tuple(0.3821214583108753, mul(0.07793261022476981, 0.0011165256115686403))|0.9048]
Evaluating out-of-sample:
[GEN_71|make_tuple(0.4602910444875695, 0.0011206785869377425)|0.9953]
[GEN_71|make_tuple(0.3821214583108753, mul(0.07793261022476981, 0.0011165256115686403))|0.9831]
Stopped early in iteration 71, no improvement in 20 gens.
START_TASK: 2074
GEN_0_FIT_0.8701690935768274_0.8882017413081819_0.8954302549322553_SIZE_1_2.55_7
GEN_1_FIT_0.890938604688341_0.8936874565750392_0.8954302549322553_SIZE_1_2.05_7
GEN_2_FIT_0.8954302549322553_0.895451543655288_0.8956735583632902_SIZE_1_1.1_3
GEN_3_FIT_0.8954302549322553_0.8955691339646608_0.8956735583632902_SIZE_1_1.15_2
GEN_4_FIT_0.8956735583632902_0.895693184151807_0.8959851063902019_SIZE_1_1.05_2
GEN_5_FIT_0.8956735583632902_0.8957371002633501_0.8959851063902019_SIZE_1_1.15_2
GEN_6_FIT_0.8957545261067115_0.895812171177584_0.8959851063902019_SIZE_1_1.2_2
GEN_7_FIT_0.8957545261067115_0.8960330881193196_0.8962263260719815_SIZE_1_1.65_2
GEN_8_FIT_0.8961891637323514_0.8962232141431803_0.8963127368544779_SIZE_1_1.55_2
GEN_9_FIT_0.8962263260719815_0.8962412375096944_0.8963127368544779_SIZE_1_1.15_2
GEN_10_FIT_0.8962263260719815_0.8962775064007857_0.8963127368544779_SIZE_1_1.5_2
GEN_11_FIT_0.8963095210302299_0.8963124152720529_0.8963127368544779_SIZE_1_1.8_2
GEN_12_FIT_0.8963095210302299_0.8963124152720529_0.8963127368544779_SIZE_1_1.25_2
GEN_13_FIT_0.8963127368544779_0.8963127368544779_0.8963127368544779_SIZE_1_1.0_1
GEN_14_FIT_0.8963127368544779_0.8963127368544779_0.8963127368544779_SIZE_1_1.0_1
GEN_15_FIT_0.8963127368544779_0.8963127368544779_0.8963127368544779_SIZE_1_1.0_1
GEN_16_FIT_0.8963127368544779_0.896312804143027_0.8963140826254655_SIZE_1_1.0_1
GEN_17_FIT_0.8963127368544779_0.896312938720126_0.8963140826254655_SIZE_1_1.0_1
GEN_18_FIT_0.8963127368544779_0.8963142090979904_0.8963287240148539_SIZE_1_1.05_2
GEN_19_FIT_0.8963140826254655_0.8963155467644045_0.8963287240148539_SIZE_1_1.0_1
GEN_20_FIT_0.8963140826254655_0.8963162788338739_0.8963287240148539_SIZE_1_1.0_1
Evaluating in sample:
[GEN_20|make_tuple(0.45314801705478563, 0.0011089400435324952)|0.9043]
Evaluating out-of-sample:
[GEN_20|make_tuple(0.45314801705478563, 0.0011089400435324952)|0.9878]
GEN_21_FIT_0.8963140826254655_0.8963208483910599_0.8963302490175861_SIZE_1_1.0_1
GEN_22_FIT_0.8963287240148539_0.8963300383436408_0.8963302490175861_SIZE_1_1.0_1
GEN_23_FIT_0.8963300697858414_0.8963301773248882_0.8963302490175861_SIZE_1_1.0_1
GEN_24_FIT_0.8963302490175861_0.8963302490175863_0.8963302490175861_SIZE_1_1.0_1
GEN_25_FIT_0.8963302490175861_0.8963302490175863_0.8963302490175861_SIZE_1_1.0_1
GEN_26_FIT_0.8963302490175861_0.8963302490175863_0.8963302490175861_SIZE_1_1.0_1
GEN_27_FIT_0.8963302490175861_0.8963302490175863_0.8963302490175861_SIZE_1_1.0_1
GEN_28_FIT_0.8963302490175861_0.8963302490175863_0.8963302490175861_SIZE_1_1.0_1
GEN_29_FIT_0.8963302490175861_0.8963307046317391_0.8963393613006446_SIZE_1_1.0_1
GEN_30_FIT_0.8963302490175861_0.8963317648145889_0.8963423403915232_SIZE_1_1.0_1
GEN_31_FIT_0.8963302490175861_0.8963340428853537_0.8963423403915232_SIZE_1_1.0_1
GEN_32_FIT_0.8963393613006446_0.8963398081642764_0.8963423403915232_SIZE_1_1.0_1
GEN_33_FIT_0.8963393613006446_0.8963435845310013_0.8963514526745817_SIZE_1_1.0_1
GEN_34_FIT_0.8963423403915232_0.8963491746038171_0.8963514526745817_SIZE_1_1.0_1
GEN_35_FIT_0.8963514526745817_0.8963515726210838_0.8963538516046222_SIZE_1_1.0_1
GEN_36_FIT_0.8963514526745817_0.8963518125140879_0.8963538516046222_SIZE_1_1.0_1
GEN_37_FIT_0.8963514526745817_0.8963526521396021_0.8963538516046222_SIZE_1_1.0_1
GEN_38_FIT_0.8963538516046222_0.8963538516046222_0.8963538516046222_SIZE_1_1.0_1
GEN_39_FIT_0.8963538516046222_0.8963538516046222_0.8963538516046222_SIZE_1_1.0_1
GEN_40_FIT_0.8963538516046222_0.8963538516046222_0.8963538516046222_SIZE_1_1.0_1
Evaluating in sample:
[GEN_40|make_tuple(0.46072104388054336, 0.001120589952705635)|0.9044]
Evaluating out-of-sample:
[GEN_40|make_tuple(0.46072104388054336, 0.001120589952705635)|0.9877]
GEN_41_FIT_0.8963538516046222_0.8963538516046222_0.8963538516046222_SIZE_1_1.0_1
GEN_42_FIT_0.8963538516046222_0.8963538516046222_0.8963538516046222_SIZE_1_1.0_1
GEN_43_FIT_0.8963538516046222_0.8963538516046222_0.8963538516046222_SIZE_1_1.0_1
GEN_44_FIT_0.8963538516046222_0.8963538516046222_0.8963538516046222_SIZE_1_1.0_1
GEN_45_FIT_0.8963538516046222_0.8963538516046222_0.8963538516046222_SIZE_1_1.0_1
GEN_46_FIT_0.8963538516046222_0.8963538516046222_0.8963538516046222_SIZE_1_1.0_1
GEN_47_FIT_0.8963538516046222_0.8963538516046222_0.8963538516046222_SIZE_1_1.0_1
GEN_48_FIT_0.8963538516046222_0.8963538516046222_0.8963538516046222_SIZE_1_1.0_1
GEN_49_FIT_0.8963538516046222_0.8963538516046222_0.8963538516046222_SIZE_1_1.0_1
GEN_50_FIT_0.8963538516046222_0.8963538516046222_0.8963538516046222_SIZE_1_1.0_1
GEN_51_FIT_0.8963538516046222_0.8963538516046222_0.8963538516046222_SIZE_1_1.0_1
GEN_52_FIT_0.8963538516046222_0.8963538516046222_0.8963538516046222_SIZE_1_1.0_1
GEN_53_FIT_0.8963538516046222_0.8963538516046222_0.8963538516046222_SIZE_1_1.0_1
GEN_54_FIT_0.8963538516046222_0.8963538516046222_0.8963538516046222_SIZE_1_1.0_1
GEN_55_FIT_0.8963538516046222_0.8963538516046222_0.8963538516046222_SIZE_1_1.0_1
GEN_56_FIT_0.8963538516046222_0.8963538516046222_0.8963538516046222_SIZE_1_1.0_1
Evaluating in sample:
[GEN_56|make_tuple(0.46072104388054336, 0.001120589952705635)|0.9044]
Evaluating out-of-sample:
[GEN_56|make_tuple(0.46072104388054336, 0.001120589952705635)|0.9877]
Stopped early in iteration 56, no improvement in 20 gens.
START_TASK: 28
GEN_0_FIT_0.8630719968448242_0.8853459660968717_0.8954790317427965_SIZE_1_2.85_8
GEN_1_FIT_0.875373433368481_0.8910340561036838_0.8954790317427965_SIZE_1_2.15_4
GEN_2_FIT_0.8942041044472119_0.89499122998311_0.8954790317427965_SIZE_1_1.7_3
GEN_3_FIT_0.8946402227048584_0.8954370912908995_0.8954790317427965_SIZE_1_1.15_2
GEN_4_FIT_0.8954790317427965_0.8954806803082412_0.895512003051695_SIZE_1_1.0_1
GEN_5_FIT_0.8954790317427965_0.8954872745700209_0.895512003051695_SIZE_1_1.1_2
GEN_6_FIT_0.8955049616345024_0.8955156299696314_0.8955761371650642_SIZE_1_1.1_2
GEN_7_FIT_0.895512003051695_0.8955295811462927_0.8955761371650642_SIZE_1_1.1_2
GEN_8_FIT_0.8955761371650642_0.8955813030269854_0.8956745561501054_SIZE_1_1.05_2
GEN_9_FIT_0.8955761371650642_0.8956034724156406_0.895729166236428_SIZE_1_1.1_2
GEN_10_FIT_0.8955761371650642_0.895675881036969_0.895729166236428_SIZE_1_1.25_2
GEN_11_FIT_0.8956745561501054_0.895690303483847_0.8958320294875224_SIZE_1_1.1_2
GEN_12_FIT_0.8956745561501054_0.8957377331660854_0.8958320294875224_SIZE_1_1.4_2
GEN_13_FIT_0.8956745561501054_0.895698740193758_0.8958357831077892_SIZE_1_1.15_2
GEN_14_FIT_0.8956745561501054_0.8957084906707621_0.8958357831077892_SIZE_1_1.2_2
GEN_15_FIT_0.8956783097703721_0.8956940571041138_0.8958357831077892_SIZE_1_1.1_2
GEN_16_FIT_0.8956783097703721_0.8956940571041138_0.8958357831077892_SIZE_1_1.1_2
GEN_17_FIT_0.8956783097703721_0.8956940571041138_0.8958357831077892_SIZE_1_1.1_2
GEN_18_FIT_0.8956783097703721_0.8956940571041138_0.8958357831077892_SIZE_1_1.1_2
GEN_19_FIT_0.8956783097703721_0.8956940571041138_0.8958357831077892_SIZE_1_1.1_2
GEN_20_FIT_0.8956783097703721_0.8956940571041138_0.8958357831077892_SIZE_1_1.1_2
Evaluating in sample:
[GEN_20|make_tuple(11, 0.0011114647490340765)|0.8957]
[GEN_20|make_tuple(expit(4), 0.0011114647490340765)|0.8958]
Evaluating out-of-sample:
[GEN_20|make_tuple(11, 0.0011114647490340765)|0.9950]
[GEN_20|make_tuple(expit(4), 0.0011114647490340765)|0.9950]
GEN_21_FIT_0.8956783097703721_0.8957016346029407_0.896144806421749_SIZE_1_1.05_2
GEN_22_FIT_0.8956783097703721_0.8957249594355096_0.896144806421749_SIZE_1_1.1_2
GEN_23_FIT_0.8956783097703721_0.8957249594355096_0.896144806421749_SIZE_1_1.1_2
GEN_24_FIT_0.8956783097703721_0.8957249594355096_0.896144806421749_SIZE_1_1.1_2
GEN_25_FIT_0.8956783097703721_0.8957249594355096_0.896144806421749_SIZE_1_1.1_2
GEN_26_FIT_0.8956783097703721_0.8957249594355096_0.896144806421749_SIZE_1_1.1_2
GEN_27_FIT_0.8956783097703721_0.8957249594355096_0.896144806421749_SIZE_1_1.1_2
GEN_28_FIT_0.8956783097703721_0.8957020962910116_0.8961540401831665_SIZE_1_1.05_2
GEN_29_FIT_0.8956783097703721_0.8957057860396116_0.8962278351551647_SIZE_1_1.05_2
GEN_30_FIT_0.8956783097703721_0.8957889783471552_0.8962278351551647_SIZE_1_1.25_3
GEN_31_FIT_0.8956783097703721_0.8960015853767717_0.8962439985953724_SIZE_1_1.8_3
GEN_32_FIT_0.8956783097703721_0.895880029013874_0.8962439985953724_SIZE_1_1.45_3
GEN_33_FIT_0.8956935797668656_0.8957486216497165_0.8962439985953724_SIZE_1_1.1_2
GEN_34_FIT_0.8956935797668656_0.8957486216497165_0.8962439985953724_SIZE_1_1.1_2
GEN_35_FIT_0.8956935797668656_0.8957486216497165_0.8962439985953724_SIZE_1_1.1_2
GEN_36_FIT_0.8956935797668656_0.8957486216497165_0.8962439985953724_SIZE_1_1.1_2
GEN_37_FIT_0.8956935797668656_0.8957486216497165_0.8962439985953724_SIZE_1_1.1_2
GEN_38_FIT_0.8956935797668656_0.8957486216497165_0.8962439985953724_SIZE_1_1.1_2
GEN_39_FIT_0.8956935797668656_0.8957486216497165_0.8962439985953724_SIZE_1_1.1_2
GEN_40_FIT_0.8956935797668656_0.8957767705653424_0.8962565580793858_SIZE_1_1.2_3
Evaluating in sample:
[GEN_40|make_tuple(4, 0.0011082546504622701)|0.8957]
[GEN_40|make_tuple(mul(11, 0.041387901350164354), 0.0011082546504622701)|0.9042]
[GEN_40|make_tuple(mul(sub(11, 0.03206865839676791), 0.041387901350164354), 0.0011082546504622701)|0.9043]
Evaluating out-of-sample:
[GEN_40|make_tuple(4, 0.0011082546504622701)|0.9950]
[GEN_40|make_tuple(mul(11, 0.041387901350164354), 0.0011082546504622701)|0.9972]
[GEN_40|make_tuple(mul(sub(11, 0.03206865839676791), 0.041387901350164354), 0.0011082546504622701)|0.9972]
GEN_41_FIT_0.8956935797668656_0.8958049194809684_0.8962565580793858_SIZE_1_1.3_3
GEN_42_FIT_0.8956935797668656_0.8958049194809684_0.8962565580793858_SIZE_1_1.3_3
GEN_43_FIT_0.8956935797668656_0.8958049194809684_0.8962565580793858_SIZE_1_1.3_3
GEN_44_FIT_0.8956935797668656_0.8958049194809684_0.8962565580793858_SIZE_1_1.3_3
GEN_45_FIT_0.8956935797668656_0.8958049194809684_0.8962565580793858_SIZE_1_1.3_3
GEN_46_FIT_0.8956935797668656_0.8958049194809684_0.8962565580793858_SIZE_1_1.3_3
GEN_47_FIT_0.8956935797668656_0.8958049194809684_0.8962565580793858_SIZE_1_1.3_3
GEN_48_FIT_0.8956935797668656_0.8958049194809684_0.8962565580793858_SIZE_1_1.3_3
GEN_49_FIT_0.8956935797668656_0.8958049194809684_0.8962565580793858_SIZE_1_1.3_3
GEN_50_FIT_0.8956935797668656_0.8958049194809684_0.8962565580793858_SIZE_1_1.3_3
GEN_51_FIT_0.8956935797668656_0.8958049194809684_0.8962565580793858_SIZE_1_1.3_3
GEN_52_FIT_0.8956935797668656_0.8957217286824918_0.8962565580793858_SIZE_1_1.05_2
GEN_53_FIT_0.8956935797668656_0.8957498775981177_0.8962565580793858_SIZE_1_1.1_2
GEN_54_FIT_0.8956935797668656_0.8957498775981177_0.8962565580793858_SIZE_1_1.1_2
GEN_55_FIT_0.8956935797668656_0.8957498775981177_0.8962565580793858_SIZE_1_1.1_2
GEN_56_FIT_0.8956935797668656_0.8957498775981177_0.8962565580793858_SIZE_1_1.1_2
GEN_57_FIT_0.8956935797668656_0.8957498775981177_0.8962565580793858_SIZE_1_1.1_2
GEN_58_FIT_0.8956935797668656_0.8957498775981177_0.8962565580793858_SIZE_1_1.1_2
GEN_59_FIT_0.8956935797668656_0.8957498775981177_0.8962565580793858_SIZE_1_1.1_2
GEN_60_FIT_0.8956935797668656_0.8957498775981177_0.8962565580793858_SIZE_1_1.1_2
Evaluating in sample:
[GEN_60|make_tuple(4, 0.0011082546504622701)|0.8957]
[GEN_60|make_tuple(mul(11, 0.04126634844434635), 0.0011082546504622701)|0.9043]
Evaluating out-of-sample:
[GEN_60|make_tuple(4, 0.0011082546504622701)|0.9950]
[GEN_60|make_tuple(mul(11, 0.04126634844434635), 0.0011082546504622701)|0.9972]
GEN_61_FIT_0.8956935797668656_0.8957498775981177_0.8962565580793858_SIZE_1_1.1_2
GEN_62_FIT_0.8956935797668656_0.8957498775981177_0.8962565580793858_SIZE_1_1.1_2
GEN_63_FIT_0.8956935797668656_0.8957498775981177_0.8962565580793858_SIZE_1_1.1_2
GEN_64_FIT_0.8956935797668656_0.8957498775981177_0.8962565580793858_SIZE_1_1.1_2
GEN_65_FIT_0.8956935797668656_0.8957498775981177_0.8962565580793858_SIZE_1_1.1_2
GEN_66_FIT_0.8956935797668656_0.8957498775981177_0.8962565580793858_SIZE_1_1.1_2
GEN_67_FIT_0.8956935797668656_0.8957498775981177_0.8962565580793858_SIZE_1_1.1_2
GEN_68_FIT_0.8956935797668656_0.8957498775981177_0.8962565580793858_SIZE_1_1.1_2
GEN_69_FIT_0.8956935797668656_0.8957498775981177_0.8962565580793858_SIZE_1_1.1_2
GEN_70_FIT_0.8956935797668656_0.8957498775981177_0.8962565580793858_SIZE_1_1.1_2
GEN_71_FIT_0.8956935797668656_0.8957498775981177_0.8962565580793858_SIZE_1_1.1_2
GEN_72_FIT_0.8956935797668656_0.8957498775981177_0.8962565580793858_SIZE_1_1.1_2
GEN_73_FIT_0.8956935797668656_0.8957498775981177_0.8962565580793858_SIZE_1_1.1_2
Evaluating in sample:
[GEN_73|make_tuple(4, 0.0011082546504622701)|0.8957]
[GEN_73|make_tuple(mul(11, 0.04126634844434635), 0.0011082546504622701)|0.9043]
Evaluating out-of-sample:
[GEN_73|make_tuple(4, 0.0011082546504622701)|0.9950]
[GEN_73|make_tuple(mul(11, 0.04126634844434635), 0.0011082546504622701)|0.9972]
Stopped early in iteration 73, no improvement in 20 gens.
START_TASK: 29
GEN_0_FIT_0.879247545813923_0.8884379759667296_0.8944612154321981_SIZE_1_3.05_7
GEN_1_FIT_0.8879327878725736_0.8932392378059951_0.8961218220655437_SIZE_1_2.45_4
GEN_2_FIT_0.8923848397059356_0.894706592959927_0.896351802459784_SIZE_1_2.4_4
GEN_3_FIT_0.8946093454010678_0.8957406318082247_0.896351802459784_SIZE_1_1.9_4
GEN_4_FIT_0.8957455088683525_0.8958727973910499_0.896351802459784_SIZE_1_1.95_5
GEN_5_FIT_0.8957455088683525_0.8959641349874815_0.896351802459784_SIZE_1_2.4_5
GEN_6_FIT_0.8958027911896663_0.8961571737896639_0.8965933308035005_SIZE_1_3.35_5
GEN_7_FIT_0.8958140725695504_0.8962872016461807_0.896601737522331_SIZE_1_3.7_5
GEN_8_FIT_0.6743337054096806_0.8849479937203378_0.896743494035908_SIZE_1_2.65_6
GEN_9_FIT_0.8958140725695504_0.8960510901668428_0.8969810999002302_SIZE_1_2.05_7
GEN_10_FIT_0.8958140725695504_0.8963155476167322_0.8969810999002302_SIZE_1_3.25_7
GEN_11_FIT_0.8958140725695504_0.8964099938574769_0.8969810999002302_SIZE_1_3.65_7
GEN_12_FIT_0.8958212172518585_0.8963737293168512_0.8969810999002302_SIZE_1_3.1_5
GEN_13_FIT_0.8958212172518585_0.8960224951951385_0.8969810999002302_SIZE_1_1.75_5
GEN_14_FIT_0.8958212172518585_0.8960224951951385_0.8969810999002302_SIZE_1_1.75_5
GEN_15_FIT_0.8958212172518585_0.8960224951951385_0.8969810999002302_SIZE_1_1.75_5
GEN_16_FIT_0.8958212172518585_0.8960297328465343_0.8969810999002302_SIZE_1_1.8_5
GEN_17_FIT_0.8958212172518585_0.8960297328465343_0.8969810999002302_SIZE_1_1.8_5
GEN_18_FIT_0.8958212172518585_0.8960297328465343_0.8969810999002302_SIZE_1_1.8_5
GEN_19_FIT_0.8958212172518585_0.8961355631928585_0.8969810999002302_SIZE_1_2.25_5
GEN_20_FIT_0.8958212172518585_0.8964056036500537_0.8969810999002302_SIZE_1_3.1_6
Evaluating in sample:
[GEN_20|make_tuple(989, 0.0011185684507379165)|0.8959]
[GEN_20|make_tuple(expit(4), 0.0010976151624367372)|0.8960]
[GEN_20|make_tuple(expit(expit(1)), mul(0.00235619550582547, 0.037050043703027356))|0.9046]
[GEN_20|make_tuple(expit(expit(expit(1))), mul(0.00235619550582547, 0.037050043703027356))|0.9050]
Evaluating out-of-sample:
[GEN_20|make_tuple(989, 0.0011185684507379165)|0.9631]
[GEN_20|make_tuple(expit(4), 0.0010976151624367372)|0.9622]
[GEN_20|make_tuple(expit(expit(1)), mul(0.00235619550582547, 0.037050043703027356))|0.9366]
[GEN_20|make_tuple(expit(expit(expit(1))), mul(0.00235619550582547, 0.037050043703027356))|0.9366]
GEN_21_FIT_0.8958821642402311_0.8966831892221105_0.8969810999002302_SIZE_1_4.05_5
GEN_22_FIT_0.8958821642402311_0.8967515066211114_0.8972093607465489_SIZE_1_4.25_6
GEN_23_FIT_0.8958821642402311_0.8962134518334276_0.8972093607465489_SIZE_1_2.3_6
GEN_24_FIT_0.8958821642402311_0.8962134518334276_0.8972093607465489_SIZE_1_2.3_6
GEN_25_FIT_0.8958821642402311_0.8962134518334276_0.8972093607465489_SIZE_1_2.3_6
GEN_26_FIT_0.8958821642402311_0.8965969299122726_0.8972093607465489_SIZE_1_3.95_7
GEN_27_FIT_0.8959616433853183_0.8967954780631023_0.8972093607465489_SIZE_1_4.55_6
GEN_28_FIT_0.8959616433853183_0.8969071123992466_0.8972093607465489_SIZE_1_4.85_6
GEN_29_FIT_0.8959616433853183_0.8969069278251631_0.8972093607465489_SIZE_1_4.8_6
GEN_30_FIT_0.8958821642402311_0.8964708212669613_0.8972513476613938_SIZE_1_3.0_7
GEN_31_FIT_0.8959616433853183_0.8963480301584544_0.8972513476613938_SIZE_1_2.4_7
GEN_32_FIT_0.8959616433853183_0.8963473549293359_0.8972513476613938_SIZE_1_2.35_7
GEN_33_FIT_0.8959616433853183_0.89629096362026_0.8972513476613938_SIZE_1_2.05_6
GEN_34_FIT_0.8959616433853183_0.8962931289138277_0.8972513476613938_SIZE_1_2.1_6
GEN_35_FIT_0.8959616433853183_0.8962931289138277_0.8972513476613938_SIZE_1_2.1_6
GEN_36_FIT_0.8959616433853183_0.8962931289138277_0.8972513476613938_SIZE_1_2.0_6
GEN_37_FIT_0.8959616433853183_0.8962931289138277_0.8972513476613938_SIZE_1_2.0_6
GEN_38_FIT_0.8959616433853183_0.8963555807297148_0.8972513476613938_SIZE_1_2.2_6
GEN_39_FIT_0.8959616433853183_0.8962774551824797_0.8972513476613938_SIZE_1_1.95_6
GEN_40_FIT_0.8959616433853183_0.8961542012847368_0.8972513476613938_SIZE_1_1.55_6
Evaluating in sample:
[GEN_40|make_tuple(4, 0.0011112651541572687)|0.8960]
[GEN_40|make_tuple(0.3941577524919613, mul(0.00235619550582547, 0.03669503174267547))|0.9052]
[GEN_40|make_tuple(expit(expit(expit(min(1, 0.019940077108038357)))), mul(0.00235619550582547, 0.037050043703027356))|0.9053]
Evaluating out-of-sample:
[GEN_40|make_tuple(4, 0.0011112651541572687)|0.9629]
[GEN_40|make_tuple(0.3941577524919613, mul(0.00235619550582547, 0.03669503174267547))|0.9366]
[GEN_40|make_tuple(expit(expit(expit(min(1, 0.019940077108038357)))), mul(0.00235619550582547, 0.037050043703027356))|0.9366]
GEN_41_FIT_0.8959616433853183_0.8961533035427436_0.8972513476613938_SIZE_1_1.3_5
GEN_42_FIT_0.8959616433853183_0.896388113525868_0.8972513476613938_SIZE_1_1.65_5
GEN_43_FIT_0.8959616433853183_0.896625414093266_0.8972513476613938_SIZE_1_1.95_5
GEN_44_FIT_0.8960417303321068_0.8971765029230403_0.8972513476613938_SIZE_1_2.4_5
GEN_45_FIT_0.8960417303321068_0.8971232039925205_0.8972513476613938_SIZE_1_3.4_5
GEN_46_FIT_0.8960417303321068_0.8971285904444791_0.8972513476613938_SIZE_1_4.3_5
GEN_47_FIT_0.8960417303321068_0.8971285904444791_0.8972513476613938_SIZE_1_4.3_5
GEN_48_FIT_0.8960417303321068_0.8971285904444791_0.8972513476613938_SIZE_1_4.3_5
GEN_49_FIT_0.8960417303321068_0.8971285904444791_0.8972513476613938_SIZE_1_4.3_5
GEN_50_FIT_0.8962358503805832_0.8971987773133673_0.8972513476613938_SIZE_1_4.5_5
GEN_51_FIT_0.896463686596549_0.8972101691241656_0.8972513476613938_SIZE_1_4.5_5
GEN_52_FIT_0.896463686596549_0.8972101691241656_0.8972513476613938_SIZE_1_4.5_5
GEN_53_FIT_0.896463686596549_0.8972101691241656_0.8972513476613938_SIZE_1_4.5_5
GEN_54_FIT_0.896463686596549_0.8972101691241656_0.8972513476613938_SIZE_1_4.5_5
GEN_55_FIT_0.896463686596549_0.8971707860709234_0.8972513476613938_SIZE_1_4.3_5
GEN_56_FIT_0.8964951802330228_0.8972117438059893_0.8972513476613938_SIZE_1_4.5_5
GEN_57_FIT_0.8964951802330228_0.8971739354345708_0.8972513476613938_SIZE_1_4.3_5
GEN_58_FIT_0.8964951802330228_0.8971739354345708_0.8972513476613938_SIZE_1_4.3_5
GEN_59_FIT_0.8964951802330228_0.8971739354345708_0.8972513476613938_SIZE_1_4.3_5
GEN_60_FIT_0.8964951802330228_0.8971739354345708_0.8972513476613938_SIZE_1_4.3_5
Evaluating in sample:
[GEN_60|make_tuple(0.45218298840462834, 0.0011112651541572687)|0.9045]
[GEN_60|make_tuple(0.3941577524919613, mul(0.00235619550582547, 0.03669503174267547))|0.9052]
[GEN_60|make_tuple(expit(expit(expit(0.018937029401760553))), mul(0.00235619550582547, 0.037050043703027356))|0.9053]
Evaluating out-of-sample:
[GEN_60|make_tuple(0.45218298840462834, 0.0011112651541572687)|0.9584]
[GEN_60|make_tuple(0.3941577524919613, mul(0.00235619550582547, 0.03669503174267547))|0.9366]
[GEN_60|make_tuple(expit(expit(expit(0.018937029401760553))), mul(0.00235619550582547, 0.037050043703027356))|0.9366]
GEN_61_FIT_0.8964951802330228_0.8971739354345708_0.8972513476613938_SIZE_1_4.3_5
GEN_62_FIT_0.8964952511628329_0.8972117473524799_0.8972513476613938_SIZE_1_4.5_5
Evaluating in sample:
[GEN_62|make_tuple(0.44668704416909344, 0.0011112651541572687)|0.9045]
[GEN_62|make_tuple(0.3941577524919613, mul(0.00235619550582547, 0.03669503174267547))|0.9052]
[GEN_62|make_tuple(expit(expit(expit(0.018937029401760553))), mul(0.00235619550582547, 0.037050043703027356))|0.9053]
Evaluating out-of-sample:
[GEN_62|make_tuple(0.44668704416909344, 0.0011112651541572687)|0.9576]
[GEN_62|make_tuple(0.3941577524919613, mul(0.00235619550582547, 0.03669503174267547))|0.9366]
[GEN_62|make_tuple(expit(expit(expit(0.018937029401760553))), mul(0.00235619550582547, 0.037050043703027356))|0.9366]
Stopped early in iteration 62, no improvement in 20 gens.
START_TASK: 2079
