Starting problem: mlr_knn
param:age_regularization:100000.0
param:algorithm:mupluslambda
param:constants_only:True
param:cxpb:0.25
param:early_stop_n:20
param:lambda_:100
param:max_number_operators:None
param:max_start_size:2
param:mu:20
param:ngen:300
param:optimize_constants:False
param:output_file:/home/gijsbers/symbolicdefaults/runs/mlr_knn_True_0.log
param:problem:mlr_knn
param:subset:1.0
param:task:None
param:warm_start:False
Benchmark problems: mlr_knn
Loading surrogates from file.
START_TASK: 3
GEN_0_FIT_0.68237033802043_0.7082595481311972_0.7571855422019946_SIZE_1_1.3_4
GEN_1_FIT_0.7357703698458583_0.7506011235876511_0.770608325706642_SIZE_1_1.5_3
GEN_2_FIT_0.7566046767233863_0.7617033563827039_0.770608325706642_SIZE_1_1.35_2
GEN_3_FIT_0.770520303698929_0.7706130222681595_0.7711129217119127_SIZE_1_1.5_2
GEN_4_FIT_0.770572476510286_0.7707057899735192_0.7711129217119127_SIZE_1_1.35_2
GEN_5_FIT_0.7707177131105951_0.7710117713294806_0.771169230309841_SIZE_1_1.6_2
GEN_6_FIT_0.7710665018137298_0.7710913892552258_0.771169230309841_SIZE_1_1.1_2
GEN_7_FIT_0.7711036684258786_0.7711628771009578_0.771288372107696_SIZE_1_1.45_2
GEN_8_FIT_0.7711691259112006_0.7711826478062254_0.7712984123767892_SIZE_1_1.05_2
GEN_9_FIT_0.7711691259112006_0.7712290753806672_0.7714105882608784_SIZE_1_1.15_2
GEN_10_FIT_0.771288372107696_0.771343378398057_0.7714683456671287_SIZE_1_1.2_2
GEN_11_FIT_0.7714105882608784_0.7714318186257308_0.7714683456671287_SIZE_1_1.0_1
GEN_12_FIT_0.7714428512062201_0.7714697003889135_0.7715152319843327_SIZE_1_1.05_2
GEN_13_FIT_0.7714683456671287_0.7714863620440205_0.7715152319843327_SIZE_1_1.05_2
GEN_14_FIT_0.7715152319843327_0.7715163449768166_0.7715374918340114_SIZE_1_1.0_1
GEN_15_FIT_0.7715152319843327_0.7715297921700219_0.7717087929958144_SIZE_1_1.0_1
GEN_16_FIT_0.7715152319843327_0.7715394214335372_0.7717087929958144_SIZE_1_1.2_2
GEN_17_FIT_0.7715374918340114_0.7715486127381432_0.7717087929958144_SIZE_1_1.05_2
GEN_18_FIT_0.7715431435529541_0.7715681385486153_0.7717087929958144_SIZE_1_1.1_2
GEN_19_FIT_0.7715431435529541_0.7716525625433144_0.7717160514659986_SIZE_1_1.3_2
GEN_20_FIT_0.7717087929958144_0.7717183122007178_0.7717543173541653_SIZE_1_1.1_2
Evaluating in sample:
[GEN_20|make_tuple(9, 28, 201, 310)|0.7718]
Evaluating out-of-sample:
[GEN_20|make_tuple(9, 28, 201, 310)|0.8917]
GEN_21_FIT_0.7717160514659986_0.7717280182945074_0.7717543173541653_SIZE_1_1.15_2
GEN_22_FIT_0.7717462714761528_0.7717579153464019_0.7719063825910838_SIZE_1_1.4_2
GEN_23_FIT_0.7717502442315562_0.7717691477922066_0.7719063825910838_SIZE_1_1.1_2
GEN_24_FIT_0.7717543173541653_0.7718147577033374_0.7719063825910838_SIZE_1_1.05_2
GEN_25_FIT_0.7718061317625644_0.7719013700496579_0.7719063825910838_SIZE_1_1.0_1
GEN_26_FIT_0.7719063825910838_0.7719063825910838_0.7719063825910838_SIZE_1_1.0_1
GEN_27_FIT_0.7719063825910838_0.7719063825910838_0.7719063825910838_SIZE_1_1.0_1
GEN_28_FIT_0.7719063825910838_0.7719063825910838_0.7719063825910838_SIZE_1_1.0_1
GEN_29_FIT_0.7719063825910838_0.7719063825910838_0.7719063825910838_SIZE_1_1.0_1
GEN_30_FIT_0.7719063825910838_0.7719063825910838_0.7719063825910838_SIZE_1_1.0_1
GEN_31_FIT_0.7719063825910838_0.7719063825910838_0.7719063825910838_SIZE_1_1.0_1
GEN_32_FIT_0.7719063825910838_0.7719063825910838_0.7719063825910838_SIZE_1_1.0_1
GEN_33_FIT_0.7719063825910838_0.7719063825910838_0.7719063825910838_SIZE_1_1.0_1
GEN_34_FIT_0.7719063825910838_0.7719066755740862_0.7719122422511318_SIZE_1_1.0_1
GEN_35_FIT_0.7719063825910838_0.7719081404890982_0.7719122422511318_SIZE_1_1.05_2
GEN_36_FIT_0.7719063825910838_0.7719116562851269_0.7719122422511318_SIZE_1_1.1_2
GEN_37_FIT_0.7719122422511318_0.7719122422511318_0.7719122422511318_SIZE_1_1.0_1
GEN_38_FIT_0.7719122422511318_0.7719122422511318_0.7719122422511318_SIZE_1_1.0_1
GEN_39_FIT_0.7719122422511318_0.7719122422511318_0.7719122422511318_SIZE_1_1.0_1
GEN_40_FIT_0.7719122422511318_0.7719122422511318_0.7719122422511318_SIZE_1_1.0_1
Evaluating in sample:
[GEN_40|make_tuple(9, 29, 201, 311)|0.7719]
Evaluating out-of-sample:
[GEN_40|make_tuple(9, 29, 201, 311)|0.8884]
GEN_41_FIT_0.7719122422511318_0.7719122422511318_0.7719122422511318_SIZE_1_1.0_1
GEN_42_FIT_0.7719122422511318_0.7719122422511318_0.7719122422511318_SIZE_1_1.0_1
GEN_43_FIT_0.7719122422511318_0.7719122422511318_0.7719122422511318_SIZE_1_1.0_1
GEN_44_FIT_0.7719122422511318_0.7719122422511318_0.7719122422511318_SIZE_1_1.0_1
GEN_45_FIT_0.7719122422511318_0.7719122422511318_0.7719122422511318_SIZE_1_1.0_1
GEN_46_FIT_0.7719122422511318_0.7719122422511318_0.7719122422511318_SIZE_1_1.0_1
GEN_47_FIT_0.7719122422511318_0.7719122422511318_0.7719122422511318_SIZE_1_1.0_1
GEN_48_FIT_0.7719122422511318_0.7719122422511318_0.7719122422511318_SIZE_1_1.0_1
GEN_49_FIT_0.7719122422511318_0.7719122422511318_0.7719122422511318_SIZE_1_1.0_1
GEN_50_FIT_0.7719122422511318_0.7719122422511318_0.7719122422511318_SIZE_1_1.0_1
GEN_51_FIT_0.7719122422511318_0.7719122422511318_0.7719122422511318_SIZE_1_1.0_1
GEN_52_FIT_0.7719122422511318_0.7719122422511318_0.7719122422511318_SIZE_1_1.0_1
GEN_53_FIT_0.7719122422511318_0.7719122422511318_0.7719122422511318_SIZE_1_1.0_1
GEN_54_FIT_0.7719122422511318_0.7719122422511318_0.7719122422511318_SIZE_1_1.0_1
GEN_55_FIT_0.7719122422511318_0.7719122422511318_0.7719122422511318_SIZE_1_1.0_1
Evaluating in sample:
[GEN_55|make_tuple(9, 29, 201, 311)|0.7719]
Evaluating out-of-sample:
[GEN_55|make_tuple(9, 29, 201, 311)|0.8884]
Stopped early in iteration 55, no improvement in 20 gens.
START_TASK: 6
GEN_0_FIT_0.5332955138898722_0.6538947036519615_0.7511181680747602_SIZE_1_2.65_6
GEN_1_FIT_0.683008592451966_0.7203470086326067_0.7511181680747602_SIZE_1_3.55_6
GEN_2_FIT_0.7133304979063658_0.7397791114193984_0.7656883728860395_SIZE_1_3.1_5
GEN_3_FIT_0.7296927150767097_0.7581381444103658_0.77084088095565_SIZE_1_2.8_6
GEN_4_FIT_0.7516756672010991_0.7668305729644899_0.77084088095565_SIZE_1_3.15_6
GEN_5_FIT_0.761911062690278_0.7690063378042108_0.770915882773153_SIZE_1_3.0_6
GEN_6_FIT_0.7655305037179038_0.7695748353106499_0.770915882773153_SIZE_1_2.8_6
GEN_7_FIT_0.7694560857978913_0.7705277146783446_0.7710057287414491_SIZE_1_2.1_4
GEN_8_FIT_0.7707944404896191_0.7709407300547809_0.7710275861984393_SIZE_1_1.5_2
GEN_9_FIT_0.7710057287414491_0.7710086244526817_0.7710636429660991_SIZE_1_1.05_2
GEN_10_FIT_0.7710057287414491_0.7710180822949895_0.7710636429660991_SIZE_1_1.25_2
GEN_11_FIT_0.771017700300747_0.7710517437671516_0.7711196100052109_SIZE_1_1.7_2
GEN_12_FIT_0.7710353422243218_0.771127673258533_0.7717325670294924_SIZE_1_1.3_2
GEN_13_FIT_0.771066034205493_0.7712643164388645_0.7717325670294924_SIZE_1_1.35_2
GEN_14_FIT_0.7711120435433513_0.7715962405862623_0.7717796359742529_SIZE_1_1.8_2
GEN_15_FIT_0.7711504261318619_0.7715485505549157_0.7717796359742529_SIZE_1_1.65_2
GEN_16_FIT_0.771234924657213_0.7716934243288636_0.7717796359742529_SIZE_1_1.9_3
GEN_17_FIT_0.771280384282406_0.7717297108050684_0.7717796359742529_SIZE_1_1.9_2
GEN_18_FIT_0.771280384282406_0.7717297108050684_0.7717796359742529_SIZE_1_1.9_2
GEN_19_FIT_0.7712436733508506_0.7715014194470239_0.7718027369030538_SIZE_1_1.45_2
GEN_20_FIT_0.771280384282406_0.7713583476633759_0.7718027369030538_SIZE_1_1.15_2
Evaluating in sample:
[GEN_20|make_tuple(9, 361, 176, 315)|0.7713]
[GEN_20|make_tuple(9, 366, truediv(2, 0.01022746576523951), 314)|0.7718]
Evaluating out-of-sample:
[GEN_20|make_tuple(9, 361, 176, 315)|0.8286]
[GEN_20|make_tuple(9, 366, truediv(2, 0.01022746576523951), 314)|0.8286]
GEN_21_FIT_0.771280384282406_0.7713623782836352_0.7718066030000258_SIZE_1_1.15_2
GEN_22_FIT_0.771280384282406_0.7715269372158255_0.7718066030000258_SIZE_1_1.45_3
GEN_23_FIT_0.771371452628288_0.771771876654797_0.7718066030000258_SIZE_1_1.75_2
GEN_24_FIT_0.7717407923425733_0.771773769717767_0.7718760598939796_SIZE_1_1.4_2
GEN_25_FIT_0.7717446584395455_0.7717807394495522_0.7721920895494861_SIZE_1_1.15_2
GEN_26_FIT_0.7717446584395455_0.7718910712404569_0.7721920895494861_SIZE_1_1.45_2
GEN_27_FIT_0.7717560446208722_0.7720993572447824_0.7721920895494861_SIZE_1_1.5_3
GEN_28_FIT_0.7721920895494861_0.7722094095592922_0.7723691471034999_SIZE_1_1.1_3
GEN_29_FIT_0.7721920895494861_0.7722633388240367_0.7723691471034999_SIZE_1_1.3_3
GEN_30_FIT_0.7722080899655793_0.7723459162221762_0.7723691471034999_SIZE_1_1.5_3
GEN_31_FIT_0.7723691471034999_0.7723720200727195_0.7724266064878892_SIZE_1_1.05_2
GEN_32_FIT_0.7723691471034999_0.7723781517567538_0.7724343213997965_SIZE_1_1.1_2
GEN_33_FIT_0.7723691471034999_0.7723846691863834_0.7724343213997965_SIZE_1_1.1_2
GEN_34_FIT_0.7723691471034999_0.7723944453308279_0.7724343213997965_SIZE_1_1.1_2
GEN_35_FIT_0.7723691471034999_0.7724237737641613_0.7724343213997965_SIZE_1_1.1_2
GEN_36_FIT_0.7724343213997965_0.7724343213997964_0.7724343213997965_SIZE_1_1.0_1
GEN_37_FIT_0.7724343213997965_0.7724343213997964_0.7724343213997965_SIZE_1_1.0_1
GEN_38_FIT_0.7724343213997965_0.7724343213997964_0.7724343213997965_SIZE_1_1.0_1
GEN_39_FIT_0.7724343213997965_0.7724343213997964_0.7724343213997965_SIZE_1_1.0_1
GEN_40_FIT_0.7724343213997965_0.7724352982751539_0.7724538589069441_SIZE_1_1.05_2
Evaluating in sample:
[GEN_40|make_tuple(9, 29, 201, 312)|0.7724]
[GEN_40|make_tuple(9, 29, 201, sub(312, 0.6791241793337656))|0.7725]
Evaluating out-of-sample:
[GEN_40|make_tuple(9, 29, 201, 312)|0.8261]
[GEN_40|make_tuple(9, 29, 201, sub(312, 0.6791241793337656))|0.8261]
GEN_41_FIT_0.7724343213997965_0.7724362751505112_0.7724538589069441_SIZE_1_1.05_2
GEN_42_FIT_0.7724343213997965_0.7724372520258685_0.7724538589069441_SIZE_1_1.1_2
GEN_43_FIT_0.7724343213997965_0.7724445703895947_0.7724538589069441_SIZE_1_1.4_3
GEN_44_FIT_0.7724439261242873_0.7724533622678112_0.7724538589069441_SIZE_1_1.6_2
GEN_45_FIT_0.7724538589069441_0.7724538589069441_0.7724538589069441_SIZE_1_1.05_2
GEN_46_FIT_0.7724538589069441_0.7724538589069441_0.7724538589069441_SIZE_1_1.0_1
GEN_47_FIT_0.7724538589069441_0.7724538589069441_0.7724538589069441_SIZE_1_1.0_1
GEN_48_FIT_0.7724538589069441_0.7724538589069441_0.7724538589069441_SIZE_1_1.0_1
GEN_49_FIT_0.7724538589069441_0.7724538589069441_0.7724538589069441_SIZE_1_1.0_1
GEN_50_FIT_0.7724538589069441_0.7724538589069441_0.7724538589069441_SIZE_1_1.0_1
GEN_51_FIT_0.7724538589069441_0.7724538589069441_0.7724538589069441_SIZE_1_1.0_1
GEN_52_FIT_0.7724538589069441_0.7724538589069441_0.7724538589069441_SIZE_1_1.0_1
GEN_53_FIT_0.7724538589069441_0.7724538589069441_0.7724538589069441_SIZE_1_1.0_1
GEN_54_FIT_0.7724538589069441_0.7724538589069441_0.7724538589069441_SIZE_1_1.0_1
GEN_55_FIT_0.7724538589069441_0.7724538589069441_0.7724538589069441_SIZE_1_1.0_1
GEN_56_FIT_0.7724538589069441_0.7724538589069441_0.7724538589069441_SIZE_1_1.0_1
GEN_57_FIT_0.7724538589069441_0.7724538589069441_0.7724538589069441_SIZE_1_1.0_1
GEN_58_FIT_0.7724538589069441_0.7724538589069441_0.7724538589069441_SIZE_1_1.0_1
GEN_59_FIT_0.7724538589069441_0.7724538589069441_0.7724538589069441_SIZE_1_1.0_1
GEN_60_FIT_0.7724538589069441_0.7724538589069441_0.7724538589069441_SIZE_1_1.0_1
Evaluating in sample:
[GEN_60|make_tuple(9, 29, 201, 311)|0.7725]
Evaluating out-of-sample:
[GEN_60|make_tuple(9, 29, 201, 311)|0.8261]
GEN_61_FIT_0.7724538589069441_0.7724538589069441_0.7724538589069441_SIZE_1_1.0_1
GEN_62_FIT_0.7724538589069441_0.7724538589069441_0.7724538589069441_SIZE_1_1.0_1
Evaluating in sample:
[GEN_62|make_tuple(9, 29, 201, 311)|0.7725]
Evaluating out-of-sample:
[GEN_62|make_tuple(9, 29, 201, 311)|0.8261]
Stopped early in iteration 62, no improvement in 20 gens.
START_TASK: 11
GEN_0_FIT_0.6701374487567533_0.7060884155236576_0.736250804431429_SIZE_1_3.65_14
GEN_1_FIT_0.72396135139421_0.7335220548479515_0.7441093535917442_SIZE_1_1.7_9
GEN_2_FIT_0.7424803558150258_0.7478179296182514_0.7575864626493819_SIZE_1_2.35_9
GEN_3_FIT_0.7514618550651398_0.7566993913125611_0.7679484054578226_SIZE_1_2.3_9
GEN_4_FIT_0.7632817352603256_0.7665839794480429_0.7702252119818475_SIZE_1_2.75_9
GEN_5_FIT_0.7683303338516256_0.769317209345763_0.7702252119818475_SIZE_1_3.15_6
GEN_6_FIT_0.7687487852687671_0.7694241120570698_0.770443396881795_SIZE_1_2.35_6
GEN_7_FIT_0.7691199383891566_0.7701411061142511_0.770443396881795_SIZE_1_3.45_6
GEN_8_FIT_0.7694344851882393_0.7701925108791887_0.770443396881795_SIZE_1_2.45_4
GEN_9_FIT_0.7692442392937714_0.7699958532658637_0.7710544753074897_SIZE_1_1.8_4
GEN_10_FIT_0.7697176888090099_0.7703104007987845_0.7710544753074897_SIZE_1_1.6_2
GEN_11_FIT_0.7704191180283031_0.7709274038516526_0.7710544753074897_SIZE_1_1.8_2
GEN_12_FIT_0.7669568053614035_0.7704992912377457_0.7711012839564142_SIZE_1_1.45_2
GEN_13_FIT_0.7704191180283031_0.7706506658515682_0.7711094909567429_SIZE_1_1.3_2
GEN_14_FIT_0.7709208879597872_0.7710584827443494_0.7712242344074729_SIZE_1_1.6_2
GEN_15_FIT_0.7709488719246076_0.7710502196853881_0.7712242344074729_SIZE_1_1.4_2
GEN_16_FIT_0.7710560324151834_0.7711535370919097_0.7712324414078015_SIZE_1_1.45_2
GEN_17_FIT_0.7712242344074729_0.7712275172076044_0.7712324414078015_SIZE_1_1.0_1
GEN_18_FIT_0.7712324414078015_0.7712324414078016_0.7712324414078015_SIZE_1_1.0_1
GEN_19_FIT_0.7712324414078015_0.7712357314927681_0.7712924284764151_SIZE_1_1.0_1
GEN_20_FIT_0.7712324414078015_0.771251909748197_0.7712982431071304_SIZE_1_1.05_2
Evaluating in sample:
[GEN_20|make_tuple(9, 260, 199, 311)|0.7713]
Evaluating out-of-sample:
[GEN_20|make_tuple(9, 260, 199, 311)|0.9011]
GEN_21_FIT_0.7712924284764151_0.7712933006710223_0.7712982431071304_SIZE_1_1.05_2
GEN_22_FIT_0.7712924284764151_0.7712950450602369_0.7712982431071304_SIZE_1_1.1_2
GEN_23_FIT_0.7712982431071304_0.7712996674657084_0.7713267302786896_SIZE_1_1.0_1
GEN_24_FIT_0.7712982431071304_0.7713054453607365_0.7713267302786896_SIZE_1_1.1_2
GEN_25_FIT_0.7712998523214575_0.7713213546872432_0.7713267302786896_SIZE_1_1.15_2
GEN_26_FIT_0.7713267302786896_0.771327052121555_0.7713283394930167_SIZE_1_1.05_2
GEN_27_FIT_0.7713267302786896_0.7713619508589536_0.7716700854025322_SIZE_1_1.1_2
GEN_28_FIT_0.7713283394930167_0.7714477717114229_0.7716863739693579_SIZE_1_1.05_2
GEN_29_FIT_0.7716601526198756_0.771668237785285_0.7716863739693579_SIZE_1_1.2_2
GEN_30_FIT_0.7716700854025322_0.7716733431158972_0.7716863739693579_SIZE_1_1.0_1
GEN_31_FIT_0.7716700854025322_0.7716814873993101_0.7716863739693579_SIZE_1_1.05_2
GEN_32_FIT_0.7716863739693579_0.7716863739693578_0.7716863739693579_SIZE_1_1.0_1
GEN_33_FIT_0.7716863739693579_0.7716863739693578_0.7716863739693579_SIZE_1_1.0_1
GEN_34_FIT_0.7716863739693579_0.7716863739693578_0.7716863739693579_SIZE_1_1.0_1
GEN_35_FIT_0.7716863739693579_0.771692087652425_0.7718006476307032_SIZE_1_1.0_1
GEN_36_FIT_0.7716863739693579_0.7716978013354924_0.7718006476307032_SIZE_1_1.0_1
GEN_37_FIT_0.7716863739693579_0.7717149423846942_0.7718006476307032_SIZE_1_1.05_2
GEN_38_FIT_0.7716863739693579_0.7717892202645686_0.7718006476307032_SIZE_1_1.05_2
GEN_39_FIT_0.7718006476307032_0.7718006476307033_0.7718006476307032_SIZE_1_1.0_1
GEN_40_FIT_0.7718006476307032_0.7718006476307033_0.7718006476307032_SIZE_1_1.0_1
Evaluating in sample:
[GEN_40|make_tuple(9, 29, 199, 311)|0.7718]
Evaluating out-of-sample:
[GEN_40|make_tuple(9, 29, 199, 311)|0.9003]
GEN_41_FIT_0.7718006476307032_0.7718006476307033_0.7718006476307032_SIZE_1_1.0_1
GEN_42_FIT_0.7718006476307032_0.7718006476307033_0.7718006476307032_SIZE_1_1.0_1
GEN_43_FIT_0.7718006476307032_0.7718006476307033_0.7718006476307032_SIZE_1_1.0_1
GEN_44_FIT_0.7718006476307032_0.7718006476307033_0.7718006476307032_SIZE_1_1.0_1
GEN_45_FIT_0.7718006476307032_0.7718006476307033_0.7718006476307032_SIZE_1_1.0_1
GEN_46_FIT_0.7718006476307032_0.7718006476307033_0.7718006476307032_SIZE_1_1.0_1
GEN_47_FIT_0.7718006476307032_0.7718006476307033_0.7718006476307032_SIZE_1_1.0_1
GEN_48_FIT_0.7718006476307032_0.7718006476307033_0.7718006476307032_SIZE_1_1.0_1
GEN_49_FIT_0.7718006476307032_0.7718006476307033_0.7718006476307032_SIZE_1_1.0_1
GEN_50_FIT_0.7718006476307032_0.7718006476307033_0.7718006476307032_SIZE_1_1.0_1
GEN_51_FIT_0.7718006476307032_0.7718006476307033_0.7718006476307032_SIZE_1_1.0_1
GEN_52_FIT_0.7718006476307032_0.7718006476307033_0.7718006476307032_SIZE_1_1.0_1
GEN_53_FIT_0.7718006476307032_0.7718010333762987_0.7718083625426104_SIZE_1_1.0_1
GEN_54_FIT_0.7718006476307032_0.7718014191218939_0.7718083625426104_SIZE_1_1.0_1
GEN_55_FIT_0.7718006476307032_0.7718029621042755_0.7718083625426104_SIZE_1_1.0_1
GEN_56_FIT_0.7718006476307032_0.7718079767970152_0.7718083625426104_SIZE_1_1.05_2
GEN_57_FIT_0.7718083625426104_0.7718083625426105_0.7718083625426104_SIZE_1_1.0_1
GEN_58_FIT_0.7718083625426104_0.7718083625426105_0.7718083625426104_SIZE_1_1.0_1
GEN_59_FIT_0.7718083625426104_0.7718083625426105_0.7718083625426104_SIZE_1_1.0_1
GEN_60_FIT_0.7718083625426104_0.7718083625426105_0.7718083625426104_SIZE_1_1.0_1
Evaluating in sample:
[GEN_60|make_tuple(9, 29, 201, 311)|0.7718]
Evaluating out-of-sample:
[GEN_60|make_tuple(9, 29, 201, 311)|0.9003]
GEN_61_FIT_0.7718083625426104_0.7718083625426105_0.7718083625426104_SIZE_1_1.0_1
GEN_62_FIT_0.7718083625426104_0.7718083625426105_0.7718083625426104_SIZE_1_1.0_1
GEN_63_FIT_0.7718083625426104_0.7718083625426105_0.7718083625426104_SIZE_1_1.0_1
GEN_64_FIT_0.7718083625426104_0.7718083625426105_0.7718083625426104_SIZE_1_1.0_1
GEN_65_FIT_0.7718083625426104_0.7718083625426105_0.7718083625426104_SIZE_1_1.0_1
GEN_66_FIT_0.7718083625426104_0.7718083625426105_0.7718083625426104_SIZE_1_1.0_1
GEN_67_FIT_0.7718083625426104_0.7718083625426105_0.7718083625426104_SIZE_1_1.0_1
GEN_68_FIT_0.7718083625426104_0.7718083625426105_0.7718083625426104_SIZE_1_1.0_1
GEN_69_FIT_0.7718083625426104_0.7718083625426105_0.7718083625426104_SIZE_1_1.0_1
GEN_70_FIT_0.7718083625426104_0.7718083625426105_0.7718083625426104_SIZE_1_1.0_1
GEN_71_FIT_0.7718083625426104_0.7718083625426105_0.7718083625426104_SIZE_1_1.0_1
GEN_72_FIT_0.7718083625426104_0.7718083625426105_0.7718083625426104_SIZE_1_1.0_1
GEN_73_FIT_0.7718083625426104_0.7718083625426105_0.7718083625426104_SIZE_1_1.0_1
GEN_74_FIT_0.7718083625426104_0.7718083625426105_0.7718083625426104_SIZE_1_1.0_1
Evaluating in sample:
[GEN_74|make_tuple(9, 29, 201, 311)|0.7718]
Evaluating out-of-sample:
[GEN_74|make_tuple(9, 29, 201, 311)|0.9003]
Stopped early in iteration 74, no improvement in 20 gens.
START_TASK: 12
GEN_0_FIT_0.5817224178711538_0.6749505540092248_0.7507122676871771_SIZE_1_3.4_13
GEN_1_FIT_0.7157689528723554_0.7409507000138853_0.7507122676871771_SIZE_1_1.8_5
GEN_2_FIT_0.7506948784003152_0.7518581522180509_0.7655784041692616_SIZE_1_1.25_2
GEN_3_FIT_0.7519407514241333_0.7558674182195176_0.7655811724480436_SIZE_1_1.3_3
GEN_4_FIT_0.7580017108996545_0.7642727395223762_0.765831512730129_SIZE_1_1.35_3
GEN_5_FIT_0.7655811724480436_0.7663287956296043_0.7695579179578163_SIZE_1_1.05_2
GEN_6_FIT_0.7681531638642638_0.7690097679403102_0.7696947078544004_SIZE_1_1.15_2
GEN_7_FIT_0.7695545978607082_0.7695712649377638_0.7696947078544004_SIZE_1_1.05_2
GEN_8_FIT_0.7695579179578163_0.7697369781820397_0.7704545769653252_SIZE_1_1.05_2
GEN_9_FIT_0.7697850445845992_0.7702008127330717_0.7704545769653252_SIZE_1_1.15_2
GEN_10_FIT_0.7703934881311552_0.7704823955230841_0.7709667419337332_SIZE_1_1.0_1
GEN_11_FIT_0.7705293136259735_0.7708431692317703_0.7711238885069563_SIZE_1_1.05_2
GEN_12_FIT_0.7709667419337332_0.7710670946731909_0.7712645474970014_SIZE_1_1.0_1
GEN_13_FIT_0.7711178978964103_0.7712463854904301_0.7715881649125252_SIZE_1_1.05_2
GEN_14_FIT_0.7712645474970014_0.7714128750107354_0.7719421222165117_SIZE_1_1.2_3
GEN_15_FIT_0.7714619455752793_0.771600774994359_0.7719421222165117_SIZE_1_1.3_2
GEN_16_FIT_0.7715881649125252_0.7717998082405181_0.7719421222165117_SIZE_1_1.7_3
GEN_17_FIT_0.7716005152900357_0.7718100486080435_0.7721297741876347_SIZE_1_1.5_2
GEN_18_FIT_0.7716314360213595_0.7718098147883771_0.7721376002855991_SIZE_1_1.35_2
GEN_19_FIT_0.7716498710616049_0.7718022776915971_0.7721396086757674_SIZE_1_1.3_2
GEN_20_FIT_0.7716527133514247_0.7719176468078112_0.7721396086757674_SIZE_1_1.5_2
Evaluating in sample:
[GEN_20|make_tuple(9, 29, 145, 363)|0.7717]
[GEN_20|make_tuple(9, 29, add(147, 54), 363)|0.7721]
Evaluating out-of-sample:
[GEN_20|make_tuple(9, 29, 145, 363)|0.8461]
[GEN_20|make_tuple(9, 29, add(147, 54), 363)|0.8479]
GEN_21_FIT_0.7717104658678741_0.7717533801486635_0.7721396086757674_SIZE_1_1.1_2
GEN_22_FIT_0.7717104658678741_0.7718831326305913_0.7721396086757674_SIZE_1_1.4_2
GEN_23_FIT_0.7719330924808784_0.7721189570562783_0.7721396086757674_SIZE_1_1.9_2
GEN_24_FIT_0.7719330924808784_0.7721189570562783_0.7721396086757674_SIZE_1_1.9_2
GEN_25_FIT_0.7719330924808784_0.7721189570562783_0.7721396086757674_SIZE_1_1.9_2
GEN_26_FIT_0.7718945794745716_0.7720679255575987_0.7721900726829277_SIZE_1_1.65_2
GEN_27_FIT_0.7718945794745716_0.7719755908199414_0.7721900726829277_SIZE_1_1.2_2
GEN_28_FIT_0.7719330924808784_0.7719587905010833_0.7721900726829277_SIZE_1_1.1_2
GEN_29_FIT_0.7719330924808784_0.7719587905010833_0.7721900726829277_SIZE_1_1.1_2
GEN_30_FIT_0.7719330924808784_0.7719587905010833_0.7721900726829277_SIZE_1_1.1_2
GEN_31_FIT_0.7719330924808784_0.7719587905010833_0.7721900726829277_SIZE_1_1.1_2
GEN_32_FIT_0.7719330924808784_0.7719587905010833_0.7721900726829277_SIZE_1_1.1_2
GEN_33_FIT_0.7719330924808784_0.7719587905010833_0.7721900726829277_SIZE_1_1.1_2
GEN_34_FIT_0.7719330924808784_0.7719587905010833_0.7721900726829277_SIZE_1_1.1_2
GEN_35_FIT_0.7719330924808784_0.7719587905010833_0.7721900726829277_SIZE_1_1.1_2
GEN_36_FIT_0.7719330924808784_0.7719587905010833_0.7721900726829277_SIZE_1_1.1_2
GEN_37_FIT_0.7719330924808784_0.7719587905010833_0.7721900726829277_SIZE_1_1.1_2
GEN_38_FIT_0.7719330924808784_0.7719587905010833_0.7721900726829277_SIZE_1_1.1_2
GEN_39_FIT_0.7719330924808784_0.7719587905010833_0.7721900726829277_SIZE_1_1.1_2
GEN_40_FIT_0.7719330924808784_0.7719587905010833_0.7721900726829277_SIZE_1_1.1_2
Evaluating in sample:
[GEN_40|make_tuple(9, 29, 142, 363)|0.7719]
[GEN_40|make_tuple(9, 26, add(147, 54), 363)|0.7722]
Evaluating out-of-sample:
[GEN_40|make_tuple(9, 29, 142, 363)|0.8458]
[GEN_40|make_tuple(9, 26, add(147, 54), 363)|0.8495]
GEN_41_FIT_0.7719330924808784_0.7719587905010833_0.7721900726829277_SIZE_1_1.1_2
GEN_42_FIT_0.7719330924808784_0.7719587905010833_0.7721900726829277_SIZE_1_1.1_2
GEN_43_FIT_0.7719330924808784_0.7719587905010833_0.7721900726829277_SIZE_1_1.1_2
GEN_44_FIT_0.7719330924808784_0.7719587905010833_0.7721900726829277_SIZE_1_1.1_2
GEN_45_FIT_0.7719330924808784_0.7719587905010833_0.7721900726829277_SIZE_1_1.1_2
GEN_46_FIT_0.7719330924808784_0.7719587905010833_0.7721900726829277_SIZE_1_1.1_2
GEN_47_FIT_0.7719330924808784_0.7719587905010833_0.7721900726829277_SIZE_1_1.1_2
Evaluating in sample:
[GEN_47|make_tuple(9, 29, 142, 363)|0.7719]
[GEN_47|make_tuple(9, 26, add(147, 54), 363)|0.7722]
Evaluating out-of-sample:
[GEN_47|make_tuple(9, 29, 142, 363)|0.8458]
[GEN_47|make_tuple(9, 26, add(147, 54), 363)|0.8495]
Stopped early in iteration 47, no improvement in 20 gens.
START_TASK: 14
GEN_0_FIT_0.6382828516857321_0.6941240731654201_0.7380355524085291_SIZE_1_3.8_16
GEN_1_FIT_0.733900841809098_0.7389754489591543_0.7494283132316344_SIZE_1_1.6_7
GEN_2_FIT_0.748299757689908_0.7512271882415087_0.7607017186120606_SIZE_1_1.3_4
GEN_3_FIT_0.7511322293979036_0.7591789947965885_0.7688749152740236_SIZE_1_1.35_4
GEN_4_FIT_0.7607017186120606_0.7660300965772133_0.7705184851672608_SIZE_1_1.55_4
GEN_5_FIT_0.7694065871949807_0.769887557454703_0.7706752574031688_SIZE_1_1.5_3
GEN_6_FIT_0.7695296718567263_0.7703361498986835_0.7706752574031688_SIZE_1_1.05_2
GEN_7_FIT_0.7705184851672608_0.7706159490496723_0.770790368482403_SIZE_1_1.0_1
GEN_8_FIT_0.7706752574031688_0.7708074244477416_0.7714477634913369_SIZE_1_1.05_2
GEN_9_FIT_0.7708518074082175_0.7711104407384197_0.7715448305517729_SIZE_1_1.25_2
GEN_10_FIT_0.7711562125968584_0.7714366339748658_0.7717351382962427_SIZE_1_1.1_2
GEN_11_FIT_0.7715448305517729_0.7716396529157231_0.7718897889484584_SIZE_1_1.0_1
GEN_12_FIT_0.7716620271672747_0.7717598685079796_0.7720093072900782_SIZE_1_1.05_2
GEN_13_FIT_0.7717986284941782_0.7718963473785266_0.7720168059980541_SIZE_1_1.05_2
GEN_14_FIT_0.7719929827155041_0.772026282740091_0.7721205111988408_SIZE_1_1.2_3
GEN_15_FIT_0.7720629452972755_0.7720934725093226_0.7722351112908051_SIZE_1_1.3_3
GEN_16_FIT_0.7720851133255655_0.7721216167395112_0.7722351112908051_SIZE_1_1.4_3
GEN_17_FIT_0.772115321071088_0.7721395636655869_0.7722779664082418_SIZE_1_1.1_2
GEN_18_FIT_0.772115321071088_0.7721806122209_0.7722779664082418_SIZE_1_1.3_3
GEN_19_FIT_0.7721779559466428_0.7722320916191437_0.7722779664082418_SIZE_1_1.1_2
GEN_20_FIT_0.7722351112908051_0.7722427145691823_0.7722779664082418_SIZE_1_1.15_2
Evaluating in sample:
[GEN_20|make_tuple(9, 29, 192, 311)|0.7722]
[GEN_20|make_tuple(9, 29, add(1, 188), 311)|0.7723]
Evaluating out-of-sample:
[GEN_20|make_tuple(9, 29, 192, 311)|0.8294]
[GEN_20|make_tuple(9, 29, add(1, 188), 311)|0.8267]
GEN_21_FIT_0.7722351112908051_0.7722546033593033_0.7722779664082418_SIZE_1_1.45_3
GEN_22_FIT_0.7722461734284664_0.7722784770419724_0.7723517650424089_SIZE_1_1.85_2
GEN_23_FIT_0.7722461734284664_0.7722932367688059_0.7723517650424089_SIZE_1_1.65_2
GEN_24_FIT_0.7722461734284664_0.7723329883666056_0.7723517650424089_SIZE_1_1.15_2
GEN_25_FIT_0.7723517650424089_0.7723532443579505_0.772366558197826_SIZE_1_1.1_2
GEN_26_FIT_0.7723517650424089_0.7723532443579505_0.772366558197826_SIZE_1_1.1_2
GEN_27_FIT_0.7723517650424089_0.7723532443579505_0.772366558197826_SIZE_1_1.1_2
GEN_28_FIT_0.7723517650424089_0.7723532443579505_0.772366558197826_SIZE_1_1.1_2
GEN_29_FIT_0.7723517650424089_0.7723532443579505_0.772366558197826_SIZE_1_1.1_2
GEN_30_FIT_0.7723517650424089_0.7723565138311723_0.7723992529300447_SIZE_1_1.05_2
GEN_31_FIT_0.7723517650424089_0.772361262619936_0.7723992529300447_SIZE_1_1.1_2
GEN_32_FIT_0.7723517650424089_0.772373134591845_0.7723992529300447_SIZE_1_1.1_2
GEN_33_FIT_0.7723992529300447_0.7723992529300447_0.7723992529300447_SIZE_1_1.0_1
GEN_34_FIT_0.7723992529300447_0.7723992529300447_0.7723992529300447_SIZE_1_1.0_1
GEN_35_FIT_0.7723992529300447_0.7723996886493039_0.7724079673152268_SIZE_1_1.05_2
GEN_36_FIT_0.7723992529300447_0.772400124368563_0.7724079673152268_SIZE_1_1.1_2
GEN_37_FIT_0.7723992529300447_0.772400124368563_0.7724079673152268_SIZE_1_1.1_2
GEN_38_FIT_0.7723992529300447_0.772400124368563_0.7724079673152268_SIZE_1_1.1_2
GEN_39_FIT_0.7723992529300447_0.772400124368563_0.7724079673152268_SIZE_1_1.1_2
GEN_40_FIT_0.7723992529300447_0.772400124368563_0.7724079673152268_SIZE_1_1.1_2
Evaluating in sample:
[GEN_40|make_tuple(9, 29, 201, 311)|0.7724]
[GEN_40|make_tuple(9, add(0.05322833513822794, 29), 201, 311)|0.7724]
Evaluating out-of-sample:
[GEN_40|make_tuple(9, 29, 201, 311)|0.8324]
[GEN_40|make_tuple(9, add(0.05322833513822794, 29), 201, 311)|0.8288]
GEN_41_FIT_0.7723992529300447_0.772400124368563_0.7724079673152268_SIZE_1_1.1_2
GEN_42_FIT_0.7723992529300447_0.772400124368563_0.7724079673152268_SIZE_1_1.1_2
GEN_43_FIT_0.7723992529300447_0.772400124368563_0.7724079673152268_SIZE_1_1.1_2
GEN_44_FIT_0.7723992529300447_0.772400124368563_0.7724079673152268_SIZE_1_1.1_2
GEN_45_FIT_0.7723992529300447_0.772400124368563_0.7724079673152268_SIZE_1_1.1_2
GEN_46_FIT_0.7723992529300447_0.772400124368563_0.7724079673152268_SIZE_1_1.1_2
GEN_47_FIT_0.7723992529300447_0.772400124368563_0.7724079673152268_SIZE_1_1.1_2
GEN_48_FIT_0.7723992529300447_0.772400124368563_0.7724079673152268_SIZE_1_1.1_2
GEN_49_FIT_0.7723992529300447_0.772400124368563_0.7724079673152268_SIZE_1_1.1_2
GEN_50_FIT_0.7723992529300447_0.772400124368563_0.7724079673152268_SIZE_1_1.1_2
GEN_51_FIT_0.7723992529300447_0.772400124368563_0.7724079673152268_SIZE_1_1.1_2
GEN_52_FIT_0.7723992529300447_0.772400124368563_0.7724079673152268_SIZE_1_1.1_2
GEN_53_FIT_0.7723992529300447_0.772400124368563_0.7724079673152268_SIZE_1_1.1_2
GEN_54_FIT_0.7723992529300447_0.772400124368563_0.7724079673152268_SIZE_1_1.1_2
GEN_55_FIT_0.7723992529300447_0.772400124368563_0.7724079673152268_SIZE_1_1.1_2
GEN_56_FIT_0.7723992529300447_0.772400124368563_0.7724079673152268_SIZE_1_1.1_2
Evaluating in sample:
[GEN_56|make_tuple(9, 29, 201, 311)|0.7724]
[GEN_56|make_tuple(9, add(0.05322833513822794, 29), 201, 311)|0.7724]
Evaluating out-of-sample:
[GEN_56|make_tuple(9, 29, 201, 311)|0.8324]
[GEN_56|make_tuple(9, add(0.05322833513822794, 29), 201, 311)|0.8288]
Stopped early in iteration 56, no improvement in 20 gens.
START_TASK: 15
GEN_0_FIT_0.6256646381668617_0.6844265432828023_0.7429552710480997_SIZE_1_5.15_17
GEN_1_FIT_0.7158978281429329_0.7291788215894067_0.7509217385119613_SIZE_1_1.95_9
GEN_2_FIT_0.7429552710480997_0.7483976767882232_0.7680104931401587_SIZE_1_1.65_8
GEN_3_FIT_0.7509217385119613_0.7565692312570647_0.7680104931401587_SIZE_1_1.3_3
GEN_4_FIT_0.763777906297772_0.7676528493091616_0.7705193021357885_SIZE_1_1.45_2
GEN_5_FIT_0.7676257681483185_0.7686534339488236_0.7707841125036192_SIZE_1_1.4_2
GEN_6_FIT_0.7686306548121561_0.7704275715703238_0.7721512727744894_SIZE_1_1.25_2
GEN_7_FIT_0.7707727846431242_0.7712103219199523_0.7725722810783857_SIZE_1_1.45_3
GEN_8_FIT_0.7711741110241017_0.771836734536149_0.7725722810783857_SIZE_1_1.25_3
GEN_9_FIT_0.7721512727744894_0.77237418127516_0.7725943917505571_SIZE_1_1.15_2
GEN_10_FIT_0.7725722810783857_0.77257670321282_0.7725943917505571_SIZE_1_1.05_2
GEN_11_FIT_0.7725722810783857_0.7725988818070139_0.7727999857186318_SIZE_1_1.15_2
GEN_12_FIT_0.7725943917505571_0.7726149511473646_0.7727999857186318_SIZE_1_1.1_2
GEN_13_FIT_0.7725943917505571_0.772705890553536_0.7727999857186318_SIZE_1_1.5_2
GEN_14_FIT_0.7727710220796405_0.7727985375366822_0.7727999857186318_SIZE_1_1.9_2
GEN_15_FIT_0.7727710220796405_0.7727970893547326_0.7727999857186318_SIZE_1_1.7_2
GEN_16_FIT_0.7727710220796405_0.7727985375366822_0.7727999857186318_SIZE_1_1.05_2
GEN_17_FIT_0.7727999857186318_0.7728148750040759_0.7728992476215926_SIZE_1_1.0_1
GEN_18_FIT_0.7727999857186318_0.7728545797652602_0.7728992476215926_SIZE_1_1.05_2
GEN_19_FIT_0.7728992476215926_0.7728992476215927_0.7728992476215926_SIZE_1_1.0_1
GEN_20_FIT_0.7728992476215926_0.7728992476215927_0.7728992476215926_SIZE_1_1.0_1
Evaluating in sample:
[GEN_20|make_tuple(9, 29, 199, 312)|0.7729]
Evaluating out-of-sample:
[GEN_20|make_tuple(9, 29, 199, 312)|0.7717]
GEN_21_FIT_0.7728992476215926_0.7728997278578171_0.7729088523460832_SIZE_1_1.0_1
GEN_22_FIT_0.7728992476215926_0.7728997278578171_0.7729088523460832_SIZE_1_1.0_1
GEN_23_FIT_0.7728992476215926_0.7729002080940417_0.7729088523460832_SIZE_1_1.0_1
GEN_24_FIT_0.7728992476215926_0.7729016488027154_0.7729088523460832_SIZE_1_1.05_2
GEN_25_FIT_0.7728992476215926_0.7729066548210911_0.7729129254686923_SIZE_1_1.1_2
GEN_26_FIT_0.7729088523460832_0.772909259658344_0.7729129254686923_SIZE_1_1.0_1
GEN_27_FIT_0.7729088523460832_0.7729100742828658_0.7729129254686923_SIZE_1_1.05_2
GEN_28_FIT_0.7729088523460832_0.7729123854219141_0.7729129254686923_SIZE_1_1.15_2
GEN_29_FIT_0.7729129254686923_0.7729129254686922_0.7729129254686923_SIZE_1_1.0_1
GEN_30_FIT_0.7729129254686923_0.7729129254686922_0.7729129254686923_SIZE_1_1.0_1
GEN_31_FIT_0.7729129254686923_0.7729129254686922_0.7729129254686923_SIZE_1_1.0_1
GEN_32_FIT_0.7729129254686923_0.7729132184516946_0.7729187851287401_SIZE_1_1.0_1
GEN_33_FIT_0.7729129254686923_0.772913511434697_0.7729187851287401_SIZE_1_1.0_1
GEN_34_FIT_0.7729129254686923_0.7729143903837041_0.7729187851287401_SIZE_1_1.0_1
GEN_35_FIT_0.7729129254686923_0.772917320213728_0.7729187851287401_SIZE_1_1.1_2
GEN_36_FIT_0.7729187851287401_0.77291878512874_0.7729187851287401_SIZE_1_1.0_1
GEN_37_FIT_0.7729187851287401_0.77291878512874_0.7729187851287401_SIZE_1_1.0_1
GEN_38_FIT_0.7729187851287401_0.77291878512874_0.7729187851287401_SIZE_1_1.0_1
GEN_39_FIT_0.7729187851287401_0.77291878512874_0.7729187851287401_SIZE_1_1.0_1
GEN_40_FIT_0.7729187851287401_0.77291878512874_0.7729187851287401_SIZE_1_1.0_1
Evaluating in sample:
[GEN_40|make_tuple(9, 29, 199, 311)|0.7729]
Evaluating out-of-sample:
[GEN_40|make_tuple(9, 29, 199, 311)|0.7717]
GEN_41_FIT_0.7729187851287401_0.77291878512874_0.7729187851287401_SIZE_1_1.0_1
GEN_42_FIT_0.7729187851287401_0.77291878512874_0.7729187851287401_SIZE_1_1.0_1
GEN_43_FIT_0.7729187851287401_0.77291878512874_0.7729187851287401_SIZE_1_1.0_1
GEN_44_FIT_0.7729187851287401_0.77291878512874_0.7729187851287401_SIZE_1_1.0_1
GEN_45_FIT_0.7729187851287401_0.77291878512874_0.7729187851287401_SIZE_1_1.0_1
GEN_46_FIT_0.7729187851287401_0.77291878512874_0.7729187851287401_SIZE_1_1.0_1
GEN_47_FIT_0.7729187851287401_0.77291878512874_0.7729187851287401_SIZE_1_1.0_1
GEN_48_FIT_0.7729187851287401_0.77291878512874_0.7729187851287401_SIZE_1_1.0_1
GEN_49_FIT_0.7729187851287401_0.77291878512874_0.7729187851287401_SIZE_1_1.0_1
GEN_50_FIT_0.7729187851287401_0.77291878512874_0.7729187851287401_SIZE_1_1.0_1
GEN_51_FIT_0.7729187851287401_0.77291878512874_0.7729187851287401_SIZE_1_1.0_1
GEN_52_FIT_0.7729187851287401_0.77291878512874_0.7729187851287401_SIZE_1_1.0_1
GEN_53_FIT_0.7729187851287401_0.77291878512874_0.7729187851287401_SIZE_1_1.0_1
Evaluating in sample:
[GEN_53|make_tuple(9, 29, 199, 311)|0.7729]
Evaluating out-of-sample:
[GEN_53|make_tuple(9, 29, 199, 311)|0.7717]
Stopped early in iteration 53, no improvement in 20 gens.
START_TASK: 16
