Starting problem: mlr_rf
param:age_regularization:100000.0
param:algorithm:mupluslambda
param:constants_only:True
param:cxpb:0.25
param:early_stop_n:20
param:lambda_:100
param:max_number_operators:None
param:max_start_size:2
param:mu:20
param:ngen:300
param:optimize_constants:False
param:output_file:/home/gijsbers/symbolicdefaults/runs/mlr_rf_True_3.log
param:problem:mlr_rf
param:subset:1.0
param:task:None
param:warm_start:False
Benchmark problems: mlr_rf
Loading surrogates from file.
With fixed hyperparameters: {'num.trees': 500.0}:
And hyperparameters: ['num.trees', 'sample.fraction', 'min.node.size', 'mtry']:
START_TASK: 3
GEN_0_FIT_0.8686383615657304_0.8838830149044676_0.9006294337989301_SIZE_1_4.15_10
GEN_1_FIT_0.8840137052957208_0.8950548441769216_0.9090352508803868_SIZE_1_2.8_10
GEN_2_FIT_0.8894933372123857_0.897355725307133_0.9100707830227353_SIZE_1_1.55_3
GEN_3_FIT_0.8895018322620796_0.8989149542274294_0.9101449661177734_SIZE_1_1.4_2
GEN_4_FIT_0.8946282480647202_0.8969678765168281_0.9101917611377025_SIZE_1_1.15_2
GEN_5_FIT_0.8946282480647202_0.8986015552115105_0.9101917611377025_SIZE_1_1.25_2
GEN_6_FIT_0.8948980510228284_0.8956643834130741_0.9102246988277434_SIZE_1_1.05_2
GEN_7_FIT_0.8948980510228284_0.8971868315437206_0.9102246988277434_SIZE_1_1.15_2
GEN_8_FIT_0.8948980510228284_0.9009916277318093_0.9102246988277434_SIZE_1_1.45_3
GEN_9_FIT_0.8949348059674621_0.8995400429433215_0.9102345131535992_SIZE_1_1.3_2
GEN_10_FIT_0.8949348059674621_0.899576153006457_0.9103050273868746_SIZE_1_1.35_3
GEN_11_FIT_0.8950236979748721_0.8958019050999063_0.910587840475558_SIZE_1_1.05_2
GEN_12_FIT_0.8950236979748721_0.8972271438214967_0.910587840475558_SIZE_1_1.15_2
GEN_13_FIT_0.8950236979748721_0.9028542406090093_0.910587840475558_SIZE_1_1.55_2
GEN_14_FIT_0.8951786860523464_0.8975132314924652_0.9106564820372528_SIZE_1_1.15_2
GEN_15_FIT_0.895228036548727_0.8959994588231531_0.9106564820372528_SIZE_1_1.05_2
GEN_16_FIT_0.895228036548727_0.8967708810975793_0.9106564820372528_SIZE_1_1.1_2
GEN_17_FIT_0.895228036548727_0.8967760570905842_0.9107082419673009_SIZE_1_1.1_2
GEN_18_FIT_0.895228036548727_0.8967760570905842_0.9107082419673009_SIZE_1_1.1_2
GEN_19_FIT_0.895228036548727_0.8967760570905842_0.9107082419673009_SIZE_1_1.1_2
GEN_20_FIT_0.895228036548727_0.8967760570905842_0.9107082419673009_SIZE_1_1.1_2
Evaluating in sample:
[GEN_20|make_tuple(0.5567304011986879, 46, 6)|0.8952]
[GEN_20|make_tuple(0.7765409083961998, min(35, 0.6519695283421012), 5)|0.9107]
Evaluating out-of-sample:
[GEN_20|make_tuple(0.5567304011986879, 46, 6)|0.9976]
[GEN_20|make_tuple(0.7765409083961998, min(35, 0.6519695283421012), 5)|0.9918]
GEN_21_FIT_0.895228036548727_0.8960262953985785_0.9111932135457611_SIZE_1_1.05_2
GEN_22_FIT_0.895228036548727_0.8960262953985785_0.9111932135457611_SIZE_1_1.05_2
GEN_23_FIT_0.895228036548727_0.8960287427406859_0.9112421603879101_SIZE_1_1.05_2
GEN_24_FIT_0.895228036548727_0.8960287427406859_0.9112421603879101_SIZE_1_1.05_2
GEN_25_FIT_0.895228036548727_0.8968294489326452_0.9112421603879101_SIZE_1_1.1_2
GEN_26_FIT_0.895228036548727_0.8968294489326452_0.9112421603879101_SIZE_1_1.1_2
GEN_27_FIT_0.895228036548727_0.8968294489326452_0.9112421603879101_SIZE_1_1.1_2
GEN_28_FIT_0.895228036548727_0.8991830233600272_0.9112421603879101_SIZE_1_1.25_2
GEN_29_FIT_0.895228036548727_0.9055507464982175_0.9116378919408991_SIZE_1_1.7_3
GEN_30_FIT_0.8954294131835386_0.90651987330568_0.9116729019695361_SIZE_1_1.75_3
GEN_31_FIT_0.8952871463185392_0.9002258596223289_0.9116729019695361_SIZE_1_1.45_3
GEN_32_FIT_0.8954294131835386_0.8962415876228386_0.9116729019695361_SIZE_1_1.05_2
GEN_33_FIT_0.8954294131835386_0.8962415876228386_0.9116729019695361_SIZE_1_1.05_2
GEN_34_FIT_0.8954294131835386_0.8970537620621384_0.9116729019695361_SIZE_1_1.1_2
GEN_35_FIT_0.8954294131835386_0.8970537620621384_0.9116729019695361_SIZE_1_1.1_2
GEN_36_FIT_0.8954294131835386_0.8970537620621384_0.9116729019695361_SIZE_1_1.1_2
GEN_37_FIT_0.8954294131835386_0.8970537620621384_0.9116729019695361_SIZE_1_1.1_2
GEN_38_FIT_0.8954294131835386_0.8970537620621384_0.9116729019695361_SIZE_1_1.1_2
GEN_39_FIT_0.8954294131835386_0.8970537620621384_0.9116729019695361_SIZE_1_1.1_2
GEN_40_FIT_0.8954294131835386_0.8970537620621384_0.9116729019695361_SIZE_1_1.1_2
Evaluating in sample:
[GEN_40|make_tuple(0.506892197511931, 13, 6)|0.8954]
[GEN_40|make_tuple(0.7800437895986676, expit(0.60064740045783), 5)|0.9117]
Evaluating out-of-sample:
[GEN_40|make_tuple(0.506892197511931, 13, 6)|0.9952]
[GEN_40|make_tuple(0.7800437895986676, expit(0.60064740045783), 5)|0.9917]
GEN_41_FIT_0.8954294131835386_0.8970537620621384_0.9116729019695361_SIZE_1_1.1_2
GEN_42_FIT_0.8954294131835386_0.8970537620621384_0.9116729019695361_SIZE_1_1.1_2
GEN_43_FIT_0.8954294131835386_0.8970537620621384_0.9116729019695361_SIZE_1_1.1_2
GEN_44_FIT_0.8954294131835386_0.8979645951484047_0.913646074908866_SIZE_1_1.2_3
GEN_45_FIT_0.8954294131835386_0.8979645951484047_0.913646074908866_SIZE_1_1.2_3
GEN_46_FIT_0.8954294131835386_0.8979645951484047_0.913646074908866_SIZE_1_1.2_3
GEN_47_FIT_0.8954294131835386_0.8979722334266318_0.9137988404734071_SIZE_1_1.2_3
GEN_48_FIT_0.8954294131835386_0.8979722334266318_0.9137988404734071_SIZE_1_1.2_3
GEN_49_FIT_0.8954294131835386_0.8988907047911253_0.9137988404734071_SIZE_1_1.3_3
GEN_50_FIT_0.8954294131835386_0.8988907047911253_0.9137988404734071_SIZE_1_1.3_3
GEN_51_FIT_0.8954294131835386_0.8988907047911253_0.9137988404734071_SIZE_1_1.3_3
GEN_52_FIT_0.8954294131835386_0.8988907047911253_0.9137988404734071_SIZE_1_1.3_3
GEN_53_FIT_0.8954294131835386_0.8988907047911253_0.9137988404734071_SIZE_1_1.3_3
GEN_54_FIT_0.8954294131835386_0.8988907047911253_0.9137988404734071_SIZE_1_1.3_3
GEN_55_FIT_0.8954294131835386_0.8988907047911253_0.9137988404734071_SIZE_1_1.3_3
GEN_56_FIT_0.8954294131835386_0.8988907047911253_0.9137988404734071_SIZE_1_1.3_3
GEN_57_FIT_0.8954294131835386_0.8988907047911253_0.9137988404734071_SIZE_1_1.3_3
GEN_58_FIT_0.8954294131835386_0.8988907047911253_0.9137988404734071_SIZE_1_1.3_3
GEN_59_FIT_0.8954294131835386_0.8988907047911253_0.9137988404734071_SIZE_1_1.3_3
GEN_60_FIT_0.8954294131835386_0.8988907047911253_0.9137988404734071_SIZE_1_1.3_3
Evaluating in sample:
[GEN_60|make_tuple(0.506892197511931, 13, 6)|0.8954]
[GEN_60|make_tuple(0.7800437895986676, expit(0.60064740045783), 5)|0.9117]
[GEN_60|make_tuple(pow(0.5332926237616419, 0.7614985821241074), expit(0.60064740045783), 5)|0.9138]
Evaluating out-of-sample:
[GEN_60|make_tuple(0.506892197511931, 13, 6)|0.9952]
[GEN_60|make_tuple(0.7800437895986676, expit(0.60064740045783), 5)|0.9917]
[GEN_60|make_tuple(pow(0.5332926237616419, 0.7614985821241074), expit(0.60064740045783), 5)|0.9892]
GEN_61_FIT_0.8954294131835386_0.8988907047911253_0.9137988404734071_SIZE_1_1.3_3
GEN_62_FIT_0.8954294131835386_0.8988907047911253_0.9137988404734071_SIZE_1_1.3_3
GEN_63_FIT_0.8954294131835386_0.8988907047911253_0.9137988404734071_SIZE_1_1.3_3
GEN_64_FIT_0.8954294131835386_0.8988907047911253_0.9137988404734071_SIZE_1_1.3_3
GEN_65_FIT_0.8954294131835386_0.8988907047911253_0.9137988404734071_SIZE_1_1.3_3
GEN_66_FIT_0.8954294131835386_0.8988907047911253_0.9137988404734071_SIZE_1_1.3_3
GEN_67_FIT_0.8954294131835386_0.8988907047911253_0.9137988404734071_SIZE_1_1.3_3
GEN_68_FIT_0.8954294131835386_0.8979726580055163_0.9138073320510951_SIZE_1_1.2_3
GEN_69_FIT_0.8954294131835386_0.8988915539488941_0.9138073320510951_SIZE_1_1.3_3
GEN_70_FIT_0.8954294131835386_0.8988915539488941_0.9138073320510951_SIZE_1_1.3_3
GEN_71_FIT_0.8954294131835386_0.8988915539488941_0.9138073320510951_SIZE_1_1.3_3
GEN_72_FIT_0.8954294131835386_0.8988915539488941_0.9138073320510951_SIZE_1_1.3_3
GEN_73_FIT_0.8954294131835386_0.8988915539488941_0.9138073320510951_SIZE_1_1.3_3
GEN_74_FIT_0.8954294131835386_0.8988915539488941_0.9138073320510951_SIZE_1_1.3_3
GEN_75_FIT_0.8954294131835386_0.8980806042767169_0.9138073320510951_SIZE_1_1.25_3
GEN_76_FIT_0.8954294131835386_0.8988940034831392_0.9138073320510951_SIZE_1_1.3_3
GEN_77_FIT_0.8954294131835386_0.898089899144623_0.9138073320510951_SIZE_1_1.25_3
GEN_78_FIT_0.8954294131835386_0.898089899144623_0.9138073320510951_SIZE_1_1.25_3
GEN_79_FIT_0.8954294131835386_0.898089899144623_0.9138073320510951_SIZE_1_1.25_3
GEN_80_FIT_0.8954294131835386_0.8989125932189517_0.9138073320510951_SIZE_1_1.3_3
Evaluating in sample:
[GEN_80|make_tuple(0.506892197511931, 13, 6)|0.8954]
[GEN_80|make_tuple(0.6386568471047467, expit(0.60064740045783), 5)|0.9119]
[GEN_80|make_tuple(pow(0.5332926237616419, 0.7641049767526645), expit(0.60064740045783), 5)|0.9138]
Evaluating out-of-sample:
[GEN_80|make_tuple(0.506892197511931, 13, 6)|0.9952]
[GEN_80|make_tuple(0.6386568471047467, expit(0.60064740045783), 5)|0.9894]
[GEN_80|make_tuple(pow(0.5332926237616419, 0.7641049767526645), expit(0.60064740045783), 5)|0.9893]
GEN_81_FIT_0.8954294131835386_0.8989125932189517_0.9138073320510951_SIZE_1_1.3_3
GEN_82_FIT_0.8954294131835386_0.8980922996939151_0.9138073320510951_SIZE_1_1.25_3
GEN_83_FIT_0.8954294131835386_0.8989173943175359_0.9138073320510951_SIZE_1_1.3_3
GEN_84_FIT_0.8954294131835386_0.8989173943175359_0.9138073320510951_SIZE_1_1.3_3
GEN_85_FIT_0.8954294131835386_0.8989173943175359_0.9138073320510951_SIZE_1_1.3_3
GEN_86_FIT_0.8954294131835386_0.8980972395855655_0.9138073320510951_SIZE_1_1.25_3
GEN_87_FIT_0.8954294131835386_0.8980972395855655_0.9138073320510951_SIZE_1_1.25_3
GEN_88_FIT_0.8954294131835386_0.8989272741008365_0.9138073320510951_SIZE_1_1.3_3
GEN_89_FIT_0.8954294131835386_0.8989272741008365_0.9138073320510951_SIZE_1_1.3_3
Evaluating in sample:
[GEN_89|make_tuple(0.506892197511931, 13, 6)|0.8954]
[GEN_89|make_tuple(0.6370520427652513, expit(0.60064740045783), 6)|0.9120]
[GEN_89|make_tuple(pow(0.5332926237616419, 0.7641049767526645), expit(0.60064740045783), 5)|0.9138]
Evaluating out-of-sample:
[GEN_89|make_tuple(0.506892197511931, 13, 6)|0.9952]
[GEN_89|make_tuple(0.6370520427652513, expit(0.60064740045783), 6)|0.9893]
[GEN_89|make_tuple(pow(0.5332926237616419, 0.7641049767526645), expit(0.60064740045783), 5)|0.9893]
Stopped early in iteration 89, no improvement in 20 gens.
START_TASK: 6
GEN_0_FIT_0.8658819346609261_0.8790736959619784_0.9006798981514438_SIZE_1_2.5_8
GEN_1_FIT_0.8699098645176562_0.8912761118746516_0.9020479198926766_SIZE_1_3.85_9
GEN_2_FIT_0.8699098645176562_0.8915765034890683_0.9045666342197677_SIZE_1_3.75_9
GEN_3_FIT_0.8806252410442066_0.8985162482507383_0.9049911343882131_SIZE_1_4.7_9
GEN_4_FIT_0.8845605181995242_0.8993975804301397_0.9052951878479221_SIZE_1_4.1_9
GEN_5_FIT_0.8862526101064104_0.8995360093098235_0.9053362874796647_SIZE_1_3.85_9
GEN_6_FIT_0.8905858438199244_0.8965426965647412_0.9086086801119174_SIZE_1_2.5_6
GEN_7_FIT_0.8937273065236196_0.9037502466451748_0.9086086801119174_SIZE_1_3.95_7
GEN_8_FIT_0.8948786989636031_0.9029645656733921_0.9090238556722278_SIZE_1_2.45_6
GEN_9_FIT_0.8933007823390909_0.9036184799595013_0.9090238556722278_SIZE_1_3.3_7
GEN_10_FIT_0.8948786989636031_0.903916817118484_0.9090238556722278_SIZE_1_3.0_7
GEN_11_FIT_0.8959744073088081_0.9080441455651718_0.9090238556722278_SIZE_1_2.95_5
GEN_12_FIT_0.5110715087477542_0.8846198264289491_0.9099448095297762_SIZE_1_2.0_4
GEN_13_FIT_0.8954416071929887_0.9008968864170157_0.9099836750536335_SIZE_1_1.65_4
GEN_14_FIT_0.8959744073088081_0.898557961682154_0.9099836750536335_SIZE_1_1.3_3
GEN_15_FIT_0.8959744073088081_0.8998060489438547_0.9099942981571058_SIZE_1_1.45_3
GEN_16_FIT_0.8959744073088081_0.9028920133399009_0.9099942981571058_SIZE_1_1.85_4
GEN_17_FIT_0.8959744073088081_0.9014845476716792_0.9099942981571058_SIZE_1_1.75_4
GEN_18_FIT_0.896004885844541_0.8973938126095492_0.9100478458545102_SIZE_1_1.15_3
GEN_19_FIT_0.896004885844541_0.8973938126095492_0.9100478458545102_SIZE_1_1.15_3
GEN_20_FIT_0.896004885844541_0.8980959606100477_0.9100478458545102_SIZE_1_1.25_3
Evaluating in sample:
[GEN_20|make_tuple(0.50569987673355, 1, 6)|0.8960]
[GEN_20|make_tuple(0.8323219229758783, expit(0.23492356112123877), 5)|0.9097]
[GEN_20|make_tuple(expit(1), expit(0.23283468399236582), 5)|0.9100]
Evaluating out-of-sample:
[GEN_20|make_tuple(0.50569987673355, 1, 6)|0.9184]
[GEN_20|make_tuple(0.8323219229758783, expit(0.23492356112123877), 5)|0.9942]
[GEN_20|make_tuple(expit(1), expit(0.23283468399236582), 5)|0.9946]
GEN_21_FIT_0.896004885844541_0.8980959606100477_0.9100478458545102_SIZE_1_1.25_3
GEN_22_FIT_0.896004885844541_0.8980959606100477_0.9100478458545102_SIZE_1_1.25_3
GEN_23_FIT_0.896004885844541_0.8980959606100477_0.9100478458545102_SIZE_1_1.25_3
GEN_24_FIT_0.896004885844541_0.8980959606100477_0.9100478458545102_SIZE_1_1.25_3
GEN_25_FIT_0.896004885844541_0.9014050716311253_0.9100478458545102_SIZE_1_1.7_3
GEN_26_FIT_0.896004885844541_0.906443355877439_0.9103882162407093_SIZE_1_2.4_4
GEN_27_FIT_0.896004885844541_0.9003156782381566_0.9108443012810923_SIZE_1_1.6_4
GEN_28_FIT_0.8960669769412968_0.8975717618759964_0.9113773507876046_SIZE_1_1.1_2
GEN_29_FIT_0.8960669769412968_0.8983607828217632_0.9113773507876046_SIZE_1_1.15_2
GEN_30_FIT_0.8960749774491877_0.8983703334499504_0.9113773507876046_SIZE_1_1.15_2
GEN_31_FIT_0.8960749774491877_0.8991354521168711_0.9113773507876046_SIZE_1_1.2_2
GEN_32_FIT_0.8960749774491877_0.9037261641183962_0.9113773507876046_SIZE_1_1.5_2
GEN_33_FIT_0.8960749774491877_0.9098471134537629_0.9113773507876046_SIZE_1_1.9_2
GEN_34_FIT_0.8939081947463373_0.9066845988107749_0.9115033339843636_SIZE_1_1.7_2
GEN_35_FIT_0.8958249864937888_0.9006616105784208_0.9115437888590459_SIZE_1_1.35_3
GEN_36_FIT_0.8960749774491877_0.8991646942436912_0.9115437888590459_SIZE_1_1.3_3
GEN_37_FIT_0.8960749774491877_0.8983914809017147_0.9115483334293737_SIZE_1_1.2_3
GEN_38_FIT_0.8960749774491877_0.8983914809017147_0.9115483334293737_SIZE_1_1.2_3
GEN_39_FIT_0.8960749774491877_0.8983914809017147_0.9115483334293737_SIZE_1_1.2_3
GEN_40_FIT_0.8960749774491877_0.8983914809017147_0.9115483334293737_SIZE_1_1.2_3
Evaluating in sample:
[GEN_40|make_tuple(0.5070698274747416, 375, 6)|0.8961]
[GEN_40|make_tuple(0.7769620720022883, expit(0.593864702476994), 6)|0.9115]
[GEN_40|make_tuple(sub(0.7769620720022883, 0.004587614498544583), expit(0.593864702476994), 5)|0.9115]
Evaluating out-of-sample:
[GEN_40|make_tuple(0.5070698274747416, 375, 6)|0.9184]
[GEN_40|make_tuple(0.7769620720022883, expit(0.593864702476994), 6)|0.9889]
[GEN_40|make_tuple(sub(0.7769620720022883, 0.004587614498544583), expit(0.593864702476994), 5)|0.9931]
GEN_41_FIT_0.8960749774491877_0.8968491388035702_0.9115582045368362_SIZE_1_1.05_2
GEN_42_FIT_0.8960749774491877_0.8976233001579527_0.9115582045368362_SIZE_1_1.1_2
GEN_43_FIT_0.8960749774491877_0.8976233001579527_0.9115582045368362_SIZE_1_1.1_2
GEN_44_FIT_0.8960749774491877_0.8976233001579527_0.9115582045368362_SIZE_1_1.1_2
GEN_45_FIT_0.8960749774491877_0.8976233001579527_0.9115582045368362_SIZE_1_1.1_2
GEN_46_FIT_0.8960749774491877_0.8976233001579527_0.9115582045368362_SIZE_1_1.1_2
GEN_47_FIT_0.8960749774491877_0.8976233001579527_0.9115582045368362_SIZE_1_1.1_2
GEN_48_FIT_0.8960749774491877_0.8976233001579527_0.9115582045368362_SIZE_1_1.1_2
GEN_49_FIT_0.8960749774491877_0.8976233001579527_0.9115582045368362_SIZE_1_1.1_2
GEN_50_FIT_0.8960749774491877_0.8976233001579527_0.9115582045368362_SIZE_1_1.1_2
GEN_51_FIT_0.8960749774491877_0.8976233001579527_0.9115582045368362_SIZE_1_1.1_2
GEN_52_FIT_0.8960749774491877_0.8976233001579527_0.9115582045368362_SIZE_1_1.1_2
GEN_53_FIT_0.8960749774491877_0.8976233001579527_0.9115582045368362_SIZE_1_1.1_2
GEN_54_FIT_0.8960749774491877_0.8976233001579527_0.9115582045368362_SIZE_1_1.1_2
GEN_55_FIT_0.8960749774491877_0.8976233001579527_0.9115582045368362_SIZE_1_1.1_2
GEN_56_FIT_0.8960749774491877_0.8976233001579527_0.9115582045368362_SIZE_1_1.1_2
GEN_57_FIT_0.8960749774491877_0.8976233001579527_0.9115582045368362_SIZE_1_1.1_2
GEN_58_FIT_0.8960749774491877_0.8976233001579527_0.9115582045368362_SIZE_1_1.1_2
GEN_59_FIT_0.8960749774491877_0.8976233001579527_0.9115582045368362_SIZE_1_1.1_2
GEN_60_FIT_0.8960749774491877_0.8976233001579527_0.9115582045368362_SIZE_1_1.1_2
Evaluating in sample:
[GEN_60|make_tuple(0.5070698274747416, 375, 6)|0.8961]
[GEN_60|make_tuple(0.7769620720022883, expit(0.6069332518158609), 6)|0.9116]
Evaluating out-of-sample:
[GEN_60|make_tuple(0.5070698274747416, 375, 6)|0.9184]
[GEN_60|make_tuple(0.7769620720022883, expit(0.6069332518158609), 6)|0.9889]
GEN_61_FIT_0.8960749774491877_0.8976233001579527_0.9115582045368362_SIZE_1_1.1_2
GEN_62_FIT_0.8960749774491877_0.8976233001579527_0.9115582045368362_SIZE_1_1.1_2
Evaluating in sample:
[GEN_62|make_tuple(0.5070698274747416, 375, 6)|0.8961]
[GEN_62|make_tuple(0.7769620720022883, expit(0.6069332518158609), 6)|0.9116]
Evaluating out-of-sample:
[GEN_62|make_tuple(0.5070698274747416, 375, 6)|0.9184]
[GEN_62|make_tuple(0.7769620720022883, expit(0.6069332518158609), 6)|0.9889]
Stopped early in iteration 62, no improvement in 20 gens.
START_TASK: 11
GEN_0_FIT_0.8704787277854534_0.8807929416868647_0.9003290396884807_SIZE_1_4.05_12
GEN_1_FIT_0.8849259436902557_0.8972359547307741_0.9054488746735717_SIZE_1_3.45_5
GEN_2_FIT_0.8849259436902557_0.8956397908837677_0.9054488746735717_SIZE_1_2.35_5
GEN_3_FIT_0.8912498476508426_0.902894244196423_0.9054488746735717_SIZE_1_3.0_5
GEN_4_FIT_0.8943260899948366_0.9035931628566315_0.9054489888271645_SIZE_1_3.2_4
GEN_5_FIT_0.8918977970355099_0.9012705996026782_0.9105349040717688_SIZE_1_2.1_4
GEN_6_FIT_0.8943260899948366_0.8990047023596807_0.9112340345543889_SIZE_1_1.55_5
GEN_7_FIT_0.8945576118977727_0.9035597205099577_0.9112340345543889_SIZE_1_2.05_4
GEN_8_FIT_0.8954231001018363_0.9025654253237189_0.9117566359952916_SIZE_1_1.5_3
GEN_9_FIT_0.8956583043880408_0.9019258494152569_0.9117566359952916_SIZE_1_1.45_3
GEN_10_FIT_0.8956656785779218_0.8996584280590545_0.9118408429840412_SIZE_1_1.35_3
GEN_11_FIT_0.89569995977518_0.9052189543914342_0.9118408429840412_SIZE_1_1.85_3
GEN_12_FIT_0.8960666085002502_0.9077214032787136_0.9118408429840412_SIZE_1_2.2_4
GEN_13_FIT_0.896189748112935_0.9032348497183715_0.9120737211675148_SIZE_1_1.8_4
GEN_14_FIT_0.8962087791209948_0.9041019212258611_0.9121022027404883_SIZE_1_1.85_3
GEN_15_FIT_0.8963540005073063_0.8986738780614043_0.9127075802903856_SIZE_1_1.2_3
GEN_16_FIT_0.8963540005073063_0.8986810157427974_0.9128503339182463_SIZE_1_1.2_3
GEN_17_FIT_0.8963540005073063_0.8987309551173086_0.9128503339182463_SIZE_1_1.2_3
GEN_18_FIT_0.8963540005073063_0.8995557717878556_0.9128503339182463_SIZE_1_1.3_3
GEN_19_FIT_0.8963540005073063_0.8995557717878556_0.9128503339182463_SIZE_1_1.3_3
GEN_20_FIT_0.8963540005073063_0.8995557717878556_0.9128503339182463_SIZE_1_1.3_3
Evaluating in sample:
[GEN_20|make_tuple(0.5563821214821559, 147, 6)|0.8964]
[GEN_20|make_tuple(0.7907842495140505, expit(0.5798311821307143), 5)|0.9119]
[GEN_20|make_tuple(0.7907842495140505, expit(0.5798311821307143), add(0.03782352761135209, 5))|0.9129]
Evaluating out-of-sample:
[GEN_20|make_tuple(0.5563821214821559, 147, 6)|0.8617]
[GEN_20|make_tuple(0.7907842495140505, expit(0.5798311821307143), 5)|0.8951]
[GEN_20|make_tuple(0.7907842495140505, expit(0.5798311821307143), add(0.03782352761135209, 5))|0.8978]
GEN_21_FIT_0.8963540005073063_0.8995557717878556_0.9128503339182463_SIZE_1_1.3_3
GEN_22_FIT_0.8963540005073063_0.8995557717878556_0.9128503339182463_SIZE_1_1.3_3
GEN_23_FIT_0.8963540005073063_0.8995557717878556_0.9128503339182463_SIZE_1_1.3_3
GEN_24_FIT_0.8963540005073063_0.9003817663578568_0.9128738919073286_SIZE_1_1.45_4
GEN_25_FIT_0.8963540005073063_0.8996064940540819_0.9128738919073286_SIZE_1_1.4_4
GEN_26_FIT_0.8963540005073063_0.8996616783566249_0.9139775779581905_SIZE_1_1.4_4
GEN_27_FIT_0.8963540005073063_0.8996821241206343_0.9147885343654257_SIZE_1_1.35_4
GEN_28_FIT_0.8963540005073063_0.8997032112612964_0.9147885343654257_SIZE_1_1.35_4
GEN_29_FIT_0.8963540005073063_0.9014986907439251_0.9147885343654257_SIZE_1_1.6_4
GEN_30_FIT_0.8963540005073063_0.899892117552753_0.9147885343654257_SIZE_1_1.45_4
GEN_31_FIT_0.8963540005073063_0.9015867812123878_0.9147885343654257_SIZE_1_1.6_4
GEN_32_FIT_0.8963540005073063_0.90083002397014_0.9147885343654257_SIZE_1_1.55_4
GEN_33_FIT_0.8963540005073063_0.899959014186247_0.9147885343654257_SIZE_1_1.45_4
GEN_34_FIT_0.8963540005073063_0.9008239106121836_0.9147885343654257_SIZE_1_1.5_4
GEN_35_FIT_0.8963540005073063_0.8990956986570398_0.9147885343654257_SIZE_1_1.35_4
GEN_36_FIT_0.8963540005073063_0.8999939434209615_0.9147885343654257_SIZE_1_1.4_4
GEN_37_FIT_0.8963540005073063_0.8999939434209615_0.9147885343654257_SIZE_1_1.4_4
GEN_38_FIT_0.8963540005073063_0.8999939434209615_0.9147885343654257_SIZE_1_1.4_4
GEN_39_FIT_0.8963540005073063_0.8999939434209615_0.9147885343654257_SIZE_1_1.4_4
GEN_40_FIT_0.8963540005073063_0.8990793452191156_0.9149311041866273_SIZE_1_1.2_3
Evaluating in sample:
[GEN_40|make_tuple(0.5563821214821559, 147, 6)|0.8964]
[GEN_40|make_tuple(0.6165744374834276, expit(0.6050432383491408), 5)|0.9143]
[GEN_40|make_tuple(0.6165744374834276, expit(0.6050432383491408), add(5, 0.001548845367274645))|0.9149]
Evaluating out-of-sample:
[GEN_40|make_tuple(0.5563821214821559, 147, 6)|0.8617]
[GEN_40|make_tuple(0.6165744374834276, expit(0.6050432383491408), 5)|0.9100]
[GEN_40|make_tuple(0.6165744374834276, expit(0.6050432383491408), add(5, 0.001548845367274645))|0.9111]
GEN_41_FIT_0.8963540005073063_0.9000082004030817_0.9149311041866273_SIZE_1_1.3_3
GEN_42_FIT_0.8963540005073063_0.9000082004030817_0.9149311041866273_SIZE_1_1.3_3
GEN_43_FIT_0.8963540005073063_0.9000082004030817_0.9149311041866273_SIZE_1_1.3_3
GEN_44_FIT_0.8963540005073063_0.9000082004030817_0.9149311041866273_SIZE_1_1.3_3
GEN_45_FIT_0.8963540005073063_0.9000082004030817_0.9149311041866273_SIZE_1_1.3_3
GEN_46_FIT_0.8963540005073063_0.9000082004030817_0.9149311041866273_SIZE_1_1.3_3
GEN_47_FIT_0.8963540005073063_0.9000082004030817_0.9149311041866273_SIZE_1_1.3_3
GEN_48_FIT_0.8963540005073063_0.9000082004030817_0.9149311041866273_SIZE_1_1.3_3
GEN_49_FIT_0.8963540005073063_0.9053605743701978_0.9149311041866273_SIZE_1_1.6_3
GEN_50_FIT_0.8963639623796441_0.912615233705264_0.9149311041866273_SIZE_1_2.05_3
GEN_51_FIT_0.8963639623796441_0.9091772991242664_0.9149311041866273_SIZE_1_2.1_3
GEN_52_FIT_0.8963639623796441_0.9130448688206607_0.9149311041866273_SIZE_1_2.75_3
GEN_53_FIT_0.8953967126686805_0.9080851794019843_0.9150501501669582_SIZE_1_1.8_3
GEN_54_FIT_0.8963639623796441_0.9000302529685374_0.9150501501669582_SIZE_1_1.3_3
GEN_55_FIT_0.8963639623796441_0.8991370594966103_0.9150501501669582_SIZE_1_1.25_3
GEN_56_FIT_0.8963639623796441_0.900041537834845_0.9150501501669582_SIZE_1_1.3_3
GEN_57_FIT_0.8963639623796441_0.900041537834845_0.9150501501669582_SIZE_1_1.3_3
GEN_58_FIT_0.8963639623796441_0.900041537834845_0.9150501501669582_SIZE_1_1.3_3
GEN_59_FIT_0.8963639623796441_0.900041537834845_0.9150501501669582_SIZE_1_1.3_3
GEN_60_FIT_0.8963639623796441_0.900041537834845_0.9150501501669582_SIZE_1_1.3_3
Evaluating in sample:
[GEN_60|make_tuple(0.5564914439270634, 18, 6)|0.8964]
[GEN_60|make_tuple(0.6165744374834276, expit(0.5995369113298696), 5)|0.9145]
[GEN_60|make_tuple(0.6165744374834276, expit(0.5995369113298696), add(5, 0.22665902232727397))|0.9151]
Evaluating out-of-sample:
[GEN_60|make_tuple(0.5564914439270634, 18, 6)|0.8617]
[GEN_60|make_tuple(0.6165744374834276, expit(0.5995369113298696), 5)|0.9100]
[GEN_60|make_tuple(0.6165744374834276, expit(0.5995369113298696), add(5, 0.22665902232727397))|0.9111]
GEN_61_FIT_0.8963639623796441_0.900041537834845_0.9150501501669582_SIZE_1_1.3_3
GEN_62_FIT_0.8963639623796441_0.900041537834845_0.9150501501669582_SIZE_1_1.3_3
GEN_63_FIT_0.8963639623796441_0.900041537834845_0.9150501501669582_SIZE_1_1.3_3
GEN_64_FIT_0.8963639623796441_0.900041537834845_0.9150501501669582_SIZE_1_1.3_3
GEN_65_FIT_0.8963639623796441_0.900041537834845_0.9150501501669582_SIZE_1_1.3_3
GEN_66_FIT_0.8963639623796441_0.900041537834845_0.9150501501669582_SIZE_1_1.3_3
GEN_67_FIT_0.8963639623796441_0.900041537834845_0.9150501501669582_SIZE_1_1.3_3
GEN_68_FIT_0.8963639623796441_0.900041537834845_0.9150501501669582_SIZE_1_1.3_3
GEN_69_FIT_0.8963639623796441_0.900041537834845_0.9150501501669582_SIZE_1_1.3_3
GEN_70_FIT_0.8963639623796441_0.900041537834845_0.9150501501669582_SIZE_1_1.3_3
GEN_71_FIT_0.8963639623796441_0.900041537834845_0.9150501501669582_SIZE_1_1.3_3
GEN_72_FIT_0.8963639623796441_0.900041537834845_0.9150501501669582_SIZE_1_1.3_3
GEN_73_FIT_0.8963639623796441_0.900041537834845_0.9150501501669582_SIZE_1_1.3_3
GEN_74_FIT_0.8963639623796441_0.900041537834845_0.9150501501669582_SIZE_1_1.3_3
Evaluating in sample:
[GEN_74|make_tuple(0.5564914439270634, 18, 6)|0.8964]
[GEN_74|make_tuple(0.6165744374834276, expit(0.5995369113298696), 5)|0.9145]
[GEN_74|make_tuple(0.6165744374834276, expit(0.5995369113298696), add(5, 0.22665902232727397))|0.9151]
Evaluating out-of-sample:
[GEN_74|make_tuple(0.5564914439270634, 18, 6)|0.8617]
[GEN_74|make_tuple(0.6165744374834276, expit(0.5995369113298696), 5)|0.9100]
[GEN_74|make_tuple(0.6165744374834276, expit(0.5995369113298696), add(5, 0.22665902232727397))|0.9111]
Stopped early in iteration 74, no improvement in 20 gens.
START_TASK: 12
GEN_0_FIT_0.8689595872946401_0.884535827162716_0.9022911937619081_SIZE_1_3.35_11
GEN_1_FIT_0.8834344665174766_0.8972207411309338_0.9078178016315538_SIZE_1_4.95_10
GEN_2_FIT_0.8838410739371352_0.8974796492862277_0.9095176647964057_SIZE_1_2.45_7
GEN_3_FIT_0.8859764495108485_0.8919932918089369_0.909667416650332_SIZE_1_1.5_4
GEN_4_FIT_0.8866437830060189_0.8878606622067485_0.9109813670206122_SIZE_1_1.05_2
GEN_5_FIT_0.8866437830060189_0.8906786777908542_0.9109813670206122_SIZE_1_1.2_3
GEN_6_FIT_0.8866437830060189_0.9038122226969211_0.9109813670206122_SIZE_1_1.85_3
GEN_7_FIT_0.8940655304566252_0.9019029461838415_0.9110851760054857_SIZE_1_1.5_3
GEN_8_FIT_0.8945484549542898_0.9045109097192894_0.9110851760054857_SIZE_1_1.8_4
GEN_9_FIT_0.8948301367692932_0.9007173272562999_0.9121191490328449_SIZE_1_1.55_4
GEN_10_FIT_0.895047671714917_0.9034985289341954_0.9127812003423903_SIZE_1_1.75_4
GEN_11_FIT_0.8953278970732845_0.897073227400195_0.9127812003423903_SIZE_1_1.1_2
GEN_12_FIT_0.8953278970732845_0.9029893539824464_0.9127812003423903_SIZE_1_1.55_3
GEN_13_FIT_0.8954050129869415_0.9110548737981266_0.9130070441680117_SIZE_1_1.95_3
GEN_14_FIT_0.8953546007679263_0.9067308907308756_0.9130070441680117_SIZE_1_1.7_3
GEN_15_FIT_0.8953546007679263_0.8962900876951855_0.9131569193708344_SIZE_1_1.05_2
GEN_16_FIT_0.8954050129869415_0.8962926083061362_0.9131569193708344_SIZE_1_1.05_2
GEN_17_FIT_0.8954050129869415_0.8996741094040687_0.9131569193708344_SIZE_1_1.25_2
GEN_18_FIT_0.8954050129869415_0.9077951304176735_0.9131569193708344_SIZE_1_1.75_3
GEN_19_FIT_0.8954050129869415_0.8973223061109294_0.9134348879906854_SIZE_1_1.1_2
GEN_20_FIT_0.8956877852652505_0.8974717835913666_0.913527768526412_SIZE_1_1.1_2
Evaluating in sample:
[GEN_20|make_tuple(0.5065104412279079, 623, 6)|0.8957]
[GEN_20|make_tuple(0.6214480992697885, max(0.6447140100179163, 0.009550460456575259), 5)|0.9135]
Evaluating out-of-sample:
[GEN_20|make_tuple(0.5065104412279079, 623, 6)|0.9634]
[GEN_20|make_tuple(0.6214480992697885, max(0.6447140100179163, 0.009550460456575259), 5)|0.9928]
GEN_21_FIT_0.8956877852652505_0.8974717835913666_0.913527768526412_SIZE_1_1.1_2
GEN_22_FIT_0.8956877852652505_0.8983708766150669_0.9136696457392576_SIZE_1_1.2_3
GEN_23_FIT_0.8956877852652505_0.8992699696387673_0.9136696457392576_SIZE_1_1.3_3
GEN_24_FIT_0.8956877852652505_0.8992699696387673_0.9136696457392576_SIZE_1_1.3_3
GEN_25_FIT_0.8956877852652505_0.8983838696452958_0.9136696457392576_SIZE_1_1.25_3
GEN_26_FIT_0.8956877852652505_0.8992817679779405_0.9136696457392576_SIZE_1_1.3_3
GEN_27_FIT_0.8956877852652505_0.8992817679779405_0.9136696457392576_SIZE_1_1.3_3
GEN_28_FIT_0.8956877852652505_0.8983846920127811_0.9136696457392576_SIZE_1_1.25_3
GEN_29_FIT_0.8956877852652505_0.8974859415157926_0.9136764962734923_SIZE_1_1.15_3
GEN_30_FIT_0.8956877852652505_0.8983846622159227_0.9136764962734923_SIZE_1_1.2_3
GEN_31_FIT_0.8956877852652505_0.8992840977663349_0.9136764962734923_SIZE_1_1.3_3
GEN_32_FIT_0.8956877852652505_0.8992840977663349_0.9136764962734923_SIZE_1_1.3_3
GEN_33_FIT_0.8956877852652505_0.8974866563660745_0.9136764962734923_SIZE_1_1.1_2
GEN_34_FIT_0.8956877852652505_0.8974866563660745_0.9136764962734923_SIZE_1_1.1_2
GEN_35_FIT_0.8956877852652505_0.8974866563660745_0.9136764962734923_SIZE_1_1.1_2
GEN_36_FIT_0.8956877852652505_0.8965880876782142_0.9136938335245295_SIZE_1_1.05_2
GEN_37_FIT_0.8956877852652505_0.8974883900911783_0.9136938335245295_SIZE_1_1.1_2
GEN_38_FIT_0.8956877852652505_0.8974883900911783_0.9136938335245295_SIZE_1_1.1_2
GEN_39_FIT_0.8956877852652505_0.8974883900911783_0.9136938335245295_SIZE_1_1.1_2
GEN_40_FIT_0.8956877852652505_0.8974883900911783_0.9136938335245295_SIZE_1_1.1_2
Evaluating in sample:
[GEN_40|make_tuple(0.5065104412279079, 623, 6)|0.8957]
[GEN_40|make_tuple(0.6214480992697885, add(0.6447140100179163, 0.0010341043714260465), 5)|0.9137]
Evaluating out-of-sample:
[GEN_40|make_tuple(0.5065104412279079, 623, 6)|0.9634]
[GEN_40|make_tuple(0.6214480992697885, add(0.6447140100179163, 0.0010341043714260465), 5)|0.9928]
GEN_41_FIT_0.8956877852652505_0.8974883900911783_0.9136938335245295_SIZE_1_1.1_2
GEN_42_FIT_0.8956877852652505_0.8974883900911783_0.9136938335245295_SIZE_1_1.1_2
GEN_43_FIT_0.8956877852652505_0.8974883900911783_0.9136938335245295_SIZE_1_1.1_2
GEN_44_FIT_0.8956877852652505_0.8974883900911783_0.9136938335245295_SIZE_1_1.1_2
GEN_45_FIT_0.8956877852652505_0.8984192688999648_0.9143053614409828_SIZE_1_1.2_3
GEN_46_FIT_0.8956877852652505_0.8993501477087514_0.9143053614409828_SIZE_1_1.3_3
GEN_47_FIT_0.8956877852652505_0.8993501477087514_0.9143053614409828_SIZE_1_1.3_3
GEN_48_FIT_0.8956877852652505_0.8993501477087514_0.9143053614409828_SIZE_1_1.3_3
GEN_49_FIT_0.8956877852652505_0.8993501477087514_0.9143053614409828_SIZE_1_1.3_3
GEN_50_FIT_0.8956877852652505_0.8993501477087514_0.9143053614409828_SIZE_1_1.3_3
GEN_51_FIT_0.8956877852652505_0.8993501477087514_0.9143053614409828_SIZE_1_1.3_3
GEN_52_FIT_0.8956877852652505_0.8993501477087514_0.9143053614409828_SIZE_1_1.3_3
GEN_53_FIT_0.8956877852652505_0.8993501477087514_0.9143053614409828_SIZE_1_1.3_3
GEN_54_FIT_0.8956877852652505_0.8993501477087514_0.9143053614409828_SIZE_1_1.3_3
GEN_55_FIT_0.8956877852652505_0.8993501477087514_0.9143053614409828_SIZE_1_1.3_3
GEN_56_FIT_0.8956877852652505_0.8993501477087514_0.9143053614409828_SIZE_1_1.3_3
GEN_57_FIT_0.8956877852652505_0.8993501477087514_0.9143053614409828_SIZE_1_1.3_3
GEN_58_FIT_0.8956877852652505_0.8993501477087514_0.9143053614409828_SIZE_1_1.3_3
GEN_59_FIT_0.8956877852652505_0.8993501477087514_0.9143053614409828_SIZE_1_1.3_3
GEN_60_FIT_0.8956877852652505_0.8993501477087514_0.9143053614409828_SIZE_1_1.3_3
Evaluating in sample:
[GEN_60|make_tuple(0.5065104412279079, 623, 6)|0.8957]
[GEN_60|make_tuple(0.6214480992697885, add(0.6447140100179163, 0.0010341043714260465), 5)|0.9137]
[GEN_60|make_tuple(0.6214480992697885, add(0.6447140100179163, 0.0010341043714260465), add(0.0844500274315988, 5))|0.9143]
Evaluating out-of-sample:
[GEN_60|make_tuple(0.5065104412279079, 623, 6)|0.9634]
[GEN_60|make_tuple(0.6214480992697885, add(0.6447140100179163, 0.0010341043714260465), 5)|0.9928]
[GEN_60|make_tuple(0.6214480992697885, add(0.6447140100179163, 0.0010341043714260465), add(0.0844500274315988, 5))|0.9928]
GEN_61_FIT_0.8956877852652505_0.8993501477087514_0.9143053614409828_SIZE_1_1.3_3
GEN_62_FIT_0.8956877852652505_0.8993501477087514_0.9143053614409828_SIZE_1_1.3_3
GEN_63_FIT_0.8956877852652505_0.8993501477087514_0.9143053614409828_SIZE_1_1.3_3
GEN_64_FIT_0.8956877852652505_0.8993501477087514_0.9143053614409828_SIZE_1_1.3_3
GEN_65_FIT_0.8956877852652505_0.8993501477087514_0.9143053614409828_SIZE_1_1.3_3
GEN_66_FIT_0.8956877852652505_0.8993501477087514_0.9143053614409828_SIZE_1_1.3_3
Evaluating in sample:
[GEN_66|make_tuple(0.5065104412279079, 623, 6)|0.8957]
[GEN_66|make_tuple(0.6214480992697885, add(0.6447140100179163, 0.0010341043714260465), 5)|0.9137]
[GEN_66|make_tuple(0.6214480992697885, add(0.6447140100179163, 0.0010341043714260465), add(0.0844500274315988, 5))|0.9143]
Evaluating out-of-sample:
[GEN_66|make_tuple(0.5065104412279079, 623, 6)|0.9634]
[GEN_66|make_tuple(0.6214480992697885, add(0.6447140100179163, 0.0010341043714260465), 5)|0.9928]
[GEN_66|make_tuple(0.6214480992697885, add(0.6447140100179163, 0.0010341043714260465), add(0.0844500274315988, 5))|0.9928]
Stopped early in iteration 66, no improvement in 20 gens.
START_TASK: 14
GEN_0_FIT_0.8685267367809336_0.8836621170333407_0.9080635887437718_SIZE_1_3.7_10
GEN_1_FIT_0.8931072204296069_0.9024953262650472_0.9080635887437718_SIZE_1_5.9_10
GEN_2_FIT_0.8931072204296069_0.9000690440743158_0.9085039876992065_SIZE_1_3.75_9
GEN_3_FIT_0.8931072204296069_0.9002823582728021_0.9085039876992065_SIZE_1_2.75_8
GEN_4_FIT_0.8946352255938063_0.905458401425723_0.9107018409613276_SIZE_1_2.6_5
GEN_5_FIT_0.8946352255938063_0.9056908906590431_0.9111704062510171_SIZE_1_3.25_6
GEN_6_FIT_0.8953429752558347_0.9068455932381084_0.9112521213758455_SIZE_1_3.25_5
GEN_7_FIT_0.8953429752558347_0.9008567924205574_0.9112521213758455_SIZE_1_2.0_5
GEN_8_FIT_0.8953429752558347_0.8963444053778973_0.9115310394386774_SIZE_1_1.05_2
GEN_9_FIT_0.8955563384924129_0.9004186464958519_0.9132631909367038_SIZE_1_1.35_3
GEN_10_FIT_0.8955563384924129_0.8989764804695424_0.9132631909367038_SIZE_1_1.3_3
GEN_11_FIT_0.8957868124242542_0.9033277282543034_0.9132631909367038_SIZE_1_1.7_3
GEN_12_FIT_0.8957868124242542_0.9055876564554561_0.9133319561306833_SIZE_1_1.75_3
GEN_13_FIT_0.8957933018186588_0.9086687594199384_0.9137258745279192_SIZE_1_1.85_3
GEN_14_FIT_0.8952437594320183_0.899183256501319_0.9137258745279192_SIZE_1_1.25_3
GEN_15_FIT_0.8957933018186588_0.8984784113255566_0.9137258745279192_SIZE_1_1.25_3
GEN_16_FIT_0.8957933018186588_0.8993702635615284_0.9137258745279192_SIZE_1_1.3_3
GEN_17_FIT_0.8957933018186588_0.8993702635615284_0.9137258745279192_SIZE_1_1.3_3
GEN_18_FIT_0.8957933018186588_0.8993702635615284_0.9137258745279192_SIZE_1_1.3_3
GEN_19_FIT_0.8957933018186588_0.8984741466448567_0.9137361089037426_SIZE_1_1.2_3
GEN_20_FIT_0.8957933018186588_0.8993712869991107_0.9137361089037426_SIZE_1_1.3_3
Evaluating in sample:
[GEN_20|make_tuple(0.5067970549706777, 138, 6)|0.8958]
[GEN_20|make_tuple(0.6142014255066431, add(0.5830088556644828, 0.06326223495495727), 5)|0.9136]
[GEN_20|make_tuple(0.6142014255066431, add(add(0.5830088556644828, 0.06171099827964749), 0.0010564425012434967), 5)|0.9137]
Evaluating out-of-sample:
[GEN_20|make_tuple(0.5067970549706777, 138, 6)|0.9524]
[GEN_20|make_tuple(0.6142014255066431, add(0.5830088556644828, 0.06326223495495727), 5)|0.9886]
[GEN_20|make_tuple(0.6142014255066431, add(add(0.5830088556644828, 0.06171099827964749), 0.0010564425012434967), 5)|0.9886]
GEN_21_FIT_0.8957933018186588_0.8993712869991107_0.9137361089037426_SIZE_1_1.3_3
GEN_22_FIT_0.8957933018186588_0.8993712869991107_0.9137361089037426_SIZE_1_1.3_3
GEN_23_FIT_0.8957933018186588_0.8993712869991107_0.9137361089037426_SIZE_1_1.3_3
GEN_24_FIT_0.8957933018186588_0.8993712869991107_0.9137361089037426_SIZE_1_1.3_3
GEN_25_FIT_0.8957933018186588_0.8993712869991107_0.9137361089037426_SIZE_1_1.3_3
GEN_26_FIT_0.8957933018186588_0.8984747654219815_0.9137484844462392_SIZE_1_1.2_3
GEN_27_FIT_0.8957933018186588_0.8984747654219815_0.9137484844462392_SIZE_1_1.2_3
GEN_28_FIT_0.8957933018186588_0.8984747654219815_0.9137484844462392_SIZE_1_1.2_3
GEN_29_FIT_0.8957933018186588_0.8993725245533604_0.9137484844462392_SIZE_1_1.3_3
GEN_30_FIT_0.8957933018186588_0.8993725245533604_0.9137484844462392_SIZE_1_1.3_3
GEN_31_FIT_0.8957933018186588_0.8993725245533604_0.9137484844462392_SIZE_1_1.3_3
GEN_32_FIT_0.8957933018186588_0.8993725245533604_0.9137484844462392_SIZE_1_1.3_3
GEN_33_FIT_0.8957933018186588_0.8984998497298324_0.9142501706032596_SIZE_1_1.2_3
GEN_34_FIT_0.8957933018186588_0.8994226931690624_0.9142501706032596_SIZE_1_1.3_3
GEN_35_FIT_0.8957933018186588_0.8994226931690624_0.9142501706032596_SIZE_1_1.3_3
GEN_36_FIT_0.8957933018186588_0.8985034993783124_0.9143231635728583_SIZE_1_1.2_3
GEN_37_FIT_0.8957933018186588_0.8985106284873089_0.9143231635728583_SIZE_1_1.2_3
GEN_38_FIT_0.8957933018186588_0.8994371215750189_0.9143231635728583_SIZE_1_1.3_3
GEN_39_FIT_0.8957933018186588_0.8985464811840401_0.9143231635728583_SIZE_1_1.25_3
GEN_40_FIT_0.8957933018186588_0.8994466743740015_0.9143231635728583_SIZE_1_1.3_3
Evaluating in sample:
[GEN_40|make_tuple(0.5067970549706777, 138, 6)|0.8958]
[GEN_40|make_tuple(0.6165417148391349, add(0.5827199006487749, 0.06326223495495727), 5)|0.9138]
[GEN_40|make_tuple(0.6165417148391349, add(0.5830088556644828, 0.06326223495495727), add(0.23767410275931405, 5))|0.9143]
Evaluating out-of-sample:
[GEN_40|make_tuple(0.5067970549706777, 138, 6)|0.9524]
[GEN_40|make_tuple(0.6165417148391349, add(0.5827199006487749, 0.06326223495495727), 5)|0.9886]
[GEN_40|make_tuple(0.6165417148391349, add(0.5830088556644828, 0.06326223495495727), add(0.23767410275931405, 5))|0.9886]
GEN_41_FIT_0.8957933018186588_0.8994466743740015_0.9143231635728583_SIZE_1_1.3_3
GEN_42_FIT_0.8957933018186588_0.8985241730027946_0.9144029979029222_SIZE_1_1.2_3
GEN_43_FIT_0.8957933018186588_0.8994546578070078_0.9144029979029222_SIZE_1_1.3_3
GEN_44_FIT_0.8957933018186588_0.8994546578070078_0.9144029979029222_SIZE_1_1.3_3
GEN_45_FIT_0.8957933018186588_0.8994546578070078_0.9144029979029222_SIZE_1_1.3_3
GEN_46_FIT_0.8957933018186588_0.8994546578070078_0.9144029979029222_SIZE_1_1.3_3
GEN_47_FIT_0.8957933018186588_0.8994546578070078_0.9144029979029222_SIZE_1_1.3_3
GEN_48_FIT_0.8957933018186588_0.8985549249060142_0.9144029979029222_SIZE_1_1.25_3
GEN_49_FIT_0.8957933018186588_0.8985549249060142_0.9144029979029222_SIZE_1_1.25_3
GEN_50_FIT_0.8957933018186588_0.8994555783849432_0.9144029979029222_SIZE_1_1.3_3
GEN_51_FIT_0.8957933018186588_0.8994555783849432_0.9144029979029222_SIZE_1_1.3_3
GEN_52_FIT_0.8957933018186588_0.8994555783849432_0.9144029979029222_SIZE_1_1.3_3
GEN_53_FIT_0.8957933018186588_0.8994555783849432_0.9144029979029222_SIZE_1_1.3_3
GEN_54_FIT_0.8957933018186588_0.8994555783849432_0.9144029979029222_SIZE_1_1.3_3
GEN_55_FIT_0.8957933018186588_0.8994555783849432_0.9144029979029222_SIZE_1_1.3_3
GEN_56_FIT_0.8957933018186588_0.8994555783849432_0.9144029979029222_SIZE_1_1.3_3
GEN_57_FIT_0.8957933018186588_0.8994555783849432_0.9144029979029222_SIZE_1_1.3_3
GEN_58_FIT_0.8957933018186588_0.8994555783849432_0.9144029979029222_SIZE_1_1.3_3
GEN_59_FIT_0.8957933018186588_0.8994555783849432_0.9144029979029222_SIZE_1_1.3_3
GEN_60_FIT_0.8957933018186588_0.8994555783849432_0.9144029979029222_SIZE_1_1.3_3
Evaluating in sample:
[GEN_60|make_tuple(0.5067970549706777, 138, 6)|0.8958]
[GEN_60|make_tuple(0.6165417148391349, add(0.5822902741590991, 0.06326223495495727), 5)|0.9138]
[GEN_60|make_tuple(0.6165417148391349, add(0.5827199006487749, 0.06326223495495727), add(0.24176593733509452, 5))|0.9144]
Evaluating out-of-sample:
[GEN_60|make_tuple(0.5067970549706777, 138, 6)|0.9524]
[GEN_60|make_tuple(0.6165417148391349, add(0.5822902741590991, 0.06326223495495727), 5)|0.9886]
[GEN_60|make_tuple(0.6165417148391349, add(0.5827199006487749, 0.06326223495495727), add(0.24176593733509452, 5))|0.9886]
GEN_61_FIT_0.8957933018186588_0.8994555783849432_0.9144029979029222_SIZE_1_1.3_3
GEN_62_FIT_0.8957933018186588_0.8994555783849432_0.9144029979029222_SIZE_1_1.3_3
GEN_63_FIT_0.8957933018186588_0.8994555783849432_0.9144029979029222_SIZE_1_1.3_3
Evaluating in sample:
[GEN_63|make_tuple(0.5067970549706777, 138, 6)|0.8958]
[GEN_63|make_tuple(0.6165417148391349, add(0.5822902741590991, 0.06326223495495727), 5)|0.9138]
[GEN_63|make_tuple(0.6165417148391349, add(0.5827199006487749, 0.06326223495495727), add(0.24176593733509452, 5))|0.9144]
Evaluating out-of-sample:
[GEN_63|make_tuple(0.5067970549706777, 138, 6)|0.9524]
[GEN_63|make_tuple(0.6165417148391349, add(0.5822902741590991, 0.06326223495495727), 5)|0.9886]
[GEN_63|make_tuple(0.6165417148391349, add(0.5827199006487749, 0.06326223495495727), add(0.24176593733509452, 5))|0.9886]
Stopped early in iteration 63, no improvement in 20 gens.
START_TASK: 15
GEN_0_FIT_0.8692825658543071_0.8920397862594658_0.9013534735540707_SIZE_1_6.6_11
GEN_1_FIT_0.8816913652176996_0.8924567029082586_0.9020402242739644_SIZE_1_3.85_9
GEN_2_FIT_0.885485109140566_0.8936904568527673_0.9075540103654328_SIZE_1_2.75_9
GEN_3_FIT_0.8892452379977747_0.9013446425369969_0.9101852197897977_SIZE_1_3.05_6
GEN_4_FIT_0.8894858251850876_0.8960119132345593_0.9101852197897977_SIZE_1_1.65_4
GEN_5_FIT_0.8926740371199788_0.9062219019324791_0.9101852197897977_SIZE_1_2.95_4
GEN_6_FIT_0.8931741908670835_0.905931003891131_0.9113642331568561_SIZE_1_2.25_4
GEN_7_FIT_0.8938538035610224_0.9053913163331264_0.9122666661195077_SIZE_1_2.55_5
GEN_8_FIT_0.8948776429361727_0.9051580646756596_0.9122666661195077_SIZE_1_2.25_4
GEN_9_FIT_0.8954616432147028_0.9039524819088524_0.9127369554597456_SIZE_1_1.75_4
GEN_10_FIT_0.8958247986310789_0.8991366865957765_0.9127369554597456_SIZE_1_1.25_3
GEN_11_FIT_0.8958247986310789_0.8983145932213551_0.9127369554597456_SIZE_1_1.2_3
GEN_12_FIT_0.8958247986310789_0.8983145932213551_0.9127369554597456_SIZE_1_1.2_3
GEN_13_FIT_0.8958247986310789_0.8983451579546731_0.9133482501261059_SIZE_1_1.2_3
GEN_14_FIT_0.8958247986310789_0.897536852057659_0.9133482501261059_SIZE_1_1.15_3
GEN_15_FIT_0.8958247986310789_0.897536852057659_0.9133482501261059_SIZE_1_1.15_3
GEN_16_FIT_0.8958247986310789_0.8975560217031516_0.9135571459902229_SIZE_1_1.15_3
GEN_17_FIT_0.8958247986310789_0.8992872447752245_0.9135571459902229_SIZE_1_1.3_3
GEN_18_FIT_0.8958247986310789_0.8984082928809543_0.9137104554639639_SIZE_1_1.2_3
GEN_19_FIT_0.8958247986310789_0.8993025757225984_0.9137104554639639_SIZE_1_1.3_3
GEN_20_FIT_0.8958247986310789_0.8984883326020439_0.9137104554639639_SIZE_1_1.25_3
Evaluating in sample:
[GEN_20|make_tuple(0.5066784221372077, 18, 6)|0.8958]
[GEN_20|make_tuple(0.6094041438786579, expit(0.5877686718755829), 5)|0.9133]
[GEN_20|make_tuple(0.6094041438786579, expit(sub(0.666122956930575, 0.05733142399253069)), 5)|0.9137]
Evaluating out-of-sample:
[GEN_20|make_tuple(0.5066784221372077, 18, 6)|0.9487]
[GEN_20|make_tuple(0.6094041438786579, expit(0.5877686718755829), 5)|0.9723]
[GEN_20|make_tuple(0.6094041438786579, expit(sub(0.666122956930575, 0.05733142399253069)), 5)|0.9694]
GEN_21_FIT_0.8958247986310789_0.8967233349251897_0.9137955245132942_SIZE_1_1.05_2
GEN_22_FIT_0.8958247986310789_0.8967233349251897_0.9137955245132942_SIZE_1_1.05_2
GEN_23_FIT_0.8958247986310789_0.8967233349251897_0.9137955245132942_SIZE_1_1.05_2
GEN_24_FIT_0.8958247986310789_0.8967233349251897_0.9137955245132942_SIZE_1_1.05_2
GEN_25_FIT_0.8958247986310789_0.8976218712193005_0.9137955245132942_SIZE_1_1.1_2
GEN_26_FIT_0.8958247986310789_0.898550616880555_0.9143997118561683_SIZE_1_1.2_3
GEN_27_FIT_0.8958247986310789_0.8994823036649919_0.9144585343198178_SIZE_1_1.35_4
GEN_28_FIT_0.8958247986310789_0.8994834568560994_0.9144815981419685_SIZE_1_1.35_4
GEN_29_FIT_0.8958247986310789_0.9004122025173539_0.9144815981419685_SIZE_1_1.45_4
GEN_30_FIT_0.8958247986310789_0.9013450424928984_0.9144815981419685_SIZE_1_1.6_4
GEN_31_FIT_0.8958247986310789_0.9004134239391494_0.9145060265778802_SIZE_1_1.45_4
GEN_32_FIT_0.8958247986310789_0.8995254469536278_0.9145060265778802_SIZE_1_1.45_4
GEN_33_FIT_0.8958247986310789_0.8995294668476209_0.9145060265778802_SIZE_1_1.45_4
GEN_34_FIT_0.8958247986310789_0.9004627851390055_0.9145060265778802_SIZE_1_1.55_4
GEN_35_FIT_0.8958247986310789_0.9013660122694829_0.9145060265778802_SIZE_1_1.6_4
GEN_36_FIT_0.8958247986310789_0.9013660122694829_0.9145060265778802_SIZE_1_1.6_4
GEN_37_FIT_0.8958247986310789_0.9013660122694829_0.9145060265778802_SIZE_1_1.6_4
GEN_38_FIT_0.8958247986310789_0.8985659581294747_0.9145189033799018_SIZE_1_1.2_3
GEN_39_FIT_0.8958247986310789_0.8995032107029741_0.9145189033799018_SIZE_1_1.3_3
GEN_40_FIT_0.8958247986310789_0.8995032107029741_0.9145189033799018_SIZE_1_1.3_3
Evaluating in sample:
[GEN_40|make_tuple(0.5066784221372077, 18, 6)|0.8958]
[GEN_40|make_tuple(0.6145869879296412, expit(0.600814810722968), 5)|0.9139]
[GEN_40|make_tuple(0.6145869879296412, expit(0.600814810722968), add(5, 0.002258401881666759))|0.9145]
Evaluating out-of-sample:
[GEN_40|make_tuple(0.5066784221372077, 18, 6)|0.9487]
[GEN_40|make_tuple(0.6145869879296412, expit(0.600814810722968), 5)|0.9699]
[GEN_40|make_tuple(0.6145869879296412, expit(0.600814810722968), add(5, 0.002258401881666759))|0.9699]
GEN_41_FIT_0.8958247986310789_0.8995032107029741_0.9145189033799018_SIZE_1_1.3_3
GEN_42_FIT_0.8958247986310789_0.8995032107029741_0.9145189033799018_SIZE_1_1.3_3
GEN_43_FIT_0.8958247986310789_0.8995032107029741_0.9145189033799018_SIZE_1_1.3_3
GEN_44_FIT_0.8958247986310789_0.8995032107029741_0.9145189033799018_SIZE_1_1.3_3
GEN_45_FIT_0.8958247986310789_0.8995032107029741_0.9145189033799018_SIZE_1_1.3_3
GEN_46_FIT_0.8958247986310789_0.8995032107029741_0.9145189033799018_SIZE_1_1.3_3
GEN_47_FIT_0.8958247986310789_0.8995032107029741_0.9145189033799018_SIZE_1_1.3_3
GEN_48_FIT_0.8958247986310789_0.8995032107029741_0.9145189033799018_SIZE_1_1.3_3
GEN_49_FIT_0.8958247986310789_0.8995032107029741_0.9145189033799018_SIZE_1_1.3_3
GEN_50_FIT_0.8958247986310789_0.8995032107029741_0.9145189033799018_SIZE_1_1.3_3
GEN_51_FIT_0.8958247986310789_0.8985998737232072_0.9145189033799018_SIZE_1_1.25_3
GEN_52_FIT_0.8958247986310789_0.899505538340453_0.9145189033799018_SIZE_1_1.3_3
GEN_53_FIT_0.8958247986310789_0.899505538340453_0.9145189033799018_SIZE_1_1.3_3
GEN_54_FIT_0.8958247986310789_0.899505538340453_0.9145189033799018_SIZE_1_1.3_3
GEN_55_FIT_0.8958247986310789_0.899505538340453_0.9145189033799018_SIZE_1_1.3_3
GEN_56_FIT_0.8958247986310789_0.899505538340453_0.9145189033799018_SIZE_1_1.3_3
GEN_57_FIT_0.8958247986310789_0.899505538340453_0.9145189033799018_SIZE_1_1.3_3
GEN_58_FIT_0.8958247986310789_0.8985724032759166_0.9145503068379951_SIZE_1_1.2_3
GEN_59_FIT_0.8958247986310789_0.8985724032759166_0.9145503068379951_SIZE_1_1.2_3
GEN_60_FIT_0.8958247986310789_0.8985724032759166_0.9145503068379951_SIZE_1_1.2_3
Evaluating in sample:
[GEN_60|make_tuple(0.5066784221372077, 18, 6)|0.8958]
[GEN_60|make_tuple(0.6202957599049457, expit(0.600814810722968), 5)|0.9139]
[GEN_60|make_tuple(0.6202957599049457, expit(0.600814810722968), add(5, 0.1503991485816695))|0.9146]
Evaluating out-of-sample:
[GEN_60|make_tuple(0.5066784221372077, 18, 6)|0.9487]
[GEN_60|make_tuple(0.6202957599049457, expit(0.600814810722968), 5)|0.9701]
[GEN_60|make_tuple(0.6202957599049457, expit(0.600814810722968), add(5, 0.1503991485816695))|0.9701]
GEN_61_FIT_0.8958247986310789_0.8985724032759166_0.9145503068379951_SIZE_1_1.2_3
GEN_62_FIT_0.8958247986310789_0.8995086786862624_0.9145503068379951_SIZE_1_1.3_3
GEN_63_FIT_0.8958247986310789_0.8995086786862624_0.9145503068379951_SIZE_1_1.3_3
GEN_64_FIT_0.8958247986310789_0.8995086786862624_0.9145503068379951_SIZE_1_1.3_3
GEN_65_FIT_0.8958247986310789_0.8995086786862624_0.9145503068379951_SIZE_1_1.3_3
GEN_66_FIT_0.8958247986310789_0.8995086786862624_0.9145503068379951_SIZE_1_1.3_3
GEN_67_FIT_0.8958247986310789_0.8995086786862624_0.9145503068379951_SIZE_1_1.3_3
GEN_68_FIT_0.8958247986310789_0.8995086786862624_0.9145503068379951_SIZE_1_1.3_3
GEN_69_FIT_0.8958247986310789_0.8995086786862624_0.9145503068379951_SIZE_1_1.3_3
GEN_70_FIT_0.8958247986310789_0.8995086786862624_0.9145503068379951_SIZE_1_1.3_3
GEN_71_FIT_0.8958247986310789_0.8995086786862624_0.9145503068379951_SIZE_1_1.3_3
GEN_72_FIT_0.8958247986310789_0.8995086786862624_0.9145503068379951_SIZE_1_1.3_3
GEN_73_FIT_0.8958247986310789_0.8995086786862624_0.9145503068379951_SIZE_1_1.3_3
GEN_74_FIT_0.8958247986310789_0.8995086786862624_0.9145503068379951_SIZE_1_1.3_3
GEN_75_FIT_0.8958247986310789_0.8995086786862624_0.9145503068379951_SIZE_1_1.3_3
GEN_76_FIT_0.8958247986310789_0.8995086786862624_0.9145503068379951_SIZE_1_1.3_3
GEN_77_FIT_0.8958247986310789_0.8995086786862624_0.9145503068379951_SIZE_1_1.3_3
GEN_78_FIT_0.8958247986310789_0.8995086786862624_0.9145503068379951_SIZE_1_1.3_3
GEN_79_FIT_0.8958247986310789_0.8995086786862624_0.9145503068379951_SIZE_1_1.3_3
Evaluating in sample:
[GEN_79|make_tuple(0.5066784221372077, 18, 6)|0.8958]
[GEN_79|make_tuple(0.6202957599049457, expit(0.600814810722968), 5)|0.9139]
[GEN_79|make_tuple(0.6202957599049457, expit(0.600814810722968), add(5, 0.1503991485816695))|0.9146]
Evaluating out-of-sample:
[GEN_79|make_tuple(0.5066784221372077, 18, 6)|0.9487]
[GEN_79|make_tuple(0.6202957599049457, expit(0.600814810722968), 5)|0.9701]
[GEN_79|make_tuple(0.6202957599049457, expit(0.600814810722968), add(5, 0.1503991485816695))|0.9701]
Stopped early in iteration 79, no improvement in 20 gens.
START_TASK: 16
GEN_0_FIT_0.8665220866576382_0.8828763576448658_0.8955938595990725_SIZE_1_3.6_9
GEN_1_FIT_0.8692085457123792_0.885971907704912_0.9043532431150427_SIZE_1_4.1_9
GEN_2_FIT_0.8694513268038593_0.8863323088767852_0.908598434831191_SIZE_1_2.6_9
GEN_3_FIT_0.8699066281159703_0.8780825072986642_0.9103765549282575_SIZE_1_1.65_6
GEN_4_FIT_0.8699066281159703_0.8835890745997773_0.9103765549282575_SIZE_1_2.2_6
GEN_5_FIT_0.8699066281159703_0.8786796324879598_0.9103765549282575_SIZE_1_1.7_6
GEN_6_FIT_0.8699066281159703_0.8786796324879598_0.9103765549282575_SIZE_1_1.7_6
GEN_7_FIT_0.8699066281159703_0.8827912688178584_0.9115605484762234_SIZE_1_2.15_7
GEN_8_FIT_0.8699066281159703_0.8827131164777157_0.9115605484762234_SIZE_1_2.1_7
GEN_9_FIT_0.8699066281159703_0.8829569545886535_0.9115605484762234_SIZE_1_2.2_7
GEN_10_FIT_0.8699066281159703_0.8837051862604932_0.9121246183724_SIZE_1_2.25_7
GEN_11_FIT_0.8699066281159703_0.8796213595328217_0.9121246183724_SIZE_1_1.75_6
GEN_12_FIT_0.8699066281159703_0.8851955896090129_0.9121315625510411_SIZE_1_2.05_6
GEN_13_FIT_0.8699066281159703_0.8894499543499332_0.9121315625510411_SIZE_1_2.5_6
GEN_14_FIT_0.8699066281159703_0.8855988516940713_0.9121315625510411_SIZE_1_2.25_6
GEN_15_FIT_0.8699066281159703_0.8855384631405862_0.9121660483762418_SIZE_1_2.15_6
GEN_16_FIT_0.8699066281159703_0.8856976802955993_0.9129104876360409_SIZE_1_2.35_7
GEN_17_FIT_0.8699066281159703_0.8941744838593_0.9129112389403815_SIZE_1_3.35_8
GEN_18_FIT_0.8699066281159703_0.8939612128622592_0.9129112389403815_SIZE_1_3.2_8
GEN_19_FIT_0.8699066281159703_0.898483573480114_0.9129678855893546_SIZE_1_4.1_9
GEN_20_FIT_0.8699066281159703_0.8862702273713842_0.9129678855893546_SIZE_1_2.75_9
Evaluating in sample:
[GEN_20|make_tuple(3, 3, 5)|0.8699]
[GEN_20|make_tuple(230, min(0.5334229224723462, 5), 5)|0.9037]
[GEN_20|make_tuple(expit(0.22459540301634098), pow(0.006149619862288149, 0.04469363611067147), 6)|0.9080]
[GEN_20|make_tuple(expit(expit(0.07211455088776794)), min(0.5966405088516762, 5), 5)|0.9118]
[GEN_20|make_tuple(expit(expit(0.07211455088776794)), expit(expit(2)), 6)|0.9121]
[GEN_20|make_tuple(expit(expit(0.07211455088776794)), expit(expit(expit(0.0015677486923425328))), 5)|0.9129]
[GEN_20|make_tuple(expit(expit(sub(0.07211455088776794, 0.2845923912398947))), expit(expit(expit(mul(min(0.010490730760583057, 7), 0.0015677486923425328)))), 5)|0.9130]
Evaluating out-of-sample:
[GEN_20|make_tuple(3, 3, 5)|0.9323]
[GEN_20|make_tuple(230, min(0.5334229224723462, 5), 5)|0.9933]
[GEN_20|make_tuple(expit(0.22459540301634098), pow(0.006149619862288149, 0.04469363611067147), 6)|0.9786]
[GEN_20|make_tuple(expit(expit(0.07211455088776794)), min(0.5966405088516762, 5), 5)|0.9899]
[GEN_20|make_tuple(expit(expit(0.07211455088776794)), expit(expit(2)), 6)|0.9855]
[GEN_20|make_tuple(expit(expit(0.07211455088776794)), expit(expit(expit(0.0015677486923425328))), 5)|0.9885]
[GEN_20|make_tuple(expit(expit(sub(0.07211455088776794, 0.2845923912398947))), expit(expit(expit(mul(min(0.010490730760583057, 7), 0.0015677486923425328)))), 5)|0.9883]
GEN_21_FIT_0.8699066281159703_0.8922055689994115_0.9129678855893546_SIZE_1_3.1_8
GEN_22_FIT_0.8699066281159703_0.887967052746454_0.913020504562688_SIZE_1_2.6_8
GEN_23_FIT_0.8699066281159703_0.8878390277107412_0.913020504562688_SIZE_1_2.65_8
GEN_24_FIT_0.8699066281159703_0.8878390277107412_0.913020504562688_SIZE_1_2.65_8
GEN_25_FIT_0.8699066281159703_0.8899668924948685_0.913020504562688_SIZE_1_2.8_8
GEN_26_FIT_0.8699066281159703_0.8880733272158896_0.91311879620423_SIZE_1_2.65_8
GEN_27_FIT_0.8699066281159703_0.8902290210382254_0.91311879620423_SIZE_1_2.95_8
GEN_28_FIT_0.8699066281159703_0.8880734369862153_0.9131198939074872_SIZE_1_2.65_8
GEN_29_FIT_0.8699066281159703_0.8923898489832899_0.9131198939074872_SIZE_1_3.3_8
GEN_30_FIT_0.8699066281159703_0.8923998488855132_0.9131198939074872_SIZE_1_3.3_8
GEN_31_FIT_0.8699066281159703_0.8878503268118472_0.9131235343529522_SIZE_1_2.4_7
GEN_32_FIT_0.8699066281159703_0.8880908433161574_0.9131235343529522_SIZE_1_2.6_7
GEN_33_FIT_0.8699066281159703_0.8902481083136611_0.9131235343529522_SIZE_1_2.8_7
GEN_34_FIT_0.8699066281159703_0.888126162855302_0.9131235343529522_SIZE_1_2.65_7
GEN_35_FIT_0.8699066281159703_0.8902583969386525_0.9131235343529522_SIZE_1_2.8_7
GEN_36_FIT_0.8699066281159703_0.8924092049219622_0.9131235343529522_SIZE_1_3.0_7
GEN_37_FIT_0.8699066281159703_0.8924092049219622_0.9131235343529522_SIZE_1_3.0_7
GEN_38_FIT_0.8699066281159703_0.8924122039735524_0.9131235343529522_SIZE_1_3.0_7
GEN_39_FIT_0.8699066281159703_0.8924372051710303_0.9131235343529522_SIZE_1_3.0_7
GEN_40_FIT_0.8699066281159703_0.8944130146479262_0.9131235343529522_SIZE_1_3.1_7
Evaluating in sample:
[GEN_40|make_tuple(3, 3, 5)|0.8699]
[GEN_40|make_tuple(230, min(0.5334229224723462, 5), 5)|0.9037]
[GEN_40|make_tuple(expit(0.2452792909080182), min(0.6543731746563883, 2), 6)|0.9094]
[GEN_40|make_tuple(expit(expit(0.07211455088776794)), min(0.6543731746563883, 2), 5)|0.9126]
[GEN_40|make_tuple(expit(expit(sub(0.16818372546066387, 0.2574166318774951))), min(0.6543731746563883, 11), 5)|0.9128]
[GEN_40|make_tuple(expit(expit(0.07211455088776794)), expit(expit(expit(0.0015677486923425328))), 5)|0.9129]
[GEN_40|make_tuple(expit(expit(sub(0.16818372546066387, 0.2574166318774951))), expit(expit(expit(0.008016635804312952))), 5)|0.9131]
Evaluating out-of-sample:
[GEN_40|make_tuple(3, 3, 5)|0.9323]
[GEN_40|make_tuple(230, min(0.5334229224723462, 5), 5)|0.9933]
[GEN_40|make_tuple(expit(0.2452792909080182), min(0.6543731746563883, 2), 6)|0.9872]
[GEN_40|make_tuple(expit(expit(0.07211455088776794)), min(0.6543731746563883, 2), 5)|0.9884]
[GEN_40|make_tuple(expit(expit(sub(0.16818372546066387, 0.2574166318774951))), min(0.6543731746563883, 11), 5)|0.9883]
[GEN_40|make_tuple(expit(expit(0.07211455088776794)), expit(expit(expit(0.0015677486923425328))), 5)|0.9885]
[GEN_40|make_tuple(expit(expit(sub(0.16818372546066387, 0.2574166318774951))), expit(expit(expit(0.008016635804312952))), 5)|0.9884]
GEN_41_FIT_0.8699066281159703_0.8944130146479262_0.9131235343529522_SIZE_1_3.1_7
GEN_42_FIT_0.8699066281159703_0.8794197566113112_0.913501828625685_SIZE_1_1.45_4
GEN_43_FIT_0.8699066281159703_0.879633054643809_0.913501828625685_SIZE_1_1.5_4
GEN_44_FIT_0.8699066281159703_0.879633054643809_0.913501828625685_SIZE_1_1.5_4
GEN_45_FIT_0.8699066281159703_0.879633054643809_0.913501828625685_SIZE_1_1.5_4
GEN_46_FIT_0.8699066281159703_0.8816182116046127_0.913501828625685_SIZE_1_1.6_4
GEN_47_FIT_0.8699066281159703_0.8796561269943999_0.913501828625685_SIZE_1_1.5_4
GEN_48_FIT_0.8699066281159703_0.8816643563057942_0.913501828625685_SIZE_1_1.6_4
GEN_49_FIT_0.8699066281159703_0.8816643563057942_0.913501828625685_SIZE_1_1.6_4
GEN_50_FIT_0.8699066281159703_0.8816643563057942_0.913501828625685_SIZE_1_1.6_4
GEN_51_FIT_0.8699066281159703_0.8816643563057942_0.913501828625685_SIZE_1_1.6_4
GEN_52_FIT_0.8699066281159703_0.8816643563057942_0.913501828625685_SIZE_1_1.6_4
GEN_53_FIT_0.8699066281159703_0.8816643563057942_0.913501828625685_SIZE_1_1.6_4
GEN_54_FIT_0.8699066281159703_0.8816643563057942_0.913501828625685_SIZE_1_1.6_4
GEN_55_FIT_0.8699066281159703_0.8816643563057942_0.913501828625685_SIZE_1_1.6_4
GEN_56_FIT_0.8699066281159703_0.8816643563057942_0.913501828625685_SIZE_1_1.6_4
GEN_57_FIT_0.8699066281159703_0.8816643563057942_0.913501828625685_SIZE_1_1.6_4
GEN_58_FIT_0.8699066281159703_0.8796804720377246_0.913501828625685_SIZE_1_1.5_4
GEN_59_FIT_0.8699066281159703_0.8796804720377246_0.913501828625685_SIZE_1_1.5_4
GEN_60_FIT_0.8699066281159703_0.8796804720377246_0.913501828625685_SIZE_1_1.5_4
Evaluating in sample:
[GEN_60|make_tuple(3, 3, 5)|0.8699]
[GEN_60|make_tuple(230, min(0.5334229224723462, 5), 5)|0.9037]
[GEN_60|make_tuple(expit(0.27452345557857194), min(0.6473679294484866, 1), 6)|0.9106]
[GEN_60|make_tuple(expit(expit(0.07211455088776794)), min(0.6473679294484866, 2), 5)|0.9135]
Evaluating out-of-sample:
[GEN_60|make_tuple(3, 3, 5)|0.9323]
[GEN_60|make_tuple(230, min(0.5334229224723462, 5), 5)|0.9933]
[GEN_60|make_tuple(expit(0.27452345557857194), min(0.6473679294484866, 1), 6)|0.9875]
[GEN_60|make_tuple(expit(expit(0.07211455088776794)), min(0.6473679294484866, 2), 5)|0.9886]
GEN_61_FIT_0.8699066281159703_0.8796804720377246_0.913501828625685_SIZE_1_1.5_4
GEN_62_FIT_0.8699066281159703_0.8817130463924439_0.913501828625685_SIZE_1_1.6_4
GEN_63_FIT_0.8699066281159703_0.8796922732201564_0.913501828625685_SIZE_1_1.5_4
Evaluating in sample:
[GEN_63|make_tuple(3, 3, 5)|0.8699]
[GEN_63|make_tuple(230, min(0.5334229224723462, 5), 5)|0.9037]
[GEN_63|make_tuple(expit(0.289240128174414), min(0.6473679294484866, 1), 6)|0.9108]
[GEN_63|make_tuple(expit(expit(0.07211455088776794)), min(0.6473679294484866, 2), 5)|0.9135]
Evaluating out-of-sample:
[GEN_63|make_tuple(3, 3, 5)|0.9323]
[GEN_63|make_tuple(230, min(0.5334229224723462, 5), 5)|0.9933]
[GEN_63|make_tuple(expit(0.289240128174414), min(0.6473679294484866, 1), 6)|0.9875]
[GEN_63|make_tuple(expit(expit(0.07211455088776794)), min(0.6473679294484866, 2), 5)|0.9886]
Stopped early in iteration 63, no improvement in 20 gens.
START_TASK: 18
GEN_0_FIT_0.8663999981234379_0.8827341573072015_0.9023484967936118_SIZE_1_4.05_10
GEN_1_FIT_0.8816717150291565_0.8949024483469191_0.905029026843758_SIZE_1_5.05_10
GEN_2_FIT_0.8856555868188004_0.8922316308501497_0.9054876971144156_SIZE_1_2.7_9
GEN_3_FIT_0.8856555868188004_0.8963872004409369_0.9071312464452578_SIZE_1_2.95_9
GEN_4_FIT_0.8891617489561137_0.9020380512819909_0.9083976387193712_SIZE_1_2.35_4
GEN_5_FIT_0.8914426307793876_0.9040969642238691_0.909987166693119_SIZE_1_1.95_3
GEN_6_FIT_0.8935951859106863_0.9045184022877819_0.9101106103335789_SIZE_1_2.05_3
GEN_7_FIT_0.893771953722807_0.903107450103487_0.9124642046468395_SIZE_1_1.85_3
GEN_8_FIT_0.8946085103763172_0.9016455833347834_0.9124642046468395_SIZE_1_1.6_3
GEN_9_FIT_0.8951125988450955_0.8976969820561971_0.9125826660637057_SIZE_1_1.3_4
GEN_10_FIT_0.8951125988450955_0.8977111382905859_0.9127257973676006_SIZE_1_1.3_4
GEN_11_FIT_0.8951125988450955_0.8995277891123029_0.9127645094136775_SIZE_1_1.5_4
GEN_12_FIT_0.8951125988450955_0.8994736332191197_0.9127645094136775_SIZE_1_1.45_4
GEN_13_FIT_0.8951125988450955_0.9030433311811287_0.913057656170026_SIZE_1_1.85_4
GEN_14_FIT_0.8953065211311818_0.9014415852862168_0.913057656170026_SIZE_1_1.55_3
GEN_15_FIT_0.8953065211311818_0.8997631900269167_0.9131856294483327_SIZE_1_1.4_3
GEN_16_FIT_0.8954524321938331_0.8980992163853954_0.9131856294483327_SIZE_1_1.25_3
GEN_17_FIT_0.8954524321938331_0.8989726808515078_0.9131856294483327_SIZE_1_1.3_3
GEN_18_FIT_0.8954524321938331_0.8981096892900478_0.9131856294483327_SIZE_1_1.25_3
GEN_19_FIT_0.8954524321938331_0.8989936266608127_0.9131856294483327_SIZE_1_1.3_3
GEN_20_FIT_0.8954524321938331_0.8981290618133373_0.9136275297533215_SIZE_1_1.2_3
Evaluating in sample:
[GEN_20|make_tuple(0.505717072684512, 89, 6)|0.8955]
[GEN_20|make_tuple(0.6186582213874134, pow(0.03885182495867255, 0.13230275126020943), 5)|0.9131]
[GEN_20|make_tuple(0.607881164106792, expit(pow(0.026783140175771464, 0.14275892051453454)), 5)|0.9136]
Evaluating out-of-sample:
[GEN_20|make_tuple(0.505717072684512, 89, 6)|0.9843]
[GEN_20|make_tuple(0.6186582213874134, pow(0.03885182495867255, 0.13230275126020943), 5)|0.9852]
[GEN_20|make_tuple(0.607881164106792, expit(pow(0.026783140175771464, 0.14275892051453454)), 5)|0.9853]
GEN_21_FIT_0.8954524321938331_0.8981290618133373_0.9136275297533215_SIZE_1_1.2_3
GEN_22_FIT_0.8954524321938331_0.897257001043829_0.9137027083829226_SIZE_1_1.15_3
GEN_23_FIT_0.8954524321938331_0.8981695148532834_0.9137027083829226_SIZE_1_1.25_3
GEN_24_FIT_0.8954524321938331_0.8981558695168588_0.9138389770326854_SIZE_1_1.2_3
GEN_25_FIT_0.8954524321938331_0.897270680644765_0.9139083699304323_SIZE_1_1.15_3
GEN_26_FIT_0.8954524321938331_0.8990889290956974_0.9139083699304323_SIZE_1_1.3_3
GEN_27_FIT_0.8954524321938331_0.8990889290956974_0.9139083699304323_SIZE_1_1.3_3
GEN_28_FIT_0.8954524321938331_0.8981668412147709_0.9139225500485036_SIZE_1_1.2_3
GEN_29_FIT_0.8954524321938331_0.8982083283582257_0.9139366327663865_SIZE_1_1.25_3
GEN_30_FIT_0.8954524321938331_0.8982083283582257_0.9139366327663865_SIZE_1_1.25_3
GEN_31_FIT_0.8954524321938331_0.8991158044653632_0.9139366327663865_SIZE_1_1.3_3
GEN_32_FIT_0.8954524321938331_0.8991158044653632_0.9139366327663865_SIZE_1_1.3_3
GEN_33_FIT_0.8954524321938331_0.8991158044653632_0.9139366327663865_SIZE_1_1.3_3
GEN_34_FIT_0.8954524321938331_0.8991158044653632_0.9139366327663865_SIZE_1_1.3_3
GEN_35_FIT_0.8954524321938331_0.8982166550883971_0.9144378457996174_SIZE_1_1.2_3
GEN_36_FIT_0.8954524321938331_0.898240044212657_0.9144378457996174_SIZE_1_1.2_3
GEN_37_FIT_0.8954524321938331_0.8982701694970328_0.9144378457996174_SIZE_1_1.25_3
GEN_38_FIT_0.8954524321938331_0.8982701694970328_0.9144378457996174_SIZE_1_1.25_3
GEN_39_FIT_0.8954524321938331_0.8991893654396541_0.9144378457996174_SIZE_1_1.3_3
GEN_40_FIT_0.8954524321938331_0.8991893654396541_0.9144378457996174_SIZE_1_1.3_3
Evaluating in sample:
[GEN_40|make_tuple(0.505717072684512, 89, 6)|0.8955]
[GEN_40|make_tuple(0.6189166216163023, pow(0.037524707412908, 0.1331517960939424), 5)|0.9138]
[GEN_40|make_tuple(0.6186582213874134, pow(0.037524707412908, 0.1331517960939424), add(5, 0.003865359385119788))|0.9144]
Evaluating out-of-sample:
[GEN_40|make_tuple(0.505717072684512, 89, 6)|0.9843]
[GEN_40|make_tuple(0.6189166216163023, pow(0.037524707412908, 0.1331517960939424), 5)|0.9852]
[GEN_40|make_tuple(0.6186582213874134, pow(0.037524707412908, 0.1331517960939424), add(5, 0.003865359385119788))|0.9857]
GEN_41_FIT_0.8954524321938331_0.8991893654396541_0.9144378457996174_SIZE_1_1.3_3
GEN_42_FIT_0.8954524321938331_0.8982401168848047_0.9144382883084111_SIZE_1_1.2_3
GEN_43_FIT_0.8954524321938331_0.8982401168848047_0.9144382883084111_SIZE_1_1.2_3
GEN_44_FIT_0.8954524321938331_0.8991894096905335_0.9144382883084111_SIZE_1_1.3_3
GEN_45_FIT_0.8954524321938331_0.8991894096905335_0.9144382883084111_SIZE_1_1.3_3
GEN_46_FIT_0.8954524321938331_0.8991894096905335_0.9144382883084111_SIZE_1_1.3_3
GEN_47_FIT_0.8954524321938331_0.8991894096905335_0.9144382883084111_SIZE_1_1.3_3
GEN_48_FIT_0.8954524321938331_0.8991894096905335_0.9144382883084111_SIZE_1_1.3_3
GEN_49_FIT_0.8954524321938331_0.8991894096905335_0.9144382883084111_SIZE_1_1.3_3
GEN_50_FIT_0.8954524321938331_0.8991894096905335_0.9144382883084111_SIZE_1_1.3_3
GEN_51_FIT_0.8954524321938331_0.8991894096905335_0.9144382883084111_SIZE_1_1.3_3
GEN_52_FIT_0.8954524321938331_0.8991894096905335_0.9144382883084111_SIZE_1_1.3_3
GEN_53_FIT_0.8954524321938331_0.8991894096905335_0.9144382883084111_SIZE_1_1.3_3
GEN_54_FIT_0.8954524321938331_0.8991894096905335_0.9144382883084111_SIZE_1_1.3_3
GEN_55_FIT_0.8954524321938331_0.8991894096905335_0.9144382883084111_SIZE_1_1.3_3
GEN_56_FIT_0.8954524321938331_0.8991894096905335_0.9144382883084111_SIZE_1_1.3_3
GEN_57_FIT_0.8954524321938331_0.8991894096905335_0.9144382883084111_SIZE_1_1.3_3
GEN_58_FIT_0.8954524321938331_0.8991894096905335_0.9144382883084111_SIZE_1_1.3_3
GEN_59_FIT_0.8954524321938331_0.8991894096905335_0.9144382883084111_SIZE_1_1.3_3
GEN_60_FIT_0.8954524321938331_0.8991894096905335_0.9144382883084111_SIZE_1_1.3_3
Evaluating in sample:
[GEN_60|make_tuple(0.505717072684512, 89, 6)|0.8955]
[GEN_60|make_tuple(0.6189166216163023, pow(0.037524707412908, 0.1331517960939424), 5)|0.9138]
[GEN_60|make_tuple(0.6189166216163023, pow(0.037524707412908, 0.1331517960939424), add(5, 0.003865359385119788))|0.9144]
Evaluating out-of-sample:
[GEN_60|make_tuple(0.505717072684512, 89, 6)|0.9843]
[GEN_60|make_tuple(0.6189166216163023, pow(0.037524707412908, 0.1331517960939424), 5)|0.9852]
[GEN_60|make_tuple(0.6189166216163023, pow(0.037524707412908, 0.1331517960939424), add(5, 0.003865359385119788))|0.9857]
GEN_61_FIT_0.8954524321938331_0.8991894096905335_0.9144382883084111_SIZE_1_1.3_3
GEN_62_FIT_0.8954524321938331_0.8991894096905335_0.9144382883084111_SIZE_1_1.3_3
GEN_63_FIT_0.8954524321938331_0.8991894096905335_0.9144382883084111_SIZE_1_1.3_3
Evaluating in sample:
[GEN_63|make_tuple(0.505717072684512, 89, 6)|0.8955]
[GEN_63|make_tuple(0.6189166216163023, pow(0.037524707412908, 0.1331517960939424), 5)|0.9138]
[GEN_63|make_tuple(0.6189166216163023, pow(0.037524707412908, 0.1331517960939424), add(5, 0.003865359385119788))|0.9144]
Evaluating out-of-sample:
[GEN_63|make_tuple(0.505717072684512, 89, 6)|0.9843]
[GEN_63|make_tuple(0.6189166216163023, pow(0.037524707412908, 0.1331517960939424), 5)|0.9852]
[GEN_63|make_tuple(0.6189166216163023, pow(0.037524707412908, 0.1331517960939424), add(5, 0.003865359385119788))|0.9857]
Stopped early in iteration 63, no improvement in 20 gens.
START_TASK: 22
GEN_0_FIT_0.8664119667705097_0.8824171365071877_0.9031640830284492_SIZE_1_3.95_11
GEN_1_FIT_0.8691549893413505_0.8977328800966424_0.904967335164766_SIZE_1_4.6_10
GEN_2_FIT_0.8850913284432738_0.8988977893810464_0.910452546616295_SIZE_1_2.95_8
GEN_3_FIT_0.8850913284432738_0.8965125775055759_0.910604518443648_SIZE_1_1.5_3
GEN_4_FIT_0.8858257366294012_0.8920929570495149_0.9111213223087874_SIZE_1_1.35_3
GEN_5_FIT_0.8859595595133537_0.902676071284764_0.9111213223087874_SIZE_1_2.0_4
GEN_6_FIT_0.8863949467597232_0.9044889301487344_0.9114135759966882_SIZE_1_2.2_4
GEN_7_FIT_0.8865267959013223_0.9041942143610276_0.9117245028059174_SIZE_1_2.1_4
GEN_8_FIT_0.8939743397508848_0.8982241083594957_0.9117245028059174_SIZE_1_1.4_4
GEN_9_FIT_0.8949280495349727_0.9046010701730627_0.9117245028059174_SIZE_1_2.2_4
GEN_10_FIT_0.8949280495349727_0.9033220224240122_0.911881849309014_SIZE_1_1.8_4
GEN_11_FIT_0.8949681610847886_0.8984709299746167_0.911881849309014_SIZE_1_1.25_3
GEN_12_FIT_0.8952153202847015_0.8960486467359173_0.911881849309014_SIZE_1_1.05_2
GEN_13_FIT_0.8952153202847015_0.8968819731871328_0.911881849309014_SIZE_1_1.1_2
GEN_14_FIT_0.8952153202847015_0.8994476715993438_0.9138115170561653_SIZE_1_1.3_3
GEN_15_FIT_0.8952153202847015_0.9076743656953065_0.9138115170561653_SIZE_1_2.0_4
GEN_16_FIT_0.8953378466867292_0.9089607264572441_0.9138115170561653_SIZE_1_2.0_3
GEN_17_FIT_0.8951783028325746_0.9051913346772693_0.9138115170561653_SIZE_1_2.05_4
GEN_18_FIT_0.895355842825867_0.9090065659802231_0.9138115170561653_SIZE_1_2.4_3
GEN_19_FIT_0.895355842825867_0.9117749171147675_0.9138115170561653_SIZE_1_2.7_3
GEN_20_FIT_0.895355842825867_0.9117749171147675_0.9138115170561653_SIZE_1_2.7_3
Evaluating in sample:
[GEN_20|make_tuple(0.5601206629635718, 275, 6)|0.8954]
[GEN_20|make_tuple(0.6193324282408135, expit(0.3925067190244804), 5)|0.9119]
[GEN_20|make_tuple(0.6193324282408135, expit(expit(0.40878453932546016)), 5)|0.9138]
Evaluating out-of-sample:
[GEN_20|make_tuple(0.5601206629635718, 275, 6)|0.9627]
[GEN_20|make_tuple(0.6193324282408135, expit(0.3925067190244804), 5)|0.9821]
[GEN_20|make_tuple(0.6193324282408135, expit(expit(0.40878453932546016)), 5)|0.9818]
GEN_21_FIT_0.895355842825867_0.9117749171147675_0.9138115170561653_SIZE_1_2.7_3
GEN_22_FIT_0.895355842825867_0.9117749171147675_0.9138115170561653_SIZE_1_2.7_3
GEN_23_FIT_0.8926311648290765_0.9085992414259367_0.913827025261964_SIZE_1_1.95_3
GEN_24_FIT_0.8928271688500562_0.9086565291648574_0.913827025261964_SIZE_1_1.9_3
GEN_25_FIT_0.8951783028325746_0.9007136414012578_0.913827025261964_SIZE_1_1.5_3
GEN_26_FIT_0.895355842825867_0.8989433738860537_0.913827025261964_SIZE_1_1.3_3
GEN_27_FIT_0.895355842825867_0.8989433738860537_0.913827025261964_SIZE_1_1.3_3
GEN_28_FIT_0.895355842825867_0.8989433738860537_0.913827025261964_SIZE_1_1.3_3
GEN_29_FIT_0.895355842825867_0.8989433738860537_0.913827025261964_SIZE_1_1.3_3
GEN_30_FIT_0.895355842825867_0.8989433738860537_0.913827025261964_SIZE_1_1.3_3
GEN_31_FIT_0.895355842825867_0.8989433738860537_0.913827025261964_SIZE_1_1.3_3
GEN_32_FIT_0.895355842825867_0.8998973445329426_0.9144352557636439_SIZE_1_1.45_4
GEN_33_FIT_0.895355842825867_0.9008513151798315_0.9144352557636439_SIZE_1_1.6_4
GEN_34_FIT_0.895355842825867_0.9072431823991879_0.9144352557636439_SIZE_1_2.3_4
GEN_35_FIT_0.8954614674527909_0.9119744684507886_0.9144352557636439_SIZE_1_3.0_4
GEN_36_FIT_0.8954614674527909_0.9124457039270316_0.9144352557636439_SIZE_1_3.5_4
GEN_37_FIT_0.8954614674527909_0.9124741019485547_0.9144352557636439_SIZE_1_3.45_4
GEN_38_FIT_0.8954614674527909_0.9124730268752685_0.9144352557636439_SIZE_1_3.4_4
GEN_39_FIT_0.8954614674527909_0.9124730268752685_0.9144352557636439_SIZE_1_3.4_4
GEN_40_FIT_0.8954614674527909_0.9124730268752685_0.9144352557636439_SIZE_1_3.4_4
Evaluating in sample:
[GEN_40|make_tuple(0.5578440457509498, 199, 6)|0.8955]
[GEN_40|make_tuple(0.6193324282408135, expit(0.5985579137426201), 5)|0.9138]
[GEN_40|make_tuple(0.6193324282408135, expit(0.5985579137426201), add(5, 0.006540613756503643))|0.9144]
[GEN_40|make_tuple(0.6193324282408135, expit(expit(0.4058632154286942)), add(5, 0.006540613756503643))|0.9144]
Evaluating out-of-sample:
[GEN_40|make_tuple(0.5578440457509498, 199, 6)|0.9628]
[GEN_40|make_tuple(0.6193324282408135, expit(0.5985579137426201), 5)|0.9819]
[GEN_40|make_tuple(0.6193324282408135, expit(0.5985579137426201), add(5, 0.006540613756503643))|0.9818]
[GEN_40|make_tuple(0.6193324282408135, expit(expit(0.4058632154286942)), add(5, 0.006540613756503643))|0.9817]
GEN_41_FIT_0.8954614674527909_0.9125080411635752_0.9144352557636439_SIZE_1_3.5_4
GEN_42_FIT_0.8937843107807548_0.9085597646596376_0.9144866113926153_SIZE_1_2.65_4
GEN_43_FIT_0.8952435577086829_0.9020051488642912_0.9144866113926153_SIZE_1_1.6_4
GEN_44_FIT_0.8954614674527909_0.8992059894330365_0.9144866113926153_SIZE_1_1.3_3
GEN_45_FIT_0.8954614674527909_0.9065694422522231_0.9144866113926153_SIZE_1_1.85_4
GEN_46_FIT_0.8954614674527909_0.9077390946804872_0.9144866113926153_SIZE_1_2.2_4
GEN_47_FIT_0.8954835764150791_0.9125569929212769_0.9144866113926153_SIZE_1_2.75_3
GEN_48_FIT_0.8952883551150401_0.9102849625854926_0.9145081128583374_SIZE_1_1.95_3
GEN_49_FIT_0.8952883551150401_0.9047595651714865_0.9145081128583374_SIZE_1_1.65_3
GEN_50_FIT_0.8954835764150791_0.899227703609989_0.9145081128583374_SIZE_1_1.3_3
GEN_51_FIT_0.8954835764150791_0.899227703609989_0.9145081128583374_SIZE_1_1.3_3
GEN_52_FIT_0.8954835764150791_0.899227703609989_0.9145081128583374_SIZE_1_1.3_3
GEN_53_FIT_0.8954835764150791_0.899227703609989_0.9145081128583374_SIZE_1_1.3_3
GEN_54_FIT_0.8954835764150791_0.899227703609989_0.9145081128583374_SIZE_1_1.3_3
GEN_55_FIT_0.8954835764150791_0.9020052781097707_0.9145081128583374_SIZE_1_1.5_3
GEN_56_FIT_0.8954835764150791_0.9113974017964438_0.9145081128583374_SIZE_1_2.3_3
GEN_57_FIT_0.8955118894656279_0.9125477104253246_0.9145081128583374_SIZE_1_2.7_3
GEN_58_FIT_0.8955118894656279_0.9125477104253246_0.9145081128583374_SIZE_1_2.7_3
GEN_59_FIT_0.8955118894656279_0.9125477104253246_0.9145081128583374_SIZE_1_2.7_3
GEN_60_FIT_0.8955118894656279_0.9125477104253246_0.9145081128583374_SIZE_1_2.7_3
Evaluating in sample:
[GEN_60|make_tuple(0.5574881205752933, 2, 6)|0.8955]
[GEN_60|make_tuple(0.6171037774643747, expit(0.6004395415834909), 5)|0.9139]
[GEN_60|make_tuple(0.6171037774643747, expit(0.6004395415834909), add(5, 0.03926143731455006))|0.9145]
Evaluating out-of-sample:
[GEN_60|make_tuple(0.5574881205752933, 2, 6)|0.9628]
[GEN_60|make_tuple(0.6171037774643747, expit(0.6004395415834909), 5)|0.9815]
[GEN_60|make_tuple(0.6171037774643747, expit(0.6004395415834909), add(5, 0.03926143731455006))|0.9814]
GEN_61_FIT_0.8955118894656279_0.9125477104253246_0.9145081128583374_SIZE_1_2.7_3
GEN_62_FIT_0.8955118894656279_0.9125477104253246_0.9145081128583374_SIZE_1_2.7_3
GEN_63_FIT_0.8955118894656279_0.9125477104253246_0.9145081128583374_SIZE_1_2.7_3
GEN_64_FIT_0.8955118894656279_0.9125477104253246_0.9145081128583374_SIZE_1_2.7_3
GEN_65_FIT_0.8955118894656279_0.9125477104253246_0.9145081128583374_SIZE_1_2.7_3
GEN_66_FIT_0.8955118894656279_0.9125477104253246_0.9145081128583374_SIZE_1_2.7_3
GEN_67_FIT_0.8955118894656279_0.9125477104253246_0.9145081128583374_SIZE_1_2.7_3
GEN_68_FIT_0.8955118894656279_0.9125477104253246_0.9145081128583374_SIZE_1_2.7_3
GEN_69_FIT_0.8955118894656279_0.9125477104253246_0.9145081128583374_SIZE_1_2.7_3
Evaluating in sample:
[GEN_69|make_tuple(0.5574881205752933, 2, 6)|0.8955]
[GEN_69|make_tuple(0.6171037774643747, expit(0.6004395415834909), 5)|0.9139]
[GEN_69|make_tuple(0.6171037774643747, expit(0.6004395415834909), add(5, 0.03926143731455006))|0.9145]
Evaluating out-of-sample:
[GEN_69|make_tuple(0.5574881205752933, 2, 6)|0.9628]
[GEN_69|make_tuple(0.6171037774643747, expit(0.6004395415834909), 5)|0.9815]
[GEN_69|make_tuple(0.6171037774643747, expit(0.6004395415834909), add(5, 0.03926143731455006))|0.9814]
Stopped early in iteration 69, no improvement in 20 gens.
START_TASK: 23
GEN_0_FIT_0.8713862613758134_0.8867182821396563_0.9022083351449729_SIZE_1_3.6_12
GEN_1_FIT_0.8951253620546966_0.8984432789518362_0.9049865048949343_SIZE_1_4.4_13
GEN_2_FIT_0.8955124597949146_0.9004687788838239_0.9066166973392085_SIZE_1_3.45_12
GEN_3_FIT_0.896088999688204_0.9001798650467159_0.9081520114890268_SIZE_1_1.7_6
GEN_4_FIT_0.8965410783397479_0.9002055926144343_0.9105685786769543_SIZE_1_1.4_3
GEN_5_FIT_0.8966055594197806_0.9053409838202091_0.9105685786769543_SIZE_1_2.1_4
GEN_6_FIT_0.8966555844322665_0.903755563381145_0.9122649142793988_SIZE_1_1.7_4
GEN_7_FIT_0.8966670021732969_0.8990922258102241_0.9132494455258285_SIZE_1_1.15_2
GEN_8_FIT_0.8967279191912976_0.8975556432296979_0.9132823999593049_SIZE_1_1.05_2
GEN_9_FIT_0.8967279191912976_0.8983833672680983_0.9132823999593049_SIZE_1_1.1_2
GEN_10_FIT_0.8967279191912976_0.8984194076411139_0.9136428036894615_SIZE_1_1.1_2
GEN_11_FIT_0.8967279191912976_0.8975810859969048_0.9137912553034407_SIZE_1_1.05_2
GEN_12_FIT_0.8967279191912976_0.898434252802512_0.9137912553034407_SIZE_1_1.1_2
GEN_13_FIT_0.8967279191912976_0.898434252802512_0.9137912553034407_SIZE_1_1.1_2
GEN_14_FIT_0.8967279191912976_0.898434252802512_0.9137912553034407_SIZE_1_1.1_2
GEN_15_FIT_0.8967279191912976_0.898434252802512_0.9137912553034407_SIZE_1_1.1_2
GEN_16_FIT_0.8967279191912976_0.8975812118792394_0.9137937729501334_SIZE_1_1.05_2
GEN_17_FIT_0.8967279191912976_0.8984345045671812_0.9137937729501334_SIZE_1_1.1_2
GEN_18_FIT_0.8967279191912976_0.8984345045671812_0.9137937729501334_SIZE_1_1.1_2
GEN_19_FIT_0.8967279191912976_0.8984345045671812_0.9137937729501334_SIZE_1_1.1_2
GEN_20_FIT_0.8967279191912976_0.8984345045671812_0.9137937729501334_SIZE_1_1.1_2
Evaluating in sample:
[GEN_20|make_tuple(0.5053314510145607, 639, 5)|0.8967]
[GEN_20|make_tuple(0.6242650495925564, add(0.6035955124607475, 0.03320068973278573), 5)|0.9138]
Evaluating out-of-sample:
[GEN_20|make_tuple(0.5053314510145607, 639, 5)|0.8222]
[GEN_20|make_tuple(0.6242650495925564, add(0.6035955124607475, 0.03320068973278573), 5)|0.8346]
GEN_21_FIT_0.8967279191912976_0.8984345045671812_0.9137937729501334_SIZE_1_1.1_2
GEN_22_FIT_0.8967279191912976_0.8993183931550359_0.914405690948388_SIZE_1_1.2_3
GEN_23_FIT_0.8967279191912976_0.8993750710733746_0.914405690948388_SIZE_1_1.25_3
GEN_24_FIT_0.8967279191912976_0.8993750710733746_0.914405690948388_SIZE_1_1.25_3
GEN_25_FIT_0.8967279191912976_0.9002544457797427_0.914405690948388_SIZE_1_1.3_3
GEN_26_FIT_0.8967279191912976_0.9002544457797427_0.914405690948388_SIZE_1_1.3_3
GEN_27_FIT_0.8967279191912976_0.9002544457797427_0.914405690948388_SIZE_1_1.3_3
GEN_28_FIT_0.8967279191912976_0.8976144276770099_0.9144580889055467_SIZE_1_1.05_2
GEN_29_FIT_0.8967279191912976_0.8976144276770099_0.9144580889055467_SIZE_1_1.05_2
GEN_30_FIT_0.8967279191912976_0.8985009361627228_0.9144580889055467_SIZE_1_1.1_2
GEN_31_FIT_0.8967279191912976_0.8985009361627228_0.9144580889055467_SIZE_1_1.1_2
GEN_32_FIT_0.8967279191912976_0.89761904558924_0.914550447150143_SIZE_1_1.05_2
GEN_33_FIT_0.8967279191912976_0.8985101719871821_0.914550447150143_SIZE_1_1.1_2
GEN_34_FIT_0.8967279191912976_0.8985101719871821_0.914550447150143_SIZE_1_1.1_2
GEN_35_FIT_0.8967279191912976_0.9001875898071117_0.914550447150143_SIZE_1_1.2_2
GEN_36_FIT_0.8967279191912976_0.9063034666300439_0.9146204420440507_SIZE_1_1.7_3
GEN_37_FIT_0.8967403076818948_0.9021287962599613_0.9149495661817353_SIZE_1_1.4_3
GEN_38_FIT_0.8967403076818948_0.903041895936578_0.9149495661817353_SIZE_1_1.45_3
GEN_39_FIT_0.8967444427076291_0.9049154270728674_0.9149495661817353_SIZE_1_1.6_3
GEN_40_FIT_0.8967542701209368_0.9058512068674478_0.9149495661817353_SIZE_1_1.55_3
Evaluating in sample:
[GEN_40|make_tuple(0.5067871552850758, 7, 6)|0.8968]
[GEN_40|make_tuple(0.6190430873747732, add(0.6035955124607475, 0.04284506901483651), 5)|0.9149]
Evaluating out-of-sample:
[GEN_40|make_tuple(0.5067871552850758, 7, 6)|0.8385]
[GEN_40|make_tuple(0.6190430873747732, add(0.6035955124607475, 0.04284506901483651), 5)|0.8340]
GEN_41_FIT_0.8967589326099246_0.9122209711459638_0.9149495661817353_SIZE_1_1.85_2
GEN_42_FIT_0.8967542701209368_0.9076773897791541_0.9150450941715608_SIZE_1_1.6_2
GEN_43_FIT_0.8967542701209368_0.8985864925461037_0.9150519447057958_SIZE_1_1.1_2
GEN_44_FIT_0.8967589326099246_0.8976735832147179_0.9150519447057958_SIZE_1_1.05_2
GEN_45_FIT_0.8967589326099246_0.8985882338195115_0.9150519447057958_SIZE_1_1.1_2
GEN_46_FIT_0.8967589326099246_0.8985882338195115_0.9150519447057958_SIZE_1_1.1_2
GEN_47_FIT_0.8967589326099246_0.8985882338195115_0.9150519447057958_SIZE_1_1.1_2
GEN_48_FIT_0.8967589326099246_0.8985882338195115_0.9150519447057958_SIZE_1_1.1_2
GEN_49_FIT_0.8967589326099246_0.8985882338195115_0.9150519447057958_SIZE_1_1.1_2
GEN_50_FIT_0.8967589326099246_0.8995330553013254_0.9156553622462033_SIZE_1_1.2_3
GEN_51_FIT_0.8967589326099246_0.8995330553013254_0.9156553622462033_SIZE_1_1.2_3
GEN_52_FIT_0.8967589326099246_0.9004778767831395_0.9156553622462033_SIZE_1_1.3_3
GEN_53_FIT_0.8967589326099246_0.9004778767831395_0.9156553622462033_SIZE_1_1.3_3
GEN_54_FIT_0.8967589326099246_0.9004778767831395_0.9156553622462033_SIZE_1_1.3_3
GEN_55_FIT_0.8967589326099246_0.9004778767831395_0.9156553622462033_SIZE_1_1.3_3
GEN_56_FIT_0.8967589326099246_0.9004778767831395_0.9156553622462033_SIZE_1_1.3_3
GEN_57_FIT_0.8967589326099246_0.9004778767831395_0.9156553622462033_SIZE_1_1.3_3
GEN_58_FIT_0.8967589326099246_0.9004778767831395_0.9156553622462033_SIZE_1_1.3_3
GEN_59_FIT_0.8967589326099246_0.9004778767831395_0.9156553622462033_SIZE_1_1.3_3
GEN_60_FIT_0.8967589326099246_0.9004778767831395_0.9156553622462033_SIZE_1_1.3_3
Evaluating in sample:
[GEN_60|make_tuple(0.5067871552850758, 7, 6)|0.8968]
[GEN_60|make_tuple(0.6190430873747732, add(0.6035955124607475, 0.04228147511678544), 5)|0.9151]
[GEN_60|make_tuple(0.6190430873747732, add(0.6035955124607475, 0.04228147511678544), truediv(26, 5))|0.9157]
Evaluating out-of-sample:
[GEN_60|make_tuple(0.5067871552850758, 7, 6)|0.8385]
[GEN_60|make_tuple(0.6190430873747732, add(0.6035955124607475, 0.04228147511678544), 5)|0.8340]
[GEN_60|make_tuple(0.6190430873747732, add(0.6035955124607475, 0.04228147511678544), truediv(26, 5))|0.8344]
GEN_61_FIT_0.8967589326099246_0.8995639540631533_0.9156553622462033_SIZE_1_1.25_3
GEN_62_FIT_0.8967589326099246_0.898619710088469_0.9156669123887956_SIZE_1_1.15_3
GEN_63_FIT_0.8967589326099246_0.9004804875670136_0.9156669123887956_SIZE_1_1.3_3
GEN_64_FIT_0.8967589326099246_0.9004804875670136_0.9156669123887956_SIZE_1_1.3_3
GEN_65_FIT_0.8967589326099246_0.9004804875670136_0.9156669123887956_SIZE_1_1.3_3
GEN_66_FIT_0.8967589326099246_0.9004804875670136_0.9156669123887956_SIZE_1_1.3_3
GEN_67_FIT_0.8967589326099246_0.9004804875670136_0.9156669123887956_SIZE_1_1.3_3
GEN_68_FIT_0.8967589326099246_0.9004804875670136_0.9156669123887956_SIZE_1_1.3_3
GEN_69_FIT_0.8967589326099246_0.9004804875670136_0.9156669123887956_SIZE_1_1.3_3
GEN_70_FIT_0.8967589326099246_0.9004804875670136_0.9156669123887956_SIZE_1_1.3_3
GEN_71_FIT_0.8967589326099246_0.9004804875670136_0.9156669123887956_SIZE_1_1.3_3
GEN_72_FIT_0.8967589326099246_0.9004804875670136_0.9156669123887956_SIZE_1_1.3_3
GEN_73_FIT_0.8967589326099246_0.9004804875670136_0.9156669123887956_SIZE_1_1.3_3
GEN_74_FIT_0.8967589326099246_0.9004804875670136_0.9156669123887956_SIZE_1_1.3_3
GEN_75_FIT_0.8967589326099246_0.9004804875670136_0.9156669123887956_SIZE_1_1.3_3
GEN_76_FIT_0.8967589326099246_0.9004804875670136_0.9156669123887956_SIZE_1_1.3_3
GEN_77_FIT_0.8967589326099246_0.9004804875670136_0.9156669123887956_SIZE_1_1.3_3
GEN_78_FIT_0.8967589326099246_0.9004804875670136_0.9156669123887956_SIZE_1_1.3_3
GEN_79_FIT_0.8967589326099246_0.9004804875670136_0.9156669123887956_SIZE_1_1.3_3
GEN_80_FIT_0.8967589326099246_0.9004804875670136_0.9156669123887956_SIZE_1_1.3_3
Evaluating in sample:
[GEN_80|make_tuple(0.5067871552850758, 7, 6)|0.8968]
[GEN_80|make_tuple(0.6153625302402692, add(0.6035955124607475, 0.04228147511678544), 5)|0.9151]
[GEN_80|make_tuple(0.6153625302402692, add(0.6035955124607475, 0.04228147511678544), add(0.035153620907493834, 5))|0.9157]
Evaluating out-of-sample:
[GEN_80|make_tuple(0.5067871552850758, 7, 6)|0.8385]
[GEN_80|make_tuple(0.6153625302402692, add(0.6035955124607475, 0.04228147511678544), 5)|0.8339]
[GEN_80|make_tuple(0.6153625302402692, add(0.6035955124607475, 0.04228147511678544), add(0.035153620907493834, 5))|0.8343]
GEN_81_FIT_0.8967589326099246_0.9004804875670136_0.9156669123887956_SIZE_1_1.3_3
GEN_82_FIT_0.8967589326099246_0.9004804875670136_0.9156669123887956_SIZE_1_1.3_3
GEN_83_FIT_0.8967589326099246_0.9004804875670136_0.9156669123887956_SIZE_1_1.3_3
Evaluating in sample:
[GEN_83|make_tuple(0.5067871552850758, 7, 6)|0.8968]
[GEN_83|make_tuple(0.6153625302402692, add(0.6035955124607475, 0.04228147511678544), 5)|0.9151]
[GEN_83|make_tuple(0.6153625302402692, add(0.6035955124607475, 0.04228147511678544), add(0.035153620907493834, 5))|0.9157]
Evaluating out-of-sample:
[GEN_83|make_tuple(0.5067871552850758, 7, 6)|0.8385]
[GEN_83|make_tuple(0.6153625302402692, add(0.6035955124607475, 0.04228147511678544), 5)|0.8339]
[GEN_83|make_tuple(0.6153625302402692, add(0.6035955124607475, 0.04228147511678544), add(0.035153620907493834, 5))|0.8343]
Stopped early in iteration 83, no improvement in 20 gens.
START_TASK: 24
GEN_0_FIT_0.8573969820346494_0.8789093551976535_0.9074584081408957_SIZE_1_3.1_9
GEN_1_FIT_0.8690984555753736_0.8911008172636675_0.9074584081408957_SIZE_1_2.7_5
GEN_2_FIT_0.884856251969423_0.9044606381023831_0.9074584081408957_SIZE_1_3.4_5
GEN_3_FIT_0.8926644574713125_0.9043822562647195_0.9077575718222944_SIZE_1_2.85_4
GEN_4_FIT_0.8932077395926592_0.9058564890910153_0.9077575718222944_SIZE_1_3.0_4
GEN_5_FIT_0.8932077395926592_0.903725569057322_0.9096332497096611_SIZE_1_2.25_4
GEN_6_FIT_0.8932077395926592_0.8996672163411514_0.9096332497096611_SIZE_1_1.7_4
GEN_7_FIT_0.8939929600360657_0.9072619196649294_0.909825767494726_SIZE_1_2.8_4
GEN_8_FIT_0.8940635293102074_0.9043376555681639_0.9101716206971532_SIZE_1_2.25_4
GEN_9_FIT_0.8946673036664822_0.9069031901427704_0.9101716206971532_SIZE_1_2.6_4
GEN_10_FIT_0.8953111207480744_0.9086135795392549_0.9104797612858438_SIZE_1_2.75_4
GEN_11_FIT_0.8955166466609232_0.9086885210639318_0.9105247485236234_SIZE_1_2.8_4
GEN_12_FIT_0.8936717455704067_0.9042219347622285_0.9105247485236234_SIZE_1_2.25_5
GEN_13_FIT_0.8955166466609232_0.8991961942284499_0.9107026635802673_SIZE_1_1.45_4
GEN_14_FIT_0.8955166466609232_0.8999554950744171_0.9107026635802673_SIZE_1_1.6_4
GEN_15_FIT_0.8955166466609232_0.8991973031708556_0.9107248424283796_SIZE_1_1.45_4
GEN_16_FIT_0.8955166466609232_0.9058481271316943_0.9107248424283796_SIZE_1_2.45_5
GEN_17_FIT_0.8955166466609232_0.9072773284317277_0.9108755939874112_SIZE_1_2.3_5
GEN_18_FIT_0.8947002939102178_0.9008513622367081_0.9131179392413674_SIZE_1_1.55_4
GEN_19_FIT_0.8955531590198128_0.8990497347667127_0.9131179392413674_SIZE_1_1.2_2
GEN_20_FIT_0.8955531590198128_0.9025316831061897_0.9131179392413674_SIZE_1_1.4_2
Evaluating in sample:
[GEN_20|make_tuple(0.5058181534191224, 179, 6)|0.8956]
[GEN_20|make_tuple(0.6128955678276323, max(0.002289320577349634, 0.6418755652585619), 5)|0.9131]
Evaluating out-of-sample:
[GEN_20|make_tuple(0.5058181534191224, 179, 6)|0.9617]
[GEN_20|make_tuple(0.6128955678276323, max(0.002289320577349634, 0.6418755652585619), 5)|1.0000]
GEN_21_FIT_0.895643824956808_0.9035071763848597_0.9131179392413674_SIZE_1_1.45_2
GEN_22_FIT_0.895643824956808_0.9104968220986833_0.9131179392413674_SIZE_1_1.85_2
GEN_23_FIT_0.8954850327137803_0.9052413557943977_0.9133296755920921_SIZE_1_1.55_2
GEN_24_FIT_0.895643824956808_0.8983147433501028_0.9136904915521387_SIZE_1_1.2_3
GEN_25_FIT_0.895643824956808_0.8992170766798694_0.9136904915521387_SIZE_1_1.3_3
GEN_26_FIT_0.895643824956808_0.8992170766798694_0.9136904915521387_SIZE_1_1.3_3
GEN_27_FIT_0.895643824956808_0.8992170766798694_0.9136904915521387_SIZE_1_1.3_3
GEN_28_FIT_0.895643824956808_0.8983333589919532_0.9136904915521387_SIZE_1_1.25_3
GEN_29_FIT_0.895643824956808_0.8983333589919532_0.9136904915521387_SIZE_1_1.25_3
GEN_30_FIT_0.895643824956808_0.8983333589919532_0.9136904915521387_SIZE_1_1.25_3
GEN_31_FIT_0.895643824956808_0.8983371000190065_0.9136904915521387_SIZE_1_1.25_3
GEN_32_FIT_0.895643824956808_0.8992257084216719_0.9136904915521387_SIZE_1_1.3_3
GEN_33_FIT_0.895643824956808_0.8983418785742006_0.9140605611980391_SIZE_1_1.2_3
GEN_34_FIT_0.895643824956808_0.8974539141829251_0.9140605611980391_SIZE_1_1.15_3
GEN_35_FIT_0.895643824956808_0.8974546997515942_0.9140605611980391_SIZE_1_1.15_3
GEN_36_FIT_0.895643824956808_0.8992655745463806_0.9140605611980391_SIZE_1_1.3_3
GEN_37_FIT_0.895643824956808_0.8992655745463806_0.9140605611980391_SIZE_1_1.3_3
GEN_38_FIT_0.895643824956808_0.8992655745463806_0.9140605611980391_SIZE_1_1.3_3
GEN_39_FIT_0.895643824956808_0.8992655745463806_0.9140605611980391_SIZE_1_1.3_3
GEN_40_FIT_0.895643824956808_0.8992655745463806_0.9140605611980391_SIZE_1_1.3_3
Evaluating in sample:
[GEN_40|make_tuple(0.5058181534191224, 179, 6)|0.8956]
[GEN_40|make_tuple(0.6128955678276323, max(0.003964810558657821, 0.6471402115821054), 5)|0.9134]
[GEN_40|make_tuple(0.6128955678276323, max(0.003964810558657821, 0.6471402115821054), add(0.010372770213471199, 5))|0.9141]
Evaluating out-of-sample:
[GEN_40|make_tuple(0.5058181534191224, 179, 6)|0.9617]
[GEN_40|make_tuple(0.6128955678276323, max(0.003964810558657821, 0.6471402115821054), 5)|1.0000]
[GEN_40|make_tuple(0.6128955678276323, max(0.003964810558657821, 0.6471402115821054), add(0.010372770213471199, 5))|1.0000]
GEN_41_FIT_0.895643824956808_0.8992655745463806_0.9140605611980391_SIZE_1_1.3_3
GEN_42_FIT_0.895643824956808_0.8992655745463806_0.9140605611980391_SIZE_1_1.3_3
GEN_43_FIT_0.895643824956808_0.8992655745463806_0.9140605611980391_SIZE_1_1.3_3
GEN_44_FIT_0.895643824956808_0.8992655745463806_0.9140605611980391_SIZE_1_1.3_3
GEN_45_FIT_0.895643824956808_0.8992655745463806_0.9140605611980391_SIZE_1_1.3_3
GEN_46_FIT_0.895643824956808_0.8992655745463806_0.9140605611980391_SIZE_1_1.3_3
GEN_47_FIT_0.895643824956808_0.8992655745463806_0.9140605611980391_SIZE_1_1.3_3
GEN_48_FIT_0.895643824956808_0.8992655745463806_0.9140605611980391_SIZE_1_1.3_3
GEN_49_FIT_0.895643824956808_0.8992655745463806_0.9140605611980391_SIZE_1_1.3_3
GEN_50_FIT_0.895643824956808_0.8992655745463806_0.9140605611980391_SIZE_1_1.3_3
GEN_51_FIT_0.895643824956808_0.8992655745463806_0.9140605611980391_SIZE_1_1.3_3
GEN_52_FIT_0.895643824956808_0.8992655745463806_0.9140605611980391_SIZE_1_1.3_3
GEN_53_FIT_0.895643824956808_0.8992655745463806_0.9140605611980391_SIZE_1_1.3_3
GEN_54_FIT_0.895643824956808_0.8992655745463806_0.9140605611980391_SIZE_1_1.3_3
Evaluating in sample:
[GEN_54|make_tuple(0.5058181534191224, 179, 6)|0.8956]
[GEN_54|make_tuple(0.6128955678276323, max(0.003964810558657821, 0.6471402115821054), 5)|0.9134]
[GEN_54|make_tuple(0.6128955678276323, max(0.003964810558657821, 0.6471402115821054), add(0.010372770213471199, 5))|0.9141]
Evaluating out-of-sample:
[GEN_54|make_tuple(0.5058181534191224, 179, 6)|0.9617]
[GEN_54|make_tuple(0.6128955678276323, max(0.003964810558657821, 0.6471402115821054), 5)|1.0000]
[GEN_54|make_tuple(0.6128955678276323, max(0.003964810558657821, 0.6471402115821054), add(0.010372770213471199, 5))|1.0000]
Stopped early in iteration 54, no improvement in 20 gens.
START_TASK: 2073
