Starting problem: mlr_rf
param:age_regularization:100000.0
param:algorithm:mupluslambda
param:constants_only:True
param:cxpb:0.25
param:early_stop_n:20
param:lambda_:100
param:max_number_operators:None
param:max_start_size:2
param:mu:20
param:ngen:300
param:optimize_constants:False
param:output_file:/home/gijsbers/symbolicdefaults/runs/mlr_rf_True_4.log
param:problem:mlr_rf
param:subset:1.0
param:task:None
param:warm_start:False
Benchmark problems: mlr_rf
Loading surrogates from file.
With fixed hyperparameters: {'num.trees': 500.0}:
And hyperparameters: ['num.trees', 'sample.fraction', 'min.node.size', 'mtry']:
START_TASK: 3
GEN_0_FIT_0.8685707681659413_0.8822917336780197_0.9001680956133912_SIZE_1_3.35_10
GEN_1_FIT_0.8688773725824906_0.8906972009752943_0.9066708374053941_SIZE_1_2.75_6
GEN_2_FIT_0.8856495546822395_0.899159614672578_0.9066708374053941_SIZE_1_3.85_7
GEN_3_FIT_0.8918609853124346_0.8979078040877958_0.9078100789335323_SIZE_1_2.65_6
GEN_4_FIT_0.8919836863498513_0.8999063486055456_0.9078100789335323_SIZE_1_2.85_5
GEN_5_FIT_0.8922901696151344_0.9010087205673438_0.908286672270681_SIZE_1_2.75_5
GEN_6_FIT_0.8922901696151344_0.8988339874580111_0.9083848429577167_SIZE_1_2.1_5
GEN_7_FIT_0.8922901696151344_0.9025643514349762_0.9104194534113037_SIZE_1_2.55_5
GEN_8_FIT_0.8936747937354763_0.9000713860982608_0.9106749231147503_SIZE_1_2.0_5
GEN_9_FIT_0.8939889584008032_0.8994589545653058_0.9106749231147503_SIZE_1_1.75_4
GEN_10_FIT_0.8940253417450212_0.9040352842566749_0.9106749231147503_SIZE_1_2.3_4
GEN_11_FIT_0.8948835360060271_0.9043567689398602_0.9106749231147503_SIZE_1_2.45_4
GEN_12_FIT_0.895082952407077_0.8995945054062287_0.9116688686419249_SIZE_1_1.6_4
GEN_13_FIT_0.895181375226708_0.8974782438358186_0.9117501475233988_SIZE_1_1.3_4
GEN_14_FIT_0.895181375226708_0.8975454085276222_0.9117501475233988_SIZE_1_1.3_4
GEN_15_FIT_0.895181375226708_0.8983842439861289_0.9125436149398047_SIZE_1_1.4_4
GEN_16_FIT_0.895181375226708_0.8983880280093255_0.9126192954037334_SIZE_1_1.4_4
GEN_17_FIT_0.895181375226708_0.8976255255265189_0.9126726083235556_SIZE_1_1.3_4
GEN_18_FIT_0.895181375226708_0.8984483205109625_0.9126726083235556_SIZE_1_1.4_4
GEN_19_FIT_0.895181375226708_0.8991951141714871_0.9126726083235556_SIZE_1_1.45_4
GEN_20_FIT_0.895181375226708_0.8992500755924192_0.9126726083235556_SIZE_1_1.5_4
Evaluating in sample:
[GEN_20|make_tuple(0.5551544618120708, 10, 6)|0.8952]
[GEN_20|make_tuple(0.5747076814943618, expit(0.3533415570323991), 5)|0.9101]
[GEN_20|make_tuple(pow(0.008298682558713962, 0.10387829847355183), expit(0.3533415570323991), 5)|0.9117]
[GEN_20|make_tuple(pow(0.010256490203785757, 0.10387829847355183), expit(expit(0.26472077704888586)), 5)|0.9127]
Evaluating out-of-sample:
[GEN_20|make_tuple(0.5551544618120708, 10, 6)|0.9975]
[GEN_20|make_tuple(0.5747076814943618, expit(0.3533415570323991), 5)|0.9817]
[GEN_20|make_tuple(pow(0.008298682558713962, 0.10387829847355183), expit(0.3533415570323991), 5)|0.9820]
[GEN_20|make_tuple(pow(0.010256490203785757, 0.10387829847355183), expit(expit(0.26472077704888586)), 5)|0.9874]
GEN_21_FIT_0.895181375226708_0.8992500755924192_0.9126726083235556_SIZE_1_1.5_4
GEN_22_FIT_0.895181375226708_0.8985098725694748_0.9126726083235556_SIZE_1_1.45_4
GEN_23_FIT_0.895181375226708_0.8985166589130159_0.9126726083235556_SIZE_1_1.45_4
GEN_24_FIT_0.895181375226708_0.8992699723056665_0.9126726083235556_SIZE_1_1.5_4
GEN_25_FIT_0.895181375226708_0.899278176781834_0.9126726083235556_SIZE_1_1.5_4
GEN_26_FIT_0.895181375226708_0.9001192282419739_0.9126726083235556_SIZE_1_1.6_4
GEN_27_FIT_0.895181375226708_0.8993944480068222_0.9126726083235556_SIZE_1_1.55_4
GEN_28_FIT_0.895181375226708_0.900176294556972_0.9126726083235556_SIZE_1_1.6_4
GEN_29_FIT_0.895181375226708_0.8993953492437241_0.9126726083235556_SIZE_1_1.55_4
GEN_30_FIT_0.895181375226708_0.8994483304785218_0.9126726083235556_SIZE_1_1.55_4
GEN_31_FIT_0.895181375226708_0.899445189780405_0.9126726083235556_SIZE_1_1.5_4
GEN_32_FIT_0.895181375226708_0.898576744672653_0.9127949392653658_SIZE_1_1.35_4
GEN_33_FIT_0.895181375226708_0.9003006560748995_0.9127949392653658_SIZE_1_1.6_4
GEN_34_FIT_0.895181375226708_0.8994222741915744_0.9128408656375208_SIZE_1_1.45_4
GEN_35_FIT_0.895181375226708_0.8994222741915744_0.9128408656375208_SIZE_1_1.45_4
GEN_36_FIT_0.895181375226708_0.9036756789945473_0.9128842101888229_SIZE_1_2.0_5
GEN_37_FIT_0.895181375226708_0.9089601524886776_0.9128842101888229_SIZE_1_2.8_5
GEN_38_FIT_0.895181375226708_0.9062768836606997_0.913509731083264_SIZE_1_1.95_5
GEN_39_FIT_0.8951910643490398_0.9098108019746455_0.913561335149966_SIZE_1_2.2_4
GEN_40_FIT_0.8952875415116824_0.9104098537983969_0.913561335149966_SIZE_1_2.55_4
Evaluating in sample:
[GEN_40|make_tuple(0.5066916883650007, 10, 6)|0.8954]
[GEN_40|make_tuple(0.6185191529375706, expit(0.38779516643169615), 5)|0.9120]
[GEN_40|make_tuple(0.6185191529375706, expit(expit(0.38779516643169615)), 5)|0.9136]
Evaluating out-of-sample:
[GEN_40|make_tuple(0.5066916883650007, 10, 6)|0.9952]
[GEN_40|make_tuple(0.6185191529375706, expit(0.38779516643169615), 5)|0.9818]
[GEN_40|make_tuple(0.6185191529375706, expit(expit(0.38779516643169615)), 5)|0.9892]
GEN_41_FIT_0.8952875415116824_0.9072578913858871_0.913574003739903_SIZE_1_1.85_3
GEN_42_FIT_0.8954313128360959_0.9079739278981647_0.9136880812988946_SIZE_1_1.8_3
GEN_43_FIT_0.8954313128360959_0.9014104813391359_0.9136880812988946_SIZE_1_1.45_3
GEN_44_FIT_0.8954313128360959_0.8989183863450798_0.9136880812988946_SIZE_1_1.3_3
GEN_45_FIT_0.8954313128360959_0.8989183863450798_0.9136880812988946_SIZE_1_1.3_3
GEN_46_FIT_0.8954313128360959_0.8980109419564053_0.9137959619882025_SIZE_1_1.2_3
GEN_47_FIT_0.8954313128360959_0.8989291744140105_0.9137959619882025_SIZE_1_1.3_3
GEN_48_FIT_0.8954313128360959_0.8989291744140105_0.9137959619882025_SIZE_1_1.3_3
GEN_49_FIT_0.8954313128360959_0.8989291744140105_0.9137959619882025_SIZE_1_1.3_3
GEN_50_FIT_0.8954313128360959_0.8989291744140105_0.9137959619882025_SIZE_1_1.3_3
GEN_51_FIT_0.8954313128360959_0.8989291744140105_0.9137959619882025_SIZE_1_1.3_3
GEN_52_FIT_0.8954313128360959_0.8989291744140105_0.9137959619882025_SIZE_1_1.3_3
GEN_53_FIT_0.8954313128360959_0.8989291744140105_0.9137959619882025_SIZE_1_1.3_3
GEN_54_FIT_0.8954313128360959_0.8989291744140105_0.9137959619882025_SIZE_1_1.3_3
GEN_55_FIT_0.8954313128360959_0.8980118119200968_0.9138133612620327_SIZE_1_1.2_3
GEN_56_FIT_0.8954313128360959_0.8989309143413935_0.9138133612620327_SIZE_1_1.3_3
GEN_57_FIT_0.8954313128360959_0.8989309143413935_0.9138133612620327_SIZE_1_1.3_3
GEN_58_FIT_0.8954313128360959_0.8989309143413935_0.9138133612620327_SIZE_1_1.3_3
GEN_59_FIT_0.8954313128360959_0.8989309143413935_0.9138133612620327_SIZE_1_1.3_3
GEN_60_FIT_0.8954313128360959_0.8989309143413935_0.9138133612620327_SIZE_1_1.3_3
Evaluating in sample:
[GEN_60|make_tuple(0.5066916883650007, 10, 6)|0.8954]
[GEN_60|make_tuple(0.6185191529375706, expit(0.38779516643169615), 5)|0.9120]
[GEN_60|make_tuple(0.6168193372397338, expit(expit(0.41003991362422115)), 5)|0.9138]
Evaluating out-of-sample:
[GEN_60|make_tuple(0.5066916883650007, 10, 6)|0.9952]
[GEN_60|make_tuple(0.6185191529375706, expit(0.38779516643169615), 5)|0.9818]
[GEN_60|make_tuple(0.6168193372397338, expit(expit(0.41003991362422115)), 5)|0.9893]
GEN_61_FIT_0.8954313128360959_0.8989309143413935_0.9138133612620327_SIZE_1_1.3_3
GEN_62_FIT_0.8954313128360959_0.8989309143413935_0.9138133612620327_SIZE_1_1.3_3
GEN_63_FIT_0.8954313128360959_0.8989309143413935_0.9138133612620327_SIZE_1_1.3_3
GEN_64_FIT_0.8954313128360959_0.8989309143413935_0.9138133612620327_SIZE_1_1.3_3
GEN_65_FIT_0.8954313128360959_0.8989309143413935_0.9138133612620327_SIZE_1_1.3_3
GEN_66_FIT_0.8954313128360959_0.8989309143413935_0.9138133612620327_SIZE_1_1.3_3
GEN_67_FIT_0.8954313128360959_0.8989309143413935_0.9138133612620327_SIZE_1_1.3_3
GEN_68_FIT_0.8954313128360959_0.8989309143413935_0.9138133612620327_SIZE_1_1.3_3
GEN_69_FIT_0.8954313128360959_0.8989309143413935_0.9138133612620327_SIZE_1_1.3_3
GEN_70_FIT_0.8954313128360959_0.8980119651915521_0.9138164266911374_SIZE_1_1.2_3
GEN_71_FIT_0.8954313128360959_0.8980120862550279_0.9138188479606557_SIZE_1_1.2_3
GEN_72_FIT_0.8954313128360959_0.8989314630112558_0.9138188479606557_SIZE_1_1.3_3
GEN_73_FIT_0.8954313128360959_0.8989314630112558_0.9138188479606557_SIZE_1_1.3_3
GEN_74_FIT_0.8954313128360959_0.8989314630112558_0.9138188479606557_SIZE_1_1.3_3
GEN_75_FIT_0.8954313128360959_0.8989314630112558_0.9138188479606557_SIZE_1_1.3_3
GEN_76_FIT_0.8954313128360959_0.8989314630112558_0.9138188479606557_SIZE_1_1.3_3
GEN_77_FIT_0.8954313128360959_0.8989314630112558_0.9138188479606557_SIZE_1_1.3_3
GEN_78_FIT_0.8954313128360959_0.8989314630112558_0.9138188479606557_SIZE_1_1.3_3
GEN_79_FIT_0.8954313128360959_0.8989314630112558_0.9138188479606557_SIZE_1_1.3_3
GEN_80_FIT_0.8954313128360959_0.8989314630112558_0.9138188479606557_SIZE_1_1.3_3
Evaluating in sample:
[GEN_80|make_tuple(0.5066916883650007, 10, 6)|0.8954]
[GEN_80|make_tuple(0.6185191529375706, expit(0.38779516643169615), 5)|0.9120]
[GEN_80|make_tuple(0.6168193372397338, expit(expit(0.4033167416190846)), 5)|0.9138]
Evaluating out-of-sample:
[GEN_80|make_tuple(0.5066916883650007, 10, 6)|0.9952]
[GEN_80|make_tuple(0.6185191529375706, expit(0.38779516643169615), 5)|0.9818]
[GEN_80|make_tuple(0.6168193372397338, expit(expit(0.4033167416190846)), 5)|0.9893]
GEN_81_FIT_0.8954313128360959_0.8989314630112558_0.9138188479606557_SIZE_1_1.3_3
GEN_82_FIT_0.8954313128360959_0.8989314630112558_0.9138188479606557_SIZE_1_1.3_3
GEN_83_FIT_0.8954313128360959_0.8989314630112558_0.9138188479606557_SIZE_1_1.3_3
GEN_84_FIT_0.8954313128360959_0.8989314630112558_0.9138188479606557_SIZE_1_1.3_3
GEN_85_FIT_0.8954313128360959_0.8989314630112558_0.9138188479606557_SIZE_1_1.3_3
GEN_86_FIT_0.8954313128360959_0.8989314630112558_0.9138188479606557_SIZE_1_1.3_3
GEN_87_FIT_0.8954313128360959_0.8989314630112558_0.9138188479606557_SIZE_1_1.3_3
GEN_88_FIT_0.8954313128360959_0.8989314630112558_0.9138188479606557_SIZE_1_1.3_3
GEN_89_FIT_0.8954313128360959_0.8989314630112558_0.9138188479606557_SIZE_1_1.3_3
GEN_90_FIT_0.8954313128360959_0.8989314630112558_0.9138188479606557_SIZE_1_1.3_3
GEN_91_FIT_0.8954313128360959_0.8989314630112558_0.9138188479606557_SIZE_1_1.3_3
GEN_92_FIT_0.8954313128360959_0.8989314630112558_0.9138188479606557_SIZE_1_1.3_3
Evaluating in sample:
[GEN_92|make_tuple(0.5066916883650007, 10, 6)|0.8954]
[GEN_92|make_tuple(0.6185191529375706, expit(0.38779516643169615), 5)|0.9120]
[GEN_92|make_tuple(0.6168193372397338, expit(expit(0.4033167416190846)), 5)|0.9138]
Evaluating out-of-sample:
[GEN_92|make_tuple(0.5066916883650007, 10, 6)|0.9952]
[GEN_92|make_tuple(0.6185191529375706, expit(0.38779516643169615), 5)|0.9818]
[GEN_92|make_tuple(0.6168193372397338, expit(expit(0.4033167416190846)), 5)|0.9893]
Stopped early in iteration 92, no improvement in 20 gens.
START_TASK: 6
GEN_0_FIT_0.8691452451796592_0.8834327232408308_0.9027618630521087_SIZE_1_3.0_10
GEN_1_FIT_0.8747454159141116_0.8957153032864966_0.9044849364292771_SIZE_1_3.6_10
GEN_2_FIT_0.8916409595303281_0.9001697444071199_0.9071016475821648_SIZE_1_4.55_10
GEN_3_FIT_0.8933576003157023_0.8990561318018552_0.9078112270205003_SIZE_1_2.35_6
GEN_4_FIT_0.8938184565305293_0.9015596129567557_0.9103485912552416_SIZE_1_2.35_6
GEN_5_FIT_0.8941129445797021_0.8990892722288593_0.9103828394666915_SIZE_1_1.7_5
GEN_6_FIT_0.8941129445797021_0.8997688562554677_0.9107812069387657_SIZE_1_1.65_4
GEN_7_FIT_0.8942425587832427_0.9016484408340186_0.9121409776212263_SIZE_1_1.8_4
GEN_8_FIT_0.8943270554700249_0.9078070484935425_0.9122713409262803_SIZE_1_2.4_4
GEN_9_FIT_0.8952253783225744_0.9070116436545062_0.9133294605814771_SIZE_1_2.35_4
GEN_10_FIT_0.895384967765419_0.9056852637008257_0.9133294605814771_SIZE_1_2.05_4
GEN_11_FIT_0.8955662605072617_0.9015619645787287_0.9136530955090025_SIZE_1_1.5_3
GEN_12_FIT_0.8955662605072617_0.9068230052115126_0.9138007858454753_SIZE_1_1.9_4
GEN_13_FIT_0.8956113780303238_0.9046371375764923_0.9138007858454753_SIZE_1_1.75_3
GEN_14_FIT_0.8959119569382923_0.8985795496604319_0.9138007858454753_SIZE_1_1.25_3
GEN_15_FIT_0.8959119569382923_0.8985795496604319_0.9138007858454753_SIZE_1_1.25_3
GEN_16_FIT_0.8959119569382923_0.8994582594918532_0.9138007858454753_SIZE_1_1.3_3
GEN_17_FIT_0.8959119569382923_0.8994582594918532_0.9138007858454753_SIZE_1_1.3_3
GEN_18_FIT_0.8959119569382923_0.8985821818953648_0.9138007858454753_SIZE_1_1.25_3
GEN_19_FIT_0.8959119569382923_0.8985821818953648_0.9138007858454753_SIZE_1_1.25_3
GEN_20_FIT_0.8959119569382923_0.8994635239617189_0.9138007858454753_SIZE_1_1.3_3
Evaluating in sample:
[GEN_20|make_tuple(0.5568483227648707, 14, 6)|0.8959]
[GEN_20|make_tuple(0.6202047363604773, expit(0.5952135564093617), 5)|0.9135]
[GEN_20|make_tuple(0.6202047363604773, expit(expit(0.40711933915671317)), 5)|0.9138]
Evaluating out-of-sample:
[GEN_20|make_tuple(0.5568483227648707, 14, 6)|0.9173]
[GEN_20|make_tuple(0.6202047363604773, expit(0.5952135564093617), 5)|0.9883]
[GEN_20|make_tuple(0.6202047363604773, expit(expit(0.40711933915671317)), 5)|0.9881]
GEN_21_FIT_0.8959119569382923_0.8994635239617189_0.9138007858454753_SIZE_1_1.3_3
GEN_22_FIT_0.8959119569382923_0.8994635239617189_0.9138007858454753_SIZE_1_1.3_3
GEN_23_FIT_0.8959119569382923_0.8994635239617189_0.9138007858454753_SIZE_1_1.3_3
GEN_24_FIT_0.8959119569382923_0.8994635239617189_0.9138007858454753_SIZE_1_1.3_3
GEN_25_FIT_0.8959119569382923_0.8994635239617189_0.9138007858454753_SIZE_1_1.3_3
GEN_26_FIT_0.8959119569382923_0.8994635239617189_0.9138007858454753_SIZE_1_1.3_3
GEN_27_FIT_0.8959119569382923_0.8994635239617189_0.9138007858454753_SIZE_1_1.3_3
GEN_28_FIT_0.8959119569382923_0.8994635239617189_0.9138007858454753_SIZE_1_1.3_3
GEN_29_FIT_0.8959119569382923_0.8994635239617189_0.9138007858454753_SIZE_1_1.3_3
GEN_30_FIT_0.8959119569382923_0.8994635239617189_0.9138007858454753_SIZE_1_1.3_3
GEN_31_FIT_0.8959119569382923_0.8994635239617189_0.9138007858454753_SIZE_1_1.3_3
GEN_32_FIT_0.8959119569382923_0.9039047064185567_0.9138007858454753_SIZE_1_1.8_4
GEN_33_FIT_0.8959119569382923_0.910176355143331_0.9138007858454753_SIZE_1_2.5_4
Evaluating in sample:
[GEN_33|make_tuple(0.5050634290179056, 429, 6)|0.8960]
[GEN_33|make_tuple(0.6202047363604773, expit(0.5952135564093617), 5)|0.9135]
[GEN_33|make_tuple(0.6202047363604773, expit(expit(0.40711933915671317)), 5)|0.9138]
Evaluating out-of-sample:
[GEN_33|make_tuple(0.5050634290179056, 429, 6)|0.9186]
[GEN_33|make_tuple(0.6202047363604773, expit(0.5952135564093617), 5)|0.9883]
[GEN_33|make_tuple(0.6202047363604773, expit(expit(0.40711933915671317)), 5)|0.9881]
Stopped early in iteration 33, no improvement in 20 gens.
START_TASK: 11
GEN_0_FIT_0.8697550044225992_0.8836962276955379_0.9092336125429892_SIZE_1_3.85_9
GEN_1_FIT_0.8704787277854534_0.8902781378057295_0.9092336125429892_SIZE_1_3.5_9
GEN_2_FIT_0.8777280864437549_0.9013067651822645_0.9093055361595961_SIZE_1_4.8_9
GEN_3_FIT_0.8797205497777371_0.9004867662294765_0.9110788152367011_SIZE_1_4.4_9
GEN_4_FIT_0.8912608218951932_0.898845829323679_0.9110788152367011_SIZE_1_2.5_6
GEN_5_FIT_0.8941193066915273_0.9069477135834116_0.9110788152367011_SIZE_1_4.3_6
GEN_6_FIT_0.8941193066915273_0.9081364795993672_0.9116453260435511_SIZE_1_4.25_6
GEN_7_FIT_0.8941193066915273_0.9042232944636144_0.9116453260435511_SIZE_1_3.05_7
GEN_8_FIT_0.8948520616797078_0.9070549648154911_0.9122410804399648_SIZE_1_3.35_6
GEN_9_FIT_0.8921253626867282_0.9057176243683657_0.9123478389407854_SIZE_1_3.2_6
GEN_10_FIT_0.8956643329632429_0.908581915285378_0.9123478389407854_SIZE_1_3.75_6
GEN_11_FIT_0.8956643329632429_0.90315329264523_0.9140044728092683_SIZE_1_1.85_4
GEN_12_FIT_0.8956643329632429_0.9010322113520889_0.9140044728092683_SIZE_1_1.65_4
GEN_13_FIT_0.8958508024932267_0.901092902396813_0.9140044728092683_SIZE_1_1.6_4
GEN_14_FIT_0.8958508024932267_0.9036878747981796_0.91414766513777_SIZE_1_1.9_4
GEN_15_FIT_0.8958508024932267_0.9057339846647883_0.9142922458142615_SIZE_1_2.15_4
GEN_16_FIT_0.8963304622235014_0.8989333034832188_0.9142922458142615_SIZE_1_1.3_4
GEN_17_FIT_0.8963304622235014_0.89894142097152_0.9142922458142615_SIZE_1_1.3_4
GEN_18_FIT_0.8963304622235014_0.8981016513330576_0.9143150161263587_SIZE_1_1.15_3
GEN_19_FIT_0.8963304622235014_0.898982705677035_0.9144968747176393_SIZE_1_1.2_3
GEN_20_FIT_0.8963304622235014_0.9024034265378489_0.9144968747176393_SIZE_1_1.45_3
Evaluating in sample:
[GEN_20|make_tuple(0.5570664676903683, 4, 6)|0.8963]
[GEN_20|make_tuple(0.6110585670846364, pow(0.08953027439447503, 0.18186562963922065), 6)|0.9138]
[GEN_20|make_tuple(0.6184025178426263, pow(add(0.08240145712053634, 0.0163212399608732), 0.18893816262976995), 5)|0.9145]
Evaluating out-of-sample:
[GEN_20|make_tuple(0.5570664676903683, 4, 6)|0.8617]
[GEN_20|make_tuple(0.6110585670846364, pow(0.08953027439447503, 0.18186562963922065), 6)|0.9158]
[GEN_20|make_tuple(0.6184025178426263, pow(add(0.08240145712053634, 0.0163212399608732), 0.18893816262976995), 5)|0.9096]
GEN_21_FIT_0.8963304622235014_0.9077603620375827_0.9144968747176393_SIZE_1_1.85_3
GEN_22_FIT_0.8963304622235014_0.9044282088105124_0.9144968747176393_SIZE_1_1.8_3
GEN_23_FIT_0.8963420410119229_0.8999555746534964_0.9144968747176393_SIZE_1_1.35_3
GEN_24_FIT_0.8963420410119229_0.8999555746534964_0.9144968747176393_SIZE_1_1.35_3
GEN_25_FIT_0.8963420410119229_0.9017536249244982_0.9144968747176393_SIZE_1_1.5_3
GEN_26_FIT_0.8963420410119229_0.9035958053886779_0.9144968747176393_SIZE_1_1.75_3
GEN_27_FIT_0.8963420410119229_0.9126732222415359_0.9144968747176393_SIZE_1_2.75_3
GEN_28_FIT_0.8963420410119229_0.9126732222415359_0.9144968747176393_SIZE_1_2.75_3
GEN_29_FIT_0.8963420410119229_0.9127030289589753_0.9150930090664275_SIZE_1_2.8_4
GEN_30_FIT_0.8963420410119229_0.9091614823701504_0.9150930090664275_SIZE_1_2.55_4
GEN_31_FIT_0.8963420410119229_0.9009454442482874_0.9150930090664275_SIZE_1_1.5_4
GEN_32_FIT_0.8963420410119229_0.9018746055196928_0.9150930090664275_SIZE_1_1.6_4
GEN_33_FIT_0.8963420410119229_0.9009832020454704_0.9150930090664275_SIZE_1_1.55_4
GEN_34_FIT_0.8963420410119229_0.9009832020454704_0.9150930090664275_SIZE_1_1.55_4
GEN_35_FIT_0.8963420410119229_0.9009832020454704_0.9150930090664275_SIZE_1_1.55_4
GEN_36_FIT_0.8963420410119229_0.9009832020454704_0.9150930090664275_SIZE_1_1.55_4
GEN_37_FIT_0.8963420410119229_0.898187331099934_0.9150930090664275_SIZE_1_1.15_3
GEN_38_FIT_0.8963420410119229_0.9000326211879452_0.9150930090664275_SIZE_1_1.3_3
GEN_39_FIT_0.8963420410119229_0.9000326211879452_0.9150930090664275_SIZE_1_1.3_3
GEN_40_FIT_0.8963420410119229_0.9000326211879452_0.9150930090664275_SIZE_1_1.3_3
Evaluating in sample:
[GEN_40|make_tuple(0.5570664676903683, 4, 6)|0.8963]
[GEN_40|make_tuple(0.6184025178426263, pow(0.0902642350968668, 0.18186562963922065), 5)|0.9145]
[GEN_40|make_tuple(0.6184025178426263, pow(0.0902642350968668, 0.18186562963922065), add(5, 0.001673219651392766))|0.9151]
Evaluating out-of-sample:
[GEN_40|make_tuple(0.5570664676903683, 4, 6)|0.8617]
[GEN_40|make_tuple(0.6184025178426263, pow(0.0902642350968668, 0.18186562963922065), 5)|0.9096]
[GEN_40|make_tuple(0.6184025178426263, pow(0.0902642350968668, 0.18186562963922065), add(5, 0.001673219651392766))|0.9109]
GEN_41_FIT_0.8963420410119229_0.9000326211879452_0.9150930090664275_SIZE_1_1.3_3
GEN_42_FIT_0.8963420410119229_0.9000326211879452_0.9150930090664275_SIZE_1_1.3_3
GEN_43_FIT_0.8963420410119229_0.9000326211879452_0.9150930090664275_SIZE_1_1.3_3
GEN_44_FIT_0.8963420410119229_0.9000326211879452_0.9150930090664275_SIZE_1_1.3_3
GEN_45_FIT_0.8963420410119229_0.9000326211879452_0.9150930090664275_SIZE_1_1.3_3
GEN_46_FIT_0.8963420410119229_0.9000326211879452_0.9150930090664275_SIZE_1_1.3_3
GEN_47_FIT_0.8963420410119229_0.9000326211879452_0.9150930090664275_SIZE_1_1.3_3
GEN_48_FIT_0.8963420410119229_0.9000326211879452_0.9150930090664275_SIZE_1_1.3_3
GEN_49_FIT_0.8963420410119229_0.9000326211879452_0.9150930090664275_SIZE_1_1.3_3
GEN_50_FIT_0.8963420410119229_0.9000326211879452_0.9150930090664275_SIZE_1_1.3_3
GEN_51_FIT_0.8963420410119229_0.9000326211879452_0.9150930090664275_SIZE_1_1.3_3
GEN_52_FIT_0.8963420410119229_0.9000326211879452_0.9150930090664275_SIZE_1_1.3_3
GEN_53_FIT_0.8963420410119229_0.9000326211879452_0.9150930090664275_SIZE_1_1.3_3
GEN_54_FIT_0.8963420410119229_0.9000326211879452_0.9150930090664275_SIZE_1_1.3_3
GEN_55_FIT_0.8963420410119229_0.9000326211879452_0.9150930090664275_SIZE_1_1.3_3
GEN_56_FIT_0.8963420410119229_0.9000326211879452_0.9150930090664275_SIZE_1_1.3_3
GEN_57_FIT_0.8963420410119229_0.9000326211879452_0.9150930090664275_SIZE_1_1.3_3
GEN_58_FIT_0.8963420410119229_0.9000326211879452_0.9150930090664275_SIZE_1_1.3_3
Evaluating in sample:
[GEN_58|make_tuple(0.5570664676903683, 4, 6)|0.8963]
[GEN_58|make_tuple(0.6184025178426263, pow(0.0902642350968668, 0.18186562963922065), 5)|0.9145]
[GEN_58|make_tuple(0.6184025178426263, pow(0.0902642350968668, 0.18186562963922065), add(5, 0.001673219651392766))|0.9151]
Evaluating out-of-sample:
[GEN_58|make_tuple(0.5570664676903683, 4, 6)|0.8617]
[GEN_58|make_tuple(0.6184025178426263, pow(0.0902642350968668, 0.18186562963922065), 5)|0.9096]
[GEN_58|make_tuple(0.6184025178426263, pow(0.0902642350968668, 0.18186562963922065), add(5, 0.001673219651392766))|0.9109]
Stopped early in iteration 58, no improvement in 20 gens.
START_TASK: 12
GEN_0_FIT_0.8654521594017046_0.8834993560627575_0.9098898252017725_SIZE_1_5.25_12
GEN_1_FIT_0.8689595872946401_0.8894999927868273_0.909895136670775_SIZE_1_3.2_9
GEN_2_FIT_0.8693823161316863_0.8983507052593536_0.9107452396249727_SIZE_1_4.1_9
GEN_3_FIT_0.8693823161316863_0.886567076057441_0.9116960163620422_SIZE_1_2.25_6
GEN_4_FIT_0.8698439575414317_0.8797652360828732_0.9118052098891686_SIZE_1_1.7_6
GEN_5_FIT_0.8698439575414317_0.8798193226506864_0.9118124199614508_SIZE_1_1.65_5
GEN_6_FIT_0.8698439575414317_0.8793916271916691_0.9131279062984674_SIZE_1_1.45_4
GEN_7_FIT_0.8698439575414317_0.8796549470548103_0.9131279062984674_SIZE_1_1.5_4
GEN_8_FIT_0.8698439575414317_0.878054526606993_0.9131279062984674_SIZE_1_1.45_4
GEN_9_FIT_0.8698439575414317_0.8892232786896732_0.9131279062984674_SIZE_1_1.95_4
GEN_10_FIT_0.8698439575414317_0.8920837316079308_0.9131780691918165_SIZE_1_1.6_4
GEN_11_FIT_0.8949704440269491_0.9035643604831259_0.9131780691918165_SIZE_1_2.15_4
GEN_12_FIT_0.8949704440269491_0.9038074447820719_0.9131780691918165_SIZE_1_2.0_4
GEN_13_FIT_0.8951986803644616_0.9041072712599758_0.9131780691918165_SIZE_1_1.95_3
GEN_14_FIT_0.8954805048583442_0.9121309839388161_0.9131780691918165_SIZE_1_2.8_3
GEN_15_FIT_0.885245096609869_0.9093870857506255_0.9136044110564333_SIZE_1_2.4_3
GEN_16_FIT_0.8923044446370867_0.9083468815826947_0.9136044110564333_SIZE_1_1.95_3
GEN_17_FIT_0.8951709850588554_0.9073664621347948_0.9136044110564333_SIZE_1_2.05_4
GEN_18_FIT_0.8951709850588554_0.8988337131428332_0.9137590231190945_SIZE_1_1.3_3
GEN_19_FIT_0.8952973061527287_0.8998630429570218_0.9137590231190945_SIZE_1_1.4_3
GEN_20_FIT_0.8954805048583442_0.8981395742452432_0.9137590231190945_SIZE_1_1.25_3
Evaluating in sample:
[GEN_20|make_tuple(0.5555337747628016, 210, 6)|0.8955]
[GEN_20|make_tuple(0.6343437280987743, expit(0.5994595712712931), 5)|0.9121]
[GEN_20|make_tuple(expit(0.482385364139183), expit(0.5970583846399388), 5)|0.9138]
Evaluating out-of-sample:
[GEN_20|make_tuple(0.5555337747628016, 210, 6)|0.9635]
[GEN_20|make_tuple(0.6343437280987743, expit(0.5994595712712931), 5)|0.9927]
[GEN_20|make_tuple(expit(0.482385364139183), expit(0.5970583846399388), 5)|0.9928]
GEN_21_FIT_0.8954805048583442_0.8981395742452432_0.9137590231190945_SIZE_1_1.25_3
GEN_22_FIT_0.8954805048583442_0.9007024536781408_0.9137590231190945_SIZE_1_1.45_3
GEN_23_FIT_0.8954805048583442_0.9066285820217415_0.9137590231190945_SIZE_1_1.85_3
GEN_24_FIT_0.8955356547887313_0.8992075150917941_0.9137769454993973_SIZE_1_1.3_3
GEN_25_FIT_0.8956865712989087_0.8974726933122827_0.9137769454993973_SIZE_1_1.15_3
GEN_26_FIT_0.8956865712989087_0.8983542966156323_0.9137769454993973_SIZE_1_1.2_3
GEN_27_FIT_0.8956865712989087_0.8992588153256567_0.9137769454993973_SIZE_1_1.3_3
GEN_28_FIT_0.8956865712989087_0.8983956317646138_0.9137769454993973_SIZE_1_1.25_3
GEN_29_FIT_0.8956865712989087_0.8983956317646138_0.9137769454993973_SIZE_1_1.25_3
GEN_30_FIT_0.8956865712989087_0.8992956548102699_0.9137769454993973_SIZE_1_1.3_3
GEN_31_FIT_0.8956865712989087_0.8992956548102699_0.9137769454993973_SIZE_1_1.3_3
GEN_32_FIT_0.8956865712989087_0.8992956548102699_0.9137769454993973_SIZE_1_1.3_3
GEN_33_FIT_0.8956865712989087_0.8992956548102699_0.9137769454993973_SIZE_1_1.3_3
GEN_34_FIT_0.8956865712989087_0.8992956548102699_0.9137769454993973_SIZE_1_1.3_3
GEN_35_FIT_0.8956865712989087_0.8992956548102699_0.9137769454993973_SIZE_1_1.3_3
GEN_36_FIT_0.8956865712989087_0.8992956548102699_0.9137769454993973_SIZE_1_1.3_3
GEN_37_FIT_0.8956865712989087_0.8984163886557024_0.9142819966085378_SIZE_1_1.2_3
GEN_38_FIT_0.8956865712989087_0.8993461599211839_0.9142819966085378_SIZE_1_1.3_3
GEN_39_FIT_0.8956865712989087_0.8993461599211839_0.9142819966085378_SIZE_1_1.3_3
GEN_40_FIT_0.8956865712989087_0.8993461599211839_0.9142819966085378_SIZE_1_1.3_3
Evaluating in sample:
[GEN_40|make_tuple(0.506415618974294, 210, 6)|0.8957]
[GEN_40|make_tuple(0.6061421092335317, expit(0.5994595712712931), 5)|0.9137]
[GEN_40|make_tuple(0.6061421092335317, expit(0.5994595712712931), add(5, 0.00148828110655042))|0.9143]
Evaluating out-of-sample:
[GEN_40|make_tuple(0.506415618974294, 210, 6)|0.9634]
[GEN_40|make_tuple(0.6061421092335317, expit(0.5994595712712931), 5)|0.9927]
[GEN_40|make_tuple(0.6061421092335317, expit(0.5994595712712931), add(5, 0.00148828110655042))|0.9927]
GEN_41_FIT_0.8956865712989087_0.8993461599211839_0.9142819966085378_SIZE_1_1.3_3
GEN_42_FIT_0.8956865712989087_0.8993461599211839_0.9142819966085378_SIZE_1_1.3_3
GEN_43_FIT_0.8956865712989087_0.8993461599211839_0.9142819966085378_SIZE_1_1.3_3
GEN_44_FIT_0.8956865712989087_0.8993461599211839_0.9142819966085378_SIZE_1_1.3_3
GEN_45_FIT_0.8956865712989087_0.8993461599211839_0.9142819966085378_SIZE_1_1.3_3
GEN_46_FIT_0.8956865712989087_0.8993461599211839_0.9142819966085378_SIZE_1_1.3_3
GEN_47_FIT_0.8956865712989087_0.9046635205022019_0.9142819966085378_SIZE_1_1.7_3
GEN_48_FIT_0.8956865712989087_0.9101478131476821_0.9142819966085378_SIZE_1_2.05_3
GEN_49_FIT_0.895694135512012_0.9121257283006315_0.9142819966085378_SIZE_1_2.3_3
GEN_50_FIT_0.895694135512012_0.9123985281226326_0.9142819966085378_SIZE_1_2.75_3
GEN_51_FIT_0.895694135512012_0.9123738457463799_0.9142819966085378_SIZE_1_2.7_3
GEN_52_FIT_0.8941662285519981_0.9092326310459665_0.9143948862005619_SIZE_1_1.9_3
GEN_53_FIT_0.8955567904037881_0.9039890990103056_0.9143948862005619_SIZE_1_1.75_3
GEN_54_FIT_0.895694135512012_0.8993737347976618_0.9143948862005619_SIZE_1_1.3_3
GEN_55_FIT_0.895694135512012_0.8993737347976618_0.9143948862005619_SIZE_1_1.3_3
GEN_56_FIT_0.895694135512012_0.8993737347976618_0.9143948862005619_SIZE_1_1.3_3
GEN_57_FIT_0.895694135512012_0.8984387671216233_0.9143962833683443_SIZE_1_1.2_3
GEN_58_FIT_0.895694135512012_0.89937387451444_0.9143962833683443_SIZE_1_1.3_3
GEN_59_FIT_0.895694135512012_0.89937387451444_0.9143962833683443_SIZE_1_1.3_3
GEN_60_FIT_0.895694135512012_0.89937387451444_0.9143962833683443_SIZE_1_1.3_3
Evaluating in sample:
[GEN_60|make_tuple(0.5069635630953616, 5, 6)|0.8957]
[GEN_60|make_tuple(0.6167230337924293, expit(0.6006780730227838), 5)|0.9138]
[GEN_60|make_tuple(0.6167230337924293, expit(0.6006780730227838), add(5, 0.1516599685321945))|0.9144]
Evaluating out-of-sample:
[GEN_60|make_tuple(0.5069635630953616, 5, 6)|0.9634]
[GEN_60|make_tuple(0.6167230337924293, expit(0.6006780730227838), 5)|0.9928]
[GEN_60|make_tuple(0.6167230337924293, expit(0.6006780730227838), add(5, 0.1516599685321945))|0.9928]
GEN_61_FIT_0.895694135512012_0.89937387451444_0.9143962833683443_SIZE_1_1.3_3
GEN_62_FIT_0.895694135512012_0.89937387451444_0.9143962833683443_SIZE_1_1.3_3
GEN_63_FIT_0.895694135512012_0.89937387451444_0.9143962833683443_SIZE_1_1.3_3
GEN_64_FIT_0.895694135512012_0.89937387451444_0.9143962833683443_SIZE_1_1.3_3
GEN_65_FIT_0.895694135512012_0.89937387451444_0.9143962833683443_SIZE_1_1.3_3
GEN_66_FIT_0.895694135512012_0.89937387451444_0.9143962833683443_SIZE_1_1.3_3
GEN_67_FIT_0.895694135512012_0.89937387451444_0.9143962833683443_SIZE_1_1.3_3
GEN_68_FIT_0.895694135512012_0.89937387451444_0.9143962833683443_SIZE_1_1.3_3
GEN_69_FIT_0.895694135512012_0.89937387451444_0.9143962833683443_SIZE_1_1.3_3
GEN_70_FIT_0.895694135512012_0.89937387451444_0.9143962833683443_SIZE_1_1.3_3
GEN_71_FIT_0.895694135512012_0.89937387451444_0.9143962833683443_SIZE_1_1.3_3
GEN_72_FIT_0.895694135512012_0.89937387451444_0.9143962833683443_SIZE_1_1.3_3
GEN_73_FIT_0.895694135512012_0.89937387451444_0.9143962833683443_SIZE_1_1.3_3
GEN_74_FIT_0.895694135512012_0.89937387451444_0.9143962833683443_SIZE_1_1.3_3
GEN_75_FIT_0.895694135512012_0.89937387451444_0.9143962833683443_SIZE_1_1.3_3
GEN_76_FIT_0.895694135512012_0.89937387451444_0.9143962833683443_SIZE_1_1.3_3
GEN_77_FIT_0.895694135512012_0.89937387451444_0.9143962833683443_SIZE_1_1.3_3
GEN_78_FIT_0.895694135512012_0.89937387451444_0.9143962833683443_SIZE_1_1.3_3
Evaluating in sample:
[GEN_78|make_tuple(0.5069635630953616, 5, 6)|0.8957]
[GEN_78|make_tuple(0.6167230337924293, expit(0.6006780730227838), 5)|0.9138]
[GEN_78|make_tuple(0.6167230337924293, expit(0.6006780730227838), add(5, 0.1516599685321945))|0.9144]
Evaluating out-of-sample:
[GEN_78|make_tuple(0.5069635630953616, 5, 6)|0.9634]
[GEN_78|make_tuple(0.6167230337924293, expit(0.6006780730227838), 5)|0.9928]
[GEN_78|make_tuple(0.6167230337924293, expit(0.6006780730227838), add(5, 0.1516599685321945))|0.9928]
Stopped early in iteration 78, no improvement in 20 gens.
START_TASK: 14
GEN_0_FIT_0.8615285298569975_0.8831159640601836_0.9033176989409001_SIZE_1_3.75_12
GEN_1_FIT_0.8685267367809336_0.8947075756212458_0.9033176989409001_SIZE_1_5.3_12
GEN_2_FIT_0.8688108081051426_0.8889902556875733_0.9095037848952611_SIZE_1_3.6_9
GEN_3_FIT_0.8689872727553142_0.8805548368699565_0.9101688142675249_SIZE_1_2.65_10
GEN_4_FIT_0.8689872727553142_0.8843411439952732_0.9101688142675249_SIZE_1_3.15_10
GEN_5_FIT_0.8689872727553142_0.8973124570324377_0.9101688142675249_SIZE_1_4.05_9
GEN_6_FIT_0.8689872727553142_0.896267449969228_0.9101688142675249_SIZE_1_4.45_9
GEN_7_FIT_0.8692262294326737_0.8767314809419039_0.9107719563648917_SIZE_1_1.55_8
GEN_8_FIT_0.8692262294326737_0.8895838034093678_0.9107719563648917_SIZE_1_2.05_8
GEN_9_FIT_0.8696890341457972_0.8944165077387074_0.9107719563648917_SIZE_1_2.35_8
GEN_10_FIT_0.8696890341457972_0.8873305521964625_0.9107719563648917_SIZE_1_3.05_8
GEN_11_FIT_0.8696890341457972_0.9020093919042618_0.9107719563648917_SIZE_1_5.65_8
GEN_12_FIT_0.8696890341457972_0.9058750860015315_0.9107719563648917_SIZE_1_6.25_8
GEN_13_FIT_0.7396325915226816_0.8908811215492008_0.9107719563648917_SIZE_1_2.75_7
GEN_14_FIT_0.8696890341457972_0.8852490047737241_0.9107719563648917_SIZE_1_2.1_6
GEN_15_FIT_0.8696890341457972_0.8852490047737241_0.9107719563648917_SIZE_1_2.1_6
GEN_16_FIT_0.8696890341457972_0.8852490047737241_0.9107719563648917_SIZE_1_2.1_6
GEN_17_FIT_0.8696890341457972_0.8832270634842565_0.9107719563648917_SIZE_1_1.95_6
GEN_18_FIT_0.8696890341457972_0.8853202999887936_0.910852971976384_SIZE_1_2.3_7
GEN_19_FIT_0.8696890341457972_0.8853310239415129_0.9110674510307705_SIZE_1_2.3_7
GEN_20_FIT_0.8696890341457972_0.8771969533585804_0.9117074632382407_SIZE_1_1.35_4
Evaluating in sample:
[GEN_20|make_tuple(89, 100, 5)|0.8697]
[GEN_20|make_tuple(3, expit(0.13453084091117215), 5)|0.9037]
[GEN_20|make_tuple(expit(1), expit(0.5536179143299154), 5)|0.9097]
[GEN_20|make_tuple(expit(1), expit(0.6020602134029035), add(0.01518578349506731, 5))|0.9117]
Evaluating out-of-sample:
[GEN_20|make_tuple(89, 100, 5)|0.9579]
[GEN_20|make_tuple(3, expit(0.13453084091117215), 5)|0.9937]
[GEN_20|make_tuple(expit(1), expit(0.5536179143299154), 5)|0.9893]
[GEN_20|make_tuple(expit(1), expit(0.6020602134029035), add(0.01518578349506731, 5))|0.9896]
GEN_21_FIT_0.8696890341457972_0.8772432342111005_0.9117074632382407_SIZE_1_1.35_4
GEN_22_FIT_0.8696890341457972_0.87935089330257_0.9117074632382407_SIZE_1_1.5_4
GEN_23_FIT_0.8696890341457972_0.87935089330257_0.9117074632382407_SIZE_1_1.5_4
GEN_24_FIT_0.8696890341457972_0.87935089330257_0.9117074632382407_SIZE_1_1.5_4
GEN_25_FIT_0.8696890341457972_0.8814065753513798_0.9117074632382407_SIZE_1_1.6_4
GEN_26_FIT_0.8696890341457972_0.8814065753513798_0.9117074632382407_SIZE_1_1.6_4
GEN_27_FIT_0.8696890341457972_0.8814065753513798_0.9117074632382407_SIZE_1_1.6_4
GEN_28_FIT_0.8696890341457972_0.8814065753513798_0.9117074632382407_SIZE_1_1.6_4
GEN_29_FIT_0.8696890341457972_0.8814065753513798_0.9117074632382407_SIZE_1_1.6_4
GEN_30_FIT_0.8696890341457972_0.8814065753513798_0.9117074632382407_SIZE_1_1.6_4
GEN_31_FIT_0.8696890341457972_0.8814065753513798_0.9117074632382407_SIZE_1_1.6_4
GEN_32_FIT_0.8696890341457972_0.8814065753513798_0.9117074632382407_SIZE_1_1.6_4
GEN_33_FIT_0.8696890341457972_0.8814065753513798_0.9117074632382407_SIZE_1_1.6_4
GEN_34_FIT_0.8696890341457972_0.8814065753513798_0.9117074632382407_SIZE_1_1.6_4
GEN_35_FIT_0.8696890341457972_0.8814065753513798_0.9117074632382407_SIZE_1_1.6_4
GEN_36_FIT_0.8696890341457972_0.8814065753513798_0.9117074632382407_SIZE_1_1.6_4
GEN_37_FIT_0.8696890341457972_0.8814065753513798_0.9117074632382407_SIZE_1_1.6_4
GEN_38_FIT_0.8696890341457972_0.8814065753513798_0.9117074632382407_SIZE_1_1.6_4
GEN_39_FIT_0.8696890341457972_0.8814065753513798_0.9117074632382407_SIZE_1_1.6_4
GEN_40_FIT_0.8696890341457972_0.8797065313718049_0.9117074632382407_SIZE_1_1.55_4
Evaluating in sample:
[GEN_40|make_tuple(89, 100, 5)|0.8697]
[GEN_40|make_tuple(3, expit(0.13152881963269225), 5)|0.9038]
[GEN_40|make_tuple(expit(1), expit(0.6020602134029035), 6)|0.9108]
[GEN_40|make_tuple(expit(1), expit(0.6020602134029035), add(0.01518578349506731, 5))|0.9117]
Evaluating out-of-sample:
[GEN_40|make_tuple(89, 100, 5)|0.9579]
[GEN_40|make_tuple(3, expit(0.13152881963269225), 5)|0.9937]
[GEN_40|make_tuple(expit(1), expit(0.6020602134029035), 6)|0.9881]
[GEN_40|make_tuple(expit(1), expit(0.6020602134029035), add(0.01518578349506731, 5))|0.9896]
GEN_41_FIT_0.8696890341457972_0.8814108215909486_0.9117074632382407_SIZE_1_1.6_4
Evaluating in sample:
[GEN_41|make_tuple(89, 100, 5)|0.8697]
[GEN_41|make_tuple(3, expit(0.13152881963269225), 5)|0.9038]
[GEN_41|make_tuple(expit(1), expit(0.6020602134029035), 6)|0.9108]
[GEN_41|make_tuple(expit(1), expit(0.6020602134029035), add(0.01518578349506731, 5))|0.9117]
Evaluating out-of-sample:
[GEN_41|make_tuple(89, 100, 5)|0.9579]
[GEN_41|make_tuple(3, expit(0.13152881963269225), 5)|0.9937]
[GEN_41|make_tuple(expit(1), expit(0.6020602134029035), 6)|0.9881]
[GEN_41|make_tuple(expit(1), expit(0.6020602134029035), add(0.01518578349506731, 5))|0.9896]
Stopped early in iteration 41, no improvement in 20 gens.
START_TASK: 15
GEN_0_FIT_0.8692825658543071_0.883663139942889_0.9016375131001552_SIZE_1_3.55_10
GEN_1_FIT_0.880676692055752_0.892512338105915_0.9016597461868321_SIZE_1_2.35_4
GEN_2_FIT_0.8871998405288266_0.8967141069193383_0.902818082890254_SIZE_1_2.1_4
GEN_3_FIT_0.8942795428655869_0.8952034247257277_0.905995466608141_SIZE_1_1.15_3
GEN_4_FIT_0.8942795428655869_0.8958333324820391_0.905995466608141_SIZE_1_1.25_3
GEN_5_FIT_0.8942795428655869_0.8992904923070348_0.9062536338157144_SIZE_1_1.75_3
GEN_6_FIT_0.8942795428655869_0.8961335404927621_0.9083057496841138_SIZE_1_1.2_3
GEN_7_FIT_0.8942795428655869_0.8984967431711175_0.9083057496841138_SIZE_1_1.3_2
GEN_8_FIT_0.8942795428655869_0.8958913469630261_0.9104048097802477_SIZE_1_1.1_2
GEN_9_FIT_0.8944003991246787_0.8975527192683652_0.9104048097802477_SIZE_1_1.2_2
GEN_10_FIT_0.8944003991246787_0.9011251095104928_0.9107608603485446_SIZE_1_1.4_2
GEN_11_FIT_0.8952586499809525_0.8999815247008864_0.9117098336426235_SIZE_1_1.35_3
GEN_12_FIT_0.8953627023818457_0.898663236634453_0.9118943489324658_SIZE_1_1.25_3
GEN_13_FIT_0.8954665174683202_0.8987381014263505_0.9118943489324658_SIZE_1_1.25_3
GEN_14_FIT_0.8954946176640841_0.8995668731877032_0.9118943489324658_SIZE_1_1.35_3
GEN_15_FIT_0.8954946176640841_0.8979483212587945_0.9121382576012125_SIZE_1_1.2_3
GEN_16_FIT_0.8954946176640841_0.8995806149568553_0.9123093729585863_SIZE_1_1.35_3
GEN_17_FIT_0.8954946176640841_0.9051796116799447_0.9123093729585863_SIZE_1_1.75_3
GEN_18_FIT_0.8954946176640841_0.9031394806459352_0.9136676266961189_SIZE_1_1.7_3
GEN_19_FIT_0.895500930687602_0.9018637602586276_0.9136676266961189_SIZE_1_1.65_3
GEN_20_FIT_0.8957039237137187_0.8974130922497837_0.9136865345430034_SIZE_1_1.15_3
Evaluating in sample:
[GEN_20|make_tuple(0.557035105316063, 894, 6)|0.8957]
[GEN_20|make_tuple(0.6152394000211229, expit(0.34204379823833825), 5)|0.9119]
[GEN_20|make_tuple(0.6152394000211229, expit(expit(0.3807864348890161)), 5)|0.9137]
Evaluating out-of-sample:
[GEN_20|make_tuple(0.557035105316063, 894, 6)|0.9425]
[GEN_20|make_tuple(0.6152394000211229, expit(0.34204379823833825), 5)|0.9739]
[GEN_20|make_tuple(0.6152394000211229, expit(expit(0.3807864348890161)), 5)|0.9702]
GEN_21_FIT_0.8957039237137187_0.898312222791248_0.9136865345430034_SIZE_1_1.25_3
GEN_22_FIT_0.8957039237137187_0.898312222791248_0.9136865345430034_SIZE_1_1.25_3
GEN_23_FIT_0.8957039237137187_0.8983127703309479_0.9136865345430034_SIZE_1_1.25_3
GEN_24_FIT_0.8957039237137187_0.8983127703309479_0.9136865345430034_SIZE_1_1.25_3
GEN_25_FIT_0.8957039237137187_0.8983127703309479_0.9136865345430034_SIZE_1_1.25_3
GEN_26_FIT_0.8957039237137187_0.8983127703309479_0.9136865345430034_SIZE_1_1.25_3
GEN_27_FIT_0.8957039237137187_0.8983127703309479_0.9136865345430034_SIZE_1_1.25_3
GEN_28_FIT_0.8957039237137187_0.8991233558652489_0.9136865345430034_SIZE_1_1.3_3
GEN_29_FIT_0.8957039237137187_0.8991233558652489_0.9136865345430034_SIZE_1_1.3_3
GEN_30_FIT_0.8957039237137187_0.906882808972654_0.9136865345430034_SIZE_1_2.05_3
GEN_31_FIT_0.8958247986310789_0.9122621777044271_0.9136865345430034_SIZE_1_2.6_3
GEN_32_FIT_0.8958247986310789_0.9117232709374843_0.9136865345430034_SIZE_1_2.7_3
GEN_33_FIT_0.8958247986310789_0.9117232709374843_0.9136865345430034_SIZE_1_2.7_3
GEN_34_FIT_0.8956733757818828_0.906567078328741_0.9142763732921672_SIZE_1_1.85_4
GEN_35_FIT_0.8958247986310789_0.8992607523540682_0.9142763732921672_SIZE_1_1.35_4
GEN_36_FIT_0.8958247986310789_0.8993827402904453_0.9142763732921672_SIZE_1_1.45_4
GEN_37_FIT_0.8958247986310789_0.9001849783447934_0.9145170251750705_SIZE_1_1.45_4
GEN_38_FIT_0.8958247986310789_0.9001849783447934_0.9145170251750705_SIZE_1_1.45_4
GEN_39_FIT_0.8958247986310789_0.9001849783447934_0.9145170251750705_SIZE_1_1.45_4
GEN_40_FIT_0.8958247986310789_0.8992808079952003_0.9145170251750705_SIZE_1_1.35_4
Evaluating in sample:
[GEN_40|make_tuple(0.5066696327612434, 869, 6)|0.8958]
[GEN_40|make_tuple(0.6217765267719738, expit(0.38695421772856153), 5)|0.9120]
[GEN_40|make_tuple(0.6152394000211229, expit(expit(0.4042958969099276)), 5)|0.9139]
[GEN_40|make_tuple(0.6152394000211229, expit(expit(0.4042958969099276)), add(5, 0.004392079037003529))|0.9145]
Evaluating out-of-sample:
[GEN_40|make_tuple(0.5066696327612434, 869, 6)|0.9487]
[GEN_40|make_tuple(0.6217765267719738, expit(0.38695421772856153), 5)|0.9722]
[GEN_40|make_tuple(0.6152394000211229, expit(expit(0.4042958969099276)), 5)|0.9702]
[GEN_40|make_tuple(0.6152394000211229, expit(expit(0.4042958969099276)), add(5, 0.004392079037003529))|0.9702]
GEN_41_FIT_0.8958247986310789_0.9001852204717451_0.9145170251750705_SIZE_1_1.45_4
GEN_42_FIT_0.8958247986310789_0.9011198317989448_0.9145170251750705_SIZE_1_1.6_4
GEN_43_FIT_0.8958247986310789_0.9003128030320735_0.9145170251750705_SIZE_1_1.55_4
GEN_44_FIT_0.8958247986310789_0.9002211327217127_0.9145170251750705_SIZE_1_1.5_4
GEN_45_FIT_0.8958247986310789_0.9002211327217127_0.9145170251750705_SIZE_1_1.5_4
GEN_46_FIT_0.8958247986310789_0.9002211327217127_0.9145170251750705_SIZE_1_1.5_4
GEN_47_FIT_0.8958247986310789_0.9002211327217127_0.9145170251750705_SIZE_1_1.5_4
GEN_48_FIT_0.8958247986310789_0.9011283305709366_0.9145170251750705_SIZE_1_1.6_4
GEN_49_FIT_0.8958247986310789_0.9003196899896849_0.9145170251750705_SIZE_1_1.55_4
GEN_50_FIT_0.8958247986310789_0.9011309629954439_0.9145170251750705_SIZE_1_1.6_4
GEN_51_FIT_0.8958247986310789_0.9001992770671302_0.9145755331527881_SIZE_1_1.45_4
GEN_52_FIT_0.8958247986310789_0.8993918247364695_0.9145755331527881_SIZE_1_1.4_4
GEN_53_FIT_0.8958247986310789_0.9003293614625549_0.9145755331527881_SIZE_1_1.55_4
GEN_54_FIT_0.8958247986310789_0.9003293614625549_0.9145755331527881_SIZE_1_1.55_4
GEN_55_FIT_0.8958247986310789_0.9011444551434122_0.9145755331527881_SIZE_1_1.6_4
GEN_56_FIT_0.8958247986310789_0.9011444551434122_0.9145755331527881_SIZE_1_1.6_4
GEN_57_FIT_0.8958247986310789_0.9011444551434122_0.9145755331527881_SIZE_1_1.6_4
GEN_58_FIT_0.8958247986310789_0.9011444551434122_0.9145755331527881_SIZE_1_1.6_4
GEN_59_FIT_0.8958247986310789_0.9011444551434122_0.9145755331527881_SIZE_1_1.6_4
GEN_60_FIT_0.8958247986310789_0.9011444551434122_0.9145755331527881_SIZE_1_1.6_4
Evaluating in sample:
[GEN_60|make_tuple(0.5066696327612434, 869, 6)|0.8958]
[GEN_60|make_tuple(0.6184652234489376, expit(0.38777771510556014), 5)|0.9121]
[GEN_60|make_tuple(0.6184652234489376, expit(expit(0.4042958969099276)), 5)|0.9140]
[GEN_60|make_tuple(0.6184652234489376, expit(expit(0.4042958969099276)), add(5, 0.004271273952103492))|0.9146]
Evaluating out-of-sample:
[GEN_60|make_tuple(0.5066696327612434, 869, 6)|0.9487]
[GEN_60|make_tuple(0.6184652234489376, expit(0.38777771510556014), 5)|0.9722]
[GEN_60|make_tuple(0.6184652234489376, expit(expit(0.4042958969099276)), 5)|0.9702]
[GEN_60|make_tuple(0.6184652234489376, expit(expit(0.4042958969099276)), add(5, 0.004271273952103492))|0.9702]
GEN_61_FIT_0.8958247986310789_0.9002380754744351_0.9145755331527881_SIZE_1_1.5_4
GEN_62_FIT_0.8958247986310789_0.9002380754744351_0.9145755331527881_SIZE_1_1.5_4
GEN_63_FIT_0.8958247986310789_0.9002380754744351_0.9145755331527881_SIZE_1_1.5_4
GEN_64_FIT_0.8958247986310789_0.9002380754744351_0.9145755331527881_SIZE_1_1.5_4
GEN_65_FIT_0.8958247986310789_0.8993009987817375_0.9145847338205458_SIZE_1_1.35_4
GEN_66_FIT_0.8958247986310789_0.8993009987817375_0.9145847338205458_SIZE_1_1.35_4
GEN_67_FIT_0.8958247986310789_0.9002090148112083_0.9145847338205458_SIZE_1_1.45_4
GEN_68_FIT_0.8958247986310789_0.9002090148112083_0.9145847338205458_SIZE_1_1.45_4
GEN_69_FIT_0.8958247986310789_0.9011470115706818_0.9145847338205458_SIZE_1_1.6_4
GEN_70_FIT_0.8958247986310789_0.9011470115706818_0.9145847338205458_SIZE_1_1.6_4
GEN_71_FIT_0.8958247986310789_0.9011470115706818_0.9145847338205458_SIZE_1_1.6_4
GEN_72_FIT_0.8958247986310789_0.9011470115706818_0.9145847338205458_SIZE_1_1.6_4
GEN_73_FIT_0.8958247986310789_0.9011470115706818_0.9145847338205458_SIZE_1_1.6_4
GEN_74_FIT_0.8958247986310789_0.9011470115706818_0.9145847338205458_SIZE_1_1.6_4
GEN_75_FIT_0.8958247986310789_0.9002093913866329_0.9145922653290378_SIZE_1_1.45_4
GEN_76_FIT_0.8958247986310789_0.9011477647215308_0.9145922653290378_SIZE_1_1.6_4
GEN_77_FIT_0.8958247986310789_0.9011477647215308_0.9145922653290378_SIZE_1_1.6_4
GEN_78_FIT_0.8958247986310789_0.9011477647215308_0.9145922653290378_SIZE_1_1.6_4
GEN_79_FIT_0.8958247986310789_0.9011477647215308_0.9145922653290378_SIZE_1_1.6_4
GEN_80_FIT_0.8958247986310789_0.9011477647215308_0.9145922653290378_SIZE_1_1.6_4
Evaluating in sample:
[GEN_80|make_tuple(0.5066696327612434, 869, 6)|0.8958]
[GEN_80|make_tuple(0.6184652234489376, expit(0.38777771510556014), 5)|0.9121]
[GEN_80|make_tuple(0.6184652234489376, expit(expit(0.40662508762891725)), 5)|0.9140]
[GEN_80|make_tuple(0.6184652234489376, expit(expit(0.40662508762891725)), add(5, 0.012804989731660067))|0.9146]
Evaluating out-of-sample:
[GEN_80|make_tuple(0.5066696327612434, 869, 6)|0.9487]
[GEN_80|make_tuple(0.6184652234489376, expit(0.38777771510556014), 5)|0.9722]
[GEN_80|make_tuple(0.6184652234489376, expit(expit(0.40662508762891725)), 5)|0.9700]
[GEN_80|make_tuple(0.6184652234489376, expit(expit(0.40662508762891725)), add(5, 0.012804989731660067))|0.9700]
GEN_81_FIT_0.8958247986310789_0.9011477647215308_0.9145922653290378_SIZE_1_1.6_4
GEN_82_FIT_0.8958247986310789_0.9011477647215308_0.9145922653290378_SIZE_1_1.6_4
GEN_83_FIT_0.8958247986310789_0.9011477647215308_0.9145922653290378_SIZE_1_1.6_4
GEN_84_FIT_0.8958247986310789_0.9011477647215308_0.9145922653290378_SIZE_1_1.6_4
GEN_85_FIT_0.8958247986310789_0.9011477647215308_0.9145922653290378_SIZE_1_1.6_4
GEN_86_FIT_0.8958247986310789_0.9011477647215308_0.9145922653290378_SIZE_1_1.6_4
GEN_87_FIT_0.8958247986310789_0.9011477647215308_0.9145922653290378_SIZE_1_1.6_4
GEN_88_FIT_0.8958247986310789_0.9011477647215308_0.9145922653290378_SIZE_1_1.6_4
GEN_89_FIT_0.8958247986310789_0.9011477647215308_0.9145922653290378_SIZE_1_1.6_4
GEN_90_FIT_0.8958247986310789_0.9011477647215308_0.9145922653290378_SIZE_1_1.6_4
GEN_91_FIT_0.8958247986310789_0.9011477647215308_0.9145922653290378_SIZE_1_1.6_4
GEN_92_FIT_0.8958247986310789_0.9011477647215308_0.9145922653290378_SIZE_1_1.6_4
GEN_93_FIT_0.8958247986310789_0.9011477647215308_0.9145922653290378_SIZE_1_1.6_4
GEN_94_FIT_0.8958247986310789_0.9011477647215308_0.9145922653290378_SIZE_1_1.6_4
GEN_95_FIT_0.8958247986310789_0.9011477647215308_0.9145922653290378_SIZE_1_1.6_4
GEN_96_FIT_0.8958247986310789_0.9011477647215308_0.9145922653290378_SIZE_1_1.6_4
Evaluating in sample:
[GEN_96|make_tuple(0.5066696327612434, 869, 6)|0.8958]
[GEN_96|make_tuple(0.6184652234489376, expit(0.38777771510556014), 5)|0.9121]
[GEN_96|make_tuple(0.6184652234489376, expit(expit(0.40662508762891725)), 5)|0.9140]
[GEN_96|make_tuple(0.6184652234489376, expit(expit(0.40662508762891725)), add(5, 0.012804989731660067))|0.9146]
Evaluating out-of-sample:
[GEN_96|make_tuple(0.5066696327612434, 869, 6)|0.9487]
[GEN_96|make_tuple(0.6184652234489376, expit(0.38777771510556014), 5)|0.9722]
[GEN_96|make_tuple(0.6184652234489376, expit(expit(0.40662508762891725)), 5)|0.9700]
[GEN_96|make_tuple(0.6184652234489376, expit(expit(0.40662508762891725)), add(5, 0.012804989731660067))|0.9700]
Stopped early in iteration 96, no improvement in 20 gens.
START_TASK: 16
GEN_0_FIT_0.8691447223873099_0.8855442897805105_0.9032808902788089_SIZE_1_6.55_14
GEN_1_FIT_0.8692085457123792_0.8830669827039589_0.9054190262426526_SIZE_1_3.6_12
GEN_2_FIT_0.8694513268038593_0.8936991806986889_0.9054190262426526_SIZE_1_3.85_10
GEN_3_FIT_0.8747118044885113_0.8947505934243434_0.9057869149517083_SIZE_1_3.8_8
GEN_4_FIT_0.874779270324928_0.8979478673605664_0.905804366371025_SIZE_1_3.75_7
GEN_5_FIT_0.874779270324928_0.8999658647945357_0.9068977876936122_SIZE_1_3.6_7
GEN_6_FIT_0.8899266486138575_0.9020588555670843_0.9082453168748854_SIZE_1_3.4_7
GEN_7_FIT_0.8900299048011922_0.9020539712261824_0.9082453168748854_SIZE_1_3.05_7
GEN_8_FIT_0.8900220118308967_0.9020849340164873_0.9092790951213799_SIZE_1_3.35_6
GEN_9_FIT_0.8901702568045897_0.900878482582162_0.9118771644425269_SIZE_1_2.15_5
GEN_10_FIT_0.8923211530484119_0.9054296141471824_0.9121407975800514_SIZE_1_2.6_5
GEN_11_FIT_0.8934804660054926_0.904200036537242_0.9121407975800514_SIZE_1_1.9_3
GEN_12_FIT_0.8944138339503434_0.9046296023214611_0.9121407975800514_SIZE_1_1.95_3
GEN_13_FIT_0.8948876871187142_0.9082971393084833_0.9128437716908164_SIZE_1_2.45_4
GEN_14_FIT_0.8953672374070473_0.9088910607497269_0.9128437716908164_SIZE_1_2.35_4
GEN_15_FIT_0.8953672374070473_0.9047362737174647_0.913010852197048_SIZE_1_2.2_4
GEN_16_FIT_0.8953672374070473_0.9021868040837567_0.9134434388604296_SIZE_1_1.75_4
GEN_17_FIT_0.8955435531845012_0.8979990606020462_0.9134434388604296_SIZE_1_1.2_3
GEN_18_FIT_0.8955435531845012_0.8980073359169463_0.9136089451584303_SIZE_1_1.2_3
GEN_19_FIT_0.8955435531845012_0.8972482915128734_0.9136089451584303_SIZE_1_1.15_3
GEN_20_FIT_0.8955435531845012_0.8981606728147271_0.9136089451584303_SIZE_1_1.25_3
Evaluating in sample:
[GEN_20|make_tuple(0.5597984357222977, 249, 6)|0.8955]
[GEN_20|make_tuple(0.6279514923216523, expit(0.40643439061674735), 5)|0.9118]
[GEN_20|make_tuple(0.6279514923216523, expit(expit(0.40643439061674735)), 5)|0.9136]
Evaluating out-of-sample:
[GEN_20|make_tuple(0.5597984357222977, 249, 6)|0.9415]
[GEN_20|make_tuple(0.6279514923216523, expit(0.40643439061674735), 5)|0.9899]
[GEN_20|make_tuple(0.6279514923216523, expit(expit(0.40643439061674735)), 5)|0.9886]
GEN_21_FIT_0.8955435531845012_0.89897125324756_0.9136089451584303_SIZE_1_1.3_3
GEN_22_FIT_0.8955435531845012_0.89897125324756_0.9136089451584303_SIZE_1_1.3_3
GEN_23_FIT_0.8955435531845012_0.89897125324756_0.9136089451584303_SIZE_1_1.3_3
GEN_24_FIT_0.8955435531845012_0.9047296010796527_0.9136089451584303_SIZE_1_1.8_3
GEN_25_FIT_0.8958192473276186_0.9116071902765276_0.9136089451584303_SIZE_1_2.3_3
GEN_26_FIT_0.8958192473276186_0.9116445970436219_0.9136089451584303_SIZE_1_2.7_3
GEN_27_FIT_0.8958192473276186_0.9086610906375304_0.913617395822733_SIZE_1_1.85_3
GEN_28_FIT_0.8955361370859859_0.9025725206462857_0.913617395822733_SIZE_1_1.65_3
GEN_29_FIT_0.8958192473276186_0.8975591741047249_0.9137300127492128_SIZE_1_1.15_3
GEN_30_FIT_0.8958192473276186_0.8975692458210942_0.9137300127492128_SIZE_1_1.15_3
GEN_31_FIT_0.8958192473276186_0.8975692458210942_0.9137300127492128_SIZE_1_1.15_3
GEN_32_FIT_0.8958192473276186_0.8984237060434899_0.9137300127492128_SIZE_1_1.2_3
GEN_33_FIT_0.8958192473276186_0.8984237060434899_0.9137300127492128_SIZE_1_1.2_3
GEN_34_FIT_0.8958192473276186_0.8975889926631373_0.9137300127492128_SIZE_1_1.15_3
GEN_35_FIT_0.8958192473276186_0.898463199727576_0.9137300127492128_SIZE_1_1.2_3
GEN_36_FIT_0.8958192473276186_0.9027179055152272_0.9137300127492128_SIZE_1_1.55_3
GEN_37_FIT_0.8958192473276186_0.9072990894200542_0.9137300127492128_SIZE_1_2.05_4
GEN_38_FIT_0.8958615734146451_0.9063513666923896_0.9137974717502824_SIZE_1_1.65_3
GEN_39_FIT_0.8958615734146451_0.899399344768384_0.9137974717502824_SIZE_1_1.3_3
GEN_40_FIT_0.8958615734146451_0.8985384759759555_0.9137974717502824_SIZE_1_1.25_3
Evaluating in sample:
[GEN_40|make_tuple(0.506329855669169, 280, 6)|0.8959]
[GEN_40|make_tuple(0.6201992598631075, truediv(0.411898031636471, 0.6394805072303963), 5)|0.9135]
[GEN_40|make_tuple(0.6201992598631075, expit(expit(0.40643439061674735)), 5)|0.9138]
Evaluating out-of-sample:
[GEN_40|make_tuple(0.506329855669169, 280, 6)|0.9410]
[GEN_40|make_tuple(0.6201992598631075, truediv(0.411898031636471, 0.6394805072303963), 5)|0.9886]
[GEN_40|make_tuple(0.6201992598631075, expit(expit(0.40643439061674735)), 5)|0.9885]
GEN_41_FIT_0.8958615734146451_0.9011406377671352_0.9137974717502824_SIZE_1_1.5_3
GEN_42_FIT_0.8958615734146451_0.9047434270144112_0.9137974717502824_SIZE_1_1.95_4
GEN_43_FIT_0.8958901103428734_0.9048168266685069_0.9137974717502824_SIZE_1_1.9_3
GEN_44_FIT_0.8958901103428734_0.9083982989499887_0.9137974717502824_SIZE_1_2.3_3
GEN_45_FIT_0.8958901103428734_0.9119797712314707_0.9137974717502824_SIZE_1_2.7_3
GEN_46_FIT_0.8958901103428734_0.9119797712314707_0.9137974717502824_SIZE_1_2.7_3
GEN_47_FIT_0.8958901103428734_0.9120243712937889_0.914409667356537_SIZE_1_2.8_4
GEN_48_FIT_0.8957407665331053_0.9053322568599995_0.914409667356537_SIZE_1_1.8_4
GEN_49_FIT_0.8958901103428734_0.8994765648297278_0.914409667356537_SIZE_1_1.35_4
GEN_50_FIT_0.8958901103428734_0.9004025426804111_0.914409667356537_SIZE_1_1.5_4
GEN_51_FIT_0.8958901103428734_0.900419113599963_0.914409667356537_SIZE_1_1.5_4
GEN_52_FIT_0.8958901103428734_0.9013313732070761_0.914409667356537_SIZE_1_1.6_4
GEN_53_FIT_0.8958901103428734_0.9013313732070761_0.914409667356537_SIZE_1_1.6_4
GEN_54_FIT_0.8958901103428734_0.9013313732070761_0.914409667356537_SIZE_1_1.6_4
GEN_55_FIT_0.8958901103428734_0.9004062803698624_0.914427367625924_SIZE_1_1.45_4
GEN_56_FIT_0.8958901103428734_0.9004062803698624_0.914427367625924_SIZE_1_1.45_4
GEN_57_FIT_0.8958901103428734_0.9013331432340148_0.914427367625924_SIZE_1_1.6_4
GEN_58_FIT_0.8958901103428734_0.9013331432340148_0.914427367625924_SIZE_1_1.6_4
GEN_59_FIT_0.8958901103428734_0.9013331432340148_0.914427367625924_SIZE_1_1.6_4
GEN_60_FIT_0.8958901103428734_0.9013331432340148_0.914427367625924_SIZE_1_1.6_4
Evaluating in sample:
[GEN_60|make_tuple(0.5068230832872185, 257, 6)|0.8959]
[GEN_60|make_tuple(0.6201992598631075, truediv(0.41208083154493674, 0.6394805072303963), 5)|0.9135]
[GEN_60|make_tuple(0.6201992598631075, truediv(0.41208083154493674, 0.6394805072303963), add(0.009517803968749903, 5))|0.9141]
[GEN_60|make_tuple(0.6173570057351625, expit(expit(0.40643439061674735)), add(0.004474930290486012, 5))|0.9144]
Evaluating out-of-sample:
[GEN_60|make_tuple(0.5068230832872185, 257, 6)|0.9410]
[GEN_60|make_tuple(0.6201992598631075, truediv(0.41208083154493674, 0.6394805072303963), 5)|0.9886]
[GEN_60|make_tuple(0.6201992598631075, truediv(0.41208083154493674, 0.6394805072303963), add(0.009517803968749903, 5))|0.9886]
[GEN_60|make_tuple(0.6173570057351625, expit(expit(0.40643439061674735)), add(0.004474930290486012, 5))|0.9885]
GEN_61_FIT_0.8958901103428734_0.9013331432340148_0.914427367625924_SIZE_1_1.6_4
GEN_62_FIT_0.8958901103428734_0.9013331432340148_0.914427367625924_SIZE_1_1.6_4
GEN_63_FIT_0.8958901103428734_0.9004219822799235_0.914427367625924_SIZE_1_1.5_4
GEN_64_FIT_0.8958901103428734_0.9004544132897943_0.914427367625924_SIZE_1_1.55_4
GEN_65_FIT_0.8958901103428734_0.9004544132897943_0.914427367625924_SIZE_1_1.55_4
GEN_66_FIT_0.8958901103428734_0.9013382739881399_0.914427367625924_SIZE_1_1.6_4
GEN_67_FIT_0.8958901103428734_0.9013382739881399_0.914427367625924_SIZE_1_1.6_4
GEN_68_FIT_0.8958901103428734_0.9013382739881399_0.914427367625924_SIZE_1_1.6_4
GEN_69_FIT_0.8958901103428734_0.9013382739881399_0.914427367625924_SIZE_1_1.6_4
GEN_70_FIT_0.8958901103428734_0.9013382739881399_0.914427367625924_SIZE_1_1.6_4
GEN_71_FIT_0.8958901103428734_0.9013382739881399_0.914427367625924_SIZE_1_1.6_4
GEN_72_FIT_0.8958901103428734_0.9013382739881399_0.914427367625924_SIZE_1_1.6_4
GEN_73_FIT_0.8958901103428734_0.9013382739881399_0.914427367625924_SIZE_1_1.6_4
GEN_74_FIT_0.8958901103428734_0.9013382739881399_0.914427367625924_SIZE_1_1.6_4
GEN_75_FIT_0.8958901103428734_0.9013382739881399_0.914427367625924_SIZE_1_1.6_4
GEN_76_FIT_0.8958901103428734_0.9013382739881399_0.914427367625924_SIZE_1_1.6_4
Evaluating in sample:
[GEN_76|make_tuple(0.5068230832872185, 257, 6)|0.8959]
[GEN_76|make_tuple(0.6173570057351625, truediv(0.41208083154493674, 0.6394805072303963), 5)|0.9136]
[GEN_76|make_tuple(0.6173570057351625, truediv(0.41208083154493674, 0.6394805072303963), add(0.004474930290486012, 5))|0.9142]
[GEN_76|make_tuple(0.6173570057351625, expit(expit(0.40643439061674735)), add(0.004474930290486012, 5))|0.9144]
Evaluating out-of-sample:
[GEN_76|make_tuple(0.5068230832872185, 257, 6)|0.9410]
[GEN_76|make_tuple(0.6173570057351625, truediv(0.41208083154493674, 0.6394805072303963), 5)|0.9885]
[GEN_76|make_tuple(0.6173570057351625, truediv(0.41208083154493674, 0.6394805072303963), add(0.004474930290486012, 5))|0.9886]
[GEN_76|make_tuple(0.6173570057351625, expit(expit(0.40643439061674735)), add(0.004474930290486012, 5))|0.9885]
Stopped early in iteration 76, no improvement in 20 gens.
START_TASK: 18
GEN_0_FIT_0.8684942050049167_0.88141605179752_0.8954184161357106_SIZE_1_4.7_11
GEN_1_FIT_0.8689500052148946_0.8897927036211308_0.9055786600206959_SIZE_1_3.7_12
GEN_2_FIT_0.883388171076743_0.8985158986983434_0.9055786600206959_SIZE_1_3.55_6
GEN_3_FIT_0.8930251252842838_0.8952044007188553_0.9066392105587707_SIZE_1_2.1_5
GEN_4_FIT_0.8932188318557247_0.8980781868459295_0.9066392105587707_SIZE_1_2.15_5
GEN_5_FIT_0.8934506744799686_0.9015981199297913_0.9070563649014505_SIZE_1_2.45_5
GEN_6_FIT_0.8934889149763435_0.899598807920326_0.9098787060014362_SIZE_1_1.6_4
GEN_7_FIT_0.8945981724672416_0.9036473778875477_0.9098787060014362_SIZE_1_2.05_4
GEN_8_FIT_0.8948322360602887_0.8993097506869718_0.9106411305772814_SIZE_1_1.6_4
GEN_9_FIT_0.8948322360602887_0.9027117896555644_0.9107147924743645_SIZE_1_2.0_5
GEN_10_FIT_0.8950157731800271_0.9000091056808006_0.9109844847471942_SIZE_1_1.45_3
GEN_11_FIT_0.8954947582808594_0.8978072056949881_0.9109844847471942_SIZE_1_1.25_3
GEN_12_FIT_0.8954947582808594_0.8978251716666105_0.9115640352960686_SIZE_1_1.2_3
GEN_13_FIT_0.8954947582808594_0.8986286355173709_0.9115640352960686_SIZE_1_1.3_3
GEN_14_FIT_0.8954947582808594_0.8978349229674375_0.9117590613126106_SIZE_1_1.2_3
GEN_15_FIT_0.8954947582808594_0.8978349229674375_0.9117590613126106_SIZE_1_1.2_3
GEN_16_FIT_0.8954947582808594_0.8978349229674375_0.9117590613126106_SIZE_1_1.2_3
GEN_17_FIT_0.8954947582808594_0.9008351067547415_0.9117590613126106_SIZE_1_1.4_3
GEN_18_FIT_0.8954947582808594_0.8986598534639757_0.9117590613126106_SIZE_1_1.25_3
GEN_19_FIT_0.8954947582808594_0.8995202216373037_0.9118316466746494_SIZE_1_1.35_3
GEN_20_FIT_0.8955168058146833_0.89714828990068_0.9118316466746494_SIZE_1_1.1_2
Evaluating in sample:
[GEN_20|make_tuple(0.5069614302045944, 2, 6)|0.8955]
[GEN_20|make_tuple(0.6175934905325071, expit(0.3519747151304932), 5)|0.9118]
Evaluating out-of-sample:
[GEN_20|make_tuple(0.5069614302045944, 2, 6)|0.9843]
[GEN_20|make_tuple(0.6175934905325071, expit(0.3519747151304932), 5)|0.9853]
GEN_21_FIT_0.8955168058146833_0.89714828990068_0.9118316466746494_SIZE_1_1.1_2
GEN_22_FIT_0.8955168058146833_0.89714828990068_0.9118316466746494_SIZE_1_1.1_2
GEN_23_FIT_0.8955168058146833_0.89714828990068_0.9118316466746494_SIZE_1_1.1_2
GEN_24_FIT_0.8955168058146833_0.89714828990068_0.9118316466746494_SIZE_1_1.1_2
GEN_25_FIT_0.8955168058146833_0.89714828990068_0.9118316466746494_SIZE_1_1.1_2
GEN_26_FIT_0.8955168058146833_0.8963499962299423_0.9121806141198631_SIZE_1_1.05_2
GEN_27_FIT_0.8955168058146833_0.8972381246698186_0.913081277293486_SIZE_1_1.15_3
GEN_28_FIT_0.8955168058146833_0.8980812199510136_0.913081277293486_SIZE_1_1.2_3
GEN_29_FIT_0.8955168058146833_0.8972584298255653_0.913081277293486_SIZE_1_1.15_3
GEN_30_FIT_0.8955168058146833_0.8972671797890406_0.9132562765629945_SIZE_1_1.15_3
GEN_31_FIT_0.8955168058146833_0.8972671797890406_0.9132562765629945_SIZE_1_1.15_3
GEN_32_FIT_0.8955168058146833_0.8981305802259824_0.9132562765629945_SIZE_1_1.2_3
GEN_33_FIT_0.8955168058146833_0.8981309041187618_0.9132627544185818_SIZE_1_1.2_3
GEN_34_FIT_0.8955168058146833_0.8981309041187618_0.9132627544185818_SIZE_1_1.2_3
GEN_35_FIT_0.8955168058146833_0.8964046330993215_0.9132733515074476_SIZE_1_1.05_2
GEN_36_FIT_0.8955168058146833_0.8972924603839598_0.9132733515074476_SIZE_1_1.1_2
GEN_37_FIT_0.8955168058146833_0.8972924603839598_0.9132733515074476_SIZE_1_1.1_2
GEN_38_FIT_0.8955168058146833_0.8972924603839598_0.9132733515074476_SIZE_1_1.1_2
GEN_39_FIT_0.8955168058146833_0.8972924603839598_0.9132733515074476_SIZE_1_1.1_2
GEN_40_FIT_0.8955168058146833_0.8972924603839598_0.9132733515074476_SIZE_1_1.1_2
Evaluating in sample:
[GEN_40|make_tuple(0.5069614302045944, 2, 6)|0.8955]
[GEN_40|make_tuple(0.6175934905325071, expit(0.6164708865326343), 5)|0.9133]
Evaluating out-of-sample:
[GEN_40|make_tuple(0.5069614302045944, 2, 6)|0.9843]
[GEN_40|make_tuple(0.6175934905325071, expit(0.6164708865326343), 5)|0.9852]
GEN_41_FIT_0.8955168058146833_0.8972924603839598_0.9132733515074476_SIZE_1_1.1_2
GEN_42_FIT_0.8955168058146833_0.8972924603839598_0.9132733515074476_SIZE_1_1.1_2
GEN_43_FIT_0.8955168058146833_0.8972924603839598_0.9132733515074476_SIZE_1_1.1_2
GEN_44_FIT_0.8955168058146833_0.8972924603839598_0.9132733515074476_SIZE_1_1.1_2
GEN_45_FIT_0.8955168058146833_0.8972924603839598_0.9132733515074476_SIZE_1_1.1_2
GEN_46_FIT_0.8955168058146833_0.8972924603839598_0.9132733515074476_SIZE_1_1.1_2
GEN_47_FIT_0.8955168058146833_0.8972924603839598_0.9132733515074476_SIZE_1_1.1_2
GEN_48_FIT_0.8955168058146833_0.8972924603839598_0.9132733515074476_SIZE_1_1.1_2
GEN_49_FIT_0.8955168058146833_0.8964216338416421_0.9136133663538591_SIZE_1_1.05_2
GEN_50_FIT_0.8955168058146833_0.8964216338416421_0.9136133663538591_SIZE_1_1.05_2
GEN_51_FIT_0.8955168058146833_0.8964216338416421_0.9136133663538591_SIZE_1_1.05_2
GEN_52_FIT_0.8955168058146833_0.8964216338416421_0.9136133663538591_SIZE_1_1.05_2
GEN_53_FIT_0.8955168058146833_0.8964216338416421_0.9136133663538591_SIZE_1_1.05_2
GEN_54_FIT_0.8955168058146833_0.8964216338416421_0.9136133663538591_SIZE_1_1.05_2
GEN_55_FIT_0.8955168058146833_0.8964216338416421_0.9136133663538591_SIZE_1_1.05_2
GEN_56_FIT_0.8955168058146833_0.897326461868601_0.9136133663538591_SIZE_1_1.1_2
GEN_57_FIT_0.8955168058146833_0.897326461868601_0.9136133663538591_SIZE_1_1.1_2
GEN_58_FIT_0.8955168058146833_0.897326461868601_0.9136133663538591_SIZE_1_1.1_2
GEN_59_FIT_0.8955168058146833_0.897326461868601_0.9136133663538591_SIZE_1_1.1_2
GEN_60_FIT_0.8955168058146833_0.897326461868601_0.9136133663538591_SIZE_1_1.1_2
Evaluating in sample:
[GEN_60|make_tuple(0.5069614302045944, 2, 6)|0.8955]
[GEN_60|make_tuple(0.6175934905325071, expit(0.5915286142254729), 5)|0.9136]
Evaluating out-of-sample:
[GEN_60|make_tuple(0.5069614302045944, 2, 6)|0.9843]
[GEN_60|make_tuple(0.6175934905325071, expit(0.5915286142254729), 5)|0.9852]
GEN_61_FIT_0.8955168058146833_0.897326461868601_0.9136133663538591_SIZE_1_1.1_2
GEN_62_FIT_0.8955168058146833_0.897326461868601_0.9136133663538591_SIZE_1_1.1_2
GEN_63_FIT_0.8955168058146833_0.8964216860828534_0.9136144111780872_SIZE_1_1.05_2
GEN_64_FIT_0.8955168058146833_0.8964252242627913_0.9136851747768442_SIZE_1_1.05_2
GEN_65_FIT_0.8955168058146833_0.8964256958366621_0.9136946062542571_SIZE_1_1.05_2
GEN_66_FIT_0.8955168058146833_0.8964256958366621_0.9136946062542571_SIZE_1_1.05_2
GEN_67_FIT_0.8955168058146833_0.8973345858586408_0.9136946062542571_SIZE_1_1.1_2
GEN_68_FIT_0.8955168058146833_0.8973345858586408_0.9136946062542571_SIZE_1_1.1_2
GEN_69_FIT_0.8955168058146833_0.8973345858586408_0.9136946062542571_SIZE_1_1.1_2
GEN_70_FIT_0.8955168058146833_0.8973345858586408_0.9136946062542571_SIZE_1_1.1_2
GEN_71_FIT_0.8955168058146833_0.8973345858586408_0.9136946062542571_SIZE_1_1.1_2
GEN_72_FIT_0.8955168058146833_0.8973345858586408_0.9136946062542571_SIZE_1_1.1_2
GEN_73_FIT_0.8955168058146833_0.8973345858586408_0.9136946062542571_SIZE_1_1.1_2
GEN_74_FIT_0.8955168058146833_0.8973345858586408_0.9136946062542571_SIZE_1_1.1_2
GEN_75_FIT_0.8955168058146833_0.8973345858586408_0.9136946062542571_SIZE_1_1.1_2
GEN_76_FIT_0.8955168058146833_0.8973345858586408_0.9136946062542571_SIZE_1_1.1_2
GEN_77_FIT_0.8955168058146833_0.8973345858586408_0.9136946062542571_SIZE_1_1.1_2
GEN_78_FIT_0.8955168058146833_0.8973345858586408_0.9136946062542571_SIZE_1_1.1_2
GEN_79_FIT_0.8955168058146833_0.8973345858586408_0.9136946062542571_SIZE_1_1.1_2
GEN_80_FIT_0.8955168058146833_0.8973345858586408_0.9136946062542571_SIZE_1_1.1_2
Evaluating in sample:
[GEN_80|make_tuple(0.5069614302045944, 2, 6)|0.8955]
[GEN_80|make_tuple(0.6183223816739102, expit(0.6061558653721937), 5)|0.9137]
Evaluating out-of-sample:
[GEN_80|make_tuple(0.5069614302045944, 2, 6)|0.9843]
[GEN_80|make_tuple(0.6183223816739102, expit(0.6061558653721937), 5)|0.9852]
GEN_81_FIT_0.8955168058146833_0.8973345858586408_0.9136946062542571_SIZE_1_1.1_2
GEN_82_FIT_0.8955168058146833_0.8973345858586408_0.9136946062542571_SIZE_1_1.1_2
GEN_83_FIT_0.8955168058146833_0.8973345858586408_0.9136946062542571_SIZE_1_1.1_2
GEN_84_FIT_0.8955168058146833_0.8964263085950007_0.9137068614210332_SIZE_1_1.05_2
GEN_85_FIT_0.8955168058146833_0.8964263085950007_0.9137068614210332_SIZE_1_1.05_2
GEN_86_FIT_0.8955168058146833_0.8964263085950007_0.9137068614210332_SIZE_1_1.05_2
GEN_87_FIT_0.8955168058146833_0.8973358113753183_0.9137068614210332_SIZE_1_1.1_2
GEN_88_FIT_0.8955168058146833_0.8973358113753183_0.9137068614210332_SIZE_1_1.1_2
GEN_89_FIT_0.8955168058146833_0.8973358113753183_0.9137068614210332_SIZE_1_1.1_2
GEN_90_FIT_0.8955168058146833_0.8973358113753183_0.9137068614210332_SIZE_1_1.1_2
GEN_91_FIT_0.8955168058146833_0.8973358113753183_0.9137068614210332_SIZE_1_1.1_2
GEN_92_FIT_0.8955168058146833_0.8982762069128022_0.9143247165643612_SIZE_1_1.2_3
GEN_93_FIT_0.8955168058146833_0.8982762069128022_0.9143247165643612_SIZE_1_1.2_3
GEN_94_FIT_0.8955168058146833_0.8992166024502861_0.9143247165643612_SIZE_1_1.3_3
GEN_95_FIT_0.8955168058146833_0.8992166024502861_0.9143247165643612_SIZE_1_1.3_3
GEN_96_FIT_0.8955168058146833_0.8992166024502861_0.9143247165643612_SIZE_1_1.3_3
GEN_97_FIT_0.8955168058146833_0.8992166024502861_0.9143247165643612_SIZE_1_1.3_3
GEN_98_FIT_0.8955168058146833_0.8992166024502861_0.9143247165643612_SIZE_1_1.3_3
GEN_99_FIT_0.8955168058146833_0.8992166024502861_0.9143247165643612_SIZE_1_1.3_3
GEN_100_FIT_0.8955168058146833_0.8992166024502861_0.9143247165643612_SIZE_1_1.3_3
Evaluating in sample:
[GEN_100|make_tuple(0.5069614302045944, 2, 6)|0.8955]
[GEN_100|make_tuple(0.6183223816739102, expit(0.6051209970910431), 5)|0.9137]
[GEN_100|make_tuple(0.6183223816739102, expit(0.6051209970910431), add(5, 0.0024956679851086817))|0.9143]
Evaluating out-of-sample:
[GEN_100|make_tuple(0.5069614302045944, 2, 6)|0.9843]
[GEN_100|make_tuple(0.6183223816739102, expit(0.6051209970910431), 5)|0.9852]
[GEN_100|make_tuple(0.6183223816739102, expit(0.6051209970910431), add(5, 0.0024956679851086817))|0.9857]
GEN_101_FIT_0.8955168058146833_0.8992166024502861_0.9143247165643612_SIZE_1_1.3_3
GEN_102_FIT_0.8955168058146833_0.8992166024502861_0.9143247165643612_SIZE_1_1.3_3
GEN_103_FIT_0.8955168058146833_0.8992166024502861_0.9143247165643612_SIZE_1_1.3_3
GEN_104_FIT_0.8955168058146833_0.8992166024502861_0.9143247165643612_SIZE_1_1.3_3
GEN_105_FIT_0.8955168058146833_0.8992166024502861_0.9143247165643612_SIZE_1_1.3_3
GEN_106_FIT_0.8955168058146833_0.8992166024502861_0.9143247165643612_SIZE_1_1.3_3
GEN_107_FIT_0.8955168058146833_0.8992166024502861_0.9143247165643612_SIZE_1_1.3_3
GEN_108_FIT_0.8955168058146833_0.8992166024502861_0.9143247165643612_SIZE_1_1.3_3
GEN_109_FIT_0.8955168058146833_0.8992166024502861_0.9143247165643612_SIZE_1_1.3_3
GEN_110_FIT_0.8955168058146833_0.8992166024502861_0.9143247165643612_SIZE_1_1.3_3
GEN_111_FIT_0.8955168058146833_0.8992166024502861_0.9143247165643612_SIZE_1_1.3_3
GEN_112_FIT_0.8955168058146833_0.8992166024502861_0.9143247165643612_SIZE_1_1.3_3
GEN_113_FIT_0.8955168058146833_0.8982763059409811_0.9143266971279406_SIZE_1_1.2_3
GEN_114_FIT_0.8955168058146833_0.8992168005066439_0.9143266971279406_SIZE_1_1.3_3
GEN_115_FIT_0.8955168058146833_0.8983073967545054_0.9143266971279406_SIZE_1_1.25_3
GEN_116_FIT_0.8955168058146833_0.8992169985630019_0.9143266971279406_SIZE_1_1.3_3
GEN_117_FIT_0.8955168058146833_0.8992169985630019_0.9143266971279406_SIZE_1_1.3_3
GEN_118_FIT_0.8955168058146833_0.8992169985630019_0.9143266971279406_SIZE_1_1.3_3
GEN_119_FIT_0.8955168058146833_0.8992169985630019_0.9143266971279406_SIZE_1_1.3_3
GEN_120_FIT_0.8955168058146833_0.8992169985630019_0.9143266971279406_SIZE_1_1.3_3
Evaluating in sample:
[GEN_120|make_tuple(0.5069614302045944, 2, 6)|0.8955]
[GEN_120|make_tuple(0.6183223816739102, expit(0.6046181038264895), 5)|0.9137]
[GEN_120|make_tuple(0.6183223816739102, expit(0.6046181038264895), add(5, 0.07128746505564776))|0.9143]
Evaluating out-of-sample:
[GEN_120|make_tuple(0.5069614302045944, 2, 6)|0.9843]
[GEN_120|make_tuple(0.6183223816739102, expit(0.6046181038264895), 5)|0.9852]
[GEN_120|make_tuple(0.6183223816739102, expit(0.6046181038264895), add(5, 0.07128746505564776))|0.9857]
GEN_121_FIT_0.8955168058146833_0.8992169985630019_0.9143266971279406_SIZE_1_1.3_3
GEN_122_FIT_0.8955168058146833_0.8992169985630019_0.9143266971279406_SIZE_1_1.3_3
GEN_123_FIT_0.8955168058146833_0.8992169985630019_0.9143266971279406_SIZE_1_1.3_3
GEN_124_FIT_0.8955168058146833_0.8992169985630019_0.9143266971279406_SIZE_1_1.3_3
GEN_125_FIT_0.8955168058146833_0.8992169985630019_0.9143266971279406_SIZE_1_1.3_3
GEN_126_FIT_0.8955168058146833_0.8992169985630019_0.9143266971279406_SIZE_1_1.3_3
GEN_127_FIT_0.8955168058146833_0.8992169985630019_0.9143266971279406_SIZE_1_1.3_3
GEN_128_FIT_0.8955168058146833_0.8992169985630019_0.9143266971279406_SIZE_1_1.3_3
GEN_129_FIT_0.8955168058146833_0.8992169985630019_0.9143266971279406_SIZE_1_1.3_3
GEN_130_FIT_0.8955168058146833_0.8992169985630019_0.9143266971279406_SIZE_1_1.3_3
GEN_131_FIT_0.8955168058146833_0.8992169985630019_0.9143266971279406_SIZE_1_1.3_3
GEN_132_FIT_0.8955168058146833_0.8992169985630019_0.9143266971279406_SIZE_1_1.3_3
GEN_133_FIT_0.8955168058146833_0.8992169985630019_0.9143266971279406_SIZE_1_1.3_3
GEN_134_FIT_0.8955168058146833_0.8992169985630019_0.9143266971279406_SIZE_1_1.3_3
Evaluating in sample:
[GEN_134|make_tuple(0.5069614302045944, 2, 6)|0.8955]
[GEN_134|make_tuple(0.6183223816739102, expit(0.6046181038264895), 5)|0.9137]
[GEN_134|make_tuple(0.6183223816739102, expit(0.6046181038264895), add(5, 0.07128746505564776))|0.9143]
Evaluating out-of-sample:
[GEN_134|make_tuple(0.5069614302045944, 2, 6)|0.9843]
[GEN_134|make_tuple(0.6183223816739102, expit(0.6046181038264895), 5)|0.9852]
[GEN_134|make_tuple(0.6183223816739102, expit(0.6046181038264895), add(5, 0.07128746505564776))|0.9857]
Stopped early in iteration 134, no improvement in 20 gens.
START_TASK: 22
GEN_0_FIT_0.8639644162208695_0.873215438640574_0.8977505994426528_SIZE_1_2.2_4
GEN_1_FIT_0.8688481986703775_0.8846396636638939_0.8977505994426528_SIZE_1_2.65_4
GEN_2_FIT_0.8691549893413505_0.8735551645338513_0.8999090322248804_SIZE_1_1.3_4
GEN_3_FIT_0.8691549893413505_0.8735580765720453_0.8999090322248804_SIZE_1_1.2_3
GEN_4_FIT_0.8691549893413505_0.8708601957013273_0.903259116540889_SIZE_1_1.05_2
GEN_5_FIT_0.8691549893413505_0.8725654020613043_0.903259116540889_SIZE_1_1.1_2
GEN_6_FIT_0.8691549893413505_0.8725654020613043_0.903259116540889_SIZE_1_1.1_2
GEN_7_FIT_0.8691549893413505_0.8827786448994344_0.903259116540889_SIZE_1_1.45_3
GEN_8_FIT_0.8691549893413505_0.8743328398183522_0.9035618834790463_SIZE_1_1.15_2
GEN_9_FIT_0.8691549893413505_0.8762180102008074_0.9035618834790463_SIZE_1_1.2_2
GEN_10_FIT_0.8696259198429804_0.873019516206587_0.9035618834790463_SIZE_1_1.1_2
GEN_11_FIT_0.8696259198429804_0.873019516206587_0.9035618834790463_SIZE_1_1.1_2
GEN_12_FIT_0.8696259198429804_0.873019516206587_0.9035618834790463_SIZE_1_1.1_2
GEN_13_FIT_0.8696259198429804_0.873019516206587_0.9035618834790463_SIZE_1_1.1_2
GEN_14_FIT_0.8696259198429804_0.873019516206587_0.9035618834790463_SIZE_1_1.1_2
GEN_15_FIT_0.8696259198429804_0.873019516206587_0.9035618834790463_SIZE_1_1.1_2
GEN_16_FIT_0.8696259198429804_0.873019516206587_0.9035618834790463_SIZE_1_1.1_2
GEN_17_FIT_0.8696259198429804_0.873019516206587_0.9035618834790463_SIZE_1_1.1_2
GEN_18_FIT_0.8696259198429804_0.873019516206587_0.9035618834790463_SIZE_1_1.1_2
GEN_19_FIT_0.8696259198429804_0.873019516206587_0.9035618834790463_SIZE_1_1.1_2
GEN_20_FIT_0.8696259198429804_0.873019516206587_0.9035618834790463_SIZE_1_1.1_2
Evaluating in sample:
[GEN_20|make_tuple(108, 4, 5)|0.8696]
[GEN_20|make_tuple(19, max(0.16438293159784434, 0.5761377924654336), 5)|0.9036]
Evaluating out-of-sample:
[GEN_20|make_tuple(108, 4, 5)|0.9654]
[GEN_20|make_tuple(19, max(0.16438293159784434, 0.5761377924654336), 5)|0.9918]
GEN_21_FIT_0.8696259198429804_0.873019516206587_0.9035618834790463_SIZE_1_1.1_2
GEN_22_FIT_0.8696259198429804_0.873019516206587_0.9035618834790463_SIZE_1_1.1_2
GEN_23_FIT_0.8696259198429804_0.873019516206587_0.9035618834790463_SIZE_1_1.1_2
GEN_24_FIT_0.8696259198429804_0.873019516206587_0.9035618834790463_SIZE_1_1.1_2
GEN_25_FIT_0.8696259198429804_0.873019516206587_0.9035618834790463_SIZE_1_1.1_2
GEN_26_FIT_0.8696259198429804_0.873019516206587_0.9035618834790463_SIZE_1_1.1_2
GEN_27_FIT_0.8696259198429804_0.873019516206587_0.9035618834790463_SIZE_1_1.1_2
GEN_28_FIT_0.8696259198429804_0.873019516206587_0.9035618834790463_SIZE_1_1.1_2
GEN_29_FIT_0.8696259198429804_0.873019516206587_0.9035618834790463_SIZE_1_1.1_2
Evaluating in sample:
[GEN_29|make_tuple(108, 4, 5)|0.8696]
[GEN_29|make_tuple(19, max(0.16438293159784434, 0.5761377924654336), 5)|0.9036]
Evaluating out-of-sample:
[GEN_29|make_tuple(108, 4, 5)|0.9654]
[GEN_29|make_tuple(19, max(0.16438293159784434, 0.5761377924654336), 5)|0.9918]
Stopped early in iteration 29, no improvement in 20 gens.
START_TASK: 23
GEN_0_FIT_0.8709372150263941_0.8801946418372356_0.904269592683253_SIZE_1_3.25_9
GEN_1_FIT_0.8717226040166371_0.8800487311019557_0.9045108999465966_SIZE_1_1.9_6
GEN_2_FIT_0.8717226040166371_0.8886193314811177_0.905601845759082_SIZE_1_2.55_6
GEN_3_FIT_0.872111369932129_0.8945365302855516_0.9064821472124361_SIZE_1_2.65_7
GEN_4_FIT_0.8717226040166371_0.8902692050266868_0.9064821472124361_SIZE_1_2.9_7
GEN_5_FIT_0.872111369932129_0.8831263953589771_0.9078101721402544_SIZE_1_2.2_8
GEN_6_FIT_0.872111369932129_0.8822141747429881_0.9078101721402544_SIZE_1_2.15_8
GEN_7_FIT_0.872111369932129_0.8875113971586943_0.9078101721402544_SIZE_1_2.95_8
GEN_8_FIT_0.872111369932129_0.8908579538802535_0.9079710626077441_SIZE_1_3.1_8
GEN_9_FIT_0.872111369932129_0.8838956340530746_0.9082529667036512_SIZE_1_2.05_8
GEN_10_FIT_0.872111369932129_0.8821264502310481_0.9083546363955437_SIZE_1_1.65_5
GEN_11_FIT_0.872111369932129_0.8804503730218839_0.9083727378597318_SIZE_1_1.55_5
GEN_12_FIT_0.872111369932129_0.8805633815811327_0.910556897917191_SIZE_1_1.55_5
GEN_13_FIT_0.872111369932129_0.8789473689345918_0.9135336093380442_SIZE_1_1.35_4
GEN_14_FIT_0.872111369932129_0.8810282567280249_0.9135336093380442_SIZE_1_1.5_4
GEN_15_FIT_0.872111369932129_0.8810282567280249_0.9135336093380442_SIZE_1_1.5_4
GEN_16_FIT_0.872111369932129_0.8828021828770831_0.9135336093380442_SIZE_1_1.6_4
GEN_17_FIT_0.872111369932129_0.8828021828770831_0.9135336093380442_SIZE_1_1.6_4
GEN_18_FIT_0.872111369932129_0.8828021828770831_0.9135336093380442_SIZE_1_1.6_4
GEN_19_FIT_0.872111369932129_0.8813402215826487_0.9135336093380442_SIZE_1_1.55_4
GEN_20_FIT_0.872111369932129_0.8814531664655048_0.9135336093380442_SIZE_1_1.55_4
Evaluating in sample:
[GEN_20|make_tuple(25, 4, 5)|0.8721]
[GEN_20|make_tuple(25, mul(203, 0.002915189074978515), 5)|0.9051]
[GEN_20|make_tuple(mul(0.0024151134600703438, 213), pow(0.28436378890611946, 0.18862847117222858), 5)|0.9076]
[GEN_20|make_tuple(expit(mul(0.002184623492308822, 213)), if_gt(168, 996, 18, 0.6580610606440713), 5)|0.9135]
Evaluating out-of-sample:
[GEN_20|make_tuple(25, 4, 5)|0.6721]
[GEN_20|make_tuple(25, mul(203, 0.002915189074978515), 5)|0.7945]
[GEN_20|make_tuple(mul(0.0024151134600703438, 213), pow(0.28436378890611946, 0.18862847117222858), 5)|0.8388]
[GEN_20|make_tuple(expit(mul(0.002184623492308822, 213)), if_gt(168, 996, 18, 0.6580610606440713), 5)|0.8353]
GEN_21_FIT_0.872111369932129_0.8813958133558655_0.9135336093380442_SIZE_1_1.5_4
GEN_22_FIT_0.872111369932129_0.8793251540104613_0.9135426618358778_SIZE_1_1.35_4
GEN_23_FIT_0.872111369932129_0.8813967186056489_0.9135426618358778_SIZE_1_1.5_4
GEN_24_FIT_0.872111369932129_0.8834813857698952_0.9135426618358778_SIZE_1_1.6_4
GEN_25_FIT_0.872111369932129_0.8815233871803787_0.9135426618358778_SIZE_1_1.5_4
GEN_26_FIT_0.872111369932129_0.8818493885577293_0.9135426618358778_SIZE_1_1.55_4
GEN_27_FIT_0.872111369932129_0.8818493885577293_0.9135426618358778_SIZE_1_1.55_4
GEN_28_FIT_0.872111369932129_0.8835133830558763_0.9135426618358778_SIZE_1_1.6_4
GEN_29_FIT_0.872111369932129_0.8815578577394684_0.9135426618358778_SIZE_1_1.5_4
GEN_30_FIT_0.872111369932129_0.8815578577394684_0.9135426618358778_SIZE_1_1.5_4
GEN_31_FIT_0.872111369932129_0.8795088721121834_0.9139942411939292_SIZE_1_1.35_4
GEN_32_FIT_0.872111369932129_0.8816858679684756_0.9139942411939292_SIZE_1_1.5_4
GEN_33_FIT_0.872111369932129_0.8816858679684756_0.9139942411939292_SIZE_1_1.5_4
GEN_34_FIT_0.872111369932129_0.8816858679684756_0.9139942411939292_SIZE_1_1.5_4
GEN_35_FIT_0.872111369932129_0.8837440898823481_0.9139942411939292_SIZE_1_1.6_4
GEN_36_FIT_0.872111369932129_0.8837440898823481_0.9139942411939292_SIZE_1_1.6_4
GEN_37_FIT_0.872111369932129_0.8817169280239916_0.9139942411939292_SIZE_1_1.5_4
GEN_38_FIT_0.872111369932129_0.8838062099933801_0.9139942411939292_SIZE_1_1.6_4
GEN_39_FIT_0.872111369932129_0.8838368451591544_0.9146052422510845_SIZE_1_1.65_5
GEN_40_FIT_0.872111369932129_0.8880557674511087_0.9146052422510845_SIZE_1_2.0_5
Evaluating in sample:
[GEN_40|make_tuple(25, 4, 5)|0.8721]
[GEN_40|make_tuple(25, mul(205, 0.002915189074978515), 5)|0.9054]
[GEN_40|make_tuple(mul(0.002721200770451008, 225), if_gt(31, 996, 873, 0.6568366510173487), 5)|0.9139]
[GEN_40|make_tuple(expit(mul(0.00218859031399505, 198)), if_gt(1, 823, 16, 0.6568366510173487), 5)|0.9140]
[GEN_40|make_tuple(expit(mul(0.002184623492308822, 198)), if_gt(1, 823, 16, 0.6568366510173487), add(0.209873674124663, 5))|0.9146]
Evaluating out-of-sample:
[GEN_40|make_tuple(25, 4, 5)|0.6721]
[GEN_40|make_tuple(25, mul(205, 0.002915189074978515), 5)|0.7945]
[GEN_40|make_tuple(mul(0.002721200770451008, 225), if_gt(31, 996, 873, 0.6568366510173487), 5)|0.8347]
[GEN_40|make_tuple(expit(mul(0.00218859031399505, 198)), if_gt(1, 823, 16, 0.6568366510173487), 5)|0.8342]
[GEN_40|make_tuple(expit(mul(0.002184623492308822, 198)), if_gt(1, 823, 16, 0.6568366510173487), add(0.209873674124663, 5))|0.8346]
GEN_41_FIT_0.872111369932129_0.8859311589480774_0.9146069445094139_SIZE_1_1.8_5
GEN_42_FIT_0.872111369932129_0.8859311589480774_0.9146069445094139_SIZE_1_1.8_5
GEN_43_FIT_0.872111369932129_0.8859311589480774_0.9146069445094139_SIZE_1_1.8_5
GEN_44_FIT_0.872111369932129_0.8838472301358493_0.9146069445094139_SIZE_1_1.65_5
GEN_45_FIT_0.872111369932129_0.881772987127625_0.9146069445094139_SIZE_1_1.55_5
GEN_46_FIT_0.872111369932129_0.8881066153268264_0.9146069445094139_SIZE_1_2.0_5
GEN_47_FIT_0.872111369932129_0.8817696041493862_0.9147192556307379_SIZE_1_1.45_4
GEN_48_FIT_0.872111369932129_0.8838999984343167_0.9147192556307379_SIZE_1_1.6_4
GEN_49_FIT_0.872111369932129_0.8838999984343167_0.9147192556307379_SIZE_1_1.6_4
GEN_50_FIT_0.872111369932129_0.8838999984343167_0.9147192556307379_SIZE_1_1.6_4
GEN_51_FIT_0.872111369932129_0.8838999984343167_0.9147192556307379_SIZE_1_1.6_4
GEN_52_FIT_0.872111369932129_0.8838999984343167_0.9147192556307379_SIZE_1_1.6_4
GEN_53_FIT_0.872111369932129_0.8838999984343167_0.9147192556307379_SIZE_1_1.6_4
GEN_54_FIT_0.872111369932129_0.8838999984343167_0.9147192556307379_SIZE_1_1.6_4
GEN_55_FIT_0.872111369932129_0.8838999984343167_0.9147192556307379_SIZE_1_1.6_4
GEN_56_FIT_0.872111369932129_0.8838999984343167_0.9147192556307379_SIZE_1_1.6_4
GEN_57_FIT_0.872111369932129_0.8838999984343167_0.9147192556307379_SIZE_1_1.6_4
GEN_58_FIT_0.872111369932129_0.8860319886353156_0.9147511739521095_SIZE_1_1.8_5
GEN_59_FIT_0.872111369932129_0.8860319886353156_0.9147511739521095_SIZE_1_1.8_5
GEN_60_FIT_0.872111369932129_0.8860455756436105_0.9150229141180063_SIZE_1_1.8_5
Evaluating in sample:
[GEN_60|make_tuple(25, 4, 5)|0.8721]
[GEN_60|make_tuple(25, mul(205, 0.002915189074978515), 5)|0.9054]
[GEN_60|make_tuple(mul(0.002721200770451008, 225), if_gt(1, 823, 16, 0.6523661499578719), 5)|0.9141]
[GEN_60|make_tuple(mul(0.002721200770451008, 225), if_gt(0, 823, 16, 0.6523661499578719), add(0.209873674124663, 5))|0.9147]
[GEN_60|make_tuple(mul(0.002721200770451008, 225), sub(if_gt(1, 2, 737, 0.6523661499578719), 0.003379051112887798), add(0.00598630295800552, 5))|0.9150]
Evaluating out-of-sample:
[GEN_60|make_tuple(25, 4, 5)|0.6721]
[GEN_60|make_tuple(25, mul(205, 0.002915189074978515), 5)|0.7945]
[GEN_60|make_tuple(mul(0.002721200770451008, 225), if_gt(1, 823, 16, 0.6523661499578719), 5)|0.8347]
[GEN_60|make_tuple(mul(0.002721200770451008, 225), if_gt(0, 823, 16, 0.6523661499578719), add(0.209873674124663, 5))|0.8351]
[GEN_60|make_tuple(mul(0.002721200770451008, 225), sub(if_gt(1, 2, 737, 0.6523661499578719), 0.003379051112887798), add(0.00598630295800552, 5))|0.8348]
GEN_61_FIT_0.872111369932129_0.8860455756436105_0.9150229141180063_SIZE_1_1.8_5
GEN_62_FIT_0.872111369932129_0.886066276441776_0.9150229141180063_SIZE_1_1.85_5
GEN_63_FIT_0.872111369932129_0.8882021886005085_0.9150229141180063_SIZE_1_2.0_5
GEN_64_FIT_0.872111369932129_0.879694954194788_0.915118214898055_SIZE_1_1.35_4
GEN_65_FIT_0.872111369932129_0.8797093790065214_0.915118214898055_SIZE_1_1.35_4
GEN_66_FIT_0.872111369932129_0.8839793990846194_0.915118214898055_SIZE_1_1.6_4
GEN_67_FIT_0.872111369932129_0.8839793990846194_0.915118214898055_SIZE_1_1.6_4
GEN_68_FIT_0.872111369932129_0.8839793990846194_0.915118214898055_SIZE_1_1.6_4
GEN_69_FIT_0.872111369932129_0.8839793990846194_0.915118214898055_SIZE_1_1.6_4
GEN_70_FIT_0.872111369932129_0.8839793990846194_0.915118214898055_SIZE_1_1.6_4
GEN_71_FIT_0.872111369932129_0.8839793990846194_0.915118214898055_SIZE_1_1.6_4
GEN_72_FIT_0.872111369932129_0.8839793990846194_0.915118214898055_SIZE_1_1.6_4
GEN_73_FIT_0.872111369932129_0.8839793990846194_0.915118214898055_SIZE_1_1.6_4
GEN_74_FIT_0.872111369932129_0.8839793990846194_0.915118214898055_SIZE_1_1.6_4
GEN_75_FIT_0.872111369932129_0.8839793990846194_0.915118214898055_SIZE_1_1.6_4
GEN_76_FIT_0.872111369932129_0.8839793990846194_0.915118214898055_SIZE_1_1.6_4
GEN_77_FIT_0.872111369932129_0.8839793990846194_0.915118214898055_SIZE_1_1.6_4
GEN_78_FIT_0.872111369932129_0.8839793990846194_0.915118214898055_SIZE_1_1.6_4
GEN_79_FIT_0.872111369932129_0.8839793990846194_0.915118214898055_SIZE_1_1.6_4
GEN_80_FIT_0.872111369932129_0.8839793990846194_0.915118214898055_SIZE_1_1.6_4
Evaluating in sample:
[GEN_80|make_tuple(25, 4, 5)|0.8721]
[GEN_80|make_tuple(25, mul(205, 0.002915189074978515), 5)|0.9054]
[GEN_80|make_tuple(mul(0.002721200770451008, 226), if_gt(1, 2, 737, 0.648006164514802), 5)|0.9145]
[GEN_80|make_tuple(mul(0.002721200770451008, 226), if_gt(1, 2, 737, 0.648006164514802), add(0.00598630295800552, 5))|0.9151]
Evaluating out-of-sample:
[GEN_80|make_tuple(25, 4, 5)|0.6721]
[GEN_80|make_tuple(25, mul(205, 0.002915189074978515), 5)|0.7945]
[GEN_80|make_tuple(mul(0.002721200770451008, 226), if_gt(1, 2, 737, 0.648006164514802), 5)|0.8340]
[GEN_80|make_tuple(mul(0.002721200770451008, 226), if_gt(1, 2, 737, 0.648006164514802), add(0.00598630295800552, 5))|0.8344]
GEN_81_FIT_0.872111369932129_0.8839793990846194_0.915118214898055_SIZE_1_1.6_4
GEN_82_FIT_0.872111369932129_0.8839793990846194_0.915118214898055_SIZE_1_1.6_4
GEN_83_FIT_0.872111369932129_0.8839793990846194_0.915118214898055_SIZE_1_1.6_4
GEN_84_FIT_0.872111369932129_0.8839793990846194_0.915118214898055_SIZE_1_1.6_4
GEN_85_FIT_0.872111369932129_0.8839793990846194_0.915118214898055_SIZE_1_1.6_4
Evaluating in sample:
[GEN_85|make_tuple(25, 4, 5)|0.8721]
[GEN_85|make_tuple(25, mul(205, 0.002915189074978515), 5)|0.9054]
[GEN_85|make_tuple(mul(0.002721200770451008, 226), if_gt(1, 2, 737, 0.648006164514802), 5)|0.9145]
[GEN_85|make_tuple(mul(0.002721200770451008, 226), if_gt(1, 2, 737, 0.648006164514802), add(0.00598630295800552, 5))|0.9151]
Evaluating out-of-sample:
[GEN_85|make_tuple(25, 4, 5)|0.6721]
[GEN_85|make_tuple(25, mul(205, 0.002915189074978515), 5)|0.7945]
[GEN_85|make_tuple(mul(0.002721200770451008, 226), if_gt(1, 2, 737, 0.648006164514802), 5)|0.8340]
[GEN_85|make_tuple(mul(0.002721200770451008, 226), if_gt(1, 2, 737, 0.648006164514802), add(0.00598630295800552, 5))|0.8344]
Stopped early in iteration 85, no improvement in 20 gens.
START_TASK: 24
GEN_0_FIT_0.8689141673608545_0.8757659374699907_0.8933006528253885_SIZE_1_3.35_9
GEN_1_FIT_0.8771705120571012_0.8888010457309077_0.8940768188802891_SIZE_1_2.1_7
GEN_2_FIT_0.8893913660452699_0.8918554883445357_0.8940768188802891_SIZE_1_2.3_7
GEN_3_FIT_0.8894460543235917_0.8936379310092631_0.8978198042953703_SIZE_1_1.9_4
GEN_4_FIT_0.8926936179078623_0.8947433323372118_0.9047019700401052_SIZE_1_1.85_4
GEN_5_FIT_0.8929732027658008_0.8965573792708442_0.9051657397088305_SIZE_1_1.9_4
GEN_6_FIT_0.8943339675936879_0.9000803114208435_0.9074745638857062_SIZE_1_1.7_3
GEN_7_FIT_0.8947789288273043_0.8983505005394502_0.9083897789086277_SIZE_1_1.3_3
GEN_8_FIT_0.8953779512493218_0.9020177248244494_0.9091661417910015_SIZE_1_1.55_3
GEN_9_FIT_0.8955622100007506_0.8962895306089049_0.9101086221638348_SIZE_1_1.05_2
GEN_10_FIT_0.8955622100007506_0.8962895306089049_0.9101086221638348_SIZE_1_1.05_2
GEN_11_FIT_0.8955622100007506_0.8962895306089049_0.9101086221638348_SIZE_1_1.05_2
GEN_12_FIT_0.8955622100007506_0.8970168512170591_0.9101086221638348_SIZE_1_1.1_2
GEN_13_FIT_0.8955622100007506_0.8963470867378002_0.9112597447417395_SIZE_1_1.05_2
GEN_14_FIT_0.8955622100007506_0.8963591549685421_0.9115011093565785_SIZE_1_1.05_2
GEN_15_FIT_0.8955622100007506_0.8963664543973875_0.9115011093565785_SIZE_1_1.05_2
GEN_16_FIT_0.8955622100007506_0.8979628749599191_0.9115011093565785_SIZE_1_1.15_2
GEN_17_FIT_0.8955622100007506_0.8980364626082544_0.9115635890931844_SIZE_1_1.15_2
GEN_18_FIT_0.8957081985776584_0.8996661227025996_0.9115635890931844_SIZE_1_1.25_2
GEN_19_FIT_0.8957081985776584_0.9005107279043905_0.9117866605591517_SIZE_1_1.3_2
GEN_20_FIT_0.8957081985776584_0.8981785042488838_0.9128665365175163_SIZE_1_1.15_2
Evaluating in sample:
[GEN_20|make_tuple(0.5067711052819148, 24, 6)|0.8957]
[GEN_20|make_tuple(0.6103951403815795, truediv(214, 329), 5)|0.9129]
Evaluating out-of-sample:
[GEN_20|make_tuple(0.5067711052819148, 24, 6)|0.9617]
[GEN_20|make_tuple(0.6103951403815795, truediv(214, 329), 5)|1.0000]
GEN_21_FIT_0.8957146879720628_0.8974298728266081_0.9128665365175163_SIZE_1_1.1_2
GEN_22_FIT_0.8957146879720628_0.8974298728266081_0.9128665365175163_SIZE_1_1.1_2
GEN_23_FIT_0.8957146879720628_0.8974298728266081_0.9128665365175163_SIZE_1_1.1_2
GEN_24_FIT_0.8957146879720628_0.8965768301479716_0.9129575314902398_SIZE_1_1.05_2
GEN_25_FIT_0.8957146879720628_0.8974389723238806_0.9129575314902398_SIZE_1_1.1_2
GEN_26_FIT_0.8957146879720628_0.8974389723238806_0.9129575314902398_SIZE_1_1.1_2
GEN_27_FIT_0.8957146879720628_0.8974389723238806_0.9129575314902398_SIZE_1_1.1_2
GEN_28_FIT_0.8957146879720628_0.8965782768171456_0.91298646487372_SIZE_1_1.05_2
GEN_29_FIT_0.8957146879720628_0.8965782768171456_0.91298646487372_SIZE_1_1.05_2
GEN_30_FIT_0.8957146879720628_0.8974418656622285_0.91298646487372_SIZE_1_1.1_2
GEN_31_FIT_0.8957146879720628_0.8974418656622285_0.91298646487372_SIZE_1_1.1_2
GEN_32_FIT_0.8957146879720628_0.8974418656622285_0.91298646487372_SIZE_1_1.1_2
GEN_33_FIT_0.8957146879720628_0.8974418656622285_0.91298646487372_SIZE_1_1.1_2
GEN_34_FIT_0.8957146879720628_0.8974418656622285_0.91298646487372_SIZE_1_1.1_2
GEN_35_FIT_0.8957146879720628_0.8974418656622285_0.91298646487372_SIZE_1_1.1_2
GEN_36_FIT_0.8957146879720628_0.8974418656622285_0.91298646487372_SIZE_1_1.1_2
GEN_37_FIT_0.8957146879720628_0.8974418656622285_0.91298646487372_SIZE_1_1.1_2
GEN_38_FIT_0.8957146879720628_0.8966052992309816_0.9135269131504389_SIZE_1_1.05_2
GEN_39_FIT_0.8957146879720628_0.8966052992309816_0.9135269131504389_SIZE_1_1.05_2
GEN_40_FIT_0.8957146879720628_0.8966052992309816_0.9135269131504389_SIZE_1_1.05_2
Evaluating in sample:
[GEN_40|make_tuple(0.5067711052819148, 24, 6)|0.8957]
[GEN_40|make_tuple(0.6077755405107141, truediv(214, 331), 5)|0.9135]
Evaluating out-of-sample:
[GEN_40|make_tuple(0.5067711052819148, 24, 6)|0.9617]
[GEN_40|make_tuple(0.6077755405107141, truediv(214, 331), 5)|0.9998]
GEN_41_FIT_0.8957146879720628_0.8966052992309816_0.9135269131504389_SIZE_1_1.05_2
GEN_42_FIT_0.8957146879720628_0.8966052992309816_0.9135269131504389_SIZE_1_1.05_2
GEN_43_FIT_0.8957146879720628_0.8974959104899005_0.9135269131504389_SIZE_1_1.1_2
GEN_44_FIT_0.8957146879720628_0.8974959104899005_0.9135269131504389_SIZE_1_1.1_2
GEN_45_FIT_0.8957146879720628_0.8974959104899005_0.9135269131504389_SIZE_1_1.1_2
GEN_46_FIT_0.8957146879720628_0.8974959104899005_0.9135269131504389_SIZE_1_1.1_2
GEN_47_FIT_0.8957146879720628_0.8974959104899005_0.9135269131504389_SIZE_1_1.1_2
GEN_48_FIT_0.8957146879720628_0.8974959104899005_0.9135269131504389_SIZE_1_1.1_2
GEN_49_FIT_0.8957146879720628_0.8974959104899005_0.9135269131504389_SIZE_1_1.1_2
GEN_50_FIT_0.8957146879720628_0.8974959104899005_0.9135269131504389_SIZE_1_1.1_2
GEN_51_FIT_0.8957146879720628_0.8974959104899005_0.9135269131504389_SIZE_1_1.1_2
GEN_52_FIT_0.8957146879720628_0.8974959104899005_0.9135269131504389_SIZE_1_1.1_2
GEN_53_FIT_0.8957146879720628_0.8974959104899005_0.9135269131504389_SIZE_1_1.1_2
GEN_54_FIT_0.8957146879720628_0.8974959104899005_0.9135269131504389_SIZE_1_1.1_2
GEN_55_FIT_0.8957146879720628_0.8974959104899005_0.9135269131504389_SIZE_1_1.1_2
GEN_56_FIT_0.8957146879720628_0.8974959104899005_0.9135269131504389_SIZE_1_1.1_2
GEN_57_FIT_0.8957146879720628_0.8974959104899005_0.9135269131504389_SIZE_1_1.1_2
GEN_58_FIT_0.8957146879720628_0.8974959104899005_0.9135269131504389_SIZE_1_1.1_2
GEN_59_FIT_0.8957146879720628_0.8974959104899005_0.9135269131504389_SIZE_1_1.1_2
Evaluating in sample:
[GEN_59|make_tuple(0.5067711052819148, 24, 6)|0.8957]
[GEN_59|make_tuple(0.6077755405107141, truediv(214, 331), 5)|0.9135]
Evaluating out-of-sample:
[GEN_59|make_tuple(0.5067711052819148, 24, 6)|0.9617]
[GEN_59|make_tuple(0.6077755405107141, truediv(214, 331), 5)|0.9998]
Stopped early in iteration 59, no improvement in 20 gens.
START_TASK: 2073
GEN_0_FIT_0.869384832960661_0.8875882572415182_0.9011057855595391_SIZE_1_4.8_10
GEN_1_FIT_0.8696299808630299_0.8894051522611981_0.9032282796013933_SIZE_1_2.75_5
GEN_2_FIT_0.8696299808630299_0.8841531894517047_0.9068882242485927_SIZE_1_1.55_5
GEN_3_FIT_0.8756555903548165_0.8946795850803124_0.9084954567881672_SIZE_1_1.65_3
GEN_4_FIT_0.8778453396741555_0.8974055760559441_0.9084954567881672_SIZE_1_1.65_2
GEN_5_FIT_0.8785407225931409_0.8933205086134043_0.9084954567881672_SIZE_1_1.45_2
GEN_6_FIT_0.883254492689646_0.8996765013896086_0.9100320650368965_SIZE_1_1.55_2
GEN_7_FIT_0.8920367131946644_0.9002365103859489_0.910400835339629_SIZE_1_1.45_2
GEN_8_FIT_0.892746401303229_0.9040985673957579_0.910400835339629_SIZE_1_1.75_3
GEN_9_FIT_0.8940148118577932_0.9049149582396543_0.9111147712489297_SIZE_1_1.85_3
GEN_10_FIT_0.8949805380882148_0.9053762116992387_0.9122087315529713_SIZE_1_1.95_4
GEN_11_FIT_0.8953822010194775_0.9060398342273034_0.9123458116538005_SIZE_1_2.5_4
GEN_12_FIT_0.8953822010194775_0.9054240844654672_0.9123458116538005_SIZE_1_2.3_4
GEN_13_FIT_0.8955700708921642_0.9006895540886404_0.9124191332192255_SIZE_1_1.55_4
GEN_14_FIT_0.8957362088976006_0.9007908916310114_0.9132168862751674_SIZE_1_1.4_3
GEN_15_FIT_0.8957362088976006_0.9050940233507869_0.9132168862751674_SIZE_1_1.8_4
GEN_16_FIT_0.8957928475603614_0.8975669260094834_0.9138503778279959_SIZE_1_1.15_3
GEN_17_FIT_0.8957928475603614_0.8966957240737431_0.9138503778279959_SIZE_1_1.05_2
GEN_18_FIT_0.8957928475603614_0.8975986005871249_0.9138503778279959_SIZE_1_1.1_2
GEN_19_FIT_0.8957928475603614_0.8975986005871249_0.9138503778279959_SIZE_1_1.1_2
GEN_20_FIT_0.8957928475603614_0.8975986005871249_0.9138503778279959_SIZE_1_1.1_2
Evaluating in sample:
[GEN_20|make_tuple(0.5049273895431009, 58, 6)|0.8958]
[GEN_20|make_tuple(0.6075575500497734, expit(0.605977461772892), 5)|0.9139]
Evaluating out-of-sample:
[GEN_20|make_tuple(0.5049273895431009, 58, 6)|0.9369]
[GEN_20|make_tuple(0.6075575500497734, expit(0.605977461772892), 5)|0.9609]
GEN_21_FIT_0.8957928475603614_0.8975986005871249_0.9138503778279959_SIZE_1_1.1_2
GEN_22_FIT_0.8957928475603614_0.8975986005871249_0.9138503778279959_SIZE_1_1.1_2
GEN_23_FIT_0.8957928475603614_0.8966963258417883_0.9138624131889003_SIZE_1_1.05_2
GEN_24_FIT_0.8957928475603614_0.8975998041232153_0.9138624131889003_SIZE_1_1.1_2
GEN_25_FIT_0.8957928475603614_0.8975998041232153_0.9138624131889003_SIZE_1_1.1_2
GEN_26_FIT_0.8957928475603614_0.8975998041232153_0.9138624131889003_SIZE_1_1.1_2
GEN_27_FIT_0.8957928475603614_0.8975998041232153_0.9138624131889003_SIZE_1_1.1_2
GEN_28_FIT_0.8957928475603614_0.8975998041232153_0.9138624131889003_SIZE_1_1.1_2
GEN_29_FIT_0.8957928475603614_0.8975998041232153_0.9138624131889003_SIZE_1_1.1_2
GEN_30_FIT_0.8957928475603614_0.8975998041232153_0.9138624131889003_SIZE_1_1.1_2
GEN_31_FIT_0.8957928475603614_0.8975998041232153_0.9138624131889003_SIZE_1_1.1_2
GEN_32_FIT_0.8957928475603614_0.8975998041232153_0.9138624131889003_SIZE_1_1.1_2
GEN_33_FIT_0.8957928475603614_0.8975998041232153_0.9138624131889003_SIZE_1_1.1_2
GEN_34_FIT_0.8957928475603614_0.8975998041232153_0.9138624131889003_SIZE_1_1.1_2
GEN_35_FIT_0.8957928475603614_0.8975998041232153_0.9138624131889003_SIZE_1_1.1_2
GEN_36_FIT_0.8957928475603614_0.8993945004560656_0.9138624131889003_SIZE_1_1.25_3
GEN_37_FIT_0.8957928475603614_0.9030050859738953_0.9138624131889003_SIZE_1_1.5_3
GEN_38_FIT_0.8957928475603614_0.9030381889888585_0.9138624131889003_SIZE_1_1.45_3
GEN_39_FIT_0.8958523983745319_0.9039569050409977_0.9138624131889003_SIZE_1_1.45_2
GEN_40_FIT_0.8958523983745319_0.8967551739527826_0.9139079099395445_SIZE_1_1.05_2
Evaluating in sample:
[GEN_40|make_tuple(0.5059552712882667, 283, 6)|0.8959]
[GEN_40|make_tuple(0.6181952698280412, expit(0.605977461772892), 5)|0.9139]
Evaluating out-of-sample:
[GEN_40|make_tuple(0.5059552712882667, 283, 6)|0.9369]
[GEN_40|make_tuple(0.6181952698280412, expit(0.605977461772892), 5)|0.9608]
GEN_41_FIT_0.8958523983745319_0.8967551739527826_0.9139079099395445_SIZE_1_1.05_2
GEN_42_FIT_0.8958523983745319_0.8976579495310333_0.9139079099395445_SIZE_1_1.1_2
GEN_43_FIT_0.8958523983745319_0.8976579495310333_0.9139079099395445_SIZE_1_1.1_2
GEN_44_FIT_0.8958523983745319_0.8976579495310333_0.9139079099395445_SIZE_1_1.1_2
GEN_45_FIT_0.8958523983745319_0.8976579495310333_0.9139079099395445_SIZE_1_1.1_2
GEN_46_FIT_0.8958523983745319_0.9003374050806814_0.9139079099395445_SIZE_1_1.25_2
GEN_47_FIT_0.8958523983745319_0.8985751897289502_0.9140520324073423_SIZE_1_1.15_2
GEN_48_FIT_0.8958523983745319_0.9004169286210603_0.9140520324073423_SIZE_1_1.3_3
GEN_49_FIT_0.8959249833372956_0.8977376882443002_0.9140520324073423_SIZE_1_1.1_2
GEN_50_FIT_0.8959249833372956_0.8977376882443002_0.9140520324073423_SIZE_1_1.1_2
GEN_51_FIT_0.8959249833372956_0.8977376882443002_0.9140520324073423_SIZE_1_1.1_2
GEN_52_FIT_0.8959249833372956_0.8977376882443002_0.9140520324073423_SIZE_1_1.1_2
GEN_53_FIT_0.8959249833372956_0.8977376882443002_0.9140520324073423_SIZE_1_1.1_2
GEN_54_FIT_0.8959249833372956_0.8977376882443002_0.9140520324073423_SIZE_1_1.1_2
GEN_55_FIT_0.8959249833372956_0.8977376882443002_0.9140520324073423_SIZE_1_1.1_2
GEN_56_FIT_0.8959249833372956_0.8977376882443002_0.9140520324073423_SIZE_1_1.1_2
GEN_57_FIT_0.8959249833372956_0.8977376882443002_0.9140520324073423_SIZE_1_1.1_2
GEN_58_FIT_0.8959249833372956_0.8977376882443002_0.9140520324073423_SIZE_1_1.1_2
GEN_59_FIT_0.8959249833372956_0.8977376882443002_0.9140520324073423_SIZE_1_1.1_2
GEN_60_FIT_0.8959249833372956_0.8977376882443002_0.9140520324073423_SIZE_1_1.1_2
Evaluating in sample:
[GEN_60|make_tuple(0.5067845808394482, 283, 6)|0.8959]
[GEN_60|make_tuple(0.6181952698280412, expit(0.5987349407335484), 5)|0.9141]
Evaluating out-of-sample:
[GEN_60|make_tuple(0.5067845808394482, 283, 6)|0.9369]
[GEN_60|make_tuple(0.6181952698280412, expit(0.5987349407335484), 5)|0.9608]
GEN_61_FIT_0.8959249833372956_0.8977376882443002_0.9140520324073423_SIZE_1_1.1_2
GEN_62_FIT_0.8959249833372956_0.8986741957179453_0.9146551328101968_SIZE_1_1.2_3
GEN_63_FIT_0.8959249833372956_0.8986741957179453_0.9146551328101968_SIZE_1_1.2_3
GEN_64_FIT_0.8959249833372956_0.8986741957179453_0.9146551328101968_SIZE_1_1.2_3
GEN_65_FIT_0.8959249833372956_0.8986741957179453_0.9146551328101968_SIZE_1_1.2_3
GEN_66_FIT_0.8959249833372956_0.8986741957179453_0.9146551328101968_SIZE_1_1.2_3
GEN_67_FIT_0.8959249833372956_0.8996107031915903_0.9146551328101968_SIZE_1_1.3_3
GEN_68_FIT_0.8959249833372956_0.8996107031915903_0.9146551328101968_SIZE_1_1.3_3
GEN_69_FIT_0.8959249833372956_0.8996107031915903_0.9146551328101968_SIZE_1_1.3_3
GEN_70_FIT_0.8959249833372956_0.8996107031915903_0.9146551328101968_SIZE_1_1.3_3
GEN_71_FIT_0.8959249833372956_0.8996107031915903_0.9146551328101968_SIZE_1_1.3_3
GEN_72_FIT_0.8959249833372956_0.8996107031915903_0.9146551328101968_SIZE_1_1.3_3
GEN_73_FIT_0.8959249833372956_0.8996107031915903_0.9146551328101968_SIZE_1_1.3_3
GEN_74_FIT_0.8959249833372956_0.8996107031915903_0.9146551328101968_SIZE_1_1.3_3
GEN_75_FIT_0.8959249833372956_0.8996107031915903_0.9146551328101968_SIZE_1_1.3_3
GEN_76_FIT_0.8959249833372956_0.8996107031915903_0.9146551328101968_SIZE_1_1.3_3
GEN_77_FIT_0.8959249833372956_0.8996107031915903_0.9146551328101968_SIZE_1_1.3_3
GEN_78_FIT_0.8959249833372956_0.8996107031915903_0.9146551328101968_SIZE_1_1.3_3
GEN_79_FIT_0.8959249833372956_0.8996107031915903_0.9146551328101968_SIZE_1_1.3_3
GEN_80_FIT_0.8959249833372956_0.8996107031915903_0.9146551328101968_SIZE_1_1.3_3
Evaluating in sample:
[GEN_80|make_tuple(0.5067845808394482, 283, 6)|0.8959]
[GEN_80|make_tuple(0.6181952698280412, expit(0.5987349407335484), 5)|0.9141]
[GEN_80|make_tuple(0.6181952698280412, expit(0.5987349407335484), add(5, 0.013345464835184043))|0.9147]
Evaluating out-of-sample:
[GEN_80|make_tuple(0.5067845808394482, 283, 6)|0.9369]
[GEN_80|make_tuple(0.6181952698280412, expit(0.5987349407335484), 5)|0.9608]
[GEN_80|make_tuple(0.6181952698280412, expit(0.5987349407335484), add(5, 0.013345464835184043))|0.9609]
GEN_81_FIT_0.8959249833372956_0.8996107031915903_0.9146551328101968_SIZE_1_1.3_3
GEN_82_FIT_0.8959249833372956_0.8996107031915903_0.9146551328101968_SIZE_1_1.3_3
GEN_83_FIT_0.8959249833372956_0.8996107031915903_0.9146551328101968_SIZE_1_1.3_3
Evaluating in sample:
[GEN_83|make_tuple(0.5067845808394482, 283, 6)|0.8959]
[GEN_83|make_tuple(0.6181952698280412, expit(0.5987349407335484), 5)|0.9141]
[GEN_83|make_tuple(0.6181952698280412, expit(0.5987349407335484), add(5, 0.013345464835184043))|0.9147]
Evaluating out-of-sample:
[GEN_83|make_tuple(0.5067845808394482, 283, 6)|0.9369]
[GEN_83|make_tuple(0.6181952698280412, expit(0.5987349407335484), 5)|0.9608]
[GEN_83|make_tuple(0.6181952698280412, expit(0.5987349407335484), add(5, 0.013345464835184043))|0.9609]
Stopped early in iteration 83, no improvement in 20 gens.
START_TASK: 2074
