Starting problem: mlr_svm
param:age_regularization:100000.0
param:algorithm:random_search
param:constants_only:False
param:cxpb:0.25
param:early_stop_n:20
param:lambda_:100
param:max_number_operators:None
param:max_start_size:2
param:mu:20
param:ngen:300
param:optimize_constants:False
param:output_file:/home/gijsbers/symbolicdefaults/runs/mlr_svm_random_search_6.log
param:problem:mlr_svm
param:subset:1.0
param:task:None
param:warm_start:False
Benchmark problems: mlr_svm
sklearn_default := make_tuple(1., truediv(1., mul(p, xvar)))
mlr_default := make_tuple(1, truediv(po, 1))
symbolic_best := make_tuple(16., truediv(mkd, xvar))
Loading surrogates from file.
START_TASK: 3
GEN_0_FIT_0.24261738365302302_0.49641947227012606_0.8955876590810122_SIZE_1_3.6686_11
Evaluating in sample:
[GEN_0|make_tuple(p, mkd)|0.8899]
[GEN_0|make_tuple(add(rc, po), truediv(xvar, po))|0.8925]
[GEN_0|make_tuple(max(expit(m), add(p, 4)), truediv(pow(mkd, mkd), max(0.0026743967260080903, p)))|0.8956]
Evaluating out-of-sample:
[GEN_0|make_tuple(p, mkd)|0.9641]
[GEN_0|make_tuple(add(rc, po), truediv(xvar, po))|0.9335]
[GEN_0|make_tuple(max(expit(m), add(p, 4)), truediv(pow(mkd, mkd), max(0.0026743967260080903, p)))|0.9704]
GEN_1_FIT_0.24260789825951948_0.4943866900119072_0.8966147761271465_SIZE_1_3.6916_11
Evaluating in sample:
[GEN_1|make_tuple(p, mkd)|0.8899]
[GEN_1|make_tuple(max(1, po), truediv(0.382390010460351, po))|0.8933]
[GEN_1|make_tuple(max(min(m, m), truediv(rc, mkd)), min(truediv(xvar, po), max(0.7151440233239339, mkd)))|0.8966]
Evaluating out-of-sample:
[GEN_1|make_tuple(p, mkd)|0.9641]
[GEN_1|make_tuple(max(1, po), truediv(0.382390010460351, po))|0.9506]
[GEN_1|make_tuple(max(min(m, m), truediv(rc, mkd)), min(truediv(xvar, po), max(0.7151440233239339, mkd)))|0.9643]
GEN_2_FIT_0.24299080325280706_0.49202992139889484_0.8946665714724314_SIZE_1_3.6396_11
Evaluating in sample:
[GEN_2|make_tuple(p, mkd)|0.8899]
[GEN_2|make_tuple(max(1, po), truediv(0.382390010460351, po))|0.8933]
[GEN_2|make_tuple(max(min(m, m), truediv(rc, mkd)), min(truediv(xvar, po), max(0.7151440233239339, mkd)))|0.8966]
Evaluating out-of-sample:
[GEN_2|make_tuple(p, mkd)|0.9641]
[GEN_2|make_tuple(max(1, po), truediv(0.382390010460351, po))|0.9506]
[GEN_2|make_tuple(max(min(m, m), truediv(rc, mkd)), min(truediv(xvar, po), max(0.7151440233239339, mkd)))|0.9643]
BENCHMARK: Evaluating in-sample:
[sklearn_default: make_tuple(1.0, truediv(1.0, mul(p, xvar)))|0.8870]
