Starting problem: mlr_glmnet
param:age_regularization:100000.0
param:algorithm:mupluslambda
param:constants_only:True
param:cxpb:0.25
param:early_stop_n:20
param:lambda_:100
param:max_number_operators:None
param:max_start_size:2
param:mu:20
param:ngen:300
param:optimize_constants:False
param:output_file:/home/gijsbers/symbolicdefaults/runs/mlr_glmnet_True_10.log
param:problem:mlr_glmnet
param:subset:1.0
param:task:None
param:warm_start:False
Benchmark problems: mlr_glmnet
Loading surrogates from file.
START_TASK: 3
GEN_0_FIT_0.8766663448065855_0.8893408601571624_0.8949805119306214_SIZE_1_2.1_6
GEN_1_FIT_0.8917507206923836_0.8943169572257679_0.8951755094355481_SIZE_1_2.15_4
GEN_2_FIT_0.8931015275312821_0.8944830883933352_0.8953424212961181_SIZE_1_1.45_4
GEN_3_FIT_0.8943399532442757_0.8951441353740919_0.8957247705288138_SIZE_1_2.3_5
GEN_4_FIT_0.8950626836869486_0.8954073301248483_0.8957247705288138_SIZE_1_1.5_5
GEN_5_FIT_0.8957247705288138_0.8957259002137994_0.8957473642285222_SIZE_1_1.1_3
GEN_6_FIT_0.8957247705288138_0.8957828747003287_0.8963058122439613_SIZE_1_1.2_3
GEN_7_FIT_0.8957247705288138_0.8957828747003287_0.8963058122439613_SIZE_1_1.1_2
GEN_8_FIT_0.8957247705288138_0.8957828747003287_0.8963058122439613_SIZE_1_1.1_2
GEN_9_FIT_0.8957247705288138_0.8958409788718434_0.8963058122439613_SIZE_1_1.1_2
GEN_10_FIT_0.8957247705288138_0.8959281351291157_0.8963058122439613_SIZE_1_1.1_2
GEN_11_FIT_0.8963058122439613_0.8963058122439614_0.8963058122439613_SIZE_1_1.05_2
GEN_12_FIT_0.8963058122439613_0.8963064959378763_0.8963194861222554_SIZE_1_1.0_1
GEN_13_FIT_0.8963058122439613_0.896308767710857_0.8963194861222554_SIZE_1_1.0_1
GEN_14_FIT_0.8963058122439613_0.8963152498386778_0.8963216499492926_SIZE_1_1.05_2
GEN_15_FIT_0.8963194861222554_0.8963195943136073_0.8963216499492926_SIZE_1_1.0_1
GEN_16_FIT_0.8963194861222554_0.8963197025049592_0.8963216499492926_SIZE_1_1.0_1
GEN_17_FIT_0.8963194861222554_0.8963200270790146_0.8963216499492926_SIZE_1_1.0_1
GEN_18_FIT_0.8963194861222554_0.8963207844184777_0.8963216499492926_SIZE_1_1.0_1
GEN_19_FIT_0.8963216499492926_0.8963216499492926_0.8963216499492926_SIZE_1_1.0_1
GEN_20_FIT_0.8963216499492926_0.8963216499492926_0.8963216499492926_SIZE_1_1.0_1
Evaluating in sample:
[GEN_20|make_tuple(0.4605125050293734, 0.0011116497543133363)|0.9043]
Evaluating out-of-sample:
[GEN_20|make_tuple(0.4605125050293734, 0.0011116497543133363)|0.9882]
GEN_21_FIT_0.8963216499492926_0.8963216499492926_0.8963216499492926_SIZE_1_1.0_1
GEN_22_FIT_0.8963216499492926_0.8963230185316494_0.8963490215964263_SIZE_1_1.0_1
GEN_23_FIT_0.8963216499492926_0.8963271242787194_0.8963490215964263_SIZE_1_1.0_1
GEN_24_FIT_0.8963216499492926_0.8963380729375728_0.8963490215964263_SIZE_1_1.0_1
GEN_25_FIT_0.8963490215964263_0.8963490215964262_0.8963490215964263_SIZE_1_1.0_1
GEN_26_FIT_0.8963490215964263_0.8963490215964262_0.8963490215964263_SIZE_1_1.0_1
GEN_27_FIT_0.8963490215964263_0.8963490215964262_0.8963490215964263_SIZE_1_1.0_1
GEN_28_FIT_0.8963490215964263_0.8963490215964262_0.8963490215964263_SIZE_1_1.0_1
GEN_29_FIT_0.8963490215964263_0.8963490215964262_0.8963490215964263_SIZE_1_1.0_1
GEN_30_FIT_0.8963490215964263_0.8963490215964262_0.8963490215964263_SIZE_1_1.0_1
GEN_31_FIT_0.8963490215964263_0.8963490215964262_0.8963490215964263_SIZE_1_1.0_1
GEN_32_FIT_0.8963490215964263_0.8963490215964262_0.8963490215964263_SIZE_1_1.0_1
GEN_33_FIT_0.8963490215964263_0.8963490215964262_0.8963490215964263_SIZE_1_1.0_1
GEN_34_FIT_0.8963490215964263_0.8963490215964262_0.8963490215964263_SIZE_1_1.0_1
GEN_35_FIT_0.8963490215964263_0.8963490215964262_0.8963490215964263_SIZE_1_1.0_1
GEN_36_FIT_0.8963490215964263_0.8963490215964262_0.8963490215964263_SIZE_1_1.0_1
GEN_37_FIT_0.8963490215964263_0.8963490215964262_0.8963490215964263_SIZE_1_1.0_1
GEN_38_FIT_0.8963490215964263_0.8963490215964262_0.8963490215964263_SIZE_1_1.0_1
GEN_39_FIT_0.8963490215964263_0.8963490215964262_0.8963490215964263_SIZE_1_1.0_1
GEN_40_FIT_0.8963490215964263_0.8963490215964262_0.8963490215964263_SIZE_1_1.0_1
Evaluating in sample:
[GEN_40|make_tuple(0.4605125050293734, 0.001119319202922754)|0.9044]
Evaluating out-of-sample:
[GEN_40|make_tuple(0.4605125050293734, 0.001119319202922754)|0.9882]
GEN_41_FIT_0.8963490215964263_0.8963490215964262_0.8963490215964263_SIZE_1_1.0_1
GEN_42_FIT_0.8963490215964263_0.8963490215964262_0.8963490215964263_SIZE_1_1.0_1
GEN_43_FIT_0.8963490215964263_0.8963490215964262_0.8963490215964263_SIZE_1_1.0_1
Evaluating in sample:
[GEN_43|make_tuple(0.4605125050293734, 0.001119319202922754)|0.9044]
Evaluating out-of-sample:
[GEN_43|make_tuple(0.4605125050293734, 0.001119319202922754)|0.9882]
Stopped early in iteration 43, no improvement in 20 gens.
START_TASK: 6
GEN_0_FIT_0.8225251767117713_0.8804182858328099_0.895192625931138_SIZE_1_3.3_10
GEN_1_FIT_0.8878281765752895_0.8933916262802158_0.895192625931138_SIZE_1_2.75_9
GEN_2_FIT_0.8949872535864712_0.8950801883726329_0.8956274600487969_SIZE_1_2.05_5
GEN_3_FIT_0.8949872535864712_0.8953512450235938_0.8956884449597248_SIZE_1_2.2_6
GEN_4_FIT_0.8953751989627514_0.8956174801679243_0.8956884449597248_SIZE_1_1.6_2
GEN_5_FIT_0.8956274600487969_0.8956853506543814_0.8957485286747127_SIZE_1_1.1_2
GEN_6_FIT_0.8956884449597248_0.8957023784662249_0.8957868639447659_SIZE_1_1.1_2
GEN_7_FIT_0.8956884449597248_0.8957430915634788_0.8957868639447659_SIZE_1_1.1_2
GEN_8_FIT_0.8957868639447659_0.895786863944766_0.8957868639447659_SIZE_1_1.0_1
GEN_9_FIT_0.8957868639447659_0.895786863944766_0.8957868639447659_SIZE_1_1.0_1
GEN_10_FIT_0.8957868639447659_0.8957873310707377_0.8957962064641994_SIZE_1_1.05_2
GEN_11_FIT_0.8957868639447659_0.8957877981967094_0.8957962064641994_SIZE_1_1.1_2
GEN_12_FIT_0.8957868639447659_0.8957887369084204_0.8958056381789872_SIZE_1_1.1_2
GEN_13_FIT_0.8957868639447659_0.8957915530435537_0.8958056381789872_SIZE_1_1.1_2
GEN_14_FIT_0.8958056381789872_0.8958125731341472_0.895944337282183_SIZE_1_1.05_2
GEN_15_FIT_0.8958056381789872_0.895819508089307_0.895944337282183_SIZE_1_1.1_2
GEN_16_FIT_0.8958056381789872_0.895821385512729_0.8959631115164042_SIZE_1_1.1_2
GEN_17_FIT_0.8958056381789872_0.895821385512729_0.8959631115164042_SIZE_1_1.1_2
GEN_18_FIT_0.8958056381789872_0.8958314936033297_0.8963227466658344_SIZE_1_1.05_2
GEN_19_FIT_0.8958056381789872_0.8958832044520145_0.8963227466658344_SIZE_1_1.1_2
GEN_20_FIT_0.8958056381789872_0.8959349153006991_0.8963227466658344_SIZE_1_1.1_2
Evaluating in sample:
[GEN_20|make_tuple(0.4584960614009819, 0.0011097800047680786)|0.9043]
Evaluating out-of-sample:
[GEN_20|make_tuple(0.4584960614009819, 0.0011097800047680786)|0.9836]
GEN_21_FIT_0.8958056381789872_0.8961417586954381_0.8963227466658344_SIZE_1_1.1_2
GEN_22_FIT_0.8963227466658344_0.8963227466658343_0.8963227466658344_SIZE_1_1.0_1
GEN_23_FIT_0.8963227466658344_0.8963234409299323_0.89633663194779_SIZE_1_1.0_1
GEN_24_FIT_0.8963227466658344_0.8963300947952526_0.8963699695748931_SIZE_1_1.05_2
GEN_25_FIT_0.89633663194779_0.896348175121936_0.8963795670983996_SIZE_1_1.15_2
GEN_26_FIT_0.8963368058092488_0.8963691985886989_0.8963795670983996_SIZE_1_1.45_2
GEN_27_FIT_0.8963669452173163_0.8963682074054246_0.8963795670983996_SIZE_1_1.1_2
GEN_28_FIT_0.8963669452173163_0.8963682074054246_0.8963795670983996_SIZE_1_1.1_2
GEN_29_FIT_0.8963669452173163_0.8963699818603192_0.8963795670983996_SIZE_1_1.2_2
GEN_30_FIT_0.8963669452173163_0.8963703769992912_0.8963898464231951_SIZE_1_1.15_2
GEN_31_FIT_0.8963669452173163_0.8963735711267304_0.8963898464231951_SIZE_1_1.2_2
GEN_32_FIT_0.8963771905530429_0.8963790889335657_0.8963898464231951_SIZE_1_1.15_2
GEN_33_FIT_0.8963771905530429_0.8963784561400582_0.8963898464231951_SIZE_1_1.1_2
GEN_34_FIT_0.8963771905530429_0.8963821329546018_0.8963898464231951_SIZE_1_1.35_2
GEN_35_FIT_0.8963874474931546_0.896389606530191_0.8963898464231951_SIZE_1_1.9_2
GEN_36_FIT_0.8963874474931546_0.896389606530191_0.8963898464231951_SIZE_1_1.9_2
GEN_37_FIT_0.8963327908876265_0.89637804930891_0.8963920709021351_SIZE_1_1.5_2
GEN_38_FIT_0.8963874474931546_0.8963894255258038_0.8963920709021351_SIZE_1_1.5_3
GEN_39_FIT_0.8963874474931546_0.8963915060598451_0.8963920709021351_SIZE_1_1.85_3
GEN_40_FIT_0.8963898464231951_0.8963918484542409_0.8963920709021351_SIZE_1_1.9_2
Evaluating in sample:
[GEN_40|make_tuple(0.4605504533382465, 0.0011185994422949087)|0.9044]
[GEN_40|make_tuple(add(0.4584960614009819, 0.0019971783722091754), 0.0011185994422949087)|0.9044]
Evaluating out-of-sample:
[GEN_40|make_tuple(0.4605504533382465, 0.0011185994422949087)|0.9836]
[GEN_40|make_tuple(add(0.4584960614009819, 0.0019971783722091754), 0.0011185994422949087)|0.9836]
GEN_41_FIT_0.8963898464231951_0.8963918484542409_0.8963920709021351_SIZE_1_1.9_2
GEN_42_FIT_0.8963898464231951_0.8963918484542409_0.8963920709021351_SIZE_1_1.9_2
GEN_43_FIT_0.8963898464231951_0.8963918484542409_0.8963920709021351_SIZE_1_1.9_2
GEN_44_FIT_0.8963898464231951_0.8963918484542409_0.8963920709021351_SIZE_1_1.9_2
GEN_45_FIT_0.8963898464231951_0.8963918484542409_0.8963920709021351_SIZE_1_1.85_2
GEN_46_FIT_0.8963898464231951_0.8963918484542409_0.8963920709021351_SIZE_1_1.8_2
GEN_47_FIT_0.8963898464231951_0.8963918484542409_0.8963920709021351_SIZE_1_1.75_2
GEN_48_FIT_0.8963898464231951_0.8963918484542409_0.8963920709021351_SIZE_1_1.55_2
GEN_49_FIT_0.8963920709021351_0.896392070902135_0.8963920709021351_SIZE_1_1.05_2
GEN_50_FIT_0.8963920709021351_0.896392070902135_0.8963920709021351_SIZE_1_1.0_1
GEN_51_FIT_0.8963920709021351_0.896392070902135_0.8963920709021351_SIZE_1_1.0_1
GEN_52_FIT_0.8963920709021351_0.896392070902135_0.8963920709021351_SIZE_1_1.0_1
GEN_53_FIT_0.8963920709021351_0.896392070902135_0.8963920709021351_SIZE_1_1.0_1
GEN_54_FIT_0.8963920709021351_0.896392070902135_0.8963920709021351_SIZE_1_1.0_1
GEN_55_FIT_0.8963920709021351_0.896392070902135_0.8963920709021351_SIZE_1_1.0_1
GEN_56_FIT_0.8963920709021351_0.896392070902135_0.8963920709021351_SIZE_1_1.0_1
GEN_57_FIT_0.8963920709021351_0.896392070902135_0.8963920709021351_SIZE_1_1.0_1
GEN_58_FIT_0.8963920709021351_0.896392070902135_0.8963920709021351_SIZE_1_1.0_1
GEN_59_FIT_0.8963920709021351_0.896392070902135_0.8963920709021351_SIZE_1_1.0_1
GEN_60_FIT_0.8963920709021351_0.896392070902135_0.8963920709021351_SIZE_1_1.0_1
Evaluating in sample:
[GEN_60|make_tuple(0.46027819666928516, 0.0011185994422949087)|0.9044]
Evaluating out-of-sample:
[GEN_60|make_tuple(0.46027819666928516, 0.0011185994422949087)|0.9836]
GEN_61_FIT_0.8963920709021351_0.896392070902135_0.8963920709021351_SIZE_1_1.0_1
GEN_62_FIT_0.8963920709021351_0.896392070902135_0.8963920709021351_SIZE_1_1.0_1
GEN_63_FIT_0.8963920709021351_0.896392070902135_0.8963920709021351_SIZE_1_1.0_1
GEN_64_FIT_0.8963920709021351_0.896392070902135_0.8963920709021351_SIZE_1_1.0_1
GEN_65_FIT_0.8963920709021351_0.896392070902135_0.8963920709021351_SIZE_1_1.0_1
GEN_66_FIT_0.8963920709021351_0.896392070902135_0.8963920709021351_SIZE_1_1.0_1
Evaluating in sample:
[GEN_66|make_tuple(0.46027819666928516, 0.0011185994422949087)|0.9044]
Evaluating out-of-sample:
[GEN_66|make_tuple(0.46027819666928516, 0.0011185994422949087)|0.9836]
Stopped early in iteration 66, no improvement in 20 gens.
START_TASK: 11
GEN_0_FIT_0.8316103583454597_0.8851811055776659_0.8964884089083628_SIZE_1_3.65_11
GEN_1_FIT_0.8842570960936602_0.8920041839581963_0.8964884089083628_SIZE_1_2.55_11
GEN_2_FIT_0.892556666096346_0.8944346558443339_0.8964884089083628_SIZE_1_1.55_4
GEN_3_FIT_0.8953567658870836_0.8961450662302747_0.8968563441308163_SIZE_1_1.75_3
GEN_4_FIT_0.8962815046503115_0.8964630799387419_0.8968563441308163_SIZE_1_1.3_2
GEN_5_FIT_0.8964884089083628_0.8965468303742092_0.8968563441308163_SIZE_1_1.0_1
GEN_6_FIT_0.8965104960224449_0.8967787949542372_0.8968695318947347_SIZE_1_1.0_1
GEN_7_FIT_0.8968563441308163_0.8968744269108895_0.897158903785753_SIZE_1_1.0_1
GEN_8_FIT_0.8968612272945086_0.8969397745781679_0.897158903785753_SIZE_1_1.0_1
GEN_9_FIT_0.8968707477605773_0.8971259017312067_0.897158903785753_SIZE_1_1.1_2
GEN_10_FIT_0.897158903785753_0.897159050498751_0.897161838045714_SIZE_1_1.0_1
GEN_11_FIT_0.897158903785753_0.8971599039678686_0.8971701046481874_SIZE_1_1.05_2
GEN_12_FIT_0.897158903785753_0.8971613442889786_0.8971701046481874_SIZE_1_1.05_2
GEN_13_FIT_0.897161838045714_0.8971638585930496_0.8971774491850049_SIZE_1_1.0_1
GEN_14_FIT_0.897161838045714_0.8971667058006325_0.8971774491850049_SIZE_1_1.0_1
GEN_15_FIT_0.8971701046481874_0.8971723080092324_0.8971774491850049_SIZE_1_1.05_2
GEN_16_FIT_0.8971701046481874_0.8971752458239596_0.8971774491850049_SIZE_1_1.1_2
GEN_17_FIT_0.8971774491850049_0.8971774491850049_0.8971774491850049_SIZE_1_1.0_1
GEN_18_FIT_0.8971774491850049_0.8971774491850049_0.8971774491850049_SIZE_1_1.0_1
GEN_19_FIT_0.8971774491850049_0.8971774491850049_0.8971774491850049_SIZE_1_1.0_1
GEN_20_FIT_0.8971774491850049_0.8971774491850049_0.8971774491850049_SIZE_1_1.0_1
Evaluating in sample:
[GEN_20|make_tuple(0.8631488609028248, 0.0012090438802288168)|0.8972]
Evaluating out-of-sample:
[GEN_20|make_tuple(0.8631488609028248, 0.0012090438802288168)|0.9234]
GEN_21_FIT_0.8971774491850049_0.8971774491850049_0.8971774491850049_SIZE_1_1.0_1
GEN_22_FIT_0.8971774491850049_0.8971774491850049_0.8971774491850049_SIZE_1_1.0_1
GEN_23_FIT_0.8971774491850049_0.8971774491850049_0.8971774491850049_SIZE_1_1.0_1
GEN_24_FIT_0.8971774491850049_0.8971775878552268_0.8971802225894435_SIZE_1_1.0_1
GEN_25_FIT_0.8971774491850049_0.8971777265254488_0.8971802225894435_SIZE_1_1.05_2
GEN_26_FIT_0.8971774491850049_0.8971781425361145_0.8971802225894435_SIZE_1_1.1_2
GEN_27_FIT_0.8971774491850049_0.8971793905681119_0.8971802225894435_SIZE_1_1.1_2
GEN_28_FIT_0.8971802225894435_0.8971802225894436_0.8971802225894435_SIZE_1_1.0_1
GEN_29_FIT_0.8971802225894435_0.8971802225894436_0.8971802225894435_SIZE_1_1.0_1
GEN_30_FIT_0.8971802225894435_0.8971802225894436_0.8971802225894435_SIZE_1_1.0_1
GEN_31_FIT_0.8971802225894435_0.8971802225894436_0.8971802225894435_SIZE_1_1.0_1
GEN_32_FIT_0.8971802225894435_0.8971802225894436_0.8971802225894435_SIZE_1_1.0_1
GEN_33_FIT_0.8971802225894435_0.8971802225894436_0.8971802225894435_SIZE_1_1.0_1
GEN_34_FIT_0.8971802225894435_0.8971802225894436_0.8971802225894435_SIZE_1_1.0_1
GEN_35_FIT_0.8971802225894435_0.8971802225894436_0.8971802225894435_SIZE_1_1.0_1
GEN_36_FIT_0.8971802225894435_0.8971802225894436_0.8971802225894435_SIZE_1_1.0_1
GEN_37_FIT_0.8971802225894435_0.8971802225894436_0.8971802225894435_SIZE_1_1.0_1
GEN_38_FIT_0.8971802225894435_0.8971802225894436_0.8971802225894435_SIZE_1_1.0_1
GEN_39_FIT_0.8971802225894435_0.8971802225894436_0.8971802225894435_SIZE_1_1.0_1
GEN_40_FIT_0.8971802225894435_0.8971802225894436_0.8971802225894435_SIZE_1_1.0_1
Evaluating in sample:
[GEN_40|make_tuple(0.8602915201072442, 0.0012090438802288168)|0.8972]
Evaluating out-of-sample:
[GEN_40|make_tuple(0.8602915201072442, 0.0012090438802288168)|0.9232]
GEN_41_FIT_0.8971802225894435_0.8971802225894436_0.8971802225894435_SIZE_1_1.0_1
GEN_42_FIT_0.8971802225894435_0.8971802225894436_0.8971802225894435_SIZE_1_1.0_1
GEN_43_FIT_0.8971802225894435_0.8971802225894436_0.8971802225894435_SIZE_1_1.0_1
GEN_44_FIT_0.8971802225894435_0.8971802225894436_0.8971802225894435_SIZE_1_1.0_1
GEN_45_FIT_0.8971802225894435_0.8971802225894436_0.8971802225894435_SIZE_1_1.0_1
Evaluating in sample:
[GEN_45|make_tuple(0.8602915201072442, 0.0012090438802288168)|0.8972]
Evaluating out-of-sample:
[GEN_45|make_tuple(0.8602915201072442, 0.0012090438802288168)|0.9232]
Stopped early in iteration 45, no improvement in 20 gens.
START_TASK: 12
