Starting problem: mlr_rpart
param:age_regularization:100000.0
param:algorithm:mupluslambda
param:constants_only:True
param:cxpb:0.25
param:early_stop_n:20
param:lambda_:100
param:max_number_operators:None
param:max_start_size:2
param:mu:20
param:ngen:300
param:optimize_constants:False
param:output_file:/home/gijsbers/symbolicdefaults/runs/mlr_rpart_True_8.log
param:problem:mlr_rpart
param:subset:1.0
param:task:None
param:warm_start:False
Benchmark problems: mlr_rpart
Loading surrogates from file.
START_TASK: 3
GEN_0_FIT_0.7270616470807867_0.8155668933019904_0.8526259598330128_SIZE_1_5.35_16
GEN_1_FIT_0.8324782510328472_0.8453614894147989_0.8526259598330128_SIZE_1_5.0_12
GEN_2_FIT_0.8426197102293712_0.8492852775566929_0.8620288687513046_SIZE_1_4.15_10
GEN_3_FIT_0.8437074760766508_0.8546169007058986_0.8620288687513046_SIZE_1_3.1_7
GEN_4_FIT_0.8511658421611193_0.8572306630150763_0.8630933320455105_SIZE_1_2.5_5
GEN_5_FIT_0.8513768432974526_0.8612563825675025_0.8674090723363107_SIZE_1_2.95_5
GEN_6_FIT_0.8607597730659778_0.8632937175125714_0.8674090723363107_SIZE_1_1.9_5
GEN_7_FIT_0.8629040694891768_0.8667970828469038_0.8679262126484945_SIZE_1_1.75_4
GEN_8_FIT_0.8674090723363107_0.8677749304822792_0.8681209005420398_SIZE_1_1.65_3
GEN_9_FIT_0.8676503504429275_0.8680080088962828_0.8683298759056421_SIZE_1_1.45_3
GEN_10_FIT_0.8679262126484945_0.8685303398022525_0.8708351148049795_SIZE_1_1.35_3
GEN_11_FIT_0.8689180675558225_0.8695078056593273_0.8708464948910872_SIZE_1_1.55_3
GEN_12_FIT_0.8699183413190861_0.870703413659377_0.8720226833262136_SIZE_1_1.35_3
GEN_13_FIT_0.8708784913766404_0.871521391681673_0.8720226833262136_SIZE_1_1.55_3
GEN_14_FIT_0.8717247099191964_0.8719447242595276_0.8727164741455605_SIZE_1_1.6_4
GEN_15_FIT_0.8720226833262136_0.8721595505346118_0.8727164741455605_SIZE_1_1.2_4
GEN_16_FIT_0.8720226833262136_0.8723558100654264_0.8727164741455605_SIZE_1_1.5_4
GEN_17_FIT_0.8727164741455605_0.872741651302349_0.8728748461322996_SIZE_1_1.3_4
GEN_18_FIT_0.8727428978482172_0.872806134557446_0.8729287307737308_SIZE_1_2.1_4
GEN_19_FIT_0.8727940163187486_0.8728880185350716_0.8729594815729146_SIZE_1_2.0_3
GEN_20_FIT_0.8728748461322996_0.87292975578047_0.8729594815729146_SIZE_1_1.4_2
Evaluating in sample:
[GEN_20|make_tuple(0.0016361145079565084, 22, 11, 28)|0.8729]
[GEN_20|make_tuple(0.0016361145079565084, 22, 11, add(29, 0.025634849097496238))|0.8730]
Evaluating out-of-sample:
[GEN_20|make_tuple(0.0016361145079565084, 22, 11, 28)|0.9628]
[GEN_20|make_tuple(0.0016361145079565084, 22, 11, add(29, 0.025634849097496238))|0.9625]
GEN_21_FIT_0.8729284695808397_0.872931570780047_0.8729594815729146_SIZE_1_1.1_2
GEN_22_FIT_0.8729284695808397_0.8730184028079613_0.8747271341232749_SIZE_1_1.05_2
GEN_23_FIT_0.8729284695808397_0.8733803543196081_0.8747271341232749_SIZE_1_1.25_2
GEN_24_FIT_0.8729284695808397_0.874368756088049_0.8747271341232749_SIZE_1_1.8_2
GEN_25_FIT_0.8729284695808397_0.8733060022172611_0.8748385733078258_SIZE_1_1.2_2
GEN_26_FIT_0.8729284695808397_0.8736080479984274_0.8748385733078258_SIZE_1_1.4_3
GEN_27_FIT_0.872972841644035_0.8731594148104141_0.8748385733078258_SIZE_1_1.1_2
GEN_28_FIT_0.872972841644035_0.8730663940212967_0.8748438891892699_SIZE_1_1.05_2
GEN_29_FIT_0.872972841644035_0.8731599463985585_0.8748438891892699_SIZE_1_1.1_2
GEN_30_FIT_0.872972841644035_0.8731108239517535_0.8757324877984072_SIZE_1_1.05_2
GEN_31_FIT_0.872972841644035_0.8731108239517535_0.8757324877984072_SIZE_1_1.05_2
GEN_32_FIT_0.872972841644035_0.8731108239517535_0.8757324877984072_SIZE_1_1.05_2
GEN_33_FIT_0.872972841644035_0.8733866537788666_0.8757324877984072_SIZE_1_1.15_2
GEN_34_FIT_0.872972841644035_0.8732585175343418_0.8758361074712723_SIZE_1_1.1_2
GEN_35_FIT_0.872972841644035_0.8734034029926521_0.875845270418045_SIZE_1_1.15_2
GEN_36_FIT_0.872972841644035_0.8735476377585456_0.875845270418045_SIZE_1_1.2_2
GEN_37_FIT_0.8729759082799996_0.8732628444938042_0.875845270418045_SIZE_1_1.1_2
GEN_38_FIT_0.8729759082799996_0.8732628444938042_0.875845270418045_SIZE_1_1.1_2
GEN_39_FIT_0.8729759082799996_0.8732628444938042_0.875845270418045_SIZE_1_1.1_2
GEN_40_FIT_0.8729759082799996_0.8732628444938042_0.875845270418045_SIZE_1_1.1_2
Evaluating in sample:
[GEN_40|make_tuple(0.0015551376741993915, 22, 11, 28)|0.8730]
[GEN_40|make_tuple(sub(0.0016361145079565084, 0.0013319849691036125), 22, 11, 28)|0.8758]
Evaluating out-of-sample:
[GEN_40|make_tuple(0.0015551376741993915, 22, 11, 28)|0.9627]
[GEN_40|make_tuple(sub(0.0016361145079565084, 0.0013319849691036125), 22, 11, 28)|0.9675]
GEN_41_FIT_0.8729759082799996_0.8732628444938042_0.875845270418045_SIZE_1_1.1_2
GEN_42_FIT_0.8729759082799996_0.8731261642748864_0.8759810281777346_SIZE_1_1.05_2
GEN_43_FIT_0.8729759082799996_0.8731261642748864_0.8759810281777346_SIZE_1_1.05_2
GEN_44_FIT_0.8729759082799996_0.8732764202697731_0.8759810281777346_SIZE_1_1.1_2
GEN_45_FIT_0.8729759082799996_0.8732764202697731_0.8759810281777346_SIZE_1_1.1_2
GEN_46_FIT_0.8729759082799996_0.8732764202697731_0.8759810281777346_SIZE_1_1.1_2
GEN_47_FIT_0.8729759082799996_0.8732764202697731_0.8759810281777346_SIZE_1_1.1_2
GEN_48_FIT_0.8729759082799996_0.8732764202697731_0.8759810281777346_SIZE_1_1.1_2
GEN_49_FIT_0.8729759082799996_0.8732764202697731_0.8759810281777346_SIZE_1_1.1_2
GEN_50_FIT_0.8729759082799996_0.8732764202697731_0.8759810281777346_SIZE_1_1.1_2
GEN_51_FIT_0.8729759082799996_0.8732764202697731_0.8759810281777346_SIZE_1_1.1_2
GEN_52_FIT_0.8729759082799996_0.8732764202697731_0.8759810281777346_SIZE_1_1.1_2
GEN_53_FIT_0.8729759082799996_0.8736625797557822_0.8759810281777346_SIZE_1_1.25_2
GEN_54_FIT_0.8729759082799996_0.8747829894259234_0.8759810281777346_SIZE_1_1.6_2
GEN_55_FIT_0.873024466352049_0.875685371995166_0.8759810281777346_SIZE_1_1.9_2
GEN_56_FIT_0.8727772044423598_0.875385605260959_0.8760635536161946_SIZE_1_1.8_2
GEN_57_FIT_0.873024466352049_0.8742401012577072_0.8760635536161946_SIZE_1_1.4_2
GEN_58_FIT_0.873024466352049_0.8733283750784636_0.8760635536161946_SIZE_1_1.1_2
GEN_59_FIT_0.873024466352049_0.8733283750784636_0.8760635536161946_SIZE_1_1.1_2
GEN_60_FIT_0.873024466352049_0.8733283750784636_0.8760635536161946_SIZE_1_1.1_2
Evaluating in sample:
[GEN_60|make_tuple(0.0015599657001304141, 22, 11, 28)|0.8730]
[GEN_60|make_tuple(sub(0.0017370732070186756, 0.0013319849691036125), 22, 11, 27)|0.8761]
Evaluating out-of-sample:
[GEN_60|make_tuple(0.0015599657001304141, 22, 11, 28)|0.9627]
[GEN_60|make_tuple(sub(0.0017370732070186756, 0.0013319849691036125), 22, 11, 27)|0.9675]
GEN_61_FIT_0.873024466352049_0.8733283750784636_0.8760635536161946_SIZE_1_1.1_2
GEN_62_FIT_0.873024466352049_0.8733283750784636_0.8760635536161946_SIZE_1_1.1_2
GEN_63_FIT_0.873024466352049_0.8733283750784636_0.8760635536161946_SIZE_1_1.1_2
GEN_64_FIT_0.873024466352049_0.8733283750784636_0.8760635536161946_SIZE_1_1.1_2
GEN_65_FIT_0.873024466352049_0.8733283750784636_0.8760635536161946_SIZE_1_1.1_2
GEN_66_FIT_0.873024466352049_0.8733283750784636_0.8760635536161946_SIZE_1_1.1_2
GEN_67_FIT_0.873024466352049_0.8733283750784636_0.8760635536161946_SIZE_1_1.1_2
GEN_68_FIT_0.873024466352049_0.8733283750784636_0.8760635536161946_SIZE_1_1.1_2
GEN_69_FIT_0.873024466352049_0.8731768686350689_0.8760725120124454_SIZE_1_1.05_2
GEN_70_FIT_0.873024466352049_0.8733292709180887_0.8760725120124454_SIZE_1_1.1_2
GEN_71_FIT_0.873024466352049_0.8733292709180887_0.8760725120124454_SIZE_1_1.1_2
GEN_72_FIT_0.873024466352049_0.8733292709180887_0.8760725120124454_SIZE_1_1.1_2
GEN_73_FIT_0.873024466352049_0.8733292709180887_0.8760725120124454_SIZE_1_1.1_2
GEN_74_FIT_0.873024466352049_0.8733292709180887_0.8760725120124454_SIZE_1_1.1_2
GEN_75_FIT_0.873024466352049_0.8733292709180887_0.8760725120124454_SIZE_1_1.1_2
GEN_76_FIT_0.873024466352049_0.8733292709180887_0.8760725120124454_SIZE_1_1.1_2
GEN_77_FIT_0.873024466352049_0.8733292709180887_0.8760725120124454_SIZE_1_1.1_2
GEN_78_FIT_0.873024466352049_0.8737007454563457_0.8760725120124454_SIZE_1_1.25_2
GEN_79_FIT_0.873024466352049_0.8749859835434126_0.8760725120124454_SIZE_1_1.65_2
GEN_80_FIT_0.873024466352049_0.8756120538707706_0.8760725120124454_SIZE_1_1.9_3
Evaluating in sample:
[GEN_80|make_tuple(0.0015515310695967397, 22, 11, 28)|0.8730]
[GEN_80|make_tuple(sub(0.0017370732070186756, 0.0013132332235146183), 22, 11, 27)|0.8761]
Evaluating out-of-sample:
[GEN_80|make_tuple(0.0015515310695967397, 22, 11, 28)|0.9627]
[GEN_80|make_tuple(sub(0.0017370732070186756, 0.0013132332235146183), 22, 11, 27)|0.9675]
GEN_81_FIT_0.873041746476135_0.8759209737356299_0.8760725120124454_SIZE_1_1.95_2
GEN_82_FIT_0.873041746476135_0.8759209737356299_0.8760725120124454_SIZE_1_1.95_2
GEN_83_FIT_0.873041746476135_0.8757694354588145_0.8760725120124454_SIZE_1_1.9_2
GEN_84_FIT_0.8729499165569942_0.8756369680760194_0.8765457598119987_SIZE_1_1.85_2
GEN_85_FIT_0.8729499165569942_0.8746005674384809_0.8765457598119987_SIZE_1_1.5_2
GEN_86_FIT_0.8730010196322516_0.8747867634411927_0.8765457598119987_SIZE_1_1.55_3
GEN_87_FIT_0.873041746476135_0.873742549143308_0.8765457598119987_SIZE_1_1.2_2
GEN_88_FIT_0.873041746476135_0.8733921478097215_0.8765457598119987_SIZE_1_1.1_2
GEN_89_FIT_0.873041746476135_0.8733921478097215_0.8765457598119987_SIZE_1_1.1_2
GEN_90_FIT_0.873041746476135_0.8737114589637512_0.8765457598119987_SIZE_1_1.25_3
GEN_91_FIT_0.873041746476135_0.8742644086756712_0.8765457598119987_SIZE_1_1.4_3
GEN_92_FIT_0.873041746476135_0.8753186047628457_0.8765457598119987_SIZE_1_1.8_3
GEN_93_FIT_0.8730716673402898_0.876198350564828_0.8765457598119987_SIZE_1_1.9_2
GEN_94_FIT_0.8730716673402898_0.876198350564828_0.8765457598119987_SIZE_1_1.9_2
GEN_95_FIT_0.8730716673402898_0.876198350564828_0.8765457598119987_SIZE_1_1.9_2
GEN_96_FIT_0.8730716673402898_0.876198350564828_0.8765457598119987_SIZE_1_1.9_2
GEN_97_FIT_0.8730716673402898_0.876198350564828_0.8765457598119987_SIZE_1_1.9_2
GEN_98_FIT_0.8730716673402898_0.876198350564828_0.8765457598119987_SIZE_1_1.9_2
GEN_99_FIT_0.8730716673402898_0.876198350564828_0.8765457598119987_SIZE_1_1.9_2
GEN_100_FIT_0.8730716673402898_0.876198350564828_0.8765457598119987_SIZE_1_1.9_2
Evaluating in sample:
[GEN_100|make_tuple(0.0015609951571932412, 22, 11, 28)|0.8731]
[GEN_100|make_tuple(sub(0.0017370732070186756, 0.0013099546477833477), 22, 11, 27)|0.8765]
Evaluating out-of-sample:
[GEN_100|make_tuple(0.0015609951571932412, 22, 11, 28)|0.9627]
[GEN_100|make_tuple(sub(0.0017370732070186756, 0.0013099546477833477), 22, 11, 27)|0.9675]
GEN_101_FIT_0.8730716673402898_0.876198350564828_0.8765457598119987_SIZE_1_1.9_2
GEN_102_FIT_0.8730716673402898_0.876198350564828_0.8765457598119987_SIZE_1_1.9_2
GEN_103_FIT_0.8730716673402898_0.876198350564828_0.8765457598119987_SIZE_1_1.9_2
GEN_104_FIT_0.8730716673402898_0.876198350564828_0.8765457598119987_SIZE_1_1.9_2
GEN_105_FIT_0.8730716673402898_0.876198350564828_0.8765457598119987_SIZE_1_1.9_2
Evaluating in sample:
[GEN_105|make_tuple(0.0015609951571932412, 22, 11, 28)|0.8731]
[GEN_105|make_tuple(sub(0.0017370732070186756, 0.0013099546477833477), 22, 11, 27)|0.8765]
Evaluating out-of-sample:
[GEN_105|make_tuple(0.0015609951571932412, 22, 11, 28)|0.9627]
[GEN_105|make_tuple(sub(0.0017370732070186756, 0.0013099546477833477), 22, 11, 27)|0.9675]
Stopped early in iteration 105, no improvement in 20 gens.
START_TASK: 6
GEN_0_FIT_0.4986945527270939_0.687961293752232_0.852085375150001_SIZE_1_4.1_16
GEN_1_FIT_0.6746946041347452_0.8120189785596688_0.8565239471243998_SIZE_1_4.25_12
GEN_2_FIT_0.8476424661188734_0.8518996424534221_0.8565239471243998_SIZE_1_4.6_8
GEN_3_FIT_0.851038154762147_0.8576118073994141_0.8702871275729706_SIZE_1_3.45_6
GEN_4_FIT_0.8526026988079297_0.8634378293284387_0.8702871275729706_SIZE_1_3.6_6
GEN_5_FIT_0.8544955273920839_0.8652433722799119_0.870471881123805_SIZE_1_3.2_5
GEN_6_FIT_0.8608614277748826_0.8664147808149945_0.8705786643024739_SIZE_1_3.0_6
GEN_7_FIT_0.8637630836161043_0.8688084816877589_0.8716818098268534_SIZE_1_3.0_5
GEN_8_FIT_0.8658255258543983_0.8700968547881764_0.8720499787122397_SIZE_1_2.95_5
GEN_9_FIT_0.8695867411412478_0.8713327569827551_0.8724242347799455_SIZE_1_2.4_5
GEN_10_FIT_0.8704879620377879_0.8719290635642212_0.8726908264137687_SIZE_1_2.1_4
GEN_11_FIT_0.8716775224372377_0.8722146418098422_0.8727778745398528_SIZE_1_2.05_4
GEN_12_FIT_0.8719592708464409_0.8726128711382044_0.8727778745398528_SIZE_1_2.4_4
GEN_13_FIT_0.8724242347799455_0.8727307360646742_0.8727778745398528_SIZE_1_2.05_4
GEN_14_FIT_0.8726638937098761_0.8728472575240488_0.873575439948241_SIZE_1_1.45_2
GEN_15_FIT_0.8727778745398528_0.872922149945494_0.873575439948241_SIZE_1_1.15_2
GEN_16_FIT_0.8727778745398528_0.8733287818224522_0.873575439948241_SIZE_1_1.35_2
GEN_17_FIT_0.8733470548764342_0.873566627197038_0.8737629001128175_SIZE_1_1.1_2
GEN_18_FIT_0.873575439948241_0.8736268003057142_0.8738741007786931_SIZE_1_1.1_2
GEN_19_FIT_0.8736643045371912_0.8738208015732238_0.8740095505452361_SIZE_1_1.2_2
GEN_20_FIT_0.8738741007786931_0.8739166771573608_0.8741306334481864_SIZE_1_1.1_2
Evaluating in sample:
[GEN_20|make_tuple(0.0016301299055920166, 22, 11, 30)|0.8741]
Evaluating out-of-sample:
[GEN_20|make_tuple(0.0016301299055920166, 22, 11, 30)|0.8090]
GEN_21_FIT_0.8739028938953317_0.8739838788830028_0.8741306334481864_SIZE_1_1.1_2
GEN_22_FIT_0.8740095505452361_0.8740907789973729_0.8741306334481864_SIZE_1_1.05_2
GEN_23_FIT_0.8741306334481864_0.8741409432091618_0.8742521574242291_SIZE_1_1.0_1
GEN_24_FIT_0.8741306334481864_0.8742493489125491_0.8750938586842261_SIZE_1_1.1_2
GEN_25_FIT_0.8741732038631307_0.8746104060408678_0.8752463476198792_SIZE_1_1.45_2
GEN_26_FIT_0.8742020242510427_0.8743962937402951_0.8753627975273893_SIZE_1_1.15_2
GEN_27_FIT_0.8742521574242291_0.8743632214345451_0.8753627975273893_SIZE_1_1.1_2
GEN_28_FIT_0.8742521574242291_0.8744706647169511_0.8753627975273893_SIZE_1_1.2_2
GEN_29_FIT_0.8742521574242291_0.8744411596417647_0.8757059478039353_SIZE_1_1.15_2
GEN_30_FIT_0.8742521574242291_0.8744192418076417_0.8757988899775476_SIZE_1_1.1_2
GEN_31_FIT_0.8742784008654005_0.8744304497766151_0.8757988899775476_SIZE_1_1.1_2
GEN_32_FIT_0.8742784008654005_0.8744304497766151_0.8757988899775476_SIZE_1_1.1_2
GEN_33_FIT_0.8742784008654005_0.8744304497766151_0.8757988899775476_SIZE_1_1.1_2
GEN_34_FIT_0.8742784008654005_0.8744304497766151_0.8757988899775476_SIZE_1_1.1_2
GEN_35_FIT_0.8742784008654005_0.8744304497766151_0.8757988899775476_SIZE_1_1.1_2
GEN_36_FIT_0.8742784008654005_0.8744304497766151_0.8757988899775476_SIZE_1_1.1_2
GEN_37_FIT_0.8742784008654005_0.874799633793683_0.8757988899775476_SIZE_1_1.4_3
GEN_38_FIT_0.8742926741291107_0.875458043926716_0.8757988899775476_SIZE_1_1.9_3
GEN_39_FIT_0.8742926741291107_0.8752785143313506_0.8757988899775476_SIZE_1_1.75_3
GEN_40_FIT_0.8742926741291107_0.8748147739800208_0.8766999234899253_SIZE_1_1.3_2
Evaluating in sample:
[GEN_40|make_tuple(0.001561480680541368, 22, 11, 28)|0.8743]
[GEN_40|make_tuple(mul(0.0016301299055920166, 0.18693357314119996), 22, 11, 27)|0.8767]
Evaluating out-of-sample:
[GEN_40|make_tuple(0.001561480680541368, 22, 11, 28)|0.8134]
[GEN_40|make_tuple(mul(0.0016301299055920166, 0.18693357314119996), 22, 11, 27)|0.8710]
GEN_41_FIT_0.8743384621668562_0.8745746082991632_0.8766999234899253_SIZE_1_1.1_2
GEN_42_FIT_0.8743384621668562_0.8745746082991632_0.8766999234899253_SIZE_1_1.1_2
GEN_43_FIT_0.8743384621668562_0.8748102149323571_0.8766999234899253_SIZE_1_1.2_2
GEN_44_FIT_0.8743384621668562_0.8751638946317046_0.8766999234899253_SIZE_1_1.35_2
GEN_45_FIT_0.8743817008725818_0.8758885455738552_0.8766999234899253_SIZE_1_1.65_2
GEN_46_FIT_0.8743817008725818_0.876468101228191_0.8766999234899253_SIZE_1_1.9_2
GEN_47_FIT_0.8742940699692507_0.8760066438559878_0.8769189283218963_SIZE_1_1.7_2
GEN_48_FIT_0.8742940699692507_0.8750026636275579_0.8769189283218963_SIZE_1_1.25_2
GEN_49_FIT_0.8743817008725818_0.8746354236175135_0.8769189283218963_SIZE_1_1.1_2
GEN_50_FIT_0.8743817008725818_0.8746354236175135_0.8769189283218963_SIZE_1_1.1_2
GEN_51_FIT_0.8743817008725818_0.8746354236175135_0.8769189283218963_SIZE_1_1.1_2
GEN_52_FIT_0.8743817008725818_0.8746354236175135_0.8769189283218963_SIZE_1_1.1_2
GEN_53_FIT_0.8743817008725818_0.8746354236175135_0.8769189283218963_SIZE_1_1.1_2
GEN_54_FIT_0.8743817008725818_0.8745098188026572_0.8769440594740875_SIZE_1_1.05_2
GEN_55_FIT_0.8743817008725818_0.8745098188026572_0.8769440594740875_SIZE_1_1.05_2
GEN_56_FIT_0.8743817008725818_0.8745098188026572_0.8769440594740875_SIZE_1_1.05_2
GEN_57_FIT_0.8743817008725818_0.8745098188026572_0.8769440594740875_SIZE_1_1.05_2
GEN_58_FIT_0.8743817008725818_0.8745098188026572_0.8769440594740875_SIZE_1_1.05_2
GEN_59_FIT_0.8743817008725818_0.8745098188026572_0.8769440594740875_SIZE_1_1.05_2
GEN_60_FIT_0.8743817008725818_0.8745098188026572_0.8769440594740875_SIZE_1_1.05_2
Evaluating in sample:
[GEN_60|make_tuple(0.001561167906549075, 22, 11, 28)|0.8744]
[GEN_60|make_tuple(mul(0.00226082858695623, 0.17546850158933752), 22, 11, 27)|0.8769]
Evaluating out-of-sample:
[GEN_60|make_tuple(0.001561167906549075, 22, 11, 28)|0.8134]
[GEN_60|make_tuple(mul(0.00226082858695623, 0.17546850158933752), 22, 11, 27)|0.8710]
GEN_61_FIT_0.8743817008725818_0.8745098188026572_0.8769440594740875_SIZE_1_1.05_2
GEN_62_FIT_0.8743817008725818_0.8746379367327325_0.8769440594740875_SIZE_1_1.1_2
GEN_63_FIT_0.8743817008725818_0.8745326476237331_0.877400635895603_SIZE_1_1.05_2
GEN_64_FIT_0.8743817008725818_0.8746835943748842_0.877400635895603_SIZE_1_1.1_2
GEN_65_FIT_0.8743817008725818_0.8746835943748842_0.877400635895603_SIZE_1_1.1_2
GEN_66_FIT_0.8743817008725818_0.8746835943748842_0.877400635895603_SIZE_1_1.1_2
GEN_67_FIT_0.8743817008725818_0.8746835943748842_0.877400635895603_SIZE_1_1.1_2
GEN_68_FIT_0.8743817008725818_0.8746835943748842_0.877400635895603_SIZE_1_1.1_2
GEN_69_FIT_0.8743817008725818_0.8746835943748842_0.877400635895603_SIZE_1_1.1_2
GEN_70_FIT_0.8743817008725818_0.8746835943748842_0.877400635895603_SIZE_1_1.1_2
GEN_71_FIT_0.8743817008725818_0.8746835943748842_0.877400635895603_SIZE_1_1.1_2
GEN_72_FIT_0.8743817008725818_0.8746835943748842_0.877400635895603_SIZE_1_1.1_2
GEN_73_FIT_0.8743817008725818_0.8746835943748842_0.877400635895603_SIZE_1_1.1_2
GEN_74_FIT_0.8743817008725818_0.8746835943748842_0.877400635895603_SIZE_1_1.1_2
GEN_75_FIT_0.8743817008725818_0.8746835943748842_0.877400635895603_SIZE_1_1.1_2
GEN_76_FIT_0.8743817008725818_0.8746835943748842_0.877400635895603_SIZE_1_1.1_2
GEN_77_FIT_0.8743817008725818_0.8746835943748842_0.877400635895603_SIZE_1_1.1_2
GEN_78_FIT_0.8743817008725818_0.8746835943748842_0.877400635895603_SIZE_1_1.1_2
GEN_79_FIT_0.8743817008725818_0.8746835943748842_0.877400635895603_SIZE_1_1.1_2
GEN_80_FIT_0.8743817008725818_0.8746835943748842_0.877400635895603_SIZE_1_1.1_2
Evaluating in sample:
[GEN_80|make_tuple(0.001561167906549075, 22, 11, 28)|0.8744]
[GEN_80|make_tuple(mul(0.0024429329013660505, 0.17546850158933752), 22, 11, 27)|0.8774]
Evaluating out-of-sample:
[GEN_80|make_tuple(0.001561167906549075, 22, 11, 28)|0.8134]
[GEN_80|make_tuple(mul(0.0024429329013660505, 0.17546850158933752), 22, 11, 27)|0.8710]
GEN_81_FIT_0.8743817008725818_0.8746835943748842_0.877400635895603_SIZE_1_1.1_2
GEN_82_FIT_0.8743817008725818_0.8746835943748842_0.877400635895603_SIZE_1_1.1_2
GEN_83_FIT_0.8743817008725818_0.8746835943748842_0.877400635895603_SIZE_1_1.1_2
GEN_84_FIT_0.8743817008725818_0.8746835943748842_0.877400635895603_SIZE_1_1.1_2
Evaluating in sample:
[GEN_84|make_tuple(0.001561167906549075, 22, 11, 28)|0.8744]
[GEN_84|make_tuple(mul(0.0024429329013660505, 0.17546850158933752), 22, 11, 27)|0.8774]
Evaluating out-of-sample:
[GEN_84|make_tuple(0.001561167906549075, 22, 11, 28)|0.8134]
[GEN_84|make_tuple(mul(0.0024429329013660505, 0.17546850158933752), 22, 11, 27)|0.8710]
Stopped early in iteration 84, no improvement in 20 gens.
START_TASK: 11
GEN_0_FIT_0.6908898895119708_0.8016747253170236_0.8573698841815092_SIZE_1_2.3_5
GEN_1_FIT_0.8513139539289595_0.854449631316629_0.8575863372211376_SIZE_1_1.2_2
GEN_2_FIT_0.8563931206331393_0.8579794270132866_0.8626992710867051_SIZE_1_1.05_2
GEN_3_FIT_0.8593233080345164_0.8610789273269907_0.865232639224192_SIZE_1_1.15_2
GEN_4_FIT_0.8621291842832387_0.8631616200409729_0.8675447723805101_SIZE_1_1.25_2
GEN_5_FIT_0.8626992710867051_0.8649220415592582_0.868868642773685_SIZE_1_1.25_2
GEN_6_FIT_0.865232639224192_0.8673547723373781_0.8708581096630414_SIZE_1_1.1_2
GEN_7_FIT_0.8679663678020433_0.8690927819229751_0.8708581096630414_SIZE_1_1.35_2
GEN_8_FIT_0.8689169654250404_0.8705273935152948_0.8726965927373674_SIZE_1_1.3_2
GEN_9_FIT_0.8708581096630414_0.871314448742799_0.8726965927373674_SIZE_1_1.3_2
GEN_10_FIT_0.8708581096630414_0.8716573704497084_0.872887459211302_SIZE_1_1.4_2
GEN_11_FIT_0.8711713877688445_0.8723745165067932_0.8732339293788102_SIZE_1_1.75_2
GEN_12_FIT_0.8711557839787908_0.8719658844904871_0.8734146981558675_SIZE_1_1.4_2
GEN_13_FIT_0.8715050719264195_0.8727500722326831_0.8735749989352325_SIZE_1_1.6_2
GEN_14_FIT_0.8720658453679311_0.8733768157539545_0.8749230004540266_SIZE_1_1.65_2
GEN_15_FIT_0.8728921894682171_0.8737908111192055_0.8749230004540266_SIZE_1_1.55_2
GEN_16_FIT_0.8730233327789915_0.8739429962518963_0.8751708746193814_SIZE_1_1.45_2
GEN_17_FIT_0.8731549215270262_0.8740560797761054_0.8751708746193814_SIZE_1_1.45_2
GEN_18_FIT_0.8731549215270262_0.8734862181589707_0.8756971930657329_SIZE_1_1.15_2
GEN_19_FIT_0.8731549215270262_0.8741712575170896_0.8756971930657329_SIZE_1_1.5_2
GEN_20_FIT_0.8732066764424976_0.8749294996825505_0.8756971930657329_SIZE_1_1.85_2
Evaluating in sample:
[GEN_20|make_tuple(0.0015628366463073928, 22, 11, 28)|0.8732]
[GEN_20|make_tuple(mul(0.0014294443046193274, 0.2090934105707741), 22, 11, 27)|0.8757]
Evaluating out-of-sample:
[GEN_20|make_tuple(0.0015628366463073928, 22, 11, 28)|0.9368]
[GEN_20|make_tuple(mul(0.0014294443046193274, 0.2090934105707741), 22, 11, 27)|0.9269]
GEN_21_FIT_0.8723369492186773_0.8746158970985588_0.8756971930657329_SIZE_1_1.65_2
GEN_22_FIT_0.8732191353438256_0.8755732901796375_0.8756971930657329_SIZE_1_1.95_2
GEN_23_FIT_0.8719742597075915_0.8752097295831274_0.8762837369456035_SIZE_1_1.8_2
GEN_24_FIT_0.8719054482763074_0.8742912827034175_0.8762837369456035_SIZE_1_1.45_2
GEN_25_FIT_0.8732081240423151_0.8747491170068541_0.876292410695947_SIZE_1_1.5_2
GEN_26_FIT_0.8732081240423151_0.8739912893120623_0.8764194947052932_SIZE_1_1.3_3
GEN_27_FIT_0.8732191353438256_0.8733791533118987_0.8764194947052932_SIZE_1_1.05_2
GEN_28_FIT_0.8732191353438256_0.8735391712799722_0.8764194947052932_SIZE_1_1.1_2
GEN_29_FIT_0.8732191353438256_0.8735391712799722_0.8764194947052932_SIZE_1_1.1_2
GEN_30_FIT_0.8732191353438256_0.8735391712799722_0.8764194947052932_SIZE_1_1.1_2
GEN_31_FIT_0.8732191353438256_0.8735391712799722_0.8764194947052932_SIZE_1_1.1_2
GEN_32_FIT_0.8732191353438256_0.8735391712799722_0.8764194947052932_SIZE_1_1.1_2
GEN_33_FIT_0.8732191353438256_0.8735391712799722_0.8764194947052932_SIZE_1_1.1_2
GEN_34_FIT_0.8732191353438256_0.8735391712799722_0.8764194947052932_SIZE_1_1.1_2
GEN_35_FIT_0.8732191353438256_0.8735391712799722_0.8764194947052932_SIZE_1_1.1_2
GEN_36_FIT_0.8732191353438256_0.8735391712799722_0.8764194947052932_SIZE_1_1.1_2
GEN_37_FIT_0.8732191353438256_0.8735391712799722_0.8764194947052932_SIZE_1_1.1_2
GEN_38_FIT_0.8732191353438256_0.8735391712799722_0.8764194947052932_SIZE_1_1.1_2
GEN_39_FIT_0.8732191353438256_0.8735391712799722_0.8764194947052932_SIZE_1_1.1_2
GEN_40_FIT_0.8732191353438256_0.873403263621689_0.8769017009010972_SIZE_1_1.05_2
Evaluating in sample:
[GEN_40|make_tuple(0.0015628366463073928, 22, 11, 28)|0.8732]
[GEN_40|make_tuple(mul(0.0014294443046193274, 0.2987135626801993), 22, 11, 27)|0.8769]
Evaluating out-of-sample:
[GEN_40|make_tuple(0.0015628366463073928, 22, 11, 28)|0.9368]
[GEN_40|make_tuple(mul(0.0014294443046193274, 0.2987135626801993), 22, 11, 27)|0.9269]
GEN_41_FIT_0.8732191353438256_0.8735873918995527_0.8769017009010972_SIZE_1_1.1_2
GEN_42_FIT_0.8732191353438256_0.8735873918995527_0.8769017009010972_SIZE_1_1.1_2
GEN_43_FIT_0.8732191353438256_0.8735873918995527_0.8769017009010972_SIZE_1_1.1_2
GEN_44_FIT_0.8732191353438256_0.8735873918995527_0.8769017009010972_SIZE_1_1.1_2
GEN_45_FIT_0.8732191353438256_0.8735873918995527_0.8769017009010972_SIZE_1_1.1_2
GEN_46_FIT_0.8732191353438256_0.8735873918995527_0.8769017009010972_SIZE_1_1.1_2
GEN_47_FIT_0.8732191353438256_0.8734036866103967_0.8769101606752506_SIZE_1_1.05_2
GEN_48_FIT_0.8732191353438256_0.8734036866103967_0.8769101606752506_SIZE_1_1.05_2
GEN_49_FIT_0.8732191353438256_0.8735882378769679_0.8769101606752506_SIZE_1_1.1_2
GEN_50_FIT_0.8732191353438256_0.8735882378769679_0.8769101606752506_SIZE_1_1.1_2
GEN_51_FIT_0.8732191353438256_0.8735882378769679_0.8769101606752506_SIZE_1_1.1_2
GEN_52_FIT_0.8732191353438256_0.8735882378769679_0.8769101606752506_SIZE_1_1.1_2
GEN_53_FIT_0.8732191353438256_0.8735882378769679_0.8769101606752506_SIZE_1_1.1_2
GEN_54_FIT_0.8732191353438256_0.8735882378769679_0.8769101606752506_SIZE_1_1.1_2
GEN_55_FIT_0.8732191353438256_0.8735882378769679_0.8769101606752506_SIZE_1_1.1_2
GEN_56_FIT_0.8732191353438256_0.8735882378769679_0.8769101606752506_SIZE_1_1.1_2
GEN_57_FIT_0.8732191353438256_0.8735882378769679_0.8769101606752506_SIZE_1_1.1_2
GEN_58_FIT_0.8732191353438256_0.873409520554022_0.8770268395477574_SIZE_1_1.05_2
GEN_59_FIT_0.8732191353438256_0.873409520554022_0.8770268395477574_SIZE_1_1.05_2
GEN_60_FIT_0.8732191353438256_0.873409520554022_0.8770268395477574_SIZE_1_1.05_2
Evaluating in sample:
[GEN_60|make_tuple(0.0015628366463073928, 22, 11, 28)|0.8732]
[GEN_60|make_tuple(mul(0.0014294443046193274, 0.3009827992832832), 25, 11, 27)|0.8770]
Evaluating out-of-sample:
[GEN_60|make_tuple(0.0015628366463073928, 22, 11, 28)|0.9368]
[GEN_60|make_tuple(mul(0.0014294443046193274, 0.3009827992832832), 25, 11, 27)|0.9266]
GEN_61_FIT_0.8732191353438256_0.873409520554022_0.8770268395477574_SIZE_1_1.05_2
GEN_62_FIT_0.8732191353438256_0.8735999057642185_0.8770268395477574_SIZE_1_1.1_2
GEN_63_FIT_0.8732191353438256_0.8735999057642185_0.8770268395477574_SIZE_1_1.1_2
GEN_64_FIT_0.8732191353438256_0.8735999057642185_0.8770268395477574_SIZE_1_1.1_2
GEN_65_FIT_0.8732191353438256_0.8735999057642185_0.8770268395477574_SIZE_1_1.1_2
GEN_66_FIT_0.8732191353438256_0.8739728529436332_0.8770268395477574_SIZE_1_1.2_2
GEN_67_FIT_0.8732191353438256_0.8743734364569317_0.8770268395477574_SIZE_1_1.3_2
GEN_68_FIT_0.8732191353438256_0.8755395127788473_0.8770268395477574_SIZE_1_1.65_3
GEN_69_FIT_0.8733379606475055_0.876657951657732_0.8770268395477574_SIZE_1_1.9_2
GEN_70_FIT_0.8733379606475055_0.876657951657732_0.8770268395477574_SIZE_1_1.9_2
GEN_71_FIT_0.8733379606475055_0.876657951657732_0.8770268395477574_SIZE_1_1.9_2
GEN_72_FIT_0.8733379606475055_0.876657951657732_0.8770268395477574_SIZE_1_1.9_2
GEN_73_FIT_0.8733379606475055_0.876657951657732_0.8770268395477574_SIZE_1_1.9_2
GEN_74_FIT_0.8733379606475055_0.876657951657732_0.8770268395477574_SIZE_1_1.9_2
GEN_75_FIT_0.8733379606475055_0.876657951657732_0.8770268395477574_SIZE_1_1.9_2
GEN_76_FIT_0.8733379606475055_0.876657951657732_0.8770268395477574_SIZE_1_1.9_2
GEN_77_FIT_0.8733379606475055_0.876657951657732_0.8770268395477574_SIZE_1_1.9_2
GEN_78_FIT_0.8733379606475055_0.876657951657732_0.8770268395477574_SIZE_1_1.9_2
GEN_79_FIT_0.8733379606475055_0.876657951657732_0.8770268395477574_SIZE_1_1.9_2
Evaluating in sample:
[GEN_79|make_tuple(0.0015526660617037331, 22, 11, 28)|0.8733]
[GEN_79|make_tuple(mul(0.0014294443046193274, 0.3009827992832832), 25, 11, 27)|0.8770]
Evaluating out-of-sample:
[GEN_79|make_tuple(0.0015526660617037331, 22, 11, 28)|0.9368]
[GEN_79|make_tuple(mul(0.0014294443046193274, 0.3009827992832832), 25, 11, 27)|0.9266]
Stopped early in iteration 79, no improvement in 20 gens.
START_TASK: 12
GEN_0_FIT_0.7190538877102273_0.8058656442361155_0.8586488843412132_SIZE_1_2.7_5
GEN_1_FIT_0.8344165557697647_0.8545088478301773_0.8596626073844741_SIZE_1_1.5_6
GEN_2_FIT_0.8586488843412132_0.8595955632114611_0.8621401180067214_SIZE_1_1.25_2
GEN_3_FIT_0.8603511350483681_0.8613510634958059_0.8624053452081661_SIZE_1_1.15_2
GEN_4_FIT_0.8621401180067214_0.8630787780101151_0.8658971092988667_SIZE_1_1.15_2
GEN_5_FIT_0.8635115893532899_0.8645670331370179_0.8662393591362089_SIZE_1_1.1_2
GEN_6_FIT_0.864974666461176_0.8659300618772962_0.8680703770903019_SIZE_1_1.25_2
GEN_7_FIT_0.8662393591362089_0.8665782374984069_0.8680703770903019_SIZE_1_1.2_2
GEN_8_FIT_0.8669401646005485_0.8676701994190192_0.8688703328672811_SIZE_1_1.25_2
GEN_9_FIT_0.8680517115637394_0.8685701074777921_0.8692368269655837_SIZE_1_1.35_2
GEN_10_FIT_0.8688703328672811_0.8693324788938831_0.8712160179196189_SIZE_1_1.15_2
GEN_11_FIT_0.8695756353458758_0.8704786585427383_0.8714560611898928_SIZE_1_1.1_2
GEN_12_FIT_0.8712160179196189_0.8713037262761636_0.8715965966859849_SIZE_1_1.1_2
GEN_13_FIT_0.8714560611898928_0.8715564491455179_0.8721965519186409_SIZE_1_1.05_2
GEN_14_FIT_0.8715790315546021_0.8717085494986222_0.8721965519186409_SIZE_1_1.15_2
GEN_15_FIT_0.8717779551797289_0.8722278135829129_0.8748510875898237_SIZE_1_1.45_2
GEN_16_FIT_0.8720914166961131_0.8726206597113549_0.8748510875898237_SIZE_1_1.7_3
GEN_17_FIT_0.8722484621746333_0.8732394672047725_0.8754297700967638_SIZE_1_1.4_3
GEN_18_FIT_0.8723738332612064_0.8743175556166403_0.8756842291438067_SIZE_1_2.05_4
GEN_19_FIT_0.8724406059338261_0.8742060995017564_0.8756885010615393_SIZE_1_1.95_4
GEN_20_FIT_0.8726392571268101_0.875082284254432_0.8759377174099992_SIZE_1_2.4_4
Evaluating in sample:
[GEN_20|make_tuple(0.0015563168448218924, 22, 11, 30)|0.8727]
[GEN_20|make_tuple(mul(0.001638076821694855, 0.1958455279360735), 22, 11, 27)|0.8757]
[GEN_20|make_tuple(mul(0.001762774108803945, sub(0.9397656663717558, 0.7089244579144824)), 22, 11, 27)|0.8759]
Evaluating out-of-sample:
[GEN_20|make_tuple(0.0015563168448218924, 22, 11, 30)|0.9808]
[GEN_20|make_tuple(mul(0.001638076821694855, 0.1958455279360735), 22, 11, 27)|0.9818]
[GEN_20|make_tuple(mul(0.001762774108803945, sub(0.9397656663717558, 0.7089244579144824)), 22, 11, 27)|0.9818]
GEN_21_FIT_0.8727206479736214_0.8744276514414633_0.8759377174099992_SIZE_1_1.85_3
GEN_22_FIT_0.8727733003143574_0.8754233888350234_0.8759377174099992_SIZE_1_2.5_3
GEN_23_FIT_0.8727206479736214_0.8743382341337584_0.8764199236058032_SIZE_1_1.7_3
GEN_24_FIT_0.8727733003143574_0.8737620144818254_0.8764199236058032_SIZE_1_1.45_3
GEN_25_FIT_0.8727733003143574_0.8748098119509711_0.8764199236058032_SIZE_1_1.95_3
GEN_26_FIT_0.8728139223402037_0.8760111028596628_0.8764199236058032_SIZE_1_2.7_3
GEN_27_FIT_0.8728139223402037_0.8754702026698228_0.8764199236058032_SIZE_1_2.4_3
GEN_28_FIT_0.8728139223402037_0.8742323651532052_0.8764199236058032_SIZE_1_1.75_3
GEN_29_FIT_0.8728139223402037_0.8734872072068474_0.8764199236058032_SIZE_1_1.3_3
GEN_30_FIT_0.8728139223402037_0.8734872072068474_0.8764199236058032_SIZE_1_1.3_3
GEN_31_FIT_0.8728139223402037_0.8734872072068474_0.8764199236058032_SIZE_1_1.3_3
GEN_32_FIT_0.8728139223402037_0.8734872072068474_0.8764199236058032_SIZE_1_1.3_3
GEN_33_FIT_0.8728139223402037_0.8734872072068474_0.8764199236058032_SIZE_1_1.3_3
GEN_34_FIT_0.8728139223402037_0.8734872072068474_0.8764199236058032_SIZE_1_1.3_3
GEN_35_FIT_0.8728139223402037_0.8734872072068474_0.8764199236058032_SIZE_1_1.3_3
GEN_36_FIT_0.8728139223402037_0.8734872072068474_0.8764199236058032_SIZE_1_1.3_3
GEN_37_FIT_0.8728139223402037_0.8734872072068474_0.8764199236058032_SIZE_1_1.3_3
GEN_38_FIT_0.8728139223402037_0.8755623995874903_0.8764199236058032_SIZE_1_2.45_4
GEN_39_FIT_0.8728139223402037_0.8750737776175292_0.8764418209142858_SIZE_1_1.85_3
GEN_40_FIT_0.8729511265283745_0.8754179987744944_0.8764418209142858_SIZE_1_1.95_3
Evaluating in sample:
[GEN_40|make_tuple(0.0015528385709643806, 22, 11, 28)|0.8730]
[GEN_40|make_tuple(mul(0.002121086570598243, 0.1958455279360735), 22, 11, 27)|0.8759]
[GEN_40|make_tuple(mul(0.001848898991116778, sub(0.9397656663717558, 0.7089244579144824)), 25, 11, 28)|0.8764]
Evaluating out-of-sample:
[GEN_40|make_tuple(0.0015528385709643806, 22, 11, 28)|0.9809]
[GEN_40|make_tuple(mul(0.002121086570598243, 0.1958455279360735), 22, 11, 27)|0.9818]
[GEN_40|make_tuple(mul(0.001848898991116778, sub(0.9397656663717558, 0.7089244579144824)), 25, 11, 28)|0.9854]
GEN_41_FIT_0.8728585918492593_0.8746672514241579_0.8764418209142858_SIZE_1_1.95_3
GEN_42_FIT_0.8729511265283745_0.8736022640099723_0.8764418209142858_SIZE_1_1.3_3
GEN_43_FIT_0.8729511265283745_0.8736022640099723_0.8764418209142858_SIZE_1_1.3_3
GEN_44_FIT_0.8729511265283745_0.8734279835229739_0.8764469055602284_SIZE_1_1.2_3
GEN_45_FIT_0.8729511265283745_0.8734279835229739_0.8764469055602284_SIZE_1_1.2_3
GEN_46_FIT_0.8729511265283745_0.8736027724745664_0.8764469055602284_SIZE_1_1.3_3
GEN_47_FIT_0.8729511265283745_0.8736027724745664_0.8764469055602284_SIZE_1_1.3_3
GEN_48_FIT_0.8729511265283745_0.8736027724745664_0.8764469055602284_SIZE_1_1.3_3
GEN_49_FIT_0.8729511265283745_0.8736027724745664_0.8764469055602284_SIZE_1_1.3_3
GEN_50_FIT_0.8729511265283745_0.8736027724745664_0.8764469055602284_SIZE_1_1.3_3
GEN_51_FIT_0.8729511265283745_0.8736027724745664_0.8764469055602284_SIZE_1_1.3_3
GEN_52_FIT_0.8729511265283745_0.8736027724745664_0.8764469055602284_SIZE_1_1.3_3
GEN_53_FIT_0.8729511265283745_0.8736027724745664_0.8764469055602284_SIZE_1_1.3_3
GEN_54_FIT_0.8729511265283745_0.8736027724745664_0.8764469055602284_SIZE_1_1.3_3
GEN_55_FIT_0.8729511265283745_0.8736027724745664_0.8764469055602284_SIZE_1_1.3_3
GEN_56_FIT_0.8729511265283745_0.8734305673679701_0.8764985824601551_SIZE_1_1.2_3
GEN_57_FIT_0.8729511265283745_0.8734305673679701_0.8764985824601551_SIZE_1_1.2_3
GEN_58_FIT_0.8729511265283745_0.8736079401645591_0.8764985824601551_SIZE_1_1.3_3
GEN_59_FIT_0.8729511265283745_0.8736079401645591_0.8764985824601551_SIZE_1_1.3_3
GEN_60_FIT_0.8729511265283745_0.8736079401645591_0.8764985824601551_SIZE_1_1.3_3
Evaluating in sample:
[GEN_60|make_tuple(0.0015528385709643806, 22, 11, 28)|0.8730]
[GEN_60|make_tuple(mul(0.002121086570598243, 0.1869831233305781), 22, 11, 27)|0.8760]
[GEN_60|make_tuple(mul(0.001848898991116778, sub(0.9397656663717558, 0.7089244579144824)), 25, 11, 27)|0.8765]
Evaluating out-of-sample:
[GEN_60|make_tuple(0.0015528385709643806, 22, 11, 28)|0.9809]
[GEN_60|make_tuple(mul(0.002121086570598243, 0.1869831233305781), 22, 11, 27)|0.9818]
[GEN_60|make_tuple(mul(0.001848898991116778, sub(0.9397656663717558, 0.7089244579144824)), 25, 11, 27)|0.9858]
GEN_61_FIT_0.8729511265283745_0.8734797349641316_0.8764985824601551_SIZE_1_1.25_3
GEN_62_FIT_0.8729511265283745_0.8734797349641316_0.8764985824601551_SIZE_1_1.25_3
GEN_63_FIT_0.8729511265283745_0.8734797349641316_0.8764985824601551_SIZE_1_1.25_3
GEN_64_FIT_0.8729511265283745_0.8734797349641316_0.8764985824601551_SIZE_1_1.25_3
GEN_65_FIT_0.8729511265283745_0.8736535978067106_0.8764985824601551_SIZE_1_1.3_3
GEN_66_FIT_0.8729511265283745_0.8736535978067106_0.8764985824601551_SIZE_1_1.3_3
GEN_67_FIT_0.8729511265283745_0.8736535978067106_0.8764985824601551_SIZE_1_1.3_3
GEN_68_FIT_0.8729511265283745_0.8736535978067106_0.8764985824601551_SIZE_1_1.3_3
GEN_69_FIT_0.8729511265283745_0.8736535978067106_0.8764985824601551_SIZE_1_1.3_3
GEN_70_FIT_0.8729511265283745_0.8736535978067106_0.8764985824601551_SIZE_1_1.3_3
GEN_71_FIT_0.8729511265283745_0.8736535978067106_0.8764985824601551_SIZE_1_1.3_3
GEN_72_FIT_0.8729511265283745_0.8736535978067106_0.8764985824601551_SIZE_1_1.3_3
GEN_73_FIT_0.8729511265283745_0.8736535978067106_0.8764985824601551_SIZE_1_1.3_3
GEN_74_FIT_0.8729511265283745_0.8736535978067106_0.8764985824601551_SIZE_1_1.3_3
GEN_75_FIT_0.8729511265283745_0.8736535978067106_0.8764985824601551_SIZE_1_1.3_3
GEN_76_FIT_0.8729511265283745_0.8736535978067106_0.8764985824601551_SIZE_1_1.3_3
GEN_77_FIT_0.8729511265283745_0.8736535978067106_0.8764985824601551_SIZE_1_1.3_3
Evaluating in sample:
[GEN_77|make_tuple(0.0015528385709643806, 22, 11, 28)|0.8730]
[GEN_77|make_tuple(mul(0.002121086570598243, 0.2029795179000502), 22, 11, 27)|0.8764]
[GEN_77|make_tuple(mul(0.001848898991116778, sub(0.9397656663717558, 0.7089244579144824)), 25, 11, 27)|0.8765]
Evaluating out-of-sample:
[GEN_77|make_tuple(0.0015528385709643806, 22, 11, 28)|0.9809]
[GEN_77|make_tuple(mul(0.002121086570598243, 0.2029795179000502), 22, 11, 27)|0.9818]
[GEN_77|make_tuple(mul(0.001848898991116778, sub(0.9397656663717558, 0.7089244579144824)), 25, 11, 27)|0.9858]
Stopped early in iteration 77, no improvement in 20 gens.
START_TASK: 14
GEN_0_FIT_0.676759502655641_0.8139463601953869_0.8468783783274706_SIZE_1_5.0_14
GEN_1_FIT_0.801361985410556_0.8452847491616163_0.8548580079131013_SIZE_1_4.15_13
GEN_2_FIT_0.8468783783274706_0.8541825669726839_0.8606749998724929_SIZE_1_2.65_8
GEN_3_FIT_0.8559245900728406_0.8579823604267993_0.8621227040581274_SIZE_1_3.7_9
GEN_4_FIT_0.8595736728645897_0.8610849258479213_0.8632634969287253_SIZE_1_4.75_9
GEN_5_FIT_0.8621227040581274_0.8632319442077143_0.8664853114005718_SIZE_1_3.9_9
GEN_6_FIT_0.8626501829780606_0.8647344501644787_0.8694263719661544_SIZE_1_3.55_7
GEN_7_FIT_0.8643587643413734_0.867199791935065_0.8709523650084227_SIZE_1_4.15_7
GEN_8_FIT_0.865012367969549_0.8698266232443063_0.8731183227721421_SIZE_1_3.85_7
GEN_9_FIT_0.8694875540558648_0.8715022130363922_0.8739249054656376_SIZE_1_4.05_7
GEN_10_FIT_0.8712003778317376_0.8729567584901453_0.8752496349460187_SIZE_1_3.2_6
GEN_11_FIT_0.8712003778317376_0.8721455866123936_0.8752496349460187_SIZE_1_1.95_4
GEN_12_FIT_0.8712937599033432_0.8717210459992722_0.8752496349460187_SIZE_1_1.25_3
GEN_13_FIT_0.8712937599033432_0.8718033208875824_0.8752496349460187_SIZE_1_1.25_3
GEN_14_FIT_0.8712937599033432_0.8722079916163643_0.8758254189083593_SIZE_1_1.45_3
GEN_15_FIT_0.8720188668722162_0.8737613588174465_0.8758254189083593_SIZE_1_2.25_4
GEN_16_FIT_0.8726104137550794_0.8740483963976562_0.8758254189083593_SIZE_1_2.2_4
GEN_17_FIT_0.8726104137550794_0.8748153209435483_0.8758298861072784_SIZE_1_2.55_4
GEN_18_FIT_0.8726104137550794_0.8732786865055745_0.876006026134021_SIZE_1_1.5_3
GEN_19_FIT_0.872679255455562_0.8734541051073575_0.876006026134021_SIZE_1_1.5_4
GEN_20_FIT_0.8727784361201785_0.8731451121405411_0.876006026134021_SIZE_1_1.25_3
Evaluating in sample:
[GEN_20|make_tuple(0.0016347070614156944, 22, 11, 27)|0.8728]
[GEN_20|make_tuple(mul(0.0020281051307867973, 0.07744137983160619), 22, 11, 27)|0.8737]
[GEN_20|make_tuple(truediv(17, truediv(587, 0.01358679456800494)), 22, 11, 27)|0.8760]
Evaluating out-of-sample:
[GEN_20|make_tuple(0.0016347070614156944, 22, 11, 27)|0.9769]
[GEN_20|make_tuple(mul(0.0020281051307867973, 0.07744137983160619), 22, 11, 27)|0.9781]
[GEN_20|make_tuple(truediv(17, truediv(587, 0.01358679456800494)), 22, 11, 27)|0.9779]
GEN_21_FIT_0.8727784361201785_0.8731451121405411_0.876006026134021_SIZE_1_1.25_3
GEN_22_FIT_0.8727784361201785_0.8731890291595196_0.876006026134021_SIZE_1_1.3_3
GEN_23_FIT_0.8727784361201785_0.873148639373375_0.876006026134021_SIZE_1_1.25_3
GEN_24_FIT_0.8727784361201785_0.8731960836251872_0.876006026134021_SIZE_1_1.3_3
GEN_25_FIT_0.8727784361201785_0.8744858110344012_0.876006026134021_SIZE_1_2.3_4
GEN_26_FIT_0.8728509496596066_0.8754626479888199_0.876006026134021_SIZE_1_2.7_3
GEN_27_FIT_0.8728509496596066_0.8754626479888199_0.876006026134021_SIZE_1_2.7_3
GEN_28_FIT_0.8729435458062347_0.8756250316198718_0.876006026134021_SIZE_1_2.8_3
GEN_29_FIT_0.8729435458062347_0.8756250316198718_0.876006026134021_SIZE_1_2.8_3
GEN_30_FIT_0.8729435458062347_0.8754719076034826_0.876006026134021_SIZE_1_2.7_3
GEN_31_FIT_0.8729435458062347_0.8755931213300086_0.876006026134021_SIZE_1_2.75_3
GEN_32_FIT_0.8729435458062347_0.8754864645587747_0.876006026134021_SIZE_1_2.7_3
GEN_33_FIT_0.8729435458062347_0.8754864645587747_0.876006026134021_SIZE_1_2.7_3
GEN_34_FIT_0.8729435458062347_0.8754864645587747_0.876006026134021_SIZE_1_2.7_3
GEN_35_FIT_0.8729435458062347_0.8754864645587747_0.876006026134021_SIZE_1_2.7_3
GEN_36_FIT_0.8729435458062347_0.8754864645587747_0.876006026134021_SIZE_1_2.7_3
GEN_37_FIT_0.8729435458062347_0.8754864645587747_0.876006026134021_SIZE_1_2.7_3
GEN_38_FIT_0.8729435458062347_0.8754864645587747_0.876006026134021_SIZE_1_2.7_3
GEN_39_FIT_0.8729435458062347_0.8754864645587747_0.876006026134021_SIZE_1_2.7_3
Evaluating in sample:
[GEN_39|make_tuple(0.0015609737609446868, 22, 11, 28)|0.8729]
[GEN_39|make_tuple(mul(0.002149977160928524, 0.0829033219783933), 22, 11, 27)|0.8739]
[GEN_39|make_tuple(truediv(17, truediv(587, 0.01358679456800494)), 22, 11, 27)|0.8760]
Evaluating out-of-sample:
[GEN_39|make_tuple(0.0015609737609446868, 22, 11, 28)|0.9773]
[GEN_39|make_tuple(mul(0.002149977160928524, 0.0829033219783933), 22, 11, 27)|0.9781]
[GEN_39|make_tuple(truediv(17, truediv(587, 0.01358679456800494)), 22, 11, 27)|0.9779]
Stopped early in iteration 39, no improvement in 20 gens.
START_TASK: 15
GEN_0_FIT_0.7183020588011549_0.8196068784403211_0.8623232951299666_SIZE_1_6.15_15
GEN_1_FIT_0.8489808673070356_0.8599417867866672_0.8623232951299666_SIZE_1_9.55_15
GEN_2_FIT_0.8563831337918405_0.8609003665200472_0.8638705246536241_SIZE_1_5.6_15
GEN_3_FIT_0.8574197377523474_0.8627499828165346_0.8675234307909873_SIZE_1_3.75_7
GEN_4_FIT_0.857763267723594_0.8644456099542321_0.868161177180303_SIZE_1_3.15_7
GEN_5_FIT_0.862399663002879_0.8659039845375641_0.8699141624738593_SIZE_1_2.6_7
GEN_6_FIT_0.8652971131208964_0.8686717546400367_0.8699141624738593_SIZE_1_2.35_6
GEN_7_FIT_0.8691070152558625_0.8696758781114864_0.8708652036892942_SIZE_1_2.1_4
GEN_8_FIT_0.8697310495247143_0.8702474456597598_0.8717151404347413_SIZE_1_2.0_4
GEN_9_FIT_0.8704245215229067_0.8709960688103958_0.8717151404347413_SIZE_1_1.35_3
GEN_10_FIT_0.8713220128436533_0.8717569702556892_0.8726272209714427_SIZE_1_1.25_2
GEN_11_FIT_0.8717151404347413_0.8725030155421502_0.8744187486742881_SIZE_1_1.4_2
GEN_12_FIT_0.8726272209714427_0.8728547651702773_0.8744187486742881_SIZE_1_1.2_2
GEN_13_FIT_0.87276681705658_0.8734431166495421_0.8759961214093017_SIZE_1_1.35_2
GEN_14_FIT_0.8728082882209304_0.8739460141176438_0.8759961214093017_SIZE_1_1.4_2
GEN_15_FIT_0.8729354686439174_0.873742377590349_0.876157368969885_SIZE_1_1.25_2
GEN_16_FIT_0.8729565570462576_0.8736255036485139_0.8766485233152466_SIZE_1_1.2_2
GEN_17_FIT_0.8729621923799411_0.8731465089267063_0.8766485233152466_SIZE_1_1.05_2
GEN_18_FIT_0.8729621923799411_0.8733308254734716_0.8766485233152466_SIZE_1_1.1_2
GEN_19_FIT_0.8729621923799411_0.8733308254734716_0.8766485233152466_SIZE_1_1.1_2
GEN_20_FIT_0.8729621923799411_0.8733308254734716_0.8766485233152466_SIZE_1_1.1_2
Evaluating in sample:
[GEN_20|make_tuple(0.0016364513345310861, 22, 11, 28)|0.8730]
[GEN_20|make_tuple(truediv(0.001725885715954178, 4), 26, 11, 27)|0.8766]
Evaluating out-of-sample:
[GEN_20|make_tuple(0.0016364513345310861, 22, 11, 28)|0.9583]
[GEN_20|make_tuple(truediv(0.001725885715954178, 4), 26, 11, 27)|0.9562]
GEN_21_FIT_0.8729621923799411_0.8733308254734716_0.8766485233152466_SIZE_1_1.1_2
GEN_22_FIT_0.8729621923799411_0.8733308254734716_0.8766485233152466_SIZE_1_1.1_2
GEN_23_FIT_0.8729621923799411_0.8735119960473158_0.8766485233152466_SIZE_1_1.15_2
GEN_24_FIT_0.8729621923799411_0.8736997610673007_0.8766485233152466_SIZE_1_1.2_2
GEN_25_FIT_0.8729621923799411_0.8751765490846859_0.8766485233152466_SIZE_1_1.65_3
GEN_26_FIT_0.8729687307613168_0.8757459521122515_0.8767667719136193_SIZE_1_1.8_3
GEN_27_FIT_0.8729847702845319_0.8757685639305866_0.8767667719136193_SIZE_1_1.75_2
GEN_28_FIT_0.8729847702845319_0.8750908815213212_0.8767667719136193_SIZE_1_1.55_2
GEN_29_FIT_0.8730759782008456_0.8741832163146777_0.8767667719136193_SIZE_1_1.3_2
GEN_30_FIT_0.8730759782008456_0.8734450575721228_0.8767667719136193_SIZE_1_1.1_2
GEN_31_FIT_0.8730759782008456_0.8734450575721228_0.8767667719136193_SIZE_1_1.1_2
GEN_32_FIT_0.8730759782008456_0.8734450575721228_0.8767667719136193_SIZE_1_1.1_2
GEN_33_FIT_0.8730759782008456_0.8734450575721228_0.8767667719136193_SIZE_1_1.1_2
GEN_34_FIT_0.8730759782008456_0.8734450575721228_0.8767667719136193_SIZE_1_1.1_2
GEN_35_FIT_0.8730759782008456_0.8734450575721228_0.8767667719136193_SIZE_1_1.1_2
GEN_36_FIT_0.8730759782008456_0.8734450575721228_0.8767667719136193_SIZE_1_1.1_2
GEN_37_FIT_0.8730759782008456_0.8734450575721228_0.8767667719136193_SIZE_1_1.1_2
GEN_38_FIT_0.8730759782008456_0.8735710000474052_0.8767667719136193_SIZE_1_1.15_2
GEN_39_FIT_0.8730759782008456_0.8736271843639887_0.8767667719136193_SIZE_1_1.15_2
GEN_40_FIT_0.8730759782008456_0.8739992862390384_0.8767667719136193_SIZE_1_1.3_3
Evaluating in sample:
[GEN_40|make_tuple(0.0015528910183035523, 22, 11, 28)|0.8731]
[GEN_40|make_tuple(truediv(0.001725885715954178, 4), 25, 11, 27)|0.8768]
Evaluating out-of-sample:
[GEN_40|make_tuple(0.0015528910183035523, 22, 11, 28)|0.9586]
[GEN_40|make_tuple(truediv(0.001725885715954178, 4), 25, 11, 27)|0.9562]
GEN_41_FIT_0.8730759782008456_0.8752887593035921_0.8767667719136193_SIZE_1_1.8_3
GEN_42_FIT_0.8731464572991655_0.8764047404521739_0.8767667719136193_SIZE_1_1.9_2
GEN_43_FIT_0.8731464572991655_0.8764047404521739_0.8767667719136193_SIZE_1_1.9_2
GEN_44_FIT_0.8731464572991655_0.8764047404521739_0.8767667719136193_SIZE_1_1.9_2
GEN_45_FIT_0.8731464572991655_0.8764047404521739_0.8767667719136193_SIZE_1_1.9_2
GEN_46_FIT_0.8731464572991655_0.8764047404521739_0.8767667719136193_SIZE_1_1.9_2
GEN_47_FIT_0.8731464572991655_0.8764047404521739_0.8767667719136193_SIZE_1_1.9_2
Evaluating in sample:
[GEN_47|make_tuple(0.0015528910183035523, 22, 11, 28)|0.8731]
[GEN_47|make_tuple(truediv(0.001725885715954178, 4), 25, 11, 27)|0.8768]
Evaluating out-of-sample:
[GEN_47|make_tuple(0.0015528910183035523, 22, 11, 28)|0.9586]
[GEN_47|make_tuple(truediv(0.001725885715954178, 4), 25, 11, 27)|0.9562]
Stopped early in iteration 47, no improvement in 20 gens.
START_TASK: 16
GEN_0_FIT_0.7317660297227849_0.8166155932478649_0.8473689357738422_SIZE_1_4.8_13
GEN_1_FIT_0.8317365153381229_0.843901357244597_0.8532299463893148_SIZE_1_3.3_7
GEN_2_FIT_0.8473689357738422_0.8518515945445128_0.8582914057415107_SIZE_1_2.65_7
GEN_3_FIT_0.8504759034565713_0.8543217794250111_0.860399714778871_SIZE_1_1.65_3
GEN_4_FIT_0.8545973818971788_0.8585838643764193_0.8605394749384871_SIZE_1_1.85_3
GEN_5_FIT_0.8589541749517622_0.8601985932791448_0.8620651183278247_SIZE_1_1.55_3
GEN_6_FIT_0.8606407230840157_0.8624725251648007_0.868370717285658_SIZE_1_1.65_3
GEN_7_FIT_0.8620651183278247_0.8654838348360595_0.8707216120436327_SIZE_1_1.35_2
GEN_8_FIT_0.8673293008314473_0.8688271950665387_0.8707216120436327_SIZE_1_1.0_1
GEN_9_FIT_0.8704533347839267_0.8707444801714155_0.870984641340755_SIZE_1_1.1_2
GEN_10_FIT_0.8707715150879307_0.8708653195662948_0.870984641340755_SIZE_1_1.15_2
GEN_11_FIT_0.8708751869771887_0.8709911334016762_0.8718965374984926_SIZE_1_1.0_1
GEN_12_FIT_0.870984641340755_0.871503231198673_0.8748868714159804_SIZE_1_1.0_1
GEN_13_FIT_0.8718965374984926_0.8730363302091243_0.8750290911015525_SIZE_1_1.05_2
GEN_14_FIT_0.8741020344806284_0.874853674536116_0.8751352994634901_SIZE_1_1.05_2
GEN_15_FIT_0.8750045504137831_0.8750147689694339_0.8751352994634901_SIZE_1_1.05_2
GEN_16_FIT_0.8750045504137831_0.8750356083612785_0.8751352994634901_SIZE_1_1.0_1
GEN_17_FIT_0.8750290911015525_0.875098126536812_0.8751352994634901_SIZE_1_1.0_1
GEN_18_FIT_0.8751352994634901_0.8751352994634901_0.8751352994634901_SIZE_1_1.0_1
GEN_19_FIT_0.8751352994634901_0.8751423569737773_0.8752764496692317_SIZE_1_1.0_1
GEN_20_FIT_0.8751352994634901_0.875168822637972_0.8752764496692317_SIZE_1_1.05_2
Evaluating in sample:
[GEN_20|make_tuple(0.0007071542549301637, 25, 11, 27)|0.8753]
Evaluating out-of-sample:
[GEN_20|make_tuple(0.0007071542549301637, 25, 11, 27)|0.9704]
GEN_21_FIT_0.8751352994634901_0.8751980998517741_0.8752764496692317_SIZE_1_1.1_2
GEN_22_FIT_0.8752070804017416_0.8752729812058572_0.8752764496692317_SIZE_1_1.1_2
GEN_23_FIT_0.8752764496692317_0.8752764496692317_0.8752764496692317_SIZE_1_1.0_1
GEN_24_FIT_0.8752764496692317_0.8752764496692317_0.8752764496692317_SIZE_1_1.0_1
GEN_25_FIT_0.8752764496692317_0.8752764496692317_0.8752764496692317_SIZE_1_1.0_1
GEN_26_FIT_0.8752764496692317_0.8752764496692317_0.8752764496692317_SIZE_1_1.0_1
GEN_27_FIT_0.8752764496692317_0.8752764496692317_0.8752764496692317_SIZE_1_1.0_1
GEN_28_FIT_0.8752764496692317_0.8752764496692317_0.8752764496692317_SIZE_1_1.0_1
GEN_29_FIT_0.8752764496692317_0.8752764496692317_0.8752764496692317_SIZE_1_1.0_1
GEN_30_FIT_0.8752764496692317_0.8752764496692317_0.8752764496692317_SIZE_1_1.0_1
GEN_31_FIT_0.8752764496692317_0.8752764496692317_0.8752764496692317_SIZE_1_1.0_1
GEN_32_FIT_0.8752764496692317_0.8752764496692317_0.8752764496692317_SIZE_1_1.0_1
GEN_33_FIT_0.8752764496692317_0.8752764496692317_0.8752764496692317_SIZE_1_1.0_1
GEN_34_FIT_0.8752764496692317_0.8752764496692317_0.8752764496692317_SIZE_1_1.0_1
GEN_35_FIT_0.8752764496692317_0.8752764496692317_0.8752764496692317_SIZE_1_1.0_1
GEN_36_FIT_0.8752764496692317_0.8752764496692317_0.8752764496692317_SIZE_1_1.0_1
GEN_37_FIT_0.8752764496692317_0.8752764496692317_0.8752764496692317_SIZE_1_1.0_1
GEN_38_FIT_0.8752764496692317_0.8752764496692317_0.8752764496692317_SIZE_1_1.0_1
GEN_39_FIT_0.8752764496692317_0.8752764496692317_0.8752764496692317_SIZE_1_1.0_1
GEN_40_FIT_0.8752764496692317_0.8752764496692317_0.8752764496692317_SIZE_1_1.0_1
Evaluating in sample:
[GEN_40|make_tuple(0.0007071542549301637, 25, 11, 27)|0.8753]
Evaluating out-of-sample:
[GEN_40|make_tuple(0.0007071542549301637, 25, 11, 27)|0.9704]
Stopped early in iteration 40, no improvement in 20 gens.
START_TASK: 18
GEN_0_FIT_0.7310829454225701_0.818892908838744_0.850572076601399_SIZE_1_4.2_12
GEN_1_FIT_0.82121858522317_0.8465860311203042_0.8614029985898091_SIZE_1_1.4_3
GEN_2_FIT_0.851227767407691_0.8540911042390334_0.8614743386671008_SIZE_1_1.15_2
GEN_3_FIT_0.8559748683816669_0.859160260563262_0.8616657694403438_SIZE_1_1.1_2
GEN_4_FIT_0.8614029985898091_0.8617559468484597_0.8636848914255445_SIZE_1_1.15_2
GEN_5_FIT_0.8619946329257185_0.8625104055892227_0.8636848914255445_SIZE_1_1.4_2
GEN_6_FIT_0.8625450084534493_0.8637890599357606_0.8650968638068264_SIZE_1_1.2_2
GEN_7_FIT_0.8637934942949029_0.865027401987312_0.8665553542382564_SIZE_1_1.65_3
GEN_8_FIT_0.8645543312654616_0.8657988039340955_0.8681210565090668_SIZE_1_1.55_3
GEN_9_FIT_0.86522217495284_0.8664416863927545_0.8681210565090668_SIZE_1_1.5_3
GEN_10_FIT_0.8661134623274424_0.8679583745313868_0.8723729668010987_SIZE_1_2.1_4
GEN_11_FIT_0.8662302411167669_0.8688195705465566_0.8759785824402184_SIZE_1_1.35_3
GEN_12_FIT_0.870556280624163_0.8731770363845607_0.8759785824402184_SIZE_1_1.5_3
GEN_13_FIT_0.8723729668010987_0.8747111475409488_0.8759785824402184_SIZE_1_1.65_2
GEN_14_FIT_0.8725266384162124_0.8752910503879917_0.8759967839905715_SIZE_1_1.8_2
GEN_15_FIT_0.8725266384162124_0.8744298845370254_0.8759967839905715_SIZE_1_1.55_2
GEN_16_FIT_0.8725655719173493_0.875657000185505_0.8759967839905715_SIZE_1_1.95_3
GEN_17_FIT_0.8727415292645808_0.8756712585179726_0.8759967839905715_SIZE_1_1.9_2
GEN_18_FIT_0.8727415292645808_0.8756712585179726_0.8759967839905715_SIZE_1_1.9_2
GEN_19_FIT_0.8727415292645808_0.8756712585179726_0.8759967839905715_SIZE_1_1.9_2
GEN_20_FIT_0.8713810567134758_0.8753065426079558_0.8765734477933265_SIZE_1_1.8_2
Evaluating in sample:
[GEN_20|make_tuple(0.0015525286641991213, 23, 11, 28)|0.8727]
[GEN_20|make_tuple(mul(0.21464831815393048, 0.0019911655731510726), 25, 11, 29)|0.8766]
Evaluating out-of-sample:
[GEN_20|make_tuple(0.0015525286641991213, 23, 11, 28)|0.9885]
[GEN_20|make_tuple(mul(0.21464831815393048, 0.0019911655731510726), 25, 11, 29)|0.9709]
GEN_21_FIT_0.872152605729105_0.8745408090977304_0.8765734477933265_SIZE_1_1.55_2
GEN_22_FIT_0.8727061691984818_0.8738518072374972_0.8765734477933265_SIZE_1_1.3_2
GEN_23_FIT_0.8727415292645808_0.875009562515285_0.8765734477933265_SIZE_1_1.7_3
GEN_24_FIT_0.8728831153605915_0.8758353813067794_0.8765734477933265_SIZE_1_1.8_2
GEN_25_FIT_0.8728407411101542_0.8754650753283995_0.8765819075674799_SIZE_1_1.7_2
GEN_26_FIT_0.8728407411101542_0.8738056946997916_0.8765819075674799_SIZE_1_1.3_3
GEN_27_FIT_0.8728831153605915_0.8732529945812801_0.8765819075674799_SIZE_1_1.1_2
GEN_28_FIT_0.8728831153605915_0.8732529945812801_0.8765819075674799_SIZE_1_1.1_2
GEN_29_FIT_0.8728831153605915_0.8732529945812801_0.8765819075674799_SIZE_1_1.1_2
GEN_30_FIT_0.8728831153605915_0.8732529945812801_0.8765819075674799_SIZE_1_1.1_2
GEN_31_FIT_0.8728831153605915_0.8732529945812801_0.8765819075674799_SIZE_1_1.1_2
GEN_32_FIT_0.8728831153605915_0.8732529945812801_0.8765819075674799_SIZE_1_1.1_2
GEN_33_FIT_0.8728831153605915_0.8732529945812801_0.8765819075674799_SIZE_1_1.1_2
GEN_34_FIT_0.8728831153605915_0.8732529945812801_0.8765819075674799_SIZE_1_1.1_2
GEN_35_FIT_0.8728831153605915_0.8732529945812801_0.8765819075674799_SIZE_1_1.1_2
GEN_36_FIT_0.8728831153605915_0.8732529945812801_0.8765819075674799_SIZE_1_1.1_2
GEN_37_FIT_0.8728831153605915_0.8732529945812801_0.8765819075674799_SIZE_1_1.1_2
GEN_38_FIT_0.8728831153605915_0.8732529945812801_0.8765819075674799_SIZE_1_1.1_2
GEN_39_FIT_0.8728831153605915_0.8732529945812801_0.8765819075674799_SIZE_1_1.1_2
GEN_40_FIT_0.8728831153605915_0.8732529945812801_0.8765819075674799_SIZE_1_1.1_2
Evaluating in sample:
[GEN_40|make_tuple(0.0015525286641991213, 22, 11, 28)|0.8729]
[GEN_40|make_tuple(mul(0.21515896268502602, 0.0019911655731510726), 25, 11, 29)|0.8766]
Evaluating out-of-sample:
[GEN_40|make_tuple(0.0015525286641991213, 22, 11, 28)|0.9887]
[GEN_40|make_tuple(mul(0.21515896268502602, 0.0019911655731510726), 25, 11, 29)|0.9709]
GEN_41_FIT_0.8728831153605915_0.8732529945812801_0.8765819075674799_SIZE_1_1.1_2
GEN_42_FIT_0.8728831153605915_0.8732529945812801_0.8765819075674799_SIZE_1_1.1_2
GEN_43_FIT_0.8728831153605915_0.8732529945812801_0.8765819075674799_SIZE_1_1.1_2
GEN_44_FIT_0.8728831153605915_0.8732529945812801_0.8765819075674799_SIZE_1_1.1_2
GEN_45_FIT_0.8728831153605915_0.8732529945812801_0.8765819075674799_SIZE_1_1.1_2
GEN_46_FIT_0.8728831153605915_0.8732529945812801_0.8765819075674799_SIZE_1_1.1_2
Evaluating in sample:
[GEN_46|make_tuple(0.0015525286641991213, 22, 11, 28)|0.8729]
[GEN_46|make_tuple(mul(0.21515896268502602, 0.0019911655731510726), 25, 11, 29)|0.8766]
Evaluating out-of-sample:
[GEN_46|make_tuple(0.0015525286641991213, 22, 11, 28)|0.9887]
[GEN_46|make_tuple(mul(0.21515896268502602, 0.0019911655731510726), 25, 11, 29)|0.9709]
Stopped early in iteration 46, no improvement in 20 gens.
START_TASK: 22
GEN_0_FIT_0.6843734707665203_0.7837363218297442_0.8438770951655662_SIZE_1_7.25_17
GEN_1_FIT_0.8081853956650622_0.8335002165482279_0.8540592679316844_SIZE_1_5.8_16
GEN_2_FIT_0.8230006102210918_0.8431041049816956_0.8571911024653573_SIZE_1_2.85_5
GEN_3_FIT_0.8477312018649936_0.8546139941891717_0.8571911024653573_SIZE_1_3.55_6
GEN_4_FIT_0.8477312018649936_0.8553606496977066_0.863474899453677_SIZE_1_2.55_5
GEN_5_FIT_0.851520389569172_0.8588179260226726_0.867280751443748_SIZE_1_2.25_5
GEN_6_FIT_0.8539513303087383_0.8628379231029337_0.8700491819803811_SIZE_1_2.2_5
GEN_7_FIT_0.856852557511966_0.8672730190534199_0.8735349613059096_SIZE_1_3.05_6
GEN_8_FIT_0.8588245544922504_0.8693591932023613_0.8750885961359068_SIZE_1_2.35_5
GEN_9_FIT_0.8615232935497064_0.8713582387852974_0.8752041432167771_SIZE_1_2.5_4
GEN_10_FIT_0.8616531200674621_0.8694058765093692_0.8757602291068376_SIZE_1_1.95_4
GEN_11_FIT_0.8626871933240466_0.8672408918711051_0.8757602291068376_SIZE_1_1.7_4
GEN_12_FIT_0.8707609503394543_0.8752445611276094_0.8757969609302457_SIZE_1_2.45_4
GEN_13_FIT_0.8722378294908567_0.8753105719606434_0.8757969609302457_SIZE_1_2.2_4
GEN_14_FIT_0.8723508239808565_0.8753576764217511_0.8757969609302457_SIZE_1_2.35_4
GEN_15_FIT_0.8723508239808565_0.8749610521175765_0.8758595521135052_SIZE_1_2.1_4
GEN_16_FIT_0.8723508239808565_0.8745238431117143_0.8760070073659657_SIZE_1_1.9_3
GEN_17_FIT_0.8728775412153819_0.874398569824597_0.8760070073659657_SIZE_1_1.6_3
GEN_18_FIT_0.8728775412153819_0.8736766921092372_0.8760070073659657_SIZE_1_1.35_3
GEN_19_FIT_0.8728807375791455_0.8740209342447223_0.8760070073659657_SIZE_1_1.4_3
GEN_20_FIT_0.8729650257979485_0.8732692239547504_0.8760070073659657_SIZE_1_1.1_2
Evaluating in sample:
[GEN_20|make_tuple(0.0015600995905783901, 22, 11, 28)|0.8730]
[GEN_20|make_tuple(pow(0.07434055056605376, 3), 22, 11, 27)|0.8760]
Evaluating out-of-sample:
[GEN_20|make_tuple(0.0015600995905783901, 22, 11, 28)|0.9752]
[GEN_20|make_tuple(pow(0.07434055056605376, 3), 22, 11, 27)|0.9739]
GEN_21_FIT_0.8729650257979485_0.8732692239547504_0.8760070073659657_SIZE_1_1.1_2
GEN_22_FIT_0.8729650257979485_0.8732692239547504_0.8760070073659657_SIZE_1_1.1_2
GEN_23_FIT_0.8729650257979485_0.8732692239547504_0.8760070073659657_SIZE_1_1.1_2
GEN_24_FIT_0.8729650257979485_0.8732692239547504_0.8760070073659657_SIZE_1_1.1_2
GEN_25_FIT_0.8729650257979485_0.8732692239547504_0.8760070073659657_SIZE_1_1.1_2
GEN_26_FIT_0.8729650257979485_0.8732692239547504_0.8760070073659657_SIZE_1_1.1_2
GEN_27_FIT_0.8729650257979485_0.8732692239547504_0.8760070073659657_SIZE_1_1.1_2
GEN_28_FIT_0.8729650257979485_0.8732692239547504_0.8760070073659657_SIZE_1_1.1_2
GEN_29_FIT_0.8729650257979485_0.8732692239547504_0.8760070073659657_SIZE_1_1.1_2
GEN_30_FIT_0.8729650257979485_0.8732692239547504_0.8760070073659657_SIZE_1_1.1_2
GEN_31_FIT_0.8729650257979485_0.8732692239547504_0.8760070073659657_SIZE_1_1.1_2
GEN_32_FIT_0.8729650257979485_0.8732692239547504_0.8760070073659657_SIZE_1_1.1_2
GEN_33_FIT_0.8729650257979485_0.8732692239547504_0.8760070073659657_SIZE_1_1.1_2
GEN_34_FIT_0.8729650257979485_0.8732692239547504_0.8760070073659657_SIZE_1_1.1_2
GEN_35_FIT_0.8729650257979485_0.8732692239547504_0.8760070073659657_SIZE_1_1.1_2
GEN_36_FIT_0.8729650257979485_0.8732692239547504_0.8760070073659657_SIZE_1_1.1_2
GEN_37_FIT_0.8729650257979485_0.8732692239547504_0.8760070073659657_SIZE_1_1.1_2
GEN_38_FIT_0.8729650257979485_0.8732692239547504_0.8760070073659657_SIZE_1_1.1_2
GEN_39_FIT_0.8729650257979485_0.8732692239547504_0.8760070073659657_SIZE_1_1.1_2
Evaluating in sample:
[GEN_39|make_tuple(0.0015600995905783901, 22, 11, 28)|0.8730]
[GEN_39|make_tuple(pow(0.07434055056605376, 3), 22, 11, 27)|0.8760]
Evaluating out-of-sample:
[GEN_39|make_tuple(0.0015600995905783901, 22, 11, 28)|0.9752]
[GEN_39|make_tuple(pow(0.07434055056605376, 3), 22, 11, 27)|0.9739]
Stopped early in iteration 39, no improvement in 20 gens.
START_TASK: 23
