Starting problem: mlr_knn
param:age_regularization:100000.0
param:algorithm:random_search
param:constants_only:False
param:cxpb:0.25
param:early_stop_n:20
param:lambda_:100
param:max_number_operators:None
param:max_start_size:2
param:mu:20
param:ngen:300
param:optimize_constants:False
param:output_file:/home/gijsbers/symbolicdefaults/runs/mlr_knn_random_search_12.log
param:problem:mlr_knn
param:subset:1.0
param:task:None
param:warm_start:False
Benchmark problems: mlr_knn
mlr_default := make_tuple(10., 16., 10., 200.)
Loading surrogates from file.
START_TASK: 3
GEN_0_FIT_0.32642907777835617_0.5107525204462566_0.769336644893436_SIZE_1_6.2624_19
Evaluating in sample:
[GEN_0|make_tuple(9, n, n, n)|0.7693]
Evaluating out-of-sample:
[GEN_0|make_tuple(9, n, n, n)|0.8759]
GEN_1_FIT_0.37103124175429014_0.5103343598344472_0.7681135297831477_SIZE_1_6.3589_19
Evaluating in sample:
[GEN_1|make_tuple(9, n, n, n)|0.7693]
Evaluating out-of-sample:
[GEN_1|make_tuple(9, n, n, n)|0.8759]
