Starting problem: mlr_svm
param:age_regularization:100000.0
param:algorithm:mupluslambda
param:constants_only:True
param:cxpb:0.25
param:early_stop_n:20
param:lambda_:100
param:max_number_operators:None
param:max_start_size:2
param:mu:20
param:ngen:300
param:optimize_constants:False
param:output_file:/home/gijsbers/symbolicdefaults/runs/mlr_svm_True_14.log
param:problem:mlr_svm
param:subset:1.0
param:task:None
param:warm_start:False
Benchmark problems: mlr_svm
Loading surrogates from file.
START_TASK: 3
GEN_0_FIT_0.7973052089039517_0.8245780579873708_0.8582561358000914_SIZE_1_2.2_7
GEN_1_FIT_0.8429778042467171_0.8500374059099798_0.8585351950335245_SIZE_1_1.45_3
GEN_2_FIT_0.8526076887786703_0.8578226734269341_0.8586610575772569_SIZE_1_1.25_3
GEN_3_FIT_0.8585351950335245_0.8588548178529483_0.8595772930271831_SIZE_1_1.0_1
GEN_4_FIT_0.8590012729674291_0.8592474394660152_0.8595772930271831_SIZE_1_1.15_2
GEN_5_FIT_0.8593322038267872_0.8594173986933054_0.8595772930271831_SIZE_1_1.15_2
GEN_6_FIT_0.8594807115676355_0.8595534770314593_0.8596871055119152_SIZE_1_1.1_2
GEN_7_FIT_0.8595772930271831_0.8596557890579767_0.8601911299756396_SIZE_1_1.1_2
GEN_8_FIT_0.8596494273817228_0.85978865863274_0.8603480638132125_SIZE_1_1.2_2
GEN_9_FIT_0.8596917020117839_0.860059035519875_0.8603480638132125_SIZE_1_1.25_2
GEN_10_FIT_0.8602183305338552_0.8602824916332239_0.8603550043934214_SIZE_1_1.5_2
GEN_11_FIT_0.8602772815505307_0.8603181650813028_0.8603550043934214_SIZE_1_1.35_2
GEN_12_FIT_0.8603480638132125_0.8603535014437227_0.8603579240332129_SIZE_1_1.25_2
GEN_13_FIT_0.8603537887041078_0.8603549167952377_0.8603579240332129_SIZE_1_1.25_3
GEN_14_FIT_0.8603550043934214_0.8603552963574005_0.8603579240332129_SIZE_1_1.1_2
GEN_15_FIT_0.8603550043934214_0.8603552963574005_0.8603579240332129_SIZE_1_1.1_2
GEN_16_FIT_0.8603550043934214_0.8603552963574005_0.8603579240332129_SIZE_1_1.1_2
GEN_17_FIT_0.8603550043934214_0.8603552963574005_0.8603579240332129_SIZE_1_1.1_2
GEN_18_FIT_0.8603550043934214_0.8603552963574005_0.8603579240332129_SIZE_1_1.1_2
GEN_19_FIT_0.8603550043934214_0.8603552963574005_0.8603579240332129_SIZE_1_1.1_2
GEN_20_FIT_0.8603550043934214_0.8603552963574005_0.8603579240332129_SIZE_1_1.1_2
Evaluating in sample:
[GEN_20|make_tuple(180, 0.0024814244674416304)|0.8604]
[GEN_20|make_tuple(sub(182, 0.3469014713191781), 0.0024814244674416304)|0.8604]
Evaluating out-of-sample:
[GEN_20|make_tuple(180, 0.0024814244674416304)|0.9293]
[GEN_20|make_tuple(sub(182, 0.3469014713191781), 0.0024814244674416304)|0.9293]
GEN_21_FIT_0.8603550043934214_0.8603552963574005_0.8603579240332129_SIZE_1_1.1_2
GEN_22_FIT_0.8603550043934214_0.8603552963574005_0.8603579240332129_SIZE_1_1.1_2
GEN_23_FIT_0.8603550043934214_0.8603552963574005_0.8603579240332129_SIZE_1_1.1_2
GEN_24_FIT_0.8603550043934214_0.8603556448235166_0.8603619737157406_SIZE_1_1.1_2
GEN_25_FIT_0.8603550043934214_0.8603555683098858_0.8603619737157406_SIZE_1_1.05_2
GEN_26_FIT_0.8603550043934214_0.8603564807340162_0.8603662835537115_SIZE_1_1.1_2
GEN_27_FIT_0.8603550043934214_0.8603601317429929_0.8603662835537115_SIZE_1_1.3_2
GEN_28_FIT_0.8603619737157406_0.8603624046995376_0.8603662835537115_SIZE_1_1.1_2
GEN_29_FIT_0.8603619737157406_0.8603624046995376_0.8603662835537115_SIZE_1_1.1_2
GEN_30_FIT_0.8603619737157406_0.8603624046995376_0.8603662835537115_SIZE_1_1.1_2
GEN_31_FIT_0.8603619737157406_0.8603624046995376_0.8603662835537115_SIZE_1_1.1_2
GEN_32_FIT_0.8603619737157406_0.8603624046995376_0.8603662835537115_SIZE_1_1.1_2
GEN_33_FIT_0.8603619737157406_0.8603624046995376_0.8603662835537115_SIZE_1_1.1_2
GEN_34_FIT_0.8603619737157406_0.8603624046995376_0.8603662835537115_SIZE_1_1.1_2
GEN_35_FIT_0.8603619737157406_0.8603624046995376_0.8603662835537115_SIZE_1_1.1_2
GEN_36_FIT_0.8603619737157406_0.8603624046995376_0.8603662835537115_SIZE_1_1.1_2
GEN_37_FIT_0.8603619737157406_0.8603624046995376_0.8603662835537115_SIZE_1_1.1_2
GEN_38_FIT_0.8603619737157406_0.8603624046995376_0.8603662835537115_SIZE_1_1.1_2
GEN_39_FIT_0.8603619737157406_0.8603624046995376_0.8603662835537115_SIZE_1_1.1_2
GEN_40_FIT_0.8603619737157406_0.8603624046995376_0.8603662835537115_SIZE_1_1.1_2
Evaluating in sample:
[GEN_40|make_tuple(180, 0.0024850567090882636)|0.8604]
[GEN_40|make_tuple(sub(182, 0.19967367293851251), 0.0024850567090882636)|0.8604]
Evaluating out-of-sample:
[GEN_40|make_tuple(180, 0.0024850567090882636)|0.9293]
[GEN_40|make_tuple(sub(182, 0.19967367293851251), 0.0024850567090882636)|0.9293]
GEN_41_FIT_0.8603619737157406_0.8603624046995376_0.8603662835537115_SIZE_1_1.1_2
GEN_42_FIT_0.8603619737157406_0.8603624046995376_0.8603662835537115_SIZE_1_1.1_2
GEN_43_FIT_0.8603619737157406_0.8603624046995376_0.8603662835537115_SIZE_1_1.1_2
GEN_44_FIT_0.8603619737157406_0.8603624046995376_0.8603662835537115_SIZE_1_1.1_2
GEN_45_FIT_0.8603619737157406_0.8603624046995376_0.8603662835537115_SIZE_1_1.1_2
GEN_46_FIT_0.8603619737157406_0.8603624046995376_0.8603662835537115_SIZE_1_1.1_2
GEN_47_FIT_0.8603619737157406_0.8603624046995376_0.8603662835537115_SIZE_1_1.1_2
Evaluating in sample:
[GEN_47|make_tuple(180, 0.0024850567090882636)|0.8604]
[GEN_47|make_tuple(sub(182, 0.19967367293851251), 0.0024850567090882636)|0.8604]
Evaluating out-of-sample:
[GEN_47|make_tuple(180, 0.0024850567090882636)|0.9293]
[GEN_47|make_tuple(sub(182, 0.19967367293851251), 0.0024850567090882636)|0.9293]
Stopped early in iteration 47, no improvement in 20 gens.
START_TASK: 6
GEN_0_FIT_0.805583877305368_0.8417392783426234_0.8572233690538331_SIZE_1_2.8_7
GEN_1_FIT_0.8503262662781442_0.8543280133817228_0.860831354708486_SIZE_1_2.5_7
GEN_2_FIT_0.8532571132836259_0.8577734145372068_0.860831354708486_SIZE_1_2.2_5
GEN_3_FIT_0.8594492825944426_0.8605864843323523_0.860831354708486_SIZE_1_1.85_5
GEN_4_FIT_0.8607037138099901_0.8608199989696121_0.8608595217279991_SIZE_1_1.4_2
GEN_5_FIT_0.860831354708486_0.8608485413186171_0.8610905858525663_SIZE_1_1.05_2
GEN_6_FIT_0.860831354708486_0.8608855876119612_0.8610905858525663_SIZE_1_1.25_3
GEN_7_FIT_0.8608595217279991_0.8609649399937608_0.8610905858525663_SIZE_1_1.1_2
GEN_8_FIT_0.8610905858525663_0.8611158135989216_0.8611988159714993_SIZE_1_1.05_2
GEN_9_FIT_0.8611174352784412_0.861184238125394_0.8615053351955378_SIZE_1_1.05_2
GEN_10_FIT_0.8611979228490242_0.861227479127351_0.8615053351955378_SIZE_1_1.1_2
GEN_11_FIT_0.8612201135526835_0.8612909811232745_0.8615435878992372_SIZE_1_1.1_2
GEN_12_FIT_0.8612968848811519_0.8614005292846848_0.8615435878992372_SIZE_1_1.1_2
GEN_13_FIT_0.8615435878992372_0.8615435878992374_0.8615435878992372_SIZE_1_1.0_1
GEN_14_FIT_0.8615435878992372_0.8615441387764665_0.8615529314896806_SIZE_1_1.0_1
GEN_15_FIT_0.8615435878992372_0.8615449407468164_0.8615529314896806_SIZE_1_1.0_1
GEN_16_FIT_0.8615452618533765_0.8615479462260828_0.8615529314896806_SIZE_1_1.0_1
GEN_17_FIT_0.8615452618533765_0.8615510140806044_0.8615529314896806_SIZE_1_1.05_2
GEN_18_FIT_0.8615529314896806_0.8615529314896804_0.8615529314896806_SIZE_1_1.0_1
GEN_19_FIT_0.8615529314896806_0.8615529314896804_0.8615529314896806_SIZE_1_1.0_1
GEN_20_FIT_0.8615529314896806_0.8615529314896804_0.8615529314896806_SIZE_1_1.0_1
Evaluating in sample:
[GEN_20|make_tuple(1103, 0.0013399810521913162)|0.8616]
Evaluating out-of-sample:
[GEN_20|make_tuple(1103, 0.0013399810521913162)|0.9414]
GEN_21_FIT_0.8615529314896806_0.8615529314896804_0.8615529314896806_SIZE_1_1.0_1
GEN_22_FIT_0.8615529314896806_0.8615529314896804_0.8615529314896806_SIZE_1_1.0_1
GEN_23_FIT_0.8615529314896806_0.8615529314896804_0.8615529314896806_SIZE_1_1.0_1
GEN_24_FIT_0.8615529314896806_0.8615529314896804_0.8615529314896806_SIZE_1_1.0_1
GEN_25_FIT_0.8615529314896806_0.8615529314896804_0.8615529314896806_SIZE_1_1.0_1
GEN_26_FIT_0.8615529314896806_0.8615529314896804_0.8615529314896806_SIZE_1_1.0_1
GEN_27_FIT_0.8615529314896806_0.8615529314896804_0.8615529314896806_SIZE_1_1.0_1
GEN_28_FIT_0.8615529314896806_0.8615529314896804_0.8615529314896806_SIZE_1_1.0_1
GEN_29_FIT_0.8615529314896806_0.8615529314896804_0.8615529314896806_SIZE_1_1.0_1
GEN_30_FIT_0.8615529314896806_0.8615529314896804_0.8615529314896806_SIZE_1_1.0_1
GEN_31_FIT_0.8615529314896806_0.8615529314896804_0.8615529314896806_SIZE_1_1.0_1
GEN_32_FIT_0.8615529314896806_0.8615529314896804_0.8615529314896806_SIZE_1_1.0_1
GEN_33_FIT_0.8615529314896806_0.8615529314896804_0.8615529314896806_SIZE_1_1.0_1
GEN_34_FIT_0.8615529314896806_0.8615529314896804_0.8615529314896806_SIZE_1_1.0_1
GEN_35_FIT_0.8615529314896806_0.8615529314896804_0.8615529314896806_SIZE_1_1.0_1
Evaluating in sample:
[GEN_35|make_tuple(1103, 0.0013399810521913162)|0.8616]
Evaluating out-of-sample:
[GEN_35|make_tuple(1103, 0.0013399810521913162)|0.9414]
Stopped early in iteration 35, no improvement in 20 gens.
START_TASK: 11
GEN_0_FIT_0.7895959295728389_0.8250364590027013_0.8594134567230532_SIZE_1_2.05_4
GEN_1_FIT_0.8334328193224524_0.8487473825493254_0.8594134567230532_SIZE_1_1.4_3
GEN_2_FIT_0.8568390355467538_0.858084470184641_0.8597409197698329_SIZE_1_1.1_2
GEN_3_FIT_0.8588871363261488_0.859313348712021_0.8597409197698329_SIZE_1_1.35_3
GEN_4_FIT_0.8594117455863326_0.8595952948299613_0.8601766608126931_SIZE_1_1.05_2
GEN_5_FIT_0.8597396931806681_0.8599015053255382_0.8603092364723888_SIZE_1_1.0_1
GEN_6_FIT_0.8599954330983054_0.860232738786156_0.8606327320226229_SIZE_1_1.05_2
GEN_7_FIT_0.8603092364723888_0.860444808028707_0.8606327320226229_SIZE_1_1.0_1
GEN_8_FIT_0.8605033362277721_0.8605681280018962_0.8606561825626547_SIZE_1_1.1_2
GEN_9_FIT_0.8605688266491012_0.8606279730584403_0.8607299119968687_SIZE_1_1.05_2
GEN_10_FIT_0.8606327320226229_0.8606739334128409_0.8607299119968687_SIZE_1_1.05_2
GEN_11_FIT_0.8606561825626547_0.8607215053643165_0.8607299119968687_SIZE_1_1.15_2
GEN_12_FIT_0.8607299119968687_0.8607299119968687_0.8607299119968687_SIZE_1_1.0_1
GEN_13_FIT_0.8607299119968687_0.8607300335658001_0.8607311276861823_SIZE_1_1.0_1
GEN_14_FIT_0.8607299119968687_0.8607307629793883_0.8607311276861823_SIZE_1_1.0_1
GEN_15_FIT_0.8607311276861823_0.8607311276861823_0.8607311276861823_SIZE_1_1.0_1
GEN_16_FIT_0.8607311276861823_0.8607311276861823_0.8607311276861823_SIZE_1_1.0_1
GEN_17_FIT_0.8607311276861823_0.8607311276861823_0.8607311276861823_SIZE_1_1.0_1
GEN_18_FIT_0.8607311276861823_0.8607311276861823_0.8607311276861823_SIZE_1_1.0_1
GEN_19_FIT_0.8607311276861823_0.8607311276861823_0.8607311276861823_SIZE_1_1.0_1
GEN_20_FIT_0.8607311276861823_0.8607311276861823_0.8607311276861823_SIZE_1_1.0_1
Evaluating in sample:
[GEN_20|make_tuple(180, 0.002462154741489001)|0.8607]
Evaluating out-of-sample:
[GEN_20|make_tuple(180, 0.002462154741489001)|0.8925]
GEN_21_FIT_0.8607311276861823_0.8607311276861823_0.8607311276861823_SIZE_1_1.0_1
GEN_22_FIT_0.8607311276861823_0.8607311276861823_0.8607311276861823_SIZE_1_1.0_1
GEN_23_FIT_0.8607311276861823_0.8607311276861823_0.8607311276861823_SIZE_1_1.0_1
GEN_24_FIT_0.8607311276861823_0.8607311276861823_0.8607311276861823_SIZE_1_1.0_1
GEN_25_FIT_0.8607311276861823_0.8607311276861823_0.8607311276861823_SIZE_1_1.0_1
GEN_26_FIT_0.8607311276861823_0.8607311487775432_0.8607315495133968_SIZE_1_1.05_2
GEN_27_FIT_0.8607311276861823_0.8607311698689039_0.8607315495133968_SIZE_1_1.1_2
GEN_28_FIT_0.8607311276861823_0.8607311698689039_0.8607315495133968_SIZE_1_1.1_2
GEN_29_FIT_0.8607311276861823_0.8607311698689039_0.8607315495133968_SIZE_1_1.1_2
GEN_30_FIT_0.8607311276861823_0.8607311698689039_0.8607315495133968_SIZE_1_1.1_2
GEN_31_FIT_0.8607311276861823_0.8607311698689039_0.8607315495133968_SIZE_1_1.1_2
GEN_32_FIT_0.8607311276861823_0.8607311698689039_0.8607315495133968_SIZE_1_1.1_2
GEN_33_FIT_0.8607311276861823_0.8607311698689039_0.8607315495133968_SIZE_1_1.1_2
GEN_34_FIT_0.8607311276861823_0.8607311698689039_0.8607315495133968_SIZE_1_1.1_2
GEN_35_FIT_0.8607311276861823_0.8607311698689039_0.8607315495133968_SIZE_1_1.1_2
GEN_36_FIT_0.8607311276861823_0.8607311492022213_0.8607315580069584_SIZE_1_1.05_2
GEN_37_FIT_0.8607311276861823_0.86073117071826_0.8607315580069584_SIZE_1_1.1_2
GEN_38_FIT_0.8607311276861823_0.86073117071826_0.8607315580069584_SIZE_1_1.1_2
GEN_39_FIT_0.8607311276861823_0.86073117071826_0.8607315580069584_SIZE_1_1.1_2
GEN_40_FIT_0.8607311276861823_0.86073117071826_0.8607315580069584_SIZE_1_1.1_2
Evaluating in sample:
[GEN_40|make_tuple(180, 0.002462154741489001)|0.8607]
[GEN_40|make_tuple(add(180, 0.17745368915281182), 0.002462154741489001)|0.8607]
Evaluating out-of-sample:
[GEN_40|make_tuple(180, 0.002462154741489001)|0.8925]
[GEN_40|make_tuple(add(180, 0.17745368915281182), 0.002462154741489001)|0.8925]
GEN_41_FIT_0.8607311276861823_0.86073117071826_0.8607315580069584_SIZE_1_1.1_2
GEN_42_FIT_0.8607311276861823_0.86073117071826_0.8607315580069584_SIZE_1_1.1_2
GEN_43_FIT_0.8607311276861823_0.86073117071826_0.8607315580069584_SIZE_1_1.1_2
GEN_44_FIT_0.8607311276861823_0.86073117071826_0.8607315580069584_SIZE_1_1.1_2
GEN_45_FIT_0.8607311276861823_0.86073117071826_0.8607315580069584_SIZE_1_1.1_2
GEN_46_FIT_0.8607311276861823_0.86073117071826_0.8607315580069584_SIZE_1_1.1_2
GEN_47_FIT_0.8607311276861823_0.86073117071826_0.8607315580069584_SIZE_1_1.1_2
GEN_48_FIT_0.8607311276861823_0.86073117071826_0.8607315580069584_SIZE_1_1.1_2
GEN_49_FIT_0.8607311276861823_0.86073117071826_0.8607315580069584_SIZE_1_1.1_2
GEN_50_FIT_0.8607311276861823_0.86073117071826_0.8607315580069584_SIZE_1_1.1_2
GEN_51_FIT_0.8607311276861823_0.86073117071826_0.8607315580069584_SIZE_1_1.1_2
GEN_52_FIT_0.8607311276861823_0.86073117071826_0.8607315580069584_SIZE_1_1.1_2
GEN_53_FIT_0.8607311276861823_0.86073117071826_0.8607315580069584_SIZE_1_1.1_2
GEN_54_FIT_0.8607311276861823_0.86073117071826_0.8607315580069584_SIZE_1_1.1_2
GEN_55_FIT_0.8607311276861823_0.86073117071826_0.8607315580069584_SIZE_1_1.1_2
GEN_56_FIT_0.8607311276861823_0.86073117071826_0.8607315580069584_SIZE_1_1.1_2
GEN_57_FIT_0.8607311276861823_0.86073117071826_0.8607315580069584_SIZE_1_1.1_2
Evaluating in sample:
[GEN_57|make_tuple(180, 0.002462154741489001)|0.8607]
[GEN_57|make_tuple(add(180, 0.17745368915281182), 0.002462154741489001)|0.8607]
Evaluating out-of-sample:
[GEN_57|make_tuple(180, 0.002462154741489001)|0.8925]
[GEN_57|make_tuple(add(180, 0.17745368915281182), 0.002462154741489001)|0.8925]
Stopped early in iteration 57, no improvement in 20 gens.
START_TASK: 12
GEN_0_FIT_0.7825591315514303_0.8268058983272161_0.8583587174526721_SIZE_1_1.85_4
GEN_1_FIT_0.8557854898379301_0.857836506963675_0.8597727742579916_SIZE_1_1.35_4
GEN_2_FIT_0.8584024688036039_0.859406336989243_0.8602712353824948_SIZE_1_1.15_2
GEN_3_FIT_0.8597727742579916_0.8598487501808538_0.8602712353824948_SIZE_1_1.05_2
GEN_4_FIT_0.8598644079527321_0.8600015193372007_0.8602721434783843_SIZE_1_1.0_1
GEN_5_FIT_0.8601657960853517_0.860285736794687_0.8604635287421035_SIZE_1_1.0_1
GEN_6_FIT_0.8603371039860663_0.8604164717180278_0.8604808634831306_SIZE_1_1.05_2
GEN_7_FIT_0.8604625766814628_0.8605096110982323_0.8606487406982081_SIZE_1_1.0_1
GEN_8_FIT_0.8604808634831306_0.860582160278413_0.8606487406982081_SIZE_1_1.05_2
GEN_9_FIT_0.860642428272313_0.8606444950193405_0.8606487406982081_SIZE_1_1.15_2
GEN_10_FIT_0.8606444152495816_0.8606503310183454_0.8607188782484558_SIZE_1_1.25_3
GEN_11_FIT_0.8606444152495816_0.8606568755485877_0.8607188782484558_SIZE_1_1.25_3
GEN_12_FIT_0.8606487406982081_0.8606693878791601_0.8607188782484558_SIZE_1_1.35_3
GEN_13_FIT_0.8606674241828248_0.8606929075535381_0.8607188782484558_SIZE_1_1.4_3
GEN_14_FIT_0.8606974497624879_0.86072313684526_0.8609566547397793_SIZE_1_1.3_3
GEN_15_FIT_0.8607169674413526_0.8607567241773898_0.8609566547397793_SIZE_1_1.4_2
GEN_16_FIT_0.8607169674413526_0.8607869751546758_0.8609566547397793_SIZE_1_1.6_2
GEN_17_FIT_0.8607188782484558_0.8608570354626487_0.8609566547397793_SIZE_1_1.6_2
GEN_18_FIT_0.8607301766893918_0.8607528244944305_0.8609566547397793_SIZE_1_1.1_2
GEN_19_FIT_0.8607301766893918_0.8608255215494276_0.8609566547397793_SIZE_1_1.35_2
GEN_20_FIT_0.8607844631254079_0.8609526010788121_0.8610022139372936_SIZE_1_1.85_2
Evaluating in sample:
[GEN_20|make_tuple(1103, 0.0013477857893765299)|0.8610]
[GEN_20|make_tuple(add(28, 1075), 0.0013389496319451326)|0.8610]
Evaluating out-of-sample:
[GEN_20|make_tuple(1103, 0.0013477857893765299)|0.9985]
[GEN_20|make_tuple(add(28, 1075), 0.0013389496319451326)|0.9985]
GEN_21_FIT_0.8607844631254079_0.8609209429745979_0.8610022139372936_SIZE_1_1.65_3
GEN_22_FIT_0.8608317301616192_0.8609737757603476_0.8610022139372936_SIZE_1_1.8_3
GEN_23_FIT_0.8609566547397793_0.8609839902582879_0.8610022139372936_SIZE_1_1.55_2
GEN_24_FIT_0.8609566547397793_0.8609794343385364_0.8610022139372936_SIZE_1_1.1_2
GEN_25_FIT_0.8610022139372936_0.8610022139372935_0.8610022139372936_SIZE_1_1.0_1
GEN_26_FIT_0.8610022139372936_0.8610022139372935_0.8610022139372936_SIZE_1_1.0_1
GEN_27_FIT_0.8610022139372936_0.8610022139372935_0.8610022139372936_SIZE_1_1.0_1
GEN_28_FIT_0.8610022139372936_0.8610022139372935_0.8610022139372936_SIZE_1_1.0_1
GEN_29_FIT_0.8610022139372936_0.8610022139372935_0.8610022139372936_SIZE_1_1.0_1
GEN_30_FIT_0.8610022139372936_0.8610022139372935_0.8610022139372936_SIZE_1_1.0_1
GEN_31_FIT_0.8610022139372936_0.8610022139372935_0.8610022139372936_SIZE_1_1.0_1
GEN_32_FIT_0.8610022139372936_0.8610022139372935_0.8610022139372936_SIZE_1_1.0_1
GEN_33_FIT_0.8610022139372936_0.8610022139372935_0.8610022139372936_SIZE_1_1.0_1
GEN_34_FIT_0.8610022139372936_0.8610022139372935_0.8610022139372936_SIZE_1_1.0_1
GEN_35_FIT_0.8610022139372936_0.8610022139372935_0.8610022139372936_SIZE_1_1.0_1
GEN_36_FIT_0.8610022139372936_0.8610022139372935_0.8610022139372936_SIZE_1_1.0_1
GEN_37_FIT_0.8610022139372936_0.8610022139372935_0.8610022139372936_SIZE_1_1.0_1
GEN_38_FIT_0.8610022139372936_0.8610022139372935_0.8610022139372936_SIZE_1_1.0_1
GEN_39_FIT_0.8610022139372936_0.8610022139372935_0.8610022139372936_SIZE_1_1.0_1
GEN_40_FIT_0.8610022139372936_0.8610022139372935_0.8610022139372936_SIZE_1_1.0_1
Evaluating in sample:
[GEN_40|make_tuple(1103, 0.0013389496319451326)|0.8610]
Evaluating out-of-sample:
[GEN_40|make_tuple(1103, 0.0013389496319451326)|0.9985]
GEN_41_FIT_0.8610022139372936_0.8610022139372935_0.8610022139372936_SIZE_1_1.0_1
GEN_42_FIT_0.8610022139372936_0.8610022139372935_0.8610022139372936_SIZE_1_1.0_1
GEN_43_FIT_0.8610022139372936_0.8610022139372935_0.8610022139372936_SIZE_1_1.0_1
GEN_44_FIT_0.8610022139372936_0.8610022139372935_0.8610022139372936_SIZE_1_1.0_1
Evaluating in sample:
[GEN_44|make_tuple(1103, 0.0013389496319451326)|0.8610]
Evaluating out-of-sample:
[GEN_44|make_tuple(1103, 0.0013389496319451326)|0.9985]
Stopped early in iteration 44, no improvement in 20 gens.
START_TASK: 14
GEN_0_FIT_0.7021886127738699_0.8153734350886548_0.8591944853926786_SIZE_1_2.4_6
GEN_1_FIT_0.8063214933566066_0.8481991327341385_0.8591944853926786_SIZE_1_1.8_3
GEN_2_FIT_0.8522910083959716_0.8573194772513786_0.8594307647151715_SIZE_1_2.45_4
GEN_3_FIT_0.8550290419458482_0.8580389029622923_0.8594307647151715_SIZE_1_2.05_4
GEN_4_FIT_0.8591558492144333_0.8594206515430279_0.8594880800109039_SIZE_1_1.6_2
GEN_5_FIT_0.8594307647151715_0.8594573724195289_0.8596539137701195_SIZE_1_1.1_2
GEN_6_FIT_0.8594461014773085_0.8595066466151756_0.8596636931480083_SIZE_1_1.2_2
GEN_7_FIT_0.8594880800109039_0.8596375492487438_0.8596636931480083_SIZE_1_1.55_3
GEN_8_FIT_0.8596539137701195_0.8596594232773695_0.8596688988268113_SIZE_1_1.35_2
GEN_9_FIT_0.8596539137701195_0.8596611320336549_0.8596688988268113_SIZE_1_1.25_3
GEN_10_FIT_0.8596659653375394_0.8596662586864667_0.8596688988268113_SIZE_1_1.0_1
GEN_11_FIT_0.8596659653375394_0.8596689680141907_0.8596862732329643_SIZE_1_1.05_2
GEN_12_FIT_0.859673238948439_0.8596738906626651_0.8596862732329643_SIZE_1_1.0_1
GEN_13_FIT_0.859673238948439_0.859676448383715_0.8596983248003842_SIZE_1_1.05_2
GEN_14_FIT_0.859673238948439_0.8596873579549916_0.8596983248003842_SIZE_1_1.2_2
GEN_15_FIT_0.8596862732329643_0.8596977560735958_0.859735156534296_SIZE_1_1.0_1
GEN_16_FIT_0.8596983248003842_0.8597020079737753_0.859735156534296_SIZE_1_1.0_1
GEN_17_FIT_0.8596983248003842_0.8597093743205576_0.859735156534296_SIZE_1_1.0_1
GEN_18_FIT_0.8596983248003842_0.8597333149476004_0.859735156534296_SIZE_1_1.0_1
GEN_19_FIT_0.859735156534296_0.859735156534296_0.859735156534296_SIZE_1_1.0_1
GEN_20_FIT_0.859735156534296_0.859735156534296_0.859735156534296_SIZE_1_1.0_1
Evaluating in sample:
[GEN_20|make_tuple(179, 0.0024917916118898866)|0.8597]
Evaluating out-of-sample:
[GEN_20|make_tuple(179, 0.0024917916118898866)|0.9938]
GEN_21_FIT_0.859735156534296_0.859735156534296_0.859735156534296_SIZE_1_1.0_1
GEN_22_FIT_0.859735156534296_0.859735156534296_0.859735156534296_SIZE_1_1.0_1
GEN_23_FIT_0.859735156534296_0.859735156534296_0.859735156534296_SIZE_1_1.0_1
GEN_24_FIT_0.859735156534296_0.859735156534296_0.859735156534296_SIZE_1_1.0_1
GEN_25_FIT_0.859735156534296_0.8597352991945879_0.8597367940508241_SIZE_1_1.05_2
GEN_26_FIT_0.859735156534296_0.8597354207635194_0.8597367940508241_SIZE_1_1.1_2
GEN_27_FIT_0.859735156534296_0.8597358698357563_0.8597367940508241_SIZE_1_1.35_2
GEN_28_FIT_0.859735156534296_0.8597365856268334_0.8597367940508241_SIZE_1_1.7_2
GEN_29_FIT_0.8597363722236099_0.8597367518681029_0.8597367940508241_SIZE_1_1.9_2
GEN_30_FIT_0.8597363722236099_0.8597367518681029_0.8597367940508241_SIZE_1_1.9_2
GEN_31_FIT_0.859735156534296_0.8597363159308454_0.8597403730822388_SIZE_1_1.5_3
GEN_32_FIT_0.8597363722236099_0.8597369756913767_0.8597403730822388_SIZE_1_1.4_3
GEN_33_FIT_0.8597363722236099_0.8597388629020776_0.8597407575021104_SIZE_1_1.45_3
GEN_34_FIT_0.8597399512550242_0.8597403100611798_0.8597407575021104_SIZE_1_2.0_3
GEN_35_FIT_0.8597387355657107_0.8597398739566693_0.8597407575021104_SIZE_1_1.35_3
GEN_36_FIT_0.8597399512550242_0.8597403374526188_0.8597411878228866_SIZE_1_1.3_3
GEN_37_FIT_0.8597399512550242_0.859740764387246_0.8597411878228866_SIZE_1_1.55_3
GEN_38_FIT_0.8597407575021104_0.8597408427169094_0.8597411878228866_SIZE_1_1.3_3
GEN_39_FIT_0.8597407575021104_0.8597408427169094_0.8597411878228866_SIZE_1_1.3_3
GEN_40_FIT_0.8597407575021104_0.8597408427169094_0.8597411878228866_SIZE_1_1.3_3
Evaluating in sample:
[GEN_40|make_tuple(180, 0.0024837640611182583)|0.8597]
[GEN_40|make_tuple(add(0.5037138387825557, 179), 0.0024837640611182583)|0.8597]
[GEN_40|make_tuple(add(pow(2, 0.479380249307402), 179), 0.0024837640611182583)|0.8597]
Evaluating out-of-sample:
[GEN_40|make_tuple(180, 0.0024837640611182583)|0.9938]
[GEN_40|make_tuple(add(0.5037138387825557, 179), 0.0024837640611182583)|0.9938]
[GEN_40|make_tuple(add(pow(2, 0.479380249307402), 179), 0.0024837640611182583)|0.9938]
GEN_41_FIT_0.8597407575021104_0.8597413588016126_0.8597510791961732_SIZE_1_1.3_3
GEN_42_FIT_0.8597407575021104_0.8597418748863157_0.8597510791961732_SIZE_1_1.3_3
GEN_43_FIT_0.8597407575021104_0.8597434231404252_0.8597510791961732_SIZE_1_1.3_3
GEN_44_FIT_0.8597407575021104_0.8597459398651808_0.8597515095169493_SIZE_1_1.15_3
GEN_45_FIT_0.8597510791961732_0.8597511222282506_0.8597515095169493_SIZE_1_1.2_3
GEN_46_FIT_0.8597510791961732_0.8597511222282506_0.8597515095169493_SIZE_1_1.2_3
GEN_47_FIT_0.8597510791961732_0.8597511222282506_0.8597515095169493_SIZE_1_1.2_3
GEN_48_FIT_0.8597510791961732_0.8597511433196114_0.8597515095169493_SIZE_1_1.25_3
GEN_49_FIT_0.8597510791961732_0.8597511644109721_0.8597515095169493_SIZE_1_1.3_3
GEN_50_FIT_0.8597510791961732_0.8597513111877193_0.8597548753726685_SIZE_1_1.2_3
GEN_51_FIT_0.8597510791961732_0.8597515009965442_0.8597548753726685_SIZE_1_1.3_3
GEN_52_FIT_0.8597510791961732_0.8597515009965442_0.8597548753726685_SIZE_1_1.3_3
GEN_53_FIT_0.8597510791961732_0.8597515009965442_0.8597548753726685_SIZE_1_1.3_3
GEN_54_FIT_0.8597510791961732_0.8597515009965442_0.8597548753726685_SIZE_1_1.3_3
GEN_55_FIT_0.8597510791961732_0.8597515009965442_0.8597548753726685_SIZE_1_1.3_3
GEN_56_FIT_0.8597510791961732_0.8597515009965442_0.8597548753726685_SIZE_1_1.3_3
GEN_57_FIT_0.8597510791961732_0.8597515009965442_0.8597548753726685_SIZE_1_1.3_3
GEN_58_FIT_0.8597510791961732_0.8597515009965442_0.8597548753726685_SIZE_1_1.3_3
GEN_59_FIT_0.8597510791961732_0.8597515009965442_0.8597548753726685_SIZE_1_1.3_3
GEN_60_FIT_0.8597510791961732_0.8597515009965442_0.8597548753726685_SIZE_1_1.3_3
Evaluating in sample:
[GEN_60|make_tuple(180, 0.0024846981259868174)|0.8598]
[GEN_60|make_tuple(add(0.412418774325815, 179), 0.0024846981259868174)|0.8598]
[GEN_60|make_tuple(add(add(2, 0.412418774325815), 179), 0.0024846981259868174)|0.8598]
Evaluating out-of-sample:
[GEN_60|make_tuple(180, 0.0024846981259868174)|0.9938]
[GEN_60|make_tuple(add(0.412418774325815, 179), 0.0024846981259868174)|0.9938]
[GEN_60|make_tuple(add(add(2, 0.412418774325815), 179), 0.0024846981259868174)|0.9938]
GEN_61_FIT_0.8597510791961732_0.8597515009965442_0.8597548753726685_SIZE_1_1.3_3
GEN_62_FIT_0.8597510791961732_0.8597515009965442_0.8597548753726685_SIZE_1_1.3_3
GEN_63_FIT_0.8597510791961732_0.8597515009965442_0.8597548753726685_SIZE_1_1.3_3
GEN_64_FIT_0.8597510791961732_0.8597515009965442_0.8597548753726685_SIZE_1_1.3_3
GEN_65_FIT_0.8597510791961732_0.8597515009965442_0.8597548753726685_SIZE_1_1.3_3
GEN_66_FIT_0.8597510791961732_0.8597515009965442_0.8597548753726685_SIZE_1_1.3_3
GEN_67_FIT_0.8597510791961732_0.8597514803298614_0.8597548753726685_SIZE_1_1.25_3
GEN_68_FIT_0.8597510791961732_0.8597514803298614_0.8597548753726685_SIZE_1_1.25_3
GEN_69_FIT_0.8597510791961732_0.8597515018459003_0.8597548753726685_SIZE_1_1.3_3
GEN_70_FIT_0.8597510791961732_0.8597515018459003_0.8597548753726685_SIZE_1_1.3_3
GEN_71_FIT_0.8597510791961732_0.8597515018459003_0.8597548753726685_SIZE_1_1.3_3
Evaluating in sample:
[GEN_71|make_tuple(180, 0.0024846981259868174)|0.8598]
[GEN_71|make_tuple(add(180, 0.2690147548651848), 0.0024846981259868174)|0.8598]
[GEN_71|make_tuple(add(add(2, 0.412418774325815), 179), 0.0024846981259868174)|0.8598]
Evaluating out-of-sample:
[GEN_71|make_tuple(180, 0.0024846981259868174)|0.9938]
[GEN_71|make_tuple(add(180, 0.2690147548651848), 0.0024846981259868174)|0.9938]
[GEN_71|make_tuple(add(add(2, 0.412418774325815), 179), 0.0024846981259868174)|0.9938]
Stopped early in iteration 71, no improvement in 20 gens.
START_TASK: 15
GEN_0_FIT_0.7956706761311683_0.8339647304211326_0.8589468923628084_SIZE_1_1.95_5
GEN_1_FIT_0.8498038546877111_0.8562184460102357_0.8589468923628084_SIZE_1_1.2_4
GEN_2_FIT_0.8581070063891864_0.8585762978157574_0.8592376048073853_SIZE_1_1.15_3
GEN_3_FIT_0.8588053707909806_0.8590607565091389_0.8595785416526204_SIZE_1_1.15_3
GEN_4_FIT_0.8592143933175589_0.8593702668196208_0.8595785416526204_SIZE_1_1.2_3
GEN_5_FIT_0.8595187593015212_0.8595675673265596_0.8597267467023124_SIZE_1_1.15_2
GEN_6_FIT_0.8595537139796685_0.8596189663121516_0.859904226209939_SIZE_1_1.1_2
GEN_7_FIT_0.8595785416526204_0.859829085658399_0.8600649989898073_SIZE_1_1.25_2
GEN_8_FIT_0.859904226209939_0.8599552558937571_0.8600649989898073_SIZE_1_1.25_3
GEN_9_FIT_0.8599751585725943_0.8600138905448453_0.8600805361897602_SIZE_1_1.2_2
GEN_10_FIT_0.8600167498505474_0.8600528671576944_0.8604032390038119_SIZE_1_1.35_2
GEN_11_FIT_0.8600167498505474_0.8600924740050682_0.8604032390038119_SIZE_1_1.35_3
GEN_12_FIT_0.8600221566979235_0.8601678240229509_0.8607978973678292_SIZE_1_1.4_3
GEN_13_FIT_0.8600413932902768_0.8601794367467053_0.8607978973678292_SIZE_1_1.2_2
GEN_14_FIT_0.8600805361897602_0.8602471087296836_0.8607978973678292_SIZE_1_1.25_2
GEN_15_FIT_0.8600821291784214_0.8604052681885908_0.8607978973678292_SIZE_1_1.5_2
GEN_16_FIT_0.8600821291784214_0.8605903748984159_0.8607978973678292_SIZE_1_1.8_3
GEN_17_FIT_0.8600927025564865_0.8607069599984397_0.8610380580393866_SIZE_1_1.85_2
GEN_18_FIT_0.859603971206682_0.8606599099413887_0.8610668921179477_SIZE_1_1.75_2
GEN_19_FIT_0.8600978323396912_0.8607684339557663_0.8610668921179477_SIZE_1_1.7_2
GEN_20_FIT_0.8603621957151724_0.8609538439053697_0.8610668921179477_SIZE_1_1.9_3
Evaluating in sample:
[GEN_20|make_tuple(794, 0.001333593334186056)|0.8604]
[GEN_20|make_tuple(add(689, 546), 0.001333593334186056)|0.8611]
Evaluating out-of-sample:
[GEN_20|make_tuple(794, 0.001333593334186056)|0.9779]
[GEN_20|make_tuple(add(689, 546), 0.001333593334186056)|0.9732]
GEN_21_FIT_0.8603621957151724_0.860790333978492_0.8610832686938258_SIZE_1_1.65_3
GEN_22_FIT_0.8604139324825725_0.861004763124094_0.8610832686938258_SIZE_1_2.0_3
GEN_23_FIT_0.8604139324825725_0.8609761369140493_0.8611057560752331_SIZE_1_2.0_3
GEN_24_FIT_0.8604212315788462_0.8609925905420835_0.8611057560752331_SIZE_1_1.9_3
GEN_25_FIT_0.8607217801583964_0.8610865572793912_0.8611057560752331_SIZE_1_1.95_2
GEN_26_FIT_0.8607217801583964_0.8610865572793912_0.8611057560752331_SIZE_1_1.95_2
GEN_27_FIT_0.8607471014545675_0.8610698906131665_0.8611057560752331_SIZE_1_1.9_2
GEN_28_FIT_0.8607602847272363_0.8610884825078333_0.8611057560752331_SIZE_1_1.95_2
GEN_29_FIT_0.8607602847272363_0.8610712089404334_0.8611057560752331_SIZE_1_1.9_2
GEN_30_FIT_0.8608412358514436_0.86108149716573_0.8611173996480553_SIZE_1_1.9_2
GEN_31_FIT_0.8608412358514436_0.8610478162921478_0.8611173996480553_SIZE_1_1.75_2
GEN_32_FIT_0.8608412358514436_0.8609816189022658_0.8611173996480553_SIZE_1_1.45_2
GEN_33_FIT_0.8610315440782323_0.8611131068695641_0.8611173996480553_SIZE_1_1.95_2
GEN_34_FIT_0.8610315440782323_0.8611131068695641_0.8611173996480553_SIZE_1_1.95_2
GEN_35_FIT_0.8610315440782323_0.8611131068695641_0.8611173996480553_SIZE_1_1.95_2
GEN_36_FIT_0.860703120221385_0.8610799815418264_0.8611267392294386_SIZE_1_1.75_2
GEN_37_FIT_0.8610315440782323_0.8611030304085057_0.8611267392294386_SIZE_1_1.85_3
GEN_38_FIT_0.8610315440782323_0.8610867032858108_0.8611267392294386_SIZE_1_1.6_3
GEN_39_FIT_0.8610485532959197_0.8611228299327627_0.8611267392294386_SIZE_1_1.95_2
GEN_40_FIT_0.8610408836596155_0.8611150113394107_0.8611344088657427_SIZE_1_1.85_2
Evaluating in sample:
[GEN_40|make_tuple(1243, 0.001340439740819477)|0.8610]
[GEN_40|make_tuple(add(688, 546), 0.001340439740819477)|0.8611]
Evaluating out-of-sample:
[GEN_40|make_tuple(1243, 0.001340439740819477)|0.9736]
[GEN_40|make_tuple(add(688, 546), 0.001340439740819477)|0.9732]
GEN_41_FIT_0.8610408836596155_0.8610837369660033_0.8611344088657427_SIZE_1_1.45_2
GEN_42_FIT_0.8610485532959197_0.8610614316313929_0.8611344088657427_SIZE_1_1.15_2
GEN_43_FIT_0.8610485532959197_0.8610571388529019_0.8611344088657427_SIZE_1_1.1_2
GEN_44_FIT_0.8610485532959197_0.8610571388529019_0.8611344088657427_SIZE_1_1.1_2
GEN_45_FIT_0.8610485532959197_0.8610571388529019_0.8611344088657427_SIZE_1_1.1_2
GEN_46_FIT_0.8610485532959197_0.8610571388529019_0.8611344088657427_SIZE_1_1.1_2
GEN_47_FIT_0.8610485532959197_0.8610571388529019_0.8611344088657427_SIZE_1_1.1_2
GEN_48_FIT_0.8610485532959197_0.8610571388529019_0.8611344088657427_SIZE_1_1.1_2
GEN_49_FIT_0.8610485532959197_0.8610648705454361_0.8612031871466046_SIZE_1_1.1_2
GEN_50_FIT_0.8610485532959197_0.8610969762230024_0.8612031871466046_SIZE_1_1.25_2
GEN_51_FIT_0.8611275175542819_0.8611650145265575_0.8612031871466046_SIZE_1_1.5_2
GEN_52_FIT_0.8612031871466046_0.8612031871466044_0.8612031871466046_SIZE_1_1.0_1
GEN_53_FIT_0.8612031871466046_0.8612031871466044_0.8612031871466046_SIZE_1_1.0_1
GEN_54_FIT_0.8612031871466046_0.8612031871466044_0.8612031871466046_SIZE_1_1.0_1
GEN_55_FIT_0.8612031871466046_0.8612031871466044_0.8612031871466046_SIZE_1_1.0_1
GEN_56_FIT_0.8612031871466046_0.8612031871466044_0.8612031871466046_SIZE_1_1.0_1
GEN_57_FIT_0.8612031871466046_0.8612031871466044_0.8612031871466046_SIZE_1_1.0_1
GEN_58_FIT_0.8612031871466046_0.8612031871466044_0.8612031871466046_SIZE_1_1.0_1
GEN_59_FIT_0.8612031871466046_0.8612031871466044_0.8612031871466046_SIZE_1_1.0_1
GEN_60_FIT_0.8612031871466046_0.8612031871466044_0.8612031871466046_SIZE_1_1.0_1
Evaluating in sample:
[GEN_60|make_tuple(1103, 0.001340439740819477)|0.8612]
Evaluating out-of-sample:
[GEN_60|make_tuple(1103, 0.001340439740819477)|0.9782]
GEN_61_FIT_0.8612031871466046_0.8612031871466044_0.8612031871466046_SIZE_1_1.0_1
GEN_62_FIT_0.8612031871466046_0.8612031871466044_0.8612031871466046_SIZE_1_1.0_1
GEN_63_FIT_0.8612031871466046_0.8612031871466044_0.8612031871466046_SIZE_1_1.0_1
GEN_64_FIT_0.8612031871466046_0.8612031871466044_0.8612031871466046_SIZE_1_1.0_1
GEN_65_FIT_0.8612031871466046_0.8612031871466044_0.8612031871466046_SIZE_1_1.0_1
GEN_66_FIT_0.8612031871466046_0.8612031871466044_0.8612031871466046_SIZE_1_1.0_1
GEN_67_FIT_0.8612031871466046_0.8612031871466044_0.8612031871466046_SIZE_1_1.0_1
GEN_68_FIT_0.8612031871466046_0.8612031871466044_0.8612031871466046_SIZE_1_1.0_1
GEN_69_FIT_0.8612031871466046_0.8612031871466044_0.8612031871466046_SIZE_1_1.0_1
GEN_70_FIT_0.8612031871466046_0.8612031871466044_0.8612031871466046_SIZE_1_1.0_1
Evaluating in sample:
[GEN_70|make_tuple(1103, 0.001340439740819477)|0.8612]
Evaluating out-of-sample:
[GEN_70|make_tuple(1103, 0.001340439740819477)|0.9782]
Stopped early in iteration 70, no improvement in 20 gens.
START_TASK: 16
GEN_0_FIT_0.8177107407954877_0.8316058031965022_0.8564262559265632_SIZE_1_2.0_9
GEN_1_FIT_0.8470146662286935_0.8537841191420495_0.8581656606466753_SIZE_1_1.4_4
GEN_2_FIT_0.8564407816435687_0.8574231607870892_0.858776117381142_SIZE_1_1.7_4
GEN_3_FIT_0.8581656606466753_0.8585323399326281_0.8591673766629829_SIZE_1_1.3_3
GEN_4_FIT_0.8585835147547669_0.8589142829258517_0.8593697261895984_SIZE_1_1.75_4
GEN_5_FIT_0.8591162076033125_0.8592259296169434_0.8593713637061265_SIZE_1_1.0_1
GEN_6_FIT_0.8592765567253181_0.8593481439338818_0.8594683974817654_SIZE_1_1.0_1
GEN_7_FIT_0.8593840203428084_0.8594619562673763_0.8595456282394563_SIZE_1_1.0_1
GEN_8_FIT_0.859517351152703_0.8595504292458781_0.8597294916770476_SIZE_1_1.15_2
GEN_9_FIT_0.8595456282394563_0.8595939016631812_0.8597493325715432_SIZE_1_1.0_1
GEN_10_FIT_0.8595698871474841_0.859628523253251_0.8597493325715432_SIZE_1_1.1_2
GEN_11_FIT_0.8596818498234707_0.8597258174488278_0.8597493325715432_SIZE_1_1.15_2
GEN_12_FIT_0.8597493325715432_0.8597493325715432_0.8597493325715432_SIZE_1_1.0_1
GEN_13_FIT_0.8597493325715432_0.8597493325715432_0.8597493325715432_SIZE_1_1.0_1
GEN_14_FIT_0.8597493325715432_0.8597493325715432_0.8597493325715432_SIZE_1_1.0_1
GEN_15_FIT_0.8597493325715432_0.8597493325715432_0.8597493325715432_SIZE_1_1.0_1
GEN_16_FIT_0.8597493325715432_0.8597493505287377_0.8597496917154339_SIZE_1_1.0_1
GEN_17_FIT_0.8597493325715432_0.8597494503617586_0.8597509700880713_SIZE_1_1.05_2
GEN_18_FIT_0.8597493325715432_0.8597496040663632_0.8597509700880713_SIZE_1_1.1_2
GEN_19_FIT_0.8597493325715432_0.8597498655141351_0.8597513292319621_SIZE_1_1.15_2
GEN_20_FIT_0.8597496917154339_0.8597498554670866_0.8597513292319621_SIZE_1_1.1_2
Evaluating in sample:
[GEN_20|make_tuple(179, 0.002481995116889572)|0.8597]
[GEN_20|make_tuple(add(179, 0.5010906401661813), 0.002481995116889572)|0.8598]
Evaluating out-of-sample:
[GEN_20|make_tuple(179, 0.002481995116889572)|0.9927]
[GEN_20|make_tuple(add(179, 0.5010906401661813), 0.002481995116889572)|0.9927]
GEN_21_FIT_0.8597496917154339_0.8597498554670866_0.8597513292319621_SIZE_1_1.1_2
GEN_22_FIT_0.8597496917154339_0.8597498554670866_0.8597513292319621_SIZE_1_1.1_2
GEN_23_FIT_0.8597496917154339_0.8597498554670866_0.8597513292319621_SIZE_1_1.1_2
GEN_24_FIT_0.8597496917154339_0.8597501739201352_0.8597514538897797_SIZE_1_1.3_3
GEN_25_FIT_0.8597496917154339_0.8597510411705637_0.8597514538897797_SIZE_1_1.85_4
GEN_26_FIT_0.8597510235690036_0.8597514731497929_0.8597548189144946_SIZE_1_1.95_3
GEN_27_FIT_0.8597496917154339_0.8597509224444593_0.8597548189144946_SIZE_1_1.35_3
GEN_28_FIT_0.8597510235690036_0.8597514461356303_0.8597548189144946_SIZE_1_1.3_3
GEN_29_FIT_0.8597510235690036_0.8597514461356303_0.8597548189144946_SIZE_1_1.3_3
GEN_30_FIT_0.8597510235690036_0.8597514461356303_0.8597548189144946_SIZE_1_1.3_3
GEN_31_FIT_0.8597510235690036_0.8597514461356303_0.8597548189144946_SIZE_1_1.3_3
GEN_32_FIT_0.8597510235690036_0.8597514864479846_0.8597548189144946_SIZE_1_1.3_3
GEN_33_FIT_0.8597510235690036_0.859751906294888_0.8597548189144946_SIZE_1_1.5_3
GEN_34_FIT_0.8597510235690036_0.8597518966148965_0.8597556259925853_SIZE_1_1.4_3
GEN_35_FIT_0.85975182981609_0.8597522524658172_0.8597556259925853_SIZE_1_1.3_3
GEN_36_FIT_0.85975182981609_0.8597522524658172_0.8597556259925853_SIZE_1_1.3_3
GEN_37_FIT_0.85975182981609_0.8597522524658172_0.8597556259925853_SIZE_1_1.3_3
GEN_38_FIT_0.85975182981609_0.8597522524658172_0.8597556259925853_SIZE_1_1.3_3
GEN_39_FIT_0.85975182981609_0.8597522524658172_0.8597556259925853_SIZE_1_1.3_3
GEN_40_FIT_0.85975182981609_0.8597522524658172_0.8597556259925853_SIZE_1_1.3_3
Evaluating in sample:
[GEN_40|make_tuple(180, 0.0024834189576828465)|0.8598]
[GEN_40|make_tuple(add(180, 0.46320088042219404), 0.0024834189576828465)|0.8598]
[GEN_40|make_tuple(add(0.3911226366638576, add(2, 179)), 0.0024834189576828465)|0.8598]
Evaluating out-of-sample:
[GEN_40|make_tuple(180, 0.0024834189576828465)|0.9927]
[GEN_40|make_tuple(add(180, 0.46320088042219404), 0.0024834189576828465)|0.9927]
[GEN_40|make_tuple(add(0.3911226366638576, add(2, 179)), 0.0024834189576828465)|0.9927]
GEN_41_FIT_0.85975182981609_0.8597522524658172_0.8597556259925853_SIZE_1_1.3_3
GEN_42_FIT_0.85975182981609_0.859752549869994_0.8597577778996262_SIZE_1_1.3_3
GEN_43_FIT_0.85975182981609_0.8597528472741709_0.8597577778996262_SIZE_1_1.3_3
GEN_44_FIT_0.85975182981609_0.8597534420825245_0.8597577778996262_SIZE_1_1.3_3
GEN_45_FIT_0.85975182981609_0.8597551619443108_0.8597615740761214_SIZE_1_1.5_3
GEN_46_FIT_0.8597577778996262_0.8597580107405285_0.8597615740761214_SIZE_1_1.2_3
GEN_47_FIT_0.8597577778996262_0.8597582005493534_0.8597615740761214_SIZE_1_1.3_3
GEN_48_FIT_0.8597577778996262_0.8597582005493534_0.8597615740761214_SIZE_1_1.3_3
GEN_49_FIT_0.8597577778996262_0.8597582005493534_0.8597615740761214_SIZE_1_1.3_3
GEN_50_FIT_0.8597577778996262_0.8597582005493534_0.8597615740761214_SIZE_1_1.3_3
GEN_51_FIT_0.8597577778996262_0.8597582005493534_0.8597615740761214_SIZE_1_1.3_3
GEN_52_FIT_0.8597577778996262_0.8597582005493534_0.8597615740761214_SIZE_1_1.3_3
GEN_53_FIT_0.8597577778996262_0.8597582005493534_0.8597615740761214_SIZE_1_1.3_3
GEN_54_FIT_0.8597577778996262_0.8597582005493534_0.8597615740761214_SIZE_1_1.3_3
GEN_55_FIT_0.8597577778996262_0.8597582005493534_0.8597615740761214_SIZE_1_1.3_3
GEN_56_FIT_0.8597577778996262_0.8597582005493534_0.8597615740761214_SIZE_1_1.3_3
GEN_57_FIT_0.8597577778996262_0.8597582005493534_0.8597615740761214_SIZE_1_1.3_3
GEN_58_FIT_0.8597577778996262_0.8597584131623718_0.8597620301599921_SIZE_1_1.3_3
GEN_59_FIT_0.8597577778996262_0.8597584131623718_0.8597620301599921_SIZE_1_1.3_3
GEN_60_FIT_0.8597577778996262_0.8597584131623718_0.8597620301599921_SIZE_1_1.3_3
Evaluating in sample:
[GEN_60|make_tuple(180, 0.0024846062696475646)|0.8598]
Evaluating out-of-sample:
[GEN_60|make_tuple(180, 0.0024846062696475646)|0.9927]
GEN_61_FIT_0.8597577778996262_0.859758984408748_0.8597620301599921_SIZE_1_1.35_3
GEN_62_FIT_0.8597577778996262_0.8597594311508235_0.8597624604807682_SIZE_1_1.4_3
GEN_63_FIT_0.8597577778996262_0.8597621715594604_0.8597658263364876_SIZE_1_1.7_3
GEN_64_FIT_0.8597620301599921_0.8597624528097192_0.8597658263364876_SIZE_1_1.3_3
GEN_65_FIT_0.8597620301599921_0.8597624528097192_0.8597658263364876_SIZE_1_1.3_3
GEN_66_FIT_0.8597620301599921_0.8597624528097192_0.8597658263364876_SIZE_1_1.3_3
GEN_67_FIT_0.8597620301599921_0.8597624528097192_0.8597658263364876_SIZE_1_1.3_3
GEN_68_FIT_0.8597620301599921_0.8597624528097192_0.8597658263364876_SIZE_1_1.3_3
GEN_69_FIT_0.8597620301599921_0.8597624528097192_0.8597658263364876_SIZE_1_1.3_3
GEN_70_FIT_0.8597620301599921_0.8597624528097192_0.8597658263364876_SIZE_1_1.3_3
GEN_71_FIT_0.8597620301599921_0.8597624528097192_0.8597658263364876_SIZE_1_1.3_3
GEN_72_FIT_0.8597620301599921_0.8597624528097192_0.8597658263364876_SIZE_1_1.3_3
GEN_73_FIT_0.8597620301599921_0.8597624528097192_0.8597658263364876_SIZE_1_1.3_3
GEN_74_FIT_0.8597620301599921_0.8597624528097192_0.8597658263364876_SIZE_1_1.3_3
GEN_75_FIT_0.8597620301599921_0.8597624528097192_0.8597658263364876_SIZE_1_1.3_3
GEN_76_FIT_0.8597620301599921_0.8597624528097192_0.8597658263364876_SIZE_1_1.3_3
GEN_77_FIT_0.8597620301599921_0.8597624528097192_0.8597658263364876_SIZE_1_1.3_3
GEN_78_FIT_0.8597620301599921_0.8597624528097192_0.8597658263364876_SIZE_1_1.3_3
GEN_79_FIT_0.8597620301599921_0.8597624528097192_0.8597658263364876_SIZE_1_1.3_3
GEN_80_FIT_0.8597620301599921_0.8597624528097192_0.8597658263364876_SIZE_1_1.3_3
Evaluating in sample:
[GEN_80|make_tuple(180, 0.0024846062696475646)|0.8598]
[GEN_80|make_tuple(add(0.33545861352208955, 180), 0.0024846062696475646)|0.8598]
[GEN_80|make_tuple(add(0.4349950169950088, add(2, 179)), 0.0024846062696475646)|0.8598]
Evaluating out-of-sample:
[GEN_80|make_tuple(180, 0.0024846062696475646)|0.9927]
[GEN_80|make_tuple(add(0.33545861352208955, 180), 0.0024846062696475646)|0.9927]
[GEN_80|make_tuple(add(0.4349950169950088, add(2, 179)), 0.0024846062696475646)|0.9927]
GEN_81_FIT_0.8597620301599921_0.8597624528097192_0.8597658263364876_SIZE_1_1.3_3
GEN_82_FIT_0.8597620301599921_0.8597624528097192_0.8597658263364876_SIZE_1_1.3_3
GEN_83_FIT_0.8597620301599921_0.8597624528097192_0.8597658263364876_SIZE_1_1.3_3
GEN_84_FIT_0.8597620301599921_0.8597624528097192_0.8597658263364876_SIZE_1_1.3_3
Evaluating in sample:
[GEN_84|make_tuple(180, 0.0024846062696475646)|0.8598]
[GEN_84|make_tuple(add(0.33545861352208955, 180), 0.0024846062696475646)|0.8598]
[GEN_84|make_tuple(add(0.4349950169950088, add(2, 179)), 0.0024846062696475646)|0.8598]
Evaluating out-of-sample:
[GEN_84|make_tuple(180, 0.0024846062696475646)|0.9927]
[GEN_84|make_tuple(add(0.33545861352208955, 180), 0.0024846062696475646)|0.9927]
[GEN_84|make_tuple(add(0.4349950169950088, add(2, 179)), 0.0024846062696475646)|0.9927]
Stopped early in iteration 84, no improvement in 20 gens.
START_TASK: 18
