Starting problem: mlr_svm
param:age_regularization:100000.0
param:algorithm:random_search
param:constants_only:False
param:cxpb:0.25
param:early_stop_n:20
param:lambda_:100
param:max_number_operators:None
param:max_start_size:2
param:mu:20
param:ngen:300
param:optimize_constants:False
param:output_file:/home/gijsbers/symbolicdefaults/runs/mlr_svm_random_search_1.log
param:problem:mlr_svm
param:subset:1.0
param:task:None
param:warm_start:False
Benchmark problems: mlr_svm
sklearn_default := make_tuple(1., truediv(1., mul(p, xvar)))
mlr_default := make_tuple(1, truediv(po, 1))
symbolic_best := make_tuple(16., truediv(mkd, xvar))
Loading surrogates from file.
START_TASK: 3
GEN_0_FIT_0.24299080325280706_0.4945511319494921_0.8987417892134095_SIZE_1_3.6702_11
Evaluating in sample:
[GEN_0|make_tuple(p, mkd)|0.8899]
[GEN_0|make_tuple(add(m, m), truediv(xvar, po))|0.8977]
[GEN_0|make_tuple(max(expit(0.017238804788634803), sub(p, 0.15052459392157777)), truediv(expit(po), mul(p, xvar)))|0.8987]
Evaluating out-of-sample:
[GEN_0|make_tuple(p, mkd)|0.9641]
[GEN_0|make_tuple(add(m, m), truediv(xvar, po))|0.8715]
[GEN_0|make_tuple(max(expit(0.017238804788634803), sub(p, 0.15052459392157777)), truediv(expit(po), mul(p, xvar)))|0.9974]
GEN_1_FIT_0.24299080325280706_0.4931703025010287_0.898771422913304_SIZE_1_3.6804_11
Evaluating in sample:
[GEN_1|make_tuple(p, mkd)|0.8899]
[GEN_1|make_tuple(add(m, m), truediv(xvar, po))|0.8977]
[GEN_1|make_tuple(min(max(2, po), mul(m, p)), truediv(truediv(m, po), mul(0.48599295971679884, po)))|0.8988]
Evaluating out-of-sample:
[GEN_1|make_tuple(p, mkd)|0.9641]
[GEN_1|make_tuple(add(m, m), truediv(xvar, po))|0.8715]
[GEN_1|make_tuple(min(max(2, po), mul(m, p)), truediv(truediv(m, po), mul(0.48599295971679884, po)))|0.8936]
GEN_2_FIT_0.24393936292707744_0.49338440108709275_0.8971153867660586_SIZE_1_3.6755_11
Evaluating in sample:
[GEN_2|make_tuple(p, mkd)|0.8899]
[GEN_2|make_tuple(add(m, m), truediv(xvar, po))|0.8977]
[GEN_2|make_tuple(min(max(2, po), mul(m, p)), truediv(truediv(m, po), mul(0.48599295971679884, po)))|0.8988]
Evaluating out-of-sample:
[GEN_2|make_tuple(p, mkd)|0.9641]
[GEN_2|make_tuple(add(m, m), truediv(xvar, po))|0.8715]
[GEN_2|make_tuple(min(max(2, po), mul(m, p)), truediv(truediv(m, po), mul(0.48599295971679884, po)))|0.8936]
BENCHMARK: Evaluating in-sample:
[sklearn_default: make_tuple(1.0, truediv(1.0, mul(p, xvar)))|0.8870]
