Starting problem: mlr_rpart
param:age_regularization:100000.0
param:algorithm:mupluslambda
param:constants_only:True
param:cxpb:0.25
param:early_stop_n:20
param:lambda_:100
param:max_number_operators:None
param:max_start_size:2
param:mu:20
param:ngen:300
param:optimize_constants:False
param:output_file:/home/gijsbers/symbolicdefaults/runs/mlr_rpart_True_18.log
param:problem:mlr_rpart
param:subset:1.0
param:task:None
param:warm_start:False
Benchmark problems: mlr_rpart
Loading surrogates from file.
START_TASK: 3
GEN_0_FIT_0.7734186641033661_0.8294832799184352_0.8455588043913533_SIZE_1_4.95_15
GEN_1_FIT_0.8356948152939815_0.8430185600721645_0.8486470974381383_SIZE_1_3.2_7
GEN_2_FIT_0.842007330200332_0.8486899539698209_0.8580564510086429_SIZE_1_3.25_6
GEN_3_FIT_0.8487122831442929_0.8544199273220577_0.8586227417308187_SIZE_1_3.2_5
GEN_4_FIT_0.8506683370136483_0.8566963574582868_0.8616511127336403_SIZE_1_2.45_6
GEN_5_FIT_0.8586943741800779_0.8600421797621651_0.8616511127336403_SIZE_1_2.8_6
GEN_6_FIT_0.8599648392160334_0.8615680346573298_0.8637385287229639_SIZE_1_3.7_6
GEN_7_FIT_0.8608450030131868_0.8625077685315017_0.8644375828971115_SIZE_1_2.7_5
GEN_8_FIT_0.8612254451260718_0.8638656314175732_0.8704179251348092_SIZE_1_2.2_4
GEN_9_FIT_0.8635804404362809_0.8668636014066436_0.870595023545869_SIZE_1_2.2_4
GEN_10_FIT_0.8664084777975618_0.8691774931090943_0.8706191209388259_SIZE_1_1.9_4
GEN_11_FIT_0.8704723088187695_0.8706077021594355_0.8709202912686805_SIZE_1_1.9_4
GEN_12_FIT_0.8706191209388259_0.8707163723169395_0.8710069253926163_SIZE_1_1.35_3
GEN_13_FIT_0.870772613880339_0.8709302342240506_0.8710069253926163_SIZE_1_1.7_3
GEN_14_FIT_0.8709202912686805_0.8709978958323024_0.8718778015835387_SIZE_1_1.2_3
GEN_15_FIT_0.8709202912686805_0.8712255159333859_0.8733891705160901_SIZE_1_1.5_4
GEN_16_FIT_0.8710235053357988_0.8719263595019757_0.8736761295759771_SIZE_1_1.6_4
GEN_17_FIT_0.8712501322453585_0.873018451730357_0.875891547284073_SIZE_1_1.8_3
GEN_18_FIT_0.8719584126782414_0.8734977077322119_0.875891547284073_SIZE_1_1.55_3
GEN_19_FIT_0.8721324201563379_0.8748457124472567_0.8760663872646202_SIZE_1_1.8_3
GEN_20_FIT_0.8724283662430972_0.875245621591173_0.8760663872646202_SIZE_1_1.9_3
Evaluating in sample:
[GEN_20|make_tuple(0.0015551970736103135, 22, 11, 27)|0.8729]
[GEN_20|make_tuple(mul(0.14737756086107587, 0.002885934123027463), 25, 11, 27)|0.8761]
Evaluating out-of-sample:
[GEN_20|make_tuple(0.0015551970736103135, 22, 11, 27)|0.9627]
[GEN_20|make_tuple(mul(0.14737756086107587, 0.002885934123027463), 25, 11, 27)|0.9674]
GEN_21_FIT_0.8724283662430972_0.8744877231968762_0.8760725120124454_SIZE_1_1.65_3
GEN_22_FIT_0.8727241306831084_0.8750988911770609_0.8760798727346352_SIZE_1_1.75_3
GEN_23_FIT_0.8728874766283369_0.8756533945845758_0.876668868711786_SIZE_1_2.0_3
GEN_24_FIT_0.8728367641207486_0.8744904811858223_0.876668868711786_SIZE_1_1.7_3
GEN_25_FIT_0.8728894593455365_0.8758951769537587_0.876668868711786_SIZE_1_2.35_3
GEN_26_FIT_0.8729355739161979_0.8757427659082339_0.876668868711786_SIZE_1_2.25_3
GEN_27_FIT_0.8729355739161979_0.8748203717777028_0.876668868711786_SIZE_1_1.5_2
GEN_28_FIT_0.8729759082799996_0.8735298523447674_0.876668868711786_SIZE_1_1.15_2
GEN_29_FIT_0.8729759082799996_0.8733452043231782_0.876668868711786_SIZE_1_1.1_2
GEN_30_FIT_0.8729759082799996_0.8733452043231782_0.876668868711786_SIZE_1_1.1_2
GEN_31_FIT_0.8729759082799996_0.8733452043231782_0.876668868711786_SIZE_1_1.1_2
GEN_32_FIT_0.8729759082799996_0.8733452043231782_0.876668868711786_SIZE_1_1.1_2
GEN_33_FIT_0.8729759082799996_0.8733452043231782_0.876668868711786_SIZE_1_1.1_2
GEN_34_FIT_0.8729759082799996_0.8733452043231782_0.876668868711786_SIZE_1_1.1_2
GEN_35_FIT_0.8729759082799996_0.8733452043231782_0.876668868711786_SIZE_1_1.1_2
GEN_36_FIT_0.8729759082799996_0.8733452043231782_0.876668868711786_SIZE_1_1.1_2
GEN_37_FIT_0.8729759082799996_0.8733452043231782_0.876668868711786_SIZE_1_1.1_2
GEN_38_FIT_0.8729759082799996_0.8738962288670591_0.876668868711786_SIZE_1_1.25_2
GEN_39_FIT_0.8729759082799996_0.874089177433307_0.876668868711786_SIZE_1_1.3_2
GEN_40_FIT_0.87299183262409_0.8744848309592594_0.876668868711786_SIZE_1_1.45_3
Evaluating in sample:
[GEN_40|make_tuple(0.0015595452260457757, 22, 11, 28)|0.8730]
[GEN_40|make_tuple(mul(0.16390915366648767, 0.002627992376140338), 25, 11, 27)|0.8767]
Evaluating out-of-sample:
[GEN_40|make_tuple(0.0015595452260457757, 22, 11, 28)|0.9627]
[GEN_40|make_tuple(mul(0.16390915366648767, 0.002627992376140338), 25, 11, 27)|0.9674]
GEN_41_FIT_0.8730321669878917_0.8752141880222283_0.876668868711786_SIZE_1_1.6_2
GEN_42_FIT_0.8730321669878917_0.8763051985393965_0.876668868711786_SIZE_1_1.9_2
GEN_43_FIT_0.8730321669878917_0.8763051985393965_0.876668868711786_SIZE_1_1.9_2
GEN_44_FIT_0.8730321669878917_0.8763051985393965_0.876668868711786_SIZE_1_1.9_2
GEN_45_FIT_0.8730321669878917_0.8763051985393965_0.876668868711786_SIZE_1_1.9_2
GEN_46_FIT_0.8730321669878917_0.8763051985393965_0.876668868711786_SIZE_1_1.9_2
GEN_47_FIT_0.8730321669878917_0.8763051985393965_0.876668868711786_SIZE_1_1.9_2
Evaluating in sample:
[GEN_47|make_tuple(0.0015595452260457757, 22, 11, 28)|0.8730]
[GEN_47|make_tuple(mul(0.16390915366648767, 0.002627992376140338), 25, 11, 27)|0.8767]
Evaluating out-of-sample:
[GEN_47|make_tuple(0.0015595452260457757, 22, 11, 28)|0.9627]
[GEN_47|make_tuple(mul(0.16390915366648767, 0.002627992376140338), 25, 11, 27)|0.9674]
Stopped early in iteration 47, no improvement in 20 gens.
START_TASK: 6
GEN_0_FIT_0.5432346229124284_0.7206700070633653_0.8381519630949847_SIZE_1_4.8_12
GEN_1_FIT_0.7450132727828823_0.824213356392922_0.8480275530387182_SIZE_1_7.3_12
GEN_2_FIT_0.828345745042248_0.8380679185702729_0.8517869868907116_SIZE_1_4.85_12
GEN_3_FIT_0.8305532336898468_0.8445629782783548_0.854944583549371_SIZE_1_3.6_8
GEN_4_FIT_0.8434025257098015_0.8507532252468855_0.854944583549371_SIZE_1_2.7_8
GEN_5_FIT_0.8474171772352214_0.8553965948093252_0.8606776014879494_SIZE_1_1.85_5
GEN_6_FIT_0.8564324275834525_0.8581755587871152_0.8620112697093042_SIZE_1_2.0_5
GEN_7_FIT_0.860593278054689_0.8611766265934129_0.8620112697093042_SIZE_1_1.3_2
GEN_8_FIT_0.8619656825255524_0.8622444528192957_0.863357849767802_SIZE_1_1.25_2
GEN_9_FIT_0.8627993186522354_0.8636663461897249_0.8664356275621675_SIZE_1_1.1_2
GEN_10_FIT_0.8642666737775899_0.8650709387914608_0.8668859539411033_SIZE_1_1.0_1
GEN_11_FIT_0.8662307822203893_0.8668967702565957_0.8682471604679551_SIZE_1_1.05_2
GEN_12_FIT_0.8675604952839494_0.8684237595585472_0.8709549589849636_SIZE_1_1.2_2
GEN_13_FIT_0.8688984029566563_0.869700896164939_0.8714112939080387_SIZE_1_1.2_2
GEN_14_FIT_0.8701852680210718_0.8712012975819018_0.8732982740149955_SIZE_1_1.2_2
GEN_15_FIT_0.871506424189961_0.8727011218735911_0.8748376373027255_SIZE_1_1.45_3
GEN_16_FIT_0.8732848009357209_0.8738026651102142_0.8748376373027255_SIZE_1_1.45_3
GEN_17_FIT_0.8732982740149955_0.8737398442210249_0.8764127460851653_SIZE_1_1.2_2
GEN_18_FIT_0.8733706024930419_0.8741957015454584_0.8764127460851653_SIZE_1_1.35_3
GEN_19_FIT_0.8735887584902516_0.8755477998598231_0.8765564230370343_SIZE_1_1.8_3
GEN_20_FIT_0.8737404342385848_0.8754785667963416_0.8765564230370343_SIZE_1_1.65_3
Evaluating in sample:
[GEN_20|make_tuple(0.0016217491940069685, 22, 11, 30)|0.8740]
[GEN_20|make_tuple(mul(0.0020696431230118706, 0.20162530231304493), 22, 11, 30)|0.8766]
Evaluating out-of-sample:
[GEN_20|make_tuple(0.0016217491940069685, 22, 11, 30)|0.8090]
[GEN_20|make_tuple(mul(0.0020696431230118706, 0.20162530231304493), 22, 11, 30)|0.8721]
GEN_21_FIT_0.8738597862169335_0.8748918003296717_0.8766301660864211_SIZE_1_1.35_2
GEN_22_FIT_0.8740085500078174_0.874681460894125_0.8766744500925646_SIZE_1_1.25_2
GEN_23_FIT_0.8740303966740308_0.874294802015884_0.8766744500925646_SIZE_1_1.1_2
GEN_24_FIT_0.8740303966740308_0.87469837109892_0.8766744500925646_SIZE_1_1.25_2
GEN_25_FIT_0.8740304930823197_0.8756870664161864_0.8773183853132976_SIZE_1_1.6_2
GEN_26_FIT_0.8740764871606639_0.8753965871650082_0.8773183853132976_SIZE_1_1.45_2
GEN_27_FIT_0.8741396436013441_0.8754030826850976_0.8775053617631141_SIZE_1_1.4_2
GEN_28_FIT_0.8741644029151253_0.8754980471529678_0.8775138215372675_SIZE_1_1.4_2
GEN_29_FIT_0.8742139778272949_0.8755358775111347_0.8775138215372675_SIZE_1_1.45_3
GEN_30_FIT_0.8742584873507312_0.8749102465950095_0.8775138215372675_SIZE_1_1.2_2
GEN_31_FIT_0.8742661792726633_0.8762122406425125_0.8775138215372675_SIZE_1_1.65_3
GEN_32_FIT_0.8742784008654005_0.8770287048571083_0.8775138215372675_SIZE_1_1.85_2
GEN_33_FIT_0.8743500074710431_0.8773556308339563_0.8775138215372675_SIZE_1_1.95_2
GEN_34_FIT_0.8743500074710431_0.8773556308339563_0.8775138215372675_SIZE_1_1.95_2
GEN_35_FIT_0.8743500074710431_0.8773556308339563_0.8775138215372675_SIZE_1_1.95_2
GEN_36_FIT_0.8743500074710431_0.8771974401306449_0.8775138215372675_SIZE_1_1.9_2
GEN_37_FIT_0.8743500074710431_0.8771974401306449_0.8775138215372675_SIZE_1_1.9_2
GEN_38_FIT_0.8743500074710431_0.8771974401306449_0.8775138215372675_SIZE_1_1.9_2
GEN_39_FIT_0.8743500074710431_0.8771974401306449_0.8775138215372675_SIZE_1_1.9_2
GEN_40_FIT_0.8743500074710431_0.8771974401306449_0.8775138215372675_SIZE_1_1.9_2
Evaluating in sample:
[GEN_40|make_tuple(0.0015519616421129192, 22, 11, 28)|0.8744]
[GEN_40|make_tuple(mul(0.0022380691015505155, 0.19307074367165067), 25, 11, 27)|0.8775]
Evaluating out-of-sample:
[GEN_40|make_tuple(0.0015519616421129192, 22, 11, 28)|0.8134]
[GEN_40|make_tuple(mul(0.0022380691015505155, 0.19307074367165067), 25, 11, 27)|0.8710]
GEN_41_FIT_0.8743500074710431_0.8771974401306449_0.8775138215372675_SIZE_1_1.9_2
GEN_42_FIT_0.8743500074710431_0.8771974401306449_0.8775138215372675_SIZE_1_1.9_2
GEN_43_FIT_0.8743500074710431_0.8771974401306449_0.8775138215372675_SIZE_1_1.9_2
GEN_44_FIT_0.8743500074710431_0.8771974401306449_0.8775138215372675_SIZE_1_1.9_2
GEN_45_FIT_0.8743500074710431_0.8771974401306449_0.8775138215372675_SIZE_1_1.9_2
GEN_46_FIT_0.8743500074710431_0.8771974401306449_0.8775138215372675_SIZE_1_1.9_2
GEN_47_FIT_0.8743500074710431_0.8771974401306449_0.8775138215372675_SIZE_1_1.9_2
GEN_48_FIT_0.8743500074710431_0.8771974401306449_0.8775138215372675_SIZE_1_1.9_2
GEN_49_FIT_0.8743500074710431_0.8771974401306449_0.8775138215372675_SIZE_1_1.9_2
Evaluating in sample:
[GEN_49|make_tuple(0.0015519616421129192, 22, 11, 28)|0.8744]
[GEN_49|make_tuple(mul(0.0022380691015505155, 0.19307074367165067), 25, 11, 27)|0.8775]
Evaluating out-of-sample:
[GEN_49|make_tuple(0.0015519616421129192, 22, 11, 28)|0.8134]
[GEN_49|make_tuple(mul(0.0022380691015505155, 0.19307074367165067), 25, 11, 27)|0.8710]
Stopped early in iteration 49, no improvement in 20 gens.
START_TASK: 11
GEN_0_FIT_0.4451651437628769_0.7440981246900615_0.8470714118010889_SIZE_1_4.9_15
GEN_1_FIT_0.8199154220784378_0.8383125907155418_0.8518779487565944_SIZE_1_3.5_7
GEN_2_FIT_0.8309171525443818_0.8450297475294921_0.8518779487565944_SIZE_1_2.95_6
GEN_3_FIT_0.8513375593352455_0.8528914595784478_0.8577171486937624_SIZE_1_2.6_6
GEN_4_FIT_0.8522469705258809_0.8555557241638448_0.863977002497621_SIZE_1_2.2_4
GEN_5_FIT_0.8574872692436629_0.8608300329317101_0.8643852855594166_SIZE_1_2.2_4
GEN_6_FIT_0.8627283560915698_0.8640369276823152_0.8649039984901058_SIZE_1_2.6_4
GEN_7_FIT_0.8628997483547778_0.8645632884909704_0.8686944215381669_SIZE_1_1.9_3
GEN_8_FIT_0.8644149789046572_0.8673122900666744_0.8709299021541623_SIZE_1_2.1_3
GEN_9_FIT_0.86714861158029_0.8695181841817666_0.8717892576457889_SIZE_1_1.7_3
GEN_10_FIT_0.8698649769568587_0.8709282347905589_0.8718456136183581_SIZE_1_1.9_3
GEN_11_FIT_0.8713043354819731_0.8718031945588134_0.8722139035939462_SIZE_1_1.8_3
GEN_12_FIT_0.8717892576457889_0.8719940270290077_0.8728294038149921_SIZE_1_1.15_2
GEN_13_FIT_0.8719843203533609_0.8727299835116868_0.8729680176680543_SIZE_1_1.5_2
GEN_14_FIT_0.8728294038149921_0.8728793628992243_0.8730527125637773_SIZE_1_1.15_2
GEN_15_FIT_0.8728294038149921_0.8729922135393187_0.8730527125637773_SIZE_1_1.4_2
GEN_16_FIT_0.873015214600721_0.8730691425633783_0.8731842692310918_SIZE_1_1.45_2
GEN_17_FIT_0.8730527125637773_0.8731453614334697_0.8731842692310918_SIZE_1_1.25_2
GEN_18_FIT_0.8731705631670997_0.8731840615846407_0.8732075284300493_SIZE_1_1.25_2
GEN_19_FIT_0.8731842692310918_0.8732037924656739_0.8732989179956665_SIZE_1_1.0_1
GEN_20_FIT_0.8731842692310918_0.8732497343330143_0.8732989179956665_SIZE_1_1.1_2
Evaluating in sample:
[GEN_20|make_tuple(0.0015606333083451487, 22, 11, 28)|0.8733]
Evaluating out-of-sample:
[GEN_20|make_tuple(0.0015606333083451487, 22, 11, 28)|0.9368]
GEN_21_FIT_0.8732989179956665_0.8732989179956665_0.8732989179956665_SIZE_1_1.0_1
GEN_22_FIT_0.8732989179956665_0.8732989179956665_0.8732989179956665_SIZE_1_1.0_1
GEN_23_FIT_0.8732989179956665_0.8732989179956665_0.8732989179956665_SIZE_1_1.0_1
GEN_24_FIT_0.8732989179956665_0.8732989179956665_0.8732989179956665_SIZE_1_1.0_1
GEN_25_FIT_0.8732989179956665_0.8732989179956665_0.8732989179956665_SIZE_1_1.0_1
GEN_26_FIT_0.8732989179956665_0.8732989179956665_0.8732989179956665_SIZE_1_1.0_1
GEN_27_FIT_0.8732989179956665_0.8732989179956665_0.8732989179956665_SIZE_1_1.0_1
GEN_28_FIT_0.8732989179956665_0.8732989179956665_0.8732989179956665_SIZE_1_1.0_1
GEN_29_FIT_0.8732989179956665_0.8732989179956665_0.8732989179956665_SIZE_1_1.0_1
GEN_30_FIT_0.8732989179956665_0.8732989179956665_0.8732989179956665_SIZE_1_1.0_1
GEN_31_FIT_0.8732989179956665_0.8732989179956665_0.8732989179956665_SIZE_1_1.0_1
GEN_32_FIT_0.8732989179956665_0.8732989179956665_0.8732989179956665_SIZE_1_1.0_1
GEN_33_FIT_0.8732989179956665_0.8732989179956665_0.8732989179956665_SIZE_1_1.0_1
GEN_34_FIT_0.8732989179956665_0.8732989179956665_0.8732989179956665_SIZE_1_1.0_1
GEN_35_FIT_0.8732989179956665_0.8732989179956665_0.8732989179956665_SIZE_1_1.0_1
GEN_36_FIT_0.8732989179956665_0.8732989179956665_0.8732989179956665_SIZE_1_1.0_1
GEN_37_FIT_0.8732989179956665_0.8732989179956665_0.8732989179956665_SIZE_1_1.0_1
GEN_38_FIT_0.8732989179956665_0.8732989179956665_0.8732989179956665_SIZE_1_1.0_1
GEN_39_FIT_0.8732989179956665_0.8732989179956665_0.8732989179956665_SIZE_1_1.0_1
GEN_40_FIT_0.8732989179956665_0.8732989179956665_0.8732989179956665_SIZE_1_1.0_1
Evaluating in sample:
[GEN_40|make_tuple(0.0015606333083451487, 22, 11, 28)|0.8733]
Evaluating out-of-sample:
[GEN_40|make_tuple(0.0015606333083451487, 22, 11, 28)|0.9368]
Stopped early in iteration 40, no improvement in 20 gens.
START_TASK: 12
GEN_0_FIT_0.6852190751893164_0.7980775994750092_0.8429447529087596_SIZE_1_4.7_14
GEN_1_FIT_0.8185584605156478_0.839312469972046_0.8450912112563346_SIZE_1_3.55_10
GEN_2_FIT_0.833189802903159_0.8428250325973071_0.85297382808421_SIZE_1_2.85_10
GEN_3_FIT_0.8386830673945633_0.8479124898958601_0.8556595802321212_SIZE_1_2.0_5
GEN_4_FIT_0.8434430459098219_0.8519357100288298_0.8637945582568648_SIZE_1_1.55_2
GEN_5_FIT_0.8518755336621562_0.858225170306331_0.8637945582568648_SIZE_1_1.6_2
GEN_6_FIT_0.8611199170070473_0.8620861749794327_0.8645408642225432_SIZE_1_1.65_2
GEN_7_FIT_0.8622500303122981_0.8639590317262344_0.8661790865054145_SIZE_1_1.15_2
GEN_8_FIT_0.864601292281787_0.8654416535947119_0.8673967060440321_SIZE_1_1.2_2
GEN_9_FIT_0.8661790865054145_0.8668758067561326_0.868440495495312_SIZE_1_1.15_2
GEN_10_FIT_0.8675502213696852_0.8686457263483959_0.8713639360598255_SIZE_1_1.35_2
GEN_11_FIT_0.8684185810575442_0.8699113870172306_0.8714369274073216_SIZE_1_1.6_3
GEN_12_FIT_0.8699534693380855_0.8707042264391636_0.8715125667616078_SIZE_1_2.05_4
GEN_13_FIT_0.8701351218501612_0.8714509693347982_0.8731322249749345_SIZE_1_2.25_4
GEN_14_FIT_0.870154852144214_0.8720483891131454_0.8731322249749345_SIZE_1_2.1_4
GEN_15_FIT_0.870475402595071_0.872290837282268_0.8743748966851539_SIZE_1_1.95_4
GEN_16_FIT_0.8706464195110386_0.872958747210621_0.8743748966851539_SIZE_1_2.15_3
GEN_17_FIT_0.8708603146832745_0.8731568610619593_0.8743748966851539_SIZE_1_2.2_3
GEN_18_FIT_0.8712476703138933_0.8734808066866983_0.875215415770439_SIZE_1_1.95_3
GEN_19_FIT_0.8720119174294565_0.8739801311860151_0.8753930668803954_SIZE_1_2.05_3
GEN_20_FIT_0.8724819494692233_0.8741156585361562_0.8756311124038947_SIZE_1_1.85_3
Evaluating in sample:
[GEN_20|make_tuple(0.0015608996530055417, 22, 11, 29)|0.8729]
[GEN_20|make_tuple(mul(0.0011809434144318901, 0.2982109503491132), 22, 11, 30)|0.8755]
[GEN_20|make_tuple(mul(0.0017881446136543753, min(182, 0.1742027151422655)), 22, 11, 29)|0.8756]
Evaluating out-of-sample:
[GEN_20|make_tuple(0.0015608996530055417, 22, 11, 29)|0.9807]
[GEN_20|make_tuple(mul(0.0011809434144318901, 0.2982109503491132), 22, 11, 30)|0.9813]
[GEN_20|make_tuple(mul(0.0017881446136543753, min(182, 0.1742027151422655)), 22, 11, 29)|0.9813]
GEN_21_FIT_0.872663092308369_0.8742016300612263_0.8757276709742792_SIZE_1_1.85_3
GEN_22_FIT_0.872819110664528_0.8740980597546933_0.8758019596503096_SIZE_1_1.7_3
GEN_23_FIT_0.8728200421820755_0.8740127979529776_0.8758019596503096_SIZE_1_1.6_3
GEN_24_FIT_0.8728715705922376_0.8740464256689379_0.8758019596503096_SIZE_1_1.5_3
GEN_25_FIT_0.8729120838765354_0.8739235403973564_0.8758019596503096_SIZE_1_1.35_2
GEN_26_FIT_0.8729120838765354_0.8732010714539129_0.8758019596503096_SIZE_1_1.1_2
GEN_27_FIT_0.8729120838765354_0.8732010714539129_0.8758019596503096_SIZE_1_1.1_2
GEN_28_FIT_0.8729120838765354_0.8732010714539129_0.8758019596503096_SIZE_1_1.1_2
GEN_29_FIT_0.8729120838765354_0.8732010714539129_0.8758019596503096_SIZE_1_1.1_2
GEN_30_FIT_0.8729120838765354_0.8732010714539129_0.8758019596503096_SIZE_1_1.1_2
GEN_31_FIT_0.8729120838765354_0.8732010714539129_0.8758019596503096_SIZE_1_1.1_2
GEN_32_FIT_0.8729120838765354_0.8732010714539129_0.8758019596503096_SIZE_1_1.1_2
GEN_33_FIT_0.8729120838765354_0.8732010714539129_0.8758019596503096_SIZE_1_1.1_2
GEN_34_FIT_0.8729120838765354_0.8732010714539129_0.8758019596503096_SIZE_1_1.1_2
GEN_35_FIT_0.8729120838765354_0.8732010714539129_0.8758019596503096_SIZE_1_1.1_2
GEN_36_FIT_0.8729120838765354_0.8732010714539129_0.8758019596503096_SIZE_1_1.1_2
GEN_37_FIT_0.8729120838765354_0.8732010714539129_0.8758019596503096_SIZE_1_1.1_2
GEN_38_FIT_0.8729120838765354_0.8732010714539129_0.8758019596503096_SIZE_1_1.1_2
GEN_39_FIT_0.8729120838765354_0.8732010714539129_0.8758019596503096_SIZE_1_1.1_2
GEN_40_FIT_0.8729120838765354_0.8732010714539129_0.8758019596503096_SIZE_1_1.1_2
Evaluating in sample:
[GEN_40|make_tuple(0.0015608996530055417, 22, 11, 28)|0.8729]
[GEN_40|make_tuple(mul(0.0017461630854155887, 0.1742027151422655), 22, 11, 27)|0.8758]
Evaluating out-of-sample:
[GEN_40|make_tuple(0.0015608996530055417, 22, 11, 28)|0.9809]
[GEN_40|make_tuple(mul(0.0017461630854155887, 0.1742027151422655), 22, 11, 27)|0.9818]
GEN_41_FIT_0.8729120838765354_0.8732010714539129_0.8758019596503096_SIZE_1_1.1_2
GEN_42_FIT_0.8729120838765354_0.8732010714539129_0.8758019596503096_SIZE_1_1.1_2
GEN_43_FIT_0.8729120838765354_0.8732010714539129_0.8758019596503096_SIZE_1_1.1_2
GEN_44_FIT_0.8729120838765354_0.8732010714539129_0.8758019596503096_SIZE_1_1.1_2
Evaluating in sample:
[GEN_44|make_tuple(0.0015608996530055417, 22, 11, 28)|0.8729]
[GEN_44|make_tuple(mul(0.0017461630854155887, 0.1742027151422655), 22, 11, 27)|0.8758]
Evaluating out-of-sample:
[GEN_44|make_tuple(0.0015608996530055417, 22, 11, 28)|0.9809]
[GEN_44|make_tuple(mul(0.0017461630854155887, 0.1742027151422655), 22, 11, 27)|0.9818]
Stopped early in iteration 44, no improvement in 20 gens.
START_TASK: 14
GEN_0_FIT_0.6774318972568911_0.7917687248987453_0.8620037291381082_SIZE_1_4.2_13
GEN_1_FIT_0.8153039784365614_0.8505478244718974_0.8620037291381082_SIZE_1_4.0_12
GEN_2_FIT_0.8339850257596605_0.8554936372344333_0.8647620276681106_SIZE_1_2.45_4
GEN_3_FIT_0.8500917270249482_0.8613851243051253_0.8679158413226039_SIZE_1_2.7_4
GEN_4_FIT_0.8519852752004821_0.8625336026853789_0.8689202431757341_SIZE_1_2.5_5
GEN_5_FIT_0.8567966733712978_0.8655977266825557_0.869190492193701_SIZE_1_2.55_4
GEN_6_FIT_0.8584930131714638_0.8670519962239641_0.8723030879506767_SIZE_1_2.45_4
GEN_7_FIT_0.8588082026937467_0.8681753833542236_0.8723030879506767_SIZE_1_2.45_4
GEN_8_FIT_0.8589866932273577_0.8687307347602269_0.8736444539729802_SIZE_1_2.65_4
GEN_9_FIT_0.8602828652807946_0.8703864186099866_0.8736444539729802_SIZE_1_2.7_5
GEN_10_FIT_0.8653805149190936_0.8726281212328733_0.8743221392728292_SIZE_1_3.1_5
GEN_11_FIT_0.8659475559196114_0.8722661102452026_0.8756799659465531_SIZE_1_2.5_4
GEN_12_FIT_0.868728476767964_0.8722134186875428_0.8757490378344965_SIZE_1_2.05_3
GEN_13_FIT_0.8689202431757341_0.8732080620228706_0.8763389676451999_SIZE_1_2.15_3
GEN_14_FIT_0.869274076997283_0.8739580602282313_0.8763389676451999_SIZE_1_2.1_4
GEN_15_FIT_0.8707917410714962_0.872152194222488_0.8764257640231542_SIZE_1_1.3_3
GEN_16_FIT_0.8711990450185649_0.8740525006249976_0.8764257640231542_SIZE_1_2.1_4
GEN_17_FIT_0.8719412534366272_0.8756477494025852_0.8764974650237531_SIZE_1_2.55_4
GEN_18_FIT_0.8719917929772415_0.8755447232707085_0.8765425321744482_SIZE_1_2.5_4
GEN_19_FIT_0.8719917929772415_0.8744582506272852_0.8765425321744482_SIZE_1_1.95_4
GEN_20_FIT_0.8719954984185648_0.8740399566689454_0.8765425321744482_SIZE_1_1.85_3
Evaluating in sample:
[GEN_20|make_tuple(0.0014686586892689684, 26, 11, 29)|0.8720]
[GEN_20|make_tuple(truediv(0.002992972508753975, 7), 25, 11, 29)|0.8765]
[GEN_20|make_tuple(truediv(0.002992972508753975, 7), 25, 11, truediv(117, 4))|0.8765]
Evaluating out-of-sample:
[GEN_20|make_tuple(0.0014686586892689684, 26, 11, 29)|0.9790]
[GEN_20|make_tuple(truediv(0.002992972508753975, 7), 25, 11, 29)|0.9783]
[GEN_20|make_tuple(truediv(0.002992972508753975, 7), 25, 11, truediv(117, 4))|0.9784]
GEN_21_FIT_0.872147978841939_0.8763193906282891_0.8765425321744482_SIZE_1_2.8_3
GEN_22_FIT_0.872147978841939_0.8761017928901381_0.8765425321744482_SIZE_1_2.75_3
GEN_23_FIT_0.8727903474691623_0.8763536389881248_0.8765425321744482_SIZE_1_2.85_3
GEN_24_FIT_0.8727903474691623_0.8763523550370657_0.8765425321744482_SIZE_1_2.8_3
GEN_25_FIT_0.8724026300754947_0.8761427920299999_0.8765509919486016_SIZE_1_2.6_3
GEN_26_FIT_0.8724026300754947_0.8755351958182531_0.8765509919486016_SIZE_1_2.05_3
GEN_27_FIT_0.8727903474691623_0.875588640611775_0.8765509919486016_SIZE_1_1.85_3
GEN_28_FIT_0.8727903474691623_0.874289484441638_0.8765509919486016_SIZE_1_1.65_3
GEN_29_FIT_0.872829278983452_0.8761634581941866_0.8765509919486016_SIZE_1_2.35_3
GEN_30_FIT_0.872829278983452_0.8761754067725533_0.8765509919486016_SIZE_1_2.7_3
GEN_31_FIT_0.872829278983452_0.8761754067725533_0.8765509919486016_SIZE_1_2.7_3
GEN_32_FIT_0.872829278983452_0.8761754067725533_0.8765509919486016_SIZE_1_2.7_3
GEN_33_FIT_0.872829278983452_0.8761754067725533_0.8765509919486016_SIZE_1_2.7_3
GEN_34_FIT_0.8727334081149017_0.8756129572048097_0.8765630103577294_SIZE_1_2.35_3
GEN_35_FIT_0.8727334081149017_0.8741235890969147_0.8765630103577294_SIZE_1_1.4_3
GEN_36_FIT_0.872829278983452_0.8732026521208798_0.8765630103577294_SIZE_1_1.1_2
GEN_37_FIT_0.872829278983452_0.8732026521208798_0.8765630103577294_SIZE_1_1.1_2
GEN_38_FIT_0.872829278983452_0.8732026521208798_0.8765630103577294_SIZE_1_1.1_2
GEN_39_FIT_0.872829278983452_0.8732026521208798_0.8765630103577294_SIZE_1_1.1_2
GEN_40_FIT_0.872829278983452_0.8732026521208798_0.8765630103577294_SIZE_1_1.1_2
Evaluating in sample:
[GEN_40|make_tuple(0.0015497263007856453, 22, 11, 28)|0.8728]
[GEN_40|make_tuple(truediv(0.0030105868776115342, 7), 25, 11, 27)|0.8766]
Evaluating out-of-sample:
[GEN_40|make_tuple(0.0015497263007856453, 22, 11, 28)|0.9773]
[GEN_40|make_tuple(truediv(0.0030105868776115342, 7), 25, 11, 27)|0.9794]
GEN_41_FIT_0.872829278983452_0.8732026521208798_0.8765630103577294_SIZE_1_1.1_2
GEN_42_FIT_0.872829278983452_0.8732026521208798_0.8765630103577294_SIZE_1_1.1_2
GEN_43_FIT_0.872829278983452_0.8732026521208798_0.8765630103577294_SIZE_1_1.1_2
GEN_44_FIT_0.872829278983452_0.8732026521208798_0.8765630103577294_SIZE_1_1.1_2
GEN_45_FIT_0.872829278983452_0.8732026521208798_0.8765630103577294_SIZE_1_1.1_2
GEN_46_FIT_0.872829278983452_0.8732026521208798_0.8765630103577294_SIZE_1_1.1_2
GEN_47_FIT_0.872829278983452_0.8732026521208798_0.8765630103577294_SIZE_1_1.1_2
GEN_48_FIT_0.872829278983452_0.8732026521208798_0.8765630103577294_SIZE_1_1.1_2
GEN_49_FIT_0.872829278983452_0.8732026521208798_0.8765630103577294_SIZE_1_1.1_2
GEN_50_FIT_0.872829278983452_0.8732026521208798_0.8765630103577294_SIZE_1_1.1_2
GEN_51_FIT_0.872829278983452_0.8732026521208798_0.8765630103577294_SIZE_1_1.1_2
GEN_52_FIT_0.872829278983452_0.8732026521208798_0.8765630103577294_SIZE_1_1.1_2
GEN_53_FIT_0.872829278983452_0.8732026521208798_0.8765630103577294_SIZE_1_1.1_2
GEN_54_FIT_0.872829278983452_0.8732026521208798_0.8765630103577294_SIZE_1_1.1_2
GEN_55_FIT_0.872829278983452_0.8732026521208798_0.8765630103577294_SIZE_1_1.1_2
Evaluating in sample:
[GEN_55|make_tuple(0.0015497263007856453, 22, 11, 28)|0.8728]
[GEN_55|make_tuple(truediv(0.0030105868776115342, 7), 25, 11, 27)|0.8766]
Evaluating out-of-sample:
[GEN_55|make_tuple(0.0015497263007856453, 22, 11, 28)|0.9773]
[GEN_55|make_tuple(truediv(0.0030105868776115342, 7), 25, 11, 27)|0.9794]
Stopped early in iteration 55, no improvement in 20 gens.
START_TASK: 15
GEN_0_FIT_0.6791979078397546_0.7461575808932355_0.8375851033813281_SIZE_1_6.55_12
GEN_1_FIT_0.699580612776119_0.7986820158812076_0.8497162365342715_SIZE_1_5.9_12
GEN_2_FIT_0.7364634134183425_0.8218390853444918_0.8538334887863065_SIZE_1_5.55_12
GEN_3_FIT_0.7492164388570965_0.8270962197693816_0.8538334887863065_SIZE_1_4.75_11
GEN_4_FIT_0.7931527736255702_0.8448195383944046_0.8566659087298922_SIZE_1_4.35_10
GEN_5_FIT_0.8107766749791221_0.8473084429818012_0.8566659087298922_SIZE_1_2.9_10
GEN_6_FIT_0.8117483940549075_0.8400254300708443_0.8629636478741243_SIZE_1_1.95_8
GEN_7_FIT_0.8218765155943845_0.8571641653061061_0.8629636478741243_SIZE_1_2.2_7
GEN_8_FIT_0.8559812986820371_0.8618009816009584_0.86357011630186_SIZE_1_2.15_6
GEN_9_FIT_0.8621513070204057_0.8630729430957522_0.8642553670700651_SIZE_1_2.15_6
GEN_10_FIT_0.8621513070204057_0.863532280431156_0.8675916351196156_SIZE_1_2.25_6
GEN_11_FIT_0.8622443002535193_0.8643906826046411_0.8675916351196156_SIZE_1_1.95_4
GEN_12_FIT_0.8628651618403672_0.8661022020345287_0.8680714735926017_SIZE_1_1.5_2
GEN_13_FIT_0.867117839871969_0.8676771454701233_0.8684530709523585_SIZE_1_1.45_2
GEN_14_FIT_0.8677678977525592_0.868241529446732_0.8686263387837949_SIZE_1_1.0_1
GEN_15_FIT_0.8684530709523585_0.8685823876140214_0.8692972923885716_SIZE_1_1.05_2
GEN_16_FIT_0.8687725631698685_0.8691523580676979_0.871606093483716_SIZE_1_1.25_3
GEN_17_FIT_0.8691801656713013_0.869744351724839_0.871606093483716_SIZE_1_1.35_3
GEN_18_FIT_0.8693325008233149_0.8706214091765385_0.8725202865305756_SIZE_1_1.65_3
GEN_19_FIT_0.8703411058574467_0.8711959942662479_0.8744356595059164_SIZE_1_1.5_3
GEN_20_FIT_0.8707366347952671_0.8726213938555812_0.874481600082557_SIZE_1_2.2_4
Evaluating in sample:
[GEN_20|make_tuple(0.0016915498086725958, 21, 11, 27)|0.8721]
[GEN_20|make_tuple(mul(0.09937800396053985, 0.0025250092401863274), 21, 10, 31)|0.8732]
[GEN_20|make_tuple(mul(0.06376084761066088, add(0.0010036675694093783, 0.00262139350733346)), 21, 11, 31)|0.8745]
Evaluating out-of-sample:
[GEN_20|make_tuple(0.0016915498086725958, 21, 11, 27)|0.9579]
[GEN_20|make_tuple(mul(0.09937800396053985, 0.0025250092401863274), 21, 10, 31)|0.9589]
[GEN_20|make_tuple(mul(0.06376084761066088, add(0.0010036675694093783, 0.00262139350733346)), 21, 11, 31)|0.9564]
GEN_21_FIT_0.8707587925534478_0.8732331490968944_0.8758285699085336_SIZE_1_2.15_4
GEN_22_FIT_0.8717013174021274_0.8743164152113871_0.8758285699085336_SIZE_1_2.25_4
GEN_23_FIT_0.8721037140106447_0.8739934305979823_0.8759371321304148_SIZE_1_1.75_3
GEN_24_FIT_0.8721106259393264_0.8732454823861868_0.8759371321304148_SIZE_1_1.45_3
GEN_25_FIT_0.872164868144778_0.8747977108924937_0.8761109544640756_SIZE_1_2.0_3
GEN_26_FIT_0.8721966956942191_0.8741656988512376_0.876191458518327_SIZE_1_1.8_3
GEN_27_FIT_0.8723191123275921_0.8728911572548652_0.876191458518327_SIZE_1_1.25_3
GEN_28_FIT_0.8723191123275921_0.8749444715783088_0.876191458518327_SIZE_1_2.3_3
GEN_29_FIT_0.8728240790342432_0.8760213850667009_0.876191458518327_SIZE_1_2.85_3
GEN_30_FIT_0.8728240790342432_0.8758534640123091_0.876191458518327_SIZE_1_2.75_3
GEN_31_FIT_0.8728240790342432_0.8758522074546995_0.876191458518327_SIZE_1_2.7_3
GEN_32_FIT_0.8696371819371198_0.8752026251532639_0.8766480349398426_SIZE_1_2.15_3
GEN_33_FIT_0.872761557825927_0.8752533192717701_0.8766480349398426_SIZE_1_1.75_3
GEN_34_FIT_0.8727871866841922_0.8745425915855527_0.8766480349398426_SIZE_1_1.5_3
GEN_35_FIT_0.8728240790342432_0.8732064746248029_0.8766480349398426_SIZE_1_1.1_2
GEN_36_FIT_0.8728240790342432_0.8735959823164243_0.8766480349398426_SIZE_1_1.25_3
GEN_37_FIT_0.8728240790342432_0.875026631914877_0.8766480349398426_SIZE_1_1.75_3
GEN_38_FIT_0.8728887146697832_0.8753475582216865_0.8766480349398426_SIZE_1_1.7_3
GEN_39_FIT_0.8729819700121159_0.87628142844707_0.8766480349398426_SIZE_1_1.9_2
GEN_40_FIT_0.8729819700121159_0.87628142844707_0.8766480349398426_SIZE_1_1.9_2
Evaluating in sample:
[GEN_40|make_tuple(0.001566887071167778, 22, 11, 28)|0.8730]
[GEN_40|make_tuple(mul(0.1607494405816414, 0.002674629737984931), 22, 11, 27)|0.8766]
Evaluating out-of-sample:
[GEN_40|make_tuple(0.001566887071167778, 22, 11, 28)|0.9582]
[GEN_40|make_tuple(mul(0.1607494405816414, 0.002674629737984931), 22, 11, 27)|0.9568]
GEN_41_FIT_0.8729819700121159_0.87628142844707_0.8766480349398426_SIZE_1_1.9_2
GEN_42_FIT_0.8729819700121159_0.87628142844707_0.8766480349398426_SIZE_1_1.9_2
GEN_43_FIT_0.8729819700121159_0.87628142844707_0.8766480349398426_SIZE_1_1.9_2
GEN_44_FIT_0.8729819700121159_0.87628142844707_0.8766480349398426_SIZE_1_1.9_2
GEN_45_FIT_0.8729819700121159_0.87628142844707_0.8766480349398426_SIZE_1_1.9_2
GEN_46_FIT_0.8729266497864153_0.8759120803617826_0.8766485233152466_SIZE_1_1.8_2
GEN_47_FIT_0.8729266497864153_0.8748067776984347_0.8766485233152466_SIZE_1_1.5_2
GEN_48_FIT_0.8729266497864153_0.8735323334149341_0.8767667719136193_SIZE_1_1.15_2
GEN_49_FIT_0.8729819700121159_0.8733604502022663_0.8767667719136193_SIZE_1_1.1_2
GEN_50_FIT_0.8729819700121159_0.8733604502022663_0.8767667719136193_SIZE_1_1.1_2
GEN_51_FIT_0.8729819700121159_0.8733604502022663_0.8767667719136193_SIZE_1_1.1_2
GEN_52_FIT_0.8729819700121159_0.8733604502022663_0.8767667719136193_SIZE_1_1.1_2
GEN_53_FIT_0.8729819700121159_0.8741129256874345_0.8767667719136193_SIZE_1_1.3_2
GEN_54_FIT_0.8729819700121159_0.8756136185181539_0.8767667719136193_SIZE_1_1.75_3
GEN_55_FIT_0.8729819700121159_0.876010928572504_0.8767667719136193_SIZE_1_1.85_3
GEN_56_FIT_0.8730088459061295_0.8763909793128702_0.8767667719136193_SIZE_1_1.9_2
GEN_57_FIT_0.8730088459061295_0.8763909793128702_0.8767667719136193_SIZE_1_1.9_2
GEN_58_FIT_0.8730088459061295_0.8763909793128702_0.8767667719136193_SIZE_1_1.9_2
GEN_59_FIT_0.8730088459061295_0.8763909793128702_0.8767667719136193_SIZE_1_1.9_2
GEN_60_FIT_0.8730088459061295_0.8763909793128702_0.8767667719136193_SIZE_1_1.9_2
Evaluating in sample:
[GEN_60|make_tuple(0.0015572354859666295, 22, 11, 28)|0.8730]
[GEN_60|make_tuple(mul(0.1607494405816414, 0.0026643799363804043), 25, 11, 27)|0.8768]
Evaluating out-of-sample:
[GEN_60|make_tuple(0.0015572354859666295, 22, 11, 28)|0.9586]
[GEN_60|make_tuple(mul(0.1607494405816414, 0.0026643799363804043), 25, 11, 27)|0.9562]
GEN_61_FIT_0.8730088459061295_0.8763909793128702_0.8767667719136193_SIZE_1_1.9_2
GEN_62_FIT_0.8730088459061295_0.8763909793128702_0.8767667719136193_SIZE_1_1.9_2
GEN_63_FIT_0.8730088459061295_0.8763909793128702_0.8767667719136193_SIZE_1_1.9_2
GEN_64_FIT_0.8730088459061295_0.8763909793128702_0.8767667719136193_SIZE_1_1.9_2
GEN_65_FIT_0.8730088459061295_0.8763909793128702_0.8767667719136193_SIZE_1_1.9_2
GEN_66_FIT_0.8730088459061295_0.8763909793128702_0.8767667719136193_SIZE_1_1.9_2
GEN_67_FIT_0.8730088459061295_0.8763909793128702_0.8767667719136193_SIZE_1_1.9_2
GEN_68_FIT_0.8730088459061295_0.8763909793128702_0.8767667719136193_SIZE_1_1.9_2
GEN_69_FIT_0.8730088459061295_0.8763909793128702_0.8767667719136193_SIZE_1_1.9_2
Evaluating in sample:
[GEN_69|make_tuple(0.0015572354859666295, 22, 11, 28)|0.8730]
[GEN_69|make_tuple(mul(0.1607494405816414, 0.0026643799363804043), 25, 11, 27)|0.8768]
Evaluating out-of-sample:
[GEN_69|make_tuple(0.0015572354859666295, 22, 11, 28)|0.9586]
[GEN_69|make_tuple(mul(0.1607494405816414, 0.0026643799363804043), 25, 11, 27)|0.9562]
Stopped early in iteration 69, no improvement in 20 gens.
START_TASK: 16
