Starting problem: mlr_svm
param:age_regularization:100000.0
param:algorithm:mupluslambda
param:constants_only:False
param:cxpb:0.25
param:early_stop_n:20
param:lambda_:100
param:max_number_operators:None
param:max_start_size:2
param:mu:20
param:ngen:300
param:optimize_constants:False
param:output_file:/home/gijsbers/symbolicdefaults/runs/mlr_svm_mupluslambda_1.log
param:problem:mlr_svm
param:subset:1.0
param:task:None
param:warm_start:False
Benchmark problems: mlr_svm
sklearn_default := make_tuple(1., truediv(1., mul(p, xvar)))
mlr_default := make_tuple(1, truediv(po, 1))
symbolic_best := make_tuple(16., truediv(mkd, xvar))
Loading surrogates from file.
START_TASK: 3
GEN_0_FIT_0.6346625838685002_0.7758185768092831_0.8944505575802035_SIZE_1_2.75_7
GEN_1_FIT_0.8077617006535784_0.870350335683219_0.8944505575802035_SIZE_1_3.3_8
GEN_2_FIT_0.8846159377208369_0.8912504546078324_0.8971873884919292_SIZE_1_3.55_8
GEN_3_FIT_0.8851882848727406_0.8913585835204332_0.8971873884919292_SIZE_1_2.15_5
GEN_4_FIT_0.8859160452612543_0.8907525923630472_0.8994734540850539_SIZE_1_1.2_3
GEN_5_FIT_0.8898623524838866_0.8914943961756909_0.9032810231176379_SIZE_1_1.2_3
GEN_6_FIT_0.8898623524838866_0.891031765500564_0.9032810231176379_SIZE_1_1.15_3
GEN_7_FIT_0.8898623524838866_0.891031765500564_0.9032810231176379_SIZE_1_1.15_3
GEN_8_FIT_0.8898623524838866_0.891031765500564_0.9032810231176379_SIZE_1_1.15_3
GEN_9_FIT_0.8898623524838866_0.8915302449855538_0.9032810231176379_SIZE_1_1.2_3
GEN_10_FIT_0.8898623524838866_0.8911619103012655_0.9032810231176379_SIZE_1_1.15_3
GEN_11_FIT_0.8898623524838866_0.8911619103012655_0.9032810231176379_SIZE_1_1.15_3
GEN_12_FIT_0.8898623524838866_0.8911619103012655_0.9032810231176379_SIZE_1_1.15_3
GEN_13_FIT_0.8898623524838866_0.8911816275986167_0.9032810231176379_SIZE_1_1.15_3
GEN_14_FIT_0.8898623524838866_0.8911816275986167_0.9032810231176379_SIZE_1_1.15_3
GEN_15_FIT_0.8898623524838866_0.8911816275986167_0.9032810231176379_SIZE_1_1.15_3
GEN_16_FIT_0.8898623524838866_0.8911856960992527_0.9032810231176379_SIZE_1_1.15_3
GEN_17_FIT_0.8898623524838866_0.8911856960992527_0.9032810231176379_SIZE_1_1.15_3
GEN_18_FIT_0.8898623524838866_0.8911856960992527_0.9032810231176379_SIZE_1_1.15_3
GEN_19_FIT_0.8898623524838866_0.8918381061829311_0.9032810231176379_SIZE_1_1.2_3
GEN_20_FIT_0.8898623524838866_0.8918381061829311_0.9032810231176379_SIZE_1_1.2_3
Evaluating in sample:
[GEN_20|make_tuple(p, mkd)|0.8899]
[GEN_20|make_tuple(m, truediv(0.9997775635980375, po))|0.9029]
[GEN_20|make_tuple(m, truediv(add(rc, xvar), po))|0.9033]
Evaluating out-of-sample:
[GEN_20|make_tuple(p, mkd)|0.9641]
[GEN_20|make_tuple(m, truediv(0.9997775635980375, po))|0.9020]
[GEN_20|make_tuple(m, truediv(add(rc, xvar), po))|0.9139]
GEN_21_FIT_0.8898623524838866_0.8918956989150597_0.9044328777602096_SIZE_1_1.2_3
GEN_22_FIT_0.8898623524838866_0.8918956989150597_0.9044328777602096_SIZE_1_1.2_3
GEN_23_FIT_0.8898623524838866_0.8912476612219645_0.9044328777602096_SIZE_1_1.15_3
GEN_24_FIT_0.8898623524838866_0.8920214492788677_0.9053317745305473_SIZE_1_1.3_4
GEN_25_FIT_0.8898623524838866_0.892027245260031_0.9054476941538127_SIZE_1_1.3_4
GEN_26_FIT_0.8898623524838866_0.892027245260031_0.9054476941538127_SIZE_1_1.3_4
GEN_27_FIT_0.8898623524838866_0.8920274775359627_0.9054476941538127_SIZE_1_1.3_4
GEN_28_FIT_0.8898623524838866_0.8920504399256706_0.9054964358665188_SIZE_1_1.3_4
GEN_29_FIT_0.8898623524838866_0.8920786928713621_0.9054964358665188_SIZE_1_1.3_4
GEN_30_FIT_0.8898623524838866_0.8921496010535621_0.9064497208442623_SIZE_1_1.3_4
GEN_31_FIT_0.8898623524838866_0.8921497005156945_0.9064517100869118_SIZE_1_1.3_4
GEN_32_FIT_0.8898623524838866_0.8921553046773841_0.9064517100869118_SIZE_1_1.3_4
GEN_33_FIT_0.8898623524838866_0.8921553046773841_0.9064517100869118_SIZE_1_1.3_4
GEN_34_FIT_0.8898623524838866_0.8929847725575353_0.9064517100869118_SIZE_1_1.45_4
GEN_35_FIT_0.8898623524838866_0.8929847725575353_0.9064517100869118_SIZE_1_1.45_4
GEN_36_FIT_0.8898623524838866_0.8938377578060537_0.906922057454255_SIZE_1_1.65_5
GEN_37_FIT_0.8898623524838866_0.8938421440921521_0.9069598868071594_SIZE_1_1.65_5
GEN_38_FIT_0.8898623524838866_0.8938727793728102_0.9069598868071594_SIZE_1_1.7_5
GEN_39_FIT_0.8898623524838866_0.8930638411311881_0.9069598868071594_SIZE_1_1.55_5
GEN_40_FIT_0.8898623524838866_0.8930638411311881_0.9069598868071594_SIZE_1_1.55_5
Evaluating in sample:
[GEN_40|make_tuple(p, mkd)|0.8899]
[GEN_40|make_tuple(m, truediv(1.0680710181388513, po))|0.9030]
[GEN_40|make_tuple(add(1, m), truediv(0.8292262998624957, po))|0.9066]
[GEN_40|make_tuple(add(expit(n), add(m, xvar)), truediv(0.8331567072736387, po))|0.9070]
Evaluating out-of-sample:
[GEN_40|make_tuple(p, mkd)|0.9641]
[GEN_40|make_tuple(m, truediv(1.0680710181388513, po))|0.9018]
[GEN_40|make_tuple(add(1, m), truediv(0.8292262998624957, po))|0.9198]
[GEN_40|make_tuple(add(expit(n), add(m, xvar)), truediv(0.8331567072736387, po))|0.9248]
GEN_41_FIT_0.8898623524838866_0.8930638411311881_0.9069598868071594_SIZE_1_1.55_5
GEN_42_FIT_0.8898623524838866_0.8922272384468469_0.9073253674436088_SIZE_1_1.35_5
GEN_43_FIT_0.8898623524838866_0.8922272384468469_0.9073253674436088_SIZE_1_1.35_5
GEN_44_FIT_0.8898623524838866_0.8922284585969216_0.9073497704451032_SIZE_1_1.3_4
GEN_45_FIT_0.8898623524838866_0.892241791930255_0.90761643711177_SIZE_1_1.3_4
GEN_46_FIT_0.8898623524838866_0.892241791930255_0.90761643711177_SIZE_1_1.3_4
GEN_47_FIT_0.8898623524838866_0.892241791930255_0.90761643711177_SIZE_1_1.3_4
GEN_48_FIT_0.8898623524838866_0.892241791930255_0.90761643711177_SIZE_1_1.3_4
GEN_49_FIT_0.8898623524838866_0.8931128436132736_0.9083435842762031_SIZE_1_1.4_4
GEN_50_FIT_0.8898623524838866_0.8931268665441406_0.9083599213352355_SIZE_1_1.4_4
GEN_51_FIT_0.8898623524838866_0.8931268665441406_0.9083599213352355_SIZE_1_1.4_4
GEN_52_FIT_0.8898623524838866_0.8940518805147087_0.9083626318952507_SIZE_1_1.6_5
GEN_53_FIT_0.8898623524838866_0.8940518805147087_0.9083626318952507_SIZE_1_1.6_5
GEN_54_FIT_0.8898623524838866_0.8940583263914712_0.9084915494305003_SIZE_1_1.6_5
GEN_55_FIT_0.8898623524838866_0.8949832048340388_0.9084915494305003_SIZE_1_1.75_5
GEN_56_FIT_0.8898623524838866_0.8959154811935424_0.9085078796739599_SIZE_1_2.0_6
GEN_57_FIT_0.8898623524838866_0.896847757553046_0.9085078796739599_SIZE_1_2.25_6
GEN_58_FIT_0.8898623524838866_0.896847757553046_0.9085078796739599_SIZE_1_2.25_6
GEN_59_FIT_0.8898623524838866_0.896847757553046_0.9085078796739599_SIZE_1_2.25_6
GEN_60_FIT_0.8898623524838866_0.896847757553046_0.9085078796739599_SIZE_1_2.25_6
Evaluating in sample:
[GEN_60|make_tuple(p, mkd)|0.8899]
[GEN_60|make_tuple(m, truediv(1.0452782988699925, po))|0.9033]
[GEN_60|make_tuple(add(1, m), truediv(0.8292262998624957, po))|0.9066]
[GEN_60|make_tuple(add(1, if_gt(p, n, po, m)), truediv(0.8292262998624957, po))|0.9084]
[GEN_60|make_tuple(add(1, min(po, if_gt(p, n, po, m))), truediv(0.8292262998624957, po))|0.9085]
[GEN_60|make_tuple(add(1, min(po, if_gt(p, sub(n, po), po, m))), truediv(0.8292262998624957, po))|0.9085]
Evaluating out-of-sample:
[GEN_60|make_tuple(p, mkd)|0.9641]
[GEN_60|make_tuple(m, truediv(1.0452782988699925, po))|0.9015]
[GEN_60|make_tuple(add(1, m), truediv(0.8292262998624957, po))|0.9198]
[GEN_60|make_tuple(add(1, if_gt(p, n, po, m)), truediv(0.8292262998624957, po))|0.9198]
[GEN_60|make_tuple(add(1, min(po, if_gt(p, n, po, m))), truediv(0.8292262998624957, po))|0.9198]
[GEN_60|make_tuple(add(1, min(po, if_gt(p, sub(n, po), po, m))), truediv(0.8292262998624957, po))|0.9198]
GEN_61_FIT_0.8898623524838866_0.896847757553046_0.9085078796739599_SIZE_1_2.25_6
GEN_62_FIT_0.8898623524838866_0.8959156459089804_0.908511173982722_SIZE_1_2.0_6
GEN_63_FIT_0.8898623524838866_0.8968471057563112_0.908511173982722_SIZE_1_2.2_6
GEN_64_FIT_0.8898623524838866_0.8949931087868193_0.908511173982722_SIZE_1_1.85_6
GEN_65_FIT_0.8898623524838866_0.8959223606131298_0.908555109558225_SIZE_1_2.0_6
GEN_66_FIT_0.8898623524838866_0.8968539851758985_0.908555109558225_SIZE_1_2.2_6
GEN_67_FIT_0.8898623524838866_0.8968539851758985_0.908555109558225_SIZE_1_2.2_6
GEN_68_FIT_0.8898623524838866_0.8959291507340321_0.908555109558225_SIZE_1_2.05_6
GEN_69_FIT_0.8898623524838866_0.896867225077189_0.908555109558225_SIZE_1_2.3_6
GEN_70_FIT_0.8898623524838866_0.8941914585773609_0.9089706656960119_SIZE_1_1.75_6
GEN_71_FIT_0.8898623524838866_0.8950283735078273_0.9089706656960119_SIZE_1_1.85_6
GEN_72_FIT_0.8898623524838866_0.8950283735078273_0.9089706656960119_SIZE_1_1.85_6
GEN_73_FIT_0.8898623524838866_0.895031186150957_0.9089706656960119_SIZE_1_1.85_6
GEN_74_FIT_0.8898623524838866_0.8950322658421188_0.9089706656960119_SIZE_1_1.85_6
GEN_75_FIT_0.8898623524838866_0.8950322658421188_0.9089706656960119_SIZE_1_1.85_6
GEN_76_FIT_0.8898623524838866_0.8959647896049974_0.9090140340662611_SIZE_1_2.0_6
GEN_77_FIT_0.8898623524838866_0.896922373684116_0.9090140340662611_SIZE_1_2.25_6
GEN_78_FIT_0.8898623524838866_0.8969369180499805_0.9090140340662611_SIZE_1_2.25_6
GEN_79_FIT_0.8898623524838866_0.8978852788075102_0.9090140340662611_SIZE_1_2.45_6
GEN_80_FIT_0.8898623524838866_0.8969553440996734_0.9090140340662611_SIZE_1_2.3_6
Evaluating in sample:
[GEN_80|make_tuple(p, mkd)|0.8899]
[GEN_80|make_tuple(5, truediv(1.0452782988699925, po))|0.9034]
[GEN_80|make_tuple(add(1, m), truediv(0.8303492498900961, po))|0.9066]
[GEN_80|make_tuple(add(1, if_gt(p, n, 633, m)), truediv(0.8295333320900086, po))|0.9085]
[GEN_80|make_tuple(add(add(1, if_gt(p, n, p, m)), mkd), truediv(0.8303492498900961, po))|0.9088]
[GEN_80|make_tuple(add(add(1, min(po, if_gt(p, n, p, m))), mkd), truediv(0.8303492498900961, po))|0.9090]
Evaluating out-of-sample:
[GEN_80|make_tuple(p, mkd)|0.9641]
[GEN_80|make_tuple(5, truediv(1.0452782988699925, po))|0.9348]
[GEN_80|make_tuple(add(1, m), truediv(0.8303492498900961, po))|0.9198]
[GEN_80|make_tuple(add(1, if_gt(p, n, 633, m)), truediv(0.8295333320900086, po))|0.9198]
[GEN_80|make_tuple(add(add(1, if_gt(p, n, p, m)), mkd), truediv(0.8303492498900961, po))|0.9206]
[GEN_80|make_tuple(add(add(1, min(po, if_gt(p, n, p, m))), mkd), truediv(0.8303492498900961, po))|0.9206]
GEN_81_FIT_0.8898623524838866_0.8969553440996734_0.9090140340662611_SIZE_1_2.3_6
GEN_82_FIT_0.8898623524838866_0.8969553440996734_0.9090140340662611_SIZE_1_2.3_6
GEN_83_FIT_0.8898623524838866_0.8960563390405001_0.9090140340662611_SIZE_1_2.1_6
GEN_84_FIT_0.8898623524838866_0.8960563390405001_0.9090140340662611_SIZE_1_2.1_6
GEN_85_FIT_0.8898623524838866_0.8960563390405001_0.9090140340662611_SIZE_1_2.1_6
GEN_86_FIT_0.8898623524838866_0.8952198422788131_0.9091897574878421_SIZE_1_1.95_6
GEN_87_FIT_0.8898623524838866_0.895238705260104_0.9091984649966856_SIZE_1_1.95_6
GEN_88_FIT_0.8898623524838866_0.8969133259631068_0.9091984649966856_SIZE_1_2.15_6
GEN_89_FIT_0.8898623524838866_0.8969337754700824_0.9091984649966856_SIZE_1_2.2_6
GEN_90_FIT_0.8898623524838866_0.8977711110370779_0.9091984649966856_SIZE_1_2.3_6
GEN_91_FIT_0.8898623524838866_0.8987223457989924_0.9091984649966856_SIZE_1_2.5_6
GEN_92_FIT_0.8898623524838866_0.8977713204013481_0.9091984649966856_SIZE_1_2.3_6
GEN_93_FIT_0.8898623524838866_0.8987227645275329_0.9091984649966856_SIZE_1_2.5_6
GEN_94_FIT_0.8898623524838866_0.8987227645275329_0.9091984649966856_SIZE_1_2.5_6
GEN_95_FIT_0.8898623524838866_0.8987227645275329_0.9091984649966856_SIZE_1_2.5_6
GEN_96_FIT_0.8898623524838866_0.8987227645275329_0.9091984649966856_SIZE_1_2.5_6
GEN_97_FIT_0.8898623524838866_0.8987227645275329_0.9091984649966856_SIZE_1_2.5_6
GEN_98_FIT_0.8898623524838866_0.8987227645275329_0.9091984649966856_SIZE_1_2.5_6
GEN_99_FIT_0.8898623524838866_0.8996950225537642_0.9093075130085133_SIZE_1_2.8_7
GEN_100_FIT_0.8898623524838866_0.8968332406969189_0.9093529895247223_SIZE_1_2.1_6
Evaluating in sample:
[GEN_100|make_tuple(p, mkd)|0.8899]
[GEN_100|make_tuple(6, truediv(0.8295333320900086, po))|0.9047]
[GEN_100|make_tuple(add(1, m), truediv(0.8295333320900086, po))|0.9066]
[GEN_100|make_tuple(add(1, if_gt(p, n, 348, m)), truediv(0.8295333320900086, po))|0.9085]
[GEN_100|make_tuple(add(add(1, if_gt(p, n, p, m)), xvar), truediv(0.8295333320900086, po))|0.9089]
[GEN_100|make_tuple(add(add(expit(1), if_gt(p, n, p, m)), xvar), truediv(0.8295333320900086, po))|0.9094]
Evaluating out-of-sample:
[GEN_100|make_tuple(p, mkd)|0.9641]
[GEN_100|make_tuple(6, truediv(0.8295333320900086, po))|0.9343]
[GEN_100|make_tuple(add(1, m), truediv(0.8295333320900086, po))|0.9198]
[GEN_100|make_tuple(add(1, if_gt(p, n, 348, m)), truediv(0.8295333320900086, po))|0.9198]
[GEN_100|make_tuple(add(add(1, if_gt(p, n, p, m)), xvar), truediv(0.8295333320900086, po))|0.9248]
[GEN_100|make_tuple(add(add(expit(1), if_gt(p, n, p, m)), xvar), truediv(0.8295333320900086, po))|0.9153]
GEN_101_FIT_0.8898623524838866_0.8968332406969189_0.9093529895247223_SIZE_1_2.1_6
GEN_102_FIT_0.8898623524838866_0.8968332406969189_0.9093529895247223_SIZE_1_2.1_6
GEN_103_FIT_0.8898623524838866_0.8978077725489607_0.9093529895247223_SIZE_1_2.35_6
GEN_104_FIT_0.8898623524838866_0.8987388800793756_0.9093529895247223_SIZE_1_2.5_6
GEN_105_FIT_0.8898623524838866_0.8987388800793756_0.9093529895247223_SIZE_1_2.5_6
GEN_106_FIT_0.8898623524838866_0.8987388800793756_0.9093529895247223_SIZE_1_2.5_6
GEN_107_FIT_0.8898623524838866_0.8987388800793756_0.9093529895247223_SIZE_1_2.5_6
GEN_108_FIT_0.8898623524838866_0.8987388800793756_0.9093529895247223_SIZE_1_2.5_6
GEN_109_FIT_0.8898623524838866_0.8987388800793756_0.9093529895247223_SIZE_1_2.5_6
GEN_110_FIT_0.8898623524838866_0.8987388800793756_0.9093529895247223_SIZE_1_2.5_6
GEN_111_FIT_0.8898623524838866_0.8987388800793756_0.9093529895247223_SIZE_1_2.5_6
GEN_112_FIT_0.8898623524838866_0.8987388800793756_0.9093529895247223_SIZE_1_2.5_6
GEN_113_FIT_0.8898623524838866_0.8987388800793756_0.9093529895247223_SIZE_1_2.5_6
GEN_114_FIT_0.8898623524838866_0.8977901919173013_0.9093529895247223_SIZE_1_2.3_6
GEN_115_FIT_0.8898623524838866_0.8977901919173013_0.9093529895247223_SIZE_1_2.3_6
GEN_116_FIT_0.8898623524838866_0.8977901919173013_0.9093529895247223_SIZE_1_2.3_6
GEN_117_FIT_0.8898623524838866_0.8977726161196651_0.9094081088069311_SIZE_1_2.25_6
GEN_118_FIT_0.8898623524838866_0.8977966955730639_0.9094122749343668_SIZE_1_2.3_6
GEN_119_FIT_0.8898623524838866_0.8977972761806668_0.9094122749343668_SIZE_1_2.3_6
GEN_120_FIT_0.8898623524838866_0.8977972761806668_0.9094122749343668_SIZE_1_2.3_6
Evaluating in sample:
[GEN_120|make_tuple(p, mkd)|0.8899]
[GEN_120|make_tuple(6, truediv(0.8295333320900086, po))|0.9047]
[GEN_120|make_tuple(add(1, m), truediv(0.8295333320900086, po))|0.9066]
[GEN_120|make_tuple(add(1, if_gt(p, n, 348, m)), truediv(0.8295333320900086, po))|0.9085]
[GEN_120|make_tuple(add(add(1, if_gt(p, n, 620, m)), xvar), truediv(0.8295333320900086, po))|0.9090]
[GEN_120|make_tuple(add(add(expit(1), if_gt(p, n, 573, m)), xvar), truediv(0.8295333320900086, po))|0.9094]
Evaluating out-of-sample:
[GEN_120|make_tuple(p, mkd)|0.9641]
[GEN_120|make_tuple(6, truediv(0.8295333320900086, po))|0.9343]
[GEN_120|make_tuple(add(1, m), truediv(0.8295333320900086, po))|0.9198]
[GEN_120|make_tuple(add(1, if_gt(p, n, 348, m)), truediv(0.8295333320900086, po))|0.9198]
[GEN_120|make_tuple(add(add(1, if_gt(p, n, 620, m)), xvar), truediv(0.8295333320900086, po))|0.9248]
[GEN_120|make_tuple(add(add(expit(1), if_gt(p, n, 573, m)), xvar), truediv(0.8295333320900086, po))|0.9153]
GEN_121_FIT_0.8898623524838866_0.8987526319933634_0.9094122749343668_SIZE_1_2.5_6
GEN_122_FIT_0.8898623524838866_0.8987526319933634_0.9094122749343668_SIZE_1_2.5_6
GEN_123_FIT_0.8898623524838866_0.8987526319933634_0.9094122749343668_SIZE_1_2.5_6
GEN_124_FIT_0.8898623524838866_0.8979814248479124_0.9135380544758299_SIZE_1_2.25_6
GEN_125_FIT_0.8898623524838866_0.8991652099475097_0.9135380544758299_SIZE_1_2.5_6
GEN_126_FIT_0.8898623524838866_0.8983700224161624_0.9135380544758299_SIZE_1_2.3_6
GEN_127_FIT_0.8898623524838866_0.8994855465102077_0.9135380544758299_SIZE_1_2.5_6
GEN_128_FIT_0.8898623524838866_0.8983226972102066_0.9139567704677496_SIZE_1_2.25_6
GEN_129_FIT_0.8898623524838866_0.8975137329028907_0.9139567704677496_SIZE_1_2.1_6
GEN_130_FIT_0.8898623524838866_0.8978811669895383_0.9139567704677496_SIZE_1_2.25_6
GEN_131_FIT_0.8898623524838866_0.8978217657641328_0.9139567704677496_SIZE_1_2.2_6
GEN_132_FIT_0.8898623524838866_0.8966568712668638_0.9143920248168291_SIZE_1_1.95_6
GEN_133_FIT_0.8898623524838866_0.8980362500844924_0.9143920248168291_SIZE_1_2.25_6
GEN_134_FIT_0.8898623524838866_0.8980362500844924_0.9143920248168291_SIZE_1_2.25_6
GEN_135_FIT_0.8898623524838866_0.8991111876219093_0.9143920248168291_SIZE_1_2.4_6
GEN_136_FIT_0.8898623524838866_0.8970264030398909_0.9143920248168291_SIZE_1_2.05_6
GEN_137_FIT_0.8898623524838866_0.8970264030398909_0.9143920248168291_SIZE_1_2.05_6
GEN_138_FIT_0.8898623524838866_0.8993106493912885_0.9143920248168291_SIZE_1_2.4_6
GEN_139_FIT_0.8898623524838866_0.8993106493912885_0.9143920248168291_SIZE_1_2.4_6
GEN_140_FIT_0.8898623524838866_0.898127009987024_0.9143920248168291_SIZE_1_2.2_6
Evaluating in sample:
[GEN_140|make_tuple(p, mkd)|0.8899]
[GEN_140|make_tuple(6, truediv(0.8295333320900086, po))|0.9047]
[GEN_140|make_tuple(if_gt(685, n, 620, m), truediv(0.8631877114043319, po))|0.9086]
[GEN_140|make_tuple(add(2, if_gt(685, n, 620, m)), truediv(0.8295333320900086, po))|0.9119]
[GEN_140|make_tuple(add(1, if_gt(sub(630, p), n, 790, m)), truediv(0.8295333320900086, po))|0.9136]
[GEN_140|make_tuple(add(add(1, if_gt(sub(630, p), n, 620, m)), xvar), truediv(0.8295333320900086, po))|0.9144]
Evaluating out-of-sample:
[GEN_140|make_tuple(p, mkd)|0.9641]
[GEN_140|make_tuple(6, truediv(0.8295333320900086, po))|0.9343]
[GEN_140|make_tuple(if_gt(685, n, 620, m), truediv(0.8631877114043319, po))|0.9033]
[GEN_140|make_tuple(add(2, if_gt(685, n, 620, m)), truediv(0.8295333320900086, po))|0.9296]
[GEN_140|make_tuple(add(1, if_gt(sub(630, p), n, 790, m)), truediv(0.8295333320900086, po))|0.9198]
[GEN_140|make_tuple(add(add(1, if_gt(sub(630, p), n, 620, m)), xvar), truediv(0.8295333320900086, po))|0.9248]
GEN_141_FIT_0.8898623524838866_0.8969010209515677_0.9144019164406442_SIZE_1_1.95_6
GEN_142_FIT_0.8898623524838866_0.8969048117413724_0.9144019164406442_SIZE_1_1.95_6
GEN_143_FIT_0.8898623524838866_0.8969347109296057_0.9144019164406442_SIZE_1_1.95_6
GEN_144_FIT_0.8898623524838866_0.8982339266971522_0.9144019164406442_SIZE_1_2.2_6
GEN_145_FIT_0.8898623524838866_0.8994970305280662_0.9144019164406442_SIZE_1_2.4_6
GEN_146_FIT_0.8898623524838866_0.8994970305280662_0.9144019164406442_SIZE_1_2.4_6
GEN_147_FIT_0.8898623524838866_0.8994970305280662_0.9144019164406442_SIZE_1_2.4_6
GEN_148_FIT_0.8898623524838866_0.8994970305280662_0.9144019164406442_SIZE_1_2.4_6
GEN_149_FIT_0.8898623524838866_0.8984109818231966_0.9144019164406442_SIZE_1_2.25_6
GEN_150_FIT_0.8898623524838866_0.8984109818231966_0.9144019164406442_SIZE_1_2.25_6
GEN_151_FIT_0.8898623524838866_0.8995245844252164_0.9144019164406442_SIZE_1_2.4_6
GEN_152_FIT_0.8898623524838866_0.8973601693397564_0.9144019164406442_SIZE_1_2.1_6
GEN_153_FIT_0.8898623524838866_0.8973601693397564_0.9144019164406442_SIZE_1_2.1_6
GEN_154_FIT_0.8898623524838866_0.8973601693397564_0.9144019164406442_SIZE_1_2.1_6
GEN_155_FIT_0.8898623524838866_0.8973601693397564_0.9144019164406442_SIZE_1_2.1_6
GEN_156_FIT_0.8898623524838866_0.8973836162558962_0.9144019164406442_SIZE_1_2.1_6
GEN_157_FIT_0.8898623524838866_0.8973836162558962_0.9144019164406442_SIZE_1_2.1_6
GEN_158_FIT_0.8898623524838866_0.8961570216035295_0.9144095873500676_SIZE_1_1.85_6
GEN_159_FIT_0.8898623524838866_0.8961570216035295_0.9144095873500676_SIZE_1_1.85_6
GEN_160_FIT_0.8898623524838866_0.8961570216035295_0.9144095873500676_SIZE_1_1.85_6
Evaluating in sample:
[GEN_160|make_tuple(p, mkd)|0.8899]
[GEN_160|make_tuple(6, truediv(0.8295333320900086, po))|0.9047]
[GEN_160|make_tuple(if_gt(685, n, 91, 6), truediv(0.8668638126996092, po))|0.9129]
[GEN_160|make_tuple(add(1, if_gt(sub(630, p), n, 108, m)), truediv(0.8295333320900086, po))|0.9142]
[GEN_160|make_tuple(add(add(1, if_gt(sub(634, p), n, 797, m)), xvar), truediv(0.8295333320900086, po))|0.9144]
Evaluating out-of-sample:
[GEN_160|make_tuple(p, mkd)|0.9641]
[GEN_160|make_tuple(6, truediv(0.8295333320900086, po))|0.9343]
[GEN_160|make_tuple(if_gt(685, n, 91, 6), truediv(0.8668638126996092, po))|0.9360]
[GEN_160|make_tuple(add(1, if_gt(sub(630, p), n, 108, m)), truediv(0.8295333320900086, po))|0.9198]
[GEN_160|make_tuple(add(add(1, if_gt(sub(634, p), n, 797, m)), xvar), truediv(0.8295333320900086, po))|0.9248]
GEN_161_FIT_0.8898623524838866_0.8961679562474016_0.9144095873500676_SIZE_1_1.85_6
GEN_162_FIT_0.8898623524838866_0.8961679562474016_0.9144095873500676_SIZE_1_1.85_6
GEN_163_FIT_0.8898623524838866_0.8973403654985536_0.9146441016504339_SIZE_1_1.95_6
GEN_164_FIT_0.8898623524838866_0.8985794529568809_0.9146441016504339_SIZE_1_2.2_6
GEN_165_FIT_0.8898623524838866_0.8985794529568809_0.9146441016504339_SIZE_1_2.2_6
GEN_166_FIT_0.8898623524838866_0.8973474294213439_0.9147853801062394_SIZE_1_1.95_6
GEN_167_FIT_0.8898623524838866_0.8973474294213439_0.9147853801062394_SIZE_1_1.95_6
GEN_168_FIT_0.8898623524838866_0.8973474294213439_0.9147853801062394_SIZE_1_1.95_6
GEN_169_FIT_0.8898623524838866_0.8973474294213439_0.9147853801062394_SIZE_1_1.95_6
GEN_170_FIT_0.8898623524838866_0.8985187259766692_0.9147853801062394_SIZE_1_2.1_6
GEN_171_FIT_0.8898623524838866_0.8985255858977821_0.9149225785284983_SIZE_1_2.1_6
GEN_172_FIT_0.8898623524838866_0.8996968824531073_0.9149225785284983_SIZE_1_2.25_6
GEN_173_FIT_0.8898623524838866_0.8996968824531073_0.9149225785284983_SIZE_1_2.25_6
GEN_174_FIT_0.8898623524838866_0.8996968824531073_0.9149225785284983_SIZE_1_2.25_6
GEN_175_FIT_0.8898623524838866_0.8996968824531073_0.9149225785284983_SIZE_1_2.25_6
GEN_176_FIT_0.8898623524838866_0.8996968824531073_0.9149225785284983_SIZE_1_2.25_6
GEN_177_FIT_0.8898623524838866_0.900949893755338_0.9149225785284983_SIZE_1_2.5_6
GEN_178_FIT_0.8898623524838866_0.900949893755338_0.9149225785284983_SIZE_1_2.5_6
GEN_179_FIT_0.8898623524838866_0.900949893755338_0.9149225785284983_SIZE_1_2.5_6
GEN_180_FIT_0.8898623524838866_0.900949893755338_0.9149225785284983_SIZE_1_2.5_6
Evaluating in sample:
[GEN_180|make_tuple(p, mkd)|0.8899]
[GEN_180|make_tuple(6, truediv(0.8295333320900086, po))|0.9047]
[GEN_180|make_tuple(if_gt(685, n, 91, 6), truediv(0.8295333320900086, po))|0.9131]
[GEN_180|make_tuple(add(mkd, if_gt(685, n, 91, 6)), truediv(0.8295333320900086, po))|0.9133]
[GEN_180|make_tuple(add(1, if_gt(sub(630, p), n, 108, m)), truediv(0.8295333320900086, po))|0.9142]
[GEN_180|make_tuple(add(1, if_gt(max(po, sub(630, p)), n, 108, m)), truediv(0.8295333320900086, po))|0.9149]
Evaluating out-of-sample:
[GEN_180|make_tuple(p, mkd)|0.9641]
[GEN_180|make_tuple(6, truediv(0.8295333320900086, po))|0.9343]
[GEN_180|make_tuple(if_gt(685, n, 91, 6), truediv(0.8295333320900086, po))|0.9343]
[GEN_180|make_tuple(add(mkd, if_gt(685, n, 91, 6)), truediv(0.8295333320900086, po))|0.9343]
[GEN_180|make_tuple(add(1, if_gt(sub(630, p), n, 108, m)), truediv(0.8295333320900086, po))|0.9198]
[GEN_180|make_tuple(add(1, if_gt(max(po, sub(630, p)), n, 108, m)), truediv(0.8295333320900086, po))|0.9198]
GEN_181_FIT_0.8898623524838866_0.900949893755338_0.9149225785284983_SIZE_1_2.5_6
GEN_182_FIT_0.8898623524838866_0.900949893755338_0.9149225785284983_SIZE_1_2.5_6
GEN_183_FIT_0.8898623524838866_0.900949893755338_0.9149225785284983_SIZE_1_2.5_6
GEN_184_FIT_0.8898623524838866_0.899789666911056_0.9149225785284983_SIZE_1_2.4_6
GEN_185_FIT_0.8898623524838866_0.8997897013836736_0.9149225785284983_SIZE_1_2.4_6
GEN_186_FIT_0.8898623524838866_0.8997906147673771_0.9149225785284983_SIZE_1_2.4_6
GEN_187_FIT_0.8898623524838866_0.8997907637715459_0.9149240685701882_SIZE_1_2.4_6
GEN_188_FIT_0.8898623524838866_0.8997909127757149_0.9149240685701882_SIZE_1_2.4_6
GEN_189_FIT_0.8898623524838866_0.8997909127757149_0.9149240685701882_SIZE_1_2.4_6
GEN_190_FIT_0.8898623524838866_0.8986221853914371_0.9149240685701882_SIZE_1_2.25_6
GEN_191_FIT_0.8898623524838866_0.9009581047294987_0.9149240685701882_SIZE_1_2.5_6
GEN_192_FIT_0.8898623524838866_0.9009581047294987_0.9149240685701882_SIZE_1_2.5_6
GEN_193_FIT_0.8898623524838866_0.9009581047294987_0.9149240685701882_SIZE_1_2.5_6
GEN_194_FIT_0.8898623524838866_0.9009581047294987_0.9149240685701882_SIZE_1_2.5_6
GEN_195_FIT_0.8898623524838866_0.9022827833159914_0.9163559242137407_SIZE_1_2.8_7
GEN_196_FIT_0.8898623524838866_0.9022827833159914_0.9163559242137407_SIZE_1_2.8_7
GEN_197_FIT_0.8898623524838866_0.903607461902484_0.9163559242137407_SIZE_1_3.1_7
GEN_198_FIT_0.8898623524838866_0.903607461902484_0.9163559242137407_SIZE_1_3.1_7
GEN_199_FIT_0.8898623524838866_0.9036134309462028_0.9163559242137407_SIZE_1_3.1_7
GEN_200_FIT_0.8898623524838866_0.9023206712784552_0.9169943025886419_SIZE_1_2.8_7
Evaluating in sample:
[GEN_200|make_tuple(p, mkd)|0.8899]
[GEN_200|make_tuple(6, truediv(0.8307546385855518, po))|0.9047]
[GEN_200|make_tuple(if_gt(685, n, 93, 6), truediv(0.8307546385855518, po))|0.9131]
[GEN_200|make_tuple(add(mkd, if_gt(685, n, 93, 6)), truediv(0.8307546385855518, po))|0.9134]
[GEN_200|make_tuple(add(1, if_gt(sub(630, p), n, 108, m)), truediv(0.8307546385855518, po))|0.9142]
[GEN_200|make_tuple(add(1, if_gt(max(po, sub(630, p)), n, 108, m)), truediv(0.8307546385855518, po))|0.9149]
[GEN_200|make_tuple(add(1, if_gt(max(po, sub(if_gt(p, po, 630, 0.0021312676987602663), p)), n, 395, m)), truediv(0.8307546385855518, po))|0.9170]
Evaluating out-of-sample:
[GEN_200|make_tuple(p, mkd)|0.9641]
[GEN_200|make_tuple(6, truediv(0.8307546385855518, po))|0.9343]
[GEN_200|make_tuple(if_gt(685, n, 93, 6), truediv(0.8307546385855518, po))|0.9343]
[GEN_200|make_tuple(add(mkd, if_gt(685, n, 93, 6)), truediv(0.8307546385855518, po))|0.9343]
[GEN_200|make_tuple(add(1, if_gt(sub(630, p), n, 108, m)), truediv(0.8307546385855518, po))|0.9198]
[GEN_200|make_tuple(add(1, if_gt(max(po, sub(630, p)), n, 108, m)), truediv(0.8307546385855518, po))|0.9198]
[GEN_200|make_tuple(add(1, if_gt(max(po, sub(if_gt(p, po, 630, 0.0021312676987602663), p)), n, 395, m)), truediv(0.8307546385855518, po))|0.9198]
GEN_201_FIT_0.8898623524838866_0.9036772687836929_0.9169943025886419_SIZE_1_3.1_7
GEN_202_FIT_0.8898623524838866_0.9036772687836929_0.9169943025886419_SIZE_1_3.1_7
GEN_203_FIT_0.8898623524838866_0.9036772687836929_0.9169943025886419_SIZE_1_3.1_7
GEN_204_FIT_0.8898623524838866_0.9025153107039914_0.9169943025886419_SIZE_1_3.0_7
GEN_205_FIT_0.8898623524838866_0.9025153107039914_0.9169943025886419_SIZE_1_3.0_7
GEN_206_FIT_0.8898623524838866_0.9036816021239794_0.9169943025886419_SIZE_1_3.1_7
GEN_207_FIT_0.8898623524838866_0.9036816021239794_0.9169943025886419_SIZE_1_3.1_7
GEN_208_FIT_0.8898623524838866_0.9024325990207676_0.9169943025886419_SIZE_1_2.85_7
GEN_209_FIT_0.8898623524838866_0.9012607654359165_0.9169943025886419_SIZE_1_2.7_7
GEN_210_FIT_0.8898623524838866_0.9036956585766361_0.9169943025886419_SIZE_1_3.1_7
GEN_211_FIT_0.8898623524838866_0.9023396295313703_0.9170056717880793_SIZE_1_2.8_7
GEN_212_FIT_0.8898623524838866_0.9036983532067436_0.9170056717880793_SIZE_1_3.1_7
GEN_213_FIT_0.8898623524838866_0.9036983532067436_0.9170056717880793_SIZE_1_3.1_7
GEN_214_FIT_0.8898623524838866_0.9036983532067436_0.9170056717880793_SIZE_1_3.1_7
GEN_215_FIT_0.8898623524838866_0.905062071799944_0.9171367243478925_SIZE_1_3.45_8
GEN_216_FIT_0.8898623524838866_0.9040061065315639_0.9171367243478925_SIZE_1_3.45_8
GEN_217_FIT_0.8898623524838866_0.9052656373153741_0.9171367243478925_SIZE_1_3.7_8
GEN_218_FIT_0.8898623524838866_0.9039103658308285_0.9171367243478925_SIZE_1_3.4_8
GEN_219_FIT_0.8898623524838866_0.906438689192288_0.9171367243478925_SIZE_1_3.8_8
GEN_220_FIT_0.8898623524838866_0.9050797280847416_0.9171367243478925_SIZE_1_3.5_8
Evaluating in sample:
[GEN_220|make_tuple(p, mkd)|0.8899]
[GEN_220|make_tuple(6, truediv(0.8307546385855518, po))|0.9047]
[GEN_220|make_tuple(if_gt(678, n, 94, 6), truediv(0.8307546385855518, po))|0.9132]
[GEN_220|make_tuple(add(mkd, if_gt(678, n, 93, 6)), truediv(0.8307546385855518, po))|0.9134]
[GEN_220|make_tuple(add(1, if_gt(sub(630, p), n, 108, m)), truediv(0.8307546385855518, po))|0.9142]
[GEN_220|make_tuple(add(1, if_gt(max(po, sub(636, p)), n, 418, m)), truediv(0.8307546385855518, po))|0.9151]
[GEN_220|make_tuple(add(1, if_gt(max(po, sub(if_gt(p, po, 636, xvar), p)), n, 475, m)), truediv(0.830306979625284, po))|0.9170]
[GEN_220|make_tuple(add(1, if_gt(max(po, sub(if_gt(p, po, 636, xvar), p)), n, 379, min(m, po))), truediv(0.8307546385855518, po))|0.9171]
Evaluating out-of-sample:
[GEN_220|make_tuple(p, mkd)|0.9641]
[GEN_220|make_tuple(6, truediv(0.8307546385855518, po))|0.9343]
[GEN_220|make_tuple(if_gt(678, n, 94, 6), truediv(0.8307546385855518, po))|0.9343]
[GEN_220|make_tuple(add(mkd, if_gt(678, n, 93, 6)), truediv(0.8307546385855518, po))|0.9343]
[GEN_220|make_tuple(add(1, if_gt(sub(630, p), n, 108, m)), truediv(0.8307546385855518, po))|0.9198]
[GEN_220|make_tuple(add(1, if_gt(max(po, sub(636, p)), n, 418, m)), truediv(0.8307546385855518, po))|0.9198]
[GEN_220|make_tuple(add(1, if_gt(max(po, sub(if_gt(p, po, 636, xvar), p)), n, 475, m)), truediv(0.830306979625284, po))|0.9198]
[GEN_220|make_tuple(add(1, if_gt(max(po, sub(if_gt(p, po, 636, xvar), p)), n, 379, min(m, po))), truediv(0.8307546385855518, po))|0.9198]
GEN_221_FIT_0.8898623524838866_0.9064388878689424_0.9171367243478925_SIZE_1_3.8_8
GEN_222_FIT_0.8898623524838866_0.9038432799896559_0.9176166157659887_SIZE_1_3.2_8
GEN_223_FIT_0.8898623524838866_0.9038947173984146_0.9176166157659887_SIZE_1_3.25_8
GEN_224_FIT_0.8898623524838866_0.9065399389220996_0.9176166157659887_SIZE_1_3.8_8
GEN_225_FIT_0.8898623524838866_0.9053105951146131_0.9176166157659887_SIZE_1_3.55_8
GEN_226_FIT_0.8898623524838866_0.9066093732822674_0.9176166157659887_SIZE_1_3.8_8
GEN_227_FIT_0.8898623524838866_0.904226870414943_0.9176166157659887_SIZE_1_3.45_8
GEN_228_FIT_0.8898623524838866_0.9039439629896273_0.9176221835315567_SIZE_1_3.2_8
GEN_229_FIT_0.8898623524838866_0.9039439629896273_0.9176221835315567_SIZE_1_3.2_8
GEN_230_FIT_0.8898623524838866_0.9024853587110735_0.9177141346347472_SIZE_1_2.8_7
GEN_231_FIT_0.8898623524838866_0.9038779478186166_0.9177141346347472_SIZE_1_3.1_7
GEN_232_FIT_0.8898623524838866_0.9038779478186166_0.9177141346347472_SIZE_1_3.1_7
GEN_233_FIT_0.8898623524838866_0.9025791948804673_0.9177141346347472_SIZE_1_2.85_7
GEN_234_FIT_0.8898623524838866_0.9025791948804673_0.9177141346347472_SIZE_1_2.85_7
GEN_235_FIT_0.8898623524838866_0.90248635504807_0.9177194093600219_SIZE_1_2.8_7
GEN_236_FIT_0.8898623524838866_0.9001336280100205_0.9177194093600219_SIZE_1_2.4_7
GEN_237_FIT_0.8898623524838866_0.9001336280100205_0.9177194093600219_SIZE_1_2.4_7
GEN_238_FIT_0.8898623524838866_0.9014331135489021_0.9177194093600219_SIZE_1_2.5_6
GEN_239_FIT_0.8898623524838866_0.9014331135489021_0.9177194093600219_SIZE_1_2.5_6
GEN_240_FIT_0.8898623524838866_0.9014331135489021_0.9177194093600219_SIZE_1_2.5_6
Evaluating in sample:
[GEN_240|make_tuple(p, mkd)|0.8899]
[GEN_240|make_tuple(6, truediv(0.8307546385855518, po))|0.9047]
[GEN_240|make_tuple(if_gt(678, n, 94, 6), truediv(0.8307546385855518, po))|0.9132]
[GEN_240|make_tuple(add(mkd, if_gt(678, n, 94, 6)), truediv(0.8307546385855518, po))|0.9135]
[GEN_240|make_tuple(add(1, if_gt(if_gt(8, po, 636, xvar), n, n, m)), truediv(0.8307546385855518, po))|0.9159]
[GEN_240|make_tuple(add(1, if_gt(max(p, if_gt(9, po, 636, rc)), n, 379, m)), truediv(0.8307546385855518, po))|0.9177]
Evaluating out-of-sample:
[GEN_240|make_tuple(p, mkd)|0.9641]
[GEN_240|make_tuple(6, truediv(0.8307546385855518, po))|0.9343]
[GEN_240|make_tuple(if_gt(678, n, 94, 6), truediv(0.8307546385855518, po))|0.9343]
[GEN_240|make_tuple(add(mkd, if_gt(678, n, 94, 6)), truediv(0.8307546385855518, po))|0.9343]
[GEN_240|make_tuple(add(1, if_gt(if_gt(8, po, 636, xvar), n, n, m)), truediv(0.8307546385855518, po))|0.9198]
[GEN_240|make_tuple(add(1, if_gt(max(p, if_gt(9, po, 636, rc)), n, 379, m)), truediv(0.8307546385855518, po))|0.9198]
GEN_241_FIT_0.8898623524838866_0.9014331135489021_0.9177194093600219_SIZE_1_2.5_6
GEN_242_FIT_0.8898623524838866_0.9014331135489021_0.9177194093600219_SIZE_1_2.5_6
GEN_243_FIT_0.8898623524838866_0.9014331135489021_0.9177194093600219_SIZE_1_2.5_6
GEN_244_FIT_0.8898623524838866_0.9014331135489021_0.9177194093600219_SIZE_1_2.5_6
GEN_245_FIT_0.8898623524838866_0.9014331135489021_0.9177194093600219_SIZE_1_2.5_6
GEN_246_FIT_0.8898623524838866_0.9014331135489021_0.9177194093600219_SIZE_1_2.5_6
GEN_247_FIT_0.8898623524838866_0.9014331135489021_0.9177194093600219_SIZE_1_2.5_6
GEN_248_FIT_0.8898623524838866_0.9014331135489021_0.9177194093600219_SIZE_1_2.5_6
GEN_249_FIT_0.8898623524838866_0.9014331135489021_0.9177194093600219_SIZE_1_2.5_6
GEN_250_FIT_0.8898623524838866_0.9014331135489021_0.9177194093600219_SIZE_1_2.5_6
GEN_251_FIT_0.8898623524838866_0.9014331135489021_0.9177194093600219_SIZE_1_2.5_6
GEN_252_FIT_0.8898623524838866_0.9014331135489021_0.9177194093600219_SIZE_1_2.5_6
GEN_253_FIT_0.8898623524838866_0.9014331135489021_0.9177194093600219_SIZE_1_2.5_6
GEN_254_FIT_0.8898623524838866_0.9014331135489021_0.9177194093600219_SIZE_1_2.5_6
GEN_255_FIT_0.8898623524838866_0.9014331135489021_0.9177194093600219_SIZE_1_2.5_6
GEN_256_FIT_0.8898623524838866_0.9014331135489021_0.9177194093600219_SIZE_1_2.5_6
GEN_257_FIT_0.8898623524838866_0.9014331135489021_0.9177194093600219_SIZE_1_2.5_6
GEN_258_FIT_0.8898623524838866_0.9000403125180798_0.9177204456197074_SIZE_1_2.25_6
GEN_259_FIT_0.8898623524838866_0.9014332171748707_0.9177204456197074_SIZE_1_2.5_6
GEN_260_FIT_0.8898623524838866_0.9014332171748707_0.9177204456197074_SIZE_1_2.5_6
Evaluating in sample:
[GEN_260|make_tuple(p, mkd)|0.8899]
[GEN_260|make_tuple(6, truediv(0.8307546385855518, po))|0.9047]
[GEN_260|make_tuple(if_gt(678, n, 94, 6), truediv(0.8307546385855518, po))|0.9132]
[GEN_260|make_tuple(add(mkd, if_gt(678, n, 94, 6)), truediv(0.8307546385855518, po))|0.9135]
[GEN_260|make_tuple(add(1, if_gt(if_gt(8, po, 636, xvar), n, n, m)), truediv(0.8307546385855518, po))|0.9159]
[GEN_260|make_tuple(add(1, if_gt(max(p, if_gt(10, po, 698, 0.10186609369366677)), n, 379, m)), truediv(0.8307546385855518, po))|0.9177]
Evaluating out-of-sample:
[GEN_260|make_tuple(p, mkd)|0.9641]
[GEN_260|make_tuple(6, truediv(0.8307546385855518, po))|0.9343]
[GEN_260|make_tuple(if_gt(678, n, 94, 6), truediv(0.8307546385855518, po))|0.9343]
[GEN_260|make_tuple(add(mkd, if_gt(678, n, 94, 6)), truediv(0.8307546385855518, po))|0.9343]
[GEN_260|make_tuple(add(1, if_gt(if_gt(8, po, 636, xvar), n, n, m)), truediv(0.8307546385855518, po))|0.9198]
[GEN_260|make_tuple(add(1, if_gt(max(p, if_gt(10, po, 698, 0.10186609369366677)), n, 379, m)), truediv(0.8307546385855518, po))|0.9198]
GEN_261_FIT_0.8898623524838866_0.9000409352139972_0.9177328995380564_SIZE_1_2.25_6
GEN_262_FIT_0.8898623524838866_0.898830816939934_0.9177328995380564_SIZE_1_2.05_6
GEN_263_FIT_0.8898623524838866_0.9002196697436347_0.9177328995380564_SIZE_1_2.25_6
GEN_264_FIT_0.8898623524838866_0.9002196697436347_0.9177328995380564_SIZE_1_2.25_6
GEN_265_FIT_0.8898623524838866_0.9016131970963432_0.9177328995380564_SIZE_1_2.5_6
GEN_266_FIT_0.8898623524838866_0.9004447179499888_0.9177328995380564_SIZE_1_2.4_6
GEN_267_FIT_0.8898623524838866_0.9004447179499888_0.9177328995380564_SIZE_1_2.4_6
GEN_268_FIT_0.8898623524838866_0.9004447179499888_0.9177328995380564_SIZE_1_2.4_6
GEN_269_FIT_0.8898623524838866_0.9004447179499888_0.9177328995380564_SIZE_1_2.4_6
GEN_270_FIT_0.8898623524838866_0.9004447179499888_0.9177328995380564_SIZE_1_2.4_6
GEN_271_FIT_0.8898623524838866_0.9004447179499888_0.9177328995380564_SIZE_1_2.4_6
GEN_272_FIT_0.8898623524838866_0.9004447179499888_0.9177328995380564_SIZE_1_2.4_6
GEN_273_FIT_0.8898623524838866_0.9004447179499888_0.9177328995380564_SIZE_1_2.4_6
GEN_274_FIT_0.8898623524838866_0.9004447179499888_0.9177328995380564_SIZE_1_2.4_6
GEN_275_FIT_0.8898623524838866_0.9004447179499888_0.9177328995380564_SIZE_1_2.4_6
GEN_276_FIT_0.8898623524838866_0.9004447179499888_0.9177328995380564_SIZE_1_2.4_6
GEN_277_FIT_0.8898623524838866_0.9004447179499888_0.9177328995380564_SIZE_1_2.4_6
GEN_278_FIT_0.8898623524838866_0.9004447179499888_0.9177328995380564_SIZE_1_2.4_6
GEN_279_FIT_0.8898623524838866_0.9004463036393497_0.9177328995380564_SIZE_1_2.4_6
GEN_280_FIT_0.8898623524838866_0.9004463036393497_0.9177328995380564_SIZE_1_2.4_6
Evaluating in sample:
[GEN_280|make_tuple(p, mkd)|0.8899]
[GEN_280|make_tuple(6, truediv(0.8307546385855518, po))|0.9047]
[GEN_280|make_tuple(if_gt(678, n, 94, 6), truediv(0.8356528732214964, po))|0.9133]
[GEN_280|make_tuple(add(mkd, if_gt(683, n, 94, 6)), truediv(0.8356528732214964, po))|0.9135]
[GEN_280|make_tuple(add(1, if_gt(if_gt(8, po, 636, p), n, n, m)), truediv(0.8307546385855518, po))|0.9176]
[GEN_280|make_tuple(add(1, if_gt(max(p, if_gt(11, po, 698, 0.10186609369366677)), n, 379, m)), truediv(0.8307546385855518, po))|0.9177]
Evaluating out-of-sample:
[GEN_280|make_tuple(p, mkd)|0.9641]
[GEN_280|make_tuple(6, truediv(0.8307546385855518, po))|0.9343]
[GEN_280|make_tuple(if_gt(678, n, 94, 6), truediv(0.8356528732214964, po))|0.9343]
[GEN_280|make_tuple(add(mkd, if_gt(683, n, 94, 6)), truediv(0.8356528732214964, po))|0.9343]
[GEN_280|make_tuple(add(1, if_gt(if_gt(8, po, 636, p), n, n, m)), truediv(0.8307546385855518, po))|0.9198]
[GEN_280|make_tuple(add(1, if_gt(max(p, if_gt(11, po, 698, 0.10186609369366677)), n, 379, m)), truediv(0.8307546385855518, po))|0.9198]
GEN_281_FIT_0.8898623524838866_0.9004463036393497_0.9177328995380564_SIZE_1_2.4_6
GEN_282_FIT_0.8898623524838866_0.8993589643078929_0.9177328995380564_SIZE_1_2.25_6
Evaluating in sample:
[GEN_282|make_tuple(p, mkd)|0.8899]
[GEN_282|make_tuple(6, truediv(0.8307546385855518, po))|0.9047]
[GEN_282|make_tuple(if_gt(678, n, 94, 6), truediv(0.8356528732214964, po))|0.9133]
[GEN_282|make_tuple(if_gt(if_gt(8, po, 636, p), n, n, m), truediv(0.8307546385855518, po))|0.9153]
[GEN_282|make_tuple(add(1, if_gt(if_gt(8, po, 636, p), n, n, m)), truediv(0.8307546385855518, po))|0.9176]
[GEN_282|make_tuple(add(1, if_gt(max(p, if_gt(11, po, 698, 0.10186609369366677)), n, 379, m)), truediv(0.8307546385855518, po))|0.9177]
Evaluating out-of-sample:
[GEN_282|make_tuple(p, mkd)|0.9641]
[GEN_282|make_tuple(6, truediv(0.8307546385855518, po))|0.9343]
[GEN_282|make_tuple(if_gt(678, n, 94, 6), truediv(0.8356528732214964, po))|0.9343]
[GEN_282|make_tuple(if_gt(if_gt(8, po, 636, p), n, n, m), truediv(0.8307546385855518, po))|0.9017]
[GEN_282|make_tuple(add(1, if_gt(if_gt(8, po, 636, p), n, n, m)), truediv(0.8307546385855518, po))|0.9198]
[GEN_282|make_tuple(add(1, if_gt(max(p, if_gt(11, po, 698, 0.10186609369366677)), n, 379, m)), truediv(0.8307546385855518, po))|0.9198]
Stopped early in iteration 282, no improvement in 20 gens.
BENCHMARK: Evaluating in-sample:
[sklearn_default: make_tuple(1.0, truediv(1.0, mul(p, xvar)))|0.8870]
