Starting problem: mlr_svm
param:age_regularization:100000.0
param:algorithm:mupluslambda
param:constants_only:True
param:cxpb:0.25
param:early_stop_n:20
param:lambda_:100
param:max_number_operators:None
param:max_start_size:2
param:mu:20
param:ngen:300
param:optimize_constants:False
param:output_file:/home/gijsbers/symbolicdefaults/runs/mlr_svm_True_19.log
param:problem:mlr_svm
param:subset:1.0
param:task:None
param:warm_start:False
Benchmark problems: mlr_svm
Loading surrogates from file.
START_TASK: 3
GEN_0_FIT_0.782514496320123_0.8282767128649061_0.8586402949632235_SIZE_1_3.2_8
GEN_1_FIT_0.8443919266284431_0.8557087377677368_0.8607982273600683_SIZE_1_1.75_4
GEN_2_FIT_0.8583053446992128_0.8591339374994245_0.8607982273600683_SIZE_1_1.45_4
GEN_3_FIT_0.8592959912278462_0.8600808086645386_0.8607982273600683_SIZE_1_1.95_5
GEN_4_FIT_0.8607321657599437_0.8607915387295426_0.8608878502916419_SIZE_1_1.3_2
GEN_5_FIT_0.8607982273600683_0.8608512641310083_0.8610754664765333_SIZE_1_1.15_2
GEN_6_FIT_0.8608872067909984_0.8609590795213361_0.8610754664765333_SIZE_1_1.3_3
GEN_7_FIT_0.8610207862455722_0.8610619774170344_0.8610754664765333_SIZE_1_1.3_2
GEN_8_FIT_0.861057541396615_0.8610770453895318_0.8611466114481257_SIZE_1_1.25_2
GEN_9_FIT_0.8610754664765333_0.8610921706378459_0.8611466114481257_SIZE_1_1.0_1
GEN_10_FIT_0.8610754664765333_0.8611262119774604_0.8611871334960848_SIZE_1_1.05_2
GEN_11_FIT_0.8611466114481257_0.8611562009193229_0.8611871334960848_SIZE_1_1.05_2
GEN_12_FIT_0.8611466114481257_0.8611761200768274_0.8611911169824394_SIZE_1_1.25_2
GEN_13_FIT_0.8611871334960848_0.8611898423609083_0.861229360333492_SIZE_1_1.05_2
GEN_14_FIT_0.8611871334960848_0.8612015990001713_0.861229360333492_SIZE_1_1.1_2
GEN_15_FIT_0.8611911169824394_0.8612225614565705_0.8612333598404657_SIZE_1_1.0_1
GEN_16_FIT_0.861229360333492_0.861231164995635_0.8612333598404657_SIZE_1_1.1_2
GEN_17_FIT_0.8612333598404657_0.8612372334574887_0.8613077729105022_SIZE_1_1.0_1
GEN_18_FIT_0.8612333598404657_0.8612452936009521_0.8613170903692711_SIZE_1_1.0_1
GEN_19_FIT_0.8612333598404657_0.8612674499413238_0.8613170903692711_SIZE_1_1.05_2
GEN_20_FIT_0.8612364191108914_0.8613079315516604_0.8613201496396968_SIZE_1_1.05_2
Evaluating in sample:
[GEN_20|make_tuple(1103, 0.0010479752524164276)|0.8613]
Evaluating out-of-sample:
[GEN_20|make_tuple(1103, 0.0010479752524164276)|0.9411]
GEN_21_FIT_0.8613170903692711_0.8613177022233562_0.8613201496396968_SIZE_1_1.0_1
GEN_22_FIT_0.8613170903692711_0.861318620004484_0.8613201496396968_SIZE_1_1.0_1
GEN_23_FIT_0.8613201496396968_0.8613201496396968_0.8613201496396968_SIZE_1_1.0_1
GEN_24_FIT_0.8613201496396968_0.8613201496396968_0.8613201496396968_SIZE_1_1.0_1
GEN_25_FIT_0.8613201496396968_0.8613201496396968_0.8613201496396968_SIZE_1_1.0_1
GEN_26_FIT_0.8613201496396968_0.8613201530017335_0.8613202168804313_SIZE_1_1.05_2
GEN_27_FIT_0.8613201496396968_0.8613201563637702_0.8613202168804313_SIZE_1_1.1_2
GEN_28_FIT_0.8613201496396968_0.8613201563637702_0.8613202168804313_SIZE_1_1.1_2
GEN_29_FIT_0.8613201496396968_0.8613201563637702_0.8613202168804313_SIZE_1_1.1_2
GEN_30_FIT_0.8613201496396968_0.8613201563637702_0.8613202168804313_SIZE_1_1.1_2
GEN_31_FIT_0.8613201496396968_0.8613201563637702_0.8613202168804313_SIZE_1_1.1_2
GEN_32_FIT_0.8613201496396968_0.8613201563637702_0.8613202168804313_SIZE_1_1.1_2
GEN_33_FIT_0.8613201496396968_0.8613201563637702_0.8613202168804313_SIZE_1_1.1_2
GEN_34_FIT_0.8613201496396968_0.8613201563637702_0.8613202168804313_SIZE_1_1.1_2
GEN_35_FIT_0.8613201496396968_0.8613201563637702_0.8613202168804313_SIZE_1_1.1_2
GEN_36_FIT_0.8613201496396968_0.8613201563637702_0.8613202168804313_SIZE_1_1.1_2
GEN_37_FIT_0.8613201496396968_0.8613201563637702_0.8613202168804313_SIZE_1_1.1_2
GEN_38_FIT_0.8613201496396968_0.8613201563637702_0.8613202168804313_SIZE_1_1.1_2
GEN_39_FIT_0.8613201496396968_0.8613201563637702_0.8613202168804313_SIZE_1_1.1_2
GEN_40_FIT_0.8613201496396968_0.8613201563637702_0.8613202168804313_SIZE_1_1.1_2
Evaluating in sample:
[GEN_40|make_tuple(1103, 0.0010479752524164276)|0.8613]
[GEN_40|make_tuple(add(1103, 0.2073478177318692), 0.0010479752524164276)|0.8613]
Evaluating out-of-sample:
[GEN_40|make_tuple(1103, 0.0010479752524164276)|0.9411]
[GEN_40|make_tuple(add(1103, 0.2073478177318692), 0.0010479752524164276)|0.9411]
GEN_41_FIT_0.8613201496396968_0.8613201563637702_0.8613202168804313_SIZE_1_1.1_2
GEN_42_FIT_0.8613201496396968_0.8613203634282623_0.8613242909295383_SIZE_1_1.1_2
GEN_43_FIT_0.8613201496396968_0.8613207775572465_0.8613242909295383_SIZE_1_1.1_2
GEN_44_FIT_0.8613201496396968_0.8613218128797067_0.8613242909295383_SIZE_1_1.1_2
GEN_45_FIT_0.8613242909295383_0.8613242909295383_0.8613242909295383_SIZE_1_1.0_1
GEN_46_FIT_0.8613242909295383_0.8613242909295383_0.8613242909295383_SIZE_1_1.0_1
GEN_47_FIT_0.8613242909295383_0.8613242909295383_0.8613242909295383_SIZE_1_1.0_1
GEN_48_FIT_0.8613242909295383_0.8613242909295383_0.8613242909295383_SIZE_1_1.0_1
GEN_49_FIT_0.8613242909295383_0.8613242909295383_0.8613242909295383_SIZE_1_1.0_1
GEN_50_FIT_0.8613242909295383_0.8613242909295383_0.8613242909295383_SIZE_1_1.0_1
GEN_51_FIT_0.8613242909295383_0.8613242909295383_0.8613242909295383_SIZE_1_1.0_1
GEN_52_FIT_0.8613242909295383_0.8613242909295383_0.8613242909295383_SIZE_1_1.0_1
GEN_53_FIT_0.8613242909295383_0.8613250190316242_0.8613388529712556_SIZE_1_1.0_1
GEN_54_FIT_0.8613242909295383_0.8613264752357959_0.8613388529712556_SIZE_1_1.0_1
GEN_55_FIT_0.8613242909295383_0.8613338217389248_0.861340162616664_SIZE_1_1.05_2
GEN_56_FIT_0.8613388529712556_0.8613391149003373_0.861340162616664_SIZE_1_1.0_1
GEN_57_FIT_0.8613388529712556_0.8613397697230415_0.861340162616664_SIZE_1_1.0_1
GEN_58_FIT_0.861340162616664_0.861340162616664_0.861340162616664_SIZE_1_1.0_1
GEN_59_FIT_0.861340162616664_0.861340162616664_0.861340162616664_SIZE_1_1.0_1
GEN_60_FIT_0.861340162616664_0.861340162616664_0.861340162616664_SIZE_1_1.0_1
Evaluating in sample:
[GEN_60|make_tuple(1073, 0.0010466643285993403)|0.8613]
Evaluating out-of-sample:
[GEN_60|make_tuple(1073, 0.0010466643285993403)|0.9407]
GEN_61_FIT_0.861340162616664_0.861340162616664_0.861340162616664_SIZE_1_1.0_1
GEN_62_FIT_0.861340162616664_0.861340162616664_0.861340162616664_SIZE_1_1.0_1
GEN_63_FIT_0.861340162616664_0.861340162616664_0.861340162616664_SIZE_1_1.0_1
GEN_64_FIT_0.861340162616664_0.861340162616664_0.861340162616664_SIZE_1_1.0_1
GEN_65_FIT_0.861340162616664_0.861340162616664_0.861340162616664_SIZE_1_1.0_1
GEN_66_FIT_0.861340162616664_0.861340162616664_0.861340162616664_SIZE_1_1.0_1
GEN_67_FIT_0.861340162616664_0.861340162616664_0.861340162616664_SIZE_1_1.0_1
GEN_68_FIT_0.861340162616664_0.861340162616664_0.861340162616664_SIZE_1_1.0_1
GEN_69_FIT_0.861340162616664_0.861340162616664_0.861340162616664_SIZE_1_1.0_1
GEN_70_FIT_0.861340162616664_0.861340162616664_0.861340162616664_SIZE_1_1.0_1
GEN_71_FIT_0.861340162616664_0.861340162616664_0.861340162616664_SIZE_1_1.0_1
GEN_72_FIT_0.861340162616664_0.861340162616664_0.861340162616664_SIZE_1_1.0_1
GEN_73_FIT_0.861340162616664_0.861340162616664_0.861340162616664_SIZE_1_1.0_1
GEN_74_FIT_0.861340162616664_0.861340162616664_0.861340162616664_SIZE_1_1.0_1
GEN_75_FIT_0.861340162616664_0.861340162616664_0.861340162616664_SIZE_1_1.0_1
GEN_76_FIT_0.861340162616664_0.861340162616664_0.861340162616664_SIZE_1_1.0_1
Evaluating in sample:
[GEN_76|make_tuple(1073, 0.0010466643285993403)|0.8613]
Evaluating out-of-sample:
[GEN_76|make_tuple(1073, 0.0010466643285993403)|0.9407]
Stopped early in iteration 76, no improvement in 20 gens.
START_TASK: 6
GEN_0_FIT_0.7387455050811946_0.7894808897914547_0.8583151495235157_SIZE_1_2.7_9
GEN_1_FIT_0.8476620542857246_0.8554842756532952_0.8586978876679464_SIZE_1_4.05_9
GEN_2_FIT_0.8581571273142922_0.8585923203886198_0.8592379027107366_SIZE_1_1.7_6
GEN_3_FIT_0.8587393435283734_0.8590544264761917_0.859565205042472_SIZE_1_1.8_6
GEN_4_FIT_0.8591066918195762_0.8592926695718717_0.8601199851198634_SIZE_1_2.4_6
GEN_5_FIT_0.8592817354647123_0.8596181885194774_0.8601199851198634_SIZE_1_1.95_7
GEN_6_FIT_0.8598349697263373_0.8600357825790406_0.8605861901149378_SIZE_1_1.55_2
GEN_7_FIT_0.8600243077005457_0.860368552426993_0.8609590521708184_SIZE_1_1.6_3
GEN_8_FIT_0.860303759525542_0.8605204357544128_0.8609590521708184_SIZE_1_1.7_3
GEN_9_FIT_0.8604806894735405_0.8606451188581563_0.8609590521708184_SIZE_1_1.9_3
GEN_10_FIT_0.8604806894735405_0.860712969445312_0.8609861879620028_SIZE_1_2.0_4
GEN_11_FIT_0.8605163762997425_0.8607435377563857_0.86102265574778_SIZE_1_2.0_3
GEN_12_FIT_0.8606403728057986_0.8608972944824848_0.86102265574778_SIZE_1_2.4_3
GEN_13_FIT_0.8607622222120842_0.8609195801423585_0.8610531137814253_SIZE_1_2.15_3
GEN_14_FIT_0.8608473013715799_0.8609699596964797_0.861227013823611_SIZE_1_1.8_3
GEN_15_FIT_0.860979716538371_0.8610443215134321_0.861227013823611_SIZE_1_2.1_3
GEN_16_FIT_0.86098863643158_0.8611492850103655_0.8612319271414833_SIZE_1_2.2_3
GEN_17_FIT_0.8610976785675736_0.861177703095367_0.8613026596011563_SIZE_1_2.0_3
GEN_18_FIT_0.8611025918854458_0.8612250918588733_0.8614839395544723_SIZE_1_1.85_3
GEN_19_FIT_0.8611491154703492_0.8613083240576511_0.8614839395544723_SIZE_1_2.1_3
GEN_20_FIT_0.8612667000333083_0.8613590067338859_0.8614888528723446_SIZE_1_1.6_3
Evaluating in sample:
[GEN_20|make_tuple(1074, 0.0013414279032126577)|0.8614]
[GEN_20|make_tuple(add(add(467, 379), 258), 0.0013414279032126577)|0.8615]
Evaluating out-of-sample:
[GEN_20|make_tuple(1074, 0.0013414279032126577)|0.9412]
[GEN_20|make_tuple(add(add(467, 379), 258), 0.0013414279032126577)|0.9414]
GEN_21_FIT_0.861388626251454_0.8614036602445875_0.8614888528723446_SIZE_1_1.2_3
GEN_22_FIT_0.861388626251454_0.8614186942377211_0.8614888528723446_SIZE_1_1.2_3
GEN_23_FIT_0.861388626251454_0.8614437508929438_0.8614888528723446_SIZE_1_1.05_2
GEN_24_FIT_0.8614888528723446_0.8614888528723446_0.8614888528723446_SIZE_1_1.0_1
GEN_25_FIT_0.8614888528723446_0.8614888528723446_0.8614888528723446_SIZE_1_1.0_1
GEN_26_FIT_0.8614888528723446_0.8614888528723446_0.8614888528723446_SIZE_1_1.0_1
GEN_27_FIT_0.8614888528723446_0.8614888528723446_0.8614888528723446_SIZE_1_1.0_1
GEN_28_FIT_0.8614888528723446_0.8614888925928434_0.861489647282322_SIZE_1_1.05_2
GEN_29_FIT_0.8614888528723446_0.8614889323133423_0.861489647282322_SIZE_1_1.1_2
GEN_30_FIT_0.8614888528723446_0.8614889323133423_0.861489647282322_SIZE_1_1.1_2
GEN_31_FIT_0.8614888528723446_0.8614889323133423_0.861489647282322_SIZE_1_1.1_2
GEN_32_FIT_0.8614888528723446_0.8614889323133423_0.861489647282322_SIZE_1_1.1_2
GEN_33_FIT_0.8614888528723446_0.8614889323133423_0.861489647282322_SIZE_1_1.1_2
GEN_34_FIT_0.8614888528723446_0.8614889323133423_0.861489647282322_SIZE_1_1.1_2
GEN_35_FIT_0.8614888528723446_0.8614889323133423_0.861489647282322_SIZE_1_1.1_2
GEN_36_FIT_0.8614888528723446_0.8614889323133423_0.861489647282322_SIZE_1_1.1_2
GEN_37_FIT_0.8614888528723446_0.8614889323133423_0.861489647282322_SIZE_1_1.1_2
GEN_38_FIT_0.8614888528723446_0.8614889323133423_0.861489647282322_SIZE_1_1.1_2
GEN_39_FIT_0.8614888528723446_0.8614889323133423_0.861489647282322_SIZE_1_1.1_2
GEN_40_FIT_0.8614888528723446_0.8614919130316105_0.8615500560576643_SIZE_1_1.05_2
Evaluating in sample:
[GEN_40|make_tuple(1104, 0.0013414279032126577)|0.8615]
[GEN_40|make_tuple(sub(1104, 0.376778925068182), 0.0013414279032126577)|0.8616]
Evaluating out-of-sample:
[GEN_40|make_tuple(1104, 0.0013414279032126577)|0.9414]
[GEN_40|make_tuple(sub(1104, 0.376778925068182), 0.0013414279032126577)|0.9414]
GEN_41_FIT_0.8614888528723446_0.8614949731908765_0.8615500560576643_SIZE_1_1.1_2
GEN_42_FIT_0.8614888528723446_0.8614949731908765_0.8615500560576643_SIZE_1_1.1_2
GEN_43_FIT_0.8614888528723446_0.8614949731908765_0.8615500560576643_SIZE_1_1.1_2
GEN_44_FIT_0.8614888528723446_0.8614949731908765_0.8615500560576643_SIZE_1_1.1_2
GEN_45_FIT_0.8614888528723446_0.8614982721211476_0.8615548314777661_SIZE_1_1.1_2
GEN_46_FIT_0.8614888528723446_0.8615048699816897_0.8615548314777661_SIZE_1_1.1_2
GEN_47_FIT_0.8614888528723446_0.8615213646330451_0.8615548314777661_SIZE_1_1.1_2
GEN_48_FIT_0.8614888528723446_0.8615515325474951_0.8615548314777661_SIZE_1_1.05_2
GEN_49_FIT_0.8615548314777661_0.861554831477766_0.8615548314777661_SIZE_1_1.0_1
GEN_50_FIT_0.8615548314777661_0.861554831477766_0.8615548314777661_SIZE_1_1.0_1
GEN_51_FIT_0.8615548314777661_0.861554831477766_0.8615548314777661_SIZE_1_1.0_1
GEN_52_FIT_0.8615548314777661_0.861554831477766_0.8615548314777661_SIZE_1_1.0_1
GEN_53_FIT_0.8615548314777661_0.861554831477766_0.8615548314777661_SIZE_1_1.0_1
GEN_54_FIT_0.8615548314777661_0.861554831477766_0.8615548314777661_SIZE_1_1.0_1
GEN_55_FIT_0.8615548314777661_0.861554831477766_0.8615548314777661_SIZE_1_1.0_1
GEN_56_FIT_0.8615548314777661_0.861554831477766_0.8615548314777661_SIZE_1_1.0_1
GEN_57_FIT_0.8615548314777661_0.861554831477766_0.8615548314777661_SIZE_1_1.0_1
GEN_58_FIT_0.8615548314777661_0.861554831477766_0.8615548314777661_SIZE_1_1.0_1
GEN_59_FIT_0.8615548314777661_0.861554831477766_0.8615548314777661_SIZE_1_1.0_1
GEN_60_FIT_0.8615548314777661_0.861554831477766_0.8615548314777661_SIZE_1_1.0_1
Evaluating in sample:
[GEN_60|make_tuple(1103, 0.0013414279032126577)|0.8616]
Evaluating out-of-sample:
[GEN_60|make_tuple(1103, 0.0013414279032126577)|0.9414]
GEN_61_FIT_0.8615548314777661_0.861554831477766_0.8615548314777661_SIZE_1_1.0_1
GEN_62_FIT_0.8615548314777661_0.861554831477766_0.8615548314777661_SIZE_1_1.0_1
GEN_63_FIT_0.8615548314777661_0.861554831477766_0.8615548314777661_SIZE_1_1.0_1
GEN_64_FIT_0.8615548314777661_0.861554831477766_0.8615548314777661_SIZE_1_1.0_1
GEN_65_FIT_0.8615548314777661_0.861554831477766_0.8615548314777661_SIZE_1_1.0_1
GEN_66_FIT_0.8615548314777661_0.861554831477766_0.8615548314777661_SIZE_1_1.0_1
Evaluating in sample:
[GEN_66|make_tuple(1103, 0.0013414279032126577)|0.8616]
Evaluating out-of-sample:
[GEN_66|make_tuple(1103, 0.0013414279032126577)|0.9414]
Stopped early in iteration 66, no improvement in 20 gens.
START_TASK: 11
GEN_0_FIT_0.8005387044409895_0.8308578048755576_0.8553772271673058_SIZE_1_2.25_7
GEN_1_FIT_0.8466040556772105_0.852845981702066_0.8598129397384139_SIZE_1_2.1_7
GEN_2_FIT_0.8588116547446399_0.8594515937962042_0.8598129397384139_SIZE_1_1.4_4
GEN_3_FIT_0.8596114811535749_0.8599362911327699_0.8613728273658627_SIZE_1_1.9_4
GEN_4_FIT_0.8598858693189342_0.8604064533026694_0.8613728273658627_SIZE_1_1.6_4
GEN_5_FIT_0.8603792270768597_0.860820909412577_0.8613728273658627_SIZE_1_1.55_3
GEN_6_FIT_0.86052455619894_0.8612808175623125_0.8614439755622847_SIZE_1_2.0_3
GEN_7_FIT_0.8604799390936817_0.8611558232360348_0.8614439755622847_SIZE_1_1.75_3
GEN_8_FIT_0.8608228642818084_0.8613084650700369_0.861490912253196_SIZE_1_1.65_3
GEN_9_FIT_0.8611685421262119_0.8613197606348291_0.8614988559396594_SIZE_1_1.5_3
GEN_10_FIT_0.8612407142252803_0.8614692478927944_0.8614988559396594_SIZE_1_2.15_3
GEN_11_FIT_0.8612946596460883_0.8614703880848129_0.8614988559396594_SIZE_1_2.0_3
GEN_12_FIT_0.8614339822106696_0.8615141647182109_0.8616932003168142_SIZE_1_1.7_3
GEN_13_FIT_0.8614915647207622_0.8615469983665293_0.8617157616892389_SIZE_1_1.75_3
GEN_14_FIT_0.8614988559396594_0.8616725658606728_0.8617779465498463_SIZE_1_2.2_4
GEN_15_FIT_0.8616054997246627_0.8617071735578963_0.8617779465498463_SIZE_1_1.75_3
GEN_16_FIT_0.8617776584551432_0.8617777736930246_0.8617779465498463_SIZE_1_1.8_3
GEN_17_FIT_0.8617776584551432_0.8617776872646135_0.8617779465498463_SIZE_1_1.2_3
GEN_18_FIT_0.8617776584551432_0.8617776872646135_0.8617779465498463_SIZE_1_1.2_3
GEN_19_FIT_0.8617776584551432_0.8617776872646135_0.8617779465498463_SIZE_1_1.2_3
GEN_20_FIT_0.8617776584551432_0.8617776872646135_0.8617779465498463_SIZE_1_1.2_3
Evaluating in sample:
[GEN_20|make_tuple(1073, 0.0010462455569797873)|0.8618]
[GEN_20|make_tuple(add(mul(2, 548), 7), 0.0010462455569797873)|0.8618]
Evaluating out-of-sample:
[GEN_20|make_tuple(1073, 0.0010462455569797873)|0.8948]
[GEN_20|make_tuple(add(mul(2, 548), 7), 0.0010462455569797873)|0.8947]
GEN_21_FIT_0.8617776584551432_0.8617776872646135_0.8617779465498463_SIZE_1_1.2_3
GEN_22_FIT_0.8617776584551432_0.8617776872646135_0.8617779465498463_SIZE_1_1.2_3
GEN_23_FIT_0.8617776584551432_0.8617776872646135_0.8617779465498463_SIZE_1_1.2_3
GEN_24_FIT_0.8617776584551432_0.8617776872646135_0.8617779465498463_SIZE_1_1.2_3
GEN_25_FIT_0.8617776584551432_0.8617776872646135_0.8617779465498463_SIZE_1_1.2_3
GEN_26_FIT_0.8617776584551432_0.8617776872646135_0.8617779465498463_SIZE_1_1.2_3
GEN_27_FIT_0.8617776584551432_0.8617776872646135_0.8617779465498463_SIZE_1_1.2_3
GEN_28_FIT_0.8617776584551432_0.8617776872646135_0.8617779465498463_SIZE_1_1.2_3
GEN_29_FIT_0.8617776584551432_0.8617776872646135_0.8617779465498463_SIZE_1_1.2_3
GEN_30_FIT_0.8617776584551432_0.8617776872646135_0.8617779465498463_SIZE_1_1.2_3
GEN_31_FIT_0.8617776584551432_0.8617776872646135_0.8617779465498463_SIZE_1_1.2_3
GEN_32_FIT_0.8617776584551432_0.8617776872646135_0.8617779465498463_SIZE_1_1.2_3
GEN_33_FIT_0.8617776584551432_0.8617776872646135_0.8617779465498463_SIZE_1_1.2_3
GEN_34_FIT_0.8617776584551432_0.8617776872646135_0.8617779465498463_SIZE_1_1.2_3
GEN_35_FIT_0.8617776584551432_0.8617776872646135_0.8617779465498463_SIZE_1_1.2_3
Evaluating in sample:
[GEN_35|make_tuple(1073, 0.0010462455569797873)|0.8618]
[GEN_35|make_tuple(add(mul(2, 548), 7), 0.0010462455569797873)|0.8618]
Evaluating out-of-sample:
[GEN_35|make_tuple(1073, 0.0010462455569797873)|0.8948]
[GEN_35|make_tuple(add(mul(2, 548), 7), 0.0010462455569797873)|0.8947]
Stopped early in iteration 35, no improvement in 20 gens.
START_TASK: 12
GEN_0_FIT_0.8346317999954634_0.8452578517574632_0.8562266057960746_SIZE_1_2.55_7
GEN_1_FIT_0.8484728095075101_0.8537176435483419_0.8578394994820918_SIZE_1_2.4_4
GEN_2_FIT_0.8537666863971201_0.8568925095401017_0.8596666489117302_SIZE_1_2.35_4
GEN_3_FIT_0.8566474048256807_0.8580681609289357_0.8596666489117302_SIZE_1_2.65_4
GEN_4_FIT_0.8577277291314277_0.8590472620609464_0.8596666489117302_SIZE_1_1.8_4
GEN_5_FIT_0.8596486453028845_0.8596846833747737_0.8598321122912937_SIZE_1_1.35_2
GEN_6_FIT_0.8596666489117302_0.8597496850606265_0.86026145692345_SIZE_1_1.35_3
GEN_7_FIT_0.8597569701627534_0.8599688289364312_0.86026145692345_SIZE_1_1.6_3
GEN_8_FIT_0.8601611769881755_0.8602584085329233_0.8603007690481931_SIZE_1_1.75_2
GEN_9_FIT_0.8601611769881755_0.8602668914015904_0.8603007690481931_SIZE_1_1.35_3
GEN_10_FIT_0.86026145692345_0.86027521616711_0.8603007690481931_SIZE_1_1.1_2
GEN_11_FIT_0.86026145692345_0.8602968378357188_0.8603007690481931_SIZE_1_1.1_2
GEN_12_FIT_0.8603007690481931_0.8603667907629523_0.8607740036445296_SIZE_1_1.05_2
GEN_13_FIT_0.8603332026068128_0.8605852489334612_0.8607740036445296_SIZE_1_1.05_2
GEN_14_FIT_0.8605916484132365_0.8606994365654185_0.8607740036445296_SIZE_1_1.1_2
GEN_15_FIT_0.8607740036445296_0.8607740036445296_0.8607740036445296_SIZE_1_1.0_1
GEN_16_FIT_0.8607740036445296_0.860775239883611_0.860795083542544_SIZE_1_1.0_1
GEN_17_FIT_0.8607740036445296_0.8607928615351433_0.8610016703866009_SIZE_1_1.1_2
GEN_18_FIT_0.8607773813806123_0.8608280196784934_0.8610016703866009_SIZE_1_1.05_2
GEN_19_FIT_0.8608311866109265_0.8608738075548452_0.8610016703866009_SIZE_1_1.0_1
GEN_20_FIT_0.8608311866109265_0.8609334768763311_0.8610016703866009_SIZE_1_1.05_2
Evaluating in sample:
[GEN_20|make_tuple(1103, 0.0013381040902006335)|0.8610]
Evaluating out-of-sample:
[GEN_20|make_tuple(1103, 0.0013381040902006335)|0.9985]
GEN_21_FIT_0.8610016703866009_0.8610016703866009_0.8610016703866009_SIZE_1_1.0_1
GEN_22_FIT_0.8610016703866009_0.8610016703866009_0.8610016703866009_SIZE_1_1.0_1
GEN_23_FIT_0.8610016703866009_0.8610016703866009_0.8610016703866009_SIZE_1_1.0_1
GEN_24_FIT_0.8610016703866009_0.8610016703866009_0.8610016703866009_SIZE_1_1.0_1
GEN_25_FIT_0.8610016703866009_0.8610016703866009_0.8610016703866009_SIZE_1_1.0_1
GEN_26_FIT_0.8610016703866009_0.8610016703866009_0.8610016703866009_SIZE_1_1.0_1
GEN_27_FIT_0.8610016703866009_0.8610016703866009_0.8610016703866009_SIZE_1_1.0_1
GEN_28_FIT_0.8610016703866009_0.8610016703866009_0.8610016703866009_SIZE_1_1.0_1
GEN_29_FIT_0.8610016703866009_0.8610016703866009_0.8610016703866009_SIZE_1_1.0_1
GEN_30_FIT_0.8610016703866009_0.8610023718895994_0.8610100939068694_SIZE_1_1.0_1
GEN_31_FIT_0.8610016703866009_0.8610026522165845_0.8610100939068694_SIZE_1_1.0_1
GEN_32_FIT_0.8610016703866009_0.8610032128705548_0.8610100939068694_SIZE_1_1.05_2
GEN_33_FIT_0.8610016703866009_0.8610071388194178_0.8610100939068694_SIZE_1_1.15_2
GEN_34_FIT_0.8610072769263031_0.8610079811714446_0.8610100939068694_SIZE_1_1.1_2
GEN_35_FIT_0.8610072769263031_0.8610092244758778_0.8610100939068694_SIZE_1_1.25_2
GEN_36_FIT_0.8610100939068694_0.8610100939068696_0.8610100939068694_SIZE_1_1.0_1
GEN_37_FIT_0.8610100939068694_0.8610100939068696_0.8610100939068694_SIZE_1_1.0_1
GEN_38_FIT_0.8610100939068694_0.8610100939068696_0.8610100939068694_SIZE_1_1.0_1
GEN_39_FIT_0.8610100939068694_0.8610100939068696_0.8610100939068694_SIZE_1_1.0_1
GEN_40_FIT_0.8610100939068694_0.8610100939068696_0.8610100939068694_SIZE_1_1.0_1
Evaluating in sample:
[GEN_40|make_tuple(1103, 0.0013407652771112233)|0.8610]
Evaluating out-of-sample:
[GEN_40|make_tuple(1103, 0.0013407652771112233)|0.9985]
GEN_41_FIT_0.8610100939068694_0.8610100939068696_0.8610100939068694_SIZE_1_1.0_1
GEN_42_FIT_0.8610100939068694_0.8610100939068696_0.8610100939068694_SIZE_1_1.0_1
GEN_43_FIT_0.8610100939068694_0.8610100939068696_0.8610100939068694_SIZE_1_1.0_1
GEN_44_FIT_0.8610100939068694_0.8610100939068696_0.8610100939068694_SIZE_1_1.0_1
GEN_45_FIT_0.8610100939068694_0.8610100939068696_0.8610100939068694_SIZE_1_1.0_1
GEN_46_FIT_0.8610100939068694_0.8610100939068696_0.8610100939068694_SIZE_1_1.0_1
GEN_47_FIT_0.8610100939068694_0.8610100939068696_0.8610100939068694_SIZE_1_1.0_1
GEN_48_FIT_0.8610100939068694_0.8610100939068696_0.8610100939068694_SIZE_1_1.0_1
GEN_49_FIT_0.8610100939068694_0.8610100939068696_0.8610100939068694_SIZE_1_1.0_1
GEN_50_FIT_0.8610100939068694_0.8610100939068696_0.8610100939068694_SIZE_1_1.0_1
GEN_51_FIT_0.8610100939068694_0.8610100939068696_0.8610100939068694_SIZE_1_1.0_1
Evaluating in sample:
[GEN_51|make_tuple(1103, 0.0013407652771112233)|0.8610]
Evaluating out-of-sample:
[GEN_51|make_tuple(1103, 0.0013407652771112233)|0.9985]
Stopped early in iteration 51, no improvement in 20 gens.
START_TASK: 14
GEN_0_FIT_0.6944442089161691_0.8114835469000333_0.8577108346913016_SIZE_1_2.15_9
GEN_1_FIT_0.8432796001669672_0.8532726906307448_0.8596194600771059_SIZE_1_4.65_10
GEN_2_FIT_0.8548432074335298_0.8573762067464232_0.859739713461294_SIZE_1_5.55_10
GEN_3_FIT_0.8571515327433425_0.8590114408475886_0.859739713461294_SIZE_1_5.2_9
GEN_4_FIT_0.8583237755725391_0.8593844737198035_0.859739713461294_SIZE_1_4.5_9
GEN_5_FIT_0.858846198660634_0.8595025222159645_0.859739713461294_SIZE_1_4.85_8
GEN_6_FIT_0.858846198660634_0.8595426738607339_0.859739713461294_SIZE_1_4.65_8
GEN_7_FIT_0.8592160706547672_0.8595261276129227_0.859739713461294_SIZE_1_3.85_7
GEN_8_FIT_0.859352897123831_0.8596894306525421_0.859739713461294_SIZE_1_5.25_7
GEN_9_FIT_0.8593585395898311_0.8596606810392787_0.859739713461294_SIZE_1_4.25_6
GEN_10_FIT_0.8594403693969428_0.8596097072978932_0.859739713461294_SIZE_1_2.75_5
GEN_11_FIT_0.8594403693969428_0.8595813694208564_0.859739713461294_SIZE_1_2.65_5
GEN_12_FIT_0.8594466603480962_0.8595181001829676_0.859739713461294_SIZE_1_1.75_4
GEN_13_FIT_0.8594894214427068_0.8596147985450004_0.859739713461294_SIZE_1_2.75_4
GEN_14_FIT_0.8594973260797085_0.8596926032383765_0.859739713461294_SIZE_1_3.45_4
GEN_15_FIT_0.8594973260797085_0.8596155553089536_0.8597468269358071_SIZE_1_2.6_5
GEN_16_FIT_0.8594973260797085_0.8596173252938082_0.8597468269358071_SIZE_1_2.3_5
GEN_17_FIT_0.8595215849877361_0.8595659220298989_0.8597468269358071_SIZE_1_1.5_4
GEN_18_FIT_0.8595215849877361_0.8595659220298989_0.8597468269358071_SIZE_1_1.5_4
GEN_19_FIT_0.859564720097874_0.8597330892530521_0.8597468269358071_SIZE_1_3.1_4
GEN_20_FIT_0.859564720097874_0.8597265866137415_0.8597468269358071_SIZE_1_3.2_4
Evaluating in sample:
[GEN_20|make_tuple(180, 0.002483800677676639)|0.8597]
[GEN_20|make_tuple(180, truediv(pow(0.05102997181045049, 0.09176498813223541), add(306, 0.16951092532866202)))|0.8597]
Evaluating out-of-sample:
[GEN_20|make_tuple(180, 0.002483800677676639)|0.9938]
[GEN_20|make_tuple(180, truediv(pow(0.05102997181045049, 0.09176498813223541), add(306, 0.16951092532866202)))|0.9938]
GEN_21_FIT_0.8597407575021104_0.8597462199924374_0.8597468269358071_SIZE_1_3.7_4
GEN_22_FIT_0.8597407575021104_0.8597462199924374_0.8597468269358071_SIZE_1_3.7_4
GEN_23_FIT_0.8597407575021104_0.8597462199924374_0.8597468269358071_SIZE_1_3.7_4
GEN_24_FIT_0.8597407575021104_0.8597462199924374_0.8597468269358071_SIZE_1_3.7_4
GEN_25_FIT_0.8597407575021104_0.8597462199924374_0.8597468269358071_SIZE_1_3.7_4
GEN_26_FIT_0.8597407575021104_0.8597462199924374_0.8597468269358071_SIZE_1_3.7_4
GEN_27_FIT_0.8597407575021104_0.8597462199924374_0.8597468269358071_SIZE_1_3.7_4
GEN_28_FIT_0.8597407575021104_0.8597462199924374_0.8597468269358071_SIZE_1_3.7_4
GEN_29_FIT_0.8597407575021104_0.8597462199924374_0.8597468269358071_SIZE_1_3.7_4
GEN_30_FIT_0.8597407575021104_0.8597462199924374_0.8597468269358071_SIZE_1_3.7_4
GEN_31_FIT_0.8597407575021104_0.8597462199924374_0.8597468269358071_SIZE_1_3.7_4
GEN_32_FIT_0.8597407575021104_0.8597462199924374_0.8597468269358071_SIZE_1_3.7_4
GEN_33_FIT_0.8597407575021104_0.8597462199924374_0.8597468269358071_SIZE_1_3.7_4
GEN_34_FIT_0.8597407575021104_0.8597462199924374_0.8597468269358071_SIZE_1_3.7_4
GEN_35_FIT_0.8595695497394759_0.8597352789743846_0.8597469205773431_SIZE_1_3.15_4
GEN_36_FIT_0.8596435653319701_0.8597386142022447_0.8597469205773431_SIZE_1_2.65_4
GEN_37_FIT_0.8597407575021104_0.8597414445488859_0.8597469205773431_SIZE_1_1.4_4
GEN_38_FIT_0.8597407575021104_0.859741515288138_0.8597469205773431_SIZE_1_1.5_4
GEN_39_FIT_0.8597407575021104_0.859741515288138_0.8597469205773431_SIZE_1_1.5_4
GEN_40_FIT_0.8597407575021104_0.859741515288138_0.8597469205773431_SIZE_1_1.5_4
Evaluating in sample:
[GEN_40|make_tuple(180, 0.002483800677676639)|0.8597]
[GEN_40|make_tuple(180, truediv(pow(0.05102997181045049, 0.09124760508180162), 306))|0.8597]
[GEN_40|make_tuple(180, truediv(pow(0.05090818837490633, 0.09176498813223541), add(306, 0.16951092532866202)))|0.8597]
Evaluating out-of-sample:
[GEN_40|make_tuple(180, 0.002483800677676639)|0.9938]
[GEN_40|make_tuple(180, truediv(pow(0.05102997181045049, 0.09124760508180162), 306))|0.9938]
[GEN_40|make_tuple(180, truediv(pow(0.05090818837490633, 0.09176498813223541), add(306, 0.16951092532866202)))|0.9938]
GEN_41_FIT_0.8597407575021104_0.859741515288138_0.8597469205773431_SIZE_1_1.5_4
GEN_42_FIT_0.8597407575021104_0.859741515288138_0.8597469205773431_SIZE_1_1.5_4
GEN_43_FIT_0.8597407575021104_0.859741515288138_0.8597469205773431_SIZE_1_1.5_4
GEN_44_FIT_0.8597407575021104_0.859741515288138_0.8597469205773431_SIZE_1_1.5_4
GEN_45_FIT_0.8597407575021104_0.859741515288138_0.8597469205773431_SIZE_1_1.5_4
GEN_46_FIT_0.8597407575021104_0.859741515288138_0.8597469205773431_SIZE_1_1.5_4
GEN_47_FIT_0.8597407575021104_0.8597415368041768_0.8597469205773431_SIZE_1_1.55_4
GEN_48_FIT_0.8597407575021104_0.8597415583202157_0.8597469205773431_SIZE_1_1.6_4
GEN_49_FIT_0.8597407575021104_0.8597415583202157_0.8597469205773431_SIZE_1_1.6_4
GEN_50_FIT_0.8597407575021104_0.8597415583202157_0.8597469205773431_SIZE_1_1.6_4
GEN_51_FIT_0.8597407575021104_0.8597415583202157_0.8597469205773431_SIZE_1_1.6_4
GEN_52_FIT_0.8597407575021104_0.859741887990016_0.8597473508981193_SIZE_1_1.8_5
GEN_53_FIT_0.8597407575021104_0.859741887990016_0.8597473508981193_SIZE_1_1.8_5
GEN_54_FIT_0.8597407575021104_0.8597422176598165_0.8597473508981193_SIZE_1_2.0_5
GEN_55_FIT_0.8597407575021104_0.8597422176598165_0.8597473508981193_SIZE_1_2.0_5
GEN_56_FIT_0.8597407575021104_0.8597422176598165_0.8597473508981193_SIZE_1_2.0_5
GEN_57_FIT_0.8597407575021104_0.8597422176598165_0.8597473508981193_SIZE_1_2.0_5
GEN_58_FIT_0.8597407575021104_0.8597422176598165_0.8597473508981193_SIZE_1_2.0_5
GEN_59_FIT_0.8597407575021104_0.8597422176598165_0.8597473508981193_SIZE_1_2.0_5
GEN_60_FIT_0.8597407575021104_0.8597422176598165_0.8597473508981193_SIZE_1_2.0_5
Evaluating in sample:
[GEN_60|make_tuple(180, 0.002483800677676639)|0.8597]
[GEN_60|make_tuple(add(180, 0.2402719943351473), 0.002483800677676639)|0.8597]
[GEN_60|make_tuple(180, truediv(pow(0.05102997181045049, 0.09124760508180162), 306))|0.8597]
[GEN_60|make_tuple(180, truediv(pow(0.05090818837490633, 0.09176498813223541), add(306, 0.16951092532866202)))|0.8597]
[GEN_60|make_tuple(add(180, 0.2402719943351473), truediv(pow(0.05090818837490633, 0.09176498813223541), add(306, 0.16951092532866202)))|0.8597]
Evaluating out-of-sample:
[GEN_60|make_tuple(180, 0.002483800677676639)|0.9938]
[GEN_60|make_tuple(add(180, 0.2402719943351473), 0.002483800677676639)|0.9938]
[GEN_60|make_tuple(180, truediv(pow(0.05102997181045049, 0.09124760508180162), 306))|0.9938]
[GEN_60|make_tuple(180, truediv(pow(0.05090818837490633, 0.09176498813223541), add(306, 0.16951092532866202)))|0.9938]
[GEN_60|make_tuple(add(180, 0.2402719943351473), truediv(pow(0.05090818837490633, 0.09176498813223541), add(306, 0.16951092532866202)))|0.9938]
GEN_61_FIT_0.8597407575021104_0.8597422176598165_0.8597473508981193_SIZE_1_2.0_5
GEN_62_FIT_0.8597407575021104_0.8597422176598165_0.8597473508981193_SIZE_1_2.0_5
GEN_63_FIT_0.8597407575021104_0.8597422176598165_0.8597473508981193_SIZE_1_2.0_5
GEN_64_FIT_0.8597407575021104_0.8597422176598165_0.8597473508981193_SIZE_1_2.0_5
GEN_65_FIT_0.8597407575021104_0.8597434870290913_0.8597661448876052_SIZE_1_2.0_5
GEN_66_FIT_0.8597407575021104_0.8597460472836795_0.8597665752083813_SIZE_1_2.05_5
GEN_67_FIT_0.8597407575021104_0.8597527233766662_0.8597665752083813_SIZE_1_2.95_6
GEN_68_FIT_0.8597661448876052_0.8597661879196826_0.8597665752083813_SIZE_1_1.1_2
GEN_69_FIT_0.8597661448876052_0.8597661879196826_0.8597665752083813_SIZE_1_1.1_2
GEN_70_FIT_0.8597661448876052_0.8597661879196826_0.8597665752083813_SIZE_1_1.1_2
GEN_71_FIT_0.8597661448876052_0.8597661879196826_0.8597665752083813_SIZE_1_1.1_2
GEN_72_FIT_0.8597661448876052_0.8597661879196826_0.8597665752083813_SIZE_1_1.1_2
GEN_73_FIT_0.8597661448876052_0.8597661879196826_0.8597665752083813_SIZE_1_1.1_2
GEN_74_FIT_0.8597661448876052_0.8597661879196826_0.8597665752083813_SIZE_1_1.1_2
GEN_75_FIT_0.8597661448876052_0.8597661879196826_0.8597665752083813_SIZE_1_1.1_2
GEN_76_FIT_0.8597661448876052_0.8597661879196826_0.8597665752083813_SIZE_1_1.1_2
GEN_77_FIT_0.8597661448876052_0.8597661879196826_0.8597665752083813_SIZE_1_1.1_2
GEN_78_FIT_0.8597661448876052_0.8597661879196826_0.8597665752083813_SIZE_1_1.1_2
GEN_79_FIT_0.8597661448876052_0.8597661879196826_0.8597665752083813_SIZE_1_1.1_2
GEN_80_FIT_0.8597661448876052_0.8597661879196826_0.8597665752083813_SIZE_1_1.1_2
Evaluating in sample:
[GEN_80|make_tuple(180, 0.002462135849451096)|0.8598]
[GEN_80|make_tuple(add(180, 0.3009818587963167), 0.002462135849451096)|0.8598]
Evaluating out-of-sample:
[GEN_80|make_tuple(180, 0.002462135849451096)|0.9939]
[GEN_80|make_tuple(add(180, 0.3009818587963167), 0.002462135849451096)|0.9939]
GEN_81_FIT_0.8597661448876052_0.8597661879196826_0.8597665752083813_SIZE_1_1.1_2
GEN_82_FIT_0.8597661448876052_0.8597661879196826_0.8597665752083813_SIZE_1_1.1_2
GEN_83_FIT_0.8597661448876052_0.8597661879196826_0.8597665752083813_SIZE_1_1.1_2
GEN_84_FIT_0.8597661448876052_0.8597661879196826_0.8597665752083813_SIZE_1_1.1_2
GEN_85_FIT_0.8597661448876052_0.8597661879196826_0.8597665752083813_SIZE_1_1.1_2
GEN_86_FIT_0.8597661448876052_0.8597661879196826_0.8597665752083813_SIZE_1_1.1_2
GEN_87_FIT_0.8597661448876052_0.8597661879196826_0.8597665752083813_SIZE_1_1.1_2
Evaluating in sample:
[GEN_87|make_tuple(180, 0.002462135849451096)|0.8598]
[GEN_87|make_tuple(add(180, 0.3009818587963167), 0.002462135849451096)|0.8598]
Evaluating out-of-sample:
[GEN_87|make_tuple(180, 0.002462135849451096)|0.9939]
[GEN_87|make_tuple(add(180, 0.3009818587963167), 0.002462135849451096)|0.9939]
Stopped early in iteration 87, no improvement in 20 gens.
START_TASK: 15
GEN_0_FIT_0.7986316602875387_0.8368319008677529_0.8584849142845944_SIZE_1_1.8_4
GEN_1_FIT_0.8550438078322927_0.8568322283247698_0.8593100131771704_SIZE_1_1.15_4
GEN_2_FIT_0.8584535487079927_0.8591388195493446_0.8604966645573966_SIZE_1_1.15_4
GEN_3_FIT_0.8592559532296312_0.8598050612626083_0.8606152863745099_SIZE_1_1.0_1
GEN_4_FIT_0.8604942560356961_0.8605130390797442_0.8606152863745099_SIZE_1_1.05_2
GEN_5_FIT_0.8604966645573966_0.8605660721082524_0.8606152863745099_SIZE_1_1.0_1
GEN_6_FIT_0.8606152863745099_0.8606361788412619_0.8607857748389155_SIZE_1_1.0_1
GEN_7_FIT_0.8606152863745099_0.8607225778439231_0.8609771535826061_SIZE_1_1.15_2
GEN_8_FIT_0.8607436925191688_0.8608439634233598_0.8609771535826061_SIZE_1_1.25_2
GEN_9_FIT_0.8608596386942631_0.8609668715826938_0.860984637057815_SIZE_1_1.25_2
GEN_10_FIT_0.8609771535826061_0.8609890870961202_0.8612008569024704_SIZE_1_1.1_2
GEN_11_FIT_0.8609771535826061_0.8610461354473676_0.8612008569024704_SIZE_1_1.4_3
GEN_12_FIT_0.8611108879672665_0.8611963584557103_0.8612008569024704_SIZE_1_1.6_2
GEN_13_FIT_0.8612008569024704_0.8612008569024704_0.8612008569024704_SIZE_1_1.0_1
GEN_14_FIT_0.8612008569024704_0.8612008569024704_0.8612008569024704_SIZE_1_1.0_1
GEN_15_FIT_0.8612008569024704_0.8612008569024704_0.8612008569024704_SIZE_1_1.0_1
GEN_16_FIT_0.8612008569024704_0.8612008569024704_0.8612008569024704_SIZE_1_1.0_1
GEN_17_FIT_0.8612008569024704_0.8612008569024704_0.8612008569024704_SIZE_1_1.0_1
GEN_18_FIT_0.8612008569024704_0.8612008569024704_0.8612008569024704_SIZE_1_1.0_1
GEN_19_FIT_0.8612008569024704_0.8612008569024704_0.8612008569024704_SIZE_1_1.0_1
GEN_20_FIT_0.8612008569024704_0.8612008569024704_0.8612008569024704_SIZE_1_1.0_1
Evaluating in sample:
[GEN_20|make_tuple(1103, 0.001342198558369328)|0.8612]
Evaluating out-of-sample:
[GEN_20|make_tuple(1103, 0.001342198558369328)|0.9782]
GEN_21_FIT_0.8612008569024704_0.8612008569024704_0.8612008569024704_SIZE_1_1.0_1
GEN_22_FIT_0.8612008569024704_0.8612008569024704_0.8612008569024704_SIZE_1_1.0_1
GEN_23_FIT_0.8612008569024704_0.8612008569024704_0.8612008569024704_SIZE_1_1.0_1
GEN_24_FIT_0.8612008569024704_0.8612008569024704_0.8612008569024704_SIZE_1_1.0_1
GEN_25_FIT_0.8612008569024704_0.8612008569024704_0.8612008569024704_SIZE_1_1.0_1
GEN_26_FIT_0.8612008569024704_0.8612008569024704_0.8612008569024704_SIZE_1_1.0_1
GEN_27_FIT_0.8612008569024704_0.8612008569024704_0.8612008569024704_SIZE_1_1.0_1
GEN_28_FIT_0.8612008569024704_0.8612008569024704_0.8612008569024704_SIZE_1_1.0_1
GEN_29_FIT_0.8612008569024704_0.8612008569024704_0.8612008569024704_SIZE_1_1.0_1
GEN_30_FIT_0.8612008569024704_0.8612008569024704_0.8612008569024704_SIZE_1_1.0_1
GEN_31_FIT_0.8612008569024704_0.8612008569024704_0.8612008569024704_SIZE_1_1.0_1
GEN_32_FIT_0.8612008569024704_0.8612008569024704_0.8612008569024704_SIZE_1_1.0_1
Evaluating in sample:
[GEN_32|make_tuple(1103, 0.001342198558369328)|0.8612]
Evaluating out-of-sample:
[GEN_32|make_tuple(1103, 0.001342198558369328)|0.9782]
Stopped early in iteration 32, no improvement in 20 gens.
START_TASK: 16
GEN_0_FIT_0.7495585210890512_0.8106569598043863_0.847321221830209_SIZE_1_2.8_9
GEN_1_FIT_0.8342875223127602_0.8430972782594333_0.8571231023680042_SIZE_1_2.5_9
GEN_2_FIT_0.8483909206753399_0.854521940931293_0.8576111665761446_SIZE_1_1.55_3
GEN_3_FIT_0.8569142088446682_0.857197501175793_0.8576111665761446_SIZE_1_1.7_3
GEN_4_FIT_0.857419031036204_0.8575884670651623_0.8577757458776858_SIZE_1_2.35_4
GEN_5_FIT_0.8574583066715561_0.8579013523126017_0.8594248389571729_SIZE_1_2.15_4
GEN_6_FIT_0.8578123532258202_0.8583493547015946_0.8594248389571729_SIZE_1_1.9_4
GEN_7_FIT_0.8585851224290896_0.8589834192499668_0.8594248389571729_SIZE_1_2.15_4
GEN_8_FIT_0.8586003222277008_0.8592941936075412_0.8601812630900122_SIZE_1_1.35_4
GEN_9_FIT_0.8594159558923022_0.8596568784755391_0.8601812630900122_SIZE_1_1.05_2
GEN_10_FIT_0.8598061324833421_0.8599488875942066_0.8602303815005615_SIZE_1_1.05_2
GEN_11_FIT_0.8601385566174331_0.86019286687068_0.8602837648575082_SIZE_1_1.0_1
GEN_12_FIT_0.8602303815005615_0.860270263755943_0.8605027038236316_SIZE_1_1.0_1
GEN_13_FIT_0.8602837648575082_0.8603600425522935_0.8606022376458304_SIZE_1_1.05_2
GEN_14_FIT_0.8603469906789167_0.8604937536644618_0.8606256368080754_SIZE_1_1.25_2
GEN_15_FIT_0.8606022376458304_0.8606304185130599_0.8607077252946049_SIZE_1_1.2_2
GEN_16_FIT_0.8606256368080754_0.8606705315461589_0.8608602054284867_SIZE_1_1.4_2
GEN_17_FIT_0.860681813435241_0.8607226083771783_0.8608602054284867_SIZE_1_1.45_3
GEN_18_FIT_0.860708377762171_0.8607603304516995_0.8608786444931221_SIZE_1_1.35_3
GEN_19_FIT_0.8607607823308627_0.8608082731327154_0.8608786444931221_SIZE_1_1.4_2
GEN_20_FIT_0.8607738304718213_0.8608394700702903_0.8608786444931221_SIZE_1_1.5_2
Evaluating in sample:
[GEN_20|make_tuple(1110, 0.0013389398545947176)|0.8609]
[GEN_20|make_tuple(add(576, 531), 0.0013389398545947176)|0.8609]
Evaluating out-of-sample:
[GEN_20|make_tuple(1110, 0.0013389398545947176)|0.9897]
[GEN_20|make_tuple(add(576, 531), 0.0013389398545947176)|0.9897]
GEN_21_FIT_0.8608602054284867_0.8608666591011092_0.8608786444931221_SIZE_1_1.35_2
GEN_22_FIT_0.8608602054284867_0.8608620493349504_0.8608786444931221_SIZE_1_1.1_2
GEN_23_FIT_0.8608602054284867_0.8608620493349504_0.8608786444931221_SIZE_1_1.1_2
GEN_24_FIT_0.8608602054284867_0.8608620493349504_0.8608786444931221_SIZE_1_1.1_2
GEN_25_FIT_0.8608602054284867_0.8608670969932914_0.860961158595308_SIZE_1_1.1_2
GEN_26_FIT_0.8608602054284867_0.8608771923099736_0.860961158595308_SIZE_1_1.1_2
GEN_27_FIT_0.8608602054284867_0.860912525918361_0.860961158595308_SIZE_1_1.1_2
GEN_28_FIT_0.860961158595308_0.8609611585953079_0.860961158595308_SIZE_1_1.0_1
GEN_29_FIT_0.860961158595308_0.8609611585953079_0.860961158595308_SIZE_1_1.0_1
GEN_30_FIT_0.860961158595308_0.8609611585953079_0.860961158595308_SIZE_1_1.0_1
GEN_31_FIT_0.860961158595308_0.8609611585953079_0.860961158595308_SIZE_1_1.0_1
GEN_32_FIT_0.860961158595308_0.8609611585953079_0.860961158595308_SIZE_1_1.0_1
GEN_33_FIT_0.860961158595308_0.860961740773949_0.8609728021681301_SIZE_1_1.0_1
GEN_34_FIT_0.860961158595308_0.8609629051312313_0.8609728021681301_SIZE_1_1.0_1
GEN_35_FIT_0.860961158595308_0.8609652338457957_0.8609728021681301_SIZE_1_1.0_1
GEN_36_FIT_0.8609728021681301_0.8609728021681301_0.8609728021681301_SIZE_1_1.0_1
GEN_37_FIT_0.8609728021681301_0.8609728021681301_0.8609728021681301_SIZE_1_1.0_1
GEN_38_FIT_0.8609728021681301_0.8609728021681301_0.8609728021681301_SIZE_1_1.0_1
GEN_39_FIT_0.8609728021681301_0.8609728021681301_0.8609728021681301_SIZE_1_1.0_1
GEN_40_FIT_0.8609728021681301_0.8609728021681301_0.8609728021681301_SIZE_1_1.0_1
Evaluating in sample:
[GEN_40|make_tuple(1234, 0.0013389398545947176)|0.8610]
Evaluating out-of-sample:
[GEN_40|make_tuple(1234, 0.0013389398545947176)|0.9894]
GEN_41_FIT_0.8609728021681301_0.8609728021681301_0.8609728021681301_SIZE_1_1.0_1
GEN_42_FIT_0.8609728021681301_0.8609728021681301_0.8609728021681301_SIZE_1_1.0_1
GEN_43_FIT_0.8609728021681301_0.8609728021681301_0.8609728021681301_SIZE_1_1.0_1
GEN_44_FIT_0.8609728021681301_0.8609728021681301_0.8609728021681301_SIZE_1_1.0_1
GEN_45_FIT_0.8609728021681301_0.8609728021681301_0.8609728021681301_SIZE_1_1.0_1
GEN_46_FIT_0.8609728021681301_0.8609728021681301_0.8609728021681301_SIZE_1_1.0_1
GEN_47_FIT_0.8609728021681301_0.8609728021681301_0.8609728021681301_SIZE_1_1.0_1
GEN_48_FIT_0.8609728021681301_0.8609728021681301_0.8609728021681301_SIZE_1_1.0_1
GEN_49_FIT_0.8609728021681301_0.8609728021681301_0.8609728021681301_SIZE_1_1.0_1
GEN_50_FIT_0.8609728021681301_0.8609728021681301_0.8609728021681301_SIZE_1_1.0_1
GEN_51_FIT_0.8609728021681301_0.8609728021681301_0.8609728021681301_SIZE_1_1.0_1
GEN_52_FIT_0.8609728021681301_0.8609728021681301_0.8609728021681301_SIZE_1_1.0_1
GEN_53_FIT_0.8609728021681301_0.8609728021681301_0.8609728021681301_SIZE_1_1.0_1
GEN_54_FIT_0.8609728021681301_0.860973196166609_0.860980682137706_SIZE_1_1.0_1
GEN_55_FIT_0.8609728021681301_0.8609739841635665_0.860980682137706_SIZE_1_1.05_2
GEN_56_FIT_0.8609728021681301_0.8609777491450435_0.860980682137706_SIZE_1_1.3_3
GEN_57_FIT_0.860980682137706_0.860980682137706_0.860980682137706_SIZE_1_1.05_2
GEN_58_FIT_0.860980682137706_0.860980682137706_0.860980682137706_SIZE_1_1.0_1
GEN_59_FIT_0.860980682137706_0.860980682137706_0.860980682137706_SIZE_1_1.0_1
GEN_60_FIT_0.860980682137706_0.860980682137706_0.860980682137706_SIZE_1_1.0_1
Evaluating in sample:
[GEN_60|make_tuple(1234, 0.0013408786584526346)|0.8610]
Evaluating out-of-sample:
[GEN_60|make_tuple(1234, 0.0013408786584526346)|0.9894]
GEN_61_FIT_0.860980682137706_0.860980682137706_0.860980682137706_SIZE_1_1.0_1
GEN_62_FIT_0.860980682137706_0.860980682137706_0.860980682137706_SIZE_1_1.0_1
GEN_63_FIT_0.860980682137706_0.860980682137706_0.860980682137706_SIZE_1_1.0_1
GEN_64_FIT_0.860980682137706_0.860980682137706_0.860980682137706_SIZE_1_1.0_1
GEN_65_FIT_0.860980682137706_0.860980682137706_0.860980682137706_SIZE_1_1.0_1
GEN_66_FIT_0.860980682137706_0.860980682137706_0.860980682137706_SIZE_1_1.0_1
GEN_67_FIT_0.860980682137706_0.860980682137706_0.860980682137706_SIZE_1_1.0_1
GEN_68_FIT_0.860980682137706_0.860980682137706_0.860980682137706_SIZE_1_1.0_1
GEN_69_FIT_0.860980682137706_0.860980682137706_0.860980682137706_SIZE_1_1.0_1
GEN_70_FIT_0.860980682137706_0.860980682137706_0.860980682137706_SIZE_1_1.0_1
GEN_71_FIT_0.860980682137706_0.860980682137706_0.860980682137706_SIZE_1_1.0_1
GEN_72_FIT_0.860980682137706_0.860980682137706_0.860980682137706_SIZE_1_1.0_1
GEN_73_FIT_0.860980682137706_0.860980682137706_0.860980682137706_SIZE_1_1.0_1
GEN_74_FIT_0.860980682137706_0.860980682137706_0.860980682137706_SIZE_1_1.0_1
GEN_75_FIT_0.860980682137706_0.860980682137706_0.860980682137706_SIZE_1_1.0_1
Evaluating in sample:
[GEN_75|make_tuple(1234, 0.0013408786584526346)|0.8610]
Evaluating out-of-sample:
[GEN_75|make_tuple(1234, 0.0013408786584526346)|0.9894]
Stopped early in iteration 75, no improvement in 20 gens.
START_TASK: 18
GEN_0_FIT_0.7434158632014566_0.8287273826241499_0.858203987249899_SIZE_1_2.15_7
GEN_1_FIT_0.8538065602469261_0.8560353101587589_0.8583331068705408_SIZE_1_2.3_5
GEN_2_FIT_0.8557753456592025_0.8576850763079878_0.8597929892396609_SIZE_1_1.95_4
GEN_3_FIT_0.856862542143075_0.8587299496343072_0.8597929892396609_SIZE_1_1.85_4
GEN_4_FIT_0.8587184384385832_0.8595228868157763_0.8598093225222286_SIZE_1_2.0_4
GEN_5_FIT_0.8595468440000327_0.8597394467639118_0.8602368012599573_SIZE_1_1.2_3
GEN_6_FIT_0.8598042350159372_0.859949397000707_0.8603059097012513_SIZE_1_1.35_3
GEN_7_FIT_0.8599998450578661_0.8601518718418248_0.8603722271420016_SIZE_1_1.05_2
GEN_8_FIT_0.8602368012599573_0.860285261342993_0.8604700277349222_SIZE_1_1.0_1
GEN_9_FIT_0.8603132009192991_0.8603965287583757_0.8606138648719043_SIZE_1_1.05_2
GEN_10_FIT_0.8604700277349222_0.8605325281308147_0.8607981889619174_SIZE_1_1.05_2
GEN_11_FIT_0.8606138648719043_0.8606699759812384_0.860804376894457_SIZE_1_1.05_2
GEN_12_FIT_0.8607921001649416_0.8608082122354033_0.8609059893098685_SIZE_1_1.3_3
GEN_13_FIT_0.8607981889619174_0.8608383107976719_0.8611428217996392_SIZE_1_1.15_2
GEN_14_FIT_0.8608523119388541_0.8610071780270211_0.8611890787146418_SIZE_1_1.2_2
GEN_15_FIT_0.8611428217996392_0.8611663013089144_0.8611890787146418_SIZE_1_1.2_3
GEN_16_FIT_0.8611871283573419_0.8611889811967768_0.8611890787146418_SIZE_1_1.1_2
GEN_17_FIT_0.8611890787146418_0.8611924429187999_0.861251299808795_SIZE_1_1.05_2
GEN_18_FIT_0.8611890787146418_0.8611991713271161_0.861251299808795_SIZE_1_1.15_2
GEN_19_FIT_0.8611890787146418_0.8612099892336593_0.861251299808795_SIZE_1_1.3_2
GEN_20_FIT_0.8611934586179987_0.8612003296587837_0.8612563627978045_SIZE_1_1.1_2
Evaluating in sample:
[GEN_20|make_tuple(1104, 0.0013418771066543154)|0.8612]
[GEN_20|make_tuple(sub(1104, 0.42028348221929057), 0.0013418771066543154)|0.8613]
Evaluating out-of-sample:
[GEN_20|make_tuple(1104, 0.0013418771066543154)|0.9719]
[GEN_20|make_tuple(sub(1104, 0.42028348221929057), 0.0013418771066543154)|0.9718]
GEN_21_FIT_0.861194141703651_0.8612003638130664_0.8612563627978045_SIZE_1_1.1_2
GEN_22_FIT_0.861194141703651_0.8612003638130664_0.8612563627978045_SIZE_1_1.1_2
GEN_23_FIT_0.861194141703651_0.8612003638130664_0.8612563627978045_SIZE_1_1.1_2
GEN_24_FIT_0.861194141703651_0.8612129245441039_0.8612563627978045_SIZE_1_1.3_2
GEN_25_FIT_0.861194141703651_0.8612037078921876_0.8612586930419387_SIZE_1_1.15_2
GEN_26_FIT_0.861194141703651_0.8612040574288079_0.8612586930419387_SIZE_1_1.15_2
GEN_27_FIT_0.861194141703651_0.861211211635877_0.8612586930419387_SIZE_1_1.25_2
GEN_28_FIT_0.8611964719477855_0.8612026940572008_0.8612586930419387_SIZE_1_1.1_2
GEN_29_FIT_0.8611964719477855_0.8612026940572008_0.8612586930419387_SIZE_1_1.1_2
GEN_30_FIT_0.8611964719477855_0.8612026940572008_0.8612586930419387_SIZE_1_1.1_2
GEN_31_FIT_0.8611964719477855_0.8612026940572008_0.8612586930419387_SIZE_1_1.1_2
GEN_32_FIT_0.8611964719477855_0.8612026940572008_0.8612586930419387_SIZE_1_1.1_2
GEN_33_FIT_0.8611964719477855_0.8612026940572008_0.8612586930419387_SIZE_1_1.1_2
GEN_34_FIT_0.8611964719477855_0.8612026940572008_0.8612586930419387_SIZE_1_1.1_2
GEN_35_FIT_0.8611964719477855_0.8612026940572008_0.8612586930419387_SIZE_1_1.1_2
GEN_36_FIT_0.8611964719477855_0.8612026940572008_0.8612586930419387_SIZE_1_1.1_2
GEN_37_FIT_0.8611964719477855_0.8612026940572008_0.8612586930419387_SIZE_1_1.1_2
GEN_38_FIT_0.8611964719477855_0.8612026940572008_0.8612586930419387_SIZE_1_1.1_2
GEN_39_FIT_0.8611964719477855_0.8612026940572008_0.8612586930419387_SIZE_1_1.1_2
GEN_40_FIT_0.8611964719477855_0.8612026940572008_0.8612586930419387_SIZE_1_1.1_2
Evaluating in sample:
[GEN_40|make_tuple(1104, 0.0013398462218731208)|0.8612]
[GEN_40|make_tuple(sub(1104, 0.42028348221929057), 0.0013398462218731208)|0.8613]
Evaluating out-of-sample:
[GEN_40|make_tuple(1104, 0.0013398462218731208)|0.9719]
[GEN_40|make_tuple(sub(1104, 0.42028348221929057), 0.0013398462218731208)|0.9718]
GEN_41_FIT_0.8611964719477855_0.8612026940572008_0.8612586930419387_SIZE_1_1.1_2
GEN_42_FIT_0.8611964719477855_0.8612026940572008_0.8612586930419387_SIZE_1_1.1_2
GEN_43_FIT_0.8611964719477855_0.8612026940572008_0.8612586930419387_SIZE_1_1.1_2
GEN_44_FIT_0.8611964719477855_0.8612026940572008_0.8612586930419387_SIZE_1_1.1_2
GEN_45_FIT_0.8611964719477855_0.8612026940572008_0.8612586930419387_SIZE_1_1.1_2
GEN_46_FIT_0.8611964719477855_0.8612026940572008_0.8612586930419387_SIZE_1_1.1_2
Evaluating in sample:
[GEN_46|make_tuple(1104, 0.0013398462218731208)|0.8612]
[GEN_46|make_tuple(sub(1104, 0.42028348221929057), 0.0013398462218731208)|0.8613]
Evaluating out-of-sample:
[GEN_46|make_tuple(1104, 0.0013398462218731208)|0.9719]
[GEN_46|make_tuple(sub(1104, 0.42028348221929057), 0.0013398462218731208)|0.9718]
Stopped early in iteration 46, no improvement in 20 gens.
START_TASK: 22
GEN_0_FIT_0.7187838201129867_0.8279843375691514_0.8595822549805383_SIZE_1_2.5_7
GEN_1_FIT_0.8551671382999323_0.8575765601195947_0.8595822549805383_SIZE_1_1.95_7
GEN_2_FIT_0.8585558902371839_0.8592894811423637_0.8596527395087902_SIZE_1_1.35_6
GEN_3_FIT_0.8595822549805383_0.8596243118253998_0.8596919837715631_SIZE_1_1.0_1
GEN_4_FIT_0.8596527395087902_0.8596754508497805_0.8598076615241598_SIZE_1_1.0_1
GEN_5_FIT_0.8596683319778485_0.8597512385912591_0.8599285776967669_SIZE_1_1.0_1
GEN_6_FIT_0.8597333757708849_0.8598518844470686_0.8599285776967669_SIZE_1_1.05_2
GEN_7_FIT_0.8599285776967669_0.85993389431544_0.8599937300906539_SIZE_1_1.05_2
GEN_8_FIT_0.8599285776967669_0.8599424685538077_0.8599937300906539_SIZE_1_1.1_2
GEN_9_FIT_0.8599285776967669_0.8599438474639263_0.8599937300906539_SIZE_1_1.05_2
GEN_10_FIT_0.8599603979355861_0.8599885899318217_0.8599937300906539_SIZE_1_1.25_3
GEN_11_FIT_0.8599937300906539_0.859995275571347_0.8600234240152029_SIZE_1_1.05_2
GEN_12_FIT_0.8599937300906539_0.859998244963802_0.8600234240152029_SIZE_1_1.05_2
GEN_13_FIT_0.8599937300906539_0.8600041229642461_0.8600234240152029_SIZE_1_1.05_2
GEN_14_FIT_0.8599937300906539_0.8600130311416108_0.8600234240152029_SIZE_1_1.1_2
GEN_15_FIT_0.8600234240152029_0.860023424015203_0.8600234240152029_SIZE_1_1.0_1
GEN_16_FIT_0.8600234240152029_0.860023424015203_0.8600234240152029_SIZE_1_1.0_1
GEN_17_FIT_0.8600234240152029_0.8600235455841343_0.8600246397045166_SIZE_1_1.0_1
GEN_18_FIT_0.8600234240152029_0.8600237279375313_0.8600246397045166_SIZE_1_1.0_1
GEN_19_FIT_0.8600234240152029_0.8600241534287912_0.8600246397045166_SIZE_1_1.05_2
GEN_20_FIT_0.8600246397045166_0.8600246397045165_0.8600246397045166_SIZE_1_1.0_1
Evaluating in sample:
[GEN_20|make_tuple(180, 0.0024620600026473475)|0.8600]
Evaluating out-of-sample:
[GEN_20|make_tuple(180, 0.0024620600026473475)|0.9667]
GEN_21_FIT_0.8600246397045166_0.8600246397045165_0.8600246397045166_SIZE_1_1.0_1
GEN_22_FIT_0.8600246397045166_0.8600246397045165_0.8600246397045166_SIZE_1_1.0_1
GEN_23_FIT_0.8600246397045166_0.8600246397045165_0.8600246397045166_SIZE_1_1.0_1
GEN_24_FIT_0.8600246397045166_0.8600246397045165_0.8600246397045166_SIZE_1_1.0_1
GEN_25_FIT_0.8600246397045166_0.8600246397045165_0.8600246397045166_SIZE_1_1.0_1
GEN_26_FIT_0.8600246397045166_0.8600246612205554_0.8600250700252926_SIZE_1_1.05_2
GEN_27_FIT_0.8600246397045166_0.8600246827365942_0.8600250700252926_SIZE_1_1.1_2
GEN_28_FIT_0.8600246397045166_0.8600246827365942_0.8600250700252926_SIZE_1_1.1_2
GEN_29_FIT_0.8600246397045166_0.8600246827365942_0.8600250700252926_SIZE_1_1.1_2
GEN_30_FIT_0.8600246397045166_0.8600246827365942_0.8600250700252926_SIZE_1_1.1_2
GEN_31_FIT_0.8600246397045166_0.8600246827365942_0.8600250700252926_SIZE_1_1.1_2
GEN_32_FIT_0.8600246397045166_0.8600246827365942_0.8600250700252926_SIZE_1_1.1_2
GEN_33_FIT_0.8600246397045166_0.8600246827365942_0.8600250700252926_SIZE_1_1.1_2
GEN_34_FIT_0.8600246397045166_0.8600246827365942_0.8600250700252926_SIZE_1_1.1_2
GEN_35_FIT_0.8600246397045166_0.8600246827365942_0.8600250700252926_SIZE_1_1.1_2
GEN_36_FIT_0.8600246397045166_0.8600246827365942_0.8600250700252926_SIZE_1_1.1_2
GEN_37_FIT_0.8600246397045166_0.8600246827365942_0.8600250700252926_SIZE_1_1.1_2
GEN_38_FIT_0.8600246397045166_0.8600246827365942_0.8600250700252926_SIZE_1_1.1_2
GEN_39_FIT_0.8600246397045166_0.8600246827365942_0.8600250700252926_SIZE_1_1.1_2
GEN_40_FIT_0.8600246397045166_0.8600246827365942_0.8600250700252926_SIZE_1_1.1_2
Evaluating in sample:
[GEN_40|make_tuple(180, 0.0024620600026473475)|0.8600]
[GEN_40|make_tuple(add(180, 0.3451382837600544), 0.0024620600026473475)|0.8600]
Evaluating out-of-sample:
[GEN_40|make_tuple(180, 0.0024620600026473475)|0.9667]
[GEN_40|make_tuple(add(180, 0.3451382837600544), 0.0024620600026473475)|0.9667]
GEN_41_FIT_0.8600246397045166_0.8600246827365942_0.8600250700252926_SIZE_1_1.1_2
GEN_42_FIT_0.8600246397045166_0.8600246827365942_0.8600250700252926_SIZE_1_1.1_2
GEN_43_FIT_0.8600246397045166_0.8600246827365942_0.8600250700252926_SIZE_1_1.1_2
GEN_44_FIT_0.8600246397045166_0.8600246827365942_0.8600250700252926_SIZE_1_1.1_2
GEN_45_FIT_0.8600246397045166_0.8600246827365942_0.8600250700252926_SIZE_1_1.1_2
GEN_46_FIT_0.8600246397045166_0.8600246827365942_0.8600250700252926_SIZE_1_1.1_2
GEN_47_FIT_0.8600246397045166_0.8600246827365942_0.8600250700252926_SIZE_1_1.1_2
Evaluating in sample:
[GEN_47|make_tuple(180, 0.0024620600026473475)|0.8600]
[GEN_47|make_tuple(add(180, 0.3451382837600544), 0.0024620600026473475)|0.8600]
Evaluating out-of-sample:
[GEN_47|make_tuple(180, 0.0024620600026473475)|0.9667]
[GEN_47|make_tuple(add(180, 0.3451382837600544), 0.0024620600026473475)|0.9667]
Stopped early in iteration 47, no improvement in 20 gens.
START_TASK: 23
GEN_0_FIT_0.8300926280900229_0.8407225591351066_0.8588505955833494_SIZE_1_1.85_3
GEN_1_FIT_0.8466575942740691_0.8564240659215262_0.8588505955833494_SIZE_1_2.25_3
GEN_2_FIT_0.8493585330013496_0.8567839078064374_0.8593271906095253_SIZE_1_1.85_3
GEN_3_FIT_0.8587191450085295_0.8591417469648859_0.8597800180245655_SIZE_1_1.75_4
GEN_4_FIT_0.8591441271219461_0.8595336865645278_0.8600295755014824_SIZE_1_2.15_4
GEN_5_FIT_0.8594238143885212_0.8596786954713128_0.8600295755014824_SIZE_1_1.45_4
GEN_6_FIT_0.8597800180245655_0.859989153046348_0.860289262155996_SIZE_1_1.45_3
GEN_7_FIT_0.8600295755014824_0.8601224145436218_0.8603107719176942_SIZE_1_1.8_4
GEN_8_FIT_0.860100994901686_0.860200511773851_0.8603107719176942_SIZE_1_1.95_4
GEN_9_FIT_0.8601587155250757_0.8602689290915413_0.8603273949899048_SIZE_1_1.45_4
GEN_10_FIT_0.860289262155996_0.8603079784106477_0.8603764430055935_SIZE_1_1.05_2
GEN_11_FIT_0.8603107719176942_0.8603278818132722_0.8603764430055935_SIZE_1_1.1_2
GEN_12_FIT_0.8603107719176942_0.8603525687011493_0.8603764430055935_SIZE_1_1.25_2
GEN_13_FIT_0.8603550296461021_0.8603743016696443_0.8603764430055935_SIZE_1_1.05_2
GEN_14_FIT_0.8603764430055935_0.8603764792883432_0.8603771686605898_SIZE_1_1.0_1
GEN_15_FIT_0.8603764430055935_0.8603764792883432_0.8603771686605898_SIZE_1_1.0_1
GEN_16_FIT_0.8603764430055935_0.860376835891193_0.860382849407593_SIZE_1_1.0_1
GEN_17_FIT_0.8603764430055935_0.8603772650595424_0.860382849407593_SIZE_1_1.0_1
GEN_18_FIT_0.8603764430055935_0.8603787640364413_0.8603835750625893_SIZE_1_1.05_2
GEN_19_FIT_0.860382849407593_0.8603832122350912_0.8603835750625893_SIZE_1_1.0_1
GEN_20_FIT_0.8603835750625893_0.8603953488157531_0.8606190501258666_SIZE_1_1.0_1
Evaluating in sample:
[GEN_20|make_tuple(645, 0.0019503142057887334)|0.8606]
Evaluating out-of-sample:
[GEN_20|make_tuple(645, 0.0019503142057887334)|0.9037]
GEN_21_FIT_0.8603835750625893_0.860413486732481_0.8606190501258666_SIZE_1_1.0_1
GEN_22_FIT_0.8603835750625893_0.8604691885690061_0.8606197757808629_SIZE_1_1.0_1
GEN_23_FIT_0.8606190501258666_0.860619558084364_0.8606197757808629_SIZE_1_1.1_2
GEN_24_FIT_0.8606197757808629_0.8606197757808628_0.8606197757808629_SIZE_1_1.0_1
GEN_25_FIT_0.8606197757808629_0.8606212483521756_0.8606421623176437_SIZE_1_1.0_1
GEN_26_FIT_0.8606197757808629_0.8606219239956376_0.8606421623176437_SIZE_1_1.0_1
GEN_27_FIT_0.8606197757808629_0.8606265006739087_0.8606421623176437_SIZE_1_1.05_2
GEN_28_FIT_0.8606262237606291_0.8606359224050311_0.8606583142294577_SIZE_1_1.15_2
GEN_29_FIT_0.8606421623176437_0.8606498699233235_0.860670183685267_SIZE_1_1.1_2
GEN_30_FIT_0.86065769731975_0.8606604622585051_0.860670183685267_SIZE_1_1.0_1
GEN_31_FIT_0.8606583142294577_0.8606650434783202_0.860670183685267_SIZE_1_1.0_1
GEN_32_FIT_0.860670183685267_0.8606702354325213_0.8606712186303491_SIZE_1_1.0_1
GEN_33_FIT_0.860670183685267_0.8606703389270294_0.8606712186303491_SIZE_1_1.0_1
GEN_34_FIT_0.860670183685267_0.8606706691548837_0.8606729684912681_SIZE_1_1.0_1
GEN_35_FIT_0.8606712186303491_0.8606715883468624_0.8606729684912681_SIZE_1_1.0_1
GEN_36_FIT_0.8606712186303491_0.8606724990231138_0.8606729684912681_SIZE_1_1.0_1
GEN_37_FIT_0.8606729684912681_0.8606729979772221_0.8606732633508059_SIZE_1_1.0_1
GEN_38_FIT_0.8606729684912681_0.8606730569491295_0.8606732633508059_SIZE_1_1.05_2
GEN_39_FIT_0.8606729684912681_0.8606733599030015_0.8606757841137967_SIZE_1_1.1_2
GEN_40_FIT_0.8606732633508059_0.8606733893889553_0.8606757841137967_SIZE_1_1.0_1
Evaluating in sample:
[GEN_40|make_tuple(556, 0.0019370140092661943)|0.8607]
Evaluating out-of-sample:
[GEN_40|make_tuple(556, 0.0019370140092661943)|0.9153]
GEN_41_FIT_0.8606732633508059_0.8606735154271048_0.8606757841137967_SIZE_1_1.0_1
GEN_42_FIT_0.8606732633508059_0.8606738935415535_0.8606757841137967_SIZE_1_1.0_1
GEN_43_FIT_0.8606732633508059_0.8606754059993481_0.8606757841137967_SIZE_1_1.05_2
GEN_44_FIT_0.8606757841137967_0.8606757841137969_0.8606757841137967_SIZE_1_1.0_1
GEN_45_FIT_0.8606757841137967_0.8606757841137969_0.8606757841137967_SIZE_1_1.0_1
GEN_46_FIT_0.8606757841137967_0.8606757841137969_0.8606757841137967_SIZE_1_1.0_1
GEN_47_FIT_0.8606757841137967_0.8606757841137969_0.8606757841137967_SIZE_1_1.0_1
GEN_48_FIT_0.8606757841137967_0.8606757841137969_0.8606757841137967_SIZE_1_1.0_1
GEN_49_FIT_0.8606757841137967_0.8606757841137969_0.8606757841137967_SIZE_1_1.0_1
GEN_50_FIT_0.8606757841137967_0.8606757841137969_0.8606757841137967_SIZE_1_1.0_1
GEN_51_FIT_0.8606757841137967_0.8606757841137969_0.8606757841137967_SIZE_1_1.0_1
GEN_52_FIT_0.8606757841137967_0.8606757841137969_0.8606757841137967_SIZE_1_1.0_1
GEN_53_FIT_0.8606757841137967_0.8606757841137969_0.8606757841137967_SIZE_1_1.0_1
GEN_54_FIT_0.8606757841137967_0.8606757841137969_0.8606757841137967_SIZE_1_1.0_1
GEN_55_FIT_0.8606757841137967_0.8606757841137969_0.8606757841137967_SIZE_1_1.0_1
GEN_56_FIT_0.8606757841137967_0.8606757841137969_0.8606757841137967_SIZE_1_1.0_1
GEN_57_FIT_0.8606757841137967_0.8606757841137969_0.8606757841137967_SIZE_1_1.0_1
GEN_58_FIT_0.8606757841137967_0.8606757841137969_0.8606757841137967_SIZE_1_1.0_1
GEN_59_FIT_0.8606757841137967_0.8606757841137969_0.8606757841137967_SIZE_1_1.0_1
GEN_60_FIT_0.8606757841137967_0.8606757841137969_0.8606757841137967_SIZE_1_1.0_1
Evaluating in sample:
[GEN_60|make_tuple(556, 0.0019370140092661943)|0.8607]
Evaluating out-of-sample:
[GEN_60|make_tuple(556, 0.0019370140092661943)|0.9153]
Stopped early in iteration 60, no improvement in 20 gens.
START_TASK: 24
GEN_0_FIT_0.7414513055983976_0.813932611604273_0.8554858813518886_SIZE_1_3.05_7
GEN_1_FIT_0.8364260559257793_0.8507809402903094_0.8605366795895709_SIZE_1_1.75_5
GEN_2_FIT_0.855640720518259_0.8573523764567936_0.8605366795895709_SIZE_1_2.0_4
GEN_3_FIT_0.8578307923346716_0.8599006963643945_0.8607507754115038_SIZE_1_2.9_5
GEN_4_FIT_0.8592854947944054_0.8603053613821796_0.8607507754115038_SIZE_1_2.75_4
GEN_5_FIT_0.8599861668682376_0.8603416820260741_0.8607507754115038_SIZE_1_2.1_4
GEN_6_FIT_0.8602803167819315_0.8605427746813448_0.8607514462304972_SIZE_1_2.1_4
GEN_7_FIT_0.8604431635620249_0.8606768515070261_0.8607514462304972_SIZE_1_1.9_3
GEN_8_FIT_0.860503620493011_0.8607072088561708_0.8608273925050772_SIZE_1_1.85_3
GEN_9_FIT_0.8605206301999127_0.8607418037865433_0.8608273925050772_SIZE_1_1.85_2
GEN_10_FIT_0.860564551765106_0.8607797140202468_0.8609212313389805_SIZE_1_1.8_2
GEN_11_FIT_0.8605685061944797_0.8608000451234847_0.8609212313389805_SIZE_1_1.85_2
GEN_12_FIT_0.8601806475059807_0.8606095740410404_0.8609925101049772_SIZE_1_1.3_2
GEN_13_FIT_0.8607043786605195_0.8608918049138052_0.8609925101049772_SIZE_1_1.7_3
GEN_14_FIT_0.8607452515462397_0.8609677842491035_0.8609925101049772_SIZE_1_1.9_2
GEN_15_FIT_0.8607452515462397_0.8609677842491035_0.8609925101049772_SIZE_1_1.9_2
GEN_16_FIT_0.8607452515462397_0.8609677842491035_0.8609925101049772_SIZE_1_1.9_2
GEN_17_FIT_0.8607452515462397_0.8609677842491035_0.8609925101049772_SIZE_1_1.9_2
GEN_18_FIT_0.8607452515462397_0.8609677842491035_0.8609925101049772_SIZE_1_1.9_2
GEN_19_FIT_0.8607452515462397_0.8609677842491035_0.8609925101049772_SIZE_1_1.9_2
GEN_20_FIT_0.8607452515462397_0.8609677842491035_0.8609925101049772_SIZE_1_1.9_2
Evaluating in sample:
[GEN_20|make_tuple(1115, 0.0013417142551127694)|0.8607]
[GEN_20|make_tuple(add(178, 925), 0.0013417142551127694)|0.8610]
Evaluating out-of-sample:
[GEN_20|make_tuple(1115, 0.0013417142551127694)|1.0000]
[GEN_20|make_tuple(add(178, 925), 0.0013417142551127694)|1.0000]
GEN_21_FIT_0.8607452515462397_0.8609677842491035_0.8609925101049772_SIZE_1_1.9_2
GEN_22_FIT_0.8607452515462397_0.8609677842491035_0.8609925101049772_SIZE_1_1.9_2
GEN_23_FIT_0.8607452515462397_0.8609677842491035_0.8609925101049772_SIZE_1_1.9_2
GEN_24_FIT_0.8607677725679279_0.8609812732281249_0.8609925101049772_SIZE_1_1.95_2
GEN_25_FIT_0.8607677725679279_0.8609812732281249_0.8609925101049772_SIZE_1_1.95_2
GEN_26_FIT_0.8607677725679279_0.8609700363512724_0.8609925101049772_SIZE_1_1.9_2
GEN_27_FIT_0.8607677725679279_0.8609700363512724_0.8609925101049772_SIZE_1_1.9_2
GEN_28_FIT_0.8607677725679279_0.8609700363512724_0.8609925101049772_SIZE_1_1.9_2
GEN_29_FIT_0.8607188913371812_0.8609338991534334_0.8609928599900971_SIZE_1_1.75_2
GEN_30_FIT_0.8607188913371812_0.8608054053849818_0.8609928599900971_SIZE_1_1.2_2
GEN_31_FIT_0.8607677725679279_0.8607790269390365_0.8609928599900971_SIZE_1_1.05_2
GEN_32_FIT_0.8607677725679279_0.8607790619275484_0.8609928599900971_SIZE_1_1.05_2
GEN_33_FIT_0.8607677725679279_0.8608128425351298_0.8609928599900971_SIZE_1_1.2_2
GEN_34_FIT_0.8607681224530476_0.8608018330836051_0.8609928599900971_SIZE_1_1.15_2
GEN_35_FIT_0.8607681224530476_0.8608355437141626_0.8609928599900971_SIZE_1_1.3_2
GEN_36_FIT_0.8607681224530476_0.8609703862363922_0.8609928599900971_SIZE_1_1.9_2
GEN_37_FIT_0.8607681224530476_0.8609703862363922_0.8609928599900971_SIZE_1_1.9_2
GEN_38_FIT_0.8607681224530476_0.8609703862363922_0.8609928599900971_SIZE_1_1.9_2
GEN_39_FIT_0.8607681224530476_0.8609703862363922_0.8609928599900971_SIZE_1_1.9_2
GEN_40_FIT_0.8607681224530476_0.8609703862363922_0.8609928599900971_SIZE_1_1.9_2
Evaluating in sample:
[GEN_40|make_tuple(1112, 0.001342401452028971)|0.8608]
[GEN_40|make_tuple(add(178, 925), 0.001342401452028971)|0.8610]
Evaluating out-of-sample:
[GEN_40|make_tuple(1112, 0.001342401452028971)|1.0000]
[GEN_40|make_tuple(add(178, 925), 0.001342401452028971)|1.0000]
GEN_41_FIT_0.8607681224530476_0.8609703862363922_0.8609928599900971_SIZE_1_1.9_2
GEN_42_FIT_0.8607681224530476_0.8609703862363922_0.8609928599900971_SIZE_1_1.9_2
GEN_43_FIT_0.86039316750166_0.8609404182719971_0.8609931931906298_SIZE_1_1.85_2
GEN_44_FIT_0.8602857156272953_0.8606406875385272_0.8609974234228496_SIZE_1_1.35_2
GEN_45_FIT_0.8607681224530476_0.8609197582528845_0.8609974234228496_SIZE_1_1.65_2
GEN_46_FIT_0.8607681224530476_0.8609534688834419_0.8609974234228496_SIZE_1_1.8_2
GEN_47_FIT_0.8607684556535803_0.8609421245912726_0.8609974234228496_SIZE_1_1.7_2
GEN_48_FIT_0.860870131944927_0.8609908473373424_0.8609974234228496_SIZE_1_1.95_2
GEN_49_FIT_0.860870131944927_0.8609910588489533_0.8609974234228496_SIZE_1_1.95_2
GEN_50_FIT_0.860870131944927_0.8609846942750572_0.8609974234228496_SIZE_1_1.9_2
GEN_51_FIT_0.860870131944927_0.8609846942750572_0.8609974234228496_SIZE_1_1.9_2
GEN_52_FIT_0.860870131944927_0.8609846942750572_0.8609974234228496_SIZE_1_1.9_2
GEN_53_FIT_0.860870131944927_0.8609846942750572_0.8609974234228496_SIZE_1_1.9_2
GEN_54_FIT_0.860870131944927_0.8609846942750572_0.8609974234228496_SIZE_1_1.9_2
GEN_55_FIT_0.860870131944927_0.8609846942750572_0.8609974234228496_SIZE_1_1.9_2
GEN_56_FIT_0.860870131944927_0.8609846942750572_0.8609974234228496_SIZE_1_1.9_2
GEN_57_FIT_0.860870131944927_0.8609846942750572_0.8609974234228496_SIZE_1_1.9_2
GEN_58_FIT_0.860870131944927_0.8609846942750572_0.8609974234228496_SIZE_1_1.9_2
GEN_59_FIT_0.860870131944927_0.8609846942750572_0.8609974234228496_SIZE_1_1.9_2
GEN_60_FIT_0.860870131944927_0.8609846942750572_0.8609974234228496_SIZE_1_1.9_2
Evaluating in sample:
[GEN_60|make_tuple(1235, 0.0013411734416629685)|0.8609]
[GEN_60|make_tuple(add(178, 925), 0.0013411734416629685)|0.8610]
Evaluating out-of-sample:
[GEN_60|make_tuple(1235, 0.0013411734416629685)|1.0000]
[GEN_60|make_tuple(add(178, 925), 0.0013411734416629685)|1.0000]
GEN_61_FIT_0.860870131944927_0.8609846942750572_0.8609974234228496_SIZE_1_1.9_2
GEN_62_FIT_0.860870131944927_0.8609846942750572_0.8609974234228496_SIZE_1_1.9_2
GEN_63_FIT_0.860870131944927_0.8609846942750572_0.8609974234228496_SIZE_1_1.9_2
GEN_64_FIT_0.860870131944927_0.8609846942750572_0.8609974234228496_SIZE_1_1.9_2
GEN_65_FIT_0.860870131944927_0.8609846942750572_0.8609974234228496_SIZE_1_1.9_2
Evaluating in sample:
[GEN_65|make_tuple(1235, 0.0013411734416629685)|0.8609]
[GEN_65|make_tuple(add(178, 925), 0.0013411734416629685)|0.8610]
Evaluating out-of-sample:
[GEN_65|make_tuple(1235, 0.0013411734416629685)|1.0000]
[GEN_65|make_tuple(add(178, 925), 0.0013411734416629685)|1.0000]
Stopped early in iteration 65, no improvement in 20 gens.
START_TASK: 2073
GEN_0_FIT_0.7979017129526259_0.8390952512349321_0.8590983752762009_SIZE_1_1.95_7
GEN_1_FIT_0.8560857002475368_0.8579322878007059_0.8591257084143257_SIZE_1_4.0_7
GEN_2_FIT_0.8582211178027491_0.858873945671782_0.8593212662255169_SIZE_1_3.65_7
GEN_3_FIT_0.8586485714402932_0.8591605743245468_0.8599885404712304_SIZE_1_3.9_7
GEN_4_FIT_0.859132656773407_0.8594671697722573_0.8599885404712304_SIZE_1_3.25_7
GEN_5_FIT_0.859315022712697_0.8596774428528_0.8601340137057124_SIZE_1_2.35_7
GEN_6_FIT_0.8599459764014442_0.8600222445352095_0.8603812048407841_SIZE_1_1.35_3
GEN_7_FIT_0.8600935147924403_0.8602113259753097_0.8610383304879728_SIZE_1_1.55_3
GEN_8_FIT_0.8602737455553578_0.8606704201112683_0.8610383304879728_SIZE_1_1.3_3
GEN_9_FIT_0.8608410706582769_0.8609600648485444_0.8612068935916437_SIZE_1_1.35_3
GEN_10_FIT_0.8610346983006323_0.8611055587926467_0.8612378837916012_SIZE_1_1.45_3
GEN_11_FIT_0.8610383304879728_0.861189472308199_0.8612378837916012_SIZE_1_1.7_4
GEN_12_FIT_0.8611325000538216_0.8611657467769602_0.8614454606608152_SIZE_1_1.1_2
GEN_13_FIT_0.8611325000538216_0.8612770633476726_0.8614454606608152_SIZE_1_1.5_2
GEN_14_FIT_0.8611734590891107_0.8613596319481168_0.8614454606608152_SIZE_1_1.65_2
GEN_15_FIT_0.8612378837916012_0.8614247029738937_0.8614454606608152_SIZE_1_1.9_2
GEN_16_FIT_0.8612378837916012_0.8614247029738937_0.8614454606608152_SIZE_1_1.9_2
GEN_17_FIT_0.8612378837916012_0.8614247029738937_0.8614454606608152_SIZE_1_1.9_2
GEN_18_FIT_0.8612378837916012_0.8614247029738937_0.8614454606608152_SIZE_1_1.9_2
GEN_19_FIT_0.8611325000538216_0.8612714058664726_0.8615059339759809_SIZE_1_1.35_2
GEN_20_FIT_0.8612883905850792_0.8614391672063364_0.8615059339759809_SIZE_1_1.9_2
Evaluating in sample:
[GEN_20|make_tuple(1236, 0.001348944289095872)|0.8614]
[GEN_20|make_tuple(add(16, 1087), 0.0013368904562386355)|0.8615]
Evaluating out-of-sample:
[GEN_20|make_tuple(1236, 0.001348944289095872)|0.9422]
[GEN_20|make_tuple(add(16, 1087), 0.0013368904562386355)|0.9454]
GEN_21_FIT_0.8612883905850792_0.8614381287454499_0.8615059339759809_SIZE_1_1.75_2
GEN_22_FIT_0.8613601902068166_0.8614937977168096_0.8615059339759809_SIZE_1_1.95_3
GEN_23_FIT_0.8614205961345412_0.8615016670839089_0.8615059339759809_SIZE_1_1.95_2
GEN_24_FIT_0.8614205961345412_0.8614974001918367_0.8615059339759809_SIZE_1_1.9_2
GEN_25_FIT_0.8614205961345412_0.8614974001918367_0.8615059339759809_SIZE_1_1.9_2
GEN_26_FIT_0.8614205961345412_0.8614974001918367_0.8615059339759809_SIZE_1_1.9_2
GEN_27_FIT_0.8614205961345412_0.8614974001918367_0.8615059339759809_SIZE_1_1.9_2
GEN_28_FIT_0.8611948359866834_0.8612872148935761_0.8615171775545098_SIZE_1_1.15_2
GEN_29_FIT_0.8611948359866834_0.8614196252788388_0.8615171775545098_SIZE_1_1.45_3
GEN_30_FIT_0.8614205961345412_0.8614914385313199_0.8615171775545098_SIZE_1_1.85_3
GEN_31_FIT_0.8614205961345412_0.8614994019048721_0.8615171775545098_SIZE_1_1.95_3
GEN_32_FIT_0.8614318397130704_0.861508643770366_0.8615171775545098_SIZE_1_1.9_2
GEN_33_FIT_0.8614318397130704_0.861508643770366_0.8615171775545098_SIZE_1_1.9_2
GEN_34_FIT_0.8614318397130704_0.861508643770366_0.8615171775545098_SIZE_1_1.9_2
GEN_35_FIT_0.8614318397130704_0.861508643770366_0.8615171775545098_SIZE_1_1.9_2
GEN_36_FIT_0.8614318397130704_0.861508643770366_0.8615171775545098_SIZE_1_1.9_2
GEN_37_FIT_0.8614318397130704_0.861508643770366_0.8615171775545098_SIZE_1_1.9_2
GEN_38_FIT_0.8614318397130704_0.861508643770366_0.8615171775545098_SIZE_1_1.9_2
GEN_39_FIT_0.8614318397130704_0.861508643770366_0.8615171775545098_SIZE_1_1.9_2
GEN_40_FIT_0.8614318397130704_0.861508643770366_0.8615171775545098_SIZE_1_1.9_2
Evaluating in sample:
[GEN_40|make_tuple(1234, 0.0013415028621317486)|0.8614]
[GEN_40|make_tuple(add(16, 1087), 0.0013415028621317486)|0.8615]
Evaluating out-of-sample:
[GEN_40|make_tuple(1234, 0.0013415028621317486)|0.9422]
[GEN_40|make_tuple(add(16, 1087), 0.0013415028621317486)|0.9454]
GEN_41_FIT_0.8614318397130704_0.861508643770366_0.8615171775545098_SIZE_1_1.9_2
GEN_42_FIT_0.8614318397130704_0.861508643770366_0.8615171775545098_SIZE_1_1.9_2
GEN_43_FIT_0.8614318397130704_0.861508643770366_0.8615171775545098_SIZE_1_1.9_2
GEN_44_FIT_0.8614318397130704_0.861508643770366_0.8615171775545098_SIZE_1_1.9_2
GEN_45_FIT_0.8614318397130704_0.861508643770366_0.8615171775545098_SIZE_1_1.9_2
GEN_46_FIT_0.8614318397130704_0.861508643770366_0.8615171775545098_SIZE_1_1.9_2
GEN_47_FIT_0.8614318397130704_0.861508643770366_0.8615171775545098_SIZE_1_1.9_2
GEN_48_FIT_0.8614318397130704_0.861508643770366_0.8615171775545098_SIZE_1_1.9_2
GEN_49_FIT_0.8614318397130704_0.861508643770366_0.8615171775545098_SIZE_1_1.9_2
Evaluating in sample:
[GEN_49|make_tuple(1234, 0.0013415028621317486)|0.8614]
[GEN_49|make_tuple(add(16, 1087), 0.0013415028621317486)|0.8615]
Evaluating out-of-sample:
[GEN_49|make_tuple(1234, 0.0013415028621317486)|0.9422]
[GEN_49|make_tuple(add(16, 1087), 0.0013415028621317486)|0.9454]
Stopped early in iteration 49, no improvement in 20 gens.
START_TASK: 2074
GEN_0_FIT_0.7406458682550286_0.7905732609788829_0.8597754798938338_SIZE_1_2.45_7
GEN_1_FIT_0.8503986406936417_0.8556346716664528_0.8597754798938338_SIZE_1_1.3_2
GEN_2_FIT_0.8586132669464834_0.8594776063079725_0.8597775553156963_SIZE_1_1.3_2
GEN_3_FIT_0.8597185440227056_0.8597846754253471_0.8600101001296399_SIZE_1_1.2_2
GEN_4_FIT_0.8597754798938338_0.8598373803737548_0.8600101001296399_SIZE_1_1.35_3
GEN_5_FIT_0.8598256797960508_0.8599865370293871_0.8600101001296399_SIZE_1_2.0_3
GEN_6_FIT_0.8600079840944985_0.8600121833907609_0.8600538813872018_SIZE_1_1.7_3
GEN_7_FIT_0.8600101001296399_0.8600248023560928_0.8601667977370385_SIZE_1_1.2_3
GEN_8_FIT_0.8600101001296399_0.8600479065551501_0.8601667977370385_SIZE_1_1.8_3
GEN_9_FIT_0.860017686089458_0.8600833022842611_0.8601667977370385_SIZE_1_1.2_2
GEN_10_FIT_0.8600598845361764_0.8601502324843111_0.8602011113268346_SIZE_1_1.05_2
GEN_11_FIT_0.8601667977370385_0.8601812768776671_0.8602569828633513_SIZE_1_1.0_1
GEN_12_FIT_0.8601988120164381_0.8602152275151933_0.8602806427415102_SIZE_1_1.05_2
GEN_13_FIT_0.8602563877938705_0.8602652340672329_0.8602806427415102_SIZE_1_1.3_2
GEN_14_FIT_0.8602569828633513_0.8602844056955643_0.8604032215789097_SIZE_1_1.2_3
GEN_15_FIT_0.8602806427415102_0.8603089579469689_0.8606017891758811_SIZE_1_1.2_3
GEN_16_FIT_0.8602806427415102_0.8602987879351639_0.8606435466145813_SIZE_1_1.05_2
GEN_17_FIT_0.8602806427415102_0.8603211916478781_0.8606435466145813_SIZE_1_1.2_2
GEN_18_FIT_0.8602806427415102_0.8603740328475155_0.8606435466145813_SIZE_1_1.5_2
GEN_19_FIT_0.8602806427415102_0.8603665554314579_0.8606435466145813_SIZE_1_1.1_2
GEN_20_FIT_0.8603609804835973_0.8604895190530659_0.8606758461118579_SIZE_1_1.4_2
Evaluating in sample:
[GEN_20|make_tuple(807, 0.0013563112156962033)|0.8606]
[GEN_20|make_tuple(add(769, 154), 0.0013563112156962033)|0.8607]
Evaluating out-of-sample:
[GEN_20|make_tuple(807, 0.0013563112156962033)|0.9563]
[GEN_20|make_tuple(add(769, 154), 0.0013563112156962033)|0.9567]
GEN_21_FIT_0.8605242292957164_0.860648832393218_0.8609109313671137_SIZE_1_1.2_2
GEN_22_FIT_0.8606492891707217_0.8606825417208878_0.8609109313671137_SIZE_1_1.1_2
GEN_23_FIT_0.8606568664441508_0.8607581665692596_0.8609489957664612_SIZE_1_1.1_2
GEN_24_FIT_0.8608961056967103_0.860924813296951_0.861076192995258_SIZE_1_1.05_2
GEN_25_FIT_0.860935882629693_0.8609963727486944_0.8611314286199017_SIZE_1_1.1_2
GEN_26_FIT_0.8609777767601686_0.861063318351114_0.8611619463075527_SIZE_1_1.05_2
GEN_27_FIT_0.8610828869266688_0.8611335437924434_0.8611619463075527_SIZE_1_1.15_2
GEN_28_FIT_0.8611512734879808_0.8611589281766265_0.8611619463075527_SIZE_1_1.3_3
GEN_29_FIT_0.8611619463075527_0.8611623541261896_0.861170102680289_SIZE_1_1.0_1
GEN_30_FIT_0.8611619463075527_0.8611670505280615_0.8612150924813091_SIZE_1_1.05_2
GEN_31_FIT_0.8611619463075527_0.8611760355131685_0.8612150924813091_SIZE_1_1.1_2
GEN_32_FIT_0.861170102680289_0.8611926374347156_0.8612263732508885_SIZE_1_1.1_2
GEN_33_FIT_0.861170102680289_0.8612191469846817_0.8612263732508885_SIZE_1_1.0_1
GEN_34_FIT_0.8612237190087517_0.8612250461298201_0.8612263732508885_SIZE_1_1.0_1
GEN_35_FIT_0.8612263732508885_0.8612263732508886_0.8612263732508885_SIZE_1_1.0_1
GEN_36_FIT_0.8612263732508885_0.8612263732508886_0.8612263732508885_SIZE_1_1.0_1
GEN_37_FIT_0.8612263732508885_0.8612263732508886_0.8612263732508885_SIZE_1_1.0_1
GEN_38_FIT_0.8612263732508885_0.8612263732508886_0.8612263732508885_SIZE_1_1.0_1
GEN_39_FIT_0.8612263732508885_0.8612263732508886_0.8612263732508885_SIZE_1_1.0_1
GEN_40_FIT_0.8612263732508885_0.8612263732508886_0.8612263732508885_SIZE_1_1.0_1
Evaluating in sample:
[GEN_40|make_tuple(1242, 0.0013408467143030507)|0.8612]
Evaluating out-of-sample:
[GEN_40|make_tuple(1242, 0.0013408467143030507)|0.9578]
GEN_41_FIT_0.8612263732508885_0.8612263732508886_0.8612263732508885_SIZE_1_1.0_1
GEN_42_FIT_0.8612263732508885_0.8612263732508886_0.8612263732508885_SIZE_1_1.0_1
GEN_43_FIT_0.8612263732508885_0.8612263732508886_0.8612263732508885_SIZE_1_1.0_1
GEN_44_FIT_0.8612263732508885_0.8612263732508886_0.8612263732508885_SIZE_1_1.0_1
GEN_45_FIT_0.8612263732508885_0.8612263732508886_0.8612263732508885_SIZE_1_1.0_1
GEN_46_FIT_0.8612263732508885_0.8612263732508886_0.8612263732508885_SIZE_1_1.0_1
GEN_47_FIT_0.8612263732508885_0.8612263732508886_0.8612263732508885_SIZE_1_1.0_1
GEN_48_FIT_0.8612263732508885_0.8612263732508886_0.8612263732508885_SIZE_1_1.0_1
GEN_49_FIT_0.8612263732508885_0.8612263732508886_0.8612263732508885_SIZE_1_1.0_1
GEN_50_FIT_0.8612263732508885_0.8612263732508886_0.8612263732508885_SIZE_1_1.0_1
GEN_51_FIT_0.8612263732508885_0.8612291363073398_0.8612816343799121_SIZE_1_1.0_1
GEN_52_FIT_0.8612263732508885_0.861231899363791_0.8612816343799121_SIZE_1_1.0_1
GEN_53_FIT_0.8612263732508885_0.8612429515895957_0.8612816343799121_SIZE_1_1.0_1
GEN_54_FIT_0.8612263732508885_0.8612678655927608_0.8612816343799121_SIZE_1_1.05_2
GEN_55_FIT_0.8612816343799121_0.8612816343799121_0.8612816343799121_SIZE_1_1.0_1
GEN_56_FIT_0.8612816343799121_0.8612816343799121_0.8612816343799121_SIZE_1_1.0_1
GEN_57_FIT_0.8612816343799121_0.8612816343799121_0.8612816343799121_SIZE_1_1.0_1
GEN_58_FIT_0.8612816343799121_0.8612816343799121_0.8612816343799121_SIZE_1_1.0_1
GEN_59_FIT_0.8612816343799121_0.8612816343799121_0.8612816343799121_SIZE_1_1.0_1
GEN_60_FIT_0.8612816343799121_0.8612816343799121_0.8612816343799121_SIZE_1_1.0_1
Evaluating in sample:
[GEN_60|make_tuple(1234, 0.0013408467143030507)|0.8613]
Evaluating out-of-sample:
[GEN_60|make_tuple(1234, 0.0013408467143030507)|0.9578]
GEN_61_FIT_0.8612816343799121_0.8612816343799121_0.8612816343799121_SIZE_1_1.0_1
GEN_62_FIT_0.8612816343799121_0.8612874068478845_0.8613970837393596_SIZE_1_1.0_1
GEN_63_FIT_0.8612816343799121_0.8612931793158569_0.8613970837393596_SIZE_1_1.0_1
GEN_64_FIT_0.8612816343799121_0.8613220416557187_0.8613970837393596_SIZE_1_1.0_1
GEN_65_FIT_0.8612816343799121_0.861385538803415_0.8613970837393596_SIZE_1_1.05_2
GEN_66_FIT_0.8613970837393596_0.8613970837393594_0.8613970837393596_SIZE_1_1.0_1
GEN_67_FIT_0.8613970837393596_0.8613970837393594_0.8613970837393596_SIZE_1_1.0_1
GEN_68_FIT_0.8613970837393596_0.8613970837393594_0.8613970837393596_SIZE_1_1.0_1
GEN_69_FIT_0.8613970837393596_0.8613970837393594_0.8613970837393596_SIZE_1_1.0_1
GEN_70_FIT_0.8613970837393596_0.8613970837393594_0.8613970837393596_SIZE_1_1.0_1
GEN_71_FIT_0.8613970837393596_0.8613970837393594_0.8613970837393596_SIZE_1_1.0_1
GEN_72_FIT_0.8613970837393596_0.8613970837393594_0.8613970837393596_SIZE_1_1.0_1
GEN_73_FIT_0.8613970837393596_0.8613970837393594_0.8613970837393596_SIZE_1_1.0_1
GEN_74_FIT_0.8613970837393596_0.8613970837393594_0.8613970837393596_SIZE_1_1.0_1
GEN_75_FIT_0.8613970837393596_0.8613970837393594_0.8613970837393596_SIZE_1_1.0_1
GEN_76_FIT_0.8613970837393596_0.8613970837393594_0.8613970837393596_SIZE_1_1.0_1
GEN_77_FIT_0.8613970837393596_0.8613970837393594_0.8613970837393596_SIZE_1_1.0_1
GEN_78_FIT_0.8613970837393596_0.8613970837393594_0.8613970837393596_SIZE_1_1.0_1
GEN_79_FIT_0.8613970837393596_0.8613970837393594_0.8613970837393596_SIZE_1_1.0_1
GEN_80_FIT_0.8613970837393596_0.8613970837393594_0.8613970837393596_SIZE_1_1.0_1
Evaluating in sample:
[GEN_80|make_tuple(1103, 0.0013408467143030507)|0.8614]
Evaluating out-of-sample:
[GEN_80|make_tuple(1103, 0.0013408467143030507)|0.9578]
GEN_81_FIT_0.8613970837393596_0.8613970837393594_0.8613970837393596_SIZE_1_1.0_1
GEN_82_FIT_0.8613970837393596_0.8613970837393594_0.8613970837393596_SIZE_1_1.0_1
GEN_83_FIT_0.8613970837393596_0.8613970837393594_0.8613970837393596_SIZE_1_1.0_1
Evaluating in sample:
[GEN_83|make_tuple(1103, 0.0013408467143030507)|0.8614]
Evaluating out-of-sample:
[GEN_83|make_tuple(1103, 0.0013408467143030507)|0.9578]
Stopped early in iteration 83, no improvement in 20 gens.
START_TASK: 28
