Starting problem: mlr_rpart
param:age_regularization:100000.0
param:algorithm:mupluslambda
param:constants_only:True
param:cxpb:0.25
param:early_stop_n:20
param:lambda_:100
param:max_number_operators:None
param:max_start_size:2
param:mu:20
param:ngen:300
param:optimize_constants:False
param:output_file:/home/gijsbers/symbolicdefaults/runs/mlr_rpart_True_11.log
param:problem:mlr_rpart
param:subset:1.0
param:task:None
param:warm_start:False
Benchmark problems: mlr_rpart
Loading surrogates from file.
START_TASK: 3
GEN_0_FIT_0.7330744384887766_0.8004457380788145_0.8468955207093245_SIZE_1_5.95_14
GEN_1_FIT_0.8079761378055689_0.83577657629684_0.8505328257659671_SIZE_1_5.15_12
GEN_2_FIT_0.8269704735452934_0.8479711068471861_0.8611659039957268_SIZE_1_3.35_9
GEN_3_FIT_0.8407851041302355_0.8563015200914398_0.8611659039957268_SIZE_1_3.45_9
GEN_4_FIT_0.8581991167964262_0.8609742700648859_0.8653125713542633_SIZE_1_3.1_7
GEN_5_FIT_0.8601233747505721_0.8647755138331548_0.8672070642982433_SIZE_1_4.0_7
GEN_6_FIT_0.8645997077593455_0.8658886072207119_0.8677147593967532_SIZE_1_2.6_6
GEN_7_FIT_0.8647892027636835_0.8662740417391326_0.8698501991127837_SIZE_1_1.35_2
GEN_8_FIT_0.8649596642394872_0.8673208102531509_0.8699937211828739_SIZE_1_1.4_2
GEN_9_FIT_0.8663025931100925_0.8688999438809886_0.8708676092565647_SIZE_1_1.65_2
GEN_10_FIT_0.8671254947106842_0.8694998433197634_0.8721428770861908_SIZE_1_1.6_2
GEN_11_FIT_0.868135041630617_0.8701559729960184_0.8735453128849806_SIZE_1_1.45_2
GEN_12_FIT_0.868661546490568_0.871231279543311_0.8735453128849806_SIZE_1_1.6_2
GEN_13_FIT_0.8690670091596835_0.8714086040132626_0.8737697013954397_SIZE_1_1.5_2
GEN_14_FIT_0.8698301454850916_0.8720987813818495_0.8737697013954397_SIZE_1_1.6_2
GEN_15_FIT_0.8699559451594109_0.8729428834921622_0.8744752647558832_SIZE_1_1.85_3
GEN_16_FIT_0.8700063118040944_0.8720491162616616_0.8744752647558832_SIZE_1_1.75_4
GEN_17_FIT_0.8717538011206787_0.8738551318665333_0.8745206057497217_SIZE_1_2.35_4
GEN_18_FIT_0.8717538011206787_0.873864804917123_0.8764285242527685_SIZE_1_2.0_3
GEN_19_FIT_0.8724864269290824_0.8746312436660174_0.8764563935314785_SIZE_1_1.95_3
GEN_20_FIT_0.8737620538080652_0.8758815192997472_0.8765992532893843_SIZE_1_2.35_3
Evaluating in sample:
[GEN_20|make_tuple(0.0006834833230998271, 25, 11, 28)|0.8744]
[GEN_20|make_tuple(truediv(0.07519845990665512, 206), 25, 11, 29)|0.8759]
[GEN_20|make_tuple(truediv(0.07519845990665512, if_gt(36, 0.022956392652432208, 176, 0.014429966696255021)), 25, 11, 28)|0.8766]
Evaluating out-of-sample:
[GEN_20|make_tuple(0.0006834833230998271, 25, 11, 28)|0.9667]
[GEN_20|make_tuple(truediv(0.07519845990665512, 206), 25, 11, 29)|0.9673]
[GEN_20|make_tuple(truediv(0.07519845990665512, if_gt(36, 0.022956392652432208, 176, 0.014429966696255021)), 25, 11, 28)|0.9674]
GEN_21_FIT_0.8738739890929351_0.8757824904417666_0.8766077130635376_SIZE_1_2.25_3
GEN_22_FIT_0.8742389583939191_0.875804490872999_0.8766077130635376_SIZE_1_2.1_4
GEN_23_FIT_0.8758607330234287_0.8764527846769727_0.8766077130635376_SIZE_1_2.2_4
GEN_24_FIT_0.8758607330234287_0.8761073578328764_0.8766133715445052_SIZE_1_1.25_3
GEN_25_FIT_0.8760282479675969_0.8761160165041331_0.8766133715445052_SIZE_1_1.1_2
GEN_26_FIT_0.8760282479675969_0.8764421638020705_0.8766133715445052_SIZE_1_1.5_2
GEN_27_FIT_0.8766077130635376_0.8766196442269096_0.8766802184630955_SIZE_1_1.65_3
GEN_28_FIT_0.8766133715445052_0.8766200562363642_0.8766802184630955_SIZE_1_1.1_2
GEN_29_FIT_0.8766133715445052_0.8766456600286693_0.8766802184630955_SIZE_1_1.45_3
GEN_30_FIT_0.876668868711786_0.8766785160003991_0.8766802184630955_SIZE_1_1.85_2
GEN_31_FIT_0.876668868711786_0.8766790834879646_0.8766802184630955_SIZE_1_1.9_2
GEN_32_FIT_0.876668868711786_0.8766790834879646_0.8766802184630955_SIZE_1_1.9_2
GEN_33_FIT_0.876668868711786_0.8766790834879646_0.8766802184630955_SIZE_1_1.9_2
GEN_34_FIT_0.876668868711786_0.8766790834879646_0.8766802184630955_SIZE_1_1.9_2
GEN_35_FIT_0.876668868711786_0.8766790834879646_0.8766802184630955_SIZE_1_1.9_2
GEN_36_FIT_0.876668868711786_0.8766790834879646_0.8766802184630955_SIZE_1_1.9_2
GEN_37_FIT_0.876668868711786_0.8766790834879646_0.8766802184630955_SIZE_1_1.9_2
GEN_38_FIT_0.876668868711786_0.8766790834879646_0.8766802184630955_SIZE_1_1.9_2
GEN_39_FIT_0.876668868711786_0.8766790834879646_0.8766802184630955_SIZE_1_1.9_2
GEN_40_FIT_0.876668868711786_0.8766790834879646_0.8766802184630955_SIZE_1_1.9_2
Evaluating in sample:
[GEN_40|make_tuple(0.00043223334457595606, 25, 11, 27)|0.8767]
[GEN_40|make_tuple(0.00043223334457595606, 25, 11, sub(29, 0.6591107077775569))|0.8767]
Evaluating out-of-sample:
[GEN_40|make_tuple(0.00043223334457595606, 25, 11, 27)|0.9674]
[GEN_40|make_tuple(0.00043223334457595606, 25, 11, sub(29, 0.6591107077775569))|0.9674]
GEN_41_FIT_0.876668868711786_0.8766790834879646_0.8766802184630955_SIZE_1_1.9_2
GEN_42_FIT_0.876668868711786_0.8766790834879646_0.8766802184630955_SIZE_1_1.9_2
GEN_43_FIT_0.876668868711786_0.8766790834879646_0.8766802184630955_SIZE_1_1.9_2
GEN_44_FIT_0.876668868711786_0.8766790834879646_0.8766802184630955_SIZE_1_1.9_2
GEN_45_FIT_0.876668868711786_0.8766790834879646_0.8766802184630955_SIZE_1_1.9_2
GEN_46_FIT_0.876668868711786_0.8766790834879646_0.8766802184630955_SIZE_1_1.9_2
GEN_47_FIT_0.876668868711786_0.8766790834879646_0.8766802184630955_SIZE_1_1.9_2
GEN_48_FIT_0.876668868711786_0.8766790834879646_0.8766802184630955_SIZE_1_1.9_2
Evaluating in sample:
[GEN_48|make_tuple(0.00043223334457595606, 25, 11, 27)|0.8767]
[GEN_48|make_tuple(0.00043223334457595606, 25, 11, sub(29, 0.6591107077775569))|0.8767]
Evaluating out-of-sample:
[GEN_48|make_tuple(0.00043223334457595606, 25, 11, 27)|0.9674]
[GEN_48|make_tuple(0.00043223334457595606, 25, 11, sub(29, 0.6591107077775569))|0.9674]
Stopped early in iteration 48, no improvement in 20 gens.
START_TASK: 6
GEN_0_FIT_0.694930096503164_0.7986964390536346_0.8460402897312631_SIZE_1_4.4_14
GEN_1_FIT_0.8131865288220098_0.8315486161414676_0.852298843570906_SIZE_1_2.6_5
GEN_2_FIT_0.8214120587095584_0.8403395546828456_0.853099894952782_SIZE_1_2.5_5
GEN_3_FIT_0.8442674023132467_0.8502766054393318_0.8559095279035692_SIZE_1_2.6_4
GEN_4_FIT_0.84874578508295_0.8547280764735532_0.8636659216880846_SIZE_1_2.5_4
GEN_5_FIT_0.8552079328520179_0.860118411253333_0.8650030775316383_SIZE_1_2.55_4
GEN_6_FIT_0.8562133963287317_0.8623544862010615_0.8689040701358273_SIZE_1_2.3_4
GEN_7_FIT_0.8624621683845937_0.8652665298330836_0.8689040701358273_SIZE_1_2.55_5
GEN_8_FIT_0.8632056624080637_0.8664138336532636_0.8693698037875923_SIZE_1_2.85_5
GEN_9_FIT_0.8632056624080637_0.867536278001735_0.870849541043125_SIZE_1_2.65_5
GEN_10_FIT_0.864486343605232_0.8683166676553397_0.870849541043125_SIZE_1_2.45_5
GEN_11_FIT_0.8658445116333978_0.8695143890644328_0.870849541043125_SIZE_1_2.55_5
GEN_12_FIT_0.8681395057915771_0.8702346958762478_0.8718044279138522_SIZE_1_1.75_3
GEN_13_FIT_0.8685760595389105_0.8710138049146726_0.8730168460079087_SIZE_1_1.6_3
GEN_14_FIT_0.8707819606868075_0.8720158027211934_0.8730168460079087_SIZE_1_1.5_3
GEN_15_FIT_0.8716370315622762_0.8725950107539425_0.8750262102493382_SIZE_1_1.5_3
GEN_16_FIT_0.8721267590020068_0.8731710222579082_0.8750262102493382_SIZE_1_1.4_3
GEN_17_FIT_0.8731408882296713_0.8735126484006482_0.8750262102493382_SIZE_1_1.7_3
GEN_18_FIT_0.8734203510211915_0.8738974136046416_0.8759345236082091_SIZE_1_1.7_3
GEN_19_FIT_0.8734925289078315_0.8746523057845899_0.8762396059377333_SIZE_1_2.0_4
GEN_20_FIT_0.8739916295852207_0.8751341314927963_0.8764203190474557_SIZE_1_1.75_3
Evaluating in sample:
[GEN_20|make_tuple(0.0015734352667300354, 23, 11, 28)|0.8741]
[GEN_20|make_tuple(truediv(0.001015872354276113, 3), 23, 11, 28)|0.8764]
Evaluating out-of-sample:
[GEN_20|make_tuple(0.0015734352667300354, 23, 11, 28)|0.8132]
[GEN_20|make_tuple(truediv(0.001015872354276113, 3), 23, 11, 28)|0.8721]
GEN_21_FIT_0.8740014074988357_0.8750035130421698_0.8765278576875642_SIZE_1_1.45_3
GEN_22_FIT_0.8740097160643854_0.8743132754305794_0.8765278576875642_SIZE_1_1.1_2
GEN_23_FIT_0.874100378385172_0.8744659920126896_0.8765317711139258_SIZE_1_1.15_2
GEN_24_FIT_0.874100378385172_0.8745888577099679_0.8765317711139258_SIZE_1_1.2_2
GEN_25_FIT_0.8741262996019842_0.8755813557061292_0.8765317711139258_SIZE_1_1.6_2
GEN_26_FIT_0.874100378385172_0.8748070255941963_0.877155613460288_SIZE_1_1.25_2
GEN_27_FIT_0.8741262996019842_0.8746336875589014_0.8773090155552103_SIZE_1_1.15_2
GEN_28_FIT_0.8742087010082126_0.8745187324629121_0.8773090155552103_SIZE_1_1.1_2
GEN_29_FIT_0.8742087010082126_0.874368297752582_0.877400635895603_SIZE_1_1.05_2
GEN_30_FIT_0.8742087010082126_0.8748458114786063_0.877400635895603_SIZE_1_1.2_2
GEN_31_FIT_0.8742087010082126_0.87580257174101_0.877400635895603_SIZE_1_1.5_2
GEN_32_FIT_0.8743500074710431_0.8770955730531471_0.877400635895603_SIZE_1_1.9_2
GEN_33_FIT_0.8743500074710431_0.8770955730531471_0.877400635895603_SIZE_1_1.9_2
GEN_34_FIT_0.8743500074710431_0.8770955730531471_0.877400635895603_SIZE_1_1.9_2
GEN_35_FIT_0.8742597865485664_0.8766346159792986_0.8775138215372675_SIZE_1_1.75_2
GEN_36_FIT_0.8741311632542347_0.8755419228205611_0.8775138215372675_SIZE_1_1.4_2
GEN_37_FIT_0.874307359951764_0.8762343358283902_0.8775138215372675_SIZE_1_1.7_3
GEN_38_FIT_0.8743500074710431_0.8756155330975328_0.8775138215372675_SIZE_1_1.4_2
GEN_39_FIT_0.8743500074710431_0.8746663888776658_0.8775138215372675_SIZE_1_1.1_2
GEN_40_FIT_0.8743500074710431_0.8746663888776658_0.8775138215372675_SIZE_1_1.1_2
Evaluating in sample:
[GEN_40|make_tuple(0.0015520565062796122, 22, 11, 28)|0.8744]
[GEN_40|make_tuple(mul(0.22216720984372962, 0.0019279004831418327), 25, 11, 27)|0.8775]
Evaluating out-of-sample:
[GEN_40|make_tuple(0.0015520565062796122, 22, 11, 28)|0.8134]
[GEN_40|make_tuple(mul(0.22216720984372962, 0.0019279004831418327), 25, 11, 27)|0.8710]
GEN_41_FIT_0.8743500074710431_0.8746663888776658_0.8775138215372675_SIZE_1_1.1_2
GEN_42_FIT_0.8743500074710431_0.8749804123855572_0.8775138215372675_SIZE_1_1.2_2
GEN_43_FIT_0.8743500074710431_0.8762317524068924_0.8775138215372675_SIZE_1_1.6_2
GEN_44_FIT_0.8743817008725818_0.8767307913710962_0.8775138215372675_SIZE_1_1.75_2
GEN_45_FIT_0.8743817008725818_0.8772006094707988_0.8775138215372675_SIZE_1_1.9_2
GEN_46_FIT_0.8743817008725818_0.8772006094707988_0.8775138215372675_SIZE_1_1.9_2
GEN_47_FIT_0.8743817008725818_0.8772006094707988_0.8775138215372675_SIZE_1_1.9_2
GEN_48_FIT_0.8743817008725818_0.8772006094707988_0.8775138215372675_SIZE_1_1.9_2
GEN_49_FIT_0.8743817008725818_0.8772006094707988_0.8775138215372675_SIZE_1_1.9_2
GEN_50_FIT_0.8743817008725818_0.8772006094707988_0.8775138215372675_SIZE_1_1.9_2
GEN_51_FIT_0.8743817008725818_0.8772006094707988_0.8775138215372675_SIZE_1_1.9_2
GEN_52_FIT_0.8743817008725818_0.8772006094707988_0.8775138215372675_SIZE_1_1.9_2
GEN_53_FIT_0.8743817008725818_0.8772006094707988_0.8775138215372675_SIZE_1_1.9_2
GEN_54_FIT_0.8743817008725818_0.8772006094707988_0.8775138215372675_SIZE_1_1.9_2
GEN_55_FIT_0.8743817008725818_0.8772006094707988_0.8775138215372675_SIZE_1_1.9_2
GEN_56_FIT_0.8743817008725818_0.8772006094707988_0.8775138215372675_SIZE_1_1.9_2
Evaluating in sample:
[GEN_56|make_tuple(0.001560879181193325, 22, 11, 28)|0.8744]
[GEN_56|make_tuple(mul(0.22216720984372962, 0.0019279004831418327), 25, 11, 27)|0.8775]
Evaluating out-of-sample:
[GEN_56|make_tuple(0.001560879181193325, 22, 11, 28)|0.8134]
[GEN_56|make_tuple(mul(0.22216720984372962, 0.0019279004831418327), 25, 11, 27)|0.8710]
Stopped early in iteration 56, no improvement in 20 gens.
START_TASK: 11
GEN_0_FIT_0.4791739201954043_0.7147171162331528_0.8411627265766035_SIZE_1_4.0_12
GEN_1_FIT_0.8081352740567092_0.8337266231049562_0.8539432738597658_SIZE_1_3.1_11
GEN_2_FIT_0.8338294731890464_0.8487879310925865_0.8548785746500277_SIZE_1_3.15_10
GEN_3_FIT_0.8539432738597658_0.85459520642667_0.8596033869625888_SIZE_1_1.35_4
GEN_4_FIT_0.8548893178281982_0.8569040583124229_0.8596033869625888_SIZE_1_1.7_3
GEN_5_FIT_0.8564734824172547_0.8595492467894308_0.8655140381642705_SIZE_1_2.1_3
GEN_6_FIT_0.8590655997959042_0.8626417186737116_0.8695520131948625_SIZE_1_1.85_4
GEN_7_FIT_0.86212445354727_0.8667014549017014_0.8725862016490846_SIZE_1_2.0_4
GEN_8_FIT_0.8624534527707403_0.8665275904242741_0.8725862016490846_SIZE_1_1.65_3
GEN_9_FIT_0.865809326821263_0.8699375508391661_0.8729136942975575_SIZE_1_1.95_3
GEN_10_FIT_0.8675471669713383_0.8712281520798442_0.8749212418750049_SIZE_1_1.95_3
GEN_11_FIT_0.8702046615930203_0.8723676339750837_0.8749212418750049_SIZE_1_1.85_4
GEN_12_FIT_0.8705537241558405_0.8732515030025769_0.8749212418750049_SIZE_1_2.0_4
GEN_13_FIT_0.8718126172488458_0.8743009104711714_0.8749212418750049_SIZE_1_2.25_3
GEN_14_FIT_0.8721620506297589_0.8749175665254942_0.8762640840025216_SIZE_1_2.05_3
GEN_15_FIT_0.37513490483143136_0.8457110118698855_0.8762640840025216_SIZE_1_1.8_4
GEN_16_FIT_0.8721620506297589_0.8757026235469111_0.8764194947052932_SIZE_1_2.2_4
GEN_17_FIT_0.8729678020378377_0.8759906350519995_0.8764194947052932_SIZE_1_2.1_4
GEN_18_FIT_0.8729678020378377_0.8755505865032669_0.8764194947052932_SIZE_1_2.15_4
GEN_19_FIT_0.8731589227401345_0.8760934375087773_0.8764194947052932_SIZE_1_1.9_2
GEN_20_FIT_0.8731589227401345_0.8754414757322977_0.8764225470363349_SIZE_1_1.75_3
Evaluating in sample:
[GEN_20|make_tuple(0.0015461729216620583, 22, 11, 27)|0.8732]
[GEN_20|make_tuple(mul(0.002653117504595509, 0.15102760068729854), 22, 11, 27)|0.8764]
[GEN_20|make_tuple(mul(0.002653117504595509, max(0.15102760068729854, 0.15625488332456036)), 22, 11, 27)|0.8764]
Evaluating out-of-sample:
[GEN_20|make_tuple(0.0015461729216620583, 22, 11, 27)|0.9281]
[GEN_20|make_tuple(mul(0.002653117504595509, 0.15102760068729854), 22, 11, 27)|0.9269]
[GEN_20|make_tuple(mul(0.002653117504595509, max(0.15102760068729854, 0.15625488332456036)), 22, 11, 27)|0.9269]
GEN_21_FIT_0.8731589227401345_0.8759563917619098_0.8769101606752506_SIZE_1_2.05_3
GEN_22_FIT_0.8731589227401345_0.8757951179496484_0.8769101606752506_SIZE_1_2.3_3
GEN_23_FIT_0.8731589227401345_0.8745669297065023_0.8769101606752506_SIZE_1_1.45_3
GEN_24_FIT_0.8731757044738159_0.8746694869543898_0.8769101606752506_SIZE_1_1.4_2
GEN_25_FIT_0.8731757044738159_0.8765367150551073_0.8769101606752506_SIZE_1_1.9_2
GEN_26_FIT_0.8731757044738159_0.8765367150551073_0.8769101606752506_SIZE_1_1.9_2
GEN_27_FIT_0.8731757044738159_0.8765367150551073_0.8769101606752506_SIZE_1_1.9_2
GEN_28_FIT_0.8731757044738159_0.8765367150551073_0.8769101606752506_SIZE_1_1.9_2
GEN_29_FIT_0.8731757044738159_0.8765367150551073_0.8769101606752506_SIZE_1_1.9_2
GEN_30_FIT_0.8731757044738159_0.8765367150551073_0.8769101606752506_SIZE_1_1.9_2
GEN_31_FIT_0.8731757044738159_0.8765367150551073_0.8769101606752506_SIZE_1_1.9_2
GEN_32_FIT_0.8731757044738159_0.8765367150551073_0.8769101606752506_SIZE_1_1.9_2
GEN_33_FIT_0.8731757044738159_0.8765367150551073_0.8769101606752506_SIZE_1_1.9_2
GEN_34_FIT_0.8731757044738159_0.8765367150551073_0.8769101606752506_SIZE_1_1.9_2
GEN_35_FIT_0.8731757044738159_0.8765367150551073_0.8769101606752506_SIZE_1_1.9_2
GEN_36_FIT_0.8731757044738159_0.8765367150551073_0.8769101606752506_SIZE_1_1.9_2
GEN_37_FIT_0.8731757044738159_0.8765367150551073_0.8769101606752506_SIZE_1_1.9_2
GEN_38_FIT_0.8731757044738159_0.8765367150551073_0.8769101606752506_SIZE_1_1.9_2
GEN_39_FIT_0.8731757044738159_0.8765367150551073_0.8769101606752506_SIZE_1_1.9_2
GEN_40_FIT_0.8731757044738159_0.8765367150551073_0.8769101606752506_SIZE_1_1.9_2
Evaluating in sample:
[GEN_40|make_tuple(0.0015461729216620583, 22, 11, 28)|0.8732]
[GEN_40|make_tuple(mul(0.002852671096099549, 0.15102760068729854), 22, 11, 27)|0.8769]
Evaluating out-of-sample:
[GEN_40|make_tuple(0.0015461729216620583, 22, 11, 28)|0.9368]
[GEN_40|make_tuple(mul(0.002852671096099549, 0.15102760068729854), 22, 11, 27)|0.9269]
GEN_41_FIT_0.8731757044738159_0.8765367150551073_0.8769101606752506_SIZE_1_1.9_2
GEN_42_FIT_0.8731757044738159_0.8765367150551073_0.8769101606752506_SIZE_1_1.9_2
Evaluating in sample:
[GEN_42|make_tuple(0.0015461729216620583, 22, 11, 28)|0.8732]
[GEN_42|make_tuple(mul(0.002852671096099549, 0.15102760068729854), 22, 11, 27)|0.8769]
Evaluating out-of-sample:
[GEN_42|make_tuple(0.0015461729216620583, 22, 11, 28)|0.9368]
[GEN_42|make_tuple(mul(0.002852671096099549, 0.15102760068729854), 22, 11, 27)|0.9269]
Stopped early in iteration 42, no improvement in 20 gens.
START_TASK: 12
