Starting problem: mlr_knn
param:age_regularization:100000.0
param:algorithm:mupluslambda
param:constants_only:True
param:cxpb:0.25
param:early_stop_n:20
param:lambda_:100
param:max_number_operators:None
param:max_start_size:2
param:mu:20
param:ngen:300
param:optimize_constants:False
param:output_file:/home/gijsbers/symbolicdefaults/runs/mlr_knn_True_15.log
param:problem:mlr_knn
param:subset:1.0
param:task:None
param:warm_start:False
Benchmark problems: mlr_knn
Loading surrogates from file.
START_TASK: 3
GEN_0_FIT_0.6487792049883842_0.6988747707137938_0.7695980971660262_SIZE_1_2.25_5
GEN_1_FIT_0.7157273650408768_0.7519228162575461_0.7697704933365691_SIZE_1_1.55_4
GEN_2_FIT_0.7689911894915209_0.7693189370665141_0.7697736626138731_SIZE_1_1.05_2
GEN_3_FIT_0.7695980971660262_0.7697522229181833_0.7704400351771243_SIZE_1_1.1_2
GEN_4_FIT_0.7698681771814115_0.7701100563282507_0.7704400351771243_SIZE_1_1.1_2
GEN_5_FIT_0.7704395562320588_0.7706207503018371_0.7709774746932901_SIZE_1_1.05_2
GEN_6_FIT_0.7707216945038365_0.7708433215941523_0.7710275155769185_SIZE_1_1.25_2
GEN_7_FIT_0.7709774746932901_0.7710077717974798_0.7710275155769185_SIZE_1_1.0_1
GEN_8_FIT_0.7710275155769185_0.7710533540998694_0.7712345841913242_SIZE_1_1.0_1
GEN_9_FIT_0.7710595663841434_0.7711100101244418_0.7714032054049128_SIZE_1_1.1_2
GEN_10_FIT_0.7710799608482445_0.7711773795943364_0.7714032054049128_SIZE_1_1.0_1
GEN_11_FIT_0.7712345841913242_0.7713684912522598_0.7714326146149328_SIZE_1_1.1_2
GEN_12_FIT_0.7714032054049128_0.7714355533495141_0.7716445950164993_SIZE_1_1.05_2
GEN_13_FIT_0.7714326146149328_0.771525591861915_0.7716445950164993_SIZE_1_1.1_2
GEN_14_FIT_0.7715274847940231_0.7715971216908075_0.7717233428908654_SIZE_1_1.1_2
GEN_15_FIT_0.7716445950164993_0.7716536935891455_0.7717478185950588_SIZE_1_1.05_2
GEN_16_FIT_0.7716445950164993_0.7716743383048573_0.7717478185950588_SIZE_1_1.05_2
GEN_17_FIT_0.7716445950164993_0.7717220127004187_0.7717478185950588_SIZE_1_1.05_2
GEN_18_FIT_0.7717478185950588_0.771747818595059_0.7717478185950588_SIZE_1_1.0_1
GEN_19_FIT_0.7717478185950588_0.7717625252101256_0.7719023094684748_SIZE_1_1.0_1
GEN_20_FIT_0.7717478185950588_0.7718081299998752_0.7719023094684748_SIZE_1_1.05_2
Evaluating in sample:
[GEN_20|make_tuple(9, 29, 201, 309)|0.7719]
Evaluating out-of-sample:
[GEN_20|make_tuple(9, 29, 201, 309)|0.8884]
GEN_21_FIT_0.7718176393090167_0.7718811419286102_0.7719023094684748_SIZE_1_1.1_2
GEN_22_FIT_0.7719023094684748_0.7719023094684748_0.7719023094684748_SIZE_1_1.0_1
GEN_23_FIT_0.7719023094684748_0.7719028061076078_0.7719122422511318_SIZE_1_1.0_1
GEN_24_FIT_0.7719023094684748_0.7719033027467406_0.7719122422511318_SIZE_1_1.0_1
GEN_25_FIT_0.7719023094684748_0.7719047926641391_0.7719122422511318_SIZE_1_1.0_1
GEN_26_FIT_0.7719023094684748_0.7719077724989362_0.7719122422511318_SIZE_1_1.0_1
GEN_27_FIT_0.7719122422511318_0.7719122422511318_0.7719122422511318_SIZE_1_1.0_1
GEN_28_FIT_0.7719122422511318_0.7719122422511318_0.7719122422511318_SIZE_1_1.0_1
GEN_29_FIT_0.7719122422511318_0.7719122422511318_0.7719122422511318_SIZE_1_1.0_1
GEN_30_FIT_0.7719122422511318_0.7719122422511318_0.7719122422511318_SIZE_1_1.0_1
GEN_31_FIT_0.7719122422511318_0.7719122422511318_0.7719122422511318_SIZE_1_1.0_1
GEN_32_FIT_0.7719122422511318_0.7719122422511318_0.7719122422511318_SIZE_1_1.0_1
GEN_33_FIT_0.7719122422511318_0.7719122422511318_0.7719122422511318_SIZE_1_1.0_1
GEN_34_FIT_0.7719122422511318_0.7719122422511318_0.7719122422511318_SIZE_1_1.0_1
GEN_35_FIT_0.7719122422511318_0.7719122422511318_0.7719122422511318_SIZE_1_1.0_1
GEN_36_FIT_0.7719122422511318_0.7719122422511318_0.7719122422511318_SIZE_1_1.0_1
GEN_37_FIT_0.7719122422511318_0.7719122422511318_0.7719122422511318_SIZE_1_1.0_1
GEN_38_FIT_0.7719122422511318_0.7719122422511318_0.7719122422511318_SIZE_1_1.0_1
GEN_39_FIT_0.7719122422511318_0.7719122422511318_0.7719122422511318_SIZE_1_1.0_1
GEN_40_FIT_0.7719122422511318_0.7719122422511318_0.7719122422511318_SIZE_1_1.0_1
Evaluating in sample:
[GEN_40|make_tuple(9, 29, 201, 311)|0.7719]
Evaluating out-of-sample:
[GEN_40|make_tuple(9, 29, 201, 311)|0.8884]
GEN_41_FIT_0.7719122422511318_0.7719122422511318_0.7719122422511318_SIZE_1_1.0_1
GEN_42_FIT_0.7719122422511318_0.7719122422511318_0.7719122422511318_SIZE_1_1.0_1
GEN_43_FIT_0.7719122422511318_0.7719122422511318_0.7719122422511318_SIZE_1_1.0_1
GEN_44_FIT_0.7719122422511318_0.7719122422511318_0.7719122422511318_SIZE_1_1.0_1
Evaluating in sample:
[GEN_44|make_tuple(9, 29, 201, 311)|0.7719]
Evaluating out-of-sample:
[GEN_44|make_tuple(9, 29, 201, 311)|0.8884]
Stopped early in iteration 44, no improvement in 20 gens.
START_TASK: 6
GEN_0_FIT_0.6773549400203788_0.7176263750279442_0.7491097851923859_SIZE_1_1.8_5
GEN_1_FIT_0.7329815235071191_0.743628922192645_0.7647952873744025_SIZE_1_1.7_5
GEN_2_FIT_0.7491097851923859_0.7558434494004244_0.7649997121315142_SIZE_1_1.45_2
GEN_3_FIT_0.7538558287174612_0.7635763935539741_0.770135839029707_SIZE_1_1.5_2
GEN_4_FIT_0.7651817487099846_0.7679883211390138_0.77111324106744_SIZE_1_1.45_2
GEN_5_FIT_0.7697639860164586_0.7703939087488815_0.77111324106744_SIZE_1_1.45_2
GEN_6_FIT_0.7707452786150297_0.7709510483257676_0.77111324106744_SIZE_1_1.3_2
GEN_7_FIT_0.77111324106744_0.7711240698562989_0.7712471004877745_SIZE_1_1.05_2
GEN_8_FIT_0.77111324106744_0.7711681372138245_0.7713645727443367_SIZE_1_1.1_2
GEN_9_FIT_0.7711962285375762_0.771270597421719_0.7716127044356318_SIZE_1_1.0_1
GEN_10_FIT_0.7712632596651899_0.7714234546237526_0.7716833802809357_SIZE_1_1.0_1
GEN_11_FIT_0.7715868266502126_0.7716549436574324_0.7718066030000258_SIZE_1_1.0_1
GEN_12_FIT_0.7716833802809357_0.7717127661352035_0.771806855504477_SIZE_1_1.0_1
GEN_13_FIT_0.7717255326997056_0.771769568065306_0.771806855504477_SIZE_1_1.05_2
GEN_14_FIT_0.7718066030000258_0.7718067545026968_0.771806855504477_SIZE_1_1.1_2
GEN_15_FIT_0.771806855504477_0.7718068555044771_0.771806855504477_SIZE_1_1.0_1
GEN_16_FIT_0.771806855504477_0.7718272120386003_0.7721667681473551_SIZE_1_1.0_1
GEN_17_FIT_0.771806855504477_0.7718819031848286_0.7721667681473551_SIZE_1_1.0_1
GEN_18_FIT_0.771806855504477_0.7720020849127064_0.7722821059848723_SIZE_1_1.05_2
GEN_19_FIT_0.7721339086034661_0.772183547369269_0.7722821059848723_SIZE_1_1.05_2
GEN_20_FIT_0.7721667681473551_0.7722146307926494_0.7723614321915929_SIZE_1_1.05_2
Evaluating in sample:
[GEN_20|make_tuple(9, 29, 199, 315)|0.7724]
Evaluating out-of-sample:
[GEN_20|make_tuple(9, 29, 199, 315)|0.8261]
GEN_21_FIT_0.7722821059848723_0.7723059038468887_0.7723614321915929_SIZE_1_1.0_1
GEN_22_FIT_0.7722821059848723_0.772349533260585_0.7723614321915929_SIZE_1_1.05_2
GEN_23_FIT_0.7723614321915929_0.7723614321915929_0.7723614321915929_SIZE_1_1.0_1
GEN_24_FIT_0.7723614321915929_0.7723630156813239_0.7723931019862146_SIZE_1_1.05_2
GEN_25_FIT_0.7723614321915929_0.7723644328258041_0.7724214448758187_SIZE_1_1.05_2
GEN_26_FIT_0.7723614321915929_0.7723674334600155_0.7724214448758187_SIZE_1_1.1_2
GEN_27_FIT_0.7723614321915929_0.7723826029763228_0.7724214448758187_SIZE_1_1.35_2
GEN_28_FIT_0.7723931019862146_0.7724186105868583_0.7724214448758187_SIZE_1_1.9_2
GEN_29_FIT_0.7723614321915929_0.772378134451964_0.7724402843349889_SIZE_1_1.1_2
GEN_30_FIT_0.7723614321915929_0.772402630191322_0.7724402843349889_SIZE_1_1.25_2
GEN_31_FIT_0.7723931019862146_0.7724243709362939_0.7724461439950369_SIZE_1_1.6_2
GEN_32_FIT_0.7724266064878892_0.7724397954992861_0.7724461439950369_SIZE_1_1.75_2
GEN_33_FIT_0.7723614321915929_0.7724155795903034_0.7724461439950369_SIZE_1_1.1_2
GEN_34_FIT_0.7724461439950369_0.7724461439950369_0.7724461439950369_SIZE_1_1.0_1
GEN_35_FIT_0.7724461439950369_0.7724465297406322_0.7724538589069441_SIZE_1_1.0_1
GEN_36_FIT_0.7724461439950369_0.7724473012318229_0.7724538589069441_SIZE_1_1.0_1
GEN_37_FIT_0.7724461439950369_0.7724488442142043_0.7724538589069441_SIZE_1_1.0_1
GEN_38_FIT_0.7724538589069441_0.7724538589069441_0.7724538589069441_SIZE_1_1.0_1
GEN_39_FIT_0.7724538589069441_0.7724538589069441_0.7724538589069441_SIZE_1_1.0_1
GEN_40_FIT_0.7724538589069441_0.7724538589069441_0.7724538589069441_SIZE_1_1.0_1
Evaluating in sample:
[GEN_40|make_tuple(9, 29, 201, 311)|0.7725]
Evaluating out-of-sample:
[GEN_40|make_tuple(9, 29, 201, 311)|0.8261]
GEN_41_FIT_0.7724538589069441_0.7724538589069441_0.7724538589069441_SIZE_1_1.0_1
GEN_42_FIT_0.7724538589069441_0.7724538589069441_0.7724538589069441_SIZE_1_1.0_1
GEN_43_FIT_0.7724538589069441_0.7724538589069441_0.7724538589069441_SIZE_1_1.0_1
GEN_44_FIT_0.7724538589069441_0.7724538589069441_0.7724538589069441_SIZE_1_1.0_1
GEN_45_FIT_0.7724538589069441_0.7724538589069441_0.7724538589069441_SIZE_1_1.0_1
GEN_46_FIT_0.7724538589069441_0.7724538589069441_0.7724538589069441_SIZE_1_1.0_1
GEN_47_FIT_0.7724538589069441_0.7724538589069441_0.7724538589069441_SIZE_1_1.0_1
GEN_48_FIT_0.7724538589069441_0.7724538589069441_0.7724538589069441_SIZE_1_1.0_1
GEN_49_FIT_0.7724538589069441_0.7724538589069441_0.7724538589069441_SIZE_1_1.0_1
GEN_50_FIT_0.7724538589069441_0.7724538589069441_0.7724538589069441_SIZE_1_1.0_1
GEN_51_FIT_0.7724538589069441_0.7724538589069441_0.7724538589069441_SIZE_1_1.0_1
GEN_52_FIT_0.7724538589069441_0.7724538589069441_0.7724538589069441_SIZE_1_1.0_1
GEN_53_FIT_0.7724538589069441_0.7724538589069441_0.7724538589069441_SIZE_1_1.0_1
GEN_54_FIT_0.7724538589069441_0.7724538589069441_0.7724538589069441_SIZE_1_1.0_1
GEN_55_FIT_0.7724538589069441_0.7724538589069441_0.7724538589069441_SIZE_1_1.0_1
GEN_56_FIT_0.7724538589069441_0.7724538589069441_0.7724538589069441_SIZE_1_1.0_1
Evaluating in sample:
[GEN_56|make_tuple(9, 29, 201, 311)|0.7725]
Evaluating out-of-sample:
[GEN_56|make_tuple(9, 29, 201, 311)|0.8261]
Stopped early in iteration 56, no improvement in 20 gens.
START_TASK: 11
GEN_0_FIT_0.7112315000745574_0.7256511348327945_0.7522259069828469_SIZE_1_2.25_15
GEN_1_FIT_0.7372326302470029_0.7474233121137002_0.7604758091967876_SIZE_1_1.5_6
GEN_2_FIT_0.7524472251852432_0.7555376130457819_0.7619404519953176_SIZE_1_1.95_7
GEN_3_FIT_0.7579410004267472_0.7598616525275699_0.762358899590928_SIZE_1_2.95_7
GEN_4_FIT_0.7585330170679994_0.7618296168928799_0.7691139049341452_SIZE_1_2.15_5
GEN_5_FIT_0.7593930991210901_0.7662781999744752_0.7691139049341452_SIZE_1_3.4_5
GEN_6_FIT_0.7593930991210901_0.7659950764493273_0.7691218675226184_SIZE_1_2.9_5
GEN_7_FIT_0.7593930991210901_0.7650703278557491_0.7702582452307074_SIZE_1_1.95_4
GEN_8_FIT_0.7596470273789487_0.768836673882773_0.7702582452307074_SIZE_1_2.45_4
GEN_9_FIT_0.7688324424816486_0.7699443177422751_0.7704009661595561_SIZE_1_2.1_3
GEN_10_FIT_0.7694503330998987_0.7701188733992641_0.7704009661595561_SIZE_1_2.05_4
GEN_11_FIT_0.7702962310376719_0.7703988800693377_0.7708185340513526_SIZE_1_2.5_3
GEN_12_FIT_0.7703366750439217_0.7704609256134015_0.7708653836717958_SIZE_1_1.7_3
GEN_13_FIT_0.7704680191319657_0.7706806835205711_0.7710153896540697_SIZE_1_1.9_3
GEN_14_FIT_0.7708653836717958_0.7709611188626438_0.7710153896540697_SIZE_1_1.3_3
GEN_15_FIT_0.7710093242880185_0.7710231218050932_0.7711760980405931_SIZE_1_1.05_2
GEN_16_FIT_0.7710153896540697_0.7710401453661293_0.7711760980405931_SIZE_1_1.15_2
GEN_17_FIT_0.7710183412387137_0.771118705548244_0.7712419512080179_SIZE_1_1.55_2
GEN_18_FIT_0.7710233599872033_0.771197908980074_0.7713520880264556_SIZE_1_1.9_3
GEN_19_FIT_0.7710233599872033_0.7712607173742646_0.7715241834097132_SIZE_1_1.8_3
GEN_20_FIT_0.7712289591723227_0.7713402052473392_0.7715241834097132_SIZE_1_2.35_4
Evaluating in sample:
[GEN_20|make_tuple(9, 346, 193, 309)|0.7712]
[GEN_20|make_tuple(9, mul(249, 0.12227758770830027), 193, 310)|0.7715]
Evaluating out-of-sample:
[GEN_20|make_tuple(9, 346, 193, 309)|0.9012]
[GEN_20|make_tuple(9, mul(249, 0.12227758770830027), 193, 310)|0.9056]
GEN_21_FIT_0.7695014747507672_0.7712418351891774_0.7715241834097132_SIZE_1_1.5_3
GEN_22_FIT_0.7712319107569666_0.7714588838995523_0.7715241834097132_SIZE_1_2.1_3
GEN_23_FIT_0.7712319107569666_0.7714354448455021_0.7716671218145121_SIZE_1_1.65_3
GEN_24_FIT_0.7712998523214575_0.7715177361666965_0.7716671218145121_SIZE_1_1.8_3
GEN_25_FIT_0.7713025524557562_0.7715098355716774_0.7717947879706554_SIZE_1_1.7_3
GEN_26_FIT_0.7713025524557562_0.7713541372749613_0.7717947879706554_SIZE_1_1.15_3
GEN_27_FIT_0.7713055040404001_0.7713303539825083_0.7718025028825627_SIZE_1_1.05_2
GEN_28_FIT_0.7713055040404001_0.7713552039246163_0.7718025028825627_SIZE_1_1.1_2
GEN_29_FIT_0.7713055040404001_0.7713552039246163_0.7718025028825627_SIZE_1_1.1_2
GEN_30_FIT_0.7713055040404001_0.7713552039246163_0.7718025028825627_SIZE_1_1.1_2
GEN_31_FIT_0.7713055040404001_0.7713552039246163_0.7718025028825627_SIZE_1_1.1_2
GEN_32_FIT_0.7713055040404001_0.7713552039246163_0.7718025028825627_SIZE_1_1.1_2
GEN_33_FIT_0.7713055040404001_0.7714052266335811_0.7718025028825627_SIZE_1_1.2_2
GEN_34_FIT_0.7713055040404001_0.7715787689160771_0.7718025028825627_SIZE_1_1.6_3
GEN_35_FIT_0.771472884278302_0.7717860219523498_0.7718025028825627_SIZE_1_1.95_2
GEN_36_FIT_0.771472884278302_0.7717695410221367_0.7718025028825627_SIZE_1_1.9_2
GEN_37_FIT_0.7714811095727871_0.7717703635515851_0.7718025028825627_SIZE_1_1.9_2
GEN_38_FIT_0.7714811095727871_0.7717703635515851_0.7718025028825627_SIZE_1_1.9_2
GEN_39_FIT_0.7714811095727871_0.7717703635515851_0.7718025028825627_SIZE_1_1.9_2
GEN_40_FIT_0.7714811095727871_0.7717706565345877_0.7718083625426104_SIZE_1_1.95_3
Evaluating in sample:
[GEN_40|make_tuple(9, 23, 201, 310)|0.7715]
[GEN_40|make_tuple(9, mul(236, 0.12227758770830027), 201, 310)|0.7718]
[GEN_40|make_tuple(9, mul(236, 0.12227758770830027), 201, add(1, 310))|0.7718]
Evaluating out-of-sample:
[GEN_40|make_tuple(9, 23, 201, 310)|0.8960]
[GEN_40|make_tuple(9, mul(236, 0.12227758770830027), 201, 310)|0.9003]
[GEN_40|make_tuple(9, mul(236, 0.12227758770830027), 201, add(1, 310))|0.9003]
GEN_41_FIT_0.7714811095727871_0.7717548798521012_0.7718083625426104_SIZE_1_1.95_3
GEN_42_FIT_0.7714811095727871_0.7717396891356196_0.7718083625426104_SIZE_1_2.05_3
GEN_43_FIT_0.7714811095727871_0.7716768753886765_0.7718083625426104_SIZE_1_2.1_3
GEN_44_FIT_0.7715621816488674_0.7717954675319186_0.7718083625426104_SIZE_1_2.8_3
GEN_45_FIT_0.7715621816488674_0.7717831584872314_0.7718083625426104_SIZE_1_2.7_3
GEN_46_FIT_0.7715621816488674_0.7717831584872314_0.7718083625426104_SIZE_1_2.7_3
GEN_47_FIT_0.7715621816488674_0.7717831584872314_0.7718083625426104_SIZE_1_2.7_3
GEN_48_FIT_0.7716474219378003_0.7717997295463652_0.7718083625426104_SIZE_1_2.8_3
GEN_49_FIT_0.7716767382753549_0.7718011953632431_0.7718083625426104_SIZE_1_2.8_3
GEN_50_FIT_0.7716767382753549_0.7718011953632431_0.7718083625426104_SIZE_1_2.8_3
GEN_51_FIT_0.7716767382753549_0.7717946141498803_0.7718083625426104_SIZE_1_2.7_3
GEN_52_FIT_0.7716767382753549_0.7717946141498803_0.7718083625426104_SIZE_1_2.7_3
GEN_53_FIT_0.7716767382753549_0.7717946141498803_0.7718083625426104_SIZE_1_2.7_3
GEN_54_FIT_0.7716767382753549_0.7717946141498803_0.7718083625426104_SIZE_1_2.7_3
GEN_55_FIT_0.7718025028825627_0.7718080695596081_0.7718083625426104_SIZE_1_2.9_3
GEN_56_FIT_0.771441041327124_0.7717882385838218_0.7718083625426104_SIZE_1_2.35_3
GEN_57_FIT_0.7716292205689063_0.7717958896478966_0.7718083625426104_SIZE_1_1.35_2
GEN_58_FIT_0.7718025028825627_0.7718030888485675_0.7718083625426104_SIZE_1_1.1_2
GEN_59_FIT_0.7718025028825627_0.7718030888485675_0.7718083625426104_SIZE_1_1.1_2
GEN_60_FIT_0.7718025028825627_0.7718030888485675_0.7718083625426104_SIZE_1_1.1_2
Evaluating in sample:
[GEN_60|make_tuple(9, 29, 201, 310)|0.7718]
[GEN_60|make_tuple(9, 29, 201, add(1, 310))|0.7718]
Evaluating out-of-sample:
[GEN_60|make_tuple(9, 29, 201, 310)|0.9003]
[GEN_60|make_tuple(9, 29, 201, add(1, 310))|0.9003]
GEN_61_FIT_0.7718025028825627_0.7718030888485675_0.7718083625426104_SIZE_1_1.1_2
GEN_62_FIT_0.7718025028825627_0.7718033818315699_0.7718083625426104_SIZE_1_1.1_2
GEN_63_FIT_0.7718025028825627_0.7718033818315699_0.7718083625426104_SIZE_1_1.1_2
GEN_64_FIT_0.7718025028825627_0.7718033818315699_0.7718083625426104_SIZE_1_1.1_2
GEN_65_FIT_0.7718025028825627_0.7718042607805771_0.7718083625426104_SIZE_1_1.1_2
GEN_66_FIT_0.7718025028825627_0.771807190610601_0.7718083625426104_SIZE_1_1.1_2
GEN_67_FIT_0.7718083625426104_0.7718083625426105_0.7718083625426104_SIZE_1_1.0_1
GEN_68_FIT_0.7718083625426104_0.7718083625426105_0.7718083625426104_SIZE_1_1.0_1
GEN_69_FIT_0.7718083625426104_0.7718083625426105_0.7718083625426104_SIZE_1_1.0_1
GEN_70_FIT_0.7718083625426104_0.7718083625426105_0.7718083625426104_SIZE_1_1.0_1
GEN_71_FIT_0.7718083625426104_0.7718083625426105_0.7718083625426104_SIZE_1_1.0_1
GEN_72_FIT_0.7718083625426104_0.7718083625426105_0.7718083625426104_SIZE_1_1.0_1
GEN_73_FIT_0.7718083625426104_0.7718083625426105_0.7718083625426104_SIZE_1_1.0_1
GEN_74_FIT_0.7718083625426104_0.7718083625426105_0.7718083625426104_SIZE_1_1.0_1
GEN_75_FIT_0.7718083625426104_0.7718083625426105_0.7718083625426104_SIZE_1_1.0_1
GEN_76_FIT_0.7718083625426104_0.7718083625426105_0.7718083625426104_SIZE_1_1.0_1
GEN_77_FIT_0.7718083625426104_0.7718083625426105_0.7718083625426104_SIZE_1_1.0_1
GEN_78_FIT_0.7718083625426104_0.7718083625426105_0.7718083625426104_SIZE_1_1.0_1
GEN_79_FIT_0.7718083625426104_0.7718083625426105_0.7718083625426104_SIZE_1_1.0_1
GEN_80_FIT_0.7718083625426104_0.7718083625426105_0.7718083625426104_SIZE_1_1.0_1
Evaluating in sample:
[GEN_80|make_tuple(9, 29, 201, 311)|0.7718]
Evaluating out-of-sample:
[GEN_80|make_tuple(9, 29, 201, 311)|0.9003]
GEN_81_FIT_0.7718083625426104_0.7718083625426105_0.7718083625426104_SIZE_1_1.0_1
GEN_82_FIT_0.7718083625426104_0.7718083625426105_0.7718083625426104_SIZE_1_1.0_1
GEN_83_FIT_0.7718083625426104_0.7718083625426105_0.7718083625426104_SIZE_1_1.0_1
Evaluating in sample:
[GEN_83|make_tuple(9, 29, 201, 311)|0.7718]
Evaluating out-of-sample:
[GEN_83|make_tuple(9, 29, 201, 311)|0.9003]
Stopped early in iteration 83, no improvement in 20 gens.
START_TASK: 12
GEN_0_FIT_0.6834125987339079_0.7094096756866523_0.7467795224588258_SIZE_1_2.45_12
GEN_1_FIT_0.7327673241338293_0.7396745960305393_0.7512019992329343_SIZE_1_1.45_4
GEN_2_FIT_0.746861266728034_0.7509819723464422_0.759543909782869_SIZE_1_1.55_5
GEN_3_FIT_0.7557849148139917_0.7587243620082295_0.7653937100200651_SIZE_1_1.35_5
GEN_4_FIT_0.7600471381704623_0.7653518994428717_0.7702013345075635_SIZE_1_1.4_5
GEN_5_FIT_0.7678155701234699_0.7689135874897824_0.7704757840563962_SIZE_1_1.95_6
GEN_6_FIT_0.7702013345075635_0.770329589954007_0.7709758965128014_SIZE_1_1.0_1
GEN_7_FIT_0.7703998168434901_0.7706599515417686_0.7709758965128014_SIZE_1_1.05_2
GEN_8_FIT_0.770729353451609_0.7710009014771366_0.7712953705749686_SIZE_1_1.05_2
GEN_9_FIT_0.7710171680650899_0.7711782161384767_0.7712953705749686_SIZE_1_1.0_1
GEN_10_FIT_0.7712221208360209_0.7713055617114423_0.771560104793191_SIZE_1_1.15_2
GEN_11_FIT_0.7713243620982709_0.7714415926125299_0.7715861922942611_SIZE_1_1.05_2
GEN_12_FIT_0.771486499098523_0.7715461550870315_0.7716971542210588_SIZE_1_1.0_1
GEN_13_FIT_0.77157862862151_0.7716445291418683_0.7717895044600677_SIZE_1_1.05_2
GEN_14_FIT_0.7717260397200632_0.771736355599027_0.771792922270723_SIZE_1_1.0_1
GEN_15_FIT_0.7717264079689039_0.7717810964756608_0.7720148401944409_SIZE_1_1.05_2
GEN_16_FIT_0.7717895044600677_0.7718666484948875_0.7720247247950156_SIZE_1_1.05_2
GEN_17_FIT_0.7719626979939797_0.7720025991276275_0.7720509190926341_SIZE_1_1.1_2
GEN_18_FIT_0.7720148401944409_0.7720412532299601_0.7721240593001945_SIZE_1_1.2_2
GEN_19_FIT_0.7720247247950156_0.7720795711305459_0.7721353428888384_SIZE_1_1.4_3
GEN_20_FIT_0.7720975194619402_0.7721148274273453_0.7721353428888384_SIZE_1_1.65_3
Evaluating in sample:
[GEN_20|make_tuple(9, 29, 191, 311)|0.7721]
[GEN_20|make_tuple(9, add(add(2, 28), 0.18818038055540243), 191, 311)|0.7721]
Evaluating out-of-sample:
[GEN_20|make_tuple(9, 29, 191, 311)|0.8463]
[GEN_20|make_tuple(9, add(add(2, 28), 0.18818038055540243), 191, 311)|0.8429]
GEN_21_FIT_0.7721071548952306_0.772124906618243_0.7721353428888384_SIZE_1_1.5_3
GEN_22_FIT_0.7721240593001945_0.7721338644150394_0.7722637436538705_SIZE_1_1.5_3
GEN_23_FIT_0.7721240593001945_0.7721494150227304_0.7722637436538705_SIZE_1_1.15_3
GEN_24_FIT_0.7721240593001945_0.7722255426558823_0.7722637436538705_SIZE_1_1.4_3
GEN_25_FIT_0.7722637436538705_0.7722637436538704_0.7722637436538705_SIZE_1_1.0_1
GEN_26_FIT_0.7722637436538705_0.7722637436538704_0.7722637436538705_SIZE_1_1.0_1
GEN_27_FIT_0.7722637436538705_0.7722637436538704_0.7722637436538705_SIZE_1_1.0_1
GEN_28_FIT_0.7722637436538705_0.7722637436538704_0.7722637436538705_SIZE_1_1.0_1
GEN_29_FIT_0.7722637436538705_0.7722637436538704_0.7722637436538705_SIZE_1_1.0_1
GEN_30_FIT_0.7722637436538705_0.7722637436538704_0.7722637436538705_SIZE_1_1.0_1
GEN_31_FIT_0.7722637436538705_0.7722637436538704_0.7722637436538705_SIZE_1_1.0_1
GEN_32_FIT_0.7722637436538705_0.7722637436538704_0.7722637436538705_SIZE_1_1.0_1
GEN_33_FIT_0.7722637436538705_0.7722637436538704_0.7722637436538705_SIZE_1_1.0_1
GEN_34_FIT_0.7722637436538705_0.7722637436538704_0.7722637436538705_SIZE_1_1.0_1
GEN_35_FIT_0.7722637436538705_0.7722637436538704_0.7722637436538705_SIZE_1_1.0_1
GEN_36_FIT_0.7722637436538705_0.7722637436538704_0.7722637436538705_SIZE_1_1.0_1
GEN_37_FIT_0.7722637436538705_0.7722637436538704_0.7722637436538705_SIZE_1_1.0_1
GEN_38_FIT_0.7722637436538705_0.7722637436538704_0.7722637436538705_SIZE_1_1.0_1
GEN_39_FIT_0.7722637436538705_0.7722637436538704_0.7722637436538705_SIZE_1_1.0_1
GEN_40_FIT_0.7722637436538705_0.7722637436538704_0.7722637436538705_SIZE_1_1.0_1
Evaluating in sample:
[GEN_40|make_tuple(9, 29, 201, 311)|0.7723]
Evaluating out-of-sample:
[GEN_40|make_tuple(9, 29, 201, 311)|0.8479]
GEN_41_FIT_0.7722637436538705_0.7722637436538704_0.7722637436538705_SIZE_1_1.0_1
GEN_42_FIT_0.7722637436538705_0.7722637436538704_0.7722637436538705_SIZE_1_1.0_1
GEN_43_FIT_0.7722637436538705_0.7722637436538704_0.7722637436538705_SIZE_1_1.0_1
Evaluating in sample:
[GEN_43|make_tuple(9, 29, 201, 311)|0.7723]
Evaluating out-of-sample:
[GEN_43|make_tuple(9, 29, 201, 311)|0.8479]
Stopped early in iteration 43, no improvement in 20 gens.
START_TASK: 14
GEN_0_FIT_0.6607282158134585_0.700078141284163_0.735092108805586_SIZE_1_4.8_17
GEN_1_FIT_0.7233954987174632_0.7351139655153369_0.7511508592996927_SIZE_1_7.35_16
GEN_2_FIT_0.7337300255248529_0.7485942078492271_0.7625001949436916_SIZE_1_3.5_16
GEN_3_FIT_0.7511508592996927_0.7583634374746551_0.7650584745524075_SIZE_1_2.4_7
GEN_4_FIT_0.7632319114008499_0.7656245280098074_0.7711185519201035_SIZE_1_1.45_4
GEN_5_FIT_0.7655991489450118_0.7684430487978048_0.7714143404059844_SIZE_1_1.15_2
GEN_6_FIT_0.769467017895928_0.7705410203070904_0.7714693820937402_SIZE_1_1.3_3
GEN_7_FIT_0.7711185519201035_0.7712649531524928_0.7714693820937402_SIZE_1_1.05_2
GEN_8_FIT_0.7714143404059844_0.7714321079380453_0.7714693820937402_SIZE_1_1.0_1
GEN_9_FIT_0.7714693820937402_0.7714869378829874_0.7716312700732378_SIZE_1_1.0_1
GEN_10_FIT_0.7714693820937402_0.7715303421805593_0.7716312700732378_SIZE_1_1.05_2
GEN_11_FIT_0.7716294199344774_0.7716586949549586_0.7720847750119474_SIZE_1_1.1_2
GEN_12_FIT_0.7716312700732378_0.7717559039203377_0.7720847750119474_SIZE_1_1.05_2
GEN_13_FIT_0.771686895981456_0.771945303132797_0.7721345194562499_SIZE_1_1.05_2
GEN_14_FIT_0.7720847750119474_0.7720942999852997_0.772146472399762_SIZE_1_1.15_3
GEN_15_FIT_0.7720886952845676_0.7721250846431204_0.7721787193992574_SIZE_1_1.85_4
GEN_16_FIT_0.7721037905503156_0.7721525736359969_0.7722430863065624_SIZE_1_1.35_4
GEN_17_FIT_0.7721345194562499_0.7721953400893089_0.7722430863065624_SIZE_1_1.4_4
GEN_18_FIT_0.7721787193992574_0.7722146717056236_0.7722512334940284_SIZE_1_1.45_4
GEN_19_FIT_0.7722189185087166_0.7722418188700079_0.7722692827315623_SIZE_1_1.3_4
GEN_20_FIT_0.7722363500278513_0.7722521020801679_0.7722791108305765_SIZE_1_1.6_4
Evaluating in sample:
[GEN_20|make_tuple(9, 30, 191, 309)|0.7723]
Evaluating out-of-sample:
[GEN_20|make_tuple(9, 30, 191, 309)|0.8227]
GEN_21_FIT_0.772264344494015_0.7722725667663757_0.7722840490681238_SIZE_1_1.3_2
GEN_22_FIT_0.7722791108305765_0.7722825391890658_0.7723238519275643_SIZE_1_1.0_1
GEN_23_FIT_0.7722791108305765_0.7722872470207125_0.7723238519275643_SIZE_1_1.2_2
GEN_24_FIT_0.7722840490681238_0.7722940274587261_0.772389320147388_SIZE_1_1.1_2
GEN_25_FIT_0.7722840490681238_0.7722971355513811_0.772389320147388_SIZE_1_1.1_2
GEN_26_FIT_0.7722840490681238_0.7723239948778138_0.772389320147388_SIZE_1_1.15_2
GEN_27_FIT_0.7723238519275643_0.7723826072522986_0.7723980345325699_SIZE_1_1.2_2
GEN_28_FIT_0.772389320147388_0.7723901915859063_0.7723980345325699_SIZE_1_1.1_2
GEN_29_FIT_0.772389320147388_0.7723901915859063_0.7723980345325699_SIZE_1_1.1_2
GEN_30_FIT_0.772389320147388_0.7723898167865209_0.7723992529300447_SIZE_1_1.05_2
GEN_31_FIT_0.772389320147388_0.7723903134256537_0.7723992529300447_SIZE_1_1.1_2
GEN_32_FIT_0.772389320147388_0.7723903134256537_0.7723992529300447_SIZE_1_1.1_2
GEN_33_FIT_0.772389320147388_0.7723903134256537_0.7723992529300447_SIZE_1_1.1_2
GEN_34_FIT_0.772389320147388_0.7723903134256537_0.7723992529300447_SIZE_1_1.1_2
GEN_35_FIT_0.772389320147388_0.7723903134256537_0.7723992529300447_SIZE_1_1.1_2
GEN_36_FIT_0.772389320147388_0.7723903134256537_0.7723992529300447_SIZE_1_1.1_2
GEN_37_FIT_0.772389320147388_0.7723903134256537_0.7723992529300447_SIZE_1_1.1_2
GEN_38_FIT_0.772389320147388_0.7723903134256537_0.7723992529300447_SIZE_1_1.1_2
GEN_39_FIT_0.772389320147388_0.7723903134256537_0.7723992529300447_SIZE_1_1.1_2
GEN_40_FIT_0.772389320147388_0.7723903134256537_0.7723992529300447_SIZE_1_1.1_2
Evaluating in sample:
[GEN_40|make_tuple(9, 29, 201, 309)|0.7724]
[GEN_40|make_tuple(9, 29, 201, add(309, 2))|0.7724]
Evaluating out-of-sample:
[GEN_40|make_tuple(9, 29, 201, 309)|0.8324]
[GEN_40|make_tuple(9, 29, 201, add(309, 2))|0.8324]
GEN_41_FIT_0.772389320147388_0.7723903134256537_0.7723992529300447_SIZE_1_1.1_2
GEN_42_FIT_0.772389320147388_0.7723903134256537_0.7723992529300447_SIZE_1_1.1_2
GEN_43_FIT_0.772389320147388_0.7723903134256537_0.7723992529300447_SIZE_1_1.1_2
GEN_44_FIT_0.772389320147388_0.7723903134256537_0.7723992529300447_SIZE_1_1.1_2
GEN_45_FIT_0.772389320147388_0.7723903134256537_0.7723992529300447_SIZE_1_1.1_2
GEN_46_FIT_0.772389320147388_0.7723903134256537_0.7723992529300447_SIZE_1_1.1_2
GEN_47_FIT_0.772389320147388_0.7723903134256537_0.7723992529300447_SIZE_1_1.1_2
GEN_48_FIT_0.772389320147388_0.7723903134256537_0.7723992529300447_SIZE_1_1.1_2
GEN_49_FIT_0.772389320147388_0.7723903134256537_0.7723992529300447_SIZE_1_1.1_2
GEN_50_FIT_0.772389320147388_0.7723903134256537_0.7723992529300447_SIZE_1_1.1_2
GEN_51_FIT_0.772389320147388_0.7723903134256537_0.7723992529300447_SIZE_1_1.1_2
Evaluating in sample:
[GEN_51|make_tuple(9, 29, 201, 309)|0.7724]
[GEN_51|make_tuple(9, 29, 201, add(309, 2))|0.7724]
Evaluating out-of-sample:
[GEN_51|make_tuple(9, 29, 201, 309)|0.8324]
[GEN_51|make_tuple(9, 29, 201, add(309, 2))|0.8324]
Stopped early in iteration 51, no improvement in 20 gens.
START_TASK: 15
GEN_0_FIT_0.6561669138620689_0.7100703089217523_0.7705523873108047_SIZE_1_4.3_16
GEN_1_FIT_0.7505917353288163_0.7592117641284676_0.7705523873108047_SIZE_1_1.1_2
GEN_2_FIT_0.769040062593973_0.7702368769987149_0.7708614233846527_SIZE_1_1.35_2
GEN_3_FIT_0.7704487744959495_0.7706043430746704_0.770897411944312_SIZE_1_1.15_2
GEN_4_FIT_0.7706022872810454_0.7709068140372386_0.7711723837727339_SIZE_1_1.2_3
GEN_5_FIT_0.7710391441131621_0.7711205033057208_0.771860211667472_SIZE_1_1.1_2
GEN_6_FIT_0.7711723837727339_0.7714033897727903_0.7720091243455239_SIZE_1_1.35_3
GEN_7_FIT_0.7717799013295976_0.7719094687981155_0.7722762071637131_SIZE_1_1.55_3
GEN_8_FIT_0.7719175600905477_0.7720259549716616_0.7723068157958008_SIZE_1_1.15_2
GEN_9_FIT_0.772014320338119_0.7721403464415066_0.7723068157958008_SIZE_1_1.15_2
GEN_10_FIT_0.7721684984354229_0.7722825997811752_0.7723702897680244_SIZE_1_1.1_2
GEN_11_FIT_0.7723068157958008_0.7723348310664239_0.7725062804806294_SIZE_1_1.1_2
GEN_12_FIT_0.7723702897680244_0.7724421964817818_0.7725665162057072_SIZE_1_1.2_2
GEN_13_FIT_0.7725062804806294_0.772539935287167_0.7727312372730522_SIZE_1_1.1_2
GEN_14_FIT_0.7725062804806294_0.772618139893542_0.7727312372730522_SIZE_1_1.45_2
GEN_15_FIT_0.7725989347385505_0.7727037328539661_0.7728340733252961_SIZE_1_1.2_2
GEN_16_FIT_0.77270116936011_0.7727675026332128_0.7728482964195176_SIZE_1_1.25_2
GEN_17_FIT_0.7727849738411909_0.7728399747627221_0.7729187851287401_SIZE_1_1.3_2
GEN_18_FIT_0.7728482964195176_0.7728597249564892_0.7729187851287401_SIZE_1_1.15_3
GEN_19_FIT_0.7728482964195176_0.7728886699148079_0.7729187851287401_SIZE_1_1.3_3
GEN_20_FIT_0.7728951748627876_0.7728975358893828_0.7729187851287401_SIZE_1_1.1_2
Evaluating in sample:
[GEN_20|make_tuple(9, 26, 199, 364)|0.7729]
[GEN_20|make_tuple(9, 29, 199, sub(364, 53))|0.7729]
Evaluating out-of-sample:
[GEN_20|make_tuple(9, 26, 199, 364)|0.7717]
[GEN_20|make_tuple(9, 29, 199, sub(364, 53))|0.7717]
GEN_21_FIT_0.7728951748627876_0.772899896915978_0.7729187851287401_SIZE_1_1.2_2
GEN_22_FIT_0.7728951748627876_0.7729057994824663_0.7729187851287401_SIZE_1_1.45_2
GEN_23_FIT_0.7728951748627876_0.7729164241021447_0.7729187851287401_SIZE_1_1.9_2
GEN_24_FIT_0.7728951748627876_0.7729164241021447_0.7729187851287401_SIZE_1_1.9_2
GEN_25_FIT_0.7728951748627876_0.7729164241021447_0.7729187851287401_SIZE_1_1.9_2
GEN_26_FIT_0.7728951748627876_0.7729164241021447_0.7729187851287401_SIZE_1_1.9_2
GEN_27_FIT_0.7728951748627876_0.7729164241021447_0.7729187851287401_SIZE_1_1.9_2
GEN_28_FIT_0.7728951748627876_0.7729164241021447_0.7729187851287401_SIZE_1_1.9_2
GEN_29_FIT_0.7728951748627876_0.7729164241021447_0.7729187851287401_SIZE_1_1.9_2
GEN_30_FIT_0.7728951748627876_0.7729164241021447_0.7729187851287401_SIZE_1_1.9_2
GEN_31_FIT_0.7728951748627876_0.7729164241021447_0.7729187851287401_SIZE_1_1.9_2
GEN_32_FIT_0.7728951748627876_0.7729164241021447_0.7729187851287401_SIZE_1_1.9_2
GEN_33_FIT_0.7728951748627876_0.7729164241021447_0.7729187851287401_SIZE_1_1.9_2
GEN_34_FIT_0.7728951748627876_0.7729164241021447_0.7729187851287401_SIZE_1_1.9_2
GEN_35_FIT_0.7728951748627876_0.7729164241021447_0.7729187851287401_SIZE_1_1.9_2
GEN_36_FIT_0.7728951748627876_0.7729164241021447_0.7729187851287401_SIZE_1_1.9_2
GEN_37_FIT_0.7728951748627876_0.7729164241021447_0.7729187851287401_SIZE_1_1.9_2
GEN_38_FIT_0.7728951748627876_0.7729164241021447_0.7729187851287401_SIZE_1_1.9_2
Evaluating in sample:
[GEN_38|make_tuple(9, 26, 199, 364)|0.7729]
[GEN_38|make_tuple(9, 29, 199, sub(364, 53))|0.7729]
Evaluating out-of-sample:
[GEN_38|make_tuple(9, 26, 199, 364)|0.7717]
[GEN_38|make_tuple(9, 29, 199, sub(364, 53))|0.7717]
Stopped early in iteration 38, no improvement in 20 gens.
START_TASK: 16
