Starting problem: mlr_knn
param:age_regularization:100000.0
param:algorithm:mupluslambda
param:constants_only:True
param:cxpb:0.25
param:early_stop_n:20
param:lambda_:100
param:max_number_operators:None
param:max_start_size:2
param:mu:20
param:ngen:300
param:optimize_constants:False
param:output_file:/home/gijsbers/symbolicdefaults/runs/mlr_knn_True_19.log
param:problem:mlr_knn
param:subset:1.0
param:task:None
param:warm_start:False
Benchmark problems: mlr_knn
Loading surrogates from file.
START_TASK: 3
GEN_0_FIT_0.6680907781650716_0.714292407022578_0.7639103918855814_SIZE_1_3.3_15
GEN_1_FIT_0.7507080147544959_0.756308308688143_0.7655926502922124_SIZE_1_1.45_7
GEN_2_FIT_0.7639103918855814_0.7652531261770892_0.7687228792907693_SIZE_1_1.15_2
GEN_3_FIT_0.7661432061335387_0.7680307067343894_0.7712786724981943_SIZE_1_1.25_2
GEN_4_FIT_0.7693865307635188_0.770304376429137_0.7712786724981943_SIZE_1_1.05_2
GEN_5_FIT_0.7706028309949886_0.7710723362140979_0.7712786724981943_SIZE_1_1.1_2
GEN_6_FIT_0.7712786724981943_0.771281119112361_0.7713237641033351_SIZE_1_1.05_2
GEN_7_FIT_0.7712786724981943_0.7713064154046068_0.7714149589262049_SIZE_1_1.15_2
GEN_8_FIT_0.7713181721362171_0.7713645356919051_0.7714149589262049_SIZE_1_1.15_2
GEN_9_FIT_0.7713729916365503_0.7714071642971877_0.7714696880374458_SIZE_1_1.15_2
GEN_10_FIT_0.7714149589262049_0.7714347275363853_0.7714696880374458_SIZE_1_1.1_2
GEN_11_FIT_0.7714696880374458_0.771470301458692_0.7714758681725757_SIZE_1_1.1_3
GEN_12_FIT_0.7714696880374458_0.7714712238866948_0.7714758681725757_SIZE_1_1.2_3
GEN_13_FIT_0.7714696880374458_0.7714762089925454_0.7715444859232709_SIZE_1_1.1_2
GEN_14_FIT_0.7714758681725757_0.7714916270318185_0.7715444859232709_SIZE_1_1.0_1
GEN_15_FIT_0.7714758681725757_0.7715290842087537_0.7715444859232709_SIZE_1_1.05_2
GEN_16_FIT_0.7715444859232709_0.7715444859232707_0.7715444859232709_SIZE_1_1.0_1
GEN_17_FIT_0.7715444859232709_0.7715444859232707_0.7715444859232709_SIZE_1_1.0_1
GEN_18_FIT_0.7715444859232709_0.7715444859232707_0.7715444859232709_SIZE_1_1.0_1
GEN_19_FIT_0.7715444859232709_0.7715444859232707_0.7715444859232709_SIZE_1_1.0_1
GEN_20_FIT_0.7715444859232709_0.7715444859232707_0.7715444859232709_SIZE_1_1.0_1
Evaluating in sample:
[GEN_20|make_tuple(9, 104, 201, 311)|0.7715]
Evaluating out-of-sample:
[GEN_20|make_tuple(9, 104, 201, 311)|0.8734]
GEN_21_FIT_0.7715444859232709_0.7715444859232707_0.7715444859232709_SIZE_1_1.0_1
GEN_22_FIT_0.7715444859232709_0.7715548436695396_0.7717516408486508_SIZE_1_1.0_1
GEN_23_FIT_0.7715444859232709_0.771605121400377_0.7717516408486508_SIZE_1_1.0_1
GEN_24_FIT_0.7717214208384965_0.7717501298481431_0.7717516408486508_SIZE_1_1.05_2
GEN_25_FIT_0.7717516408486508_0.7717629906475356_0.7719122422511318_SIZE_1_1.05_2
GEN_26_FIT_0.7717516408486508_0.7718185327602575_0.7719122422511318_SIZE_1_1.4_3
GEN_27_FIT_0.7718099895458527_0.7718253274516446_0.7719122422511318_SIZE_1_1.1_2
GEN_28_FIT_0.7718099895458527_0.7718304400869085_0.7719122422511318_SIZE_1_1.1_2
GEN_29_FIT_0.7718099895458527_0.7718508906279643_0.7719122422511318_SIZE_1_1.1_2
GEN_30_FIT_0.7719122422511318_0.7719122422511318_0.7719122422511318_SIZE_1_1.0_1
GEN_31_FIT_0.7719122422511318_0.7719122422511318_0.7719122422511318_SIZE_1_1.0_1
GEN_32_FIT_0.7719122422511318_0.7719122422511318_0.7719122422511318_SIZE_1_1.0_1
GEN_33_FIT_0.7719122422511318_0.7719122422511318_0.7719122422511318_SIZE_1_1.0_1
GEN_34_FIT_0.7719122422511318_0.7719122422511318_0.7719122422511318_SIZE_1_1.0_1
GEN_35_FIT_0.7719122422511318_0.7719122422511318_0.7719122422511318_SIZE_1_1.0_1
GEN_36_FIT_0.7719122422511318_0.7719122422511318_0.7719122422511318_SIZE_1_1.0_1
GEN_37_FIT_0.7719122422511318_0.7719122422511318_0.7719122422511318_SIZE_1_1.0_1
GEN_38_FIT_0.7719122422511318_0.7719122422511318_0.7719122422511318_SIZE_1_1.0_1
GEN_39_FIT_0.7719122422511318_0.7719122422511318_0.7719122422511318_SIZE_1_1.0_1
GEN_40_FIT_0.7719122422511318_0.7719122422511318_0.7719122422511318_SIZE_1_1.0_1
Evaluating in sample:
[GEN_40|make_tuple(9, 29, 201, 311)|0.7719]
Evaluating out-of-sample:
[GEN_40|make_tuple(9, 29, 201, 311)|0.8884]
GEN_41_FIT_0.7719122422511318_0.7719122422511318_0.7719122422511318_SIZE_1_1.0_1
GEN_42_FIT_0.7719122422511318_0.7719122422511318_0.7719122422511318_SIZE_1_1.0_1
GEN_43_FIT_0.7719122422511318_0.7719122422511318_0.7719122422511318_SIZE_1_1.0_1
GEN_44_FIT_0.7719122422511318_0.7719122422511318_0.7719122422511318_SIZE_1_1.0_1
GEN_45_FIT_0.7719122422511318_0.7719122422511318_0.7719122422511318_SIZE_1_1.0_1
GEN_46_FIT_0.7719122422511318_0.7719122422511318_0.7719122422511318_SIZE_1_1.0_1
GEN_47_FIT_0.7719122422511318_0.7719122422511318_0.7719122422511318_SIZE_1_1.0_1
GEN_48_FIT_0.7719122422511318_0.7719122422511318_0.7719122422511318_SIZE_1_1.0_1
Evaluating in sample:
[GEN_48|make_tuple(9, 29, 201, 311)|0.7719]
Evaluating out-of-sample:
[GEN_48|make_tuple(9, 29, 201, 311)|0.8884]
Stopped early in iteration 48, no improvement in 20 gens.
START_TASK: 6
GEN_0_FIT_0.6032771110133909_0.6791156251342237_0.7540044237666167_SIZE_1_3.05_13
GEN_1_FIT_0.7277919840700069_0.7431700893556559_0.7553764821328958_SIZE_1_1.3_2
GEN_2_FIT_0.7501504460372941_0.7551629525275136_0.7671941025818607_SIZE_1_1.35_2
GEN_3_FIT_0.7562485282349235_0.7620653522944434_0.7674800233604879_SIZE_1_1.25_2
GEN_4_FIT_0.7667242423016475_0.767523614777856_0.7695773090422451_SIZE_1_1.1_2
GEN_5_FIT_0.7676088359765796_0.7692517482552871_0.7710920437982861_SIZE_1_1.25_3
GEN_6_FIT_0.7709208674649475_0.7710053284233636_0.7710920437982861_SIZE_1_1.1_2
GEN_7_FIT_0.7710341740593714_0.7710979843122765_0.7711641531240803_SIZE_1_1.05_2
GEN_8_FIT_0.7711071761410133_0.7711382056956126_0.7712635474217543_SIZE_1_1.1_2
GEN_9_FIT_0.7711486636744402_0.7712132378523217_0.7714954424273095_SIZE_1_1.05_2
GEN_10_FIT_0.7712635474217543_0.7713200270288695_0.7714954424273095_SIZE_1_1.0_1
GEN_11_FIT_0.7713250190672366_0.7713894609347434_0.7714954424273095_SIZE_1_1.05_2
GEN_12_FIT_0.771477007387064_0.7715098436649568_0.7718438552598418_SIZE_1_1.15_2
GEN_13_FIT_0.7714954424273095_0.7716178871990781_0.7718538608674897_SIZE_1_1.05_2
GEN_14_FIT_0.7717958456923107_0.7718419550618476_0.7718538608674897_SIZE_1_1.05_2
GEN_15_FIT_0.7718438552598418_0.7718464688808622_0.7718538608674897_SIZE_1_1.05_2
GEN_16_FIT_0.7718438552598418_0.7718508591851954_0.7718538608674897_SIZE_1_1.05_2
GEN_17_FIT_0.7718538608674897_0.7718538608674896_0.7718538608674897_SIZE_1_1.0_1
GEN_18_FIT_0.7718538608674897_0.7718538608674896_0.7718538608674897_SIZE_1_1.0_1
GEN_19_FIT_0.7718538608674897_0.7718538608674896_0.7718538608674897_SIZE_1_1.0_1
GEN_20_FIT_0.7718538608674897_0.7718569110968272_0.7719148654542375_SIZE_1_1.0_1
Evaluating in sample:
[GEN_20|make_tuple(9, 30, 179, 311)|0.7719]
Evaluating out-of-sample:
[GEN_20|make_tuple(9, 30, 179, 311)|0.8268]
GEN_21_FIT_0.7718538608674897_0.7718622554913234_0.7719607487574147_SIZE_1_1.0_1
GEN_22_FIT_0.7718538608674897_0.7718754898451768_0.7719607487574147_SIZE_1_1.0_1
GEN_23_FIT_0.7718538608674897_0.7719108572197232_0.7719607487574147_SIZE_1_1.05_2
GEN_24_FIT_0.7719148654542375_0.7719500826645445_0.7719861210800865_SIZE_1_1.1_2
GEN_25_FIT_0.7719607487574147_0.7719712066366389_0.7720195120354622_SIZE_1_1.05_2
GEN_26_FIT_0.7719607487574147_0.7719895824448122_0.7720195120354622_SIZE_1_1.1_2
GEN_27_FIT_0.7719861210800865_0.7720198932533793_0.7720934313882326_SIZE_1_1.05_2
GEN_28_FIT_0.7720195120354622_0.7720269039707391_0.7720934313882326_SIZE_1_1.0_1
GEN_29_FIT_0.7720195120354622_0.7720509578622208_0.7722514799507989_SIZE_1_1.05_2
GEN_30_FIT_0.7720195120354622_0.7721062000262899_0.7722514799507989_SIZE_1_1.1_2
GEN_31_FIT_0.7720934313882326_0.7721482114513396_0.7722514799507989_SIZE_1_1.1_2
GEN_32_FIT_0.7721984379419767_0.7722256528839824_0.7723668177883164_SIZE_1_1.0_1
GEN_33_FIT_0.7722514799507989_0.7722764726166531_0.7723668177883164_SIZE_1_1.0_1
GEN_34_FIT_0.7722539249835704_0.772326917570952_0.7724538589069441_SIZE_1_1.0_1
GEN_35_FIT_0.7723668177883164_0.7723838402664467_0.7724538589069441_SIZE_1_1.05_2
GEN_36_FIT_0.7723668177883164_0.7724119302635846_0.7724538589069441_SIZE_1_1.05_2
GEN_37_FIT_0.7724538589069441_0.7724538589069441_0.7724538589069441_SIZE_1_1.0_1
GEN_38_FIT_0.7724538589069441_0.7724538589069441_0.7724538589069441_SIZE_1_1.0_1
GEN_39_FIT_0.7724538589069441_0.7724538589069441_0.7724538589069441_SIZE_1_1.0_1
GEN_40_FIT_0.7724538589069441_0.7724538589069441_0.7724538589069441_SIZE_1_1.0_1
Evaluating in sample:
[GEN_40|make_tuple(9, 29, 201, 311)|0.7725]
Evaluating out-of-sample:
[GEN_40|make_tuple(9, 29, 201, 311)|0.8261]
GEN_41_FIT_0.7724538589069441_0.7724538589069441_0.7724538589069441_SIZE_1_1.0_1
GEN_42_FIT_0.7724538589069441_0.7724538589069441_0.7724538589069441_SIZE_1_1.0_1
GEN_43_FIT_0.7724538589069441_0.7724538589069441_0.7724538589069441_SIZE_1_1.0_1
GEN_44_FIT_0.7724538589069441_0.7724538589069441_0.7724538589069441_SIZE_1_1.0_1
GEN_45_FIT_0.7724538589069441_0.7724538589069441_0.7724538589069441_SIZE_1_1.0_1
GEN_46_FIT_0.7724538589069441_0.7724538589069441_0.7724538589069441_SIZE_1_1.0_1
GEN_47_FIT_0.7724538589069441_0.7724538589069441_0.7724538589069441_SIZE_1_1.0_1
GEN_48_FIT_0.7724538589069441_0.7724538589069441_0.7724538589069441_SIZE_1_1.0_1
GEN_49_FIT_0.7724538589069441_0.7724538589069441_0.7724538589069441_SIZE_1_1.0_1
GEN_50_FIT_0.7724538589069441_0.7724538589069441_0.7724538589069441_SIZE_1_1.0_1
GEN_51_FIT_0.7724538589069441_0.7724538589069441_0.7724538589069441_SIZE_1_1.0_1
GEN_52_FIT_0.7724538589069441_0.7724538589069441_0.7724538589069441_SIZE_1_1.0_1
GEN_53_FIT_0.7724538589069441_0.7724538589069441_0.7724538589069441_SIZE_1_1.0_1
GEN_54_FIT_0.7724538589069441_0.7724538589069441_0.7724538589069441_SIZE_1_1.0_1
GEN_55_FIT_0.7724538589069441_0.7724538589069441_0.7724538589069441_SIZE_1_1.0_1
Evaluating in sample:
[GEN_55|make_tuple(9, 29, 201, 311)|0.7725]
Evaluating out-of-sample:
[GEN_55|make_tuple(9, 29, 201, 311)|0.8261]
Stopped early in iteration 55, no improvement in 20 gens.
START_TASK: 11
GEN_0_FIT_0.6782910233381_0.7140421468069821_0.7561309900076851_SIZE_1_4.5_14
GEN_1_FIT_0.7500390216444184_0.7527866884491055_0.7620832975399355_SIZE_1_2.55_5
GEN_2_FIT_0.7537197557973911_0.7580628203920761_0.7667800333355628_SIZE_1_2.6_5
GEN_3_FIT_0.755627003183912_0.7618222212630815_0.7699004878176796_SIZE_1_2.1_4
GEN_4_FIT_0.757645355922765_0.7648892118435262_0.7707709525181544_SIZE_1_1.5_3
GEN_5_FIT_0.7693683305946906_0.770189180683156_0.7708930061130858_SIZE_1_1.6_3
GEN_6_FIT_0.7704142639298224_0.7707929983474936_0.7711841728448241_SIZE_1_1.25_2
GEN_7_FIT_0.770861087842064_0.7710407609922292_0.7712454457178044_SIZE_1_1.25_3
GEN_8_FIT_0.7711841728448241_0.7711872364884732_0.7712454457178044_SIZE_1_1.0_1
GEN_9_FIT_0.7711841728448241_0.7712088274326547_0.7713709002365325_SIZE_1_1.05_2
GEN_10_FIT_0.7711841728448241_0.7712647462898776_0.7713776393490446_SIZE_1_1.15_2
GEN_11_FIT_0.7712454457178044_0.7713543289889857_0.7714052807499472_SIZE_1_1.35_3
GEN_12_FIT_0.7713709002365325_0.771393550278335_0.7714052807499472_SIZE_1_1.45_3
GEN_13_FIT_0.7713776393490446_0.7714150448736021_0.7715274040595549_SIZE_1_1.2_3
GEN_14_FIT_0.7714052807499472_0.7714487614598293_0.7715686621272387_SIZE_1_1.25_4
GEN_15_FIT_0.7714814355665185_0.7715301513568471_0.7716300404187681_SIZE_1_1.65_4
GEN_16_FIT_0.7714987513675767_0.7715716323186527_0.7716891387705026_SIZE_1_1.2_2
GEN_17_FIT_0.7715865673677506_0.7716506369700017_0.7718006476307032_SIZE_1_1.2_2
GEN_18_FIT_0.7716863739693579_0.7717044919035146_0.7718006476307032_SIZE_1_1.45_2
GEN_19_FIT_0.7716891387705026_0.7717678305918095_0.7718006476307032_SIZE_1_1.1_2
GEN_20_FIT_0.7718006476307032_0.7718006476307033_0.7718006476307032_SIZE_1_1.0_1
Evaluating in sample:
[GEN_20|make_tuple(9, 29, 199, 311)|0.7718]
Evaluating out-of-sample:
[GEN_20|make_tuple(9, 29, 199, 311)|0.9003]
GEN_21_FIT_0.7718006476307032_0.7718006476307033_0.7718006476307032_SIZE_1_1.0_1
GEN_22_FIT_0.7718006476307032_0.7718006476307033_0.7718006476307032_SIZE_1_1.0_1
GEN_23_FIT_0.7718006476307032_0.7718006476307033_0.7718006476307032_SIZE_1_1.0_1
GEN_24_FIT_0.7718006476307032_0.7718006476307033_0.7718006476307032_SIZE_1_1.0_1
GEN_25_FIT_0.7718006476307032_0.7718006476307033_0.7718006476307032_SIZE_1_1.0_1
GEN_26_FIT_0.7718006476307032_0.7718006476307033_0.7718006476307032_SIZE_1_1.0_1
GEN_27_FIT_0.7718006476307032_0.7718006476307033_0.7718006476307032_SIZE_1_1.0_1
GEN_28_FIT_0.7718006476307032_0.7718006476307033_0.7718006476307032_SIZE_1_1.0_1
GEN_29_FIT_0.7718006476307032_0.7718006476307033_0.7718006476307032_SIZE_1_1.0_1
GEN_30_FIT_0.7718006476307032_0.7718006476307033_0.7718006476307032_SIZE_1_1.0_1
GEN_31_FIT_0.7718006476307032_0.7718006476307033_0.7718006476307032_SIZE_1_1.0_1
GEN_32_FIT_0.7718006476307032_0.7718006476307033_0.7718006476307032_SIZE_1_1.0_1
GEN_33_FIT_0.7718006476307032_0.7718006476307033_0.7718006476307032_SIZE_1_1.0_1
GEN_34_FIT_0.7718006476307032_0.7718006476307033_0.7718006476307032_SIZE_1_1.0_1
GEN_35_FIT_0.7718006476307032_0.7718006476307033_0.7718006476307032_SIZE_1_1.0_1
GEN_36_FIT_0.7718006476307032_0.7718006476307033_0.7718006476307032_SIZE_1_1.0_1
GEN_37_FIT_0.7718006476307032_0.7718006476307033_0.7718006476307032_SIZE_1_1.0_1
GEN_38_FIT_0.7718006476307032_0.7718006476307033_0.7718006476307032_SIZE_1_1.0_1
Evaluating in sample:
[GEN_38|make_tuple(9, 29, 199, 311)|0.7718]
Evaluating out-of-sample:
[GEN_38|make_tuple(9, 29, 199, 311)|0.9003]
Stopped early in iteration 38, no improvement in 20 gens.
START_TASK: 12
GEN_0_FIT_0.6303584195534061_0.6742886534281228_0.7290733261772209_SIZE_1_2.6_14
GEN_1_FIT_0.7001470577554466_0.7200154724223237_0.7551010033416066_SIZE_1_1.75_4
GEN_2_FIT_0.7290733261772209_0.7447680166224238_0.7551010033416066_SIZE_1_1.65_3
GEN_3_FIT_0.749399650644189_0.7535827148743699_0.7683960219401035_SIZE_1_1.7_3
GEN_4_FIT_0.7547680283454552_0.7609029776911548_0.7708013118752126_SIZE_1_1.4_3
GEN_5_FIT_0.7684599514501984_0.7692225874826701_0.7708013118752126_SIZE_1_1.5_3
GEN_6_FIT_0.7694979444718085_0.7703433659521572_0.7713311934489617_SIZE_1_1.8_3
GEN_7_FIT_0.7702554876521156_0.7706138996801193_0.7713311934489617_SIZE_1_1.7_3
GEN_8_FIT_0.7702554876521156_0.7709832900230661_0.7713636926987444_SIZE_1_2.1_3
GEN_9_FIT_0.770393179175038_0.7711499104534323_0.7714846394408079_SIZE_1_1.8_3
GEN_10_FIT_0.7712988955147737_0.7713906374847809_0.7714846394408079_SIZE_1_1.7_3
GEN_11_FIT_0.7713636926987444_0.7714461645079111_0.7715190777015832_SIZE_1_1.45_3
GEN_12_FIT_0.7715171386905905_0.7715229011599068_0.7716091199450027_SIZE_1_1.0_1
GEN_13_FIT_0.7715190777015832_0.7715325840380962_0.7716091199450027_SIZE_1_1.0_1
GEN_14_FIT_0.7715190777015832_0.771564098823293_0.7716091199450027_SIZE_1_1.0_1
GEN_15_FIT_0.7716091199450027_0.7716091199450028_0.7716091199450027_SIZE_1_1.0_1
GEN_16_FIT_0.7716091199450027_0.7716123699513666_0.7716741200722791_SIZE_1_1.0_1
GEN_17_FIT_0.7716091199450027_0.7716339023469424_0.7717797673474129_SIZE_1_1.1_2
GEN_18_FIT_0.7716091199450027_0.7716822495018506_0.7717797673474129_SIZE_1_1.1_2
GEN_19_FIT_0.7717276590422943_0.7717753225754727_0.7717797673474129_SIZE_1_1.1_2
GEN_20_FIT_0.7717797673474129_0.7717943127918995_0.7720706762371442_SIZE_1_1.0_1
Evaluating in sample:
[GEN_20|make_tuple(9, 30, 198, 312)|0.7721]
Evaluating out-of-sample:
[GEN_20|make_tuple(9, 30, 198, 312)|0.8462]
GEN_21_FIT_0.7717797673474129_0.7718159845035208_0.7720706762371442_SIZE_1_1.0_1
GEN_22_FIT_0.7717797673474129_0.771935170234541_0.7720950739404762_SIZE_1_1.05_2
GEN_23_FIT_0.7720706762371442_0.772076990487004_0.7721518320897944_SIZE_1_1.05_2
GEN_24_FIT_0.7720706762371442_0.7720871361177639_0.7721518320897944_SIZE_1_1.05_2
GEN_25_FIT_0.7720706762371442_0.7721163353504867_0.7721518320897944_SIZE_1_1.2_2
GEN_26_FIT_0.7721518320897944_0.7721560650470453_0.7722364912348156_SIZE_1_1.0_1
GEN_27_FIT_0.7721518320897944_0.7721687639187985_0.7722364912348156_SIZE_1_1.05_2
GEN_28_FIT_0.7721518320897944_0.772206860534058_0.7722364912348156_SIZE_1_1.1_2
GEN_29_FIT_0.7722364912348156_0.7722364912348156_0.7722364912348156_SIZE_1_1.0_1
GEN_30_FIT_0.7722364912348156_0.7722364912348156_0.7722364912348156_SIZE_1_1.0_1
GEN_31_FIT_0.7722364912348156_0.7722371751271707_0.7722501690819155_SIZE_1_1.0_1
GEN_32_FIT_0.7722364912348156_0.7722385429118807_0.7722501690819155_SIZE_1_1.05_2
GEN_33_FIT_0.7722364912348156_0.772242348119251_0.7722501690819155_SIZE_1_1.2_3
GEN_34_FIT_0.7722501690819155_0.7722505548275109_0.7722578839938228_SIZE_1_1.05_2
GEN_35_FIT_0.7722501690819155_0.7722509405731064_0.7722578839938228_SIZE_1_1.1_2
GEN_36_FIT_0.7722501690819155_0.7722527765384901_0.7722578839938228_SIZE_1_1.3_2
GEN_37_FIT_0.7722501690819155_0.7722570344352626_0.7722578839938228_SIZE_1_1.75_3
GEN_38_FIT_0.7722501690819155_0.7722565853175212_0.7722637436538705_SIZE_1_1.3_2
GEN_39_FIT_0.7722560287419632_0.7722571859787494_0.7722637436538705_SIZE_1_1.1_2
GEN_40_FIT_0.7722560287419632_0.7722575717243447_0.7722637436538705_SIZE_1_1.1_2
Evaluating in sample:
[GEN_40|make_tuple(9, 29, 201, 311)|0.7723]
Evaluating out-of-sample:
[GEN_40|make_tuple(9, 29, 201, 311)|0.8479]
GEN_41_FIT_0.7722560287419632_0.7722595004523216_0.7722637436538705_SIZE_1_1.1_2
GEN_42_FIT_0.7722560287419632_0.7722629721626798_0.7722637436538705_SIZE_1_1.1_2
GEN_43_FIT_0.7722637436538705_0.7722637436538704_0.7722637436538705_SIZE_1_1.0_1
GEN_44_FIT_0.7722637436538705_0.7722637436538704_0.7722637436538705_SIZE_1_1.0_1
GEN_45_FIT_0.7722637436538705_0.7722637436538704_0.7722637436538705_SIZE_1_1.0_1
GEN_46_FIT_0.7722637436538705_0.7722637436538704_0.7722637436538705_SIZE_1_1.0_1
GEN_47_FIT_0.7722637436538705_0.7722637436538704_0.7722637436538705_SIZE_1_1.0_1
GEN_48_FIT_0.7722637436538705_0.7722637436538704_0.7722637436538705_SIZE_1_1.0_1
GEN_49_FIT_0.7722637436538705_0.7722637436538704_0.7722637436538705_SIZE_1_1.0_1
GEN_50_FIT_0.7722637436538705_0.7722637436538704_0.7722637436538705_SIZE_1_1.0_1
GEN_51_FIT_0.7722637436538705_0.7722637436538704_0.7722637436538705_SIZE_1_1.0_1
GEN_52_FIT_0.7722637436538705_0.7722637436538704_0.7722637436538705_SIZE_1_1.0_1
GEN_53_FIT_0.7722637436538705_0.7722637436538704_0.7722637436538705_SIZE_1_1.0_1
GEN_54_FIT_0.7722637436538705_0.7722637436538704_0.7722637436538705_SIZE_1_1.0_1
GEN_55_FIT_0.7722637436538705_0.7722637436538704_0.7722637436538705_SIZE_1_1.0_1
GEN_56_FIT_0.7722637436538705_0.7722637436538704_0.7722637436538705_SIZE_1_1.0_1
GEN_57_FIT_0.7722637436538705_0.7722637436538704_0.7722637436538705_SIZE_1_1.0_1
GEN_58_FIT_0.7722637436538705_0.7722637436538704_0.7722637436538705_SIZE_1_1.0_1
GEN_59_FIT_0.7722637436538705_0.7722637436538704_0.7722637436538705_SIZE_1_1.0_1
GEN_60_FIT_0.7722637436538705_0.7722637436538704_0.7722637436538705_SIZE_1_1.0_1
Evaluating in sample:
[GEN_60|make_tuple(9, 29, 201, 311)|0.7723]
Evaluating out-of-sample:
[GEN_60|make_tuple(9, 29, 201, 311)|0.8479]
Stopped early in iteration 60, no improvement in 20 gens.
START_TASK: 14
GEN_0_FIT_0.6424295081739356_0.6884435037336892_0.7389419695942845_SIZE_1_1.7_5
GEN_1_FIT_0.7268299688118754_0.7385220608590635_0.751098024708471_SIZE_1_1.5_5
GEN_2_FIT_0.7440793917527383_0.7541159191338724_0.7711852135142498_SIZE_1_1.15_2
GEN_3_FIT_0.7656029324974281_0.7683051418164131_0.7711852135142498_SIZE_1_1.5_3
GEN_4_FIT_0.7701081956131002_0.7710861467274561_0.7715043114287581_SIZE_1_1.75_3
GEN_5_FIT_0.7711959127742526_0.7712118676699781_0.7715150106887607_SIZE_1_1.05_2
GEN_6_FIT_0.7711959127742526_0.77128606989079_0.7717366327771065_SIZE_1_1.1_2
GEN_7_FIT_0.7712759746969243_0.7715143831266766_0.7717366327771065_SIZE_1_1.35_3
GEN_8_FIT_0.7715459900398955_0.7716992061407704_0.7717581367300524_SIZE_1_1.25_2
GEN_9_FIT_0.7717366327771065_0.7717420087653428_0.7717581367300524_SIZE_1_1.1_2
GEN_10_FIT_0.7717400347282002_0.7717631362593164_0.7718196322387856_SIZE_1_1.4_2
GEN_11_FIT_0.7717581367300524_0.7717750287058598_0.7718196322387856_SIZE_1_1.2_2
GEN_12_FIT_0.7717649716227536_0.7718031261437774_0.7718766078690581_SIZE_1_1.2_2
GEN_13_FIT_0.7718196322387856_0.7718464424931847_0.7719825555586153_SIZE_1_1.1_2
GEN_14_FIT_0.7718766078690581_0.7718985053065511_0.7720260971635456_SIZE_1_1.15_2
GEN_15_FIT_0.7718773758469113_0.7719740959254933_0.7720260971635456_SIZE_1_1.7_2
GEN_16_FIT_0.7719066759958382_0.7720188499045524_0.7722514561321345_SIZE_1_1.8_2
GEN_17_FIT_0.7719019367724455_0.7719824332246612_0.7722514561321345_SIZE_1_1.4_2
GEN_18_FIT_0.7719091816633723_0.7719868513002426_0.7722912291078631_SIZE_1_1.2_2
GEN_19_FIT_0.7719320048992255_0.7719973241929168_0.7723384960093153_SIZE_1_1.15_2
GEN_20_FIT_0.7719320048992255_0.772056117938572_0.7723384960093153_SIZE_1_1.25_2
Evaluating in sample:
[GEN_20|make_tuple(9, 297, 199, 309)|0.7720]
[GEN_20|make_tuple(9, truediv(257, 9), 199, 316)|0.7723]
Evaluating out-of-sample:
[GEN_20|make_tuple(9, 297, 199, 309)|0.8214]
[GEN_20|make_tuple(9, truediv(257, 9), 199, 316)|0.8324]
GEN_21_FIT_0.7719924870147127_0.7721158747573934_0.7723816052354807_SIZE_1_1.35_2
GEN_22_FIT_0.7719924870147127_0.7722159554402024_0.7723816052354807_SIZE_1_1.6_2
GEN_23_FIT_0.7719924870147127_0.7720929882846883_0.772389320147388_SIZE_1_1.25_2
GEN_24_FIT_0.7719950696799468_0.7720344947266911_0.772389320147388_SIZE_1_1.1_2
GEN_25_FIT_0.7719950696799468_0.7720344947266911_0.772389320147388_SIZE_1_1.1_2
GEN_26_FIT_0.7719950696799468_0.7720344947266911_0.772389320147388_SIZE_1_1.1_2
GEN_27_FIT_0.7719950696799468_0.7720344947266911_0.772389320147388_SIZE_1_1.1_2
GEN_28_FIT_0.7719950696799468_0.7720344947266911_0.772389320147388_SIZE_1_1.1_2
GEN_29_FIT_0.7719950696799468_0.7720344947266911_0.772389320147388_SIZE_1_1.1_2
GEN_30_FIT_0.7719950696799468_0.7720344947266911_0.772389320147388_SIZE_1_1.1_2
GEN_31_FIT_0.7719950696799468_0.7721242221463994_0.772389320147388_SIZE_1_1.4_3
GEN_32_FIT_0.7722126162043492_0.7723729120550245_0.772389320147388_SIZE_1_2.1_3
GEN_33_FIT_0.7722126162043492_0.7723733477742836_0.7723980345325699_SIZE_1_1.9_2
GEN_34_FIT_0.7722126162043492_0.7723485850598641_0.7723980345325699_SIZE_1_1.75_2
GEN_35_FIT_0.7722126162043492_0.7723710483660181_0.7723980345325699_SIZE_1_1.85_2
GEN_36_FIT_0.7722378622431555_0.7723740086891577_0.7723980345325699_SIZE_1_1.85_2
GEN_37_FIT_0.7722378622431555_0.7723579914602163_0.7723980345325699_SIZE_1_1.75_2
GEN_38_FIT_0.7722378622431555_0.7722779053155091_0.7723980345325699_SIZE_1_1.25_2
GEN_39_FIT_0.7722378622431555_0.772253879472097_0.7723980345325699_SIZE_1_1.1_2
GEN_40_FIT_0.7722378622431555_0.7722934233610411_0.7723980345325699_SIZE_1_1.3_2
Evaluating in sample:
[GEN_40|make_tuple(9, 29, 201, 309)|0.7724]
[GEN_40|make_tuple(9, truediv(265, 9), 201, 309)|0.7724]
Evaluating out-of-sample:
[GEN_40|make_tuple(9, 29, 201, 309)|0.8324]
[GEN_40|make_tuple(9, truediv(265, 9), 201, 309)|0.8288]
GEN_41_FIT_0.7722378622431555_0.7723411939633176_0.7723980345325699_SIZE_1_1.45_2
GEN_42_FIT_0.772389320147388_0.7723971630940516_0.7723980345325699_SIZE_1_1.9_2
GEN_43_FIT_0.772389320147388_0.7723971630940516_0.7723980345325699_SIZE_1_1.9_2
GEN_44_FIT_0.772389320147388_0.7723971630940516_0.7723980345325699_SIZE_1_1.9_2
GEN_45_FIT_0.772389320147388_0.7723971630940516_0.7723980345325699_SIZE_1_1.9_2
GEN_46_FIT_0.772389320147388_0.7723971630940516_0.7723980345325699_SIZE_1_1.9_2
GEN_47_FIT_0.772389320147388_0.7723971630940516_0.7723980345325699_SIZE_1_1.9_2
GEN_48_FIT_0.772389320147388_0.7723971630940516_0.7723980345325699_SIZE_1_1.9_2
GEN_49_FIT_0.772389320147388_0.7723971630940516_0.7723980345325699_SIZE_1_1.9_2
GEN_50_FIT_0.772389320147388_0.7723971630940516_0.7723980345325699_SIZE_1_1.9_2
GEN_51_FIT_0.772389320147388_0.7723971630940516_0.7723980345325699_SIZE_1_1.9_2
GEN_52_FIT_0.772389320147388_0.7723971630940516_0.7723980345325699_SIZE_1_1.9_2
GEN_53_FIT_0.772389320147388_0.7723971630940516_0.7723980345325699_SIZE_1_1.9_2
GEN_54_FIT_0.7719950696799468_0.7721958843238707_0.7724021076551789_SIZE_1_1.4_2
GEN_55_FIT_0.7722126162043492_0.772387224395253_0.7724021076551789_SIZE_1_1.75_2
GEN_56_FIT_0.7722126162043492_0.7723658361837477_0.7724021076551789_SIZE_1_1.3_2
GEN_57_FIT_0.772389320147388_0.7723955386521513_0.7724021076551789_SIZE_1_1.55_2
GEN_58_FIT_0.772393393269997_0.7723994933396243_0.7724021076551789_SIZE_1_1.7_2
GEN_59_FIT_0.772393393269997_0.7724012362166606_0.7724021076551789_SIZE_1_1.9_2
GEN_60_FIT_0.772393393269997_0.7724012362166606_0.7724021076551789_SIZE_1_1.9_2
Evaluating in sample:
[GEN_60|make_tuple(9, 29, 201, 310)|0.7724]
[GEN_60|make_tuple(9, truediv(265, 9), 201, 310)|0.7724]
Evaluating out-of-sample:
[GEN_60|make_tuple(9, 29, 201, 310)|0.8324]
[GEN_60|make_tuple(9, truediv(265, 9), 201, 310)|0.8288]
GEN_61_FIT_0.772393393269997_0.7724012362166606_0.7724021076551789_SIZE_1_1.9_2
GEN_62_FIT_0.772393393269997_0.7724012362166606_0.7724021076551789_SIZE_1_1.9_2
GEN_63_FIT_0.772393393269997_0.7724012362166606_0.7724021076551789_SIZE_1_1.9_2
GEN_64_FIT_0.772393393269997_0.7724012362166606_0.7724021076551789_SIZE_1_1.9_2
GEN_65_FIT_0.772393393269997_0.7724012362166606_0.7724021076551789_SIZE_1_1.9_2
GEN_66_FIT_0.772393393269997_0.7724012362166606_0.7724021076551789_SIZE_1_1.9_2
GEN_67_FIT_0.772393393269997_0.7724012362166606_0.7724021076551789_SIZE_1_1.9_2
GEN_68_FIT_0.772393393269997_0.7724012362166606_0.7724021076551789_SIZE_1_1.9_2
GEN_69_FIT_0.772393393269997_0.7724012362166606_0.7724021076551789_SIZE_1_1.9_2
GEN_70_FIT_0.772393393269997_0.7724012362166606_0.7724021076551789_SIZE_1_1.9_2
GEN_71_FIT_0.772393393269997_0.7724012362166606_0.7724021076551789_SIZE_1_1.9_2
GEN_72_FIT_0.772393393269997_0.7724012362166606_0.7724021076551789_SIZE_1_1.9_2
GEN_73_FIT_0.772393393269997_0.7724012362166606_0.7724021076551789_SIZE_1_1.9_2
GEN_74_FIT_0.772393393269997_0.7724012362166606_0.7724021076551789_SIZE_1_1.9_2
GEN_75_FIT_0.772393393269997_0.7724012362166606_0.7724021076551789_SIZE_1_1.9_2
Evaluating in sample:
[GEN_75|make_tuple(9, 29, 201, 310)|0.7724]
[GEN_75|make_tuple(9, truediv(265, 9), 201, 310)|0.7724]
Evaluating out-of-sample:
[GEN_75|make_tuple(9, 29, 201, 310)|0.8324]
[GEN_75|make_tuple(9, truediv(265, 9), 201, 310)|0.8288]
Stopped early in iteration 75, no improvement in 20 gens.
START_TASK: 15
