Starting problem: mlr_rf
param:age_regularization:100000.0
param:algorithm:mupluslambda
param:constants_only:True
param:cxpb:0.25
param:early_stop_n:20
param:lambda_:100
param:max_number_operators:None
param:max_start_size:2
param:mu:20
param:ngen:300
param:optimize_constants:False
param:output_file:/home/gijsbers/symbolicdefaults/runs/mlr_rf_True_18.log
param:problem:mlr_rf
param:subset:1.0
param:task:None
param:warm_start:False
Benchmark problems: mlr_rf
Loading surrogates from file.
With fixed hyperparameters: {'num.trees': 500.0}:
And hyperparameters: ['num.trees', 'sample.fraction', 'min.node.size', 'mtry']:
START_TASK: 3
GEN_0_FIT_0.8684547095322378_0.8741069560267194_0.8918688397981839_SIZE_1_2.75_12
GEN_1_FIT_0.8693389384648176_0.8833155922700924_0.8984813174293795_SIZE_1_2.2_10
GEN_2_FIT_0.890198916315592_0.8941612346444152_0.8986784021792333_SIZE_1_3.5_11
GEN_3_FIT_0.8908017607273696_0.8959880442728014_0.9064613520382255_SIZE_1_2.25_8
GEN_4_FIT_0.8932383533456275_0.899480699096139_0.9085593704057093_SIZE_1_2.8_8
GEN_5_FIT_0.8932383533456275_0.9008295428311819_0.9085593704057093_SIZE_1_2.55_7
GEN_6_FIT_0.8933529630266377_0.9050415411829116_0.9091424152388942_SIZE_1_2.9_5
GEN_7_FIT_0.8933529630266377_0.9036251476104905_0.9091424152388942_SIZE_1_3.0_5
GEN_8_FIT_0.8933529630266377_0.8994894285764488_0.9099046027974439_SIZE_1_1.6_3
GEN_9_FIT_0.8936233950334733_0.8960504583827866_0.9099046027974439_SIZE_1_1.25_3
GEN_10_FIT_0.8936233950334733_0.9012138468382274_0.9099046027974439_SIZE_1_1.85_4
GEN_11_FIT_0.8936233950334733_0.9010550494027662_0.9102777536858216_SIZE_1_1.65_3
GEN_12_FIT_0.8941631454902398_0.897355032303089_0.9102777536858216_SIZE_1_1.35_3
GEN_13_FIT_0.8941631454902398_0.8965221344059613_0.9103551004641891_SIZE_1_1.2_3
GEN_14_FIT_0.8941631454902398_0.8998248278221415_0.912054918094292_SIZE_1_1.5_3
GEN_15_FIT_0.8952002735640425_0.9073410168514398_0.912054918094292_SIZE_1_2.15_4
GEN_16_FIT_0.8952002735640425_0.9075380989099437_0.912054918094292_SIZE_1_2.45_4
GEN_17_FIT_0.8952002735640425_0.9020355537916395_0.913218590569878_SIZE_1_1.75_4
GEN_18_FIT_0.8953604498208411_0.8988157107230899_0.913218590569878_SIZE_1_1.3_3
GEN_19_FIT_0.8953604498208411_0.8962533568582929_0.913218590569878_SIZE_1_1.05_2
GEN_20_FIT_0.8953604498208411_0.8962533568582929_0.913218590569878_SIZE_1_1.05_2
Evaluating in sample:
[GEN_20|make_tuple(0.5058021681559511, 119, 6)|0.8954]
[GEN_20|make_tuple(0.6176357700463353, pow(0.6484606486260194, 1), 5)|0.9132]
Evaluating out-of-sample:
[GEN_20|make_tuple(0.5058021681559511, 119, 6)|0.9952]
[GEN_20|make_tuple(0.6176357700463353, pow(0.6484606486260194, 1), 5)|0.9895]
GEN_21_FIT_0.8953604498208411_0.897742085490458_0.9132474204945178_SIZE_1_1.25_3
GEN_22_FIT_0.8953604498208411_0.8980481369552724_0.9132474204945178_SIZE_1_1.2_3
GEN_23_FIT_0.8953604498208411_0.8998510277584011_0.9132474204945178_SIZE_1_1.3_3
GEN_24_FIT_0.8954010033515863_0.8980782007392862_0.9132521168197193_SIZE_1_1.2_3
GEN_25_FIT_0.8954010033515863_0.8963146731040836_0.9136743984015302_SIZE_1_1.05_2
GEN_26_FIT_0.8954010033515863_0.8963146731040836_0.9136743984015302_SIZE_1_1.05_2
GEN_27_FIT_0.8954010033515863_0.8972283428565809_0.9136743984015302_SIZE_1_1.1_2
GEN_28_FIT_0.8954010033515863_0.8972283428565809_0.9136743984015302_SIZE_1_1.1_2
GEN_29_FIT_0.8954010033515863_0.8972283428565809_0.9136743984015302_SIZE_1_1.1_2
GEN_30_FIT_0.8954010033515863_0.8972283428565809_0.9136743984015302_SIZE_1_1.1_2
GEN_31_FIT_0.8954010033515863_0.8972283428565809_0.9136743984015302_SIZE_1_1.1_2
GEN_32_FIT_0.8954010033515863_0.8972283428565809_0.9136743984015302_SIZE_1_1.1_2
GEN_33_FIT_0.8954010033515863_0.8972283428565809_0.9136743984015302_SIZE_1_1.1_2
GEN_34_FIT_0.8954010033515863_0.8972283428565809_0.9136743984015302_SIZE_1_1.1_2
GEN_35_FIT_0.8954010033515863_0.8972283428565809_0.9136743984015302_SIZE_1_1.1_2
GEN_36_FIT_0.8954010033515863_0.8972283428565809_0.9136743984015302_SIZE_1_1.1_2
GEN_37_FIT_0.8954010033515863_0.8972283428565809_0.9136743984015302_SIZE_1_1.1_2
GEN_38_FIT_0.8954010033515863_0.8972283428565809_0.9136743984015302_SIZE_1_1.1_2
GEN_39_FIT_0.8954010033515863_0.8972283428565809_0.9136743984015302_SIZE_1_1.1_2
GEN_40_FIT_0.8954010033515863_0.8972283428565809_0.9136743984015302_SIZE_1_1.1_2
Evaluating in sample:
[GEN_40|make_tuple(0.5062691359978698, 119, 6)|0.8954]
[GEN_40|make_tuple(0.6176357700463353, sub(0.6484606486260194, 0.0018226105042303017), 5)|0.9137]
Evaluating out-of-sample:
[GEN_40|make_tuple(0.5062691359978698, 119, 6)|0.9952]
[GEN_40|make_tuple(0.6176357700463353, sub(0.6484606486260194, 0.0018226105042303017), 5)|0.9893]
GEN_41_FIT_0.8954010033515863_0.896314844045742_0.9136778172346953_SIZE_1_1.05_2
GEN_42_FIT_0.8954010033515863_0.8963159794270681_0.9137005248612178_SIZE_1_1.05_2
GEN_43_FIT_0.8954010033515863_0.8963159794270681_0.9137005248612178_SIZE_1_1.05_2
GEN_44_FIT_0.8954010033515863_0.8972309555025497_0.9137005248612178_SIZE_1_1.1_2
GEN_45_FIT_0.8954010033515863_0.8963207558265592_0.9137960528510433_SIZE_1_1.05_2
GEN_46_FIT_0.8954010033515863_0.8972405083015321_0.9137960528510433_SIZE_1_1.1_2
GEN_47_FIT_0.8954010033515863_0.8972405083015321_0.9137960528510433_SIZE_1_1.1_2
GEN_48_FIT_0.8954010033515863_0.8972405083015321_0.9137960528510433_SIZE_1_1.1_2
GEN_49_FIT_0.8954010033515863_0.8972405083015321_0.9137960528510433_SIZE_1_1.1_2
GEN_50_FIT_0.8954010033515863_0.8972405083015321_0.9137960528510433_SIZE_1_1.1_2
GEN_51_FIT_0.8954010033515863_0.8972405083015321_0.9137960528510433_SIZE_1_1.1_2
GEN_52_FIT_0.8954010033515863_0.8972405083015321_0.9137960528510433_SIZE_1_1.1_2
GEN_53_FIT_0.8954010033515863_0.8972405083015321_0.9137960528510433_SIZE_1_1.1_2
GEN_54_FIT_0.8954010033515863_0.8972405083015321_0.9137960528510433_SIZE_1_1.1_2
GEN_55_FIT_0.8954010033515863_0.8972405083015321_0.9137960528510433_SIZE_1_1.1_2
GEN_56_FIT_0.8954010033515863_0.8972405083015321_0.9137960528510433_SIZE_1_1.1_2
GEN_57_FIT_0.8954010033515863_0.8972405083015321_0.9137960528510433_SIZE_1_1.1_2
GEN_58_FIT_0.8954010033515863_0.8972405083015321_0.9137960528510433_SIZE_1_1.1_2
GEN_59_FIT_0.8954010033515863_0.8972405083015321_0.9137960528510433_SIZE_1_1.1_2
GEN_60_FIT_0.8954010033515863_0.8972405083015321_0.9137960528510433_SIZE_1_1.1_2
Evaluating in sample:
[GEN_60|make_tuple(0.5062691359978698, 119, 6)|0.8954]
[GEN_60|make_tuple(0.6176357700463353, sub(0.6484606486260194, 0.0024349034588376094), 5)|0.9138]
Evaluating out-of-sample:
[GEN_60|make_tuple(0.5062691359978698, 119, 6)|0.9952]
[GEN_60|make_tuple(0.6176357700463353, sub(0.6484606486260194, 0.0024349034588376094), 5)|0.9893]
GEN_61_FIT_0.8954010033515863_0.8972405083015321_0.9137960528510433_SIZE_1_1.1_2
GEN_62_FIT_0.8954010033515863_0.8972405083015321_0.9137960528510433_SIZE_1_1.1_2
GEN_63_FIT_0.8954010033515863_0.8963215746104816_0.9138124285294863_SIZE_1_1.05_2
GEN_64_FIT_0.8954010033515863_0.8963215746104816_0.9138124285294863_SIZE_1_1.05_2
GEN_65_FIT_0.8954010033515863_0.8963215746104816_0.9138124285294863_SIZE_1_1.05_2
GEN_66_FIT_0.8954010033515863_0.8972421458693765_0.9138124285294863_SIZE_1_1.1_2
GEN_67_FIT_0.8954010033515863_0.8972421458693765_0.9138124285294863_SIZE_1_1.1_2
GEN_68_FIT_0.8954010033515863_0.8972421458693765_0.9138124285294863_SIZE_1_1.1_2
GEN_69_FIT_0.8954010033515863_0.8972421458693765_0.9138124285294863_SIZE_1_1.1_2
GEN_70_FIT_0.8954010033515863_0.8972421458693765_0.9138124285294863_SIZE_1_1.1_2
GEN_71_FIT_0.8954010033515863_0.8972421458693765_0.9138124285294863_SIZE_1_1.1_2
GEN_72_FIT_0.8954010033515863_0.8972421458693765_0.9138124285294863_SIZE_1_1.1_2
GEN_73_FIT_0.8954010033515863_0.8972421458693765_0.9138124285294863_SIZE_1_1.1_2
GEN_74_FIT_0.8954010033515863_0.8972421458693765_0.9138124285294863_SIZE_1_1.1_2
GEN_75_FIT_0.8954010033515863_0.8972421458693765_0.9138124285294863_SIZE_1_1.1_2
GEN_76_FIT_0.8954010033515863_0.8972421458693765_0.9138124285294863_SIZE_1_1.1_2
GEN_77_FIT_0.8954010033515863_0.8972421458693765_0.9138124285294863_SIZE_1_1.1_2
GEN_78_FIT_0.8954010033515863_0.8972421458693765_0.9138124285294863_SIZE_1_1.1_2
GEN_79_FIT_0.8954010033515863_0.8972421458693765_0.9138124285294863_SIZE_1_1.1_2
GEN_80_FIT_0.8954010033515863_0.8972421458693765_0.9138124285294863_SIZE_1_1.1_2
Evaluating in sample:
[GEN_80|make_tuple(0.5062691359978698, 119, 6)|0.8954]
[GEN_80|make_tuple(0.6176357700463353, sub(0.6484606486260194, 0.002830688966452442), 5)|0.9138]
Evaluating out-of-sample:
[GEN_80|make_tuple(0.5062691359978698, 119, 6)|0.9952]
[GEN_80|make_tuple(0.6176357700463353, sub(0.6484606486260194, 0.002830688966452442), 5)|0.9893]
GEN_81_FIT_0.8954010033515863_0.8972421458693765_0.9138124285294863_SIZE_1_1.1_2
GEN_82_FIT_0.8954010033515863_0.8963216761489148_0.9138144592981545_SIZE_1_1.05_2
GEN_83_FIT_0.8954010033515863_0.8972423489462432_0.9138144592981545_SIZE_1_1.1_2
GEN_84_FIT_0.8954010033515863_0.8972423489462432_0.9138144592981545_SIZE_1_1.1_2
GEN_85_FIT_0.8954010033515863_0.8972423489462432_0.9138144592981545_SIZE_1_1.1_2
GEN_86_FIT_0.8954010033515863_0.8972423489462432_0.9138144592981545_SIZE_1_1.1_2
GEN_87_FIT_0.8954010033515863_0.8972423489462432_0.9138144592981545_SIZE_1_1.1_2
GEN_88_FIT_0.8954010033515863_0.8972423489462432_0.9138144592981545_SIZE_1_1.1_2
GEN_89_FIT_0.8954010033515863_0.8990851084766922_0.9138144592981545_SIZE_1_1.2_2
GEN_90_FIT_0.8954010033515863_0.9009279695455744_0.9138144592981545_SIZE_1_1.35_3
GEN_91_FIT_0.8954010033515863_0.9073772255495498_0.9138144592981545_SIZE_1_1.75_3
GEN_92_FIT_0.8954313128360959_0.9119761446519489_0.9138144592981545_SIZE_1_1.9_2
GEN_93_FIT_0.8954313128360959_0.9119761446519489_0.9138144592981545_SIZE_1_1.9_2
GEN_94_FIT_0.8954313128360959_0.9119761446519489_0.9138144592981545_SIZE_1_1.9_2
GEN_95_FIT_0.8954313128360959_0.9119761446519489_0.9138144592981545_SIZE_1_1.9_2
GEN_96_FIT_0.8952875415116824_0.9082923824582284_0.9138155725963931_SIZE_1_1.7_2
GEN_97_FIT_0.8952875415116824_0.9000201892099495_0.9138155725963931_SIZE_1_1.25_2
GEN_98_FIT_0.8954313128360959_0.8972697388121255_0.9138155725963931_SIZE_1_1.1_2
GEN_99_FIT_0.8954313128360959_0.8972697388121255_0.9138155725963931_SIZE_1_1.1_2
GEN_100_FIT_0.8954313128360959_0.8963508272811946_0.9138216017380721_SIZE_1_1.05_2
Evaluating in sample:
[GEN_100|make_tuple(0.5067417526476096, 105, 6)|0.8954]
[GEN_100|make_tuple(0.6187436614371845, sub(0.6484606486260194, 0.0027267389942098198), 5)|0.9138]
Evaluating out-of-sample:
[GEN_100|make_tuple(0.5067417526476096, 105, 6)|0.9952]
[GEN_100|make_tuple(0.6187436614371845, sub(0.6484606486260194, 0.0027267389942098198), 5)|0.9893]
GEN_101_FIT_0.8954313128360959_0.8963508272811946_0.9138216017380721_SIZE_1_1.05_2
GEN_102_FIT_0.8954313128360959_0.8963508272811946_0.9138216017380721_SIZE_1_1.05_2
GEN_103_FIT_0.8954313128360959_0.8963508272811946_0.9138216017380721_SIZE_1_1.05_2
GEN_104_FIT_0.8954313128360959_0.8972703417262935_0.9138216017380721_SIZE_1_1.1_2
GEN_105_FIT_0.8954313128360959_0.8972703417262935_0.9138216017380721_SIZE_1_1.1_2
GEN_106_FIT_0.8954313128360959_0.8972703417262935_0.9138216017380721_SIZE_1_1.1_2
GEN_107_FIT_0.8954313128360959_0.8972703417262935_0.9138216017380721_SIZE_1_1.1_2
GEN_108_FIT_0.8954313128360959_0.8972703417262935_0.9138216017380721_SIZE_1_1.1_2
GEN_109_FIT_0.8954313128360959_0.8972703417262935_0.9138216017380721_SIZE_1_1.1_2
GEN_110_FIT_0.8954313128360959_0.8972703417262935_0.9138216017380721_SIZE_1_1.1_2
GEN_111_FIT_0.8954313128360959_0.8972703417262935_0.9138216017380721_SIZE_1_1.1_2
GEN_112_FIT_0.8954313128360959_0.8972703417262935_0.9138216017380721_SIZE_1_1.1_2
GEN_113_FIT_0.8954313128360959_0.8972703417262935_0.9138216017380721_SIZE_1_1.1_2
GEN_114_FIT_0.8954313128360959_0.8972703417262935_0.9138216017380721_SIZE_1_1.1_2
GEN_115_FIT_0.8954313128360959_0.8972703417262935_0.9138216017380721_SIZE_1_1.1_2
GEN_116_FIT_0.8954313128360959_0.8972703417262935_0.9138216017380721_SIZE_1_1.1_2
GEN_117_FIT_0.8954313128360959_0.8972703417262935_0.9138216017380721_SIZE_1_1.1_2
GEN_118_FIT_0.8954313128360959_0.8972703417262935_0.9138216017380721_SIZE_1_1.1_2
GEN_119_FIT_0.8954313128360959_0.8972703417262935_0.9138216017380721_SIZE_1_1.1_2
GEN_120_FIT_0.8954313128360959_0.8963508626258292_0.9138223086307644_SIZE_1_1.05_2
Evaluating in sample:
[GEN_120|make_tuple(0.5067417526476096, 105, 6)|0.8954]
[GEN_120|make_tuple(0.6187436614371845, sub(0.6484606486260194, 0.0028235644652730004), 5)|0.9138]
Evaluating out-of-sample:
[GEN_120|make_tuple(0.5067417526476096, 105, 6)|0.9952]
[GEN_120|make_tuple(0.6187436614371845, sub(0.6484606486260194, 0.0028235644652730004), 5)|0.9893]
GEN_121_FIT_0.8954313128360959_0.8972704124155626_0.9138223086307644_SIZE_1_1.1_2
GEN_122_FIT_0.8954313128360959_0.8972704124155626_0.9138223086307644_SIZE_1_1.1_2
GEN_123_FIT_0.8954313128360959_0.8972704124155626_0.9138223086307644_SIZE_1_1.1_2
GEN_124_FIT_0.8954313128360959_0.8972704124155626_0.9138223086307644_SIZE_1_1.1_2
GEN_125_FIT_0.8954313128360959_0.8972704124155626_0.9138223086307644_SIZE_1_1.1_2
GEN_126_FIT_0.8954313128360959_0.8972704124155626_0.9138223086307644_SIZE_1_1.1_2
GEN_127_FIT_0.8954313128360959_0.8972704124155626_0.9138223086307644_SIZE_1_1.1_2
GEN_128_FIT_0.8954313128360959_0.8972704124155626_0.9138223086307644_SIZE_1_1.1_2
GEN_129_FIT_0.8954313128360959_0.8972704124155626_0.9138223086307644_SIZE_1_1.1_2
GEN_130_FIT_0.8954313128360959_0.8972704124155626_0.9138223086307644_SIZE_1_1.1_2
GEN_131_FIT_0.8954313128360959_0.8972704124155626_0.9138223086307644_SIZE_1_1.1_2
GEN_132_FIT_0.8954313128360959_0.8972704124155626_0.9138223086307644_SIZE_1_1.1_2
GEN_133_FIT_0.8954313128360959_0.8972704124155626_0.9138223086307644_SIZE_1_1.1_2
GEN_134_FIT_0.8954313128360959_0.8972704124155626_0.9138223086307644_SIZE_1_1.1_2
GEN_135_FIT_0.8954313128360959_0.8963514156439111_0.9138333689924023_SIZE_1_1.05_2
GEN_136_FIT_0.8954313128360959_0.8963514156439111_0.9138333689924023_SIZE_1_1.05_2
GEN_137_FIT_0.8954313128360959_0.8963514156439111_0.9138333689924023_SIZE_1_1.05_2
GEN_138_FIT_0.8954313128360959_0.8963514156439111_0.9138333689924023_SIZE_1_1.05_2
GEN_139_FIT_0.8954313128360959_0.8963514156439111_0.9138333689924023_SIZE_1_1.05_2
GEN_140_FIT_0.8954313128360959_0.8963514156439111_0.9138333689924023_SIZE_1_1.05_2
Evaluating in sample:
[GEN_140|make_tuple(0.5067417526476096, 105, 6)|0.8954]
[GEN_140|make_tuple(0.6167171105445403, sub(0.6484606486260194, 0.0028235644652730004), 5)|0.9138]
Evaluating out-of-sample:
[GEN_140|make_tuple(0.5067417526476096, 105, 6)|0.9952]
[GEN_140|make_tuple(0.6167171105445403, sub(0.6484606486260194, 0.0028235644652730004), 5)|0.9893]
GEN_141_FIT_0.8954313128360959_0.8963514156439111_0.9138333689924023_SIZE_1_1.05_2
GEN_142_FIT_0.8954313128360959_0.8963514156439111_0.9138333689924023_SIZE_1_1.05_2
GEN_143_FIT_0.8954313128360959_0.8972715184517265_0.9138333689924023_SIZE_1_1.1_2
GEN_144_FIT_0.8954313128360959_0.8972715184517265_0.9138333689924023_SIZE_1_1.1_2
GEN_145_FIT_0.8954313128360959_0.8972715184517265_0.9138333689924023_SIZE_1_1.1_2
GEN_146_FIT_0.8954313128360959_0.8972715184517265_0.9138333689924023_SIZE_1_1.1_2
GEN_147_FIT_0.8954313128360959_0.8972715184517265_0.9138333689924023_SIZE_1_1.1_2
GEN_148_FIT_0.8954313128360959_0.8972715184517265_0.9138333689924023_SIZE_1_1.1_2
GEN_149_FIT_0.8954313128360959_0.8972715184517265_0.9138333689924023_SIZE_1_1.1_2
GEN_150_FIT_0.8954313128360959_0.8982219566559388_0.9144400769203425_SIZE_1_1.2_3
GEN_151_FIT_0.8954313128360959_0.8991723948601511_0.9144400769203425_SIZE_1_1.3_3
GEN_152_FIT_0.8954313128360959_0.8991723948601511_0.9144400769203425_SIZE_1_1.3_3
GEN_153_FIT_0.8954313128360959_0.8991723948601511_0.9144400769203425_SIZE_1_1.3_3
GEN_154_FIT_0.8954313128360959_0.8991723948601511_0.9144400769203425_SIZE_1_1.3_3
GEN_155_FIT_0.8954313128360959_0.8991723948601511_0.9144400769203425_SIZE_1_1.3_3
GEN_156_FIT_0.8954313128360959_0.8991723948601511_0.9144400769203425_SIZE_1_1.3_3
GEN_157_FIT_0.8954313128360959_0.8991723948601511_0.9144400769203425_SIZE_1_1.3_3
GEN_158_FIT_0.8954313128360959_0.8991723948601511_0.9144400769203425_SIZE_1_1.3_3
GEN_159_FIT_0.8954313128360959_0.8991723948601511_0.9144400769203425_SIZE_1_1.3_3
GEN_160_FIT_0.8954313128360959_0.8991723948601511_0.9144400769203425_SIZE_1_1.3_3
Evaluating in sample:
[GEN_160|make_tuple(0.5067417526476096, 105, 6)|0.8954]
[GEN_160|make_tuple(0.6167171105445403, sub(0.6484606486260194, 0.0028235644652730004), 5)|0.9138]
[GEN_160|make_tuple(0.6167171105445403, sub(0.6484606486260194, 0.0028235644652730004), add(0.019529379653367554, 5))|0.9144]
Evaluating out-of-sample:
[GEN_160|make_tuple(0.5067417526476096, 105, 6)|0.9952]
[GEN_160|make_tuple(0.6167171105445403, sub(0.6484606486260194, 0.0028235644652730004), 5)|0.9893]
[GEN_160|make_tuple(0.6167171105445403, sub(0.6484606486260194, 0.0028235644652730004), add(0.019529379653367554, 5))|0.9894]
GEN_161_FIT_0.8954313128360959_0.8991723948601511_0.9144400769203425_SIZE_1_1.3_3
GEN_162_FIT_0.8954313128360959_0.8991723948601511_0.9144400769203425_SIZE_1_1.3_3
GEN_163_FIT_0.8954313128360959_0.8991723948601511_0.9144400769203425_SIZE_1_1.3_3
GEN_164_FIT_0.8954313128360959_0.8991723948601511_0.9144400769203425_SIZE_1_1.3_3
GEN_165_FIT_0.8954313128360959_0.8991723948601511_0.9144400769203425_SIZE_1_1.3_3
GEN_166_FIT_0.8954313128360959_0.8991723948601511_0.9144400769203425_SIZE_1_1.3_3
GEN_167_FIT_0.8954313128360959_0.8991723948601511_0.9144400769203425_SIZE_1_1.3_3
GEN_168_FIT_0.8954313128360959_0.8991723948601511_0.9144400769203425_SIZE_1_1.3_3
GEN_169_FIT_0.8954313128360959_0.8991723948601511_0.9144400769203425_SIZE_1_1.3_3
GEN_170_FIT_0.8954313128360959_0.8991723948601511_0.9144400769203425_SIZE_1_1.3_3
GEN_171_FIT_0.8954313128360959_0.8991723948601511_0.9144400769203425_SIZE_1_1.3_3
Evaluating in sample:
[GEN_171|make_tuple(0.5067417526476096, 105, 6)|0.8954]
[GEN_171|make_tuple(0.6167171105445403, sub(0.6484606486260194, 0.0028235644652730004), 5)|0.9138]
[GEN_171|make_tuple(0.6167171105445403, sub(0.6484606486260194, 0.0028235644652730004), add(0.019529379653367554, 5))|0.9144]
Evaluating out-of-sample:
[GEN_171|make_tuple(0.5067417526476096, 105, 6)|0.9952]
[GEN_171|make_tuple(0.6167171105445403, sub(0.6484606486260194, 0.0028235644652730004), 5)|0.9893]
[GEN_171|make_tuple(0.6167171105445403, sub(0.6484606486260194, 0.0028235644652730004), add(0.019529379653367554, 5))|0.9894]
Stopped early in iteration 171, no improvement in 20 gens.
START_TASK: 6
GEN_0_FIT_0.8632775266696353_0.8763632798868143_0.9016599647294573_SIZE_1_3.5_10
GEN_1_FIT_0.8694518495962086_0.8751294934021452_0.9016599647294573_SIZE_1_1.7_4
GEN_2_FIT_0.8699098645176562_0.8873299721003589_0.9021862800679121_SIZE_1_2.15_4
GEN_3_FIT_0.8699098645176562_0.8918464754269472_0.9026629930609803_SIZE_1_1.75_3
GEN_4_FIT_0.8879363172107351_0.8991696654621386_0.9045933373793291_SIZE_1_2.05_3
GEN_5_FIT_0.8886097724578701_0.8983393519165448_0.9045933373793291_SIZE_1_1.85_4
GEN_6_FIT_0.8908831121566334_0.9021586461953952_0.9062012051014574_SIZE_1_2.05_4
GEN_7_FIT_0.8937255821967425_0.9028662152735369_0.9093964860345769_SIZE_1_1.95_3
GEN_8_FIT_0.8827458564238723_0.9003906798094468_0.9097430797822588_SIZE_1_1.85_3
GEN_9_FIT_0.8937255821967425_0.8984431940334519_0.9098065214534472_SIZE_1_1.6_4
GEN_10_FIT_0.8951816421437241_0.9062712184361071_0.9101703369161971_SIZE_1_2.6_4
GEN_11_FIT_0.8958463014278055_0.9039329777357926_0.9106078081813014_SIZE_1_2.1_4
GEN_12_FIT_0.8940445981091626_0.9052028204383072_0.9106078081813014_SIZE_1_2.35_4
GEN_13_FIT_0.895485442544681_0.9047240859606438_0.9106078081813014_SIZE_1_2.3_4
GEN_14_FIT_0.8958463014278055_0.8999283334088295_0.9106078081813014_SIZE_1_1.6_4
GEN_15_FIT_0.8958463014278055_0.8993762291529712_0.9106078081813014_SIZE_1_1.55_4
GEN_16_FIT_0.8958463014278055_0.8993905988910205_0.9106078081813014_SIZE_1_1.55_4
GEN_17_FIT_0.8958463014278055_0.900051389856421_0.9106078081813014_SIZE_1_1.6_4
GEN_18_FIT_0.8958463014278055_0.8979189856309574_0.9108683468748263_SIZE_1_1.2_3
GEN_19_FIT_0.8958463014278055_0.9000346664831407_0.9108683468748263_SIZE_1_1.4_3
GEN_20_FIT_0.8958463014278055_0.9002110173803487_0.9108683468748263_SIZE_1_1.45_3
Evaluating in sample:
[GEN_20|make_tuple(0.5065013078500405, 21, 6)|0.8961]
[GEN_20|make_tuple(0.5687487982082344, expit(0.5458483692363412), 6)|0.9101]
[GEN_20|make_tuple(truediv(298, 384), expit(0.35145756482440976), 5)|0.9109]
Evaluating out-of-sample:
[GEN_20|make_tuple(0.5065013078500405, 21, 6)|0.9184]
[GEN_20|make_tuple(0.5687487982082344, expit(0.5458483692363412), 6)|0.9764]
[GEN_20|make_tuple(truediv(298, 384), expit(0.35145756482440976), 5)|0.9934]
GEN_21_FIT_0.8958463014278055_0.8988366624824353_0.9111561334211158_SIZE_1_1.3_3
GEN_22_FIT_0.8958463014278055_0.900395992423291_0.9112682528185385_SIZE_1_1.5_4
GEN_23_FIT_0.8960686272024262_0.8990163322114164_0.9112682528185385_SIZE_1_1.35_4
GEN_24_FIT_0.8960686272024262_0.8984024421223952_0.9133140796122862_SIZE_1_1.3_4
GEN_25_FIT_0.8960686272024262_0.9007362570423643_0.9133140796122862_SIZE_1_1.6_4
GEN_26_FIT_0.8960686272024262_0.9000228186641873_0.9133140796122862_SIZE_1_1.5_4
GEN_27_FIT_0.8960686272024262_0.9008181309078793_0.9133140796122862_SIZE_1_1.6_4
GEN_28_FIT_0.8960686272024262_0.9008181309078793_0.9133140796122862_SIZE_1_1.6_4
GEN_29_FIT_0.8960686272024262_0.8992297437249075_0.9133364526564084_SIZE_1_1.3_3
GEN_30_FIT_0.8960686272024262_0.8992297437249075_0.9133364526564084_SIZE_1_1.3_3
GEN_31_FIT_0.8960686272024262_0.8985572231759882_0.9133364526564084_SIZE_1_1.25_3
GEN_32_FIT_0.8960686272024262_0.8977048189207345_0.9135561930053184_SIZE_1_1.15_3
GEN_33_FIT_0.8960686272024262_0.8984666323488983_0.9135561930053184_SIZE_1_1.2_3
GEN_34_FIT_0.8960686272024262_0.8977983543275562_0.9135561930053184_SIZE_1_1.15_3
GEN_35_FIT_0.8960686272024262_0.8977983543275562_0.9135561930053184_SIZE_1_1.15_3
GEN_36_FIT_0.8960686272024262_0.8977983543275562_0.9135561930053184_SIZE_1_1.15_3
GEN_37_FIT_0.8960686272024262_0.8986727326177008_0.9135561930053184_SIZE_1_1.25_3
GEN_38_FIT_0.8960686272024262_0.8986727326177008_0.9135561930053184_SIZE_1_1.25_3
GEN_39_FIT_0.8960686272024262_0.8986727326177008_0.9135561930053184_SIZE_1_1.25_3
GEN_40_FIT_0.8960686272024262_0.8986727326177008_0.9135561930053184_SIZE_1_1.25_3
Evaluating in sample:
[GEN_40|make_tuple(0.5065013078500405, 21, 6)|0.8961]
[GEN_40|make_tuple(0.6266927675413402, expit(0.5869259843477942), 5)|0.9132]
[GEN_40|make_tuple(truediv(238, 384), expit(0.5953669765479966), 5)|0.9136]
Evaluating out-of-sample:
[GEN_40|make_tuple(0.5065013078500405, 21, 6)|0.9184]
[GEN_40|make_tuple(0.6266927675413402, expit(0.5869259843477942), 5)|0.9883]
[GEN_40|make_tuple(truediv(238, 384), expit(0.5953669765479966), 5)|0.9883]
GEN_41_FIT_0.8960686272024262_0.8986727326177008_0.9135561930053184_SIZE_1_1.25_3
GEN_42_FIT_0.8960686272024262_0.8986727326177008_0.9135561930053184_SIZE_1_1.25_3
GEN_43_FIT_0.8960686272024262_0.8986727326177008_0.9135561930053184_SIZE_1_1.25_3
GEN_44_FIT_0.8960686272024262_0.8995280814526863_0.9135561930053184_SIZE_1_1.3_3
GEN_45_FIT_0.8960686272024262_0.8995492154760999_0.9135561930053184_SIZE_1_1.3_3
GEN_46_FIT_0.8960686272024262_0.8995492154760999_0.9135561930053184_SIZE_1_1.3_3
GEN_47_FIT_0.8960686272024262_0.8995492154760999_0.9135561930053184_SIZE_1_1.3_3
GEN_48_FIT_0.8960686272024262_0.8995492154760999_0.9135561930053184_SIZE_1_1.3_3
GEN_49_FIT_0.8960686272024262_0.8995492154760999_0.9135561930053184_SIZE_1_1.3_3
GEN_50_FIT_0.8960686272024262_0.8995492154760999_0.9135561930053184_SIZE_1_1.3_3
GEN_51_FIT_0.8960686272024262_0.8995492154760999_0.9135561930053184_SIZE_1_1.3_3
GEN_52_FIT_0.8960686272024262_0.8986756614501135_0.9135726782884809_SIZE_1_1.2_3
GEN_53_FIT_0.8960686272024262_0.8986912928704109_0.9135726782884809_SIZE_1_1.25_3
GEN_54_FIT_0.8960686272024262_0.8986930980134378_0.9136676210474831_SIZE_1_1.2_3
GEN_55_FIT_0.8960686272024262_0.8995730477056906_0.9136676210474831_SIZE_1_1.3_3
GEN_56_FIT_0.8960686272024262_0.8995730477056906_0.9136676210474831_SIZE_1_1.3_3
GEN_57_FIT_0.8960686272024262_0.8987013553904918_0.9136676210474831_SIZE_1_1.25_3
GEN_58_FIT_0.8960686272024262_0.8995814393882009_0.9136703071566102_SIZE_1_1.4_4
GEN_59_FIT_0.8960686272024262_0.9013343521894701_0.9136703071566102_SIZE_1_1.6_4
GEN_60_FIT_0.8960686272024262_0.9013343521894701_0.9136703071566102_SIZE_1_1.6_4
Evaluating in sample:
[GEN_60|make_tuple(0.5065013078500405, 21, 6)|0.8961]
[GEN_60|make_tuple(0.6266927675413402, expit(0.6078969280346156), 5)|0.9135]
[GEN_60|make_tuple(truediv(238, 384), expit(0.6055438227131594), 5)|0.9137]
[GEN_60|make_tuple(truediv(238, add(384, 0.04670559846988347)), expit(0.6055438227131594), 5)|0.9137]
Evaluating out-of-sample:
[GEN_60|make_tuple(0.5065013078500405, 21, 6)|0.9184]
[GEN_60|make_tuple(0.6266927675413402, expit(0.6078969280346156), 5)|0.9881]
[GEN_60|make_tuple(truediv(238, 384), expit(0.6055438227131594), 5)|0.9881]
[GEN_60|make_tuple(truediv(238, add(384, 0.04670559846988347)), expit(0.6055438227131594), 5)|0.9881]
GEN_61_FIT_0.8960686272024262_0.9013343521894701_0.9136703071566102_SIZE_1_1.6_4
GEN_62_FIT_0.8960686272024262_0.9013343521894701_0.9136703071566102_SIZE_1_1.6_4
GEN_63_FIT_0.8960686272024262_0.9013343521894701_0.9136703071566102_SIZE_1_1.6_4
GEN_64_FIT_0.8960686272024262_0.8986952315542709_0.913687562096922_SIZE_1_1.2_3
GEN_65_FIT_0.8960686272024262_0.8986952315542709_0.913687562096922_SIZE_1_1.2_3
GEN_66_FIT_0.8960686272024262_0.8986952315542709_0.913687562096922_SIZE_1_1.2_3
GEN_67_FIT_0.8960686272024262_0.8995761782989955_0.913687562096922_SIZE_1_1.3_3
GEN_68_FIT_0.8960686272024262_0.8987037551493355_0.913687562096922_SIZE_1_1.25_3
GEN_69_FIT_0.8960686272024262_0.8995769896067956_0.913687562096922_SIZE_1_1.3_3
GEN_70_FIT_0.8960686272024262_0.8995769896067956_0.913687562096922_SIZE_1_1.3_3
GEN_71_FIT_0.8960686272024262_0.8995769896067956_0.913687562096922_SIZE_1_1.3_3
GEN_72_FIT_0.8960686272024262_0.8995769896067956_0.913687562096922_SIZE_1_1.3_3
GEN_73_FIT_0.8960686272024262_0.8995769896067956_0.913687562096922_SIZE_1_1.3_3
GEN_74_FIT_0.8960686272024262_0.8987088291965868_0.913687562096922_SIZE_1_1.25_3
GEN_75_FIT_0.8960686272024262_0.8995871377012982_0.913687562096922_SIZE_1_1.3_3
GEN_76_FIT_0.8960686272024262_0.8995871377012982_0.913687562096922_SIZE_1_1.3_3
GEN_77_FIT_0.8960686272024262_0.8995871377012982_0.913687562096922_SIZE_1_1.3_3
GEN_78_FIT_0.8960686272024262_0.8995871377012982_0.913687562096922_SIZE_1_1.3_3
GEN_79_FIT_0.8960686272024262_0.8987074009753823_0.9137117624731004_SIZE_1_1.2_3
GEN_80_FIT_0.8960686272024262_0.8987074009753823_0.9137117624731004_SIZE_1_1.2_3
Evaluating in sample:
[GEN_80|make_tuple(0.5065013078500405, 21, 6)|0.8961]
[GEN_80|make_tuple(0.6123438372045642, expit(0.5977949304885272), 5)|0.9136]
[GEN_80|make_tuple(truediv(237, 384), expit(0.6078969280346156), 5)|0.9137]
Evaluating out-of-sample:
[GEN_80|make_tuple(0.5065013078500405, 21, 6)|0.9184]
[GEN_80|make_tuple(0.6123438372045642, expit(0.5977949304885272), 5)|0.9886]
[GEN_80|make_tuple(truediv(237, 384), expit(0.6078969280346156), 5)|0.9883]
GEN_81_FIT_0.8960686272024262_0.8987074009753823_0.9137117624731004_SIZE_1_1.2_3
GEN_82_FIT_0.8960686272024262_0.8987074009753823_0.9137117624731004_SIZE_1_1.2_3
GEN_83_FIT_0.8960686272024262_0.8995895577389159_0.9137117624731004_SIZE_1_1.3_3
GEN_84_FIT_0.8960686272024262_0.8995895577389159_0.9137117624731004_SIZE_1_1.3_3
GEN_85_FIT_0.8960686272024262_0.8995895577389159_0.9137117624731004_SIZE_1_1.3_3
GEN_86_FIT_0.8960686272024262_0.8995895577389159_0.9137117624731004_SIZE_1_1.3_3
GEN_87_FIT_0.8960686272024262_0.8987124152260633_0.9137117624731004_SIZE_1_1.25_3
GEN_88_FIT_0.8960686272024262_0.8987124152260633_0.9137117624731004_SIZE_1_1.25_3
GEN_89_FIT_0.8960686272024262_0.8987124152260633_0.9137117624731004_SIZE_1_1.25_3
GEN_90_FIT_0.8960686272024262_0.8995918897226332_0.9137117624731004_SIZE_1_1.3_3
GEN_91_FIT_0.8960686272024262_0.8995918897226332_0.9137117624731004_SIZE_1_1.3_3
GEN_92_FIT_0.8960686272024262_0.8995918897226332_0.9137117624731004_SIZE_1_1.3_3
GEN_93_FIT_0.8960686272024262_0.8995918897226332_0.9137117624731004_SIZE_1_1.3_3
GEN_94_FIT_0.8960686272024262_0.8987372015977382_0.914261135245876_SIZE_1_1.2_3
GEN_95_FIT_0.8960686272024262_0.8987372015977382_0.914261135245876_SIZE_1_1.2_3
GEN_96_FIT_0.8960686272024262_0.8987690908447018_0.914261135245876_SIZE_1_1.25_3
GEN_97_FIT_0.8960686272024262_0.8987690908447018_0.914261135245876_SIZE_1_1.25_3
GEN_98_FIT_0.8960686272024262_0.8978633484332053_0.914338795059391_SIZE_1_1.15_3
GEN_99_FIT_0.8960686272024262_0.8978645128686663_0.914338795059391_SIZE_1_1.15_3
GEN_100_FIT_0.8960686272024262_0.8978656928372057_0.914338795059391_SIZE_1_1.15_3
Evaluating in sample:
[GEN_100|make_tuple(0.5065013078500405, 21, 6)|0.8961]
[GEN_100|make_tuple(0.6064486718556814, expit(0.5990069145941955), 5)|0.9137]
[GEN_100|make_tuple(0.6064486718556814, expit(0.5990069145941955), add(5, 0.17145919237049823))|0.9143]
Evaluating out-of-sample:
[GEN_100|make_tuple(0.5065013078500405, 21, 6)|0.9184]
[GEN_100|make_tuple(0.6064486718556814, expit(0.5990069145941955), 5)|0.9886]
[GEN_100|make_tuple(0.6064486718556814, expit(0.5990069145941955), add(5, 0.17145919237049823))|0.9883]
GEN_101_FIT_0.8960686272024262_0.8987492500791374_0.914338795059391_SIZE_1_1.2_3
GEN_102_FIT_0.8960686272024262_0.8987507593766064_0.9143689810087717_SIZE_1_1.2_3
GEN_103_FIT_0.8960686272024262_0.898752718108714_0.9143689810087717_SIZE_1_1.2_3
GEN_104_FIT_0.8960686272024262_0.898752718108714_0.9143689810087717_SIZE_1_1.2_3
GEN_105_FIT_0.8960686272024262_0.8996677357990311_0.9143689810087717_SIZE_1_1.3_3
GEN_106_FIT_0.8960686272024262_0.8996677357990311_0.9143689810087717_SIZE_1_1.3_3
GEN_107_FIT_0.8960686272024262_0.8996677357990311_0.9143689810087717_SIZE_1_1.3_3
GEN_108_FIT_0.8960686272024262_0.8996677357990311_0.9143689810087717_SIZE_1_1.3_3
GEN_109_FIT_0.8960686272024262_0.8996677357990311_0.9143689810087717_SIZE_1_1.3_3
GEN_110_FIT_0.8960686272024262_0.8996677357990311_0.9143689810087717_SIZE_1_1.3_3
GEN_111_FIT_0.8960686272024262_0.8996677357990311_0.9143689810087717_SIZE_1_1.3_3
GEN_112_FIT_0.8960686272024262_0.8996677357990311_0.9143689810087717_SIZE_1_1.3_3
GEN_113_FIT_0.8960686272024262_0.8996677357990311_0.9143689810087717_SIZE_1_1.3_3
GEN_114_FIT_0.8960686272024262_0.8996677357990311_0.9143689810087717_SIZE_1_1.3_3
GEN_115_FIT_0.8960686272024262_0.8996677357990311_0.9143689810087717_SIZE_1_1.3_3
GEN_116_FIT_0.8960686272024262_0.8996677357990311_0.9143689810087717_SIZE_1_1.3_3
GEN_117_FIT_0.8960686272024262_0.8996677357990311_0.9143689810087717_SIZE_1_1.3_3
GEN_118_FIT_0.8960686272024262_0.8996677357990311_0.9143689810087717_SIZE_1_1.3_3
GEN_119_FIT_0.8960686272024262_0.8996677357990311_0.9143689810087717_SIZE_1_1.3_3
GEN_120_FIT_0.8960686272024262_0.8996677357990311_0.9143689810087717_SIZE_1_1.3_3
Evaluating in sample:
[GEN_120|make_tuple(0.5065013078500405, 21, 6)|0.8961]
[GEN_120|make_tuple(0.6192440158904778, expit(0.5990069145941955), 5)|0.9138]
[GEN_120|make_tuple(0.6192440158904778, expit(0.5990069145941955), add(5, 0.17145919237049823))|0.9144]
Evaluating out-of-sample:
[GEN_120|make_tuple(0.5065013078500405, 21, 6)|0.9184]
[GEN_120|make_tuple(0.6192440158904778, expit(0.5990069145941955), 5)|0.9883]
[GEN_120|make_tuple(0.6192440158904778, expit(0.5990069145941955), add(5, 0.17145919237049823))|0.9879]
GEN_121_FIT_0.8960686272024262_0.8996677357990311_0.9143689810087717_SIZE_1_1.3_3
GEN_122_FIT_0.8960686272024262_0.8996677357990311_0.9143689810087717_SIZE_1_1.3_3
GEN_123_FIT_0.8960686272024262_0.8996677357990311_0.9143689810087717_SIZE_1_1.3_3
Evaluating in sample:
[GEN_123|make_tuple(0.5065013078500405, 21, 6)|0.8961]
[GEN_123|make_tuple(0.6192440158904778, expit(0.5990069145941955), 5)|0.9138]
[GEN_123|make_tuple(0.6192440158904778, expit(0.5990069145941955), add(5, 0.17145919237049823))|0.9144]
Evaluating out-of-sample:
[GEN_123|make_tuple(0.5065013078500405, 21, 6)|0.9184]
[GEN_123|make_tuple(0.6192440158904778, expit(0.5990069145941955), 5)|0.9883]
[GEN_123|make_tuple(0.6192440158904778, expit(0.5990069145941955), add(5, 0.17145919237049823))|0.9879]
Stopped early in iteration 123, no improvement in 20 gens.
START_TASK: 11
GEN_0_FIT_0.8702270202092214_0.8811262600930325_0.9033315295087063_SIZE_1_3.15_11
GEN_1_FIT_0.8852308531867379_0.8922696451523962_0.9035631965324289_SIZE_1_2.6_5
GEN_2_FIT_0.8852924764649653_0.8978516228080323_0.9090282582102913_SIZE_1_2.4_5
GEN_3_FIT_0.8874141917070364_0.8910572273664439_0.91103190674518_SIZE_1_1.15_2
GEN_4_FIT_0.8875830451161243_0.8961534714349251_0.91103190674518_SIZE_1_1.35_2
GEN_5_FIT_0.8875830451161243_0.8945730547753504_0.9113757207143469_SIZE_1_1.35_3
GEN_6_FIT_0.8875830451161243_0.9010012156277017_0.9113757207143469_SIZE_1_1.55_4
GEN_7_FIT_0.8952508991799529_0.8977820389288109_0.9127380412467304_SIZE_1_1.25_4
GEN_8_FIT_0.8952508991799529_0.903589744333513_0.9127380412467304_SIZE_1_1.95_5
GEN_9_FIT_0.8956588543207412_0.9081885844570475_0.9127380412467304_SIZE_1_2.8_5
GEN_10_FIT_0.8958453899764595_0.909899214295673_0.9127380412467304_SIZE_1_2.6_5
GEN_11_FIT_0.8958453899764595_0.9043313688143948_0.9132684988852072_SIZE_1_1.95_4
GEN_12_FIT_0.8961765380965877_0.9036236601240064_0.9134969168339987_SIZE_1_1.75_4
GEN_13_FIT_0.8961765380965877_0.9037248090752174_0.9134969168339987_SIZE_1_1.65_4
GEN_14_FIT_0.8961765380965877_0.8970820203120731_0.9137531907937728_SIZE_1_1.05_2
GEN_15_FIT_0.8962061487417278_0.8970835008443302_0.9137531907937728_SIZE_1_1.05_2
GEN_16_FIT_0.8962061487417278_0.8979608529469324_0.9137531907937728_SIZE_1_1.1_2
GEN_17_FIT_0.8962061487417278_0.8979608529469324_0.9137531907937728_SIZE_1_1.1_2
GEN_18_FIT_0.8962061487417278_0.8988226328732983_0.9137531907937728_SIZE_1_1.15_2
GEN_19_FIT_0.8962061487417278_0.9031796629825759_0.9137531907937728_SIZE_1_1.4_2
GEN_20_FIT_0.8962344277165122_0.9111471189740936_0.9143368531947772_SIZE_1_2.0_3
Evaluating in sample:
[GEN_20|make_tuple(0.5068468359125479, 734, 6)|0.8963]
[GEN_20|make_tuple(0.6322971279522043, expit(0.6010330143512397), 5)|0.9138]
[GEN_20|make_tuple(0.6322971279522043, expit(0.6010330143512397), add(0.003137714249382988, 5))|0.9143]
Evaluating out-of-sample:
[GEN_20|make_tuple(0.5068468359125479, 734, 6)|0.8883]
[GEN_20|make_tuple(0.6322971279522043, expit(0.6010330143512397), 5)|0.9032]
[GEN_20|make_tuple(0.6322971279522043, expit(0.6010330143512397), add(0.003137714249382988, 5))|0.9044]
GEN_21_FIT_0.896336891629157_0.9120699271174117_0.9143368531947772_SIZE_1_2.0_3
GEN_22_FIT_0.8962342457856204_0.9078277782790366_0.9143368531947772_SIZE_1_1.95_3
GEN_23_FIT_0.896336891629157_0.8990364577759193_0.9143368531947772_SIZE_1_1.25_3
GEN_24_FIT_0.896336891629157_0.8990364577759193_0.9143368531947772_SIZE_1_1.25_3
GEN_25_FIT_0.896336891629157_0.8999360277661195_0.9143368531947772_SIZE_1_1.3_3
GEN_26_FIT_0.896336891629157_0.8972406024860146_0.9144111087663057_SIZE_1_1.05_2
GEN_27_FIT_0.896336891629157_0.8981443133428719_0.9144111087663057_SIZE_1_1.1_2
GEN_28_FIT_0.896336891629157_0.8981443133428719_0.9144111087663057_SIZE_1_1.1_2
GEN_29_FIT_0.896336891629157_0.8981443133428719_0.9144111087663057_SIZE_1_1.1_2
GEN_30_FIT_0.896336891629157_0.8981443133428719_0.9144111087663057_SIZE_1_1.1_2
GEN_31_FIT_0.896336891629157_0.8981443133428719_0.9144111087663057_SIZE_1_1.1_2
GEN_32_FIT_0.896336891629157_0.8981443133428719_0.9144111087663057_SIZE_1_1.1_2
GEN_33_FIT_0.896336891629157_0.8981443133428719_0.9144111087663057_SIZE_1_1.1_2
GEN_34_FIT_0.896336891629157_0.8981443133428719_0.9144111087663057_SIZE_1_1.1_2
GEN_35_FIT_0.896336891629157_0.8981443133428719_0.9144111087663057_SIZE_1_1.1_2
GEN_36_FIT_0.896336891629157_0.8981443133428719_0.9144111087663057_SIZE_1_1.1_2
GEN_37_FIT_0.896336891629157_0.8981443133428719_0.9144111087663057_SIZE_1_1.1_2
GEN_38_FIT_0.896336891629157_0.8981443133428719_0.9144111087663057_SIZE_1_1.1_2
GEN_39_FIT_0.896336891629157_0.8981443133428719_0.9144111087663057_SIZE_1_1.1_2
GEN_40_FIT_0.896336891629157_0.8981443133428719_0.9144111087663057_SIZE_1_1.1_2
Evaluating in sample:
[GEN_40|make_tuple(0.5068468359125479, 734, 6)|0.8963]
[GEN_40|make_tuple(0.6081604223494838, expit(0.6010330143512397), 5)|0.9144]
Evaluating out-of-sample:
[GEN_40|make_tuple(0.5068468359125479, 734, 6)|0.8883]
[GEN_40|make_tuple(0.6081604223494838, expit(0.6010330143512397), 5)|0.9089]
GEN_41_FIT_0.896336891629157_0.8981443133428719_0.9144111087663057_SIZE_1_1.1_2
GEN_42_FIT_0.896336891629157_0.8981443133428719_0.9144111087663057_SIZE_1_1.1_2
GEN_43_FIT_0.896336891629157_0.8981443133428719_0.9144111087663057_SIZE_1_1.1_2
GEN_44_FIT_0.896336891629157_0.8981443133428719_0.9144111087663057_SIZE_1_1.1_2
GEN_45_FIT_0.896336891629157_0.8981443133428719_0.9144111087663057_SIZE_1_1.1_2
GEN_46_FIT_0.896336891629157_0.8981443133428719_0.9144111087663057_SIZE_1_1.1_2
GEN_47_FIT_0.896336891629157_0.8981443133428719_0.9144111087663057_SIZE_1_1.1_2
Evaluating in sample:
[GEN_47|make_tuple(0.5068468359125479, 734, 6)|0.8963]
[GEN_47|make_tuple(0.6081604223494838, expit(0.6010330143512397), 5)|0.9144]
Evaluating out-of-sample:
[GEN_47|make_tuple(0.5068468359125479, 734, 6)|0.8883]
[GEN_47|make_tuple(0.6081604223494838, expit(0.6010330143512397), 5)|0.9089]
Stopped early in iteration 47, no improvement in 20 gens.
START_TASK: 12
GEN_0_FIT_0.8690757117151369_0.8859126293878289_0.907459373025242_SIZE_1_3.3_9
GEN_1_FIT_0.8872411212809207_0.8999184133540048_0.907459373025242_SIZE_1_4.7_9
GEN_2_FIT_0.8932704194200366_0.9010267971884293_0.9082667747517335_SIZE_1_3.5_7
GEN_3_FIT_0.8924245908382172_0.9009468288078744_0.9094893670686867_SIZE_1_3.05_7
GEN_4_FIT_0.8924245908382172_0.8983085428184392_0.9096213137163482_SIZE_1_2.4_7
GEN_5_FIT_0.8935770369239707_0.9052129810006828_0.9100272869982436_SIZE_1_4.2_7
GEN_6_FIT_0.8686841157478596_0.9038018108630077_0.9106836776165921_SIZE_1_3.85_7
GEN_7_FIT_0.8935770369239707_0.9056712601799916_0.9112291312973129_SIZE_1_3.65_7
GEN_8_FIT_0.8935770369239707_0.9048335274150278_0.9112291312973129_SIZE_1_3.35_7
GEN_9_FIT_0.894954785739238_0.9059083971955995_0.9117329097378569_SIZE_1_3.0_8
GEN_10_FIT_0.8951815499883435_0.9072316649090553_0.9136909402140786_SIZE_1_3.6_8
GEN_11_FIT_0.8952106134367709_0.9065025445572734_0.9136909402140786_SIZE_1_3.45_8
GEN_12_FIT_0.8952720123441196_0.9063693193696546_0.9140226590757888_SIZE_1_3.7_8
GEN_13_FIT_0.8953111035009064_0.903971904137185_0.9140226590757888_SIZE_1_2.95_8
GEN_14_FIT_0.8954883685945001_0.9015277941821493_0.9140226590757888_SIZE_1_2.05_7
GEN_15_FIT_0.8954883685945001_0.9000581056831296_0.9140226590757888_SIZE_1_1.95_7
GEN_16_FIT_0.8954883685945001_0.8991437976602853_0.9142707891001922_SIZE_1_1.6_6
GEN_17_FIT_0.8954883685945001_0.9000438997901986_0.9142707891001922_SIZE_1_1.6_5
GEN_18_FIT_0.8954883685945001_0.9000438997901986_0.9142707891001922_SIZE_1_1.45_4
GEN_19_FIT_0.8954883685945001_0.9000438997901986_0.9142707891001922_SIZE_1_1.45_4
GEN_20_FIT_0.8954883685945001_0.8982747136003629_0.9142707891001922_SIZE_1_1.35_4
Evaluating in sample:
[GEN_20|make_tuple(0.5560726467288863, 432, 6)|0.8955]
[GEN_20|make_tuple(0.6177386619452804, expit(0.6034787024657463), 5)|0.9137]
[GEN_20|make_tuple(0.6177386619452804, expit(0.6034787024657463), add(pow(7, 0.6364935869916857), 2))|0.9143]
Evaluating out-of-sample:
[GEN_20|make_tuple(0.5560726467288863, 432, 6)|0.9635]
[GEN_20|make_tuple(0.6177386619452804, expit(0.6034787024657463), 5)|0.9927]
[GEN_20|make_tuple(0.6177386619452804, expit(0.6034787024657463), add(pow(7, 0.6364935869916857), 2))|0.9927]
GEN_21_FIT_0.8954883685945001_0.8982747136003629_0.9142707891001922_SIZE_1_1.35_4
GEN_22_FIT_0.8954883685945001_0.8991828165556568_0.9142707891001922_SIZE_1_1.4_4
GEN_23_FIT_0.8954883685945001_0.8991828165556568_0.9142707891001922_SIZE_1_1.4_4
GEN_24_FIT_0.8954883685945001_0.8991828165556568_0.9142707891001922_SIZE_1_1.4_4
GEN_25_FIT_0.8954883685945001_0.8991828165556568_0.9142707891001922_SIZE_1_1.4_4
GEN_26_FIT_0.8954883685945001_0.898274748473814_0.9142707891001922_SIZE_1_1.35_4
GEN_27_FIT_0.8954883685945001_0.899182886302559_0.9142707891001922_SIZE_1_1.4_4
GEN_28_FIT_0.8954883685945001_0.899182886302559_0.9142707891001922_SIZE_1_1.4_4
GEN_29_FIT_0.8954883685945001_0.8982438913690876_0.914273310936454_SIZE_1_1.2_3
GEN_30_FIT_0.8954883685945001_0.8982796752482084_0.914273310936454_SIZE_1_1.25_3
GEN_31_FIT_0.8954883685945001_0.8973443180388909_0.9143511090920557_SIZE_1_1.15_3
GEN_32_FIT_0.8954883685945001_0.8992002674832816_0.9143511090920557_SIZE_1_1.3_3
GEN_33_FIT_0.8954883685945001_0.8992002674832816_0.9143511090920557_SIZE_1_1.3_3
GEN_34_FIT_0.8954883685945001_0.8992002674832816_0.9143511090920557_SIZE_1_1.3_3
GEN_35_FIT_0.8954883685945001_0.8992002674832816_0.9143511090920557_SIZE_1_1.3_3
GEN_36_FIT_0.8954883685945001_0.9066129872283799_0.9143511090920557_SIZE_1_1.95_4
GEN_37_FIT_0.8955990428731421_0.9122333056272467_0.9143511090920557_SIZE_1_2.4_3
GEN_38_FIT_0.8955990428731421_0.911962477439016_0.914392974293085_SIZE_1_1.95_3
GEN_39_FIT_0.8927039632810329_0.9042285495915138_0.914392974293085_SIZE_1_1.65_3
GEN_40_FIT_0.8955990428731421_0.8983584854546626_0.9144000788987685_SIZE_1_1.2_3
Evaluating in sample:
[GEN_40|make_tuple(0.5055357928958265, 432, 6)|0.8956]
[GEN_40|make_tuple(0.6186759221076297, expit(0.5999129751879878), 5)|0.9138]
[GEN_40|make_tuple(0.6186759221076297, expit(0.5999129751879878), add(0.13208406586569965, 5))|0.9144]
Evaluating out-of-sample:
[GEN_40|make_tuple(0.5055357928958265, 432, 6)|0.9634]
[GEN_40|make_tuple(0.6186759221076297, expit(0.5999129751879878), 5)|0.9928]
[GEN_40|make_tuple(0.6186759221076297, expit(0.5999129751879878), add(0.13208406586569965, 5))|0.9928]
GEN_41_FIT_0.8955990428731421_0.899298537255944_0.9144000788987685_SIZE_1_1.3_3
GEN_42_FIT_0.8955990428731421_0.899298537255944_0.9144000788987685_SIZE_1_1.3_3
GEN_43_FIT_0.8955990428731421_0.899298537255944_0.9144000788987685_SIZE_1_1.3_3
GEN_44_FIT_0.8955990428731421_0.899298537255944_0.9144000788987685_SIZE_1_1.3_3
GEN_45_FIT_0.8955990428731421_0.899298537255944_0.9144000788987685_SIZE_1_1.3_3
GEN_46_FIT_0.8955990428731421_0.899298537255944_0.9144000788987685_SIZE_1_1.3_3
GEN_47_FIT_0.8955990428731421_0.899298537255944_0.9144000788987685_SIZE_1_1.3_3
GEN_48_FIT_0.8955990428731421_0.899298537255944_0.9144000788987685_SIZE_1_1.3_3
GEN_49_FIT_0.8955990428731421_0.899298537255944_0.9144000788987685_SIZE_1_1.3_3
GEN_50_FIT_0.8955990428731421_0.899298537255944_0.9144000788987685_SIZE_1_1.3_3
GEN_51_FIT_0.8955990428731421_0.899298537255944_0.9144000788987685_SIZE_1_1.3_3
GEN_52_FIT_0.8955990428731421_0.899298537255944_0.9144000788987685_SIZE_1_1.3_3
GEN_53_FIT_0.8955990428731421_0.899298537255944_0.9144000788987685_SIZE_1_1.3_3
GEN_54_FIT_0.8955990428731421_0.899298537255944_0.9144000788987685_SIZE_1_1.3_3
GEN_55_FIT_0.8955990428731421_0.899298537255944_0.9144000788987685_SIZE_1_1.3_3
GEN_56_FIT_0.8955990428731421_0.899298537255944_0.9144000788987685_SIZE_1_1.3_3
GEN_57_FIT_0.8955990428731421_0.899298537255944_0.9144000788987685_SIZE_1_1.3_3
GEN_58_FIT_0.8955990428731421_0.899298537255944_0.9144000788987685_SIZE_1_1.3_3
GEN_59_FIT_0.8955990428731421_0.899298537255944_0.9144000788987685_SIZE_1_1.3_3
GEN_60_FIT_0.8955990428731421_0.899298537255944_0.9144000788987685_SIZE_1_1.3_3
Evaluating in sample:
[GEN_60|make_tuple(0.5055357928958265, 432, 6)|0.8956]
[GEN_60|make_tuple(0.6186759221076297, expit(0.5999129751879878), 5)|0.9138]
[GEN_60|make_tuple(0.6186759221076297, expit(0.5999129751879878), add(0.13208406586569965, 5))|0.9144]
Evaluating out-of-sample:
[GEN_60|make_tuple(0.5055357928958265, 432, 6)|0.9634]
[GEN_60|make_tuple(0.6186759221076297, expit(0.5999129751879878), 5)|0.9928]
[GEN_60|make_tuple(0.6186759221076297, expit(0.5999129751879878), add(0.13208406586569965, 5))|0.9928]
GEN_61_FIT_0.8955990428731421_0.899298537255944_0.9144000788987685_SIZE_1_1.3_3
Evaluating in sample:
[GEN_61|make_tuple(0.5055357928958265, 432, 6)|0.8956]
[GEN_61|make_tuple(0.6186759221076297, expit(0.5999129751879878), 5)|0.9138]
[GEN_61|make_tuple(0.6186759221076297, expit(0.5999129751879878), add(0.13208406586569965, 5))|0.9144]
Evaluating out-of-sample:
[GEN_61|make_tuple(0.5055357928958265, 432, 6)|0.9634]
[GEN_61|make_tuple(0.6186759221076297, expit(0.5999129751879878), 5)|0.9928]
[GEN_61|make_tuple(0.6186759221076297, expit(0.5999129751879878), add(0.13208406586569965, 5))|0.9928]
Stopped early in iteration 61, no improvement in 20 gens.
START_TASK: 14
GEN_0_FIT_0.8653420058697512_0.8828291053448977_0.904954140335681_SIZE_1_3.15_10
GEN_1_FIT_0.8689196250161243_0.8880194334121402_0.9052057972615081_SIZE_1_2.35_4
GEN_2_FIT_0.8692262294326737_0.8818483308257485_0.9052057972615081_SIZE_1_1.65_4
GEN_3_FIT_0.8696890341457972_0.8750071106023256_0.908262584019674_SIZE_1_1.2_3
GEN_4_FIT_0.8696890341457972_0.8755028604858938_0.908818461199978_SIZE_1_1.25_4
GEN_5_FIT_0.8696890341457972_0.8764039119299671_0.909217271289546_SIZE_1_1.25_4
GEN_6_FIT_0.8696890341457972_0.89832452157637_0.9102334652870525_SIZE_1_1.95_4
GEN_7_FIT_0.8858412383355802_0.8935542740153686_0.9107191009553924_SIZE_1_1.55_5
GEN_8_FIT_0.8866957219699912_0.9004438864847645_0.9110217379957325_SIZE_1_2.35_5
GEN_9_FIT_0.8938336371191142_0.9067474414084232_0.9110217379957325_SIZE_1_2.95_5
GEN_10_FIT_0.8952015981264397_0.898570423849409_0.9128747049635481_SIZE_1_1.45_4
GEN_11_FIT_0.8953796226531935_0.9027147484324326_0.9132710123956854_SIZE_1_1.9_4
GEN_12_FIT_0.8953796226531935_0.9047675833481114_0.9138396909493428_SIZE_1_2.35_5
GEN_13_FIT_0.895568247149546_0.8998841661032158_0.9138396909493428_SIZE_1_1.7_5
GEN_14_FIT_0.895568247149546_0.9040285164138618_0.913860993568834_SIZE_1_2.25_5
GEN_15_FIT_0.895568247149546_0.9071810264356298_0.913860993568834_SIZE_1_2.55_6
GEN_16_FIT_0.895568247149546_0.9026493525563183_0.913860993568834_SIZE_1_2.1_6
GEN_17_FIT_0.8956899536410005_0.9026868707886845_0.9138997760240924_SIZE_1_2.05_6
GEN_18_FIT_0.8956899536410005_0.9036406411540749_0.9138997760240924_SIZE_1_2.4_6
GEN_19_FIT_0.8956899536410005_0.9019399848050946_0.9139027890614082_SIZE_1_2.1_6
GEN_20_FIT_0.8956899536410005_0.8992293650105866_0.9139027890614082_SIZE_1_1.5_5
Evaluating in sample:
[GEN_20|make_tuple(0.505347868312837, 928, 6)|0.8957]
[GEN_20|make_tuple(0.6194681392205622, expit(0.5105858953468904), 5)|0.9121]
[GEN_20|make_tuple(0.6194681392205622, expit(expit(0.3881472499398432)), 5)|0.9136]
[GEN_20|make_tuple(0.6152665153461786, expit(expit(0.33790470519287763)), add(0.07392753272643779, 5))|0.9139]
[GEN_20|make_tuple(0.6194681392205622, add(0.0014265178457676976, expit(expit(0.33790470519287763))), add(0.09069320591620543, 5))|0.9139]
Evaluating out-of-sample:
[GEN_20|make_tuple(0.505347868312837, 928, 6)|0.9524]
[GEN_20|make_tuple(0.6194681392205622, expit(0.5105858953468904), 5)|0.9883]
[GEN_20|make_tuple(0.6194681392205622, expit(expit(0.3881472499398432)), 5)|0.9886]
[GEN_20|make_tuple(0.6152665153461786, expit(expit(0.33790470519287763)), add(0.07392753272643779, 5))|0.9886]
[GEN_20|make_tuple(0.6194681392205622, add(0.0014265178457676976, expit(expit(0.33790470519287763))), add(0.09069320591620543, 5))|0.9886]
GEN_21_FIT_0.8956899536410005_0.9019731503146554_0.9139027890614082_SIZE_1_1.95_5
GEN_22_FIT_0.8956899536410005_0.9019731503146554_0.9139027890614082_SIZE_1_1.95_5
GEN_23_FIT_0.8956899536410005_0.9019981537194305_0.9139027890614082_SIZE_1_1.95_5
GEN_24_FIT_0.8956899536410005_0.8992712389390345_0.9142214666625191_SIZE_1_1.35_4
GEN_25_FIT_0.8956899536410005_0.9001985970708329_0.9142214666625191_SIZE_1_1.5_4
GEN_26_FIT_0.8956899536410005_0.900200014570902_0.9142214666625191_SIZE_1_1.5_4
GEN_27_FIT_0.8956899536410005_0.9011063419109503_0.9142214666625191_SIZE_1_1.6_4
GEN_28_FIT_0.8956899536410005_0.9011063419109503_0.9142214666625191_SIZE_1_1.6_4
GEN_29_FIT_0.8956899536410005_0.9011063419109503_0.9142214666625191_SIZE_1_1.6_4
GEN_30_FIT_0.8956899536410005_0.9001804198779271_0.9142345390235739_SIZE_1_1.45_4
GEN_31_FIT_0.8956899536410005_0.9011076491470558_0.9142345390235739_SIZE_1_1.6_4
GEN_32_FIT_0.8956899536410005_0.9011076491470558_0.9142345390235739_SIZE_1_1.6_4
GEN_33_FIT_0.8956899536410005_0.9011076491470558_0.9142345390235739_SIZE_1_1.6_4
GEN_34_FIT_0.8956899536410005_0.9119028498705897_0.9142345390235739_SIZE_1_2.8_4
GEN_35_FIT_0.8957788119163633_0.9122432862041363_0.9142345390235739_SIZE_1_3.4_4
GEN_36_FIT_0.8924844007344177_0.910003601399543_0.9143862319099199_SIZE_1_2.65_4
GEN_37_FIT_0.8956359812617194_0.903839521337591_0.9143862319099199_SIZE_1_1.85_4
GEN_38_FIT_0.8957788119163633_0.900329884956253_0.9143862319099199_SIZE_1_1.55_4
GEN_39_FIT_0.8957788119163633_0.9002988214448011_0.9143862319099199_SIZE_1_1.5_4
GEN_40_FIT_0.8957788119163633_0.9012060656269256_0.9143862319099199_SIZE_1_1.6_4
Evaluating in sample:
[GEN_40|make_tuple(0.5065916157056828, 4, 6)|0.8958]
[GEN_40|make_tuple(0.6194681392205622, expit(0.6093943091577868), 5)|0.9133]
[GEN_40|make_tuple(0.6194681392205622, expit(0.6093943091577868), add(0.06987939802160685, 5))|0.9139]
[GEN_40|make_tuple(0.6194681392205622, expit(expit(0.4063217110005508)), add(0.009174676539250146, 5))|0.9144]
Evaluating out-of-sample:
[GEN_40|make_tuple(0.5065916157056828, 4, 6)|0.9524]
[GEN_40|make_tuple(0.6194681392205622, expit(0.6093943091577868), 5)|0.9885]
[GEN_40|make_tuple(0.6194681392205622, expit(0.6093943091577868), add(0.06987939802160685, 5))|0.9885]
[GEN_40|make_tuple(0.6194681392205622, expit(expit(0.4063217110005508)), add(0.009174676539250146, 5))|0.9886]
GEN_41_FIT_0.8957788119163633_0.9012060656269256_0.9143862319099199_SIZE_1_1.6_4
GEN_42_FIT_0.8957788119163633_0.9012060656269256_0.9143862319099199_SIZE_1_1.6_4
GEN_43_FIT_0.8957788119163633_0.9012060656269256_0.9143862319099199_SIZE_1_1.6_4
GEN_44_FIT_0.8957788119163633_0.9003408238842836_0.9143862319099199_SIZE_1_1.55_4
GEN_45_FIT_0.8957788119163633_0.9012276054885998_0.9143862319099199_SIZE_1_1.6_4
GEN_46_FIT_0.8957788119163633_0.9003531655152944_0.9143862319099199_SIZE_1_1.55_4
GEN_47_FIT_0.8957788119163633_0.9003531655152944_0.9143862319099199_SIZE_1_1.55_4
GEN_48_FIT_0.8957788119163633_0.9003531655152944_0.9143862319099199_SIZE_1_1.55_4
GEN_49_FIT_0.8957788119163633_0.9003531655152944_0.9143862319099199_SIZE_1_1.55_4
GEN_50_FIT_0.8957788119163633_0.9012522887506215_0.9143862319099199_SIZE_1_1.6_4
GEN_51_FIT_0.8957788119163633_0.9012522887506215_0.9143862319099199_SIZE_1_1.6_4
GEN_52_FIT_0.8957788119163633_0.9003671521890915_0.9143862319099199_SIZE_1_1.5_4
GEN_53_FIT_0.8957788119163633_0.9012965039918104_0.9143862319099199_SIZE_1_1.6_4
GEN_54_FIT_0.8957788119163633_0.9012965039918104_0.9143862319099199_SIZE_1_1.6_4
GEN_55_FIT_0.8957788119163633_0.9012965039918104_0.9143862319099199_SIZE_1_1.6_4
GEN_56_FIT_0.8957788119163633_0.9012965039918104_0.9143862319099199_SIZE_1_1.6_4
GEN_57_FIT_0.8957788119163633_0.9012965039918104_0.9143862319099199_SIZE_1_1.6_4
Evaluating in sample:
[GEN_57|make_tuple(0.5065916157056828, 4, 6)|0.8958]
[GEN_57|make_tuple(0.6194681392205622, expit(0.5984913462507307), 5)|0.9138]
[GEN_57|make_tuple(0.6194681392205622, expit(0.5984913462507307), add(0.17799930173493647, 5))|0.9144]
[GEN_57|make_tuple(0.6194681392205622, expit(expit(0.4063217110005508)), add(0.009174676539250146, 5))|0.9144]
Evaluating out-of-sample:
[GEN_57|make_tuple(0.5065916157056828, 4, 6)|0.9524]
[GEN_57|make_tuple(0.6194681392205622, expit(0.5984913462507307), 5)|0.9886]
[GEN_57|make_tuple(0.6194681392205622, expit(0.5984913462507307), add(0.17799930173493647, 5))|0.9886]
[GEN_57|make_tuple(0.6194681392205622, expit(expit(0.4063217110005508)), add(0.009174676539250146, 5))|0.9886]
Stopped early in iteration 57, no improvement in 20 gens.
START_TASK: 15
GEN_0_FIT_0.869213685405627_0.876538130336033_0.9004300233508962_SIZE_1_2.05_5
GEN_1_FIT_0.8699862328096335_0.8898044799889737_0.9004300233508962_SIZE_1_2.45_5
GEN_2_FIT_0.884124163161187_0.8851098190498439_0.9038372809343262_SIZE_1_1.05_2
GEN_3_FIT_0.884124163161187_0.8942840724391832_0.9066465146394372_SIZE_1_1.5_2
GEN_4_FIT_0.884124163161187_0.8939622881411742_0.9074523806959762_SIZE_1_1.45_3
GEN_5_FIT_0.8864020184085182_0.8948930178848864_0.9096666096900367_SIZE_1_1.5_3
GEN_6_FIT_0.8905884837418795_0.9010520491010338_0.9104025391023699_SIZE_1_1.8_3
GEN_7_FIT_0.8928571893851079_0.899994532551926_0.9107821898280803_SIZE_1_1.55_3
GEN_8_FIT_0.8933528824148079_0.9039316150675466_0.9126054324888324_SIZE_1_1.75_3
GEN_9_FIT_0.8949499077597456_0.9060475101575938_0.9126054324888324_SIZE_1_1.85_3
GEN_10_FIT_0.8951870457464314_0.900478144911318_0.9126054324888324_SIZE_1_1.45_3
GEN_11_FIT_0.8954042253328862_0.897166470102227_0.913949386347973_SIZE_1_1.15_3
GEN_12_FIT_0.8954042253328862_0.9005183207450846_0.913949386347973_SIZE_1_1.4_3
GEN_13_FIT_0.8954042253328862_0.903301466156397_0.9139547049201555_SIZE_1_1.65_3
GEN_14_FIT_0.8956318430633655_0.8998424094844554_0.9139547049201555_SIZE_1_1.3_3
GEN_15_FIT_0.8956318430633655_0.8991113409131698_0.9139547049201555_SIZE_1_1.3_3
GEN_16_FIT_0.8956318430633655_0.8982880946969741_0.9139547049201555_SIZE_1_1.25_3
GEN_17_FIT_0.8956318430633655_0.8991120601449036_0.9139547049201555_SIZE_1_1.3_3
GEN_18_FIT_0.8956318430633655_0.8991120601449036_0.9139547049201555_SIZE_1_1.3_3
GEN_19_FIT_0.8956318430633655_0.8991120601449036_0.9139547049201555_SIZE_1_1.3_3
GEN_20_FIT_0.8956318430633655_0.9026018681570589_0.9139607602821261_SIZE_1_1.6_3
Evaluating in sample:
[GEN_20|make_tuple(0.50689062188285, 132, 6)|0.8958]
[GEN_20|make_tuple(0.6188141254011988, expit(0.3954723992717916), 5)|0.9121]
[GEN_20|make_tuple(0.6188141254011988, expit(expit(0.41288839705272984)), 5)|0.9140]
Evaluating out-of-sample:
[GEN_20|make_tuple(0.50689062188285, 132, 6)|0.9485]
[GEN_20|make_tuple(0.6188141254011988, expit(0.3954723992717916), 5)|0.9719]
[GEN_20|make_tuple(0.6188141254011988, expit(expit(0.41288839705272984)), 5)|0.9700]
GEN_21_FIT_0.8956733757818828_0.9094828468778614_0.9139607602821261_SIZE_1_2.15_3
GEN_22_FIT_0.8958247986310789_0.9081320440872453_0.9139607602821261_SIZE_1_1.8_3
GEN_23_FIT_0.8958247986310789_0.9001738282178238_0.9139607602821261_SIZE_1_1.4_3
GEN_24_FIT_0.8958247986310789_0.9056146167131379_0.9139607602821261_SIZE_1_2.0_3
GEN_25_FIT_0.8958247986310789_0.9119622032910044_0.9139607602821261_SIZE_1_2.7_3
GEN_26_FIT_0.8958247986310789_0.9119622032910044_0.9139607602821261_SIZE_1_2.7_3
GEN_27_FIT_0.8958247986310789_0.9119925287906346_0.9145672702747302_SIZE_1_2.75_4
GEN_28_FIT_0.8958247986310789_0.907488863877503_0.9145672702747302_SIZE_1_2.3_4
GEN_29_FIT_0.8958247986310789_0.9002050303184452_0.9145848022945565_SIZE_1_1.45_4
GEN_30_FIT_0.8958247986310789_0.9002050303184452_0.9145848022945565_SIZE_1_1.45_4
GEN_31_FIT_0.8958247986310789_0.901143030501619_0.9145848022945565_SIZE_1_1.6_4
GEN_32_FIT_0.8958247986310789_0.9002370956428267_0.9145848022945565_SIZE_1_1.5_4
GEN_33_FIT_0.8958247986310789_0.9011447569491391_0.9145848022945565_SIZE_1_1.6_4
GEN_34_FIT_0.8958247986310789_0.9011447569491391_0.9145848022945565_SIZE_1_1.6_4
GEN_35_FIT_0.8958247986310789_0.9011447569491391_0.9145848022945565_SIZE_1_1.6_4
GEN_36_FIT_0.8958247986310789_0.9011447569491391_0.9145848022945565_SIZE_1_1.6_4
GEN_37_FIT_0.8958247986310789_0.9011447569491391_0.9145848022945565_SIZE_1_1.6_4
GEN_38_FIT_0.8958247986310789_0.9011447569491391_0.9145848022945565_SIZE_1_1.6_4
GEN_39_FIT_0.8958247986310789_0.9011447569491391_0.9145848022945565_SIZE_1_1.6_4
GEN_40_FIT_0.8958247986310789_0.9011447569491391_0.9145848022945565_SIZE_1_1.6_4
Evaluating in sample:
[GEN_40|make_tuple(0.50689062188285, 132, 6)|0.8958]
[GEN_40|make_tuple(0.6188141254011988, expit(0.3954723992717916), 5)|0.9121]
[GEN_40|make_tuple(0.6188141254011988, expit(expit(0.40241181815552485)), 5)|0.9140]
[GEN_40|make_tuple(0.6188141254011988, expit(expit(0.40241181815552485)), add(0.2852234372396188, 5))|0.9146]
Evaluating out-of-sample:
[GEN_40|make_tuple(0.50689062188285, 132, 6)|0.9485]
[GEN_40|make_tuple(0.6188141254011988, expit(0.3954723992717916), 5)|0.9719]
[GEN_40|make_tuple(0.6188141254011988, expit(expit(0.40241181815552485)), 5)|0.9702]
[GEN_40|make_tuple(0.6188141254011988, expit(expit(0.40241181815552485)), add(0.2852234372396188, 5))|0.9702]
GEN_41_FIT_0.8958247986310789_0.9003473181535103_0.9145848022945565_SIZE_1_1.55_4
GEN_42_FIT_0.8958247986310789_0.9003978011902148_0.9145848022945565_SIZE_1_1.55_4
GEN_43_FIT_0.8958247986310789_0.9012794807703784_0.9145848022945565_SIZE_1_1.6_4
GEN_44_FIT_0.8958247986310789_0.9012794807703784_0.9145848022945565_SIZE_1_1.6_4
GEN_45_FIT_0.8958247986310789_0.9003747814516835_0.9145848022945565_SIZE_1_1.5_4
GEN_46_FIT_0.8958247986310789_0.9012854047456133_0.9145848022945565_SIZE_1_1.6_4
GEN_47_FIT_0.8958247986310789_0.9012854047456133_0.9145848022945565_SIZE_1_1.6_4
GEN_48_FIT_0.8958247986310789_0.9012854047456133_0.9145848022945565_SIZE_1_1.6_4
GEN_49_FIT_0.8958247986310789_0.9012854047456133_0.9145848022945565_SIZE_1_1.6_4
GEN_50_FIT_0.8958247986310789_0.9012854047456133_0.9145848022945565_SIZE_1_1.6_4
Evaluating in sample:
[GEN_50|make_tuple(0.50689062188285, 132, 6)|0.8958]
[GEN_50|make_tuple(0.6188141254011988, expit(0.5856918299568518), 5)|0.9135]
[GEN_50|make_tuple(0.6188141254011988, expit(0.5856918299568518), add(0.12676787310603732, 5))|0.9140]
[GEN_50|make_tuple(0.6188141254011988, expit(expit(0.40241181815552485)), add(0.2852234372396188, 5))|0.9146]
Evaluating out-of-sample:
[GEN_50|make_tuple(0.50689062188285, 132, 6)|0.9485]
[GEN_50|make_tuple(0.6188141254011988, expit(0.5856918299568518), 5)|0.9729]
[GEN_50|make_tuple(0.6188141254011988, expit(0.5856918299568518), add(0.12676787310603732, 5))|0.9728]
[GEN_50|make_tuple(0.6188141254011988, expit(expit(0.40241181815552485)), add(0.2852234372396188, 5))|0.9702]
Stopped early in iteration 50, no improvement in 20 gens.
START_TASK: 16
GEN_0_FIT_0.8641721058601296_0.8787048766167901_0.9002264205285906_SIZE_1_2.75_9
GEN_1_FIT_0.8810568487231442_0.8913248775935025_0.903806728835134_SIZE_1_2.25_5
GEN_2_FIT_0.8876243626777007_0.8933424756885897_0.9038381294129519_SIZE_1_1.65_3
GEN_3_FIT_0.8908032416287408_0.8970950465841299_0.9038381294129519_SIZE_1_1.7_3
GEN_4_FIT_0.8951683872858598_0.8990668973515282_0.909379525301266_SIZE_1_1.6_4
GEN_5_FIT_0.8953305220094893_0.8980564388209406_0.909379525301266_SIZE_1_1.45_4
GEN_6_FIT_0.8953305220094893_0.896723233502415_0.909379525301266_SIZE_1_1.15_3
GEN_7_FIT_0.8953305220094893_0.9001838710323072_0.9110800404165775_SIZE_1_1.55_4
GEN_8_FIT_0.895531900450157_0.9053755997585462_0.9110800404165775_SIZE_1_2.25_4
GEN_9_FIT_0.8957580624764814_0.9002950841432129_0.9110800404165775_SIZE_1_1.45_3
GEN_10_FIT_0.8958760567353656_0.8981566542875473_0.9110800404165775_SIZE_1_1.15_2
GEN_11_FIT_0.8958760567353656_0.8966671035159559_0.9116969923471725_SIZE_1_1.05_2
GEN_12_FIT_0.8958760567353656_0.8974581502965462_0.9116969923471725_SIZE_1_1.1_2
GEN_13_FIT_0.8958760567353656_0.8974581502965462_0.9116969923471725_SIZE_1_1.1_2
GEN_14_FIT_0.8958760567353656_0.8974581502965462_0.9116969923471725_SIZE_1_1.1_2
GEN_15_FIT_0.8958760567353656_0.8974581502965462_0.9116969923471725_SIZE_1_1.1_2
GEN_16_FIT_0.8958760567353656_0.8974581502965462_0.9116969923471725_SIZE_1_1.1_2
GEN_17_FIT_0.8958760567353656_0.8974581502965462_0.9116969923471725_SIZE_1_1.1_2
GEN_18_FIT_0.8958760567353656_0.8974581502965462_0.9116969923471725_SIZE_1_1.1_2
GEN_19_FIT_0.8958760567353656_0.8974581502965462_0.9116969923471725_SIZE_1_1.1_2
GEN_20_FIT_0.8958760567353656_0.8974581502965462_0.9116969923471725_SIZE_1_1.1_2
Evaluating in sample:
[GEN_20|make_tuple(0.5064473944270966, 305, 6)|0.8959]
[GEN_20|make_tuple(0.7727265890979982, expit(0.5998161693060049), 5)|0.9117]
Evaluating out-of-sample:
[GEN_20|make_tuple(0.5064473944270966, 305, 6)|0.9410]
[GEN_20|make_tuple(0.7727265890979982, expit(0.5998161693060049), 5)|0.9901]
GEN_21_FIT_0.8958760567353656_0.8974581502965462_0.9116969923471725_SIZE_1_1.1_2
GEN_22_FIT_0.8958760567353656_0.8974581502965462_0.9116969923471725_SIZE_1_1.1_2
GEN_23_FIT_0.8958760567353656_0.8974581502965462_0.9116969923471725_SIZE_1_1.1_2
GEN_24_FIT_0.8958760567353656_0.8974581502965462_0.9116969923471725_SIZE_1_1.1_2
GEN_25_FIT_0.8958760567353656_0.8974581502965462_0.9116969923471725_SIZE_1_1.1_2
GEN_26_FIT_0.8958760567353656_0.8974581502965462_0.9116969923471725_SIZE_1_1.1_2
GEN_27_FIT_0.8958760567353656_0.8974581502965462_0.9116969923471725_SIZE_1_1.1_2
GEN_28_FIT_0.8958760567353656_0.8974581502965462_0.9116969923471725_SIZE_1_1.1_2
GEN_29_FIT_0.8958760567353656_0.8974581502965462_0.9116969923471725_SIZE_1_1.1_2
GEN_30_FIT_0.8958760567353656_0.8974581502965462_0.9116969923471725_SIZE_1_1.1_2
GEN_31_FIT_0.8958760567353656_0.8974581502965462_0.9116969923471725_SIZE_1_1.1_2
GEN_32_FIT_0.8958760567353656_0.8974581502965462_0.9116969923471725_SIZE_1_1.1_2
Evaluating in sample:
[GEN_32|make_tuple(0.5064473944270966, 305, 6)|0.8959]
[GEN_32|make_tuple(0.7727265890979982, expit(0.5998161693060049), 5)|0.9117]
Evaluating out-of-sample:
[GEN_32|make_tuple(0.5064473944270966, 305, 6)|0.9410]
[GEN_32|make_tuple(0.7727265890979982, expit(0.5998161693060049), 5)|0.9901]
Stopped early in iteration 32, no improvement in 20 gens.
START_TASK: 18
GEN_0_FIT_0.8684942050049167_0.8780609453288266_0.8990002446927083_SIZE_1_4.1_11
GEN_1_FIT_0.8694475953781915_0.8876321174379648_0.906906200904227_SIZE_1_4.15_11
GEN_2_FIT_0.8922305484014399_0.9006293442423312_0.908354026197458_SIZE_1_5.15_10
GEN_3_FIT_0.8925585479087613_0.9018563186527754_0.9085735129985425_SIZE_1_4.7_10
GEN_4_FIT_0.8941009502419077_0.9042348529668292_0.9109436568718738_SIZE_1_4.65_10
GEN_5_FIT_0.8941009502419077_0.9033938687706193_0.9126185598750786_SIZE_1_3.85_8
GEN_6_FIT_0.8947587084488187_0.9030884019433231_0.9126185598750786_SIZE_1_3.1_8
GEN_7_FIT_0.8933948567044656_0.9042895583217148_0.9126185598750786_SIZE_1_3.3_8
GEN_8_FIT_0.8950023268908326_0.904708036263289_0.9126915851216174_SIZE_1_3.15_8
GEN_9_FIT_0.8950023268908326_0.9041760573052132_0.9136845908848461_SIZE_1_2.95_8
GEN_10_FIT_0.8951748947617623_0.9009289075959506_0.9138369612293977_SIZE_1_1.95_7
GEN_11_FIT_0.8951748947617623_0.9021910313138937_0.9138369612293977_SIZE_1_2.45_7
GEN_12_FIT_0.8952754862155429_0.9109979780550355_0.9138369612293977_SIZE_1_4.65_8
GEN_13_FIT_0.8952754862155429_0.9090951805191689_0.9138369612293977_SIZE_1_3.4_7
GEN_14_FIT_0.8952754862155429_0.9088532534654219_0.9138369612293977_SIZE_1_3.8_7
GEN_15_FIT_0.8952754862155429_0.9014931985013744_0.9138369612293977_SIZE_1_1.65_5
GEN_16_FIT_0.8952982615895531_0.8980696916816455_0.9138369612293977_SIZE_1_1.45_5
GEN_17_FIT_0.8952982615895531_0.8999060269724648_0.9138369612293977_SIZE_1_1.65_5
GEN_18_FIT_0.8952982615895531_0.8999060269724648_0.9138369612293977_SIZE_1_1.65_5
GEN_19_FIT_0.8952982615895531_0.9008248021351761_0.9138369612293977_SIZE_1_1.8_5
GEN_20_FIT_0.8952982615895531_0.8989872518097537_0.9138369612293977_SIZE_1_1.4_4
Evaluating in sample:
[GEN_20|make_tuple(0.558487160379626, 418, 6)|0.8953]
[GEN_20|make_tuple(0.6289108942200615, expit(0.6001955093548168), 5)|0.9136]
[GEN_20|make_tuple(add(mul(221, 0.0026350830368780786), 0.03397016289719828), expit(0.6001955093548168), 5)|0.9138]
Evaluating out-of-sample:
[GEN_20|make_tuple(0.558487160379626, 418, 6)|0.9821]
[GEN_20|make_tuple(0.6289108942200615, expit(0.6001955093548168), 5)|0.9854]
[GEN_20|make_tuple(add(mul(221, 0.0026350830368780786), 0.03397016289719828), expit(0.6001955093548168), 5)|0.9852]
GEN_21_FIT_0.8952982615895531_0.8989872518097537_0.9138369612293977_SIZE_1_1.4_4
GEN_22_FIT_0.8952982615895531_0.8971640688802968_0.9142497493166349_SIZE_1_1.15_3
GEN_23_FIT_0.8952982615895531_0.8971640688802968_0.9142497493166349_SIZE_1_1.15_3
GEN_24_FIT_0.8952982615895531_0.8980820947573914_0.9142497493166349_SIZE_1_1.2_3
GEN_25_FIT_0.8952982615895531_0.9008677909211761_0.9142497493166349_SIZE_1_1.4_3
GEN_26_FIT_0.8953075765692842_0.9054572781723216_0.9142497493166349_SIZE_1_1.65_3
GEN_27_FIT_0.8953075765692842_0.9101644420171219_0.9142497493166349_SIZE_1_2.15_3
GEN_28_FIT_0.8953075765692842_0.9085395987229067_0.9142497493166349_SIZE_1_2.35_3
GEN_29_FIT_0.8953133638421874_0.9123271651814413_0.9142497493166349_SIZE_1_2.75_3
GEN_30_FIT_0.8953133638421874_0.9122982195936924_0.9142497493166349_SIZE_1_2.7_3
GEN_31_FIT_0.8950963216447961_0.9100953306000399_0.9142671917778497_SIZE_1_2.0_3
GEN_32_FIT_0.8953133638421874_0.9113449983748809_0.9142671917778497_SIZE_1_2.55_3
GEN_33_FIT_0.8953133638421874_0.9046389421732492_0.9144493105666356_SIZE_1_1.65_3
GEN_34_FIT_0.8953133638421874_0.9047809378423025_0.9144493105666356_SIZE_1_1.75_3
GEN_35_FIT_0.8955168058146833_0.8992432255681603_0.9144493105666356_SIZE_1_1.3_3
GEN_36_FIT_0.8955168058146833_0.8992432255681603_0.9144493105666356_SIZE_1_1.3_3
GEN_37_FIT_0.8955168058146833_0.8992432255681603_0.9144493105666356_SIZE_1_1.3_3
GEN_38_FIT_0.8955168058146833_0.8992432255681603_0.9144493105666356_SIZE_1_1.3_3
GEN_39_FIT_0.8955168058146833_0.8992432255681603_0.9144493105666356_SIZE_1_1.3_3
GEN_40_FIT_0.8955168058146833_0.8992432255681603_0.9144493105666356_SIZE_1_1.3_3
Evaluating in sample:
[GEN_40|make_tuple(0.5070429672395271, 418, 6)|0.8955]
[GEN_40|make_tuple(0.6172540660322754, expit(0.6001955093548168), 5)|0.9138]
[GEN_40|make_tuple(0.6172540660322754, expit(0.6001955093548168), add(5, 0.0035040416601883123))|0.9144]
Evaluating out-of-sample:
[GEN_40|make_tuple(0.5070429672395271, 418, 6)|0.9843]
[GEN_40|make_tuple(0.6172540660322754, expit(0.6001955093548168), 5)|0.9852]
[GEN_40|make_tuple(0.6172540660322754, expit(0.6001955093548168), add(5, 0.0035040416601883123))|0.9857]
GEN_41_FIT_0.8955168058146833_0.8992432255681603_0.9144493105666356_SIZE_1_1.3_3
GEN_42_FIT_0.8955168058146833_0.8992432255681603_0.9144493105666356_SIZE_1_1.3_3
GEN_43_FIT_0.8955168058146833_0.8992432255681603_0.9144493105666356_SIZE_1_1.3_3
GEN_44_FIT_0.8955168058146833_0.8992432255681603_0.9144493105666356_SIZE_1_1.3_3
GEN_45_FIT_0.8955168058146833_0.8992432255681603_0.9144493105666356_SIZE_1_1.3_3
GEN_46_FIT_0.8955168058146833_0.8992432255681603_0.9144493105666356_SIZE_1_1.3_3
GEN_47_FIT_0.8955168058146833_0.8992432255681603_0.9144493105666356_SIZE_1_1.3_3
GEN_48_FIT_0.8955168058146833_0.8992432255681603_0.9144493105666356_SIZE_1_1.3_3
GEN_49_FIT_0.8955168058146833_0.8992432255681603_0.9144493105666356_SIZE_1_1.3_3
GEN_50_FIT_0.8955168058146833_0.8992432255681603_0.9144493105666356_SIZE_1_1.3_3
GEN_51_FIT_0.8955168058146833_0.8992432255681603_0.9144493105666356_SIZE_1_1.3_3
GEN_52_FIT_0.8955168058146833_0.8992432255681603_0.9144493105666356_SIZE_1_1.3_3
GEN_53_FIT_0.8955168058146833_0.8992432255681603_0.9144493105666356_SIZE_1_1.3_3
GEN_54_FIT_0.8955168058146833_0.8992432255681603_0.9144493105666356_SIZE_1_1.3_3
Evaluating in sample:
[GEN_54|make_tuple(0.5070429672395271, 418, 6)|0.8955]
[GEN_54|make_tuple(0.6172540660322754, expit(0.6001955093548168), 5)|0.9138]
[GEN_54|make_tuple(0.6172540660322754, expit(0.6001955093548168), add(5, 0.0035040416601883123))|0.9144]
Evaluating out-of-sample:
[GEN_54|make_tuple(0.5070429672395271, 418, 6)|0.9843]
[GEN_54|make_tuple(0.6172540660322754, expit(0.6001955093548168), 5)|0.9852]
[GEN_54|make_tuple(0.6172540660322754, expit(0.6001955093548168), add(5, 0.0035040416601883123))|0.9857]
Stopped early in iteration 54, no improvement in 20 gens.
START_TASK: 22
GEN_0_FIT_0.8684683131024907_0.8725389220802118_0.8931302996017874_SIZE_1_1.5_4
GEN_1_FIT_0.8691549893413505_0.871904740951433_0.900682999324478_SIZE_1_1.2_4
GEN_2_FIT_0.8691549893413505_0.8746780390865968_0.900682999324478_SIZE_1_1.25_3
GEN_3_FIT_0.8691549893413505_0.8779287619392642_0.900682999324478_SIZE_1_1.4_3
GEN_4_FIT_0.8691549893413505_0.8741933779190847_0.9026283664151089_SIZE_1_1.15_2
GEN_5_FIT_0.8696259198429804_0.8729261645001933_0.9026283664151089_SIZE_1_1.1_2
GEN_6_FIT_0.8696259198429804_0.8713306431433839_0.9037203858510507_SIZE_1_1.05_2
GEN_7_FIT_0.8696259198429804_0.8730353664437874_0.9037203858510507_SIZE_1_1.1_2
GEN_8_FIT_0.8696259198429804_0.8730353664437874_0.9037203858510507_SIZE_1_1.1_2
GEN_9_FIT_0.8696259198429804_0.8730353664437874_0.9037203858510507_SIZE_1_1.1_2
GEN_10_FIT_0.8696259198429804_0.8730353664437874_0.9037203858510507_SIZE_1_1.1_2
GEN_11_FIT_0.8696259198429804_0.8730353664437874_0.9037203858510507_SIZE_1_1.1_2
GEN_12_FIT_0.8696259198429804_0.8730353664437874_0.9037203858510507_SIZE_1_1.1_2
GEN_13_FIT_0.8696259198429804_0.8730353664437874_0.9037203858510507_SIZE_1_1.1_2
GEN_14_FIT_0.8696259198429804_0.8730353664437874_0.9037203858510507_SIZE_1_1.1_2
GEN_15_FIT_0.8696259198429804_0.8730353664437874_0.9037203858510507_SIZE_1_1.1_2
GEN_16_FIT_0.8696259198429804_0.8730353664437874_0.9037203858510507_SIZE_1_1.1_2
GEN_17_FIT_0.8696259198429804_0.8730353664437874_0.9037203858510507_SIZE_1_1.1_2
GEN_18_FIT_0.8696259198429804_0.8730353664437874_0.9037203858510507_SIZE_1_1.1_2
GEN_19_FIT_0.8696259198429804_0.8730353664437874_0.9037203858510507_SIZE_1_1.1_2
GEN_20_FIT_0.8696259198429804_0.8730353664437874_0.9037203858510507_SIZE_1_1.1_2
Evaluating in sample:
[GEN_20|make_tuple(9, 3, 5)|0.8696]
[GEN_20|make_tuple(9, min(14, 0.5977182946373488), 5)|0.9037]
Evaluating out-of-sample:
[GEN_20|make_tuple(9, 3, 5)|0.9654]
[GEN_20|make_tuple(9, min(14, 0.5977182946373488), 5)|0.9917]
GEN_21_FIT_0.8696259198429804_0.8730353664437874_0.9037203858510507_SIZE_1_1.1_2
GEN_22_FIT_0.8696259198429804_0.8730353664437874_0.9037203858510507_SIZE_1_1.1_2
GEN_23_FIT_0.8696259198429804_0.8730353664437874_0.9037203858510507_SIZE_1_1.1_2
GEN_24_FIT_0.8696259198429804_0.8730353664437874_0.9037203858510507_SIZE_1_1.1_2
GEN_25_FIT_0.8696259198429804_0.8730353664437874_0.9037203858510507_SIZE_1_1.1_2
GEN_26_FIT_0.8696259198429804_0.8730353664437874_0.9037203858510507_SIZE_1_1.1_2
GEN_27_FIT_0.8696259198429804_0.8730353664437874_0.9037203858510507_SIZE_1_1.1_2
Evaluating in sample:
[GEN_27|make_tuple(9, 3, 5)|0.8696]
[GEN_27|make_tuple(9, min(14, 0.5977182946373488), 5)|0.9037]
Evaluating out-of-sample:
[GEN_27|make_tuple(9, 3, 5)|0.9654]
[GEN_27|make_tuple(9, min(14, 0.5977182946373488), 5)|0.9917]
Stopped early in iteration 27, no improvement in 20 gens.
START_TASK: 23
GEN_0_FIT_0.8713862613758134_0.8825930778927173_0.9059549778918666_SIZE_1_4.25_11
GEN_1_FIT_0.8805251112211483_0.8883994478631052_0.9059824830750235_SIZE_1_1.8_4
GEN_2_FIT_0.8834135022978074_0.8998599038367532_0.9102607568231554_SIZE_1_2.7_5
GEN_3_FIT_0.8854407710540305_0.9023785162579447_0.9109473973755042_SIZE_1_2.85_5
GEN_4_FIT_0.8859037176209573_0.9019937751208056_0.9109723675231509_SIZE_1_2.75_5
GEN_5_FIT_0.8918575057567414_0.8978624942894993_0.9119609086985824_SIZE_1_1.6_5
GEN_6_FIT_0.8924280156800799_0.902641110959775_0.9128465841087375_SIZE_1_1.85_5
GEN_7_FIT_0.8939364160383099_0.9056744295028116_0.9128465841087375_SIZE_1_1.95_4
GEN_8_FIT_0.8940703015509508_0.9027051053132332_0.9129384466255859_SIZE_1_1.75_4
GEN_9_FIT_0.8948130263337921_0.9074673393090145_0.9132264748557332_SIZE_1_2.1_4
GEN_10_FIT_0.8951580303451268_0.909595891456882_0.913747915356083_SIZE_1_2.4_5
GEN_11_FIT_0.8955585674485421_0.9092337509730533_0.9141674429981709_SIZE_1_2.6_5
GEN_12_FIT_0.8964965100036929_0.9085424401341854_0.9141674429981709_SIZE_1_2.2_4
GEN_13_FIT_0.8964965100036929_0.9016331086707874_0.9145456583248269_SIZE_1_1.35_3
GEN_14_FIT_0.8965759716006585_0.8983081710469264_0.9145456583248269_SIZE_1_1.15_3
GEN_15_FIT_0.8965759716006585_0.8983081710469264_0.9145456583248269_SIZE_1_1.15_3
GEN_16_FIT_0.8965759716006585_0.9000403704931943_0.9145456583248269_SIZE_1_1.3_3
GEN_17_FIT_0.8965759716006585_0.8991449309309948_0.9146065538050068_SIZE_1_1.2_3
GEN_18_FIT_0.8965759716006585_0.9000464600412122_0.9146065538050068_SIZE_1_1.3_3
GEN_19_FIT_0.8965759716006585_0.9000464600412122_0.9146065538050068_SIZE_1_1.3_3
GEN_20_FIT_0.8965759716006585_0.8992196603699945_0.9146065538050068_SIZE_1_1.25_3
Evaluating in sample:
[GEN_20|make_tuple(0.5561831325173021, 111, 6)|0.8966]
[GEN_20|make_tuple(0.6165690668724655, min(7, 0.6597376841173518), 5)|0.9134]
[GEN_20|make_tuple(0.6165690668724655, expit(expit(0.33680834876013566)), 5)|0.9146]
Evaluating out-of-sample:
[GEN_20|make_tuple(0.5561831325173021, 111, 6)|0.8352]
[GEN_20|make_tuple(0.6165690668724655, min(7, 0.6597376841173518), 5)|0.8357]
[GEN_20|make_tuple(0.6165690668724655, expit(expit(0.33680834876013566)), 5)|0.8356]
GEN_21_FIT_0.8965759716006585_0.9000602909188957_0.9146065538050068_SIZE_1_1.3_3
GEN_22_FIT_0.8965759716006585_0.9000602909188957_0.9146065538050068_SIZE_1_1.3_3
GEN_23_FIT_0.8965759716006585_0.8991832932061407_0.9150971817542508_SIZE_1_1.2_3
GEN_24_FIT_0.8965759716006585_0.9001093537138202_0.9150971817542508_SIZE_1_1.3_3
GEN_25_FIT_0.8965759716006585_0.9001093537138202_0.9150971817542508_SIZE_1_1.3_3
GEN_26_FIT_0.8965759716006585_0.9001093537138202_0.9150971817542508_SIZE_1_1.3_3
GEN_27_FIT_0.8965759716006585_0.8992724254827106_0.9150971817542508_SIZE_1_1.25_3
GEN_28_FIT_0.8965759716006585_0.9062106393571495_0.9150971817542508_SIZE_1_1.8_3
GEN_29_FIT_0.8965759716006585_0.9116578730006735_0.9150971817542508_SIZE_1_2.35_4
GEN_30_FIT_0.8967255319867141_0.9130965614955237_0.9150971817542508_SIZE_1_2.7_3
GEN_31_FIT_0.8967255319867141_0.9130965614955237_0.9150971817542508_SIZE_1_2.7_3
GEN_32_FIT_0.8966531972276829_0.9078879704325761_0.915099509934545_SIZE_1_1.9_4
GEN_33_FIT_0.8967255319867141_0.902073907312678_0.915099509934545_SIZE_1_1.6_4
GEN_34_FIT_0.8967255319867141_0.902073907312678_0.915099509934545_SIZE_1_1.6_4
GEN_35_FIT_0.8967255319867141_0.902073907312678_0.915099509934545_SIZE_1_1.6_4
GEN_36_FIT_0.8967255319867141_0.902073907312678_0.915099509934545_SIZE_1_1.6_4
GEN_37_FIT_0.8967255319867141_0.902073907312678_0.915099509934545_SIZE_1_1.6_4
GEN_38_FIT_0.8967255319867141_0.9012437709457937_0.915099509934545_SIZE_1_1.55_4
GEN_39_FIT_0.8967255319867141_0.9020873442736894_0.915099509934545_SIZE_1_1.6_4
GEN_40_FIT_0.8967255319867141_0.9020873442736894_0.915099509934545_SIZE_1_1.6_4
Evaluating in sample:
[GEN_40|make_tuple(0.505390546517767, 134, 5)|0.8967]
[GEN_40|make_tuple(0.6165690668724655, min(7, 0.6277982637593148), 5)|0.9136]
[GEN_40|make_tuple(0.6165690668724655, expit(expit(0.40820669113152386)), 5)|0.9151]
[GEN_40|make_tuple(0.6165690668724655, expit(expit(sub(0.4037696897235806, 0.0010609538935331228))), 5)|0.9151]
Evaluating out-of-sample:
[GEN_40|make_tuple(0.505390546517767, 134, 5)|0.8222]
[GEN_40|make_tuple(0.6165690668724655, min(7, 0.6277982637593148), 5)|0.8353]
[GEN_40|make_tuple(0.6165690668724655, expit(expit(0.40820669113152386)), 5)|0.8340]
[GEN_40|make_tuple(0.6165690668724655, expit(expit(sub(0.4037696897235806, 0.0010609538935331228))), 5)|0.8340]
GEN_41_FIT_0.8967255319867141_0.9020873442736894_0.915099509934545_SIZE_1_1.6_4
GEN_42_FIT_0.8967255319867141_0.9020873442736894_0.915099509934545_SIZE_1_1.6_4
GEN_43_FIT_0.8967255319867141_0.9020873442736894_0.915099509934545_SIZE_1_1.6_4
GEN_44_FIT_0.8967255319867141_0.9020873442736894_0.915099509934545_SIZE_1_1.6_4
GEN_45_FIT_0.8967255319867141_0.9020873442736894_0.915099509934545_SIZE_1_1.6_4
GEN_46_FIT_0.8967255319867141_0.9020873442736894_0.915099509934545_SIZE_1_1.6_4
GEN_47_FIT_0.8967255319867141_0.9020873442736894_0.915099509934545_SIZE_1_1.6_4
GEN_48_FIT_0.8967255319867141_0.9020873442736894_0.915099509934545_SIZE_1_1.6_4
GEN_49_FIT_0.8967255319867141_0.9020873442736894_0.915099509934545_SIZE_1_1.6_4
GEN_50_FIT_0.8967255319867141_0.9011688874622376_0.9151043516533403_SIZE_1_1.45_4
GEN_51_FIT_0.8967255319867141_0.9020878284455689_0.9151043516533403_SIZE_1_1.6_4
GEN_52_FIT_0.8967255319867141_0.9020878284455689_0.9151043516533403_SIZE_1_1.6_4
GEN_53_FIT_0.8967255319867141_0.9011689890006711_0.9151063824220084_SIZE_1_1.45_4
GEN_54_FIT_0.8967255319867141_0.9002507437993328_0.9151063824220084_SIZE_1_1.35_4
GEN_55_FIT_0.8967255319867141_0.9002507437993328_0.9151063824220084_SIZE_1_1.35_4
GEN_56_FIT_0.8967255319867141_0.9011697863210975_0.9151063824220084_SIZE_1_1.5_4
GEN_57_FIT_0.8967255319867141_0.9011697863210975_0.9151063824220084_SIZE_1_1.5_4
GEN_58_FIT_0.8967255319867141_0.900347255926321_0.9151063824220084_SIZE_1_1.45_4
GEN_59_FIT_0.8967255319867141_0.9021308948223986_0.9151063824220084_SIZE_1_1.6_4
GEN_60_FIT_0.8967255319867141_0.9012121230353417_0.9151117971161623_SIZE_1_1.45_4
Evaluating in sample:
[GEN_60|make_tuple(0.505390546517767, 134, 5)|0.8967]
[GEN_60|make_tuple(0.6165690668724655, min(7, 0.6565184304093296), 5)|0.9140]
[GEN_60|make_tuple(0.6165690668724655, expit(expit(0.40010783556287177)), 5)|0.9151]
[GEN_60|make_tuple(0.6162568655417222, expit(expit(add(0.40010783556287177, 0.0009772476586507536))), 5)|0.9151]
Evaluating out-of-sample:
[GEN_60|make_tuple(0.505390546517767, 134, 5)|0.8222]
[GEN_60|make_tuple(0.6165690668724655, min(7, 0.6565184304093296), 5)|0.8346]
[GEN_60|make_tuple(0.6165690668724655, expit(expit(0.40010783556287177)), 5)|0.8340]
[GEN_60|make_tuple(0.6162568655417222, expit(expit(add(0.40010783556287177, 0.0009772476586507536))), 5)|0.8340]
GEN_61_FIT_0.8967255319867141_0.9012126843914594_0.9151117971161623_SIZE_1_1.5_4
GEN_62_FIT_0.8967255319867141_0.9003482944733558_0.9151117971161623_SIZE_1_1.45_4
GEN_63_FIT_0.8967255319867141_0.9021324304470528_0.9151117971161623_SIZE_1_1.6_4
GEN_64_FIT_0.8967255319867141_0.9021324304470528_0.9151117971161623_SIZE_1_1.6_4
GEN_65_FIT_0.8967255319867141_0.9021324304470528_0.9151117971161623_SIZE_1_1.6_4
GEN_66_FIT_0.8967255319867141_0.9021324304470528_0.9151117971161623_SIZE_1_1.6_4
GEN_67_FIT_0.8967255319867141_0.9021324304470528_0.9151117971161623_SIZE_1_1.6_4
GEN_68_FIT_0.8967255319867141_0.9021324304470528_0.9151117971161623_SIZE_1_1.6_4
GEN_69_FIT_0.8967255319867141_0.9021324304470528_0.9151117971161623_SIZE_1_1.6_4
GEN_70_FIT_0.8967255319867141_0.9021324304470528_0.9151117971161623_SIZE_1_1.6_4
GEN_71_FIT_0.8967255319867141_0.9021324304470528_0.9151117971161623_SIZE_1_1.6_4
GEN_72_FIT_0.8967255319867141_0.9021324304470528_0.9151117971161623_SIZE_1_1.6_4
GEN_73_FIT_0.8967255319867141_0.9021324304470528_0.9151117971161623_SIZE_1_1.6_4
GEN_74_FIT_0.8967255319867141_0.9021324304470528_0.9151117971161623_SIZE_1_1.6_4
GEN_75_FIT_0.8967255319867141_0.9021324304470528_0.9151117971161623_SIZE_1_1.6_4
GEN_76_FIT_0.8967255319867141_0.9021324304470528_0.9151117971161623_SIZE_1_1.6_4
GEN_77_FIT_0.8967255319867141_0.9021324304470528_0.9151117971161623_SIZE_1_1.6_4
GEN_78_FIT_0.8967255319867141_0.9021324304470528_0.9151117971161623_SIZE_1_1.6_4
GEN_79_FIT_0.8967255319867141_0.9021324304470528_0.9151117971161623_SIZE_1_1.6_4
GEN_80_FIT_0.8967255319867141_0.9012134186476646_0.9151178262578411_SIZE_1_1.45_4
Evaluating in sample:
[GEN_80|make_tuple(0.505390546517767, 134, 5)|0.8967]
[GEN_80|make_tuple(0.6162568655417222, min(8, 0.6565184304093296), 5)|0.9140]
[GEN_80|make_tuple(0.6162568655417222, expit(expit(0.40010783556287177)), 5)|0.9151]
[GEN_80|make_tuple(0.6162568655417222, expit(expit(add(0.40600427420518487, 0.0013186373198941109))), 5)|0.9151]
Evaluating out-of-sample:
[GEN_80|make_tuple(0.505390546517767, 134, 5)|0.8222]
[GEN_80|make_tuple(0.6162568655417222, min(8, 0.6565184304093296), 5)|0.8346]
[GEN_80|make_tuple(0.6162568655417222, expit(expit(0.40010783556287177)), 5)|0.8340]
[GEN_80|make_tuple(0.6162568655417222, expit(expit(add(0.40600427420518487, 0.0013186373198941109))), 5)|0.8340]
GEN_81_FIT_0.8967255319867141_0.9021330333612209_0.9151178262578411_SIZE_1_1.6_4
GEN_82_FIT_0.8967255319867141_0.9021330333612209_0.9151178262578411_SIZE_1_1.6_4
GEN_83_FIT_0.8967255319867141_0.8993748319081243_0.9151178262578411_SIZE_1_1.2_3
GEN_84_FIT_0.8967255319867141_0.9002944466216807_0.9151178262578411_SIZE_1_1.3_3
GEN_85_FIT_0.8967255319867141_0.9002944466216807_0.9151178262578411_SIZE_1_1.3_3
GEN_86_FIT_0.8967255319867141_0.9002944466216807_0.9151178262578411_SIZE_1_1.3_3
GEN_87_FIT_0.8967255319867141_0.9002944466216807_0.9151178262578411_SIZE_1_1.3_3
GEN_88_FIT_0.8967255319867141_0.9002944466216807_0.9151178262578411_SIZE_1_1.3_3
GEN_89_FIT_0.8967255319867141_0.8994625837718268_0.9151178262578411_SIZE_1_1.25_3
GEN_90_FIT_0.8967255319867141_0.8994625837718268_0.9151178262578411_SIZE_1_1.25_3
GEN_91_FIT_0.8967255319867141_0.9003604061298267_0.9151178262578411_SIZE_1_1.3_3
GEN_92_FIT_0.8967255319867141_0.9003604061298267_0.9151178262578411_SIZE_1_1.3_3
GEN_93_FIT_0.8967255319867141_0.9003604061298267_0.9151178262578411_SIZE_1_1.3_3
GEN_94_FIT_0.8967255319867141_0.9003604061298267_0.9151178262578411_SIZE_1_1.3_3
GEN_95_FIT_0.8967255319867141_0.9003604061298267_0.9151178262578411_SIZE_1_1.3_3
GEN_96_FIT_0.8967255319867141_0.9003604061298267_0.9151178262578411_SIZE_1_1.3_3
GEN_97_FIT_0.8967255319867141_0.9003604061298267_0.9151178262578411_SIZE_1_1.3_3
GEN_98_FIT_0.8967255319867141_0.9003604061298267_0.9151178262578411_SIZE_1_1.3_3
GEN_99_FIT_0.8967255319867141_0.9003604061298267_0.9151178262578411_SIZE_1_1.3_3
GEN_100_FIT_0.8967255319867141_0.9003604061298267_0.9151178262578411_SIZE_1_1.3_3
Evaluating in sample:
[GEN_100|make_tuple(0.505390546517767, 134, 5)|0.8967]
[GEN_100|make_tuple(0.6162568655417222, min(8, 0.6429148561861866), 5)|0.9147]
[GEN_100|make_tuple(0.6162568655417222, expit(expit(0.40600427420518487)), 5)|0.9151]
Evaluating out-of-sample:
[GEN_100|make_tuple(0.505390546517767, 134, 5)|0.8222]
[GEN_100|make_tuple(0.6162568655417222, min(8, 0.6429148561861866), 5)|0.8345]
[GEN_100|make_tuple(0.6162568655417222, expit(expit(0.40600427420518487)), 5)|0.8340]
GEN_101_FIT_0.8967255319867141_0.9003604061298267_0.9151178262578411_SIZE_1_1.3_3
GEN_102_FIT_0.8967255319867141_0.9003604061298267_0.9151178262578411_SIZE_1_1.3_3
GEN_103_FIT_0.8967255319867141_0.901310173295033_0.9157208752908416_SIZE_1_1.45_4
GEN_104_FIT_0.8967255319867141_0.901310173295033_0.9157208752908416_SIZE_1_1.45_4
GEN_105_FIT_0.8967255319867141_0.9022599404602394_0.9157208752908416_SIZE_1_1.6_4
GEN_106_FIT_0.8967255319867141_0.9022599404602394_0.9157208752908416_SIZE_1_1.6_4
GEN_107_FIT_0.8967255319867141_0.9022599404602394_0.9157208752908416_SIZE_1_1.6_4
GEN_108_FIT_0.8967255319867141_0.9022599404602394_0.9157208752908416_SIZE_1_1.6_4
GEN_109_FIT_0.8967255319867141_0.9022599404602394_0.9157208752908416_SIZE_1_1.6_4
GEN_110_FIT_0.8967255319867141_0.9022599404602394_0.9157208752908416_SIZE_1_1.6_4
GEN_111_FIT_0.8967255319867141_0.9022742105488373_0.9157208752908416_SIZE_1_1.6_4
GEN_112_FIT_0.8967255319867141_0.9022742105488373_0.9157208752908416_SIZE_1_1.6_4
GEN_113_FIT_0.8967255319867141_0.9022742105488373_0.9157208752908416_SIZE_1_1.6_4
GEN_114_FIT_0.8967255319867141_0.9022742105488373_0.9157208752908416_SIZE_1_1.6_4
GEN_115_FIT_0.8967255319867141_0.9022742105488373_0.9157208752908416_SIZE_1_1.6_4
GEN_116_FIT_0.8967255319867141_0.9022742105488373_0.9157208752908416_SIZE_1_1.6_4
GEN_117_FIT_0.8967255319867141_0.9022742105488373_0.9157208752908416_SIZE_1_1.6_4
GEN_118_FIT_0.8967255319867141_0.9022742105488373_0.9157208752908416_SIZE_1_1.6_4
GEN_119_FIT_0.8967255319867141_0.9022742105488373_0.9157208752908416_SIZE_1_1.6_4
GEN_120_FIT_0.8967255319867141_0.9022742105488373_0.9157208752908416_SIZE_1_1.6_4
Evaluating in sample:
[GEN_120|make_tuple(0.505390546517767, 134, 5)|0.8967]
[GEN_120|make_tuple(0.6162568655417222, min(8, 0.6429148561861866), 5)|0.9147]
[GEN_120|make_tuple(0.6162568655417222, min(8, 0.6429148561861866), add(5, 0.006324959930027835))|0.9153]
[GEN_120|make_tuple(0.6162568655417222, expit(expit(0.40600427420518487)), add(5, 0.0011239599717960621))|0.9157]
Evaluating out-of-sample:
[GEN_120|make_tuple(0.505390546517767, 134, 5)|0.8222]
[GEN_120|make_tuple(0.6162568655417222, min(8, 0.6429148561861866), 5)|0.8345]
[GEN_120|make_tuple(0.6162568655417222, min(8, 0.6429148561861866), add(5, 0.006324959930027835))|0.8349]
[GEN_120|make_tuple(0.6162568655417222, expit(expit(0.40600427420518487)), add(5, 0.0011239599717960621))|0.8344]
GEN_121_FIT_0.8967255319867141_0.9022742105488373_0.9157208752908416_SIZE_1_1.6_4
GEN_122_FIT_0.8967255319867141_0.9022742105488373_0.9157208752908416_SIZE_1_1.6_4
GEN_123_FIT_0.8967255319867141_0.9022742105488373_0.9157208752908416_SIZE_1_1.6_4
GEN_124_FIT_0.8967255319867141_0.9022742105488373_0.9157208752908416_SIZE_1_1.6_4
Evaluating in sample:
[GEN_124|make_tuple(0.505390546517767, 134, 5)|0.8967]
[GEN_124|make_tuple(0.6162568655417222, min(8, 0.6429148561861866), 5)|0.9147]
[GEN_124|make_tuple(0.6162568655417222, min(8, 0.6429148561861866), add(5, 0.006324959930027835))|0.9153]
[GEN_124|make_tuple(0.6162568655417222, expit(expit(0.40600427420518487)), add(5, 0.0011239599717960621))|0.9157]
Evaluating out-of-sample:
[GEN_124|make_tuple(0.505390546517767, 134, 5)|0.8222]
[GEN_124|make_tuple(0.6162568655417222, min(8, 0.6429148561861866), 5)|0.8345]
[GEN_124|make_tuple(0.6162568655417222, min(8, 0.6429148561861866), add(5, 0.006324959930027835))|0.8349]
[GEN_124|make_tuple(0.6162568655417222, expit(expit(0.40600427420518487)), add(5, 0.0011239599717960621))|0.8344]
Stopped early in iteration 124, no improvement in 20 gens.
START_TASK: 24
