Starting problem: mlr_rf
param:age_regularization:100000.0
param:algorithm:mupluslambda
param:constants_only:True
param:cxpb:0.25
param:early_stop_n:20
param:lambda_:100
param:max_number_operators:None
param:max_start_size:2
param:mu:20
param:ngen:300
param:optimize_constants:False
param:output_file:/home/gijsbers/symbolicdefaults/runs/mlr_rf_True_0.log
param:problem:mlr_rf
param:subset:1.0
param:task:None
param:warm_start:False
Benchmark problems: mlr_rf
Loading surrogates from file.
With fixed hyperparameters: {'num.trees': 500.0}:
And hyperparameters: ['num.trees', 'sample.fraction', 'min.node.size', 'mtry']:
START_TASK: 3
GEN_0_FIT_0.8685707681659413_0.8870592599722371_0.9052039828114691_SIZE_1_4.5_12
GEN_1_FIT_0.8737875379433958_0.8925154026285961_0.9063814515584637_SIZE_1_3.25_6
GEN_2_FIT_0.8750365897086735_0.8960941342963498_0.9063814515584637_SIZE_1_3.3_6
GEN_3_FIT_0.8752306775278423_0.8970115817449115_0.9064482885825782_SIZE_1_2.85_5
GEN_4_FIT_0.8757493063796797_0.8947384245068946_0.9084973799914724_SIZE_1_2.3_5
GEN_5_FIT_0.8769579083504452_0.8991192601080504_0.9102975073538305_SIZE_1_2.65_5
GEN_6_FIT_0.8894922328256728_0.9049277466410643_0.9102975073538305_SIZE_1_3.15_6
GEN_7_FIT_0.8894995598623466_0.906757568775163_0.9102975073538305_SIZE_1_3.6_6
GEN_8_FIT_0.8894995598623466_0.9026571742176677_0.9109593700237217_SIZE_1_2.55_6
GEN_9_FIT_0.8933261995292696_0.9055628741342943_0.9109593700237217_SIZE_1_2.55_6
GEN_10_FIT_0.8944932129670972_0.9084135033889578_0.9115277482815731_SIZE_1_3.2_6
GEN_11_FIT_0.8937621890590888_0.9036477148158504_0.9115678059183134_SIZE_1_2.3_5
GEN_12_FIT_0.8947453507813949_0.9062770570730972_0.9115678059183134_SIZE_1_2.55_5
GEN_13_FIT_0.8947453507813949_0.9060978899670026_0.9117024473123374_SIZE_1_2.05_4
GEN_14_FIT_0.8951011698096681_0.9095434840944231_0.9117024473123374_SIZE_1_2.7_4
GEN_15_FIT_0.8941030955018581_0.9064646527757529_0.9117626157871043_SIZE_1_2.65_4
GEN_16_FIT_0.8950115433957606_0.9017150356309575_0.9117626157871043_SIZE_1_1.95_4
GEN_17_FIT_0.895228036548727_0.8968771852978884_0.9120634978722597_SIZE_1_1.2_4
GEN_18_FIT_0.895228036548727_0.8977189583640651_0.9120634978722597_SIZE_1_1.35_4
GEN_19_FIT_0.895228036548727_0.8960960954347833_0.912589214269858_SIZE_1_1.05_2
GEN_20_FIT_0.895228036548727_0.8960961664543033_0.9125906346602575_SIZE_1_1.05_2
Evaluating in sample:
[GEN_20|make_tuple(0.5566841356963097, 2, 6)|0.8952]
[GEN_20|make_tuple(0.6208985029493954, expit(0.558235658903483), 5)|0.9126]
Evaluating out-of-sample:
[GEN_20|make_tuple(0.5566841356963097, 2, 6)|0.9976]
[GEN_20|make_tuple(0.6208985029493954, expit(0.558235658903483), 5)|0.9870]
GEN_21_FIT_0.895228036548727_0.8960986265479758_0.9126398365337073_SIZE_1_1.05_2
GEN_22_FIT_0.895228036548727_0.8969692165472247_0.9126398365337073_SIZE_1_1.1_2
GEN_23_FIT_0.895228036548727_0.8960989475160954_0.9126462558960968_SIZE_1_1.05_2
GEN_24_FIT_0.895228036548727_0.8960989475160954_0.9126462558960968_SIZE_1_1.05_2
GEN_25_FIT_0.895228036548727_0.8960989475160954_0.9126462558960968_SIZE_1_1.05_2
GEN_26_FIT_0.895228036548727_0.8960989475160954_0.9126462558960968_SIZE_1_1.05_2
GEN_27_FIT_0.895228036548727_0.8978261551454272_0.9126462558960968_SIZE_1_1.15_2
GEN_28_FIT_0.895228036548727_0.9030974793268041_0.9136712368263569_SIZE_1_1.5_3
GEN_29_FIT_0.895294647552008_0.8971544211227025_0.9136712368263569_SIZE_1_1.1_2
GEN_30_FIT_0.8953206647793723_0.8971557219840708_0.9136712368263569_SIZE_1_1.1_2
GEN_31_FIT_0.8953206647793723_0.8971557219840708_0.9136712368263569_SIZE_1_1.1_2
GEN_32_FIT_0.8953206647793723_0.8971557219840708_0.9136712368263569_SIZE_1_1.1_2
GEN_33_FIT_0.8953206647793723_0.8971557219840708_0.9136712368263569_SIZE_1_1.1_2
GEN_34_FIT_0.8953206647793723_0.8971557219840708_0.9136712368263569_SIZE_1_1.1_2
GEN_35_FIT_0.8953206647793723_0.8971557219840708_0.9136712368263569_SIZE_1_1.1_2
GEN_36_FIT_0.8953206647793723_0.9007654397164778_0.9136712368263569_SIZE_1_1.35_3
GEN_37_FIT_0.8953206647793723_0.9054109577667377_0.9136712368263569_SIZE_1_1.6_3
GEN_38_FIT_0.8954184731949298_0.9118459604632141_0.9136712368263569_SIZE_1_1.9_2
GEN_39_FIT_0.8954184731949298_0.9118459604632141_0.9136712368263569_SIZE_1_1.9_2
GEN_40_FIT_0.8946978907141484_0.9091037681830094_0.9142819308664246_SIZE_1_1.8_3
Evaluating in sample:
[GEN_40|make_tuple(0.5064943826366298, 3, 6)|0.8954]
[GEN_40|make_tuple(0.6208985029493954, expit(0.6004242315027877), 5)|0.9137]
[GEN_40|make_tuple(0.6208985029493954, expit(0.601806307511695), add(5, 0.41525442961977943))|0.9143]
Evaluating out-of-sample:
[GEN_40|make_tuple(0.5064943826366298, 3, 6)|0.9952]
[GEN_40|make_tuple(0.6208985029493954, expit(0.6004242315027877), 5)|0.9891]
[GEN_40|make_tuple(0.6208985029493954, expit(0.601806307511695), add(5, 0.41525442961977943))|0.9891]
GEN_41_FIT_0.8949052789971268_0.9056439611173543_0.9142819308664246_SIZE_1_1.95_4
GEN_42_FIT_0.8954184731949298_0.8982204844939954_0.9142819308664246_SIZE_1_1.25_3
GEN_43_FIT_0.8954184731949298_0.898193426859405_0.9142909252077884_SIZE_1_1.2_3
GEN_44_FIT_0.8954184731949298_0.8991370494600478_0.9142909252077884_SIZE_1_1.3_3
GEN_45_FIT_0.8954184731949298_0.8991370494600478_0.9142909252077884_SIZE_1_1.3_3
GEN_46_FIT_0.8954184731949298_0.8991370494600478_0.9142909252077884_SIZE_1_1.3_3
GEN_47_FIT_0.8954184731949298_0.8991370494600478_0.9142909252077884_SIZE_1_1.3_3
GEN_48_FIT_0.8954184731949298_0.8991370494600478_0.9142909252077884_SIZE_1_1.3_3
GEN_49_FIT_0.8954184731949298_0.8991370494600478_0.9142909252077884_SIZE_1_1.3_3
GEN_50_FIT_0.8954184731949298_0.8991370494600478_0.9142909252077884_SIZE_1_1.3_3
GEN_51_FIT_0.8954184731949298_0.8991370494600478_0.9142909252077884_SIZE_1_1.3_3
GEN_52_FIT_0.8954184731949298_0.8991370494600478_0.9142909252077884_SIZE_1_1.3_3
GEN_53_FIT_0.8954184731949298_0.8991370494600478_0.9142909252077884_SIZE_1_1.3_3
GEN_54_FIT_0.8954184731949298_0.8981942256346788_0.914306900713265_SIZE_1_1.2_3
GEN_55_FIT_0.8954184731949298_0.902800496154682_0.914306900713265_SIZE_1_1.55_3
GEN_56_FIT_0.8954184731949298_0.9064934578092361_0.9143377743710479_SIZE_1_1.75_3
GEN_57_FIT_0.8954184731949298_0.9110460213159591_0.9143377743710479_SIZE_1_1.95_3
GEN_58_FIT_0.8954248234416913_0.9119616868478753_0.9143377743710479_SIZE_1_2.0_3
GEN_59_FIT_0.895288024045254_0.9092105915224359_0.9143377743710479_SIZE_1_1.85_3
GEN_60_FIT_0.895288024045254_0.902869120548519_0.9143377743710479_SIZE_1_1.6_3
Evaluating in sample:
[GEN_60|make_tuple(0.5069982338474851, 98, 6)|0.8954]
[GEN_60|make_tuple(0.6151210370845449, expit(0.6004242315027877), 5)|0.9138]
[GEN_60|make_tuple(0.614136529832127, expit(0.6004242315027877), add(0.001441147583316002, 5))|0.9143]
Evaluating out-of-sample:
[GEN_60|make_tuple(0.5069982338474851, 98, 6)|0.9952]
[GEN_60|make_tuple(0.6151210370845449, expit(0.6004242315027877), 5)|0.9893]
[GEN_60|make_tuple(0.614136529832127, expit(0.6004242315027877), add(0.001441147583316002, 5))|0.9894]
GEN_61_FIT_0.8954248234416913_0.8982064506314057_0.9143718983281963_SIZE_1_1.2_3
GEN_62_FIT_0.8954248234416913_0.8991538043757309_0.9143718983281963_SIZE_1_1.3_3
GEN_63_FIT_0.8954248234416913_0.8991538043757309_0.9143718983281963_SIZE_1_1.3_3
GEN_64_FIT_0.8954248234416913_0.8991538043757309_0.9143718983281963_SIZE_1_1.3_3
GEN_65_FIT_0.8954248234416913_0.8991538043757309_0.9143718983281963_SIZE_1_1.3_3
GEN_66_FIT_0.8954248234416913_0.8991538043757309_0.9143718983281963_SIZE_1_1.3_3
GEN_67_FIT_0.8954248234416913_0.8991538043757309_0.9143718983281963_SIZE_1_1.3_3
GEN_68_FIT_0.8954248234416913_0.8991538043757309_0.9143718983281963_SIZE_1_1.3_3
GEN_69_FIT_0.8954248234416913_0.8991538043757309_0.9143718983281963_SIZE_1_1.3_3
GEN_70_FIT_0.8954248234416913_0.8991538043757309_0.9143718983281963_SIZE_1_1.3_3
GEN_71_FIT_0.8954248234416913_0.8991538043757309_0.9143718983281963_SIZE_1_1.3_3
GEN_72_FIT_0.8954248234416913_0.8991538043757309_0.9143718983281963_SIZE_1_1.3_3
GEN_73_FIT_0.8954248234416913_0.8991538043757309_0.9143718983281963_SIZE_1_1.3_3
GEN_74_FIT_0.8954248234416913_0.8991538043757309_0.9143718983281963_SIZE_1_1.3_3
GEN_75_FIT_0.8954248234416913_0.8991538043757309_0.9143718983281963_SIZE_1_1.3_3
GEN_76_FIT_0.8954248234416913_0.8991538043757309_0.9143718983281963_SIZE_1_1.3_3
GEN_77_FIT_0.8954248234416913_0.8991538043757309_0.9143718983281963_SIZE_1_1.3_3
GEN_78_FIT_0.8954248234416913_0.8991538043757309_0.9143718983281963_SIZE_1_1.3_3
GEN_79_FIT_0.8954248234416913_0.8991538043757309_0.9143718983281963_SIZE_1_1.3_3
GEN_80_FIT_0.8954248234416913_0.8991538043757309_0.9143718983281963_SIZE_1_1.3_3
Evaluating in sample:
[GEN_80|make_tuple(0.5069982338474851, 98, 6)|0.8954]
[GEN_80|make_tuple(0.6151210370845449, expit(0.6004242315027877), 5)|0.9138]
[GEN_80|make_tuple(0.6151210370845449, expit(0.6004242315027877), add(0.001441147583316002, 5))|0.9144]
Evaluating out-of-sample:
[GEN_80|make_tuple(0.5069982338474851, 98, 6)|0.9952]
[GEN_80|make_tuple(0.6151210370845449, expit(0.6004242315027877), 5)|0.9893]
[GEN_80|make_tuple(0.6151210370845449, expit(0.6004242315027877), add(0.001441147583316002, 5))|0.9894]
GEN_81_FIT_0.8954248234416913_0.8991538043757309_0.9143718983281963_SIZE_1_1.3_3
GEN_82_FIT_0.8954248234416913_0.8991538043757309_0.9143718983281963_SIZE_1_1.3_3
Evaluating in sample:
[GEN_82|make_tuple(0.5069982338474851, 98, 6)|0.8954]
[GEN_82|make_tuple(0.6151210370845449, expit(0.6004242315027877), 5)|0.9138]
[GEN_82|make_tuple(0.6151210370845449, expit(0.6004242315027877), add(0.001441147583316002, 5))|0.9144]
Evaluating out-of-sample:
[GEN_82|make_tuple(0.5069982338474851, 98, 6)|0.9952]
[GEN_82|make_tuple(0.6151210370845449, expit(0.6004242315027877), 5)|0.9893]
[GEN_82|make_tuple(0.6151210370845449, expit(0.6004242315027877), add(0.001441147583316002, 5))|0.9894]
Stopped early in iteration 82, no improvement in 20 gens.
START_TASK: 6
GEN_0_FIT_0.8692107810836105_0.8859778855639956_0.8991601290588788_SIZE_1_4.65_12
GEN_1_FIT_0.8699098645176562_0.8895642560083251_0.899641267990773_SIZE_1_3.9_9
GEN_2_FIT_0.8904735862392391_0.8957514694753961_0.9004835797345075_SIZE_1_2.85_9
GEN_3_FIT_0.890755616467862_0.8969808577267304_0.9011331953019138_SIZE_1_3.25_7
GEN_4_FIT_0.8908932759248291_0.8980585553749549_0.9039846943210051_SIZE_1_2.65_5
GEN_5_FIT_0.8934608553689767_0.9016031559290507_0.9050257969471807_SIZE_1_2.8_5
GEN_6_FIT_0.8952037602059879_0.9032549253217302_0.9050257969471807_SIZE_1_2.35_5
GEN_7_FIT_0.8952037602059879_0.9041593356707901_0.9089025703470054_SIZE_1_4.0_6
GEN_8_FIT_0.7480840645189869_0.8962250002483169_0.9089579690021324_SIZE_1_2.85_6
GEN_9_FIT_0.8947301594520585_0.9022223644963512_0.9114292224068955_SIZE_1_1.85_3
GEN_10_FIT_0.8952037602059879_0.8981140710675811_0.9114292224068955_SIZE_1_1.35_3
GEN_11_FIT_0.8952037602059879_0.8973339710564183_0.9131277551397576_SIZE_1_1.3_4
GEN_12_FIT_0.8952037602059879_0.9015436208407994_0.9131277551397576_SIZE_1_1.95_4
GEN_13_FIT_0.895332738321817_0.9063193529240918_0.9131277551397576_SIZE_1_2.55_4
GEN_14_FIT_0.895332738321817_0.9022605122386192_0.9136405363626874_SIZE_1_1.9_4
GEN_15_FIT_0.8957182259860937_0.8989118135990599_0.9136405363626874_SIZE_1_1.45_4
GEN_16_FIT_0.8957182259860937_0.8981233447153139_0.9137094435656663_SIZE_1_1.3_4
GEN_17_FIT_0.8957182259860937_0.9053204650961154_0.9137094435656663_SIZE_1_2.35_5
GEN_18_FIT_0.8957182259860937_0.9075061924074689_0.9137094435656663_SIZE_1_2.65_5
GEN_19_FIT_0.8960669769412968_0.9105127832377613_0.9137480706247237_SIZE_1_3.15_5
GEN_20_FIT_0.8958105415211752_0.9041556244824825_0.9137480706247237_SIZE_1_2.25_5
Evaluating in sample:
[GEN_20|make_tuple(0.5065944595407431, 106, 6)|0.8961]
[GEN_20|make_tuple(0.5584484377681639, expit(0.5520469138224204), 6)|0.9095]
[GEN_20|make_tuple(expit(0.4825544510282817), expit(0.6346808183316953), 5)|0.9129]
[GEN_20|make_tuple(expit(0.47112164962659214), expit(expit(0.4032670023012624)), 5)|0.9137]
Evaluating out-of-sample:
[GEN_20|make_tuple(0.5065944595407431, 106, 6)|0.9184]
[GEN_20|make_tuple(0.5584484377681639, expit(0.5520469138224204), 6)|0.9760]
[GEN_20|make_tuple(expit(0.4825544510282817), expit(0.6346808183316953), 5)|0.9882]
[GEN_20|make_tuple(expit(0.47112164962659214), expit(expit(0.4032670023012624)), 5)|0.9886]
GEN_21_FIT_0.8960669769412968_0.9002869966801107_0.9137480706247237_SIZE_1_1.55_4
GEN_22_FIT_0.8960669769412968_0.9001709147965512_0.9137567412779891_SIZE_1_1.45_4
GEN_23_FIT_0.8960669769412968_0.9001709147965512_0.9137567412779891_SIZE_1_1.45_4
GEN_24_FIT_0.8960669769412968_0.9010554030133857_0.9137567412779891_SIZE_1_1.6_4
GEN_25_FIT_0.8960669769412968_0.900330990878601_0.9137567412779891_SIZE_1_1.55_4
GEN_26_FIT_0.8960669769412968_0.9003578260413747_0.9137567412779891_SIZE_1_1.55_4
GEN_27_FIT_0.8960669769412968_0.9003578260413747_0.9137567412779891_SIZE_1_1.55_4
GEN_28_FIT_0.8960669769412968_0.8995162259529021_0.9137567412779891_SIZE_1_1.45_4
GEN_29_FIT_0.8960669769412968_0.9003589969669525_0.9137567412779891_SIZE_1_1.55_4
GEN_30_FIT_0.8960669769412968_0.8986935038378514_0.9137567412779891_SIZE_1_1.35_4
GEN_31_FIT_0.8960669769412968_0.8995766835594514_0.9137567412779891_SIZE_1_1.45_4
GEN_32_FIT_0.8960669769412968_0.8995766835594514_0.9137567412779891_SIZE_1_1.45_4
GEN_33_FIT_0.8960669769412968_0.9004342340223369_0.9137567412779891_SIZE_1_1.5_4
GEN_34_FIT_0.8960669769412968_0.9013174137439369_0.9137567412779891_SIZE_1_1.6_4
GEN_35_FIT_0.8960669769412968_0.9004358047065187_0.9138143248663154_SIZE_1_1.45_4
GEN_36_FIT_0.8960669769412968_0.8995820515000791_0.9138143248663154_SIZE_1_1.4_4
GEN_37_FIT_0.8960669769412968_0.9004433992194105_0.9138143248663154_SIZE_1_1.45_4
GEN_38_FIT_0.8960669769412968_0.9013307666156614_0.9138143248663154_SIZE_1_1.6_4
GEN_39_FIT_0.8960669769412968_0.9013307666156614_0.9138143248663154_SIZE_1_1.6_4
GEN_40_FIT_0.8960669769412968_0.9013307666156614_0.9138143248663154_SIZE_1_1.6_4
Evaluating in sample:
[GEN_40|make_tuple(0.5065944595407431, 106, 6)|0.8961]
[GEN_40|make_tuple(0.6174102224878025, expit(0.5844020899797043), 5)|0.9133]
[GEN_40|make_tuple(0.6063668182838471, expit(expit(0.4032670023012624)), 5)|0.9137]
[GEN_40|make_tuple(expit(0.48268714262955226), expit(expit(0.4032670023012624)), 5)|0.9138]
Evaluating out-of-sample:
[GEN_40|make_tuple(0.5065944595407431, 106, 6)|0.9184]
[GEN_40|make_tuple(0.6174102224878025, expit(0.5844020899797043), 5)|0.9885]
[GEN_40|make_tuple(0.6063668182838471, expit(expit(0.4032670023012624)), 5)|0.9886]
[GEN_40|make_tuple(expit(0.48268714262955226), expit(expit(0.4032670023012624)), 5)|0.9884]
GEN_41_FIT_0.8960669769412968_0.9013307666156614_0.9138143248663154_SIZE_1_1.6_4
GEN_42_FIT_0.8960669769412968_0.9013307666156614_0.9138143248663154_SIZE_1_1.6_4
GEN_43_FIT_0.8960669769412968_0.9013307666156614_0.9138143248663154_SIZE_1_1.6_4
GEN_44_FIT_0.8960669769412968_0.9004728385933645_0.9138143248663154_SIZE_1_1.55_4
GEN_45_FIT_0.8960669769412968_0.9004728385933645_0.9138143248663154_SIZE_1_1.55_4
GEN_46_FIT_0.8960669769412968_0.9004508309160766_0.913826170918258_SIZE_1_1.45_4
GEN_47_FIT_0.8960669769412968_0.9004508309160766_0.913826170918258_SIZE_1_1.45_4
GEN_48_FIT_0.8960669769412968_0.9013387906149246_0.913826170918258_SIZE_1_1.6_4
GEN_49_FIT_0.8960669769412968_0.9013387906149246_0.913826170918258_SIZE_1_1.6_4
GEN_50_FIT_0.8960669769412968_0.9022271757439105_0.9138346795210168_SIZE_1_1.8_5
GEN_51_FIT_0.8960669769412968_0.9022275787394278_0.9138427394313637_SIZE_1_1.8_5
GEN_52_FIT_0.8960669769412968_0.9004948988731805_0.9138427394313637_SIZE_1_1.65_5
GEN_53_FIT_0.8960669769412968_0.9004830223108241_0.9138427394313637_SIZE_1_1.55_5
GEN_54_FIT_0.8960669769412968_0.9014022884680118_0.9144523000850535_SIZE_1_1.8_6
GEN_55_FIT_0.8960669769412968_0.9040969435155253_0.9144523000850535_SIZE_1_2.3_6
GEN_56_FIT_0.8960669769412968_0.9041265746939888_0.9144523000850535_SIZE_1_2.3_6
GEN_57_FIT_0.8960669769412968_0.9041751304142123_0.9144523000850535_SIZE_1_2.35_6
GEN_58_FIT_0.8960669769412968_0.9042125116536889_0.9144523000850535_SIZE_1_2.4_6
GEN_59_FIT_0.8960669769412968_0.9042125116536889_0.9144523000850535_SIZE_1_2.4_6
GEN_60_FIT_0.8960669769412968_0.9033125165970457_0.9144523000850535_SIZE_1_2.25_6
Evaluating in sample:
[GEN_60|make_tuple(0.5065944595407431, 106, 6)|0.8961]
[GEN_60|make_tuple(0.6174102224878025, expit(0.5913377386956252), 5)|0.9136]
[GEN_60|make_tuple(0.6174102224878025, expit(0.5913377386956252), add(5, 0.00656832733690606))|0.9142]
[GEN_60|make_tuple(expit(0.47721755675091293), expit(0.6042764377078307), add(5, 0.0019566254746804044))|0.9143]
[GEN_60|make_tuple(expit(0.47721755675091293), expit(expit(0.4032670023012624)), add(5, 0.00656832733690606))|0.9144]
[GEN_60|make_tuple(expit(0.47721755675091293), expit(expit(add(0.4032670023012624, 0.003489662111955256))), add(5, 0.00656832733690606))|0.9145]
Evaluating out-of-sample:
[GEN_60|make_tuple(0.5065944595407431, 106, 6)|0.9184]
[GEN_60|make_tuple(0.6174102224878025, expit(0.5913377386956252), 5)|0.9885]
[GEN_60|make_tuple(0.6174102224878025, expit(0.5913377386956252), add(5, 0.00656832733690606))|0.9882]
[GEN_60|make_tuple(expit(0.47721755675091293), expit(0.6042764377078307), add(5, 0.0019566254746804044))|0.9880]
[GEN_60|make_tuple(expit(0.47721755675091293), expit(expit(0.4032670023012624)), add(5, 0.00656832733690606))|0.9882]
[GEN_60|make_tuple(expit(0.47721755675091293), expit(expit(add(0.4032670023012624, 0.003489662111955256))), add(5, 0.00656832733690606))|0.9880]
GEN_61_FIT_0.8960669769412968_0.9051308169777865_0.9144523000850535_SIZE_1_2.5_6
GEN_62_FIT_0.8960669769412968_0.9051308169777865_0.9144523000850535_SIZE_1_2.5_6
GEN_63_FIT_0.8960669769412968_0.9042315938876667_0.9144523000850535_SIZE_1_2.4_6
GEN_64_FIT_0.8960669769412968_0.9042724723549534_0.9144523000850535_SIZE_1_2.45_6
GEN_65_FIT_0.8960669769412968_0.9051532663252398_0.9144523000850535_SIZE_1_2.5_6
GEN_66_FIT_0.8960669769412968_0.9042349343183613_0.9144523000850535_SIZE_1_2.3_6
GEN_67_FIT_0.8960669769412968_0.9051534409174163_0.9144523000850535_SIZE_1_2.5_6
GEN_68_FIT_0.8960669769412968_0.9051534409174163_0.9144523000850535_SIZE_1_2.5_6
GEN_69_FIT_0.8960669769412968_0.9033717935644875_0.9144523000850535_SIZE_1_2.3_6
GEN_70_FIT_0.8960669769412968_0.9042894533093216_0.9144523000850535_SIZE_1_2.45_6
GEN_71_FIT_0.8960669769412968_0.9015483317197933_0.9144523000850535_SIZE_1_2.05_6
GEN_72_FIT_0.8960669769412968_0.9015483317197933_0.9144523000850535_SIZE_1_2.05_6
GEN_73_FIT_0.8960669769412968_0.9033541409858042_0.9144523000850535_SIZE_1_2.2_6
GEN_74_FIT_0.8960669769412968_0.9033541409858042_0.9144523000850535_SIZE_1_2.2_6
GEN_75_FIT_0.8960669769412968_0.9033541409858042_0.9144523000850535_SIZE_1_2.2_6
Evaluating in sample:
[GEN_75|make_tuple(0.5065944595407431, 106, 6)|0.8961]
[GEN_75|make_tuple(0.6174102224878025, expit(0.5997580086546276), 5)|0.9138]
[GEN_75|make_tuple(0.6174102224878025, expit(0.5997580086546276), add(5, 0.005144016469036964))|0.9144]
[GEN_75|make_tuple(0.6174102224878025, expit(expit(add(0.4032670023012624, 0.003880702829767206))), add(5, 0.005144016469036964))|0.9144]
[GEN_75|make_tuple(expit(0.47721755675091293), expit(expit(add(0.4032670023012624, 0.003489662111955256))), add(5, 0.00656832733690606))|0.9145]
Evaluating out-of-sample:
[GEN_75|make_tuple(0.5065944595407431, 106, 6)|0.9184]
[GEN_75|make_tuple(0.6174102224878025, expit(0.5997580086546276), 5)|0.9883]
[GEN_75|make_tuple(0.6174102224878025, expit(0.5997580086546276), add(5, 0.005144016469036964))|0.9880]
[GEN_75|make_tuple(0.6174102224878025, expit(expit(add(0.4032670023012624, 0.003880702829767206))), add(5, 0.005144016469036964))|0.9880]
[GEN_75|make_tuple(expit(0.47721755675091293), expit(expit(add(0.4032670023012624, 0.003489662111955256))), add(5, 0.00656832733690606))|0.9880]
Stopped early in iteration 75, no improvement in 20 gens.
START_TASK: 11
