Starting problem: mlr_rpart
param:age_regularization:100000.0
param:algorithm:mupluslambda
param:constants_only:True
param:cxpb:0.25
param:early_stop_n:20
param:lambda_:100
param:max_number_operators:None
param:max_start_size:2
param:mu:20
param:ngen:300
param:optimize_constants:False
param:output_file:/home/gijsbers/symbolicdefaults/runs/mlr_rpart_True_3.log
param:problem:mlr_rpart
param:subset:1.0
param:task:None
param:warm_start:False
Benchmark problems: mlr_rpart
Loading surrogates from file.
START_TASK: 3
GEN_0_FIT_0.6934378499427977_0.7775706901284248_0.85114245926592_SIZE_1_4.4_14
GEN_1_FIT_0.8198750901315239_0.8399382991845291_0.8580268681337541_SIZE_1_2.8_11
GEN_2_FIT_0.8500825289424054_0.8528537279035021_0.8580268681337541_SIZE_1_1.3_3
GEN_3_FIT_0.8555872341741126_0.8578617029535269_0.8610151160887836_SIZE_1_1.3_2
GEN_4_FIT_0.858090212784078_0.8589196174529837_0.8610151160887836_SIZE_1_1.15_2
GEN_5_FIT_0.8601503337674806_0.8623670919807402_0.8682897686046491_SIZE_1_1.2_2
GEN_6_FIT_0.8638789644696836_0.8660058548711067_0.869792793273287_SIZE_1_1.15_2
GEN_7_FIT_0.8682897686046491_0.8694883727920164_0.8755552181091479_SIZE_1_1.25_2
GEN_8_FIT_0.869792793273287_0.8707937195071176_0.8757817862902803_SIZE_1_1.25_2
GEN_9_FIT_0.8701305229504893_0.8730430383714639_0.8757817862902803_SIZE_1_1.8_3
GEN_10_FIT_0.870998134914081_0.8742401439338074_0.8760386211634473_SIZE_1_1.8_3
GEN_11_FIT_0.8714371296380788_0.8748731804242464_0.8760386211634473_SIZE_1_1.75_2
GEN_12_FIT_0.872452390615564_0.8751381040168535_0.8760386211634473_SIZE_1_1.75_2
GEN_13_FIT_0.8728419448814482_0.8758787873493474_0.8760386211634473_SIZE_1_1.95_2
GEN_14_FIT_0.8728419448814482_0.8757189535352475_0.8760386211634473_SIZE_1_1.9_2
GEN_15_FIT_0.8728419448814482_0.8757189535352475_0.8760386211634473_SIZE_1_1.9_2
GEN_16_FIT_0.8728419448814482_0.8757189535352475_0.8760386211634473_SIZE_1_1.9_2
GEN_17_FIT_0.8718367921245019_0.8751904410777378_0.8760635536161946_SIZE_1_1.75_2
GEN_18_FIT_0.8726921514772764_0.8739570317778516_0.8760635536161946_SIZE_1_1.35_2
GEN_19_FIT_0.8728419448814482_0.8754167509470389_0.8760635536161946_SIZE_1_1.8_2
GEN_20_FIT_0.8729780389292505_0.8759092778818476_0.8760635536161946_SIZE_1_1.95_2
Evaluating in sample:
[GEN_20|make_tuple(0.001554185036948372, 22, 11, 28)|0.8730]
[GEN_20|make_tuple(sub(0.0015238428624491335, 0.0011232911871858454), 22, 11, 27)|0.8761]
Evaluating out-of-sample:
[GEN_20|make_tuple(0.001554185036948372, 22, 11, 28)|0.9627]
[GEN_20|make_tuple(sub(0.0015238428624491335, 0.0011232911871858454), 22, 11, 27)|0.9675]
GEN_21_FIT_0.8729780389292505_0.8757550021475003_0.8760635536161946_SIZE_1_1.9_2
GEN_22_FIT_0.8729780389292505_0.8757550021475003_0.8760635536161946_SIZE_1_1.9_2
GEN_23_FIT_0.8728895253031893_0.8746819025803555_0.8765542195861521_SIZE_1_1.55_2
GEN_24_FIT_0.8728895253031893_0.8737964634086619_0.8765542195861521_SIZE_1_1.25_2
GEN_25_FIT_0.8729780389292505_0.8733356569949408_0.8765542195861521_SIZE_1_1.1_2
GEN_26_FIT_0.8729780389292505_0.8733356569949408_0.8765542195861521_SIZE_1_1.1_2
GEN_27_FIT_0.8729780389292505_0.8733356569949408_0.8765542195861521_SIZE_1_1.1_2
GEN_28_FIT_0.8729780389292505_0.8733356569949408_0.8765542195861521_SIZE_1_1.1_2
GEN_29_FIT_0.8729780389292505_0.8733356569949408_0.8765542195861521_SIZE_1_1.1_2
GEN_30_FIT_0.8729780389292505_0.8733356569949408_0.8765542195861521_SIZE_1_1.1_2
GEN_31_FIT_0.8729780389292505_0.8733356569949408_0.8765542195861521_SIZE_1_1.1_2
GEN_32_FIT_0.8729780389292505_0.8733356569949408_0.8765542195861521_SIZE_1_1.1_2
GEN_33_FIT_0.8729780389292505_0.8733356569949408_0.8765542195861521_SIZE_1_1.1_2
GEN_34_FIT_0.8729780389292505_0.8731625804183774_0.876668868711786_SIZE_1_1.05_2
GEN_35_FIT_0.8729780389292505_0.8731625804183774_0.876668868711786_SIZE_1_1.05_2
GEN_36_FIT_0.8729780389292505_0.8731625804183774_0.876668868711786_SIZE_1_1.05_2
GEN_37_FIT_0.8729780389292505_0.8731625804183774_0.876668868711786_SIZE_1_1.05_2
GEN_38_FIT_0.8729780389292505_0.8731625804183774_0.876668868711786_SIZE_1_1.05_2
GEN_39_FIT_0.8729780389292505_0.8731625804183774_0.876668868711786_SIZE_1_1.05_2
GEN_40_FIT_0.8729780389292505_0.8732164125258027_0.876668868711786_SIZE_1_1.1_2
Evaluating in sample:
[GEN_40|make_tuple(0.0015526025188286195, 22, 11, 28)|0.8731]
[GEN_40|make_tuple(sub(0.0015238428624491335, 0.001091457010464258), 25, 11, 27)|0.8767]
Evaluating out-of-sample:
[GEN_40|make_tuple(0.0015526025188286195, 22, 11, 28)|0.9627]
[GEN_40|make_tuple(sub(0.0015238428624491335, 0.001091457010464258), 25, 11, 27)|0.9674]
GEN_41_FIT_0.8729780389292505_0.8733210522991692_0.876668868711786_SIZE_1_1.1_2
GEN_42_FIT_0.8729780389292505_0.8739472735162759_0.876668868711786_SIZE_1_1.25_2
GEN_43_FIT_0.8731107099921289_0.8738223417360604_0.876668868711786_SIZE_1_1.2_2
GEN_44_FIT_0.8731107099921289_0.874356065544009_0.876668868711786_SIZE_1_1.35_2
GEN_45_FIT_0.8731107099921289_0.875601421095889_0.876668868711786_SIZE_1_1.7_2
GEN_46_FIT_0.8731107099921289_0.8763130528398202_0.876668868711786_SIZE_1_1.9_2
GEN_47_FIT_0.8731107099921289_0.8763130528398202_0.876668868711786_SIZE_1_1.9_2
GEN_48_FIT_0.8731107099921289_0.8763130528398202_0.876668868711786_SIZE_1_1.9_2
GEN_49_FIT_0.8731107099921289_0.8763130528398202_0.876668868711786_SIZE_1_1.9_2
GEN_50_FIT_0.8731107099921289_0.8763130528398202_0.876668868711786_SIZE_1_1.9_2
GEN_51_FIT_0.8731107099921289_0.8763130528398202_0.876668868711786_SIZE_1_1.9_2
GEN_52_FIT_0.8731107099921289_0.8763130528398202_0.876668868711786_SIZE_1_1.9_2
GEN_53_FIT_0.8731107099921289_0.8763130528398202_0.876668868711786_SIZE_1_1.9_2
GEN_54_FIT_0.8731107099921289_0.8763130528398202_0.876668868711786_SIZE_1_1.9_2
GEN_55_FIT_0.8731107099921289_0.8763130528398202_0.876668868711786_SIZE_1_1.9_2
Evaluating in sample:
[GEN_55|make_tuple(0.0015526025188286195, 22, 11, 28)|0.8731]
[GEN_55|make_tuple(sub(0.0015238428624491335, 0.001091457010464258), 25, 11, 27)|0.8767]
Evaluating out-of-sample:
[GEN_55|make_tuple(0.0015526025188286195, 22, 11, 28)|0.9627]
[GEN_55|make_tuple(sub(0.0015238428624491335, 0.001091457010464258), 25, 11, 27)|0.9674]
Stopped early in iteration 55, no improvement in 20 gens.
START_TASK: 6
GEN_0_FIT_0.6847747769676953_0.8074437237343094_0.84561524316153_SIZE_1_5.85_15
GEN_1_FIT_0.8135031397039101_0.8375742984409582_0.8536396564932103_SIZE_1_4.1_11
GEN_2_FIT_0.8482000156294498_0.8518948891194349_0.8581514199119445_SIZE_1_3.3_10
GEN_3_FIT_0.8536516201301836_0.856212970210302_0.8583369460202279_SIZE_1_1.45_3
GEN_4_FIT_0.8564277219704143_0.8591830601951755_0.8682474302784358_SIZE_1_1.45_2
GEN_5_FIT_0.8601886355656202_0.862539619317633_0.8682474302784358_SIZE_1_1.1_2
GEN_6_FIT_0.8678094271769582_0.8679754915630775_0.8682474302784358_SIZE_1_1.35_3
GEN_7_FIT_0.8682474302784358_0.8684902097826926_0.87043110921618_SIZE_1_1.0_1
GEN_8_FIT_0.8684379358027038_0.8696700258798463_0.8720978260166501_SIZE_1_1.1_2
GEN_9_FIT_0.8700950905989198_0.870872674013109_0.8720978260166501_SIZE_1_1.25_2
GEN_10_FIT_0.871142849476514_0.8717783955219923_0.872779463989299_SIZE_1_1.25_2
GEN_11_FIT_0.8718252919250915_0.8724366888042393_0.873106831949622_SIZE_1_1.35_2
GEN_12_FIT_0.872779463989299_0.8729826079898461_0.8733146401052961_SIZE_1_1.65_3
GEN_13_FIT_0.8729195770897067_0.8731732244778236_0.8738536541540962_SIZE_1_1.45_2
GEN_14_FIT_0.8733146401052961_0.8738765631133308_0.8765962851275565_SIZE_1_1.45_2
GEN_15_FIT_0.8738536541540962_0.8742597689152471_0.8765962851275565_SIZE_1_1.15_2
GEN_16_FIT_0.8738536541540962_0.8744260955785441_0.8767153610285247_SIZE_1_1.2_2
GEN_17_FIT_0.8738536541540962_0.8747088688101476_0.8767153610285247_SIZE_1_1.3_2
GEN_18_FIT_0.8738596610026335_0.8743698931637904_0.8768162633382355_SIZE_1_1.15_2
GEN_19_FIT_0.8741157678085931_0.8744233252283973_0.8773866949015676_SIZE_1_1.1_2
GEN_20_FIT_0.8741157678085931_0.8745803027482782_0.8773866949015676_SIZE_1_1.15_2
Evaluating in sample:
[GEN_20|make_tuple(0.001559257792422233, 22, 11, 29)|0.8742]
[GEN_20|make_tuple(mul(0.0016160264890181385, 0.26682256894668965), 26, 11, 27)|0.8774]
Evaluating out-of-sample:
[GEN_20|make_tuple(0.001559257792422233, 22, 11, 29)|0.8134]
[GEN_20|make_tuple(mul(0.0016160264890181385, 0.26682256894668965), 26, 11, 27)|0.8721]
GEN_21_FIT_0.8741157678085931_0.874799282060127_0.8773866949015676_SIZE_1_1.2_2
GEN_22_FIT_0.8742454323558494_0.8747194315393688_0.877400635895603_SIZE_1_1.15_2
GEN_23_FIT_0.8742454323558494_0.8753518879495775_0.877400635895603_SIZE_1_1.35_2
GEN_24_FIT_0.8742454323558494_0.8759927953676258_0.877400635895603_SIZE_1_1.6_3
GEN_25_FIT_0.8742876873950467_0.8770893410455475_0.877400635895603_SIZE_1_1.9_2
GEN_26_FIT_0.8742876873950467_0.8770893410455475_0.877400635895603_SIZE_1_1.9_2
GEN_27_FIT_0.874198823819593_0.8764679674487468_0.8775138215372675_SIZE_1_1.7_2
GEN_28_FIT_0.874198823819593_0.8750695728301174_0.8775138215372675_SIZE_1_1.25_2
GEN_29_FIT_0.8742876873950467_0.8746103008092687_0.8775138215372675_SIZE_1_1.1_2
GEN_30_FIT_0.8742876873950467_0.8746103008092687_0.8775138215372675_SIZE_1_1.1_2
GEN_31_FIT_0.8742876873950467_0.8746103008092687_0.8775138215372675_SIZE_1_1.1_2
GEN_32_FIT_0.8742876873950467_0.8746103008092687_0.8775138215372675_SIZE_1_1.1_2
GEN_33_FIT_0.8742876873950467_0.8746103008092687_0.8775138215372675_SIZE_1_1.1_2
GEN_34_FIT_0.8742876873950467_0.8749289671149901_0.8775138215372675_SIZE_1_1.2_2
GEN_35_FIT_0.8742876873950467_0.8760555707864839_0.8775138215372675_SIZE_1_1.6_3
GEN_36_FIT_0.8743500074710431_0.8771974401306452_0.8775138215372675_SIZE_1_1.95_3
GEN_37_FIT_0.8743500074710431_0.8771974401306449_0.8775138215372675_SIZE_1_1.9_2
GEN_38_FIT_0.8743500074710431_0.8771974401306449_0.8775138215372675_SIZE_1_1.9_2
GEN_39_FIT_0.8743500074710431_0.8771974401306449_0.8775138215372675_SIZE_1_1.9_2
GEN_40_FIT_0.8743500074710431_0.8771974401306449_0.8775138215372675_SIZE_1_1.9_2
Evaluating in sample:
[GEN_40|make_tuple(0.0015521025754435106, 22, 11, 28)|0.8744]
[GEN_40|make_tuple(mul(0.0016160264890181385, 0.26682256894668965), 25, 11, 27)|0.8775]
Evaluating out-of-sample:
[GEN_40|make_tuple(0.0015521025754435106, 22, 11, 28)|0.8134]
[GEN_40|make_tuple(mul(0.0016160264890181385, 0.26682256894668965), 25, 11, 27)|0.8710]
GEN_41_FIT_0.8743500074710431_0.8771974401306449_0.8775138215372675_SIZE_1_1.9_2
GEN_42_FIT_0.8743500074710431_0.8771974401306449_0.8775138215372675_SIZE_1_1.9_2
GEN_43_FIT_0.8743500074710431_0.8771974401306449_0.8775138215372675_SIZE_1_1.9_2
GEN_44_FIT_0.8743500074710431_0.8771974401306449_0.8775138215372675_SIZE_1_1.9_2
GEN_45_FIT_0.8743500074710431_0.8771974401306449_0.8775138215372675_SIZE_1_1.9_2
GEN_46_FIT_0.8743500074710431_0.8771974401306449_0.8775138215372675_SIZE_1_1.9_2
GEN_47_FIT_0.8743500074710431_0.8771974401306449_0.8775138215372675_SIZE_1_1.9_2
GEN_48_FIT_0.8743500074710431_0.8771974401306449_0.8775138215372675_SIZE_1_1.9_2
Evaluating in sample:
[GEN_48|make_tuple(0.0015521025754435106, 22, 11, 28)|0.8744]
[GEN_48|make_tuple(mul(0.0016160264890181385, 0.26682256894668965), 25, 11, 27)|0.8775]
Evaluating out-of-sample:
[GEN_48|make_tuple(0.0015521025754435106, 22, 11, 28)|0.8134]
[GEN_48|make_tuple(mul(0.0016160264890181385, 0.26682256894668965), 25, 11, 27)|0.8710]
Stopped early in iteration 48, no improvement in 20 gens.
START_TASK: 11
