Starting problem: mlr_glmnet
param:age_regularization:100000.0
param:algorithm:mupluslambda
param:constants_only:True
param:cxpb:0.25
param:early_stop_n:20
param:lambda_:100
param:max_number_operators:None
param:max_start_size:2
param:mu:20
param:ngen:300
param:optimize_constants:False
param:output_file:/home/gijsbers/symbolicdefaults/runs/mlr_glmnet_True_18.log
param:problem:mlr_glmnet
param:subset:1.0
param:task:None
param:warm_start:False
Benchmark problems: mlr_glmnet
Loading surrogates from file.
START_TASK: 3
GEN_0_FIT_0.8840809710108656_0.8912023536195705_0.8947823096090466_SIZE_1_3.45_9
GEN_1_FIT_0.8876733177678371_0.8919082139195801_0.8947823096090466_SIZE_1_2.95_8
GEN_2_FIT_0.8898213051730298_0.8931743846366421_0.894969693219814_SIZE_1_2.15_4
GEN_3_FIT_0.8898213051730298_0.8920304221864365_0.8953334813780829_SIZE_1_1.45_3
GEN_4_FIT_0.8920698254810182_0.894202269821559_0.8953334813780829_SIZE_1_1.65_3
GEN_5_FIT_0.8934966396880359_0.8950299503259999_0.8953495952283042_SIZE_1_1.8_2
GEN_6_FIT_0.894275990738314_0.8949348294261833_0.8956301592348089_SIZE_1_1.65_3
GEN_7_FIT_0.8943023208254797_0.8947492869872601_0.8956301592348089_SIZE_1_1.5_3
GEN_8_FIT_0.8945732096215915_0.8953958589382314_0.8956301592348089_SIZE_1_2.3_4
GEN_9_FIT_0.8950863144683864_0.8955551764738899_0.8957773365229963_SIZE_1_2.75_4
GEN_10_FIT_0.8950863144683864_0.8955858861578715_0.8957803182499017_SIZE_1_2.75_4
GEN_11_FIT_0.8950863144683864_0.8954790405041979_0.8960566543087227_SIZE_1_1.75_3
GEN_12_FIT_0.8951990971498801_0.8957416969740146_0.8960566543087227_SIZE_1_2.1_3
GEN_13_FIT_0.8952417092559811_0.8958525191305368_0.8961884008884216_SIZE_1_2.2_4
GEN_14_FIT_0.8955249512957387_0.8959675844169727_0.8961884008884216_SIZE_1_2.35_4
GEN_15_FIT_0.8955369319253332_0.8960444483950694_0.8962014347039533_SIZE_1_2.25_4
GEN_16_FIT_0.8960237635895216_0.8961570133631322_0.8962014347039533_SIZE_1_2.15_4
GEN_17_FIT_0.895593846923715_0.8961264835370901_0.8962014347039533_SIZE_1_2.4_5
GEN_18_FIT_0.8960237635895216_0.8961574972856947_0.8963180467132029_SIZE_1_2.15_4
GEN_19_FIT_0.8960309168124623_0.8961548219197555_0.8963180467132029_SIZE_1_1.75_3
GEN_20_FIT_0.8960512716193632_0.8961703870235604_0.8963715439612808_SIZE_1_1.65_3
Evaluating in sample:
[GEN_20|make_tuple(0.8715925852165641, 0.001203886421440045)|0.8964]
Evaluating out-of-sample:
[GEN_20|make_tuple(0.8715925852165641, 0.001203886421440045)|0.9869]
GEN_21_FIT_0.8960544594945026_0.8962023125491092_0.8963715439612808_SIZE_1_1.65_3
GEN_22_FIT_0.8960937368780822_0.8962687405515061_0.8963715439612808_SIZE_1_1.8_3
GEN_23_FIT_0.8960937368780822_0.896305733141854_0.8964414879188565_SIZE_1_1.4_2
GEN_24_FIT_0.8963449384467976_0.8963808816017712_0.8964414879188565_SIZE_1_1.15_2
GEN_25_FIT_0.8963715439612808_0.8963932174270258_0.8964414879188565_SIZE_1_1.15_3
GEN_26_FIT_0.896393598929894_0.8964154722491384_0.896443917737892_SIZE_1_1.25_3
GEN_27_FIT_0.8964414879188565_0.8964436252245062_0.8964757935202943_SIZE_1_1.15_2
GEN_28_FIT_0.8964414879188565_0.896444047250084_0.8964757935202943_SIZE_1_1.3_2
GEN_29_FIT_0.8964426389733057_0.8964569187981193_0.8965789933420032_SIZE_1_1.65_2
GEN_30_FIT_0.8964426389733057_0.896466475147333_0.8965789933420032_SIZE_1_1.3_2
GEN_31_FIT_0.8964757935202943_0.8965054275538522_0.8966163315776786_SIZE_1_1.3_2
GEN_32_FIT_0.8964769445747437_0.8965719954059967_0.896617610342265_SIZE_1_1.25_2
GEN_33_FIT_0.8965801443964528_0.8966063616093276_0.896617610342265_SIZE_1_1.25_2
GEN_34_FIT_0.8966003045913791_0.8966147608065829_0.896617610342265_SIZE_1_1.35_2
GEN_35_FIT_0.8966163315776786_0.8966164594541374_0.896617610342265_SIZE_1_1.1_2
GEN_36_FIT_0.8966163315776786_0.8966164594541374_0.896617610342265_SIZE_1_1.1_2
GEN_37_FIT_0.8966163315776786_0.8966164594541374_0.896617610342265_SIZE_1_1.1_2
GEN_38_FIT_0.8966163315776786_0.8966170918109458_0.8966289787138486_SIZE_1_1.1_2
GEN_39_FIT_0.8966163315776786_0.8966183565245627_0.8966289787138486_SIZE_1_1.1_2
GEN_40_FIT_0.8966163315776786_0.8966201257185297_0.8966289787138486_SIZE_1_1.05_2
Evaluating in sample:
[GEN_40|make_tuple(0.8605757463121413, 0.001207733440480886)|0.8966]
Evaluating out-of-sample:
[GEN_40|make_tuple(0.8605757463121413, 0.001207733440480886)|0.9870]
GEN_41_FIT_0.8966163315776786_0.8966270816434232_0.8966289787138486_SIZE_1_1.1_2
GEN_42_FIT_0.8966289787138486_0.8966289787138487_0.8966289787138486_SIZE_1_1.0_1
GEN_43_FIT_0.8966289787138486_0.8966289787138487_0.8966289787138486_SIZE_1_1.0_1
GEN_44_FIT_0.8966289787138486_0.8966289787138487_0.8966289787138486_SIZE_1_1.0_1
GEN_45_FIT_0.8966289787138486_0.8966289787138487_0.8966289787138486_SIZE_1_1.0_1
GEN_46_FIT_0.8966289787138486_0.8966289787138487_0.8966289787138486_SIZE_1_1.0_1
GEN_47_FIT_0.8966289787138486_0.8966289787138487_0.8966289787138486_SIZE_1_1.0_1
GEN_48_FIT_0.8966289787138486_0.8966289787138487_0.8966289787138486_SIZE_1_1.0_1
GEN_49_FIT_0.8966289787138486_0.8966289787138487_0.8966289787138486_SIZE_1_1.0_1
GEN_50_FIT_0.8966289787138486_0.8966289787138487_0.8966289787138486_SIZE_1_1.0_1
GEN_51_FIT_0.8966289787138486_0.8966290346603873_0.8966300976446206_SIZE_1_1.0_1
GEN_52_FIT_0.8966289787138486_0.8966290346603873_0.8966300976446206_SIZE_1_1.0_1
GEN_53_FIT_0.8966289787138486_0.896629090606926_0.8966300976446206_SIZE_1_1.0_1
GEN_54_FIT_0.8966289787138486_0.8966293143930804_0.8966300976446206_SIZE_1_1.0_1
GEN_55_FIT_0.8966289787138486_0.8966299857515436_0.8966300976446206_SIZE_1_1.1_2
GEN_56_FIT_0.8966300976446206_0.8966300976446208_0.8966300976446206_SIZE_1_1.0_1
GEN_57_FIT_0.8966300976446206_0.8966300976446208_0.8966300976446206_SIZE_1_1.0_1
GEN_58_FIT_0.8966300976446206_0.8966300976446208_0.8966300976446206_SIZE_1_1.0_1
GEN_59_FIT_0.8966300976446206_0.8966300976446208_0.8966300976446206_SIZE_1_1.0_1
GEN_60_FIT_0.8966300976446206_0.8966300976446208_0.8966300976446206_SIZE_1_1.0_1
Evaluating in sample:
[GEN_60|make_tuple(0.8615809820273259, 0.001207733440480886)|0.8966]
Evaluating out-of-sample:
[GEN_60|make_tuple(0.8615809820273259, 0.001207733440480886)|0.9870]
GEN_61_FIT_0.8966300976446206_0.8966300976446208_0.8966300976446206_SIZE_1_1.0_1
GEN_62_FIT_0.8966300976446206_0.8966300976446208_0.8966300976446206_SIZE_1_1.0_1
GEN_63_FIT_0.8966300976446206_0.8966300976446208_0.8966300976446206_SIZE_1_1.0_1
GEN_64_FIT_0.8966300976446206_0.8966300976446208_0.8966300976446206_SIZE_1_1.0_1
GEN_65_FIT_0.8966300976446206_0.8966300976446208_0.8966300976446206_SIZE_1_1.0_1
GEN_66_FIT_0.8966300976446206_0.8966300976446208_0.8966300976446206_SIZE_1_1.0_1
GEN_67_FIT_0.8966300976446206_0.8966300976446208_0.8966300976446206_SIZE_1_1.0_1
GEN_68_FIT_0.8966300976446206_0.8966300976446208_0.8966300976446206_SIZE_1_1.0_1
GEN_69_FIT_0.8966300976446206_0.8966300976446208_0.8966300976446206_SIZE_1_1.0_1
GEN_70_FIT_0.8966300976446206_0.8966300976446208_0.8966300976446206_SIZE_1_1.0_1
GEN_71_FIT_0.8966300976446206_0.8966300976446208_0.8966300976446206_SIZE_1_1.0_1
GEN_72_FIT_0.8966300976446206_0.8966300976446208_0.8966300976446206_SIZE_1_1.0_1
Evaluating in sample:
[GEN_72|make_tuple(0.8615809820273259, 0.001207733440480886)|0.8966]
Evaluating out-of-sample:
[GEN_72|make_tuple(0.8615809820273259, 0.001207733440480886)|0.9870]
Stopped early in iteration 72, no improvement in 20 gens.
START_TASK: 6
GEN_0_FIT_0.8301529010719014_0.880343109447157_0.8961572603837896_SIZE_1_2.85_7
GEN_1_FIT_0.8819737088040899_0.8935293121021365_0.8961572603837896_SIZE_1_1.55_3
GEN_2_FIT_0.8951725681641836_0.8957318622263992_0.8962486334700057_SIZE_1_1.3_2
GEN_3_FIT_0.8957812949436177_0.8960249472521271_0.8962827217687779_SIZE_1_1.05_2
GEN_4_FIT_0.8961572603837896_0.8961972014626811_0.8962827217687779_SIZE_1_1.0_1
GEN_5_FIT_0.8962010381052572_0.8962551708783236_0.8963134426137997_SIZE_1_1.05_2
GEN_6_FIT_0.896281429147111_0.8962965784368295_0.8963795670983996_SIZE_1_1.15_2
GEN_7_FIT_0.896312070405273_0.8963325789328221_0.8963795670983996_SIZE_1_1.15_2
GEN_8_FIT_0.8963134426137997_0.8963679089037841_0.8963795670983996_SIZE_1_1.0_1
GEN_9_FIT_0.8963795670983996_0.8963795670983996_0.8963795670983996_SIZE_1_1.0_1
GEN_10_FIT_0.8963795670983996_0.8963800810646394_0.8963898464231951_SIZE_1_1.0_1
GEN_11_FIT_0.8963795670983996_0.8963805950308792_0.8963898464231951_SIZE_1_1.0_1
GEN_12_FIT_0.8963795670983996_0.8963841927945575_0.8963898464231951_SIZE_1_1.0_1
GEN_13_FIT_0.8963898464231951_0.896389846423195_0.8963898464231951_SIZE_1_1.0_1
GEN_14_FIT_0.8963898464231951_0.896389846423195_0.8963898464231951_SIZE_1_1.0_1
GEN_15_FIT_0.8963898464231951_0.896389846423195_0.8963898464231951_SIZE_1_1.0_1
GEN_16_FIT_0.8963898464231951_0.896389846423195_0.8963898464231951_SIZE_1_1.0_1
GEN_17_FIT_0.8963898464231951_0.8963899576471419_0.8963920709021351_SIZE_1_1.0_1
GEN_18_FIT_0.8963898464231951_0.8963902913189831_0.8963920709021351_SIZE_1_1.05_2
GEN_19_FIT_0.8963898464231951_0.896390958662665_0.8963920709021351_SIZE_1_1.1_2
GEN_20_FIT_0.8963920709021351_0.896392070902135_0.8963920709021351_SIZE_1_1.0_1
Evaluating in sample:
[GEN_20|make_tuple(0.46041006430449927, 0.0011208659479394216)|0.9044]
Evaluating out-of-sample:
[GEN_20|make_tuple(0.46041006430449927, 0.0011208659479394216)|0.9836]
GEN_21_FIT_0.8963920709021351_0.896392070902135_0.8963920709021351_SIZE_1_1.0_1
GEN_22_FIT_0.8963920709021351_0.896392070902135_0.8963920709021351_SIZE_1_1.0_1
GEN_23_FIT_0.8963920709021351_0.896392070902135_0.8963920709021351_SIZE_1_1.0_1
GEN_24_FIT_0.8963920709021351_0.896392070902135_0.8963920709021351_SIZE_1_1.0_1
GEN_25_FIT_0.8963920709021351_0.896392070902135_0.8963920709021351_SIZE_1_1.0_1
GEN_26_FIT_0.8963920709021351_0.896392070902135_0.8963920709021351_SIZE_1_1.0_1
GEN_27_FIT_0.8963920709021351_0.896392070902135_0.8963920709021351_SIZE_1_1.0_1
GEN_28_FIT_0.8963920709021351_0.896392070902135_0.8963920709021351_SIZE_1_1.0_1
GEN_29_FIT_0.8963920709021351_0.896392070902135_0.8963920709021351_SIZE_1_1.0_1
GEN_30_FIT_0.8963920709021351_0.896392070902135_0.8963920709021351_SIZE_1_1.0_1
GEN_31_FIT_0.8963920709021351_0.896392070902135_0.8963920709021351_SIZE_1_1.0_1
GEN_32_FIT_0.8963920709021351_0.896392070902135_0.8963920709021351_SIZE_1_1.0_1
GEN_33_FIT_0.8963920709021351_0.896392070902135_0.8963920709021351_SIZE_1_1.0_1
GEN_34_FIT_0.8963920709021351_0.896392070902135_0.8963920709021351_SIZE_1_1.0_1
GEN_35_FIT_0.8963920709021351_0.896392070902135_0.8963920709021351_SIZE_1_1.0_1
GEN_36_FIT_0.8963920709021351_0.896392070902135_0.8963920709021351_SIZE_1_1.0_1
GEN_37_FIT_0.8963920709021351_0.896392070902135_0.8963920709021351_SIZE_1_1.0_1
GEN_38_FIT_0.8963920709021351_0.896392070902135_0.8963920709021351_SIZE_1_1.0_1
Evaluating in sample:
[GEN_38|make_tuple(0.46041006430449927, 0.0011208659479394216)|0.9044]
Evaluating out-of-sample:
[GEN_38|make_tuple(0.46041006430449927, 0.0011208659479394216)|0.9836]
Stopped early in iteration 38, no improvement in 20 gens.
START_TASK: 11
GEN_0_FIT_0.8322955663239138_0.8803504223697572_0.8914136565510564_SIZE_1_2.4_5
GEN_1_FIT_0.8649060775882097_0.8861957352027157_0.8934618099267148_SIZE_1_1.9_4
GEN_2_FIT_0.8734989311347269_0.8865640055064343_0.8934618099267148_SIZE_1_2.1_5
GEN_3_FIT_0.8832922153946628_0.8907659389126656_0.8943664411125641_SIZE_1_2.6_5
GEN_4_FIT_0.8850578009065869_0.8924991274740893_0.894405878528269_SIZE_1_2.35_5
GEN_5_FIT_0.8874253066161603_0.8933556509340169_0.894405878528269_SIZE_1_2.15_4
GEN_6_FIT_0.8886499029227548_0.8933036901836552_0.894405878528269_SIZE_1_2.6_4
GEN_7_FIT_0.8898233653627977_0.8941750335611325_0.894405878528269_SIZE_1_3.65_4
GEN_8_FIT_0.8898233653627977_0.8941768481898349_0.894442171102317_SIZE_1_3.7_5
GEN_9_FIT_0.8898483490815234_0.894174754077885_0.894442171102317_SIZE_1_3.15_5
GEN_10_FIT_0.8905727348008808_0.8942210014816359_0.894442171102317_SIZE_1_3.35_5
GEN_11_FIT_0.8905727348008808_0.8942432343411374_0.894442171102317_SIZE_1_4.55_5
GEN_12_FIT_0.8905727348008808_0.8940479268373623_0.894442171102317_SIZE_1_4.2_5
GEN_13_FIT_0.8922262624790234_0.8943259212550447_0.894442171102317_SIZE_1_4.45_5
GEN_14_FIT_0.060204763940224726_0.8525545361023248_0.8944429455300079_SIZE_1_3.4_5
GEN_15_FIT_0.8922262624790234_0.8941913919635109_0.8944429455300079_SIZE_1_2.4_5
GEN_16_FIT_0.8919075937303751_0.8936087263492173_0.8944429455300079_SIZE_1_2.7_5
GEN_17_FIT_0.8922262624790234_0.8940187982450697_0.8944429455300079_SIZE_1_2.6_5
GEN_18_FIT_0.8938912167147262_0.8943964705494489_0.8951320238362411_SIZE_1_3.65_5
GEN_19_FIT_0.8938912167147262_0.8944778660096023_0.8951320238362411_SIZE_1_1.95_5
GEN_20_FIT_0.8948456957943457_0.8951120058200448_0.8951320238362411_SIZE_1_1.15_2
Evaluating in sample:
[GEN_20|make_tuple(5, 0.0012014938351660458)|0.8951]
Evaluating out-of-sample:
[GEN_20|make_tuple(5, 0.0012014938351660458)|0.9239]
GEN_21_FIT_0.8951320238362411_0.8952811116197654_0.89627306817575_SIZE_1_1.0_1
GEN_22_FIT_0.8954651285296314_0.8960018654641628_0.89627306817575_SIZE_1_1.0_1
GEN_23_FIT_0.8961081834550281_0.8961499603598588_0.89627306817575_SIZE_1_1.0_1
GEN_24_FIT_0.896112802826549_0.89625704164083_0.89627306817575_SIZE_1_1.05_2
GEN_25_FIT_0.89627306817575_0.8962730681757499_0.89627306817575_SIZE_1_1.0_1
GEN_26_FIT_0.89627306817575_0.8962730681757499_0.89627306817575_SIZE_1_1.0_1
GEN_27_FIT_0.89627306817575_0.8963007216848837_0.896826138358428_SIZE_1_1.05_2
GEN_28_FIT_0.89627306817575_0.8963283751940176_0.896826138358428_SIZE_1_1.1_2
GEN_29_FIT_0.89627306817575_0.8963283751940176_0.896826138358428_SIZE_1_1.1_2
GEN_30_FIT_0.89627306817575_0.8963283751940176_0.896826138358428_SIZE_1_1.1_2
GEN_31_FIT_0.89627306817575_0.896356116021971_0.8968278847348178_SIZE_1_1.2_3
GEN_32_FIT_0.89627306817575_0.896356116021971_0.8968278847348178_SIZE_1_1.2_3
GEN_33_FIT_0.89627306817575_0.8963838568499245_0.8968278847348178_SIZE_1_1.3_3
GEN_34_FIT_0.89627306817575_0.8963838568499245_0.8968278847348178_SIZE_1_1.3_3
GEN_35_FIT_0.89627306817575_0.8963838568499245_0.8968278847348178_SIZE_1_1.3_3
GEN_36_FIT_0.89627306817575_0.8963593097925276_0.8968917601459505_SIZE_1_1.2_3
GEN_37_FIT_0.89627306817575_0.8963902443910378_0.8968917601459505_SIZE_1_1.3_3
GEN_38_FIT_0.89627306817575_0.8963902443910378_0.8968917601459505_SIZE_1_1.3_3
GEN_39_FIT_0.89627306817575_0.8963040027742599_0.8968917601459505_SIZE_1_1.05_2
GEN_40_FIT_0.89627306817575_0.8963040027742599_0.8968917601459505_SIZE_1_1.05_2
Evaluating in sample:
[GEN_40|make_tuple(5, 0.001110781440656142)|0.8963]
[GEN_40|make_tuple(truediv(6, 13), 0.001110781440656142)|0.9049]
Evaluating out-of-sample:
[GEN_40|make_tuple(5, 0.001110781440656142)|0.9278]
[GEN_40|make_tuple(truediv(6, 13), 0.001110781440656142)|0.9162]
GEN_41_FIT_0.89627306817575_0.8963040027742599_0.8968917601459505_SIZE_1_1.05_2
GEN_42_FIT_0.89627306817575_0.8963349373727698_0.8968917601459505_SIZE_1_1.1_2
GEN_43_FIT_0.89627306817575_0.8963349373727698_0.8968917601459505_SIZE_1_1.1_2
GEN_44_FIT_0.89627306817575_0.8963349373727698_0.8968917601459505_SIZE_1_1.1_2
GEN_45_FIT_0.89627306817575_0.8964315173275835_0.8968917601459505_SIZE_1_1.3_2
GEN_46_FIT_0.89627306817575_0.8966741899590971_0.8968917601459505_SIZE_1_1.65_2
GEN_47_FIT_0.89627306817575_0.8964060065149588_0.8969086565278677_SIZE_1_1.2_2
GEN_48_FIT_0.8962880887897046_0.8963501455635207_0.8969086565278677_SIZE_1_1.1_2
GEN_49_FIT_0.8962880887897046_0.8963501455635207_0.8969086565278677_SIZE_1_1.1_2
GEN_50_FIT_0.8962880887897046_0.8963501455635207_0.8969086565278677_SIZE_1_1.1_2
GEN_51_FIT_0.8962880887897046_0.8963501455635207_0.8969086565278677_SIZE_1_1.1_2
GEN_52_FIT_0.8962880887897046_0.8963501455635207_0.8969086565278677_SIZE_1_1.1_2
GEN_53_FIT_0.8962880887897046_0.8963501455635207_0.8969086565278677_SIZE_1_1.1_2
GEN_54_FIT_0.8962880887897046_0.8963501455635207_0.8969086565278677_SIZE_1_1.1_2
GEN_55_FIT_0.8962880887897046_0.8963501455635207_0.8969086565278677_SIZE_1_1.1_2
GEN_56_FIT_0.8962880887897046_0.8963501455635207_0.8969086565278677_SIZE_1_1.1_2
GEN_57_FIT_0.8962880887897046_0.8963501455635207_0.8969086565278677_SIZE_1_1.1_2
GEN_58_FIT_0.8962880887897046_0.8963501455635207_0.8969086565278677_SIZE_1_1.1_2
GEN_59_FIT_0.8962880887897046_0.8963501455635207_0.8969086565278677_SIZE_1_1.1_2
GEN_60_FIT_0.8962880887897046_0.8963501455635207_0.8969086565278677_SIZE_1_1.1_2
Evaluating in sample:
[GEN_60|make_tuple(5, 0.0011095560144042226)|0.8963]
[GEN_60|make_tuple(truediv(6, 13), 0.0011095560144042226)|0.9049]
Evaluating out-of-sample:
[GEN_60|make_tuple(5, 0.0011095560144042226)|0.9278]
[GEN_60|make_tuple(truediv(6, 13), 0.0011095560144042226)|0.9162]
GEN_61_FIT_0.8962880887897046_0.8963501455635207_0.8969086565278677_SIZE_1_1.1_2
GEN_62_FIT_0.8962880887897046_0.8963501455635207_0.8969086565278677_SIZE_1_1.1_2
GEN_63_FIT_0.8962880887897046_0.8963501455635207_0.8969086565278677_SIZE_1_1.1_2
GEN_64_FIT_0.8962880887897046_0.8963501455635207_0.8969086565278677_SIZE_1_1.1_2
GEN_65_FIT_0.8962880887897046_0.8963501455635207_0.8969086565278677_SIZE_1_1.1_2
GEN_66_FIT_0.8962880887897046_0.8963501455635207_0.8969086565278677_SIZE_1_1.1_2
GEN_67_FIT_0.8962880887897046_0.8963501455635207_0.8969086565278677_SIZE_1_1.1_2
GEN_68_FIT_0.8962880887897046_0.8963501455635207_0.8969086565278677_SIZE_1_1.1_2
Evaluating in sample:
[GEN_68|make_tuple(5, 0.0011095560144042226)|0.8963]
[GEN_68|make_tuple(truediv(6, 13), 0.0011095560144042226)|0.9049]
Evaluating out-of-sample:
[GEN_68|make_tuple(5, 0.0011095560144042226)|0.9278]
[GEN_68|make_tuple(truediv(6, 13), 0.0011095560144042226)|0.9162]
Stopped early in iteration 68, no improvement in 20 gens.
START_TASK: 12
GEN_0_FIT_0.8733398009608438_0.8906430882959535_0.8951299637012168_SIZE_1_3.75_9
GEN_1_FIT_0.8898987872132715_0.8925409134062035_0.8951299637012168_SIZE_1_3.65_8
GEN_2_FIT_0.8934172036701256_0.8946671743174575_0.8954796003192707_SIZE_1_4.4_8
GEN_3_FIT_0.8949199185305219_0.8952065635746971_0.8955091223345076_SIZE_1_6.1_9
GEN_4_FIT_0.8950262544858855_0.895368901741762_0.8958125273420062_SIZE_1_5.85_9
GEN_5_FIT_0.8950262544858855_0.8955085011358299_0.89584472487959_SIZE_1_4.9_9
GEN_6_FIT_0.8955246576113121_0.8957226565064834_0.89584472487959_SIZE_1_5.2_9
GEN_7_FIT_0.8955246576113121_0.8956188085538145_0.896130032348224_SIZE_1_1.35_4
GEN_8_FIT_0.8955413812711405_0.8956591114865573_0.896130032348224_SIZE_1_1.2_2
GEN_9_FIT_0.8955413812711405_0.8956885440404114_0.896130032348224_SIZE_1_1.1_2
GEN_10_FIT_0.8958731092496656_0.8961035182269674_0.8962076191706119_SIZE_1_1.4_2
GEN_11_FIT_0.896130032348224_0.8961487021658213_0.8962076191706119_SIZE_1_1.0_1
GEN_12_FIT_0.896130032348224_0.8961984067123735_0.8962076191706119_SIZE_1_1.1_2
GEN_13_FIT_0.8962076191706119_0.8962076191706118_0.8962076191706119_SIZE_1_1.0_1
GEN_14_FIT_0.8962076191706119_0.8962082093618633_0.8962180772246578_SIZE_1_1.0_1
GEN_15_FIT_0.8962076191706119_0.8962089341302137_0.8962180772246578_SIZE_1_1.0_1
GEN_16_FIT_0.8962089649415993_0.896211698626517_0.8962180772246578_SIZE_1_1.0_1
GEN_17_FIT_0.8962089649415993_0.8962162547680462_0.8962180772246578_SIZE_1_1.1_2
GEN_18_FIT_0.8962180772246578_0.8962180772246576_0.8962180772246578_SIZE_1_1.0_1
GEN_19_FIT_0.8962180772246578_0.8962180772246576_0.8962180772246578_SIZE_1_1.0_1
GEN_20_FIT_0.8962180772246578_0.8962207176507807_0.8962708857471192_SIZE_1_1.0_1
Evaluating in sample:
[GEN_20|make_tuple(0.45392555013928493, 0.0011090507160562062)|0.9043]
Evaluating out-of-sample:
[GEN_20|make_tuple(0.45392555013928493, 0.0011090507160562062)|0.9956]
GEN_21_FIT_0.8962180772246578_0.8962259985030269_0.8962708857471192_SIZE_1_1.0_1
GEN_22_FIT_0.8962180772246578_0.8962371542047345_0.8962708857471192_SIZE_1_1.0_1
GEN_23_FIT_0.8962496076722979_0.8962660294487825_0.8962708857471192_SIZE_1_1.0_1
GEN_24_FIT_0.8962708857471192_0.8962713879582088_0.8962809299689115_SIZE_1_1.0_1
GEN_25_FIT_0.8962708857471192_0.8962718901692984_0.8962809299689115_SIZE_1_1.0_1
GEN_26_FIT_0.8962708857471192_0.8962744012247464_0.8962809299689115_SIZE_1_1.0_1
GEN_27_FIT_0.8962809299689115_0.8962809299689113_0.8962809299689115_SIZE_1_1.0_1
GEN_28_FIT_0.8962809299689115_0.8962809299689113_0.8962809299689115_SIZE_1_1.0_1
GEN_29_FIT_0.8962809299689115_0.8962809299689113_0.8962809299689115_SIZE_1_1.0_1
GEN_30_FIT_0.8962809299689115_0.8962809299689113_0.8962809299689115_SIZE_1_1.0_1
GEN_31_FIT_0.8962809299689115_0.8962809299689113_0.8962809299689115_SIZE_1_1.0_1
GEN_32_FIT_0.8962809299689115_0.8962809299689113_0.8962809299689115_SIZE_1_1.0_1
GEN_33_FIT_0.8962809299689115_0.8962809299689113_0.8962809299689115_SIZE_1_1.0_1
GEN_34_FIT_0.8962809299689115_0.8962809299689113_0.8962809299689115_SIZE_1_1.0_1
GEN_35_FIT_0.8962809299689115_0.8962809299689113_0.8962809299689115_SIZE_1_1.0_1
GEN_36_FIT_0.8962809299689115_0.8962809299689113_0.8962809299689115_SIZE_1_1.0_1
GEN_37_FIT_0.8962809299689115_0.8962809299689113_0.8962809299689115_SIZE_1_1.0_1
GEN_38_FIT_0.8962809299689115_0.8962809299689113_0.8962809299689115_SIZE_1_1.0_1
GEN_39_FIT_0.8962809299689115_0.8962809299689113_0.8962809299689115_SIZE_1_1.0_1
GEN_40_FIT_0.8962809299689115_0.8962809299689113_0.8962809299689115_SIZE_1_1.0_1
Evaluating in sample:
[GEN_40|make_tuple(0.45392555013928493, 0.0011214565489507191)|0.9043]
Evaluating out-of-sample:
[GEN_40|make_tuple(0.45392555013928493, 0.0011214565489507191)|0.9956]
GEN_41_FIT_0.8962809299689115_0.8962809299689113_0.8962809299689115_SIZE_1_1.0_1
GEN_42_FIT_0.8962809299689115_0.8962809299689113_0.8962809299689115_SIZE_1_1.0_1
GEN_43_FIT_0.8962809299689115_0.8962809299689113_0.8962809299689115_SIZE_1_1.0_1
GEN_44_FIT_0.8962809299689115_0.8962809299689113_0.8962809299689115_SIZE_1_1.0_1
GEN_45_FIT_0.8962809299689115_0.8962809299689113_0.8962809299689115_SIZE_1_1.0_1
Evaluating in sample:
[GEN_45|make_tuple(0.45392555013928493, 0.0011214565489507191)|0.9043]
Evaluating out-of-sample:
[GEN_45|make_tuple(0.45392555013928493, 0.0011214565489507191)|0.9956]
Stopped early in iteration 45, no improvement in 20 gens.
START_TASK: 14
GEN_0_FIT_0.8873642956358796_0.8925186547624862_0.8951181778991517_SIZE_1_2.65_7
GEN_1_FIT_0.8912538097669338_0.8937592771281647_0.8953877053406049_SIZE_1_1.75_4
GEN_2_FIT_0.894890985724073_0.8950580063527422_0.8955287079424554_SIZE_1_1.45_4
GEN_3_FIT_0.8951079551809114_0.8954105000911288_0.8955287079424554_SIZE_1_1.35_3
GEN_4_FIT_0.8954583131146628_0.8955256514670387_0.8955379732619134_SIZE_1_1.05_2
GEN_5_FIT_0.8955287079424554_0.8955478130478542_0.8956989253701915_SIZE_1_1.0_1
GEN_6_FIT_0.8955518445560455_0.8956523080441811_0.8956989253701915_SIZE_1_1.1_2
GEN_7_FIT_0.8956989253701915_0.8956989253701912_0.8956989253701915_SIZE_1_1.0_1
GEN_8_FIT_0.8956989253701915_0.8956989253701912_0.8956989253701915_SIZE_1_1.0_1
GEN_9_FIT_0.8956989253701915_0.8956989253701912_0.8956989253701915_SIZE_1_1.0_1
GEN_10_FIT_0.8956989253701915_0.8956992838718347_0.8957060954030591_SIZE_1_1.05_2
GEN_11_FIT_0.8956989253701915_0.8956996423734781_0.8957060954030591_SIZE_1_1.1_2
GEN_12_FIT_0.8956989253701915_0.8956996423734781_0.8957060954030591_SIZE_1_1.1_2
GEN_13_FIT_0.8956989253701915_0.8956996423734781_0.8957060954030591_SIZE_1_1.1_2
GEN_14_FIT_0.8956989253701915_0.8956996423734781_0.8957060954030591_SIZE_1_1.1_2
GEN_15_FIT_0.8956989253701915_0.895706690412734_0.8958542262210425_SIZE_1_1.05_2
GEN_16_FIT_0.8956989253701915_0.8957144554552764_0.8958542262210425_SIZE_1_1.1_2
GEN_17_FIT_0.8956989253701915_0.8957144554552764_0.8958542262210425_SIZE_1_1.1_2
GEN_18_FIT_0.8956989253701915_0.8957466376269145_0.8958542262210425_SIZE_1_1.35_2
GEN_19_FIT_0.895714195366685_0.8958332215928889_0.8958542262210425_SIZE_1_1.9_3
GEN_20_FIT_0.8956989253701915_0.895738384038433_0.8958694962175361_SIZE_1_1.2_2
Evaluating in sample:
[GEN_20|make_tuple(749, 0.0011090394149199227)|0.8957]
[GEN_20|make_tuple(expit(4), 0.0011090394149199227)|0.8959]
Evaluating out-of-sample:
[GEN_20|make_tuple(749, 0.0011090394149199227)|0.9926]
[GEN_20|make_tuple(expit(4), 0.0011090394149199227)|0.9929]
GEN_21_FIT_0.895714195366685_0.8957297254517702_0.8958694962175361_SIZE_1_1.1_2
GEN_22_FIT_0.895714195366685_0.8957297254517702_0.8958694962175361_SIZE_1_1.1_2
GEN_23_FIT_0.895714195366685_0.8957297254517702_0.8958694962175361_SIZE_1_1.1_2
GEN_24_FIT_0.895714195366685_0.8957297254517702_0.8958694962175361_SIZE_1_1.1_2
GEN_25_FIT_0.895714195366685_0.8957297254517702_0.8958694962175361_SIZE_1_1.1_2
GEN_26_FIT_0.895714195366685_0.8957293982161291_0.8960182523555652_SIZE_1_1.05_2
GEN_27_FIT_0.895714195366685_0.8957446010655732_0.8960182523555652_SIZE_1_1.1_2
GEN_28_FIT_0.895714195366685_0.895759803915017_0.8960182523555652_SIZE_1_1.1_2
GEN_29_FIT_0.895714195366685_0.8959544175608947_0.8960182523555652_SIZE_1_1.65_2
GEN_30_FIT_0.8959577844176762_0.8960122055617761_0.8960182523555652_SIZE_1_1.35_2
GEN_31_FIT_0.8960182523555652_0.8960268409412624_0.8961900240695113_SIZE_1_1.0_1
GEN_32_FIT_0.8960182523555652_0.8961103232167897_0.8962625662462753_SIZE_1_1.0_1
GEN_33_FIT_0.8961900240695113_0.8962154098223287_0.8962625662462753_SIZE_1_1.05_2
GEN_34_FIT_0.8962147506444395_0.8962495190636144_0.8962625662462753_SIZE_1_1.1_2
GEN_35_FIT_0.8962625662462753_0.8962630713298045_0.8962726679168614_SIZE_1_1.0_1
GEN_36_FIT_0.8962625662462753_0.8962640814968632_0.8962726679168614_SIZE_1_1.0_1
GEN_37_FIT_0.8962625662462753_0.8962645865803924_0.8962726679168614_SIZE_1_1.0_1
GEN_38_FIT_0.8962625662462753_0.8962688196724005_0.8962726679168614_SIZE_1_1.0_1
GEN_39_FIT_0.8962726679168614_0.8962726679168614_0.8962726679168614_SIZE_1_1.0_1
GEN_40_FIT_0.8962726679168614_0.8962726679168614_0.8962726679168614_SIZE_1_1.0_1
Evaluating in sample:
[GEN_40|make_tuple(0.4527198549355057, 0.0011090394149199227)|0.9043]
Evaluating out-of-sample:
[GEN_40|make_tuple(0.4527198549355057, 0.0011090394149199227)|0.9939]
GEN_41_FIT_0.8962726679168614_0.8962726679168614_0.8962726679168614_SIZE_1_1.0_1
GEN_42_FIT_0.8962726679168614_0.8962727599932032_0.8962745094436971_SIZE_1_1.0_1
GEN_43_FIT_0.8962726679168614_0.896272852069545_0.8962745094436971_SIZE_1_1.05_2
GEN_44_FIT_0.8962726679168614_0.8962730362222284_0.8962745094436971_SIZE_1_1.1_2
GEN_45_FIT_0.8962726679168614_0.8962737432776144_0.8962849674977433_SIZE_1_1.15_2
GEN_46_FIT_0.8962726679168614_0.8962746750424129_0.8962849674977433_SIZE_1_1.15_2
GEN_47_FIT_0.8962745094436971_0.8962780471336995_0.8962883263467738_SIZE_1_1.4_3
GEN_48_FIT_0.8962775338012741_0.8962827320899145_0.8962889363674216_SIZE_1_1.6_2
GEN_49_FIT_0.8962775338012741_0.8962822417009736_0.8962985832868857_SIZE_1_1.25_2
GEN_50_FIT_0.8962775338012741_0.896288080878012_0.8962985832868857_SIZE_1_1.35_2
GEN_51_FIT_0.8962913846934195_0.8962921045527661_0.8962985832868857_SIZE_1_1.1_2
GEN_52_FIT_0.8962913846934195_0.8962921045527661_0.8962985832868857_SIZE_1_1.1_2
GEN_53_FIT_0.8962913846934195_0.8962921045527661_0.8962985832868857_SIZE_1_1.1_2
GEN_54_FIT_0.8962913846934195_0.8962921045527661_0.8962985832868857_SIZE_1_1.1_2
GEN_55_FIT_0.8962913846934195_0.8962921045527661_0.8962985832868857_SIZE_1_1.1_2
GEN_56_FIT_0.8962913846934195_0.8962921045527661_0.8962985832868857_SIZE_1_1.1_2
GEN_57_FIT_0.8962913846934195_0.8962921045527661_0.8962985832868857_SIZE_1_1.1_2
GEN_58_FIT_0.8962913846934195_0.8962921045527661_0.8962985832868857_SIZE_1_1.1_2
GEN_59_FIT_0.8962913846934195_0.8962921045527661_0.8962985832868857_SIZE_1_1.1_2
GEN_60_FIT_0.8962913846934195_0.8962921045527661_0.8962985832868857_SIZE_1_1.1_2
Evaluating in sample:
[GEN_60|make_tuple(0.460989848325593, 0.0011196707042067362)|0.9043]
[GEN_60|make_tuple(add(0.4527198549355057, 0.0011388220171208569), 0.0011196707042067362)|0.9043]
Evaluating out-of-sample:
[GEN_60|make_tuple(0.460989848325593, 0.0011196707042067362)|0.9936]
[GEN_60|make_tuple(add(0.4527198549355057, 0.0011388220171208569), 0.0011196707042067362)|0.9936]
GEN_61_FIT_0.8962913846934195_0.8962921045527661_0.8962985832868857_SIZE_1_1.1_2
GEN_62_FIT_0.8962913846934195_0.8962921045527661_0.8962985832868857_SIZE_1_1.1_2
GEN_63_FIT_0.8962913846934195_0.8962921045527661_0.8962985832868857_SIZE_1_1.1_2
GEN_64_FIT_0.8962913846934195_0.8962924644824396_0.8962985832868857_SIZE_1_1.1_2
GEN_65_FIT_0.8962913846934195_0.8962931843417861_0.8962985832868857_SIZE_1_1.1_2
GEN_66_FIT_0.8962913846934195_0.8962946240604793_0.8962985832868857_SIZE_1_1.1_2
GEN_67_FIT_0.8962913846934195_0.8962982233572123_0.8962985832868857_SIZE_1_1.0_1
GEN_68_FIT_0.8962985832868857_0.8962985832868856_0.8962985832868857_SIZE_1_1.0_1
GEN_69_FIT_0.8962985832868857_0.8962985832868856_0.8962985832868857_SIZE_1_1.0_1
GEN_70_FIT_0.8962985832868857_0.8962985832868856_0.8962985832868857_SIZE_1_1.0_1
GEN_71_FIT_0.8962985832868857_0.8962985832868856_0.8962985832868857_SIZE_1_1.0_1
GEN_72_FIT_0.8962985832868857_0.8963223611618496_0.8967741407861645_SIZE_1_1.05_2
GEN_73_FIT_0.8962985832868857_0.8963223611618496_0.8967741407861645_SIZE_1_1.05_2
GEN_74_FIT_0.8962985832868857_0.8963461390368135_0.8967741407861645_SIZE_1_1.1_2
GEN_75_FIT_0.8962985832868857_0.8963461390368135_0.8967741407861645_SIZE_1_1.1_2
GEN_76_FIT_0.8962985832868857_0.8963461390368135_0.8967741407861645_SIZE_1_1.1_2
GEN_77_FIT_0.8962985832868857_0.8963461390368135_0.8967741407861645_SIZE_1_1.1_2
GEN_78_FIT_0.8962985832868857_0.8963461390368135_0.8967741407861645_SIZE_1_1.1_2
GEN_79_FIT_0.8962985832868857_0.8963461390368135_0.8967741407861645_SIZE_1_1.1_2
GEN_80_FIT_0.8962985832868857_0.8963461390368135_0.8967741407861645_SIZE_1_1.1_2
Evaluating in sample:
[GEN_80|make_tuple(0.45381357255826155, 0.0011196707042067362)|0.9043]
[GEN_80|make_tuple(0.45381357255826155, truediv(0.0011196707042067362, 13))|0.9048]
Evaluating out-of-sample:
[GEN_80|make_tuple(0.45381357255826155, 0.0011196707042067362)|0.9936]
[GEN_80|make_tuple(0.45381357255826155, truediv(0.0011196707042067362, 13))|0.9580]
GEN_81_FIT_0.8962985832868857_0.8963461390368135_0.8967741407861645_SIZE_1_1.1_2
GEN_82_FIT_0.8962985832868857_0.8963461390368135_0.8967741407861645_SIZE_1_1.1_2
GEN_83_FIT_0.8962985832868857_0.8963461390368135_0.8967741407861645_SIZE_1_1.1_2
GEN_84_FIT_0.8962985832868857_0.8963461390368135_0.8967741407861645_SIZE_1_1.1_2
GEN_85_FIT_0.8962985832868857_0.8963461390368135_0.8967741407861645_SIZE_1_1.1_2
GEN_86_FIT_0.8962985832868857_0.8963461390368135_0.8967741407861645_SIZE_1_1.1_2
GEN_87_FIT_0.8962985832868857_0.8963461390368135_0.8967741407861645_SIZE_1_1.1_2
GEN_88_FIT_0.8962985832868857_0.8963461390368135_0.8967741407861645_SIZE_1_1.1_2
GEN_89_FIT_0.8962985832868857_0.8963461390368135_0.8967741407861645_SIZE_1_1.1_2
GEN_90_FIT_0.8962985832868857_0.8963461390368135_0.8967741407861645_SIZE_1_1.1_2
GEN_91_FIT_0.8962985832868857_0.8963461390368135_0.8967741407861645_SIZE_1_1.1_2
GEN_92_FIT_0.8962985832868857_0.8963352446901733_0.8970318113526387_SIZE_1_1.05_2
GEN_93_FIT_0.8962985832868857_0.8963352446901733_0.8970318113526387_SIZE_1_1.05_2
GEN_94_FIT_0.8962985832868857_0.8963352446901733_0.8970318113526387_SIZE_1_1.05_2
GEN_95_FIT_0.8962985832868857_0.8963352446901733_0.8970318113526387_SIZE_1_1.05_2
GEN_96_FIT_0.8962985832868857_0.896371906093461_0.8970318113526387_SIZE_1_1.1_2
GEN_97_FIT_0.8962985832868857_0.896371906093461_0.8970318113526387_SIZE_1_1.1_2
GEN_98_FIT_0.8962985832868857_0.896371906093461_0.8970318113526387_SIZE_1_1.1_2
GEN_99_FIT_0.8962985832868857_0.896371906093461_0.8970318113526387_SIZE_1_1.1_2
GEN_100_FIT_0.8962985832868857_0.896371906093461_0.8970318113526387_SIZE_1_1.1_2
Evaluating in sample:
[GEN_100|make_tuple(0.45381357255826155, 0.0011196707042067362)|0.9043]
[GEN_100|make_tuple(0.39299863976850313, truediv(0.001128987167481049, 13))|0.9050]
Evaluating out-of-sample:
[GEN_100|make_tuple(0.45381357255826155, 0.0011196707042067362)|0.9936]
[GEN_100|make_tuple(0.39299863976850313, truediv(0.001128987167481049, 13))|0.9594]
GEN_101_FIT_0.8962985832868857_0.896371906093461_0.8970318113526387_SIZE_1_1.1_2
GEN_102_FIT_0.8962985832868857_0.896371906093461_0.8970318113526387_SIZE_1_1.1_2
GEN_103_FIT_0.8962985832868857_0.896371906093461_0.8970318113526387_SIZE_1_1.1_2
GEN_104_FIT_0.8962985832868857_0.896371906093461_0.8970318113526387_SIZE_1_1.1_2
GEN_105_FIT_0.8962985832868857_0.896371906093461_0.8970318113526387_SIZE_1_1.1_2
GEN_106_FIT_0.8962985832868857_0.896371906093461_0.8970318113526387_SIZE_1_1.1_2
GEN_107_FIT_0.8962985832868857_0.896371906093461_0.8970318113526387_SIZE_1_1.1_2
GEN_108_FIT_0.8962985832868857_0.896371906093461_0.8970318113526387_SIZE_1_1.1_2
GEN_109_FIT_0.8962985832868857_0.896371906093461_0.8970318113526387_SIZE_1_1.1_2
GEN_110_FIT_0.8962985832868857_0.896371906093461_0.8970318113526387_SIZE_1_1.1_2
GEN_111_FIT_0.8962985832868857_0.896371906093461_0.8970318113526387_SIZE_1_1.1_2
GEN_112_FIT_0.8962985832868857_0.896371906093461_0.8970318113526387_SIZE_1_1.1_2
GEN_113_FIT_0.8962985832868857_0.896371906093461_0.8970318113526387_SIZE_1_1.1_2
Evaluating in sample:
[GEN_113|make_tuple(0.45381357255826155, 0.0011196707042067362)|0.9043]
[GEN_113|make_tuple(0.39299863976850313, truediv(0.001128987167481049, 13))|0.9050]
Evaluating out-of-sample:
[GEN_113|make_tuple(0.45381357255826155, 0.0011196707042067362)|0.9936]
[GEN_113|make_tuple(0.39299863976850313, truediv(0.001128987167481049, 13))|0.9594]
Stopped early in iteration 113, no improvement in 20 gens.
START_TASK: 15
GEN_0_FIT_0.8039164325119907_0.8788249721130301_0.8942353276713089_SIZE_1_3.2_7
GEN_1_FIT_0.868886147728443_0.8925954088266079_0.8942353276713089_SIZE_1_3.3_7
GEN_2_FIT_0.8936596231546515_0.8940453775419528_0.8944267256921266_SIZE_1_3.1_6
GEN_3_FIT_0.8940851687449876_0.8943664058565816_0.89534892573728_SIZE_1_2.45_6
GEN_4_FIT_0.8944267256921266_0.8947522600405892_0.8954787217278629_SIZE_1_1.05_2
GEN_5_FIT_0.89534892573728_0.8954022211158931_0.8955119104749899_SIZE_1_1.1_2
GEN_6_FIT_0.8954787217278629_0.8954837000399317_0.8955119104749899_SIZE_1_1.0_1
GEN_7_FIT_0.8954787217278629_0.8954955990578493_0.8955696220333459_SIZE_1_1.0_1
GEN_8_FIT_0.8955119104749899_0.8955205672087434_0.8955696220333459_SIZE_1_1.0_1
GEN_9_FIT_0.8955119104749899_0.8955609652995925_0.8955696220333459_SIZE_1_1.0_1
GEN_10_FIT_0.8955696220333459_0.895569622033346_0.8955696220333459_SIZE_1_1.0_1
GEN_11_FIT_0.8955696220333459_0.8955754614254559_0.895686409875546_SIZE_1_1.0_1
GEN_12_FIT_0.8955696220333459_0.8955940547043865_0.895686409875546_SIZE_1_1.0_1
GEN_13_FIT_0.8955696220333459_0.8956710419044169_0.895686409875546_SIZE_1_1.1_2
GEN_14_FIT_0.895686409875546_0.8956864098755458_0.895686409875546_SIZE_1_1.0_1
GEN_15_FIT_0.895686409875546_0.8956864098755458_0.895686409875546_SIZE_1_1.0_1
GEN_16_FIT_0.895686409875546_0.8956864098755458_0.895686409875546_SIZE_1_1.0_1
GEN_17_FIT_0.895686409875546_0.8956864098755458_0.895686409875546_SIZE_1_1.0_1
GEN_18_FIT_0.895686409875546_0.8956864098755458_0.895686409875546_SIZE_1_1.0_1
GEN_19_FIT_0.895686409875546_0.8956864098755458_0.895686409875546_SIZE_1_1.0_1
GEN_20_FIT_0.895686409875546_0.8956864098755458_0.895686409875546_SIZE_1_1.0_1
Evaluating in sample:
[GEN_20|make_tuple(3, 0.0011099325796290241)|0.8957]
Evaluating out-of-sample:
[GEN_20|make_tuple(3, 0.0011099325796290241)|0.9957]
GEN_21_FIT_0.895686409875546_0.8956864098755458_0.895686409875546_SIZE_1_1.0_1
GEN_22_FIT_0.895686409875546_0.8956864098755458_0.895686409875546_SIZE_1_1.0_1
GEN_23_FIT_0.895686409875546_0.8956869783457831_0.8956977792802915_SIZE_1_1.05_2
GEN_24_FIT_0.895686409875546_0.8956869783457831_0.8956977792802915_SIZE_1_1.05_2
GEN_25_FIT_0.895686409875546_0.8956875468160204_0.8956977792802915_SIZE_1_1.1_2
GEN_26_FIT_0.895686409875546_0.8956875468160204_0.8956977792802915_SIZE_1_1.1_2
GEN_27_FIT_0.895686409875546_0.8956875468160204_0.8956977792802915_SIZE_1_1.1_2
GEN_28_FIT_0.895686409875546_0.8956942835424169_0.8958438832129632_SIZE_1_1.05_2
GEN_29_FIT_0.895686409875546_0.8957021572092877_0.8958438832129632_SIZE_1_1.1_2
GEN_30_FIT_0.895686409875546_0.8957021572092877_0.8958438832129632_SIZE_1_1.1_2
GEN_31_FIT_0.895686409875546_0.8957021572092877_0.8958438832129632_SIZE_1_1.1_2
GEN_32_FIT_0.895686409875546_0.8957021572092877_0.8958438832129632_SIZE_1_1.1_2
GEN_33_FIT_0.895686409875546_0.8957021572092877_0.8958438832129632_SIZE_1_1.1_2
GEN_34_FIT_0.895686409875546_0.8957021572092877_0.8958438832129632_SIZE_1_1.1_2
GEN_35_FIT_0.895686409875546_0.8957021572092877_0.8958438832129632_SIZE_1_1.1_2
GEN_36_FIT_0.895686409875546_0.8957021572092877_0.8958438832129632_SIZE_1_1.1_2
GEN_37_FIT_0.895686409875546_0.8957021572092877_0.8958438832129632_SIZE_1_1.1_2
GEN_38_FIT_0.895686409875546_0.8957021572092877_0.8958438832129632_SIZE_1_1.1_2
GEN_39_FIT_0.895686409875546_0.8957021572092877_0.8958438832129632_SIZE_1_1.1_2
GEN_40_FIT_0.895686409875546_0.8957021572092877_0.8958438832129632_SIZE_1_1.1_2
Evaluating in sample:
[GEN_40|make_tuple(3, 0.0011099325796290241)|0.8957]
[GEN_40|make_tuple(expit(4), 0.0011099325796290241)|0.8958]
Evaluating out-of-sample:
[GEN_40|make_tuple(3, 0.0011099325796290241)|0.9957]
[GEN_40|make_tuple(expit(4), 0.0011099325796290241)|0.9957]
GEN_41_FIT_0.895686409875546_0.8957021572092877_0.8958438832129632_SIZE_1_1.1_2
GEN_42_FIT_0.895686409875546_0.8957021572092877_0.8958438832129632_SIZE_1_1.1_2
GEN_43_FIT_0.895686409875546_0.8957021572092877_0.8958438832129632_SIZE_1_1.1_2
GEN_44_FIT_0.895686409875546_0.8957021572092877_0.8958438832129632_SIZE_1_1.1_2
GEN_45_FIT_0.895686409875546_0.8957021572092877_0.8958438832129632_SIZE_1_1.1_2
GEN_46_FIT_0.895686409875546_0.8957021572092877_0.8958438832129632_SIZE_1_1.1_2
GEN_47_FIT_0.895686409875546_0.8957021572092877_0.8958438832129632_SIZE_1_1.1_2
GEN_48_FIT_0.895686409875546_0.8957021572092877_0.8958438832129632_SIZE_1_1.1_2
GEN_49_FIT_0.895686409875546_0.8957021572092877_0.8958438832129632_SIZE_1_1.1_2
Evaluating in sample:
[GEN_49|make_tuple(3, 0.0011099325796290241)|0.8957]
[GEN_49|make_tuple(expit(4), 0.0011099325796290241)|0.8958]
Evaluating out-of-sample:
[GEN_49|make_tuple(3, 0.0011099325796290241)|0.9957]
[GEN_49|make_tuple(expit(4), 0.0011099325796290241)|0.9957]
Stopped early in iteration 49, no improvement in 20 gens.
START_TASK: 16
GEN_0_FIT_0.8876038985534724_0.8920338557154261_0.8957815646500373_SIZE_1_3.95_9
GEN_1_FIT_0.8923668149893621_0.8941111901184341_0.8957815646500373_SIZE_1_3.8_9
GEN_2_FIT_0.894577040168441_0.8951747566301307_0.8963158157108521_SIZE_1_2.7_9
GEN_3_FIT_0.895053890937011_0.8955333488111105_0.8963158157108521_SIZE_1_3.65_8
GEN_4_FIT_0.8955384037359869_0.8959078887002224_0.8963158157108521_SIZE_1_4.2_8
GEN_5_FIT_0.8955448461005656_0.8956678947369012_0.8963158157108521_SIZE_1_1.75_6
GEN_6_FIT_0.8955547170269557_0.8956317880883381_0.8963158157108521_SIZE_1_1.45_5
GEN_7_FIT_0.8955547170269557_0.8956317880883381_0.8963158157108521_SIZE_1_1.45_5
GEN_8_FIT_0.8955547170269557_0.8958946673617667_0.8963158157108521_SIZE_1_2.9_5
GEN_9_FIT_0.8955547170269557_0.8957291380760187_0.8963158157108521_SIZE_1_1.8_5
GEN_10_FIT_0.8956536985678603_0.8957299780566835_0.8963158157108521_SIZE_1_1.4_4
GEN_11_FIT_0.8956536985678603_0.8957299780566835_0.8963158157108521_SIZE_1_1.4_4
GEN_12_FIT_0.8956536985678603_0.8957489927320316_0.8963158157108521_SIZE_1_1.35_4
GEN_13_FIT_0.8956536985678603_0.8957489927320316_0.8963158157108521_SIZE_1_1.35_4
GEN_14_FIT_0.8956536985678603_0.8957489927320316_0.8963158157108521_SIZE_1_1.35_4
GEN_15_FIT_0.8956536985678603_0.8958159506444721_0.8963158157108521_SIZE_1_1.7_4
GEN_16_FIT_0.8956536985678603_0.8959342413793616_0.8963158157108521_SIZE_1_2.25_4
GEN_17_FIT_0.8956944080133202_0.8961387689314932_0.8963158157108521_SIZE_1_2.95_4
GEN_18_FIT_0.8956944080133202_0.8959599182129517_0.8967748664897038_SIZE_1_1.9_4
GEN_19_FIT_0.8957096780098138_0.8959334009907332_0.8967748664897038_SIZE_1_1.65_4
GEN_20_FIT_0.8957096780098138_0.8958762488077945_0.896777479456368_SIZE_1_1.45_4
Evaluating in sample:
[GEN_20|make_tuple(6, 0.001108587124488749)|0.8957]
[GEN_20|make_tuple(mul(36, 0.024422779788714946), 0.001211370801799875)|0.8962]
[GEN_20|make_tuple(0.4965428979622112, truediv(mul(0.0022820535622131754, 0.22502695027318523), 6))|0.9043]
[GEN_20|make_tuple(if_gt(5, 47, 2, 0.36578736323738076), truediv(mul(0.0022820535622131754, 0.22762967414356466), 6))|0.9048]
Evaluating out-of-sample:
[GEN_20|make_tuple(6, 0.001108587124488749)|0.9931]
[GEN_20|make_tuple(mul(36, 0.024422779788714946), 0.001211370801799875)|0.9931]
[GEN_20|make_tuple(0.4965428979622112, truediv(mul(0.0022820535622131754, 0.22502695027318523), 6))|0.9844]
[GEN_20|make_tuple(if_gt(5, 47, 2, 0.36578736323738076), truediv(mul(0.0022820535622131754, 0.22762967414356466), 6))|0.9839]
GEN_21_FIT_0.8957096780098138_0.8959296388801222_0.896777479456368_SIZE_1_1.6_4
GEN_22_FIT_0.8957096780098138_0.8959051477041212_0.896777479456368_SIZE_1_1.55_4
GEN_23_FIT_0.8957096780098138_0.8959051477041212_0.896777479456368_SIZE_1_1.55_4
GEN_24_FIT_0.8957096780098138_0.8959051477041212_0.896777479456368_SIZE_1_1.55_4
GEN_25_FIT_0.8957096780098138_0.8959051477041212_0.896777479456368_SIZE_1_1.55_4
GEN_26_FIT_0.8957096780098138_0.8959332234836692_0.896777479456368_SIZE_1_1.6_4
GEN_27_FIT_0.8957096780098138_0.8959128263373903_0.896777479456368_SIZE_1_1.5_4
GEN_28_FIT_0.8957096780098138_0.8958934678265711_0.896777479456368_SIZE_1_1.45_4
GEN_29_FIT_0.8957096780098138_0.8959303207880576_0.896777479456368_SIZE_1_1.5_4
GEN_30_FIT_0.8957096780098138_0.8959705973250924_0.896777479456368_SIZE_1_1.6_4
GEN_31_FIT_0.8957096780098138_0.8959705973250924_0.896777479456368_SIZE_1_1.6_4
GEN_32_FIT_0.8957096780098138_0.8959705973250924_0.896777479456368_SIZE_1_1.6_4
GEN_33_FIT_0.8957096780098138_0.895836654178695_0.896777479456368_SIZE_1_1.2_3
GEN_34_FIT_0.8957096780098138_0.895836654178695_0.896777479456368_SIZE_1_1.2_3
GEN_35_FIT_0.8957096780098138_0.895836654178695_0.896777479456368_SIZE_1_1.2_3
GEN_36_FIT_0.8957096780098138_0.895836654178695_0.896777479456368_SIZE_1_1.2_3
GEN_37_FIT_0.8957096780098138_0.8958900442510226_0.896777479456368_SIZE_1_1.3_3
GEN_38_FIT_0.8957096780098138_0.8958900442510226_0.896777479456368_SIZE_1_1.3_3
GEN_39_FIT_0.8957096780098138_0.8958900442510226_0.896777479456368_SIZE_1_1.3_3
GEN_40_FIT_0.8957096780098138_0.8958900442510226_0.896777479456368_SIZE_1_1.3_3
Evaluating in sample:
[GEN_40|make_tuple(6, 0.001108587124488749)|0.8957]
[GEN_40|make_tuple(mul(36, 0.024321148907832227), 0.001211370801799875)|0.8964]
[GEN_40|make_tuple(0.36578736323738076, truediv(mul(0.0022820535622131754, 0.22762967414356466), 6))|0.9048]
Evaluating out-of-sample:
[GEN_40|make_tuple(6, 0.001108587124488749)|0.9931]
[GEN_40|make_tuple(mul(36, 0.024321148907832227), 0.001211370801799875)|0.9931]
[GEN_40|make_tuple(0.36578736323738076, truediv(mul(0.0022820535622131754, 0.22762967414356466), 6))|0.9839]
GEN_41_FIT_0.8957096780098138_0.8958900442510226_0.896777479456368_SIZE_1_1.3_3
GEN_42_FIT_0.8957096780098138_0.8958900442510226_0.896777479456368_SIZE_1_1.3_3
GEN_43_FIT_0.8957096780098138_0.8958045605945324_0.8967807828685818_SIZE_1_1.15_3
GEN_44_FIT_0.8957096780098138_0.8958465077802655_0.896793179747644_SIZE_1_1.2_3
GEN_45_FIT_0.8957096780098138_0.8958465077802655_0.896793179747644_SIZE_1_1.2_3
GEN_46_FIT_0.8957096780098138_0.8959006828671571_0.896793179747644_SIZE_1_1.3_3
GEN_47_FIT_0.8957096780098138_0.8959006828671571_0.896793179747644_SIZE_1_1.3_3
GEN_48_FIT_0.8957096780098138_0.8959006828671571_0.896793179747644_SIZE_1_1.3_3
GEN_49_FIT_0.8957096780098138_0.8959006828671571_0.896793179747644_SIZE_1_1.3_3
GEN_50_FIT_0.8957096780098138_0.8959006828671571_0.896793179747644_SIZE_1_1.3_3
GEN_51_FIT_0.8957096780098138_0.8959006828671571_0.896793179747644_SIZE_1_1.3_3
GEN_52_FIT_0.8957096780098138_0.8959006828671571_0.896793179747644_SIZE_1_1.3_3
GEN_53_FIT_0.8957096780098138_0.8959006828671571_0.896793179747644_SIZE_1_1.3_3
GEN_54_FIT_0.8957096780098138_0.8959006828671571_0.896793179747644_SIZE_1_1.3_3
GEN_55_FIT_0.8957096780098138_0.8959006828671571_0.896793179747644_SIZE_1_1.3_3
GEN_56_FIT_0.8957096780098138_0.8959006828671571_0.896793179747644_SIZE_1_1.3_3
GEN_57_FIT_0.8957096780098138_0.8959006828671571_0.896793179747644_SIZE_1_1.3_3
GEN_58_FIT_0.8957096780098138_0.8959006828671571_0.896793179747644_SIZE_1_1.3_3
GEN_59_FIT_0.8957096780098138_0.8959006828671571_0.896793179747644_SIZE_1_1.3_3
GEN_60_FIT_0.8957096780098138_0.8959006828671571_0.896793179747644_SIZE_1_1.3_3
Evaluating in sample:
[GEN_60|make_tuple(6, 0.001108587124488749)|0.8957]
[GEN_60|make_tuple(mul(36, 0.02425012972642299), 0.001211370801799875)|0.8965]
[GEN_60|make_tuple(0.3806383693570484, truediv(mul(0.0022820535622131754, 0.22762967414356466), 6))|0.9048]
Evaluating out-of-sample:
[GEN_60|make_tuple(6, 0.001108587124488749)|0.9931]
[GEN_60|make_tuple(mul(36, 0.02425012972642299), 0.001211370801799875)|0.9931]
[GEN_60|make_tuple(0.3806383693570484, truediv(mul(0.0022820535622131754, 0.22762967414356466), 6))|0.9839]
GEN_61_FIT_0.8957096780098138_0.8959006828671571_0.896793179747644_SIZE_1_1.3_3
GEN_62_FIT_0.8957096780098138_0.8959006828671571_0.896793179747644_SIZE_1_1.3_3
GEN_63_FIT_0.8957096780098138_0.8959006828671571_0.896793179747644_SIZE_1_1.3_3
GEN_64_FIT_0.8957096780098138_0.8959006828671571_0.896793179747644_SIZE_1_1.3_3
GEN_65_FIT_0.8957096780098138_0.8959006828671571_0.896793179747644_SIZE_1_1.3_3
Evaluating in sample:
[GEN_65|make_tuple(6, 0.001108587124488749)|0.8957]
[GEN_65|make_tuple(mul(36, 0.02425012972642299), 0.001211370801799875)|0.8965]
[GEN_65|make_tuple(0.3806383693570484, truediv(mul(0.0022820535622131754, 0.22762967414356466), 6))|0.9048]
Evaluating out-of-sample:
[GEN_65|make_tuple(6, 0.001108587124488749)|0.9931]
[GEN_65|make_tuple(mul(36, 0.02425012972642299), 0.001211370801799875)|0.9931]
[GEN_65|make_tuple(0.3806383693570484, truediv(mul(0.0022820535622131754, 0.22762967414356466), 6))|0.9839]
Stopped early in iteration 65, no improvement in 20 gens.
START_TASK: 18
GEN_0_FIT_0.8650133034594473_0.886539879455724_0.8950215499275447_SIZE_1_3.55_10
GEN_1_FIT_0.8702845505015083_0.8904483328675397_0.8954994256623854_SIZE_1_2.35_5
GEN_2_FIT_0.8878858681283053_0.8942131347827195_0.8954994256623854_SIZE_1_2.2_3
GEN_3_FIT_0.8932195556526049_0.8950028236017105_0.8959077244290892_SIZE_1_1.4_3
GEN_4_FIT_0.8949428147993511_0.8950251003216998_0.8959077244290892_SIZE_1_1.15_3
GEN_5_FIT_0.8949428147993511_0.8950807453710221_0.8959077244290892_SIZE_1_1.2_3
GEN_6_FIT_0.8949428147993511_0.895391491463263_0.8960734972378083_SIZE_1_1.7_3
GEN_7_FIT_0.8951497636551715_0.8956420567000765_0.8960734972378083_SIZE_1_1.35_3
GEN_8_FIT_0.8956353485501567_0.8956572559845395_0.8960734972378083_SIZE_1_1.05_2
GEN_9_FIT_0.8956353485501567_0.895679163418922_0.8960734972378083_SIZE_1_1.1_2
GEN_10_FIT_0.8956353485501567_0.895679163418922_0.8960734972378083_SIZE_1_1.1_2
GEN_11_FIT_0.8956353485501567_0.895679163418922_0.8960734972378083_SIZE_1_1.1_2
GEN_12_FIT_0.8956353485501567_0.895679163418922_0.8960734972378083_SIZE_1_1.1_2
GEN_13_FIT_0.8956353485501567_0.8956657729173596_0.8962438358942114_SIZE_1_1.05_2
GEN_14_FIT_0.8956353485501567_0.8956961972845623_0.8962438358942114_SIZE_1_1.1_2
GEN_15_FIT_0.8956353485501567_0.8956961972845623_0.8962438358942114_SIZE_1_1.1_2
GEN_16_FIT_0.8956353485501567_0.8956961972845623_0.8962438358942114_SIZE_1_1.1_2
GEN_17_FIT_0.8956353485501567_0.8956961972845623_0.8962438358942114_SIZE_1_1.1_2
GEN_18_FIT_0.8956353485501567_0.8956961972845623_0.8962438358942114_SIZE_1_1.1_2
GEN_19_FIT_0.8956353485501567_0.8956961972845623_0.8962438358942114_SIZE_1_1.1_2
GEN_20_FIT_0.8956353485501567_0.8956961972845623_0.8962438358942114_SIZE_1_1.1_2
Evaluating in sample:
[GEN_20|make_tuple(3, 0.001097187066244851)|0.8956]
[GEN_20|make_tuple(0.6454513415066682, mul(0.003995798502678426, 0.11973948218188668))|0.8962]
Evaluating out-of-sample:
[GEN_20|make_tuple(3, 0.001097187066244851)|0.9906]
[GEN_20|make_tuple(0.6454513415066682, mul(0.003995798502678426, 0.11973948218188668))|0.9938]
GEN_21_FIT_0.8956353485501567_0.8956961972845623_0.8962438358942114_SIZE_1_1.1_2
GEN_22_FIT_0.8956353485501567_0.8956961972845623_0.8962438358942114_SIZE_1_1.1_2
GEN_23_FIT_0.8956353485501567_0.8956961972845623_0.8962438358942114_SIZE_1_1.1_2
GEN_24_FIT_0.8956353485501567_0.8956961972845623_0.8962438358942114_SIZE_1_1.1_2
GEN_25_FIT_0.8956353485501567_0.8956961972845623_0.8962438358942114_SIZE_1_1.1_2
GEN_26_FIT_0.8956353485501567_0.8957160304533984_0.8962438358942114_SIZE_1_1.15_2
GEN_27_FIT_0.8956353485501567_0.8958134593412929_0.8962462438572227_SIZE_1_1.3_2
GEN_28_FIT_0.8956353485501567_0.8959942785400801_0.8962462438572227_SIZE_1_1.55_2
GEN_29_FIT_0.8956765347964865_0.8958456763525572_0.8962462438572227_SIZE_1_1.25_2
GEN_30_FIT_0.8957148700665398_0.8957680074456082_0.8962462438572227_SIZE_1_1.1_2
GEN_31_FIT_0.8957148700665398_0.8957416307681143_0.8962500840980256_SIZE_1_1.05_2
GEN_32_FIT_0.8957148700665398_0.8957683914696887_0.8962500840980256_SIZE_1_1.1_2
GEN_33_FIT_0.8957148700665398_0.8957683914696887_0.8962500840980256_SIZE_1_1.1_2
GEN_34_FIT_0.8957148700665398_0.8957683914696887_0.8962500840980256_SIZE_1_1.1_2
GEN_35_FIT_0.8957148700665398_0.8958026513236994_0.8962500840980256_SIZE_1_1.2_2
GEN_36_FIT_0.8957148700665398_0.8959098818110098_0.8962500840980256_SIZE_1_1.5_3
GEN_37_FIT_0.8957186236868067_0.8959312078512942_0.8962500840980256_SIZE_1_1.45_3
GEN_38_FIT_0.8957186236868067_0.8960906459746601_0.8962500840980256_SIZE_1_1.7_2
GEN_39_FIT_0.8957186236868067_0.8961969380569036_0.8962500840980256_SIZE_1_1.9_2
GEN_40_FIT_0.8947694425380947_0.8959253460801131_0.8963230900644469_SIZE_1_1.65_2
Evaluating in sample:
[GEN_40|make_tuple(3, 0.001111427961492237)|0.8957]
[GEN_40|make_tuple(0.5897221551012256, mul(0.003855090490686053, 0.12320245572304622))|0.9043]
Evaluating out-of-sample:
[GEN_40|make_tuple(3, 0.001111427961492237)|0.9904]
[GEN_40|make_tuple(0.5897221551012256, mul(0.003855090490686053, 0.12320245572304622))|0.9938]
GEN_41_FIT_0.8957093010653917_0.8958812459774226_0.8963230900644469_SIZE_1_1.3_2
GEN_42_FIT_0.8957186236868067_0.8957790703245708_0.8963230900644469_SIZE_1_1.1_2
GEN_43_FIT_0.8957186236868067_0.8957790703245708_0.8963230900644469_SIZE_1_1.1_2
GEN_44_FIT_0.8957186236868067_0.8957790703245708_0.8963230900644469_SIZE_1_1.1_2
GEN_45_FIT_0.8957186236868067_0.8957790703245708_0.8963230900644469_SIZE_1_1.1_2
GEN_46_FIT_0.8957186236868067_0.8957790703245708_0.8963230900644469_SIZE_1_1.1_2
GEN_47_FIT_0.8957186236868067_0.8957790703245708_0.8963230900644469_SIZE_1_1.1_2
GEN_48_FIT_0.8957186236868067_0.8957790703245708_0.8963230900644469_SIZE_1_1.1_2
GEN_49_FIT_0.8957186236868067_0.8957790703245708_0.8963230900644469_SIZE_1_1.1_2
GEN_50_FIT_0.8957186236868067_0.8957790703245708_0.8963230900644469_SIZE_1_1.1_2
GEN_51_FIT_0.8957186236868067_0.8957790703245708_0.8963230900644469_SIZE_1_1.1_2
GEN_52_FIT_0.8957186236868067_0.8957790703245708_0.8963230900644469_SIZE_1_1.1_2
GEN_53_FIT_0.8957186236868067_0.8957790703245708_0.8963230900644469_SIZE_1_1.1_2
GEN_54_FIT_0.8957186236868067_0.8957790703245708_0.8963230900644469_SIZE_1_1.1_2
GEN_55_FIT_0.8957186236868067_0.8957790703245708_0.8963230900644469_SIZE_1_1.1_2
GEN_56_FIT_0.8957186236868067_0.8957790703245708_0.8963230900644469_SIZE_1_1.1_2
GEN_57_FIT_0.8957186236868067_0.8957790703245708_0.8963230900644469_SIZE_1_1.1_2
GEN_58_FIT_0.8957186236868067_0.8957790703245708_0.8963230900644469_SIZE_1_1.1_2
GEN_59_FIT_0.8957186236868067_0.8957790703245708_0.8963230900644469_SIZE_1_1.1_2
GEN_60_FIT_0.8957186236868067_0.8957790703245708_0.8963230900644469_SIZE_1_1.1_2
Evaluating in sample:
[GEN_60|make_tuple(3, 0.001111427961492237)|0.8957]
[GEN_60|make_tuple(0.5897221551012256, mul(0.003855090490686053, 0.12320245572304622))|0.9043]
Evaluating out-of-sample:
[GEN_60|make_tuple(3, 0.001111427961492237)|0.9904]
[GEN_60|make_tuple(0.5897221551012256, mul(0.003855090490686053, 0.12320245572304622))|0.9938]
GEN_61_FIT_0.8957186236868067_0.8957790703245708_0.8963230900644469_SIZE_1_1.1_2
Evaluating in sample:
[GEN_61|make_tuple(3, 0.001111427961492237)|0.8957]
[GEN_61|make_tuple(0.5897221551012256, mul(0.003855090490686053, 0.12320245572304622))|0.9043]
Evaluating out-of-sample:
[GEN_61|make_tuple(3, 0.001111427961492237)|0.9904]
[GEN_61|make_tuple(0.5897221551012256, mul(0.003855090490686053, 0.12320245572304622))|0.9938]
Stopped early in iteration 61, no improvement in 20 gens.
START_TASK: 22
GEN_0_FIT_0.8633951129123864_0.8871385427765095_0.8953917947795954_SIZE_1_2.85_7
GEN_1_FIT_0.8901515088822962_0.8929331097244108_0.8953917947795954_SIZE_1_1.9_4
GEN_2_FIT_0.8917952349869498_0.8925595673669898_0.8956140369243842_SIZE_1_1.3_3
GEN_3_FIT_0.8934015301677958_0.8948083088003769_0.8956140369243842_SIZE_1_2.0_4
GEN_4_FIT_0.893560328585293_0.8952791253232822_0.8956347878554066_SIZE_1_1.95_3
GEN_5_FIT_0.8938370049793717_0.8954384088229853_0.8956347878554066_SIZE_1_2.0_3
GEN_6_FIT_0.8187804451302184_0.8913384748139341_0.8956347878554066_SIZE_1_2.0_3
GEN_7_FIT_0.8938370049793717_0.8941066724107769_0.8956347878554066_SIZE_1_1.15_2
GEN_8_FIT_0.8938370049793717_0.8948344618048854_0.8956347878554066_SIZE_1_1.6_2
GEN_9_FIT_0.8942577093960413_0.8955120680834486_0.8957162691628291_SIZE_1_1.9_2
GEN_10_FIT_0.8939283533357262_0.8949219997021467_0.8957162691628291_SIZE_1_1.45_2
GEN_11_FIT_0.8944759895681886_0.8956071941043071_0.8957162691628291_SIZE_1_1.95_3
GEN_12_FIT_0.8950298074852263_0.8956819460789489_0.8957162691628291_SIZE_1_1.95_2
GEN_13_FIT_0.8950298074852263_0.8956476229950688_0.8957162691628291_SIZE_1_1.9_2
GEN_14_FIT_0.8950298074852263_0.8956476229950688_0.8957162691628291_SIZE_1_1.9_2
GEN_15_FIT_0.8950298074852263_0.8956476229950688_0.8957162691628291_SIZE_1_1.9_2
GEN_16_FIT_0.8950298074852263_0.8954328009057182_0.8957315391593227_SIZE_1_1.55_2
GEN_17_FIT_0.8950298074852263_0.8953128279817626_0.8957315391593227_SIZE_1_1.3_2
GEN_18_FIT_0.8955233274449392_0.8956982454244418_0.8957315391593227_SIZE_1_1.85_2
GEN_19_FIT_0.8956347878554066_0.8957218640289308_0.8957315391593227_SIZE_1_1.9_2
GEN_20_FIT_0.8956347878554066_0.8957218640289308_0.8957315391593227_SIZE_1_1.9_2
Evaluating in sample:
[GEN_20|make_tuple(5, 0.001095595016990742)|0.8956]
[GEN_20|make_tuple(19, mul(0.5396876037132212, 0.0020539765253632966))|0.8957]
Evaluating out-of-sample:
[GEN_20|make_tuple(5, 0.001095595016990742)|0.9907]
[GEN_20|make_tuple(19, mul(0.5396876037132212, 0.0020539765253632966))|0.9907]
GEN_21_FIT_0.8956347878554066_0.8957218640289308_0.8957315391593227_SIZE_1_1.9_2
GEN_22_FIT_0.8956347878554066_0.8957218640289308_0.8957315391593227_SIZE_1_1.9_2
GEN_23_FIT_0.8956347878554066_0.8957218640289308_0.8957315391593227_SIZE_1_1.9_2
GEN_24_FIT_0.8957312897767836_0.8957315266901956_0.8957315391593227_SIZE_1_1.95_2
GEN_25_FIT_0.8957312897767836_0.8957315142210687_0.8957315391593227_SIZE_1_1.9_2
GEN_26_FIT_0.8957312897767836_0.8957315142210687_0.8957315391593227_SIZE_1_1.9_2
GEN_27_FIT_0.8957312897767836_0.8957315142210687_0.8957315391593227_SIZE_1_1.9_2
GEN_28_FIT_0.8957312897767836_0.8957315142210687_0.8957315391593227_SIZE_1_1.9_2
GEN_29_FIT_0.8957312897767836_0.8957315142210687_0.8957315391593227_SIZE_1_1.9_2
GEN_30_FIT_0.8957312897767836_0.8957315142210687_0.8957315391593227_SIZE_1_1.9_2
GEN_31_FIT_0.8957312897767836_0.8957315142210687_0.8957315391593227_SIZE_1_1.9_2
GEN_32_FIT_0.8957312897767836_0.8957315142210687_0.8957315391593227_SIZE_1_1.9_2
GEN_33_FIT_0.8957312897767836_0.8957315142210687_0.8957315391593227_SIZE_1_1.9_2
GEN_34_FIT_0.8957312897767836_0.8957315142210687_0.8957315391593227_SIZE_1_1.9_2
GEN_35_FIT_0.8957312897767836_0.8957315142210687_0.8957315391593227_SIZE_1_1.9_2
GEN_36_FIT_0.8957312897767836_0.8957315142210687_0.8957315391593227_SIZE_1_1.9_2
GEN_37_FIT_0.8957312897767836_0.8957315142210687_0.8957315391593227_SIZE_1_1.9_2
Evaluating in sample:
[GEN_37|make_tuple(6, 0.001110449610555813)|0.8957]
[GEN_37|make_tuple(19, mul(0.5396876037132212, 0.0020539765253632966))|0.8957]
Evaluating out-of-sample:
[GEN_37|make_tuple(6, 0.001110449610555813)|0.9907]
[GEN_37|make_tuple(19, mul(0.5396876037132212, 0.0020539765253632966))|0.9907]
Stopped early in iteration 37, no improvement in 20 gens.
START_TASK: 23
GEN_0_FIT_0.8706369702660149_0.8901042515141306_0.894575297416006_SIZE_1_3.35_8
GEN_1_FIT_0.8902524631594708_0.8930516805901896_0.8951297998769558_SIZE_1_2.9_6
GEN_2_FIT_0.8908258208885816_0.8943923287360065_0.8954117422744335_SIZE_1_1.95_3
GEN_3_FIT_0.890888353578715_0.8938363002209696_0.8968522509319116_SIZE_1_1.65_3
GEN_4_FIT_0.8924066531476548_0.8955236578659559_0.8972070019213484_SIZE_1_1.6_3
GEN_5_FIT_0.8950405915510352_0.8954335841963752_0.8972404146057482_SIZE_1_1.15_2
GEN_6_FIT_0.8950405915510352_0.8962622373128344_0.8972404146057482_SIZE_1_1.5_2
GEN_7_FIT_0.8959389112649866_0.8965552332480939_0.897335175082733_SIZE_1_1.25_2
GEN_8_FIT_0.8963678006624991_0.8965989995618022_0.8975953342470784_SIZE_1_1.1_2
GEN_9_FIT_0.8963678006624991_0.8969695432979977_0.8975953342470784_SIZE_1_1.2_2
GEN_10_FIT_0.8969240490769607_0.8971738006712433_0.8976296365050385_SIZE_1_1.35_2
GEN_11_FIT_0.8970175963758178_0.89745423415733_0.8976296365050385_SIZE_1_1.8_3
GEN_12_FIT_0.8971726544299289_0.8975179951135865_0.8976296365050385_SIZE_1_1.8_3
GEN_13_FIT_0.897186328308223_0.8975853056853568_0.8976296365050385_SIZE_1_1.9_2
GEN_14_FIT_0.8965551016891674_0.8974026834493444_0.8976441044292158_SIZE_1_1.7_2
GEN_15_FIT_0.8968444228920652_0.8974993723331854_0.8976441044292158_SIZE_1_1.75_2
GEN_16_FIT_0.8970951570820139_0.8974941428366918_0.8976441044292158_SIZE_1_1.7_2
GEN_17_FIT_0.897166312132335_0.8975050939087575_0.8976441044292158_SIZE_1_1.75_3
GEN_18_FIT_0.897186328308223_0.8975067715929178_0.8976441044292158_SIZE_1_1.7_2
GEN_19_FIT_0.897186328308223_0.8973007723384712_0.8976441044292158_SIZE_1_1.25_2
GEN_20_FIT_0.897186328308223_0.8972321059203223_0.8976441044292158_SIZE_1_1.1_2
Evaluating in sample:
[GEN_20|make_tuple(0.45377970089908193, 0.0011186360320771078)|0.9052]
[GEN_20|make_tuple(0.3908966527017773, truediv(0.002336016599709348, 27))|0.9057]
Evaluating out-of-sample:
[GEN_20|make_tuple(0.45377970089908193, 0.0011186360320771078)|0.8933]
[GEN_20|make_tuple(0.3908966527017773, truediv(0.002336016599709348, 27))|0.8893]
GEN_21_FIT_0.897186328308223_0.8972321059203223_0.8976441044292158_SIZE_1_1.1_2
GEN_22_FIT_0.897186328308223_0.8972321059203223_0.8976441044292158_SIZE_1_1.1_2
GEN_23_FIT_0.897186328308223_0.8972518089791224_0.8976441044292158_SIZE_1_1.15_2
GEN_24_FIT_0.897186328308223_0.8972540850453179_0.8976441044292158_SIZE_1_1.15_2
GEN_25_FIT_0.897186328308223_0.8972542588438822_0.8976441044292158_SIZE_1_1.15_2
GEN_26_FIT_0.897186328308223_0.8972546933402932_0.8976441044292158_SIZE_1_1.15_2
GEN_27_FIT_0.897188066293867_0.8972554754338329_0.8976441044292158_SIZE_1_1.15_2
GEN_28_FIT_0.897188066293867_0.8972564720141694_0.8976441044292158_SIZE_1_1.15_2
GEN_29_FIT_0.897188066293867_0.8973248777344717_0.8976441044292158_SIZE_1_1.3_2
GEN_30_FIT_0.897188066293867_0.8974616891750763_0.8976441044292158_SIZE_1_1.6_2
GEN_31_FIT_0.897188066293867_0.8975985006156808_0.8976441044292158_SIZE_1_1.9_2
GEN_32_FIT_0.8966225976622263_0.8973999989978798_0.897647565079296_SIZE_1_1.7_3
GEN_33_FIT_0.8970952388040115_0.897503827133195_0.897647565079296_SIZE_1_1.95_3
GEN_34_FIT_0.897188066293867_0.8973948050388587_0.897647565079296_SIZE_1_1.8_3
GEN_35_FIT_0.897188066293867_0.8972572176438929_0.8976528098925554_SIZE_1_1.2_3
GEN_36_FIT_0.897188066293867_0.8972804548238275_0.8976528098925554_SIZE_1_1.3_3
GEN_37_FIT_0.897188066293867_0.8972804548238275_0.8976528098925554_SIZE_1_1.3_3
GEN_38_FIT_0.897188066293867_0.8972804548238275_0.8976528098925554_SIZE_1_1.3_3
GEN_39_FIT_0.897188066293867_0.8972804548238275_0.8976528098925554_SIZE_1_1.3_3
GEN_40_FIT_0.897188066293867_0.8972804548238275_0.8976528098925554_SIZE_1_1.3_3
Evaluating in sample:
[GEN_40|make_tuple(0.4605232841581879, 0.0011186360320771078)|0.9052]
[GEN_40|make_tuple(0.3920542478464725, truediv(0.002336016599709348, 27))|0.9057]
[GEN_40|make_tuple(add(0.002414568651429954, 0.3908966527017773), truediv(0.002336016599709348, 27))|0.9057]
Evaluating out-of-sample:
[GEN_40|make_tuple(0.4605232841581879, 0.0011186360320771078)|0.8934]
[GEN_40|make_tuple(0.3920542478464725, truediv(0.002336016599709348, 27))|0.8893]
[GEN_40|make_tuple(add(0.002414568651429954, 0.3908966527017773), truediv(0.002336016599709348, 27))|0.8893]
GEN_41_FIT_0.897188066293867_0.8972804548238275_0.8976528098925554_SIZE_1_1.3_3
GEN_42_FIT_0.897188066293867_0.8972804548238275_0.8976528098925554_SIZE_1_1.3_3
GEN_43_FIT_0.897188066293867_0.8972804548238275_0.8976528098925554_SIZE_1_1.3_3
GEN_44_FIT_0.897188066293867_0.8972804548238275_0.8976528098925554_SIZE_1_1.3_3
GEN_45_FIT_0.897188066293867_0.8972804548238275_0.8976528098925554_SIZE_1_1.3_3
GEN_46_FIT_0.897188066293867_0.8972804548238275_0.8976528098925554_SIZE_1_1.3_3
GEN_47_FIT_0.897188066293867_0.8972804548238275_0.8976528098925554_SIZE_1_1.3_3
GEN_48_FIT_0.897188066293867_0.8972804548238275_0.8976528098925554_SIZE_1_1.3_3
GEN_49_FIT_0.897188066293867_0.8972804548238275_0.8976528098925554_SIZE_1_1.3_3
GEN_50_FIT_0.897188066293867_0.8972804548238275_0.8976528098925554_SIZE_1_1.3_3
GEN_51_FIT_0.897188066293867_0.8972804548238275_0.8976528098925554_SIZE_1_1.3_3
GEN_52_FIT_0.897188066293867_0.8972572209869913_0.8976528767545231_SIZE_1_1.2_3
GEN_53_FIT_0.897188066293867_0.8972572209869913_0.8976528767545231_SIZE_1_1.2_3
GEN_54_FIT_0.897188066293867_0.8972572209869913_0.8976528767545231_SIZE_1_1.2_3
GEN_55_FIT_0.897188066293867_0.8972572209869913_0.8976528767545231_SIZE_1_1.2_3
GEN_56_FIT_0.897188066293867_0.8972572209869913_0.8976528767545231_SIZE_1_1.2_3
GEN_57_FIT_0.897188066293867_0.8972572209869913_0.8976528767545231_SIZE_1_1.2_3
GEN_58_FIT_0.897188066293867_0.8972804615100243_0.8976528767545231_SIZE_1_1.3_3
GEN_59_FIT_0.897188066293867_0.8972804615100243_0.8976528767545231_SIZE_1_1.3_3
GEN_60_FIT_0.897188066293867_0.8972804615100243_0.8976528767545231_SIZE_1_1.3_3
Evaluating in sample:
[GEN_60|make_tuple(0.4605232841581879, 0.0011186360320771078)|0.9052]
[GEN_60|make_tuple(0.3920542478464725, truediv(0.002336016599709348, 27))|0.9057]
[GEN_60|make_tuple(add(0.0026977245312023797, 0.3908966527017773), truediv(0.002336016599709348, 27))|0.9057]
Evaluating out-of-sample:
[GEN_60|make_tuple(0.4605232841581879, 0.0011186360320771078)|0.8934]
[GEN_60|make_tuple(0.3920542478464725, truediv(0.002336016599709348, 27))|0.8893]
[GEN_60|make_tuple(add(0.0026977245312023797, 0.3908966527017773), truediv(0.002336016599709348, 27))|0.8893]
GEN_61_FIT_0.897188066293867_0.8972804615100243_0.8976528767545231_SIZE_1_1.3_3
GEN_62_FIT_0.897188066293867_0.8972804615100243_0.8976528767545231_SIZE_1_1.3_3
GEN_63_FIT_0.897188066293867_0.8972804615100243_0.8976528767545231_SIZE_1_1.3_3
GEN_64_FIT_0.897188066293867_0.8972804615100243_0.8976528767545231_SIZE_1_1.3_3
GEN_65_FIT_0.897188066293867_0.8972804615100243_0.8976528767545231_SIZE_1_1.3_3
GEN_66_FIT_0.897188066293867_0.8972804615100243_0.8976528767545231_SIZE_1_1.3_3
GEN_67_FIT_0.897188066293867_0.8972804615100243_0.8976528767545231_SIZE_1_1.3_3
GEN_68_FIT_0.897188066293867_0.8972804615100243_0.8976528767545231_SIZE_1_1.3_3
GEN_69_FIT_0.897188066293867_0.8972804615100243_0.8976528767545231_SIZE_1_1.3_3
GEN_70_FIT_0.897188066293867_0.8972804615100243_0.8976528767545231_SIZE_1_1.3_3
GEN_71_FIT_0.897188066293867_0.8972804615100243_0.8976528767545231_SIZE_1_1.3_3
GEN_72_FIT_0.897188066293867_0.8972804615100243_0.8976528767545231_SIZE_1_1.3_3
GEN_73_FIT_0.897188066293867_0.8972804615100243_0.8976528767545231_SIZE_1_1.3_3
Evaluating in sample:
[GEN_73|make_tuple(0.4605232841581879, 0.0011186360320771078)|0.9052]
[GEN_73|make_tuple(0.3920542478464725, truediv(0.002336016599709348, 27))|0.9057]
[GEN_73|make_tuple(add(0.0026977245312023797, 0.3908966527017773), truediv(0.002336016599709348, 27))|0.9057]
Evaluating out-of-sample:
[GEN_73|make_tuple(0.4605232841581879, 0.0011186360320771078)|0.8934]
[GEN_73|make_tuple(0.3920542478464725, truediv(0.002336016599709348, 27))|0.8893]
[GEN_73|make_tuple(add(0.0026977245312023797, 0.3908966527017773), truediv(0.002336016599709348, 27))|0.8893]
Stopped early in iteration 73, no improvement in 20 gens.
START_TASK: 24
GEN_0_FIT_0.8217393099210899_0.8835296031309973_0.894679152801181_SIZE_1_3.2_7
GEN_1_FIT_0.8912865695245936_0.8934217717131621_0.8950033912575047_SIZE_1_3.55_8
GEN_2_FIT_0.8918190235367007_0.8941301104134249_0.8953035893011465_SIZE_1_3.8_8
GEN_3_FIT_0.8933155992274319_0.8949154402579154_0.8956869605174936_SIZE_1_3.1_8
GEN_4_FIT_0.8941716984724025_0.8951671630560719_0.8956909616564798_SIZE_1_3.0_7
GEN_5_FIT_0.8941716984724025_0.8952130309353654_0.8959825349506197_SIZE_1_1.6_4
GEN_6_FIT_0.8956869605174936_0.8958806942275915_0.8961621882231208_SIZE_1_1.8_4
GEN_7_FIT_0.8956909616564798_0.8960541881999147_0.8961621882231208_SIZE_1_1.25_4
GEN_8_FIT_0.8960660031646462_0.8961366913292922_0.8962230040936531_SIZE_1_1.1_2
GEN_9_FIT_0.8961621882231208_0.8961851372199705_0.8962230040936531_SIZE_1_1.05_2
GEN_10_FIT_0.8962174946882009_0.8962199739206544_0.8962230040936531_SIZE_1_1.0_1
GEN_11_FIT_0.8962230040936531_0.8962230129926703_0.8962231820739965_SIZE_1_1.0_1
GEN_12_FIT_0.8962230040936531_0.8962264536642259_0.8962916395444243_SIZE_1_1.0_1
GEN_13_FIT_0.8962230040936531_0.8962348904688172_0.8962916395444243_SIZE_1_1.0_1
GEN_14_FIT_0.8962231820739965_0.8962767634889071_0.8965109079692907_SIZE_1_1.0_1
GEN_15_FIT_0.8962916395444243_0.8963134088091362_0.8965109079692907_SIZE_1_1.0_1
GEN_16_FIT_0.8962916395444243_0.8963624382378554_0.8965109079692907_SIZE_1_1.05_2
GEN_17_FIT_0.8963996979791108_0.8964441819751826_0.8965109079692907_SIZE_1_1.05_2
GEN_18_FIT_0.8965109079692907_0.8965109079692907_0.8965109079692907_SIZE_1_1.0_1
GEN_19_FIT_0.8965109079692907_0.8965109079692907_0.8965109079692907_SIZE_1_1.0_1
GEN_20_FIT_0.8965109079692907_0.8965109079692907_0.8965109079692907_SIZE_1_1.0_1
Evaluating in sample:
[GEN_20|make_tuple(0.8618307537002596, 0.0012110858459918432)|0.8965]
Evaluating out-of-sample:
[GEN_20|make_tuple(0.8618307537002596, 0.0012110858459918432)|0.9990]
GEN_21_FIT_0.8965109079692907_0.8965109079692907_0.8965109079692907_SIZE_1_1.0_1
GEN_22_FIT_0.8965109079692907_0.8965109079692907_0.8965109079692907_SIZE_1_1.0_1
GEN_23_FIT_0.8965109079692907_0.8965109079692907_0.8965109079692907_SIZE_1_1.0_1
GEN_24_FIT_0.8965109079692907_0.8965109079692907_0.8965109079692907_SIZE_1_1.0_1
GEN_25_FIT_0.8965109079692907_0.8965109079692907_0.8965109079692907_SIZE_1_1.0_1
GEN_26_FIT_0.8965109079692907_0.8965109079692907_0.8965109079692907_SIZE_1_1.0_1
GEN_27_FIT_0.8965109079692907_0.8965109079692907_0.8965109079692907_SIZE_1_1.0_1
GEN_28_FIT_0.8965109079692907_0.8965109079692907_0.8965109079692907_SIZE_1_1.0_1
GEN_29_FIT_0.8965109079692907_0.8965109079692907_0.8965109079692907_SIZE_1_1.0_1
GEN_30_FIT_0.8965109079692907_0.8965109079692907_0.8965109079692907_SIZE_1_1.0_1
GEN_31_FIT_0.8965109079692907_0.8965109079692907_0.8965109079692907_SIZE_1_1.0_1
GEN_32_FIT_0.8965109079692907_0.8965109079692907_0.8965109079692907_SIZE_1_1.0_1
GEN_33_FIT_0.8965109079692907_0.8965109079692907_0.8965109079692907_SIZE_1_1.0_1
GEN_34_FIT_0.8965109079692907_0.8965109079692907_0.8965109079692907_SIZE_1_1.0_1
GEN_35_FIT_0.8965109079692907_0.8965109079692907_0.8965109079692907_SIZE_1_1.0_1
Evaluating in sample:
[GEN_35|make_tuple(0.8618307537002596, 0.0012110858459918432)|0.8965]
Evaluating out-of-sample:
[GEN_35|make_tuple(0.8618307537002596, 0.0012110858459918432)|0.9990]
Stopped early in iteration 35, no improvement in 20 gens.
START_TASK: 2073
GEN_0_FIT_0.8631391857807483_0.8887827468204602_0.8938185047910464_SIZE_1_3.35_8
GEN_1_FIT_0.8736198755692212_0.8897710379625664_0.8938185047910464_SIZE_1_2.55_7
GEN_2_FIT_0.8935209470552103_0.8937126291282217_0.8946243740115939_SIZE_1_2.0_7
GEN_3_FIT_0.8936281912453251_0.8939146989528088_0.8946243740115939_SIZE_1_1.45_3
GEN_4_FIT_0.8943779965960074_0.8944256061476127_0.8946243740115939_SIZE_1_1.0_1
GEN_5_FIT_0.8944307853071004_0.8946101979262415_0.8949234320304349_SIZE_1_1.15_2
GEN_6_FIT_0.8946243740115939_0.894955895970815_0.8958831103125375_SIZE_1_1.1_2
GEN_7_FIT_0.8952276730225684_0.8956347152165446_0.895910507265243_SIZE_1_1.15_2
GEN_8_FIT_0.8957216630736423_0.8957813071688829_0.8960080028762303_SIZE_1_1.2_3
GEN_9_FIT_0.895765045225815_0.8957893409908564_0.8960080028762303_SIZE_1_1.1_2
GEN_10_FIT_0.895765045225815_0.8957893409908564_0.8960080028762303_SIZE_1_1.1_2
GEN_11_FIT_0.895765045225815_0.8957893409908564_0.8960080028762303_SIZE_1_1.1_2
GEN_12_FIT_0.895765045225815_0.8957797094491943_0.8960583296933988_SIZE_1_1.05_2
GEN_13_FIT_0.895765045225815_0.8958323971937858_0.8960583296933988_SIZE_1_1.25_2
GEN_14_FIT_0.895765045225815_0.8959711838014968_0.8960583296933988_SIZE_1_1.7_2
GEN_15_FIT_0.895765045225815_0.8958476350662974_0.8961802165612536_SIZE_1_1.2_2
GEN_16_FIT_0.895765045225815_0.8959094985436998_0.8961802165612536_SIZE_1_1.25_2
GEN_17_FIT_0.8958824878276164_0.8959122607009802_0.8961802165612536_SIZE_1_1.1_2
GEN_18_FIT_0.8958824878276164_0.8959122607009802_0.8961802165612536_SIZE_1_1.1_2
GEN_19_FIT_0.8958824878276164_0.8959122607009802_0.8961802165612536_SIZE_1_1.1_2
GEN_20_FIT_0.8958824878276164_0.8959122607009802_0.8961802165612536_SIZE_1_1.1_2
Evaluating in sample:
[GEN_20|make_tuple(7, 0.0011084524688844749)|0.8959]
[GEN_20|make_tuple(expit(4), 0.0011084524688844749)|0.8962]
Evaluating out-of-sample:
[GEN_20|make_tuple(7, 0.0011084524688844749)|0.9736]
[GEN_20|make_tuple(expit(4), 0.0011084524688844749)|0.9578]
GEN_21_FIT_0.8958824878276164_0.8959122607009802_0.8961802165612536_SIZE_1_1.1_2
GEN_22_FIT_0.8958824878276164_0.8959122607009802_0.8961802165612536_SIZE_1_1.1_2
GEN_23_FIT_0.8958824878276164_0.8959122607009802_0.8961802165612536_SIZE_1_1.1_2
GEN_24_FIT_0.8958824878276164_0.8959122607009802_0.8961802165612536_SIZE_1_1.1_2
GEN_25_FIT_0.8958824878276164_0.8959122607009802_0.8961802165612536_SIZE_1_1.1_2
GEN_26_FIT_0.8958824878276164_0.8959122607009802_0.8961802165612536_SIZE_1_1.1_2
GEN_27_FIT_0.8958824878276164_0.8959122607009802_0.8961802165612536_SIZE_1_1.1_2
GEN_28_FIT_0.8958824878276164_0.8959122607009802_0.8961802165612536_SIZE_1_1.1_2
GEN_29_FIT_0.8958824878276164_0.8959122607009802_0.8961802165612536_SIZE_1_1.1_2
GEN_30_FIT_0.8958824878276164_0.8959122607009802_0.8961802165612536_SIZE_1_1.1_2
GEN_31_FIT_0.8958824878276164_0.8959122607009802_0.8961802165612536_SIZE_1_1.1_2
GEN_32_FIT_0.8958824878276164_0.8959122607009802_0.8961802165612536_SIZE_1_1.1_2
GEN_33_FIT_0.8958824878276164_0.8959122607009802_0.8961802165612536_SIZE_1_1.1_2
GEN_34_FIT_0.8958824878276164_0.8959122607009802_0.8961802165612536_SIZE_1_1.1_2
GEN_35_FIT_0.8958824878276164_0.8959122607009802_0.8961802165612536_SIZE_1_1.1_2
GEN_36_FIT_0.8958824878276164_0.8959122607009802_0.8961802165612536_SIZE_1_1.1_2
Evaluating in sample:
[GEN_36|make_tuple(7, 0.0011084524688844749)|0.8959]
[GEN_36|make_tuple(expit(4), 0.0011084524688844749)|0.8962]
Evaluating out-of-sample:
[GEN_36|make_tuple(7, 0.0011084524688844749)|0.9736]
[GEN_36|make_tuple(expit(4), 0.0011084524688844749)|0.9578]
Stopped early in iteration 36, no improvement in 20 gens.
START_TASK: 2074
GEN_0_FIT_0.7742134054181328_0.8741181779957987_0.894624370849576_SIZE_1_2.55_9
