Starting problem: mlr_svm
param:age_regularization:100000.0
param:algorithm:random_search
param:constants_only:False
param:cxpb:0.25
param:early_stop_n:20
param:lambda_:100
param:max_number_operators:None
param:max_start_size:2
param:mu:20
param:ngen:300
param:optimize_constants:False
param:output_file:/home/gijsbers/symbolicdefaults/runs/mlr_svm_random_search_18.log
param:problem:mlr_svm
param:subset:1.0
param:task:None
param:warm_start:False
Benchmark problems: mlr_svm
sklearn_default := make_tuple(1., truediv(1., mul(p, xvar)))
mlr_default := make_tuple(1, truediv(po, 1))
symbolic_best := make_tuple(16., truediv(mkd, xvar))
Loading surrogates from file.
START_TASK: 3
GEN_0_FIT_0.24244939866507453_0.494074216630696_0.9028487029780717_SIZE_1_3.6689_11
Evaluating in sample:
[GEN_0|make_tuple(p, mkd)|0.8899]
[GEN_0|make_tuple(pow(m, 2), truediv(xvar, po))|0.9028]
Evaluating out-of-sample:
[GEN_0|make_tuple(p, mkd)|0.9641]
[GEN_0|make_tuple(pow(m, 2), truediv(xvar, po))|0.8715]
GEN_1_FIT_0.24307649814720483_0.49346768111373623_0.901670704165086_SIZE_1_3.6396_11
Evaluating in sample:
[GEN_1|make_tuple(p, mkd)|0.8899]
[GEN_1|make_tuple(pow(m, 2), truediv(xvar, po))|0.9028]
Evaluating out-of-sample:
[GEN_1|make_tuple(p, mkd)|0.9641]
[GEN_1|make_tuple(pow(m, 2), truediv(xvar, po))|0.8715]
GEN_2_FIT_0.24284650508694008_0.49440727311092725_0.901670704165086_SIZE_1_3.6554_11
Evaluating in sample:
[GEN_2|make_tuple(p, mkd)|0.8899]
[GEN_2|make_tuple(pow(m, 2), truediv(xvar, po))|0.9028]
Evaluating out-of-sample:
[GEN_2|make_tuple(p, mkd)|0.9641]
[GEN_2|make_tuple(pow(m, 2), truediv(xvar, po))|0.8715]
BENCHMARK: Evaluating in-sample:
[sklearn_default: make_tuple(1.0, truediv(1.0, mul(p, xvar)))|0.8870]
