Starting problem: mlr_knn
param:age_regularization:100000.0
param:algorithm:mupluslambda
param:constants_only:True
param:cxpb:0.25
param:early_stop_n:20
param:lambda_:100
param:max_number_operators:None
param:max_start_size:2
param:mu:20
param:ngen:300
param:optimize_constants:False
param:output_file:/home/gijsbers/symbolicdefaults/runs/mlr_knn_True_2.log
param:problem:mlr_knn
param:subset:1.0
param:task:None
param:warm_start:False
Benchmark problems: mlr_knn
Loading surrogates from file.
START_TASK: 3
GEN_0_FIT_0.6173400515324672_0.676296943543172_0.7446957743893489_SIZE_1_4.95_16
GEN_1_FIT_0.7077573298300387_0.7277029407916858_0.7462243961413314_SIZE_1_1.65_11
GEN_2_FIT_0.7446957743893489_0.7501927628679639_0.7670374267072473_SIZE_1_1.65_9
GEN_3_FIT_0.7566278767895751_0.7626171669633127_0.7697975678801852_SIZE_1_3.3_10
GEN_4_FIT_0.7663009184644078_0.7689731624156064_0.7702269752145037_SIZE_1_2.8_9
GEN_5_FIT_0.7697975678801852_0.7699112839877443_0.7702269752145037_SIZE_1_1.4_4
GEN_6_FIT_0.7701262679295937_0.7701773028007224_0.7702269752145037_SIZE_1_1.75_4
GEN_7_FIT_0.7701398925030665_0.7703031312355089_0.7705780160695447_SIZE_1_1.55_3
GEN_8_FIT_0.77052629655597_0.7705824036328427_0.7706503251491154_SIZE_1_1.4_2
GEN_9_FIT_0.7705780160695447_0.7706524407673253_0.7708998056406557_SIZE_1_1.45_2
GEN_10_FIT_0.7706381551337296_0.7707429079498194_0.7708998056406557_SIZE_1_1.35_2
GEN_11_FIT_0.7707805265187504_0.7708543593451778_0.7709231827628432_SIZE_1_1.35_2
GEN_12_FIT_0.7708666895676535_0.7709170990107275_0.7710175119596686_SIZE_1_1.2_2
GEN_13_FIT_0.770942209931186_0.7709989348308833_0.7711442528452993_SIZE_1_1.35_3
GEN_14_FIT_0.771016782754259_0.7710836130230391_0.7711461060614477_SIZE_1_1.25_2
GEN_15_FIT_0.7711165165674408_0.7711891388401325_0.7713701637453371_SIZE_1_1.4_2
GEN_16_FIT_0.7711887184944728_0.7712941684406319_0.7713701637453371_SIZE_1_1.35_3
GEN_17_FIT_0.7713492550874148_0.7713640410412925_0.7714927476151687_SIZE_1_1.25_2
GEN_18_FIT_0.7713571917455175_0.7713844541109898_0.7715117772086091_SIZE_1_1.35_2
GEN_19_FIT_0.7713720010946656_0.7714591950464154_0.7716329725205299_SIZE_1_1.15_2
GEN_20_FIT_0.7714927476151687_0.7715457035913543_0.7716329725205299_SIZE_1_1.25_3
Evaluating in sample:
[GEN_20|make_tuple(9, 28, 189, 309)|0.7716]
Evaluating out-of-sample:
[GEN_20|make_tuple(9, 28, 189, 309)|0.8913]
GEN_21_FIT_0.7715952573529856_0.7716389318462866_0.7717313306760984_SIZE_1_1.45_2
GEN_22_FIT_0.7716329725205299_0.7717098025808194_0.771734276254054_SIZE_1_1.55_2
GEN_23_FIT_0.771734276254054_0.7717342762540541_0.771734276254054_SIZE_1_1.0_1
GEN_24_FIT_0.771734276254054_0.7717344799101846_0.771738349376663_SIZE_1_1.0_1
GEN_25_FIT_0.771734276254054_0.7717407108326543_0.771854821580839_SIZE_1_1.0_1
GEN_26_FIT_0.771734276254054_0.7717421364255674_0.771854821580839_SIZE_1_1.05_2
GEN_27_FIT_0.771738349376663_0.7717650670882588_0.7719023094684748_SIZE_1_1.05_2
GEN_28_FIT_0.771738349376663_0.7717967210961164_0.7719023094684748_SIZE_1_1.15_2
GEN_29_FIT_0.7718588947034478_0.7718706917086058_0.7719063825910838_SIZE_1_1.05_2
GEN_30_FIT_0.7718588947034478_0.7718920667456093_0.7719063825910838_SIZE_1_1.05_2
GEN_31_FIT_0.7719023094684748_0.7719043460297793_0.7719063825910838_SIZE_1_1.05_2
GEN_32_FIT_0.7719063825910838_0.7719063825910838_0.7719063825910838_SIZE_1_1.0_1
GEN_33_FIT_0.7719063825910838_0.7719063825910838_0.7719063825910838_SIZE_1_1.0_1
GEN_34_FIT_0.7719063825910838_0.7719063825910838_0.7719063825910838_SIZE_1_1.0_1
GEN_35_FIT_0.7719063825910838_0.7719066755740862_0.7719122422511318_SIZE_1_1.0_1
GEN_36_FIT_0.7719063825910838_0.7719075545230935_0.7719122422511318_SIZE_1_1.0_1
GEN_37_FIT_0.7719063825910838_0.7719090194381054_0.7719122422511318_SIZE_1_1.0_1
GEN_38_FIT_0.7719122422511318_0.7719122422511318_0.7719122422511318_SIZE_1_1.0_1
GEN_39_FIT_0.7719122422511318_0.7719122422511318_0.7719122422511318_SIZE_1_1.0_1
GEN_40_FIT_0.7719122422511318_0.7719122422511318_0.7719122422511318_SIZE_1_1.0_1
Evaluating in sample:
[GEN_40|make_tuple(9, 29, 201, 311)|0.7719]
Evaluating out-of-sample:
[GEN_40|make_tuple(9, 29, 201, 311)|0.8884]
GEN_41_FIT_0.7719122422511318_0.7719122422511318_0.7719122422511318_SIZE_1_1.0_1
GEN_42_FIT_0.7719122422511318_0.7719122422511318_0.7719122422511318_SIZE_1_1.0_1
GEN_43_FIT_0.7719122422511318_0.7719122422511318_0.7719122422511318_SIZE_1_1.0_1
GEN_44_FIT_0.7719122422511318_0.7719122422511318_0.7719122422511318_SIZE_1_1.0_1
GEN_45_FIT_0.7719122422511318_0.7719122422511318_0.7719122422511318_SIZE_1_1.0_1
GEN_46_FIT_0.7719122422511318_0.7719122422511318_0.7719122422511318_SIZE_1_1.0_1
GEN_47_FIT_0.7719122422511318_0.7719122422511318_0.7719122422511318_SIZE_1_1.0_1
GEN_48_FIT_0.7719122422511318_0.7719122422511318_0.7719122422511318_SIZE_1_1.0_1
GEN_49_FIT_0.7719122422511318_0.7719122422511318_0.7719122422511318_SIZE_1_1.0_1
GEN_50_FIT_0.7719122422511318_0.7719122422511318_0.7719122422511318_SIZE_1_1.0_1
GEN_51_FIT_0.7719122422511318_0.7719122422511318_0.7719122422511318_SIZE_1_1.0_1
GEN_52_FIT_0.7719122422511318_0.7719122422511318_0.7719122422511318_SIZE_1_1.0_1
GEN_53_FIT_0.7719122422511318_0.7719122422511318_0.7719122422511318_SIZE_1_1.0_1
GEN_54_FIT_0.7719122422511318_0.7719122422511318_0.7719122422511318_SIZE_1_1.0_1
GEN_55_FIT_0.7719122422511318_0.7719122422511318_0.7719122422511318_SIZE_1_1.0_1
GEN_56_FIT_0.7719122422511318_0.7719122422511318_0.7719122422511318_SIZE_1_1.0_1
Evaluating in sample:
[GEN_56|make_tuple(9, 29, 201, 311)|0.7719]
Evaluating out-of-sample:
[GEN_56|make_tuple(9, 29, 201, 311)|0.8884]
Stopped early in iteration 56, no improvement in 20 gens.
START_TASK: 6
GEN_0_FIT_0.6315004172806123_0.6931773447943869_0.7576316033724432_SIZE_1_2.0_5
GEN_1_FIT_0.7317966497414877_0.7484303987643102_0.7685465421370439_SIZE_1_1.5_5
GEN_2_FIT_0.7588614906295674_0.7642666921051797_0.7685465421370439_SIZE_1_1.3_3
GEN_3_FIT_0.7674937822241021_0.7686956965525727_0.7695758921928012_SIZE_1_1.25_2
GEN_4_FIT_0.7692600943069917_0.769413966880442_0.7696529585778673_SIZE_1_1.6_3
GEN_5_FIT_0.769434944075414_0.7697041229423002_0.7708935809271353_SIZE_1_1.35_2
GEN_6_FIT_0.7696529585778673_0.7698823163845706_0.7708935809271353_SIZE_1_1.2_2
GEN_7_FIT_0.7698835774754454_0.7702548639559869_0.7709438533136685_SIZE_1_1.05_2
GEN_8_FIT_0.7703864135937037_0.770789363380704_0.7712772377979319_SIZE_1_1.15_2
GEN_9_FIT_0.7709438533136685_0.7710565334169693_0.7713602163038481_SIZE_1_1.15_2
GEN_10_FIT_0.7712772377979319_0.771336570227293_0.7715071987836198_SIZE_1_1.05_2
GEN_11_FIT_0.7713602163038481_0.7714081880262998_0.7715071987836198_SIZE_1_1.05_2
GEN_12_FIT_0.7714166866592207_0.7715103193665406_0.7717583973213529_SIZE_1_1.15_2
GEN_13_FIT_0.7715071987836198_0.7715664012511994_0.7717583973213529_SIZE_1_1.0_1
GEN_14_FIT_0.7717313629043716_0.7718014852336851_0.7719285989625791_SIZE_1_1.05_2
GEN_15_FIT_0.7717820976333398_0.7718993960674192_0.7719285989625791_SIZE_1_1.05_2
GEN_16_FIT_0.7719285989625791_0.7719538541662443_0.7722688706102256_SIZE_1_1.0_1
GEN_17_FIT_0.7719285989625791_0.7719955926124745_0.7722688706102256_SIZE_1_1.05_2
GEN_18_FIT_0.7719363127851376_0.7721070432215482_0.7722688706102256_SIZE_1_1.05_2
GEN_19_FIT_0.7720934313882326_0.7721767186618894_0.7722688706102256_SIZE_1_1.0_1
GEN_20_FIT_0.7722688706102256_0.7722777342794662_0.7724461439950369_SIZE_1_1.0_1
Evaluating in sample:
[GEN_20|make_tuple(9, 29, 199, 311)|0.7724]
Evaluating out-of-sample:
[GEN_20|make_tuple(9, 29, 199, 311)|0.8261]
GEN_21_FIT_0.7722688706102256_0.7722985225970257_0.7724461439950369_SIZE_1_1.0_1
GEN_22_FIT_0.7722739104204118_0.7723395500516824_0.7724461439950369_SIZE_1_1.15_2
GEN_23_FIT_0.7723668177883164_0.7724183798226848_0.7724461439950369_SIZE_1_1.1_2
GEN_24_FIT_0.7724461439950369_0.7724461439950369_0.7724461439950369_SIZE_1_1.0_1
GEN_25_FIT_0.7724461439950369_0.7724461439950369_0.7724461439950369_SIZE_1_1.0_1
GEN_26_FIT_0.7724461439950369_0.7724461439950369_0.7724461439950369_SIZE_1_1.0_1
GEN_27_FIT_0.7724461439950369_0.7724461439950369_0.7724461439950369_SIZE_1_1.0_1
GEN_28_FIT_0.7724461439950369_0.7724461439950369_0.7724461439950369_SIZE_1_1.0_1
GEN_29_FIT_0.7724461439950369_0.7724461439950369_0.7724461439950369_SIZE_1_1.0_1
GEN_30_FIT_0.7724461439950369_0.7724461439950369_0.7724461439950369_SIZE_1_1.0_1
GEN_31_FIT_0.7724461439950369_0.7724461439950369_0.7724461439950369_SIZE_1_1.0_1
GEN_32_FIT_0.7724461439950369_0.7724461439950369_0.7724461439950369_SIZE_1_1.0_1
GEN_33_FIT_0.7724461439950369_0.7724461439950369_0.7724461439950369_SIZE_1_1.0_1
GEN_34_FIT_0.7724461439950369_0.7724461439950369_0.7724461439950369_SIZE_1_1.0_1
GEN_35_FIT_0.7724461439950369_0.7724461439950369_0.7724461439950369_SIZE_1_1.0_1
GEN_36_FIT_0.7724461439950369_0.7724461439950369_0.7724461439950369_SIZE_1_1.0_1
GEN_37_FIT_0.7724461439950369_0.7724465297406322_0.7724538589069441_SIZE_1_1.0_1
GEN_38_FIT_0.7724461439950369_0.7724480727230136_0.7724538589069441_SIZE_1_1.0_1
GEN_39_FIT_0.7724461439950369_0.7724530874157534_0.7724538589069441_SIZE_1_1.0_1
GEN_40_FIT_0.7724538589069441_0.7724538589069441_0.7724538589069441_SIZE_1_1.0_1
Evaluating in sample:
[GEN_40|make_tuple(9, 29, 201, 311)|0.7725]
Evaluating out-of-sample:
[GEN_40|make_tuple(9, 29, 201, 311)|0.8261]
GEN_41_FIT_0.7724538589069441_0.7724538589069441_0.7724538589069441_SIZE_1_1.0_1
GEN_42_FIT_0.7724538589069441_0.7724538589069441_0.7724538589069441_SIZE_1_1.0_1
GEN_43_FIT_0.7724538589069441_0.7724538589069441_0.7724538589069441_SIZE_1_1.0_1
GEN_44_FIT_0.7724538589069441_0.7724538589069441_0.7724538589069441_SIZE_1_1.0_1
GEN_45_FIT_0.7724538589069441_0.7724538589069441_0.7724538589069441_SIZE_1_1.0_1
GEN_46_FIT_0.7724538589069441_0.7724538589069441_0.7724538589069441_SIZE_1_1.0_1
GEN_47_FIT_0.7724538589069441_0.7724538589069441_0.7724538589069441_SIZE_1_1.0_1
GEN_48_FIT_0.7724538589069441_0.7724538589069441_0.7724538589069441_SIZE_1_1.0_1
GEN_49_FIT_0.7724538589069441_0.7724538589069441_0.7724538589069441_SIZE_1_1.0_1
GEN_50_FIT_0.7724538589069441_0.7724538589069441_0.7724538589069441_SIZE_1_1.0_1
GEN_51_FIT_0.7724538589069441_0.7724538589069441_0.7724538589069441_SIZE_1_1.0_1
GEN_52_FIT_0.7724538589069441_0.7724538589069441_0.7724538589069441_SIZE_1_1.0_1
GEN_53_FIT_0.7724538589069441_0.7724538589069441_0.7724538589069441_SIZE_1_1.0_1
GEN_54_FIT_0.7724538589069441_0.7724538589069441_0.7724538589069441_SIZE_1_1.0_1
GEN_55_FIT_0.7724538589069441_0.7724538589069441_0.7724538589069441_SIZE_1_1.0_1
GEN_56_FIT_0.7724538589069441_0.7724538589069441_0.7724538589069441_SIZE_1_1.0_1
GEN_57_FIT_0.7724538589069441_0.7724538589069441_0.7724538589069441_SIZE_1_1.0_1
GEN_58_FIT_0.7724538589069441_0.7724538589069441_0.7724538589069441_SIZE_1_1.0_1
Evaluating in sample:
[GEN_58|make_tuple(9, 29, 201, 311)|0.7725]
Evaluating out-of-sample:
[GEN_58|make_tuple(9, 29, 201, 311)|0.8261]
Stopped early in iteration 58, no improvement in 20 gens.
START_TASK: 11
GEN_0_FIT_0.6642568011636528_0.6910412230423512_0.7260716820055965_SIZE_1_3.5_13
GEN_1_FIT_0.7153688286776786_0.726694644938279_0.756142911912496_SIZE_1_2.85_6
GEN_2_FIT_0.7191770059179196_0.7438702691350372_0.7597784501580699_SIZE_1_1.7_3
GEN_3_FIT_0.756142911912496_0.7584466493781574_0.7670201558061877_SIZE_1_1.6_3
GEN_4_FIT_0.7563503980168408_0.7625531265652692_0.7670618456623716_SIZE_1_1.55_2
GEN_5_FIT_0.7626538959388015_0.7668215252738679_0.7670888822736069_SIZE_1_1.85_3
GEN_6_FIT_0.7669152310749819_0.7672913701107196_0.769767220572694_SIZE_1_1.4_3
GEN_7_FIT_0.7670898820332414_0.7679112451015879_0.769767220572694_SIZE_1_1.45_2
GEN_8_FIT_0.7684094733920087_0.7693780752176559_0.769767220572694_SIZE_1_1.65_2
GEN_9_FIT_0.769231901422113_0.7697158381670257_0.7698102107604888_SIZE_1_1.65_3
GEN_10_FIT_0.769767220572694_0.7697791951560508_0.7698458349741703_SIZE_1_1.2_3
GEN_11_FIT_0.769767220572694_0.7698590823120782_0.770348200952398_SIZE_1_1.75_4
GEN_12_FIT_0.769824982241524_0.7699417373927541_0.770348200952398_SIZE_1_1.6_4
GEN_13_FIT_0.7699054163790829_0.7701956583158173_0.770348200952398_SIZE_1_1.6_2
GEN_14_FIT_0.770348200952398_0.7703877522550839_0.7708046535901378_SIZE_1_1.1_2
GEN_15_FIT_0.7703564483524598_0.7706125403442406_0.7709120725366777_SIZE_1_1.1_2
GEN_16_FIT_0.7707478533809259_0.7708631751155385_0.7712276086221832_SIZE_1_1.15_2
GEN_17_FIT_0.7709120725366777_0.7710008641222137_0.7713214412654926_SIZE_1_1.45_2
GEN_18_FIT_0.7709697998957312_0.7710568530754307_0.7713214412654926_SIZE_1_1.05_2
GEN_19_FIT_0.771126713663078_0.7711871908251442_0.7713214412654926_SIZE_1_1.05_2
GEN_20_FIT_0.7712276086221832_0.7712655917395235_0.7713304424658223_SIZE_1_1.0_1
Evaluating in sample:
[GEN_20|make_tuple(9, 29, 142, 346)|0.7713]
Evaluating out-of-sample:
[GEN_20|make_tuple(9, 29, 142, 346)|0.9011]
GEN_21_FIT_0.7713214412654926_0.7713232415055584_0.7713304424658223_SIZE_1_1.05_2
GEN_22_FIT_0.7713214412654926_0.7713254918056409_0.7713304424658223_SIZE_1_1.1_2
GEN_23_FIT_0.7713304424658223_0.7713310279361988_0.7713421518733486_SIZE_1_1.0_1
GEN_24_FIT_0.7713304424658223_0.7713376950548422_0.7714520754311641_SIZE_1_1.0_1
GEN_25_FIT_0.7713304424658223_0.7713462340136257_0.7714520754311641_SIZE_1_1.05_2
GEN_26_FIT_0.7713421518733486_0.7713751289406933_0.7714520754311641_SIZE_1_1.05_2
GEN_27_FIT_0.7713421518733486_0.7714280344583991_0.7714520754311641_SIZE_1_1.2_2
GEN_28_FIT_0.7714520754311641_0.771452075431164_0.7714520754311641_SIZE_1_1.0_1
GEN_29_FIT_0.7714520754311641_0.771452075431164_0.7714520754311641_SIZE_1_1.0_1
GEN_30_FIT_0.7714520754311641_0.771452075431164_0.7714520754311641_SIZE_1_1.0_1
GEN_31_FIT_0.7714520754311641_0.771452075431164_0.7714520754311641_SIZE_1_1.0_1
GEN_32_FIT_0.7714520754311641_0.7714604992919272_0.7716205526464259_SIZE_1_1.0_1
GEN_33_FIT_0.7714520754311641_0.7714857708742164_0.7716205526464259_SIZE_1_1.0_1
GEN_34_FIT_0.7714520754311641_0.7715704165023369_0.7716286930562196_SIZE_1_1.0_1
GEN_35_FIT_0.7716205526464259_0.7716249142543953_0.7716861134502228_SIZE_1_1.0_1
GEN_36_FIT_0.7716205526464259_0.7716361571769911_0.7716861134502228_SIZE_1_1.15_2
GEN_37_FIT_0.7716340835922243_0.7716554675942519_0.7716945293065072_SIZE_1_1.15_2
GEN_38_FIT_0.7716861134502228_0.7716888898926305_0.7716945293065072_SIZE_1_1.1_2
GEN_39_FIT_0.7716881218403909_0.7716985529610054_0.7718083625426104_SIZE_1_1.15_2
GEN_40_FIT_0.7716945293065072_0.7717059126301177_0.7718083625426104_SIZE_1_1.0_1
Evaluating in sample:
[GEN_40|make_tuple(9, 29, 201, 311)|0.7718]
Evaluating out-of-sample:
[GEN_40|make_tuple(9, 29, 201, 311)|0.9003]
GEN_41_FIT_0.7716945293065072_0.7717059126301177_0.7718083625426104_SIZE_1_1.0_1
GEN_42_FIT_0.7716945293065072_0.7717116042919228_0.7718083625426104_SIZE_1_1.0_1
GEN_43_FIT_0.7716945293065072_0.7717389053641626_0.7718083625426104_SIZE_1_1.0_1
GEN_44_FIT_0.7718006476307032_0.7718052765778476_0.7718083625426104_SIZE_1_1.05_2
GEN_45_FIT_0.7718083625426104_0.7718083625426105_0.7718083625426104_SIZE_1_1.0_1
GEN_46_FIT_0.7718083625426104_0.7718083625426105_0.7718083625426104_SIZE_1_1.0_1
GEN_47_FIT_0.7718083625426104_0.7718083625426105_0.7718083625426104_SIZE_1_1.0_1
GEN_48_FIT_0.7718083625426104_0.7718083625426105_0.7718083625426104_SIZE_1_1.0_1
GEN_49_FIT_0.7718083625426104_0.7718083625426105_0.7718083625426104_SIZE_1_1.0_1
GEN_50_FIT_0.7718083625426104_0.7718083625426105_0.7718083625426104_SIZE_1_1.0_1
GEN_51_FIT_0.7718083625426104_0.7718083625426105_0.7718083625426104_SIZE_1_1.0_1
GEN_52_FIT_0.7718083625426104_0.7718083625426105_0.7718083625426104_SIZE_1_1.0_1
GEN_53_FIT_0.7718083625426104_0.7718083625426105_0.7718083625426104_SIZE_1_1.0_1
GEN_54_FIT_0.7718083625426104_0.7718083625426105_0.7718083625426104_SIZE_1_1.0_1
GEN_55_FIT_0.7718083625426104_0.7718083625426105_0.7718083625426104_SIZE_1_1.0_1
GEN_56_FIT_0.7718083625426104_0.7718083625426105_0.7718083625426104_SIZE_1_1.0_1
GEN_57_FIT_0.7718083625426104_0.7718083625426105_0.7718083625426104_SIZE_1_1.0_1
GEN_58_FIT_0.7718083625426104_0.7718083625426105_0.7718083625426104_SIZE_1_1.0_1
GEN_59_FIT_0.7718083625426104_0.7718083625426105_0.7718083625426104_SIZE_1_1.0_1
GEN_60_FIT_0.7718083625426104_0.7718083625426105_0.7718083625426104_SIZE_1_1.0_1
Evaluating in sample:
[GEN_60|make_tuple(9, 29, 201, 311)|0.7718]
Evaluating out-of-sample:
[GEN_60|make_tuple(9, 29, 201, 311)|0.9003]
Stopped early in iteration 60, no improvement in 20 gens.
START_TASK: 12
