Starting problem: mlr_svm
param:age_regularization:100000.0
param:algorithm:random_search
param:constants_only:False
param:cxpb:0.25
param:early_stop_n:20
param:lambda_:100
param:max_number_operators:None
param:max_start_size:2
param:mu:20
param:ngen:300
param:optimize_constants:False
param:output_file:/home/gijsbers/symbolicdefaults/runs/mlr_svm_random_search_16.log
param:problem:mlr_svm
param:subset:1.0
param:task:None
param:warm_start:False
Benchmark problems: mlr_svm
sklearn_default := make_tuple(1., truediv(1., mul(p, xvar)))
mlr_default := make_tuple(1, truediv(po, 1))
symbolic_best := make_tuple(16., truediv(mkd, xvar))
Loading surrogates from file.
START_TASK: 3
GEN_0_FIT_0.24297968290042707_0.49624460368700984_0.8996416924831447_SIZE_1_3.6789_11
Evaluating in sample:
[GEN_0|make_tuple(p, mkd)|0.8899]
[GEN_0|make_tuple(if_gt(p, rc, 8, rc), truediv(mkd, xvar))|0.8996]
Evaluating out-of-sample:
[GEN_0|make_tuple(p, mkd)|0.9641]
[GEN_0|make_tuple(if_gt(p, rc, 8, rc), truediv(mkd, xvar))|0.9506]
GEN_1_FIT_0.24297968290042707_0.4932021854278589_0.9054580840511061_SIZE_1_3.6682_11
Evaluating in sample:
[GEN_1|make_tuple(p, mkd)|0.8899]
[GEN_1|make_tuple(add(m, 1), truediv(1, po))|0.9055]
Evaluating out-of-sample:
[GEN_1|make_tuple(p, mkd)|0.9641]
[GEN_1|make_tuple(add(m, 1), truediv(1, po))|0.9206]
