Starting problem: mlr_rf
param:age_regularization:100000.0
param:algorithm:mupluslambda
param:constants_only:True
param:cxpb:0.25
param:early_stop_n:20
param:lambda_:100
param:max_number_operators:None
param:max_start_size:2
param:mu:20
param:ngen:300
param:optimize_constants:False
param:output_file:/home/gijsbers/symbolicdefaults/runs/mlr_rf_True_7.log
param:problem:mlr_rf
param:subset:1.0
param:task:None
param:warm_start:False
Benchmark problems: mlr_rf
Loading surrogates from file.
With fixed hyperparameters: {'num.trees': 500.0}:
And hyperparameters: ['num.trees', 'sample.fraction', 'min.node.size', 'mtry']:
START_TASK: 3
GEN_0_FIT_0.8688773725824906_0.8829367909679371_0.9028018802264606_SIZE_1_3.7_10
GEN_1_FIT_0.8831266065772535_0.8932803285515958_0.9028018802264606_SIZE_1_3.85_8
GEN_2_FIT_0.8849071432122333_0.8961222591146306_0.9055152372948798_SIZE_1_3.45_6
GEN_3_FIT_0.8859261715248744_0.8987140883292056_0.9078776622106784_SIZE_1_2.35_5
GEN_4_FIT_0.8860993526210726_0.9011185079103108_0.9088830006908201_SIZE_1_2.2_4
GEN_5_FIT_0.8912773996324734_0.8995696078918343_0.9101805669949785_SIZE_1_1.6_3
GEN_6_FIT_0.8940152448730512_0.8949079458193836_0.9118692637996955_SIZE_1_1.05_2
GEN_7_FIT_0.8940152448730512_0.8958006467657157_0.9118692637996955_SIZE_1_1.1_2
GEN_8_FIT_0.8940152448730512_0.8975903265348212_0.9118692637996955_SIZE_1_1.2_2
GEN_9_FIT_0.8940152448730512_0.9056754130075948_0.9118804200259732_SIZE_1_1.7_3
GEN_10_FIT_0.8948116585071494_0.8991702381540968_0.9118907180271822_SIZE_1_1.25_2
GEN_11_FIT_0.8949861531782336_0.8967123267605812_0.9118907180271822_SIZE_1_1.1_2
GEN_12_FIT_0.8950764617145339_0.8967625586967374_0.9118907180271822_SIZE_1_1.1_2
GEN_13_FIT_0.8950764617145339_0.8967727140327495_0.9118907180271822_SIZE_1_1.1_2
GEN_14_FIT_0.8950764617145339_0.897644627726865_0.9121003958150153_SIZE_1_1.15_2
GEN_15_FIT_0.8951780150746542_0.8985310671494913_0.9121003958150153_SIZE_1_1.2_2
GEN_16_FIT_0.8951780150746542_0.9035536856032058_0.9121003958150153_SIZE_1_1.55_3
GEN_17_FIT_0.8951785669734483_0.8996078048454258_0.913313465423782_SIZE_1_1.4_3
GEN_18_FIT_0.895218985567789_0.8987263021732186_0.913313465423782_SIZE_1_1.3_3
GEN_19_FIT_0.895218985567789_0.8978391501612105_0.9136649050396132_SIZE_1_1.2_3
GEN_20_FIT_0.895218985567789_0.8978394064528139_0.9136700308716845_SIZE_1_1.2_3
Evaluating in sample:
[GEN_20|make_tuple(0.5575371866034063, 4, 6)|0.8952]
[GEN_20|make_tuple(0.6176514902638649, expit(0.5094525278431453), 5)|0.9122]
[GEN_20|make_tuple(0.6176514902638649, expit(expit(0.42781966133062943)), 5)|0.9137]
Evaluating out-of-sample:
[GEN_20|make_tuple(0.5575371866034063, 4, 6)|0.9976]
[GEN_20|make_tuple(0.6176514902638649, expit(0.5094525278431453), 5)|0.9854]
[GEN_20|make_tuple(0.6176514902638649, expit(expit(0.42781966133062943)), 5)|0.9893]
GEN_21_FIT_0.895218985567789_0.8979481946664893_0.9136700308716845_SIZE_1_1.25_3
GEN_22_FIT_0.895218985567789_0.8979481946664893_0.9136700308716845_SIZE_1_1.25_3
GEN_23_FIT_0.895218985567789_0.8979481946664893_0.9136700308716845_SIZE_1_1.25_3
GEN_24_FIT_0.895218985567789_0.8988322992348003_0.9136700308716845_SIZE_1_1.3_3
GEN_25_FIT_0.895218985567789_0.8988322992348003_0.9136700308716845_SIZE_1_1.3_3
GEN_26_FIT_0.895218985567789_0.8988322992348003_0.9136700308716845_SIZE_1_1.3_3
GEN_27_FIT_0.895218985567789_0.8988322992348003_0.9136700308716845_SIZE_1_1.3_3
GEN_28_FIT_0.895218985567789_0.8979678453836613_0.9136700308716845_SIZE_1_1.25_3
GEN_29_FIT_0.895218985567789_0.8988716006691444_0.9136700308716845_SIZE_1_1.3_3
GEN_30_FIT_0.895218985567789_0.9016251545648686_0.9136700308716845_SIZE_1_1.55_3
GEN_31_FIT_0.895218985567789_0.9034158111933106_0.9137823726579436_SIZE_1_1.55_3
GEN_32_FIT_0.8953995962150758_0.907079846143667_0.9137823726579436_SIZE_1_1.75_3
GEN_33_FIT_0.8953995962150758_0.8981358917573539_0.9137823726579436_SIZE_1_1.25_3
GEN_34_FIT_0.8953995962150758_0.8981358917573539_0.9137823726579436_SIZE_1_1.25_3
GEN_35_FIT_0.8953995962150758_0.8981358917573539_0.9137823726579436_SIZE_1_1.25_3
GEN_36_FIT_0.8953995962150758_0.8990339096553452_0.9137823726579436_SIZE_1_1.3_3
GEN_37_FIT_0.8953995962150758_0.8990339096553452_0.9137823726579436_SIZE_1_1.3_3
GEN_38_FIT_0.8953995962150758_0.8990339096553452_0.9137823726579436_SIZE_1_1.3_3
GEN_39_FIT_0.8953995962150758_0.8981522013344666_0.9137823726579436_SIZE_1_1.25_3
GEN_40_FIT_0.8953995962150758_0.8990665288095707_0.9137823726579436_SIZE_1_1.3_3
Evaluating in sample:
[GEN_40|make_tuple(0.5061706629505437, 4, 6)|0.8954]
[GEN_40|make_tuple(0.6176514902638649, expit(0.6081197018800337), 5)|0.9137]
[GEN_40|make_tuple(0.6176514902638649, expit(expit(0.39566900480206296)), 5)|0.9138]
Evaluating out-of-sample:
[GEN_40|make_tuple(0.5061706629505437, 4, 6)|0.9952]
[GEN_40|make_tuple(0.6176514902638649, expit(0.6081197018800337), 5)|0.9893]
[GEN_40|make_tuple(0.6176514902638649, expit(expit(0.39566900480206296)), 5)|0.9893]
GEN_41_FIT_0.8953995962150758_0.8990665288095707_0.9137823726579436_SIZE_1_1.3_3
GEN_42_FIT_0.8953995962150758_0.9027135438217728_0.9137823726579436_SIZE_1_1.6_3
GEN_43_FIT_0.8953995962150758_0.8999880542789551_0.9138048783761468_SIZE_1_1.35_3
GEN_44_FIT_0.8953995962150758_0.9064175450929749_0.9138048783761468_SIZE_1_1.95_4
GEN_45_FIT_0.8954184731949298_0.9036841165433577_0.9138140615641079_SIZE_1_1.55_3
GEN_46_FIT_0.8954248234416913_0.8981822908412577_0.9138140615641079_SIZE_1_1.2_3
GEN_47_FIT_0.8954248234416913_0.8991017527473785_0.9138140615641079_SIZE_1_1.3_3
GEN_48_FIT_0.8954248234416913_0.8991017527473785_0.9138140615641079_SIZE_1_1.3_3
GEN_49_FIT_0.8954248234416913_0.8991017527473785_0.9138140615641079_SIZE_1_1.3_3
GEN_50_FIT_0.8954248234416913_0.8991017527473785_0.9138140615641079_SIZE_1_1.3_3
GEN_51_FIT_0.8954248234416913_0.8991017527473785_0.9138140615641079_SIZE_1_1.3_3
GEN_52_FIT_0.8954248234416913_0.8991017527473785_0.9138140615641079_SIZE_1_1.3_3
GEN_53_FIT_0.8954248234416913_0.8991017527473785_0.9138140615641079_SIZE_1_1.3_3
GEN_54_FIT_0.8954248234416913_0.8991017527473785_0.9138140615641079_SIZE_1_1.3_3
GEN_55_FIT_0.8954248234416913_0.8991017527473785_0.9138140615641079_SIZE_1_1.3_3
GEN_56_FIT_0.8954248234416913_0.8991017527473785_0.9138140615641079_SIZE_1_1.3_3
GEN_57_FIT_0.8954248234416913_0.8991017527473785_0.9138140615641079_SIZE_1_1.3_3
GEN_58_FIT_0.8954248234416913_0.8991017527473785_0.9138140615641079_SIZE_1_1.3_3
GEN_59_FIT_0.8954248234416913_0.8991017527473785_0.9138140615641079_SIZE_1_1.3_3
GEN_60_FIT_0.8954248234416913_0.8991017527473785_0.9138140615641079_SIZE_1_1.3_3
Evaluating in sample:
[GEN_60|make_tuple(0.5069285821167578, 4, 6)|0.8954]
[GEN_60|make_tuple(0.6176514902638649, expit(0.6007685482637227), 5)|0.9138]
[GEN_60|make_tuple(0.6176514902638649, expit(expit(0.4003019156676222)), 5)|0.9138]
Evaluating out-of-sample:
[GEN_60|make_tuple(0.5069285821167578, 4, 6)|0.9952]
[GEN_60|make_tuple(0.6176514902638649, expit(0.6007685482637227), 5)|0.9893]
[GEN_60|make_tuple(0.6176514902638649, expit(expit(0.4003019156676222)), 5)|0.9893]
GEN_61_FIT_0.8954248234416913_0.8991017527473785_0.9138140615641079_SIZE_1_1.3_3
GEN_62_FIT_0.8954248234416913_0.8991017527473785_0.9138140615641079_SIZE_1_1.3_3
GEN_63_FIT_0.8954248234416913_0.8991017527473785_0.9138140615641079_SIZE_1_1.3_3
GEN_64_FIT_0.8954248234416913_0.8991017527473785_0.9138140615641079_SIZE_1_1.3_3
GEN_65_FIT_0.8954248234416913_0.8991017527473785_0.9138140615641079_SIZE_1_1.3_3
GEN_66_FIT_0.8954248234416913_0.8991017527473785_0.9138140615641079_SIZE_1_1.3_3
Evaluating in sample:
[GEN_66|make_tuple(0.5069285821167578, 4, 6)|0.8954]
[GEN_66|make_tuple(0.6176514902638649, expit(0.6007685482637227), 5)|0.9138]
[GEN_66|make_tuple(0.6176514902638649, expit(expit(0.4003019156676222)), 5)|0.9138]
Evaluating out-of-sample:
[GEN_66|make_tuple(0.5069285821167578, 4, 6)|0.9952]
[GEN_66|make_tuple(0.6176514902638649, expit(0.6007685482637227), 5)|0.9893]
[GEN_66|make_tuple(0.6176514902638649, expit(expit(0.4003019156676222)), 5)|0.9893]
Stopped early in iteration 66, no improvement in 20 gens.
START_TASK: 6
GEN_0_FIT_0.8691019259106261_0.878932266499335_0.90631743247904_SIZE_1_4.3_11
GEN_1_FIT_0.8773885867169978_0.8907340473753489_0.9075531250058679_SIZE_1_2.25_5
GEN_2_FIT_0.8784128433709786_0.892089388104272_0.9079404248466556_SIZE_1_1.7_4
GEN_3_FIT_0.8826502462838587_0.8952509190403178_0.9079404248466556_SIZE_1_1.75_3
GEN_4_FIT_0.8828705608503037_0.8992671685973177_0.9081690603391979_SIZE_1_2.05_3
GEN_5_FIT_0.8828705608503037_0.8945667905550518_0.9086711821760827_SIZE_1_1.55_3
GEN_6_FIT_0.8835299989626866_0.8925677986742875_0.908826205212097_SIZE_1_1.4_3
GEN_7_FIT_0.8841548387887621_0.8917132762545151_0.9092788063587729_SIZE_1_1.4_3
GEN_8_FIT_0.8842513473566043_0.8987237809610565_0.9094542661669549_SIZE_1_1.65_3
GEN_9_FIT_0.8865112473450102_0.8986344941032529_0.9108015840827025_SIZE_1_1.65_3
GEN_10_FIT_0.8889614758287189_0.9029434990025698_0.9114259652606966_SIZE_1_1.8_3
GEN_11_FIT_0.8925788236139516_0.9056846158252453_0.9114259652606966_SIZE_1_2.0_4
GEN_12_FIT_0.8939655876505158_0.9062397050586519_0.9117484718269153_SIZE_1_1.9_3
GEN_13_FIT_0.8951469320637089_0.9106442642574694_0.9117484718269153_SIZE_1_2.05_3
GEN_14_FIT_0.8951469320637089_0.9090486115943923_0.9117484718269153_SIZE_1_2.05_3
GEN_15_FIT_0.8954552140360973_0.9106697948238173_0.9122733077477052_SIZE_1_2.0_3
GEN_16_FIT_0.8954552140360973_0.9100407257599891_0.9122733077477052_SIZE_1_2.15_3
GEN_17_FIT_0.8954552140360973_0.909665859442263_0.9122733077477052_SIZE_1_2.6_3
GEN_18_FIT_0.8954552140360973_0.9063163376553941_0.9125552468567586_SIZE_1_2.25_4
GEN_19_FIT_0.8956401522169598_0.9108908010966201_0.9125552468567586_SIZE_1_2.35_4
GEN_20_FIT_0.8956401522169598_0.9103838308434489_0.9125552468567586_SIZE_1_2.8_4
Evaluating in sample:
[GEN_20|make_tuple(0.5024817366330229, 276, 6)|0.8956]
[GEN_20|make_tuple(0.7894073099715413, expit(0.39623807091906776), 5)|0.9114]
[GEN_20|make_tuple(0.7894073099715413, expit(0.39623807091906776), add(5, 0.035018585345871225))|0.9123]
[GEN_20|make_tuple(0.7894073099715413, expit(sub(1, 0.39623807091906776)), add(5, 0.3028231312699485))|0.9126]
Evaluating out-of-sample:
[GEN_20|make_tuple(0.5024817366330229, 276, 6)|0.9186]
[GEN_20|make_tuple(0.7894073099715413, expit(0.39623807091906776), 5)|0.9934]
[GEN_20|make_tuple(0.7894073099715413, expit(0.39623807091906776), add(5, 0.035018585345871225))|0.9932]
[GEN_20|make_tuple(0.7894073099715413, expit(sub(1, 0.39623807091906776)), add(5, 0.3028231312699485))|0.9928]
GEN_21_FIT_0.8956401522169598_0.9107226153222673_0.9125552468567586_SIZE_1_3.4_4
GEN_22_FIT_0.8956401522169598_0.9107416583559598_0.9129361075306124_SIZE_1_3.45_5
GEN_23_FIT_0.8956401522169598_0.9080172913015394_0.9129361075306124_SIZE_1_2.6_5
GEN_24_FIT_0.8956401522169598_0.9023043363405214_0.9129361075306124_SIZE_1_2.0_5
GEN_25_FIT_0.8956401522169598_0.9023043363405214_0.9129361075306124_SIZE_1_2.0_5
GEN_26_FIT_0.8956401522169598_0.9023043363405214_0.9129361075306124_SIZE_1_2.0_5
GEN_27_FIT_0.8956401522169598_0.9097061983632277_0.9129361075306124_SIZE_1_3.05_5
GEN_28_FIT_0.8957224684685197_0.9105382789376556_0.9142273402219566_SIZE_1_2.9_6
GEN_29_FIT_0.8957224684685197_0.9066594776153044_0.9142273402219566_SIZE_1_2.3_6
GEN_30_FIT_0.8960340637241831_0.9119623429032149_0.9142273402219566_SIZE_1_2.9_6
GEN_31_FIT_0.8960340637241831_0.9107647276295024_0.9142498865853487_SIZE_1_2.35_6
GEN_32_FIT_0.8960340637241831_0.9107419874024425_0.9142498865853487_SIZE_1_2.3_6
GEN_33_FIT_0.8955830106484566_0.907256279315841_0.9143572706764285_SIZE_1_2.7_6
GEN_34_FIT_0.8960340637241831_0.9005071809518068_0.9143723942632322_SIZE_1_1.7_6
GEN_35_FIT_0.8960340637241831_0.9023010886919123_0.9143723942632322_SIZE_1_2.05_6
GEN_36_FIT_0.8960340637241831_0.9031655235463859_0.9143723942632322_SIZE_1_2.1_6
GEN_37_FIT_0.8960340637241831_0.9022584509425574_0.9143723942632322_SIZE_1_1.95_6
GEN_38_FIT_0.8960340637241831_0.902302016915392_0.9143723942632322_SIZE_1_2.05_6
GEN_39_FIT_0.8960340637241831_0.9031667505679574_0.9143723942632322_SIZE_1_2.1_6
GEN_40_FIT_0.8960340637241831_0.9031667505679574_0.9143723942632322_SIZE_1_2.1_6
Evaluating in sample:
[GEN_40|make_tuple(0.5060205498918717, 271, 6)|0.8960]
[GEN_40|make_tuple(0.6301080889025807, expit(0.5920426482617923), 5)|0.9133]
[GEN_40|make_tuple(0.6301080889025807, expit(sub(1, 0.399909300333824)), 5)|0.9136]
[GEN_40|make_tuple(0.6236103516729964, expit(sub(1, 0.399909300333824)), add(5, 0.003651386061363924))|0.9142]
[GEN_40|make_tuple(add(0.008419303447409937, mul(0.7894073099715413, 0.7591360151135683)), expit(sub(1, 0.399909300333824)), add(5, 0.3028231312699485))|0.9144]
Evaluating out-of-sample:
[GEN_40|make_tuple(0.5060205498918717, 271, 6)|0.9184]
[GEN_40|make_tuple(0.6301080889025807, expit(0.5920426482617923), 5)|0.9883]
[GEN_40|make_tuple(0.6301080889025807, expit(sub(1, 0.399909300333824)), 5)|0.9881]
[GEN_40|make_tuple(0.6236103516729964, expit(sub(1, 0.399909300333824)), add(5, 0.003651386061363924))|0.9878]
[GEN_40|make_tuple(add(0.008419303447409937, mul(0.7894073099715413, 0.7591360151135683)), expit(sub(1, 0.399909300333824)), add(5, 0.3028231312699485))|0.9881]
GEN_41_FIT_0.8960340637241831_0.9031667505679574_0.9143723942632322_SIZE_1_2.1_6
GEN_42_FIT_0.8960340637241831_0.9031993520880743_0.9143723942632322_SIZE_1_2.1_6
GEN_43_FIT_0.8960340637241831_0.9031993520880743_0.9143723942632322_SIZE_1_2.1_6
GEN_44_FIT_0.8960340637241831_0.9031993520880743_0.9143723942632322_SIZE_1_2.1_6
GEN_45_FIT_0.8960340637241831_0.9031993520880743_0.9143723942632322_SIZE_1_2.1_6
GEN_46_FIT_0.8960340637241831_0.9031993520880743_0.9143723942632322_SIZE_1_2.1_6
GEN_47_FIT_0.8960340637241831_0.9014555844628906_0.9143723942632322_SIZE_1_1.95_6
GEN_48_FIT_0.8960340637241831_0.9086696892993507_0.9143723942632322_SIZE_1_3.35_6
GEN_49_FIT_0.8960674132360844_0.9124302292514255_0.9143723942632322_SIZE_1_4.75_6
GEN_50_FIT_0.8960674132360844_0.9124170024311026_0.9143723942632322_SIZE_1_4.5_6
GEN_51_FIT_0.8960674132360844_0.9104209685686169_0.9143824086874656_SIZE_1_2.8_6
GEN_52_FIT_0.8960674132360844_0.9042268328368792_0.9143824086874656_SIZE_1_2.35_6
GEN_53_FIT_0.8960674132360844_0.9051235749567491_0.9143824086874656_SIZE_1_2.5_6
GEN_54_FIT_0.8960674132360844_0.9051235749567491_0.9143824086874656_SIZE_1_2.5_6
GEN_55_FIT_0.8960674132360844_0.9042372252174076_0.9143824086874656_SIZE_1_2.45_6
GEN_56_FIT_0.8960674132360844_0.8996796360555084_0.9144508844146713_SIZE_1_1.45_6
GEN_57_FIT_0.8960674132360844_0.9005976166269317_0.9144508844146713_SIZE_1_1.55_6
GEN_58_FIT_0.8960674132360844_0.9006295511406599_0.9144508844146713_SIZE_1_1.75_6
GEN_59_FIT_0.8960674132360844_0.8997118658685711_0.9144508844146713_SIZE_1_1.65_6
GEN_60_FIT_0.8960674132360844_0.9006301417393286_0.9144508844146713_SIZE_1_1.75_6
Evaluating in sample:
[GEN_60|make_tuple(0.5064309606889825, 328, 6)|0.8961]
[GEN_60|make_tuple(0.6168869486036608, expit(0.6012739378727778), 5)|0.9138]
[GEN_60|make_tuple(0.6168869486036608, expit(0.6012739378727778), add(5, 0.001815785043344304))|0.9144]
[GEN_60|make_tuple(add(0.017454706426817648, mul(0.7894073099715413, 0.7591360151135683)), expit(sub(1, 0.399909300333824)), add(5, 0.007926534454364084))|0.9145]
Evaluating out-of-sample:
[GEN_60|make_tuple(0.5064309606889825, 328, 6)|0.9184]
[GEN_60|make_tuple(0.6168869486036608, expit(0.6012739378727778), 5)|0.9883]
[GEN_60|make_tuple(0.6168869486036608, expit(0.6012739378727778), add(5, 0.001815785043344304))|0.9880]
[GEN_60|make_tuple(add(0.017454706426817648, mul(0.7894073099715413, 0.7591360151135683)), expit(sub(1, 0.399909300333824)), add(5, 0.007926534454364084))|0.9880]
GEN_61_FIT_0.8960674132360844_0.9015179713831989_0.9144508844146713_SIZE_1_1.8_6
GEN_62_FIT_0.8960674132360844_0.9015179713831989_0.9144508844146713_SIZE_1_1.8_6
GEN_63_FIT_0.8960674132360844_0.9005988686077886_0.9144523000850535_SIZE_1_1.45_4
GEN_64_FIT_0.8960674132360844_0.9005988686077886_0.9144523000850535_SIZE_1_1.45_4
GEN_65_FIT_0.8960674132360844_0.901518112950237_0.9144523000850535_SIZE_1_1.6_4
GEN_66_FIT_0.8960674132360844_0.901518112950237_0.9144523000850535_SIZE_1_1.6_4
GEN_67_FIT_0.8960674132360844_0.901518112950237_0.9144523000850535_SIZE_1_1.6_4
GEN_68_FIT_0.8960674132360844_0.901518112950237_0.9144523000850535_SIZE_1_1.6_4
GEN_69_FIT_0.8960674132360844_0.901518112950237_0.9144523000850535_SIZE_1_1.6_4
GEN_70_FIT_0.8960674132360844_0.901518112950237_0.9144523000850535_SIZE_1_1.6_4
GEN_71_FIT_0.8960674132360844_0.901518112950237_0.9144523000850535_SIZE_1_1.6_4
GEN_72_FIT_0.8960674132360844_0.901518112950237_0.9144523000850535_SIZE_1_1.6_4
GEN_73_FIT_0.8960674132360844_0.901518112950237_0.9144523000850535_SIZE_1_1.6_4
GEN_74_FIT_0.8960674132360844_0.901518112950237_0.9144523000850535_SIZE_1_1.6_4
GEN_75_FIT_0.8960674132360844_0.901518112950237_0.9144523000850535_SIZE_1_1.6_4
GEN_76_FIT_0.8960674132360844_0.901518112950237_0.9144523000850535_SIZE_1_1.6_4
GEN_77_FIT_0.8960674132360844_0.901518112950237_0.9144523000850535_SIZE_1_1.6_4
GEN_78_FIT_0.8960674132360844_0.901518112950237_0.9144523000850535_SIZE_1_1.6_4
GEN_79_FIT_0.8960674132360844_0.901518112950237_0.9144523000850535_SIZE_1_1.6_4
GEN_80_FIT_0.8960674132360844_0.901518112950237_0.9144523000850535_SIZE_1_1.6_4
Evaluating in sample:
[GEN_80|make_tuple(0.5064309606889825, 328, 6)|0.8961]
[GEN_80|make_tuple(0.6168869486036608, expit(0.6012739378727778), 5)|0.9138]
[GEN_80|make_tuple(0.6168869486036608, expit(0.6012739378727778), add(5, 0.001815785043344304))|0.9144]
[GEN_80|make_tuple(0.6168869486036608, expit(sub(1, 0.399909300333824)), add(5, 0.007926534454364084))|0.9145]
Evaluating out-of-sample:
[GEN_80|make_tuple(0.5064309606889825, 328, 6)|0.9184]
[GEN_80|make_tuple(0.6168869486036608, expit(0.6012739378727778), 5)|0.9883]
[GEN_80|make_tuple(0.6168869486036608, expit(0.6012739378727778), add(5, 0.001815785043344304))|0.9880]
[GEN_80|make_tuple(0.6168869486036608, expit(sub(1, 0.399909300333824)), add(5, 0.007926534454364084))|0.9880]
GEN_81_FIT_0.8960674132360844_0.901518112950237_0.9144523000850535_SIZE_1_1.6_4
GEN_82_FIT_0.8960674132360844_0.901518112950237_0.9144523000850535_SIZE_1_1.6_4
GEN_83_FIT_0.8960674132360844_0.901518112950237_0.9144523000850535_SIZE_1_1.6_4
GEN_84_FIT_0.8960674132360844_0.901518112950237_0.9144523000850535_SIZE_1_1.6_4
Evaluating in sample:
[GEN_84|make_tuple(0.5064309606889825, 328, 6)|0.8961]
[GEN_84|make_tuple(0.6168869486036608, expit(0.6012739378727778), 5)|0.9138]
[GEN_84|make_tuple(0.6168869486036608, expit(0.6012739378727778), add(5, 0.001815785043344304))|0.9144]
[GEN_84|make_tuple(0.6168869486036608, expit(sub(1, 0.399909300333824)), add(5, 0.007926534454364084))|0.9145]
Evaluating out-of-sample:
[GEN_84|make_tuple(0.5064309606889825, 328, 6)|0.9184]
[GEN_84|make_tuple(0.6168869486036608, expit(0.6012739378727778), 5)|0.9883]
[GEN_84|make_tuple(0.6168869486036608, expit(0.6012739378727778), add(5, 0.001815785043344304))|0.9880]
[GEN_84|make_tuple(0.6168869486036608, expit(sub(1, 0.399909300333824)), add(5, 0.007926534454364084))|0.9880]
Stopped early in iteration 84, no improvement in 20 gens.
START_TASK: 11
GEN_0_FIT_0.8701712367482469_0.8775432810026436_0.8932759329099158_SIZE_1_4.3_12
GEN_1_FIT_0.8833017269279723_0.8876163426469873_0.8947437664561675_SIZE_1_3.7_11
GEN_2_FIT_0.8875023836452076_0.8937431177932267_0.8949956321273159_SIZE_1_3.1_8
GEN_3_FIT_0.8875023836452076_0.8929592704849532_0.8956721428219454_SIZE_1_2.4_7
GEN_4_FIT_0.8900472347430513_0.8909421461666639_0.8961838949397309_SIZE_1_1.25_3
GEN_5_FIT_0.8900472347430513_0.8943905976024263_0.8961838949397309_SIZE_1_2.15_4
GEN_6_FIT_0.8950373046689872_0.8961108132057987_0.8961838949397309_SIZE_1_2.9_4
GEN_7_FIT_0.5144191929766154_0.8767596852315256_0.8962202833465783_SIZE_1_2.2_4
GEN_8_FIT_0.8950373046689872_0.8960189620757575_0.8969719449652743_SIZE_1_2.7_4
GEN_9_FIT_0.8950373046689872_0.8955322775051311_0.8971891255955311_SIZE_1_1.45_3
GEN_10_FIT_0.8950955822251272_0.8965036097324639_0.901239753758547_SIZE_1_1.55_3
GEN_11_FIT_0.8961593114391737_0.8995633130016538_0.9043740747091865_SIZE_1_1.8_4
GEN_12_FIT_0.8962070129766109_0.8990232654580556_0.9112562951879386_SIZE_1_1.35_3
GEN_13_FIT_0.8962326615721284_0.8984550663697766_0.9112562951879386_SIZE_1_1.25_3
GEN_14_FIT_0.8962326615721284_0.8984550663697766_0.9112562951879386_SIZE_1_1.25_3
GEN_15_FIT_0.8962326615721284_0.9025648864510141_0.9112562951879386_SIZE_1_1.8_3
GEN_16_FIT_0.8963279615066307_0.9087223479053815_0.9114446299381859_SIZE_1_2.35_3
GEN_17_FIT_0.8963279615066307_0.9038484181747245_0.9118535128067986_SIZE_1_1.85_4
GEN_18_FIT_0.8963804836975744_0.8987025531298325_0.9130702493620104_SIZE_1_1.2_3
GEN_19_FIT_0.8963804836975744_0.8979787616486445_0.9130702493620104_SIZE_1_1.15_3
GEN_20_FIT_0.8963804836975744_0.8987825415712809_0.9138700544577684_SIZE_1_1.2_3
Evaluating in sample:
[GEN_20|make_tuple(0.5566337922366966, 257, 6)|0.8964]
[GEN_20|make_tuple(0.5900321339959801, expit(0.5744337869884678), 5)|0.9117]
[GEN_20|make_tuple(0.6113276167862437, min(expit(0.5882701375864072), 3), 5)|0.9139]
Evaluating out-of-sample:
[GEN_20|make_tuple(0.5566337922366966, 257, 6)|0.8617]
[GEN_20|make_tuple(0.5900321339959801, expit(0.5744337869884678), 5)|0.9231]
[GEN_20|make_tuple(0.6113276167862437, min(expit(0.5882701375864072), 3), 5)|0.9129]
GEN_21_FIT_0.8963804836975744_0.8996570201092906_0.9138700544577684_SIZE_1_1.3_3
GEN_22_FIT_0.8963804836975744_0.8996570201092906_0.9138700544577684_SIZE_1_1.3_3
GEN_23_FIT_0.8963804836975744_0.8996570201092906_0.9138700544577684_SIZE_1_1.3_3
GEN_24_FIT_0.8963804836975744_0.8972549622355841_0.9138700544577684_SIZE_1_1.05_2
GEN_25_FIT_0.8963804836975744_0.8981294407735938_0.9138700544577684_SIZE_1_1.1_2
GEN_26_FIT_0.8963804836975744_0.8981294407735938_0.9138700544577684_SIZE_1_1.1_2
GEN_27_FIT_0.8963804836975744_0.8990265287345979_0.9143222429176576_SIZE_1_1.2_3
GEN_28_FIT_0.8963804836975744_0.8990265287345979_0.9143222429176576_SIZE_1_1.2_3
GEN_29_FIT_0.8963804836975744_0.8990268938460829_0.9143295451473576_SIZE_1_1.2_3
GEN_30_FIT_0.8963804836975744_0.8999243469185721_0.9143295451473576_SIZE_1_1.3_3
GEN_31_FIT_0.8963804836975744_0.8999243469185721_0.9143295451473576_SIZE_1_1.3_3
GEN_32_FIT_0.8963804836975744_0.8999243469185721_0.9143295451473576_SIZE_1_1.3_3
GEN_33_FIT_0.8963804836975744_0.8999243469185721_0.9143295451473576_SIZE_1_1.3_3
GEN_34_FIT_0.8963804836975744_0.8990579518012665_0.9143295451473576_SIZE_1_1.25_3
GEN_35_FIT_0.8963804836975744_0.8999405137599803_0.9143295451473576_SIZE_1_1.3_3
GEN_36_FIT_0.8963804836975744_0.8990514305897058_0.9144969431916499_SIZE_1_1.2_3
GEN_37_FIT_0.8963804836975744_0.8990514305897058_0.9144969431916499_SIZE_1_1.2_3
GEN_38_FIT_0.8963804836975744_0.8999572535644095_0.9144969431916499_SIZE_1_1.3_3
GEN_39_FIT_0.8963804836975744_0.8999572535644095_0.9144969431916499_SIZE_1_1.3_3
GEN_40_FIT_0.8963804836975744_0.899957661224667_0.9144969431916499_SIZE_1_1.3_3
Evaluating in sample:
[GEN_40|make_tuple(0.5566337922366966, 257, 6)|0.8964]
[GEN_40|make_tuple(0.6188393682916277, expit(0.5882701375864072), 5)|0.9140]
[GEN_40|make_tuple(0.6188393682916277, expit(add(0.5882701375864072, 0.011778539611064768)), 5)|0.9145]
Evaluating out-of-sample:
[GEN_40|make_tuple(0.5566337922366966, 257, 6)|0.8617]
[GEN_40|make_tuple(0.6188393682916277, expit(0.5882701375864072), 5)|0.9132]
[GEN_40|make_tuple(0.6188393682916277, expit(add(0.5882701375864072, 0.011778539611064768)), 5)|0.9096]
GEN_41_FIT_0.8963804836975744_0.899957661224667_0.9144969431916499_SIZE_1_1.3_3
GEN_42_FIT_0.8963804836975744_0.899957661224667_0.9144969431916499_SIZE_1_1.3_3
GEN_43_FIT_0.8963804836975744_0.899957661224667_0.9144969431916499_SIZE_1_1.3_3
GEN_44_FIT_0.8963804836975744_0.899957661224667_0.9144969431916499_SIZE_1_1.3_3
GEN_45_FIT_0.8963804836975744_0.899957661224667_0.9144969431916499_SIZE_1_1.3_3
GEN_46_FIT_0.8963804836975744_0.8990573426236723_0.9146070306658342_SIZE_1_1.2_3
GEN_47_FIT_0.8963804836975744_0.8990573426236723_0.9146070306658342_SIZE_1_1.2_3
GEN_48_FIT_0.8963804836975744_0.8990573426236723_0.9146070306658342_SIZE_1_1.2_3
GEN_49_FIT_0.8963804836975744_0.8999686699720855_0.9146070306658342_SIZE_1_1.3_3
GEN_50_FIT_0.8963804836975744_0.8999686699720855_0.9146070306658342_SIZE_1_1.3_3
GEN_51_FIT_0.8963804836975744_0.8999686699720855_0.9146070306658342_SIZE_1_1.3_3
GEN_52_FIT_0.8963804836975744_0.8999686699720855_0.9146070306658342_SIZE_1_1.3_3
GEN_53_FIT_0.8963804836975744_0.8999686699720855_0.9146070306658342_SIZE_1_1.3_3
GEN_54_FIT_0.8963804836975744_0.8999686699720855_0.9146070306658342_SIZE_1_1.3_3
GEN_55_FIT_0.8963804836975744_0.8999686699720855_0.9146070306658342_SIZE_1_1.3_3
GEN_56_FIT_0.8963804836975744_0.8999686699720855_0.9146070306658342_SIZE_1_1.3_3
GEN_57_FIT_0.8963804836975744_0.8999686699720855_0.9146070306658342_SIZE_1_1.3_3
GEN_58_FIT_0.8963804836975744_0.8999686699720855_0.9146070306658342_SIZE_1_1.3_3
GEN_59_FIT_0.8963804836975744_0.8999686699720855_0.9146070306658342_SIZE_1_1.3_3
GEN_60_FIT_0.8963804836975744_0.8990943834021529_0.9146070306658342_SIZE_1_1.25_3
Evaluating in sample:
[GEN_60|make_tuple(0.5566337922366966, 257, 6)|0.8964]
[GEN_60|make_tuple(0.6188393682916277, expit(0.5955297347706402), 5)|0.9142]
[GEN_60|make_tuple(0.6188393682916277, expit(0.5882701375864072), add(5, 0.0012065124487824674))|0.9146]
Evaluating out-of-sample:
[GEN_60|make_tuple(0.5566337922366966, 257, 6)|0.8617]
[GEN_60|make_tuple(0.6188393682916277, expit(0.5955297347706402), 5)|0.9132]
[GEN_60|make_tuple(0.6188393682916277, expit(0.5882701375864072), add(5, 0.0012065124487824674))|0.9145]
GEN_61_FIT_0.8963804836975744_0.8981925593158779_0.9147970959085951_SIZE_1_1.15_3
GEN_62_FIT_0.8963804836975744_0.9000046349341815_0.9147970959085951_SIZE_1_1.3_3
GEN_63_FIT_0.8963804836975744_0.9000046349341815_0.9147970959085951_SIZE_1_1.3_3
GEN_64_FIT_0.8963804836975744_0.8991134117760824_0.9147970959085951_SIZE_1_1.25_3
GEN_65_FIT_0.8963804836975744_0.9027083040689835_0.9147970959085951_SIZE_1_1.55_4
GEN_66_FIT_0.8963804836975744_0.9080561194763304_0.9147974699433783_SIZE_1_1.8_3
GEN_67_FIT_0.8963804836975744_0.903665838060627_0.9147974699433783_SIZE_1_1.7_4
GEN_68_FIT_0.8963804836975744_0.9027538948318723_0.9147974699433783_SIZE_1_1.6_4
GEN_69_FIT_0.8963865798863554_0.8991154162340063_0.9150676167389064_SIZE_1_1.2_3
GEN_70_FIT_0.8963865798863554_0.8991154162340063_0.9150676167389064_SIZE_1_1.2_3
GEN_71_FIT_0.8963865798863554_0.9000494680766339_0.9150676167389064_SIZE_1_1.3_3
GEN_72_FIT_0.8963865798863554_0.8991589636505097_0.9150676167389064_SIZE_1_1.25_3
GEN_73_FIT_0.8963865798863554_0.9000632437294088_0.9150676167389064_SIZE_1_1.3_3
GEN_74_FIT_0.8963865798863554_0.9000632437294088_0.9150676167389064_SIZE_1_1.3_3
GEN_75_FIT_0.8963865798863554_0.9000632437294088_0.9150676167389064_SIZE_1_1.3_3
GEN_76_FIT_0.8963865798863554_0.9000632437294088_0.9150676167389064_SIZE_1_1.3_3
GEN_77_FIT_0.8963865798863554_0.9000632437294088_0.9150676167389064_SIZE_1_1.3_3
GEN_78_FIT_0.8963865798863554_0.9000632437294088_0.9150676167389064_SIZE_1_1.3_3
GEN_79_FIT_0.8963865798863554_0.9000632437294088_0.9150676167389064_SIZE_1_1.3_3
GEN_80_FIT_0.8963865798863554_0.9000632437294088_0.9150676167389064_SIZE_1_1.3_3
Evaluating in sample:
[GEN_80|make_tuple(0.5569519944721355, 623, 6)|0.8964]
[GEN_80|make_tuple(0.618875077155919, expit(0.6020375399215524), 5)|0.9145]
[GEN_80|make_tuple(0.618875077155919, expit(0.6020375399215524), add(5, 0.003926032931487765))|0.9151]
Evaluating out-of-sample:
[GEN_80|make_tuple(0.5569519944721355, 623, 6)|0.8617]
[GEN_80|make_tuple(0.618875077155919, expit(0.6020375399215524), 5)|0.9096]
[GEN_80|make_tuple(0.618875077155919, expit(0.6020375399215524), add(5, 0.003926032931487765))|0.9109]
GEN_81_FIT_0.8963865798863554_0.9000632437294088_0.9150676167389064_SIZE_1_1.3_3
GEN_82_FIT_0.8963865798863554_0.9000632437294088_0.9150676167389064_SIZE_1_1.3_3
GEN_83_FIT_0.8963865798863554_0.9000632437294088_0.9150676167389064_SIZE_1_1.3_3
GEN_84_FIT_0.8963865798863554_0.9000632437294088_0.9150676167389064_SIZE_1_1.3_3
GEN_85_FIT_0.8963865798863554_0.9000632437294088_0.9150676167389064_SIZE_1_1.3_3
GEN_86_FIT_0.8963865798863554_0.9000632437294088_0.9150676167389064_SIZE_1_1.3_3
GEN_87_FIT_0.8963865798863554_0.9000632437294088_0.9150676167389064_SIZE_1_1.3_3
GEN_88_FIT_0.8963865798863554_0.9000632437294088_0.9150676167389064_SIZE_1_1.3_3
GEN_89_FIT_0.8963865798863554_0.9000632437294088_0.9150676167389064_SIZE_1_1.3_3
GEN_90_FIT_0.8963865798863554_0.9000632437294088_0.9150676167389064_SIZE_1_1.3_3
Evaluating in sample:
[GEN_90|make_tuple(0.5569519944721355, 623, 6)|0.8964]
[GEN_90|make_tuple(0.618875077155919, expit(0.6020375399215524), 5)|0.9145]
[GEN_90|make_tuple(0.618875077155919, expit(0.6020375399215524), add(5, 0.003926032931487765))|0.9151]
Evaluating out-of-sample:
[GEN_90|make_tuple(0.5569519944721355, 623, 6)|0.8617]
[GEN_90|make_tuple(0.618875077155919, expit(0.6020375399215524), 5)|0.9096]
[GEN_90|make_tuple(0.618875077155919, expit(0.6020375399215524), add(5, 0.003926032931487765))|0.9109]
Stopped early in iteration 90, no improvement in 20 gens.
START_TASK: 12
GEN_0_FIT_0.8689595872946401_0.8822074406570992_0.8961365790420864_SIZE_1_4.7_12
GEN_1_FIT_0.874470228750478_0.894340003947617_0.9063011647220282_SIZE_1_3.8_9
GEN_2_FIT_0.8897902907464053_0.8984159873177431_0.9063011647220282_SIZE_1_4.05_10
GEN_3_FIT_0.8907453769810193_0.9006117391673856_0.9065131527286008_SIZE_1_3.85_9
GEN_4_FIT_0.8907671382454088_0.8981218515271078_0.9106710204895795_SIZE_1_2.3_9
GEN_5_FIT_0.8922094250939486_0.8940699216537853_0.9108143906923144_SIZE_1_1.1_2
GEN_6_FIT_0.8922094250939486_0.8996117154733231_0.9108143906923144_SIZE_1_1.5_3
GEN_7_FIT_0.8934183510598512_0.9031838081119001_0.9117655362205195_SIZE_1_1.6_3
GEN_8_FIT_0.8938008647559225_0.9009850511737248_0.9119114079667052_SIZE_1_1.55_3
GEN_9_FIT_0.8940106216287755_0.908027727248155_0.9119114079667052_SIZE_1_2.1_3
GEN_10_FIT_0.8942817143570863_0.90482975550245_0.9119114079667052_SIZE_1_1.9_3
GEN_11_FIT_0.8942871928689328_0.9031386932433323_0.9129827777256252_SIZE_1_1.55_3
GEN_12_FIT_0.8942871928689328_0.8971659063796805_0.9132283097397246_SIZE_1_1.2_3
GEN_13_FIT_0.8942871928689328_0.9002470704475968_0.9132283097397246_SIZE_1_1.4_3
GEN_14_FIT_0.8952994456547756_0.9016233251844163_0.9136777484081352_SIZE_1_1.4_3
GEN_15_FIT_0.8952994456547756_0.9071213208146878_0.9136777484081352_SIZE_1_1.8_3
GEN_16_FIT_0.8952994456547756_0.9009264732591415_0.9138011049938302_SIZE_1_1.45_3
GEN_17_FIT_0.8955172677044662_0.8982672658671833_0.9141289671283821_SIZE_1_1.2_3
GEN_18_FIT_0.8955172677044662_0.8982761947599357_0.9143075449834287_SIZE_1_1.2_3
GEN_19_FIT_0.8955172677044662_0.8982761947599357_0.9143075449834287_SIZE_1_1.2_3
GEN_20_FIT_0.8955172677044662_0.8982761947599357_0.9143075449834287_SIZE_1_1.2_3
Evaluating in sample:
[GEN_20|make_tuple(0.5566479064229347, 28, 6)|0.8955]
[GEN_20|make_tuple(0.6068435721563954, pow(0.0012464376827370223, 0.06542119962483693), 5)|0.9137]
[GEN_20|make_tuple(0.6068435721563954, pow(0.0012464376827370223, 0.06542119962483693), add(5, 0.003578622046214493))|0.9143]
Evaluating out-of-sample:
[GEN_20|make_tuple(0.5566479064229347, 28, 6)|0.9635]
[GEN_20|make_tuple(0.6068435721563954, pow(0.0012464376827370223, 0.06542119962483693), 5)|0.9927]
[GEN_20|make_tuple(0.6068435721563954, pow(0.0012464376827370223, 0.06542119962483693), add(5, 0.003578622046214493))|0.9927]
GEN_21_FIT_0.8955172677044662_0.8992157086238839_0.9143075449834287_SIZE_1_1.3_3
GEN_22_FIT_0.8955172677044662_0.8992157086238839_0.9143075449834287_SIZE_1_1.3_3
GEN_23_FIT_0.8955172677044662_0.8992157086238839_0.9143075449834287_SIZE_1_1.3_3
GEN_24_FIT_0.8955172677044662_0.8992157086238839_0.9143075449834287_SIZE_1_1.3_3
GEN_25_FIT_0.8955172677044662_0.8992157086238839_0.9143075449834287_SIZE_1_1.3_3
GEN_26_FIT_0.8955172677044662_0.8992157086238839_0.9143075449834287_SIZE_1_1.3_3
GEN_27_FIT_0.8955172677044662_0.8992157086238839_0.9143075449834287_SIZE_1_1.3_3
GEN_28_FIT_0.8955172677044662_0.8992157086238839_0.9143075449834287_SIZE_1_1.3_3
GEN_29_FIT_0.8955172677044662_0.8992157086238839_0.9143075449834287_SIZE_1_1.3_3
GEN_30_FIT_0.8955172677044662_0.9055899584634968_0.9143075449834287_SIZE_1_1.75_3
GEN_31_FIT_0.8957006249064164_0.9112482415581897_0.9143075449834287_SIZE_1_2.25_3
GEN_32_FIT_0.8957006249064164_0.9123872384393528_0.9143075449834287_SIZE_1_2.7_3
GEN_33_FIT_0.8957006249064164_0.9123872384393528_0.9143075449834287_SIZE_1_2.7_3
GEN_34_FIT_0.8957006249064164_0.9123872384393528_0.9143075449834287_SIZE_1_2.7_3
GEN_35_FIT_0.8957006249064164_0.9123872384393528_0.9143075449834287_SIZE_1_2.7_3
GEN_36_FIT_0.8957006249064164_0.9123872384393528_0.9143075449834287_SIZE_1_2.7_3
GEN_37_FIT_0.8957006249064164_0.9123877717782805_0.9143182117619832_SIZE_1_2.75_4
GEN_38_FIT_0.8957006249064164_0.9112211009846408_0.9143182117619832_SIZE_1_2.45_4
GEN_39_FIT_0.8957006249064164_0.9040167910993357_0.9143182117619832_SIZE_1_2.05_4
GEN_40_FIT_0.8957006249064164_0.9012241530710009_0.9143182117619832_SIZE_1_1.6_4
Evaluating in sample:
[GEN_40|make_tuple(0.5067160109826532, 28, 6)|0.8957]
[GEN_40|make_tuple(0.6068435721563954, pow(0.0012464376827370223, 0.06542119962483693), 5)|0.9137]
[GEN_40|make_tuple(0.6068435721563954, pow(0.0012464376827370223, 0.06542119962483693), add(5, 0.003578622046214493))|0.9143]
[GEN_40|make_tuple(add(0.0010736687753381431, 0.6068435721563954), pow(0.0012464376827370223, 0.06542119962483693), add(5, 0.003578622046214493))|0.9143]
Evaluating out-of-sample:
[GEN_40|make_tuple(0.5067160109826532, 28, 6)|0.9634]
[GEN_40|make_tuple(0.6068435721563954, pow(0.0012464376827370223, 0.06542119962483693), 5)|0.9927]
[GEN_40|make_tuple(0.6068435721563954, pow(0.0012464376827370223, 0.06542119962483693), add(5, 0.003578622046214493))|0.9927]
[GEN_40|make_tuple(add(0.0010736687753381431, 0.6068435721563954), pow(0.0012464376827370223, 0.06542119962483693), add(5, 0.003578622046214493))|0.9927]
GEN_41_FIT_0.8957006249064164_0.9012241530710009_0.9143182117619832_SIZE_1_1.6_4
GEN_42_FIT_0.8957006249064164_0.9012241530710009_0.9143182117619832_SIZE_1_1.6_4
GEN_43_FIT_0.8957006249064164_0.9012241530710009_0.9143182117619832_SIZE_1_1.6_4
GEN_44_FIT_0.8957006249064164_0.9012241530710009_0.9143182117619832_SIZE_1_1.6_4
GEN_45_FIT_0.8957006249064164_0.9012241530710009_0.9143182117619832_SIZE_1_1.6_4
GEN_46_FIT_0.8957006249064164_0.9012241530710009_0.9143182117619832_SIZE_1_1.6_4
GEN_47_FIT_0.8957006249064164_0.9012241530710009_0.9143182117619832_SIZE_1_1.6_4
GEN_48_FIT_0.8957006249064164_0.9012241530710009_0.9143182117619832_SIZE_1_1.6_4
GEN_49_FIT_0.8957006249064164_0.9012241530710009_0.9143182117619832_SIZE_1_1.6_4
GEN_50_FIT_0.8957006249064164_0.9012241530710009_0.9143182117619832_SIZE_1_1.6_4
GEN_51_FIT_0.8957006249064164_0.9012241530710009_0.9143182117619832_SIZE_1_1.6_4
GEN_52_FIT_0.8957006249064164_0.9012241530710009_0.9143182117619832_SIZE_1_1.6_4
GEN_53_FIT_0.8957006249064164_0.9012241530710009_0.9143182117619832_SIZE_1_1.6_4
GEN_54_FIT_0.8957006249064164_0.9012241530710009_0.9143182117619832_SIZE_1_1.6_4
GEN_55_FIT_0.8957006249064164_0.9002933446336769_0.9143196298710705_SIZE_1_1.45_4
GEN_56_FIT_0.8957006249064164_0.9003250000667885_0.9143196298710705_SIZE_1_1.55_4
GEN_57_FIT_0.8957006249064164_0.9003250000667885_0.9143196298710705_SIZE_1_1.55_4
GEN_58_FIT_0.8957006249064164_0.9003250000667885_0.9143196298710705_SIZE_1_1.55_4
GEN_59_FIT_0.8957006249064164_0.9003250000667885_0.9143196298710705_SIZE_1_1.55_4
GEN_60_FIT_0.8957006249064164_0.901226782722994_0.9143196298710705_SIZE_1_1.6_4
Evaluating in sample:
[GEN_60|make_tuple(0.5067160109826532, 28, 6)|0.8957]
[GEN_60|make_tuple(0.6153929531627415, pow(0.0012464376827370223, 0.06542119962483693), 5)|0.9137]
[GEN_60|make_tuple(0.6068435721563954, pow(0.0012464376827370223, 0.06542119962483693), add(5, 0.003578622046214493))|0.9143]
[GEN_60|make_tuple(add(0.0012754944882556645, 0.6068435721563954), pow(0.0012464376827370223, 0.06542119962483693), add(5, 0.0032406838949328018))|0.9143]
Evaluating out-of-sample:
[GEN_60|make_tuple(0.5067160109826532, 28, 6)|0.9634]
[GEN_60|make_tuple(0.6153929531627415, pow(0.0012464376827370223, 0.06542119962483693), 5)|0.9927]
[GEN_60|make_tuple(0.6068435721563954, pow(0.0012464376827370223, 0.06542119962483693), add(5, 0.003578622046214493))|0.9927]
[GEN_60|make_tuple(add(0.0012754944882556645, 0.6068435721563954), pow(0.0012464376827370223, 0.06542119962483693), add(5, 0.0032406838949328018))|0.9927]
GEN_61_FIT_0.8957006249064164_0.901226782722994_0.9143196298710705_SIZE_1_1.6_4
GEN_62_FIT_0.8957006249064164_0.901226782722994_0.9143196298710705_SIZE_1_1.6_4
GEN_63_FIT_0.8957006249064164_0.901226782722994_0.9143196298710705_SIZE_1_1.6_4
GEN_64_FIT_0.8957006249064164_0.901226782722994_0.9143196298710705_SIZE_1_1.6_4
GEN_65_FIT_0.8957006249064164_0.901226782722994_0.9143196298710705_SIZE_1_1.6_4
GEN_66_FIT_0.8957006249064164_0.8984361892599873_0.9143406057296165_SIZE_1_1.2_3
GEN_67_FIT_0.8957006249064164_0.8984361892599873_0.9143406057296165_SIZE_1_1.2_3
GEN_68_FIT_0.8957006249064164_0.8993681883011473_0.9143406057296165_SIZE_1_1.3_3
GEN_69_FIT_0.8957006249064164_0.8993681883011473_0.9143406057296165_SIZE_1_1.3_3
GEN_70_FIT_0.8957006249064164_0.8993681883011473_0.9143406057296165_SIZE_1_1.3_3
GEN_71_FIT_0.8957006249064164_0.8993681883011473_0.9143406057296165_SIZE_1_1.3_3
GEN_72_FIT_0.8957006249064164_0.8993681883011473_0.9143406057296165_SIZE_1_1.3_3
GEN_73_FIT_0.8957006249064164_0.8993681883011473_0.9143406057296165_SIZE_1_1.3_3
GEN_74_FIT_0.8957006249064164_0.8993681883011473_0.9143406057296165_SIZE_1_1.3_3
GEN_75_FIT_0.8957006249064164_0.8993681883011473_0.9143406057296165_SIZE_1_1.3_3
GEN_76_FIT_0.8957006249064164_0.8993681883011473_0.9143406057296165_SIZE_1_1.3_3
GEN_77_FIT_0.8957006249064164_0.8993681883011473_0.9143406057296165_SIZE_1_1.3_3
GEN_78_FIT_0.8957006249064164_0.8993681883011473_0.9143406057296165_SIZE_1_1.3_3
GEN_79_FIT_0.8957006249064164_0.8993681883011473_0.9143406057296165_SIZE_1_1.3_3
GEN_80_FIT_0.8957006249064164_0.8993681883011473_0.9143406057296165_SIZE_1_1.3_3
Evaluating in sample:
[GEN_80|make_tuple(0.5067160109826532, 28, 6)|0.8957]
[GEN_80|make_tuple(0.6153929531627415, pow(0.0012464376827370223, 0.06542119962483693), 5)|0.9137]
[GEN_80|make_tuple(0.6153929531627415, pow(0.0012464376827370223, 0.06542119962483693), add(5, 0.01830561812055474))|0.9143]
Evaluating out-of-sample:
[GEN_80|make_tuple(0.5067160109826532, 28, 6)|0.9634]
[GEN_80|make_tuple(0.6153929531627415, pow(0.0012464376827370223, 0.06542119962483693), 5)|0.9927]
[GEN_80|make_tuple(0.6153929531627415, pow(0.0012464376827370223, 0.06542119962483693), add(5, 0.01830561812055474))|0.9927]
GEN_81_FIT_0.8957006249064164_0.8993681883011473_0.9143406057296165_SIZE_1_1.3_3
GEN_82_FIT_0.8957006249064164_0.8993681883011473_0.9143406057296165_SIZE_1_1.3_3
GEN_83_FIT_0.8957006249064164_0.8993681883011473_0.9143406057296165_SIZE_1_1.3_3
GEN_84_FIT_0.8957006249064164_0.8993681883011473_0.9143406057296165_SIZE_1_1.3_3
GEN_85_FIT_0.8957006249064164_0.8993681883011473_0.9143406057296165_SIZE_1_1.3_3
GEN_86_FIT_0.8957006249064164_0.8993681883011473_0.9143406057296165_SIZE_1_1.3_3
GEN_87_FIT_0.8957006249064164_0.8993681883011473_0.9143406057296165_SIZE_1_1.3_3
Evaluating in sample:
[GEN_87|make_tuple(0.5067160109826532, 28, 6)|0.8957]
[GEN_87|make_tuple(0.6153929531627415, pow(0.0012464376827370223, 0.06542119962483693), 5)|0.9137]
[GEN_87|make_tuple(0.6153929531627415, pow(0.0012464376827370223, 0.06542119962483693), add(5, 0.01830561812055474))|0.9143]
Evaluating out-of-sample:
[GEN_87|make_tuple(0.5067160109826532, 28, 6)|0.9634]
[GEN_87|make_tuple(0.6153929531627415, pow(0.0012464376827370223, 0.06542119962483693), 5)|0.9927]
[GEN_87|make_tuple(0.6153929531627415, pow(0.0012464376827370223, 0.06542119962483693), add(5, 0.01830561812055474))|0.9927]
Stopped early in iteration 87, no improvement in 20 gens.
START_TASK: 14
GEN_0_FIT_0.8629814734341326_0.8852650822374952_0.9022876959001461_SIZE_1_3.0_8
GEN_1_FIT_0.8766558156493909_0.8959471200149635_0.906019895039397_SIZE_1_2.75_4
GEN_2_FIT_0.8827511791878796_0.8998145300214574_0.906019895039397_SIZE_1_2.45_4
GEN_3_FIT_0.883185819891882_0.8975841023071404_0.9074394492778644_SIZE_1_1.55_4
GEN_4_FIT_0.893531699829001_0.9015528924227368_0.9074394492778644_SIZE_1_1.65_3
GEN_5_FIT_0.893531699829001_0.8981251224830121_0.9096732936311701_SIZE_1_1.3_2
GEN_6_FIT_0.8940405817130842_0.8996056655325434_0.9113838397777846_SIZE_1_1.45_3
GEN_7_FIT_0.8941034814716063_0.8981824632713309_0.9126399106545805_SIZE_1_1.25_3
GEN_8_FIT_0.8952323955095258_0.8961108915534517_0.912802316388041_SIZE_1_1.05_2
GEN_9_FIT_0.8952323955095258_0.8969893875973775_0.912802316388041_SIZE_1_1.1_2
GEN_10_FIT_0.8952323955095258_0.8987693901639233_0.9131869992505236_SIZE_1_1.2_2
GEN_11_FIT_0.8952323955095258_0.906269606514815_0.9131869992505236_SIZE_1_1.75_3
GEN_12_FIT_0.8953175143019375_0.9077812360738307_0.913213780771994_SIZE_1_1.85_3
GEN_13_FIT_0.8955693877667985_0.9114279162542982_0.913213780771994_SIZE_1_2.0_3
GEN_14_FIT_0.8955693877667985_0.9096820724317679_0.9135589088103081_SIZE_1_1.85_3
GEN_15_FIT_0.8926820273397835_0.900629322883448_0.9135589088103081_SIZE_1_1.5_3
GEN_16_FIT_0.8955693877667985_0.8973602267602947_0.9136746467327362_SIZE_1_1.15_3
GEN_17_FIT_0.8955693877667985_0.899151065753791_0.9136746467327362_SIZE_1_1.3_3
GEN_18_FIT_0.8955693877667985_0.8982492790502888_0.9137441716286298_SIZE_1_1.2_3
GEN_19_FIT_0.8955693877667985_0.8991580182433804_0.9137441716286298_SIZE_1_1.3_3
GEN_20_FIT_0.8955693877667985_0.8991580182433804_0.9137441716286298_SIZE_1_1.3_3
Evaluating in sample:
[GEN_20|make_tuple(0.5571840278962541, 8, 6)|0.8956]
[GEN_20|make_tuple(0.6216557475780354, expit(0.5885268960668498), 5)|0.9133]
[GEN_20|make_tuple(0.6198444932215612, expit(add(0.014725226155659311, 0.5829036400089217)), 5)|0.9137]
Evaluating out-of-sample:
[GEN_20|make_tuple(0.5571840278962541, 8, 6)|0.9530]
[GEN_20|make_tuple(0.6216557475780354, expit(0.5885268960668498), 5)|0.9886]
[GEN_20|make_tuple(0.6198444932215612, expit(add(0.014725226155659311, 0.5829036400089217)), 5)|0.9886]
GEN_21_FIT_0.8955693877667985_0.8991580182433804_0.9137441716286298_SIZE_1_1.3_3
GEN_22_FIT_0.8955693877667985_0.899163919876611_0.9137441716286298_SIZE_1_1.3_3
GEN_23_FIT_0.8955693877667985_0.899163919876611_0.9137441716286298_SIZE_1_1.3_3
GEN_24_FIT_0.8955693877667985_0.898255428863127_0.9137491352207805_SIZE_1_1.2_3
GEN_25_FIT_0.8955693877667985_0.8991644162358261_0.9137491352207805_SIZE_1_1.3_3
GEN_26_FIT_0.8955693877667985_0.8991644162358261_0.9137491352207805_SIZE_1_1.3_3
GEN_27_FIT_0.8955693877667985_0.8991644162358261_0.9137491352207805_SIZE_1_1.3_3
GEN_28_FIT_0.8955693877667985_0.8991644162358261_0.9137491352207805_SIZE_1_1.3_3
GEN_29_FIT_0.8955693877667985_0.8991644162358261_0.9137491352207805_SIZE_1_1.3_3
GEN_30_FIT_0.8955693877667985_0.8991644162358261_0.9137491352207805_SIZE_1_1.3_3
GEN_31_FIT_0.8955693877667985_0.8991644162358261_0.9137491352207805_SIZE_1_1.3_3
GEN_32_FIT_0.8955693877667985_0.9072203876042325_0.9137491352207805_SIZE_1_2.05_4
GEN_33_FIT_0.8955693877667985_0.9098732976823689_0.9139277131837983_SIZE_1_1.95_3
GEN_34_FIT_0.8957933018186588_0.9116146520936846_0.9139277131837983_SIZE_1_1.95_3
GEN_35_FIT_0.8957933018186588_0.9081065235433805_0.9139516349154536_SIZE_1_1.75_3
GEN_36_FIT_0.8957933018186588_0.8993668119136581_0.9139516349154536_SIZE_1_1.3_3
GEN_37_FIT_0.8957933018186588_0.898472562213421_0.914224974007506_SIZE_1_1.2_3
GEN_38_FIT_0.8957933018186588_0.8985279472527253_0.914224974007506_SIZE_1_1.25_3
GEN_39_FIT_0.8957933018186588_0.8994194254679069_0.914224974007506_SIZE_1_1.3_3
GEN_40_FIT_0.8957933018186588_0.8994194254679069_0.914224974007506_SIZE_1_1.3_3
Evaluating in sample:
[GEN_40|make_tuple(0.5068628781474964, 7, 6)|0.8958]
[GEN_40|make_tuple(0.6162080058851289, expit(0.5968595662398023), 5)|0.9136]
[GEN_40|make_tuple(0.6162080058851289, expit(0.5968595662398023), add(0.008945864149640598, 5))|0.9142]
Evaluating out-of-sample:
[GEN_40|make_tuple(0.5068628781474964, 7, 6)|0.9524]
[GEN_40|make_tuple(0.6162080058851289, expit(0.5968595662398023), 5)|0.9886]
[GEN_40|make_tuple(0.6162080058851289, expit(0.5968595662398023), add(0.008945864149640598, 5))|0.9886]
GEN_41_FIT_0.8957933018186588_0.8994194254679069_0.914224974007506_SIZE_1_1.3_3
GEN_42_FIT_0.8957933018186588_0.8985292273665385_0.914224974007506_SIZE_1_1.25_3
GEN_43_FIT_0.8957933018186588_0.897609902837045_0.9142701556064845_SIZE_1_1.15_3
GEN_44_FIT_0.8957933018186588_0.899426503855431_0.9142701556064845_SIZE_1_1.3_3
GEN_45_FIT_0.8957933018186588_0.899426503855431_0.9142701556064845_SIZE_1_1.3_3
GEN_46_FIT_0.8957933018186588_0.899426503855431_0.9142701556064845_SIZE_1_1.3_3
GEN_47_FIT_0.8957933018186588_0.899426503855431_0.9142701556064845_SIZE_1_1.3_3
GEN_48_FIT_0.8957933018186588_0.899426503855431_0.9142701556064845_SIZE_1_1.3_3
GEN_49_FIT_0.8957933018186588_0.899426503855431_0.9142701556064845_SIZE_1_1.3_3
GEN_50_FIT_0.8957933018186588_0.899426503855431_0.9142701556064845_SIZE_1_1.3_3
GEN_51_FIT_0.8957933018186588_0.899426503855431_0.9142701556064845_SIZE_1_1.3_3
GEN_52_FIT_0.8957933018186588_0.899426503855431_0.9142701556064845_SIZE_1_1.3_3
GEN_53_FIT_0.8957933018186588_0.899426503855431_0.9142701556064845_SIZE_1_1.3_3
GEN_54_FIT_0.8957933018186588_0.899426503855431_0.9142701556064845_SIZE_1_1.3_3
GEN_55_FIT_0.8957933018186588_0.899426503855431_0.9142701556064845_SIZE_1_1.3_3
GEN_56_FIT_0.8957933018186588_0.899426503855431_0.9142701556064845_SIZE_1_1.3_3
GEN_57_FIT_0.8957933018186588_0.899426503855431_0.9142701556064845_SIZE_1_1.3_3
GEN_58_FIT_0.8957933018186588_0.899426503855431_0.9142701556064845_SIZE_1_1.3_3
GEN_59_FIT_0.8957933018186588_0.899426503855431_0.9142701556064845_SIZE_1_1.3_3
GEN_60_FIT_0.8957933018186588_0.899426503855431_0.9142701556064845_SIZE_1_1.3_3
Evaluating in sample:
[GEN_60|make_tuple(0.5068628781474964, 7, 6)|0.8958]
[GEN_60|make_tuple(0.6162080058851289, expit(0.6040554450092229), 5)|0.9136]
[GEN_60|make_tuple(0.6162080058851289, expit(0.6040554450092229), add(0.008945864149640598, 5))|0.9143]
Evaluating out-of-sample:
[GEN_60|make_tuple(0.5068628781474964, 7, 6)|0.9524]
[GEN_60|make_tuple(0.6162080058851289, expit(0.6040554450092229), 5)|0.9886]
[GEN_60|make_tuple(0.6162080058851289, expit(0.6040554450092229), add(0.008945864149640598, 5))|0.9886]
GEN_61_FIT_0.8957933018186588_0.899426503855431_0.9142701556064845_SIZE_1_1.3_3
GEN_62_FIT_0.8957933018186588_0.899426503855431_0.9142701556064845_SIZE_1_1.3_3
GEN_63_FIT_0.8957933018186588_0.899426503855431_0.9142701556064845_SIZE_1_1.3_3
GEN_64_FIT_0.8957933018186588_0.899426503855431_0.9142701556064845_SIZE_1_1.3_3
Evaluating in sample:
[GEN_64|make_tuple(0.5068628781474964, 7, 6)|0.8958]
[GEN_64|make_tuple(0.6162080058851289, expit(0.6040554450092229), 5)|0.9136]
[GEN_64|make_tuple(0.6162080058851289, expit(0.6040554450092229), add(0.008945864149640598, 5))|0.9143]
Evaluating out-of-sample:
[GEN_64|make_tuple(0.5068628781474964, 7, 6)|0.9524]
[GEN_64|make_tuple(0.6162080058851289, expit(0.6040554450092229), 5)|0.9886]
[GEN_64|make_tuple(0.6162080058851289, expit(0.6040554450092229), add(0.008945864149640598, 5))|0.9886]
Stopped early in iteration 64, no improvement in 20 gens.
START_TASK: 15
GEN_0_FIT_0.869213685405627_0.8820304501549472_0.9014918718918314_SIZE_1_3.05_9
GEN_1_FIT_0.8822792603137748_0.8941366527040217_0.9054629809624942_SIZE_1_3.55_9
GEN_2_FIT_0.8823320947508514_0.8974697295781292_0.9060342863840118_SIZE_1_3.8_8
GEN_3_FIT_0.8866871305675831_0.9006232546375849_0.9069570734178549_SIZE_1_3.15_7
GEN_4_FIT_0.887712569712215_0.9031856551123429_0.9090454828923115_SIZE_1_3.3_6
GEN_5_FIT_0.8884286802882118_0.9023587193823438_0.9093982995179194_SIZE_1_2.9_6
GEN_6_FIT_0.8940189855677676_0.8982852365557974_0.9109542899424079_SIZE_1_1.4_3
GEN_7_FIT_0.8951254763426073_0.9029767987462609_0.9110003684042539_SIZE_1_1.9_4
GEN_8_FIT_0.8952542405497809_0.9046858721993812_0.9123356457772996_SIZE_1_2.05_4
GEN_9_FIT_0.8953850274609292_0.9025647039477207_0.9123356457772996_SIZE_1_1.7_4
GEN_10_FIT_0.8955969815249083_0.8972241590750569_0.9123360489807922_SIZE_1_1.15_3
GEN_11_FIT_0.8955969815249083_0.8994984152307437_0.9123360489807922_SIZE_1_1.4_3
GEN_12_FIT_0.8955969815249083_0.9037556568664018_0.9123360489807922_SIZE_1_1.85_4
GEN_13_FIT_0.8955969815249083_0.9005033374816953_0.912388829970968_SIZE_1_1.45_3
GEN_14_FIT_0.895656616648644_0.8981414421481704_0.912388829970968_SIZE_1_1.25_3
GEN_15_FIT_0.895656616648644_0.8989530463154644_0.912388829970968_SIZE_1_1.3_3
GEN_16_FIT_0.895656616648644_0.8981238370800364_0.9125368585847344_SIZE_1_1.2_3
GEN_17_FIT_0.895656616648644_0.8981238370800364_0.9125368585847344_SIZE_1_1.2_3
GEN_18_FIT_0.895656616648644_0.8981238370800364_0.9125368585847344_SIZE_1_1.2_3
GEN_19_FIT_0.895656616648644_0.8981238370800364_0.9125368585847344_SIZE_1_1.2_3
GEN_20_FIT_0.895656616648644_0.8973772616024014_0.9136557950429159_SIZE_1_1.15_3
Evaluating in sample:
[GEN_20|make_tuple(0.5571093160353994, 146, 6)|0.8957]
[GEN_20|make_tuple(0.6164912515120415, expit(0.3888237787009478), 5)|0.9121]
[GEN_20|make_tuple(0.6120899588694457, expit(expit(0.3888237787009478)), 5)|0.9137]
Evaluating out-of-sample:
[GEN_20|make_tuple(0.5571093160353994, 146, 6)|0.9425]
[GEN_20|make_tuple(0.6164912515120415, expit(0.3888237787009478), 5)|0.9722]
[GEN_20|make_tuple(0.6120899588694457, expit(expit(0.3888237787009478)), 5)|0.9704]
GEN_21_FIT_0.895656616648644_0.8981907879039781_0.9136557950429159_SIZE_1_1.2_3
GEN_22_FIT_0.895656616648644_0.8990945910922568_0.9136557950429159_SIZE_1_1.3_3
GEN_23_FIT_0.895656616648644_0.9018001497402006_0.9136557950429159_SIZE_1_1.6_3
GEN_24_FIT_0.8956950593342953_0.8974262539989832_0.91394367463283_SIZE_1_1.15_3
GEN_25_FIT_0.8956950593342953_0.8991574486636713_0.91394367463283_SIZE_1_1.3_3
GEN_26_FIT_0.8956950593342953_0.8983387557943416_0.91394367463283_SIZE_1_1.25_3
GEN_27_FIT_0.8956950593342953_0.8991575907245346_0.91394367463283_SIZE_1_1.3_3
GEN_28_FIT_0.8956950593342953_0.8991575907245346_0.91394367463283_SIZE_1_1.3_3
GEN_29_FIT_0.8956950593342953_0.8983643127411213_0.91394367463283_SIZE_1_1.25_3
GEN_30_FIT_0.8956950593342953_0.8983653780425044_0.91394367463283_SIZE_1_1.25_3
GEN_31_FIT_0.8956950593342953_0.8974536516618183_0.9139577623176449_SIZE_1_1.15_3
GEN_32_FIT_0.8956950593342953_0.8974539400280703_0.9139635296426836_SIZE_1_1.15_3
GEN_33_FIT_0.8956950593342953_0.898299397206426_0.9139635296426836_SIZE_1_1.2_3
GEN_34_FIT_0.8956950593342953_0.898299397206426_0.9139635296426836_SIZE_1_1.2_3
GEN_35_FIT_0.8956950593342953_0.8982995374415939_0.9139663343460405_SIZE_1_1.2_3
GEN_36_FIT_0.8956950593342953_0.8982995374415939_0.9139663343460405_SIZE_1_1.2_3
GEN_37_FIT_0.8956950593342953_0.8992131011921811_0.9139663343460405_SIZE_1_1.3_3
GEN_38_FIT_0.8956950593342953_0.8992131011921811_0.9139663343460405_SIZE_1_1.3_3
GEN_39_FIT_0.8956950593342953_0.9035242250019611_0.9139663343460405_SIZE_1_1.65_3
GEN_40_FIT_0.8956950593342953_0.9116482232673885_0.9139663343460405_SIZE_1_2.45_3
Evaluating in sample:
[GEN_40|make_tuple(0.5062829546467164, 9, 6)|0.8958]
[GEN_40|make_tuple(0.6186166382195406, expit(0.5321516942680713), 5)|0.9126]
[GEN_40|make_tuple(0.6186166382195406, expit(expit(0.39900525876989607)), 5)|0.9140]
Evaluating out-of-sample:
[GEN_40|make_tuple(0.5062829546467164, 9, 6)|0.9487]
[GEN_40|make_tuple(0.6186166382195406, expit(0.5321516942680713), 5)|0.9726]
[GEN_40|make_tuple(0.6186166382195406, expit(expit(0.39900525876989607)), 5)|0.9702]
GEN_41_FIT_0.8957944891465695_0.912108162754554_0.9139663343460405_SIZE_1_2.75_3
GEN_42_FIT_0.8928571209110973_0.9073741215284625_0.9139709180075295_SIZE_1_2.2_3
GEN_43_FIT_0.8956402519431695_0.9028892210999973_0.9139709180075295_SIZE_1_1.6_3
GEN_44_FIT_0.8957944891465695_0.8993473424095342_0.9139709180075295_SIZE_1_1.3_3
GEN_45_FIT_0.8957944891465695_0.8993473424095342_0.9139709180075295_SIZE_1_1.3_3
GEN_46_FIT_0.8957944891465695_0.8993473424095342_0.9139709180075295_SIZE_1_1.3_3
GEN_47_FIT_0.8957944891465695_0.8993473424095342_0.9139709180075295_SIZE_1_1.3_3
GEN_48_FIT_0.8957944891465695_0.8984926899495994_0.9139709180075295_SIZE_1_1.25_3
GEN_49_FIT_0.8957944891465695_0.902891012800362_0.9139709180075295_SIZE_1_1.6_3
GEN_50_FIT_0.8957944891465695_0.9011681561215367_0.9140262133096765_SIZE_1_1.45_3
GEN_51_FIT_0.8957944891465695_0.8993883851753937_0.9140262133096765_SIZE_1_1.3_3
GEN_52_FIT_0.8958119589899128_0.8985420424334183_0.9140262133096765_SIZE_1_1.25_3
GEN_53_FIT_0.8958119589899128_0.8985678306446351_0.9145830716231902_SIZE_1_1.2_3
GEN_54_FIT_0.8958119589899128_0.8985678306446351_0.9145830716231902_SIZE_1_1.2_3
GEN_55_FIT_0.8958119589899128_0.899506386276299_0.9145830716231902_SIZE_1_1.3_3
GEN_56_FIT_0.8958119589899128_0.899506386276299_0.9145830716231902_SIZE_1_1.3_3
GEN_57_FIT_0.8958119589899128_0.8985682903299275_0.9145922653290378_SIZE_1_1.2_3
GEN_58_FIT_0.8958119589899128_0.8995073056468839_0.9145922653290378_SIZE_1_1.3_3
GEN_59_FIT_0.8958119589899128_0.8995073056468839_0.9145922653290378_SIZE_1_1.3_3
GEN_60_FIT_0.8958119589899128_0.8995073056468839_0.9145922653290378_SIZE_1_1.3_3
Evaluating in sample:
[GEN_60|make_tuple(0.5065077868742855, 230, 6)|0.8958]
[GEN_60|make_tuple(0.6186166382195406, expit(0.6000874188547458), 5)|0.9140]
[GEN_60|make_tuple(0.6186166382195406, expit(0.6000874188547458), add(0.008733752751926803, 5))|0.9146]
Evaluating out-of-sample:
[GEN_60|make_tuple(0.5065077868742855, 230, 6)|0.9487]
[GEN_60|make_tuple(0.6186166382195406, expit(0.6000874188547458), 5)|0.9700]
[GEN_60|make_tuple(0.6186166382195406, expit(0.6000874188547458), add(0.008733752751926803, 5))|0.9700]
GEN_61_FIT_0.8958119589899128_0.8995073056468839_0.9145922653290378_SIZE_1_1.3_3
GEN_62_FIT_0.8958119589899128_0.8995073056468839_0.9145922653290378_SIZE_1_1.3_3
GEN_63_FIT_0.8958119589899128_0.8995073056468839_0.9145922653290378_SIZE_1_1.3_3
GEN_64_FIT_0.8958119589899128_0.8995073056468839_0.9145922653290378_SIZE_1_1.3_3
GEN_65_FIT_0.8958119589899128_0.8995073056468839_0.9145922653290378_SIZE_1_1.3_3
GEN_66_FIT_0.8958119589899128_0.8995073056468839_0.9145922653290378_SIZE_1_1.3_3
GEN_67_FIT_0.8958119589899128_0.8995073056468839_0.9145922653290378_SIZE_1_1.3_3
GEN_68_FIT_0.8958119589899128_0.8995073056468839_0.9145922653290378_SIZE_1_1.3_3
GEN_69_FIT_0.8958119589899128_0.8995073056468839_0.9145922653290378_SIZE_1_1.3_3
GEN_70_FIT_0.8958119589899128_0.8995073056468839_0.9145922653290378_SIZE_1_1.3_3
GEN_71_FIT_0.8958119589899128_0.8995073056468839_0.9145922653290378_SIZE_1_1.3_3
GEN_72_FIT_0.8958119589899128_0.8995073056468839_0.9145922653290378_SIZE_1_1.3_3
GEN_73_FIT_0.8958119589899128_0.8995073056468839_0.9145922653290378_SIZE_1_1.3_3
GEN_74_FIT_0.8958119589899128_0.8995073056468839_0.9145922653290378_SIZE_1_1.3_3
GEN_75_FIT_0.8958119589899128_0.8995073056468839_0.9145922653290378_SIZE_1_1.3_3
GEN_76_FIT_0.8958119589899128_0.8995073056468839_0.9145922653290378_SIZE_1_1.3_3
GEN_77_FIT_0.8958119589899128_0.8995073056468839_0.9145922653290378_SIZE_1_1.3_3
GEN_78_FIT_0.8958119589899128_0.8995073056468839_0.9145922653290378_SIZE_1_1.3_3
Evaluating in sample:
[GEN_78|make_tuple(0.5065077868742855, 230, 6)|0.8958]
[GEN_78|make_tuple(0.6186166382195406, expit(0.6000874188547458), 5)|0.9140]
[GEN_78|make_tuple(0.6186166382195406, expit(0.6000874188547458), add(0.008733752751926803, 5))|0.9146]
Evaluating out-of-sample:
[GEN_78|make_tuple(0.5065077868742855, 230, 6)|0.9487]
[GEN_78|make_tuple(0.6186166382195406, expit(0.6000874188547458), 5)|0.9700]
[GEN_78|make_tuple(0.6186166382195406, expit(0.6000874188547458), add(0.008733752751926803, 5))|0.9700]
Stopped early in iteration 78, no improvement in 20 gens.
START_TASK: 16
GEN_0_FIT_0.8666697502817851_0.8803274384630762_0.9029264287852836_SIZE_1_1.85_4
GEN_1_FIT_0.8790653303126376_0.8959042579228003_0.9090341513674727_SIZE_1_2.35_4
GEN_2_FIT_0.8858147990633493_0.902217209035955_0.9102984538007317_SIZE_1_2.1_4
GEN_3_FIT_0.8867606139618057_0.9042179788089308_0.9102984538007317_SIZE_1_1.95_4
GEN_4_FIT_0.8899258467891503_0.9021589773746828_0.9109416509270422_SIZE_1_1.75_3
GEN_5_FIT_0.8899731121829344_0.8941472699526782_0.9109416509270422_SIZE_1_1.25_3
GEN_6_FIT_0.8902950624667196_0.9056507400755148_0.9111658981024879_SIZE_1_2.05_4
GEN_7_FIT_0.893454323363884_0.9092378991911095_0.9111658981024879_SIZE_1_2.05_3
GEN_8_FIT_0.893454323363884_0.9067792542571738_0.9117610913277813_SIZE_1_2.25_3
GEN_9_FIT_0.8949035355050949_0.9096063022529624_0.9117610913277813_SIZE_1_2.25_3
GEN_10_FIT_0.8952889190108164_0.9096195044891591_0.9119919840192486_SIZE_1_1.95_3
GEN_11_FIT_0.8952889190108164_0.9057741726037551_0.9119919840192486_SIZE_1_1.85_3
GEN_12_FIT_0.8956817538651097_0.9106808209614854_0.9119919840192486_SIZE_1_2.3_3
GEN_13_FIT_0.8956817538651097_0.9103551917511998_0.9124480609341247_SIZE_1_2.8_4
GEN_14_FIT_0.8699066281159703_0.9057374038522855_0.9124480609341247_SIZE_1_2.25_4
GEN_15_FIT_0.8956817538651097_0.9023140934405705_0.9124646048474024_SIZE_1_1.85_4
GEN_16_FIT_0.8956817538651097_0.9014277615523894_0.9124646048474024_SIZE_1_1.55_4
GEN_17_FIT_0.8957580624764814_0.907081086543627_0.9124646048474024_SIZE_1_2.05_4
GEN_18_FIT_0.8957580624764814_0.9078608249534735_0.9126461815147789_SIZE_1_1.95_3
GEN_19_FIT_0.8957580624764814_0.9048153552482084_0.9126461815147789_SIZE_1_1.85_3
GEN_20_FIT_0.8958192473276186_0.9022094227988712_0.912689125540183_SIZE_1_1.45_3
Evaluating in sample:
[GEN_20|make_tuple(0.5057712245102762, 54, 6)|0.8958]
[GEN_20|make_tuple(0.7820088776918505, expit(0.5958293567604613), 5)|0.9117]
[GEN_20|make_tuple(0.7820088776918505, expit(0.5958293567604613), add(0.005379540632326559, 5))|0.9127]
Evaluating out-of-sample:
[GEN_20|make_tuple(0.5057712245102762, 54, 6)|0.9410]
[GEN_20|make_tuple(0.7820088776918505, expit(0.5958293567604613), 5)|0.9901]
[GEN_20|make_tuple(0.7820088776918505, expit(0.5958293567604613), add(0.005379540632326559, 5))|0.9901]
GEN_21_FIT_0.8958192473276186_0.8990910013090536_0.912689125540183_SIZE_1_1.3_3
GEN_22_FIT_0.8958192473276186_0.8990910013090536_0.912689125540183_SIZE_1_1.3_3
GEN_23_FIT_0.8958192473276186_0.8990910013090536_0.912689125540183_SIZE_1_1.3_3
GEN_24_FIT_0.8958192473276186_0.9031029786231624_0.912689125540183_SIZE_1_1.65_4
GEN_25_FIT_0.8958192473276186_0.9095965487502852_0.912689125540183_SIZE_1_2.2_4
GEN_26_FIT_0.8958192473276186_0.9058535075724924_0.913511007327025_SIZE_1_2.05_3
GEN_27_FIT_0.8958427072234644_0.8984182810699739_0.913511007327025_SIZE_1_1.25_3
GEN_28_FIT_0.8958427072234644_0.9017524350990778_0.913511007327025_SIZE_1_1.55_3
GEN_29_FIT_0.8958427072234644_0.9061841553117189_0.913511007327025_SIZE_1_2.05_3
GEN_30_FIT_0.8958756204405779_0.9115290379312209_0.9136226633253179_SIZE_1_2.7_4
GEN_31_FIT_0.8957268040940634_0.9096229529649268_0.9136317889025319_SIZE_1_2.4_4
GEN_32_FIT_0.8957268040940634_0.9037752040118079_0.9136317889025319_SIZE_1_1.85_4
GEN_33_FIT_0.8958756204405779_0.8967660438627112_0.913684088883247_SIZE_1_1.05_2
GEN_34_FIT_0.8958756204405779_0.8976564672848447_0.913684088883247_SIZE_1_1.1_2
GEN_35_FIT_0.8958756204405779_0.8976564672848447_0.913684088883247_SIZE_1_1.1_2
GEN_36_FIT_0.8958756204405779_0.8976564672848447_0.913684088883247_SIZE_1_1.1_2
GEN_37_FIT_0.8958756204405779_0.8976564672848447_0.913684088883247_SIZE_1_1.1_2
GEN_38_FIT_0.8958756204405779_0.8976564672848447_0.913684088883247_SIZE_1_1.1_2
GEN_39_FIT_0.8958756204405779_0.8976564672848447_0.913684088883247_SIZE_1_1.1_2
GEN_40_FIT_0.8958756204405779_0.8976564672848447_0.913684088883247_SIZE_1_1.1_2
Evaluating in sample:
[GEN_40|make_tuple(0.5065841513198563, 54, 6)|0.8959]
[GEN_40|make_tuple(0.6129367009072072, expit(0.5977359073991264), 5)|0.9137]
Evaluating out-of-sample:
[GEN_40|make_tuple(0.5065841513198563, 54, 6)|0.9410]
[GEN_40|make_tuple(0.6129367009072072, expit(0.5977359073991264), 5)|0.9883]
GEN_41_FIT_0.8958756204405779_0.8976564672848447_0.913684088883247_SIZE_1_1.1_2
GEN_42_FIT_0.8958756204405779_0.8976564672848447_0.913684088883247_SIZE_1_1.1_2
GEN_43_FIT_0.8958756204405779_0.8976564672848447_0.913684088883247_SIZE_1_1.1_2
GEN_44_FIT_0.8958756204405779_0.8976564672848447_0.913684088883247_SIZE_1_1.1_2
GEN_45_FIT_0.8958756204405779_0.8994199094373064_0.913684088883247_SIZE_1_1.2_2
GEN_46_FIT_0.8958756204405779_0.9020750340368752_0.913684088883247_SIZE_1_1.4_3
GEN_47_FIT_0.8958882106903163_0.9038963558771351_0.913684088883247_SIZE_1_1.5_3
GEN_48_FIT_0.8958882106903163_0.911904501063954_0.913684088883247_SIZE_1_1.9_2
GEN_49_FIT_0.8957403713399622_0.9092318453429267_0.9137664483918451_SIZE_1_1.75_2
GEN_50_FIT_0.8957403713399622_0.9021415588545028_0.9143697453070737_SIZE_1_1.45_3
GEN_51_FIT_0.8958882106903163_0.899524187922145_0.9143697453070737_SIZE_1_1.3_3
GEN_52_FIT_0.8958882106903163_0.899524187922145_0.9143697453070737_SIZE_1_1.3_3
GEN_53_FIT_0.8958882106903163_0.899524187922145_0.9143697453070737_SIZE_1_1.3_3
GEN_54_FIT_0.8958882106903163_0.899524187922145_0.9143697453070737_SIZE_1_1.3_3
GEN_55_FIT_0.8958882106903163_0.9004492499678118_0.9143894516036537_SIZE_1_1.45_4
GEN_56_FIT_0.8958882106903163_0.9004492499678118_0.9143894516036537_SIZE_1_1.45_4
GEN_57_FIT_0.8958882106903163_0.9004492499678118_0.9143894516036537_SIZE_1_1.45_4
GEN_58_FIT_0.8958882106903163_0.8995568055316779_0.9143894516036537_SIZE_1_1.4_4
GEN_59_FIT_0.8958882106903163_0.9004521848656968_0.9143894516036537_SIZE_1_1.45_4
GEN_60_FIT_0.8958882106903163_0.9004521848656968_0.9143894516036537_SIZE_1_1.45_4
Evaluating in sample:
[GEN_60|make_tuple(0.5069098620880024, 205, 6)|0.8959]
[GEN_60|make_tuple(0.616142759323615, expit(0.6000994886733093), 5)|0.9138]
[GEN_60|make_tuple(0.616142759323615, expit(0.5977359073991264), add(5, 0.003194862101178404))|0.9144]
[GEN_60|make_tuple(0.616142759323615, expit(add(0.5977359073991264, 0.0028544445894971267)), add(5, 0.003194862101178404))|0.9144]
Evaluating out-of-sample:
[GEN_60|make_tuple(0.5069098620880024, 205, 6)|0.9410]
[GEN_60|make_tuple(0.616142759323615, expit(0.6000994886733093), 5)|0.9884]
[GEN_60|make_tuple(0.616142759323615, expit(0.5977359073991264), add(5, 0.003194862101178404))|0.9885]
[GEN_60|make_tuple(0.616142759323615, expit(add(0.5977359073991264, 0.0028544445894971267)), add(5, 0.003194862101178404))|0.9885]
GEN_61_FIT_0.8958882106903163_0.9013772469113637_0.9143894516036537_SIZE_1_1.6_4
GEN_62_FIT_0.8958882106903163_0.9013772469113637_0.9143894516036537_SIZE_1_1.6_4
GEN_63_FIT_0.8958882106903163_0.8986046501811458_0.9144018271461504_SIZE_1_1.2_3
GEN_64_FIT_0.8958882106903163_0.8986046501811458_0.9144018271461504_SIZE_1_1.2_3
GEN_65_FIT_0.8958882106903163_0.8995303310039375_0.9144018271461504_SIZE_1_1.3_3
GEN_66_FIT_0.8958882106903163_0.8995303310039375_0.9144018271461504_SIZE_1_1.3_3
GEN_67_FIT_0.8958882106903163_0.8995303310039375_0.9144018271461504_SIZE_1_1.3_3
GEN_68_FIT_0.8958882106903163_0.8995303310039375_0.9144018271461504_SIZE_1_1.3_3
GEN_69_FIT_0.8958882106903163_0.8995303310039375_0.9144018271461504_SIZE_1_1.3_3
GEN_70_FIT_0.8958882106903163_0.8995303310039375_0.9144018271461504_SIZE_1_1.3_3
GEN_71_FIT_0.8958882106903163_0.8995303310039375_0.9144018271461504_SIZE_1_1.3_3
GEN_72_FIT_0.8958882106903163_0.8995303310039375_0.9144018271461504_SIZE_1_1.3_3
GEN_73_FIT_0.8958882106903163_0.8995303310039375_0.9144018271461504_SIZE_1_1.3_3
GEN_74_FIT_0.8958882106903163_0.8995303310039375_0.9144018271461504_SIZE_1_1.3_3
GEN_75_FIT_0.8958882106903163_0.8995303310039375_0.9144018271461504_SIZE_1_1.3_3
GEN_76_FIT_0.8958882106903163_0.8995303310039375_0.9144018271461504_SIZE_1_1.3_3
GEN_77_FIT_0.8958882106903163_0.8995303310039375_0.9144018271461504_SIZE_1_1.3_3
GEN_78_FIT_0.8958882106903163_0.8995303310039375_0.9144018271461504_SIZE_1_1.3_3
GEN_79_FIT_0.8958882106903163_0.8995303310039375_0.9144018271461504_SIZE_1_1.3_3
GEN_80_FIT_0.8958882106903163_0.8995303310039375_0.9144018271461504_SIZE_1_1.3_3
Evaluating in sample:
[GEN_80|make_tuple(0.5069098620880024, 205, 6)|0.8959]
[GEN_80|make_tuple(0.616142759323615, expit(0.6000994886733093), 5)|0.9138]
[GEN_80|make_tuple(0.616142759323615, expit(0.6000994886733093), add(5, 0.003194862101178404))|0.9144]
Evaluating out-of-sample:
[GEN_80|make_tuple(0.5069098620880024, 205, 6)|0.9410]
[GEN_80|make_tuple(0.616142759323615, expit(0.6000994886733093), 5)|0.9884]
[GEN_80|make_tuple(0.616142759323615, expit(0.6000994886733093), add(5, 0.003194862101178404))|0.9885]
GEN_81_FIT_0.8958882106903163_0.8995303310039375_0.9144018271461504_SIZE_1_1.3_3
GEN_82_FIT_0.8958882106903163_0.8995303310039375_0.9144018271461504_SIZE_1_1.3_3
GEN_83_FIT_0.8958882106903163_0.8995303310039375_0.9144018271461504_SIZE_1_1.3_3
GEN_84_FIT_0.8958882106903163_0.8995303310039375_0.9144018271461504_SIZE_1_1.3_3
Evaluating in sample:
[GEN_84|make_tuple(0.5069098620880024, 205, 6)|0.8959]
[GEN_84|make_tuple(0.616142759323615, expit(0.6000994886733093), 5)|0.9138]
[GEN_84|make_tuple(0.616142759323615, expit(0.6000994886733093), add(5, 0.003194862101178404))|0.9144]
Evaluating out-of-sample:
[GEN_84|make_tuple(0.5069098620880024, 205, 6)|0.9410]
[GEN_84|make_tuple(0.616142759323615, expit(0.6000994886733093), 5)|0.9884]
[GEN_84|make_tuple(0.616142759323615, expit(0.6000994886733093), add(5, 0.003194862101178404))|0.9885]
Stopped early in iteration 84, no improvement in 20 gens.
START_TASK: 18
