Starting problem: mlr_knn
param:age_regularization:100000.0
param:algorithm:mupluslambda
param:constants_only:True
param:cxpb:0.25
param:early_stop_n:20
param:lambda_:100
param:max_number_operators:None
param:max_start_size:2
param:mu:20
param:ngen:300
param:optimize_constants:False
param:output_file:/home/gijsbers/symbolicdefaults/runs/mlr_knn_True_14.log
param:problem:mlr_knn
param:subset:1.0
param:task:None
param:warm_start:False
Benchmark problems: mlr_knn
Loading surrogates from file.
START_TASK: 3
GEN_0_FIT_0.6653199834902711_0.6975882535381845_0.7322956654397643_SIZE_1_3.3_14
GEN_1_FIT_0.7175129683997893_0.73268842291132_0.7573063228941406_SIZE_1_2.65_11
GEN_2_FIT_0.7446933184501306_0.7533219838674976_0.7573063228941406_SIZE_1_4.6_12
GEN_3_FIT_0.7530752703249242_0.7571519562467334_0.7645595405592012_SIZE_1_5.9_11
GEN_4_FIT_0.7577095508817332_0.7619076424700157_0.7692641196518663_SIZE_1_4.5_10
GEN_5_FIT_0.758326336905595_0.7644370904681324_0.7697306231349581_SIZE_1_4.5_11
GEN_6_FIT_0.7588107377035549_0.766318311998003_0.7697306231349581_SIZE_1_3.85_11
GEN_7_FIT_0.7684940332402385_0.7696772443224862_0.7709243462662793_SIZE_1_2.3_6
GEN_8_FIT_0.7702896649453387_0.7705518163964962_0.7709243462662793_SIZE_1_2.6_6
GEN_9_FIT_0.7706856036815918_0.7708519054301683_0.770962578409881_SIZE_1_2.5_6
GEN_10_FIT_0.770869752908584_0.7709292862290933_0.7710795479411626_SIZE_1_1.25_4
GEN_11_FIT_0.7709243462662793_0.7710074465932306_0.7711861078082219_SIZE_1_1.6_4
GEN_12_FIT_0.7710795479411626_0.771143866395285_0.771256455126887_SIZE_1_1.2_3
GEN_13_FIT_0.7711861078082219_0.7712034519677147_0.771256455126887_SIZE_1_1.4_3
GEN_14_FIT_0.7712075732919594_0.7712474640662053_0.7712649494444923_SIZE_1_2.4_4
GEN_15_FIT_0.7712163265100815_0.7712604601701286_0.7713122163459442_SIZE_1_1.75_4
GEN_16_FIT_0.7712579041226247_0.7712794130723768_0.7713122163459442_SIZE_1_1.7_5
GEN_17_FIT_0.7712649494444923_0.7712937600665851_0.7713122163459442_SIZE_1_1.6_4
GEN_18_FIT_0.7712938556195111_0.771316665766592_0.771604838687581_SIZE_1_1.45_3
GEN_19_FIT_0.7712938556195111_0.7713887994507725_0.7716797597965959_SIZE_1_1.45_3
GEN_20_FIT_0.7713652583547667_0.7716139779522987_0.7717022428816992_SIZE_1_1.65_3
Evaluating in sample:
[GEN_20|make_tuple(9, 29, 188, 311)|0.7717]
Evaluating out-of-sample:
[GEN_20|make_tuple(9, 29, 188, 311)|0.8880]
GEN_21_FIT_0.771618925606049_0.7716759433475554_0.7717022428816992_SIZE_1_1.6_3
GEN_22_FIT_0.7716827053745515_0.7717001872122277_0.7717783545351533_SIZE_1_1.2_3
GEN_23_FIT_0.7717022428816992_0.7717098540470447_0.7717783545351533_SIZE_1_1.2_3
GEN_24_FIT_0.7717022428816992_0.7717449709989967_0.7719122422511318_SIZE_1_1.5_3
GEN_25_FIT_0.7717978920423009_0.7718454625268547_0.7719122422511318_SIZE_1_1.4_3
GEN_26_FIT_0.7718198681942031_0.7718840204956373_0.7719122422511318_SIZE_1_1.15_2
GEN_27_FIT_0.7719122422511318_0.7719122422511318_0.7719122422511318_SIZE_1_1.0_1
GEN_28_FIT_0.7719122422511318_0.7719122422511318_0.7719122422511318_SIZE_1_1.0_1
GEN_29_FIT_0.7719122422511318_0.7719122422511318_0.7719122422511318_SIZE_1_1.0_1
GEN_30_FIT_0.7719122422511318_0.7719122422511318_0.7719122422511318_SIZE_1_1.0_1
GEN_31_FIT_0.7719122422511318_0.7719122422511318_0.7719122422511318_SIZE_1_1.0_1
GEN_32_FIT_0.7719122422511318_0.7719122422511318_0.7719122422511318_SIZE_1_1.0_1
GEN_33_FIT_0.7719122422511318_0.7719122422511318_0.7719122422511318_SIZE_1_1.0_1
GEN_34_FIT_0.7719122422511318_0.7719122422511318_0.7719122422511318_SIZE_1_1.0_1
GEN_35_FIT_0.7719122422511318_0.7719122422511318_0.7719122422511318_SIZE_1_1.0_1
GEN_36_FIT_0.7719122422511318_0.7719122422511318_0.7719122422511318_SIZE_1_1.0_1
GEN_37_FIT_0.7719122422511318_0.7719122422511318_0.7719122422511318_SIZE_1_1.0_1
GEN_38_FIT_0.7719122422511318_0.7719122422511318_0.7719122422511318_SIZE_1_1.0_1
GEN_39_FIT_0.7719122422511318_0.7719122422511318_0.7719122422511318_SIZE_1_1.0_1
GEN_40_FIT_0.7719122422511318_0.7719122422511318_0.7719122422511318_SIZE_1_1.0_1
Evaluating in sample:
[GEN_40|make_tuple(9, 29, 201, 311)|0.7719]
Evaluating out-of-sample:
[GEN_40|make_tuple(9, 29, 201, 311)|0.8884]
GEN_41_FIT_0.7719122422511318_0.7719122422511318_0.7719122422511318_SIZE_1_1.0_1
GEN_42_FIT_0.7719122422511318_0.7719122422511318_0.7719122422511318_SIZE_1_1.0_1
GEN_43_FIT_0.7719122422511318_0.7719122422511318_0.7719122422511318_SIZE_1_1.0_1
GEN_44_FIT_0.7719122422511318_0.7719122422511318_0.7719122422511318_SIZE_1_1.0_1
GEN_45_FIT_0.7719122422511318_0.7719122422511318_0.7719122422511318_SIZE_1_1.0_1
Evaluating in sample:
[GEN_45|make_tuple(9, 29, 201, 311)|0.7719]
Evaluating out-of-sample:
[GEN_45|make_tuple(9, 29, 201, 311)|0.8884]
Stopped early in iteration 45, no improvement in 20 gens.
START_TASK: 6
GEN_0_FIT_0.659305986201519_0.7022037443502639_0.7489710398908165_SIZE_1_2.15_5
GEN_1_FIT_0.7437386670640188_0.7480473555578271_0.75960677137968_SIZE_1_1.55_5
GEN_2_FIT_0.7489817130355466_0.7528440488478527_0.7612560187129311_SIZE_1_1.25_2
GEN_3_FIT_0.7588082931712248_0.762711688600907_0.7709556096640476_SIZE_1_1.1_2
GEN_4_FIT_0.766950049797337_0.7686144255725877_0.7709556096640476_SIZE_1_1.35_2
GEN_5_FIT_0.7694653992595819_0.7702492603379032_0.7712427523430351_SIZE_1_1.3_2
GEN_6_FIT_0.7709556096640476_0.7710516870887624_0.7712427523430351_SIZE_1_1.25_3
GEN_7_FIT_0.7711417898331114_0.771230059265131_0.7714983801329438_SIZE_1_1.4_3
GEN_8_FIT_0.7712427523430351_0.7713298773368257_0.7714983801329438_SIZE_1_1.15_3
GEN_9_FIT_0.7714480493022787_0.771486948795377_0.7717524329629754_SIZE_1_1.45_3
GEN_10_FIT_0.7714983801329438_0.7715754893078234_0.7717524329629754_SIZE_1_1.05_2
GEN_11_FIT_0.7715671114408422_0.7717519409249995_0.7718170131336796_SIZE_1_1.15_2
GEN_12_FIT_0.7717524329629754_0.771802411295347_0.7718445886026334_SIZE_1_1.1_2
GEN_13_FIT_0.7718170131336796_0.7718228815463688_0.7718460996420078_SIZE_1_1.25_3
GEN_14_FIT_0.7718170131336796_0.7718417507632803_0.7719295555795022_SIZE_1_1.5_3
GEN_15_FIT_0.7718445886026334_0.7718699534057448_0.7719512608747112_SIZE_1_1.3_3
GEN_16_FIT_0.771901078749233_0.7719267405534036_0.7719721966587182_SIZE_1_1.15_2
GEN_17_FIT_0.7719471877521022_0.7719538620920898_0.7719721966587182_SIZE_1_1.25_2
GEN_18_FIT_0.7719512608747112_0.7719790110515284_0.7722271976130204_SIZE_1_1.65_3
GEN_19_FIT_0.7719512608747112_0.7720058085339059_0.7722271976130204_SIZE_1_1.35_2
GEN_20_FIT_0.7719700341182115_0.7721468078002027_0.7722617891624467_SIZE_1_1.45_3
Evaluating in sample:
[GEN_20|make_tuple(9, 29, 192, 310)|0.7723]
Evaluating out-of-sample:
[GEN_20|make_tuple(9, 29, 192, 310)|0.8268]
GEN_21_FIT_0.7722231244904115_0.7722346628762994_0.7722700527304571_SIZE_1_1.15_2
GEN_22_FIT_0.7722271976130204_0.7722435901670632_0.7722700527304571_SIZE_1_1.25_3
GEN_23_FIT_0.7722617891624467_0.7722715402778747_0.7724402843349889_SIZE_1_1.1_2
GEN_24_FIT_0.7722617891624467_0.7722963259049697_0.7724402843349889_SIZE_1_1.1_2
GEN_25_FIT_0.7722617891624467_0.7723147705875684_0.7724402843349889_SIZE_1_1.05_2
GEN_26_FIT_0.7722700527304571_0.7724024461455824_0.7724402843349889_SIZE_1_1.15_2
GEN_27_FIT_0.7724402843349889_0.7724402843349889_0.7724402843349889_SIZE_1_1.0_1
GEN_28_FIT_0.7724402843349889_0.7724402843349889_0.7724402843349889_SIZE_1_1.0_1
GEN_29_FIT_0.7724402843349889_0.7724405773179913_0.7724461439950369_SIZE_1_1.05_2
GEN_30_FIT_0.7724402843349889_0.772441163283996_0.7724461439950369_SIZE_1_1.1_2
GEN_31_FIT_0.7724402843349889_0.772441163283996_0.7724461439950369_SIZE_1_1.1_2
GEN_32_FIT_0.7724402843349889_0.7724414562669984_0.7724461439950369_SIZE_1_1.1_2
GEN_33_FIT_0.7724402843349889_0.7724423352160057_0.7724461439950369_SIZE_1_1.1_2
GEN_34_FIT_0.7724402843349889_0.7724452650460296_0.7724461439950369_SIZE_1_1.1_2
GEN_35_FIT_0.7724461439950369_0.7724461439950369_0.7724461439950369_SIZE_1_1.0_1
GEN_36_FIT_0.7724461439950369_0.7724461439950369_0.7724461439950369_SIZE_1_1.0_1
GEN_37_FIT_0.7724461439950369_0.7724461439950369_0.7724461439950369_SIZE_1_1.0_1
GEN_38_FIT_0.7724461439950369_0.7724461439950369_0.7724461439950369_SIZE_1_1.0_1
GEN_39_FIT_0.7724461439950369_0.7724461439950369_0.7724461439950369_SIZE_1_1.0_1
GEN_40_FIT_0.7724461439950369_0.7724461439950369_0.7724461439950369_SIZE_1_1.0_1
Evaluating in sample:
[GEN_40|make_tuple(9, 29, 199, 311)|0.7724]
Evaluating out-of-sample:
[GEN_40|make_tuple(9, 29, 199, 311)|0.8261]
GEN_41_FIT_0.7724461439950369_0.7724461439950369_0.7724461439950369_SIZE_1_1.0_1
GEN_42_FIT_0.7724461439950369_0.7724461439950369_0.7724461439950369_SIZE_1_1.0_1
GEN_43_FIT_0.7724461439950369_0.7724461439950369_0.7724461439950369_SIZE_1_1.0_1
GEN_44_FIT_0.7724461439950369_0.7724461439950369_0.7724461439950369_SIZE_1_1.0_1
GEN_45_FIT_0.7724461439950369_0.7724461439950369_0.7724461439950369_SIZE_1_1.0_1
GEN_46_FIT_0.7724461439950369_0.7724461439950369_0.7724461439950369_SIZE_1_1.0_1
GEN_47_FIT_0.7724461439950369_0.7724461439950369_0.7724461439950369_SIZE_1_1.0_1
GEN_48_FIT_0.7724461439950369_0.7724465297406322_0.7724538589069441_SIZE_1_1.05_2
GEN_49_FIT_0.7724461439950369_0.7724469154862275_0.7724538589069441_SIZE_1_1.1_2
GEN_50_FIT_0.7724461439950369_0.7724469154862275_0.7724538589069441_SIZE_1_1.1_2
GEN_51_FIT_0.7724461439950369_0.7724469154862275_0.7724538589069441_SIZE_1_1.1_2
GEN_52_FIT_0.7724461439950369_0.7724469154862275_0.7724538589069441_SIZE_1_1.1_2
GEN_53_FIT_0.7724461439950369_0.7724469154862275_0.7724538589069441_SIZE_1_1.1_2
GEN_54_FIT_0.7724461439950369_0.7724473012318229_0.7724538589069441_SIZE_1_1.1_2
GEN_55_FIT_0.7724461439950369_0.772448458468609_0.7724538589069441_SIZE_1_1.1_2
GEN_56_FIT_0.7724461439950369_0.7724500014509905_0.7724538589069441_SIZE_1_1.1_2
GEN_57_FIT_0.7724538589069441_0.7724538589069441_0.7724538589069441_SIZE_1_1.0_1
GEN_58_FIT_0.7724538589069441_0.7724538589069441_0.7724538589069441_SIZE_1_1.0_1
GEN_59_FIT_0.7724538589069441_0.7724538589069441_0.7724538589069441_SIZE_1_1.0_1
GEN_60_FIT_0.7724538589069441_0.7724538589069441_0.7724538589069441_SIZE_1_1.0_1
Evaluating in sample:
[GEN_60|make_tuple(9, 29, 201, 311)|0.7725]
Evaluating out-of-sample:
[GEN_60|make_tuple(9, 29, 201, 311)|0.8261]
GEN_61_FIT_0.7724538589069441_0.7724538589069441_0.7724538589069441_SIZE_1_1.0_1
GEN_62_FIT_0.7724538589069441_0.7724538589069441_0.7724538589069441_SIZE_1_1.0_1
GEN_63_FIT_0.7724538589069441_0.7724538589069441_0.7724538589069441_SIZE_1_1.0_1
GEN_64_FIT_0.7724538589069441_0.7724538589069441_0.7724538589069441_SIZE_1_1.0_1
GEN_65_FIT_0.7724538589069441_0.7724538589069441_0.7724538589069441_SIZE_1_1.0_1
GEN_66_FIT_0.7724538589069441_0.7724538589069441_0.7724538589069441_SIZE_1_1.0_1
GEN_67_FIT_0.7724538589069441_0.7724538589069441_0.7724538589069441_SIZE_1_1.0_1
GEN_68_FIT_0.7724538589069441_0.7724538589069441_0.7724538589069441_SIZE_1_1.0_1
GEN_69_FIT_0.7724538589069441_0.7724538589069441_0.7724538589069441_SIZE_1_1.0_1
GEN_70_FIT_0.7724538589069441_0.7724538589069441_0.7724538589069441_SIZE_1_1.0_1
GEN_71_FIT_0.7724538589069441_0.7724538589069441_0.7724538589069441_SIZE_1_1.0_1
GEN_72_FIT_0.7724538589069441_0.7724538589069441_0.7724538589069441_SIZE_1_1.0_1
GEN_73_FIT_0.7724538589069441_0.7724538589069441_0.7724538589069441_SIZE_1_1.0_1
GEN_74_FIT_0.7724538589069441_0.7724538589069441_0.7724538589069441_SIZE_1_1.0_1
GEN_75_FIT_0.7724538589069441_0.7724538589069441_0.7724538589069441_SIZE_1_1.0_1
Evaluating in sample:
[GEN_75|make_tuple(9, 29, 201, 311)|0.7725]
Evaluating out-of-sample:
[GEN_75|make_tuple(9, 29, 201, 311)|0.8261]
Stopped early in iteration 75, no improvement in 20 gens.
START_TASK: 11
GEN_0_FIT_0.6943714032667639_0.7105608965434093_0.7527962469461845_SIZE_1_1.75_8
GEN_1_FIT_0.7263770262215021_0.7455132200726249_0.7577231102897515_SIZE_1_1.3_3
GEN_2_FIT_0.7540986263499927_0.7567802839816906_0.7693898631339479_SIZE_1_1.2_2
GEN_3_FIT_0.7571658147894693_0.7627293755247083_0.7695837817459247_SIZE_1_1.4_3
GEN_4_FIT_0.7693898631339479_0.7695136148279405_0.7701215437255042_SIZE_1_1.35_3
GEN_5_FIT_0.769436642664965_0.7698618882917977_0.7703816790385537_SIZE_1_1.95_4
GEN_6_FIT_0.769794196903346_0.7701902782288693_0.7705655360659122_SIZE_1_1.25_2
GEN_7_FIT_0.7701982587412017_0.770322396269354_0.7705655360659122_SIZE_1_1.45_2
GEN_8_FIT_0.7702811927003538_0.7703180026164139_0.7707426336613484_SIZE_1_1.05_2
GEN_9_FIT_0.7702964569981432_0.7703664433463251_0.7707426336613484_SIZE_1_1.1_2
GEN_10_FIT_0.7702964569981432_0.7705836449117878_0.7707918211097908_SIZE_1_1.5_2
GEN_11_FIT_0.7706457187504423_0.770728946959214_0.7709245187005846_SIZE_1_1.45_2
GEN_12_FIT_0.7707918211097908_0.7708448090300271_0.7709889337319454_SIZE_1_1.45_3
GEN_13_FIT_0.7708483672317911_0.7709291770131739_0.7710416242351209_SIZE_1_1.7_2
GEN_14_FIT_0.7709475251675605_0.7709896547776312_0.7710416242351209_SIZE_1_1.6_2
GEN_15_FIT_0.7709782122486342_0.7710297992979975_0.7710799478934531_SIZE_1_1.35_2
GEN_16_FIT_0.7710416242351209_0.7710643583081642_0.7712390808064173_SIZE_1_1.4_3
GEN_17_FIT_0.7710509005004008_0.771131102378908_0.7712390808064173_SIZE_1_1.5_3
GEN_18_FIT_0.7711299906968384_0.7711912119211017_0.771303894826073_SIZE_1_1.45_3
GEN_19_FIT_0.7712067001649464_0.7712318963131655_0.771303894826073_SIZE_1_1.5_3
GEN_20_FIT_0.7712303015426396_0.7712891238611326_0.771303894826073_SIZE_1_2.6_3
Evaluating in sample:
[GEN_20|make_tuple(9, 87, 195, 311)|0.7712]
[GEN_20|make_tuple(9, 407, add(add(124, 44), 33), 311)|0.7713]
Evaluating out-of-sample:
[GEN_20|make_tuple(9, 87, 195, 311)|0.9012]
[GEN_20|make_tuple(9, 407, add(add(124, 44), 33), 311)|0.9011]
GEN_21_FIT_0.7712382560385169_0.7712973309473172_0.771303894826073_SIZE_1_2.8_3
GEN_22_FIT_0.7712382560385169_0.7712973309473172_0.771303894826073_SIZE_1_2.8_3
GEN_23_FIT_0.7712382560385169_0.7712973309473172_0.771303894826073_SIZE_1_2.8_3
GEN_24_FIT_0.7712382560385169_0.7712973309473172_0.771303894826073_SIZE_1_2.8_3
GEN_25_FIT_0.7712382560385169_0.7712973309473172_0.771303894826073_SIZE_1_2.8_3
GEN_26_FIT_0.7712382560385169_0.7712973309473172_0.771303894826073_SIZE_1_2.8_3
GEN_27_FIT_0.7712382560385169_0.7712973309473172_0.771303894826073_SIZE_1_2.8_3
GEN_28_FIT_0.7712382560385169_0.7712973309473172_0.771303894826073_SIZE_1_2.8_3
GEN_29_FIT_0.7712382560385169_0.7712973309473172_0.771303894826073_SIZE_1_2.8_3
GEN_30_FIT_0.7712382560385169_0.7712973309473172_0.771303894826073_SIZE_1_2.8_3
GEN_31_FIT_0.7712382560385169_0.7712941294686558_0.771303894826073_SIZE_1_2.75_3
GEN_32_FIT_0.7712382560385169_0.7712909279899943_0.771303894826073_SIZE_1_2.7_3
GEN_33_FIT_0.7712382560385169_0.7712909279899943_0.771303894826073_SIZE_1_2.7_3
GEN_34_FIT_0.7712382560385169_0.7712910084507107_0.7713055040404001_SIZE_1_2.75_4
GEN_35_FIT_0.7712382560385169_0.771264913857121_0.7713055040404001_SIZE_1_2.05_4
GEN_36_FIT_0.7712390808064173_0.771294894853498_0.7713055040404001_SIZE_1_3.2_4
GEN_37_FIT_0.7712390808064173_0.7712954600945864_0.7713055040404001_SIZE_1_3.5_4
GEN_38_FIT_0.7712390808064173_0.7712922193936036_0.7713055040404001_SIZE_1_3.4_4
GEN_39_FIT_0.7712390808064173_0.7712673931563506_0.7713387559528765_SIZE_1_2.25_4
GEN_40_FIT_0.7699129112433437_0.7712006492299142_0.7713387559528765_SIZE_1_1.75_4
Evaluating in sample:
[GEN_40|make_tuple(9, 87, 198, 311)|0.7712]
[GEN_40|make_tuple(9, 87, 199, sub(311, 2))|0.7713]
[GEN_40|make_tuple(9, 62, add(add(124, 44), 33), 311)|0.7713]
[GEN_40|make_tuple(9, 62, add(add(124, 44), 33), sub(311, 2))|0.7713]
Evaluating out-of-sample:
[GEN_40|make_tuple(9, 87, 198, 311)|0.9012]
[GEN_40|make_tuple(9, 87, 199, sub(311, 2))|0.9011]
[GEN_40|make_tuple(9, 62, add(add(124, 44), 33), 311)|0.9011]
[GEN_40|make_tuple(9, 62, add(add(124, 44), 33), sub(311, 2))|0.9011]
GEN_41_FIT_0.7712723327188938_0.7713218886661481_0.7713387559528765_SIZE_1_3.3_5
GEN_42_FIT_0.7712723327188938_0.7713372108338612_0.7715508500560742_SIZE_1_2.85_4
GEN_43_FIT_0.7712982431071304_0.7714071670194321_0.7715602925511809_SIZE_1_1.55_4
GEN_44_FIT_0.7714107103944299_0.7715567568904756_0.7716769314742511_SIZE_1_1.25_2
GEN_45_FIT_0.7715602925511809_0.7715767102479049_0.7716769314742511_SIZE_1_1.1_2
GEN_46_FIT_0.7715602925511809_0.7716231431812288_0.7716863739693579_SIZE_1_1.3_2
GEN_47_FIT_0.7716553686395209_0.7716850714739434_0.7718006476307032_SIZE_1_1.35_2
GEN_48_FIT_0.7716863739693579_0.771709228701627_0.7718006476307032_SIZE_1_1.0_1
GEN_49_FIT_0.7716863739693579_0.7717663655322996_0.7718006476307032_SIZE_1_1.0_1
GEN_50_FIT_0.7718006476307032_0.7718006476307033_0.7718006476307032_SIZE_1_1.0_1
GEN_51_FIT_0.7718006476307032_0.7718014191218939_0.7718083625426104_SIZE_1_1.0_1
GEN_52_FIT_0.7718006476307032_0.7718029621042755_0.7718083625426104_SIZE_1_1.0_1
GEN_53_FIT_0.7718006476307032_0.7718072053058245_0.7718083625426104_SIZE_1_1.05_2
GEN_54_FIT_0.7718083625426104_0.7718083625426105_0.7718083625426104_SIZE_1_1.0_1
GEN_55_FIT_0.7718083625426104_0.7718083625426105_0.7718083625426104_SIZE_1_1.0_1
GEN_56_FIT_0.7718083625426104_0.7718083625426105_0.7718083625426104_SIZE_1_1.0_1
GEN_57_FIT_0.7718083625426104_0.7718083625426105_0.7718083625426104_SIZE_1_1.0_1
GEN_58_FIT_0.7718083625426104_0.7718083625426105_0.7718083625426104_SIZE_1_1.0_1
GEN_59_FIT_0.7718083625426104_0.7718083625426105_0.7718083625426104_SIZE_1_1.0_1
GEN_60_FIT_0.7718083625426104_0.7718083625426105_0.7718083625426104_SIZE_1_1.0_1
Evaluating in sample:
[GEN_60|make_tuple(9, 29, 201, 311)|0.7718]
Evaluating out-of-sample:
[GEN_60|make_tuple(9, 29, 201, 311)|0.9003]
GEN_61_FIT_0.7718083625426104_0.7718083625426105_0.7718083625426104_SIZE_1_1.0_1
GEN_62_FIT_0.7718083625426104_0.7718083625426105_0.7718083625426104_SIZE_1_1.0_1
GEN_63_FIT_0.7718083625426104_0.7718083625426105_0.7718083625426104_SIZE_1_1.0_1
GEN_64_FIT_0.7718083625426104_0.7718083625426105_0.7718083625426104_SIZE_1_1.0_1
GEN_65_FIT_0.7718083625426104_0.7718083625426105_0.7718083625426104_SIZE_1_1.0_1
GEN_66_FIT_0.7718083625426104_0.7718083625426105_0.7718083625426104_SIZE_1_1.0_1
GEN_67_FIT_0.7718083625426104_0.7718083625426105_0.7718083625426104_SIZE_1_1.0_1
GEN_68_FIT_0.7718083625426104_0.7718083625426105_0.7718083625426104_SIZE_1_1.0_1
GEN_69_FIT_0.7718083625426104_0.7718083625426105_0.7718083625426104_SIZE_1_1.0_1
GEN_70_FIT_0.7718083625426104_0.7718083625426105_0.7718083625426104_SIZE_1_1.0_1
GEN_71_FIT_0.7718083625426104_0.7718083625426105_0.7718083625426104_SIZE_1_1.0_1
GEN_72_FIT_0.7718083625426104_0.7718083625426105_0.7718083625426104_SIZE_1_1.0_1
Evaluating in sample:
[GEN_72|make_tuple(9, 29, 201, 311)|0.7718]
Evaluating out-of-sample:
[GEN_72|make_tuple(9, 29, 201, 311)|0.9003]
Stopped early in iteration 72, no improvement in 20 gens.
START_TASK: 12
GEN_0_FIT_0.6150399038823707_0.6915241266674029_0.728595428509966_SIZE_1_3.6_13
GEN_1_FIT_0.7223560583247995_0.729312918858075_0.750168621243297_SIZE_1_1.5_4
GEN_2_FIT_0.738425383797418_0.7452307140491672_0.7535038325897248_SIZE_1_1.5_4
GEN_3_FIT_0.7481422926220496_0.7511491611061578_0.7546750604959235_SIZE_1_1.4_5
GEN_4_FIT_0.7535038325897248_0.7557394739997504_0.7688942498933161_SIZE_1_1.25_4
GEN_5_FIT_0.7559967622751429_0.7647586377456256_0.7688942498933161_SIZE_1_2.0_4
GEN_6_FIT_0.7681254153914275_0.7689322880417164_0.7701020416735858_SIZE_1_2.3_4
GEN_7_FIT_0.7687372155282689_0.7697581674111664_0.7706113953387644_SIZE_1_1.55_3
GEN_8_FIT_0.7700621108189529_0.7702910775593065_0.7709429886931228_SIZE_1_1.35_2
GEN_9_FIT_0.7705780192349211_0.7707420649738024_0.7709771011669326_SIZE_1_1.3_2
GEN_10_FIT_0.7708987816239476_0.7710214481990405_0.7715520711062722_SIZE_1_1.4_3
GEN_11_FIT_0.7710481684486923_0.7712134281868903_0.7715961869276846_SIZE_1_1.15_2
GEN_12_FIT_0.7713912750351242_0.77158914875933_0.7719931897181957_SIZE_1_1.15_2
GEN_13_FIT_0.7715961869276846_0.7718361231127993_0.7720892913698695_SIZE_1_1.1_2
GEN_14_FIT_0.7719094085211625_0.7719886427813881_0.7720892913698695_SIZE_1_1.2_2
GEN_15_FIT_0.7719931897181957_0.7720653805593976_0.7722063229835779_SIZE_1_1.2_2
GEN_16_FIT_0.7720892913698695_0.7721145931033064_0.7722063229835779_SIZE_1_1.0_1
GEN_17_FIT_0.7721132375551126_0.7721757317324014_0.7722460959593065_SIZE_1_1.0_1
GEN_18_FIT_0.7722063229835779_0.7722168556292359_0.7722538108712137_SIZE_1_1.0_1
GEN_19_FIT_0.7722063229835779_0.7722301381481167_0.7722538108712137_SIZE_1_1.1_2
GEN_20_FIT_0.7722460959593065_0.7722488177451396_0.7722538108712137_SIZE_1_1.0_1
Evaluating in sample:
[GEN_20|make_tuple(9, 29, 201, 309)|0.7723]
Evaluating out-of-sample:
[GEN_20|make_tuple(9, 29, 201, 309)|0.8479]
GEN_21_FIT_0.7722501690819155_0.7722530825133542_0.7722538108712137_SIZE_1_1.0_1
GEN_22_FIT_0.7722538108712137_0.7722538108712136_0.7722538108712137_SIZE_1_1.0_1
GEN_23_FIT_0.7722538108712137_0.7722538108712136_0.7722538108712137_SIZE_1_1.0_1
GEN_24_FIT_0.7722538108712137_0.772254014527344_0.7722578839938228_SIZE_1_1.05_2
GEN_25_FIT_0.7722538108712137_0.7722542181834745_0.7722578839938228_SIZE_1_1.05_2
GEN_26_FIT_0.7722538108712137_0.7722554401202573_0.7722578839938228_SIZE_1_1.1_2
GEN_27_FIT_0.7722538108712137_0.7722574766815619_0.7722578839938228_SIZE_1_1.1_2
GEN_28_FIT_0.7722578839938228_0.772257883993823_0.7722578839938228_SIZE_1_1.0_1
GEN_29_FIT_0.7722578839938228_0.7722581769768253_0.7722637436538705_SIZE_1_1.0_1
GEN_30_FIT_0.7722578839938228_0.7722584699598277_0.7722637436538705_SIZE_1_1.0_1
GEN_31_FIT_0.7722578839938228_0.7722593489088349_0.7722637436538705_SIZE_1_1.0_1
GEN_32_FIT_0.7722578839938228_0.7722622787388588_0.7722637436538705_SIZE_1_1.0_1
GEN_33_FIT_0.7722637436538705_0.7722637436538704_0.7722637436538705_SIZE_1_1.0_1
GEN_34_FIT_0.7722637436538705_0.7722637436538704_0.7722637436538705_SIZE_1_1.0_1
GEN_35_FIT_0.7722637436538705_0.7722637436538704_0.7722637436538705_SIZE_1_1.0_1
GEN_36_FIT_0.7722637436538705_0.7722637436538704_0.7722637436538705_SIZE_1_1.0_1
GEN_37_FIT_0.7722637436538705_0.7722637436538704_0.7722637436538705_SIZE_1_1.0_1
GEN_38_FIT_0.7722637436538705_0.7722637436538704_0.7722637436538705_SIZE_1_1.0_1
GEN_39_FIT_0.7722637436538705_0.7722637436538704_0.7722637436538705_SIZE_1_1.0_1
GEN_40_FIT_0.7722637436538705_0.7722637436538704_0.7722637436538705_SIZE_1_1.0_1
Evaluating in sample:
[GEN_40|make_tuple(9, 29, 201, 311)|0.7723]
Evaluating out-of-sample:
[GEN_40|make_tuple(9, 29, 201, 311)|0.8479]
GEN_41_FIT_0.7722637436538705_0.7722637436538704_0.7722637436538705_SIZE_1_1.0_1
GEN_42_FIT_0.7722637436538705_0.7722637436538704_0.7722637436538705_SIZE_1_1.0_1
GEN_43_FIT_0.7722637436538705_0.7722637436538704_0.7722637436538705_SIZE_1_1.0_1
GEN_44_FIT_0.7722637436538705_0.7722637436538704_0.7722637436538705_SIZE_1_1.0_1
GEN_45_FIT_0.7722637436538705_0.7722637436538704_0.7722637436538705_SIZE_1_1.0_1
GEN_46_FIT_0.7722637436538705_0.7722637436538704_0.7722637436538705_SIZE_1_1.0_1
GEN_47_FIT_0.7722637436538705_0.7722637436538704_0.7722637436538705_SIZE_1_1.0_1
GEN_48_FIT_0.7722637436538705_0.7722637436538704_0.7722637436538705_SIZE_1_1.0_1
GEN_49_FIT_0.7722637436538705_0.7722637436538704_0.7722637436538705_SIZE_1_1.0_1
GEN_50_FIT_0.7722637436538705_0.7722637436538704_0.7722637436538705_SIZE_1_1.0_1
Evaluating in sample:
[GEN_50|make_tuple(9, 29, 201, 311)|0.7723]
Evaluating out-of-sample:
[GEN_50|make_tuple(9, 29, 201, 311)|0.8479]
Stopped early in iteration 50, no improvement in 20 gens.
START_TASK: 14
GEN_0_FIT_0.6421980176832244_0.7008299850882793_0.756817534881315_SIZE_1_2.6_15
GEN_1_FIT_0.7372520844646101_0.749987369710656_0.7660897678789408_SIZE_1_1.15_2
GEN_2_FIT_0.756817534881315_0.7623347559443653_0.7704090492248634_SIZE_1_1.15_2
GEN_3_FIT_0.7661263569681648_0.7695350676408499_0.7705085843665332_SIZE_1_1.25_2
GEN_4_FIT_0.7702092741009714_0.7704430412214875_0.7713098896997631_SIZE_1_1.5_3
GEN_5_FIT_0.7704090492248634_0.7705843496624468_0.771498754368764_SIZE_1_1.15_2
GEN_6_FIT_0.7705085843665332_0.7710319567409109_0.771498754368764_SIZE_1_1.4_2
GEN_7_FIT_0.7714301726465819_0.7715001701273438_0.771595651262542_SIZE_1_1.75_2
GEN_8_FIT_0.7714301726465819_0.7715132110637273_0.7716056025207453_SIZE_1_1.15_2
GEN_9_FIT_0.7715741652731986_0.7715955720888952_0.7716056025207453_SIZE_1_1.4_2
GEN_10_FIT_0.771595651262542_0.7716019785206878_0.771647327007127_SIZE_1_1.25_2
GEN_11_FIT_0.7716008618734512_0.771619964484836_0.7717771496380046_SIZE_1_1.35_2
GEN_12_FIT_0.7716056025207453_0.7716772943418552_0.771780978376334_SIZE_1_1.15_2
GEN_13_FIT_0.77165727826533_0.7717379441597474_0.771780978376334_SIZE_1_1.25_2
GEN_14_FIT_0.7717771496380046_0.7717858878903179_0.7718472030206863_SIZE_1_1.1_2
GEN_15_FIT_0.771780978376334_0.7718050230385352_0.7718472030206863_SIZE_1_1.1_2
GEN_16_FIT_0.771826072958136_0.7718460380450866_0.7718789839860812_SIZE_1_1.25_3
GEN_17_FIT_0.7718472030206863_0.7718641844483907_0.7718789839860812_SIZE_1_1.05_2
GEN_18_FIT_0.7718765061920903_0.7718918530647345_0.7719375873399685_SIZE_1_1.1_2
GEN_19_FIT_0.7718864856956872_0.7719300919426948_0.771941760791_SIZE_1_1.2_2
GEN_20_FIT_0.7719375873399685_0.771946810461228_0.7720471977387424_SIZE_1_1.05_2
Evaluating in sample:
[GEN_20|make_tuple(9, 26, 191, 310)|0.7720]
Evaluating out-of-sample:
[GEN_20|make_tuple(9, 26, 191, 310)|0.8361]
GEN_21_FIT_0.771941760791_0.7719651299288067_0.7720471977387424_SIZE_1_1.0_1
GEN_22_FIT_0.771941760791_0.7720007276612053_0.7720471977387424_SIZE_1_1.1_2
GEN_23_FIT_0.771992118095303_0.7720702482105954_0.7721429789956447_SIZE_1_1.1_2
GEN_24_FIT_0.7720933289584568_0.7721449876955677_0.7722419353657645_SIZE_1_1.05_2
GEN_25_FIT_0.7721429789956447_0.7722004937024181_0.7722419353657645_SIZE_1_1.0_1
GEN_26_FIT_0.7722166893269582_0.772238661038343_0.7723279250501732_SIZE_1_1.0_1
GEN_27_FIT_0.7722419353657645_0.7722538077451965_0.772393393269997_SIZE_1_1.0_1
GEN_28_FIT_0.7722419353657645_0.7723002711896956_0.772393393269997_SIZE_1_1.0_1
GEN_29_FIT_0.772393393269997_0.7723938289892562_0.7724021076551789_SIZE_1_1.05_2
GEN_30_FIT_0.772393393269997_0.7723942647085152_0.7724021076551789_SIZE_1_1.1_2
GEN_31_FIT_0.772393393269997_0.7723942647085152_0.7724021076551789_SIZE_1_1.1_2
GEN_32_FIT_0.772393393269997_0.7723942647085152_0.7724021076551789_SIZE_1_1.1_2
GEN_33_FIT_0.772393393269997_0.7723954291300358_0.7724021076551789_SIZE_1_1.25_3
GEN_34_FIT_0.772393393269997_0.7724013864634064_0.7724021076551789_SIZE_1_1.9_3
GEN_35_FIT_0.772393393269997_0.77239718702805_0.7724079673152268_SIZE_1_1.2_2
GEN_36_FIT_0.772393393269997_0.7724012812795945_0.7724079673152268_SIZE_1_1.3_2
GEN_37_FIT_0.7723992529300447_0.772400124368563_0.7724079673152268_SIZE_1_1.1_2
GEN_38_FIT_0.7723992529300447_0.772400124368563_0.7724079673152268_SIZE_1_1.1_2
GEN_39_FIT_0.7723992529300447_0.772400124368563_0.7724079673152268_SIZE_1_1.1_2
GEN_40_FIT_0.7723992529300447_0.772400124368563_0.7724079673152268_SIZE_1_1.1_2
Evaluating in sample:
[GEN_40|make_tuple(9, 29, 201, 311)|0.7724]
[GEN_40|make_tuple(9, add(0.0009982627346100397, 29), 201, 311)|0.7724]
Evaluating out-of-sample:
[GEN_40|make_tuple(9, 29, 201, 311)|0.8324]
[GEN_40|make_tuple(9, add(0.0009982627346100397, 29), 201, 311)|0.8288]
GEN_41_FIT_0.7723992529300447_0.772400124368563_0.7724079673152268_SIZE_1_1.1_2
GEN_42_FIT_0.7723992529300447_0.772400124368563_0.7724079673152268_SIZE_1_1.1_2
GEN_43_FIT_0.7723992529300447_0.772400124368563_0.7724079673152268_SIZE_1_1.1_2
GEN_44_FIT_0.7723992529300447_0.772400124368563_0.7724079673152268_SIZE_1_1.1_2
GEN_45_FIT_0.7723992529300447_0.772400124368563_0.7724079673152268_SIZE_1_1.1_2
GEN_46_FIT_0.7723992529300447_0.772400124368563_0.7724079673152268_SIZE_1_1.1_2
GEN_47_FIT_0.7723992529300447_0.772400124368563_0.7724079673152268_SIZE_1_1.1_2
GEN_48_FIT_0.7723992529300447_0.772400124368563_0.7724079673152268_SIZE_1_1.1_2
GEN_49_FIT_0.7723992529300447_0.772400124368563_0.7724079673152268_SIZE_1_1.1_2
GEN_50_FIT_0.7723992529300447_0.772400124368563_0.7724079673152268_SIZE_1_1.1_2
GEN_51_FIT_0.7723992529300447_0.772400124368563_0.7724079673152268_SIZE_1_1.1_2
GEN_52_FIT_0.7723992529300447_0.772400124368563_0.7724079673152268_SIZE_1_1.1_2
GEN_53_FIT_0.7723992529300447_0.772400124368563_0.7724079673152268_SIZE_1_1.1_2
GEN_54_FIT_0.7723992529300447_0.772400124368563_0.7724079673152268_SIZE_1_1.1_2
GEN_55_FIT_0.7723992529300447_0.772400124368563_0.7724079673152268_SIZE_1_1.1_2
GEN_56_FIT_0.7723992529300447_0.772400124368563_0.7724079673152268_SIZE_1_1.1_2
Evaluating in sample:
[GEN_56|make_tuple(9, 29, 201, 311)|0.7724]
[GEN_56|make_tuple(9, add(0.0009982627346100397, 29), 201, 311)|0.7724]
Evaluating out-of-sample:
[GEN_56|make_tuple(9, 29, 201, 311)|0.8324]
[GEN_56|make_tuple(9, add(0.0009982627346100397, 29), 201, 311)|0.8288]
Stopped early in iteration 56, no improvement in 20 gens.
START_TASK: 15
GEN_0_FIT_0.6783237950759841_0.7136427515246428_0.7655679021565651_SIZE_1_1.8_12
GEN_1_FIT_0.7269243833300613_0.745357658980601_0.766185890027571_SIZE_1_2.0_10
GEN_2_FIT_0.7653948081576987_0.7669344236476666_0.7706881061479446_SIZE_1_1.45_4
GEN_3_FIT_0.7697681778912395_0.7701591640548106_0.7706881061479446_SIZE_1_1.25_2
GEN_4_FIT_0.7706377183579863_0.7707082870647106_0.7711683320680356_SIZE_1_1.05_2
GEN_5_FIT_0.7706929409366919_0.7709249723839209_0.7717934044405873_SIZE_1_1.05_2
GEN_6_FIT_0.7711020912007088_0.771362358236605_0.7720178546864002_SIZE_1_1.15_2
GEN_7_FIT_0.7714180890606259_0.77181338164807_0.772199013448319_SIZE_1_1.25_2
GEN_8_FIT_0.771917372746087_0.7720516262575605_0.772199013448319_SIZE_1_1.2_2
GEN_9_FIT_0.7720652559809641_0.7721943433251541_0.7723192770014132_SIZE_1_1.05_2
GEN_10_FIT_0.772199013448319_0.7723077542821051_0.7724562284471093_SIZE_1_1.05_2
GEN_11_FIT_0.7724007539330715_0.7724534547214074_0.7724562284471093_SIZE_1_1.05_2
GEN_12_FIT_0.7724562284471093_0.7724590738490335_0.7724819242113157_SIZE_1_1.15_2
GEN_13_FIT_0.7724562284471093_0.7724670584037993_0.7724819242113157_SIZE_1_1.5_2
GEN_14_FIT_0.7724581099872233_0.7724790727955655_0.7725439670167722_SIZE_1_1.7_2
GEN_15_FIT_0.7724562284471093_0.7724717278347135_0.7725439670167722_SIZE_1_1.15_2
GEN_16_FIT_0.7724581099872233_0.7725039041817541_0.7725439670167722_SIZE_1_1.15_2
GEN_17_FIT_0.7725439670167722_0.7725508022465577_0.7725926169164311_SIZE_1_1.0_1
GEN_18_FIT_0.7725439670167722_0.7725642614582758_0.7725926169164311_SIZE_1_1.1_2
GEN_19_FIT_0.7725683494116283_0.7725901901659508_0.7725926169164311_SIZE_1_1.05_2
GEN_20_FIT_0.7725926169164311_0.772592616916431_0.7725926169164311_SIZE_1_1.0_1
Evaluating in sample:
[GEN_20|make_tuple(9, 1008, 200, 309)|0.7726]
Evaluating out-of-sample:
[GEN_20|make_tuple(9, 1008, 200, 309)|0.7498]
GEN_21_FIT_0.7725926169164311_0.7726064400391272_0.7728690793703547_SIZE_1_1.0_1
GEN_22_FIT_0.7725926169164311_0.7726617325299119_0.7728690793703547_SIZE_1_1.0_1
GEN_23_FIT_0.7725926169164311_0.7727427569522449_0.7728690793703547_SIZE_1_1.05_2
GEN_24_FIT_0.7728690793703547_0.7728690793703545_0.7728690793703547_SIZE_1_1.0_1
GEN_25_FIT_0.7728690793703547_0.7728690793703545_0.7728690793703547_SIZE_1_1.0_1
GEN_26_FIT_0.7728690793703547_0.7728719123414711_0.7729061976557389_SIZE_1_1.1_2
GEN_27_FIT_0.7728690793703547_0.7728728893983186_0.7729061976557389_SIZE_1_1.15_2
GEN_28_FIT_0.7728690793703547_0.7728799470585247_0.7729061976557389_SIZE_1_1.25_2
GEN_29_FIT_0.7728790121530115_0.7728868018069589_0.7729161304383957_SIZE_1_1.15_2
GEN_30_FIT_0.7728790121530115_0.7729035050353816_0.7729161304383957_SIZE_1_1.2_2
GEN_31_FIT_0.7729161304383957_0.7729161304383958_0.7729161304383957_SIZE_1_1.0_1
GEN_32_FIT_0.7729161304383957_0.7729161304383958_0.7729161304383957_SIZE_1_1.0_1
GEN_33_FIT_0.7729161304383957_0.7729161304383958_0.7729161304383957_SIZE_1_1.0_1
GEN_34_FIT_0.7729161304383957_0.7729161304383958_0.7729161304383957_SIZE_1_1.0_1
GEN_35_FIT_0.7729161304383957_0.7729161304383958_0.7729161304383957_SIZE_1_1.0_1
GEN_36_FIT_0.7729161304383957_0.7729161304383958_0.7729161304383957_SIZE_1_1.0_1
GEN_37_FIT_0.7729161304383957_0.7729161304383958_0.7729161304383957_SIZE_1_1.0_1
GEN_38_FIT_0.7729161304383957_0.7729161304383958_0.7729161304383957_SIZE_1_1.0_1
GEN_39_FIT_0.7729161304383957_0.7729161304383958_0.7729161304383957_SIZE_1_1.0_1
GEN_40_FIT_0.7729161304383957_0.7729161304383958_0.7729161304383957_SIZE_1_1.0_1
Evaluating in sample:
[GEN_40|make_tuple(9, 29, 201, 311)|0.7729]
Evaluating out-of-sample:
[GEN_40|make_tuple(9, 29, 201, 311)|0.7729]
GEN_41_FIT_0.7729161304383957_0.7729161304383958_0.7729161304383957_SIZE_1_1.0_1
GEN_42_FIT_0.7729161304383957_0.772916263172913_0.7729187851287401_SIZE_1_1.0_1
GEN_43_FIT_0.7729161304383957_0.7729165286419475_0.7729187851287401_SIZE_1_1.0_1
GEN_44_FIT_0.7729161304383957_0.7729175905180853_0.7729187851287401_SIZE_1_1.1_2
GEN_45_FIT_0.7729187851287401_0.77291878512874_0.7729187851287401_SIZE_1_1.0_1
GEN_46_FIT_0.7729187851287401_0.77291878512874_0.7729187851287401_SIZE_1_1.0_1
GEN_47_FIT_0.7729187851287401_0.77291878512874_0.7729187851287401_SIZE_1_1.0_1
GEN_48_FIT_0.7729187851287401_0.77291878512874_0.7729187851287401_SIZE_1_1.0_1
GEN_49_FIT_0.7729187851287401_0.77291878512874_0.7729187851287401_SIZE_1_1.0_1
GEN_50_FIT_0.7729187851287401_0.77291878512874_0.7729187851287401_SIZE_1_1.0_1
GEN_51_FIT_0.7729187851287401_0.77291878512874_0.7729187851287401_SIZE_1_1.0_1
GEN_52_FIT_0.7729187851287401_0.77291878512874_0.7729187851287401_SIZE_1_1.0_1
GEN_53_FIT_0.7729187851287401_0.77291878512874_0.7729187851287401_SIZE_1_1.0_1
GEN_54_FIT_0.7729187851287401_0.77291878512874_0.7729187851287401_SIZE_1_1.0_1
GEN_55_FIT_0.7729187851287401_0.77291878512874_0.7729187851287401_SIZE_1_1.0_1
GEN_56_FIT_0.7729187851287401_0.77291878512874_0.7729187851287401_SIZE_1_1.0_1
GEN_57_FIT_0.7729187851287401_0.77291878512874_0.7729187851287401_SIZE_1_1.0_1
GEN_58_FIT_0.7729187851287401_0.77291878512874_0.7729187851287401_SIZE_1_1.0_1
GEN_59_FIT_0.7729187851287401_0.77291878512874_0.7729187851287401_SIZE_1_1.0_1
GEN_60_FIT_0.7729187851287401_0.77291878512874_0.7729187851287401_SIZE_1_1.0_1
Evaluating in sample:
[GEN_60|make_tuple(9, 29, 199, 311)|0.7729]
Evaluating out-of-sample:
[GEN_60|make_tuple(9, 29, 199, 311)|0.7717]
GEN_61_FIT_0.7729187851287401_0.77291878512874_0.7729187851287401_SIZE_1_1.0_1
GEN_62_FIT_0.7729187851287401_0.77291878512874_0.7729187851287401_SIZE_1_1.0_1
GEN_63_FIT_0.7729187851287401_0.77291878512874_0.7729187851287401_SIZE_1_1.0_1
Evaluating in sample:
[GEN_63|make_tuple(9, 29, 199, 311)|0.7729]
Evaluating out-of-sample:
[GEN_63|make_tuple(9, 29, 199, 311)|0.7717]
Stopped early in iteration 63, no improvement in 20 gens.
START_TASK: 16
GEN_0_FIT_0.6626041871689842_0.7098293443813078_0.7491830490569074_SIZE_1_3.7_12
GEN_1_FIT_0.7293672210829136_0.73990222730414_0.7529668904991234_SIZE_1_1.65_5
GEN_2_FIT_0.7491830490569074_0.7534901705494882_0.7667935005416137_SIZE_1_1.15_2
GEN_3_FIT_0.755888746387801_0.7601335106522887_0.7687229532769232_SIZE_1_1.2_2
GEN_4_FIT_0.7667893189723083_0.7676298642451549_0.7697506146813227_SIZE_1_1.15_3
GEN_5_FIT_0.7687229532769232_0.7692353651175503_0.7711307830665326_SIZE_1_1.45_3
GEN_6_FIT_0.7688614024297472_0.7699368951111552_0.771242888227912_SIZE_1_1.5_3
GEN_7_FIT_0.7698831631672032_0.7708750934343194_0.7718089976243844_SIZE_1_1.35_2
GEN_8_FIT_0.7708783408388256_0.7713696433015331_0.7718830335949177_SIZE_1_1.9_3
GEN_9_FIT_0.7710511203247187_0.7716260377105759_0.7719188869049329_SIZE_1_1.75_3
GEN_10_FIT_0.7712542490801877_0.7716673765438318_0.7719188869049329_SIZE_1_1.6_2
GEN_11_FIT_0.7717921176262305_0.7718808561213221_0.7719188869049329_SIZE_1_1.7_2
GEN_12_FIT_0.7718059518146045_0.7719177326869623_0.7720755759747614_SIZE_1_1.9_2
GEN_13_FIT_0.7718059518146045_0.7719154242510212_0.7720755759747614_SIZE_1_1.75_3
GEN_14_FIT_0.7718059518146045_0.7719541481170689_0.7720755759747614_SIZE_1_1.75_3
GEN_15_FIT_0.7718520485660213_0.7718649284503195_0.7721096462519856_SIZE_1_1.05_2
GEN_16_FIT_0.7718520485660213_0.7718778083346178_0.7721096462519856_SIZE_1_1.1_2
GEN_17_FIT_0.7718520485660213_0.7719175349244168_0.7721096462519856_SIZE_1_1.25_2
GEN_18_FIT_0.7718520485660213_0.7719879856073869_0.7721096462519856_SIZE_1_1.55_3
GEN_19_FIT_0.7718520485660213_0.7719452933762507_0.7722567751770509_SIZE_1_1.2_2
GEN_20_FIT_0.7719078575813341_0.7719934710599352_0.7722567751770509_SIZE_1_1.3_3
Evaluating in sample:
[GEN_20|make_tuple(9, 30, 199, 290)|0.7720]
[GEN_20|make_tuple(9, 28, 199, mul(104, 3))|0.7723]
Evaluating out-of-sample:
[GEN_20|make_tuple(9, 30, 199, 290)|0.8256]
[GEN_20|make_tuple(9, 28, 199, mul(104, 3))|0.8330]
GEN_21_FIT_0.7719078575813341_0.772141232045402_0.7723067206093874_SIZE_1_1.7_3
GEN_22_FIT_0.772094067423883_0.7722654779444795_0.7723067206093874_SIZE_1_1.9_2
GEN_23_FIT_0.772094067423883_0.7722586616748103_0.7723845557307062_SIZE_1_1.65_2
GEN_24_FIT_0.7721383204133961_0.7722727909011022_0.7723845557307062_SIZE_1_1.4_3
GEN_25_FIT_0.7722762001692257_0.7723458866292027_0.7723845557307062_SIZE_1_2.0_3
GEN_26_FIT_0.7723224003332467_0.7723783401909603_0.7723845557307062_SIZE_1_1.9_2
GEN_27_FIT_0.7723224003332467_0.7723803918680253_0.7723982335778061_SIZE_1_1.75_2
GEN_28_FIT_0.772103282763209_0.7723593682789985_0.7723982335778061_SIZE_1_1.2_2
GEN_29_FIT_0.7723982335778061_0.7723982335778062_0.7723982335778061_SIZE_1_1.0_1
GEN_30_FIT_0.7723982335778061_0.7723982335778062_0.7723982335778061_SIZE_1_1.0_1
GEN_31_FIT_0.7723982335778061_0.7723982335778062_0.7723982335778061_SIZE_1_1.0_1
GEN_32_FIT_0.7723982335778061_0.7723982335778062_0.7723982335778061_SIZE_1_1.0_1
GEN_33_FIT_0.7723982335778061_0.7723985265608087_0.7724040932378539_SIZE_1_1.05_2
GEN_34_FIT_0.7723982335778061_0.7723988195438111_0.7724040932378539_SIZE_1_1.1_2
GEN_35_FIT_0.7723982335778061_0.7723991125268135_0.7724040932378539_SIZE_1_1.1_2
GEN_36_FIT_0.7723982335778061_0.7724012561704232_0.7724059484897133_SIZE_1_1.1_2
GEN_37_FIT_0.7724040932378539_0.7724042787630399_0.7724059484897133_SIZE_1_1.0_1
GEN_38_FIT_0.7724040932378539_0.7724052357794167_0.7724118081497612_SIZE_1_1.05_2
GEN_39_FIT_0.7724040932378539_0.7724077357781749_0.7724118081497612_SIZE_1_1.1_2
GEN_40_FIT_0.7724118081497612_0.7724118081497611_0.7724118081497612_SIZE_1_1.0_1
Evaluating in sample:
[GEN_40|make_tuple(9, 29, 201, 311)|0.7724]
Evaluating out-of-sample:
[GEN_40|make_tuple(9, 29, 201, 311)|0.8309]
GEN_41_FIT_0.7724118081497612_0.7724118081497611_0.7724118081497612_SIZE_1_1.0_1
GEN_42_FIT_0.7724118081497612_0.7724118081497611_0.7724118081497612_SIZE_1_1.0_1
GEN_43_FIT_0.7724118081497612_0.7724118081497611_0.7724118081497612_SIZE_1_1.0_1
GEN_44_FIT_0.7724118081497612_0.7724118081497611_0.7724118081497612_SIZE_1_1.0_1
GEN_45_FIT_0.7724118081497612_0.7724118081497611_0.7724118081497612_SIZE_1_1.0_1
GEN_46_FIT_0.7724118081497612_0.7724118081497611_0.7724118081497612_SIZE_1_1.0_1
GEN_47_FIT_0.7724118081497612_0.7724118081497611_0.7724118081497612_SIZE_1_1.0_1
GEN_48_FIT_0.7724118081497612_0.7724118081497611_0.7724118081497612_SIZE_1_1.0_1
GEN_49_FIT_0.7724118081497612_0.7724118081497611_0.7724118081497612_SIZE_1_1.0_1
GEN_50_FIT_0.7724118081497612_0.7724118081497611_0.7724118081497612_SIZE_1_1.0_1
GEN_51_FIT_0.7724118081497612_0.7724118081497611_0.7724118081497612_SIZE_1_1.0_1
GEN_52_FIT_0.7724118081497612_0.7724118081497611_0.7724118081497612_SIZE_1_1.0_1
GEN_53_FIT_0.7724118081497612_0.7724118081497611_0.7724118081497612_SIZE_1_1.0_1
GEN_54_FIT_0.7724118081497612_0.7724118081497611_0.7724118081497612_SIZE_1_1.0_1
GEN_55_FIT_0.7724118081497612_0.7724118081497611_0.7724118081497612_SIZE_1_1.0_1
GEN_56_FIT_0.7724118081497612_0.7724118081497611_0.7724118081497612_SIZE_1_1.0_1
GEN_57_FIT_0.7724118081497612_0.7724118081497611_0.7724118081497612_SIZE_1_1.0_1
GEN_58_FIT_0.7724118081497612_0.7724118081497611_0.7724118081497612_SIZE_1_1.0_1
GEN_59_FIT_0.7724118081497612_0.7724118081497611_0.7724118081497612_SIZE_1_1.0_1
Evaluating in sample:
[GEN_59|make_tuple(9, 29, 201, 311)|0.7724]
Evaluating out-of-sample:
[GEN_59|make_tuple(9, 29, 201, 311)|0.8309]
Stopped early in iteration 59, no improvement in 20 gens.
START_TASK: 18
GEN_0_FIT_0.6574221736840535_0.6930133228763625_0.7421431303555668_SIZE_1_3.1_15
GEN_1_FIT_0.7226696894123216_0.7385806394182068_0.7657891941580943_SIZE_1_5.75_14
GEN_2_FIT_0.7389994472835145_0.7558281400305358_0.7700975648670587_SIZE_1_3.75_11
GEN_3_FIT_0.7586245454136143_0.7645301443487971_0.7737215246386604_SIZE_1_5.15_11
GEN_4_FIT_0.7646553180691291_0.7698409571132924_0.7737215246386604_SIZE_1_5.25_11
GEN_5_FIT_0.77042396835254_0.772547846428891_0.773975014976656_SIZE_1_4.6_10
GEN_6_FIT_0.7706292277971648_0.7726226635525832_0.7744072568973248_SIZE_1_2.9_8
GEN_7_FIT_0.7719123833636831_0.7733143179072303_0.774795092659809_SIZE_1_2.45_4
GEN_8_FIT_0.7724724464162751_0.7732745963497113_0.774795092659809_SIZE_1_1.9_4
GEN_9_FIT_0.7725736266114136_0.7741409522991554_0.774795092659809_SIZE_1_2.75_5
GEN_10_FIT_0.7740421771462586_0.7742538065691563_0.7748647121132215_SIZE_1_1.5_4
GEN_11_FIT_0.7740421771462586_0.774632298451907_0.7748647121132215_SIZE_1_1.8_4
GEN_12_FIT_0.7748326963356778_0.7748592888153024_0.7749150429438866_SIZE_1_2.8_4
GEN_13_FIT_0.7748049656189956_0.7748771120819942_0.7749150429438866_SIZE_1_2.15_4
GEN_14_FIT_0.7748437898790183_0.7748891202211656_0.7749150429438866_SIZE_1_1.7_3
GEN_15_FIT_0.7748437898790183_0.7748764128548951_0.7749511417273438_SIZE_1_1.3_2
GEN_16_FIT_0.7748552964496608_0.7749085564476995_0.7749511417273438_SIZE_1_1.55_2
GEN_17_FIT_0.7748941207096836_0.7749462719945525_0.775024810124498_SIZE_1_1.8_2
GEN_18_FIT_0.7748941207096836_0.7749574305885372_0.7750436241922196_SIZE_1_1.7_2
GEN_19_FIT_0.7748941207096836_0.774983788478161_0.7750436241922196_SIZE_1_1.35_2
GEN_20_FIT_0.7749568832849829_0.775031761519769_0.7750436241922196_SIZE_1_1.7_2
Evaluating in sample:
[GEN_20|make_tuple(9, 30, 157, 311)|0.7750]
Evaluating out-of-sample:
[GEN_20|make_tuple(9, 30, 157, 311)|0.4574]
GEN_21_FIT_0.775024810124498_0.7750417427854475_0.7750436241922196_SIZE_1_1.3_2
GEN_22_FIT_0.7750436241922196_0.7750495911849917_0.7751629640476618_SIZE_1_1.05_2
GEN_23_FIT_0.7750436241922196_0.7750798309257905_0.7751629640476618_SIZE_1_1.1_2
GEN_24_FIT_0.7751178172396137_0.7751500374022343_0.7751629640476618_SIZE_1_1.25_2
GEN_25_FIT_0.7751629640476618_0.7751812905598402_0.7754170487107592_SIZE_1_1.05_2
GEN_26_FIT_0.7751629640476618_0.7752366906595105_0.7754170487107592_SIZE_1_1.05_2
GEN_27_FIT_0.7752647180830453_0.7753397537742452_0.7754396676894207_SIZE_1_1.0_1
GEN_28_FIT_0.7754170487107592_0.7754250533789062_0.7754414282017308_SIZE_1_1.05_2
GEN_29_FIT_0.7754170487107592_0.7754388760961215_0.7754673132684484_SIZE_1_1.1_2
GEN_30_FIT_0.7754396676894207_0.7754438145262748_0.7754673132684484_SIZE_1_1.1_2
GEN_31_FIT_0.7754396676894207_0.7754507259210317_0.7754673132684484_SIZE_1_1.1_2
GEN_32_FIT_0.7754396676894207_0.7754631664315943_0.7754673132684484_SIZE_1_1.1_2
GEN_33_FIT_0.7754673132684484_0.7754746622581352_0.7756142930621842_SIZE_1_1.0_1
GEN_34_FIT_0.7754673132684484_0.7754893602375088_0.7756142930621842_SIZE_1_1.05_2
GEN_35_FIT_0.7754673132684484_0.7755177793208986_0.7756142930621842_SIZE_1_1.1_2
GEN_36_FIT_0.7755947555550367_0.7756130571826686_0.7756286504861688_SIZE_1_1.25_2
GEN_37_FIT_0.7756142930621842_0.7756178824181802_0.7756286504861688_SIZE_1_1.05_2
GEN_38_FIT_0.7756142930621842_0.7756221896453755_0.7756286504861688_SIZE_1_1.1_2
GEN_39_FIT_0.7756286504861688_0.7756286504861689_0.7756286504861688_SIZE_1_1.0_1
GEN_40_FIT_0.7756286504861688_0.7756286504861689_0.7756286504861688_SIZE_1_1.0_1
Evaluating in sample:
[GEN_40|make_tuple(9, 29, 201, 311)|0.7756]
Evaluating out-of-sample:
[GEN_40|make_tuple(9, 29, 201, 311)|0.4610]
GEN_41_FIT_0.7756286504861688_0.7756286504861689_0.7756286504861688_SIZE_1_1.0_1
GEN_42_FIT_0.7756286504861688_0.7756286504861689_0.7756286504861688_SIZE_1_1.0_1
GEN_43_FIT_0.7756286504861688_0.7756286504861689_0.7756286504861688_SIZE_1_1.0_1
GEN_44_FIT_0.7756286504861688_0.7756286504861689_0.7756286504861688_SIZE_1_1.0_1
GEN_45_FIT_0.7756286504861688_0.7756286504861689_0.7756286504861688_SIZE_1_1.0_1
GEN_46_FIT_0.7756286504861688_0.7756286504861689_0.7756286504861688_SIZE_1_1.0_1
GEN_47_FIT_0.7756286504861688_0.7756286504861689_0.7756286504861688_SIZE_1_1.0_1
GEN_48_FIT_0.7756286504861688_0.7756286504861689_0.7756286504861688_SIZE_1_1.0_1
GEN_49_FIT_0.7756286504861688_0.7756286504861689_0.7756286504861688_SIZE_1_1.0_1
GEN_50_FIT_0.7756286504861688_0.7756286504861689_0.7756286504861688_SIZE_1_1.0_1
GEN_51_FIT_0.7756286504861688_0.7756286504861689_0.7756286504861688_SIZE_1_1.0_1
GEN_52_FIT_0.7756286504861688_0.7756286504861689_0.7756286504861688_SIZE_1_1.0_1
GEN_53_FIT_0.7756286504861688_0.7756286504861689_0.7756286504861688_SIZE_1_1.0_1
GEN_54_FIT_0.7756286504861688_0.7756286504861689_0.7756286504861688_SIZE_1_1.0_1
GEN_55_FIT_0.7756286504861688_0.7756286504861689_0.7756286504861688_SIZE_1_1.0_1
GEN_56_FIT_0.7756286504861688_0.7756286504861689_0.7756286504861688_SIZE_1_1.0_1
GEN_57_FIT_0.7756286504861688_0.7756286504861689_0.7756286504861688_SIZE_1_1.0_1
Evaluating in sample:
[GEN_57|make_tuple(9, 29, 201, 311)|0.7756]
Evaluating out-of-sample:
[GEN_57|make_tuple(9, 29, 201, 311)|0.4610]
Stopped early in iteration 57, no improvement in 20 gens.
START_TASK: 22
