Starting problem: mlr_svm
param:age_regularization:100000.0
param:algorithm:mupluslambda
param:constants_only:True
param:cxpb:0.25
param:early_stop_n:20
param:lambda_:100
param:max_number_operators:None
param:max_start_size:2
param:mu:20
param:ngen:300
param:optimize_constants:False
param:output_file:/home/gijsbers/symbolicdefaults/runs/mlr_svm_True_2.log
param:problem:mlr_svm
param:subset:1.0
param:task:None
param:warm_start:False
Benchmark problems: mlr_svm
Loading surrogates from file.
START_TASK: 3
GEN_0_FIT_0.7221863330047101_0.8076662903230142_0.8574504468746518_SIZE_1_2.65_9
GEN_1_FIT_0.8279781465246252_0.8449634208737871_0.8577294971099151_SIZE_1_3.25_9
GEN_2_FIT_0.8568564780046755_0.8575725086977941_0.8593730174042137_SIZE_1_3.45_10
GEN_3_FIT_0.8578878043482813_0.8585592353638842_0.8594386901777056_SIZE_1_1.05_2
GEN_4_FIT_0.8586573482116048_0.8591560257752799_0.8597839592596946_SIZE_1_1.05_2
GEN_5_FIT_0.8593730174042137_0.8596207540947025_0.8600977939208504_SIZE_1_1.15_2
GEN_6_FIT_0.8597837302594332_0.8599420289072173_0.8600977939208504_SIZE_1_1.2_2
GEN_7_FIT_0.8600345381903824_0.8600781659355274_0.8601147017203801_SIZE_1_1.3_2
GEN_8_FIT_0.8600871030751758_0.8601070163430462_0.8602094070730453_SIZE_1_1.15_2
GEN_9_FIT_0.8601147017203801_0.860139922266183_0.8602209927347436_SIZE_1_1.15_2
GEN_10_FIT_0.8601357729430528_0.8601933302903395_0.8603030578162928_SIZE_1_1.4_3
GEN_11_FIT_0.8601914115918826_0.8602257466181765_0.8603108577692262_SIZE_1_1.35_3
GEN_12_FIT_0.8602111162599698_0.8602493664768758_0.8603108577692262_SIZE_1_1.2_2
GEN_13_FIT_0.8602209927347436_0.8602656975747982_0.8603108577692262_SIZE_1_1.15_2
GEN_14_FIT_0.860291153101139_0.8603049463687998_0.8603108577692262_SIZE_1_1.1_2
GEN_15_FIT_0.8603108577692262_0.8603108577692261_0.8603108577692262_SIZE_1_1.0_1
GEN_16_FIT_0.8603108577692262_0.8603108577692261_0.8603108577692262_SIZE_1_1.0_1
GEN_17_FIT_0.8603108577692262_0.8603115372476084_0.8603244473368711_SIZE_1_1.0_1
GEN_18_FIT_0.8603108577692262_0.8603135756827551_0.8603244473368711_SIZE_1_1.0_1
GEN_19_FIT_0.8603108577692262_0.8603190115098129_0.8603244473368711_SIZE_1_1.0_1
GEN_20_FIT_0.8603244473368711_0.8603244473368712_0.8603244473368711_SIZE_1_1.0_1
Evaluating in sample:
[GEN_20|make_tuple(154, 0.0021569100628247772)|0.8603]
Evaluating out-of-sample:
[GEN_20|make_tuple(154, 0.0021569100628247772)|0.9128]
GEN_21_FIT_0.8603244473368711_0.8603244473368712_0.8603244473368711_SIZE_1_1.0_1
GEN_22_FIT_0.8603244473368711_0.8603244473368712_0.8603244473368711_SIZE_1_1.0_1
GEN_23_FIT_0.8603244473368711_0.8603244473368712_0.8603244473368711_SIZE_1_1.0_1
GEN_24_FIT_0.8603244473368711_0.8603244473368712_0.8603244473368711_SIZE_1_1.0_1
GEN_25_FIT_0.8603244473368711_0.8603244473368712_0.8603244473368711_SIZE_1_1.0_1
GEN_26_FIT_0.8603244473368711_0.8603244473368712_0.8603244473368711_SIZE_1_1.0_1
GEN_27_FIT_0.8603244473368711_0.8603244473368712_0.8603244473368711_SIZE_1_1.0_1
GEN_28_FIT_0.8603244473368711_0.8603244473368712_0.8603244473368711_SIZE_1_1.0_1
GEN_29_FIT_0.8603244473368711_0.860324475711414_0.8603250148277263_SIZE_1_1.0_1
GEN_30_FIT_0.8603244473368711_0.8603245324604994_0.8603250148277263_SIZE_1_1.0_1
GEN_31_FIT_0.8603244473368711_0.8603246459586705_0.8603250148277263_SIZE_1_1.0_1
GEN_32_FIT_0.8603250148277263_0.8603250148277264_0.8603250148277263_SIZE_1_1.0_1
GEN_33_FIT_0.8603250148277263_0.8603250148277264_0.8603250148277263_SIZE_1_1.0_1
GEN_34_FIT_0.8603250148277263_0.8603250148277264_0.8603250148277263_SIZE_1_1.0_1
GEN_35_FIT_0.8603250148277263_0.8603250148277264_0.8603250148277263_SIZE_1_1.0_1
GEN_36_FIT_0.8603250148277263_0.8603253117458669_0.8603309531905404_SIZE_1_1.05_2
GEN_37_FIT_0.8603250148277263_0.8603253164078716_0.860331046430634_SIZE_1_1.05_2
GEN_38_FIT_0.8603250148277263_0.860325617988017_0.860331046430634_SIZE_1_1.1_2
GEN_39_FIT_0.8603250148277263_0.860325617988017_0.860331046430634_SIZE_1_1.1_2
GEN_40_FIT_0.8603250148277263_0.860325617988017_0.860331046430634_SIZE_1_1.1_2
Evaluating in sample:
[GEN_40|make_tuple(170, 0.0021569100628247772)|0.8603]
[GEN_40|make_tuple(sub(170, 0.6185213408801581), 0.0021569100628247772)|0.8603]
Evaluating out-of-sample:
[GEN_40|make_tuple(170, 0.0021569100628247772)|0.9181]
[GEN_40|make_tuple(sub(170, 0.6185213408801581), 0.0021569100628247772)|0.9181]
GEN_41_FIT_0.8603250148277263_0.860325617988017_0.860331046430634_SIZE_1_1.1_2
GEN_42_FIT_0.8603250148277263_0.860325617988017_0.860331046430634_SIZE_1_1.1_2
GEN_43_FIT_0.8603250148277263_0.860325617988017_0.860331046430634_SIZE_1_1.1_2
GEN_44_FIT_0.8603250148277263_0.860325617988017_0.860331046430634_SIZE_1_1.1_2
GEN_45_FIT_0.8603250148277263_0.860325617988017_0.860331046430634_SIZE_1_1.1_2
GEN_46_FIT_0.8603250148277263_0.860325617988017_0.860331046430634_SIZE_1_1.1_2
GEN_47_FIT_0.8603250148277263_0.860325617988017_0.860331046430634_SIZE_1_1.1_2
GEN_48_FIT_0.8603250148277263_0.860325617988017_0.860331046430634_SIZE_1_1.1_2
GEN_49_FIT_0.8603250148277263_0.860325617988017_0.860331046430634_SIZE_1_1.1_2
GEN_50_FIT_0.8603250148277263_0.860325617988017_0.860331046430634_SIZE_1_1.1_2
GEN_51_FIT_0.8603250148277263_0.860325617988017_0.860331046430634_SIZE_1_1.1_2
GEN_52_FIT_0.8603250148277263_0.860325617988017_0.860331046430634_SIZE_1_1.1_2
GEN_53_FIT_0.8603250148277263_0.860325617988017_0.860331046430634_SIZE_1_1.1_2
GEN_54_FIT_0.8603250148277263_0.860325617988017_0.860331046430634_SIZE_1_1.1_2
GEN_55_FIT_0.8603250148277263_0.860325617988017_0.860331046430634_SIZE_1_1.1_2
GEN_56_FIT_0.8603250148277263_0.860325617988017_0.860331046430634_SIZE_1_1.1_2
GEN_57_FIT_0.8603250148277263_0.860325617988017_0.860331046430634_SIZE_1_1.1_2
GEN_58_FIT_0.8603250148277263_0.860325617988017_0.860331046430634_SIZE_1_1.1_2
Evaluating in sample:
[GEN_58|make_tuple(170, 0.0021569100628247772)|0.8603]
[GEN_58|make_tuple(sub(170, 0.6185213408801581), 0.0021569100628247772)|0.8603]
Evaluating out-of-sample:
[GEN_58|make_tuple(170, 0.0021569100628247772)|0.9181]
[GEN_58|make_tuple(sub(170, 0.6185213408801581), 0.0021569100628247772)|0.9181]
Stopped early in iteration 58, no improvement in 20 gens.
START_TASK: 6
GEN_0_FIT_0.7616659710528709_0.8201944676879724_0.8594182043453835_SIZE_1_1.7_3
GEN_1_FIT_0.846625435534122_0.8539771956167913_0.8594590302840698_SIZE_1_1.5_4
GEN_2_FIT_0.8584671992594618_0.8591045586547906_0.8598934080176531_SIZE_1_1.2_2
GEN_3_FIT_0.8594182043453835_0.8596326139114506_0.8598934080176531_SIZE_1_1.15_2
GEN_4_FIT_0.8596451011707262_0.8598189743796055_0.8599277814189142_SIZE_1_1.05_2
GEN_5_FIT_0.8598934080176531_0.8599155445599566_0.8601447592417995_SIZE_1_1.0_1
GEN_6_FIT_0.8599277814189142_0.8599874722745755_0.8601447592417995_SIZE_1_1.1_2
GEN_7_FIT_0.8599710207348523_0.8600658249315073_0.8602120251317008_SIZE_1_1.1_2
GEN_8_FIT_0.8601417087049763_0.8601541564790235_0.8602120251317008_SIZE_1_1.1_2
GEN_9_FIT_0.8601447592417995_0.8601721681577649_0.8602134399167439_SIZE_1_1.05_2
GEN_10_FIT_0.8602120251317008_0.8602125843784677_0.8602189657119097_SIZE_1_1.0_1
GEN_11_FIT_0.8602120251317008_0.860214002358869_0.8602203804969528_SIZE_1_1.05_2
GEN_12_FIT_0.8602134399167439_0.8602174748807631_0.8602203804969528_SIZE_1_1.15_2
GEN_13_FIT_0.8602189657119097_0.8602195406510074_0.8602208023241674_SIZE_1_1.15_3
GEN_14_FIT_0.8602191648076393_0.8602201187573458_0.8602208023241674_SIZE_1_1.3_3
GEN_15_FIT_0.8602203804969528_0.8602204226796741_0.8602208023241674_SIZE_1_1.2_3
GEN_16_FIT_0.8602203804969528_0.8602204226796741_0.8602208023241674_SIZE_1_1.2_3
GEN_17_FIT_0.8602203804969528_0.8602204226796741_0.8602208023241674_SIZE_1_1.2_3
GEN_18_FIT_0.8602203804969528_0.8602204235290303_0.8602208108177289_SIZE_1_1.2_3
GEN_19_FIT_0.8602203804969528_0.8602204235290303_0.8602208108177289_SIZE_1_1.2_3
GEN_20_FIT_0.8602203804969528_0.8602204235290303_0.8602208108177289_SIZE_1_1.2_3
Evaluating in sample:
[GEN_20|make_tuple(180, 0.002491231904075411)|0.8602]
[GEN_20|make_tuple(add(add(0.3990645716985048, 2), 178), 0.002491231904075411)|0.8602]
Evaluating out-of-sample:
[GEN_20|make_tuple(180, 0.002491231904075411)|0.9436]
[GEN_20|make_tuple(add(add(0.3990645716985048, 2), 178), 0.002491231904075411)|0.9436]
GEN_21_FIT_0.8602203804969528_0.8602204235290303_0.8602208108177289_SIZE_1_1.2_3
GEN_22_FIT_0.8602203804969528_0.8602204020129915_0.8602208108177289_SIZE_1_1.05_2
GEN_23_FIT_0.8602203804969528_0.8602204235290303_0.8602208108177289_SIZE_1_1.1_2
GEN_24_FIT_0.8602203804969528_0.8602204235290303_0.8602208108177289_SIZE_1_1.1_2
GEN_25_FIT_0.8602203804969528_0.8602204235290303_0.8602208108177289_SIZE_1_1.1_2
GEN_26_FIT_0.8602203804969528_0.8602204235290303_0.8602208108177289_SIZE_1_1.1_2
GEN_27_FIT_0.8602203804969528_0.8602204235290303_0.8602208108177289_SIZE_1_1.1_2
GEN_28_FIT_0.8602203804969528_0.8602204235290303_0.8602208108177289_SIZE_1_1.1_2
GEN_29_FIT_0.8602203804969528_0.8602204235290303_0.8602208108177289_SIZE_1_1.1_2
GEN_30_FIT_0.8602203804969528_0.8602204235290303_0.8602208108177289_SIZE_1_1.1_2
GEN_31_FIT_0.8602203804969528_0.8602204235290303_0.8602208108177289_SIZE_1_1.1_2
GEN_32_FIT_0.8602203804969528_0.8602204235290303_0.8602208108177289_SIZE_1_1.1_2
GEN_33_FIT_0.8602203804969528_0.8602204235290303_0.8602208108177289_SIZE_1_1.1_2
GEN_34_FIT_0.8602203804969528_0.8602204235290303_0.8602208108177289_SIZE_1_1.1_2
GEN_35_FIT_0.8602203804969528_0.8602204235290303_0.8602208108177289_SIZE_1_1.1_2
GEN_36_FIT_0.8602203804969528_0.8602204235290303_0.8602208108177289_SIZE_1_1.1_2
GEN_37_FIT_0.8602203804969528_0.8602204235290303_0.8602208108177289_SIZE_1_1.1_2
GEN_38_FIT_0.8602203804969528_0.8602204235290303_0.8602208108177289_SIZE_1_1.1_2
GEN_39_FIT_0.8602203804969528_0.8602204235290303_0.8602208108177289_SIZE_1_1.1_2
GEN_40_FIT_0.8602203804969528_0.8602204235290303_0.8602208108177289_SIZE_1_1.1_2
Evaluating in sample:
[GEN_40|make_tuple(180, 0.002491231904075411)|0.8602]
[GEN_40|make_tuple(add(0.2853111997014395, 180), 0.002491231904075411)|0.8602]
Evaluating out-of-sample:
[GEN_40|make_tuple(180, 0.002491231904075411)|0.9436]
[GEN_40|make_tuple(add(0.2853111997014395, 180), 0.002491231904075411)|0.9436]
GEN_41_FIT_0.8602203804969528_0.8602216315190623_0.8602445402975918_SIZE_1_1.1_2
GEN_42_FIT_0.8602203804969528_0.8602240259830873_0.8602449706183679_SIZE_1_1.1_2
GEN_43_FIT_0.8602203804969528_0.8602325034293499_0.8602449706183679_SIZE_1_1.2_2
GEN_44_FIT_0.8602445402975918_0.8602445833296695_0.8602449706183679_SIZE_1_1.1_2
GEN_45_FIT_0.8602445402975918_0.8602445833296695_0.8602449706183679_SIZE_1_1.1_2
GEN_46_FIT_0.8602445402975918_0.8602445833296695_0.8602449706183679_SIZE_1_1.1_2
GEN_47_FIT_0.8602445402975918_0.8602445833296695_0.8602449706183679_SIZE_1_1.1_2
GEN_48_FIT_0.8602445402975918_0.8602445833296695_0.8602449706183679_SIZE_1_1.1_2
GEN_49_FIT_0.8602445402975918_0.8602445833296695_0.8602449706183679_SIZE_1_1.1_2
GEN_50_FIT_0.8602445402975918_0.8602445833296695_0.8602449706183679_SIZE_1_1.1_2
GEN_51_FIT_0.8602445402975918_0.8602445833296695_0.8602449706183679_SIZE_1_1.1_2
GEN_52_FIT_0.8602445402975918_0.8602445833296695_0.8602449706183679_SIZE_1_1.1_2
GEN_53_FIT_0.8602445402975918_0.8602445833296695_0.8602449706183679_SIZE_1_1.1_2
GEN_54_FIT_0.8602445402975918_0.8602445833296695_0.8602449706183679_SIZE_1_1.1_2
GEN_55_FIT_0.8602445402975918_0.8602445833296695_0.8602449706183679_SIZE_1_1.1_2
GEN_56_FIT_0.8602445402975918_0.8602445833296695_0.8602449706183679_SIZE_1_1.1_2
GEN_57_FIT_0.8602445402975918_0.8602445833296695_0.8602449706183679_SIZE_1_1.1_2
GEN_58_FIT_0.8602445402975918_0.8602445833296695_0.8602449706183679_SIZE_1_1.1_2
GEN_59_FIT_0.8602445402975918_0.8602445833296695_0.8602449706183679_SIZE_1_1.1_2
GEN_60_FIT_0.8602445402975918_0.8602445833296695_0.8602449706183679_SIZE_1_1.1_2
Evaluating in sample:
[GEN_60|make_tuple(180, 0.0024616670778781938)|0.8602]
[GEN_60|make_tuple(add(0.30100750919295083, 180), 0.0024616670778781938)|0.8602]
Evaluating out-of-sample:
[GEN_60|make_tuple(180, 0.0024616670778781938)|0.9436]
[GEN_60|make_tuple(add(0.30100750919295083, 180), 0.0024616670778781938)|0.9436]
GEN_61_FIT_0.8602445402975918_0.8602445833296695_0.8602449706183679_SIZE_1_1.1_2
GEN_62_FIT_0.8602445402975918_0.8602445833296695_0.8602449706183679_SIZE_1_1.1_2
GEN_63_FIT_0.8602445402975918_0.8602445833296695_0.8602449706183679_SIZE_1_1.1_2
Evaluating in sample:
[GEN_63|make_tuple(180, 0.0024616670778781938)|0.8602]
[GEN_63|make_tuple(add(0.30100750919295083, 180), 0.0024616670778781938)|0.8602]
Evaluating out-of-sample:
[GEN_63|make_tuple(180, 0.0024616670778781938)|0.9436]
[GEN_63|make_tuple(add(0.30100750919295083, 180), 0.0024616670778781938)|0.9436]
Stopped early in iteration 63, no improvement in 20 gens.
START_TASK: 11
GEN_0_FIT_0.6909206810619815_0.7863581970133932_0.8460622855713816_SIZE_1_2.9_8
GEN_1_FIT_0.8447210712609257_0.8478171652677547_0.858403717928927_SIZE_1_1.15_3
GEN_2_FIT_0.8477662110452765_0.8543930457587445_0.859279211232471_SIZE_1_1.5_3
GEN_3_FIT_0.8583570878604172_0.8589207885087186_0.859279211232471_SIZE_1_1.85_4
GEN_4_FIT_0.8589781563560605_0.8591965709511594_0.859671245360793_SIZE_1_1.6_4
GEN_5_FIT_0.8591934370231497_0.8595709442048587_0.8606179341864567_SIZE_1_2.05_4
GEN_6_FIT_0.8594448630771002_0.8599813667990229_0.8606179341864567_SIZE_1_1.7_4
GEN_7_FIT_0.8601057802634902_0.8603814532932113_0.8606179341864567_SIZE_1_1.15_2
GEN_8_FIT_0.8604989723500479_0.8606088075570295_0.8606619415349466_SIZE_1_1.05_2
GEN_9_FIT_0.8606179341864567_0.8606290414243496_0.8606619415349466_SIZE_1_1.0_1
GEN_10_FIT_0.8606179341864567_0.8606467943808201_0.8606619415349466_SIZE_1_1.05_2
GEN_11_FIT_0.8606407687868813_0.860659094846552_0.8606619415349466_SIZE_1_1.05_2
GEN_12_FIT_0.8606619415349466_0.8606619415349466_0.8606619415349466_SIZE_1_1.0_1
GEN_13_FIT_0.8606619415349466_0.8606619626263073_0.8606623633621612_SIZE_1_1.05_2
GEN_14_FIT_0.8606619415349466_0.860661983717668_0.8606623633621612_SIZE_1_1.1_2
GEN_15_FIT_0.8606619415349466_0.8606620052337067_0.8606623718557226_SIZE_1_1.2_3
GEN_16_FIT_0.8606619415349466_0.8606620267497457_0.8606623718557226_SIZE_1_1.3_3
GEN_17_FIT_0.8606619415349466_0.8606620267497457_0.8606623718557226_SIZE_1_1.3_3
GEN_18_FIT_0.8606619415349466_0.8606620267497457_0.8606623718557226_SIZE_1_1.3_3
GEN_19_FIT_0.8606619415349466_0.8606620267497457_0.8606623718557226_SIZE_1_1.3_3
GEN_20_FIT_0.8606619415349466_0.8606620267497457_0.8606623718557226_SIZE_1_1.3_3
Evaluating in sample:
[GEN_20|make_tuple(180, 0.002460912111227188)|0.8607]
[GEN_20|make_tuple(sub(180, 0.4583526603701861), 0.002460912111227188)|0.8607]
[GEN_20|make_tuple(sub(180, neg(0.4583526603701861)), 0.002460912111227188)|0.8607]
Evaluating out-of-sample:
[GEN_20|make_tuple(180, 0.002460912111227188)|0.8925]
[GEN_20|make_tuple(sub(180, 0.4583526603701861), 0.002460912111227188)|0.8925]
[GEN_20|make_tuple(sub(180, neg(0.4583526603701861)), 0.002460912111227188)|0.8925]
GEN_21_FIT_0.8606619415349466_0.8606619630509854_0.8606623718557226_SIZE_1_1.05_2
GEN_22_FIT_0.8606619415349466_0.8606661474751294_0.8607055531005003_SIZE_1_1.1_2
GEN_23_FIT_0.8606619415349466_0.86067467153979_0.8607055531005003_SIZE_1_1.1_2
GEN_24_FIT_0.8607015881314973_0.8607050779429528_0.8607158747945632_SIZE_1_1.05_2
GEN_25_FIT_0.8607055531005003_0.8607081550400549_0.8607158747945632_SIZE_1_1.05_2
GEN_26_FIT_0.8607055531005003_0.8607133158870864_0.8607163051153394_SIZE_1_1.1_2
GEN_27_FIT_0.8607158747945632_0.8607159178266409_0.8607163051153394_SIZE_1_1.1_2
GEN_28_FIT_0.8607158747945632_0.8607159178266409_0.8607163051153394_SIZE_1_1.1_2
GEN_29_FIT_0.8607158747945632_0.8607159178266409_0.8607163051153394_SIZE_1_1.1_2
GEN_30_FIT_0.8607158747945632_0.8607159178266409_0.8607163051153394_SIZE_1_1.1_2
GEN_31_FIT_0.8607158747945632_0.8607159178266409_0.8607163051153394_SIZE_1_1.1_2
GEN_32_FIT_0.8607158747945632_0.8607159178266409_0.8607163051153394_SIZE_1_1.1_2
GEN_33_FIT_0.8607158747945632_0.8607159178266409_0.8607163051153394_SIZE_1_1.1_2
GEN_34_FIT_0.8607158747945632_0.8607159178266409_0.8607163051153394_SIZE_1_1.1_2
GEN_35_FIT_0.8607158747945632_0.8607159178266409_0.8607163051153394_SIZE_1_1.1_2
GEN_36_FIT_0.8607158747945632_0.8607159178266409_0.8607163051153394_SIZE_1_1.1_2
GEN_37_FIT_0.8607158747945632_0.8607159178266409_0.8607163051153394_SIZE_1_1.1_2
GEN_38_FIT_0.8607158747945632_0.8607159178266409_0.8607163051153394_SIZE_1_1.1_2
GEN_39_FIT_0.8607158747945632_0.8607159178266409_0.8607163051153394_SIZE_1_1.1_2
GEN_40_FIT_0.8607158747945632_0.8607159178266409_0.8607163051153394_SIZE_1_1.1_2
Evaluating in sample:
[GEN_40|make_tuple(180, 0.0024847067221343668)|0.8607]
[GEN_40|make_tuple(add(180, 0.3461472101992822), 0.0024847067221343668)|0.8607]
Evaluating out-of-sample:
[GEN_40|make_tuple(180, 0.0024847067221343668)|0.8925]
[GEN_40|make_tuple(add(180, 0.3461472101992822), 0.0024847067221343668)|0.8925]
GEN_41_FIT_0.8607158747945632_0.8607159178266409_0.8607163051153394_SIZE_1_1.1_2
GEN_42_FIT_0.8607158747945632_0.8607159178266409_0.8607163051153394_SIZE_1_1.1_2
GEN_43_FIT_0.8607158747945632_0.8607159178266409_0.8607163051153394_SIZE_1_1.1_2
GEN_44_FIT_0.8607158747945632_0.8607159178266409_0.8607163051153394_SIZE_1_1.1_2
GEN_45_FIT_0.8607158747945632_0.8607159178266409_0.8607163051153394_SIZE_1_1.1_2
GEN_46_FIT_0.8607158747945632_0.8607159178266409_0.8607163051153394_SIZE_1_1.1_2
GEN_47_FIT_0.8607158747945632_0.8607159178266409_0.8607163051153394_SIZE_1_1.1_2
Evaluating in sample:
[GEN_47|make_tuple(180, 0.0024847067221343668)|0.8607]
[GEN_47|make_tuple(add(180, 0.3461472101992822), 0.0024847067221343668)|0.8607]
Evaluating out-of-sample:
[GEN_47|make_tuple(180, 0.0024847067221343668)|0.8925]
[GEN_47|make_tuple(add(180, 0.3461472101992822), 0.0024847067221343668)|0.8925]
Stopped early in iteration 47, no improvement in 20 gens.
START_TASK: 12
GEN_0_FIT_0.782931679513638_0.8355740189395504_0.8585970862302629_SIZE_1_2.0_6
GEN_1_FIT_0.8550830938352916_0.857408152501525_0.8585970862302629_SIZE_1_1.65_3
GEN_2_FIT_0.8581390121077619_0.8584300089977475_0.8590915608521399_SIZE_1_1.7_3
GEN_3_FIT_0.8584848357022065_0.8588085840004126_0.8595107716258962_SIZE_1_1.5_3
GEN_4_FIT_0.8589015017263637_0.859151862268131_0.8595578790952068_SIZE_1_1.05_2
GEN_5_FIT_0.8591932130809202_0.8594759364986073_0.8595578790952068_SIZE_1_1.05_2
GEN_6_FIT_0.8595107716258962_0.8595550571130447_0.8596039315308202_SIZE_1_1.0_1
GEN_7_FIT_0.8595578790952068_0.859578860830219_0.8596039315308202_SIZE_1_1.0_1
GEN_8_FIT_0.8595977644579839_0.8596050120641563_0.8596822615423829_SIZE_1_1.0_1
GEN_9_FIT_0.8596039315308202_0.8596102579344775_0.8596822615423829_SIZE_1_1.0_1
GEN_10_FIT_0.8596039315308202_0.859630459946068_0.8596892021225921_SIZE_1_1.0_1
GEN_11_FIT_0.8596299279711777_0.859679385099926_0.8596892021225921_SIZE_1_1.1_2
GEN_12_FIT_0.8596892021225921_0.8596892232139529_0.8596896239498067_SIZE_1_1.05_2
GEN_13_FIT_0.8596892021225921_0.8596892443053136_0.8596896239498067_SIZE_1_1.1_2
GEN_14_FIT_0.8596892021225921_0.8596892443053136_0.8596896239498067_SIZE_1_1.1_2
GEN_15_FIT_0.8596892021225921_0.8596892443053136_0.8596896239498067_SIZE_1_1.1_2
GEN_16_FIT_0.8596892021225921_0.8596892443053136_0.8596896239498067_SIZE_1_1.1_2
GEN_17_FIT_0.8596892021225921_0.8596895723476592_0.8596930923364182_SIZE_1_1.05_2
GEN_18_FIT_0.8596892021225921_0.8596897480620351_0.8596930923364182_SIZE_1_1.1_2
GEN_19_FIT_0.8596892021225921_0.8596911025857938_0.8596930923364182_SIZE_1_1.15_2
GEN_20_FIT_0.859692286089332_0.8596930547437871_0.8596935226571943_SIZE_1_1.2_2
Evaluating in sample:
[GEN_20|make_tuple(180, 0.0024824619864658726)|0.8597]
[GEN_20|make_tuple(add(0.26561601303519794, 180), 0.0024824619864658726)|0.8597]
Evaluating out-of-sample:
[GEN_20|make_tuple(180, 0.0024824619864658726)|0.9988]
[GEN_20|make_tuple(add(0.26561601303519794, 180), 0.0024824619864658726)|0.9988]
GEN_21_FIT_0.8596930923364182_0.8596931353684957_0.8596935226571943_SIZE_1_1.1_2
GEN_22_FIT_0.8596930923364182_0.8596931353684957_0.8596935226571943_SIZE_1_1.1_2
GEN_23_FIT_0.8596930923364182_0.8596931353684957_0.8596935226571943_SIZE_1_1.1_2
GEN_24_FIT_0.8596930923364182_0.8596931353684957_0.8596935226571943_SIZE_1_1.1_2
GEN_25_FIT_0.8596930923364182_0.8596931353684957_0.8596935226571943_SIZE_1_1.1_2
GEN_26_FIT_0.8596930923364182_0.8596931353684957_0.8596935226571943_SIZE_1_1.1_2
GEN_27_FIT_0.8596930923364182_0.8596931353684957_0.8596935226571943_SIZE_1_1.1_2
GEN_28_FIT_0.8596930923364182_0.8596931353684957_0.8596935226571943_SIZE_1_1.1_2
GEN_29_FIT_0.8596930923364182_0.8596931353684957_0.8596935226571943_SIZE_1_1.1_2
GEN_30_FIT_0.8596930923364182_0.8596931353684957_0.8596935226571943_SIZE_1_1.1_2
GEN_31_FIT_0.8596930923364182_0.8596931353684957_0.8596935226571943_SIZE_1_1.1_2
GEN_32_FIT_0.8596930923364182_0.8596931353684957_0.8596935226571943_SIZE_1_1.1_2
GEN_33_FIT_0.8596930923364182_0.8596931353684957_0.8596935226571943_SIZE_1_1.1_2
GEN_34_FIT_0.8596930923364182_0.8596931353684957_0.8596935226571943_SIZE_1_1.1_2
GEN_35_FIT_0.8596930923364182_0.8596931353684957_0.8596935226571943_SIZE_1_1.1_2
GEN_36_FIT_0.8596930923364182_0.8596931353684957_0.8596935226571943_SIZE_1_1.1_2
GEN_37_FIT_0.8596930923364182_0.8596931353684957_0.8596935226571943_SIZE_1_1.1_2
GEN_38_FIT_0.8596930923364182_0.8596931353684957_0.8596935226571943_SIZE_1_1.1_2
GEN_39_FIT_0.8596930923364182_0.8596931353684957_0.8596935226571943_SIZE_1_1.1_2
GEN_40_FIT_0.8596930923364182_0.8596931353684957_0.8596935226571943_SIZE_1_1.1_2
Evaluating in sample:
[GEN_40|make_tuple(180, 0.0024824619864658726)|0.8597]
[GEN_40|make_tuple(add(0.26561601303519794, 180), 0.0024824619864658726)|0.8597]
Evaluating out-of-sample:
[GEN_40|make_tuple(180, 0.0024824619864658726)|0.9988]
[GEN_40|make_tuple(add(0.26561601303519794, 180), 0.0024824619864658726)|0.9988]
GEN_41_FIT_0.8596930923364182_0.8596932098455067_0.8596945818766379_SIZE_1_1.1_2
GEN_42_FIT_0.8596930923364182_0.8596933372834898_0.8596950121974141_SIZE_1_1.1_2
GEN_43_FIT_0.8596930923364182_0.8596935077535507_0.8596950121974141_SIZE_1_1.15_2
GEN_44_FIT_0.8596930923364182_0.8596941466017162_0.8596950121974141_SIZE_1_1.3_2
GEN_45_FIT_0.8596945818766379_0.8596946249087157_0.8596950121974141_SIZE_1_1.1_2
GEN_46_FIT_0.8596945818766379_0.8596946249087157_0.8596950121974141_SIZE_1_1.1_2
GEN_47_FIT_0.8596945818766379_0.8596946249087157_0.8596950121974141_SIZE_1_1.1_2
GEN_48_FIT_0.8596945818766379_0.8596946249087157_0.8596950121974141_SIZE_1_1.1_2
GEN_49_FIT_0.8596945818766379_0.8596946249087157_0.8596950121974141_SIZE_1_1.1_2
GEN_50_FIT_0.8596945818766379_0.8596946249087157_0.8596950121974141_SIZE_1_1.1_2
GEN_51_FIT_0.8596945818766379_0.8596946249087157_0.8596950121974141_SIZE_1_1.1_2
GEN_52_FIT_0.8596945818766379_0.8596946249087157_0.8596950121974141_SIZE_1_1.1_2
GEN_53_FIT_0.8596945818766379_0.8596946249087157_0.8596950121974141_SIZE_1_1.1_2
GEN_54_FIT_0.8596945818766379_0.8596946249087157_0.8596950121974141_SIZE_1_1.1_2
GEN_55_FIT_0.8596945818766379_0.8596948623232251_0.8596993301668279_SIZE_1_1.1_2
GEN_56_FIT_0.8596945818766379_0.8596955745667536_0.8596993301668279_SIZE_1_1.1_2
GEN_57_FIT_0.8596945818766379_0.8596974523667908_0.859699760487604_SIZE_1_1.1_2
GEN_58_FIT_0.8596993301668279_0.8596993731989053_0.859699760487604_SIZE_1_1.1_2
GEN_59_FIT_0.8596993301668279_0.8596993731989053_0.859699760487604_SIZE_1_1.1_2
GEN_60_FIT_0.8596993301668279_0.8596993731989053_0.859699760487604_SIZE_1_1.1_2
Evaluating in sample:
[GEN_60|make_tuple(180, 0.002485160969722988)|0.8597]
[GEN_60|make_tuple(add(180, 0.2484330392193934), 0.002485160969722988)|0.8597]
Evaluating out-of-sample:
[GEN_60|make_tuple(180, 0.002485160969722988)|0.9988]
[GEN_60|make_tuple(add(180, 0.2484330392193934), 0.002485160969722988)|0.9988]
GEN_61_FIT_0.8596993301668279_0.8596993731989053_0.859699760487604_SIZE_1_1.1_2
GEN_62_FIT_0.8596993301668279_0.8596993731989053_0.859699760487604_SIZE_1_1.1_2
GEN_63_FIT_0.8596993301668279_0.8596993731989053_0.859699760487604_SIZE_1_1.1_2
GEN_64_FIT_0.8596993301668279_0.8596993731989053_0.859699760487604_SIZE_1_1.1_2
GEN_65_FIT_0.8596993301668279_0.8596993731989053_0.859699760487604_SIZE_1_1.1_2
GEN_66_FIT_0.8596993301668279_0.8596993731989053_0.859699760487604_SIZE_1_1.1_2
GEN_67_FIT_0.8596993301668279_0.8596993731989053_0.859699760487604_SIZE_1_1.1_2
GEN_68_FIT_0.8596993301668279_0.8596993731989053_0.859699760487604_SIZE_1_1.1_2
GEN_69_FIT_0.8596993301668279_0.8596993731989053_0.859699760487604_SIZE_1_1.1_2
GEN_70_FIT_0.8596993301668279_0.8596993731989053_0.859699760487604_SIZE_1_1.1_2
GEN_71_FIT_0.8596993301668279_0.8596993731989053_0.859699760487604_SIZE_1_1.1_2
GEN_72_FIT_0.8596993301668279_0.8596993731989053_0.859699760487604_SIZE_1_1.1_2
GEN_73_FIT_0.8596993301668279_0.8596993731989053_0.859699760487604_SIZE_1_1.1_2
GEN_74_FIT_0.8596993301668279_0.8596993731989053_0.859699760487604_SIZE_1_1.1_2
GEN_75_FIT_0.8596993301668279_0.8596993731989053_0.859699760487604_SIZE_1_1.1_2
GEN_76_FIT_0.8596993301668279_0.8596993731989053_0.859699760487604_SIZE_1_1.1_2
GEN_77_FIT_0.8596993301668279_0.8596993731989053_0.859699760487604_SIZE_1_1.1_2
GEN_78_FIT_0.8596993301668279_0.8596993731989053_0.859699760487604_SIZE_1_1.1_2
Evaluating in sample:
[GEN_78|make_tuple(180, 0.002485160969722988)|0.8597]
[GEN_78|make_tuple(add(180, 0.2484330392193934), 0.002485160969722988)|0.8597]
Evaluating out-of-sample:
[GEN_78|make_tuple(180, 0.002485160969722988)|0.9988]
[GEN_78|make_tuple(add(180, 0.2484330392193934), 0.002485160969722988)|0.9988]
Stopped early in iteration 78, no improvement in 20 gens.
START_TASK: 14
GEN_0_FIT_0.7819375215290449_0.8312240007014715_0.8579044082224423_SIZE_1_2.05_7
GEN_1_FIT_0.8540313976723292_0.8561361002040127_0.8590333290241315_SIZE_1_1.55_3
GEN_2_FIT_0.8580971062718_0.8587151839834171_0.8597555356439192_SIZE_1_1.75_3
GEN_3_FIT_0.8587310015983848_0.8592078786027487_0.8599032333710647_SIZE_1_1.6_3
GEN_4_FIT_0.8592776342892211_0.8596724707962634_0.860126389864426_SIZE_1_1.95_3
GEN_5_FIT_0.8594222978051773_0.8597287065395681_0.8601765952206395_SIZE_1_1.6_3
GEN_6_FIT_0.8596722159069947_0.8600211108959732_0.8602541788854893_SIZE_1_1.7_3
GEN_7_FIT_0.860165229468057_0.8602781558655751_0.8605554486582391_SIZE_1_1.6_3
GEN_8_FIT_0.8602463024387867_0.8604561576918893_0.8606017939711289_SIZE_1_1.65_2
GEN_9_FIT_0.8605442847799797_0.8605688445690765_0.8606890981763509_SIZE_1_1.5_2
GEN_10_FIT_0.8605554486582391_0.8606081289765622_0.8608181729578458_SIZE_1_1.25_2
GEN_11_FIT_0.8606027789173271_0.8606977933522353_0.8608181729578458_SIZE_1_1.55_3
GEN_12_FIT_0.8606890981763509_0.8607427386859291_0.8608285239734764_SIZE_1_1.45_3
GEN_13_FIT_0.8607341941252561_0.8607554503657106_0.8608285239734764_SIZE_1_1.05_2
GEN_14_FIT_0.8607406420577683_0.8607841497064028_0.8608285239734764_SIZE_1_1.2_2
GEN_15_FIT_0.8608181729578458_0.8608233283948087_0.8608285239734764_SIZE_1_1.35_2
GEN_16_FIT_0.8608249398292499_0.8608276133887065_0.8608285239734764_SIZE_1_1.55_2
GEN_17_FIT_0.8608282329992114_0.8608292829651412_0.8608439947810347_SIZE_1_1.5_3
GEN_18_FIT_0.8608285239734764_0.8608300710542324_0.8608439947810347_SIZE_1_1.2_3
GEN_19_FIT_0.8608285239734764_0.8608309875060011_0.8608468530088518_SIZE_1_1.2_3
GEN_20_FIT_0.8608285239734764_0.8608352433196048_0.8608858465221366_SIZE_1_1.2_3
Evaluating in sample:
[GEN_20|make_tuple(1073, 0.0013453658089452852)|0.8609]
[GEN_20|make_tuple(add(sub(1072, 0.7523400199868086), 164), 0.0013494143596177808)|0.8609]
Evaluating out-of-sample:
[GEN_20|make_tuple(1073, 0.0013453658089452852)|0.9922]
[GEN_20|make_tuple(add(sub(1072, 0.7523400199868086), 164), 0.0013494143596177808)|0.9919]
GEN_21_FIT_0.8608285239734764_0.8608494316583426_0.8608858465221366_SIZE_1_1.4_3
GEN_22_FIT_0.8608506012412572_0.8608549464806483_0.8609022607481996_SIZE_1_1.15_3
GEN_23_FIT_0.8608506012412572_0.8608605777885397_0.8609022607481996_SIZE_1_1.3_3
GEN_24_FIT_0.8608506012412572_0.8608897947124323_0.8609022607481996_SIZE_1_2.2_3
GEN_25_FIT_0.8608518664344611_0.8608910175212724_0.8609022607481996_SIZE_1_1.8_3
GEN_26_FIT_0.8608518664344611_0.8608908173310681_0.8610174660398937_SIZE_1_1.55_2
GEN_27_FIT_0.8608586431919981_0.8609038750168745_0.8610174660398937_SIZE_1_1.1_2
GEN_28_FIT_0.8608586431919981_0.8609380546159461_0.8610174660398937_SIZE_1_1.05_2
GEN_29_FIT_0.8610174660398937_0.8610174660398936_0.8610174660398937_SIZE_1_1.0_1
GEN_30_FIT_0.8610174660398937_0.8610174660398936_0.8610174660398937_SIZE_1_1.0_1
GEN_31_FIT_0.8610174660398937_0.8610199136519381_0.8610664182807823_SIZE_1_1.0_1
GEN_32_FIT_0.8610174660398937_0.8610272564880713_0.8610664182807823_SIZE_1_1.0_1
GEN_33_FIT_0.8610174660398937_0.8610443897723824_0.8610664182807823_SIZE_1_1.0_1
GEN_34_FIT_0.8610664182807823_0.8610664182807822_0.8610664182807823_SIZE_1_1.0_1
GEN_35_FIT_0.8610664182807823_0.8610664182807822_0.8610664182807823_SIZE_1_1.0_1
GEN_36_FIT_0.8610664182807823_0.8610664182807822_0.8610664182807823_SIZE_1_1.0_1
GEN_37_FIT_0.8610664182807823_0.8610664182807822_0.8610664182807823_SIZE_1_1.0_1
GEN_38_FIT_0.8610664182807823_0.8610664182807822_0.8610664182807823_SIZE_1_1.0_1
GEN_39_FIT_0.8610664182807823_0.8610664182807822_0.8610664182807823_SIZE_1_1.0_1
GEN_40_FIT_0.8610664182807823_0.8610665591298104_0.8610692352613487_SIZE_1_1.0_1
Evaluating in sample:
[GEN_40|make_tuple(1103, 0.001340885391596536)|0.8611]
Evaluating out-of-sample:
[GEN_40|make_tuple(1103, 0.001340885391596536)|0.9923]
GEN_41_FIT_0.8610664182807823_0.8610666999788389_0.8610692352613487_SIZE_1_1.0_1
GEN_42_FIT_0.8610664182807823_0.8610668408278672_0.8610692352613487_SIZE_1_1.0_1
GEN_43_FIT_0.8610664182807823_0.8610676859220371_0.8610692352613487_SIZE_1_1.0_1
GEN_44_FIT_0.8610692352613487_0.8610692352613487_0.8610692352613487_SIZE_1_1.0_1
GEN_45_FIT_0.8610692352613487_0.8610692352613487_0.8610692352613487_SIZE_1_1.0_1
GEN_46_FIT_0.8610692352613487_0.8610692352613487_0.8610692352613487_SIZE_1_1.0_1
GEN_47_FIT_0.8610692352613487_0.8610692352613487_0.8610692352613487_SIZE_1_1.0_1
GEN_48_FIT_0.8610692352613487_0.8610692352613487_0.8610692352613487_SIZE_1_1.0_1
GEN_49_FIT_0.8610692352613487_0.8610692352613487_0.8610692352613487_SIZE_1_1.0_1
GEN_50_FIT_0.8610692352613487_0.8610692352613487_0.8610692352613487_SIZE_1_1.0_1
GEN_51_FIT_0.8610692352613487_0.8610692352613487_0.8610692352613487_SIZE_1_1.0_1
GEN_52_FIT_0.8610692352613487_0.8610692352613487_0.8610692352613487_SIZE_1_1.0_1
GEN_53_FIT_0.8610692352613487_0.8610692352613487_0.8610692352613487_SIZE_1_1.0_1
GEN_54_FIT_0.8610692352613487_0.8610692352613487_0.8610692352613487_SIZE_1_1.0_1
GEN_55_FIT_0.8610692352613487_0.8610692352613487_0.8610692352613487_SIZE_1_1.0_1
GEN_56_FIT_0.8610692352613487_0.8610692352613487_0.8610692352613487_SIZE_1_1.0_1
GEN_57_FIT_0.8610692352613487_0.8610692352613487_0.8610692352613487_SIZE_1_1.0_1
GEN_58_FIT_0.8610692352613487_0.8610692352613487_0.8610692352613487_SIZE_1_1.0_1
GEN_59_FIT_0.8610692352613487_0.8610692352613487_0.8610692352613487_SIZE_1_1.0_1
GEN_60_FIT_0.8610692352613487_0.8610692352613487_0.8610692352613487_SIZE_1_1.0_1
Evaluating in sample:
[GEN_60|make_tuple(1103, 0.001340885391596536)|0.8611]
Evaluating out-of-sample:
[GEN_60|make_tuple(1103, 0.001340885391596536)|0.9923]
GEN_61_FIT_0.8610692352613487_0.8610692352613487_0.8610692352613487_SIZE_1_1.0_1
Evaluating in sample:
[GEN_61|make_tuple(1103, 0.001340885391596536)|0.8611]
Evaluating out-of-sample:
[GEN_61|make_tuple(1103, 0.001340885391596536)|0.9923]
Stopped early in iteration 61, no improvement in 20 gens.
START_TASK: 15
GEN_0_FIT_0.7540249649624262_0.8260497036676314_0.857712750652832_SIZE_1_2.25_7
GEN_1_FIT_0.8272712912532275_0.8481629836707505_0.8588577451664289_SIZE_1_2.0_4
GEN_2_FIT_0.8492264319328634_0.8548817985982421_0.8590882173294891_SIZE_1_1.75_4
GEN_3_FIT_0.8575374801870222_0.8586470611956403_0.8593902464625727_SIZE_1_1.8_3
GEN_4_FIT_0.8584365866325883_0.8588887788976821_0.8593902464625727_SIZE_1_1.65_3
GEN_5_FIT_0.8587727862999758_0.8591931433461948_0.8593941157902607_SIZE_1_1.75_3
GEN_6_FIT_0.8587693746901335_0.8590767565972532_0.8597700341822964_SIZE_1_1.3_2
GEN_7_FIT_0.8588030200272618_0.8592005802662497_0.8598577457940957_SIZE_1_1.2_2
GEN_8_FIT_0.8590882173294891_0.8593629208487913_0.8598577457940957_SIZE_1_1.4_2
GEN_9_FIT_0.8591365697126087_0.8592517483192246_0.8598577457940957_SIZE_1_1.1_2
GEN_10_FIT_0.8591912520953814_0.8592245767803173_0.8598577457940957_SIZE_1_1.05_2
GEN_11_FIT_0.8591912520953814_0.8592245767803173_0.8598577457940957_SIZE_1_1.05_2
GEN_12_FIT_0.8591912520953814_0.8592245767803173_0.8598577457940957_SIZE_1_1.05_2
GEN_13_FIT_0.8591912520953814_0.8592579014652528_0.8598577457940957_SIZE_1_1.1_2
GEN_14_FIT_0.8591912520953814_0.8592579014652528_0.8598577457940957_SIZE_1_1.1_2
GEN_15_FIT_0.8591912520953814_0.8592256410558848_0.8598790313054488_SIZE_1_1.05_2
GEN_16_FIT_0.8591912520953814_0.8592600300163882_0.8598790313054488_SIZE_1_1.1_2
GEN_17_FIT_0.8591912520953814_0.8592600300163882_0.8598790313054488_SIZE_1_1.1_2
GEN_18_FIT_0.8591912520953814_0.8592600300163882_0.8598790313054488_SIZE_1_1.1_2
GEN_19_FIT_0.8591912520953814_0.8592600300163882_0.8598790313054488_SIZE_1_1.1_2
GEN_20_FIT_0.8591912520953814_0.8592600300163882_0.8598790313054488_SIZE_1_1.1_2
Evaluating in sample:
[GEN_20|make_tuple(71, 0.0034468828800725275)|0.8592]
[GEN_20|make_tuple(178, truediv(0.00746106868873803, 3))|0.8599]
Evaluating out-of-sample:
[GEN_20|make_tuple(71, 0.0034468828800725275)|0.9770]
[GEN_20|make_tuple(178, truediv(0.00746106868873803, 3))|0.9785]
GEN_21_FIT_0.8591912520953814_0.8592600300163882_0.8598790313054488_SIZE_1_1.1_2
GEN_22_FIT_0.8591912520953814_0.8592600300163882_0.8598790313054488_SIZE_1_1.1_2
GEN_23_FIT_0.8591912520953814_0.8592600300163882_0.8598790313054488_SIZE_1_1.1_2
GEN_24_FIT_0.8591912520953814_0.8592600300163882_0.8598790313054488_SIZE_1_1.1_2
GEN_25_FIT_0.8591912520953814_0.8592600300163882_0.8598790313054488_SIZE_1_1.1_2
GEN_26_FIT_0.8591912520953814_0.8592600300163882_0.8598790313054488_SIZE_1_1.1_2
GEN_27_FIT_0.8591912520953814_0.8592600300163882_0.8598790313054488_SIZE_1_1.1_2
GEN_28_FIT_0.8591912520953814_0.8592600300163882_0.8598790313054488_SIZE_1_1.1_2
GEN_29_FIT_0.8591912520953814_0.8592600300163882_0.8598790313054488_SIZE_1_1.1_2
GEN_30_FIT_0.8591912520953814_0.8592256529455714_0.8598792690991789_SIZE_1_1.05_2
GEN_31_FIT_0.8591912520953814_0.8592256529455714_0.8598792690991789_SIZE_1_1.05_2
GEN_32_FIT_0.8591912520953814_0.8592256529455714_0.8598792690991789_SIZE_1_1.05_2
GEN_33_FIT_0.8591912520953814_0.8592600537957612_0.8598792690991789_SIZE_1_1.1_2
GEN_34_FIT_0.8591912520953814_0.8592600537957612_0.8598792690991789_SIZE_1_1.1_2
GEN_35_FIT_0.8591912520953814_0.8592600537957612_0.8598792690991789_SIZE_1_1.1_2
GEN_36_FIT_0.8591912520953814_0.8592600537957612_0.8598792690991789_SIZE_1_1.1_2
GEN_37_FIT_0.8591912520953814_0.8592600537957612_0.8598792690991789_SIZE_1_1.1_2
GEN_38_FIT_0.8591912520953814_0.8592600537957612_0.8598792690991789_SIZE_1_1.1_2
GEN_39_FIT_0.8591912520953814_0.8592945742671037_0.8598816615222303_SIZE_1_1.2_3
GEN_40_FIT_0.8591912520953814_0.8592945742671037_0.8598816615222303_SIZE_1_1.2_3
Evaluating in sample:
[GEN_40|make_tuple(71, 0.0034468828800725275)|0.8592]
[GEN_40|make_tuple(178, truediv(0.0074458789806470934, 3))|0.8599]
[GEN_40|make_tuple(add(0.609264188019021, 178), truediv(0.0074458789806470934, 3))|0.8599]
Evaluating out-of-sample:
[GEN_40|make_tuple(71, 0.0034468828800725275)|0.9770]
[GEN_40|make_tuple(178, truediv(0.0074458789806470934, 3))|0.9785]
[GEN_40|make_tuple(add(0.609264188019021, 178), truediv(0.0074458789806470934, 3))|0.9785]
GEN_41_FIT_0.8591912520953814_0.8592946763423794_0.8598837030277461_SIZE_1_1.2_3
GEN_42_FIT_0.8591912520953814_0.8593292988889978_0.8598837030277461_SIZE_1_1.3_3
GEN_43_FIT_0.8591912520953814_0.8592948017373269_0.8598862109266945_SIZE_1_1.2_3
GEN_44_FIT_0.8591912520953814_0.8592948017373269_0.8598862109266945_SIZE_1_1.2_3
GEN_45_FIT_0.8591912520953814_0.8592948017373269_0.8598862109266945_SIZE_1_1.2_3
GEN_46_FIT_0.8591912520953814_0.8592948017373269_0.8598862109266945_SIZE_1_1.2_3
GEN_47_FIT_0.8591912520953814_0.8592948017373269_0.8598862109266945_SIZE_1_1.2_3
GEN_48_FIT_0.8591912520953814_0.8592948017373269_0.8598862109266945_SIZE_1_1.2_3
GEN_49_FIT_0.8591912520953814_0.8592948017373269_0.8598862109266945_SIZE_1_1.2_3
GEN_50_FIT_0.8591912520953814_0.8592948017373269_0.8598862109266945_SIZE_1_1.2_3
GEN_51_FIT_0.8591912520953814_0.8593295496788926_0.8598862109266945_SIZE_1_1.3_3
GEN_52_FIT_0.8591912520953814_0.8593295496788926_0.8598862109266945_SIZE_1_1.3_3
GEN_53_FIT_0.8591912520953814_0.8593295496788926_0.8598862109266945_SIZE_1_1.3_3
GEN_54_FIT_0.8591912520953814_0.8593295496788926_0.8598862109266945_SIZE_1_1.3_3
GEN_55_FIT_0.8591912520953814_0.8593295496788926_0.8598862109266945_SIZE_1_1.3_3
GEN_56_FIT_0.8591912520953814_0.8593295496788926_0.8598862109266945_SIZE_1_1.3_3
GEN_57_FIT_0.8591912520953814_0.8593295496788926_0.8598862109266945_SIZE_1_1.3_3
GEN_58_FIT_0.8591912520953814_0.8593295496788926_0.8598862109266945_SIZE_1_1.3_3
GEN_59_FIT_0.8591912520953814_0.8593295496788926_0.8598862109266945_SIZE_1_1.3_3
GEN_60_FIT_0.8591912520953814_0.8592950402141021_0.8598909804621999_SIZE_1_1.2_3
Evaluating in sample:
[GEN_60|make_tuple(71, 0.0034468828800725275)|0.8592]
[GEN_60|make_tuple(178, truediv(0.0074458789806470934, 3))|0.8599]
[GEN_60|make_tuple(add(7, 178), truediv(0.0074458789806470934, 3))|0.8599]
Evaluating out-of-sample:
[GEN_60|make_tuple(71, 0.0034468828800725275)|0.9770]
[GEN_60|make_tuple(178, truediv(0.0074458789806470934, 3))|0.9785]
[GEN_60|make_tuple(add(7, 178), truediv(0.0074458789806470934, 3))|0.9770]
GEN_61_FIT_0.8591912520953814_0.8592950402141021_0.8598909804621999_SIZE_1_1.2_3
GEN_62_FIT_0.8591912520953814_0.8592959728736289_0.8598909804621999_SIZE_1_1.25_3
GEN_63_FIT_0.8591912520953814_0.8593307208151947_0.8598909804621999_SIZE_1_1.3_3
GEN_64_FIT_0.8591912520953814_0.8592262385137225_0.8598909804621999_SIZE_1_1.05_2
GEN_65_FIT_0.8591912520953814_0.8592612249320635_0.8598909804621999_SIZE_1_1.1_2
GEN_66_FIT_0.8591912520953814_0.8592612249320635_0.8598909804621999_SIZE_1_1.1_2
GEN_67_FIT_0.8591912520953814_0.8592612249320635_0.8598909804621999_SIZE_1_1.1_2
GEN_68_FIT_0.8591912520953814_0.8592612249320635_0.8598909804621999_SIZE_1_1.1_2
GEN_69_FIT_0.8591912520953814_0.8592612249320635_0.8598909804621999_SIZE_1_1.1_2
GEN_70_FIT_0.8591912520953814_0.8592612249320635_0.8598909804621999_SIZE_1_1.1_2
GEN_71_FIT_0.8591912520953814_0.8592612249320635_0.8598909804621999_SIZE_1_1.1_2
GEN_72_FIT_0.8591912520953814_0.8592612249320635_0.8598909804621999_SIZE_1_1.1_2
GEN_73_FIT_0.8591912520953814_0.8592612249320635_0.8598909804621999_SIZE_1_1.1_2
GEN_74_FIT_0.8591912520953814_0.8592612249320635_0.8598909804621999_SIZE_1_1.1_2
GEN_75_FIT_0.8591912520953814_0.8592612249320635_0.8598909804621999_SIZE_1_1.1_2
GEN_76_FIT_0.8591912520953814_0.8592612249320635_0.8598909804621999_SIZE_1_1.1_2
GEN_77_FIT_0.8591912520953814_0.8592612249320635_0.8598909804621999_SIZE_1_1.1_2
GEN_78_FIT_0.8591912520953814_0.8592612249320635_0.8598909804621999_SIZE_1_1.1_2
GEN_79_FIT_0.8591912520953814_0.8592612249320635_0.8598909804621999_SIZE_1_1.1_2
GEN_80_FIT_0.8591912520953814_0.8592612249320635_0.8598909804621999_SIZE_1_1.1_2
Evaluating in sample:
[GEN_80|make_tuple(71, 0.0034468828800725275)|0.8592]
[GEN_80|make_tuple(185, truediv(0.0074458789806470934, 3))|0.8599]
Evaluating out-of-sample:
[GEN_80|make_tuple(71, 0.0034468828800725275)|0.9770]
[GEN_80|make_tuple(185, truediv(0.0074458789806470934, 3))|0.9770]
GEN_81_FIT_0.8591912520953814_0.8592612249320635_0.8598909804621999_SIZE_1_1.1_2
GEN_82_FIT_0.8591912520953814_0.8592612249320635_0.8598909804621999_SIZE_1_1.1_2
GEN_83_FIT_0.8591912520953814_0.8592612249320635_0.8598909804621999_SIZE_1_1.1_2
GEN_84_FIT_0.8591912520953814_0.8592612249320635_0.8598909804621999_SIZE_1_1.1_2
GEN_85_FIT_0.8591912520953814_0.8592612249320635_0.8598909804621999_SIZE_1_1.1_2
Evaluating in sample:
[GEN_85|make_tuple(71, 0.0034468828800725275)|0.8592]
[GEN_85|make_tuple(185, truediv(0.0074458789806470934, 3))|0.8599]
Evaluating out-of-sample:
[GEN_85|make_tuple(71, 0.0034468828800725275)|0.9770]
[GEN_85|make_tuple(185, truediv(0.0074458789806470934, 3))|0.9770]
Stopped early in iteration 85, no improvement in 20 gens.
START_TASK: 16
GEN_0_FIT_0.7664251499210831_0.823287899603281_0.8577423493192701_SIZE_1_2.2_7
GEN_1_FIT_0.8525726711192028_0.8552435782096289_0.8580092208765151_SIZE_1_1.7_4
GEN_2_FIT_0.8568258540067599_0.8577559959420864_0.8589587546822447_SIZE_1_1.5_3
GEN_3_FIT_0.8578976479175429_0.8586218168967955_0.8604042192022335_SIZE_1_1.45_3
GEN_4_FIT_0.8585053571166082_0.8588895961414149_0.8604042192022335_SIZE_1_1.45_3
GEN_5_FIT_0.8589449980942194_0.8594612999822224_0.8604361488850675_SIZE_1_1.5_3
GEN_6_FIT_0.8593539535364233_0.8600821466079072_0.8604361488850675_SIZE_1_1.15_2
GEN_7_FIT_0.8604042192022335_0.8604267402525776_0.8604874610943245_SIZE_1_1.0_1
GEN_8_FIT_0.8604361488850675_0.8604504256918257_0.8606190606017193_SIZE_1_1.0_1
GEN_9_FIT_0.8604361488850675_0.860528758681648_0.8606232997217833_SIZE_1_1.0_1
GEN_10_FIT_0.860599752063427_0.8606281244176281_0.8607155381179733_SIZE_1_1.1_2
GEN_11_FIT_0.8606190606017193_0.8606618458789284_0.8607338690603672_SIZE_1_1.05_2
GEN_12_FIT_0.8607035940756806_0.8607158574629784_0.8607338690603672_SIZE_1_1.2_2
GEN_13_FIT_0.8607155381179733_0.860724247369393_0.8607964760936667_SIZE_1_1.0_1
GEN_14_FIT_0.8607155381179733_0.8607366434771506_0.8608148469196804_SIZE_1_1.0_1
GEN_15_FIT_0.8607338690603672_0.8607833290364137_0.861035436161153_SIZE_1_1.0_1
GEN_16_FIT_0.8607964760936667_0.8608123758602213_0.861035436161153_SIZE_1_1.0_1
GEN_17_FIT_0.8607964760936667_0.8608195878739562_0.861035436161153_SIZE_1_1.05_2
GEN_18_FIT_0.8607967754727145_0.8608599434161421_0.8610404709699583_SIZE_1_1.1_2
GEN_19_FIT_0.860884705753181_0.8609764027001656_0.8610404709699583_SIZE_1_1.15_2
GEN_20_FIT_0.861035436161153_0.8610408602111322_0.8610834994550752_SIZE_1_1.1_2
Evaluating in sample:
[GEN_20|make_tuple(1103, 0.0013397655136450364)|0.8611]
Evaluating out-of-sample:
[GEN_20|make_tuple(1103, 0.0013397655136450364)|0.9897]
GEN_21_FIT_0.8610404709699583_0.8610469252427257_0.8610834994550752_SIZE_1_1.0_1
GEN_22_FIT_0.8610404709699583_0.8610533795154934_0.8610834994550752_SIZE_1_1.0_1
GEN_23_FIT_0.8610404709699583_0.8610791966065635_0.8610834994550752_SIZE_1_1.05_2
GEN_24_FIT_0.8610834994550752_0.8610834994550751_0.8610834994550752_SIZE_1_1.0_1
GEN_25_FIT_0.8610834994550752_0.8610834994550751_0.8610834994550752_SIZE_1_1.0_1
GEN_26_FIT_0.8610834994550752_0.8610834994550751_0.8610834994550752_SIZE_1_1.0_1
GEN_27_FIT_0.8610834994550752_0.8610834994550751_0.8610834994550752_SIZE_1_1.0_1
GEN_28_FIT_0.8610834994550752_0.8610834994550751_0.8610834994550752_SIZE_1_1.0_1
GEN_29_FIT_0.8610834994550752_0.8610834994550751_0.8610834994550752_SIZE_1_1.0_1
GEN_30_FIT_0.8610834994550752_0.8610834994550751_0.8610834994550752_SIZE_1_1.0_1
GEN_31_FIT_0.8610834994550752_0.8610835084660291_0.8610836796741556_SIZE_1_1.0_1
GEN_32_FIT_0.8610834994550752_0.8610835174769831_0.8610836796741556_SIZE_1_1.0_1
GEN_33_FIT_0.8610834994550752_0.8610835445098453_0.8610836796741556_SIZE_1_1.05_2
GEN_34_FIT_0.8610834994550752_0.8610841198208157_0.8610930232645989_SIZE_1_1.1_2
GEN_35_FIT_0.8610836796741556_0.8610847115510649_0.8610930232645989_SIZE_1_1.0_1
GEN_36_FIT_0.8610836796741556_0.861086561274812_0.8610930232645989_SIZE_1_1.0_1
GEN_37_FIT_0.8610856300314552_0.8610910584441062_0.8610930232645989_SIZE_1_1.0_1
GEN_38_FIT_0.8610930232645989_0.8610930232645989_0.8610930232645989_SIZE_1_1.0_1
GEN_39_FIT_0.8610930232645989_0.8610930232645989_0.8610930232645989_SIZE_1_1.0_1
GEN_40_FIT_0.8610930232645989_0.8610930232645989_0.8610930232645989_SIZE_1_1.0_1
Evaluating in sample:
[GEN_40|make_tuple(1103, 0.0013401887673392793)|0.8611]
Evaluating out-of-sample:
[GEN_40|make_tuple(1103, 0.0013401887673392793)|0.9897]
GEN_41_FIT_0.8610930232645989_0.8610930232645989_0.8610930232645989_SIZE_1_1.0_1
GEN_42_FIT_0.8610930232645989_0.8610930232645989_0.8610930232645989_SIZE_1_1.0_1
GEN_43_FIT_0.8610930232645989_0.8610930232645989_0.8610930232645989_SIZE_1_1.0_1
GEN_44_FIT_0.8610930232645989_0.8610931182640031_0.8610949232526846_SIZE_1_1.0_1
GEN_45_FIT_0.8610930232645989_0.8610932132634075_0.8610949232526846_SIZE_1_1.0_1
GEN_46_FIT_0.8610930232645989_0.8610934982616204_0.8610949232526846_SIZE_1_1.0_1
GEN_47_FIT_0.8610930232645989_0.8610943532562588_0.8610949232526846_SIZE_1_1.0_1
GEN_48_FIT_0.8610949232526846_0.8610949232526846_0.8610949232526846_SIZE_1_1.0_1
GEN_49_FIT_0.8610949232526846_0.8610949232526846_0.8610949232526846_SIZE_1_1.0_1
GEN_50_FIT_0.8610949232526846_0.8610949232526846_0.8610949232526846_SIZE_1_1.0_1
GEN_51_FIT_0.8610949232526846_0.8610949232526846_0.8610949232526846_SIZE_1_1.0_1
GEN_52_FIT_0.8610949232526846_0.8610949232526846_0.8610949232526846_SIZE_1_1.0_1
GEN_53_FIT_0.8610949232526846_0.8610949232526846_0.8610949232526846_SIZE_1_1.0_1
GEN_54_FIT_0.8610949232526846_0.8610949232526846_0.8610949232526846_SIZE_1_1.0_1
GEN_55_FIT_0.8610949232526846_0.8610949232526846_0.8610949232526846_SIZE_1_1.0_1
GEN_56_FIT_0.8610949232526846_0.8610949232526846_0.8610949232526846_SIZE_1_1.0_1
GEN_57_FIT_0.8610949232526846_0.8610949232526846_0.8610949232526846_SIZE_1_1.0_1
GEN_58_FIT_0.8610949232526846_0.8610949232526846_0.8610949232526846_SIZE_1_1.0_1
GEN_59_FIT_0.8610949232526846_0.8610949232526846_0.8610949232526846_SIZE_1_1.0_1
GEN_60_FIT_0.8610949232526846_0.8610949232526846_0.8610949232526846_SIZE_1_1.0_1
Evaluating in sample:
[GEN_60|make_tuple(1103, 0.0013413045172884308)|0.8611]
Evaluating out-of-sample:
[GEN_60|make_tuple(1103, 0.0013413045172884308)|0.9897]
GEN_61_FIT_0.8610949232526846_0.8610949232526846_0.8610949232526846_SIZE_1_1.0_1
GEN_62_FIT_0.8610949232526846_0.8610949232526846_0.8610949232526846_SIZE_1_1.0_1
GEN_63_FIT_0.8610949232526846_0.8610949232526846_0.8610949232526846_SIZE_1_1.0_1
GEN_64_FIT_0.8610949232526846_0.8610949232526846_0.8610949232526846_SIZE_1_1.0_1
GEN_65_FIT_0.8610949232526846_0.8610949232526846_0.8610949232526846_SIZE_1_1.0_1
Evaluating in sample:
[GEN_65|make_tuple(1103, 0.0013413045172884308)|0.8611]
Evaluating out-of-sample:
[GEN_65|make_tuple(1103, 0.0013413045172884308)|0.9897]
Stopped early in iteration 65, no improvement in 20 gens.
START_TASK: 18
GEN_0_FIT_0.7487581899101016_0.8087292511217926_0.8518163629591063_SIZE_1_2.5_5
GEN_1_FIT_0.8344670247527194_0.8423742083099821_0.8552510002014035_SIZE_1_2.0_4
GEN_2_FIT_0.8367297216797893_0.8506238959622504_0.8581851267417411_SIZE_1_2.15_4
GEN_3_FIT_0.8513084424464216_0.8564218297419293_0.8588526368381415_SIZE_1_2.25_5
GEN_4_FIT_0.8574493961838776_0.8581763231415293_0.8596250265038848_SIZE_1_2.4_5
GEN_5_FIT_0.8584888900157243_0.858988134595118_0.8596263993903748_SIZE_1_2.3_5
GEN_6_FIT_0.8589553772179858_0.8593963428229596_0.8596263993903748_SIZE_1_1.55_4
GEN_7_FIT_0.8596250265038848_0.8596469626221698_0.8598876226504749_SIZE_1_1.0_1
GEN_8_FIT_0.8596263993903748_0.8597251751667965_0.8599876989664126_SIZE_1_1.05_2
GEN_9_FIT_0.8597940112630731_0.8598275224193458_0.8599876989664126_SIZE_1_1.1_2
GEN_10_FIT_0.8598351567155685_0.8598998984011585_0.8599876989664126_SIZE_1_1.2_2
GEN_11_FIT_0.8598876226504749_0.8599376608084439_0.8599876989664126_SIZE_1_1.1_2
GEN_12_FIT_0.8599876989664126_0.8599898542994658_0.8600308056274785_SIZE_1_1.05_2
GEN_13_FIT_0.8599876989664126_0.8599910117795817_0.8600308056274785_SIZE_1_1.05_2
GEN_14_FIT_0.8599876989664126_0.8600029252627388_0.8600308056274785_SIZE_1_1.3_3
GEN_15_FIT_0.8600108485687269_0.8600228228039779_0.8600308056274785_SIZE_1_1.45_2
GEN_16_FIT_0.8600108485687269_0.8600298315268446_0.8600312806735553_SIZE_1_1.1_2
GEN_17_FIT_0.8600308056274785_0.860033337798449_0.8600512377323071_SIZE_1_1.0_1
GEN_18_FIT_0.8600308056274785_0.8600382634469093_0.8600512377323071_SIZE_1_1.1_2
GEN_19_FIT_0.860040109791158_0.8600467865558473_0.8600512377323071_SIZE_1_1.1_2
GEN_20_FIT_0.8600512377323071_0.8600512377323071_0.8600512377323071_SIZE_1_1.0_1
Evaluating in sample:
[GEN_20|make_tuple(179, 0.002484526260070477)|0.8601]
Evaluating out-of-sample:
[GEN_20|make_tuple(179, 0.002484526260070477)|0.9622]
GEN_21_FIT_0.8600512377323071_0.8600512985167728_0.8600524534216206_SIZE_1_1.0_1
GEN_22_FIT_0.8600512377323071_0.8600512985167728_0.8600524534216206_SIZE_1_1.0_1
GEN_23_FIT_0.8600512377323071_0.8600515416546355_0.8600524534216206_SIZE_1_1.0_1
GEN_24_FIT_0.8600512377323071_0.8600521494992922_0.8600524534216206_SIZE_1_1.1_2
GEN_25_FIT_0.8600524534216206_0.8600524534216205_0.8600524534216206_SIZE_1_1.0_1
GEN_26_FIT_0.8600524534216206_0.8600524534216205_0.8600524534216206_SIZE_1_1.0_1
GEN_27_FIT_0.8600524534216206_0.8600524534216205_0.8600524534216206_SIZE_1_1.0_1
GEN_28_FIT_0.8600524534216206_0.8600524534216205_0.8600524534216206_SIZE_1_1.0_1
GEN_29_FIT_0.8600524534216206_0.8600524534216205_0.8600524534216206_SIZE_1_1.0_1
GEN_30_FIT_0.8600524534216206_0.8600524534216205_0.8600524534216206_SIZE_1_1.0_1
GEN_31_FIT_0.8600524534216206_0.8600524534216205_0.8600524534216206_SIZE_1_1.0_1
GEN_32_FIT_0.8600524534216206_0.8600524534216205_0.8600524534216206_SIZE_1_1.0_1
GEN_33_FIT_0.8600524534216206_0.8600524534216205_0.8600524534216206_SIZE_1_1.0_1
GEN_34_FIT_0.8600524534216206_0.8600524534216205_0.8600524534216206_SIZE_1_1.0_1
GEN_35_FIT_0.8600524534216206_0.8600524749376592_0.8600528837423967_SIZE_1_1.05_2
GEN_36_FIT_0.8600524534216206_0.860052496453698_0.8600528837423967_SIZE_1_1.1_2
GEN_37_FIT_0.8600524534216206_0.860052496453698_0.8600528837423967_SIZE_1_1.1_2
GEN_38_FIT_0.8600524534216206_0.860052496453698_0.8600528837423967_SIZE_1_1.1_2
GEN_39_FIT_0.8600524534216206_0.860052496453698_0.8600528837423967_SIZE_1_1.1_2
GEN_40_FIT_0.8600524534216206_0.860052496453698_0.8600528837423967_SIZE_1_1.1_2
Evaluating in sample:
[GEN_40|make_tuple(180, 0.002484526260070477)|0.8601]
[GEN_40|make_tuple(add(180, 0.3638614387602448), 0.002484526260070477)|0.8601]
Evaluating out-of-sample:
[GEN_40|make_tuple(180, 0.002484526260070477)|0.9622]
[GEN_40|make_tuple(add(180, 0.3638614387602448), 0.002484526260070477)|0.9622]
GEN_41_FIT_0.8600524534216206_0.860052496453698_0.8600528837423967_SIZE_1_1.1_2
GEN_42_FIT_0.8600524534216206_0.860052496453698_0.8600528837423967_SIZE_1_1.1_2
GEN_43_FIT_0.8600524534216206_0.860052496453698_0.8600528837423967_SIZE_1_1.1_2
GEN_44_FIT_0.8600524534216206_0.860052496453698_0.8600528837423967_SIZE_1_1.1_2
GEN_45_FIT_0.8600524534216206_0.860052496453698_0.8600528837423967_SIZE_1_1.1_2
GEN_46_FIT_0.8600524534216206_0.860052496453698_0.8600528837423967_SIZE_1_1.1_2
GEN_47_FIT_0.8600524534216206_0.860052496453698_0.8600528837423967_SIZE_1_1.1_2
GEN_48_FIT_0.8600524534216206_0.860052496453698_0.8600528837423967_SIZE_1_1.1_2
GEN_49_FIT_0.8600524534216206_0.860052496453698_0.8600528837423967_SIZE_1_1.1_2
GEN_50_FIT_0.8600524534216206_0.860052496453698_0.8600528837423967_SIZE_1_1.1_2
GEN_51_FIT_0.8600524534216206_0.860052496453698_0.8600528837423967_SIZE_1_1.1_2
GEN_52_FIT_0.8600524534216206_0.860052496453698_0.8600528837423967_SIZE_1_1.1_2
GEN_53_FIT_0.8600524534216206_0.860052496453698_0.8600528837423967_SIZE_1_1.1_2
GEN_54_FIT_0.8600524534216206_0.860052496453698_0.8600528837423967_SIZE_1_1.1_2
GEN_55_FIT_0.8600524534216206_0.860052496453698_0.8600528837423967_SIZE_1_1.1_2
GEN_56_FIT_0.8600524534216206_0.860052496453698_0.8600528837423967_SIZE_1_1.1_2
Evaluating in sample:
[GEN_56|make_tuple(180, 0.002484526260070477)|0.8601]
[GEN_56|make_tuple(add(180, 0.3638614387602448), 0.002484526260070477)|0.8601]
Evaluating out-of-sample:
[GEN_56|make_tuple(180, 0.002484526260070477)|0.9622]
[GEN_56|make_tuple(add(180, 0.3638614387602448), 0.002484526260070477)|0.9622]
Stopped early in iteration 56, no improvement in 20 gens.
START_TASK: 22
GEN_0_FIT_0.7760863873544691_0.8230292067079876_0.8495561753804414_SIZE_1_3.9_11
GEN_1_FIT_0.8432703099167579_0.8484232306668373_0.8584378928899429_SIZE_1_1.6_4
GEN_2_FIT_0.8495561753804414_0.8545433028027263_0.8585188879728941_SIZE_1_1.65_3
GEN_3_FIT_0.8571314618811025_0.857812453017206_0.858788275407568_SIZE_1_1.3_3
GEN_4_FIT_0.8584378928899429_0.8586657769360899_0.85949189444676_SIZE_1_1.2_2
GEN_5_FIT_0.8587859301351385_0.8589548151844149_0.8595530211837792_SIZE_1_1.1_2
GEN_6_FIT_0.8590139772871106_0.8594036594819648_0.8598466425927574_SIZE_1_1.0_1
GEN_7_FIT_0.85949189444676_0.8596735707634332_0.8599343323639267_SIZE_1_1.05_2
GEN_8_FIT_0.8598295602576767_0.8598791451651022_0.8599343323639267_SIZE_1_1.2_2
GEN_9_FIT_0.859888524780761_0.8599081027344276_0.8599559146794886_SIZE_1_1.0_1
GEN_10_FIT_0.8599343323639267_0.859943193735712_0.8599559146794886_SIZE_1_1.0_1
GEN_11_FIT_0.8599546989901751_0.8599550852130079_0.8599563450002647_SIZE_1_1.05_2
GEN_12_FIT_0.8599546989901751_0.8599556537892379_0.8599563450002647_SIZE_1_1.2_2
GEN_13_FIT_0.8599559146794886_0.8599559577115663_0.8599563450002647_SIZE_1_1.1_2
GEN_14_FIT_0.8599559146794886_0.8599559577115663_0.8599563450002647_SIZE_1_1.1_2
GEN_15_FIT_0.8599559146794886_0.8599559577115663_0.8599563450002647_SIZE_1_1.1_2
GEN_16_FIT_0.8599559146794886_0.8599559577115663_0.8599563450002647_SIZE_1_1.1_2
GEN_17_FIT_0.8599559146794886_0.8599559577115663_0.8599563450002647_SIZE_1_1.1_2
GEN_18_FIT_0.8599559146794886_0.8599559577115663_0.8599563450002647_SIZE_1_1.1_2
GEN_19_FIT_0.8599559146794886_0.85995771101814_0.8599909808109647_SIZE_1_1.1_2
GEN_20_FIT_0.8599559146794886_0.8599612176312876_0.8599909808109647_SIZE_1_1.1_2
Evaluating in sample:
[GEN_20|make_tuple(180, 0.002489974187392483)|0.8600]
Evaluating out-of-sample:
[GEN_20|make_tuple(180, 0.002489974187392483)|0.9671]
GEN_21_FIT_0.8599559146794886_0.8599769973904519_0.8599909808109647_SIZE_1_1.1_2
GEN_22_FIT_0.8599909808109647_0.8599909808109647_0.8599909808109647_SIZE_1_1.0_1
GEN_23_FIT_0.8599909808109647_0.8599914825310997_0.8600010152136645_SIZE_1_1.0_1
GEN_24_FIT_0.8599909808109647_0.8599919842512346_0.8600010152136645_SIZE_1_1.0_1
GEN_25_FIT_0.8599909808109647_0.859994647543034_0.8600010152136645_SIZE_1_1.05_2
GEN_26_FIT_0.8600010152136645_0.8600010152136643_0.8600010152136645_SIZE_1_1.0_1
GEN_27_FIT_0.8600010152136645_0.8600010152136643_0.8600010152136645_SIZE_1_1.0_1
GEN_28_FIT_0.8600010152136645_0.8600010152136643_0.8600010152136645_SIZE_1_1.0_1
GEN_29_FIT_0.8600010152136645_0.8600010152136643_0.8600010152136645_SIZE_1_1.0_1
GEN_30_FIT_0.8600010152136645_0.8600010152136643_0.8600010152136645_SIZE_1_1.0_1
GEN_31_FIT_0.8600010152136645_0.8600010152136643_0.8600010152136645_SIZE_1_1.0_1
GEN_32_FIT_0.8600010152136645_0.8600010152136643_0.8600010152136645_SIZE_1_1.0_1
GEN_33_FIT_0.8600010152136645_0.8600010363050252_0.8600014370408791_SIZE_1_1.05_2
GEN_34_FIT_0.8600010152136645_0.8600010573963859_0.8600014370408791_SIZE_1_1.1_2
GEN_35_FIT_0.8600010152136645_0.8600010573963859_0.8600014370408791_SIZE_1_1.1_2
GEN_36_FIT_0.8600010152136645_0.8600010573963859_0.8600014370408791_SIZE_1_1.1_2
GEN_37_FIT_0.8600010152136645_0.8600010573963859_0.8600014370408791_SIZE_1_1.1_2
GEN_38_FIT_0.8600010152136645_0.8600010573963859_0.8600014370408791_SIZE_1_1.1_2
GEN_39_FIT_0.8600010152136645_0.8600010573963859_0.8600014370408791_SIZE_1_1.1_2
GEN_40_FIT_0.8600010152136645_0.8600010573963859_0.8600014370408791_SIZE_1_1.1_2
Evaluating in sample:
[GEN_40|make_tuple(180, 0.002485577719507524)|0.8600]
[GEN_40|make_tuple(sub(180, 0.5276352513245188), 0.002485577719507524)|0.8600]
Evaluating out-of-sample:
[GEN_40|make_tuple(180, 0.002485577719507524)|0.9671]
[GEN_40|make_tuple(sub(180, 0.5276352513245188), 0.002485577719507524)|0.9671]
GEN_41_FIT_0.8600010152136645_0.8600010367297033_0.8600014455344402_SIZE_1_1.05_2
GEN_42_FIT_0.8600010152136645_0.860001058245742_0.8600014455344402_SIZE_1_1.1_2
GEN_43_FIT_0.8600010152136645_0.860001058245742_0.8600014455344402_SIZE_1_1.1_2
GEN_44_FIT_0.8600010152136645_0.860001058245742_0.8600014455344402_SIZE_1_1.1_2
GEN_45_FIT_0.8600010152136645_0.860001058245742_0.8600014455344402_SIZE_1_1.1_2
GEN_46_FIT_0.8600010152136645_0.8600022394702845_0.8600246397045166_SIZE_1_1.1_2
GEN_47_FIT_0.8600010152136645_0.8600046019193698_0.8600246397045166_SIZE_1_1.1_2
GEN_48_FIT_0.8600010152136645_0.8600152114242146_0.8600250700252926_SIZE_1_1.1_2
GEN_49_FIT_0.8600246397045166_0.8600246827365942_0.8600250700252926_SIZE_1_1.1_2
GEN_50_FIT_0.8600246397045166_0.8600246827365942_0.8600250700252926_SIZE_1_1.1_2
GEN_51_FIT_0.8600246397045166_0.8600246827365942_0.8600250700252926_SIZE_1_1.1_2
GEN_52_FIT_0.8600246397045166_0.8600246827365942_0.8600250700252926_SIZE_1_1.1_2
GEN_53_FIT_0.8600246397045166_0.8600246827365942_0.8600250700252926_SIZE_1_1.1_2
GEN_54_FIT_0.8600246397045166_0.8600248089934162_0.8600280254825107_SIZE_1_1.05_2
GEN_55_FIT_0.8600246397045166_0.8600249782823159_0.8600280254825107_SIZE_1_1.1_2
GEN_56_FIT_0.8600246397045166_0.8600249782823159_0.8600280254825107_SIZE_1_1.1_2
GEN_57_FIT_0.8600246397045166_0.8600249782823159_0.8600280254825107_SIZE_1_1.1_2
GEN_58_FIT_0.8600246397045166_0.8600249782823159_0.8600280254825107_SIZE_1_1.1_2
GEN_59_FIT_0.8600246397045166_0.8600249782823159_0.8600280254825107_SIZE_1_1.1_2
GEN_60_FIT_0.8600246397045166_0.8600249782823159_0.8600280254825107_SIZE_1_1.1_2
Evaluating in sample:
[GEN_60|make_tuple(180, 0.0024619337737170786)|0.8600]
[GEN_60|make_tuple(add(181, 0.43565283691019374), 0.0024619337737170786)|0.8600]
Evaluating out-of-sample:
[GEN_60|make_tuple(180, 0.0024619337737170786)|0.9667]
[GEN_60|make_tuple(add(181, 0.43565283691019374), 0.0024619337737170786)|0.9668]
GEN_61_FIT_0.8600246397045166_0.8600249782823159_0.8600280254825107_SIZE_1_1.1_2
GEN_62_FIT_0.8600246397045166_0.8600249782823159_0.8600280254825107_SIZE_1_1.1_2
GEN_63_FIT_0.8600246397045166_0.8600249782823159_0.8600280254825107_SIZE_1_1.1_2
GEN_64_FIT_0.8600246397045166_0.8600249782823159_0.8600280254825107_SIZE_1_1.1_2
GEN_65_FIT_0.8600246397045166_0.8600249782823159_0.8600280254825107_SIZE_1_1.1_2
GEN_66_FIT_0.8600246397045166_0.8600249782823159_0.8600280254825107_SIZE_1_1.1_2
GEN_67_FIT_0.8600246397045166_0.8600249782823159_0.8600280254825107_SIZE_1_1.1_2
GEN_68_FIT_0.8600246397045166_0.8600249782823159_0.8600280254825107_SIZE_1_1.1_2
GEN_69_FIT_0.8600246397045166_0.8600249782823159_0.8600280254825107_SIZE_1_1.1_2
GEN_70_FIT_0.8600246397045166_0.8600249782823159_0.8600280254825107_SIZE_1_1.1_2
GEN_71_FIT_0.8600246397045166_0.8600249782823159_0.8600280254825107_SIZE_1_1.1_2
GEN_72_FIT_0.8600246397045166_0.8600249782823159_0.8600280254825107_SIZE_1_1.1_2
GEN_73_FIT_0.8600246397045166_0.8600249782823159_0.8600280254825107_SIZE_1_1.1_2
GEN_74_FIT_0.8600246397045166_0.8600249782823159_0.8600280254825107_SIZE_1_1.1_2
GEN_75_FIT_0.8600246397045166_0.8600249782823159_0.8600280254825107_SIZE_1_1.1_2
Evaluating in sample:
[GEN_75|make_tuple(180, 0.0024619337737170786)|0.8600]
[GEN_75|make_tuple(add(181, 0.43565283691019374), 0.0024619337737170786)|0.8600]
Evaluating out-of-sample:
[GEN_75|make_tuple(180, 0.0024619337737170786)|0.9667]
[GEN_75|make_tuple(add(181, 0.43565283691019374), 0.0024619337737170786)|0.9668]
Stopped early in iteration 75, no improvement in 20 gens.
START_TASK: 23
GEN_0_FIT_0.7854040237142461_0.831796318031475_0.8590339241874797_SIZE_1_2.55_7
GEN_1_FIT_0.8580973164057559_0.8588123896949883_0.8592720447724075_SIZE_1_3.75_6
GEN_2_FIT_0.8590339241874797_0.8592038106064999_0.8596688590466839_SIZE_1_2.75_6
GEN_3_FIT_0.8592068800130064_0.8593864392347978_0.8596688590466839_SIZE_1_3.0_4
GEN_4_FIT_0.8592986545882866_0.8596359596923943_0.8599134333086972_SIZE_1_3.2_4
GEN_5_FIT_0.8596393415943641_0.8597386099012493_0.8599439064395835_SIZE_1_2.3_4
GEN_6_FIT_0.8597345850124721_0.8598487167051323_0.86017125479025_SIZE_1_1.95_4
GEN_7_FIT_0.8599134333086972_0.8600768900101633_0.8602768050225031_SIZE_1_2.6_4
GEN_8_FIT_0.8600761597301192_0.8602271399895403_0.8603130872510564_SIZE_1_3.0_4
GEN_9_FIT_0.8600761597301192_0.860188648053817_0.8603130872510564_SIZE_1_1.8_4
GEN_10_FIT_0.8601242125485999_0.8602687840967509_0.8603130872510564_SIZE_1_1.9_4
GEN_11_FIT_0.8601601322957007_0.8602803518810811_0.8603271120477956_SIZE_1_1.45_3
GEN_12_FIT_0.8602768050225031_0.8603068216532659_0.8603271120477956_SIZE_1_1.2_2
GEN_13_FIT_0.8603130872510564_0.860319398409589_0.8603271120477956_SIZE_1_1.1_2
GEN_14_FIT_0.8603271120477956_0.8603272336167269_0.8603283277371091_SIZE_1_1.05_2
GEN_15_FIT_0.8603271120477956_0.8603274767545896_0.8603283277371091_SIZE_1_1.05_2
GEN_16_FIT_0.8603271120477956_0.8603311600643041_0.8603686763085431_SIZE_1_1.05_2
GEN_17_FIT_0.8603283277371091_0.8603376757012136_0.8603686763085431_SIZE_1_1.0_1
GEN_18_FIT_0.8603283277371091_0.860347983057404_0.8603686763085431_SIZE_1_1.05_2
GEN_19_FIT_0.8603674606192295_0.8603686155240775_0.8603686763085431_SIZE_1_1.0_1
GEN_20_FIT_0.8603686763085431_0.8603686763085431_0.8603686763085431_SIZE_1_1.0_1
Evaluating in sample:
[GEN_20|make_tuple(180, 0.0024823162236945226)|0.8604]
Evaluating out-of-sample:
[GEN_20|make_tuple(180, 0.0024823162236945226)|0.9279]
GEN_21_FIT_0.8603686763085431_0.8603686763085431_0.8603686763085431_SIZE_1_1.0_1
GEN_22_FIT_0.8603686763085431_0.860369192393246_0.860378998002606_SIZE_1_1.0_1
GEN_23_FIT_0.8603686763085431_0.860369192393246_0.860378998002606_SIZE_1_1.0_1
GEN_24_FIT_0.8603686763085431_0.8603702245626523_0.860378998002606_SIZE_1_1.0_1
GEN_25_FIT_0.8603686763085431_0.8603728049861681_0.860378998002606_SIZE_1_1.0_1
GEN_26_FIT_0.8603686763085431_0.8603788077867106_0.8603970527621371_SIZE_1_1.0_1
GEN_27_FIT_0.860378998002606_0.8603826089545121_0.8603970527621371_SIZE_1_1.0_1
GEN_28_FIT_0.860378998002606_0.8603889281203481_0.8603970527621371_SIZE_1_1.05_2
GEN_29_FIT_0.8603970527621371_0.8603970527621371_0.8603970527621371_SIZE_1_1.0_1
GEN_30_FIT_0.8603970527621371_0.8603970527621371_0.8603970527621371_SIZE_1_1.0_1
GEN_31_FIT_0.8603970527621371_0.8603970527621371_0.8603970527621371_SIZE_1_1.0_1
GEN_32_FIT_0.8603970527621371_0.8603970527621371_0.8603970527621371_SIZE_1_1.0_1
GEN_33_FIT_0.8603970527621371_0.8603970527621371_0.8603970527621371_SIZE_1_1.0_1
GEN_34_FIT_0.8603970527621371_0.8603970527621371_0.8603970527621371_SIZE_1_1.0_1
GEN_35_FIT_0.8603970527621371_0.8603970527621371_0.8603970527621371_SIZE_1_1.0_1
GEN_36_FIT_0.8603970527621371_0.8603970527621371_0.8603970527621371_SIZE_1_1.0_1
GEN_37_FIT_0.8603970527621371_0.8603970527621371_0.8603970527621371_SIZE_1_1.0_1
GEN_38_FIT_0.8603970527621371_0.8603970527621371_0.8603970527621371_SIZE_1_1.0_1
GEN_39_FIT_0.8603970527621371_0.8603970527621371_0.8603970527621371_SIZE_1_1.0_1
GEN_40_FIT_0.8603970527621371_0.8603970527621371_0.8603970527621371_SIZE_1_1.0_1
Evaluating in sample:
[GEN_40|make_tuple(180, 0.002462194842649223)|0.8604]
Evaluating out-of-sample:
[GEN_40|make_tuple(180, 0.002462194842649223)|0.9276]
GEN_41_FIT_0.8603970527621371_0.8603970527621371_0.8603970527621371_SIZE_1_1.0_1
GEN_42_FIT_0.8603970527621371_0.8603970527621371_0.8603970527621371_SIZE_1_1.0_1
GEN_43_FIT_0.8603970527621371_0.8603970527621371_0.8603970527621371_SIZE_1_1.0_1
GEN_44_FIT_0.8603970527621371_0.8603970527621371_0.8603970527621371_SIZE_1_1.0_1
GEN_45_FIT_0.8603970527621371_0.8603970527621371_0.8603970527621371_SIZE_1_1.0_1
GEN_46_FIT_0.8603970527621371_0.8603970527621371_0.8603970527621371_SIZE_1_1.0_1
GEN_47_FIT_0.8603970527621371_0.8603970527621371_0.8603970527621371_SIZE_1_1.0_1
Evaluating in sample:
[GEN_47|make_tuple(180, 0.002462194842649223)|0.8604]
Evaluating out-of-sample:
[GEN_47|make_tuple(180, 0.002462194842649223)|0.9276]
Stopped early in iteration 47, no improvement in 20 gens.
START_TASK: 24
GEN_0_FIT_0.7799379464716858_0.8349578546972459_0.8577633678688296_SIZE_1_2.2_7
GEN_1_FIT_0.839748451406273_0.852531460564637_0.8586242469987563_SIZE_1_1.9_7
GEN_2_FIT_0.8577633678688296_0.8581496668920746_0.8588389445545277_SIZE_1_1.8_4
GEN_3_FIT_0.8585065082900096_0.8586894091995783_0.85909923969314_SIZE_1_2.2_4
GEN_4_FIT_0.8580753900358519_0.858890996076752_0.8597412367810142_SIZE_1_1.75_5
GEN_5_FIT_0.8591750936266398_0.8594172124238277_0.8597448763302752_SIZE_1_2.3_5
GEN_6_FIT_0.8592629053116382_0.8597510519293922_0.8602310816857321_SIZE_1_2.05_4
GEN_7_FIT_0.8597429799558203_0.8600284247013142_0.8602310816857321_SIZE_1_2.15_5
GEN_8_FIT_0.8599986890435268_0.8602172593618421_0.8602777687664865_SIZE_1_2.1_4
GEN_9_FIT_0.8601781493000058_0.8602545544791635_0.8604454963851407_SIZE_1_1.9_3
GEN_10_FIT_0.8601781493000058_0.8603008335919526_0.8604454963851407_SIZE_1_1.45_3
GEN_11_FIT_0.8602310816857321_0.8603531565475432_0.8605030609506104_SIZE_1_1.1_2
GEN_12_FIT_0.8604454963851407_0.8604563270371394_0.8605030609506104_SIZE_1_1.1_2
GEN_13_FIT_0.8604454963851407_0.8604726393315836_0.8605030609506104_SIZE_1_1.35_3
GEN_14_FIT_0.8604708673623996_0.8604951253349272_0.8605030609506104_SIZE_1_1.25_3
GEN_15_FIT_0.8605030609506104_0.860533524473103_0.8606345354632788_SIZE_1_1.0_1
GEN_16_FIT_0.8605907890271888_0.8606141883585992_0.8606694701131006_SIZE_1_1.0_1
GEN_17_FIT_0.8606108187677485_0.8606511633172012_0.8608123587818686_SIZE_1_1.0_1
GEN_18_FIT_0.8606345354632788_0.8606935319463158_0.860995523434764_SIZE_1_1.1_2
GEN_19_FIT_0.8606701225806667_0.8607651261505156_0.860995523434764_SIZE_1_1.15_2
GEN_20_FIT_0.8608123587818686_0.8608750983518947_0.860995523434764_SIZE_1_1.1_2
Evaluating in sample:
[GEN_20|make_tuple(1103, 0.001340317548175594)|0.8610]
Evaluating out-of-sample:
[GEN_20|make_tuple(1103, 0.001340317548175594)|1.0000]
GEN_21_FIT_0.8608682319568414_0.860961860137525_0.860995523434764_SIZE_1_1.2_2
GEN_22_FIT_0.860935711579201_0.8609925328419861_0.860995523434764_SIZE_1_1.0_1
GEN_23_FIT_0.860995523434764_0.8609955234347642_0.860995523434764_SIZE_1_1.0_1
GEN_24_FIT_0.860995523434764_0.8609955234347642_0.860995523434764_SIZE_1_1.0_1
GEN_25_FIT_0.860995523434764_0.8609955234347642_0.860995523434764_SIZE_1_1.0_1
GEN_26_FIT_0.860995523434764_0.8609955234347642_0.860995523434764_SIZE_1_1.0_1
GEN_27_FIT_0.860995523434764_0.8609955234347642_0.860995523434764_SIZE_1_1.0_1
GEN_28_FIT_0.860995523434764_0.8609955234347642_0.860995523434764_SIZE_1_1.0_1
GEN_29_FIT_0.860995523434764_0.8609955234347642_0.860995523434764_SIZE_1_1.0_1
GEN_30_FIT_0.860995523434764_0.8609955234347642_0.860995523434764_SIZE_1_1.0_1
GEN_31_FIT_0.860995523434764_0.8609955234347642_0.860995523434764_SIZE_1_1.0_1
GEN_32_FIT_0.860995523434764_0.8609955234347642_0.860995523434764_SIZE_1_1.0_1
GEN_33_FIT_0.860995523434764_0.8609955234347642_0.860995523434764_SIZE_1_1.0_1
GEN_34_FIT_0.860995523434764_0.8609955234347642_0.860995523434764_SIZE_1_1.0_1
GEN_35_FIT_0.860995523434764_0.8609955234347642_0.860995523434764_SIZE_1_1.0_1
GEN_36_FIT_0.860995523434764_0.8609955234347642_0.860995523434764_SIZE_1_1.0_1
GEN_37_FIT_0.860995523434764_0.8609955234347642_0.860995523434764_SIZE_1_1.0_1
GEN_38_FIT_0.860995523434764_0.8609955234347642_0.860995523434764_SIZE_1_1.0_1
GEN_39_FIT_0.860995523434764_0.8609955234347642_0.860995523434764_SIZE_1_1.0_1
Evaluating in sample:
[GEN_39|make_tuple(1103, 0.001340317548175594)|0.8610]
Evaluating out-of-sample:
[GEN_39|make_tuple(1103, 0.001340317548175594)|1.0000]
Stopped early in iteration 39, no improvement in 20 gens.
START_TASK: 2073
GEN_0_FIT_0.698288820251214_0.8224405659353676_0.8571236675265012_SIZE_1_1.9_3
GEN_1_FIT_0.8471072315865644_0.8518230631802728_0.8579379324519236_SIZE_1_1.45_3
GEN_2_FIT_0.8552099327159207_0.8574475720070573_0.8597270667069817_SIZE_1_1.2_2
GEN_3_FIT_0.8579379324519236_0.8587998641221061_0.8601553071259768_SIZE_1_1.1_2
GEN_4_FIT_0.8588810213600049_0.8596363560706946_0.8603885220927151_SIZE_1_1.2_2
GEN_5_FIT_0.8600462441648964_0.860310766828565_0.8609804907936661_SIZE_1_1.3_2
GEN_6_FIT_0.860442853338285_0.8607901229217599_0.8610417269411857_SIZE_1_1.25_2
GEN_7_FIT_0.8609804907936661_0.8610147602169201_0.8610820471082276_SIZE_1_1.55_3
GEN_8_FIT_0.8610068620625129_0.8610629712530414_0.8611696040638617_SIZE_1_1.6_3
GEN_9_FIT_0.8610597445988872_0.8610920988855357_0.8611696040638617_SIZE_1_1.25_3
GEN_10_FIT_0.8611203214542607_0.8611425162626618_0.8612262300469276_SIZE_1_1.15_3
GEN_11_FIT_0.8611693227106595_0.8611952658437861_0.8613547517314283_SIZE_1_1.3_3
GEN_12_FIT_0.8612207484720488_0.861266802941081_0.8614511989490884_SIZE_1_2.1_3
GEN_13_FIT_0.8612262300469276_0.861320539414294_0.8614511989490884_SIZE_1_1.4_3
GEN_14_FIT_0.8613547517314283_0.8613831475570131_0.8614511989490884_SIZE_1_1.05_2
GEN_15_FIT_0.8613984266271059_0.8614327286363945_0.8614511989490884_SIZE_1_1.1_2
GEN_16_FIT_0.8614511989490884_0.8614511989490884_0.8614511989490884_SIZE_1_1.0_1
GEN_17_FIT_0.8614511989490884_0.8614511989490884_0.8614511989490884_SIZE_1_1.0_1
GEN_18_FIT_0.8614511989490884_0.8614511989490884_0.8614511989490884_SIZE_1_1.0_1
GEN_19_FIT_0.8614511989490884_0.8614511989490884_0.8614511989490884_SIZE_1_1.0_1
GEN_20_FIT_0.8614511989490884_0.8614544978793595_0.8615171775545098_SIZE_1_1.0_1
Evaluating in sample:
[GEN_20|make_tuple(1103, 0.001341425233681468)|0.8615]
Evaluating out-of-sample:
[GEN_20|make_tuple(1103, 0.001341425233681468)|0.9454]
GEN_21_FIT_0.8614511989490884_0.8614544978793595_0.8615171775545098_SIZE_1_1.0_1
GEN_22_FIT_0.8614511989490884_0.8614610957399016_0.8615171775545098_SIZE_1_1.0_1
GEN_23_FIT_0.8614511989490884_0.8614808893215281_0.8615171775545098_SIZE_1_1.0_1
GEN_24_FIT_0.8615171775545098_0.8615171775545101_0.8615171775545098_SIZE_1_1.0_1
GEN_25_FIT_0.8615171775545098_0.8615171775545101_0.8615171775545098_SIZE_1_1.0_1
GEN_26_FIT_0.8615171775545098_0.8615171775545101_0.8615171775545098_SIZE_1_1.0_1
GEN_27_FIT_0.8615171775545098_0.8615171775545101_0.8615171775545098_SIZE_1_1.0_1
GEN_28_FIT_0.8615171775545098_0.8615171775545101_0.8615171775545098_SIZE_1_1.0_1
GEN_29_FIT_0.8615171775545098_0.8615171775545101_0.8615171775545098_SIZE_1_1.0_1
GEN_30_FIT_0.8615171775545098_0.8615171775545101_0.8615171775545098_SIZE_1_1.0_1
GEN_31_FIT_0.8615171775545098_0.8615171775545101_0.8615171775545098_SIZE_1_1.0_1
GEN_32_FIT_0.8615171775545098_0.8615171775545101_0.8615171775545098_SIZE_1_1.0_1
GEN_33_FIT_0.8615171775545098_0.8615171775545101_0.8615171775545098_SIZE_1_1.0_1
GEN_34_FIT_0.8615171775545098_0.8615171775545101_0.8615171775545098_SIZE_1_1.0_1
GEN_35_FIT_0.8615171775545098_0.8615171775545101_0.8615171775545098_SIZE_1_1.0_1
GEN_36_FIT_0.8615171775545098_0.8615171775545101_0.8615171775545098_SIZE_1_1.0_1
GEN_37_FIT_0.8615171775545098_0.8615171775545101_0.8615171775545098_SIZE_1_1.0_1
GEN_38_FIT_0.8615171775545098_0.8615171775545101_0.8615171775545098_SIZE_1_1.0_1
GEN_39_FIT_0.8615171775545098_0.8615171775545101_0.8615171775545098_SIZE_1_1.0_1
GEN_40_FIT_0.8615171775545098_0.8615171775545101_0.8615171775545098_SIZE_1_1.0_1
Evaluating in sample:
[GEN_40|make_tuple(1103, 0.001341425233681468)|0.8615]
Evaluating out-of-sample:
[GEN_40|make_tuple(1103, 0.001341425233681468)|0.9454]
GEN_41_FIT_0.8615171775545098_0.8615171775545101_0.8615171775545098_SIZE_1_1.0_1
Evaluating in sample:
[GEN_41|make_tuple(1103, 0.001341425233681468)|0.8615]
Evaluating out-of-sample:
[GEN_41|make_tuple(1103, 0.001341425233681468)|0.9454]
Stopped early in iteration 41, no improvement in 20 gens.
START_TASK: 2074
