Starting problem: mlr_glmnet
param:age_regularization:100000.0
param:algorithm:mupluslambda
param:constants_only:True
param:cxpb:0.25
param:early_stop_n:20
param:lambda_:100
param:max_number_operators:None
param:max_start_size:2
param:mu:20
param:ngen:300
param:optimize_constants:False
param:output_file:/home/gijsbers/symbolicdefaults/runs/mlr_glmnet_True_17.log
param:problem:mlr_glmnet
param:subset:1.0
param:task:None
param:warm_start:False
Benchmark problems: mlr_glmnet
Loading surrogates from file.
START_TASK: 3
GEN_0_FIT_0.8621172708218001_0.8853121170744952_0.894443304035727_SIZE_1_2.85_8
GEN_1_FIT_0.8841368326988073_0.89313697061776_0.8951130907409209_SIZE_1_4.25_9
GEN_2_FIT_0.8917685867876116_0.8941652293503314_0.8956496585691133_SIZE_1_2.5_9
GEN_3_FIT_0.8934294927329471_0.894424104028537_0.8956496585691133_SIZE_1_2.15_6
GEN_4_FIT_0.8942688103059642_0.8953582360047809_0.8961398760852293_SIZE_1_3.7_6
GEN_5_FIT_0.894275990738314_0.8952825016881221_0.8962453397655077_SIZE_1_2.85_6
GEN_6_FIT_0.8943895086691571_0.8960463170336966_0.8962732780941047_SIZE_1_4.2_5
GEN_7_FIT_0.8921112290984202_0.895393578583249_0.8962732780941047_SIZE_1_2.8_6
GEN_8_FIT_0.8954749562708556_0.896009381291248_0.8962733770118304_SIZE_1_3.55_6
GEN_9_FIT_0.8955439198021584_0.8959291543468311_0.8962796837777972_SIZE_1_2.55_5
GEN_10_FIT_0.8957154479073989_0.896037227008834_0.8962796837777972_SIZE_1_2.2_5
GEN_11_FIT_0.8957154479073989_0.8958557629475864_0.8962817258986446_SIZE_1_1.55_5
GEN_12_FIT_0.8957154479073989_0.8958878952486833_0.8962817258986446_SIZE_1_1.6_5
GEN_13_FIT_0.8957154479073989_0.8958260206471408_0.8963227689170405_SIZE_1_1.15_2
GEN_14_FIT_0.8957397911427684_0.8957980889201957_0.8963227689170405_SIZE_1_1.1_2
GEN_15_FIT_0.8957397911427684_0.8957980889201957_0.8963227689170405_SIZE_1_1.1_2
GEN_16_FIT_0.8957397911427684_0.8957691650966858_0.8963272702211141_SIZE_1_1.05_2
GEN_17_FIT_0.8957397911427684_0.895798539050603_0.8963272702211141_SIZE_1_1.1_2
GEN_18_FIT_0.8957397911427684_0.895798539050603_0.8963272702211141_SIZE_1_1.1_2
GEN_19_FIT_0.8957397911427684_0.895798539050603_0.8963272702211141_SIZE_1_1.1_2
GEN_20_FIT_0.8957397911427684_0.895798539050603_0.8963272702211141_SIZE_1_1.1_2
Evaluating in sample:
[GEN_20|make_tuple(1, 0.0011100772429877928)|0.8957]
[GEN_20|make_tuple(add(0.3095968010377839, 0.14511725859109462), 0.0011100772429877928)|0.9043]
Evaluating out-of-sample:
[GEN_20|make_tuple(1, 0.0011100772429877928)|0.9897]
[GEN_20|make_tuple(add(0.3095968010377839, 0.14511725859109462), 0.0011100772429877928)|0.9882]
GEN_21_FIT_0.8957397911427684_0.895798539050603_0.8963272702211141_SIZE_1_1.1_2
GEN_22_FIT_0.8957397911427684_0.895798539050603_0.8963272702211141_SIZE_1_1.1_2
GEN_23_FIT_0.8957397911427684_0.895798539050603_0.8963272702211141_SIZE_1_1.1_2
GEN_24_FIT_0.8957397911427684_0.895798539050603_0.8963272702211141_SIZE_1_1.1_2
GEN_25_FIT_0.8957397911427684_0.895798539050603_0.8963272702211141_SIZE_1_1.1_2
GEN_26_FIT_0.8957397911427684_0.895798539050603_0.8963272702211141_SIZE_1_1.1_2
GEN_27_FIT_0.8957397911427684_0.895798539050603_0.8963272702211141_SIZE_1_1.1_2
GEN_28_FIT_0.8957397911427684_0.895798539050603_0.8963272702211141_SIZE_1_1.1_2
GEN_29_FIT_0.8957397911427684_0.895798539050603_0.8963272702211141_SIZE_1_1.1_2
GEN_30_FIT_0.8957397911427684_0.895798539050603_0.8963272702211141_SIZE_1_1.1_2
GEN_31_FIT_0.8957397911427684_0.895798539050603_0.8963272702211141_SIZE_1_1.1_2
GEN_32_FIT_0.8957397911427684_0.895798539050603_0.8963272702211141_SIZE_1_1.1_2
GEN_33_FIT_0.8957397911427684_0.895798539050603_0.8963272702211141_SIZE_1_1.1_2
GEN_34_FIT_0.8957397911427684_0.895798539050603_0.8963272702211141_SIZE_1_1.1_2
GEN_35_FIT_0.8957397911427684_0.895798539050603_0.8963272702211141_SIZE_1_1.1_2
GEN_36_FIT_0.8957397911427684_0.895798539050603_0.8963272702211141_SIZE_1_1.1_2
GEN_37_FIT_0.8957397911427684_0.895798539050603_0.8963272702211141_SIZE_1_1.1_2
Evaluating in sample:
[GEN_37|make_tuple(1, 0.0011100772429877928)|0.8957]
[GEN_37|make_tuple(add(0.3095968010377839, 0.14511725859109462), 0.0011100772429877928)|0.9043]
Evaluating out-of-sample:
[GEN_37|make_tuple(1, 0.0011100772429877928)|0.9897]
[GEN_37|make_tuple(add(0.3095968010377839, 0.14511725859109462), 0.0011100772429877928)|0.9882]
Stopped early in iteration 37, no improvement in 20 gens.
START_TASK: 6
GEN_0_FIT_0.8782936439827169_0.8890133675233521_0.8936861430936363_SIZE_1_2.6_9
GEN_1_FIT_0.8831856637734686_0.8909934141803377_0.8936861430936363_SIZE_1_2.55_4
GEN_2_FIT_0.8852765474246675_0.8896782734512095_0.8945836998577384_SIZE_1_1.5_4
GEN_3_FIT_0.8887281014969857_0.8925760366869037_0.8945836998577384_SIZE_1_2.25_5
GEN_4_FIT_0.8913483672049269_0.8924704126116378_0.8945836998577384_SIZE_1_1.6_4
GEN_5_FIT_0.8917460700984419_0.8931346134518151_0.8956884449597248_SIZE_1_1.5_3
GEN_6_FIT_0.8918178415944519_0.89461228568317_0.8956884449597248_SIZE_1_1.5_2
GEN_7_FIT_0.8956331449556693_0.8957016032560935_0.8960069108911539_SIZE_1_1.1_2
GEN_8_FIT_0.8956884449597248_0.8957536737409304_0.8960069108911539_SIZE_1_1.0_1
GEN_9_FIT_0.8956884449597248_0.8959160104013278_0.8960069108911539_SIZE_1_1.0_1
GEN_10_FIT_0.8960069108911539_0.896032168424785_0.8962561412203259_SIZE_1_1.0_1
GEN_11_FIT_0.8960069108911539_0.8961458742137445_0.8963776615235529_SIZE_1_1.1_2
GEN_12_FIT_0.8962561412203259_0.8962836229581554_0.8963776615235529_SIZE_1_1.2_2
GEN_13_FIT_0.8962936495590381_0.8963102737611311_0.8963776615235529_SIZE_1_1.05_2
GEN_14_FIT_0.8962936495590381_0.8963349124166784_0.8963776615235529_SIZE_1_1.15_2
GEN_15_FIT_0.8963776615235529_0.8963776615235528_0.8963776615235529_SIZE_1_1.0_1
GEN_16_FIT_0.8963776615235529_0.8963776615235528_0.8963776615235529_SIZE_1_1.0_1
GEN_17_FIT_0.8963776615235529_0.8963776615235528_0.8963776615235529_SIZE_1_1.0_1
GEN_18_FIT_0.8963776615235529_0.8963776615235528_0.8963776615235529_SIZE_1_1.0_1
GEN_19_FIT_0.8963776615235529_0.8963776615235528_0.8963776615235529_SIZE_1_1.0_1
GEN_20_FIT_0.8963776615235529_0.8963783819924819_0.8963920709021351_SIZE_1_1.0_1
Evaluating in sample:
[GEN_20|make_tuple(0.46048382264389764, 0.0011200286219065136)|0.9044]
Evaluating out-of-sample:
[GEN_20|make_tuple(0.46048382264389764, 0.0011200286219065136)|0.9836]
GEN_21_FIT_0.8963776615235529_0.8963812638681983_0.8963920709021351_SIZE_1_1.0_1
GEN_22_FIT_0.8963776615235529_0.8963863071507021_0.8963920709021351_SIZE_1_1.0_1
GEN_23_FIT_0.8963920709021351_0.896392070902135_0.8963920709021351_SIZE_1_1.0_1
GEN_24_FIT_0.8963920709021351_0.896392070902135_0.8963920709021351_SIZE_1_1.0_1
GEN_25_FIT_0.8963920709021351_0.896392070902135_0.8963920709021351_SIZE_1_1.0_1
GEN_26_FIT_0.8963920709021351_0.896392070902135_0.8963920709021351_SIZE_1_1.0_1
GEN_27_FIT_0.8963920709021351_0.896392070902135_0.8963920709021351_SIZE_1_1.0_1
GEN_28_FIT_0.8963920709021351_0.896392070902135_0.8963920709021351_SIZE_1_1.0_1
GEN_29_FIT_0.8963920709021351_0.896392070902135_0.8963920709021351_SIZE_1_1.0_1
GEN_30_FIT_0.8963920709021351_0.896392070902135_0.8963920709021351_SIZE_1_1.0_1
GEN_31_FIT_0.8963920709021351_0.896392070902135_0.8963920709021351_SIZE_1_1.0_1
GEN_32_FIT_0.8963920709021351_0.896392070902135_0.8963920709021351_SIZE_1_1.0_1
GEN_33_FIT_0.8963920709021351_0.896392070902135_0.8963920709021351_SIZE_1_1.0_1
GEN_34_FIT_0.8963920709021351_0.896392070902135_0.8963920709021351_SIZE_1_1.0_1
GEN_35_FIT_0.8963920709021351_0.896392070902135_0.8963920709021351_SIZE_1_1.0_1
GEN_36_FIT_0.8963920709021351_0.896392070902135_0.8963920709021351_SIZE_1_1.0_1
GEN_37_FIT_0.8963920709021351_0.896392070902135_0.8963920709021351_SIZE_1_1.0_1
GEN_38_FIT_0.8963920709021351_0.896392070902135_0.8963920709021351_SIZE_1_1.0_1
GEN_39_FIT_0.8963920709021351_0.896392070902135_0.8963920709021351_SIZE_1_1.0_1
GEN_40_FIT_0.8963920709021351_0.896392070902135_0.8963920709021351_SIZE_1_1.0_1
Evaluating in sample:
[GEN_40|make_tuple(0.46048382264389764, 0.0011200286219065136)|0.9044]
Evaluating out-of-sample:
[GEN_40|make_tuple(0.46048382264389764, 0.0011200286219065136)|0.9836]
GEN_41_FIT_0.8963920709021351_0.896392070902135_0.8963920709021351_SIZE_1_1.0_1
Evaluating in sample:
[GEN_41|make_tuple(0.46048382264389764, 0.0011200286219065136)|0.9044]
Evaluating out-of-sample:
[GEN_41|make_tuple(0.46048382264389764, 0.0011200286219065136)|0.9836]
Stopped early in iteration 41, no improvement in 20 gens.
START_TASK: 11
