Starting problem: mlr_knn
param:age_regularization:100000.0
param:algorithm:mupluslambda
param:constants_only:True
param:cxpb:0.25
param:early_stop_n:20
param:lambda_:100
param:max_number_operators:None
param:max_start_size:2
param:mu:20
param:ngen:300
param:optimize_constants:False
param:output_file:/home/gijsbers/symbolicdefaults/runs/mlr_knn_True_10.log
param:problem:mlr_knn
param:subset:1.0
param:task:None
param:warm_start:False
Benchmark problems: mlr_knn
Loading surrogates from file.
START_TASK: 3
GEN_0_FIT_0.6543337714285181_0.6975013195257503_0.7386052765168198_SIZE_1_2.35_11
GEN_1_FIT_0.7230597658845592_0.7349645508756117_0.7567881010943784_SIZE_1_1.15_3
GEN_2_FIT_0.7495259885303817_0.7529538490830405_0.7599752449084279_SIZE_1_1.05_2
GEN_3_FIT_0.7567881010943784_0.7615173422588681_0.768650589868234_SIZE_1_1.05_2
GEN_4_FIT_0.7671013331170453_0.7679840352795869_0.768650589868234_SIZE_1_1.3_2
GEN_5_FIT_0.7684801914731029_0.7688026843442153_0.7702056433843143_SIZE_1_1.35_3
GEN_6_FIT_0.768650589868234_0.7690290877340058_0.7702056433843143_SIZE_1_1.55_4
GEN_7_FIT_0.7690535870169376_0.7692379221474758_0.7702056433843143_SIZE_1_1.4_4
GEN_8_FIT_0.7692881272748043_0.7698437921300991_0.770511826093255_SIZE_1_1.35_3
GEN_9_FIT_0.7702056433843143_0.7703982076975213_0.7708716733819041_SIZE_1_1.2_3
GEN_10_FIT_0.7705579384165511_0.7706729426735099_0.7708716733819041_SIZE_1_1.25_3
GEN_11_FIT_0.7707333215552333_0.7709170224899171_0.7714209673468809_SIZE_1_1.1_2
GEN_12_FIT_0.7709016799439979_0.7712607387963952_0.7714352285958725_SIZE_1_1.2_2
GEN_13_FIT_0.7713938004048885_0.7714282305543452_0.7715777846330518_SIZE_1_1.2_2
GEN_14_FIT_0.7714209673468809_0.7714580877227697_0.7715777846330518_SIZE_1_1.0_1
GEN_15_FIT_0.7714352285958725_0.7715589799612561_0.7717022968468703_SIZE_1_1.05_2
GEN_16_FIT_0.7715777846330518_0.7716351122111232_0.7717022968468703_SIZE_1_1.05_2
GEN_17_FIT_0.771676388193577_0.7717073256879268_0.771794670903799_SIZE_1_1.15_2
GEN_18_FIT_0.7717022968468703_0.7717448345004769_0.7718003306870556_SIZE_1_1.35_2
GEN_19_FIT_0.7717113148593068_0.7717868284465821_0.7718849898320768_SIZE_1_1.55_2
GEN_20_FIT_0.771794670903799_0.7718082306232321_0.7718849898320768_SIZE_1_1.2_2
Evaluating in sample:
[GEN_20|make_tuple(9, 29, 198, 312)|0.7718]
[GEN_20|make_tuple(9, 29, add(198, 0.5597015048140439), 312)|0.7719]
Evaluating out-of-sample:
[GEN_20|make_tuple(9, 29, 198, 312)|0.8884]
[GEN_20|make_tuple(9, 29, add(198, 0.5597015048140439), 312)|0.8884]
GEN_21_FIT_0.7718003306870556_0.771822652710097_0.7718927047439841_SIZE_1_1.1_2
GEN_22_FIT_0.7718003306870556_0.7718813582488857_0.7718927047439841_SIZE_1_1.4_2
GEN_23_FIT_0.7718927047439841_0.771892704743984_0.7718927047439841_SIZE_1_1.0_1
GEN_24_FIT_0.7718927047439841_0.771892704743984_0.7718927047439841_SIZE_1_1.0_1
GEN_25_FIT_0.7718927047439841_0.7718931849802085_0.7719023094684748_SIZE_1_1.0_1
GEN_26_FIT_0.7718927047439841_0.7718931849802085_0.7719023094684748_SIZE_1_1.0_1
GEN_27_FIT_0.7718927047439841_0.7718962700536862_0.7719063825910838_SIZE_1_1.0_1
GEN_28_FIT_0.7718927047439841_0.7719022365445112_0.7719063825910838_SIZE_1_1.0_1
GEN_29_FIT_0.7719023094684748_0.7719033277491271_0.7719063825910838_SIZE_1_1.0_1
GEN_30_FIT_0.7719023094684748_0.7719058609495645_0.7719122422511318_SIZE_1_1.1_2
GEN_31_FIT_0.7719063825910838_0.7719069685570886_0.7719122422511318_SIZE_1_1.05_2
GEN_32_FIT_0.7719063825910838_0.7719084334721006_0.7719122422511318_SIZE_1_1.1_2
GEN_33_FIT_0.7719063825910838_0.7719116562851269_0.7719122422511318_SIZE_1_1.1_2
GEN_34_FIT_0.7719122422511318_0.7719122422511318_0.7719122422511318_SIZE_1_1.0_1
GEN_35_FIT_0.7719122422511318_0.7719122422511318_0.7719122422511318_SIZE_1_1.0_1
GEN_36_FIT_0.7719122422511318_0.7719122422511318_0.7719122422511318_SIZE_1_1.0_1
GEN_37_FIT_0.7719122422511318_0.7719122422511318_0.7719122422511318_SIZE_1_1.0_1
GEN_38_FIT_0.7719122422511318_0.7719122422511318_0.7719122422511318_SIZE_1_1.0_1
GEN_39_FIT_0.7719122422511318_0.7719122422511318_0.7719122422511318_SIZE_1_1.0_1
GEN_40_FIT_0.7719122422511318_0.7719122422511318_0.7719122422511318_SIZE_1_1.0_1
Evaluating in sample:
[GEN_40|make_tuple(9, 29, 201, 311)|0.7719]
Evaluating out-of-sample:
[GEN_40|make_tuple(9, 29, 201, 311)|0.8884]
GEN_41_FIT_0.7719122422511318_0.7719122422511318_0.7719122422511318_SIZE_1_1.0_1
GEN_42_FIT_0.7719122422511318_0.7719122422511318_0.7719122422511318_SIZE_1_1.0_1
GEN_43_FIT_0.7719122422511318_0.7719122422511318_0.7719122422511318_SIZE_1_1.0_1
GEN_44_FIT_0.7719122422511318_0.7719122422511318_0.7719122422511318_SIZE_1_1.0_1
GEN_45_FIT_0.7719122422511318_0.7719122422511318_0.7719122422511318_SIZE_1_1.0_1
GEN_46_FIT_0.7719122422511318_0.7719122422511318_0.7719122422511318_SIZE_1_1.0_1
GEN_47_FIT_0.7719122422511318_0.7719122422511318_0.7719122422511318_SIZE_1_1.0_1
GEN_48_FIT_0.7719122422511318_0.7719122422511318_0.7719122422511318_SIZE_1_1.0_1
GEN_49_FIT_0.7719122422511318_0.7719122422511318_0.7719122422511318_SIZE_1_1.0_1
GEN_50_FIT_0.7719122422511318_0.7719122422511318_0.7719122422511318_SIZE_1_1.0_1
GEN_51_FIT_0.7719122422511318_0.7719122422511318_0.7719122422511318_SIZE_1_1.0_1
Evaluating in sample:
[GEN_51|make_tuple(9, 29, 201, 311)|0.7719]
Evaluating out-of-sample:
[GEN_51|make_tuple(9, 29, 201, 311)|0.8884]
Stopped early in iteration 51, no improvement in 20 gens.
START_TASK: 6
GEN_0_FIT_0.6306804985255653_0.6715299258717807_0.7250659291302844_SIZE_1_5.1_14
GEN_1_FIT_0.6985353865184133_0.7228863308434261_0.7511601595394422_SIZE_1_2.8_10
GEN_2_FIT_0.7243835546748788_0.7415139733324906_0.7686261169683194_SIZE_1_1.95_5
GEN_3_FIT_0.7331451185757849_0.7542836696482669_0.7699409485193875_SIZE_1_1.75_4
GEN_4_FIT_0.7577763214897005_0.767636137992863_0.7700864383097222_SIZE_1_1.9_3
GEN_5_FIT_0.7696093967834852_0.7699301356176054_0.7700864383097222_SIZE_1_1.7_2
GEN_6_FIT_0.7699409485193875_0.7701119068906181_0.7709912979914619_SIZE_1_1.55_3
GEN_7_FIT_0.7700454246059034_0.7703089271599339_0.7709912979914619_SIZE_1_1.1_2
GEN_8_FIT_0.7706072643780257_0.7709975842697452_0.7712311534562704_SIZE_1_1.35_2
GEN_9_FIT_0.771032106851729_0.7710795585737564_0.7712311534562704_SIZE_1_1.2_2
GEN_10_FIT_0.7710676629428049_0.7711140468579659_0.7712349060116589_SIZE_1_1.25_3
GEN_11_FIT_0.7711015273072835_0.7711748776039303_0.7713882560674199_SIZE_1_1.55_3
GEN_12_FIT_0.7711148132990732_0.7712473766188115_0.7713891118914864_SIZE_1_1.65_3
GEN_13_FIT_0.7712930755397667_0.771382018496237_0.7715895761651413_SIZE_1_2.0_3
GEN_14_FIT_0.7713891118914864_0.7714988091585552_0.7715995291202319_SIZE_1_1.95_4
GEN_15_FIT_0.7714910448852225_0.7715898152440428_0.7718424563100409_SIZE_1_1.55_4
GEN_16_FIT_0.7715895761651413_0.771633987224094_0.7718424563100409_SIZE_1_1.2_2
GEN_17_FIT_0.7716108117883236_0.7717668567544105_0.7718599897409495_SIZE_1_1.2_2
GEN_18_FIT_0.7718424563100409_0.7718442096531319_0.7718599897409495_SIZE_1_1.1_2
GEN_19_FIT_0.7718424563100409_0.7718513164442218_0.7718613321112665_SIZE_1_1.5_3
GEN_20_FIT_0.7718429823142516_0.7718584903538274_0.7718613321112665_SIZE_1_1.75_2
Evaluating in sample:
[GEN_20|make_tuple(9, 524, 196, 311)|0.7719]
Evaluating out-of-sample:
[GEN_20|make_tuple(9, 524, 196, 311)|0.8286]
GEN_21_FIT_0.7718416783494451_0.7718527818486114_0.7718613321112665_SIZE_1_1.2_2
GEN_22_FIT_0.7718613321112665_0.7718670503563243_0.7719119132039945_SIZE_1_1.0_1
GEN_23_FIT_0.7718613321112665_0.7718786560488627_0.7719119132039945_SIZE_1_1.0_1
GEN_24_FIT_0.7719085291555412_0.7719118417795197_0.7719307890052199_SIZE_1_1.1_2
GEN_25_FIT_0.7719119132039945_0.7719415596113253_0.7723160833383528_SIZE_1_1.1_2
GEN_26_FIT_0.7719307890052199_0.7720089590033974_0.7723199377261774_SIZE_1_1.0_1
GEN_27_FIT_0.7719307890052199_0.7721339091925885_0.7723336336192711_SIZE_1_1.0_1
GEN_28_FIT_0.7723160833383528_0.7723200649162292_0.7723374880070959_SIZE_1_1.0_1
GEN_29_FIT_0.7723160833383528_0.7723240464941055_0.7723374880070959_SIZE_1_1.1_2
GEN_30_FIT_0.7723199377261774_0.7723395246619597_0.7724266064878892_SIZE_1_1.3_2
GEN_31_FIT_0.7723336336192711_0.7723520610839139_0.7724461439950369_SIZE_1_1.25_3
GEN_32_FIT_0.7723374880070959_0.7723870836172295_0.7724461439950369_SIZE_1_1.55_3
GEN_33_FIT_0.7723459109817548_0.7724302594415644_0.7724461439950369_SIZE_1_1.6_3
GEN_34_FIT_0.7724266064878892_0.7724451671196795_0.7724461439950369_SIZE_1_1.1_2
GEN_35_FIT_0.7724461439950369_0.7724461439950369_0.7724461439950369_SIZE_1_1.0_1
GEN_36_FIT_0.7724461439950369_0.7724461439950369_0.7724461439950369_SIZE_1_1.0_1
GEN_37_FIT_0.7724461439950369_0.7724461439950369_0.7724461439950369_SIZE_1_1.0_1
GEN_38_FIT_0.7724461439950369_0.7724461439950369_0.7724461439950369_SIZE_1_1.0_1
GEN_39_FIT_0.7724461439950369_0.7724465297406322_0.7724538589069441_SIZE_1_1.0_1
GEN_40_FIT_0.7724461439950369_0.772448458468609_0.7724538589069441_SIZE_1_1.0_1
Evaluating in sample:
[GEN_40|make_tuple(9, 29, 201, 311)|0.7725]
Evaluating out-of-sample:
[GEN_40|make_tuple(9, 29, 201, 311)|0.8261]
GEN_41_FIT_0.7724461439950369_0.7724523159245626_0.7724538589069441_SIZE_1_1.0_1
GEN_42_FIT_0.7724538589069441_0.7724538589069441_0.7724538589069441_SIZE_1_1.0_1
GEN_43_FIT_0.7724538589069441_0.7724538589069441_0.7724538589069441_SIZE_1_1.0_1
GEN_44_FIT_0.7724538589069441_0.7724538589069441_0.7724538589069441_SIZE_1_1.0_1
GEN_45_FIT_0.7724538589069441_0.7724538589069441_0.7724538589069441_SIZE_1_1.0_1
GEN_46_FIT_0.7724538589069441_0.7724538589069441_0.7724538589069441_SIZE_1_1.0_1
GEN_47_FIT_0.7724538589069441_0.7724538589069441_0.7724538589069441_SIZE_1_1.0_1
GEN_48_FIT_0.7724538589069441_0.7724538589069441_0.7724538589069441_SIZE_1_1.0_1
GEN_49_FIT_0.7724538589069441_0.7724538589069441_0.7724538589069441_SIZE_1_1.0_1
GEN_50_FIT_0.7724538589069441_0.7724538589069441_0.7724538589069441_SIZE_1_1.0_1
GEN_51_FIT_0.7724538589069441_0.7724538589069441_0.7724538589069441_SIZE_1_1.0_1
GEN_52_FIT_0.7724538589069441_0.7724538589069441_0.7724538589069441_SIZE_1_1.0_1
GEN_53_FIT_0.7724538589069441_0.7724538589069441_0.7724538589069441_SIZE_1_1.0_1
GEN_54_FIT_0.7724538589069441_0.7724538589069441_0.7724538589069441_SIZE_1_1.0_1
GEN_55_FIT_0.7724538589069441_0.7724538589069441_0.7724538589069441_SIZE_1_1.0_1
GEN_56_FIT_0.7724538589069441_0.7724538589069441_0.7724538589069441_SIZE_1_1.0_1
GEN_57_FIT_0.7724538589069441_0.7724538589069441_0.7724538589069441_SIZE_1_1.0_1
GEN_58_FIT_0.7724538589069441_0.7724538589069441_0.7724538589069441_SIZE_1_1.0_1
GEN_59_FIT_0.7724538589069441_0.7724538589069441_0.7724538589069441_SIZE_1_1.0_1
GEN_60_FIT_0.7724538589069441_0.7724538589069441_0.7724538589069441_SIZE_1_1.0_1
Evaluating in sample:
[GEN_60|make_tuple(9, 29, 201, 311)|0.7725]
Evaluating out-of-sample:
[GEN_60|make_tuple(9, 29, 201, 311)|0.8261]
Stopped early in iteration 60, no improvement in 20 gens.
START_TASK: 11
GEN_0_FIT_0.6655386730529222_0.696227526459743_0.7374159225410394_SIZE_1_3.7_13
GEN_1_FIT_0.7127088849742944_0.7246870392709576_0.7374159225410394_SIZE_1_3.45_13
GEN_2_FIT_0.7218165363197274_0.7368178633090215_0.7576469442123273_SIZE_1_2.7_4
GEN_3_FIT_0.732555049931542_0.7504761882736972_0.7645255854077521_SIZE_1_1.5_3
GEN_4_FIT_0.7576696607766296_0.7607647393569368_0.7683520120381885_SIZE_1_1.65_3
GEN_5_FIT_0.7581703027307101_0.7649041579396435_0.7688393427232413_SIZE_1_1.7_3
GEN_6_FIT_0.7648164994498226_0.7685088157628467_0.769261554497336_SIZE_1_1.65_2
GEN_7_FIT_0.7686752514761642_0.7690113129940559_0.7692698079105467_SIZE_1_1.5_3
GEN_8_FIT_0.7689864354782487_0.7692486238877028_0.7692698079105467_SIZE_1_1.1_2
GEN_9_FIT_0.769261554497336_0.7692712067564684_0.7693062813613104_SIZE_1_1.1_2
GEN_10_FIT_0.7692698079105467_0.769289858923309_0.7693145347745209_SIZE_1_1.0_1
GEN_11_FIT_0.7693062813613104_0.7693347047991781_0.7697922159865621_SIZE_1_1.0_1
GEN_12_FIT_0.7693145347745209_0.769390374595049_0.7698759687609983_SIZE_1_1.0_1
GEN_13_FIT_0.7693145347745209_0.7696252624895995_0.7702746971456202_SIZE_1_1.1_2
GEN_14_FIT_0.7698004693997728_0.769926266370391_0.7703731818286721_SIZE_1_1.2_2
GEN_15_FIT_0.7698797682035873_0.7702187663617182_0.7710044378029438_SIZE_1_1.35_2
GEN_16_FIT_0.7702746971456202_0.7703853562712635_0.7710044378029438_SIZE_1_1.8_3
GEN_17_FIT_0.7703418280865245_0.7704327504180977_0.7710044378029438_SIZE_1_1.8_2
GEN_18_FIT_0.7703418280865245_0.7705628920707432_0.7710044378029438_SIZE_1_1.35_2
GEN_19_FIT_0.7709189109715857_0.7710047762494158_0.771171176137028_SIZE_1_1.85_2
GEN_20_FIT_0.7709918978956511_0.7710350236827932_0.771171176137028_SIZE_1_1.85_2
Evaluating in sample:
[GEN_20|make_tuple(9, 163, 189, 295)|0.7711]
[GEN_20|make_tuple(9, 114, truediv(980, 5), 316)|0.7712]
Evaluating out-of-sample:
[GEN_20|make_tuple(9, 163, 189, 295)|0.9027]
[GEN_20|make_tuple(9, 114, truediv(980, 5), 316)|0.9012]
GEN_21_FIT_0.7709918978956511_0.7710964122375146_0.771171176137028_SIZE_1_1.7_3
GEN_22_FIT_0.7711665110104521_0.7711714720410836_0.7711817593447183_SIZE_1_1.9_2
GEN_23_FIT_0.7707373195969627_0.7711423370676485_0.7712450219249128_SIZE_1_1.55_2
GEN_24_FIT_0.7711665110104521_0.7711945320927928_0.7712450219249128_SIZE_1_1.3_2
GEN_25_FIT_0.7711817593447183_0.7711879465795025_0.7713055040404001_SIZE_1_1.05_2
GEN_26_FIT_0.7711817593447183_0.7712123076092666_0.7713055040404001_SIZE_1_1.3_3
GEN_27_FIT_0.7711847109293624_0.7712551729704022_0.7713055040404001_SIZE_1_1.65_3
GEN_28_FIT_0.7712406900207445_0.7713019227351646_0.7713055040404001_SIZE_1_2.0_3
GEN_29_FIT_0.7713045951246318_0.7713229818751197_0.7715621816488674_SIZE_1_1.9_2
GEN_30_FIT_0.7707347238316884_0.7712923331034993_0.7716474219378003_SIZE_1_1.65_2
GEN_31_FIT_0.7712289591723227_0.771414411420027_0.7716474219378003_SIZE_1_1.3_2
GEN_32_FIT_0.7713992920420916_0.7714241050316624_0.7716474219378003_SIZE_1_1.1_2
GEN_33_FIT_0.7713992920420916_0.771499268977305_0.7716474219378003_SIZE_1_1.4_3
GEN_34_FIT_0.7714694697866177_0.7716127791131902_0.7716474219378003_SIZE_1_1.9_3
GEN_35_FIT_0.7714694697866177_0.7716056502783957_0.7716767382753549_SIZE_1_1.6_2
GEN_36_FIT_0.7715215659873478_0.7716451303868004_0.7716767382753549_SIZE_1_1.9_3
GEN_37_FIT_0.7715549231786831_0.7716601473557985_0.7718025028825627_SIZE_1_1.7_3
GEN_38_FIT_0.7716499992670229_0.7716840088083073_0.7718025028825627_SIZE_1_1.4_2
GEN_39_FIT_0.7716810045968602_0.7717287702955298_0.7718025028825627_SIZE_1_1.35_2
GEN_40_FIT_0.7717947879706554_0.7717990311722045_0.7718025028825627_SIZE_1_1.55_2
Evaluating in sample:
[GEN_40|make_tuple(9, 29, 199, 310)|0.7718]
[GEN_40|make_tuple(9, 29, truediv(1005, 5), 310)|0.7718]
Evaluating out-of-sample:
[GEN_40|make_tuple(9, 29, 199, 310)|0.9003]
[GEN_40|make_tuple(9, 29, truediv(1005, 5), 310)|0.9003]
GEN_41_FIT_0.7717947879706554_0.7718017313913721_0.7718025028825627_SIZE_1_1.9_2
GEN_42_FIT_0.7717947879706554_0.7718017313913721_0.7718025028825627_SIZE_1_1.9_2
GEN_43_FIT_0.7718006476307032_0.7718024101199699_0.7718025028825627_SIZE_1_1.95_2
GEN_44_FIT_0.7717947879706554_0.7718023173573769_0.7718083625426104_SIZE_1_1.9_2
GEN_45_FIT_0.7717947879706554_0.7718025175777863_0.7718083625426104_SIZE_1_1.85_2
GEN_46_FIT_0.7717947879706554_0.771801668019226_0.7718083625426104_SIZE_1_1.6_3
GEN_47_FIT_0.7718006476307032_0.7718076838140128_0.7718083625426104_SIZE_1_1.95_3
GEN_48_FIT_0.7718025028825627_0.7718080695596081_0.7718083625426104_SIZE_1_1.85_2
GEN_49_FIT_0.7718025028825627_0.7718077765766058_0.7718083625426104_SIZE_1_1.75_2
GEN_50_FIT_0.7718025028825627_0.7718077765766058_0.7718083625426104_SIZE_1_1.55_2
GEN_51_FIT_0.7718025028825627_0.7718080695596081_0.7718083625426104_SIZE_1_1.05_2
GEN_52_FIT_0.7718083625426104_0.7718083625426105_0.7718083625426104_SIZE_1_1.0_1
GEN_53_FIT_0.7718083625426104_0.7718083625426105_0.7718083625426104_SIZE_1_1.0_1
GEN_54_FIT_0.7718083625426104_0.7718083625426105_0.7718083625426104_SIZE_1_1.0_1
GEN_55_FIT_0.7718083625426104_0.7718083625426105_0.7718083625426104_SIZE_1_1.0_1
GEN_56_FIT_0.7718083625426104_0.7718083625426105_0.7718083625426104_SIZE_1_1.0_1
GEN_57_FIT_0.7718083625426104_0.7718083625426105_0.7718083625426104_SIZE_1_1.0_1
GEN_58_FIT_0.7718083625426104_0.7718083625426105_0.7718083625426104_SIZE_1_1.0_1
GEN_59_FIT_0.7718083625426104_0.7718083625426105_0.7718083625426104_SIZE_1_1.0_1
GEN_60_FIT_0.7718083625426104_0.7718083625426105_0.7718083625426104_SIZE_1_1.0_1
Evaluating in sample:
[GEN_60|make_tuple(9, 29, 201, 311)|0.7718]
Evaluating out-of-sample:
[GEN_60|make_tuple(9, 29, 201, 311)|0.9003]
GEN_61_FIT_0.7718083625426104_0.7718083625426105_0.7718083625426104_SIZE_1_1.0_1
GEN_62_FIT_0.7718083625426104_0.7718083625426105_0.7718083625426104_SIZE_1_1.0_1
GEN_63_FIT_0.7718083625426104_0.7718083625426105_0.7718083625426104_SIZE_1_1.0_1
GEN_64_FIT_0.7718083625426104_0.7718083625426105_0.7718083625426104_SIZE_1_1.0_1
GEN_65_FIT_0.7718083625426104_0.7718083625426105_0.7718083625426104_SIZE_1_1.0_1
GEN_66_FIT_0.7718083625426104_0.7718083625426105_0.7718083625426104_SIZE_1_1.0_1
GEN_67_FIT_0.7718083625426104_0.7718083625426105_0.7718083625426104_SIZE_1_1.0_1
GEN_68_FIT_0.7718083625426104_0.7718083625426105_0.7718083625426104_SIZE_1_1.0_1
GEN_69_FIT_0.7718083625426104_0.7718083625426105_0.7718083625426104_SIZE_1_1.0_1
Evaluating in sample:
[GEN_69|make_tuple(9, 29, 201, 311)|0.7718]
Evaluating out-of-sample:
[GEN_69|make_tuple(9, 29, 201, 311)|0.9003]
Stopped early in iteration 69, no improvement in 20 gens.
START_TASK: 12
GEN_0_FIT_0.6434831365563204_0.6991800402902854_0.748215579941466_SIZE_1_3.15_13
GEN_1_FIT_0.7287611908581021_0.742333024755098_0.7525554133264443_SIZE_1_2.1_8
GEN_2_FIT_0.7487985569494137_0.7539769579839957_0.7676975471096761_SIZE_1_1.85_5
GEN_3_FIT_0.7572460607153434_0.766073601590177_0.7706670035665798_SIZE_1_2.7_5
GEN_4_FIT_0.7676975471096761_0.7698155239405609_0.7706670035665798_SIZE_1_2.4_5
GEN_5_FIT_0.7705128475423034_0.7706416985274551_0.771013176069225_SIZE_1_1.7_5
GEN_6_FIT_0.7706670035665798_0.7708585459570194_0.7711181831755468_SIZE_1_1.85_5
GEN_7_FIT_0.771013176069225_0.7710531781185311_0.7711756038241171_SIZE_1_1.3_3
GEN_8_FIT_0.7711064483671111_0.7711825333128998_0.7716877531584214_SIZE_1_1.15_3
GEN_9_FIT_0.7711756038241171_0.7713099794456107_0.7717360191634163_SIZE_1_1.35_3
GEN_10_FIT_0.7711873790598786_0.7715414111182566_0.77180362503452_SIZE_1_1.85_3
GEN_11_FIT_0.7716537085613417_0.7717291772723451_0.7720688200376049_SIZE_1_1.1_2
GEN_12_FIT_0.7716877531584214_0.771820229909763_0.7720688200376049_SIZE_1_1.1_2
GEN_13_FIT_0.77180362503452_0.7718964432855998_0.7720688200376049_SIZE_1_1.05_2
GEN_14_FIT_0.7720329482615143_0.7720741205291726_0.7722107016450481_SIZE_1_1.05_2
GEN_15_FIT_0.7720688200376049_0.7721113845198379_0.7722107016450481_SIZE_1_1.0_1
GEN_16_FIT_0.7721395246853311_0.7722004284788202_0.7722107016450481_SIZE_1_1.05_2
GEN_17_FIT_0.7722107016450481_0.7722107016450479_0.7722107016450481_SIZE_1_1.0_1
GEN_18_FIT_0.7722107016450481_0.7722107016450479_0.7722107016450481_SIZE_1_1.0_1
GEN_19_FIT_0.7722107016450481_0.7722107016450479_0.7722107016450481_SIZE_1_1.0_1
GEN_20_FIT_0.7722107016450481_0.772213353745489_0.7722637436538705_SIZE_1_1.0_1
Evaluating in sample:
[GEN_20|make_tuple(9, 29, 201, 311)|0.7723]
Evaluating out-of-sample:
[GEN_20|make_tuple(9, 29, 201, 311)|0.8479]
GEN_21_FIT_0.7722107016450481_0.7722239621472535_0.7722637436538705_SIZE_1_1.0_1
GEN_22_FIT_0.7722107016450481_0.7722531352521059_0.7722637436538705_SIZE_1_1.0_1
GEN_23_FIT_0.7722637436538705_0.7722637436538704_0.7722637436538705_SIZE_1_1.0_1
GEN_24_FIT_0.7722637436538705_0.7722637436538704_0.7722637436538705_SIZE_1_1.0_1
GEN_25_FIT_0.7722637436538705_0.7722637436538704_0.7722637436538705_SIZE_1_1.0_1
GEN_26_FIT_0.7722637436538705_0.7722637436538704_0.7722637436538705_SIZE_1_1.0_1
GEN_27_FIT_0.7722637436538705_0.7722637436538704_0.7722637436538705_SIZE_1_1.0_1
GEN_28_FIT_0.7722637436538705_0.7722637436538704_0.7722637436538705_SIZE_1_1.0_1
GEN_29_FIT_0.7722637436538705_0.7722637436538704_0.7722637436538705_SIZE_1_1.0_1
GEN_30_FIT_0.7722637436538705_0.7722637436538704_0.7722637436538705_SIZE_1_1.0_1
GEN_31_FIT_0.7722637436538705_0.7722637436538704_0.7722637436538705_SIZE_1_1.0_1
GEN_32_FIT_0.7722637436538705_0.7722637436538704_0.7722637436538705_SIZE_1_1.0_1
GEN_33_FIT_0.7722637436538705_0.7722637436538704_0.7722637436538705_SIZE_1_1.0_1
GEN_34_FIT_0.7722637436538705_0.7722637436538704_0.7722637436538705_SIZE_1_1.0_1
GEN_35_FIT_0.7722637436538705_0.7722637436538704_0.7722637436538705_SIZE_1_1.0_1
GEN_36_FIT_0.7722637436538705_0.7722637436538704_0.7722637436538705_SIZE_1_1.0_1
GEN_37_FIT_0.7722637436538705_0.7722637436538704_0.7722637436538705_SIZE_1_1.0_1
GEN_38_FIT_0.7722637436538705_0.7722637436538704_0.7722637436538705_SIZE_1_1.0_1
GEN_39_FIT_0.7722637436538705_0.7722637436538704_0.7722637436538705_SIZE_1_1.0_1
GEN_40_FIT_0.7722637436538705_0.7722637436538704_0.7722637436538705_SIZE_1_1.0_1
Evaluating in sample:
[GEN_40|make_tuple(9, 29, 201, 311)|0.7723]
Evaluating out-of-sample:
[GEN_40|make_tuple(9, 29, 201, 311)|0.8479]
GEN_41_FIT_0.7722637436538705_0.7722637436538704_0.7722637436538705_SIZE_1_1.0_1
Evaluating in sample:
[GEN_41|make_tuple(9, 29, 201, 311)|0.7723]
Evaluating out-of-sample:
[GEN_41|make_tuple(9, 29, 201, 311)|0.8479]
Stopped early in iteration 41, no improvement in 20 gens.
START_TASK: 14
GEN_0_FIT_0.63525100668087_0.6968053897505153_0.7617651433029948_SIZE_1_5.9_17
GEN_1_FIT_0.7332077049042774_0.7493146670641557_0.7617651433029948_SIZE_1_1.7_9
GEN_2_FIT_0.7588339192204968_0.7611352013926218_0.7694204607936391_SIZE_1_1.4_3
GEN_3_FIT_0.7617651433029948_0.7644752197522876_0.7698211297793773_SIZE_1_1.45_3
GEN_4_FIT_0.7676306102039222_0.7688119491196693_0.7699225121691606_SIZE_1_1.6_3
GEN_5_FIT_0.7686838855401668_0.7699173362986761_0.7712876441371325_SIZE_1_1.65_3
GEN_6_FIT_0.7703286352117377_0.770970400709798_0.771424334604915_SIZE_1_1.35_3
GEN_7_FIT_0.7712876441371325_0.7713263960463028_0.771541481557663_SIZE_1_1.3_3
GEN_8_FIT_0.7713109592390894_0.7714429279182425_0.7715433618970804_SIZE_1_2.05_4
GEN_9_FIT_0.7714438783965905_0.7715273432674665_0.7716203293530268_SIZE_1_1.8_3
GEN_10_FIT_0.771541481557663_0.7715611818636923_0.7716621959269476_SIZE_1_1.4_3
GEN_11_FIT_0.771573073087887_0.7716346436276533_0.7716621959269476_SIZE_1_1.55_4
GEN_12_FIT_0.771647327007127_0.7716614524809564_0.7716621959269476_SIZE_1_1.1_2
GEN_13_FIT_0.7716621959269476_0.7716625793344845_0.7716698640776871_SIZE_1_1.05_2
GEN_14_FIT_0.7716621959269476_0.7716629627420215_0.7716698640776871_SIZE_1_1.1_2
GEN_15_FIT_0.7716621959269476_0.7716629627420215_0.7716698640776871_SIZE_1_1.1_2
GEN_16_FIT_0.7716621959269476_0.7716629627420215_0.7716698640776871_SIZE_1_1.1_2
GEN_17_FIT_0.7716621959269476_0.7716629627420215_0.7716698640776871_SIZE_1_1.1_2
GEN_18_FIT_0.7716621959269476_0.7716741123934376_0.7717764560559099_SIZE_1_1.1_2
GEN_19_FIT_0.7716621959269476_0.7717028824925037_0.7717916118516244_SIZE_1_1.1_2
GEN_20_FIT_0.7717709288263094_0.7717764375627872_0.7717916118516244_SIZE_1_1.1_2
Evaluating in sample:
[GEN_20|make_tuple(9, 325, 158, 283)|0.7718]
Evaluating out-of-sample:
[GEN_20|make_tuple(9, 325, 158, 283)|0.8191]
GEN_21_FIT_0.7717764560559099_0.7717963062629103_0.7718212548893649_SIZE_1_1.25_2
GEN_22_FIT_0.7718166782303261_0.7718268526690173_0.7719773984782877_SIZE_1_1.1_2
GEN_23_FIT_0.7718166782303261_0.7718779998190497_0.7720436551524509_SIZE_1_1.15_2
GEN_24_FIT_0.7718834928661983_0.7719886170407808_0.77223312983084_SIZE_1_1.3_3
GEN_25_FIT_0.7719773984782877_0.7720905980995106_0.77223312983084_SIZE_1_1.25_2
GEN_26_FIT_0.7720952528925756_0.7722016617406245_0.77223312983084_SIZE_1_1.55_3
GEN_27_FIT_0.77223312983084_0.7722404983386515_0.7723279250501732_SIZE_1_1.05_2
GEN_28_FIT_0.77223312983084_0.7722528252323787_0.7723279250501732_SIZE_1_1.3_3
GEN_29_FIT_0.7722480943901753_0.7723151819522982_0.772393393269997_SIZE_1_1.2_2
GEN_30_FIT_0.7723279250501732_0.7723544053211053_0.7723992529300447_SIZE_1_1.1_2
GEN_31_FIT_0.772393393269997_0.7723945652020066_0.7723992529300447_SIZE_1_1.05_2
GEN_32_FIT_0.772393393269997_0.7723977880150328_0.7723992529300447_SIZE_1_1.1_2
GEN_33_FIT_0.7723992529300447_0.7723992529300447_0.7723992529300447_SIZE_1_1.0_1
GEN_34_FIT_0.7723992529300447_0.7723992529300447_0.7723992529300447_SIZE_1_1.0_1
GEN_35_FIT_0.7723992529300447_0.7723992529300447_0.7723992529300447_SIZE_1_1.0_1
GEN_36_FIT_0.7723992529300447_0.7723992529300447_0.7723992529300447_SIZE_1_1.0_1
GEN_37_FIT_0.7723992529300447_0.7723996886493039_0.7724079673152268_SIZE_1_1.05_2
GEN_38_FIT_0.7723992529300447_0.7723996886493039_0.7724079673152268_SIZE_1_1.05_2
GEN_39_FIT_0.7723992529300447_0.772400124368563_0.7724079673152268_SIZE_1_1.1_2
GEN_40_FIT_0.7723992529300447_0.772400124368563_0.7724079673152268_SIZE_1_1.1_2
Evaluating in sample:
[GEN_40|make_tuple(9, 29, 201, 311)|0.7724]
[GEN_40|make_tuple(9, add(0.02274722723871193, 29), 201, 311)|0.7724]
Evaluating out-of-sample:
[GEN_40|make_tuple(9, 29, 201, 311)|0.8324]
[GEN_40|make_tuple(9, add(0.02274722723871193, 29), 201, 311)|0.8288]
GEN_41_FIT_0.7723992529300447_0.772400124368563_0.7724079673152268_SIZE_1_1.1_2
GEN_42_FIT_0.7723992529300447_0.772400124368563_0.7724079673152268_SIZE_1_1.1_2
GEN_43_FIT_0.7723992529300447_0.772400124368563_0.7724079673152268_SIZE_1_1.1_2
GEN_44_FIT_0.7723992529300447_0.772400124368563_0.7724079673152268_SIZE_1_1.1_2
GEN_45_FIT_0.7723992529300447_0.772400124368563_0.7724079673152268_SIZE_1_1.1_2
GEN_46_FIT_0.7723992529300447_0.772400124368563_0.7724079673152268_SIZE_1_1.1_2
GEN_47_FIT_0.7723992529300447_0.772400124368563_0.7724079673152268_SIZE_1_1.1_2
GEN_48_FIT_0.7723992529300447_0.772400124368563_0.7724079673152268_SIZE_1_1.1_2
GEN_49_FIT_0.7723992529300447_0.772400124368563_0.7724079673152268_SIZE_1_1.1_2
GEN_50_FIT_0.7723992529300447_0.772400124368563_0.7724079673152268_SIZE_1_1.1_2
GEN_51_FIT_0.7723992529300447_0.772400124368563_0.7724079673152268_SIZE_1_1.1_2
GEN_52_FIT_0.7723992529300447_0.772400124368563_0.7724079673152268_SIZE_1_1.1_2
GEN_53_FIT_0.7723992529300447_0.772400124368563_0.7724079673152268_SIZE_1_1.1_2
GEN_54_FIT_0.7723992529300447_0.772400124368563_0.7724079673152268_SIZE_1_1.1_2
GEN_55_FIT_0.7723992529300447_0.772400124368563_0.7724079673152268_SIZE_1_1.1_2
GEN_56_FIT_0.7723992529300447_0.772400124368563_0.7724079673152268_SIZE_1_1.1_2
GEN_57_FIT_0.7723992529300447_0.772400124368563_0.7724079673152268_SIZE_1_1.1_2
GEN_58_FIT_0.7723992529300447_0.772400124368563_0.7724079673152268_SIZE_1_1.1_2
Evaluating in sample:
[GEN_58|make_tuple(9, 29, 201, 311)|0.7724]
[GEN_58|make_tuple(9, add(0.02274722723871193, 29), 201, 311)|0.7724]
Evaluating out-of-sample:
[GEN_58|make_tuple(9, 29, 201, 311)|0.8324]
[GEN_58|make_tuple(9, add(0.02274722723871193, 29), 201, 311)|0.8288]
Stopped early in iteration 58, no improvement in 20 gens.
START_TASK: 15
GEN_0_FIT_0.6992374015910418_0.7212087187694257_0.7494064524681584_SIZE_1_2.0_7
GEN_1_FIT_0.7458089269671747_0.7500215688953981_0.7593314200912926_SIZE_1_1.2_4
GEN_2_FIT_0.7540151717956661_0.7588232692871123_0.7704192829467665_SIZE_1_1.2_2
GEN_3_FIT_0.7592531910504475_0.7622911757983928_0.771303404388646_SIZE_1_1.4_2
GEN_4_FIT_0.7702808678274934_0.7707662678634819_0.771303404388646_SIZE_1_1.25_2
GEN_5_FIT_0.7711463908534562_0.771338407460333_0.7716161506984293_SIZE_1_1.05_2
GEN_6_FIT_0.771303404388646_0.7715245182020025_0.7717617578648243_SIZE_1_1.1_2
GEN_7_FIT_0.7716161506984293_0.7717578109252112_0.7719401561683203_SIZE_1_1.35_2
GEN_8_FIT_0.7718862395112329_0.7719242508936371_0.7719493094863981_SIZE_1_1.6_3
GEN_9_FIT_0.7719271422293893_0.7719600042503147_0.7724398518503016_SIZE_1_1.2_2
GEN_10_FIT_0.7719362955474673_0.7721050338021327_0.7724398518503016_SIZE_1_1.45_3
GEN_11_FIT_0.7722370677951828_0.7723964753613515_0.7724742531082861_SIZE_1_1.1_2
GEN_12_FIT_0.7724398518503016_0.7724522366004577_0.7724840129650654_SIZE_1_1.0_1
GEN_13_FIT_0.7724713794487409_0.7724754723011235_0.7724840129650654_SIZE_1_1.1_2
GEN_14_FIT_0.7724761157408099_0.7724937217188328_0.7725733362963447_SIZE_1_1.2_2
GEN_15_FIT_0.772488305443914_0.7725251436874214_0.7725733362963447_SIZE_1_1.15_2
GEN_16_FIT_0.7725312273894249_0.7725604833887249_0.7725747214725972_SIZE_1_1.1_2
GEN_17_FIT_0.7725733362963447_0.7725768468730592_0.7725987458297211_SIZE_1_1.1_2
GEN_18_FIT_0.7725747214725972_0.7725820182179973_0.7725987458297211_SIZE_1_1.0_1
GEN_19_FIT_0.7725765102378533_0.7725989357265458_0.7726117625939014_SIZE_1_1.0_1
GEN_20_FIT_0.7725987458297211_0.7726125289684079_0.7727832912541931_SIZE_1_1.0_1
Evaluating in sample:
[GEN_20|make_tuple(9, 30, 201, 311)|0.7728]
Evaluating out-of-sample:
[GEN_20|make_tuple(9, 30, 201, 311)|0.7764]
GEN_21_FIT_0.7726117625939014_0.7726243622184208_0.7727832912541931_SIZE_1_1.0_1
GEN_22_FIT_0.7726117625939014_0.7726878809078229_0.7727832912541931_SIZE_1_1.05_2
GEN_23_FIT_0.7727551162903525_0.7727879647487139_0.7729161304383957_SIZE_1_1.05_2
GEN_24_FIT_0.7727832912541931_0.7728136735061764_0.7729161304383957_SIZE_1_1.0_1
GEN_25_FIT_0.7727879656365345_0.7728713091423879_0.7729161304383957_SIZE_1_1.05_2
GEN_26_FIT_0.7729161304383957_0.7729163959074302_0.7729187851287401_SIZE_1_1.0_1
GEN_27_FIT_0.7729161304383957_0.772917457783568_0.7729187851287401_SIZE_1_1.0_1
GEN_28_FIT_0.7729187851287401_0.77291878512874_0.7729187851287401_SIZE_1_1.0_1
GEN_29_FIT_0.7729187851287401_0.77291878512874_0.7729187851287401_SIZE_1_1.0_1
GEN_30_FIT_0.7729187851287401_0.77291878512874_0.7729187851287401_SIZE_1_1.0_1
GEN_31_FIT_0.7729187851287401_0.77291878512874_0.7729187851287401_SIZE_1_1.0_1
GEN_32_FIT_0.7729187851287401_0.77291878512874_0.7729187851287401_SIZE_1_1.0_1
GEN_33_FIT_0.7729187851287401_0.77291878512874_0.7729187851287401_SIZE_1_1.0_1
GEN_34_FIT_0.7729187851287401_0.77291878512874_0.7729187851287401_SIZE_1_1.0_1
GEN_35_FIT_0.7729187851287401_0.77291878512874_0.7729187851287401_SIZE_1_1.0_1
GEN_36_FIT_0.7729187851287401_0.77291878512874_0.7729187851287401_SIZE_1_1.0_1
GEN_37_FIT_0.7729187851287401_0.77291878512874_0.7729187851287401_SIZE_1_1.0_1
GEN_38_FIT_0.7729187851287401_0.77291878512874_0.7729187851287401_SIZE_1_1.0_1
GEN_39_FIT_0.7729187851287401_0.77291878512874_0.7729187851287401_SIZE_1_1.0_1
GEN_40_FIT_0.7729187851287401_0.77291878512874_0.7729187851287401_SIZE_1_1.0_1
Evaluating in sample:
[GEN_40|make_tuple(9, 29, 199, 311)|0.7729]
Evaluating out-of-sample:
[GEN_40|make_tuple(9, 29, 199, 311)|0.7717]
GEN_41_FIT_0.7729187851287401_0.77291878512874_0.7729187851287401_SIZE_1_1.0_1
GEN_42_FIT_0.7729187851287401_0.77291878512874_0.7729187851287401_SIZE_1_1.0_1
GEN_43_FIT_0.7729187851287401_0.77291878512874_0.7729187851287401_SIZE_1_1.0_1
GEN_44_FIT_0.7729187851287401_0.77291878512874_0.7729187851287401_SIZE_1_1.0_1
GEN_45_FIT_0.7729187851287401_0.77291878512874_0.7729187851287401_SIZE_1_1.0_1
GEN_46_FIT_0.7729187851287401_0.77291878512874_0.7729187851287401_SIZE_1_1.0_1
GEN_47_FIT_0.7729187851287401_0.77291878512874_0.7729187851287401_SIZE_1_1.0_1
Evaluating in sample:
[GEN_47|make_tuple(9, 29, 199, 311)|0.7729]
Evaluating out-of-sample:
[GEN_47|make_tuple(9, 29, 199, 311)|0.7717]
Stopped early in iteration 47, no improvement in 20 gens.
START_TASK: 16
GEN_0_FIT_0.65841836198707_0.6926134960000299_0.7564504463875993_SIZE_1_3.65_12
GEN_1_FIT_0.7213325971446106_0.7422142534532925_0.7586759311048236_SIZE_1_2.35_9
GEN_2_FIT_0.7564504463875993_0.7580098746600946_0.75926838084326_SIZE_1_1.1_2
GEN_3_FIT_0.7586759311048236_0.7588440884236706_0.75926838084326_SIZE_1_1.35_2
GEN_4_FIT_0.7591297871705031_0.7592741863341459_0.7599528642787018_SIZE_1_1.65_2
GEN_5_FIT_0.7591297871705031_0.7595242613347314_0.7599528642787018_SIZE_1_1.3_2
GEN_6_FIT_0.7599528642787018_0.7599675543350948_0.7600154453297369_SIZE_1_1.15_2
GEN_7_FIT_0.7599780162321119_0.760026788162169_0.7602626372579963_SIZE_1_1.5_3
GEN_8_FIT_0.7600154453297369_0.7600880744946524_0.7603271876144745_SIZE_1_1.25_2
GEN_9_FIT_0.7600586585202148_0.7602220561178726_0.7603271876144745_SIZE_1_1.25_3
GEN_10_FIT_0.7602626372579963_0.7602953357794726_0.7603363841307438_SIZE_1_1.0_1
GEN_11_FIT_0.7603271876144745_0.7603400808098797_0.7605135254282287_SIZE_1_1.1_2
GEN_12_FIT_0.7603363841307438_0.760362824609582_0.7605135254282287_SIZE_1_1.1_2
GEN_13_FIT_0.7603363841307438_0.76041087631518_0.7605374696222881_SIZE_1_1.1_2
GEN_14_FIT_0.7604882485511314_0.7605301970505091_0.7605859110307884_SIZE_1_1.15_2
GEN_15_FIT_0.7605374696222881_0.760554010125363_0.7605859110307884_SIZE_1_1.3_2
GEN_16_FIT_0.7605572894801501_0.7608044528483531_0.7650572641595361_SIZE_1_1.5_2
GEN_17_FIT_0.7605689069115789_0.761257036825089_0.7650706914490105_SIZE_1_1.2_2
GEN_18_FIT_0.7605703159722998_0.761268614257965_0.7650903437783348_SIZE_1_1.15_2
GEN_19_FIT_0.7606107875135583_0.761058743140036_0.7650903437783348_SIZE_1_1.1_2
GEN_20_FIT_0.7606107875135583_0.7623980403291151_0.7650903437783348_SIZE_1_1.4_2
Evaluating in sample:
[GEN_20|make_tuple(7, 30, 201, 333)|0.7607]
[GEN_20|make_tuple(add(8, 0.002160763515142422), 659, 201, 314)|0.7651]
Evaluating out-of-sample:
[GEN_20|make_tuple(7, 30, 201, 333)|0.8195]
[GEN_20|make_tuple(add(8, 0.002160763515142422), 659, 201, 314)|0.8195]
GEN_21_FIT_0.7606662288513776_0.764891832763462_0.7719502105259493_SIZE_1_1.9_3
GEN_22_FIT_0.7606662288513776_0.7677268509112701_0.7719502105259493_SIZE_1_2.0_3
GEN_23_FIT_0.7608014725744957_0.7708337288035473_0.7720906139175121_SIZE_1_2.3_3
GEN_24_FIT_0.7719128130503258_0.7719619216657778_0.7720906139175121_SIZE_1_1.5_3
GEN_25_FIT_0.7719502105259493_0.7720305302223371_0.7722490921179499_SIZE_1_1.75_3
GEN_26_FIT_0.7720348108159392_0.7721749867726744_0.7722490921179499_SIZE_1_2.35_4
GEN_27_FIT_0.7720906139175121_0.7722128782223253_0.7723172052076461_SIZE_1_1.25_4
GEN_28_FIT_0.7722490921179499_0.7722632569896737_0.7723172052076461_SIZE_1_1.6_4
GEN_29_FIT_0.7722490921179499_0.7722749015853336_0.7723280955531571_SIZE_1_1.4_4
GEN_30_FIT_0.7722803726653981_0.7723156734252694_0.7723280955531571_SIZE_1_2.25_4
GEN_31_FIT_0.7723172052076461_0.7723363399164338_0.7724059484897133_SIZE_1_1.35_4
GEN_32_FIT_0.7723280955531571_0.772376437817428_0.7724059484897133_SIZE_1_1.3_4
GEN_33_FIT_0.7724059484897133_0.7724059484897132_0.7724059484897133_SIZE_1_1.0_1
GEN_34_FIT_0.7724059484897133_0.7724059484897132_0.7724059484897133_SIZE_1_1.0_1
GEN_35_FIT_0.7724059484897133_0.7724062414727155_0.7724118081497612_SIZE_1_1.0_1
GEN_36_FIT_0.7724059484897133_0.7724071204217228_0.7724118081497612_SIZE_1_1.0_1
GEN_37_FIT_0.7724059484897133_0.7724103432347491_0.7724118081497612_SIZE_1_1.05_2
GEN_38_FIT_0.7724118081497612_0.7724118081497611_0.7724118081497612_SIZE_1_1.0_1
GEN_39_FIT_0.7724118081497612_0.7724118081497611_0.7724118081497612_SIZE_1_1.0_1
GEN_40_FIT_0.7724118081497612_0.7724118081497611_0.7724118081497612_SIZE_1_1.0_1
Evaluating in sample:
[GEN_40|make_tuple(9, 29, 201, 311)|0.7724]
Evaluating out-of-sample:
[GEN_40|make_tuple(9, 29, 201, 311)|0.8309]
GEN_41_FIT_0.7724118081497612_0.7724118081497611_0.7724118081497612_SIZE_1_1.0_1
GEN_42_FIT_0.7724118081497612_0.7724118081497611_0.7724118081497612_SIZE_1_1.0_1
GEN_43_FIT_0.7724118081497612_0.7724118081497611_0.7724118081497612_SIZE_1_1.0_1
GEN_44_FIT_0.7724118081497612_0.7724118081497611_0.7724118081497612_SIZE_1_1.0_1
GEN_45_FIT_0.7724118081497612_0.7724118081497611_0.7724118081497612_SIZE_1_1.0_1
GEN_46_FIT_0.7724118081497612_0.7724118081497611_0.7724118081497612_SIZE_1_1.0_1
GEN_47_FIT_0.7724118081497612_0.7724118081497611_0.7724118081497612_SIZE_1_1.0_1
GEN_48_FIT_0.7724118081497612_0.7724118081497611_0.7724118081497612_SIZE_1_1.0_1
GEN_49_FIT_0.7724118081497612_0.7724118081497611_0.7724118081497612_SIZE_1_1.0_1
GEN_50_FIT_0.7724118081497612_0.7724118081497611_0.7724118081497612_SIZE_1_1.0_1
GEN_51_FIT_0.7724118081497612_0.7724118081497611_0.7724118081497612_SIZE_1_1.0_1
GEN_52_FIT_0.7724118081497612_0.7724118081497611_0.7724118081497612_SIZE_1_1.0_1
GEN_53_FIT_0.7724118081497612_0.7724118081497611_0.7724118081497612_SIZE_1_1.0_1
GEN_54_FIT_0.7724118081497612_0.7724118081497611_0.7724118081497612_SIZE_1_1.0_1
GEN_55_FIT_0.7724118081497612_0.7724118081497611_0.7724118081497612_SIZE_1_1.0_1
GEN_56_FIT_0.7724118081497612_0.7724118081497611_0.7724118081497612_SIZE_1_1.0_1
Evaluating in sample:
[GEN_56|make_tuple(9, 29, 201, 311)|0.7724]
Evaluating out-of-sample:
[GEN_56|make_tuple(9, 29, 201, 311)|0.8309]
Stopped early in iteration 56, no improvement in 20 gens.
START_TASK: 18
GEN_0_FIT_0.6792473705349502_0.7307440567870762_0.7616418638875466_SIZE_1_1.7_5
GEN_1_FIT_0.7544686896519066_0.7588505707354801_0.761879694372617_SIZE_1_1.3_3
GEN_2_FIT_0.7616418638875466_0.7617589778110117_0.7620443675955949_SIZE_1_1.05_2
GEN_3_FIT_0.7618813638350929_0.7625716952490597_0.7726994661336907_SIZE_1_1.25_2
GEN_4_FIT_0.7621006065615953_0.7653664493755153_0.7735448671403836_SIZE_1_1.65_3
GEN_5_FIT_0.7623524496334714_0.7703374132824965_0.7735448671403836_SIZE_1_2.2_4
GEN_6_FIT_0.762394051632925_0.769187989769214_0.7740177388547591_SIZE_1_2.05_4
GEN_7_FIT_0.7629547462160173_0.7684998021114355_0.7743157218974428_SIZE_1_1.7_3
GEN_8_FIT_0.76299250853601_0.7719986689499783_0.7744204696907792_SIZE_1_2.25_4
GEN_9_FIT_0.76299250853601_0.772081197486441_0.7750400059784875_SIZE_1_2.25_4
GEN_10_FIT_0.76299250853601_0.7693832536858001_0.7750400059784875_SIZE_1_2.0_4
GEN_11_FIT_0.763129094395981_0.773166815246006_0.7750400059784875_SIZE_1_2.85_5
GEN_12_FIT_0.7631383797308481_0.7737997420211657_0.7751081601690791_SIZE_1_2.6_4
GEN_13_FIT_0.7610374395864158_0.7707431420570044_0.7752599951781726_SIZE_1_1.85_3
GEN_14_FIT_0.7632354356775128_0.7715376013715595_0.7752599951781726_SIZE_1_2.0_3
GEN_15_FIT_0.7633477186822996_0.7704213741286667_0.7752599951781726_SIZE_1_2.0_3
GEN_16_FIT_0.763404885929976_0.7711093931148274_0.7753289022279582_SIZE_1_2.2_3
GEN_17_FIT_0.763404885929976_0.7681700660003815_0.7753318565284247_SIZE_1_1.65_3
GEN_18_FIT_0.7634851293099959_0.7735315392206579_0.7753976997126603_SIZE_1_2.4_3
GEN_19_FIT_0.7634974233200154_0.7741214826280369_0.7753976997126603_SIZE_1_2.2_3
GEN_20_FIT_0.7634976827795998_0.7747620880875885_0.7753976997126603_SIZE_1_2.4_3
Evaluating in sample:
[GEN_20|make_tuple(7, 30, 174, 317)|0.7635]
[GEN_20|make_tuple(add(7, 2), 29, 193, 318)|0.7753]
[GEN_20|make_tuple(add(7, 2), 29, 193, add(240, 72))|0.7754]
Evaluating out-of-sample:
[GEN_20|make_tuple(7, 30, 174, 317)|0.4465]
[GEN_20|make_tuple(add(7, 2), 29, 193, 318)|0.4632]
[GEN_20|make_tuple(add(7, 2), 29, 193, add(240, 72))|0.4628]
GEN_21_FIT_0.7634976827795998_0.7747965825631266_0.7753976997126603_SIZE_1_2.8_3
GEN_22_FIT_0.7634976827795998_0.7742015817164736_0.7753976997126603_SIZE_1_2.7_3
GEN_23_FIT_0.7634976827795998_0.7742015817164736_0.7753976997126603_SIZE_1_2.7_3
GEN_24_FIT_0.7634731882227933_0.7730062940728967_0.7754172372198079_SIZE_1_2.45_3
GEN_25_FIT_0.7634976827795998_0.7730024474699381_0.7754172372198079_SIZE_1_2.25_3
GEN_26_FIT_0.7635416781264507_0.7735886530354338_0.7756091129790211_SIZE_1_2.0_3
GEN_27_FIT_0.7635429003468751_0.7741844306796711_0.7756091129790211_SIZE_1_2.0_3
GEN_28_FIT_0.7625906179875561_0.7694575273495634_0.7756091129790211_SIZE_1_1.85_4
GEN_29_FIT_0.7635429003468751_0.7726194876629225_0.7756286504861688_SIZE_1_2.4_4
GEN_30_FIT_0.7639375403025287_0.7726479016670778_0.7756286504861688_SIZE_1_2.1_3
GEN_31_FIT_0.7639730633330357_0.7743986832059668_0.7756286504861688_SIZE_1_2.2_3
GEN_32_FIT_0.7639988139431049_0.7750118929866205_0.7756286504861688_SIZE_1_2.55_3
GEN_33_FIT_0.7639988139431049_0.7750370827526172_0.7756286504861688_SIZE_1_2.8_3
GEN_34_FIT_0.7641153146349385_0.7750429077872087_0.7756286504861688_SIZE_1_2.8_3
GEN_35_FIT_0.7641153146349385_0.7750429077872087_0.7756286504861688_SIZE_1_2.8_3
GEN_36_FIT_0.7641153146349385_0.7750429077872087_0.7756286504861688_SIZE_1_2.8_3
GEN_37_FIT_0.7641153146349385_0.7744672409946473_0.7756286504861688_SIZE_1_2.7_3
GEN_38_FIT_0.7641153146349385_0.7744672409946473_0.7756286504861688_SIZE_1_2.7_3
GEN_39_FIT_0.7641153146349385_0.7744672409946473_0.7756286504861688_SIZE_1_2.7_3
GEN_40_FIT_0.7641153146349385_0.7744672409946473_0.7756286504861688_SIZE_1_2.7_3
Evaluating in sample:
[GEN_40|make_tuple(7, 30, 201, 362)|0.7641]
[GEN_40|make_tuple(add(7, 2), 29, 201, 318)|0.7755]
[GEN_40|make_tuple(add(7, 2), 29, 201, add(240, 71))|0.7756]
Evaluating out-of-sample:
[GEN_40|make_tuple(7, 30, 201, 362)|0.4380]
[GEN_40|make_tuple(add(7, 2), 29, 201, 318)|0.4614]
[GEN_40|make_tuple(add(7, 2), 29, 201, add(240, 71))|0.4610]
GEN_41_FIT_0.764126030688401_0.775043443589882_0.7756286504861688_SIZE_1_2.8_3
GEN_42_FIT_0.764126030688401_0.775043443589882_0.7756286504861688_SIZE_1_2.8_3
GEN_43_FIT_0.764126030688401_0.775043443589882_0.7756286504861688_SIZE_1_2.8_3
GEN_44_FIT_0.764126030688401_0.7744683125999936_0.7756286504861688_SIZE_1_2.7_3
GEN_45_FIT_0.764126030688401_0.7744683125999936_0.7756286504861688_SIZE_1_2.7_3
GEN_46_FIT_0.764126030688401_0.7744780955233898_0.7756286504861688_SIZE_1_2.75_3
GEN_47_FIT_0.764126030688401_0.7744780955233898_0.7756286504861688_SIZE_1_2.75_3
GEN_48_FIT_0.764126030688401_0.7744778025403873_0.7756286504861688_SIZE_1_2.7_3
GEN_49_FIT_0.764126030688401_0.7744778025403873_0.7756286504861688_SIZE_1_2.7_3
GEN_50_FIT_0.764126030688401_0.7744778025403873_0.7756286504861688_SIZE_1_2.7_3
Evaluating in sample:
[GEN_50|make_tuple(7, 30, 199, 362)|0.7641]
[GEN_50|make_tuple(add(7, 2), 29, 201, 310)|0.7756]
[GEN_50|make_tuple(add(7, 2), 29, 201, add(240, 71))|0.7756]
Evaluating out-of-sample:
[GEN_50|make_tuple(7, 30, 199, 362)|0.4389]
[GEN_50|make_tuple(add(7, 2), 29, 201, 310)|0.4610]
[GEN_50|make_tuple(add(7, 2), 29, 201, add(240, 71))|0.4610]
Stopped early in iteration 50, no improvement in 20 gens.
START_TASK: 22
GEN_0_FIT_0.6640846746715738_0.7043677081692334_0.7665857981927953_SIZE_1_2.85_14
GEN_1_FIT_0.7447797311192408_0.759135715338032_0.7705837022099025_SIZE_1_1.2_4
GEN_2_FIT_0.7665857981927953_0.7683679542467796_0.7708690667998117_SIZE_1_1.15_2
GEN_3_FIT_0.7705459540901117_0.770656113065361_0.7708771754454244_SIZE_1_1.5_2
GEN_4_FIT_0.7708150347567175_0.7709386506146976_0.7719109894225794_SIZE_1_1.3_2
GEN_5_FIT_0.7708990249192479_0.7712424710975191_0.7719487525950849_SIZE_1_1.4_2
GEN_6_FIT_0.7709845318714739_0.7715797258925969_0.7721115305924451_SIZE_1_1.55_2
GEN_7_FIT_0.7710173331689562_0.7715809716993725_0.7725129745487775_SIZE_1_1.3_2
GEN_8_FIT_0.7715196274300556_0.7721784836921163_0.7727742886046701_SIZE_1_1.55_2
GEN_9_FIT_0.7722936152417347_0.7725222283850319_0.7727742886046701_SIZE_1_1.45_3
GEN_10_FIT_0.772519280667756_0.7726850484002515_0.7729710257707354_SIZE_1_1.3_3
GEN_11_FIT_0.7727742886046701_0.7728235769446425_0.7729710257707354_SIZE_1_1.1_2
GEN_12_FIT_0.7728274692486572_0.772960146140875_0.77297785636439_SIZE_1_1.3_3
GEN_13_FIT_0.7729710257707354_0.7729769994491209_0.7730185967136879_SIZE_1_1.15_2
GEN_14_FIT_0.7729784741011833_0.7730043696618295_0.7730376149115739_SIZE_1_1.25_2
GEN_15_FIT_0.7730185967136879_0.7730339196951552_0.7733060381451455_SIZE_1_1.05_2
GEN_16_FIT_0.7730185967136879_0.7731023422846559_0.7733060381451455_SIZE_1_1.25_2
GEN_17_FIT_0.7731158146764419_0.7732689250173557_0.7733060381451455_SIZE_1_1.7_3
GEN_18_FIT_0.7731220251161152_0.7733286196306919_0.7735567680031651_SIZE_1_1.3_2
GEN_19_FIT_0.7733060381451455_0.7734806696456472_0.7737182500292606_SIZE_1_1.5_3
GEN_20_FIT_0.7735418181890633_0.7735892380961887_0.7737182500292606_SIZE_1_1.2_2
Evaluating in sample:
[GEN_20|make_tuple(9, 29, 199, 312)|0.7737]
Evaluating out-of-sample:
[GEN_20|make_tuple(9, 29, 199, 312)|0.6775]
GEN_21_FIT_0.7735910491072997_0.7736695172833986_0.7737182500292606_SIZE_1_1.05_2
GEN_22_FIT_0.7737182500292606_0.7737202037799753_0.7737377875364082_SIZE_1_1.0_1
GEN_23_FIT_0.7737182500292606_0.7737250881567622_0.7737377875364082_SIZE_1_1.05_2
GEN_24_FIT_0.7737182500292606_0.7737348569103359_0.7737377875364082_SIZE_1_1.1_2
GEN_25_FIT_0.7737377875364082_0.7737377875364082_0.7737377875364082_SIZE_1_1.0_1
GEN_26_FIT_0.7737377875364082_0.7737377875364082_0.7737377875364082_SIZE_1_1.0_1
GEN_27_FIT_0.7737377875364082_0.7737377875364082_0.7737377875364082_SIZE_1_1.0_1
GEN_28_FIT_0.7737377875364082_0.7737377875364082_0.7737377875364082_SIZE_1_1.0_1
GEN_29_FIT_0.7737377875364082_0.7737377875364082_0.7737377875364082_SIZE_1_1.0_1
GEN_30_FIT_0.7737377875364082_0.7737377875364082_0.7737377875364082_SIZE_1_1.0_1
GEN_31_FIT_0.7737377875364082_0.7737377875364082_0.7737377875364082_SIZE_1_1.0_1
GEN_32_FIT_0.7737377875364082_0.7737377875364082_0.7737377875364082_SIZE_1_1.0_1
GEN_33_FIT_0.7737377875364082_0.7737377875364082_0.7737377875364082_SIZE_1_1.0_1
GEN_34_FIT_0.7737377875364082_0.7737377875364082_0.7737377875364082_SIZE_1_1.0_1
GEN_35_FIT_0.7737377875364082_0.7737381732820036_0.7737455024483155_SIZE_1_1.0_1
GEN_36_FIT_0.7737377875364082_0.7737389447731944_0.7737455024483155_SIZE_1_1.05_2
GEN_37_FIT_0.7737377875364082_0.7737408735011712_0.7737455024483155_SIZE_1_1.05_2
GEN_38_FIT_0.7737377875364082_0.7737447309571248_0.7737455024483155_SIZE_1_1.1_2
GEN_39_FIT_0.7737455024483155_0.7737455024483155_0.7737455024483155_SIZE_1_1.0_1
GEN_40_FIT_0.7737455024483155_0.7737455024483155_0.7737455024483155_SIZE_1_1.0_1
Evaluating in sample:
[GEN_40|make_tuple(9, 29, 201, 311)|0.7737]
Evaluating out-of-sample:
[GEN_40|make_tuple(9, 29, 201, 311)|0.6775]
GEN_41_FIT_0.7737455024483155_0.7737455024483155_0.7737455024483155_SIZE_1_1.0_1
GEN_42_FIT_0.7737455024483155_0.7737455024483155_0.7737455024483155_SIZE_1_1.0_1
GEN_43_FIT_0.7737455024483155_0.7737455024483155_0.7737455024483155_SIZE_1_1.0_1
GEN_44_FIT_0.7737455024483155_0.7737455024483155_0.7737455024483155_SIZE_1_1.0_1
GEN_45_FIT_0.7737455024483155_0.7737455024483155_0.7737455024483155_SIZE_1_1.0_1
GEN_46_FIT_0.7737455024483155_0.7737455024483155_0.7737455024483155_SIZE_1_1.0_1
GEN_47_FIT_0.7737455024483155_0.7737455024483155_0.7737455024483155_SIZE_1_1.0_1
GEN_48_FIT_0.7737455024483155_0.7737455024483155_0.7737455024483155_SIZE_1_1.0_1
GEN_49_FIT_0.7737455024483155_0.7737455024483155_0.7737455024483155_SIZE_1_1.0_1
GEN_50_FIT_0.7737455024483155_0.7737455024483155_0.7737455024483155_SIZE_1_1.0_1
GEN_51_FIT_0.7737455024483155_0.7737455024483155_0.7737455024483155_SIZE_1_1.0_1
GEN_52_FIT_0.7737455024483155_0.7737455024483155_0.7737455024483155_SIZE_1_1.0_1
GEN_53_FIT_0.7737455024483155_0.7737455024483155_0.7737455024483155_SIZE_1_1.0_1
GEN_54_FIT_0.7737455024483155_0.7737455024483155_0.7737455024483155_SIZE_1_1.0_1
GEN_55_FIT_0.7737455024483155_0.7737455024483155_0.7737455024483155_SIZE_1_1.0_1
GEN_56_FIT_0.7737455024483155_0.7737455024483155_0.7737455024483155_SIZE_1_1.0_1
Evaluating in sample:
[GEN_56|make_tuple(9, 29, 201, 311)|0.7737]
Evaluating out-of-sample:
[GEN_56|make_tuple(9, 29, 201, 311)|0.6775]
Stopped early in iteration 56, no improvement in 20 gens.
START_TASK: 23
GEN_0_FIT_0.666964309750208_0.6986817693536143_0.7474324725772437_SIZE_1_1.5_5
GEN_1_FIT_0.7109259851790966_0.7340297956814872_0.759074770810838_SIZE_1_1.4_3
GEN_2_FIT_0.7474324725772437_0.754415456271962_0.7647118709483665_SIZE_1_1.45_3
GEN_3_FIT_0.7591687616851882_0.7635788100892801_0.7668600032636398_SIZE_1_1.5_3
GEN_4_FIT_0.7650918478615762_0.7665401272554451_0.7700138571393262_SIZE_1_1.4_2
GEN_5_FIT_0.7670489587912809_0.7688505003107593_0.772015529056075_SIZE_1_1.65_3
GEN_6_FIT_0.7688812953050451_0.7704211350818471_0.7723132294430973_SIZE_1_1.4_2
GEN_7_FIT_0.7700138571393262_0.7710511715188089_0.7723132294430973_SIZE_1_1.4_2
GEN_8_FIT_0.7708271445090363_0.7712691667620812_0.7723132294430973_SIZE_1_1.25_2
GEN_9_FIT_0.7722776325703926_0.7723135494726685_0.772405436174108_SIZE_1_1.8_3
GEN_10_FIT_0.7723083586450382_0.7723612040976582_0.7725666080679661_SIZE_1_1.3_3
GEN_11_FIT_0.7723674790600312_0.7724817569434308_0.7725777667438909_SIZE_1_1.5_3
GEN_12_FIT_0.7724955734759548_0.7725683148145297_0.7726189357962732_SIZE_1_1.1_2
GEN_13_FIT_0.772574815159247_0.7725847921056765_0.7726477422134144_SIZE_1_1.15_2
GEN_14_FIT_0.7725777667438909_0.7726026722326533_0.7726477422134144_SIZE_1_1.2_3
GEN_15_FIT_0.7726189357962732_0.7726218164379874_0.7726477422134144_SIZE_1_1.1_2
GEN_16_FIT_0.7726189357962732_0.7726218164379874_0.7726477422134144_SIZE_1_1.1_2
GEN_17_FIT_0.7726189357962732_0.772625440691576_0.7726914208680444_SIZE_1_1.1_2
GEN_18_FIT_0.7726189357962732_0.7726406776273741_0.7726914208680444_SIZE_1_1.15_2
GEN_19_FIT_0.7726337342251501_0.7726864916108453_0.7727664462824745_SIZE_1_1.1_2
GEN_20_FIT_0.7726914208680444_0.7727186405515328_0.7728059792868989_SIZE_1_1.2_2
Evaluating in sample:
[GEN_20|make_tuple(9, 415, 200, 280)|0.7728]
Evaluating out-of-sample:
[GEN_20|make_tuple(9, 415, 200, 280)|0.7072]
GEN_21_FIT_0.7727485568812081_0.7727756688467038_0.7729222176992485_SIZE_1_1.65_2
GEN_22_FIT_0.7727485568812081_0.7727856342837554_0.7729222176992485_SIZE_1_1.15_2
GEN_23_FIT_0.7728059792868989_0.772849557808081_0.7729973707049037_SIZE_1_1.1_2
GEN_24_FIT_0.7729222176992485_0.7729830773001604_0.7730927478017593_SIZE_1_1.1_2
GEN_25_FIT_0.7730379993824482_0.7731053823588148_0.7732904206609966_SIZE_1_1.3_2
GEN_26_FIT_0.7730927478017593_0.7731858342239061_0.7734033076738763_SIZE_1_1.3_3
GEN_27_FIT_0.7731823696403424_0.7732912353907424_0.7734033076738763_SIZE_1_1.5_3
GEN_28_FIT_0.7732904206609966_0.7733017093622847_0.7734033076738763_SIZE_1_1.1_2
GEN_29_FIT_0.7732904206609966_0.7733218470711123_0.7735617201022248_SIZE_1_1.2_2
GEN_30_FIT_0.7732904206609966_0.7733518316482118_0.7735617201022248_SIZE_1_1.4_2
GEN_31_FIT_0.7733089883834409_0.7734068522724489_0.7736285709847761_SIZE_1_1.45_2
GEN_32_FIT_0.773358596366016_0.7734985093881026_0.7736285709847761_SIZE_1_1.65_3
GEN_33_FIT_0.7735021887158905_0.7735844631788985_0.7736285709847761_SIZE_1_1.25_3
GEN_34_FIT_0.7736285709847761_0.7736285709847761_0.7736285709847761_SIZE_1_1.0_1
GEN_35_FIT_0.7736285709847761_0.7736285709847761_0.7736285709847761_SIZE_1_1.0_1
GEN_36_FIT_0.7736285709847761_0.7736285709847761_0.7736285709847761_SIZE_1_1.0_1
GEN_37_FIT_0.7736285709847761_0.7736305596335626_0.7736683439605048_SIZE_1_1.0_1
GEN_38_FIT_0.7736285709847761_0.7736372141540263_0.7736683439605048_SIZE_1_1.05_2
GEN_39_FIT_0.7736285709847761_0.7736478459720629_0.7736683439605048_SIZE_1_1.1_2
GEN_40_FIT_0.7736683439605048_0.7736683439605049_0.7736683439605048_SIZE_1_1.0_1
Evaluating in sample:
[GEN_40|make_tuple(9, 29, 199, 310)|0.7737]
Evaluating out-of-sample:
[GEN_40|make_tuple(9, 29, 199, 310)|0.6848]
GEN_41_FIT_0.7736683439605048_0.7736683439605049_0.7736683439605048_SIZE_1_1.0_1
GEN_42_FIT_0.7736683439605048_0.7736683439605049_0.7736683439605048_SIZE_1_1.0_1
GEN_43_FIT_0.7736683439605048_0.7736686786224338_0.7736750371990844_SIZE_1_1.0_1
GEN_44_FIT_0.7736683439605048_0.7736696826082208_0.7736750371990844_SIZE_1_1.05_2
GEN_45_FIT_0.7736683439605048_0.7736710212559367_0.7736750371990844_SIZE_1_1.05_2
GEN_46_FIT_0.7736750371990844_0.7736750371990843_0.7736750371990844_SIZE_1_1.0_1
GEN_47_FIT_0.7736750371990844_0.7736750371990843_0.7736750371990844_SIZE_1_1.0_1
GEN_48_FIT_0.7736750371990844_0.7736750371990843_0.7736750371990844_SIZE_1_1.0_1
GEN_49_FIT_0.7736750371990844_0.7736750371990843_0.7736750371990844_SIZE_1_1.0_1
GEN_50_FIT_0.7736750371990844_0.7736750371990843_0.7736750371990844_SIZE_1_1.0_1
GEN_51_FIT_0.7736750371990844_0.7736753301820867_0.7736808968591322_SIZE_1_1.05_2
GEN_52_FIT_0.7736750371990844_0.773675623165089_0.7736808968591322_SIZE_1_1.1_2
GEN_53_FIT_0.7736750371990844_0.773675623165089_0.7736808968591322_SIZE_1_1.1_2
GEN_54_FIT_0.7736750371990844_0.773675623165089_0.7736808968591322_SIZE_1_1.1_2
GEN_55_FIT_0.7736750371990844_0.773675623165089_0.7736808968591322_SIZE_1_1.1_2
GEN_56_FIT_0.7736750371990844_0.773675623165089_0.7736808968591322_SIZE_1_1.1_2
GEN_57_FIT_0.7736750371990844_0.773675623165089_0.7736808968591322_SIZE_1_1.1_2
GEN_58_FIT_0.7736750371990844_0.773675623165089_0.7736808968591322_SIZE_1_1.1_2
GEN_59_FIT_0.7736750371990844_0.773675623165089_0.7736808968591322_SIZE_1_1.1_2
GEN_60_FIT_0.7736750371990844_0.773675623165089_0.7736808968591322_SIZE_1_1.1_2
Evaluating in sample:
[GEN_60|make_tuple(9, 29, 201, 310)|0.7737]
[GEN_60|make_tuple(9, 29, 201, add(310, 1))|0.7737]
Evaluating out-of-sample:
[GEN_60|make_tuple(9, 29, 201, 310)|0.6850]
[GEN_60|make_tuple(9, 29, 201, add(310, 1))|0.6850]
GEN_61_FIT_0.7736750371990844_0.773675623165089_0.7736808968591322_SIZE_1_1.1_2
GEN_62_FIT_0.7736750371990844_0.773675623165089_0.7736808968591322_SIZE_1_1.1_2
GEN_63_FIT_0.7736750371990844_0.773675623165089_0.7736808968591322_SIZE_1_1.1_2
GEN_64_FIT_0.7736750371990844_0.773675623165089_0.7736808968591322_SIZE_1_1.1_2
GEN_65_FIT_0.7736750371990844_0.773675623165089_0.7736808968591322_SIZE_1_1.1_2
GEN_66_FIT_0.7736750371990844_0.773675623165089_0.7736808968591322_SIZE_1_1.1_2
GEN_67_FIT_0.7736750371990844_0.773675623165089_0.7736808968591322_SIZE_1_1.1_2
GEN_68_FIT_0.7736750371990844_0.773675623165089_0.7736808968591322_SIZE_1_1.1_2
GEN_69_FIT_0.7736750371990844_0.773675623165089_0.7736808968591322_SIZE_1_1.1_2
GEN_70_FIT_0.7736750371990844_0.773675623165089_0.7736808968591322_SIZE_1_1.1_2
GEN_71_FIT_0.7736750371990844_0.773675623165089_0.7736808968591322_SIZE_1_1.1_2
GEN_72_FIT_0.7736750371990844_0.773675623165089_0.7736808968591322_SIZE_1_1.1_2
Evaluating in sample:
[GEN_72|make_tuple(9, 29, 201, 310)|0.7737]
[GEN_72|make_tuple(9, 29, 201, add(310, 1))|0.7737]
Evaluating out-of-sample:
[GEN_72|make_tuple(9, 29, 201, 310)|0.6850]
[GEN_72|make_tuple(9, 29, 201, add(310, 1))|0.6850]
Stopped early in iteration 72, no improvement in 20 gens.
START_TASK: 24
GEN_0_FIT_0.6755532406914914_0.7253254987917516_0.756951506327856_SIZE_1_3.6_13
GEN_1_FIT_0.7496247079993176_0.7540301492565971_0.7617966508537134_SIZE_1_6.55_13
GEN_2_FIT_0.7580473298786072_0.7614165366698665_0.7685071171797168_SIZE_1_6.7_13
GEN_3_FIT_0.7581589782722883_0.7640169069381273_0.7695474472665234_SIZE_1_2.9_13
GEN_4_FIT_0.7683925463791916_0.7688136089559507_0.7695474472665234_SIZE_1_1.2_2
GEN_5_FIT_0.7690626882768833_0.7694465214557498_0.7697692958274285_SIZE_1_1.25_2
GEN_6_FIT_0.7695474472665234_0.7696306474916245_0.7697692958274285_SIZE_1_1.05_2
GEN_7_FIT_0.7696897302876999_0.769754669100401_0.7699058188004645_SIZE_1_1.0_1
GEN_8_FIT_0.7697692958274285_0.7698388013270311_0.7701536432319732_SIZE_1_1.0_1
GEN_9_FIT_0.7698967824024888_0.7699913522564122_0.7701536432319732_SIZE_1_1.0_1
GEN_10_FIT_0.7700177235619418_0.7701335793546553_0.7701960030229195_SIZE_1_1.05_2
GEN_11_FIT_0.7701536432319732_0.7701691864526672_0.7703503002013413_SIZE_1_1.0_1
GEN_12_FIT_0.7701536432319732_0.7702266397460095_0.7704092507060915_SIZE_1_1.05_2
GEN_13_FIT_0.7701960030229195_0.7703104539593694_0.7705714998588379_SIZE_1_1.15_2
GEN_14_FIT_0.7703503002013413_0.7704056538460817_0.770654019566626_SIZE_1_1.05_2
GEN_15_FIT_0.7704014155170156_0.7704896802473952_0.7707841836394381_SIZE_1_1.0_1
GEN_16_FIT_0.7705291979928262_0.770662570780944_0.7707841836394381_SIZE_1_1.05_2
GEN_17_FIT_0.7707582603145088_0.7708005065686562_0.7709215277717303_SIZE_1_1.0_1
GEN_18_FIT_0.7707841836394381_0.7708545987671787_0.7709215277717303_SIZE_1_1.05_2
GEN_19_FIT_0.7709215277717303_0.7709215277717302_0.7709215277717303_SIZE_1_1.0_1
GEN_20_FIT_0.7709215277717303_0.7709215277717302_0.7709215277717303_SIZE_1_1.0_1
Evaluating in sample:
[GEN_20|make_tuple(9, 26, 201, 363)|0.7709]
Evaluating out-of-sample:
[GEN_20|make_tuple(9, 26, 201, 363)|0.9954]
GEN_21_FIT_0.7709215277717303_0.7709215277717302_0.7709215277717303_SIZE_1_1.0_1
GEN_22_FIT_0.7709215277717303_0.7709215277717302_0.7709215277717303_SIZE_1_1.0_1
GEN_23_FIT_0.7709215277717303_0.770922527333622_0.7709415190095661_SIZE_1_1.0_1
GEN_24_FIT_0.7709215277717303_0.7709275251430809_0.7709415190095661_SIZE_1_1.0_1
GEN_25_FIT_0.7709215277717303_0.7709379594689245_0.7709502931480775_SIZE_1_1.1_2
GEN_26_FIT_0.7709415190095661_0.7709432738372685_0.7709502931480775_SIZE_1_1.0_1
GEN_27_FIT_0.7709415190095661_0.7709472340029804_0.7709635723896631_SIZE_1_1.2_2
GEN_28_FIT_0.7709502931480775_0.7709524984860872_0.7709723465281745_SIZE_1_1.1_2
GEN_29_FIT_0.7709502931480775_0.7709524984860872_0.7709723465281745_SIZE_1_1.1_2
GEN_30_FIT_0.7709502931480775_0.7709524984860872_0.7709723465281745_SIZE_1_1.1_2
GEN_31_FIT_0.7709502931480775_0.7709524984860872_0.7709723465281745_SIZE_1_1.1_2
GEN_32_FIT_0.7709502931480775_0.7709524984860872_0.7709723465281745_SIZE_1_1.1_2
GEN_33_FIT_0.7709502931480775_0.7709524984860872_0.7709723465281745_SIZE_1_1.1_2
GEN_34_FIT_0.7709502931480775_0.7709524984860872_0.7709723465281745_SIZE_1_1.1_2
GEN_35_FIT_0.7709502931480775_0.7709524984860872_0.7709723465281745_SIZE_1_1.1_2
GEN_36_FIT_0.7709502931480775_0.7709524984860872_0.7709723465281745_SIZE_1_1.1_2
GEN_37_FIT_0.7709502931480775_0.7709524984860872_0.7709723465281745_SIZE_1_1.1_2
GEN_38_FIT_0.7709502931480775_0.7709524984860872_0.7709723465281745_SIZE_1_1.1_2
GEN_39_FIT_0.7709502931480775_0.7709524984860872_0.7709723465281745_SIZE_1_1.1_2
GEN_40_FIT_0.7709502931480775_0.7709524984860872_0.7709723465281745_SIZE_1_1.1_2
Evaluating in sample:
[GEN_40|make_tuple(9, 26, 199, 364)|0.7710]
[GEN_40|make_tuple(9, 26, 199, add(364, 0.004415782367341845))|0.7710]
Evaluating out-of-sample:
[GEN_40|make_tuple(9, 26, 199, 364)|0.9954]
[GEN_40|make_tuple(9, 26, 199, add(364, 0.004415782367341845))|0.9954]
GEN_41_FIT_0.7709502931480775_0.7709524984860872_0.7709723465281745_SIZE_1_1.1_2
GEN_42_FIT_0.7709502931480775_0.7709524984860872_0.7709723465281745_SIZE_1_1.1_2
GEN_43_FIT_0.7709502931480775_0.7709524984860872_0.7709723465281745_SIZE_1_1.1_2
GEN_44_FIT_0.7709502931480775_0.7709524984860872_0.7709723465281745_SIZE_1_1.1_2
GEN_45_FIT_0.7709502931480775_0.7709524984860872_0.7709723465281745_SIZE_1_1.1_2
GEN_46_FIT_0.7709502931480775_0.7709524984860872_0.7709723465281745_SIZE_1_1.1_2
GEN_47_FIT_0.7709502931480775_0.7709524984860872_0.7709723465281745_SIZE_1_1.1_2
GEN_48_FIT_0.7709502931480775_0.7709524984860872_0.7709723465281745_SIZE_1_1.1_2
GEN_49_FIT_0.7709502931480775_0.7709524984860872_0.7709723465281745_SIZE_1_1.1_2
Evaluating in sample:
[GEN_49|make_tuple(9, 26, 199, 364)|0.7710]
[GEN_49|make_tuple(9, 26, 199, add(364, 0.004415782367341845))|0.7710]
Evaluating out-of-sample:
[GEN_49|make_tuple(9, 26, 199, 364)|0.9954]
[GEN_49|make_tuple(9, 26, 199, add(364, 0.004415782367341845))|0.9954]
Stopped early in iteration 49, no improvement in 20 gens.
START_TASK: 2073
GEN_0_FIT_0.6810704939111358_0.7127651727056198_0.7501327294111293_SIZE_1_3.45_12
GEN_1_FIT_0.7245165508327889_0.7398915713965171_0.7596835964482674_SIZE_1_1.9_7
GEN_2_FIT_0.7501327294111293_0.7535253328285987_0.761939332771924_SIZE_1_1.45_7
GEN_3_FIT_0.7574028645579418_0.7604911210740356_0.763953015156474_SIZE_1_1.45_4
GEN_4_FIT_0.761939332771924_0.7641589389703467_0.7699061221637739_SIZE_1_2.0_5
GEN_5_FIT_0.764662463980314_0.7678408262469542_0.7699061221637739_SIZE_1_2.55_6
GEN_6_FIT_0.7673791075753866_0.7692357475329754_0.7708106012484585_SIZE_1_2.35_5
GEN_7_FIT_0.7687522612202407_0.770095067870243_0.7708106012484585_SIZE_1_2.15_4
GEN_8_FIT_0.7703453249731438_0.7707213593761656_0.7712021135692139_SIZE_1_1.95_4
GEN_9_FIT_0.7707283402979495_0.7710765214907659_0.7715754970161315_SIZE_1_2.0_5
GEN_10_FIT_0.7709692989133798_0.7712012300710578_0.7715754970161315_SIZE_1_1.5_5
GEN_11_FIT_0.7711109916568044_0.7714538965037637_0.7715888642563747_SIZE_1_1.6_3
GEN_12_FIT_0.7714958305913734_0.771582884423154_0.7716685306811326_SIZE_1_1.2_2
GEN_13_FIT_0.7715888642563747_0.7716308711051804_0.7717093408996386_SIZE_1_1.0_1
GEN_14_FIT_0.7716685306811326_0.7716787332357591_0.7717093408996386_SIZE_1_1.0_1
GEN_15_FIT_0.7716685306811326_0.7716930168122362_0.7717093408996386_SIZE_1_1.05_2
GEN_16_FIT_0.7717093408996386_0.7717093408996386_0.7717093408996386_SIZE_1_1.0_1
GEN_17_FIT_0.7717093408996386_0.7717093408996386_0.7717093408996386_SIZE_1_1.0_1
GEN_18_FIT_0.7717093408996386_0.7717093408996386_0.7717093408996386_SIZE_1_1.0_1
GEN_19_FIT_0.7717093408996386_0.7717093408996386_0.7717093408996386_SIZE_1_1.0_1
GEN_20_FIT_0.7717093408996386_0.7717093408996386_0.7717093408996386_SIZE_1_1.0_1
Evaluating in sample:
[GEN_20|make_tuple(9, 26, 199, 363)|0.7717]
Evaluating out-of-sample:
[GEN_20|make_tuple(9, 26, 199, 363)|0.9058]
GEN_21_FIT_0.7717093408996386_0.7717093408996386_0.7717093408996386_SIZE_1_1.0_1
GEN_22_FIT_0.7717093408996386_0.7717093408996386_0.7717093408996386_SIZE_1_1.0_1
GEN_23_FIT_0.7717093408996386_0.7717093408996386_0.7717093408996386_SIZE_1_1.0_1
GEN_24_FIT_0.7717093408996386_0.7717093408996386_0.7717093408996386_SIZE_1_1.0_1
GEN_25_FIT_0.7717093408996386_0.7717093408996386_0.7717093408996386_SIZE_1_1.0_1
GEN_26_FIT_0.7717093408996386_0.7717093408996386_0.7717093408996386_SIZE_1_1.0_1
GEN_27_FIT_0.7717093408996386_0.7717093408996386_0.7717093408996386_SIZE_1_1.0_1
GEN_28_FIT_0.7717093408996386_0.7717093408996386_0.7717093408996386_SIZE_1_1.0_1
GEN_29_FIT_0.7717093408996386_0.7717093408996386_0.7717093408996386_SIZE_1_1.0_1
GEN_30_FIT_0.7717093408996386_0.7717093408996386_0.7717093408996386_SIZE_1_1.0_1
GEN_31_FIT_0.7717093408996386_0.7717093408996386_0.7717093408996386_SIZE_1_1.0_1
GEN_32_FIT_0.7717093408996386_0.7717093408996386_0.7717093408996386_SIZE_1_1.0_1
GEN_33_FIT_0.7717093408996386_0.7717093408996386_0.7717093408996386_SIZE_1_1.0_1
GEN_34_FIT_0.7717093408996386_0.7717093408996386_0.7717093408996386_SIZE_1_1.0_1
Evaluating in sample:
[GEN_34|make_tuple(9, 26, 199, 363)|0.7717]
Evaluating out-of-sample:
[GEN_34|make_tuple(9, 26, 199, 363)|0.9058]
Stopped early in iteration 34, no improvement in 20 gens.
START_TASK: 2074
GEN_0_FIT_0.6648866424854357_0.7063203119227938_0.7503905404348663_SIZE_1_2.9_13
GEN_1_FIT_0.7444411769032094_0.7507094475727814_0.7633021055350603_SIZE_1_6.5_13
GEN_2_FIT_0.753352164205206_0.7562737539579307_0.7633021055350603_SIZE_1_4.35_14
GEN_3_FIT_0.756643216858879_0.7636809766970126_0.7701546551330495_SIZE_1_2.1_5
GEN_4_FIT_0.768124780266482_0.7697194920932862_0.7705927641606584_SIZE_1_1.45_4
GEN_5_FIT_0.7701546551330495_0.7703467873950542_0.7708302349823855_SIZE_1_1.05_2
GEN_6_FIT_0.7703354527774077_0.7706344442296913_0.7710990238643646_SIZE_1_1.1_2
GEN_7_FIT_0.7707406651395085_0.770801575327068_0.7710990238643646_SIZE_1_1.05_2
GEN_8_FIT_0.7708302349823855_0.7709634894493517_0.7710990238643646_SIZE_1_1.2_3
GEN_9_FIT_0.7710236660548326_0.7711533981496388_0.7713833660366075_SIZE_1_1.1_2
GEN_10_FIT_0.7710990238643646_0.7713061731823545_0.7713833660366075_SIZE_1_1.4_3
GEN_11_FIT_0.7713833660366075_0.7713833660366075_0.7713833660366075_SIZE_1_1.05_2
GEN_12_FIT_0.7713833660366075_0.7713863172151768_0.7714274360097308_SIZE_1_1.0_1
GEN_13_FIT_0.7713833660366075_0.771394822584722_0.7714274360097308_SIZE_1_1.05_2
GEN_14_FIT_0.7713983196348718_0.7714377299808547_0.7717197838518163_SIZE_1_1.05_2
GEN_15_FIT_0.7714274360097308_0.771498658343168_0.7717197838518163_SIZE_1_1.1_2
GEN_16_FIT_0.7715197145540987_0.7716943869439928_0.7717572215046897_SIZE_1_1.35_3
GEN_17_FIT_0.7717197838518163_0.7717307082475373_0.7717923392188328_SIZE_1_1.05_2
GEN_18_FIT_0.7717197838518163_0.7717508011532723_0.7717923392188328_SIZE_1_1.1_2
GEN_19_FIT_0.7717572215046897_0.7717712685903468_0.7717923392188328_SIZE_1_1.0_1
GEN_20_FIT_0.7717923392188328_0.7717923392188327_0.7717923392188328_SIZE_1_1.0_1
Evaluating in sample:
[GEN_20|make_tuple(9, 26, 201, 362)|0.7718]
Evaluating out-of-sample:
[GEN_20|make_tuple(9, 26, 201, 362)|0.8953]
GEN_21_FIT_0.7717923392188328_0.7717923392188327_0.7717923392188328_SIZE_1_1.0_1
GEN_22_FIT_0.7717923392188328_0.7717923392188327_0.7717923392188328_SIZE_1_1.0_1
GEN_23_FIT_0.7717923392188328_0.7717923392188327_0.7717923392188328_SIZE_1_1.0_1
GEN_24_FIT_0.7717923392188328_0.7717923392188327_0.7717923392188328_SIZE_1_1.0_1
GEN_25_FIT_0.7717923392188328_0.7717923392188327_0.7717923392188328_SIZE_1_1.0_1
GEN_26_FIT_0.7717923392188328_0.7717923392188327_0.7717923392188328_SIZE_1_1.0_1
GEN_27_FIT_0.7717923392188328_0.7717923392188327_0.7717923392188328_SIZE_1_1.0_1
GEN_28_FIT_0.7717923392188328_0.7717923392188327_0.7717923392188328_SIZE_1_1.0_1
GEN_29_FIT_0.7717923392188328_0.7717923392188327_0.7717923392188328_SIZE_1_1.0_1
GEN_30_FIT_0.7717923392188328_0.7717923392188327_0.7717923392188328_SIZE_1_1.0_1
GEN_31_FIT_0.7717923392188328_0.7717923392188327_0.7717923392188328_SIZE_1_1.0_1
GEN_32_FIT_0.7717923392188328_0.7717923392188327_0.7717923392188328_SIZE_1_1.0_1
GEN_33_FIT_0.7717923392188328_0.7717923392188327_0.7717923392188328_SIZE_1_1.0_1
GEN_34_FIT_0.7717923392188328_0.7717927779257583_0.7718011133573442_SIZE_1_1.0_1
GEN_35_FIT_0.7717923392188328_0.771794094046535_0.7718011133573442_SIZE_1_1.0_1
GEN_36_FIT_0.7717923392188328_0.7717962875811628_0.7718011133573442_SIZE_1_1.0_1
GEN_37_FIT_0.7718011133573442_0.7718011133573444_0.7718011133573442_SIZE_1_1.0_1
GEN_38_FIT_0.7718011133573442_0.7718011133573444_0.7718011133573442_SIZE_1_1.0_1
GEN_39_FIT_0.7718011133573442_0.7718011133573444_0.7718011133573442_SIZE_1_1.0_1
GEN_40_FIT_0.7718011133573442_0.7718021129192362_0.77182110459518_SIZE_1_1.0_1
Evaluating in sample:
[GEN_40|make_tuple(9, 26, 199, 364)|0.7718]
Evaluating out-of-sample:
[GEN_40|make_tuple(9, 26, 199, 364)|0.8953]
GEN_41_FIT_0.7718011133573442_0.7718071107286951_0.77182110459518_SIZE_1_1.0_1
GEN_42_FIT_0.7718011133573442_0.7718181059095047_0.77182110459518_SIZE_1_1.0_1
GEN_43_FIT_0.77182110459518_0.7718211045951799_0.77182110459518_SIZE_1_1.0_1
GEN_44_FIT_0.77182110459518_0.7718211045951799_0.77182110459518_SIZE_1_1.0_1
GEN_45_FIT_0.77182110459518_0.7718222072641849_0.7718431579752769_SIZE_1_1.05_2
GEN_46_FIT_0.77182110459518_0.7718233099331897_0.7718431579752769_SIZE_1_1.1_2
GEN_47_FIT_0.77182110459518_0.7718233099331897_0.7718431579752769_SIZE_1_1.1_2
GEN_48_FIT_0.77182110459518_0.7718233099331897_0.7718431579752769_SIZE_1_1.1_2
GEN_49_FIT_0.77182110459518_0.7718233099331897_0.7718431579752769_SIZE_1_1.1_2
GEN_50_FIT_0.77182110459518_0.7718233099331897_0.7718431579752769_SIZE_1_1.1_2
GEN_51_FIT_0.77182110459518_0.7718233099331897_0.7718431579752769_SIZE_1_1.1_2
GEN_52_FIT_0.77182110459518_0.7718233099331897_0.7718431579752769_SIZE_1_1.1_2
GEN_53_FIT_0.77182110459518_0.7718233099331897_0.7718431579752769_SIZE_1_1.1_2
GEN_54_FIT_0.77182110459518_0.7718233099331897_0.7718431579752769_SIZE_1_1.1_2
GEN_55_FIT_0.77182110459518_0.7718233099331897_0.7718431579752769_SIZE_1_1.1_2
GEN_56_FIT_0.77182110459518_0.7718233099331897_0.7718431579752769_SIZE_1_1.1_2
GEN_57_FIT_0.77182110459518_0.7718233099331897_0.7718431579752769_SIZE_1_1.1_2
GEN_58_FIT_0.77182110459518_0.7718233099331897_0.7718431579752769_SIZE_1_1.1_2
GEN_59_FIT_0.77182110459518_0.7718233099331897_0.7718431579752769_SIZE_1_1.1_2
GEN_60_FIT_0.77182110459518_0.7718233099331897_0.7718431579752769_SIZE_1_1.1_2
Evaluating in sample:
[GEN_60|make_tuple(9, 26, 199, 364)|0.7718]
[GEN_60|make_tuple(9, 26, 199, add(364, 0.03375500518938653))|0.7718]
Evaluating out-of-sample:
[GEN_60|make_tuple(9, 26, 199, 364)|0.8953]
[GEN_60|make_tuple(9, 26, 199, add(364, 0.03375500518938653))|0.8953]
GEN_61_FIT_0.77182110459518_0.7718233099331897_0.7718431579752769_SIZE_1_1.1_2
GEN_62_FIT_0.77182110459518_0.7718233099331897_0.7718431579752769_SIZE_1_1.1_2
GEN_63_FIT_0.77182110459518_0.7718233099331897_0.7718431579752769_SIZE_1_1.1_2
GEN_64_FIT_0.77182110459518_0.7718233099331897_0.7718431579752769_SIZE_1_1.1_2
GEN_65_FIT_0.77182110459518_0.7718233099331897_0.7718431579752769_SIZE_1_1.1_2
GEN_66_FIT_0.77182110459518_0.7718233099331897_0.7718431579752769_SIZE_1_1.1_2
Evaluating in sample:
[GEN_66|make_tuple(9, 26, 199, 364)|0.7718]
[GEN_66|make_tuple(9, 26, 199, add(364, 0.03375500518938653))|0.7718]
Evaluating out-of-sample:
[GEN_66|make_tuple(9, 26, 199, 364)|0.8953]
[GEN_66|make_tuple(9, 26, 199, add(364, 0.03375500518938653))|0.8953]
Stopped early in iteration 66, no improvement in 20 gens.
START_TASK: 28
GEN_0_FIT_0.5999111319988607_0.6775427908967812_0.7478496729737237_SIZE_1_2.05_6
GEN_1_FIT_0.7209319850538856_0.7438757808224349_0.7576106514619502_SIZE_1_1.1_2
GEN_2_FIT_0.7512551428484212_0.7561342098876636_0.7672338442687023_SIZE_1_1.15_2
GEN_3_FIT_0.7576106514619502_0.7601817560297222_0.769327030932611_SIZE_1_1.1_2
GEN_4_FIT_0.7602085372902225_0.7666031033845727_0.769810517868498_SIZE_1_1.3_3
GEN_5_FIT_0.7672950237992054_0.7690785979720615_0.770675474463685_SIZE_1_1.4_3
GEN_6_FIT_0.7694403452143384_0.7704529786331549_0.7711331237855056_SIZE_1_1.35_2
GEN_7_FIT_0.7706747659460433_0.7707823985248851_0.7711331237855056_SIZE_1_1.6_3
GEN_8_FIT_0.7707541944523637_0.7710418924671953_0.7712713095949723_SIZE_1_1.9_3
GEN_9_FIT_0.7709061951778134_0.7711096314300049_0.7714123236763907_SIZE_1_1.55_3
GEN_10_FIT_0.7710964177081979_0.771304103045571_0.7715679634259305_SIZE_1_1.8_3
GEN_11_FIT_0.7712417993172722_0.7714299563151505_0.7717723748398871_SIZE_1_1.55_3
GEN_12_FIT_0.771481138870486_0.7716020180317701_0.7719584477523359_SIZE_1_1.4_3
GEN_13_FIT_0.7716999250191588_0.7718566214603355_0.7720088470099086_SIZE_1_1.35_2
GEN_14_FIT_0.7719339243923338_0.7719807811266927_0.7721011255542765_SIZE_1_1.45_2
GEN_15_FIT_0.7720088470099086_0.7720668232863159_0.7721183439725202_SIZE_1_1.6_2
GEN_16_FIT_0.7720571182631358_0.7721076968793064_0.7722745240756236_SIZE_1_1.5_3
GEN_17_FIT_0.7721058643687421_0.7721672593323401_0.7723008223529155_SIZE_1_1.3_3
GEN_18_FIT_0.7721592184200071_0.7722565308580583_0.772385356245165_SIZE_1_1.3_3
GEN_19_FIT_0.7722745240756236_0.7723235191492425_0.772385356245165_SIZE_1_1.3_2
GEN_20_FIT_0.7723008223529155_0.772330409215203_0.772385356245165_SIZE_1_1.1_2
Evaluating in sample:
[GEN_20|make_tuple(9, 29, 200, 310)|0.7724]
Evaluating out-of-sample:
[GEN_20|make_tuple(9, 29, 200, 310)|0.8278]
GEN_21_FIT_0.7723008223529155_0.7723599960774903_0.772385356245165_SIZE_1_1.1_2
GEN_22_FIT_0.772385356245165_0.7723856492281673_0.7723912159052128_SIZE_1_1.0_1
GEN_23_FIT_0.772385356245165_0.7723859422111697_0.7723912159052128_SIZE_1_1.0_1
GEN_24_FIT_0.772385356245165_0.7723915699489405_0.7724328441328009_SIZE_1_1.0_1
GEN_25_FIT_0.7723912159052128_0.7724016229621098_0.7724328441328009_SIZE_1_1.0_1
GEN_26_FIT_0.7723912159052128_0.7724194461851546_0.7724387037928487_SIZE_1_1.0_1
GEN_27_FIT_0.7724328441328009_0.7724372388778369_0.7724387037928487_SIZE_1_1.0_1
GEN_28_FIT_0.7724387037928487_0.7724387037928488_0.7724387037928487_SIZE_1_1.0_1
GEN_29_FIT_0.7724387037928487_0.7724387037928488_0.7724387037928487_SIZE_1_1.0_1
GEN_30_FIT_0.7724387037928487_0.7724387037928488_0.7724387037928487_SIZE_1_1.0_1
GEN_31_FIT_0.7724387037928487_0.7724387037928488_0.7724387037928487_SIZE_1_1.0_1
GEN_32_FIT_0.7724387037928487_0.7724387037928488_0.7724387037928487_SIZE_1_1.0_1
GEN_33_FIT_0.7724387037928487_0.7724387037928488_0.7724387037928487_SIZE_1_1.0_1
GEN_34_FIT_0.7724387037928487_0.7724387037928488_0.7724387037928487_SIZE_1_1.0_1
GEN_35_FIT_0.7724387037928487_0.7724387037928488_0.7724387037928487_SIZE_1_1.0_1
GEN_36_FIT_0.7724387037928487_0.7724387037928488_0.7724387037928487_SIZE_1_1.0_1
GEN_37_FIT_0.7724387037928487_0.7724387037928488_0.7724387037928487_SIZE_1_1.0_1
GEN_38_FIT_0.7724387037928487_0.7724387037928488_0.7724387037928487_SIZE_1_1.0_1
GEN_39_FIT_0.7724387037928487_0.7724387037928488_0.7724387037928487_SIZE_1_1.0_1
GEN_40_FIT_0.7724387037928487_0.7724387037928488_0.7724387037928487_SIZE_1_1.0_1
Evaluating in sample:
[GEN_40|make_tuple(9, 29, 201, 311)|0.7724]
Evaluating out-of-sample:
[GEN_40|make_tuple(9, 29, 201, 311)|0.8278]
GEN_41_FIT_0.7724387037928487_0.7724387037928488_0.7724387037928487_SIZE_1_1.0_1
GEN_42_FIT_0.7724387037928487_0.7724387037928488_0.7724387037928487_SIZE_1_1.0_1
GEN_43_FIT_0.7724387037928487_0.7724387037928488_0.7724387037928487_SIZE_1_1.0_1
GEN_44_FIT_0.7724387037928487_0.7724387037928488_0.7724387037928487_SIZE_1_1.0_1
GEN_45_FIT_0.7724387037928487_0.7724387037928488_0.7724387037928487_SIZE_1_1.0_1
GEN_46_FIT_0.7724387037928487_0.7724387037928488_0.7724387037928487_SIZE_1_1.0_1
GEN_47_FIT_0.7724387037928487_0.7724387037928488_0.7724387037928487_SIZE_1_1.0_1
Evaluating in sample:
[GEN_47|make_tuple(9, 29, 201, 311)|0.7724]
Evaluating out-of-sample:
[GEN_47|make_tuple(9, 29, 201, 311)|0.8278]
Stopped early in iteration 47, no improvement in 20 gens.
START_TASK: 29
GEN_0_FIT_0.6556969265944286_0.7085061422724039_0.7457064168775998_SIZE_1_5.25_13
GEN_1_FIT_0.7115050747131173_0.7365417036406119_0.7457064168775998_SIZE_1_8.1_14
GEN_2_FIT_0.7220000254202084_0.7396160026297457_0.7598701854278567_SIZE_1_3.1_13
GEN_3_FIT_0.7513164122302277_0.7575937488687488_0.7663540692130589_SIZE_1_3.8_13
GEN_4_FIT_0.7539737710004077_0.7610321225950951_0.7698387596550939_SIZE_1_3.35_13
GEN_5_FIT_0.7588192534002486_0.7647427986260252_0.7698387596550939_SIZE_1_4.35_13
GEN_6_FIT_0.7588192534002486_0.7654215478385678_0.7702220275579136_SIZE_1_2.95_10
GEN_7_FIT_0.7594728544136902_0.7679060998016647_0.7702220275579136_SIZE_1_3.1_10
GEN_8_FIT_0.7595525387735923_0.7686682905273537_0.770719855917683_SIZE_1_3.0_10
GEN_9_FIT_0.7699614360669401_0.770609263640484_0.7711989833968061_SIZE_1_2.6_7
GEN_10_FIT_0.7705699702123532_0.7709602928853614_0.7714194311151397_SIZE_1_1.55_4
GEN_11_FIT_0.7709791806213611_0.7712613663105912_0.7714331932445356_SIZE_1_1.7_4
GEN_12_FIT_0.7713691002844745_0.7714141656904803_0.7714331932445356_SIZE_1_1.15_2
GEN_13_FIT_0.7714194311151397_0.77142035583878_0.7714379255879462_SIZE_1_1.05_2
GEN_14_FIT_0.7714194311151397_0.7714264473989478_0.7714955262979686_SIZE_1_1.2_2
GEN_15_FIT_0.7714194311151397_0.7714514068740936_0.7714955262979686_SIZE_1_1.7_3
GEN_16_FIT_0.7714593872652313_0.7715284954320352_0.771958765501645_SIZE_1_1.75_3
GEN_17_FIT_0.7715988706217782_0.7717184926885321_0.771958765501645_SIZE_1_1.75_2
GEN_18_FIT_0.7717183344743351_0.7719608862634286_0.7720912205956265_SIZE_1_1.9_2
GEN_19_FIT_0.7717183344743351_0.7720270542467609_0.7721403601531253_SIZE_1_1.7_3
GEN_20_FIT_0.771958765501645_0.772053481011857_0.7721403601531253_SIZE_1_1.35_3
Evaluating in sample:
[GEN_20|make_tuple(9, 29, 877, 292)|0.7721]
[GEN_20|make_tuple(9, if_gt(25, 0.002909718456666108, 29, 102), 877, 295)|0.7721]
Evaluating out-of-sample:
[GEN_20|make_tuple(9, 29, 877, 292)|0.7730]
[GEN_20|make_tuple(9, if_gt(25, 0.002909718456666108, 29, 102), 877, 295)|0.7706]
GEN_21_FIT_0.7720912205956265_0.772132599332029_0.7721909081643014_SIZE_1_1.65_3
GEN_22_FIT_0.7721403601531253_0.7721514757484049_0.7721909081643014_SIZE_1_1.15_2
GEN_23_FIT_0.7721412487917058_0.772184066277773_0.7721909081643014_SIZE_1_1.35_2
GEN_24_FIT_0.7721909081643014_0.77219252892514_0.7722233233810764_SIZE_1_1.0_1
GEN_25_FIT_0.7721909081643014_0.7721992377516068_0.7722330813441352_SIZE_1_1.0_1
GEN_26_FIT_0.7721909081643014_0.7722214511346364_0.7722650614536584_SIZE_1_1.1_2
GEN_27_FIT_0.7722233233810764_0.7722528833556128_0.7722974766704332_SIZE_1_1.1_2
GEN_28_FIT_0.7722767445071822_0.7722842215841895_0.7722974766704332_SIZE_1_1.0_1
GEN_29_FIT_0.7722959917163851_0.7723095299501377_0.7725429971266683_SIZE_1_1.05_2
GEN_30_FIT_0.7722974766704332_0.7723343047388684_0.7725429971266683_SIZE_1_1.0_1
GEN_31_FIT_0.7722974766704332_0.7724573464797102_0.7725595672198208_SIZE_1_1.1_2
GEN_32_FIT_0.7725429971266683_0.7725558556165748_0.7725595672198208_SIZE_1_1.05_2
GEN_33_FIT_0.7725595672198208_0.7725615786024616_0.7725779254675222_SIZE_1_1.05_2
GEN_34_FIT_0.7725595672198208_0.7725627130515219_0.7725779254675222_SIZE_1_1.05_2
GEN_35_FIT_0.7725614320963036_0.7725710607573191_0.7725845663878464_SIZE_1_1.15_2
GEN_36_FIT_0.7725763426268094_0.7725818077995201_0.7726108763278591_SIZE_1_1.2_2
GEN_37_FIT_0.7725780021894567_0.7725945136501583_0.7726171379257762_SIZE_1_1.4_3
GEN_38_FIT_0.7725911089633708_0.7726088826382622_0.7726302457088102_SIZE_1_1.4_4
GEN_39_FIT_0.7726108763278591_0.772625219289203_0.7727690912812699_SIZE_1_1.2_3
GEN_40_FIT_0.7726171379257762_0.7726696380405489_0.7727690912812699_SIZE_1_1.15_2
Evaluating in sample:
[GEN_40|make_tuple(9, 29, 201, 308)|0.7728]
Evaluating out-of-sample:
[GEN_40|make_tuple(9, 29, 201, 308)|0.7870]
GEN_41_FIT_0.7727166813263658_0.772764818754827_0.7727884606622212_SIZE_1_1.1_2
GEN_42_FIT_0.7727690912812699_0.7727710282193648_0.7727884606622212_SIZE_1_1.1_2
GEN_43_FIT_0.7727690912812699_0.7727710282193648_0.7727884606622212_SIZE_1_1.1_2
GEN_44_FIT_0.7727690912812699_0.7727710282193648_0.7727884606622212_SIZE_1_1.1_2
GEN_45_FIT_0.7727690912812699_0.7727710282193648_0.7727884606622212_SIZE_1_1.1_2
GEN_46_FIT_0.7727690912812699_0.7727710282193648_0.7727884606622212_SIZE_1_1.1_2
GEN_47_FIT_0.7727690912812699_0.7727710282193648_0.7727884606622212_SIZE_1_1.1_2
GEN_48_FIT_0.7727690912812699_0.7727722631753258_0.7727937904004882_SIZE_1_1.1_2
GEN_49_FIT_0.7727690912812699_0.7727752660610744_0.7727937904004882_SIZE_1_1.05_2
GEN_50_FIT_0.7727690912812699_0.7727826757968398_0.7727937904004882_SIZE_1_1.05_2
GEN_51_FIT_0.7727937904004882_0.7727937904004882_0.7727937904004882_SIZE_1_1.0_1
GEN_52_FIT_0.7727937904004882_0.7727937904004882_0.7727937904004882_SIZE_1_1.0_1
GEN_53_FIT_0.7727937904004882_0.7727937904004882_0.7727937904004882_SIZE_1_1.0_1
GEN_54_FIT_0.7727937904004882_0.7727937904004882_0.7727937904004882_SIZE_1_1.0_1
GEN_55_FIT_0.7727937904004882_0.7727937904004882_0.7727937904004882_SIZE_1_1.0_1
GEN_56_FIT_0.7727937904004882_0.7727937904004882_0.7727937904004882_SIZE_1_1.0_1
GEN_57_FIT_0.7727937904004882_0.7727937904004882_0.7727937904004882_SIZE_1_1.0_1
GEN_58_FIT_0.7727937904004882_0.7727937904004882_0.7727937904004882_SIZE_1_1.0_1
GEN_59_FIT_0.7727937904004882_0.7727937904004882_0.7727937904004882_SIZE_1_1.0_1
GEN_60_FIT_0.7727937904004882_0.7727937904004882_0.7727937904004882_SIZE_1_1.0_1
Evaluating in sample:
[GEN_60|make_tuple(9, 29, 201, 311)|0.7728]
Evaluating out-of-sample:
[GEN_60|make_tuple(9, 29, 201, 311)|0.7870]
GEN_61_FIT_0.7727937904004882_0.7727937904004882_0.7727937904004882_SIZE_1_1.0_1
GEN_62_FIT_0.7727937904004882_0.7727937904004882_0.7727937904004882_SIZE_1_1.0_1
GEN_63_FIT_0.7727937904004882_0.7727937904004882_0.7727937904004882_SIZE_1_1.0_1
GEN_64_FIT_0.7727937904004882_0.7727937904004882_0.7727937904004882_SIZE_1_1.0_1
GEN_65_FIT_0.7727937904004882_0.7727937904004882_0.7727937904004882_SIZE_1_1.0_1
GEN_66_FIT_0.7727937904004882_0.7727937904004882_0.7727937904004882_SIZE_1_1.0_1
GEN_67_FIT_0.7727937904004882_0.7727937904004882_0.7727937904004882_SIZE_1_1.0_1
GEN_68_FIT_0.7727937904004882_0.7727937904004882_0.7727937904004882_SIZE_1_1.0_1
GEN_69_FIT_0.7727937904004882_0.7727937904004882_0.7727937904004882_SIZE_1_1.0_1
Evaluating in sample:
[GEN_69|make_tuple(9, 29, 201, 311)|0.7728]
Evaluating out-of-sample:
[GEN_69|make_tuple(9, 29, 201, 311)|0.7870]
Stopped early in iteration 69, no improvement in 20 gens.
START_TASK: 2079
GEN_0_FIT_0.6507939362761916_0.6967130218809956_0.7592708179139467_SIZE_1_2.75_13
GEN_1_FIT_0.7204622642807506_0.7364750327225327_0.7592708179139467_SIZE_1_2.05_5
GEN_2_FIT_0.7458624867029844_0.7572623350805128_0.7691215171872964_SIZE_1_2.4_5
GEN_3_FIT_0.7601053934098277_0.7678292686900018_0.7709685378282419_SIZE_1_1.85_3
GEN_4_FIT_0.7664669436702589_0.7692588600936278_0.7709962025646417_SIZE_1_1.85_3
GEN_5_FIT_0.7677365333278129_0.7706143150681724_0.7724102106984936_SIZE_1_1.95_4
GEN_6_FIT_0.7709763378933143_0.771302158492204_0.7724102106984936_SIZE_1_1.5_3
GEN_7_FIT_0.7709850381980576_0.7718327308570274_0.7725237609054268_SIZE_1_1.45_2
GEN_8_FIT_0.7717267849083415_0.772382889951206_0.7725237609054268_SIZE_1_1.8_3
GEN_9_FIT_0.7723595667951625_0.772464614885487_0.7725469770371304_SIZE_1_1.5_2
GEN_10_FIT_0.7724446556280332_0.7724839861842995_0.7727819565616637_SIZE_1_1.15_2
GEN_11_FIT_0.7725150318494286_0.7726102064508924_0.772851714218514_SIZE_1_1.4_2
GEN_12_FIT_0.7725469770371304_0.7727290098603674_0.772851714218514_SIZE_1_1.3_2
