Starting problem: mlr_rpart
param:age_regularization:100000.0
param:algorithm:mupluslambda
param:constants_only:True
param:cxpb:0.25
param:early_stop_n:20
param:lambda_:100
param:max_number_operators:None
param:max_start_size:2
param:mu:20
param:ngen:300
param:optimize_constants:False
param:output_file:/home/gijsbers/symbolicdefaults/runs/mlr_rpart_True_0.log
param:problem:mlr_rpart
param:subset:1.0
param:task:None
param:warm_start:False
Benchmark problems: mlr_rpart
Loading surrogates from file.
START_TASK: 3
GEN_0_FIT_0.6582072460677231_0.7548401922450654_0.8563756163978733_SIZE_1_7.3_19
GEN_1_FIT_0.7553678702939138_0.8387357816479234_0.8563756163978733_SIZE_1_4.75_15
GEN_2_FIT_0.8494926342437477_0.8535821744731832_0.8567603160324245_SIZE_1_3.35_6
GEN_3_FIT_0.8517091081129797_0.8542702102412999_0.8591040389054265_SIZE_1_2.85_6
GEN_4_FIT_0.8517377264247066_0.8563738536326015_0.8611217598487212_SIZE_1_3.05_7
GEN_5_FIT_0.8524784888387057_0.8578827197450407_0.8619166073162586_SIZE_1_2.75_6
GEN_6_FIT_0.8549342066580148_0.8579071739924077_0.8648335142095198_SIZE_1_1.85_5
GEN_7_FIT_0.8561872442717202_0.8618258131578445_0.8648335142095198_SIZE_1_2.5_5
GEN_8_FIT_0.8606594043985735_0.8638898271602198_0.8688256716845513_SIZE_1_3.0_5
GEN_9_FIT_0.8616855119933726_0.8646310973524018_0.8689829478339541_SIZE_1_1.9_5
GEN_10_FIT_0.8640455741173192_0.8673510430397627_0.8696145080945922_SIZE_1_2.2_3
GEN_11_FIT_0.8647781527047677_0.8680392628857116_0.8697502750072353_SIZE_1_2.0_3
GEN_12_FIT_0.8670867546090771_0.8691020374968954_0.8706327562683596_SIZE_1_2.05_3
GEN_13_FIT_0.8677351996370813_0.8697103016315623_0.8714465264318091_SIZE_1_2.0_4
GEN_14_FIT_0.868412098825602_0.8703747941989792_0.8735774129677468_SIZE_1_1.65_3
GEN_15_FIT_0.869354225143644_0.8714393794997441_0.8743952096438161_SIZE_1_1.7_3
GEN_16_FIT_0.869768073920072_0.8718451336299875_0.8747274872818471_SIZE_1_1.4_3
GEN_17_FIT_0.870914073436286_0.8736232278775133_0.8749703412067149_SIZE_1_1.75_3
GEN_18_FIT_0.8711153525012566_0.8728927809699722_0.8750804905062115_SIZE_1_1.45_2
GEN_19_FIT_0.8714301091284138_0.8736550971935877_0.8752248320429865_SIZE_1_1.6_2
GEN_20_FIT_0.8715808959796683_0.8735587233677773_0.8756360469868136_SIZE_1_1.5_2
Evaluating in sample:
[GEN_20|make_tuple(0.001517028140828538, 22, 11, 30)|0.8720]
[GEN_20|make_tuple(mul(0.1647532010896221, 0.0020581903474928298), 26, 11, 27)|0.8756]
Evaluating out-of-sample:
[GEN_20|make_tuple(0.001517028140828538, 22, 11, 30)|0.9632]
[GEN_20|make_tuple(mul(0.1647532010896221, 0.0020581903474928298), 26, 11, 27)|0.9690]
GEN_21_FIT_0.8717484696657001_0.8733260605941247_0.87570343612928_SIZE_1_1.4_2
GEN_22_FIT_0.8717846603670306_0.8740005934287289_0.875890115192633_SIZE_1_1.55_2
GEN_23_FIT_0.8719600451116232_0.8745653283226048_0.8760462147443178_SIZE_1_1.75_3
GEN_24_FIT_0.871975987969589_0.8745358157602723_0.8760462147443178_SIZE_1_1.7_3
GEN_25_FIT_0.8725986193343194_0.8741626493316353_0.8760462147443178_SIZE_1_1.5_3
GEN_26_FIT_0.8727050699498364_0.8738744706279048_0.8760462147443178_SIZE_1_1.35_2
GEN_27_FIT_0.8728042142496362_0.8753914114199748_0.8760462147443178_SIZE_1_1.85_3
GEN_28_FIT_0.8728042142496362_0.8749287484227827_0.8760666059472363_SIZE_1_1.65_2
GEN_29_FIT_0.8728548633540083_0.8738183861319768_0.8760666059472363_SIZE_1_1.3_2
GEN_30_FIT_0.8728887243416319_0.8754388869421093_0.8760666059472363_SIZE_1_1.85_3
GEN_31_FIT_0.8728887243416319_0.8746822997267822_0.8765542195861521_SIZE_1_1.55_2
GEN_32_FIT_0.8728887243416319_0.873481268268554_0.8765542195861521_SIZE_1_1.2_3
GEN_33_FIT_0.8729421238919369_0.8752726347060864_0.8765542195861521_SIZE_1_1.85_3
GEN_34_FIT_0.872972841644035_0.8756647608887027_0.876668868711786_SIZE_1_1.75_2
GEN_35_FIT_0.872972841644035_0.8747695697349716_0.876668868711786_SIZE_1_1.5_2
GEN_36_FIT_0.872972841644035_0.8737015021358113_0.876668868711786_SIZE_1_1.2_2
GEN_37_FIT_0.872972841644035_0.8738872234799882_0.876668868711786_SIZE_1_1.3_3
GEN_38_FIT_0.8729759082799996_0.8733452043231782_0.876668868711786_SIZE_1_1.1_2
GEN_39_FIT_0.8729759082799996_0.8733452043231782_0.876668868711786_SIZE_1_1.1_2
GEN_40_FIT_0.8729759082799996_0.873884240830758_0.876668868711786_SIZE_1_1.25_2
Evaluating in sample:
[GEN_40|make_tuple(0.0015608784450661455, 22, 11, 28)|0.8731]
[GEN_40|make_tuple(mul(0.17105350896324847, 0.0025206468502133447), 25, 11, 27)|0.8767]
Evaluating out-of-sample:
[GEN_40|make_tuple(0.0015608784450661455, 22, 11, 28)|0.9627]
[GEN_40|make_tuple(mul(0.17105350896324847, 0.0025206468502133447), 25, 11, 27)|0.9674]
GEN_41_FIT_0.8729759082799996_0.8739059494356113_0.876668868711786_SIZE_1_1.25_2
GEN_42_FIT_0.8729759082799996_0.8753842470952033_0.876668868711786_SIZE_1_1.65_2
GEN_43_FIT_0.8730716673402898_0.8763091485746364_0.876668868711786_SIZE_1_1.9_2
GEN_44_FIT_0.8730716673402898_0.8763091485746364_0.876668868711786_SIZE_1_1.9_2
GEN_45_FIT_0.8730716673402898_0.8763091485746364_0.876668868711786_SIZE_1_1.9_2
GEN_46_FIT_0.8730716673402898_0.8763091485746364_0.876668868711786_SIZE_1_1.9_2
GEN_47_FIT_0.8730716673402898_0.8763091485746364_0.876668868711786_SIZE_1_1.9_2
GEN_48_FIT_0.8730716673402898_0.8763091485746364_0.876668868711786_SIZE_1_1.9_2
GEN_49_FIT_0.8730716673402898_0.8763091485746364_0.876668868711786_SIZE_1_1.9_2
GEN_50_FIT_0.8730716673402898_0.8763091485746364_0.876668868711786_SIZE_1_1.9_2
GEN_51_FIT_0.8730716673402898_0.8763091485746364_0.876668868711786_SIZE_1_1.9_2
GEN_52_FIT_0.8730716673402898_0.8763091485746364_0.876668868711786_SIZE_1_1.9_2
GEN_53_FIT_0.8730716673402898_0.8763091485746364_0.876668868711786_SIZE_1_1.9_2
GEN_54_FIT_0.8730716673402898_0.8763091485746364_0.876668868711786_SIZE_1_1.9_2
GEN_55_FIT_0.8730716673402898_0.8763091485746364_0.876668868711786_SIZE_1_1.9_2
Evaluating in sample:
[GEN_55|make_tuple(0.0015608784450661455, 22, 11, 28)|0.8731]
[GEN_55|make_tuple(mul(0.17105350896324847, 0.0025206468502133447), 25, 11, 27)|0.8767]
Evaluating out-of-sample:
[GEN_55|make_tuple(0.0015608784450661455, 22, 11, 28)|0.9627]
[GEN_55|make_tuple(mul(0.17105350896324847, 0.0025206468502133447), 25, 11, 27)|0.9674]
Stopped early in iteration 55, no improvement in 20 gens.
START_TASK: 6
GEN_0_FIT_0.6337440364639807_0.7711844506735834_0.8502729803072964_SIZE_1_4.95_14
GEN_1_FIT_0.8312384659725622_0.8479887268459793_0.8631128162889766_SIZE_1_3.15_7
GEN_2_FIT_0.8555812605937793_0.8598935518732981_0.8654953595282009_SIZE_1_3.15_7
GEN_3_FIT_0.8626289271503699_0.8637918554220446_0.8666511455093137_SIZE_1_1.85_4
GEN_4_FIT_0.8647107890765429_0.8658747433114484_0.8671025989702827_SIZE_1_2.7_4
GEN_5_FIT_0.8659036323334615_0.8666730923052774_0.8680262633674388_SIZE_1_2.45_4
GEN_6_FIT_0.8668755552649724_0.8679059132202761_0.8693055558391692_SIZE_1_2.55_4
GEN_7_FIT_0.867454667881144_0.86885392587948_0.8701143720201336_SIZE_1_2.35_4
GEN_8_FIT_0.8684431063171181_0.8692778446633709_0.8717799293028647_SIZE_1_2.0_4
GEN_9_FIT_0.8687497843582304_0.8698635555236838_0.8717799293028647_SIZE_1_2.0_4
GEN_10_FIT_0.8689666201823183_0.870754635567987_0.8717799293028647_SIZE_1_2.0_4
GEN_11_FIT_0.869360352165566_0.8714525118304719_0.8728918245288121_SIZE_1_1.85_3
GEN_12_FIT_0.8706752248348166_0.8724753266413476_0.8730944726581128_SIZE_1_1.85_4
GEN_13_FIT_0.8727556193593247_0.8730252814248178_0.8738708546702937_SIZE_1_1.85_3
GEN_14_FIT_0.8730041406184629_0.8732372250561339_0.8738938773937485_SIZE_1_1.65_3
GEN_15_FIT_0.8734630673490031_0.8738285748720342_0.874066279247173_SIZE_1_1.5_3
GEN_16_FIT_0.8739575809254506_0.8740188604199531_0.8741653025907531_SIZE_1_1.3_3
GEN_17_FIT_0.874016908382041_0.8741957476858303_0.8760561126507291_SIZE_1_1.45_3
GEN_18_FIT_0.8741245182003202_0.87450181347226_0.8764620621704022_SIZE_1_1.5_3
GEN_19_FIT_0.8741653025907531_0.8750999886753321_0.8766080836874668_SIZE_1_1.7_3
GEN_20_FIT_0.8742786941267772_0.874978004504354_0.8766080836874668_SIZE_1_1.35_3
Evaluating in sample:
[GEN_20|make_tuple(0.001562750025810547, 22, 11, 28)|0.8743]
[GEN_20|make_tuple(truediv(0.001562750025810547, 5), 22, 11, 28)|0.8766]
Evaluating out-of-sample:
[GEN_20|make_tuple(0.001562750025810547, 22, 11, 28)|0.8134]
[GEN_20|make_tuple(truediv(0.001562750025810547, 5), 22, 11, 28)|0.8721]
GEN_21_FIT_0.8743500074710431_0.876251833547051_0.8766999234899253_SIZE_1_2.0_3
GEN_22_FIT_0.8743019182207408_0.8755155389262214_0.8768522196716289_SIZE_1_1.65_3
GEN_23_FIT_0.8743500074710431_0.8748736382406275_0.8768522196716289_SIZE_1_1.2_2
GEN_24_FIT_0.8744207435244209_0.8746638911391418_0.8768522196716289_SIZE_1_1.1_2
GEN_25_FIT_0.8744207435244209_0.8746638911391418_0.8768522196716289_SIZE_1_1.1_2
GEN_26_FIT_0.8744207435244209_0.8746638911391418_0.8768522196716289_SIZE_1_1.1_2
GEN_27_FIT_0.8744207435244209_0.8746638911391418_0.8768522196716289_SIZE_1_1.1_2
GEN_28_FIT_0.8744207435244209_0.8746638911391418_0.8768522196716289_SIZE_1_1.1_2
GEN_29_FIT_0.8744207435244209_0.8746638911391418_0.8768522196716289_SIZE_1_1.1_2
GEN_30_FIT_0.8744207435244209_0.8746638911391418_0.8768522196716289_SIZE_1_1.1_2
GEN_31_FIT_0.8744207435244209_0.8746638911391418_0.8768522196716289_SIZE_1_1.1_2
GEN_32_FIT_0.8744207435244209_0.8746638911391418_0.8768522196716289_SIZE_1_1.1_2
GEN_33_FIT_0.8744207435244209_0.8746638911391418_0.8768522196716289_SIZE_1_1.1_2
GEN_34_FIT_0.8744207435244209_0.8746638911391418_0.8768522196716289_SIZE_1_1.1_2
GEN_35_FIT_0.8744207435244209_0.8746638911391418_0.8768522196716289_SIZE_1_1.1_2
GEN_36_FIT_0.8744207435244209_0.8746638911391418_0.8768522196716289_SIZE_1_1.1_2
GEN_37_FIT_0.8744207435244209_0.8746638911391418_0.8768522196716289_SIZE_1_1.1_2
GEN_38_FIT_0.8744207435244209_0.8746638911391418_0.8768522196716289_SIZE_1_1.1_2
GEN_39_FIT_0.8744207435244209_0.8746638911391418_0.8768522196716289_SIZE_1_1.1_2
GEN_40_FIT_0.8744207435244209_0.8746638911391418_0.8768522196716289_SIZE_1_1.1_2
Evaluating in sample:
[GEN_40|make_tuple(0.001552486190733918, 22, 11, 28)|0.8744]
[GEN_40|make_tuple(truediv(0.001968781107097649, 5), 22, 11, 28)|0.8769]
Evaluating out-of-sample:
[GEN_40|make_tuple(0.001552486190733918, 22, 11, 28)|0.8134]
[GEN_40|make_tuple(truediv(0.001968781107097649, 5), 22, 11, 28)|0.8721]
GEN_41_FIT_0.8744207435244209_0.8746638911391418_0.8768522196716289_SIZE_1_1.1_2
GEN_42_FIT_0.8744207435244209_0.8746638911391418_0.8768522196716289_SIZE_1_1.1_2
GEN_43_FIT_0.8744207435244209_0.8746638911391418_0.8768522196716289_SIZE_1_1.1_2
Evaluating in sample:
[GEN_43|make_tuple(0.001552486190733918, 22, 11, 28)|0.8744]
[GEN_43|make_tuple(truediv(0.001968781107097649, 5), 22, 11, 28)|0.8769]
Evaluating out-of-sample:
[GEN_43|make_tuple(0.001552486190733918, 22, 11, 28)|0.8134]
[GEN_43|make_tuple(truediv(0.001968781107097649, 5), 22, 11, 28)|0.8721]
Stopped early in iteration 43, no improvement in 20 gens.
START_TASK: 11
GEN_0_FIT_0.7459731492720539_0.814675691280174_0.8603089205119028_SIZE_1_5.95_15
GEN_1_FIT_0.840373537287958_0.8513711328477033_0.8623455370790132_SIZE_1_2.45_11
GEN_2_FIT_0.8603089205119028_0.8608763513475098_0.8628567569330052_SIZE_1_1.1_2
GEN_3_FIT_0.8615117252747719_0.8622671264068613_0.8628567569330052_SIZE_1_1.15_2
GEN_4_FIT_0.8627185189141459_0.8632865655985669_0.8655768963978645_SIZE_1_1.15_2
GEN_5_FIT_0.8638706869998781_0.8642164633208465_0.8655768963978645_SIZE_1_1.25_3
GEN_6_FIT_0.8645555877698781_0.8654479117394114_0.8684725291383155_SIZE_1_1.6_3
GEN_7_FIT_0.865891841824746_0.8679499835413347_0.8697135160758805_SIZE_1_1.35_2
GEN_8_FIT_0.8682136701879374_0.8687396026471033_0.8697135160758805_SIZE_1_1.3_2
GEN_9_FIT_0.8690531880191608_0.8694376406490276_0.870497004851263_SIZE_1_1.45_2
GEN_10_FIT_0.8697007935156322_0.8701210141136947_0.8713634559089457_SIZE_1_1.7_3
GEN_11_FIT_0.8704901093497445_0.8710713344451542_0.8717333358800496_SIZE_1_1.85_4
GEN_12_FIT_0.8708103071220746_0.8715497799342072_0.8720575369151117_SIZE_1_1.6_3
GEN_13_FIT_0.8717333358800496_0.872011321097476_0.8724155738819702_SIZE_1_1.7_4
GEN_14_FIT_0.8719921503606521_0.8723507071305411_0.8730120598335256_SIZE_1_1.4_2
GEN_15_FIT_0.8723552660047919_0.872782314632466_0.873206863121372_SIZE_1_1.25_2
GEN_16_FIT_0.8729598855084496_0.8731098680905145_0.873206863121372_SIZE_1_1.3_2
GEN_17_FIT_0.8731569672555748_0.8732113380654992_0.8733264563613401_SIZE_1_1.1_2
GEN_18_FIT_0.873206863121372_0.8732487207553608_0.8733264563613401_SIZE_1_1.05_2
GEN_19_FIT_0.873206863121372_0.8733892180567129_0.8751681521824723_SIZE_1_1.15_2
GEN_20_FIT_0.8733264563613401_0.8736044363774347_0.8751681521824723_SIZE_1_1.15_2
Evaluating in sample:
[GEN_20|make_tuple(0.001552822447975104, 22, 11, 28)|0.8733]
[GEN_20|make_tuple(mul(0.001552822447975104, 0.2956358315103707), 22, 11, 27)|0.8752]
Evaluating out-of-sample:
[GEN_20|make_tuple(0.001552822447975104, 22, 11, 28)|0.9368]
[GEN_20|make_tuple(mul(0.001552822447975104, 0.2956358315103707), 22, 11, 27)|0.9269]
GEN_21_FIT_0.8733264563613401_0.8742416237785035_0.8751681521824723_SIZE_1_1.55_3
GEN_22_FIT_0.8733379606475055_0.8734559222684167_0.8756971930657329_SIZE_1_1.05_2
GEN_23_FIT_0.8733379606475055_0.8735738838893281_0.8756971930657329_SIZE_1_1.1_2
GEN_24_FIT_0.8733379606475055_0.8735738838893281_0.8756971930657329_SIZE_1_1.1_2
GEN_25_FIT_0.8733379606475055_0.8735738838893281_0.8756971930657329_SIZE_1_1.1_2
GEN_26_FIT_0.8733379606475055_0.8735738838893281_0.8756971930657329_SIZE_1_1.1_2
GEN_27_FIT_0.8733379606475055_0.8735738838893281_0.8756971930657329_SIZE_1_1.1_2
GEN_28_FIT_0.8733379606475055_0.8734796984374384_0.8761727164461651_SIZE_1_1.05_2
GEN_29_FIT_0.8733379606475055_0.8734796984374384_0.8761727164461651_SIZE_1_1.05_2
GEN_30_FIT_0.8733379606475055_0.8734796984374384_0.8761727164461651_SIZE_1_1.05_2
GEN_31_FIT_0.8733379606475055_0.8736214362273713_0.8761727164461651_SIZE_1_1.1_2
GEN_32_FIT_0.8733379606475055_0.8736214362273713_0.8761727164461651_SIZE_1_1.1_2
GEN_33_FIT_0.8733379606475055_0.8734856831499274_0.876292410695947_SIZE_1_1.05_2
GEN_34_FIT_0.8733379606475055_0.8736334056523495_0.876292410695947_SIZE_1_1.1_2
GEN_35_FIT_0.8733379606475055_0.8736334056523495_0.876292410695947_SIZE_1_1.1_2
GEN_36_FIT_0.8733379606475055_0.8736334056523495_0.876292410695947_SIZE_1_1.1_2
GEN_37_FIT_0.8733379606475055_0.8736334056523495_0.876292410695947_SIZE_1_1.1_2
GEN_38_FIT_0.8733379606475055_0.8736334056523495_0.876292410695947_SIZE_1_1.1_2
GEN_39_FIT_0.8733379606475055_0.8736334056523495_0.876292410695947_SIZE_1_1.1_2
GEN_40_FIT_0.8733379606475055_0.8734883137167229_0.876345022031854_SIZE_1_1.05_2
Evaluating in sample:
[GEN_40|make_tuple(0.001552822447975104, 22, 11, 28)|0.8733]
[GEN_40|make_tuple(mul(0.0018251351458514885, 0.21376174953554128), 22, 11, 27)|0.8763]
Evaluating out-of-sample:
[GEN_40|make_tuple(0.001552822447975104, 22, 11, 28)|0.9368]
[GEN_40|make_tuple(mul(0.0018251351458514885, 0.21376174953554128), 22, 11, 27)|0.9269]
GEN_41_FIT_0.8733379606475055_0.8734883137167229_0.876345022031854_SIZE_1_1.05_2
GEN_42_FIT_0.8733379606475055_0.8734883137167229_0.876345022031854_SIZE_1_1.05_2
GEN_43_FIT_0.8733379606475055_0.8736386667859403_0.876345022031854_SIZE_1_1.1_2
GEN_44_FIT_0.8733379606475055_0.8736386667859403_0.876345022031854_SIZE_1_1.1_2
GEN_45_FIT_0.8733379606475055_0.8736386667859403_0.876345022031854_SIZE_1_1.1_2
GEN_46_FIT_0.8733379606475055_0.8736386667859403_0.876345022031854_SIZE_1_1.1_2
GEN_47_FIT_0.8733379606475055_0.8736386667859403_0.876345022031854_SIZE_1_1.1_2
GEN_48_FIT_0.8733379606475055_0.8736386667859403_0.876345022031854_SIZE_1_1.1_2
GEN_49_FIT_0.8733379606475055_0.8736386667859403_0.876345022031854_SIZE_1_1.1_2
GEN_50_FIT_0.8733379606475055_0.8736386667859403_0.876345022031854_SIZE_1_1.1_2
GEN_51_FIT_0.8733379606475055_0.8736386667859403_0.876345022031854_SIZE_1_1.1_2
GEN_52_FIT_0.8733379606475055_0.8735165706488927_0.8769101606752506_SIZE_1_1.05_2
GEN_53_FIT_0.8733379606475055_0.8735165706488927_0.8769101606752506_SIZE_1_1.05_2
GEN_54_FIT_0.8733379606475055_0.8736951806502798_0.8769101606752506_SIZE_1_1.1_2
GEN_55_FIT_0.8733379606475055_0.8736951806502798_0.8769101606752506_SIZE_1_1.1_2
GEN_56_FIT_0.8733379606475055_0.8736951806502798_0.8769101606752506_SIZE_1_1.1_2
GEN_57_FIT_0.8733379606475055_0.8736951806502798_0.8769101606752506_SIZE_1_1.1_2
GEN_58_FIT_0.8733379606475055_0.8736951806502798_0.8769101606752506_SIZE_1_1.1_2
GEN_59_FIT_0.8733379606475055_0.8736951806502798_0.8769101606752506_SIZE_1_1.1_2
GEN_60_FIT_0.8733379606475055_0.8736951806502798_0.8769101606752506_SIZE_1_1.1_2
Evaluating in sample:
[GEN_60|make_tuple(0.001552822447975104, 22, 11, 28)|0.8733]
[GEN_60|make_tuple(mul(0.0018251351458514885, 0.2358015173634369), 22, 11, 27)|0.8769]
Evaluating out-of-sample:
[GEN_60|make_tuple(0.001552822447975104, 22, 11, 28)|0.9368]
[GEN_60|make_tuple(mul(0.0018251351458514885, 0.2358015173634369), 22, 11, 27)|0.9269]
GEN_61_FIT_0.8733379606475055_0.8736951806502798_0.8769101606752506_SIZE_1_1.1_2
GEN_62_FIT_0.8733379606475055_0.8736951806502798_0.8769101606752506_SIZE_1_1.1_2
GEN_63_FIT_0.8733379606475055_0.8736951806502798_0.8769101606752506_SIZE_1_1.1_2
GEN_64_FIT_0.8733379606475055_0.8736951806502798_0.8769101606752506_SIZE_1_1.1_2
GEN_65_FIT_0.8733379606475055_0.8736951806502798_0.8769101606752506_SIZE_1_1.1_2
GEN_66_FIT_0.8733379606475055_0.8736951806502798_0.8769101606752506_SIZE_1_1.1_2
GEN_67_FIT_0.8733379606475055_0.8736951806502798_0.8769101606752506_SIZE_1_1.1_2
GEN_68_FIT_0.8733379606475055_0.8736951806502798_0.8769101606752506_SIZE_1_1.1_2
GEN_69_FIT_0.8733379606475055_0.8736951806502798_0.8769101606752506_SIZE_1_1.1_2
GEN_70_FIT_0.8733379606475055_0.8736951806502798_0.8769101606752506_SIZE_1_1.1_2
GEN_71_FIT_0.8733379606475055_0.8736951806502798_0.8769101606752506_SIZE_1_1.1_2
GEN_72_FIT_0.8733379606475055_0.8736951806502798_0.8769101606752506_SIZE_1_1.1_2
GEN_73_FIT_0.8733379606475055_0.8736951806502798_0.8769101606752506_SIZE_1_1.1_2
Evaluating in sample:
[GEN_73|make_tuple(0.001552822447975104, 22, 11, 28)|0.8733]
[GEN_73|make_tuple(mul(0.0018251351458514885, 0.2358015173634369), 22, 11, 27)|0.8769]
Evaluating out-of-sample:
[GEN_73|make_tuple(0.001552822447975104, 22, 11, 28)|0.9368]
[GEN_73|make_tuple(mul(0.0018251351458514885, 0.2358015173634369), 22, 11, 27)|0.9269]
Stopped early in iteration 73, no improvement in 20 gens.
START_TASK: 12
GEN_0_FIT_0.69428377879066_0.784194403916189_0.8479233504696959_SIZE_1_4.9_14
GEN_1_FIT_0.8150058742739185_0.8405457097239593_0.8498423732718409_SIZE_1_2.95_5
GEN_2_FIT_0.8481481040705152_0.8503060038871514_0.8550945720872023_SIZE_1_1.7_4
GEN_3_FIT_0.8509415364727827_0.8537274331886499_0.8571521149036762_SIZE_1_2.6_5
GEN_4_FIT_0.8529030877904952_0.8558096733185266_0.8602053599724562_SIZE_1_2.35_4
GEN_5_FIT_0.8552034241029546_0.8576092964544421_0.8605604026160496_SIZE_1_2.0_4
GEN_6_FIT_0.8577380201049855_0.8596757543409795_0.8621420923353724_SIZE_1_2.65_4
GEN_7_FIT_0.8587457459704086_0.8616351629920749_0.8628911150176494_SIZE_1_2.15_4
GEN_8_FIT_0.8618183447314117_0.8627692746479223_0.8648459861467993_SIZE_1_2.05_4
GEN_9_FIT_0.8628072768377856_0.8641085825936624_0.8659994568415719_SIZE_1_1.55_3
GEN_10_FIT_0.8657186427893193_0.8662620080771134_0.8674138301859149_SIZE_1_1.25_2
GEN_11_FIT_0.8668139129116332_0.8671744265916157_0.8682870028251931_SIZE_1_1.15_2
GEN_12_FIT_0.8674138301859149_0.8680125598857703_0.8697581829839257_SIZE_1_1.15_2
GEN_13_FIT_0.8681984694350352_0.8690703582498316_0.8700935141001753_SIZE_1_1.2_2
GEN_14_FIT_0.8694399705926623_0.8700058997534688_0.871218582676402_SIZE_1_1.3_2
GEN_15_FIT_0.8700935141001753_0.8711223554267701_0.8722664229426981_SIZE_1_1.4_2
GEN_16_FIT_0.8712418838568823_0.8718425198113764_0.8724453332584718_SIZE_1_1.3_2
GEN_17_FIT_0.8722664229426981_0.872448955067419_0.8737086033015626_SIZE_1_1.45_3
GEN_18_FIT_0.8724169643126815_0.8726952289649181_0.87455942162183_SIZE_1_1.15_2
GEN_19_FIT_0.8724169643126815_0.8729059299679521_0.8746282130877868_SIZE_1_1.2_2
GEN_20_FIT_0.8725482490615969_0.8728998389091462_0.8749121921383144_SIZE_1_1.15_2
Evaluating in sample:
[GEN_20|make_tuple(0.0016269569958992083, 22, 11, 27)|0.8726]
[GEN_20|make_tuple(truediv(0.0013710993345271822, 4), 20, 11, 30)|0.8749]
Evaluating out-of-sample:
[GEN_20|make_tuple(0.0016269569958992083, 22, 11, 27)|0.9818]
[GEN_20|make_tuple(truediv(0.0013710993345271822, 4), 20, 11, 30)|0.9812]
GEN_21_FIT_0.8725482490615969_0.8730715147896699_0.8753871201651925_SIZE_1_1.2_2
GEN_22_FIT_0.8725882444703005_0.8732518436806419_0.8753871201651925_SIZE_1_1.25_2
GEN_23_FIT_0.8725950245278074_0.8730691469788219_0.8756836610926709_SIZE_1_1.15_2
GEN_24_FIT_0.8725950245278074_0.8734169316376347_0.8757911997327797_SIZE_1_1.3_3
GEN_25_FIT_0.8726572956021993_0.8729835655733504_0.875810633400653_SIZE_1_1.1_2
GEN_26_FIT_0.8726572956021993_0.8734713972726755_0.875810633400653_SIZE_1_1.25_2
GEN_27_FIT_0.8727351923672226_0.8739662395367473_0.875810633400653_SIZE_1_1.45_3
GEN_28_FIT_0.8727697911440532_0.8753550336671282_0.875810633400653_SIZE_1_1.9_3
GEN_29_FIT_0.8727697911440532_0.8741446255115572_0.8758632447365601_SIZE_1_1.45_2
GEN_30_FIT_0.8727697911440532_0.873391507763648_0.8758632447365601_SIZE_1_1.2_2
GEN_31_FIT_0.8727825404281827_0.8730906108590204_0.8758632447365601_SIZE_1_1.1_2
GEN_32_FIT_0.8727825404281827_0.8735491264347981_0.8758632447365601_SIZE_1_1.25_2
GEN_33_FIT_0.8727825404281827_0.8741668597928074_0.8758632447365601_SIZE_1_1.45_2
GEN_34_FIT_0.8727888703546848_0.8751000792521854_0.8759718069584413_SIZE_1_1.8_3
GEN_35_FIT_0.8725864322350589_0.8733954213526441_0.8759718069584413_SIZE_1_1.3_3
GEN_36_FIT_0.8727888703546848_0.8731071640150605_0.8759718069584413_SIZE_1_1.1_2
GEN_37_FIT_0.8727888703546848_0.8731071640150605_0.8759718069584413_SIZE_1_1.1_2
GEN_38_FIT_0.8727888703546848_0.8731071640150605_0.8759718069584413_SIZE_1_1.1_2
GEN_39_FIT_0.8727888703546848_0.8731071640150605_0.8759718069584413_SIZE_1_1.1_2
GEN_40_FIT_0.8727888703546848_0.87353866578408_0.8759718069584413_SIZE_1_1.25_2
Evaluating in sample:
[GEN_40|make_tuple(0.0015608576561594216, 22, 11, 28)|0.8729]
[GEN_40|make_tuple(truediv(0.0015906527657041447, 4), 22, 11, 27)|0.8760]
Evaluating out-of-sample:
[GEN_40|make_tuple(0.0015608576561594216, 22, 11, 28)|0.9809]
[GEN_40|make_tuple(truediv(0.0015906527657041447, 4), 22, 11, 27)|0.9818]
GEN_41_FIT_0.8727888703546848_0.8740735695412504_0.8759718069584413_SIZE_1_1.4_2
GEN_42_FIT_0.8729120838765354_0.8742889592633929_0.8759718069584413_SIZE_1_1.45_2
GEN_43_FIT_0.8729120838765354_0.8756658346502508_0.8759718069584413_SIZE_1_1.9_2
GEN_44_FIT_0.8729120838765354_0.8756658346502508_0.8759718069584413_SIZE_1_1.9_2
GEN_45_FIT_0.8729120838765354_0.8756658346502508_0.8759718069584413_SIZE_1_1.9_2
GEN_46_FIT_0.872445877844035_0.8746541950386298_0.8764283833799568_SIZE_1_1.6_2
GEN_47_FIT_0.8728200421820755_0.8752479317453934_0.8764283833799568_SIZE_1_1.75_2
GEN_48_FIT_0.8718806523852021_0.8734630434054218_0.8764283833799568_SIZE_1_1.2_2
GEN_49_FIT_0.8729120838765354_0.8732637138268775_0.8764283833799568_SIZE_1_1.1_2
GEN_50_FIT_0.8729120838765354_0.8732637138268775_0.8764283833799568_SIZE_1_1.1_2
GEN_51_FIT_0.8729120838765354_0.8732637138268775_0.8764283833799568_SIZE_1_1.1_2
GEN_52_FIT_0.8729120838765354_0.8732637138268775_0.8764283833799568_SIZE_1_1.1_2
GEN_53_FIT_0.8729120838765354_0.8732637138268775_0.8764283833799568_SIZE_1_1.1_2
GEN_54_FIT_0.8729120838765354_0.8732637138268775_0.8764283833799568_SIZE_1_1.1_2
GEN_55_FIT_0.8729120838765354_0.8732637138268775_0.8764283833799568_SIZE_1_1.1_2
GEN_56_FIT_0.8729120838765354_0.8732637138268775_0.8764283833799568_SIZE_1_1.1_2
GEN_57_FIT_0.8729120838765354_0.8737853196975813_0.8764283833799568_SIZE_1_1.25_2
GEN_58_FIT_0.8729120838765354_0.8755317913396727_0.8764283833799568_SIZE_1_1.8_3
GEN_59_FIT_0.8729511265283745_0.8760806576947984_0.8764283833799568_SIZE_1_1.9_2
GEN_60_FIT_0.8729511265283745_0.8760806576947984_0.8764283833799568_SIZE_1_1.9_2
Evaluating in sample:
[GEN_60|make_tuple(0.001552609149798746, 22, 11, 28)|0.8730]
[GEN_60|make_tuple(truediv(0.0017275511147230031, 4), 22, 11, 27)|0.8764]
Evaluating out-of-sample:
[GEN_60|make_tuple(0.001552609149798746, 22, 11, 28)|0.9809]
[GEN_60|make_tuple(truediv(0.0017275511147230031, 4), 22, 11, 27)|0.9818]
GEN_61_FIT_0.8728611195144418_0.8755624347017996_0.8765070422343086_SIZE_1_1.75_2
GEN_62_FIT_0.8729101120224465_0.8745413719853131_0.8765070422343086_SIZE_1_1.45_2
GEN_63_FIT_0.8729511265283745_0.8733067180989679_0.8765070422343086_SIZE_1_1.1_2
GEN_64_FIT_0.8729511265283745_0.8733067180989679_0.8765070422343086_SIZE_1_1.1_2
GEN_65_FIT_0.8729511265283745_0.8733067180989679_0.8765070422343086_SIZE_1_1.1_2
GEN_66_FIT_0.8729511265283745_0.8733067180989679_0.8765070422343086_SIZE_1_1.1_2
GEN_67_FIT_0.8729511265283745_0.8733067180989679_0.8765070422343086_SIZE_1_1.1_2
GEN_68_FIT_0.8729511265283745_0.8733067180989679_0.8765070422343086_SIZE_1_1.1_2
GEN_69_FIT_0.8729511265283745_0.8733067180989679_0.8765070422343086_SIZE_1_1.1_2
GEN_70_FIT_0.8729511265283745_0.8733067180989679_0.8765070422343086_SIZE_1_1.1_2
GEN_71_FIT_0.8729511265283745_0.8733067180989679_0.8765070422343086_SIZE_1_1.1_2
GEN_72_FIT_0.8729511265283745_0.8733067180989679_0.8765070422343086_SIZE_1_1.1_2
GEN_73_FIT_0.8729511265283745_0.8733067180989679_0.8765070422343086_SIZE_1_1.1_2
GEN_74_FIT_0.8729511265283745_0.8733067180989679_0.8765070422343086_SIZE_1_1.1_2
GEN_75_FIT_0.8729511265283745_0.8733067180989679_0.8765070422343086_SIZE_1_1.1_2
GEN_76_FIT_0.8729511265283745_0.8733067180989679_0.8765070422343086_SIZE_1_1.1_2
GEN_77_FIT_0.8729511265283745_0.8733067180989679_0.8765070422343086_SIZE_1_1.1_2
GEN_78_FIT_0.8729511265283745_0.8733067180989679_0.8765070422343086_SIZE_1_1.1_2
GEN_79_FIT_0.8729511265283745_0.8733067180989679_0.8765070422343086_SIZE_1_1.1_2
GEN_80_FIT_0.8729511265283745_0.8733067180989679_0.8765070422343086_SIZE_1_1.1_2
Evaluating in sample:
[GEN_80|make_tuple(0.001552609149798746, 22, 11, 28)|0.8730]
[GEN_80|make_tuple(truediv(0.0017275511147230031, 4), 25, 11, 27)|0.8765]
Evaluating out-of-sample:
[GEN_80|make_tuple(0.001552609149798746, 22, 11, 28)|0.9809]
[GEN_80|make_tuple(truediv(0.0017275511147230031, 4), 25, 11, 27)|0.9858]
GEN_81_FIT_0.8729511265283745_0.8733067180989679_0.8765070422343086_SIZE_1_1.1_2
GEN_82_FIT_0.8729511265283745_0.8733067180989679_0.8765070422343086_SIZE_1_1.1_2
Evaluating in sample:
[GEN_82|make_tuple(0.001552609149798746, 22, 11, 28)|0.8730]
[GEN_82|make_tuple(truediv(0.0017275511147230031, 4), 25, 11, 27)|0.8765]
Evaluating out-of-sample:
[GEN_82|make_tuple(0.001552609149798746, 22, 11, 28)|0.9809]
[GEN_82|make_tuple(truediv(0.0017275511147230031, 4), 25, 11, 27)|0.9858]
Stopped early in iteration 82, no improvement in 20 gens.
START_TASK: 14
GEN_0_FIT_0.645219056985829_0.7646101204494151_0.8472995441758434_SIZE_1_4.1_15
GEN_1_FIT_0.833554599187758_0.8436607893220291_0.864232759675895_SIZE_1_5.0_15
GEN_2_FIT_0.8470114778533442_0.856427071473955_0.8644059466633812_SIZE_1_1.9_8
GEN_3_FIT_0.8640013137474697_0.8644713940147126_0.8664367861068476_SIZE_1_1.1_2
GEN_4_FIT_0.8644132072342365_0.8656071217553656_0.8675515876621552_SIZE_1_1.35_3
GEN_5_FIT_0.8665901164208974_0.8674443312544217_0.868872138284524_SIZE_1_1.45_3
GEN_6_FIT_0.8679456039364595_0.8686608863565203_0.8700377329312976_SIZE_1_1.35_2
GEN_7_FIT_0.868872138284524_0.8696827198144232_0.8713425849724046_SIZE_1_1.35_3
GEN_8_FIT_0.8700377329312976_0.8711931852023671_0.8724362089296007_SIZE_1_1.15_2
GEN_9_FIT_0.8718643802643259_0.8720501077355578_0.8724510749706826_SIZE_1_1.05_2
GEN_10_FIT_0.8721596123737931_0.8724097660745194_0.8726050073525139_SIZE_1_1.2_2
GEN_11_FIT_0.8724510749706826_0.8725125464244179_0.8726050073525139_SIZE_1_1.15_2
GEN_12_FIT_0.8725397764968249_0.8725740696200439_0.8726050073525139_SIZE_1_1.2_2
GEN_13_FIT_0.8726050073525139_0.8726149909618254_0.8726577513730599_SIZE_1_1.05_2
GEN_14_FIT_0.8726165648410639_0.8726482891450738_0.8728012530737526_SIZE_1_1.15_2
GEN_15_FIT_0.8726577513730599_0.8726796286993196_0.8728082944968718_SIZE_1_1.0_1
GEN_16_FIT_0.8726577513730599_0.8727397020560552_0.8728468254239649_SIZE_1_1.0_1
GEN_17_FIT_0.8728012530737526_0.8728208902984613_0.8728468254239649_SIZE_1_1.0_1
GEN_18_FIT_0.8728468254239649_0.872846825423965_0.8728468254239649_SIZE_1_1.0_1
GEN_19_FIT_0.8728468254239649_0.8728474226915734_0.872853356966664_SIZE_1_1.0_1
GEN_20_FIT_0.8728468254239649_0.8728485377682149_0.872853356966664_SIZE_1_1.0_1
Evaluating in sample:
[GEN_20|make_tuple(0.001558575734849265, 22, 11, 28)|0.8729]
Evaluating out-of-sample:
[GEN_20|make_tuple(0.001558575734849265, 22, 11, 28)|0.9773]
GEN_21_FIT_0.8728495323286996_0.8728516358795801_0.872853356966664_SIZE_1_1.05_2
GEN_22_FIT_0.872853356966664_0.872853356966664_0.872853356966664_SIZE_1_1.0_1
GEN_23_FIT_0.872853356966664_0.872869717042143_0.8731805584762437_SIZE_1_1.05_2
GEN_24_FIT_0.872853356966664_0.872869717042143_0.8731805584762437_SIZE_1_1.05_2
GEN_25_FIT_0.872853356966664_0.8728860771176221_0.8731805584762437_SIZE_1_1.1_2
GEN_26_FIT_0.872853356966664_0.8729298734059714_0.8743836857528129_SIZE_1_1.05_2
GEN_27_FIT_0.872853356966664_0.8729602846804388_0.8749919112421576_SIZE_1_1.05_2
GEN_28_FIT_0.872853356966664_0.8735039444540165_0.8750821464966755_SIZE_1_1.45_3
GEN_29_FIT_0.872853356966664_0.8742641311117676_0.8756461109390795_SIZE_1_1.8_3
GEN_30_FIT_0.872853356966664_0.8734180178984937_0.8757185592071126_SIZE_1_1.3_3
GEN_31_FIT_0.872853356966664_0.8733570242544941_0.8757532768092389_SIZE_1_1.2_3
GEN_32_FIT_0.8729435458062347_0.8733615336964726_0.8757532768092389_SIZE_1_1.2_3
GEN_33_FIT_0.8729435458062347_0.8735020202466227_0.8757532768092389_SIZE_1_1.3_3
GEN_34_FIT_0.8729435458062347_0.873092839357722_0.8759294168359815_SIZE_1_1.05_2
GEN_35_FIT_0.8729435458062347_0.8732421329092093_0.8759294168359815_SIZE_1_1.1_2
GEN_36_FIT_0.8729435458062347_0.8732421329092093_0.8759294168359815_SIZE_1_1.1_2
GEN_37_FIT_0.8729435458062347_0.8732421329092093_0.8759294168359815_SIZE_1_1.1_2
GEN_38_FIT_0.8729435458062347_0.8732421329092093_0.8759294168359815_SIZE_1_1.1_2
GEN_39_FIT_0.8729435458062347_0.8732421329092093_0.8759294168359815_SIZE_1_1.1_2
GEN_40_FIT_0.8729435458062347_0.8732421329092093_0.8759294168359815_SIZE_1_1.1_2
Evaluating in sample:
[GEN_40|make_tuple(0.0015608324168773285, 22, 11, 28)|0.8729]
[GEN_40|make_tuple(truediv(0.002772089707708699, 7), 22, 11, 28)|0.8759]
Evaluating out-of-sample:
[GEN_40|make_tuple(0.0015608324168773285, 22, 11, 28)|0.9773]
[GEN_40|make_tuple(truediv(0.002772089707708699, 7), 22, 11, 28)|0.9773]
GEN_41_FIT_0.8729435458062347_0.8732421329092093_0.8759294168359815_SIZE_1_1.1_2
GEN_42_FIT_0.8729435458062347_0.8732421329092093_0.8759294168359815_SIZE_1_1.1_2
GEN_43_FIT_0.8729435458062347_0.8732421329092093_0.8759294168359815_SIZE_1_1.1_2
GEN_44_FIT_0.8729435458062347_0.8732421329092093_0.8759294168359815_SIZE_1_1.1_2
GEN_45_FIT_0.8729435458062347_0.8732421329092093_0.8759294168359815_SIZE_1_1.1_2
GEN_46_FIT_0.8729435458062347_0.8732421329092093_0.8759294168359815_SIZE_1_1.1_2
GEN_47_FIT_0.8729435458062347_0.8732421329092093_0.8759294168359815_SIZE_1_1.1_2
GEN_48_FIT_0.8729435458062347_0.8732421329092093_0.8759294168359815_SIZE_1_1.1_2
GEN_49_FIT_0.8729435458062347_0.8731152561631934_0.8763777529454095_SIZE_1_1.05_2
GEN_50_FIT_0.8729435458062347_0.8732869665201521_0.8763777529454095_SIZE_1_1.1_2
GEN_51_FIT_0.8729435458062347_0.8732869665201521_0.8763777529454095_SIZE_1_1.1_2
GEN_52_FIT_0.8729435458062347_0.8732869665201521_0.8763777529454095_SIZE_1_1.1_2
GEN_53_FIT_0.8729435458062347_0.8732869665201521_0.8763777529454095_SIZE_1_1.1_2
GEN_54_FIT_0.8729435458062347_0.8732869665201521_0.8763777529454095_SIZE_1_1.1_2
GEN_55_FIT_0.8729435458062347_0.8732869665201521_0.8763777529454095_SIZE_1_1.1_2
GEN_56_FIT_0.8729435458062347_0.8732869665201521_0.8763777529454095_SIZE_1_1.1_2
GEN_57_FIT_0.8729435458062347_0.8732869665201521_0.8763777529454095_SIZE_1_1.1_2
GEN_58_FIT_0.8729435458062347_0.8732869665201521_0.8763777529454095_SIZE_1_1.1_2
GEN_59_FIT_0.8729435458062347_0.8731212417671106_0.8764974650237531_SIZE_1_1.05_2
GEN_60_FIT_0.8729435458062347_0.8731212417671106_0.8764974650237531_SIZE_1_1.05_2
Evaluating in sample:
[GEN_60|make_tuple(0.0015608324168773285, 22, 11, 28)|0.8729]
[GEN_60|make_tuple(truediv(0.002992464149784314, 7), 25, 11, 28)|0.8765]
Evaluating out-of-sample:
[GEN_60|make_tuple(0.0015608324168773285, 22, 11, 28)|0.9773]
[GEN_60|make_tuple(truediv(0.002992464149784314, 7), 25, 11, 28)|0.9790]
GEN_61_FIT_0.8729435458062347_0.8731212417671106_0.8764974650237531_SIZE_1_1.05_2
GEN_62_FIT_0.8729435458062347_0.8732989377279864_0.8764974650237531_SIZE_1_1.1_2
GEN_63_FIT_0.8729435458062347_0.8732989377279864_0.8764974650237531_SIZE_1_1.1_2
GEN_64_FIT_0.8729435458062347_0.8731240960451017_0.8765545505835761_SIZE_1_1.05_2
GEN_65_FIT_0.8729435458062347_0.8731240960451017_0.8765545505835761_SIZE_1_1.05_2
GEN_66_FIT_0.8729435458062347_0.8733046462839689_0.8765545505835761_SIZE_1_1.1_2
GEN_67_FIT_0.8729435458062347_0.8733046462839689_0.8765545505835761_SIZE_1_1.1_2
GEN_68_FIT_0.8729435458062347_0.8733046462839689_0.8765545505835761_SIZE_1_1.1_2
GEN_69_FIT_0.8729435458062347_0.8733046462839689_0.8765545505835761_SIZE_1_1.1_2
GEN_70_FIT_0.8729435458062347_0.8731245190338093_0.8765630103577294_SIZE_1_1.05_2
GEN_71_FIT_0.8729435458062347_0.8731245190338093_0.8765630103577294_SIZE_1_1.05_2
GEN_72_FIT_0.8729435458062347_0.8731245190338093_0.8765630103577294_SIZE_1_1.05_2
GEN_73_FIT_0.8729435458062347_0.8731245190338093_0.8765630103577294_SIZE_1_1.05_2
GEN_74_FIT_0.8729435458062347_0.8733054922613841_0.8765630103577294_SIZE_1_1.1_2
GEN_75_FIT_0.8729435458062347_0.8733054922613841_0.8765630103577294_SIZE_1_1.1_2
GEN_76_FIT_0.8729435458062347_0.8733054922613841_0.8765630103577294_SIZE_1_1.1_2
GEN_77_FIT_0.8729435458062347_0.8733054922613841_0.8765630103577294_SIZE_1_1.1_2
GEN_78_FIT_0.8729435458062347_0.8733054922613841_0.8765630103577294_SIZE_1_1.1_2
GEN_79_FIT_0.8729435458062347_0.8733054922613841_0.8765630103577294_SIZE_1_1.1_2
GEN_80_FIT_0.8729435458062347_0.8733054922613841_0.8765630103577294_SIZE_1_1.1_2
Evaluating in sample:
[GEN_80|make_tuple(0.0015608324168773285, 22, 11, 28)|0.8729]
[GEN_80|make_tuple(truediv(0.0030157899702348947, 7), 25, 11, 27)|0.8766]
Evaluating out-of-sample:
[GEN_80|make_tuple(0.0015608324168773285, 22, 11, 28)|0.9773]
[GEN_80|make_tuple(truediv(0.0030157899702348947, 7), 25, 11, 27)|0.9794]
GEN_81_FIT_0.8729435458062347_0.8733054922613841_0.8765630103577294_SIZE_1_1.1_2
GEN_82_FIT_0.8729435458062347_0.8733054922613841_0.8765630103577294_SIZE_1_1.1_2
GEN_83_FIT_0.8729435458062347_0.8733054922613841_0.8765630103577294_SIZE_1_1.1_2
GEN_84_FIT_0.8729435458062347_0.8733054922613841_0.8765630103577294_SIZE_1_1.1_2
GEN_85_FIT_0.8729435458062347_0.8733054922613841_0.8765630103577294_SIZE_1_1.1_2
GEN_86_FIT_0.8729435458062347_0.8733054922613841_0.8765630103577294_SIZE_1_1.1_2
GEN_87_FIT_0.8729435458062347_0.8733054922613841_0.8765630103577294_SIZE_1_1.1_2
GEN_88_FIT_0.8729435458062347_0.8733054922613841_0.8765630103577294_SIZE_1_1.1_2
GEN_89_FIT_0.8729435458062347_0.8733054922613841_0.8765630103577294_SIZE_1_1.1_2
GEN_90_FIT_0.8729435458062347_0.8733054922613841_0.8765630103577294_SIZE_1_1.1_2
GEN_91_FIT_0.8729435458062347_0.8733054922613841_0.8765630103577294_SIZE_1_1.1_2
Evaluating in sample:
[GEN_91|make_tuple(0.0015608324168773285, 22, 11, 28)|0.8729]
[GEN_91|make_tuple(truediv(0.0030157899702348947, 7), 25, 11, 27)|0.8766]
Evaluating out-of-sample:
[GEN_91|make_tuple(0.0015608324168773285, 22, 11, 28)|0.9773]
[GEN_91|make_tuple(truediv(0.0030157899702348947, 7), 25, 11, 27)|0.9794]
Stopped early in iteration 91, no improvement in 20 gens.
START_TASK: 15
GEN_0_FIT_0.6569124985936846_0.8028149225889398_0.8526831693878658_SIZE_1_3.8_19
GEN_1_FIT_0.8418072786115515_0.851755453613827_0.8573235593279172_SIZE_1_1.75_4
GEN_2_FIT_0.8532389419932407_0.8557769374124368_0.8614629297817109_SIZE_1_1.75_4
GEN_3_FIT_0.8562639454679242_0.8598297623228028_0.8647576470125837_SIZE_1_1.75_3
GEN_4_FIT_0.8593750917192866_0.8621252883196158_0.8647576470125837_SIZE_1_1.6_3
GEN_5_FIT_0.8640788129845494_0.8657321597762919_0.8690402563383037_SIZE_1_1.75_3
GEN_6_FIT_0.865575173035888_0.867570389532116_0.8690402563383037_SIZE_1_2.15_3
GEN_7_FIT_0.8655871006761648_0.8678370866644748_0.8701024307743433_SIZE_1_1.8_4
GEN_8_FIT_0.8667227484649229_0.8691560107980058_0.870338448993815_SIZE_1_1.8_4
GEN_9_FIT_0.869912931572037_0.8703304460355878_0.8724122258930054_SIZE_1_1.65_4
GEN_10_FIT_0.8701915758984082_0.8710943493399557_0.8726369962518989_SIZE_1_1.5_4
GEN_11_FIT_0.8716270982360178_0.8723471821745117_0.8727207958459604_SIZE_1_1.15_3
GEN_12_FIT_0.8726369962518989_0.8727208968496107_0.8729242688860102_SIZE_1_1.75_3
GEN_13_FIT_0.8727207958459604_0.8728168899111726_0.8729242688860102_SIZE_1_1.4_4
GEN_14_FIT_0.8727943153045364_0.8728836544857785_0.8729242688860102_SIZE_1_1.15_2
GEN_15_FIT_0.8729242688860102_0.8729412426923252_0.8729808482403939_SIZE_1_1.0_1
GEN_16_FIT_0.8729242688860102_0.8729807255324719_0.8730349734363381_SIZE_1_1.05_2
GEN_17_FIT_0.8729808482403939_0.8729862607599884_0.8730349734363381_SIZE_1_1.1_2
GEN_18_FIT_0.8729808482403939_0.8730154118663025_0.8736721207585619_SIZE_1_1.05_2
GEN_19_FIT_0.8729808482403939_0.8730499754922109_0.8736721207585619_SIZE_1_1.1_2
GEN_20_FIT_0.8729808482403939_0.8731874507359748_0.8736721207585619_SIZE_1_1.35_3
Evaluating in sample:
[GEN_20|make_tuple(0.0015671320391828856, 22, 11, 28)|0.8730]
[GEN_20|make_tuple(mul(0.0015644664186823252, 0.08991426424960727), 22, 11, 28)|0.8737]
Evaluating out-of-sample:
[GEN_20|make_tuple(0.0015671320391828856, 22, 11, 28)|0.9582]
[GEN_20|make_tuple(mul(0.0015644664186823252, 0.08991426424960727), 22, 11, 28)|0.9566]
GEN_21_FIT_0.8729808482403939_0.8734299561340191_0.8736966627462177_SIZE_1_1.8_4
GEN_22_FIT_0.8729808482403939_0.8732132514407697_0.8753362700086476_SIZE_1_1.1_2
GEN_23_FIT_0.8729819700121159_0.8732174000117692_0.8753362700086476_SIZE_1_1.1_2
GEN_24_FIT_0.8729819700121159_0.8732174000117692_0.8753362700086476_SIZE_1_1.1_2
GEN_25_FIT_0.8729819700121159_0.8732174000117692_0.8753362700086476_SIZE_1_1.1_2
GEN_26_FIT_0.8729819700121159_0.8732174000117692_0.8753362700086476_SIZE_1_1.1_2
GEN_27_FIT_0.8729819700121159_0.8731303605568245_0.8759497809062872_SIZE_1_1.05_2
GEN_28_FIT_0.8729819700121159_0.8731304311775322_0.8759511933204405_SIZE_1_1.05_2
GEN_29_FIT_0.8729819700121159_0.8732804767485851_0.8759511933204405_SIZE_1_1.1_2
GEN_30_FIT_0.8729819700121159_0.873726333943935_0.8759511933204405_SIZE_1_1.25_2
GEN_31_FIT_0.8729819700121159_0.8750728080877795_0.876103914634386_SIZE_1_1.7_2
GEN_32_FIT_0.8730088459061295_0.8734726938442181_0.876103914634386_SIZE_1_1.15_2
GEN_33_FIT_0.8730088459061295_0.8745532869929752_0.876103914634386_SIZE_1_1.5_2
GEN_34_FIT_0.8730136581248491_0.8734771966012798_0.876103914634386_SIZE_1_1.15_2
GEN_35_FIT_0.8730136581248491_0.8734786521050679_0.876133024710155_SIZE_1_1.2_3
GEN_36_FIT_0.8730136581248491_0.8734786521050679_0.876133024710155_SIZE_1_1.2_3
GEN_37_FIT_0.8730136581248491_0.8736346204343335_0.876133024710155_SIZE_1_1.3_3
GEN_38_FIT_0.8730136581248491_0.8736346204343335_0.876133024710155_SIZE_1_1.3_3
GEN_39_FIT_0.8730136581248491_0.8735018438907318_0.8765968604234261_SIZE_1_1.2_3
GEN_40_FIT_0.8730136581248491_0.8735496829658473_0.8765968604234261_SIZE_1_1.25_3
Evaluating in sample:
[GEN_40|make_tuple(0.00155926524616652, 22, 11, 28)|0.8730]
[GEN_40|make_tuple(mul(0.001702107723186803, 0.2538120124682737), 22, 11, 28)|0.8766]
[GEN_40|make_tuple(mul(0.001702107723186803, 0.2538120124682737), 22, 11, add(28, 0.08091250393249479))|0.8766]
Evaluating out-of-sample:
[GEN_40|make_tuple(0.00155926524616652, 22, 11, 28)|0.9586]
[GEN_40|make_tuple(mul(0.001702107723186803, 0.2538120124682737), 22, 11, 28)|0.9566]
[GEN_40|make_tuple(mul(0.001702107723186803, 0.2538120124682737), 22, 11, add(28, 0.08091250393249479))|0.9566]
GEN_41_FIT_0.8730136581248491_0.8737273875769876_0.8765968604234261_SIZE_1_1.3_3
GEN_42_FIT_0.8730136581248491_0.8737273875769876_0.8765968604234261_SIZE_1_1.3_3
GEN_43_FIT_0.8730136581248491_0.8756769361009198_0.8765968604234261_SIZE_1_2.0_3
GEN_44_FIT_0.8730601797956397_0.8762242708113976_0.8765968604234261_SIZE_1_2.15_3
GEN_45_FIT_0.8730601797956397_0.8762402813530705_0.8765968604234261_SIZE_1_2.7_3
GEN_46_FIT_0.8729686934814433_0.87566441106623_0.8767806372572435_SIZE_1_1.95_3
GEN_47_FIT_0.8730180334979913_0.8753762665048674_0.8767806372572435_SIZE_1_1.85_3
GEN_48_FIT_0.8730601797956397_0.8737970560637651_0.8767806372572435_SIZE_1_1.3_3
GEN_49_FIT_0.8730601797956397_0.8737970560637651_0.8767806372572435_SIZE_1_1.3_3
GEN_50_FIT_0.8730601797956397_0.8737970560637651_0.8767806372572435_SIZE_1_1.3_3
GEN_51_FIT_0.8730601797956397_0.8737970560637651_0.8767806372572435_SIZE_1_1.3_3
GEN_52_FIT_0.8730601797956397_0.8737970560637651_0.8767806372572435_SIZE_1_1.3_3
GEN_53_FIT_0.8730601797956397_0.8737970560637651_0.8767806372572435_SIZE_1_1.3_3
GEN_54_FIT_0.8730601797956397_0.8737970560637651_0.8767806372572435_SIZE_1_1.3_3
GEN_55_FIT_0.8730601797956397_0.8737970560637651_0.8767806372572435_SIZE_1_1.3_3
GEN_56_FIT_0.8730601797956397_0.8737970560637651_0.8767806372572435_SIZE_1_1.3_3
GEN_57_FIT_0.8730601797956397_0.8736175551476991_0.8767806372572435_SIZE_1_1.25_3
GEN_58_FIT_0.8730601797956397_0.8748787977229308_0.8767806372572435_SIZE_1_1.8_3
GEN_59_FIT_0.8730642666316212_0.8762197153274942_0.8767806372572435_SIZE_1_2.45_3
GEN_60_FIT_0.8730642666316212_0.876407613660319_0.8767806372572435_SIZE_1_2.7_3
Evaluating in sample:
[GEN_60|make_tuple(0.0015618325546695394, 22, 11, 28)|0.8731]
[GEN_60|make_tuple(mul(0.001702107723186803, 0.2538120124682737), 25, 11, 27)|0.8768]
[GEN_60|make_tuple(mul(0.001702107723186803, 0.2538120124682737), 25, 11, add(28, 0.14108881279853205))|0.8768]
Evaluating out-of-sample:
[GEN_60|make_tuple(0.0015618325546695394, 22, 11, 28)|0.9586]
[GEN_60|make_tuple(mul(0.001702107723186803, 0.2538120124682737), 25, 11, 27)|0.9562]
[GEN_60|make_tuple(mul(0.001702107723186803, 0.2538120124682737), 25, 11, add(28, 0.14108881279853205))|0.9559]
GEN_61_FIT_0.8730642666316212_0.876407613660319_0.8767806372572435_SIZE_1_2.7_3
GEN_62_FIT_0.8730642666316212_0.876407613660319_0.8767806372572435_SIZE_1_2.7_3
GEN_63_FIT_0.8730642666316212_0.876407613660319_0.8767806372572435_SIZE_1_2.7_3
GEN_64_FIT_0.8730642666316212_0.876407613660319_0.8767806372572435_SIZE_1_2.7_3
GEN_65_FIT_0.8730642666316212_0.876407613660319_0.8767806372572435_SIZE_1_2.7_3
GEN_66_FIT_0.8730642666316212_0.876407613660319_0.8767806372572435_SIZE_1_2.7_3
GEN_67_FIT_0.8730642666316212_0.876407613660319_0.8767806372572435_SIZE_1_2.7_3
Evaluating in sample:
[GEN_67|make_tuple(0.0015618325546695394, 22, 11, 28)|0.8731]
[GEN_67|make_tuple(mul(0.001702107723186803, 0.2538120124682737), 25, 11, 27)|0.8768]
[GEN_67|make_tuple(mul(0.001702107723186803, 0.2538120124682737), 25, 11, add(28, 0.14108881279853205))|0.8768]
Evaluating out-of-sample:
[GEN_67|make_tuple(0.0015618325546695394, 22, 11, 28)|0.9586]
[GEN_67|make_tuple(mul(0.001702107723186803, 0.2538120124682737), 25, 11, 27)|0.9562]
[GEN_67|make_tuple(mul(0.001702107723186803, 0.2538120124682737), 25, 11, add(28, 0.14108881279853205))|0.9559]
Stopped early in iteration 67, no improvement in 20 gens.
START_TASK: 16
GEN_0_FIT_0.635638767102358_0.817405677548763_0.8527806652260298_SIZE_1_3.5_10
GEN_1_FIT_0.8468126945158256_0.8514623805588378_0.8666770485384488_SIZE_1_2.55_6
GEN_2_FIT_0.8525222928851853_0.8552474567539166_0.8666770485384488_SIZE_1_1.2_3
GEN_3_FIT_0.8535815528026435_0.8637586389918482_0.867859205356353_SIZE_1_1.25_3
GEN_4_FIT_0.8666770485384488_0.867913603876184_0.8709509054495512_SIZE_1_1.5_3
GEN_5_FIT_0.8678678816260855_0.8695585778676043_0.8721665919162898_SIZE_1_1.95_3
GEN_6_FIT_0.8687396956819848_0.870945457262677_0.8736361656907983_SIZE_1_1.9_3
GEN_7_FIT_0.8692746056599006_0.8718785126660222_0.8750898411224185_SIZE_1_1.85_3
GEN_8_FIT_0.8702468015402806_0.8723270080663555_0.8752138141987154_SIZE_1_1.65_3
GEN_9_FIT_0.8710853974263612_0.87231235795999_0.8753526277428412_SIZE_1_1.5_3
GEN_10_FIT_0.8713819294407064_0.8739745961218238_0.8753526277428412_SIZE_1_2.05_3
GEN_11_FIT_0.8713854702509815_0.8736013945073505_0.8759508951065037_SIZE_1_1.95_3
GEN_12_FIT_0.8714708616768825_0.8745385913659627_0.8760257993380676_SIZE_1_1.9_3
GEN_13_FIT_0.8717220992966598_0.8743050458421706_0.8760257993380676_SIZE_1_1.7_3
GEN_14_FIT_0.8718722750603406_0.8750544715368612_0.8760257993380676_SIZE_1_2.0_3
GEN_15_FIT_0.8721437815677019_0.8741866700136288_0.8766484533055358_SIZE_1_1.55_3
GEN_16_FIT_0.8722841138973771_0.8739443984456956_0.8766484533055358_SIZE_1_1.4_2
GEN_17_FIT_0.8723141702034913_0.8755834321088793_0.8766484533055358_SIZE_1_1.8_3
GEN_18_FIT_0.8730021847175655_0.8764661398761373_0.8766484533055358_SIZE_1_1.95_2
GEN_19_FIT_0.8730021847175655_0.8762838264467387_0.8766484533055358_SIZE_1_1.9_2
GEN_20_FIT_0.8730021847175655_0.8762838264467387_0.8766484533055358_SIZE_1_1.9_2
Evaluating in sample:
[GEN_20|make_tuple(0.0015569078982056942, 22, 11, 28)|0.8730]
[GEN_20|make_tuple(mul(0.31309247774860327, 0.0013738382596807238), 25, 11, 27)|0.8766]
Evaluating out-of-sample:
[GEN_20|make_tuple(0.0015569078982056942, 22, 11, 28)|0.9594]
[GEN_20|make_tuple(mul(0.31309247774860327, 0.0013738382596807238), 25, 11, 27)|0.9697]
GEN_21_FIT_0.8730021847175655_0.8762838264467387_0.8766484533055358_SIZE_1_1.9_2
GEN_22_FIT_0.8730021847175655_0.8762838264467387_0.8766484533055358_SIZE_1_1.9_2
GEN_23_FIT_0.8730021847175655_0.8762838264467387_0.8766484533055358_SIZE_1_1.9_2
GEN_24_FIT_0.8730021847175655_0.8762838264467387_0.8766484533055358_SIZE_1_1.9_2
GEN_25_FIT_0.8730021847175655_0.8762838264467387_0.8766484533055358_SIZE_1_1.9_2
GEN_26_FIT_0.8730021847175655_0.8762838264467387_0.8766484533055358_SIZE_1_1.9_2
GEN_27_FIT_0.8730021847175655_0.8762838264467387_0.8766484533055358_SIZE_1_1.9_2
GEN_28_FIT_0.8730021847175655_0.8762838264467387_0.8766484533055358_SIZE_1_1.9_2
GEN_29_FIT_0.8730021847175655_0.8762838264467387_0.8766484533055358_SIZE_1_1.9_2
GEN_30_FIT_0.8730021847175655_0.8762838264467387_0.8766484533055358_SIZE_1_1.9_2
GEN_31_FIT_0.8730021847175655_0.8762838264467387_0.8766484533055358_SIZE_1_1.9_2
GEN_32_FIT_0.8730021847175655_0.8762838264467387_0.8766484533055358_SIZE_1_1.9_2
GEN_33_FIT_0.8730021847175655_0.8762838264467387_0.8766484533055358_SIZE_1_1.9_2
GEN_34_FIT_0.8730021847175655_0.8762838264467387_0.8766484533055358_SIZE_1_1.9_2
GEN_35_FIT_0.8730021847175655_0.8762838264467387_0.8766484533055358_SIZE_1_1.9_2
GEN_36_FIT_0.8730021847175655_0.8762838264467387_0.8766484533055358_SIZE_1_1.9_2
Evaluating in sample:
[GEN_36|make_tuple(0.0015569078982056942, 22, 11, 28)|0.8730]
[GEN_36|make_tuple(mul(0.31309247774860327, 0.0013738382596807238), 25, 11, 27)|0.8766]
Evaluating out-of-sample:
[GEN_36|make_tuple(0.0015569078982056942, 22, 11, 28)|0.9594]
[GEN_36|make_tuple(mul(0.31309247774860327, 0.0013738382596807238), 25, 11, 27)|0.9697]
Stopped early in iteration 36, no improvement in 20 gens.
START_TASK: 18
GEN_0_FIT_0.6695829991024264_0.7580565809013795_0.8531640905466537_SIZE_1_3.55_9
GEN_1_FIT_0.816443209954587_0.8405379566467234_0.8549351061490681_SIZE_1_1.7_5
GEN_2_FIT_0.8524499577558299_0.8536177919190211_0.8552907459194854_SIZE_1_1.2_2
GEN_3_FIT_0.8541243184636695_0.8554977957957869_0.8590148354177156_SIZE_1_1.35_2
GEN_4_FIT_0.8564555128686694_0.8573443949029318_0.8602107123300531_SIZE_1_1.25_2
GEN_5_FIT_0.8581103551511615_0.8595623834459211_0.8613446013654241_SIZE_1_1.9_3
GEN_6_FIT_0.8594271776869941_0.8608575291163547_0.8638326056357922_SIZE_1_1.45_3
GEN_7_FIT_0.8613446013654241_0.8628319459410587_0.8649002589651094_SIZE_1_1.2_3
GEN_8_FIT_0.8638326056357922_0.86457559469456_0.865545605544194_SIZE_1_1.05_2
GEN_9_FIT_0.8651462764604174_0.8654409295053946_0.8669436576578027_SIZE_1_1.1_2
GEN_10_FIT_0.8654640816881309_0.8664129938514586_0.869262799205994_SIZE_1_1.1_2
GEN_11_FIT_0.8669436576578027_0.8681598383113334_0.8693922181015661_SIZE_1_1.15_2
GEN_12_FIT_0.8685413099867992_0.8690513893494705_0.8698952337717554_SIZE_1_1.15_2
GEN_13_FIT_0.869262799205994_0.8697122241616408_0.8719391526685037_SIZE_1_1.25_3
GEN_14_FIT_0.8697587755079976_0.8708209410555933_0.8723687221446244_SIZE_1_1.55_3
GEN_15_FIT_0.8708389504315044_0.8719885494920104_0.8740980677239829_SIZE_1_1.55_3
GEN_16_FIT_0.8714106445070481_0.8721751500212503_0.8740980677239829_SIZE_1_1.3_2
GEN_17_FIT_0.8716710245859702_0.8728960863655131_0.874682365718029_SIZE_1_1.45_2
GEN_18_FIT_0.8718243963248943_0.8732805550187042_0.874866838228771_SIZE_1_1.45_2
GEN_19_FIT_0.8724429758634077_0.8736530692885495_0.8753876332349882_SIZE_1_1.45_2
GEN_20_FIT_0.8725680099772987_0.8737567334299872_0.875789549509888_SIZE_1_1.4_2
Evaluating in sample:
[GEN_20|make_tuple(0.0015491240383268524, 22, 11, 28)|0.8727]
[GEN_20|make_tuple(mul(0.20047968145087916, 0.0019125958522359398), 22, 11, 28)|0.8758]
Evaluating out-of-sample:
[GEN_20|make_tuple(0.0015491240383268524, 22, 11, 28)|0.9882]
[GEN_20|make_tuple(mul(0.20047968145087916, 0.0019125958522359398), 22, 11, 28)|0.9732]
GEN_21_FIT_0.8726184957137506_0.8742021685215178_0.875789549509888_SIZE_1_1.55_3
GEN_22_FIT_0.8726508897782435_0.873311589887116_0.8759315999881884_SIZE_1_1.25_3
GEN_23_FIT_0.872699710047924_0.8728630090223595_0.8759656895366305_SIZE_1_1.05_2
GEN_24_FIT_0.872699710047924_0.8730263079967948_0.8759656895366305_SIZE_1_1.1_2
GEN_25_FIT_0.872699710047924_0.8736731270732256_0.8759656895366305_SIZE_1_1.3_2
GEN_26_FIT_0.872699710047924_0.8749691954061148_0.8759656895366305_SIZE_1_1.75_3
GEN_27_FIT_0.8727483136484621_0.8756439519478137_0.8759656895366305_SIZE_1_1.9_2
GEN_28_FIT_0.8727483136484621_0.8756439519478137_0.8759656895366305_SIZE_1_1.9_2
GEN_29_FIT_0.8726744247745988_0.874839808888415_0.8760435966633606_SIZE_1_1.65_2
GEN_30_FIT_0.8726744247745988_0.8730930919441013_0.8764224854202118_SIZE_1_1.1_2
GEN_31_FIT_0.8727483136484621_0.873115730825637_0.8764224854202118_SIZE_1_1.1_2
GEN_32_FIT_0.8727483136484621_0.873673596677006_0.8764224854202118_SIZE_1_1.25_2
GEN_33_FIT_0.8727483136484621_0.8751304021542332_0.8764224854202118_SIZE_1_1.65_2
GEN_34_FIT_0.8728831153605915_0.8760685484142497_0.8764224854202118_SIZE_1_1.9_2
GEN_35_FIT_0.8728831153605915_0.8760700039180381_0.8764515954959808_SIZE_1_1.95_3
GEN_36_FIT_0.8726541828055984_0.8755315361645787_0.876500173084876_SIZE_1_1.8_3
GEN_37_FIT_0.8726541828055984_0.8735698180937629_0.876500173084876_SIZE_1_1.25_3
GEN_38_FIT_0.8728831153605915_0.8730639682468058_0.876500173084876_SIZE_1_1.05_2
GEN_39_FIT_0.8728831153605915_0.8732448211330199_0.876500173084876_SIZE_1_1.1_2
GEN_40_FIT_0.8728831153605915_0.8732448211330199_0.876500173084876_SIZE_1_1.1_2
Evaluating in sample:
[GEN_40|make_tuple(0.0015524880414392534, 22, 11, 28)|0.8729]
[GEN_40|make_tuple(mul(0.20047968145087916, 0.002141241481073449), 22, 11, 27)|0.8765]
Evaluating out-of-sample:
[GEN_40|make_tuple(0.0015524880414392534, 22, 11, 28)|0.9887]
[GEN_40|make_tuple(mul(0.20047968145087916, 0.002141241481073449), 22, 11, 27)|0.9736]
GEN_41_FIT_0.8728831153605915_0.8732448211330199_0.876500173084876_SIZE_1_1.1_2
GEN_42_FIT_0.8728831153605915_0.8732448211330199_0.876500173084876_SIZE_1_1.1_2
GEN_43_FIT_0.8728831153605915_0.8732448211330199_0.876500173084876_SIZE_1_1.1_2
GEN_44_FIT_0.8728831153605915_0.8732448211330199_0.876500173084876_SIZE_1_1.1_2
GEN_45_FIT_0.8728831153605915_0.8732448211330199_0.876500173084876_SIZE_1_1.1_2
GEN_46_FIT_0.8728831153605915_0.8732448211330199_0.876500173084876_SIZE_1_1.1_2
GEN_47_FIT_0.8728831153605915_0.8732448211330199_0.876500173084876_SIZE_1_1.1_2
GEN_48_FIT_0.8728831153605915_0.8732448211330199_0.876500173084876_SIZE_1_1.1_2
GEN_49_FIT_0.8728831153605915_0.8732448211330199_0.876500173084876_SIZE_1_1.1_2
GEN_50_FIT_0.8728831153605915_0.8732448211330199_0.876500173084876_SIZE_1_1.1_2
GEN_51_FIT_0.8728831153605915_0.8732448211330199_0.876500173084876_SIZE_1_1.1_2
GEN_52_FIT_0.8728831153605915_0.8732448211330199_0.876500173084876_SIZE_1_1.1_2
GEN_53_FIT_0.8728831153605915_0.8732448211330199_0.876500173084876_SIZE_1_1.1_2
GEN_54_FIT_0.8728831153605915_0.8732448211330199_0.876500173084876_SIZE_1_1.1_2
GEN_55_FIT_0.8728831153605915_0.8732448211330199_0.876500173084876_SIZE_1_1.1_2
GEN_56_FIT_0.8728831153605915_0.8732448211330199_0.876500173084876_SIZE_1_1.1_2
GEN_57_FIT_0.8728831153605915_0.8730700195822914_0.8766211997945919_SIZE_1_1.05_2
GEN_58_FIT_0.8728831153605915_0.8732569238039914_0.8766211997945919_SIZE_1_1.1_2
GEN_59_FIT_0.8728831153605915_0.8732569238039914_0.8766211997945919_SIZE_1_1.1_2
GEN_60_FIT_0.8728831153605915_0.8732569238039914_0.8766211997945919_SIZE_1_1.1_2
Evaluating in sample:
[GEN_60|make_tuple(0.0015524880414392534, 22, 11, 28)|0.8729]
[GEN_60|make_tuple(mul(0.20047968145087916, 0.002141241481073449), 25, 11, 27)|0.8766]
Evaluating out-of-sample:
[GEN_60|make_tuple(0.0015524880414392534, 22, 11, 28)|0.9887]
[GEN_60|make_tuple(mul(0.20047968145087916, 0.002141241481073449), 25, 11, 27)|0.9728]
GEN_61_FIT_0.8728831153605915_0.8732569238039914_0.8766211997945919_SIZE_1_1.1_2
GEN_62_FIT_0.8728831153605915_0.8732569238039914_0.8766211997945919_SIZE_1_1.1_2
GEN_63_FIT_0.8728831153605915_0.8732569238039914_0.8766211997945919_SIZE_1_1.1_2
GEN_64_FIT_0.8728831153605915_0.8732569238039914_0.8766211997945919_SIZE_1_1.1_2
GEN_65_FIT_0.8728831153605915_0.8732569238039914_0.8766211997945919_SIZE_1_1.1_2
GEN_66_FIT_0.8728831153605915_0.8732569238039914_0.8766211997945919_SIZE_1_1.1_2
GEN_67_FIT_0.8728831153605915_0.8732569238039914_0.8766211997945919_SIZE_1_1.1_2
GEN_68_FIT_0.8728831153605915_0.8732569238039914_0.8766211997945919_SIZE_1_1.1_2
GEN_69_FIT_0.8728831153605915_0.8732569238039914_0.8766211997945919_SIZE_1_1.1_2
GEN_70_FIT_0.8728831153605915_0.8732569238039914_0.8766211997945919_SIZE_1_1.1_2
GEN_71_FIT_0.8728831153605915_0.8732569238039914_0.8766211997945919_SIZE_1_1.1_2
GEN_72_FIT_0.8728831153605915_0.8732569238039914_0.8766211997945919_SIZE_1_1.1_2
GEN_73_FIT_0.8728831153605915_0.8732569238039914_0.8766211997945919_SIZE_1_1.1_2
GEN_74_FIT_0.8728831153605915_0.8732569238039914_0.8766211997945919_SIZE_1_1.1_2
GEN_75_FIT_0.8728831153605915_0.8732569238039914_0.8766211997945919_SIZE_1_1.1_2
GEN_76_FIT_0.8728831153605915_0.8732569238039914_0.8766211997945919_SIZE_1_1.1_2
GEN_77_FIT_0.8728831153605915_0.8732569238039914_0.8766211997945919_SIZE_1_1.1_2
GEN_78_FIT_0.8728831153605915_0.8732569238039914_0.8766211997945919_SIZE_1_1.1_2
Evaluating in sample:
[GEN_78|make_tuple(0.0015524880414392534, 22, 11, 28)|0.8729]
[GEN_78|make_tuple(mul(0.20047968145087916, 0.002141241481073449), 25, 11, 27)|0.8766]
Evaluating out-of-sample:
[GEN_78|make_tuple(0.0015524880414392534, 22, 11, 28)|0.9887]
[GEN_78|make_tuple(mul(0.20047968145087916, 0.002141241481073449), 25, 11, 27)|0.9728]
Stopped early in iteration 78, no improvement in 20 gens.
START_TASK: 22
GEN_0_FIT_0.7777311163521127_0.8211648591183252_0.8623477192756501_SIZE_1_5.55_14
GEN_1_FIT_0.8463340881582058_0.8505589943528676_0.8667102751316798_SIZE_1_3.05_10
GEN_2_FIT_0.8515589394400644_0.861852672696745_0.8695856930569967_SIZE_1_1.45_3
GEN_3_FIT_0.8665317858381046_0.8671005028495651_0.8695856930569967_SIZE_1_1.15_2
GEN_4_FIT_0.8669823199609904_0.8688343981445653_0.8699794230345457_SIZE_1_1.1_2
GEN_5_FIT_0.8696462804539176_0.8702030081463527_0.8726379079403529_SIZE_1_1.1_2
GEN_6_FIT_0.8704233108289462_0.8713281045859433_0.873433266400679_SIZE_1_1.5_2
GEN_7_FIT_0.8711462135058738_0.8726467741528234_0.8748451848898102_SIZE_1_1.65_3
GEN_8_FIT_0.8722738387422125_0.873358208479258_0.8748451848898102_SIZE_1_1.7_2
GEN_9_FIT_0.8722738387422125_0.8735475925195134_0.8758649568876653_SIZE_1_1.35_2
GEN_10_FIT_0.8729196980515117_0.8735148017211352_0.8758649568876653_SIZE_1_1.2_2
GEN_11_FIT_0.8729603478832803_0.8742728954328796_0.8760159657622166_SIZE_1_1.45_2
GEN_12_FIT_0.8729603478832803_0.8747255397224505_0.8760159657622166_SIZE_1_1.65_3
GEN_13_FIT_0.8729603478832803_0.8735970994931833_0.8760159657622166_SIZE_1_1.25_3
GEN_14_FIT_0.87300102007224_0.8737547564947341_0.8760159657622166_SIZE_1_1.25_2
GEN_15_FIT_0.87300102007224_0.8742069983482306_0.8760159657622166_SIZE_1_1.4_2
GEN_16_FIT_0.87300102007224_0.8755637239087204_0.8760159657622166_SIZE_1_1.85_2
GEN_17_FIT_0.87300102007224_0.8757144711932192_0.8760159657622166_SIZE_1_1.9_2
GEN_18_FIT_0.87300102007224_0.8757144711932192_0.8760159657622166_SIZE_1_1.9_2
GEN_19_FIT_0.8725708672793371_0.8749460740389233_0.8764976733359232_SIZE_1_1.65_2
GEN_20_FIT_0.8729130425050179_0.8741378021371139_0.8764976733359232_SIZE_1_1.4_3
Evaluating in sample:
[GEN_20|make_tuple(0.001552378065353032, 22, 11, 28)|0.8730]
[GEN_20|make_tuple(truediv(0.0017277798860141907, 4), 22, 11, 27)|0.8765]
Evaluating out-of-sample:
[GEN_20|make_tuple(0.001552378065353032, 22, 11, 28)|0.9752]
[GEN_20|make_tuple(truediv(0.0017277798860141907, 4), 22, 11, 27)|0.9739]
GEN_21_FIT_0.87300102007224_0.8740500160513449_0.8764976733359232_SIZE_1_1.3_2
GEN_22_FIT_0.87300102007224_0.8733506853986084_0.8764976733359232_SIZE_1_1.1_2
GEN_23_FIT_0.87300102007224_0.8731822484716998_0.8766255880614352_SIZE_1_1.05_2
GEN_24_FIT_0.87300102007224_0.8733634768711596_0.8766255880614352_SIZE_1_1.1_2
GEN_25_FIT_0.87300102007224_0.8733634768711596_0.8766255880614352_SIZE_1_1.1_2
GEN_26_FIT_0.87300102007224_0.8733634768711596_0.8766255880614352_SIZE_1_1.1_2
GEN_27_FIT_0.87300102007224_0.8733634768711596_0.8766255880614352_SIZE_1_1.1_2
GEN_28_FIT_0.87300102007224_0.8733634768711596_0.8766255880614352_SIZE_1_1.1_2
GEN_29_FIT_0.87300102007224_0.8733634768711596_0.8766255880614352_SIZE_1_1.1_2
GEN_30_FIT_0.87300102007224_0.8733634768711596_0.8766255880614352_SIZE_1_1.1_2
GEN_31_FIT_0.87300102007224_0.8733634768711596_0.8766255880614352_SIZE_1_1.1_2
GEN_32_FIT_0.87300102007224_0.8733634768711596_0.8766255880614352_SIZE_1_1.1_2
GEN_33_FIT_0.87300102007224_0.8733634768711596_0.8766255880614352_SIZE_1_1.1_2
GEN_34_FIT_0.87300102007224_0.8733634768711596_0.8766255880614352_SIZE_1_1.1_2
GEN_35_FIT_0.87300102007224_0.8733634768711596_0.8766255880614352_SIZE_1_1.1_2
GEN_36_FIT_0.87300102007224_0.8733634768711596_0.8766255880614352_SIZE_1_1.1_2
GEN_37_FIT_0.87300102007224_0.8733634768711596_0.8766255880614352_SIZE_1_1.1_2
GEN_38_FIT_0.87300102007224_0.8733634768711596_0.8766255880614352_SIZE_1_1.1_2
GEN_39_FIT_0.87300102007224_0.8733634768711596_0.8766255880614352_SIZE_1_1.1_2
GEN_40_FIT_0.87300102007224_0.8733634768711596_0.8766255880614352_SIZE_1_1.1_2
Evaluating in sample:
[GEN_40|make_tuple(0.001552378065353032, 22, 11, 28)|0.8730]
[GEN_40|make_tuple(truediv(0.0017277798860141907, 4), 25, 11, 27)|0.8766]
Evaluating out-of-sample:
[GEN_40|make_tuple(0.001552378065353032, 22, 11, 28)|0.9752]
[GEN_40|make_tuple(truediv(0.0017277798860141907, 4), 25, 11, 27)|0.9723]
GEN_41_FIT_0.87300102007224_0.8733634768711596_0.8766255880614352_SIZE_1_1.1_2
GEN_42_FIT_0.87300102007224_0.8733634768711596_0.8766255880614352_SIZE_1_1.1_2
GEN_43_FIT_0.87300102007224_0.8733634768711596_0.8766255880614352_SIZE_1_1.1_2
GEN_44_FIT_0.87300102007224_0.8733634768711596_0.8766255880614352_SIZE_1_1.1_2
Evaluating in sample:
[GEN_44|make_tuple(0.001552378065353032, 22, 11, 28)|0.8730]
[GEN_44|make_tuple(truediv(0.0017277798860141907, 4), 25, 11, 27)|0.8766]
Evaluating out-of-sample:
[GEN_44|make_tuple(0.001552378065353032, 22, 11, 28)|0.9752]
[GEN_44|make_tuple(truediv(0.0017277798860141907, 4), 25, 11, 27)|0.9723]
Stopped early in iteration 44, no improvement in 20 gens.
START_TASK: 23
GEN_0_FIT_0.47299490169118147_0.7120538663036927_0.8484125646402512_SIZE_1_3.15_7
GEN_1_FIT_0.7432278743683581_0.8208222590727333_0.860075003495312_SIZE_1_3.5_5
GEN_2_FIT_0.7443534557521062_0.8227170193035647_0.860075003495312_SIZE_1_2.1_6
GEN_3_FIT_0.8252684029512674_0.8539766112506202_0.8632296086338058_SIZE_1_1.55_3
GEN_4_FIT_0.8621004483979349_0.86319689620925_0.8641246610166031_SIZE_1_1.15_2
GEN_5_FIT_0.8632296086338058_0.8638069275001955_0.8656564691406884_SIZE_1_1.15_3
GEN_6_FIT_0.8641246610166031_0.8652121937925198_0.8661668606693463_SIZE_1_1.5_3
GEN_7_FIT_0.8653532228649292_0.8665975225213147_0.8688867338569843_SIZE_1_1.5_3
GEN_8_FIT_0.8663443253968239_0.8681356496941495_0.8701800207638494_SIZE_1_1.75_3
GEN_9_FIT_0.8671075288158262_0.8684043816503877_0.8708150179248764_SIZE_1_1.45_3
GEN_10_FIT_0.8677022987105136_0.8696147744233527_0.8722402583538135_SIZE_1_1.65_3
GEN_11_FIT_0.8684336172264479_0.8702775705817629_0.8722402583538135_SIZE_1_1.55_2
GEN_12_FIT_0.8696552868762388_0.8714651029577434_0.8732196731636639_SIZE_1_1.55_2
GEN_13_FIT_0.8708385311835048_0.8716595150650109_0.8742096525329957_SIZE_1_1.4_3
GEN_14_FIT_0.8711805046493165_0.8724302659071664_0.8749588589635092_SIZE_1_1.7_3
GEN_15_FIT_0.8718578231602279_0.8733503670304712_0.8749588589635092_SIZE_1_2.05_3
GEN_16_FIT_0.8719990199416244_0.8739042066647393_0.8749872489439573_SIZE_1_2.25_4
GEN_17_FIT_0.8723221920638685_0.8740928668932935_0.8769980197467223_SIZE_1_1.95_3
GEN_18_FIT_0.8727422409446551_0.8747249660649766_0.8769980197467223_SIZE_1_2.35_4
GEN_19_FIT_0.8730191233545829_0.8748891705620959_0.8777243117891055_SIZE_1_2.15_5
GEN_20_FIT_0.8731825194476687_0.8759267068177963_0.8779723949225556_SIZE_1_2.45_5
Evaluating in sample:
[GEN_20|make_tuple(0.001622399417561171, 23, 11, 27)|0.8740]
[GEN_20|make_tuple(sub(0.0018317533774765866, 0.0014785862504244158), 23, 10, 30)|0.8764]
[GEN_20|make_tuple(sub(0.0018317533774765866, 0.0014785862504244158), 23, truediv(7, 0.6623652981835247), 27)|0.8780]
Evaluating out-of-sample:
[GEN_20|make_tuple(0.001622399417561171, 23, 11, 27)|0.7979]
[GEN_20|make_tuple(sub(0.0018317533774765866, 0.0014785862504244158), 23, 10, 30)|0.7139]
[GEN_20|make_tuple(sub(0.0018317533774765866, 0.0014785862504244158), 23, truediv(7, 0.6623652981835247), 27)|0.7151]
GEN_21_FIT_0.8732726649465283_0.876473624598618_0.8779918285904291_SIZE_1_2.2_3
GEN_22_FIT_0.8740216161343537_0.8765645087594954_0.8786013378108819_SIZE_1_2.0_3
GEN_23_FIT_0.8740582261961556_0.8768058517676118_0.8788872721867481_SIZE_1_1.75_3
GEN_24_FIT_0.8740589823218371_0.8761568254747487_0.8788872721867481_SIZE_1_1.5_3
GEN_25_FIT_0.8741711730500209_0.875641153595352_0.8789592844489923_SIZE_1_1.3_2
GEN_26_FIT_0.8743247112293847_0.8777621917440838_0.8789592844489923_SIZE_1_1.85_3
GEN_27_FIT_0.8743562784958037_0.877596059506585_0.8789592844489923_SIZE_1_1.8_3
GEN_28_FIT_0.8745640727903348_0.8787395238660594_0.8789592844489923_SIZE_1_1.95_2
GEN_29_FIT_0.8745640727903348_0.8785197632831265_0.8789592844489923_SIZE_1_1.9_2
GEN_30_FIT_0.8745640727903348_0.8785197632831265_0.8789592844489923_SIZE_1_1.9_2
GEN_31_FIT_0.8743562784958037_0.8780717946650507_0.8789981296993215_SIZE_1_1.8_2
GEN_32_FIT_0.8744806688446723_0.8769766976608129_0.8789981296993215_SIZE_1_1.55_2
GEN_33_FIT_0.8745640727903348_0.8761159927084801_0.8789981296993215_SIZE_1_1.35_2
GEN_34_FIT_0.8745640727903348_0.8750074784812334_0.8789981296993215_SIZE_1_1.1_2
GEN_35_FIT_0.8745640727903348_0.8750074784812334_0.8789981296993215_SIZE_1_1.1_2
GEN_36_FIT_0.8745640727903348_0.8750074784812334_0.8789981296993215_SIZE_1_1.1_2
GEN_37_FIT_0.8745640727903348_0.8750074784812334_0.8789981296993215_SIZE_1_1.1_2
GEN_38_FIT_0.8745640727903348_0.8750074784812334_0.8789981296993215_SIZE_1_1.1_2
GEN_39_FIT_0.8745640727903348_0.8750074784812334_0.8789981296993215_SIZE_1_1.1_2
GEN_40_FIT_0.8745640727903348_0.8750074784812334_0.8789981296993215_SIZE_1_1.1_2
Evaluating in sample:
[GEN_40|make_tuple(0.0015523465365438244, 22, 11, 28)|0.8746]
[GEN_40|make_tuple(sub(0.0018317533774765866, 0.0014036332011150715), 25, 11, 27)|0.8790]
Evaluating out-of-sample:
[GEN_40|make_tuple(0.0015523465365438244, 22, 11, 28)|0.7971]
[GEN_40|make_tuple(sub(0.0018317533774765866, 0.0014036332011150715), 25, 11, 27)|0.7018]
GEN_41_FIT_0.8745640727903348_0.8750074784812334_0.8789981296993215_SIZE_1_1.1_2
GEN_42_FIT_0.8745640727903348_0.8750074784812334_0.8789981296993215_SIZE_1_1.1_2
GEN_43_FIT_0.8745640727903348_0.8750074784812334_0.8789981296993215_SIZE_1_1.1_2
GEN_44_FIT_0.8745640727903348_0.8750074784812334_0.8789981296993215_SIZE_1_1.1_2
GEN_45_FIT_0.8745640727903348_0.8750074784812334_0.8789981296993215_SIZE_1_1.1_2
GEN_46_FIT_0.8745640727903348_0.8750074784812334_0.8789981296993215_SIZE_1_1.1_2
GEN_47_FIT_0.8745640727903348_0.8750074784812334_0.8789981296993215_SIZE_1_1.1_2
GEN_48_FIT_0.8745640727903348_0.8750074784812334_0.8789981296993215_SIZE_1_1.1_2
GEN_49_FIT_0.8745640727903348_0.8750074784812334_0.8789981296993215_SIZE_1_1.1_2
GEN_50_FIT_0.8745640727903348_0.8750074784812334_0.8789981296993215_SIZE_1_1.1_2
GEN_51_FIT_0.8745640727903348_0.8750074784812334_0.8789981296993215_SIZE_1_1.1_2
GEN_52_FIT_0.8745640727903348_0.8750074784812334_0.8789981296993215_SIZE_1_1.1_2
Evaluating in sample:
[GEN_52|make_tuple(0.0015523465365438244, 22, 11, 28)|0.8746]
[GEN_52|make_tuple(sub(0.0018317533774765866, 0.0014036332011150715), 25, 11, 27)|0.8790]
Evaluating out-of-sample:
[GEN_52|make_tuple(0.0015523465365438244, 22, 11, 28)|0.7971]
[GEN_52|make_tuple(sub(0.0018317533774765866, 0.0014036332011150715), 25, 11, 27)|0.7018]
Stopped early in iteration 52, no improvement in 20 gens.
START_TASK: 24
GEN_0_FIT_0.7717901984478878_0.8335915578948747_0.8540505240721482_SIZE_1_5.9_15
GEN_1_FIT_0.8454661098560716_0.8510283515534411_0.86156666845103_SIZE_1_5.9_12
GEN_2_FIT_0.8493987695149495_0.8566574681429447_0.8636820431457968_SIZE_1_2.85_8
GEN_3_FIT_0.8567882314552695_0.8599443798778486_0.8639911366682866_SIZE_1_2.4_4
GEN_4_FIT_0.8576356015710486_0.8617227613374858_0.8643403866606566_SIZE_1_2.4_4
GEN_5_FIT_0.8620663903751176_0.8635465374774254_0.8644845601407791_SIZE_1_2.25_4
GEN_6_FIT_0.862883972951603_0.8643248900945653_0.8658799157203257_SIZE_1_1.95_4
GEN_7_FIT_0.8647279865642624_0.8656340365748149_0.8685777697296581_SIZE_1_1.85_4
GEN_8_FIT_0.8663230843099827_0.8678603754240113_0.8687279427115399_SIZE_1_2.6_4
GEN_9_FIT_0.8681666947791384_0.8686900834990517_0.8705474803343386_SIZE_1_2.45_4
GEN_10_FIT_0.8686510588787497_0.8695728246013189_0.8711494282095835_SIZE_1_2.15_5
GEN_11_FIT_0.8695569962982027_0.8709064786435141_0.8723251879002338_SIZE_1_2.85_5
GEN_12_FIT_0.8710216613758356_0.8715689828381951_0.8723799761654373_SIZE_1_2.75_5
GEN_13_FIT_0.8717040521413888_0.8722698973621243_0.8725137984981659_SIZE_1_2.7_5
GEN_14_FIT_0.8723251879002338_0.8724336594515545_0.8725375642767242_SIZE_1_1.1_2
GEN_15_FIT_0.8725137984981659_0.8725149867870936_0.8725375642767242_SIZE_1_1.0_1
GEN_16_FIT_0.8725137984981659_0.8725201908101419_0.8725703474020109_SIZE_1_1.0_1
GEN_17_FIT_0.8725137984981659_0.8725334263014302_0.8725703474020109_SIZE_1_1.0_1
GEN_18_FIT_0.8725375642767242_0.8725607172472024_0.8726114129226333_SIZE_1_1.0_1
GEN_19_FIT_0.8725703474020109_0.8725832708360522_0.8726565370566235_SIZE_1_1.05_2
GEN_20_FIT_0.8725928843982536_0.872619794959778_0.8726565370566235_SIZE_1_1.2_2
Evaluating in sample:
[GEN_20|make_tuple(0.0015502954475023654, 22, 11, 28)|0.8727]
Evaluating out-of-sample:
[GEN_20|make_tuple(0.0015502954475023654, 22, 11, 28)|0.9969]
GEN_21_FIT_0.8726114129226333_0.8726520246432246_0.8726565370566235_SIZE_1_1.05_2
GEN_22_FIT_0.8726565370566235_0.8726565370566236_0.8726565370566235_SIZE_1_1.0_1
GEN_23_FIT_0.8726565370566235_0.8726565370566236_0.8726565370566235_SIZE_1_1.0_1
GEN_24_FIT_0.8726565370566235_0.8726565370566236_0.8726565370566235_SIZE_1_1.0_1
GEN_25_FIT_0.8726565370566235_0.8726565370566236_0.8726565370566235_SIZE_1_1.0_1
GEN_26_FIT_0.8726565370566235_0.8726576021659451_0.8726778392430544_SIZE_1_1.0_1
GEN_27_FIT_0.8726565370566235_0.8726618626032312_0.8726778392430544_SIZE_1_1.0_1
GEN_28_FIT_0.8726565370566235_0.8726746439150899_0.8726778392430544_SIZE_1_1.05_2
GEN_29_FIT_0.8726778392430544_0.8726778392430544_0.8726778392430544_SIZE_1_1.0_1
GEN_30_FIT_0.8726778392430544_0.8726778392430544_0.8726778392430544_SIZE_1_1.0_1
GEN_31_FIT_0.8726778392430544_0.8726778392430544_0.8726778392430544_SIZE_1_1.0_1
GEN_32_FIT_0.8726778392430544_0.8726819321183328_0.8727423916994549_SIZE_1_1.0_1
GEN_33_FIT_0.8726778392430544_0.8726860249936111_0.8727423916994549_SIZE_1_1.0_1
GEN_34_FIT_0.8726778392430544_0.8726996451267801_0.8727423916994549_SIZE_1_1.05_2
GEN_35_FIT_0.8726951442922214_0.8727373557375927_0.8727423916994549_SIZE_1_1.1_2
GEN_36_FIT_0.8727423916994549_0.872742391699455_0.8727423916994549_SIZE_1_1.0_1
GEN_37_FIT_0.8727423916994549_0.872742391699455_0.8727423916994549_SIZE_1_1.0_1
GEN_38_FIT_0.8727423916994549_0.872742391699455_0.8727423916994549_SIZE_1_1.0_1
GEN_39_FIT_0.8727423916994549_0.872742391699455_0.8727423916994549_SIZE_1_1.0_1
GEN_40_FIT_0.8727423916994549_0.872742391699455_0.8727423916994549_SIZE_1_1.0_1
Evaluating in sample:
[GEN_40|make_tuple(0.0015516687830165457, 22, 11, 28)|0.8727]
Evaluating out-of-sample:
[GEN_40|make_tuple(0.0015516687830165457, 22, 11, 28)|0.9969]
GEN_41_FIT_0.8727423916994549_0.872742391699455_0.8727423916994549_SIZE_1_1.0_1
GEN_42_FIT_0.8727423916994549_0.8728009573516518_0.8739137047433941_SIZE_1_1.05_2
GEN_43_FIT_0.8727423916994549_0.8728595230038488_0.8739137047433941_SIZE_1_1.1_2
GEN_44_FIT_0.8727423916994549_0.8728595230038488_0.8739137047433941_SIZE_1_1.1_2
GEN_45_FIT_0.8727423916994549_0.8728595230038488_0.8739137047433941_SIZE_1_1.1_2
GEN_46_FIT_0.8727423916994549_0.8728595230038488_0.8739137047433941_SIZE_1_1.1_2
GEN_47_FIT_0.8727423916994549_0.8728595230038488_0.8739137047433941_SIZE_1_1.1_2
GEN_48_FIT_0.8727423916994549_0.8728595230038488_0.8739137047433941_SIZE_1_1.1_2
GEN_49_FIT_0.8727423916994549_0.8728595230038488_0.8739137047433941_SIZE_1_1.1_2
GEN_50_FIT_0.8727423916994549_0.8728841040456246_0.8755766386228497_SIZE_1_1.05_2
GEN_51_FIT_0.8727423916994549_0.8728913591860918_0.875721741432192_SIZE_1_1.05_2
GEN_52_FIT_0.8727423916994549_0.8730403266727287_0.875721741432192_SIZE_1_1.1_2
GEN_53_FIT_0.8727423916994549_0.8730403266727287_0.875721741432192_SIZE_1_1.1_2
GEN_54_FIT_0.8727423916994549_0.8730403266727287_0.875721741432192_SIZE_1_1.1_2
GEN_55_FIT_0.8727423916994549_0.8730403266727287_0.875721741432192_SIZE_1_1.1_2
GEN_56_FIT_0.8727423916994549_0.8730403266727287_0.875721741432192_SIZE_1_1.1_2
GEN_57_FIT_0.8727423916994549_0.8730403266727287_0.875721741432192_SIZE_1_1.1_2
GEN_58_FIT_0.8727423916994549_0.8730403266727287_0.875721741432192_SIZE_1_1.1_2
GEN_59_FIT_0.8727423916994549_0.8730403266727287_0.875721741432192_SIZE_1_1.1_2
GEN_60_FIT_0.8727423916994549_0.8730403266727287_0.875721741432192_SIZE_1_1.1_2
Evaluating in sample:
[GEN_60|make_tuple(0.0015516687830165457, 22, 11, 28)|0.8727]
[GEN_60|make_tuple(truediv(0.0016601017505597007, 4), 22, 11, 28)|0.8757]
Evaluating out-of-sample:
[GEN_60|make_tuple(0.0015516687830165457, 22, 11, 28)|0.9969]
[GEN_60|make_tuple(truediv(0.0016601017505597007, 4), 22, 11, 28)|0.9974]
GEN_61_FIT_0.8727423916994549_0.8730403266727287_0.875721741432192_SIZE_1_1.1_2
GEN_62_FIT_0.8727423916994549_0.8730403266727287_0.875721741432192_SIZE_1_1.1_2
GEN_63_FIT_0.8727423916994549_0.8730403266727287_0.875721741432192_SIZE_1_1.1_2
GEN_64_FIT_0.8727423916994549_0.8730403266727287_0.875721741432192_SIZE_1_1.1_2
GEN_65_FIT_0.8727423916994549_0.8730403266727287_0.875721741432192_SIZE_1_1.1_2
GEN_66_FIT_0.8727423916994549_0.8730403266727287_0.875721741432192_SIZE_1_1.1_2
GEN_67_FIT_0.8727423916994549_0.8730403266727287_0.875721741432192_SIZE_1_1.1_2
GEN_68_FIT_0.8727423916994549_0.8730403266727287_0.875721741432192_SIZE_1_1.1_2
GEN_69_FIT_0.8727423916994549_0.8730403266727287_0.875721741432192_SIZE_1_1.1_2
GEN_70_FIT_0.8727423916994549_0.8730403266727287_0.875721741432192_SIZE_1_1.1_2
GEN_71_FIT_0.8727423916994549_0.8730403266727287_0.875721741432192_SIZE_1_1.1_2
GEN_72_FIT_0.8727423916994549_0.8730403266727287_0.875721741432192_SIZE_1_1.1_2
Evaluating in sample:
[GEN_72|make_tuple(0.0015516687830165457, 22, 11, 28)|0.8727]
[GEN_72|make_tuple(truediv(0.0016601017505597007, 4), 22, 11, 28)|0.8757]
Evaluating out-of-sample:
[GEN_72|make_tuple(0.0015516687830165457, 22, 11, 28)|0.9969]
[GEN_72|make_tuple(truediv(0.0016601017505597007, 4), 22, 11, 28)|0.9974]
Stopped early in iteration 72, no improvement in 20 gens.
START_TASK: 2073
GEN_0_FIT_0.4771442520298347_0.6623960083943572_0.8256111963324854_SIZE_1_3.35_14
GEN_1_FIT_0.7657135786447236_0.8222120723562076_0.8558776014713119_SIZE_1_3.7_14
GEN_2_FIT_0.8257615543938939_0.8447660316251048_0.8575930413057852_SIZE_1_2.05_6
GEN_3_FIT_0.848386209771534_0.8536053273079929_0.8593727087232166_SIZE_1_1.3_2
GEN_4_FIT_0.8575930413057852_0.8592133849678021_0.8633947229939802_SIZE_1_1.4_3
GEN_5_FIT_0.8610904219093876_0.8633559234456702_0.8680552341898157_SIZE_1_1.5_3
GEN_6_FIT_0.8644079842448582_0.8664040261376865_0.8682610978324776_SIZE_1_1.25_2
GEN_7_FIT_0.8679195192212579_0.8681046688338325_0.8684350737296386_SIZE_1_1.0_1
GEN_8_FIT_0.8682610978324776_0.8688629305855897_0.8711740282474478_SIZE_1_1.1_2
GEN_9_FIT_0.8688978178728988_0.8706023396788863_0.8730215008183246_SIZE_1_1.35_2
GEN_10_FIT_0.8711740282474478_0.8717900416943186_0.8730635536096547_SIZE_1_1.2_2
GEN_11_FIT_0.8720412697352213_0.8727949248546315_0.873975617170714_SIZE_1_1.35_2
GEN_12_FIT_0.8730215008183246_0.8732281826923567_0.8744670934195554_SIZE_1_1.15_2
GEN_13_FIT_0.8732939965906891_0.8735761165572711_0.8744670934195554_SIZE_1_1.25_2
GEN_14_FIT_0.8738668001131998_0.8744867109013141_0.8753276403923216_SIZE_1_1.35_2
GEN_15_FIT_0.8744670934195554_0.8750529999063165_0.8754238838418911_SIZE_1_1.35_2
GEN_16_FIT_0.8753276403923216_0.8754109011279223_0.875984376752607_SIZE_1_1.6_3
GEN_17_FIT_0.8753616260710879_0.875467107570925_0.875984376752607_SIZE_1_1.2_2
GEN_18_FIT_0.8754512876794839_0.8757213841256488_0.8759860934385783_SIZE_1_1.5_2
GEN_19_FIT_0.8754512876794839_0.8757822607049548_0.8760548439976663_SIZE_1_1.55_2
GEN_20_FIT_0.8755206091855775_0.8759884110534462_0.8762541142389694_SIZE_1_1.85_2
Evaluating in sample:
[GEN_20|make_tuple(0.0006947736423765695, 25, 11, 27)|0.8756]
[GEN_20|make_tuple(mul(0.0009837788220160293, 0.31431067309833016), 22, 11, 27)|0.8763]
Evaluating out-of-sample:
[GEN_20|make_tuple(0.0006947736423765695, 25, 11, 27)|0.9217]
[GEN_20|make_tuple(mul(0.0009837788220160293, 0.31431067309833016), 22, 11, 27)|0.9218]
GEN_21_FIT_0.8708924692160898_0.8746118356673358_0.8762541142389694_SIZE_1_1.4_2
GEN_22_FIT_0.8755206091855775_0.8759512770976512_0.8762541142389694_SIZE_1_1.65_3
GEN_23_FIT_0.8755953844961389_0.8760894318032619_0.8762541142389694_SIZE_1_1.75_2
GEN_24_FIT_0.8755953844961389_0.8761882412646862_0.8762541142389694_SIZE_1_1.9_2
GEN_25_FIT_0.875432751003949_0.8760682132173582_0.87631764299747_SIZE_1_1.75_2
GEN_26_FIT_0.8753293437072405_0.8756639431257851_0.87631764299747_SIZE_1_1.3_3
GEN_27_FIT_0.875432751003949_0.8756478438531733_0.8763384890794963_SIZE_1_1.15_2
GEN_28_FIT_0.8755953844961389_0.8756696949544749_0.8763384890794963_SIZE_1_1.1_2
GEN_29_FIT_0.8755953844961389_0.8757458783168952_0.8763384890794963_SIZE_1_1.2_2
GEN_30_FIT_0.8755953844961389_0.8757189653796951_0.8764731190709403_SIZE_1_1.15_2
GEN_31_FIT_0.8755953844961389_0.875745947082617_0.8764743083224817_SIZE_1_1.15_2
GEN_32_FIT_0.8756492214609412_0.875731730147095_0.8764743083224817_SIZE_1_1.1_2
GEN_33_FIT_0.8756492214609412_0.875731730147095_0.8764743083224817_SIZE_1_1.1_2
GEN_34_FIT_0.8756492214609412_0.875731730147095_0.8764743083224817_SIZE_1_1.1_2
GEN_35_FIT_0.8756492214609412_0.875731730147095_0.8764743083224817_SIZE_1_1.1_2
GEN_36_FIT_0.8756492214609412_0.875731730147095_0.8764743083224817_SIZE_1_1.1_2
GEN_37_FIT_0.8756492214609412_0.875731730147095_0.8764743083224817_SIZE_1_1.1_2
GEN_38_FIT_0.8756492214609412_0.875731730147095_0.8764743083224817_SIZE_1_1.1_2
GEN_39_FIT_0.8756492214609412_0.875731730147095_0.8764743083224817_SIZE_1_1.1_2
GEN_40_FIT_0.8756492214609412_0.8760467233906144_0.8764743083224817_SIZE_1_1.5_2
Evaluating in sample:
[GEN_40|make_tuple(0.000704916157579378, 25, 11, 27)|0.8757]
[GEN_40|make_tuple(mul(0.0011988793679449403, 0.3541264175456733), 25, 11, 27)|0.8765]
Evaluating out-of-sample:
[GEN_40|make_tuple(0.000704916157579378, 25, 11, 27)|0.9217]
[GEN_40|make_tuple(mul(0.0011988793679449403, 0.3541264175456733), 25, 11, 27)|0.9209]
GEN_41_FIT_0.8756865582439017_0.8763955333146238_0.8764743083224817_SIZE_1_1.9_2
GEN_42_FIT_0.8704812136268618_0.8734758250033042_0.8770767897696475_SIZE_1_1.2_2
GEN_43_FIT_0.874955865824977_0.8759280699281046_0.8770767897696475_SIZE_1_1.2_2
GEN_44_FIT_0.8756865582439017_0.8758255813964764_0.8770767897696475_SIZE_1_1.1_2
GEN_45_FIT_0.8756865582439017_0.8758255813964764_0.8770767897696475_SIZE_1_1.1_2
GEN_46_FIT_0.8756865582439017_0.8758255813964764_0.8770767897696475_SIZE_1_1.1_2
GEN_47_FIT_0.8756865582439017_0.8758255813964764_0.8770767897696475_SIZE_1_1.1_2
GEN_48_FIT_0.8756865582439017_0.8758255813964764_0.8770767897696475_SIZE_1_1.1_2
GEN_49_FIT_0.8756865582439017_0.8758255813964764_0.8770767897696475_SIZE_1_1.1_2
GEN_50_FIT_0.8756865582439017_0.8758255813964764_0.8770767897696475_SIZE_1_1.1_2
GEN_51_FIT_0.8756865582439017_0.8758255813964764_0.8770767897696475_SIZE_1_1.1_2
GEN_52_FIT_0.8756865582439017_0.8758255813964764_0.8770767897696475_SIZE_1_1.1_2
GEN_53_FIT_0.8756865582439017_0.8758255813964764_0.8770767897696475_SIZE_1_1.1_2
GEN_54_FIT_0.8756865582439017_0.8758255813964764_0.8770767897696475_SIZE_1_1.1_2
GEN_55_FIT_0.8756865582439017_0.8758255813964764_0.8770767897696475_SIZE_1_1.1_2
GEN_56_FIT_0.8756865582439017_0.8758255813964764_0.8770767897696475_SIZE_1_1.1_2
GEN_57_FIT_0.8756865582439017_0.8758255813964764_0.8770767897696475_SIZE_1_1.1_2
GEN_58_FIT_0.8756865582439017_0.8758255813964764_0.8770767897696475_SIZE_1_1.1_2
GEN_59_FIT_0.8756865582439017_0.8758255813964764_0.8770767897696475_SIZE_1_1.1_2
GEN_60_FIT_0.8756865582439017_0.8758255813964764_0.8770767897696475_SIZE_1_1.1_2
Evaluating in sample:
[GEN_60|make_tuple(0.000704916157579378, 25, 11, 27)|0.8757]
[GEN_60|make_tuple(mul(0.0011988793679449403, 0.3589521641561052), 25, 11, 27)|0.8771]
Evaluating out-of-sample:
[GEN_60|make_tuple(0.000704916157579378, 25, 11, 27)|0.9217]
[GEN_60|make_tuple(mul(0.0011988793679449403, 0.3589521641561052), 25, 11, 27)|0.9209]
GEN_61_FIT_0.8756865582439017_0.8758255813964764_0.8770767897696475_SIZE_1_1.1_2
GEN_62_FIT_0.8756865582439017_0.8758255813964764_0.8770767897696475_SIZE_1_1.1_2
GEN_63_FIT_0.8756865582439017_0.8758255813964764_0.8770767897696475_SIZE_1_1.1_2
Evaluating in sample:
[GEN_63|make_tuple(0.000704916157579378, 25, 11, 27)|0.8757]
[GEN_63|make_tuple(mul(0.0011988793679449403, 0.3589521641561052), 25, 11, 27)|0.8771]
Evaluating out-of-sample:
[GEN_63|make_tuple(0.000704916157579378, 25, 11, 27)|0.9217]
[GEN_63|make_tuple(mul(0.0011988793679449403, 0.3589521641561052), 25, 11, 27)|0.9209]
Stopped early in iteration 63, no improvement in 20 gens.
START_TASK: 2074
