Starting problem: mlr_knn
param:age_regularization:100000.0
param:algorithm:mupluslambda
param:constants_only:True
param:cxpb:0.25
param:early_stop_n:20
param:lambda_:100
param:max_number_operators:None
param:max_start_size:2
param:mu:20
param:ngen:300
param:optimize_constants:False
param:output_file:/home/gijsbers/symbolicdefaults/runs/mlr_knn_True_8.log
param:problem:mlr_knn
param:subset:1.0
param:task:None
param:warm_start:False
Benchmark problems: mlr_knn
Loading surrogates from file.
START_TASK: 3
GEN_0_FIT_0.6600914780628706_0.6925220975943593_0.7573150773533347_SIZE_1_3.2_14
GEN_1_FIT_0.7245205977522886_0.7374506676080569_0.7573150773533347_SIZE_1_1.2_2
GEN_2_FIT_0.7473915792669368_0.7541192234905834_0.7581742453300877_SIZE_1_1.15_2
GEN_3_FIT_0.7573150773533347_0.7575902567442532_0.7584194180619899_SIZE_1_1.4_3
GEN_4_FIT_0.7579212424625092_0.7582029496703531_0.7587198495096713_SIZE_1_1.55_3
GEN_5_FIT_0.758392776776965_0.7593115685619877_0.7693516581039874_SIZE_1_1.45_3
GEN_6_FIT_0.7587406488467003_0.761400062399644_0.7700566716765773_SIZE_1_1.55_4
GEN_7_FIT_0.7591725483771458_0.765113837231247_0.7701218304418497_SIZE_1_1.25_2
GEN_8_FIT_0.7700566716765773_0.770175200246156_0.7706231904340839_SIZE_1_1.25_2
GEN_9_FIT_0.7702068365284936_0.7705527641031265_0.7712817661044719_SIZE_1_1.35_2
GEN_10_FIT_0.7704965337356263_0.7710530045260527_0.7713347152936503_SIZE_1_1.35_2
GEN_11_FIT_0.7712817661044719_0.771304903259067_0.7713575376452392_SIZE_1_1.1_2
GEN_12_FIT_0.7713347152936503_0.7713434896708303_0.7714498931763881_SIZE_1_1.1_2
GEN_13_FIT_0.7713347152936503_0.7713855680287541_0.7714520034729879_SIZE_1_1.35_2
GEN_14_FIT_0.7714195586529106_0.771449152435188_0.7715579334299223_SIZE_1_1.35_2
GEN_15_FIT_0.7714469944669596_0.7715244441713326_0.7716588688434526_SIZE_1_1.35_2
GEN_16_FIT_0.771627948003595_0.771639618034247_0.7716588688434526_SIZE_1_1.1_2
GEN_17_FIT_0.7716477992067247_0.7716657698113594_0.7717717605735896_SIZE_1_1.1_2
GEN_18_FIT_0.7716588688434526_0.7717018888189381_0.7718514853304022_SIZE_1_1.05_2
GEN_19_FIT_0.7717495406202005_0.7717814614776431_0.7718514853304022_SIZE_1_1.15_2
GEN_20_FIT_0.7717717605735896_0.7717995944231996_0.7718945945565675_SIZE_1_1.05_2
Evaluating in sample:
[GEN_20|make_tuple(9, 29, 199, 309)|0.7719]
Evaluating out-of-sample:
[GEN_20|make_tuple(9, 29, 199, 309)|0.8884]
GEN_21_FIT_0.7717950358830206_0.771832997463072_0.7718945945565675_SIZE_1_1.1_2
GEN_22_FIT_0.7718514853304022_0.7718895453171228_0.7718945945565675_SIZE_1_1.3_3
GEN_23_FIT_0.7718945945565675_0.7718945945565674_0.7718945945565675_SIZE_1_1.0_1
GEN_24_FIT_0.7718945945565675_0.7718951839582932_0.7719023094684748_SIZE_1_1.0_1
GEN_25_FIT_0.7718945945565675_0.7718955912705541_0.7719023094684748_SIZE_1_1.05_2
GEN_26_FIT_0.7718945945565675_0.7718979488774573_0.7719023094684748_SIZE_1_1.1_2
GEN_27_FIT_0.7718986676791765_0.7719025346912708_0.7719063825910838_SIZE_1_1.05_2
GEN_28_FIT_0.7719023094684748_0.7719035314052575_0.7719063825910838_SIZE_1_1.0_1
GEN_29_FIT_0.7719023094684748_0.7719061789349533_0.7719063825910838_SIZE_1_1.0_1
GEN_30_FIT_0.7719063825910838_0.7719063825910838_0.7719063825910838_SIZE_1_1.0_1
GEN_31_FIT_0.7719063825910838_0.7719063825910838_0.7719063825910838_SIZE_1_1.0_1
GEN_32_FIT_0.7719063825910838_0.7719063825910838_0.7719063825910838_SIZE_1_1.0_1
GEN_33_FIT_0.7719063825910838_0.7719063825910838_0.7719063825910838_SIZE_1_1.0_1
GEN_34_FIT_0.7719063825910838_0.7719063825910838_0.7719063825910838_SIZE_1_1.0_1
GEN_35_FIT_0.7719063825910838_0.7719063825910838_0.7719063825910838_SIZE_1_1.0_1
GEN_36_FIT_0.7719063825910838_0.7719063825910838_0.7719063825910838_SIZE_1_1.0_1
GEN_37_FIT_0.7719063825910838_0.7719063825910838_0.7719063825910838_SIZE_1_1.0_1
GEN_38_FIT_0.7719063825910838_0.7719063825910838_0.7719063825910838_SIZE_1_1.0_1
GEN_39_FIT_0.7719063825910838_0.7719063825910838_0.7719063825910838_SIZE_1_1.0_1
GEN_40_FIT_0.7719063825910838_0.7719063825910838_0.7719063825910838_SIZE_1_1.0_1
Evaluating in sample:
[GEN_40|make_tuple(9, 29, 201, 310)|0.7719]
Evaluating out-of-sample:
[GEN_40|make_tuple(9, 29, 201, 310)|0.8884]
GEN_41_FIT_0.7719063825910838_0.7719063825910838_0.7719063825910838_SIZE_1_1.0_1
GEN_42_FIT_0.7719063825910838_0.7719063825910838_0.7719063825910838_SIZE_1_1.0_1
GEN_43_FIT_0.7719063825910838_0.7719063825910838_0.7719063825910838_SIZE_1_1.0_1
GEN_44_FIT_0.7719063825910838_0.7719063825910838_0.7719063825910838_SIZE_1_1.0_1
GEN_45_FIT_0.7719063825910838_0.7719066755740862_0.7719122422511318_SIZE_1_1.0_1
GEN_46_FIT_0.7719063825910838_0.7719072615400909_0.7719122422511318_SIZE_1_1.0_1
GEN_47_FIT_0.7719063825910838_0.7719084334721006_0.7719122422511318_SIZE_1_1.0_1
GEN_48_FIT_0.7719063825910838_0.7719116562851269_0.7719122422511318_SIZE_1_1.1_2
GEN_49_FIT_0.7719122422511318_0.7719122422511318_0.7719122422511318_SIZE_1_1.0_1
GEN_50_FIT_0.7719122422511318_0.7719122422511318_0.7719122422511318_SIZE_1_1.0_1
GEN_51_FIT_0.7719122422511318_0.7719122422511318_0.7719122422511318_SIZE_1_1.0_1
GEN_52_FIT_0.7719122422511318_0.7719122422511318_0.7719122422511318_SIZE_1_1.0_1
GEN_53_FIT_0.7719122422511318_0.7719122422511318_0.7719122422511318_SIZE_1_1.0_1
GEN_54_FIT_0.7719122422511318_0.7719122422511318_0.7719122422511318_SIZE_1_1.0_1
GEN_55_FIT_0.7719122422511318_0.7719122422511318_0.7719122422511318_SIZE_1_1.0_1
GEN_56_FIT_0.7719122422511318_0.7719122422511318_0.7719122422511318_SIZE_1_1.0_1
GEN_57_FIT_0.7719122422511318_0.7719122422511318_0.7719122422511318_SIZE_1_1.0_1
GEN_58_FIT_0.7719122422511318_0.7719122422511318_0.7719122422511318_SIZE_1_1.0_1
GEN_59_FIT_0.7719122422511318_0.7719122422511318_0.7719122422511318_SIZE_1_1.0_1
GEN_60_FIT_0.7719122422511318_0.7719122422511318_0.7719122422511318_SIZE_1_1.0_1
Evaluating in sample:
[GEN_60|make_tuple(9, 29, 201, 311)|0.7719]
Evaluating out-of-sample:
[GEN_60|make_tuple(9, 29, 201, 311)|0.8884]
GEN_61_FIT_0.7719122422511318_0.7719122422511318_0.7719122422511318_SIZE_1_1.0_1
GEN_62_FIT_0.7719122422511318_0.7719122422511318_0.7719122422511318_SIZE_1_1.0_1
GEN_63_FIT_0.7719122422511318_0.7719122422511318_0.7719122422511318_SIZE_1_1.0_1
GEN_64_FIT_0.7719122422511318_0.7719122422511318_0.7719122422511318_SIZE_1_1.0_1
GEN_65_FIT_0.7719122422511318_0.7719122422511318_0.7719122422511318_SIZE_1_1.0_1
GEN_66_FIT_0.7719122422511318_0.7719122422511318_0.7719122422511318_SIZE_1_1.0_1
Evaluating in sample:
[GEN_66|make_tuple(9, 29, 201, 311)|0.7719]
Evaluating out-of-sample:
[GEN_66|make_tuple(9, 29, 201, 311)|0.8884]
Stopped early in iteration 66, no improvement in 20 gens.
START_TASK: 6
GEN_0_FIT_0.6930369581785264_0.7128042799792189_0.7504471478546898_SIZE_1_3.05_14
GEN_1_FIT_0.7287797415085521_0.7454007709034813_0.755624192654894_SIZE_1_1.55_7
GEN_2_FIT_0.750471585242699_0.753214506319073_0.7556265188591359_SIZE_1_1.4_2
GEN_3_FIT_0.7555824893327701_0.7562240309076037_0.7588741304657983_SIZE_1_1.3_2
GEN_4_FIT_0.7570235589104152_0.7585670923845906_0.7698153904314831_SIZE_1_1.4_3
GEN_5_FIT_0.7583029661387074_0.7622081056264105_0.7698153904314831_SIZE_1_1.3_3
GEN_6_FIT_0.7697160204891851_0.7699928424147882_0.7710390619229007_SIZE_1_1.0_1
GEN_7_FIT_0.7698153904314831_0.7704943118664355_0.7712004603962317_SIZE_1_1.05_2
GEN_8_FIT_0.7709481829032272_0.7710709590104525_0.7712152389930981_SIZE_1_1.0_1
GEN_9_FIT_0.7710717151311285_0.7711761998845_0.7714453199201262_SIZE_1_1.05_2
GEN_10_FIT_0.7712152389930981_0.771317678778612_0.7715441687105554_SIZE_1_1.3_2
GEN_11_FIT_0.7713984124428812_0.7715293956873407_0.771825118273779_SIZE_1_1.35_2
GEN_12_FIT_0.7715441687105554_0.7716173174583024_0.771825118273779_SIZE_1_1.4_2
GEN_13_FIT_0.7715530149716395_0.771799781159001_0.7718321656116455_SIZE_1_1.6_2
GEN_14_FIT_0.771825118273779_0.7718270118659996_0.7718629901181949_SIZE_1_1.05_2
GEN_15_FIT_0.771825118273779_0.7718600085031998_0.7723000255306179_SIZE_1_1.2_2
GEN_16_FIT_0.7718426928501814_0.771883830353125_0.7723000255306179_SIZE_1_1.5_2
GEN_17_FIT_0.7718629901181949_0.7719128535287973_0.7723000255306179_SIZE_1_1.1_2
GEN_18_FIT_0.771869778058931_0.7720951156856344_0.7723320686945175_SIZE_1_1.1_2
GEN_19_FIT_0.7723000255306179_0.7723144449543726_0.7723320686945175_SIZE_1_1.0_1
GEN_20_FIT_0.7723320686945175_0.77233264902458_0.7723436752957679_SIZE_1_1.0_1
Evaluating in sample:
[GEN_20|make_tuple(9, 30, 201, 309)|0.7723]
Evaluating out-of-sample:
[GEN_20|make_tuple(9, 30, 201, 309)|0.8261]
GEN_21_FIT_0.7723320686945175_0.7723347865600625_0.7723516062016651_SIZE_1_1.0_1
GEN_22_FIT_0.7723320686945175_0.7723417794965721_0.7723516062016651_SIZE_1_1.1_2
GEN_23_FIT_0.7723436752957679_0.7723480372940111_0.7723516062016651_SIZE_1_1.1_2
GEN_24_FIT_0.7723516062016651_0.7723516062016651_0.7723516062016651_SIZE_1_1.0_1
GEN_25_FIT_0.7723516062016651_0.7723567188369291_0.7724538589069441_SIZE_1_1.0_1
GEN_26_FIT_0.7723516062016651_0.7723618314721931_0.7724538589069441_SIZE_1_1.0_1
GEN_27_FIT_0.7723516062016651_0.7723821821829832_0.7724538589069441_SIZE_1_1.05_2
GEN_28_FIT_0.7723516062016651_0.7724363675899062_0.7724538589069441_SIZE_1_1.05_2
GEN_29_FIT_0.7724538589069441_0.7724538589069441_0.7724538589069441_SIZE_1_1.0_1
GEN_30_FIT_0.7724538589069441_0.7724538589069441_0.7724538589069441_SIZE_1_1.0_1
GEN_31_FIT_0.7724538589069441_0.7724538589069441_0.7724538589069441_SIZE_1_1.0_1
GEN_32_FIT_0.7724538589069441_0.7724538589069441_0.7724538589069441_SIZE_1_1.0_1
GEN_33_FIT_0.7724538589069441_0.7724538589069441_0.7724538589069441_SIZE_1_1.0_1
GEN_34_FIT_0.7724538589069441_0.7724538589069441_0.7724538589069441_SIZE_1_1.0_1
GEN_35_FIT_0.7724538589069441_0.7724538589069441_0.7724538589069441_SIZE_1_1.0_1
GEN_36_FIT_0.7724538589069441_0.7724538589069441_0.7724538589069441_SIZE_1_1.0_1
GEN_37_FIT_0.7724538589069441_0.7724538589069441_0.7724538589069441_SIZE_1_1.0_1
GEN_38_FIT_0.7724538589069441_0.7724538589069441_0.7724538589069441_SIZE_1_1.0_1
GEN_39_FIT_0.7724538589069441_0.7724538589069441_0.7724538589069441_SIZE_1_1.0_1
GEN_40_FIT_0.7724538589069441_0.7724538589069441_0.7724538589069441_SIZE_1_1.0_1
Evaluating in sample:
[GEN_40|make_tuple(9, 29, 201, 311)|0.7725]
Evaluating out-of-sample:
[GEN_40|make_tuple(9, 29, 201, 311)|0.8261]
GEN_41_FIT_0.7724538589069441_0.7724538589069441_0.7724538589069441_SIZE_1_1.0_1
GEN_42_FIT_0.7724538589069441_0.7724538589069441_0.7724538589069441_SIZE_1_1.0_1
GEN_43_FIT_0.7724538589069441_0.7724538589069441_0.7724538589069441_SIZE_1_1.0_1
GEN_44_FIT_0.7724538589069441_0.7724538589069441_0.7724538589069441_SIZE_1_1.0_1
GEN_45_FIT_0.7724538589069441_0.7724538589069441_0.7724538589069441_SIZE_1_1.0_1
GEN_46_FIT_0.7724538589069441_0.7724538589069441_0.7724538589069441_SIZE_1_1.0_1
Evaluating in sample:
[GEN_46|make_tuple(9, 29, 201, 311)|0.7725]
Evaluating out-of-sample:
[GEN_46|make_tuple(9, 29, 201, 311)|0.8261]
Stopped early in iteration 46, no improvement in 20 gens.
START_TASK: 11
GEN_0_FIT_0.6453503285745577_0.6968339791748636_0.7506134465540386_SIZE_1_3.65_13
GEN_1_FIT_0.7265264029734282_0.744391773333426_0.7676157824695152_SIZE_1_2.2_10
GEN_2_FIT_0.7544422381175417_0.7631775680630819_0.7692867992269177_SIZE_1_2.7_8
GEN_3_FIT_0.7650114534781388_0.767848540197989_0.7692904193466785_SIZE_1_3.2_8
GEN_4_FIT_0.7677965625750859_0.7692806705219188_0.7701414501404118_SIZE_1_2.4_7
GEN_5_FIT_0.7692935092847945_0.7700365167470375_0.7705995950410112_SIZE_1_2.9_7
GEN_6_FIT_0.770134491938915_0.7702778362769516_0.7710535607601435_SIZE_1_1.6_5
GEN_7_FIT_0.7703731612385315_0.7706632989018696_0.7710535607601435_SIZE_1_1.55_5
GEN_8_FIT_0.7707697414122109_0.7710406118208264_0.7713130950559063_SIZE_1_1.5_3
GEN_9_FIT_0.7710535607601435_0.7711685721115309_0.7714551509920821_SIZE_1_1.15_2
GEN_10_FIT_0.7712970988719314_0.7713382580364903_0.771482410910534_SIZE_1_1.1_2
GEN_11_FIT_0.7713789231245826_0.7714445746434668_0.7716795467339137_SIZE_1_1.15_2
GEN_12_FIT_0.7714551509920821_0.7715250464188701_0.7716795467339137_SIZE_1_1.2_2
GEN_13_FIT_0.7715128044249892_0.771631263389727_0.7717101288256341_SIZE_1_1.1_2
GEN_14_FIT_0.7716795467339137_0.7716978070985393_0.7717947879706554_SIZE_1_1.1_2
GEN_15_FIT_0.7716945469977956_0.7717276276922259_0.7718083625426104_SIZE_1_1.0_1
GEN_16_FIT_0.7717947879706554_0.7718013603410001_0.7718083625426104_SIZE_1_1.05_2
GEN_17_FIT_0.7718025028825627_0.7718042607805771_0.7718083625426104_SIZE_1_1.05_2
GEN_18_FIT_0.7718025028825627_0.7718077765766058_0.7718083625426104_SIZE_1_1.05_2
GEN_19_FIT_0.7718083625426104_0.7718083625426105_0.7718083625426104_SIZE_1_1.0_1
GEN_20_FIT_0.7718083625426104_0.7718083625426105_0.7718083625426104_SIZE_1_1.0_1
Evaluating in sample:
[GEN_20|make_tuple(9, 29, 201, 311)|0.7718]
Evaluating out-of-sample:
[GEN_20|make_tuple(9, 29, 201, 311)|0.9003]
GEN_21_FIT_0.7718083625426104_0.7718083625426105_0.7718083625426104_SIZE_1_1.0_1
GEN_22_FIT_0.7718083625426104_0.7718083625426105_0.7718083625426104_SIZE_1_1.0_1
GEN_23_FIT_0.7718083625426104_0.7718083625426105_0.7718083625426104_SIZE_1_1.0_1
GEN_24_FIT_0.7718083625426104_0.7718083625426105_0.7718083625426104_SIZE_1_1.0_1
GEN_25_FIT_0.7718083625426104_0.7718083625426105_0.7718083625426104_SIZE_1_1.0_1
GEN_26_FIT_0.7718083625426104_0.7718083625426105_0.7718083625426104_SIZE_1_1.0_1
GEN_27_FIT_0.7718083625426104_0.7718083625426105_0.7718083625426104_SIZE_1_1.0_1
GEN_28_FIT_0.7718083625426104_0.7718083625426105_0.7718083625426104_SIZE_1_1.0_1
GEN_29_FIT_0.7718083625426104_0.7718083625426105_0.7718083625426104_SIZE_1_1.0_1
GEN_30_FIT_0.7718083625426104_0.7718083625426105_0.7718083625426104_SIZE_1_1.0_1
GEN_31_FIT_0.7718083625426104_0.7718083625426105_0.7718083625426104_SIZE_1_1.0_1
GEN_32_FIT_0.7718083625426104_0.7718083625426105_0.7718083625426104_SIZE_1_1.0_1
GEN_33_FIT_0.7718083625426104_0.7718083625426105_0.7718083625426104_SIZE_1_1.0_1
GEN_34_FIT_0.7718083625426104_0.7718083625426105_0.7718083625426104_SIZE_1_1.0_1
GEN_35_FIT_0.7718083625426104_0.7718083625426105_0.7718083625426104_SIZE_1_1.0_1
GEN_36_FIT_0.7718083625426104_0.7718083625426105_0.7718083625426104_SIZE_1_1.0_1
Evaluating in sample:
[GEN_36|make_tuple(9, 29, 201, 311)|0.7718]
Evaluating out-of-sample:
[GEN_36|make_tuple(9, 29, 201, 311)|0.9003]
Stopped early in iteration 36, no improvement in 20 gens.
START_TASK: 12
GEN_0_FIT_0.6607881967634146_0.6927588986031562_0.74998426722583_SIZE_1_4.85_15
GEN_1_FIT_0.691412669106028_0.7253223660166167_0.7503406142781491_SIZE_1_4.15_15
GEN_2_FIT_0.7488871110768026_0.7505508515571682_0.7570271198452465_SIZE_1_1.5_7
GEN_3_FIT_0.7503406142781491_0.7529198789021738_0.7570271198452465_SIZE_1_2.55_7
GEN_4_FIT_0.7540258029862749_0.7558699923353771_0.7632611457449467_SIZE_1_3.1_7
GEN_5_FIT_0.7549634261631986_0.7582215184348609_0.7679821542569341_SIZE_1_1.4_3
GEN_6_FIT_0.7568670858325922_0.7628459549005728_0.7704026444578025_SIZE_1_1.35_3
GEN_7_FIT_0.7672408870436973_0.7692461657724576_0.7704026444578025_SIZE_1_1.2_2
GEN_8_FIT_0.7703043071312616_0.7704556749818234_0.770895432580287_SIZE_1_1.25_2
GEN_9_FIT_0.7705307891055756_0.7708567628458252_0.7710492804845055_SIZE_1_1.4_2
GEN_10_FIT_0.7709508223353486_0.7710330510217073_0.7712153218432362_SIZE_1_1.3_2
GEN_11_FIT_0.7710633395890844_0.771147228727978_0.77158626541282_SIZE_1_1.2_2
GEN_12_FIT_0.7711869178754958_0.7713951917447586_0.77158626541282_SIZE_1_1.15_2
GEN_13_FIT_0.7714548062603696_0.7715515496838795_0.771688155771464_SIZE_1_1.3_3
GEN_14_FIT_0.77158626541282_0.7716302504539311_0.771688155771464_SIZE_1_1.3_2
GEN_15_FIT_0.7716478470562055_0.7716668207799773_0.771688155771464_SIZE_1_1.15_2
GEN_16_FIT_0.7716852041868201_0.7716921586350587_0.7718011349349365_SIZE_1_1.1_2
GEN_17_FIT_0.771688155771464_0.7717230144060568_0.7718011349349365_SIZE_1_1.35_2
GEN_18_FIT_0.7717981833502926_0.7718002494595432_0.7718011349349365_SIZE_1_1.5_2
GEN_19_FIT_0.7717981833502926_0.7718009873557042_0.7718011349349365_SIZE_1_1.1_2
GEN_20_FIT_0.7718011349349365_0.7718028879672589_0.7718361955813859_SIZE_1_1.0_1
Evaluating in sample:
[GEN_20|make_tuple(9, 904, 200, 309)|0.7718]
Evaluating out-of-sample:
[GEN_20|make_tuple(9, 904, 200, 309)|0.8368]
GEN_21_FIT_0.7718011349349365_0.7718063940319039_0.7718361955813859_SIZE_1_1.0_1
GEN_22_FIT_0.7718011349349365_0.7718169122258386_0.7718361955813859_SIZE_1_1.0_1
GEN_23_FIT_0.7718361955813859_0.7718361955813859_0.7718361955813859_SIZE_1_1.0_1
GEN_24_FIT_0.7718361955813859_0.7718373319197608_0.7718589223488814_SIZE_1_1.05_2
GEN_25_FIT_0.7718361955813859_0.7718400396212813_0.7718589223488814_SIZE_1_1.2_3
GEN_26_FIT_0.7718361955813859_0.7718536452871114_0.7718641071500073_SIZE_1_1.9_4
GEN_27_FIT_0.7718584554310647_0.7718631858630686_0.7719091845264741_SIZE_1_1.9_3
GEN_28_FIT_0.7718584554310647_0.7718684629915902_0.7719091845264741_SIZE_1_1.95_3
GEN_29_FIT_0.7718584554310647_0.7718964199279978_0.7719487831380808_SIZE_1_1.35_3
GEN_30_FIT_0.7719091845264741_0.771928466177288_0.7719487831380808_SIZE_1_1.25_3
GEN_31_FIT_0.7719487831380808_0.7719487831380808_0.7719487831380808_SIZE_1_1.0_1
GEN_32_FIT_0.7719487831380808_0.7719703358747264_0.7721988468214392_SIZE_1_1.0_1
GEN_33_FIT_0.7719487831380808_0.7720549922749516_0.7721988468214392_SIZE_1_1.05_2
GEN_34_FIT_0.7721297741876347_0.7721825878762686_0.7721988468214392_SIZE_1_1.15_2
GEN_35_FIT_0.7721988468214392_0.7722008459452228_0.772218838059275_SIZE_1_1.0_1
GEN_36_FIT_0.7721988468214392_0.7722038446308982_0.772218838059275_SIZE_1_1.1_2
GEN_37_FIT_0.7721988468214392_0.7722088424403571_0.772218838059275_SIZE_1_1.1_2
GEN_38_FIT_0.772218838059275_0.7722188380592752_0.772218838059275_SIZE_1_1.0_1
GEN_39_FIT_0.772218838059275_0.7722188380592752_0.772218838059275_SIZE_1_1.0_1
GEN_40_FIT_0.772218838059275_0.7722199407282802_0.772240891439372_SIZE_1_1.05_2
Evaluating in sample:
[GEN_40|make_tuple(9, 26, 199, 364)|0.7722]
[GEN_40|make_tuple(9, 26, 199, add(0.3669675358808673, 364))|0.7722]
Evaluating out-of-sample:
[GEN_40|make_tuple(9, 26, 199, 364)|0.8495]
[GEN_40|make_tuple(9, 26, 199, add(0.3669675358808673, 364))|0.8495]
GEN_41_FIT_0.772218838059275_0.7722210433972849_0.772240891439372_SIZE_1_1.1_2
GEN_42_FIT_0.772218838059275_0.7722210433972849_0.772240891439372_SIZE_1_1.1_2
GEN_43_FIT_0.772218838059275_0.7722210433972849_0.772240891439372_SIZE_1_1.1_2
GEN_44_FIT_0.772218838059275_0.7722210433972849_0.772240891439372_SIZE_1_1.1_2
GEN_45_FIT_0.772218838059275_0.7722210433972849_0.772240891439372_SIZE_1_1.1_2
GEN_46_FIT_0.772218838059275_0.7722210433972849_0.772240891439372_SIZE_1_1.1_2
GEN_47_FIT_0.772218838059275_0.7722210433972849_0.772240891439372_SIZE_1_1.1_2
GEN_48_FIT_0.772218838059275_0.7722210433972849_0.772240891439372_SIZE_1_1.1_2
GEN_49_FIT_0.772218838059275_0.7722210433972849_0.772240891439372_SIZE_1_1.1_2
GEN_50_FIT_0.772218838059275_0.7722210433972849_0.772240891439372_SIZE_1_1.1_2
GEN_51_FIT_0.772218838059275_0.7722210433972849_0.772240891439372_SIZE_1_1.1_2
GEN_52_FIT_0.772218838059275_0.7722210433972849_0.772240891439372_SIZE_1_1.1_2
GEN_53_FIT_0.772218838059275_0.7722210433972849_0.772240891439372_SIZE_1_1.1_2
GEN_54_FIT_0.772218838059275_0.7722210433972849_0.772240891439372_SIZE_1_1.1_2
GEN_55_FIT_0.772218838059275_0.7722210433972849_0.772240891439372_SIZE_1_1.1_2
GEN_56_FIT_0.772218838059275_0.7722210433972849_0.772240891439372_SIZE_1_1.1_2
GEN_57_FIT_0.772218838059275_0.7722210433972849_0.772240891439372_SIZE_1_1.1_2
GEN_58_FIT_0.772218838059275_0.7722210433972849_0.772240891439372_SIZE_1_1.1_2
GEN_59_FIT_0.772218838059275_0.7722210433972849_0.772240891439372_SIZE_1_1.1_2
GEN_60_FIT_0.772218838059275_0.7722210433972849_0.772240891439372_SIZE_1_1.1_2
Evaluating in sample:
[GEN_60|make_tuple(9, 26, 199, 364)|0.7722]
[GEN_60|make_tuple(9, 26, 199, add(0.3669675358808673, 364))|0.7722]
Evaluating out-of-sample:
[GEN_60|make_tuple(9, 26, 199, 364)|0.8495]
[GEN_60|make_tuple(9, 26, 199, add(0.3669675358808673, 364))|0.8495]
GEN_61_FIT_0.772218838059275_0.7722210433972849_0.772240891439372_SIZE_1_1.1_2
Evaluating in sample:
[GEN_61|make_tuple(9, 26, 199, 364)|0.7722]
[GEN_61|make_tuple(9, 26, 199, add(0.3669675358808673, 364))|0.7722]
Evaluating out-of-sample:
[GEN_61|make_tuple(9, 26, 199, 364)|0.8495]
[GEN_61|make_tuple(9, 26, 199, add(0.3669675358808673, 364))|0.8495]
Stopped early in iteration 61, no improvement in 20 gens.
START_TASK: 14
GEN_0_FIT_0.6738601879284972_0.7104422714510716_0.7597838202503894_SIZE_1_3.9_15
GEN_1_FIT_0.7329558860386716_0.7431258617744143_0.7600429373876445_SIZE_1_2.35_14
GEN_2_FIT_0.7496040021814446_0.7575577298736762_0.7603693914988116_SIZE_1_1.6_3
GEN_3_FIT_0.7594265401255436_0.7601944468128088_0.7606669010966854_SIZE_1_1.4_3
GEN_4_FIT_0.7603693914988116_0.7603991424585989_0.7606669010966854_SIZE_1_1.1_2
GEN_5_FIT_0.7603693914988116_0.760438486201946_0.7606669010966854_SIZE_1_1.2_2
GEN_6_FIT_0.7603693914988116_0.7611301918672679_0.7712015832983149_SIZE_1_1.6_2
GEN_7_FIT_0.7605651219939058_0.7643248094874844_0.7712015832983149_SIZE_1_1.5_3
GEN_8_FIT_0.7710658169554802_0.7711719810067803_0.7712135029513574_SIZE_1_1.8_3
GEN_9_FIT_0.7711302656946274_0.7711950475205981_0.7712135029513574_SIZE_1_1.95_3
GEN_10_FIT_0.7711302656946274_0.7712149991632261_0.7716225324998938_SIZE_1_2.0_3
GEN_11_FIT_0.7710658169554802_0.7712144528997168_0.7716225324998938_SIZE_1_1.25_2
GEN_12_FIT_0.7712062483744309_0.7713684021031311_0.7716225324998938_SIZE_1_1.4_2
GEN_13_FIT_0.7713101043762389_0.7714875500892568_0.7716225324998938_SIZE_1_1.45_2
GEN_14_FIT_0.771515778414622_0.7716053507187425_0.7718216446234588_SIZE_1_1.65_3
GEN_15_FIT_0.7715399066432787_0.7716593820107518_0.7719367578797666_SIZE_1_1.5_3
GEN_16_FIT_0.771685664286419_0.7717861740764658_0.7719367578797666_SIZE_1_1.5_4
GEN_17_FIT_0.7718216446234588_0.7718724053350917_0.7719367578797666_SIZE_1_1.95_4
GEN_18_FIT_0.771853452528426_0.7719294482771689_0.771937031379526_SIZE_1_2.7_3
GEN_19_FIT_0.7718765492640387_0.7719298897338819_0.7719405389246126_SIZE_1_2.45_4
GEN_20_FIT_0.771916272864214_0.771934482991633_0.7719447123756438_SIZE_1_2.1_4
Evaluating in sample:
[GEN_20|make_tuple(9, 618, 194, 312)|0.7719]
[GEN_20|make_tuple(9, 618, 194, add(9, 300))|0.7719]
[GEN_20|make_tuple(9, 618, 195, add(9, if_gt(59, 0.021577092633888423, 300, 64)))|0.7719]
Evaluating out-of-sample:
[GEN_20|make_tuple(9, 618, 194, 312)|0.8201]
[GEN_20|make_tuple(9, 618, 194, add(9, 300))|0.8201]
[GEN_20|make_tuple(9, 618, 195, add(9, if_gt(59, 0.021577092633888423, 300, 64)))|0.8201]
GEN_21_FIT_0.7719165463639734_0.7719365528480961_0.7719447123756438_SIZE_1_2.2_5
GEN_22_FIT_0.7719242273600913_0.7719384778988851_0.7719447123756438_SIZE_1_1.85_3
GEN_23_FIT_0.7719331150795701_0.771945496992016_0.77197200199916_SIZE_1_1.9_2
GEN_24_FIT_0.7719372885306014_0.7719484346269192_0.77197200199916_SIZE_1_1.8_2
GEN_25_FIT_0.7719242273600913_0.7719599416111433_0.7719924870147127_SIZE_1_1.15_2
GEN_26_FIT_0.77197200199916_0.7719998247387204_0.7723720005109899_SIZE_1_1.45_3
GEN_27_FIT_0.77197200199916_0.772084511288236_0.7723720005109899_SIZE_1_1.1_2
GEN_28_FIT_0.7719850631696702_0.7722606259332181_0.7723720005109899_SIZE_1_1.25_2
GEN_29_FIT_0.7723720005109899_0.7723729609834388_0.7723816052354807_SIZE_1_1.1_2
GEN_30_FIT_0.7723720005109899_0.7723738269652587_0.7723816052354807_SIZE_1_1.15_2
GEN_31_FIT_0.7723720005109899_0.7723765194013477_0.7723816052354807_SIZE_1_1.35_2
GEN_32_FIT_0.7723797154228972_0.7723810382917057_0.7723816052354807_SIZE_1_1.7_2
GEN_33_FIT_0.7723797154228972_0.7723816363677953_0.772389320147388_SIZE_1_1.2_2
GEN_34_FIT_0.7723797154228972_0.7723806758953462_0.772389320147388_SIZE_1_1.1_2
GEN_35_FIT_0.7723797154228972_0.7723806758953462_0.772389320147388_SIZE_1_1.1_2
GEN_36_FIT_0.7723797154228972_0.772380399315252_0.772393393269997_SIZE_1_1.05_2
GEN_37_FIT_0.7723797154228972_0.7723806922982546_0.7723992529300447_SIZE_1_1.05_2
GEN_38_FIT_0.7723797154228972_0.7723806922982546_0.7723992529300447_SIZE_1_1.05_2
GEN_39_FIT_0.7723797154228972_0.7723816691736118_0.7723992529300447_SIZE_1_1.1_2
GEN_40_FIT_0.7723797154228972_0.7723816691736118_0.7723992529300447_SIZE_1_1.1_2
Evaluating in sample:
[GEN_40|make_tuple(9, 29, 201, 312)|0.7724]
[GEN_40|make_tuple(9, 29, 201, add(11, 300))|0.7724]
Evaluating out-of-sample:
[GEN_40|make_tuple(9, 29, 201, 312)|0.8324]
[GEN_40|make_tuple(9, 29, 201, add(11, 300))|0.8324]
GEN_41_FIT_0.7723797154228972_0.7723816691736118_0.7723992529300447_SIZE_1_1.1_2
GEN_42_FIT_0.7723797154228972_0.7723816691736118_0.7723992529300447_SIZE_1_1.1_2
GEN_43_FIT_0.7723797154228972_0.7723816691736118_0.7723992529300447_SIZE_1_1.1_2
GEN_44_FIT_0.7723797154228972_0.7723816691736118_0.7723992529300447_SIZE_1_1.1_2
GEN_45_FIT_0.7723797154228972_0.7723816691736118_0.7723992529300447_SIZE_1_1.1_2
GEN_46_FIT_0.7723797154228972_0.7723816691736118_0.7723992529300447_SIZE_1_1.1_2
GEN_47_FIT_0.7723797154228972_0.7723816691736118_0.7723992529300447_SIZE_1_1.1_2
GEN_48_FIT_0.7723797154228972_0.7723826460489692_0.7723992529300447_SIZE_1_1.1_2
GEN_49_FIT_0.7723797154228972_0.7723836229243266_0.7723992529300447_SIZE_1_1.1_2
GEN_50_FIT_0.7723797154228972_0.7723894841764709_0.7723992529300447_SIZE_1_1.1_2
GEN_51_FIT_0.7723992529300447_0.7723992529300447_0.7723992529300447_SIZE_1_1.0_1
GEN_52_FIT_0.7723992529300447_0.7723992529300447_0.7723992529300447_SIZE_1_1.0_1
GEN_53_FIT_0.7723992529300447_0.7723992529300447_0.7723992529300447_SIZE_1_1.0_1
GEN_54_FIT_0.7723992529300447_0.7723992529300447_0.7723992529300447_SIZE_1_1.0_1
GEN_55_FIT_0.7723992529300447_0.7723992529300447_0.7723992529300447_SIZE_1_1.0_1
GEN_56_FIT_0.7723992529300447_0.7723992529300447_0.7723992529300447_SIZE_1_1.0_1
GEN_57_FIT_0.7723992529300447_0.7723992529300447_0.7723992529300447_SIZE_1_1.0_1
GEN_58_FIT_0.7723992529300447_0.7723996886493039_0.7724079673152268_SIZE_1_1.05_2
GEN_59_FIT_0.7723992529300447_0.772400124368563_0.7724079673152268_SIZE_1_1.1_2
GEN_60_FIT_0.7723992529300447_0.772400124368563_0.7724079673152268_SIZE_1_1.1_2
Evaluating in sample:
[GEN_60|make_tuple(9, 29, 201, 311)|0.7724]
[GEN_60|make_tuple(9, add(0.09275979361988923, 29), 201, 311)|0.7724]
Evaluating out-of-sample:
[GEN_60|make_tuple(9, 29, 201, 311)|0.8324]
[GEN_60|make_tuple(9, add(0.09275979361988923, 29), 201, 311)|0.8288]
GEN_61_FIT_0.7723992529300447_0.772400124368563_0.7724079673152268_SIZE_1_1.1_2
GEN_62_FIT_0.7723992529300447_0.772400124368563_0.7724079673152268_SIZE_1_1.1_2
GEN_63_FIT_0.7723992529300447_0.772400124368563_0.7724079673152268_SIZE_1_1.1_2
GEN_64_FIT_0.7723992529300447_0.772400124368563_0.7724079673152268_SIZE_1_1.1_2
GEN_65_FIT_0.7723992529300447_0.772400124368563_0.7724079673152268_SIZE_1_1.1_2
GEN_66_FIT_0.7723992529300447_0.772400124368563_0.7724079673152268_SIZE_1_1.1_2
GEN_67_FIT_0.7723992529300447_0.772400124368563_0.7724079673152268_SIZE_1_1.1_2
GEN_68_FIT_0.7723992529300447_0.772400124368563_0.7724079673152268_SIZE_1_1.1_2
GEN_69_FIT_0.7723992529300447_0.772400124368563_0.7724079673152268_SIZE_1_1.1_2
GEN_70_FIT_0.7723992529300447_0.772400124368563_0.7724079673152268_SIZE_1_1.1_2
GEN_71_FIT_0.7723992529300447_0.772400124368563_0.7724079673152268_SIZE_1_1.1_2
GEN_72_FIT_0.7723992529300447_0.772400124368563_0.7724079673152268_SIZE_1_1.1_2
GEN_73_FIT_0.7723992529300447_0.772400124368563_0.7724079673152268_SIZE_1_1.1_2
GEN_74_FIT_0.7723992529300447_0.772400124368563_0.7724079673152268_SIZE_1_1.1_2
GEN_75_FIT_0.7723992529300447_0.772400124368563_0.7724079673152268_SIZE_1_1.1_2
GEN_76_FIT_0.7723992529300447_0.772400124368563_0.7724079673152268_SIZE_1_1.1_2
GEN_77_FIT_0.7723992529300447_0.772400124368563_0.7724079673152268_SIZE_1_1.1_2
GEN_78_FIT_0.7723992529300447_0.772400124368563_0.7724079673152268_SIZE_1_1.1_2
GEN_79_FIT_0.7723992529300447_0.772400124368563_0.7724079673152268_SIZE_1_1.1_2
Evaluating in sample:
[GEN_79|make_tuple(9, 29, 201, 311)|0.7724]
[GEN_79|make_tuple(9, add(0.09275979361988923, 29), 201, 311)|0.7724]
Evaluating out-of-sample:
[GEN_79|make_tuple(9, 29, 201, 311)|0.8324]
[GEN_79|make_tuple(9, add(0.09275979361988923, 29), 201, 311)|0.8288]
Stopped early in iteration 79, no improvement in 20 gens.
START_TASK: 15
GEN_0_FIT_0.6805173989066952_0.7174120136354458_0.7512878480428763_SIZE_1_1.7_5
GEN_1_FIT_0.7377998066447163_0.7441449883516436_0.7548687791964209_SIZE_1_1.4_3
GEN_2_FIT_0.7493056209128408_0.752731591276881_0.7602004817896947_SIZE_1_1.55_3
GEN_3_FIT_0.7547583992731676_0.7581421774901596_0.7661032679233052_SIZE_1_1.35_2
GEN_4_FIT_0.7599877796379753_0.763451554935379_0.7710912691752969_SIZE_1_1.1_2
GEN_5_FIT_0.7661783922188072_0.7694556650970431_0.771345677324888_SIZE_1_1.1_2
GEN_6_FIT_0.770355174870982_0.7710456294055926_0.771345677324888_SIZE_1_1.1_2
GEN_7_FIT_0.7711519151668584_0.7712861731071754_0.7717057225293255_SIZE_1_1.1_2
GEN_8_FIT_0.771345677324888_0.77161193677186_0.772113062232451_SIZE_1_1.1_2
GEN_9_FIT_0.7718417900782516_0.7720319914695557_0.7721644388518559_SIZE_1_1.0_1
GEN_10_FIT_0.772113062232451_0.7721492244541637_0.77230274234564_SIZE_1_1.05_2
GEN_11_FIT_0.7721644388518559_0.7722291794169112_0.7723508448788828_SIZE_1_1.15_2
GEN_12_FIT_0.7722845151574014_0.772334619512136_0.772500335372443_SIZE_1_1.45_2
GEN_13_FIT_0.772339244268642_0.7724012381698282_0.772500335372443_SIZE_1_1.6_2
GEN_14_FIT_0.772339244268642_0.7724887865539577_0.7725222052575309_SIZE_1_1.25_2
GEN_15_FIT_0.772500335372443_0.7725021685449465_0.77253699882251_SIZE_1_1.05_2
GEN_16_FIT_0.772500335372443_0.7725102159460974_0.7725417635634271_SIZE_1_1.2_3
GEN_17_FIT_0.772500335372443_0.7725268667794991_0.7726581097947067_SIZE_1_1.05_2
GEN_18_FIT_0.7725417635634271_0.7725684717947751_0.7726581097947067_SIZE_1_1.0_1
GEN_19_FIT_0.7725417635634271_0.7726286946881317_0.7727281243683795_SIZE_1_1.0_1
GEN_20_FIT_0.7726581097947067_0.7726791141668086_0.7727281243683795_SIZE_1_1.05_2
Evaluating in sample:
[GEN_20|make_tuple(9, 28, 199, 315)|0.7727]
Evaluating out-of-sample:
[GEN_20|make_tuple(9, 28, 199, 315)|0.7706]
GEN_21_FIT_0.7726581097947067_0.7727256881302906_0.7727494141802748_SIZE_1_1.05_2
GEN_22_FIT_0.7727281243683795_0.7727432618617034_0.7728340733252961_SIZE_1_1.0_1
GEN_23_FIT_0.7727494141802748_0.7728002096672876_0.7728340733252961_SIZE_1_1.05_2
GEN_24_FIT_0.7728340733252961_0.772834073325296_0.7728340733252961_SIZE_1_1.0_1
GEN_25_FIT_0.7728340733252961_0.7728356568150271_0.7728657431199177_SIZE_1_1.05_2
GEN_26_FIT_0.7728340733252961_0.7728386626141803_0.7728657431199177_SIZE_1_1.1_2
GEN_27_FIT_0.7728340733252961_0.7728552086662022_0.7728657431199177_SIZE_1_1.7_3
GEN_28_FIT_0.7728482964195176_0.7728663840634054_0.7729134553904731_SIZE_1_1.95_3
GEN_29_FIT_0.7728482964195176_0.772863535666813_0.7729134553904731_SIZE_1_1.7_3
GEN_30_FIT_0.7728482964195176_0.7728571017961134_0.7729134553904731_SIZE_1_1.25_3
GEN_31_FIT_0.7728482964195176_0.772870540574373_0.7729134553904731_SIZE_1_1.5_3
GEN_32_FIT_0.7728940860095219_0.7729068938777933_0.7729134553904731_SIZE_1_2.2_3
GEN_33_FIT_0.7728940860095219_0.7729042606839671_0.7729134553904731_SIZE_1_1.55_3
GEN_34_FIT_0.7728951748627876_0.7728970029155562_0.7729134553904731_SIZE_1_1.1_2
GEN_35_FIT_0.7728951748627876_0.7728970029155562_0.7729134553904731_SIZE_1_1.1_2
GEN_36_FIT_0.7728951748627876_0.7728970029155562_0.7729134553904731_SIZE_1_1.1_2
GEN_37_FIT_0.7728951748627876_0.7728970029155562_0.7729134553904731_SIZE_1_1.1_2
GEN_38_FIT_0.7728951748627876_0.7728970029155562_0.7729134553904731_SIZE_1_1.1_2
GEN_39_FIT_0.7728951748627876_0.7728970029155562_0.7729134553904731_SIZE_1_1.1_2
GEN_40_FIT_0.7728951748627876_0.7728962775317925_0.7729172282428846_SIZE_1_1.05_2
Evaluating in sample:
[GEN_40|make_tuple(9, 26, 199, 364)|0.7729]
[GEN_40|make_tuple(9, 26, 199, add(0.001082313328713538, 364))|0.7729]
Evaluating out-of-sample:
[GEN_40|make_tuple(9, 26, 199, 364)|0.7717]
[GEN_40|make_tuple(9, 26, 199, add(0.001082313328713538, 364))|0.7717]
GEN_41_FIT_0.7728951748627876_0.7728973802007972_0.7729172282428846_SIZE_1_1.1_2
GEN_42_FIT_0.7728951748627876_0.7728973802007972_0.7729172282428846_SIZE_1_1.1_2
GEN_43_FIT_0.7728951748627876_0.7728973802007972_0.7729172282428846_SIZE_1_1.1_2
GEN_44_FIT_0.7728951748627876_0.7728973802007972_0.7729172282428846_SIZE_1_1.1_2
GEN_45_FIT_0.7728951748627876_0.7728973802007972_0.7729172282428846_SIZE_1_1.1_2
GEN_46_FIT_0.7728951748627876_0.7728973802007972_0.7729172282428846_SIZE_1_1.1_2
GEN_47_FIT_0.7728951748627876_0.7728973802007972_0.7729172282428846_SIZE_1_1.1_2
GEN_48_FIT_0.7728951748627876_0.7728973802007972_0.7729172282428846_SIZE_1_1.1_2
GEN_49_FIT_0.7728951748627876_0.7728973802007972_0.7729172282428846_SIZE_1_1.1_2
GEN_50_FIT_0.7728951748627876_0.7728973802007972_0.7729172282428846_SIZE_1_1.1_2
GEN_51_FIT_0.7728951748627876_0.7728973802007972_0.7729172282428846_SIZE_1_1.1_2
GEN_52_FIT_0.7728951748627876_0.7728973802007972_0.7729172282428846_SIZE_1_1.1_2
GEN_53_FIT_0.7728951748627876_0.7728973802007972_0.7729172282428846_SIZE_1_1.1_2
GEN_54_FIT_0.7728951748627876_0.7728973802007972_0.7729172282428846_SIZE_1_1.1_2
GEN_55_FIT_0.7728951748627876_0.7728973802007972_0.7729172282428846_SIZE_1_1.1_2
GEN_56_FIT_0.7728951748627876_0.7728973802007972_0.7729172282428846_SIZE_1_1.1_2
GEN_57_FIT_0.7728951748627876_0.7728973802007972_0.7729172282428846_SIZE_1_1.1_2
GEN_58_FIT_0.7728951748627876_0.7728973802007972_0.7729172282428846_SIZE_1_1.1_2
GEN_59_FIT_0.7728951748627876_0.7728973802007972_0.7729172282428846_SIZE_1_1.1_2
GEN_60_FIT_0.7728951748627876_0.7728973802007972_0.7729172282428846_SIZE_1_1.1_2
Evaluating in sample:
[GEN_60|make_tuple(9, 26, 199, 364)|0.7729]
[GEN_60|make_tuple(9, 26, 199, add(0.001082313328713538, 364))|0.7729]
Evaluating out-of-sample:
[GEN_60|make_tuple(9, 26, 199, 364)|0.7717]
[GEN_60|make_tuple(9, 26, 199, add(0.001082313328713538, 364))|0.7717]
GEN_61_FIT_0.7728951748627876_0.7728973802007972_0.7729172282428846_SIZE_1_1.1_2
Evaluating in sample:
[GEN_61|make_tuple(9, 26, 199, 364)|0.7729]
[GEN_61|make_tuple(9, 26, 199, add(0.001082313328713538, 364))|0.7729]
Evaluating out-of-sample:
[GEN_61|make_tuple(9, 26, 199, 364)|0.7717]
[GEN_61|make_tuple(9, 26, 199, add(0.001082313328713538, 364))|0.7717]
Stopped early in iteration 61, no improvement in 20 gens.
START_TASK: 16
GEN_0_FIT_0.656875708534907_0.6982344286251656_0.7307162131221839_SIZE_1_4.3_15
GEN_1_FIT_0.7202959779734874_0.7330958522319474_0.7669206813082301_SIZE_1_2.85_7
GEN_2_FIT_0.7347973166827738_0.7557126464181256_0.7696973109588549_SIZE_1_1.4_4
GEN_3_FIT_0.766784437610587_0.7681999695685426_0.7707553562108849_SIZE_1_1.15_2
GEN_4_FIT_0.7696883534932256_0.7698134272529064_0.7707553562108849_SIZE_1_1.25_2
GEN_5_FIT_0.7697000254746128_0.7705018322815255_0.7711776810243957_SIZE_1_1.8_3
GEN_6_FIT_0.7698775890509735_0.7704873450885289_0.7711776810243957_SIZE_1_1.6_3
GEN_7_FIT_0.7700191143498147_0.770882319332821_0.7713070989747846_SIZE_1_1.75_3
GEN_8_FIT_0.7698988094301877_0.7704406718176048_0.7713575197060073_SIZE_1_1.25_2
GEN_9_FIT_0.7700575664624114_0.7711409001910323_0.7713575197060073_SIZE_1_1.75_3
GEN_10_FIT_0.7709406650286693_0.7713725899483228_0.7718492775641276_SIZE_1_1.85_2
GEN_11_FIT_0.7712351130747866_0.7715461514906801_0.771907480632227_SIZE_1_1.9_3
GEN_12_FIT_0.7712351130747866_0.77174385035332_0.771907480632227_SIZE_1_1.7_2
GEN_13_FIT_0.7717244955779259_0.7718713673320947_0.7721912134629167_SIZE_1_1.6_2
GEN_14_FIT_0.7718180113299589_0.7719253972727695_0.7721912134629167_SIZE_1_1.55_2
GEN_15_FIT_0.7718526088106125_0.7719498296332133_0.7722758726079378_SIZE_1_1.25_2
GEN_16_FIT_0.7718734116714586_0.7720406278987266_0.7722758726079378_SIZE_1_1.5_3
GEN_17_FIT_0.7719875893674061_0.7721996501761722_0.7722879418239059_SIZE_1_1.8_3
GEN_18_FIT_0.7719986025545557_0.7722552153434944_0.7723094902957388_SIZE_1_1.7_3
GEN_19_FIT_0.7722032826788847_0.7722789724127822_0.7724040932378539_SIZE_1_1.15_2
GEN_20_FIT_0.7722879418239059_0.7722995569653008_0.7724040932378539_SIZE_1_1.1_2
Evaluating in sample:
[GEN_20|make_tuple(9, 29, 199, 313)|0.7723]
[GEN_20|make_tuple(9, 29, 199, sub(839, 528))|0.7724]
Evaluating out-of-sample:
[GEN_20|make_tuple(9, 29, 199, 313)|0.8309]
[GEN_20|make_tuple(9, 29, 199, sub(839, 528))|0.8309]
GEN_21_FIT_0.7722879418239059_0.7722995569653008_0.7724040932378539_SIZE_1_1.1_2
GEN_22_FIT_0.7722879418239059_0.7722995569653008_0.7724040932378539_SIZE_1_1.1_2
GEN_23_FIT_0.7722879418239059_0.7722995569653008_0.7724040932378539_SIZE_1_1.1_2
GEN_24_FIT_0.7722879418239059_0.7722995569653008_0.7724040932378539_SIZE_1_1.1_2
GEN_25_FIT_0.7722879418239059_0.7722995569653008_0.7724040932378539_SIZE_1_1.1_2
GEN_26_FIT_0.7722879418239059_0.7723146464459337_0.7724040932378539_SIZE_1_1.3_3
GEN_27_FIT_0.7722879418239059_0.7723503141089152_0.7724040932378539_SIZE_1_1.6_3
GEN_28_FIT_0.7723510512290316_0.7723987890369719_0.7724040932378539_SIZE_1_1.9_2
GEN_29_FIT_0.7718073550387686_0.7723613815712895_0.7724118081497612_SIZE_1_1.7_2
GEN_30_FIT_0.7722891089685264_0.7723566819085204_0.7724118081497612_SIZE_1_1.15_2
GEN_31_FIT_0.7723510512290316_0.7723666262048094_0.7724118081497612_SIZE_1_1.25_2
GEN_32_FIT_0.7723587661409388_0.7723958955471147_0.7724118081497612_SIZE_1_1.7_2
GEN_33_FIT_0.7723587661409388_0.7724065039488789_0.7724118081497612_SIZE_1_1.9_2
GEN_34_FIT_0.7723587661409388_0.7724065039488789_0.7724118081497612_SIZE_1_1.9_2
GEN_35_FIT_0.7723587661409388_0.7724065039488789_0.7724118081497612_SIZE_1_1.9_2
GEN_36_FIT_0.7723587661409388_0.7724065039488789_0.7724118081497612_SIZE_1_1.9_2
GEN_37_FIT_0.7723587661409388_0.7724065039488789_0.7724118081497612_SIZE_1_1.9_2
GEN_38_FIT_0.7724059484897133_0.7724115151667587_0.7724118081497612_SIZE_1_1.95_2
GEN_39_FIT_0.7724059484897133_0.7724112221837562_0.7724118081497612_SIZE_1_1.9_2
GEN_40_FIT_0.7724059484897133_0.7724112221837562_0.7724118081497612_SIZE_1_1.9_2
Evaluating in sample:
[GEN_40|make_tuple(9, 29, 201, 310)|0.7724]
[GEN_40|make_tuple(9, 29, 201, sub(839, 528))|0.7724]
Evaluating out-of-sample:
[GEN_40|make_tuple(9, 29, 201, 310)|0.8309]
[GEN_40|make_tuple(9, 29, 201, sub(839, 528))|0.8309]
GEN_41_FIT_0.7724059484897133_0.7724112221837562_0.7724118081497612_SIZE_1_1.9_2
GEN_42_FIT_0.7724059484897133_0.7724112221837562_0.7724118081497612_SIZE_1_1.9_2
GEN_43_FIT_0.7724059484897133_0.7724112221837562_0.7724118081497612_SIZE_1_1.9_2
GEN_44_FIT_0.7724059484897133_0.7724112221837562_0.7724118081497612_SIZE_1_1.9_2
GEN_45_FIT_0.7724059484897133_0.7724112221837562_0.7724118081497612_SIZE_1_1.9_2
GEN_46_FIT_0.7724059484897133_0.7724112221837562_0.7724118081497612_SIZE_1_1.9_2
GEN_47_FIT_0.7724059484897133_0.7724112221837562_0.7724118081497612_SIZE_1_1.9_2
GEN_48_FIT_0.7724059484897133_0.7724112221837562_0.7724118081497612_SIZE_1_1.9_2
GEN_49_FIT_0.7724059484897133_0.7724112221837562_0.7724118081497612_SIZE_1_1.9_2
GEN_50_FIT_0.7724059484897133_0.7724112221837562_0.7724118081497612_SIZE_1_1.9_2
Evaluating in sample:
[GEN_50|make_tuple(9, 29, 201, 310)|0.7724]
[GEN_50|make_tuple(9, 29, 201, sub(839, 528))|0.7724]
Evaluating out-of-sample:
[GEN_50|make_tuple(9, 29, 201, 310)|0.8309]
[GEN_50|make_tuple(9, 29, 201, sub(839, 528))|0.8309]
Stopped early in iteration 50, no improvement in 20 gens.
START_TASK: 18
GEN_0_FIT_0.6647624677412417_0.7079256897594063_0.7476875027718526_SIZE_1_5.4_17
GEN_1_FIT_0.7256965931503113_0.7381823897716755_0.7527003918170334_SIZE_1_4.0_9
GEN_2_FIT_0.7284639196871815_0.7463281738365369_0.7588363167312756_SIZE_1_3.0_6
GEN_3_FIT_0.7447267304279281_0.7524965253131143_0.7592696334051207_SIZE_1_2.85_7
GEN_4_FIT_0.7450842036916294_0.7548970632760471_0.7614253737342817_SIZE_1_2.45_6
GEN_5_FIT_0.7532698798379978_0.7583990897757147_0.7615297910342137_SIZE_1_1.7_3
GEN_6_FIT_0.7593549572088337_0.7612235073620287_0.7698147973938358_SIZE_1_1.45_3
GEN_7_FIT_0.7615180709694609_0.765651799248603_0.7728302479303744_SIZE_1_1.2_2
GEN_8_FIT_0.7696940222685348_0.7709833481474809_0.7728895075596619_SIZE_1_1.1_2
GEN_9_FIT_0.7715279504359703_0.7724424552784429_0.7741421761300943_SIZE_1_1.05_2
GEN_10_FIT_0.7728895075596619_0.7731473695439683_0.7741421761300943_SIZE_1_1.0_1
GEN_11_FIT_0.7734040988972007_0.7737287454159572_0.7741421761300943_SIZE_1_1.05_2
GEN_12_FIT_0.7739922579963124_0.7742055352987682_0.7745102754019173_SIZE_1_1.15_2
GEN_13_FIT_0.7741421761300943_0.7744455204696644_0.7746379699096464_SIZE_1_1.0_1
GEN_14_FIT_0.7745102754019173_0.7745889678448403_0.7747233366461759_SIZE_1_1.05_2
GEN_15_FIT_0.7746379699096464_0.7746781776374492_0.7748491998132052_SIZE_1_1.0_1
GEN_16_FIT_0.7746524012916247_0.7747384632402937_0.7751272247615931_SIZE_1_1.0_1
GEN_17_FIT_0.7747344207607169_0.7749482621488403_0.7751767915504181_SIZE_1_1.1_2
GEN_18_FIT_0.7749704442206341_0.7751355051000988_0.7754389415573262_SIZE_1_1.2_2
GEN_19_FIT_0.7751272247615931_0.7752195682693518_0.7754389415573262_SIZE_1_1.05_2
GEN_20_FIT_0.7752402628592057_0.7753642015261564_0.7754946156444293_SIZE_1_1.05_2
Evaluating in sample:
[GEN_20|make_tuple(9, 28, 198, 310)|0.7755]
Evaluating out-of-sample:
[GEN_20|make_tuple(9, 28, 198, 310)|0.4540]
GEN_21_FIT_0.7754389415573262_0.7754455744189983_0.7754970472220051_SIZE_1_1.0_1
GEN_22_FIT_0.7754389415573262_0.7754675559920445_0.7754970472220051_SIZE_1_1.15_2
GEN_23_FIT_0.7754946156444293_0.7755013199393374_0.7755849331462249_SIZE_1_1.1_2
GEN_24_FIT_0.7754970472220051_0.7755192665190302_0.7755849331462249_SIZE_1_1.15_2
GEN_25_FIT_0.775502416594503_0.7755563765317228_0.7755849331462249_SIZE_1_1.45_3
GEN_26_FIT_0.7755849331462249_0.7755854700834748_0.775590302518723_SIZE_1_1.0_1
GEN_27_FIT_0.7755849331462249_0.7755868124265992_0.775590302518723_SIZE_1_1.0_1
GEN_28_FIT_0.775590302518723_0.7755903025187229_0.775590302518723_SIZE_1_1.0_1
GEN_29_FIT_0.775590302518723_0.7755903025187229_0.775590302518723_SIZE_1_1.0_1
GEN_30_FIT_0.775590302518723_0.7755903025187229_0.775590302518723_SIZE_1_1.0_1
GEN_31_FIT_0.775590302518723_0.7755903025187229_0.775590302518723_SIZE_1_1.0_1
GEN_32_FIT_0.775590302518723_0.7755903025187229_0.775590302518723_SIZE_1_1.0_1
GEN_33_FIT_0.775590302518723_0.7755903025187229_0.775590302518723_SIZE_1_1.0_1
GEN_34_FIT_0.775590302518723_0.7755903025187229_0.775590302518723_SIZE_1_1.0_1
GEN_35_FIT_0.775590302518723_0.7755922199170951_0.7756286504861688_SIZE_1_1.0_1
GEN_36_FIT_0.775590302518723_0.775597972112212_0.7756286504861688_SIZE_1_1.0_1
GEN_37_FIT_0.775590302518723_0.7756228982910519_0.7756286504861688_SIZE_1_1.1_2
GEN_38_FIT_0.7756286504861688_0.7756286504861689_0.7756286504861688_SIZE_1_1.0_1
GEN_39_FIT_0.7756286504861688_0.7756286504861689_0.7756286504861688_SIZE_1_1.0_1
GEN_40_FIT_0.7756286504861688_0.7756286504861689_0.7756286504861688_SIZE_1_1.0_1
Evaluating in sample:
[GEN_40|make_tuple(9, 29, 201, 311)|0.7756]
Evaluating out-of-sample:
[GEN_40|make_tuple(9, 29, 201, 311)|0.4610]
GEN_41_FIT_0.7756286504861688_0.7756286504861689_0.7756286504861688_SIZE_1_1.0_1
GEN_42_FIT_0.7756286504861688_0.7756286504861689_0.7756286504861688_SIZE_1_1.0_1
GEN_43_FIT_0.7756286504861688_0.7756286504861689_0.7756286504861688_SIZE_1_1.0_1
GEN_44_FIT_0.7756286504861688_0.7756286504861689_0.7756286504861688_SIZE_1_1.0_1
GEN_45_FIT_0.7756286504861688_0.7756286504861689_0.7756286504861688_SIZE_1_1.0_1
GEN_46_FIT_0.7756286504861688_0.7756286504861689_0.7756286504861688_SIZE_1_1.0_1
GEN_47_FIT_0.7756286504861688_0.7756286504861689_0.7756286504861688_SIZE_1_1.0_1
GEN_48_FIT_0.7756286504861688_0.7756286504861689_0.7756286504861688_SIZE_1_1.0_1
GEN_49_FIT_0.7756286504861688_0.7756286504861689_0.7756286504861688_SIZE_1_1.0_1
GEN_50_FIT_0.7756286504861688_0.7756286504861689_0.7756286504861688_SIZE_1_1.0_1
GEN_51_FIT_0.7756286504861688_0.7756286504861689_0.7756286504861688_SIZE_1_1.0_1
GEN_52_FIT_0.7756286504861688_0.7756286504861689_0.7756286504861688_SIZE_1_1.0_1
GEN_53_FIT_0.7756286504861688_0.7756286504861689_0.7756286504861688_SIZE_1_1.0_1
GEN_54_FIT_0.7756286504861688_0.7756286504861689_0.7756286504861688_SIZE_1_1.0_1
GEN_55_FIT_0.7756286504861688_0.7756286504861689_0.7756286504861688_SIZE_1_1.0_1
GEN_56_FIT_0.7756286504861688_0.7756286504861689_0.7756286504861688_SIZE_1_1.0_1
Evaluating in sample:
[GEN_56|make_tuple(9, 29, 201, 311)|0.7756]
Evaluating out-of-sample:
[GEN_56|make_tuple(9, 29, 201, 311)|0.4610]
Stopped early in iteration 56, no improvement in 20 gens.
START_TASK: 22
GEN_0_FIT_0.7041392109295169_0.72883927329741_0.7545928148823815_SIZE_1_2.0_12
GEN_1_FIT_0.7427281347613672_0.7484356721809753_0.7551091390661058_SIZE_1_1.15_2
GEN_2_FIT_0.7538888521796383_0.7557636238599748_0.7689400517118964_SIZE_1_1.15_2
GEN_3_FIT_0.7553302192154173_0.7598004946028738_0.7700734172702558_SIZE_1_1.15_2
GEN_4_FIT_0.7644823944952845_0.7686801145114119_0.7700734172702558_SIZE_1_1.1_2
GEN_5_FIT_0.7700734172702558_0.7705814712792833_0.7719938814596238_SIZE_1_1.15_2
GEN_6_FIT_0.7710300097940509_0.7712140573828163_0.7719938814596238_SIZE_1_1.1_2
GEN_7_FIT_0.7712116091687425_0.771655628642211_0.7726321282154269_SIZE_1_1.2_2
GEN_8_FIT_0.7719938814596238_0.7720916703399304_0.7726321282154269_SIZE_1_1.0_1
GEN_9_FIT_0.7721356319742979_0.7725123484826865_0.7727324261862218_SIZE_1_1.0_1
GEN_10_FIT_0.7726321282154269_0.772718428916354_0.7729929789013402_SIZE_1_1.1_2
GEN_11_FIT_0.7727296766712931_0.772761414279388_0.7729929789013402_SIZE_1_1.0_1
GEN_12_FIT_0.7727324261862218_0.7727753870494278_0.7729929789013402_SIZE_1_1.05_2
GEN_13_FIT_0.7727424387429356_0.7728681136300136_0.7729929789013402_SIZE_1_1.2_2
GEN_14_FIT_0.7729117545066253_0.7729857453902598_0.7733261598625217_SIZE_1_1.15_2
GEN_15_FIT_0.7729929789013402_0.7730843048231593_0.7733261598625217_SIZE_1_1.25_3
GEN_16_FIT_0.7730744022278292_0.7733046821093097_0.7735328644540134_SIZE_1_1.2_2
GEN_17_FIT_0.7733954669444024_0.7734320720341834_0.7735603183811927_SIZE_1_1.15_2
GEN_18_FIT_0.773433902713928_0.7734902978118408_0.7735716106852932_SIZE_1_1.1_2
GEN_19_FIT_0.7735328644540134_0.7735585869884903_0.7735716106852932_SIZE_1_1.05_2
GEN_20_FIT_0.7735685819492031_0.7735827580362551_0.7737208033290972_SIZE_1_1.0_1
Evaluating in sample:
[GEN_20|make_tuple(9, 29, 201, 308)|0.7737]
Evaluating out-of-sample:
[GEN_20|make_tuple(9, 29, 201, 308)|0.6775]
GEN_21_FIT_0.7735685819492031_0.7736215065536756_0.7737208033290972_SIZE_1_1.15_2
GEN_22_FIT_0.7736847455275858_0.7737060898770558_0.7737355696656586_SIZE_1_1.15_2
GEN_23_FIT_0.7737208033290972_0.7737246058067748_0.7737377875364082_SIZE_1_1.0_1
GEN_24_FIT_0.7737208033290972_0.7737313838189781_0.7737377875364082_SIZE_1_1.0_1
GEN_25_FIT_0.7737355696656586_0.773736177198329_0.7737455024483155_SIZE_1_1.0_1
GEN_26_FIT_0.7737355696656586_0.773737778009265_0.7737455024483155_SIZE_1_1.0_1
GEN_27_FIT_0.7737377875364082_0.7737435737203386_0.7737455024483155_SIZE_1_1.2_2
GEN_28_FIT_0.7737455024483155_0.7737455024483155_0.7737455024483155_SIZE_1_1.0_1
GEN_29_FIT_0.7737455024483155_0.7737455024483155_0.7737455024483155_SIZE_1_1.0_1
GEN_30_FIT_0.7737455024483155_0.7737455024483155_0.7737455024483155_SIZE_1_1.0_1
GEN_31_FIT_0.7737455024483155_0.7737455024483155_0.7737455024483155_SIZE_1_1.0_1
GEN_32_FIT_0.7737455024483155_0.7737455024483155_0.7737455024483155_SIZE_1_1.0_1
GEN_33_FIT_0.7737455024483155_0.7737455024483155_0.7737455024483155_SIZE_1_1.0_1
GEN_34_FIT_0.7737455024483155_0.7737455024483155_0.7737455024483155_SIZE_1_1.0_1
GEN_35_FIT_0.7737455024483155_0.7737455024483155_0.7737455024483155_SIZE_1_1.0_1
GEN_36_FIT_0.7737455024483155_0.7737455024483155_0.7737455024483155_SIZE_1_1.0_1
GEN_37_FIT_0.7737455024483155_0.7737455024483155_0.7737455024483155_SIZE_1_1.0_1
GEN_38_FIT_0.7737455024483155_0.7737455024483155_0.7737455024483155_SIZE_1_1.0_1
GEN_39_FIT_0.7737455024483155_0.7737455024483155_0.7737455024483155_SIZE_1_1.0_1
GEN_40_FIT_0.7737455024483155_0.7737455024483155_0.7737455024483155_SIZE_1_1.0_1
Evaluating in sample:
[GEN_40|make_tuple(9, 29, 201, 311)|0.7737]
Evaluating out-of-sample:
[GEN_40|make_tuple(9, 29, 201, 311)|0.6775]
GEN_41_FIT_0.7737455024483155_0.7737455024483155_0.7737455024483155_SIZE_1_1.0_1
GEN_42_FIT_0.7737455024483155_0.7737455024483155_0.7737455024483155_SIZE_1_1.0_1
GEN_43_FIT_0.7737455024483155_0.7737455024483155_0.7737455024483155_SIZE_1_1.0_1
GEN_44_FIT_0.7737455024483155_0.7737455024483155_0.7737455024483155_SIZE_1_1.0_1
GEN_45_FIT_0.7737455024483155_0.7737455024483155_0.7737455024483155_SIZE_1_1.0_1
GEN_46_FIT_0.7737455024483155_0.7737455024483155_0.7737455024483155_SIZE_1_1.0_1
Evaluating in sample:
[GEN_46|make_tuple(9, 29, 201, 311)|0.7737]
Evaluating out-of-sample:
[GEN_46|make_tuple(9, 29, 201, 311)|0.6775]
Stopped early in iteration 46, no improvement in 20 gens.
START_TASK: 23
GEN_0_FIT_0.6454468485347526_0.6884020500856605_0.7627207479406674_SIZE_1_4.9_15
GEN_1_FIT_0.723990825501314_0.7474491269310175_0.7631049631431865_SIZE_1_5.35_11
GEN_2_FIT_0.7519190864708543_0.7615179307512642_0.7704177643500629_SIZE_1_5.55_12
GEN_3_FIT_0.7600472577429942_0.7692556609567743_0.7711963726168094_SIZE_1_3.35_11
GEN_4_FIT_0.7705608721283851_0.7710310346553556_0.771847854479024_SIZE_1_3.35_9
GEN_5_FIT_0.7711212621285135_0.7712633691837782_0.7722649770511192_SIZE_1_2.0_7
GEN_6_FIT_0.771132695989756_0.7716756708586358_0.7724134855683714_SIZE_1_2.2_6
GEN_7_FIT_0.7718995572642328_0.7721690092537734_0.7724134855683714_SIZE_1_3.25_7
GEN_8_FIT_0.7720623062265739_0.7724224729293135_0.7729689603751891_SIZE_1_3.9_6
GEN_9_FIT_0.772203853559323_0.7727140835379636_0.7733932773791422_SIZE_1_3.55_6
GEN_10_FIT_0.7725448889917248_0.7729599434628298_0.7734366450648924_SIZE_1_3.45_6
GEN_11_FIT_0.7728679142719889_0.7731733107539975_0.7735364619463406_SIZE_1_3.85_7
GEN_12_FIT_0.7729451672124236_0.7733761540853982_0.7735364619463406_SIZE_1_5.0_7
GEN_13_FIT_0.7725538110781683_0.7733123757061713_0.7735364619463406_SIZE_1_4.1_7
GEN_14_FIT_0.7729451672124236_0.7733204779424997_0.7735364619463406_SIZE_1_3.2_5
GEN_15_FIT_0.7729451672124236_0.7733974388579489_0.7735364619463406_SIZE_1_3.7_5
GEN_16_FIT_0.773261002772526_0.773507422223792_0.7735364619463406_SIZE_1_4.4_5
GEN_17_FIT_0.7732984132747592_0.7735230657075943_0.7735364619463406_SIZE_1_4.6_5
GEN_18_FIT_0.773261002772526_0.7734920819824538_0.7736683439605048_SIZE_1_3.6_5
GEN_19_FIT_0.7732984132747592_0.7734651896253727_0.7736683439605048_SIZE_1_2.15_5
GEN_20_FIT_0.7734593037341528_0.773598882473937_0.7736683439605048_SIZE_1_2.6_5
Evaluating in sample:
[GEN_20|make_tuple(9, 29, 189, 310)|0.7735]
[GEN_20|make_tuple(9, 29, 189, add(1, 310))|0.7735]
[GEN_20|make_tuple(9, 29, 199, mul(176, pow(13, 0.2205690113019408)))|0.7737]
Evaluating out-of-sample:
[GEN_20|make_tuple(9, 29, 189, 310)|0.6812]
[GEN_20|make_tuple(9, 29, 189, add(1, 310))|0.6812]
[GEN_20|make_tuple(9, 29, 199, mul(176, pow(13, 0.2205690113019408)))|0.6848]
GEN_21_FIT_0.7735364619463406_0.7735770360747661_0.7736750371990844_SIZE_1_1.5_5
GEN_22_FIT_0.7735429989343964_0.7736499600447877_0.7736750371990844_SIZE_1_2.05_5
GEN_23_FIT_0.7736683439605048_0.7736696409292941_0.7736808968591322_SIZE_1_1.35_4
GEN_24_FIT_0.7736683439605048_0.7736706449150811_0.7736808968591322_SIZE_1_1.35_4
GEN_25_FIT_0.7736683439605048_0.773673322210513_0.7736808968591322_SIZE_1_1.2_4
GEN_26_FIT_0.7736750371990844_0.7736753301820867_0.7736808968591322_SIZE_1_1.05_2
GEN_27_FIT_0.7736750371990844_0.7736753301820867_0.7736808968591322_SIZE_1_1.05_2
GEN_28_FIT_0.7736750371990844_0.773675623165089_0.7736808968591322_SIZE_1_1.1_2
GEN_29_FIT_0.7736750371990844_0.773675623165089_0.7736808968591322_SIZE_1_1.1_2
GEN_30_FIT_0.7736750371990844_0.773675623165089_0.7736808968591322_SIZE_1_1.1_2
GEN_31_FIT_0.7736750371990844_0.773675623165089_0.7736808968591322_SIZE_1_1.1_2
GEN_32_FIT_0.7736750371990844_0.773675623165089_0.7736808968591322_SIZE_1_1.1_2
GEN_33_FIT_0.7736750371990844_0.773675623165089_0.7736808968591322_SIZE_1_1.1_2
GEN_34_FIT_0.7736750371990844_0.773675623165089_0.7736808968591322_SIZE_1_1.1_2
GEN_35_FIT_0.7736750371990844_0.773675623165089_0.7736808968591322_SIZE_1_1.1_2
GEN_36_FIT_0.7736750371990844_0.773675623165089_0.7736808968591322_SIZE_1_1.1_2
GEN_37_FIT_0.7736750371990844_0.773675623165089_0.7736808968591322_SIZE_1_1.1_2
GEN_38_FIT_0.7736750371990844_0.773675623165089_0.7736808968591322_SIZE_1_1.1_2
GEN_39_FIT_0.7736750371990844_0.773675623165089_0.7736808968591322_SIZE_1_1.1_2
GEN_40_FIT_0.7736750371990844_0.773675623165089_0.7736808968591322_SIZE_1_1.1_2
Evaluating in sample:
[GEN_40|make_tuple(9, 29, 201, 310)|0.7737]
[GEN_40|make_tuple(9, 29, 201, add(1, 310))|0.7737]
Evaluating out-of-sample:
[GEN_40|make_tuple(9, 29, 201, 310)|0.6850]
[GEN_40|make_tuple(9, 29, 201, add(1, 310))|0.6850]
GEN_41_FIT_0.7736750371990844_0.773675623165089_0.7736808968591322_SIZE_1_1.1_2
GEN_42_FIT_0.7736750371990844_0.773675623165089_0.7736808968591322_SIZE_1_1.1_2
GEN_43_FIT_0.7736750371990844_0.7736759161480914_0.7736808968591322_SIZE_1_1.1_2
GEN_44_FIT_0.7736750371990844_0.7736762091310938_0.7736808968591322_SIZE_1_1.1_2
GEN_45_FIT_0.7736750371990844_0.7736767950970986_0.7736808968591322_SIZE_1_1.1_2
GEN_46_FIT_0.7736750371990844_0.7736782600121106_0.7736808968591322_SIZE_1_1.1_2
GEN_47_FIT_0.7736808968591322_0.7736808968591321_0.7736808968591322_SIZE_1_1.0_1
GEN_48_FIT_0.7736808968591322_0.7736808968591321_0.7736808968591322_SIZE_1_1.0_1
GEN_49_FIT_0.7736808968591322_0.7736808968591321_0.7736808968591322_SIZE_1_1.0_1
GEN_50_FIT_0.7736808968591322_0.7736808968591321_0.7736808968591322_SIZE_1_1.0_1
GEN_51_FIT_0.7736808968591322_0.7736808968591321_0.7736808968591322_SIZE_1_1.0_1
GEN_52_FIT_0.7736808968591322_0.7736808968591321_0.7736808968591322_SIZE_1_1.0_1
GEN_53_FIT_0.7736808968591322_0.7736808968591321_0.7736808968591322_SIZE_1_1.0_1
GEN_54_FIT_0.7736808968591322_0.7736808968591321_0.7736808968591322_SIZE_1_1.0_1
GEN_55_FIT_0.7736808968591322_0.7736808968591321_0.7736808968591322_SIZE_1_1.0_1
GEN_56_FIT_0.7736808968591322_0.7736808968591321_0.7736808968591322_SIZE_1_1.0_1
GEN_57_FIT_0.7736808968591322_0.7736808968591321_0.7736808968591322_SIZE_1_1.0_1
GEN_58_FIT_0.7736808968591322_0.7736808968591321_0.7736808968591322_SIZE_1_1.0_1
GEN_59_FIT_0.7736808968591322_0.7736808968591321_0.7736808968591322_SIZE_1_1.0_1
GEN_60_FIT_0.7736808968591322_0.7736808968591321_0.7736808968591322_SIZE_1_1.0_1
Evaluating in sample:
[GEN_60|make_tuple(9, 29, 201, 311)|0.7737]
Evaluating out-of-sample:
[GEN_60|make_tuple(9, 29, 201, 311)|0.6850]
GEN_61_FIT_0.7736808968591322_0.7736808968591321_0.7736808968591322_SIZE_1_1.0_1
GEN_62_FIT_0.7736808968591322_0.7736808968591321_0.7736808968591322_SIZE_1_1.0_1
GEN_63_FIT_0.7736808968591322_0.7736808968591321_0.7736808968591322_SIZE_1_1.0_1
GEN_64_FIT_0.7736808968591322_0.7736808968591321_0.7736808968591322_SIZE_1_1.0_1
Evaluating in sample:
[GEN_64|make_tuple(9, 29, 201, 311)|0.7737]
Evaluating out-of-sample:
[GEN_64|make_tuple(9, 29, 201, 311)|0.6850]
Stopped early in iteration 64, no improvement in 20 gens.
START_TASK: 24
GEN_0_FIT_0.6383746661537234_0.680122756520302_0.7179865347419123_SIZE_1_3.65_12
GEN_1_FIT_0.707705717842754_0.7195498191430437_0.7442204678552955_SIZE_1_2.3_8
GEN_2_FIT_0.7179865347419123_0.7303436277307529_0.7499196713069245_SIZE_1_3.3_8
GEN_3_FIT_0.7380018306216021_0.7496450151551528_0.7662113016621122_SIZE_1_2.2_8
GEN_4_FIT_0.7509457657395161_0.759156213746623_0.7664950389769336_SIZE_1_1.5_6
GEN_5_FIT_0.7661869075868151_0.766289481163982_0.7666559861537823_SIZE_1_1.5_2
GEN_6_FIT_0.7664137117918128_0.7667640384567491_0.7686033014728724_SIZE_1_1.25_2
GEN_7_FIT_0.7667943134086573_0.7678014017427705_0.7686033014728724_SIZE_1_1.3_3
GEN_8_FIT_0.7680759592029199_0.7686099118583191_0.7694145300973578_SIZE_1_1.65_3
GEN_9_FIT_0.7689207533693431_0.7692127771134463_0.7695318926432875_SIZE_1_1.2_3
GEN_10_FIT_0.7693617356952004_0.7694907899760672_0.769604605764324_SIZE_1_1.35_3
GEN_11_FIT_0.769533398048451_0.7695847550915964_0.7696757628749449_SIZE_1_1.45_2
GEN_12_FIT_0.7695828627342959_0.7696429424080049_0.7697064300976157_SIZE_1_1.45_2
GEN_13_FIT_0.7696334280159737_0.7696884525168631_0.7697421153402186_SIZE_1_1.3_2
GEN_14_FIT_0.7697087552720279_0.7697238729026737_0.7697421153402186_SIZE_1_1.7_3
GEN_15_FIT_0.7697207459041967_0.7697489244908796_0.7697865548912096_SIZE_1_1.7_3
GEN_16_FIT_0.7697772788578651_0.7697962946314324_0.7700110815996125_SIZE_1_1.5_3
GEN_17_FIT_0.7697865548912096_0.769829507542992_0.7700306357785718_SIZE_1_1.1_2
GEN_18_FIT_0.7697865548912096_0.7698788088441522_0.7700306357785718_SIZE_1_1.2_2
GEN_19_FIT_0.7698939736998105_0.7700236489865447_0.7700486530766423_SIZE_1_1.5_2
GEN_20_FIT_0.7700306357785718_0.7700477663520258_0.7703017835893078_SIZE_1_1.1_2
Evaluating in sample:
[GEN_20|make_tuple(9, 32, 562, 312)|0.7700]
[GEN_20|make_tuple(9, min(30, 166), 562, 312)|0.7703]
Evaluating out-of-sample:
[GEN_20|make_tuple(9, 32, 562, 312)|0.9962]
[GEN_20|make_tuple(9, min(30, 166), 562, 312)|0.9959]
GEN_21_FIT_0.7700306357785718_0.7701064699619938_0.7703017835893078_SIZE_1_1.35_2
GEN_22_FIT_0.7700486530766423_0.7701372487560751_0.7703017835893078_SIZE_1_1.3_2
GEN_23_FIT_0.7701159201150664_0.7702831972418835_0.7703017835893078_SIZE_1_1.75_2
GEN_24_FIT_0.7702833501611386_0.7703008619178993_0.7703017835893078_SIZE_1_1.2_2
GEN_25_FIT_0.7703017835893078_0.7703307187643291_0.7707375923060058_SIZE_1_1.1_2
GEN_26_FIT_0.7703017835893078_0.7704399369403652_0.7707375923060058_SIZE_1_1.3_2
GEN_27_FIT_0.770382448501297_0.7706291171183108_0.7707432162797035_SIZE_1_1.85_3
GEN_28_FIT_0.7704566499596517_0.770713770141345_0.7707648823574925_SIZE_1_1.85_3
GEN_29_FIT_0.770647373036149_0.7707336909640504_0.7708521441314801_SIZE_1_1.25_2
GEN_30_FIT_0.7707105009543852_0.7707631188765587_0.7708521441314801_SIZE_1_1.3_3
GEN_31_FIT_0.7707811826477655_0.7708319310727927_0.7709517898597006_SIZE_1_1.45_3
GEN_32_FIT_0.7708521441314801_0.7708870201363572_0.7709517898597006_SIZE_1_1.0_1
GEN_33_FIT_0.7708866155634042_0.7709485311448858_0.7709517898597006_SIZE_1_1.15_2
GEN_34_FIT_0.7709517898597006_0.7709517898597007_0.7709517898597006_SIZE_1_1.0_1
GEN_35_FIT_0.7709517898597006_0.7709517898597007_0.7709517898597006_SIZE_1_1.0_1
GEN_36_FIT_0.7709517898597006_0.7709522700959253_0.7709613945841913_SIZE_1_1.0_1
GEN_37_FIT_0.7709517898597006_0.7709527503321498_0.7709613945841913_SIZE_1_1.0_1
GEN_38_FIT_0.7709517898597006_0.770953710804599_0.7709613945841913_SIZE_1_1.0_1
GEN_39_FIT_0.7709517898597006_0.770955631749497_0.7709613945841913_SIZE_1_1.05_2
GEN_40_FIT_0.7709613945841913_0.7709613945841912_0.7709613945841913_SIZE_1_1.0_1
Evaluating in sample:
[GEN_40|make_tuple(9, 29, 199, 309)|0.7710]
Evaluating out-of-sample:
[GEN_40|make_tuple(9, 29, 199, 309)|0.9957]
GEN_41_FIT_0.7709613945841913_0.7709613945841912_0.7709613945841913_SIZE_1_1.0_1
GEN_42_FIT_0.7709613945841913_0.7709618018964521_0.7709654677068004_SIZE_1_1.05_2
GEN_43_FIT_0.7709613945841913_0.7709628201771044_0.7709654677068004_SIZE_1_1.1_2
GEN_44_FIT_0.7709613945841913_0.7709652640506699_0.7709654677068004_SIZE_1_1.05_2
GEN_45_FIT_0.7709654677068004_0.7709654677068003_0.7709654677068004_SIZE_1_1.0_1
GEN_46_FIT_0.7709654677068004_0.7709654677068003_0.7709654677068004_SIZE_1_1.0_1
GEN_47_FIT_0.7709654677068004_0.770966146435398_0.7709731826187077_SIZE_1_1.05_2
GEN_48_FIT_0.7709654677068004_0.7709672109095911_0.7709731826187077_SIZE_1_1.1_2
GEN_49_FIT_0.7709654677068004_0.7709702041117611_0.7709790422787555_SIZE_1_1.1_2
GEN_50_FIT_0.7709731826187077_0.7709752334997243_0.7709790422787555_SIZE_1_1.1_2
GEN_51_FIT_0.7709731826187077_0.7709781633297482_0.7709790422787555_SIZE_1_1.1_2
GEN_52_FIT_0.7709790422787555_0.7709790422787555_0.7709790422787555_SIZE_1_1.0_1
GEN_53_FIT_0.7709790422787555_0.7709790422787555_0.7709790422787555_SIZE_1_1.0_1
GEN_54_FIT_0.7709790422787555_0.7709790422787555_0.7709790422787555_SIZE_1_1.0_1
GEN_55_FIT_0.7709790422787555_0.7709790422787555_0.7709790422787555_SIZE_1_1.0_1
GEN_56_FIT_0.7709790422787555_0.7709790422787555_0.7709790422787555_SIZE_1_1.0_1
GEN_57_FIT_0.7709790422787555_0.7709790422787555_0.7709790422787555_SIZE_1_1.0_1
GEN_58_FIT_0.7709790422787555_0.7709790422787555_0.7709790422787555_SIZE_1_1.0_1
GEN_59_FIT_0.7709790422787555_0.7709790422787555_0.7709790422787555_SIZE_1_1.0_1
GEN_60_FIT_0.7709790422787555_0.7709790422787555_0.7709790422787555_SIZE_1_1.0_1
Evaluating in sample:
[GEN_60|make_tuple(9, 29, 201, 311)|0.7710]
Evaluating out-of-sample:
[GEN_60|make_tuple(9, 29, 201, 311)|0.9957]
GEN_61_FIT_0.7709790422787555_0.7709790422787555_0.7709790422787555_SIZE_1_1.0_1
GEN_62_FIT_0.7709790422787555_0.7709790422787555_0.7709790422787555_SIZE_1_1.0_1
GEN_63_FIT_0.7709790422787555_0.7709790422787555_0.7709790422787555_SIZE_1_1.0_1
GEN_64_FIT_0.7709790422787555_0.7709790422787555_0.7709790422787555_SIZE_1_1.0_1
GEN_65_FIT_0.7709790422787555_0.7709790422787555_0.7709790422787555_SIZE_1_1.0_1
GEN_66_FIT_0.7709790422787555_0.7709790422787555_0.7709790422787555_SIZE_1_1.0_1
GEN_67_FIT_0.7709790422787555_0.7709790422787555_0.7709790422787555_SIZE_1_1.0_1
GEN_68_FIT_0.7709790422787555_0.7709790422787555_0.7709790422787555_SIZE_1_1.0_1
GEN_69_FIT_0.7709790422787555_0.7709790422787555_0.7709790422787555_SIZE_1_1.0_1
GEN_70_FIT_0.7709790422787555_0.7709790422787555_0.7709790422787555_SIZE_1_1.0_1
Evaluating in sample:
[GEN_70|make_tuple(9, 29, 201, 311)|0.7710]
Evaluating out-of-sample:
[GEN_70|make_tuple(9, 29, 201, 311)|0.9957]
Stopped early in iteration 70, no improvement in 20 gens.
START_TASK: 2073
