Starting problem: mlr_knn
param:age_regularization:100000.0
param:algorithm:mupluslambda
param:constants_only:True
param:cxpb:0.25
param:early_stop_n:20
param:lambda_:100
param:max_number_operators:None
param:max_start_size:2
param:mu:20
param:ngen:300
param:optimize_constants:False
param:output_file:/home/gijsbers/symbolicdefaults/runs/mlr_knn_True_16.log
param:problem:mlr_knn
param:subset:1.0
param:task:None
param:warm_start:False
Benchmark problems: mlr_knn
Loading surrogates from file.
START_TASK: 3
GEN_0_FIT_0.6715963787176695_0.7123004593000718_0.7479503253870383_SIZE_1_2.55_12
GEN_1_FIT_0.7322123098482624_0.7433359309454304_0.7547863032162466_SIZE_1_2.15_10
GEN_2_FIT_0.7479503253870383_0.7516687154955333_0.7556604339336733_SIZE_1_1.15_4
GEN_3_FIT_0.7543373936290105_0.7548643969496569_0.7560347003363707_SIZE_1_1.05_2
GEN_4_FIT_0.7556516343180143_0.7560703073341221_0.7578064005607213_SIZE_1_1.05_2
GEN_5_FIT_0.7560347003363707_0.7583543387625731_0.7713900634584513_SIZE_1_1.1_2
GEN_6_FIT_0.7581926675807937_0.766386706361916_0.7713900634584513_SIZE_1_1.05_2
GEN_7_FIT_0.7713354148435376_0.7713761372962091_0.7713925946709821_SIZE_1_1.05_2
GEN_8_FIT_0.7713900634584513_0.7713905098845529_0.7713939295554233_SIZE_1_1.05_2
GEN_9_FIT_0.7713900634584513_0.7714012117930407_0.7714486586666639_SIZE_1_1.2_2
GEN_10_FIT_0.7713992529179583_0.7714316296696218_0.7714758681725757_SIZE_1_1.0_1
GEN_11_FIT_0.7714486586666639_0.7714619281126527_0.7714758681725757_SIZE_1_1.0_1
GEN_12_FIT_0.7714758681725757_0.7714758681725759_0.7714758681725757_SIZE_1_1.0_1
GEN_13_FIT_0.7714758681725757_0.7714922101932558_0.7717620024040994_SIZE_1_1.0_1
GEN_14_FIT_0.7714758681725757_0.7715468641867613_0.7717620024040994_SIZE_1_1.05_2
GEN_15_FIT_0.7715165743546494_0.7716984997880276_0.7718647543634958_SIZE_1_1.05_2
GEN_16_FIT_0.7717620024040994_0.7717867135185911_0.7718647543634958_SIZE_1_1.0_1
GEN_17_FIT_0.7717620024040994_0.7718175391064099_0.7718647543634958_SIZE_1_1.05_2
GEN_18_FIT_0.7718647543634958_0.7718647543634957_0.7718647543634958_SIZE_1_1.0_1
GEN_19_FIT_0.7718647543634958_0.7718647543634957_0.7718647543634958_SIZE_1_1.0_1
GEN_20_FIT_0.7718647543634958_0.7718678684156484_0.7719122422511318_SIZE_1_1.05_2
Evaluating in sample:
[GEN_20|make_tuple(9, 29, 201, 311)|0.7719]
Evaluating out-of-sample:
[GEN_20|make_tuple(9, 29, 201, 311)|0.8884]
GEN_21_FIT_0.7718647543634958_0.7718766263354047_0.7719122422511318_SIZE_1_1.1_2
GEN_22_FIT_0.7718647543634958_0.7719027446736044_0.7719122422511318_SIZE_1_1.1_2
GEN_23_FIT_0.7719122422511318_0.7719122422511318_0.7719122422511318_SIZE_1_1.0_1
GEN_24_FIT_0.7719122422511318_0.7719122422511318_0.7719122422511318_SIZE_1_1.0_1
GEN_25_FIT_0.7719122422511318_0.7719122422511318_0.7719122422511318_SIZE_1_1.0_1
GEN_26_FIT_0.7719122422511318_0.7719122422511318_0.7719122422511318_SIZE_1_1.0_1
GEN_27_FIT_0.7719122422511318_0.7719122422511318_0.7719122422511318_SIZE_1_1.0_1
GEN_28_FIT_0.7719122422511318_0.7719122422511318_0.7719122422511318_SIZE_1_1.0_1
GEN_29_FIT_0.7719122422511318_0.7719122422511318_0.7719122422511318_SIZE_1_1.0_1
GEN_30_FIT_0.7719122422511318_0.7719122422511318_0.7719122422511318_SIZE_1_1.0_1
GEN_31_FIT_0.7719122422511318_0.7719122422511318_0.7719122422511318_SIZE_1_1.0_1
GEN_32_FIT_0.7719122422511318_0.7719122422511318_0.7719122422511318_SIZE_1_1.0_1
GEN_33_FIT_0.7719122422511318_0.7719122422511318_0.7719122422511318_SIZE_1_1.0_1
GEN_34_FIT_0.7719122422511318_0.7719122422511318_0.7719122422511318_SIZE_1_1.0_1
GEN_35_FIT_0.7719122422511318_0.7719122422511318_0.7719122422511318_SIZE_1_1.0_1
GEN_36_FIT_0.7719122422511318_0.7719122422511318_0.7719122422511318_SIZE_1_1.0_1
GEN_37_FIT_0.7719122422511318_0.7719122422511318_0.7719122422511318_SIZE_1_1.0_1
GEN_38_FIT_0.7719122422511318_0.7719122422511318_0.7719122422511318_SIZE_1_1.0_1
GEN_39_FIT_0.7719122422511318_0.7719122422511318_0.7719122422511318_SIZE_1_1.0_1
GEN_40_FIT_0.7719122422511318_0.7719122422511318_0.7719122422511318_SIZE_1_1.0_1
Evaluating in sample:
[GEN_40|make_tuple(9, 29, 201, 311)|0.7719]
Evaluating out-of-sample:
[GEN_40|make_tuple(9, 29, 201, 311)|0.8884]
GEN_41_FIT_0.7719122422511318_0.7719122422511318_0.7719122422511318_SIZE_1_1.0_1
Evaluating in sample:
[GEN_41|make_tuple(9, 29, 201, 311)|0.7719]
Evaluating out-of-sample:
[GEN_41|make_tuple(9, 29, 201, 311)|0.8884]
Stopped early in iteration 41, no improvement in 20 gens.
START_TASK: 6
GEN_0_FIT_0.6418870928333422_0.706754825862617_0.7692221900435043_SIZE_1_2.4_12
GEN_1_FIT_0.7354900895866143_0.7531740282449465_0.7692256225377836_SIZE_1_2.6_5
GEN_2_FIT_0.7366445507948848_0.7607537719656904_0.7713532196199147_SIZE_1_2.5_6
GEN_3_FIT_0.7537305643977792_0.7674822169960729_0.7713532196199147_SIZE_1_3.1_7
GEN_4_FIT_0.7581612986663038_0.7680389820605713_0.7713532196199147_SIZE_1_2.85_7
GEN_5_FIT_0.7589096202512705_0.7681491686492222_0.7714888285347817_SIZE_1_2.35_4
GEN_6_FIT_0.7595840259416885_0.7701872120936869_0.7716202406458798_SIZE_1_2.75_4
GEN_7_FIT_0.7591365775596249_0.7673605162249303_0.7722928234007653_SIZE_1_2.55_4
GEN_8_FIT_0.7598173903729672_0.7698326603108228_0.7722928234007653_SIZE_1_2.8_5
GEN_9_FIT_0.7598215281828441_0.7701313626873012_0.7722928234007653_SIZE_1_3.1_5
GEN_10_FIT_0.759821842088024_0.770229750451263_0.7722977150313671_SIZE_1_2.65_5
GEN_11_FIT_0.7598516872792036_0.7704043461931541_0.7723061380060262_SIZE_1_3.25_5
GEN_12_FIT_0.7598519911859077_0.7716517975975797_0.7723061380060262_SIZE_1_2.9_4
GEN_13_FIT_0.7598516872792036_0.7709906809254028_0.7723061380060262_SIZE_1_2.75_4
GEN_14_FIT_0.7598519911859077_0.7708983699728039_0.7723061380060262_SIZE_1_2.05_3
GEN_15_FIT_0.7598519911859077_0.7702864861885453_0.7723061380060262_SIZE_1_2.0_3
GEN_16_FIT_0.7598519911859077_0.7685450364922752_0.7723061380060262_SIZE_1_2.25_3
GEN_17_FIT_0.760046007326504_0.7716775329177764_0.7723061380060262_SIZE_1_2.8_3
GEN_18_FIT_0.7601499471208042_0.7710879398839517_0.7723061380060262_SIZE_1_2.75_3
GEN_19_FIT_0.7578140902861946_0.769121298213484_0.7723092351437286_SIZE_1_2.15_3
GEN_20_FIT_0.7600457034197997_0.7668309039588953_0.7724063710193082_SIZE_1_1.6_3
Evaluating in sample:
[GEN_20|make_tuple(7, 30, 200, 311)|0.7601]
[GEN_20|make_tuple(mul(3, 3), 29, 200, 318)|0.7723]
[GEN_20|make_tuple(mul(3, 3), 29, mul(50, 4), 311)|0.7724]
Evaluating out-of-sample:
[GEN_20|make_tuple(7, 30, 200, 311)|0.8671]
[GEN_20|make_tuple(mul(3, 3), 29, 200, 318)|0.8261]
[GEN_20|make_tuple(mul(3, 3), 29, mul(50, 4), 311)|0.8261]
GEN_21_FIT_0.7601499471208042_0.7704994157239757_0.7724063710193082_SIZE_1_2.0_3
GEN_22_FIT_0.760174083682506_0.7705233180626827_0.7724063710193082_SIZE_1_2.1_3
GEN_23_FIT_0.760183866020235_0.7705304038446465_0.7724063710193082_SIZE_1_1.95_3
GEN_24_FIT_0.7602062604044393_0.7711851818589508_0.7724063710193082_SIZE_1_1.95_3
GEN_25_FIT_0.7602798343026101_0.7711937173476383_0.7724063710193082_SIZE_1_1.9_2
GEN_26_FIT_0.7603282843998856_0.771802466688337_0.7724063710193082_SIZE_1_1.95_2
GEN_27_FIT_0.760174083682506_0.7705893223849076_0.7724538589069441_SIZE_1_1.85_2
GEN_28_FIT_0.760174083682506_0.7693897152911452_0.7724538589069441_SIZE_1_1.75_2
GEN_29_FIT_0.7603282843998856_0.7688152209890354_0.7724538589069441_SIZE_1_1.8_3
GEN_30_FIT_0.7603738949498563_0.7712458625112353_0.7724538589069441_SIZE_1_1.9_2
GEN_31_FIT_0.7603738949498563_0.7712458625112353_0.7724538589069441_SIZE_1_1.9_2
GEN_32_FIT_0.7603924612448647_0.7718507890238401_0.7724538589069441_SIZE_1_1.95_2
GEN_33_FIT_0.7603924612448647_0.7718507890238401_0.7724538589069441_SIZE_1_1.95_2
GEN_34_FIT_0.7603924612448647_0.7718507890238401_0.7724538589069441_SIZE_1_1.95_2
GEN_35_FIT_0.7603924612448647_0.7718507890238401_0.7724538589069441_SIZE_1_1.95_2
GEN_36_FIT_0.7603924612448647_0.7712477191407362_0.7724538589069441_SIZE_1_1.9_2
GEN_37_FIT_0.7603924612448647_0.7712477191407362_0.7724538589069441_SIZE_1_1.9_2
GEN_38_FIT_0.7603924612448647_0.7712477191407362_0.7724538589069441_SIZE_1_1.9_2
GEN_39_FIT_0.7603924612448647_0.7712477191407362_0.7724538589069441_SIZE_1_1.9_2
GEN_40_FIT_0.7603924612448647_0.7712477191407362_0.7724538589069441_SIZE_1_1.9_2
Evaluating in sample:
[GEN_40|make_tuple(7, 30, 199, 369)|0.7604]
[GEN_40|make_tuple(mul(3, 3), 29, 201, 311)|0.7725]
Evaluating out-of-sample:
[GEN_40|make_tuple(7, 30, 199, 369)|0.8671]
[GEN_40|make_tuple(mul(3, 3), 29, 201, 311)|0.8261]
GEN_41_FIT_0.7603924612448647_0.7712477191407362_0.7724538589069441_SIZE_1_1.9_2
GEN_42_FIT_0.7603924612448647_0.7712477191407362_0.7724538589069441_SIZE_1_1.9_2
GEN_43_FIT_0.7603924612448647_0.7712477191407362_0.7724538589069441_SIZE_1_1.9_2
GEN_44_FIT_0.7721695466799504_0.7724396432955944_0.7724538589069441_SIZE_1_1.95_2
GEN_45_FIT_0.7724461439950369_0.7724534731613487_0.7724538589069441_SIZE_1_1.95_2
GEN_46_FIT_0.7724461439950369_0.7724534731613487_0.7724538589069441_SIZE_1_1.95_2
GEN_47_FIT_0.7724461439950369_0.7724534731613487_0.7724538589069441_SIZE_1_1.85_2
GEN_48_FIT_0.7724461439950369_0.7724530874157534_0.7724538589069441_SIZE_1_1.4_2
GEN_49_FIT_0.7724538589069441_0.7724538589069441_0.7724538589069441_SIZE_1_1.0_1
GEN_50_FIT_0.7724538589069441_0.7724538589069441_0.7724538589069441_SIZE_1_1.0_1
GEN_51_FIT_0.7724538589069441_0.7724538589069441_0.7724538589069441_SIZE_1_1.0_1
GEN_52_FIT_0.7724538589069441_0.7724538589069441_0.7724538589069441_SIZE_1_1.0_1
GEN_53_FIT_0.7724538589069441_0.7724538589069441_0.7724538589069441_SIZE_1_1.0_1
GEN_54_FIT_0.7724538589069441_0.7724538589069441_0.7724538589069441_SIZE_1_1.0_1
GEN_55_FIT_0.7724538589069441_0.7724538589069441_0.7724538589069441_SIZE_1_1.0_1
GEN_56_FIT_0.7724538589069441_0.7724538589069441_0.7724538589069441_SIZE_1_1.0_1
GEN_57_FIT_0.7724538589069441_0.7724538589069441_0.7724538589069441_SIZE_1_1.0_1
GEN_58_FIT_0.7724538589069441_0.7724538589069441_0.7724538589069441_SIZE_1_1.0_1
GEN_59_FIT_0.7724538589069441_0.7724538589069441_0.7724538589069441_SIZE_1_1.0_1
GEN_60_FIT_0.7724538589069441_0.7724538589069441_0.7724538589069441_SIZE_1_1.0_1
Evaluating in sample:
[GEN_60|make_tuple(9, 29, 201, 311)|0.7725]
Evaluating out-of-sample:
[GEN_60|make_tuple(9, 29, 201, 311)|0.8261]
GEN_61_FIT_0.7724538589069441_0.7724538589069441_0.7724538589069441_SIZE_1_1.0_1
GEN_62_FIT_0.7724538589069441_0.7724538589069441_0.7724538589069441_SIZE_1_1.0_1
GEN_63_FIT_0.7724538589069441_0.7724538589069441_0.7724538589069441_SIZE_1_1.0_1
GEN_64_FIT_0.7724538589069441_0.7724538589069441_0.7724538589069441_SIZE_1_1.0_1
GEN_65_FIT_0.7724538589069441_0.7724538589069441_0.7724538589069441_SIZE_1_1.0_1
GEN_66_FIT_0.7724538589069441_0.7724538589069441_0.7724538589069441_SIZE_1_1.0_1
GEN_67_FIT_0.7724538589069441_0.7724538589069441_0.7724538589069441_SIZE_1_1.0_1
GEN_68_FIT_0.7724538589069441_0.7724538589069441_0.7724538589069441_SIZE_1_1.0_1
Evaluating in sample:
[GEN_68|make_tuple(9, 29, 201, 311)|0.7725]
Evaluating out-of-sample:
[GEN_68|make_tuple(9, 29, 201, 311)|0.8261]
Stopped early in iteration 68, no improvement in 20 gens.
START_TASK: 11
