Starting problem: mlr_svm
param:age_regularization:100000.0
param:algorithm:mupluslambda
param:constants_only:True
param:cxpb:0.25
param:early_stop_n:20
param:lambda_:100
param:max_number_operators:None
param:max_start_size:2
param:mu:20
param:ngen:300
param:optimize_constants:False
param:output_file:/home/gijsbers/symbolicdefaults/runs/mlr_svm_True_15.log
param:problem:mlr_svm
param:subset:1.0
param:task:None
param:warm_start:False
Benchmark problems: mlr_svm
Loading surrogates from file.
START_TASK: 3
GEN_0_FIT_0.7339106482077168_0.7941697741345914_0.8585910543192007_SIZE_1_1.9_6
GEN_1_FIT_0.8292208567315593_0.850943529313772_0.8591884402751436_SIZE_1_1.2_2
GEN_2_FIT_0.8563533700855135_0.8578410378504133_0.8591884402751436_SIZE_1_1.3_2
GEN_3_FIT_0.858740904751066_0.8590883620083671_0.8593054721097677_SIZE_1_1.1_2
GEN_4_FIT_0.8591884402751436_0.8592636405975036_0.8595527248437096_SIZE_1_1.0_1
GEN_5_FIT_0.859291511138581_0.8594453460295949_0.8599624445428697_SIZE_1_1.0_1
GEN_6_FIT_0.8594997443427657_0.8596835683435607_0.8600038478155335_SIZE_1_1.0_1
GEN_7_FIT_0.8598284326396038_0.8599432539422471_0.8601358400026684_SIZE_1_1.05_2
GEN_8_FIT_0.8600086627161156_0.8600494846738268_0.8602956645490195_SIZE_1_1.0_1
GEN_9_FIT_0.8600190413589417_0.8601364906771414_0.8602956645490195_SIZE_1_1.05_2
GEN_10_FIT_0.8601914371175859_0.8602377808004074_0.8602956645490195_SIZE_1_1.1_2
GEN_11_FIT_0.8602723362880637_0.8602947548441087_0.8603053101596388_SIZE_1_1.05_2
GEN_12_FIT_0.8602956645490195_0.8602980759516743_0.8603053101596388_SIZE_1_1.05_2
GEN_13_FIT_0.8602956645490195_0.8603024164764532_0.8603053101596388_SIZE_1_1.1_2
GEN_14_FIT_0.8603053101596388_0.8603069598399372_0.8603383037656055_SIZE_1_1.0_1
GEN_15_FIT_0.8603053101596388_0.860307803988688_0.8603383037656055_SIZE_1_1.0_1
GEN_16_FIT_0.8603053101596388_0.8603122635976739_0.8603383037656055_SIZE_1_1.0_1
GEN_17_FIT_0.8603053101596388_0.8603209053332105_0.8603383037656055_SIZE_1_1.05_2
GEN_18_FIT_0.8603221931346535_0.8603278587712456_0.8603383037656055_SIZE_1_1.15_2
GEN_19_FIT_0.8603221931346535_0.8603321908271779_0.8603383037656055_SIZE_1_1.25_2
GEN_20_FIT_0.8603277427833631_0.8603356371910678_0.8603483381683052_SIZE_1_1.1_2
Evaluating in sample:
[GEN_20|make_tuple(185, 0.002485381233128343)|0.8603]
Evaluating out-of-sample:
[GEN_20|make_tuple(185, 0.002485381233128343)|0.9297]
GEN_21_FIT_0.8603383037656055_0.8603396372721599_0.8603483381683052_SIZE_1_1.0_1
GEN_22_FIT_0.8603383037656055_0.8603409707787144_0.8603483381683052_SIZE_1_1.0_1
GEN_23_FIT_0.8603383037656055_0.8603469380784876_0.8603518456715048_SIZE_1_1.05_2
GEN_24_FIT_0.8603483381683052_0.8603506392003908_0.860360664384891_SIZE_1_1.0_1
GEN_25_FIT_0.8603506299821913_0.8603566714703212_0.8603618800742046_SIZE_1_1.0_1
GEN_26_FIT_0.8603549394939954_0.8603607428471403_0.8603618800742046_SIZE_1_1.05_2
GEN_27_FIT_0.860360664384891_0.860361819289739_0.8603618800742046_SIZE_1_1.0_1
GEN_28_FIT_0.8603618800742046_0.8603618800742046_0.8603618800742046_SIZE_1_1.0_1
GEN_29_FIT_0.8603618800742046_0.8603618800742046_0.8603618800742046_SIZE_1_1.0_1
GEN_30_FIT_0.8603618800742046_0.8603618800742046_0.8603618800742046_SIZE_1_1.0_1
GEN_31_FIT_0.8603618800742046_0.8603618800742046_0.8603618800742046_SIZE_1_1.0_1
GEN_32_FIT_0.8603618800742046_0.8603618800742046_0.8603618800742046_SIZE_1_1.0_1
GEN_33_FIT_0.8603618800742046_0.8603618800742046_0.8603618800742046_SIZE_1_1.0_1
GEN_34_FIT_0.8603618800742046_0.8603618800742046_0.8603618800742046_SIZE_1_1.0_1
GEN_35_FIT_0.8603618800742046_0.8603618800742046_0.8603618800742046_SIZE_1_1.0_1
GEN_36_FIT_0.8603618800742046_0.8603618800742046_0.8603618800742046_SIZE_1_1.0_1
GEN_37_FIT_0.8603618800742046_0.8603618800742046_0.8603618800742046_SIZE_1_1.0_1
GEN_38_FIT_0.8603618800742046_0.8603618800742046_0.8603618800742046_SIZE_1_1.0_1
GEN_39_FIT_0.8603618800742046_0.8603618800742046_0.8603618800742046_SIZE_1_1.0_1
GEN_40_FIT_0.8603618800742046_0.8603618800742046_0.8603618800742046_SIZE_1_1.0_1
Evaluating in sample:
[GEN_40|make_tuple(180, 0.002485381233128343)|0.8604]
Evaluating out-of-sample:
[GEN_40|make_tuple(180, 0.002485381233128343)|0.9293]
GEN_41_FIT_0.8603618800742046_0.8603618800742046_0.8603618800742046_SIZE_1_1.0_1
GEN_42_FIT_0.8603618800742046_0.8603618800742046_0.8603618800742046_SIZE_1_1.0_1
GEN_43_FIT_0.8603618800742046_0.8603618800742046_0.8603618800742046_SIZE_1_1.0_1
GEN_44_FIT_0.8603618800742046_0.8603618800742046_0.8603618800742046_SIZE_1_1.0_1
GEN_45_FIT_0.8603618800742046_0.8603618800742046_0.8603618800742046_SIZE_1_1.0_1
GEN_46_FIT_0.8603618800742046_0.8603618800742046_0.8603618800742046_SIZE_1_1.0_1
Evaluating in sample:
[GEN_46|make_tuple(180, 0.002485381233128343)|0.8604]
Evaluating out-of-sample:
[GEN_46|make_tuple(180, 0.002485381233128343)|0.9293]
Stopped early in iteration 46, no improvement in 20 gens.
START_TASK: 6
GEN_0_FIT_0.79593092572297_0.8332253338217918_0.8559305273171938_SIZE_1_2.35_8
GEN_1_FIT_0.8481942327200834_0.8508433511866011_0.8559305273171938_SIZE_1_2.8_8
GEN_2_FIT_0.8519869962854465_0.8549917530077936_0.8592845292788074_SIZE_1_4.75_8
GEN_3_FIT_0.8520788375045993_0.8562945185613721_0.8592845292788074_SIZE_1_1.9_5
GEN_4_FIT_0.8580019539972755_0.8588848874631838_0.8594664278221917_SIZE_1_1.55_3
GEN_5_FIT_0.8591376313246952_0.8593482567124016_0.8596778139792136_SIZE_1_1.4_2
GEN_6_FIT_0.8594376743932337_0.8595350710038566_0.8596778139792136_SIZE_1_1.4_3
GEN_7_FIT_0.8595699116770993_0.8596730539942026_0.8599958702923551_SIZE_1_1.6_3
GEN_8_FIT_0.8596778139792136_0.8598491273214165_0.8600510125165013_SIZE_1_1.5_3
GEN_9_FIT_0.8598577212517898_0.8600338912319305_0.8603895452094986_SIZE_1_1.4_2
GEN_10_FIT_0.859993074900752_0.8601662046921922_0.8603929211137427_SIZE_1_1.3_2
GEN_11_FIT_0.8600976061502199_0.860324578534251_0.860796481124254_SIZE_1_1.5_2
GEN_12_FIT_0.860266145931026_0.8604337743763898_0.860796481124254_SIZE_1_1.35_2
GEN_13_FIT_0.8603895452094986_0.8606445143444963_0.8608184473755595_SIZE_1_1.6_2
GEN_14_FIT_0.8604201553732497_0.8606235394066074_0.8610768900790489_SIZE_1_1.4_2
GEN_15_FIT_0.8604280281747341_0.8606005329087243_0.8610789167129675_SIZE_1_1.25_2
GEN_16_FIT_0.8604931983308647_0.8606717000294305_0.8610789167129675_SIZE_1_1.35_3
GEN_17_FIT_0.8604960402389659_0.8609188170678991_0.8611513511713791_SIZE_1_2.05_4
GEN_18_FIT_0.8604974780893534_0.8609427678300365_0.8611532056350707_SIZE_1_2.1_4
GEN_19_FIT_0.8605013934792742_0.8608368764130784_0.8612484460756614_SIZE_1_1.55_3
GEN_20_FIT_0.86064061169217_0.8610439715822021_0.8614614264159421_SIZE_1_1.7_3
Evaluating in sample:
[GEN_20|make_tuple(767, 0.0010342956513471732)|0.8609]
[GEN_20|make_tuple(add(651, 452), 0.0013504373756225573)|0.8615]
Evaluating out-of-sample:
[GEN_20|make_tuple(767, 0.0010342956513471732)|0.9250]
[GEN_20|make_tuple(add(651, 452), 0.0013504373756225573)|0.9409]
GEN_21_FIT_0.8607692418701907_0.8610968719147808_0.8614614264159421_SIZE_1_1.55_3
GEN_22_FIT_0.8609170245036081_0.8610260687130736_0.8614614264159421_SIZE_1_1.25_3
GEN_23_FIT_0.8609172429396064_0.8610532888086905_0.8614614264159421_SIZE_1_1.25_2
GEN_24_FIT_0.8609172429396064_0.8609461193661889_0.8614947714712584_SIZE_1_1.05_2
GEN_25_FIT_0.8609172429396064_0.8609467628894574_0.8614947714712584_SIZE_1_1.05_2
GEN_26_FIT_0.8609172429396064_0.8609961829165946_0.8614947714712584_SIZE_1_1.15_2
GEN_27_FIT_0.8609172429396064_0.8610735588029769_0.8614947714712584_SIZE_1_1.4_3
GEN_28_FIT_0.861046486496035_0.8613125868800294_0.8614947714712584_SIZE_1_1.9_3
GEN_29_FIT_0.8610582096110017_0.8613605857626225_0.8614947714712584_SIZE_1_1.9_2
GEN_30_FIT_0.8610903617075059_0.8614543304948832_0.8614947714712584_SIZE_1_1.9_2
GEN_31_FIT_0.8610903617075059_0.8614543304948832_0.8614947714712584_SIZE_1_1.9_2
GEN_32_FIT_0.8610903617075059_0.8614543304948832_0.8614947714712584_SIZE_1_1.9_2
GEN_33_FIT_0.8611105758967076_0.8614755616925308_0.8614947714712584_SIZE_1_1.95_2
GEN_34_FIT_0.8610135842968165_0.8614525587062367_0.8615053351955378_SIZE_1_1.9_2
GEN_35_FIT_0.8610903617075059_0.8614008420676921_0.8615435878992372_SIZE_1_1.75_2
GEN_36_FIT_0.8611014094920851_0.8614100123209691_0.8615435878992372_SIZE_1_1.75_2
GEN_37_FIT_0.8611105758967076_0.8614512828703254_0.8615435878992372_SIZE_1_1.85_2
GEN_38_FIT_0.8611138919041662_0.8614604355106803_0.8615435878992372_SIZE_1_1.85_2
GEN_39_FIT_0.8612201135526835_0.8615274141819096_0.8615435878992372_SIZE_1_1.95_2
GEN_40_FIT_0.8612201135526835_0.8615112404645819_0.8615435878992372_SIZE_1_1.9_2
Evaluating in sample:
[GEN_40|make_tuple(1065, 0.0013370168843111643)|0.8612]
[GEN_40|make_tuple(add(651, 452), 0.0013370168843111643)|0.8615]
Evaluating out-of-sample:
[GEN_40|make_tuple(1065, 0.0013370168843111643)|0.9412]
[GEN_40|make_tuple(add(651, 452), 0.0013370168843111643)|0.9414]
GEN_41_FIT_0.8612217875068229_0.8615274978796167_0.8615435878992372_SIZE_1_1.95_2
GEN_42_FIT_0.8612217875068229_0.8615274978796167_0.8615435878992372_SIZE_1_1.95_2
GEN_43_FIT_0.8612201135526835_0.8615114078599959_0.8615452618533765_SIZE_1_1.9_2
GEN_44_FIT_0.8612201135526835_0.8614632214988408_0.8615452618533765_SIZE_1_1.8_3
GEN_45_FIT_0.8612201135526835_0.8613668487765302_0.8615452618533765_SIZE_1_1.55_3
GEN_46_FIT_0.8612217875068229_0.8613350035281165_0.8615452618533765_SIZE_1_1.35_2
GEN_47_FIT_0.8612739130328296_0.861531694412349_0.8615452618533765_SIZE_1_1.95_2
GEN_48_FIT_0.8612739130328296_0.8615181269713217_0.8615452618533765_SIZE_1_1.9_2
GEN_49_FIT_0.8612739130328296_0.8615181269713217_0.8615452618533765_SIZE_1_1.9_2
GEN_50_FIT_0.8612739130328296_0.8615181269713217_0.8615452618533765_SIZE_1_1.9_2
GEN_51_FIT_0.8612739130328296_0.8615181269713217_0.8615452618533765_SIZE_1_1.9_2
GEN_52_FIT_0.8612739130328296_0.8615181269713217_0.8615452618533765_SIZE_1_1.9_2
GEN_53_FIT_0.8612739130328296_0.8615181269713217_0.8615452618533765_SIZE_1_1.9_2
GEN_54_FIT_0.8612739130328296_0.8615181269713217_0.8615452618533765_SIZE_1_1.9_2
GEN_55_FIT_0.8612739130328296_0.8615181269713217_0.8615452618533765_SIZE_1_1.9_2
GEN_56_FIT_0.8612739130328296_0.8615181269713217_0.8615452618533765_SIZE_1_1.9_2
GEN_57_FIT_0.8613091644308359_0.8615334569822494_0.8615452618533765_SIZE_1_1.95_2
GEN_58_FIT_0.8613091644308359_0.8615216521111224_0.8615452618533765_SIZE_1_1.9_2
GEN_59_FIT_0.8613091644308359_0.8615216521111224_0.8615452618533765_SIZE_1_1.9_2
GEN_60_FIT_0.8613091644308359_0.8615216521111224_0.8615452618533765_SIZE_1_1.9_2
Evaluating in sample:
[GEN_60|make_tuple(1109, 0.001337439017583913)|0.8613]
[GEN_60|make_tuple(add(651, 452), 0.001337439017583913)|0.8615]
Evaluating out-of-sample:
[GEN_60|make_tuple(1109, 0.001337439017583913)|0.9414]
[GEN_60|make_tuple(add(651, 452), 0.001337439017583913)|0.9414]
GEN_61_FIT_0.8613091644308359_0.8615216521111224_0.8615452618533765_SIZE_1_1.9_2
GEN_62_FIT_0.8613091644308359_0.8615216521111224_0.8615452618533765_SIZE_1_1.9_2
GEN_63_FIT_0.8613091644308359_0.8615216521111224_0.8615452618533765_SIZE_1_1.9_2
GEN_64_FIT_0.8613091644308359_0.8615216521111224_0.8615452618533765_SIZE_1_1.9_2
Evaluating in sample:
[GEN_64|make_tuple(1109, 0.001337439017583913)|0.8613]
[GEN_64|make_tuple(add(651, 452), 0.001337439017583913)|0.8615]
Evaluating out-of-sample:
[GEN_64|make_tuple(1109, 0.001337439017583913)|0.9414]
[GEN_64|make_tuple(add(651, 452), 0.001337439017583913)|0.9414]
Stopped early in iteration 64, no improvement in 20 gens.
START_TASK: 11
GEN_0_FIT_0.708354951208248_0.7974561935080119_0.8602050897175142_SIZE_1_3.3_8
GEN_1_FIT_0.7710048436704128_0.8334802204543047_0.8602050897175142_SIZE_1_2.6_6
GEN_2_FIT_0.8467680396127593_0.8574471151453258_0.860507709961414_SIZE_1_2.15_3
GEN_3_FIT_0.8598366199173084_0.8602281952091987_0.8606311334368052_SIZE_1_2.2_4
GEN_4_FIT_0.8598441258477348_0.860382082486811_0.8606311334368052_SIZE_1_1.35_4
GEN_5_FIT_0.860507709961414_0.860598287626113_0.8607354674929086_SIZE_1_1.0_1
GEN_6_FIT_0.8606311334368052_0.8606933268219065_0.8607821579181043_SIZE_1_1.0_1
GEN_7_FIT_0.8607545876924187_0.8607933489787513_0.8609430501499535_SIZE_1_1.05_2
GEN_8_FIT_0.8607821579181043_0.8608699362583202_0.8611795677984259_SIZE_1_1.05_2
GEN_9_FIT_0.8609388267258834_0.8610144184138611_0.8614346924084415_SIZE_1_1.1_2
GEN_10_FIT_0.8609675236339642_0.8612565829808592_0.8614827195053294_SIZE_1_1.3_3
GEN_11_FIT_0.8613916150177393_0.8614704334561539_0.8616113158845514_SIZE_1_1.3_3
GEN_12_FIT_0.8614827195053294_0.861495948125617_0.86161796766983_SIZE_1_1.0_1
GEN_13_FIT_0.8614827195053294_0.8615089351393947_0.86161796766983_SIZE_1_1.05_2
GEN_14_FIT_0.8614830834363452_0.8615733497485673_0.8616388390689282_SIZE_1_1.0_1
GEN_15_FIT_0.8616113158845514_0.8616229903368302_0.8616388390689282_SIZE_1_1.1_2
GEN_16_FIT_0.86161796766983_0.8616377954989731_0.8616388390689282_SIZE_1_1.05_2
GEN_17_FIT_0.8616388390689282_0.8616432941641285_0.8617279409729384_SIZE_1_1.0_1
GEN_18_FIT_0.8616388390689282_0.8616566594497301_0.8617279409729384_SIZE_1_1.0_1
GEN_19_FIT_0.8616388390689282_0.8616878451161337_0.8617279409729384_SIZE_1_1.0_1
GEN_20_FIT_0.8617279409729384_0.8617279409729383_0.8617279409729384_SIZE_1_1.0_1
Evaluating in sample:
[GEN_20|make_tuple(1073, 0.0010430384877976925)|0.8617]
Evaluating out-of-sample:
[GEN_20|make_tuple(1073, 0.0010430384877976925)|0.8948]
GEN_21_FIT_0.8617279409729384_0.8617279409729383_0.8617279409729384_SIZE_1_1.0_1
GEN_22_FIT_0.8617279409729384_0.8617279409729383_0.8617279409729384_SIZE_1_1.0_1
GEN_23_FIT_0.8617279409729384_0.8617279409729383_0.8617279409729384_SIZE_1_1.0_1
GEN_24_FIT_0.8617279409729384_0.8617328277028689_0.8617772677347525_SIZE_1_1.0_1
GEN_25_FIT_0.8617279409729384_0.8617426471089807_0.8617772677347525_SIZE_1_1.0_1
GEN_26_FIT_0.8617279409729384_0.8617695011504732_0.8617772677347525_SIZE_1_1.0_1
GEN_27_FIT_0.8617772677347525_0.8617772677347524_0.8617772677347525_SIZE_1_1.0_1
GEN_28_FIT_0.8617772677347525_0.8617772677347524_0.8617772677347525_SIZE_1_1.0_1
GEN_29_FIT_0.8617772677347525_0.8617772677347524_0.8617772677347525_SIZE_1_1.0_1
GEN_30_FIT_0.8617772677347525_0.8617772677347524_0.8617772677347525_SIZE_1_1.0_1
GEN_31_FIT_0.8617772677347525_0.8617772677347524_0.8617772677347525_SIZE_1_1.0_1
GEN_32_FIT_0.8617772677347525_0.8617772677347524_0.8617772677347525_SIZE_1_1.0_1
GEN_33_FIT_0.8617772677347525_0.8617772677347524_0.8617772677347525_SIZE_1_1.0_1
GEN_34_FIT_0.8617772677347525_0.8617772677347524_0.8617772677347525_SIZE_1_1.0_1
GEN_35_FIT_0.8617772677347525_0.8617772677347524_0.8617772677347525_SIZE_1_1.0_1
GEN_36_FIT_0.8617772677347525_0.8617772677347524_0.8617772677347525_SIZE_1_1.0_1
GEN_37_FIT_0.8617772677347525_0.8617772677347524_0.8617772677347525_SIZE_1_1.0_1
GEN_38_FIT_0.8617772677347525_0.8617772677347524_0.8617772677347525_SIZE_1_1.0_1
GEN_39_FIT_0.8617772677347525_0.8617772677347524_0.8617772677347525_SIZE_1_1.0_1
GEN_40_FIT_0.8617772677347525_0.8617772677347524_0.8617772677347525_SIZE_1_1.0_1
Evaluating in sample:
[GEN_40|make_tuple(1073, 0.001047074333253254)|0.8618]
Evaluating out-of-sample:
[GEN_40|make_tuple(1073, 0.001047074333253254)|0.8948]
GEN_41_FIT_0.8617772677347525_0.8617772677347524_0.8617772677347525_SIZE_1_1.0_1
GEN_42_FIT_0.8617772677347525_0.8617772677347524_0.8617772677347525_SIZE_1_1.0_1
GEN_43_FIT_0.8617772677347525_0.8617772677347524_0.8617772677347525_SIZE_1_1.0_1
GEN_44_FIT_0.8617772677347525_0.8617772677347524_0.8617772677347525_SIZE_1_1.0_1
GEN_45_FIT_0.8617772677347525_0.8617772677347524_0.8617772677347525_SIZE_1_1.0_1
Evaluating in sample:
[GEN_45|make_tuple(1073, 0.001047074333253254)|0.8618]
Evaluating out-of-sample:
[GEN_45|make_tuple(1073, 0.001047074333253254)|0.8948]
Stopped early in iteration 45, no improvement in 20 gens.
START_TASK: 12
GEN_0_FIT_0.7533453495845622_0.8189923991286641_0.8461128657058085_SIZE_1_3.35_9
GEN_1_FIT_0.8319537452321296_0.8428787052096528_0.8580129528021356_SIZE_1_2.25_6
GEN_2_FIT_0.8345767607042954_0.8486741410177618_0.8582935644368482_SIZE_1_1.5_3
GEN_3_FIT_0.8506752207802816_0.8576158063438882_0.8593003959577311_SIZE_1_1.6_3
GEN_4_FIT_0.8584889697557883_0.8589885405731478_0.8593003959577311_SIZE_1_1.45_3
GEN_5_FIT_0.8593003959577311_0.8593143031825186_0.8594517911944705_SIZE_1_1.05_2
GEN_6_FIT_0.8593003959577311_0.8593675436267463_0.8594517911944705_SIZE_1_1.2_2
GEN_7_FIT_0.8594032282892257_0.8594624529102844_0.8596648177833593_SIZE_1_1.45_2
GEN_8_FIT_0.8594517911944705_0.8595403732496262_0.8596827141639142_SIZE_1_1.4_3
GEN_9_FIT_0.8596450528970322_0.8596623023724371_0.8596828763714632_SIZE_1_1.45_2
GEN_10_FIT_0.859655045677654_0.8596732854787289_0.8596828763714632_SIZE_1_1.05_2
GEN_11_FIT_0.8596827141639142_0.8596832332705221_0.8596921230507787_SIZE_1_1.0_1
GEN_12_FIT_0.8596828763714632_0.8596852043451474_0.859692286089332_SIZE_1_1.0_1
GEN_13_FIT_0.8596828763714632_0.8596884895944739_0.859692286089332_SIZE_1_1.0_1
GEN_14_FIT_0.859692286089332_0.859692286089332_0.859692286089332_SIZE_1_1.0_1
GEN_15_FIT_0.859692286089332_0.859692286089332_0.859692286089332_SIZE_1_1.0_1
GEN_16_FIT_0.859692286089332_0.859692286089332_0.859692286089332_SIZE_1_1.0_1
GEN_17_FIT_0.859692286089332_0.859692286089332_0.859692286089332_SIZE_1_1.0_1
GEN_18_FIT_0.859692286089332_0.859692286089332_0.859692286089332_SIZE_1_1.0_1
GEN_19_FIT_0.859692286089332_0.859692286089332_0.859692286089332_SIZE_1_1.0_1
GEN_20_FIT_0.859692286089332_0.859692286089332_0.859692286089332_SIZE_1_1.0_1
Evaluating in sample:
[GEN_20|make_tuple(180, 0.0024814499494699885)|0.8597]
Evaluating out-of-sample:
[GEN_20|make_tuple(180, 0.0024814499494699885)|0.9988]
GEN_21_FIT_0.859692286089332_0.8596923076053707_0.8596927164101081_SIZE_1_1.05_2
GEN_22_FIT_0.859692286089332_0.8596923291214095_0.8596927164101081_SIZE_1_1.1_2
GEN_23_FIT_0.859692286089332_0.8596923291214095_0.8596927164101081_SIZE_1_1.1_2
GEN_24_FIT_0.859692286089332_0.8596923291214095_0.8596927164101081_SIZE_1_1.1_2
GEN_25_FIT_0.859692286089332_0.8596923291214095_0.8596927164101081_SIZE_1_1.1_2
GEN_26_FIT_0.859692286089332_0.8596923291214095_0.8596927164101081_SIZE_1_1.1_2
GEN_27_FIT_0.859692286089332_0.8596923291214095_0.8596927164101081_SIZE_1_1.1_2
GEN_28_FIT_0.859692286089332_0.8596924758566065_0.8596960814348227_SIZE_1_1.05_2
GEN_29_FIT_0.859692286089332_0.859692665623881_0.8596960814348227_SIZE_1_1.1_2
GEN_30_FIT_0.859692286089332_0.859692665623881_0.8596960814348227_SIZE_1_1.1_2
GEN_31_FIT_0.859692286089332_0.859692665623881_0.8596960814348227_SIZE_1_1.1_2
GEN_32_FIT_0.859692286089332_0.859692665623881_0.8596960814348227_SIZE_1_1.1_2
GEN_33_FIT_0.859692286089332_0.859692665623881_0.8596960814348227_SIZE_1_1.1_2
GEN_34_FIT_0.859692286089332_0.859692665623881_0.8596960814348227_SIZE_1_1.1_2
GEN_35_FIT_0.859692286089332_0.859692665623881_0.8596960814348227_SIZE_1_1.1_2
GEN_36_FIT_0.859692286089332_0.859692665623881_0.8596960814348227_SIZE_1_1.1_2
GEN_37_FIT_0.859692286089332_0.859692665623881_0.8596960814348227_SIZE_1_1.1_2
GEN_38_FIT_0.859692286089332_0.859692665623881_0.8596960814348227_SIZE_1_1.1_2
GEN_39_FIT_0.859692286089332_0.859692665623881_0.8596960814348227_SIZE_1_1.1_2
GEN_40_FIT_0.859692286089332_0.8596930854707845_0.8596960814348227_SIZE_1_1.2_2
Evaluating in sample:
[GEN_40|make_tuple(180, 0.002482300205864391)|0.8597]
[GEN_40|make_tuple(add(0.39492204561300825, 181), 0.0024814499494699885)|0.8597]
Evaluating out-of-sample:
[GEN_40|make_tuple(180, 0.002482300205864391)|0.9988]
[GEN_40|make_tuple(add(0.39492204561300825, 181), 0.0024814499494699885)|0.9988]
GEN_41_FIT_0.859692286089332_0.8596936950849623_0.8596960814348227_SIZE_1_1.4_3
GEN_42_FIT_0.859692286089332_0.8596932182438947_0.8596968885129134_SIZE_1_1.15_2
GEN_43_FIT_0.8596930923364182_0.8596934719540676_0.8596968885129134_SIZE_1_1.1_2
GEN_44_FIT_0.8596930923364182_0.8596934719540676_0.8596968885129134_SIZE_1_1.1_2
GEN_45_FIT_0.8596930923364182_0.8596934719540676_0.8596968885129134_SIZE_1_1.1_2
GEN_46_FIT_0.8596930923364182_0.8596934719540676_0.8596968885129134_SIZE_1_1.1_2
GEN_47_FIT_0.8596930923364182_0.8596934719540676_0.8596968885129134_SIZE_1_1.1_2
GEN_48_FIT_0.8596930923364182_0.8596946852840273_0.8596968885129134_SIZE_1_1.4_2
GEN_49_FIT_0.8596930923364182_0.8596944137655969_0.8596983780531332_SIZE_1_1.25_2
GEN_50_FIT_0.8596930923364182_0.8596950504364875_0.8596983780531332_SIZE_1_1.3_2
GEN_51_FIT_0.8596945818766379_0.8596949614942876_0.8596983780531332_SIZE_1_1.1_2
GEN_52_FIT_0.8596945818766379_0.8596949614942876_0.8596983780531332_SIZE_1_1.1_2
GEN_53_FIT_0.8596945818766379_0.8596949614942876_0.8596983780531332_SIZE_1_1.1_2
GEN_54_FIT_0.8596945818766379_0.8596949614942876_0.8596983780531332_SIZE_1_1.1_2
GEN_55_FIT_0.8596945818766379_0.8596949614942876_0.8596983780531332_SIZE_1_1.1_2
GEN_56_FIT_0.8596945818766379_0.8596949614942876_0.8596983780531332_SIZE_1_1.1_2
GEN_57_FIT_0.8596945818766379_0.8596949614942876_0.8596983780531332_SIZE_1_1.1_2
GEN_58_FIT_0.8596945818766379_0.8596949614942876_0.8596983780531332_SIZE_1_1.1_2
GEN_59_FIT_0.8596945818766379_0.8596949614942876_0.8596983780531332_SIZE_1_1.1_2
GEN_60_FIT_0.8596945818766379_0.8596949614942876_0.8596983780531332_SIZE_1_1.1_2
Evaluating in sample:
[GEN_60|make_tuple(180, 0.0024911173786583926)|0.8597]
[GEN_60|make_tuple(add(0.3779294076702067, 181), 0.0024911173786583926)|0.8597]
Evaluating out-of-sample:
[GEN_60|make_tuple(180, 0.0024911173786583926)|0.9988]
[GEN_60|make_tuple(add(0.3779294076702067, 181), 0.0024911173786583926)|0.9988]
GEN_61_FIT_0.8596945818766379_0.8596949614942876_0.8596983780531332_SIZE_1_1.1_2
GEN_62_FIT_0.8596945818766379_0.8596949614942876_0.8596983780531332_SIZE_1_1.1_2
GEN_63_FIT_0.8596945818766379_0.8596949614942876_0.8596983780531332_SIZE_1_1.1_2
GEN_64_FIT_0.8596945818766379_0.8596949614942876_0.8596983780531332_SIZE_1_1.1_2
GEN_65_FIT_0.8596945818766379_0.8596949614942876_0.8596983780531332_SIZE_1_1.1_2
GEN_66_FIT_0.8596945818766379_0.8596949614942876_0.8596983780531332_SIZE_1_1.1_2
GEN_67_FIT_0.8596945818766379_0.8596949614942876_0.8596983780531332_SIZE_1_1.1_2
GEN_68_FIT_0.8596945818766379_0.8596949614942876_0.8596983780531332_SIZE_1_1.1_2
GEN_69_FIT_0.8596945818766379_0.8596949614942876_0.8596983780531332_SIZE_1_1.1_2
GEN_70_FIT_0.8596945818766379_0.8596949614942876_0.8596983780531332_SIZE_1_1.1_2
Evaluating in sample:
[GEN_70|make_tuple(180, 0.0024911173786583926)|0.8597]
[GEN_70|make_tuple(add(0.3779294076702067, 181), 0.0024911173786583926)|0.8597]
Evaluating out-of-sample:
[GEN_70|make_tuple(180, 0.0024911173786583926)|0.9988]
[GEN_70|make_tuple(add(0.3779294076702067, 181), 0.0024911173786583926)|0.9988]
Stopped early in iteration 70, no improvement in 20 gens.
START_TASK: 14
GEN_0_FIT_0.6552950092243766_0.771635140577714_0.847339272378195_SIZE_1_3.25_11
GEN_1_FIT_0.7864455010475285_0.8298791026585051_0.8577789852216543_SIZE_1_2.15_3
GEN_2_FIT_0.8529489868583517_0.8567477566654308_0.8577789852216543_SIZE_1_2.3_3
GEN_3_FIT_0.8549171161999727_0.8574294734148848_0.8589177075561372_SIZE_1_1.9_4
GEN_4_FIT_0.8580743010375953_0.8585408226113588_0.8591992118303526_SIZE_1_1.95_4
GEN_5_FIT_0.8587560590397784_0.8590773044166543_0.8595005634881535_SIZE_1_1.8_3
GEN_6_FIT_0.8591992118303526_0.8592897743389376_0.8595005634881535_SIZE_1_2.0_4
GEN_7_FIT_0.859232404984942_0.8593375913240285_0.8595005634881535_SIZE_1_1.6_4
GEN_8_FIT_0.8593168441211266_0.8594074300066783_0.8595656501132156_SIZE_1_1.4_3
GEN_9_FIT_0.8594271158446116_0.8595348700819997_0.8596408737689722_SIZE_1_1.65_4
GEN_10_FIT_0.859563797421021_0.859595157291059_0.8596408737689722_SIZE_1_1.75_3
GEN_11_FIT_0.8596274313492657_0.8596348590836882_0.8596408737689722_SIZE_1_1.2_2
GEN_12_FIT_0.8596408737689722_0.8596445849531497_0.8596858121067563_SIZE_1_1.0_1
GEN_13_FIT_0.8596408737689722_0.8596505430542166_0.8596858121067563_SIZE_1_1.0_1
GEN_14_FIT_0.8596408737689722_0.8596692049872724_0.8596858121067563_SIZE_1_1.1_2
GEN_15_FIT_0.8596742999963584_0.8596926546192473_0.8597384977719804_SIZE_1_1.15_2
GEN_16_FIT_0.8596858121067563_0.8597091600037935_0.8597384977719804_SIZE_1_1.15_2
GEN_17_FIT_0.8597327728810849_0.8597343256727401_0.859739713461294_SIZE_1_1.1_2
GEN_18_FIT_0.8597327728810849_0.8597374743627327_0.859739713461294_SIZE_1_1.1_2
GEN_19_FIT_0.8597384977719804_0.8597386193409118_0.859739713461294_SIZE_1_1.1_2
GEN_20_FIT_0.8597384977719804_0.8597387409098433_0.859739713461294_SIZE_1_1.1_2
Evaluating in sample:
[GEN_20|make_tuple(180, 0.0024873708818318714)|0.8597]
Evaluating out-of-sample:
[GEN_20|make_tuple(180, 0.0024873708818318714)|0.9938]
GEN_21_FIT_0.8597384977719804_0.8597388016943089_0.859739713461294_SIZE_1_1.1_2
GEN_22_FIT_0.8597384977719804_0.8597394703234313_0.859739713461294_SIZE_1_1.1_2
GEN_23_FIT_0.859739713461294_0.8597400130326308_0.8597457048880296_SIZE_1_1.0_1
GEN_24_FIT_0.859739713461294_0.8597403126039677_0.8597457048880296_SIZE_1_1.0_1
GEN_25_FIT_0.859739713461294_0.8597406729597701_0.8597469205773431_SIZE_1_1.0_1
GEN_26_FIT_0.859739713461294_0.8597430738814559_0.8597469205773431_SIZE_1_1.05_2
GEN_27_FIT_0.8597457048880296_0.8597467382239461_0.8597469205773431_SIZE_1_1.1_2
GEN_28_FIT_0.8597469205773431_0.8597469205773433_0.8597469205773431_SIZE_1_1.0_1
GEN_29_FIT_0.8597469205773431_0.8597469205773433_0.8597469205773431_SIZE_1_1.0_1
GEN_30_FIT_0.8597469205773431_0.8597469205773433_0.8597469205773431_SIZE_1_1.0_1
GEN_31_FIT_0.8597469205773431_0.8597471285082847_0.8597510791961732_SIZE_1_1.0_1
GEN_32_FIT_0.8597469205773431_0.8597475443701678_0.8597510791961732_SIZE_1_1.0_1
GEN_33_FIT_0.8597469205773431_0.8597489998867582_0.8597510791961732_SIZE_1_1.05_2
GEN_34_FIT_0.8597469205773431_0.8597506633342903_0.8597510791961732_SIZE_1_1.05_2
GEN_35_FIT_0.8597510791961732_0.8597510791961731_0.8597510791961732_SIZE_1_1.0_1
GEN_36_FIT_0.8597510791961732_0.8597510791961731_0.8597510791961732_SIZE_1_1.0_1
GEN_37_FIT_0.8597510791961732_0.8597510791961731_0.8597510791961732_SIZE_1_1.0_1
GEN_38_FIT_0.8597510791961732_0.8597510791961731_0.8597510791961732_SIZE_1_1.0_1
GEN_39_FIT_0.8597510791961732_0.8597510791961731_0.8597510791961732_SIZE_1_1.0_1
GEN_40_FIT_0.8597510791961732_0.8597510791961731_0.8597510791961732_SIZE_1_1.0_1
Evaluating in sample:
[GEN_40|make_tuple(180, 0.00248463858938034)|0.8598]
Evaluating out-of-sample:
[GEN_40|make_tuple(180, 0.00248463858938034)|0.9938]
GEN_41_FIT_0.8597510791961732_0.8597510791961731_0.8597510791961732_SIZE_1_1.0_1
GEN_42_FIT_0.8597510791961732_0.8597510791961731_0.8597510791961732_SIZE_1_1.0_1
GEN_43_FIT_0.8597510791961732_0.8597510791961731_0.8597510791961732_SIZE_1_1.0_1
GEN_44_FIT_0.8597510791961732_0.8597510791961731_0.8597510791961732_SIZE_1_1.0_1
GEN_45_FIT_0.8597510791961732_0.8597510791961731_0.8597510791961732_SIZE_1_1.0_1
GEN_46_FIT_0.8597510791961732_0.8597510791961731_0.8597510791961732_SIZE_1_1.0_1
GEN_47_FIT_0.8597510791961732_0.8597510791961731_0.8597510791961732_SIZE_1_1.0_1
GEN_48_FIT_0.8597510791961732_0.8597510791961731_0.8597510791961732_SIZE_1_1.0_1
GEN_49_FIT_0.8597510791961732_0.8597510791961731_0.8597510791961732_SIZE_1_1.0_1
GEN_50_FIT_0.8597510791961732_0.8597510791961731_0.8597510791961732_SIZE_1_1.0_1
GEN_51_FIT_0.8597510791961732_0.8597510791961731_0.8597510791961732_SIZE_1_1.0_1
GEN_52_FIT_0.8597510791961732_0.8597510791961731_0.8597510791961732_SIZE_1_1.0_1
Evaluating in sample:
[GEN_52|make_tuple(180, 0.00248463858938034)|0.8598]
Evaluating out-of-sample:
[GEN_52|make_tuple(180, 0.00248463858938034)|0.9938]
Stopped early in iteration 52, no improvement in 20 gens.
START_TASK: 15
GEN_0_FIT_0.7756999311212593_0.8228938393368861_0.859821834198009_SIZE_1_2.15_7
GEN_1_FIT_0.8534501652016016_0.8566870845864333_0.859821834198009_SIZE_1_1.7_6
GEN_2_FIT_0.8573841405040691_0.858301675641904_0.859821834198009_SIZE_1_2.75_6
GEN_3_FIT_0.8583861972442692_0.8596774361562639_0.8602412376416445_SIZE_1_2.8_5
GEN_4_FIT_0.8595207258761712_0.8599803674033737_0.860520861260044_SIZE_1_2.1_4
GEN_5_FIT_0.8596200375417195_0.8603968972935057_0.860520861260044_SIZE_1_3.3_5
GEN_6_FIT_0.859804447943938_0.860299204391799_0.8608960783787585_SIZE_1_2.1_4
GEN_7_FIT_0.8598064240677891_0.8603935356503299_0.8608960783787585_SIZE_1_2.15_4
GEN_8_FIT_0.8598908191784553_0.8602440549908346_0.8608960783787585_SIZE_1_1.6_4
GEN_9_FIT_0.8598918464480424_0.8602753635751343_0.8608960783787585_SIZE_1_1.55_3
GEN_10_FIT_0.8599479736686825_0.86051790364588_0.8608960783787585_SIZE_1_1.9_3
GEN_11_FIT_0.8599661468551322_0.8607177884926068_0.8609737635947442_SIZE_1_1.95_4
GEN_12_FIT_0.8599911736363779_0.8607650889742047_0.8609737635947442_SIZE_1_1.9_3
GEN_13_FIT_0.8599911736363779_0.8606429056812545_0.8609737635947442_SIZE_1_1.85_3
GEN_14_FIT_0.8599953566602057_0.8607569754015433_0.8609826029066827_SIZE_1_1.9_3
GEN_15_FIT_0.8600007213940851_0.8608442127338627_0.8610624380276165_SIZE_1_1.95_3
GEN_16_FIT_0.8600078939128478_0.8607749759984417_0.8610624380276165_SIZE_1_1.85_3
GEN_17_FIT_0.8600720062657567_0.8610129164395236_0.8610624380276165_SIZE_1_1.95_2
GEN_18_FIT_0.8600720062657567_0.8610129164395236_0.8610624380276165_SIZE_1_1.95_2
GEN_19_FIT_0.8595950790291733_0.8609399930545509_0.8610713293266076_SIZE_1_1.9_2
GEN_20_FIT_0.8599677661580997_0.8608500493539447_0.8610713293266076_SIZE_1_1.8_2
Evaluating in sample:
[GEN_20|make_tuple(659, 0.0014248377508997042)|0.8601]
[GEN_20|make_tuple(mul(92, 12), 0.0013307395705580614)|0.8611]
Evaluating out-of-sample:
[GEN_20|make_tuple(659, 0.0014248377508997042)|0.9744]
[GEN_20|make_tuple(mul(92, 12), 0.0013307395705580614)|0.9780]
GEN_21_FIT_0.8599677661580997_0.8605327354547307_0.86112274213418_SIZE_1_1.55_3
GEN_22_FIT_0.8601360046877875_0.8609876821083577_0.86112274213418_SIZE_1_2.05_3
GEN_23_FIT_0.8601649418598979_0.8609475619013158_0.8611317249917068_SIZE_1_2.0_3
GEN_24_FIT_0.8602223671259926_0.860995561652784_0.8611317249917068_SIZE_1_2.0_3
GEN_25_FIT_0.8604351408500416_0.8610492356786545_0.8611356666757506_SIZE_1_2.05_3
GEN_26_FIT_0.8607282136465252_0.8610729607371512_0.8611356666757506_SIZE_1_2.2_3
GEN_27_FIT_0.8607282136465252_0.8610667910283556_0.8611356666757506_SIZE_1_2.65_4
GEN_28_FIT_0.8607420534051153_0.8610938575193436_0.8611356666757506_SIZE_1_2.75_3
GEN_29_FIT_0.8607266896610103_0.8610372567082237_0.8611466223118771_SIZE_1_2.25_3
GEN_30_FIT_0.8607420534051153_0.8610671237975499_0.8611466223118771_SIZE_1_2.45_4
GEN_31_FIT_0.8607420534051153_0.8610429455005966_0.8611890681360594_SIZE_1_1.9_3
GEN_32_FIT_0.8607266896610103_0.8610402235012515_0.8611907420901989_SIZE_1_2.0_3
GEN_33_FIT_0.8607420534051153_0.8609455587421515_0.8611907420901989_SIZE_1_1.7_3
GEN_34_FIT_0.860778207762605_0.8611260058449544_0.8611907420901989_SIZE_1_2.35_3
GEN_35_FIT_0.8608592489030726_0.8611248199590411_0.8611907420901989_SIZE_1_2.25_3
GEN_36_FIT_0.8608695229236354_0.8611567074649733_0.8611907420901989_SIZE_1_2.6_3
GEN_37_FIT_0.8608695229236354_0.8611111679371595_0.8611955175103007_SIZE_1_2.0_3
GEN_38_FIT_0.8608695229236354_0.8610457133827065_0.8611955175103007_SIZE_1_1.8_3
GEN_39_FIT_0.8608879469882481_0.8611639670734247_0.8611955175103007_SIZE_1_2.15_3
GEN_40_FIT_0.8611955175103007_0.8611955175103005_0.8611955175103007_SIZE_1_1.0_1
Evaluating in sample:
[GEN_40|make_tuple(1103, 0.0013374978267726276)|0.8612]
Evaluating out-of-sample:
[GEN_40|make_tuple(1103, 0.0013374978267726276)|0.9782]
GEN_41_FIT_0.8611955175103007_0.8611955175103005_0.8611955175103007_SIZE_1_1.0_1
GEN_42_FIT_0.8611955175103007_0.8611955175103005_0.8611955175103007_SIZE_1_1.0_1
GEN_43_FIT_0.8611955175103007_0.8611957641457844_0.8612001738168179_SIZE_1_1.0_1
GEN_44_FIT_0.8611955175103007_0.8611962435965943_0.8612001738168179_SIZE_1_1.0_1
GEN_45_FIT_0.8611955175103007_0.8611974214933815_0.8612001738168179_SIZE_1_1.0_1
GEN_46_FIT_0.8611957939134609_0.8611999548216499_0.8612001738168179_SIZE_1_1.0_1
GEN_47_FIT_0.8612001738168179_0.8612001738168178_0.8612001738168179_SIZE_1_1.0_1
GEN_48_FIT_0.8612001738168179_0.8612001738168178_0.8612001738168179_SIZE_1_1.0_1
GEN_49_FIT_0.8612001738168179_0.8612001738168178_0.8612001738168179_SIZE_1_1.0_1
GEN_50_FIT_0.8612001738168179_0.8612001738168178_0.8612001738168179_SIZE_1_1.0_1
GEN_51_FIT_0.8612001738168179_0.8612001738168178_0.8612001738168179_SIZE_1_1.0_1
GEN_52_FIT_0.8612001738168179_0.8612001738168178_0.8612001738168179_SIZE_1_1.0_1
GEN_53_FIT_0.8612001738168179_0.8612001738168178_0.8612001738168179_SIZE_1_1.0_1
GEN_54_FIT_0.8612001738168179_0.8612002079711006_0.8612008569024704_SIZE_1_1.0_1
GEN_55_FIT_0.8612001738168179_0.8612002762796658_0.8612008569024704_SIZE_1_1.0_1
GEN_56_FIT_0.8612001738168179_0.8612004128967963_0.8612008569024704_SIZE_1_1.0_1
GEN_57_FIT_0.8612001738168179_0.8612008227481878_0.8612008569024704_SIZE_1_1.0_1
GEN_58_FIT_0.8612008569024704_0.8612008569024704_0.8612008569024704_SIZE_1_1.0_1
GEN_59_FIT_0.8612008569024704_0.8612008569024704_0.8612008569024704_SIZE_1_1.0_1
GEN_60_FIT_0.8612008569024704_0.8612008569024704_0.8612008569024704_SIZE_1_1.0_1
Evaluating in sample:
[GEN_60|make_tuple(1103, 0.0013423424713612398)|0.8612]
Evaluating out-of-sample:
[GEN_60|make_tuple(1103, 0.0013423424713612398)|0.9782]
GEN_61_FIT_0.8612008569024704_0.8612008569024704_0.8612008569024704_SIZE_1_1.0_1
GEN_62_FIT_0.8612008569024704_0.8612008569024704_0.8612008569024704_SIZE_1_1.0_1
GEN_63_FIT_0.8612008569024704_0.8612008569024704_0.8612008569024704_SIZE_1_1.0_1
GEN_64_FIT_0.8612008569024704_0.8612008569024704_0.8612008569024704_SIZE_1_1.0_1
GEN_65_FIT_0.8612008569024704_0.8612008569024704_0.8612008569024704_SIZE_1_1.0_1
GEN_66_FIT_0.8612008569024704_0.8612008569024704_0.8612008569024704_SIZE_1_1.0_1
GEN_67_FIT_0.8612008569024704_0.8612008569024704_0.8612008569024704_SIZE_1_1.0_1
GEN_68_FIT_0.8612008569024704_0.8612008569024704_0.8612008569024704_SIZE_1_1.0_1
GEN_69_FIT_0.8612008569024704_0.8612008569024704_0.8612008569024704_SIZE_1_1.0_1
GEN_70_FIT_0.8612008569024704_0.8612008569024704_0.8612008569024704_SIZE_1_1.0_1
GEN_71_FIT_0.8612008569024704_0.8612008569024704_0.8612008569024704_SIZE_1_1.0_1
GEN_72_FIT_0.8612008569024704_0.8612008569024704_0.8612008569024704_SIZE_1_1.0_1
GEN_73_FIT_0.8612008569024704_0.8612008569024704_0.8612008569024704_SIZE_1_1.0_1
GEN_74_FIT_0.8612008569024704_0.8612008569024704_0.8612008569024704_SIZE_1_1.0_1
GEN_75_FIT_0.8612008569024704_0.8612010684140815_0.8612050871346901_SIZE_1_1.0_1
GEN_76_FIT_0.8612008569024704_0.8612019144605254_0.8612050871346901_SIZE_1_1.0_1
GEN_77_FIT_0.8612008569024704_0.8612040295766352_0.8612050871346901_SIZE_1_1.05_2
GEN_78_FIT_0.8612050871346901_0.86120508713469_0.8612050871346901_SIZE_1_1.0_1
GEN_79_FIT_0.8612050871346901_0.86120508713469_0.8612050871346901_SIZE_1_1.0_1
GEN_80_FIT_0.8612050871346901_0.86120508713469_0.8612050871346901_SIZE_1_1.0_1
Evaluating in sample:
[GEN_80|make_tuple(1103, 0.0013410502526450183)|0.8612]
Evaluating out-of-sample:
[GEN_80|make_tuple(1103, 0.0013410502526450183)|0.9782]
GEN_81_FIT_0.8612050871346901_0.86120508713469_0.8612050871346901_SIZE_1_1.0_1
GEN_82_FIT_0.8612050871346901_0.86120508713469_0.8612050871346901_SIZE_1_1.0_1
GEN_83_FIT_0.8612050871346901_0.86120508713469_0.8612050871346901_SIZE_1_1.0_1
GEN_84_FIT_0.8612050871346901_0.86120508713469_0.8612050871346901_SIZE_1_1.0_1
GEN_85_FIT_0.8612050871346901_0.86120508713469_0.8612050871346901_SIZE_1_1.0_1
GEN_86_FIT_0.8612050871346901_0.86120508713469_0.8612050871346901_SIZE_1_1.0_1
GEN_87_FIT_0.8612050871346901_0.86120508713469_0.8612050871346901_SIZE_1_1.0_1
GEN_88_FIT_0.8612050871346901_0.86120508713469_0.8612050871346901_SIZE_1_1.0_1
GEN_89_FIT_0.8612050871346901_0.86120508713469_0.8612050871346901_SIZE_1_1.0_1
GEN_90_FIT_0.8612050871346901_0.86120508713469_0.8612050871346901_SIZE_1_1.0_1
GEN_91_FIT_0.8612050871346901_0.86120508713469_0.8612050871346901_SIZE_1_1.0_1
GEN_92_FIT_0.8612050871346901_0.86120508713469_0.8612050871346901_SIZE_1_1.0_1
GEN_93_FIT_0.8612050871346901_0.86120508713469_0.8612050871346901_SIZE_1_1.0_1
GEN_94_FIT_0.8612050871346901_0.86120508713469_0.8612050871346901_SIZE_1_1.0_1
GEN_95_FIT_0.8612050871346901_0.86120508713469_0.8612050871346901_SIZE_1_1.0_1
GEN_96_FIT_0.8612050871346901_0.86120508713469_0.8612050871346901_SIZE_1_1.0_1
Evaluating in sample:
[GEN_96|make_tuple(1103, 0.0013410502526450183)|0.8612]
Evaluating out-of-sample:
[GEN_96|make_tuple(1103, 0.0013410502526450183)|0.9782]
Stopped early in iteration 96, no improvement in 20 gens.
START_TASK: 16
GEN_0_FIT_0.7930768405596353_0.8228106668602763_0.8564557519890348_SIZE_1_1.8_7
GEN_1_FIT_0.8285119392780562_0.8434267298730195_0.858593282429773_SIZE_1_1.6_4
GEN_2_FIT_0.8528101889102975_0.855637997707343_0.858593282429773_SIZE_1_1.2_2
GEN_3_FIT_0.857950926993439_0.8587317192652861_0.8594834632223546_SIZE_1_1.4_3
GEN_4_FIT_0.8593674460093895_0.8594010609698589_0.8595822794071246_SIZE_1_1.25_2
GEN_5_FIT_0.8593830766054975_0.8594794520373987_0.8595822794071246_SIZE_1_1.65_3
GEN_6_FIT_0.8594834632223546_0.8595375496689721_0.8596440458923448_SIZE_1_1.3_2
GEN_7_FIT_0.8595486506854443_0.8595800142571678_0.8596440458923448_SIZE_1_1.25_2
GEN_8_FIT_0.8595822794071246_0.8596100743254735_0.8596440458923448_SIZE_1_1.1_2
GEN_9_FIT_0.8595822794071246_0.8596368106064196_0.8596440458923448_SIZE_1_1.35_2
GEN_10_FIT_0.8596440458923448_0.8596440458923448_0.8596440458923448_SIZE_1_1.0_1
GEN_11_FIT_0.8596440458923448_0.8596499235154687_0.8597206474735087_SIZE_1_1.0_1
GEN_12_FIT_0.8596440458923448_0.8596596312176505_0.8597206474735087_SIZE_1_1.0_1
GEN_13_FIT_0.8596440458923448_0.8596919218096994_0.8597206474735087_SIZE_1_1.1_2
GEN_14_FIT_0.8597206474735087_0.8597206474735086_0.8597206474735087_SIZE_1_1.0_1
GEN_15_FIT_0.8597206474735087_0.8597234788953273_0.8597772759098803_SIZE_1_1.0_1
GEN_16_FIT_0.8597206474735087_0.8597263103171459_0.8597772759098803_SIZE_1_1.0_1
GEN_17_FIT_0.8597206474735087_0.8597389908055911_0.8597772759098803_SIZE_1_1.0_1
GEN_18_FIT_0.8597477434969264_0.8597757992892326_0.8597772759098803_SIZE_1_1.05_2
GEN_19_FIT_0.8597772759098803_0.8597772759098804_0.8597772759098803_SIZE_1_1.0_1
GEN_20_FIT_0.8597772759098803_0.8597772759098804_0.8597772759098803_SIZE_1_1.0_1
Evaluating in sample:
[GEN_20|make_tuple(180, 0.0024616595301610276)|0.8598]
Evaluating out-of-sample:
[GEN_20|make_tuple(180, 0.0024616595301610276)|0.9927]
GEN_21_FIT_0.8597772759098803_0.8597772759098804_0.8597772759098803_SIZE_1_1.0_1
GEN_22_FIT_0.8597772759098803_0.8597772974259191_0.8597777062306564_SIZE_1_1.05_2
GEN_23_FIT_0.8597772759098803_0.8597773189419581_0.8597777062306564_SIZE_1_1.1_2
GEN_24_FIT_0.8597772759098803_0.8597773189419581_0.8597777062306564_SIZE_1_1.1_2
GEN_25_FIT_0.8597772759098803_0.8597773189419581_0.8597777062306564_SIZE_1_1.1_2
GEN_26_FIT_0.8597772759098803_0.8597773189419581_0.8597777062306564_SIZE_1_1.1_2
GEN_27_FIT_0.8597772759098803_0.8597773189419581_0.8597777062306564_SIZE_1_1.1_2
GEN_28_FIT_0.8597772759098803_0.8597773189419581_0.8597777062306564_SIZE_1_1.1_2
GEN_29_FIT_0.8597772759098803_0.8597773189419581_0.8597777062306564_SIZE_1_1.1_2
GEN_30_FIT_0.8597772759098803_0.8597773189419581_0.8597777062306564_SIZE_1_1.1_2
GEN_31_FIT_0.8597772759098803_0.8597773189419581_0.8597777062306564_SIZE_1_1.1_2
GEN_32_FIT_0.8597772759098803_0.8597773189419581_0.8597777062306564_SIZE_1_1.1_2
GEN_33_FIT_0.8597772759098803_0.8597773189419581_0.8597777062306564_SIZE_1_1.1_2
GEN_34_FIT_0.8597772759098803_0.8597773189419581_0.8597777062306564_SIZE_1_1.1_2
GEN_35_FIT_0.8597772759098803_0.8597773189419581_0.8597777062306564_SIZE_1_1.1_2
GEN_36_FIT_0.8597772759098803_0.8597773189419581_0.8597777062306564_SIZE_1_1.1_2
GEN_37_FIT_0.8597772759098803_0.8597773189419581_0.8597777062306564_SIZE_1_1.1_2
GEN_38_FIT_0.8597772759098803_0.8597773189419581_0.8597777062306564_SIZE_1_1.1_2
GEN_39_FIT_0.8597772759098803_0.8597773189419581_0.8597777062306564_SIZE_1_1.1_2
GEN_40_FIT_0.8597772759098803_0.8597773189419581_0.8597777062306564_SIZE_1_1.1_2
Evaluating in sample:
[GEN_40|make_tuple(180, 0.0024616595301610276)|0.8598]
[GEN_40|make_tuple(add(0.2906842413492459, 180), 0.0024616595301610276)|0.8598]
Evaluating out-of-sample:
[GEN_40|make_tuple(180, 0.0024616595301610276)|0.9927]
[GEN_40|make_tuple(add(0.2906842413492459, 180), 0.0024616595301610276)|0.9927]
GEN_41_FIT_0.8597772759098803_0.8597773189419581_0.8597777062306564_SIZE_1_1.1_2
GEN_42_FIT_0.8597772759098803_0.8597773189419581_0.8597777062306564_SIZE_1_1.1_2
GEN_43_FIT_0.8597772759098803_0.8597773189419581_0.8597777062306564_SIZE_1_1.1_2
Evaluating in sample:
[GEN_43|make_tuple(180, 0.0024616595301610276)|0.8598]
[GEN_43|make_tuple(add(0.2906842413492459, 180), 0.0024616595301610276)|0.8598]
Evaluating out-of-sample:
[GEN_43|make_tuple(180, 0.0024616595301610276)|0.9927]
[GEN_43|make_tuple(add(0.2906842413492459, 180), 0.0024616595301610276)|0.9927]
Stopped early in iteration 43, no improvement in 20 gens.
START_TASK: 18
