Starting problem: mlr_glmnet
param:age_regularization:100000.0
param:algorithm:mupluslambda
param:constants_only:True
param:cxpb:0.25
param:early_stop_n:20
param:lambda_:100
param:max_number_operators:None
param:max_start_size:2
param:mu:20
param:ngen:300
param:optimize_constants:False
param:output_file:/home/gijsbers/symbolicdefaults/runs/mlr_glmnet_True_1.log
param:problem:mlr_glmnet
param:subset:1.0
param:task:None
param:warm_start:False
Benchmark problems: mlr_glmnet
Loading surrogates from file.
START_TASK: 3
GEN_0_FIT_0.8674293602407599_0.8881524739302638_0.8942688103059642_SIZE_1_2.8_7
GEN_1_FIT_0.8794125733624153_0.89043811772361_0.8954591271021642_SIZE_1_2.2_6
GEN_2_FIT_0.8942688103059642_0.8944883654771768_0.8954591271021642_SIZE_1_1.4_4
GEN_3_FIT_0.8945421946511825_0.8951763498608928_0.8956468013950549_SIZE_1_2.3_4
GEN_4_FIT_0.8952439068504976_0.8955526688858046_0.8956468013950549_SIZE_1_2.15_5
GEN_5_FIT_0.8956225979235058_0.8956331976280163_0.8958345920137142_SIZE_1_1.1_3
GEN_6_FIT_0.8956225979235058_0.8956437973325266_0.8958345920137142_SIZE_1_1.2_3
GEN_7_FIT_0.8956225979235058_0.8956514487860948_0.8958345920137142_SIZE_1_1.25_3
GEN_8_FIT_0.8956225979235058_0.8956331976280163_0.8958345920137142_SIZE_1_1.05_2
GEN_9_FIT_0.8956225979235058_0.8956658492450507_0.8959834385400766_SIZE_1_1.2_3
GEN_10_FIT_0.8956225979235058_0.8957542672701493_0.8960767431673675_SIZE_1_1.35_2
GEN_11_FIT_0.8956826816384936_0.8957870176041753_0.8960767431673675_SIZE_1_1.25_2
GEN_12_FIT_0.895721016908547_0.8960114101155499_0.8960767431673675_SIZE_1_1.85_2
GEN_13_FIT_0.895721016908547_0.8957995808725778_0.8962448085465848_SIZE_1_1.15_2
GEN_14_FIT_0.895721016908547_0.8958288362796696_0.8962448085465848_SIZE_1_1.2_2
GEN_15_FIT_0.8957400405253073_0.8957905173274352_0.8962448085465848_SIZE_1_1.1_2
GEN_16_FIT_0.8957400405253073_0.8957905173274352_0.8962448085465848_SIZE_1_1.1_2
GEN_17_FIT_0.8957400405253073_0.8957905173274352_0.8962448085465848_SIZE_1_1.1_2
GEN_18_FIT_0.8957400405253073_0.8957905173274352_0.8962448085465848_SIZE_1_1.1_2
GEN_19_FIT_0.8957400405253073_0.8957905173274352_0.8962448085465848_SIZE_1_1.1_2
GEN_20_FIT_0.8957400405253073_0.8957905173274352_0.8962448085465848_SIZE_1_1.1_2
Evaluating in sample:
[GEN_20|make_tuple(2, 0.0011087956886654132)|0.8957]
[GEN_20|make_tuple(truediv(18, 21), 0.001196853713120668)|0.8962]
Evaluating out-of-sample:
[GEN_20|make_tuple(2, 0.0011087956886654132)|0.9897]
[GEN_20|make_tuple(truediv(18, 21), 0.001196853713120668)|0.9869]
GEN_21_FIT_0.8957400405253073_0.8957905173274352_0.8962448085465848_SIZE_1_1.1_2
GEN_22_FIT_0.8957400405253073_0.8957905173274352_0.8962448085465848_SIZE_1_1.1_2
GEN_23_FIT_0.8957400405253073_0.8957905173274352_0.8962448085465848_SIZE_1_1.1_2
GEN_24_FIT_0.8957400405253073_0.8957905173274352_0.8962448085465848_SIZE_1_1.1_2
GEN_25_FIT_0.8957400405253073_0.8957905173274352_0.8962448085465848_SIZE_1_1.1_2
GEN_26_FIT_0.8957400405253073_0.8957905173274352_0.8962448085465848_SIZE_1_1.1_2
GEN_27_FIT_0.8957400405253073_0.8957905173274352_0.8962448085465848_SIZE_1_1.1_2
GEN_28_FIT_0.8957400405253073_0.8957905173274352_0.8962448085465848_SIZE_1_1.1_2
GEN_29_FIT_0.8957400405253073_0.8957905173274352_0.8962448085465848_SIZE_1_1.1_2
GEN_30_FIT_0.8957400405253073_0.8957905173274352_0.8962448085465848_SIZE_1_1.1_2
GEN_31_FIT_0.8957400405253073_0.8957810655673466_0.8965605413660936_SIZE_1_1.05_2
GEN_32_FIT_0.8957400405253073_0.8957810655673466_0.8965605413660936_SIZE_1_1.05_2
GEN_33_FIT_0.8957400405253073_0.8957810655673466_0.8965605413660936_SIZE_1_1.05_2
GEN_34_FIT_0.8957400405253073_0.895822090609386_0.8965605413660936_SIZE_1_1.1_2
GEN_35_FIT_0.8957400405253073_0.895822090609386_0.8965605413660936_SIZE_1_1.1_2
GEN_36_FIT_0.8957400405253073_0.895822090609386_0.8965605413660936_SIZE_1_1.1_2
GEN_37_FIT_0.8957400405253073_0.895822090609386_0.8965605413660936_SIZE_1_1.1_2
GEN_38_FIT_0.8957400405253073_0.895822090609386_0.8965605413660936_SIZE_1_1.1_2
GEN_39_FIT_0.8957400405253073_0.895822090609386_0.8965605413660936_SIZE_1_1.1_2
GEN_40_FIT_0.8957400405253073_0.895822090609386_0.8965605413660936_SIZE_1_1.1_2
Evaluating in sample:
[GEN_40|make_tuple(2, 0.0011087956886654132)|0.8957]
[GEN_40|make_tuple(truediv(18, 21), 0.0012135401445177137)|0.8966]
Evaluating out-of-sample:
[GEN_40|make_tuple(2, 0.0011087956886654132)|0.9897]
[GEN_40|make_tuple(truediv(18, 21), 0.0012135401445177137)|0.9870]
GEN_41_FIT_0.8957400405253073_0.895822090609386_0.8965605413660936_SIZE_1_1.1_2
GEN_42_FIT_0.8957400405253073_0.895822090609386_0.8965605413660936_SIZE_1_1.1_2
GEN_43_FIT_0.8957400405253073_0.895822090609386_0.8965605413660936_SIZE_1_1.1_2
GEN_44_FIT_0.8957400405253073_0.895822090609386_0.8965605413660936_SIZE_1_1.1_2
GEN_45_FIT_0.8957400405253073_0.895822090609386_0.8965605413660936_SIZE_1_1.1_2
GEN_46_FIT_0.8957400405253073_0.895822090609386_0.8965605413660936_SIZE_1_1.1_2
GEN_47_FIT_0.8957400405253073_0.895822090609386_0.8965605413660936_SIZE_1_1.1_2
GEN_48_FIT_0.8957400405253073_0.895822090609386_0.8965605413660936_SIZE_1_1.1_2
GEN_49_FIT_0.8957400405253073_0.895822090609386_0.8965605413660936_SIZE_1_1.1_2
GEN_50_FIT_0.8957400405253073_0.895822090609386_0.8965605413660936_SIZE_1_1.1_2
GEN_51_FIT_0.8957400405253073_0.895822090609386_0.8965605413660936_SIZE_1_1.1_2
GEN_52_FIT_0.8957400405253073_0.895822090609386_0.8965605413660936_SIZE_1_1.1_2
Evaluating in sample:
[GEN_52|make_tuple(2, 0.0011087956886654132)|0.8957]
[GEN_52|make_tuple(truediv(18, 21), 0.0012135401445177137)|0.8966]
Evaluating out-of-sample:
[GEN_52|make_tuple(2, 0.0011087956886654132)|0.9897]
[GEN_52|make_tuple(truediv(18, 21), 0.0012135401445177137)|0.9870]
Stopped early in iteration 52, no improvement in 20 gens.
START_TASK: 6
GEN_0_FIT_0.8699803836874008_0.8883547641769303_0.8940977866323695_SIZE_1_4.15_9
GEN_1_FIT_0.8719869069448951_0.8889097126433663_0.8940977866323695_SIZE_1_3.15_7
GEN_2_FIT_0.8812324902282666_0.8922788832035794_0.8941100007021601_SIZE_1_3.15_5
GEN_3_FIT_0.8866894024668796_0.8921674499249_0.8941952613441991_SIZE_1_3.0_5
GEN_4_FIT_0.8884978686535394_0.8934856796982874_0.8941952613441991_SIZE_1_3.8_5
GEN_5_FIT_0.8913857575759848_0.8930728634848096_0.8955403449845163_SIZE_1_1.95_5
GEN_6_FIT_0.8917333856963258_0.8932781455812137_0.8957438948908651_SIZE_1_1.4_2
GEN_7_FIT_0.8927950858774603_0.8948028042617621_0.8957438948908651_SIZE_1_1.55_2
GEN_8_FIT_0.8948258972822877_0.8953671042354401_0.8963356695478915_SIZE_1_1.45_2
GEN_9_FIT_0.8952133546154167_0.8956861629644752_0.8963722866232225_SIZE_1_1.5_3
GEN_10_FIT_0.8955680854479899_0.8960666180700537_0.8963722866232225_SIZE_1_1.7_2
GEN_11_FIT_0.8957600558317589_0.8961675567808574_0.8964575024787342_SIZE_1_1.65_2
GEN_12_FIT_0.895819115931882_0.8962825497234282_0.8964575024787342_SIZE_1_1.8_2
GEN_13_FIT_0.895819115931882_0.8962011590780244_0.8965885931140835_SIZE_1_1.65_3
GEN_14_FIT_0.8958325346971455_0.8962479668423076_0.8965885931140835_SIZE_1_1.75_3
GEN_15_FIT_0.8962560709140667_0.8965444094172812_0.8966822726014111_SIZE_1_2.4_3
GEN_16_FIT_0.8957829550701202_0.8964561491527778_0.8966822726014111_SIZE_1_2.15_3
GEN_17_FIT_0.8961279954170425_0.8964904684395796_0.8966822726014111_SIZE_1_1.95_3
GEN_18_FIT_0.8962765708584723_0.8965829413793989_0.8966832453867266_SIZE_1_2.05_3
GEN_19_FIT_0.8963133700197732_0.8966454796217788_0.8966832453867266_SIZE_1_2.0_3
GEN_20_FIT_0.8963133700197732_0.8966271804104944_0.8966832453867266_SIZE_1_2.1_3
Evaluating in sample:
[GEN_20|make_tuple(0.4494987151733595, 0.0011104556744003197)|0.9043]
[GEN_20|make_tuple(0.3946503635238475, mul(0.003283513062382199, 0.02643750120415312))|0.9047]
[GEN_20|make_tuple(sub(0.39707208137772926, 0.0032188362276536256), mul(0.003283513062382199, 0.02643750120415312))|0.9047]
Evaluating out-of-sample:
[GEN_20|make_tuple(0.4494987151733595, 0.0011104556744003197)|0.9836]
[GEN_20|make_tuple(0.3946503635238475, mul(0.003283513062382199, 0.02643750120415312))|0.9988]
[GEN_20|make_tuple(sub(0.39707208137772926, 0.0032188362276536256), mul(0.003283513062382199, 0.02643750120415312))|0.9988]
GEN_21_FIT_0.8963133700197732_0.8965716978891818_0.8966841938466542_SIZE_1_1.75_3
GEN_22_FIT_0.8963133700197732_0.8965349997555423_0.8966841938466542_SIZE_1_1.75_3
GEN_23_FIT_0.8963133700197732_0.8963873426606248_0.8966841938466542_SIZE_1_1.3_3
GEN_24_FIT_0.8963133700197732_0.8963873426606248_0.8966841938466542_SIZE_1_1.3_3
GEN_25_FIT_0.8963133700197732_0.8964635257757493_0.8966841938466542_SIZE_1_1.65_3
GEN_26_FIT_0.8963367332152222_0.8965835883558132_0.8966841938466542_SIZE_1_2.05_3
GEN_27_FIT_0.8963682183942773_0.8966518278033192_0.8966841938466542_SIZE_1_2.4_3
GEN_28_FIT_0.8963682183942773_0.8966524041768921_0.8966841938466542_SIZE_1_2.7_3
GEN_29_FIT_0.8963682183942773_0.8966524041768921_0.8966841938466542_SIZE_1_2.7_3
GEN_30_FIT_0.8963682183942773_0.8966524041768921_0.8966841938466542_SIZE_1_2.7_3
GEN_31_FIT_0.8963682183942773_0.8966524041768921_0.8966841938466542_SIZE_1_2.7_3
GEN_32_FIT_0.8963682183942773_0.8966524041768921_0.8966841938466542_SIZE_1_2.7_3
GEN_33_FIT_0.8963682183942773_0.8966524041768921_0.8966841938466542_SIZE_1_2.7_3
GEN_34_FIT_0.8963682183942773_0.8966524041768921_0.8966841938466542_SIZE_1_2.7_3
GEN_35_FIT_0.8963682183942773_0.8966524041768921_0.8966841938466542_SIZE_1_2.7_3
GEN_36_FIT_0.8963682183942773_0.8966524041768921_0.8966841938466542_SIZE_1_2.7_3
GEN_37_FIT_0.8963682183942773_0.8966524041768921_0.8966841938466542_SIZE_1_2.7_3
GEN_38_FIT_0.8963682183942773_0.8966524041768921_0.8966841938466542_SIZE_1_2.7_3
GEN_39_FIT_0.8963682183942773_0.8966524041768921_0.8966841938466542_SIZE_1_2.7_3
GEN_40_FIT_0.8963682183942773_0.8966524041768921_0.8966841938466542_SIZE_1_2.7_3
Evaluating in sample:
[GEN_40|make_tuple(0.4541594958838969, 0.0011104556744003197)|0.9044]
[GEN_40|make_tuple(0.3946503635238475, mul(0.003283513062382199, 0.02643750120415312))|0.9047]
[GEN_40|make_tuple(sub(0.39707208137772926, 0.003815418966895169), mul(0.003283513062382199, 0.02643750120415312))|0.9047]
Evaluating out-of-sample:
[GEN_40|make_tuple(0.4541594958838969, 0.0011104556744003197)|0.9836]
[GEN_40|make_tuple(0.3946503635238475, mul(0.003283513062382199, 0.02643750120415312))|0.9988]
[GEN_40|make_tuple(sub(0.39707208137772926, 0.003815418966895169), mul(0.003283513062382199, 0.02643750120415312))|0.9988]
GEN_41_FIT_0.8963682183942773_0.8966524041768921_0.8966841938466542_SIZE_1_2.7_3
GEN_42_FIT_0.8958056381789872_0.896456734315837_0.896684260708622_SIZE_1_1.7_3
GEN_43_FIT_0.8963682183942773_0.8965410476135613_0.896684260708622_SIZE_1_1.6_3
GEN_44_FIT_0.8963682183942773_0.896431228046425_0.896684260708622_SIZE_1_1.3_3
GEN_45_FIT_0.8963682183942773_0.8965178935123216_0.896684260708622_SIZE_1_1.85_3
GEN_46_FIT_0.8963682183942773_0.8966528138752589_0.896684260708622_SIZE_1_2.7_4
GEN_47_FIT_0.8963773306773359_0.8966687153963365_0.896684260708622_SIZE_1_2.8_3
GEN_48_FIT_0.8963773306773359_0.8966687153963365_0.896684260708622_SIZE_1_2.8_3
GEN_49_FIT_0.8963773306773359_0.8966687153963365_0.896684260708622_SIZE_1_2.8_3
GEN_50_FIT_0.8963773306773359_0.8966687153963365_0.896684260708622_SIZE_1_2.8_3
GEN_51_FIT_0.8963773306773359_0.8966687153963365_0.896684260708622_SIZE_1_2.8_3
GEN_52_FIT_0.8963773306773359_0.8966687153963365_0.896684260708622_SIZE_1_2.8_3
GEN_53_FIT_0.8838589600279052_0.8959420730181895_0.8966891172266163_SIZE_1_2.15_3
GEN_54_FIT_0.8962148445919698_0.8966414999424315_0.8966891172266163_SIZE_1_2.25_3
GEN_55_FIT_0.8963773306773359_0.896652462871524_0.8966891172266163_SIZE_1_2.0_3
GEN_56_FIT_0.8963773306773359_0.896624022066678_0.8966891172266163_SIZE_1_2.2_3
GEN_57_FIT_0.8963773306773359_0.8965325394894557_0.8966891172266163_SIZE_1_1.9_3
GEN_58_FIT_0.8963773306773359_0.8964390035246714_0.8966891172266163_SIZE_1_1.3_3
GEN_59_FIT_0.8963773306773359_0.896462700793853_0.8966891172266163_SIZE_1_1.7_3
GEN_60_FIT_0.8963773306773359_0.8965996450962519_0.8966891172266163_SIZE_1_2.1_3
Evaluating in sample:
[GEN_60|make_tuple(0.453788570836864, 0.0011097308756142712)|0.9044]
[GEN_60|make_tuple(0.3946503635238475, mul(0.003283513062382199, 0.02643750120415312))|0.9047]
[GEN_60|make_tuple(sub(0.39707208137772926, 0.008138547214326464), mul(0.003283513062382199, 0.02643750120415312))|0.9047]
Evaluating out-of-sample:
[GEN_60|make_tuple(0.453788570836864, 0.0011097308756142712)|0.9836]
[GEN_60|make_tuple(0.3946503635238475, mul(0.003283513062382199, 0.02643750120415312))|0.9988]
[GEN_60|make_tuple(sub(0.39707208137772926, 0.008138547214326464), mul(0.003283513062382199, 0.02643750120415312))|0.9988]
GEN_61_FIT_0.8963774032713625_0.896654181287228_0.8966891172266163_SIZE_1_2.3_4
GEN_62_FIT_0.8963774032713625_0.8966572613685703_0.8966891172266163_SIZE_1_2.7_3
GEN_63_FIT_0.8963774032713625_0.8966572613685703_0.8966891172266163_SIZE_1_2.7_3
GEN_64_FIT_0.8963774032713625_0.8966572613685703_0.8966891172266163_SIZE_1_2.7_3
GEN_65_FIT_0.8963774032713625_0.8966572613685703_0.8966891172266163_SIZE_1_2.7_3
GEN_66_FIT_0.8963774032713625_0.8966572613685703_0.8966891172266163_SIZE_1_2.7_3
GEN_67_FIT_0.8963774032713625_0.8966572613685703_0.8966891172266163_SIZE_1_2.7_3
GEN_68_FIT_0.8963774032713625_0.8966572613685703_0.8966891172266163_SIZE_1_2.7_3
GEN_69_FIT_0.8963774032713625_0.8966572613685703_0.8966891172266163_SIZE_1_2.7_3
GEN_70_FIT_0.8963774032713625_0.8966572613685703_0.8966891172266163_SIZE_1_2.7_3
GEN_71_FIT_0.8963774032713625_0.8966572613685703_0.8966891172266163_SIZE_1_2.7_3
GEN_72_FIT_0.8963774032713625_0.8966572613685703_0.8966891172266163_SIZE_1_2.7_3
GEN_73_FIT_0.8963774032713625_0.8966572613685703_0.8966891172266163_SIZE_1_2.7_3
GEN_74_FIT_0.8963774032713625_0.8966572613685703_0.8966891172266163_SIZE_1_2.7_3
Evaluating in sample:
[GEN_74|make_tuple(0.453788570836864, 0.0011097308756142712)|0.9044]
[GEN_74|make_tuple(0.3946503635238475, mul(0.003283513062382199, 0.02643750120415312))|0.9047]
[GEN_74|make_tuple(sub(0.39707208137772926, 0.008138547214326464), mul(0.003283513062382199, 0.02643750120415312))|0.9047]
Evaluating out-of-sample:
[GEN_74|make_tuple(0.453788570836864, 0.0011097308756142712)|0.9836]
[GEN_74|make_tuple(0.3946503635238475, mul(0.003283513062382199, 0.02643750120415312))|0.9988]
[GEN_74|make_tuple(sub(0.39707208137772926, 0.008138547214326464), mul(0.003283513062382199, 0.02643750120415312))|0.9988]
Stopped early in iteration 74, no improvement in 20 gens.
START_TASK: 11
GEN_0_FIT_0.8745667057061208_0.8888222540703584_0.8957918934646522_SIZE_1_2.85_7
GEN_1_FIT_0.893875168708937_0.8956001053654548_0.8965926622318339_SIZE_1_2.45_4
GEN_2_FIT_0.8948317983067152_0.8958624705874204_0.8966383542713491_SIZE_1_1.75_3
GEN_3_FIT_0.8961082910074313_0.89634987298822_0.8966383542713491_SIZE_1_1.3_3
GEN_4_FIT_0.8965926622318339_0.89662045363314_0.8967812145209605_SIZE_1_1.0_1
GEN_5_FIT_0.8966383542713491_0.8966832945965795_0.8968428017580085_SIZE_1_1.05_2
GEN_6_FIT_0.8966928458918211_0.896759663141054_0.8968445046876902_SIZE_1_1.25_3
GEN_7_FIT_0.8967812145209605_0.8968060197087478_0.8968445046876902_SIZE_1_1.05_2
GEN_8_FIT_0.8968428017580085_0.8968473449266334_0.8968917601459505_SIZE_1_1.0_1
GEN_9_FIT_0.8968445046876902_0.8968537730285746_0.8968917601459505_SIZE_1_1.1_2
GEN_10_FIT_0.8968512057217518_0.8968774502320075_0.8969348247422111_SIZE_1_1.3_3
GEN_11_FIT_0.8968750232212731_0.8969123607630918_0.8969617653459204_SIZE_1_1.3_2
GEN_12_FIT_0.8969193389157328_0.8969378073272087_0.8969910837634294_SIZE_1_1.2_2
GEN_13_FIT_0.8969348247422111_0.8969512268858166_0.8969910837634294_SIZE_1_1.05_2
GEN_14_FIT_0.8969617653459204_0.8969705898474277_0.8970209817060288_SIZE_1_1.05_2
GEN_15_FIT_0.8969617653459204_0.8969803345398404_0.8970209817060288_SIZE_1_1.15_3
GEN_16_FIT_0.8969910837634294_0.8970015480433391_0.8970209817060288_SIZE_1_1.05_2
GEN_17_FIT_0.8969910837634294_0.8970164970146387_0.8970209817060288_SIZE_1_1.1_2
GEN_18_FIT_0.8970209817060288_0.8970209817060286_0.8970209817060288_SIZE_1_1.0_1
GEN_19_FIT_0.8970209817060288_0.8970289185792385_0.8971634759110986_SIZE_1_1.0_1
GEN_20_FIT_0.8970209817060288_0.8970313550681077_0.8971634759110986_SIZE_1_1.0_1
Evaluating in sample:
[GEN_20|make_tuple(0.8620593649778894, 0.001211293819343187)|0.8972]
Evaluating out-of-sample:
[GEN_20|make_tuple(0.8620593649778894, 0.001211293819343187)|0.9234]
GEN_21_FIT_0.8970209817060288_0.8970425405931431_0.8971634759110986_SIZE_1_1.0_1
GEN_22_FIT_0.8970372249651566_0.8970882971299103_0.897179719170226_SIZE_1_1.05_2
GEN_23_FIT_0.8971424251203829_0.8971689206752137_0.897179719170226_SIZE_1_1.05_2
GEN_24_FIT_0.897179719170226_0.8971797191702258_0.897179719170226_SIZE_1_1.0_1
GEN_25_FIT_0.897179719170226_0.8971803515270343_0.8971923663063961_SIZE_1_1.0_1
GEN_26_FIT_0.897179719170226_0.8971803515270343_0.8971923663063961_SIZE_1_1.0_1
GEN_27_FIT_0.897179719170226_0.8971816162406514_0.8971923663063961_SIZE_1_1.0_1
GEN_28_FIT_0.897179719170226_0.8971860427383108_0.8971923663063961_SIZE_1_1.0_1
GEN_29_FIT_0.8971923663063961_0.897192366306396_0.8971923663063961_SIZE_1_1.0_1
GEN_30_FIT_0.8971923663063961_0.897192366306396_0.8971923663063961_SIZE_1_1.0_1
GEN_31_FIT_0.8971923663063961_0.897192366306396_0.8971923663063961_SIZE_1_1.0_1
GEN_32_FIT_0.8971923663063961_0.897192366306396_0.8971923663063961_SIZE_1_1.0_1
GEN_33_FIT_0.8971923663063961_0.897192366306396_0.8971923663063961_SIZE_1_1.0_1
GEN_34_FIT_0.8971923663063961_0.897192366306396_0.8971923663063961_SIZE_1_1.0_1
GEN_35_FIT_0.8971923663063961_0.897192366306396_0.8971923663063961_SIZE_1_1.0_1
GEN_36_FIT_0.8971923663063961_0.897192391477357_0.8971928697256136_SIZE_1_1.05_2
GEN_37_FIT_0.8971923663063961_0.8971924554155862_0.8971941484901998_SIZE_1_1.05_2
GEN_38_FIT_0.8971923663063961_0.8971925445247763_0.8971941484901998_SIZE_1_1.1_2
GEN_39_FIT_0.8971923663063961_0.8971925445247763_0.8971941484901998_SIZE_1_1.1_2
GEN_40_FIT_0.8971923663063961_0.8971925445247763_0.8971941484901998_SIZE_1_1.1_2
Evaluating in sample:
[GEN_40|make_tuple(0.8616705036090415, 0.001206453644084276)|0.8972]
[GEN_40|make_tuple(sub(0.8616705036090415, 0.0016276004459997858), 0.001206453644084276)|0.8972]
Evaluating out-of-sample:
[GEN_40|make_tuple(0.8616705036090415, 0.001206453644084276)|0.9234]
[GEN_40|make_tuple(sub(0.8616705036090415, 0.0016276004459997858), 0.001206453644084276)|0.9232]
GEN_41_FIT_0.8971923663063961_0.8971925445247763_0.8971941484901998_SIZE_1_1.1_2
GEN_42_FIT_0.8971923663063961_0.8971925445247763_0.8971941484901998_SIZE_1_1.1_2
GEN_43_FIT_0.8971923663063961_0.8971925445247763_0.8971941484901998_SIZE_1_1.1_2
GEN_44_FIT_0.8971923663063961_0.8971925445247763_0.8971941484901998_SIZE_1_1.1_2
GEN_45_FIT_0.8971923663063961_0.8971925445247763_0.8971941484901998_SIZE_1_1.1_2
GEN_46_FIT_0.8971923663063961_0.8971925445247763_0.8971941484901998_SIZE_1_1.1_2
GEN_47_FIT_0.8971923663063961_0.8971925445247763_0.8971941484901998_SIZE_1_1.1_2
GEN_48_FIT_0.8971923663063961_0.8971925445247763_0.8971941484901998_SIZE_1_1.1_2
GEN_49_FIT_0.8971923663063961_0.8971925445247763_0.8971941484901998_SIZE_1_1.1_2
GEN_50_FIT_0.8971923663063961_0.8971925445247763_0.8971941484901998_SIZE_1_1.1_2
GEN_51_FIT_0.8971923663063961_0.8971925445247763_0.8971941484901998_SIZE_1_1.1_2
GEN_52_FIT_0.8971923663063961_0.8971925445247763_0.8971941484901998_SIZE_1_1.1_2
GEN_53_FIT_0.8971923663063961_0.8971925445247763_0.8971941484901998_SIZE_1_1.1_2
GEN_54_FIT_0.8971923663063961_0.8971925445247763_0.8971941484901998_SIZE_1_1.1_2
GEN_55_FIT_0.8971923663063961_0.8971925445247763_0.8971941484901998_SIZE_1_1.1_2
GEN_56_FIT_0.8971923663063961_0.8971925445247763_0.8971941484901998_SIZE_1_1.1_2
GEN_57_FIT_0.8971923663063961_0.8971925445247763_0.8971941484901998_SIZE_1_1.1_2
GEN_58_FIT_0.8971923663063961_0.8971925445247763_0.8971941484901998_SIZE_1_1.1_2
Evaluating in sample:
[GEN_58|make_tuple(0.8616705036090415, 0.001206453644084276)|0.8972]
[GEN_58|make_tuple(sub(0.8616705036090415, 0.0016276004459997858), 0.001206453644084276)|0.8972]
Evaluating out-of-sample:
[GEN_58|make_tuple(0.8616705036090415, 0.001206453644084276)|0.9234]
[GEN_58|make_tuple(sub(0.8616705036090415, 0.0016276004459997858), 0.001206453644084276)|0.9232]
Stopped early in iteration 58, no improvement in 20 gens.
START_TASK: 12
GEN_0_FIT_0.8729382848858493_0.8883463817117491_0.8954975730300417_SIZE_1_2.7_6
GEN_1_FIT_0.8818324131097487_0.8914822953481412_0.8954975730300417_SIZE_1_2.2_6
GEN_2_FIT_0.894291937805866_0.8945886481815144_0.8954975730300417_SIZE_1_1.0_1
GEN_3_FIT_0.8950508597888361_0.8953292306148617_0.8954975730300417_SIZE_1_1.0_1
GEN_4_FIT_0.8954975730300417_0.8954980374721975_0.8955068618731563_SIZE_1_1.0_1
GEN_5_FIT_0.8954975730300417_0.8955104734507475_0.8957006303335447_SIZE_1_1.05_2
GEN_6_FIT_0.8954975730300417_0.8955302232115784_0.8957006303335447_SIZE_1_1.0_1
GEN_7_FIT_0.8955246576113121_0.8956185871333261_0.8957006303335447_SIZE_1_1.05_2
GEN_8_FIT_0.8957006303335447_0.8957006303335445_0.8957006303335447_SIZE_1_1.0_1
GEN_9_FIT_0.8957006303335447_0.8957025268885982_0.8957385614346154_SIZE_1_1.05_2
GEN_10_FIT_0.8957006303335447_0.8957112792443537_0.8959136085497257_SIZE_1_1.05_2
GEN_11_FIT_0.8957006303335447_0.8957219281551627_0.8959136085497257_SIZE_1_1.1_2
GEN_12_FIT_0.8957006303335447_0.895732727000569_0.8959166072416719_SIZE_1_1.2_3
GEN_13_FIT_0.8957006303335447_0.8957435258459755_0.8959166072416719_SIZE_1_1.3_3
GEN_14_FIT_0.8957006303335447_0.8957421746338982_0.8961055599082535_SIZE_1_1.2_3
GEN_15_FIT_0.8957006303335447_0.8957210316996095_0.8961086576548427_SIZE_1_1.05_2
GEN_16_FIT_0.8957006303335447_0.8957414330656744_0.8961086576548427_SIZE_1_1.1_2
GEN_17_FIT_0.8957006303335447_0.8957414330656744_0.8961086576548427_SIZE_1_1.1_2
GEN_18_FIT_0.8957006303335447_0.8957256176068681_0.8962003758000131_SIZE_1_1.05_2
GEN_19_FIT_0.8957006303335447_0.8957506048801914_0.8962003758000131_SIZE_1_1.1_2
GEN_20_FIT_0.8957006303335447_0.8957280428210271_0.8962488800831951_SIZE_1_1.05_2
Evaluating in sample:
[GEN_20|make_tuple(294, 0.0011090827970728578)|0.8957]
[GEN_20|make_tuple(truediv(251, 548), 0.0011090827970728578)|0.9043]
Evaluating out-of-sample:
[GEN_20|make_tuple(294, 0.0011090827970728578)|0.9941]
[GEN_20|make_tuple(truediv(251, 548), 0.0011090827970728578)|0.9956]
GEN_21_FIT_0.8957006303335447_0.8957554553085096_0.8962488800831951_SIZE_1_1.1_2
GEN_22_FIT_0.8957006303335447_0.8957554553085096_0.8962488800831951_SIZE_1_1.1_2
GEN_23_FIT_0.8957006303335447_0.8957554553085096_0.8962488800831951_SIZE_1_1.1_2
GEN_24_FIT_0.8957006303335447_0.8957554553085096_0.8962488800831951_SIZE_1_1.1_2
GEN_25_FIT_0.8957006303335447_0.8957554553085096_0.8962488800831951_SIZE_1_1.1_2
GEN_26_FIT_0.8957006303335447_0.8957554553085096_0.8962488800831951_SIZE_1_1.1_2
GEN_27_FIT_0.8957006303335447_0.8957554553085096_0.8962488800831951_SIZE_1_1.1_2
GEN_28_FIT_0.8957006303335447_0.8957554553085096_0.8962488800831951_SIZE_1_1.1_2
GEN_29_FIT_0.8957006303335447_0.8957554553085096_0.8962488800831951_SIZE_1_1.1_2
GEN_30_FIT_0.8957006303335447_0.8957554553085096_0.8962488800831951_SIZE_1_1.1_2
GEN_31_FIT_0.8957006303335447_0.8957554553085096_0.8962488800831951_SIZE_1_1.1_2
GEN_32_FIT_0.8957006303335447_0.8957554553085096_0.8962488800831951_SIZE_1_1.1_2
GEN_33_FIT_0.8957006303335447_0.8957554553085096_0.8962488800831951_SIZE_1_1.1_2
GEN_34_FIT_0.8957006303335447_0.8957554553085096_0.8962488800831951_SIZE_1_1.1_2
GEN_35_FIT_0.8957006303335447_0.8957554553085096_0.8962488800831951_SIZE_1_1.1_2
GEN_36_FIT_0.8957006303335447_0.8957554553085096_0.8962488800831951_SIZE_1_1.1_2
GEN_37_FIT_0.8957006303335447_0.8957554553085096_0.8962488800831951_SIZE_1_1.1_2
GEN_38_FIT_0.8957006303335447_0.8957292512955751_0.8962730495741565_SIZE_1_1.05_2
GEN_39_FIT_0.8957006303335447_0.8957578722576057_0.8962730495741565_SIZE_1_1.1_2
GEN_40_FIT_0.8957006303335447_0.8957578722576057_0.8962730495741565_SIZE_1_1.1_2
Evaluating in sample:
[GEN_40|make_tuple(294, 0.0011090827970728578)|0.8957]
[GEN_40|make_tuple(truediv(251, 545), 0.0011090827970728578)|0.9043]
Evaluating out-of-sample:
[GEN_40|make_tuple(294, 0.0011090827970728578)|0.9941]
[GEN_40|make_tuple(truediv(251, 545), 0.0011090827970728578)|0.9956]
GEN_41_FIT_0.8957006303335447_0.8957578722576057_0.8962730495741565_SIZE_1_1.1_2
GEN_42_FIT_0.8957006303335447_0.8957578722576057_0.8962730495741565_SIZE_1_1.1_2
GEN_43_FIT_0.8957006303335447_0.8957578722576057_0.8962730495741565_SIZE_1_1.1_2
GEN_44_FIT_0.8957006303335447_0.8957578722576057_0.8962730495741565_SIZE_1_1.1_2
GEN_45_FIT_0.8957006303335447_0.8957578722576057_0.8962730495741565_SIZE_1_1.1_2
GEN_46_FIT_0.8957006303335447_0.8957578722576057_0.8962730495741565_SIZE_1_1.1_2
GEN_47_FIT_0.8957006303335447_0.8957578722576057_0.8962730495741565_SIZE_1_1.1_2
GEN_48_FIT_0.8957006303335447_0.8957578722576057_0.8962730495741565_SIZE_1_1.1_2
GEN_49_FIT_0.8957006303335447_0.8957578722576057_0.8962730495741565_SIZE_1_1.1_2
GEN_50_FIT_0.8957006303335447_0.8957578722576057_0.8962730495741565_SIZE_1_1.1_2
GEN_51_FIT_0.8957006303335447_0.8957578722576057_0.8962730495741565_SIZE_1_1.1_2
GEN_52_FIT_0.8957006303335447_0.8957578722576057_0.8962730495741565_SIZE_1_1.1_2
GEN_53_FIT_0.8957006303335447_0.8957578722576057_0.8962730495741565_SIZE_1_1.1_2
GEN_54_FIT_0.8957006303335447_0.8957578722576057_0.8962730495741565_SIZE_1_1.1_2
GEN_55_FIT_0.8957006303335447_0.8957578722576057_0.8962730495741565_SIZE_1_1.1_2
GEN_56_FIT_0.8957006303335447_0.8957578722576057_0.8962730495741565_SIZE_1_1.1_2
GEN_57_FIT_0.8957006303335447_0.8957578722576057_0.8962730495741565_SIZE_1_1.1_2
GEN_58_FIT_0.8957006303335447_0.8957578722576057_0.8962730495741565_SIZE_1_1.1_2
GEN_59_FIT_0.8957006303335447_0.8957578722576057_0.8962730495741565_SIZE_1_1.1_2
Evaluating in sample:
[GEN_59|make_tuple(294, 0.0011090827970728578)|0.8957]
[GEN_59|make_tuple(truediv(251, 545), 0.0011090827970728578)|0.9043]
Evaluating out-of-sample:
[GEN_59|make_tuple(294, 0.0011090827970728578)|0.9941]
[GEN_59|make_tuple(truediv(251, 545), 0.0011090827970728578)|0.9956]
Stopped early in iteration 59, no improvement in 20 gens.
START_TASK: 14
