Starting problem: mlr_glmnet
param:age_regularization:100000.0
param:algorithm:mupluslambda
param:constants_only:True
param:cxpb:0.25
param:early_stop_n:20
param:lambda_:100
param:max_number_operators:None
param:max_start_size:2
param:mu:20
param:ngen:300
param:optimize_constants:False
param:output_file:/home/gijsbers/symbolicdefaults/runs/mlr_glmnet_True_0.log
param:problem:mlr_glmnet
param:subset:1.0
param:task:None
param:warm_start:False
Benchmark problems: mlr_glmnet
Loading surrogates from file.
START_TASK: 3
GEN_0_FIT_0.8622000119262161_0.886111439146245_0.8943382533290671_SIZE_1_3.55_8
GEN_1_FIT_0.8816241492936205_0.8905325656201162_0.8946411392732464_SIZE_1_3.9_8
GEN_2_FIT_0.8875832350503859_0.8938663122167435_0.8958162170784226_SIZE_1_2.9_7
GEN_3_FIT_0.894171928248709_0.8948387549625709_0.895874034989146_SIZE_1_1.9_4
GEN_4_FIT_0.8949186177425212_0.8955572694927773_0.8958984989893242_SIZE_1_2.6_4
GEN_5_FIT_0.8949342146930058_0.8955755304040297_0.896097743670321_SIZE_1_2.05_4
GEN_6_FIT_0.8955708480929152_0.8959079487191275_0.896097743670321_SIZE_1_2.75_4
GEN_7_FIT_0.8959532636310791_0.8960918944307401_0.896280676943698_SIZE_1_3.0_4
GEN_8_FIT_0.8960355455419807_0.8961701280068235_0.896280676943698_SIZE_1_2.3_4
GEN_9_FIT_0.8961206751498975_0.8962302460167884_0.8963153482115485_SIZE_1_1.6_4
GEN_10_FIT_0.896280676943698_0.8962837151480736_0.8963153482115485_SIZE_1_1.3_4
GEN_11_FIT_0.896280676943698_0.8962982450137382_0.896386344381001_SIZE_1_2.25_5
GEN_12_FIT_0.8962833145571464_0.8963161661521266_0.896386344381001_SIZE_1_1.95_4
GEN_13_FIT_0.8963117484023123_0.8963592111664294_0.8965809096878462_SIZE_1_2.4_5
GEN_14_FIT_0.896386344381001_0.8964195422835276_0.8965918585444989_SIZE_1_1.75_4
GEN_15_FIT_0.896386344381001_0.8964606650843259_0.8966163315776786_SIZE_1_1.45_4
GEN_16_FIT_0.8964206152163845_0.8965642681731693_0.8966163315776786_SIZE_1_1.4_4
GEN_17_FIT_0.8966151805232294_0.8966154682868417_0.8966163315776786_SIZE_1_1.3_4
GEN_18_FIT_0.8966151805232294_0.8966161589195114_0.8966163315776786_SIZE_1_1.3_4
GEN_19_FIT_0.8966163315776786_0.8966163315776786_0.8966163315776786_SIZE_1_1.0_1
GEN_20_FIT_0.8966163315776786_0.8966163315776786_0.8966163315776786_SIZE_1_1.0_1
Evaluating in sample:
[GEN_20|make_tuple(0.86037234045236, 0.001209069183850702)|0.8966]
Evaluating out-of-sample:
[GEN_20|make_tuple(0.86037234045236, 0.001209069183850702)|0.9870]
GEN_21_FIT_0.8966163315776786_0.8966163315776786_0.8966163315776786_SIZE_1_1.0_1
GEN_22_FIT_0.8966163315776786_0.8966163315776786_0.8966163315776786_SIZE_1_1.0_1
GEN_23_FIT_0.8966163315776786_0.8966163315776786_0.8966163315776786_SIZE_1_1.0_1
GEN_24_FIT_0.8966163315776786_0.8966169639344871_0.8966289787138486_SIZE_1_1.0_1
GEN_25_FIT_0.8966163315776786_0.8966182286481041_0.8966289787138486_SIZE_1_1.0_1
GEN_26_FIT_0.8966163315776786_0.8966220227889552_0.8966289787138486_SIZE_1_1.0_1
GEN_27_FIT_0.8966289787138486_0.8966290346603873_0.8966300976446206_SIZE_1_1.0_1
GEN_28_FIT_0.8966289787138486_0.8966290346603873_0.8966300976446206_SIZE_1_1.0_1
GEN_29_FIT_0.8966289787138486_0.8966291465534646_0.8966300976446206_SIZE_1_1.0_1
GEN_30_FIT_0.8966289787138486_0.896629370339619_0.8966300976446206_SIZE_1_1.0_1
GEN_31_FIT_0.8966289787138486_0.8966298738584664_0.8966300976446206_SIZE_1_1.0_1
GEN_32_FIT_0.8966300976446206_0.8966300976446208_0.8966300976446206_SIZE_1_1.0_1
GEN_33_FIT_0.8966300976446206_0.8966300976446208_0.8966300976446206_SIZE_1_1.0_1
GEN_34_FIT_0.8966300976446206_0.8966300976446208_0.8966300976446206_SIZE_1_1.0_1
GEN_35_FIT_0.8966300976446206_0.8966300976446208_0.8966300976446206_SIZE_1_1.0_1
GEN_36_FIT_0.8966300976446206_0.8966300976446208_0.8966300976446206_SIZE_1_1.0_1
GEN_37_FIT_0.8966300976446206_0.8966300976446208_0.8966300976446206_SIZE_1_1.0_1
GEN_38_FIT_0.8966300976446206_0.8966300976446208_0.8966300976446206_SIZE_1_1.0_1
GEN_39_FIT_0.8966300976446206_0.8966300976446208_0.8966300976446206_SIZE_1_1.0_1
GEN_40_FIT_0.8966300976446206_0.8966300976446208_0.8966300976446206_SIZE_1_1.0_1
Evaluating in sample:
[GEN_40|make_tuple(0.8617241440619189, 0.0012073851075901701)|0.8966]
Evaluating out-of-sample:
[GEN_40|make_tuple(0.8617241440619189, 0.0012073851075901701)|0.9870]
GEN_41_FIT_0.8966300976446206_0.8966300976446208_0.8966300976446206_SIZE_1_1.0_1
GEN_42_FIT_0.8966300976446206_0.8966300976446208_0.8966300976446206_SIZE_1_1.0_1
GEN_43_FIT_0.8966300976446206_0.8966300976446208_0.8966300976446206_SIZE_1_1.0_1
GEN_44_FIT_0.8966300976446206_0.8966300976446208_0.8966300976446206_SIZE_1_1.0_1
GEN_45_FIT_0.8966300976446206_0.8966300976446208_0.8966300976446206_SIZE_1_1.0_1
GEN_46_FIT_0.8966300976446206_0.8966300976446208_0.8966300976446206_SIZE_1_1.0_1
GEN_47_FIT_0.8966300976446206_0.8966300976446208_0.8966300976446206_SIZE_1_1.0_1
GEN_48_FIT_0.8966300976446206_0.8966300976446208_0.8966300976446206_SIZE_1_1.0_1
Evaluating in sample:
[GEN_48|make_tuple(0.8617241440619189, 0.0012073851075901701)|0.8966]
Evaluating out-of-sample:
[GEN_48|make_tuple(0.8617241440619189, 0.0012073851075901701)|0.9870]
Stopped early in iteration 48, no improvement in 20 gens.
START_TASK: 6
GEN_0_FIT_0.8672818394079749_0.8900465976304852_0.8947549962275528_SIZE_1_3.75_11
GEN_1_FIT_0.8923322388871915_0.8941445397245851_0.8957449178343171_SIZE_1_3.25_8
GEN_2_FIT_0.8928366181243744_0.894443995739086_0.8957449178343171_SIZE_1_2.0_4
GEN_3_FIT_0.8936927262959881_0.8955617488652144_0.8957449178343171_SIZE_1_2.9_4
GEN_4_FIT_0.8942978370069982_0.8955942351957832_0.8957449178343171_SIZE_1_2.25_3
GEN_5_FIT_0.8942978370069982_0.8953614582248898_0.8959110162649631_SIZE_1_1.5_2
GEN_6_FIT_0.8957449178343171_0.8958034915170945_0.8964907820841592_SIZE_1_1.15_2
GEN_7_FIT_0.8957449178343171_0.8959232024331228_0.8964907820841592_SIZE_1_1.25_2
GEN_8_FIT_0.8960941156204921_0.8964718747606799_0.8966007074233014_SIZE_1_1.3_2
GEN_9_FIT_0.8964907820841592_0.8965153556564218_0.8966570136512225_SIZE_1_1.0_1
GEN_10_FIT_0.8965034292203292_0.8965598874779547_0.8966730085300308_SIZE_1_1.1_2
GEN_11_FIT_0.8966007074233014_0.896652338299541_0.8966730085300308_SIZE_1_1.35_3
GEN_12_FIT_0.8966570136512225_0.8966663688079372_0.896685655666201_SIZE_1_1.15_2
GEN_13_FIT_0.8966696607873925_0.8966712602752732_0.896685655666201_SIZE_1_1.1_2
GEN_14_FIT_0.8966696607873925_0.8966712602752732_0.896685655666201_SIZE_1_1.1_2
GEN_15_FIT_0.8966696607873925_0.8966712602752732_0.896685655666201_SIZE_1_1.1_2
GEN_16_FIT_0.8966696607873925_0.8966712602752732_0.896685655666201_SIZE_1_1.1_2
GEN_17_FIT_0.8966696607873925_0.8966712602752732_0.896685655666201_SIZE_1_1.1_2
GEN_18_FIT_0.8966696607873925_0.8966757433652083_0.896685655666201_SIZE_1_1.4_3
GEN_19_FIT_0.8966696607873925_0.8966833530391007_0.896685655666201_SIZE_1_1.85_3
GEN_20_FIT_0.8966817780110833_0.8966852679006891_0.896685655666201_SIZE_1_1.9_2
Evaluating in sample:
[GEN_20|make_tuple(0.8740230708811974, 0.0012070073888549348)|0.8967]
[GEN_20|make_tuple(sub(0.8651380526890533, 0.005157843810588653), 0.0012070073888549348)|0.8967]
Evaluating out-of-sample:
[GEN_20|make_tuple(0.8740230708811974, 0.0012070073888549348)|0.9807]
[GEN_20|make_tuple(sub(0.8651380526890533, 0.005157843810588653), 0.0012070073888549348)|0.9807]
GEN_21_FIT_0.8966817780110833_0.8966852679006891_0.896685655666201_SIZE_1_1.9_2
GEN_22_FIT_0.8966817780110833_0.8966852679006891_0.896685655666201_SIZE_1_1.9_2
GEN_23_FIT_0.8966817780110833_0.8966852679006891_0.896685655666201_SIZE_1_1.9_2
GEN_24_FIT_0.8966817780110833_0.8966852679006891_0.896685655666201_SIZE_1_1.9_2
GEN_25_FIT_0.8966817780110833_0.8966852679006891_0.896685655666201_SIZE_1_1.9_2
GEN_26_FIT_0.8966817780110833_0.8966852679006891_0.896685655666201_SIZE_1_1.9_2
GEN_27_FIT_0.8966817780110833_0.8966852679006891_0.896685655666201_SIZE_1_1.9_2
GEN_28_FIT_0.8966817780110833_0.8966852679006891_0.896685655666201_SIZE_1_1.9_2
GEN_29_FIT_0.8966817780110833_0.8966852679006891_0.896685655666201_SIZE_1_1.9_2
GEN_30_FIT_0.8966817780110833_0.8966852679006891_0.896685655666201_SIZE_1_1.9_2
GEN_31_FIT_0.8966817780110833_0.8966852679006891_0.896685655666201_SIZE_1_1.9_2
GEN_32_FIT_0.8966817780110833_0.8966852679006891_0.896685655666201_SIZE_1_1.9_2
GEN_33_FIT_0.8966817780110833_0.8966852679006891_0.896685655666201_SIZE_1_1.9_2
Evaluating in sample:
[GEN_33|make_tuple(0.8740230708811974, 0.0012070073888549348)|0.8967]
[GEN_33|make_tuple(sub(0.8651380526890533, 0.005157843810588653), 0.0012070073888549348)|0.8967]
Evaluating out-of-sample:
[GEN_33|make_tuple(0.8740230708811974, 0.0012070073888549348)|0.9807]
[GEN_33|make_tuple(sub(0.8651380526890533, 0.005157843810588653), 0.0012070073888549348)|0.9807]
Stopped early in iteration 33, no improvement in 20 gens.
START_TASK: 11
GEN_0_FIT_0.8770425083751557_0.8885076671639289_0.8954651285296314_SIZE_1_2.45_9
GEN_1_FIT_0.8886034449337414_0.8912149736046034_0.8954651285296314_SIZE_1_1.95_6
GEN_2_FIT_0.8904174106743339_0.8936295678965142_0.8954651285296314_SIZE_1_2.0_5
GEN_3_FIT_0.8948656854145036_0.8953487962036005_0.8961356975846501_SIZE_1_1.7_2
GEN_4_FIT_0.894898119845925_0.8955373634536989_0.8961356975846501_SIZE_1_1.85_3
GEN_5_FIT_0.8954651285296314_0.8959408197538243_0.8961356975846501_SIZE_1_2.3_4
GEN_6_FIT_0.8960909856527935_0.8961312263914645_0.8961356975846501_SIZE_1_1.9_2
GEN_7_FIT_0.896108491080088_0.8961371805491073_0.8961925633783531_SIZE_1_1.85_2
GEN_8_FIT_0.896108491080088_0.8961471933826196_0.8961925633783531_SIZE_1_1.45_2
GEN_9_FIT_0.8961925633783531_0.8961925633783532_0.8961925633783531_SIZE_1_1.0_1
GEN_10_FIT_0.8961925633783531_0.8961925633783532_0.8961925633783531_SIZE_1_1.0_1
GEN_11_FIT_0.8961925633783531_0.8961925633783532_0.8961925633783531_SIZE_1_1.0_1
GEN_12_FIT_0.8961925633783531_0.8962098920954888_0.8965391377210692_SIZE_1_1.05_2
GEN_13_FIT_0.8961925633783531_0.8962657158057528_0.8965391377210692_SIZE_1_1.2_2
GEN_14_FIT_0.8961925633783531_0.8962809102733251_0.8967469096792786_SIZE_1_1.15_2
GEN_15_FIT_0.8962693145554832_0.8963648335802423_0.8967469096792786_SIZE_1_1.2_2
GEN_16_FIT_0.8962693145554832_0.8966646834164151_0.8967469096792786_SIZE_1_1.95_3
GEN_17_FIT_0.89663689954322_0.8967427639347738_0.8967740049252397_SIZE_1_1.7_2
GEN_18_FIT_0.8967469096792786_0.8967537175399481_0.8968112919692811_SIZE_1_1.15_2
GEN_19_FIT_0.8967469096792786_0.8967764469657041_0.8968112919692811_SIZE_1_1.7_2
GEN_20_FIT_0.8967740049252397_0.896808730479725_0.8968932203689156_SIZE_1_1.85_3
Evaluating in sample:
[GEN_20|make_tuple(0.4527970270963249, 0.001104148142076359)|0.9049]
Evaluating out-of-sample:
[GEN_20|make_tuple(0.4527970270963249, 0.001104148142076359)|0.9162]
GEN_21_FIT_0.8967899949106433_0.8968220295255651_0.8968932203689156_SIZE_1_1.45_2
GEN_22_FIT_0.8968112919692811_0.8968460368115645_0.8968932203689156_SIZE_1_1.3_2
GEN_23_FIT_0.8968574328733672_0.8968852417195565_0.896975556212837_SIZE_1_1.35_2
GEN_24_FIT_0.8968932203689156_0.8969262095662804_0.896975556212837_SIZE_1_1.45_3
GEN_25_FIT_0.8969597787986676_0.8969668786350438_0.896975556212837_SIZE_1_1.1_2
GEN_26_FIT_0.8969597787986676_0.89697397847142_0.896975556212837_SIZE_1_1.1_2
GEN_27_FIT_0.896975556212837_0.896975556212837_0.896975556212837_SIZE_1_1.0_1
GEN_28_FIT_0.896975556212837_0.896975556212837_0.896975556212837_SIZE_1_1.0_1
GEN_29_FIT_0.896975556212837_0.8969761066785665_0.896986565527429_SIZE_1_1.0_1
GEN_30_FIT_0.896975556212837_0.8969766571442962_0.896986565527429_SIZE_1_1.0_1
GEN_31_FIT_0.896975556212837_0.8969794094729441_0.896986565527429_SIZE_1_1.05_2
GEN_32_FIT_0.896975556212837_0.8969832992325412_0.896986565527429_SIZE_1_1.1_2
GEN_33_FIT_0.896986565527429_0.8969865655274288_0.896986565527429_SIZE_1_1.0_1
GEN_34_FIT_0.896986565527429_0.8969865655274288_0.896986565527429_SIZE_1_1.0_1
GEN_35_FIT_0.896986565527429_0.8969866767513759_0.896988790006369_SIZE_1_1.0_1
GEN_36_FIT_0.896986565527429_0.8969872328711108_0.896988790006369_SIZE_1_1.0_1
GEN_37_FIT_0.896986565527429_0.8969881226626869_0.896988790006369_SIZE_1_1.1_2
GEN_38_FIT_0.896988790006369_0.8969887900063689_0.896988790006369_SIZE_1_1.0_1
GEN_39_FIT_0.896988790006369_0.8969887900063689_0.896988790006369_SIZE_1_1.0_1
GEN_40_FIT_0.896988790006369_0.8969887900063689_0.896988790006369_SIZE_1_1.0_1
Evaluating in sample:
[GEN_40|make_tuple(0.4603775668372033, 0.0011188374470635044)|0.9050]
Evaluating out-of-sample:
[GEN_40|make_tuple(0.4603775668372033, 0.0011188374470635044)|0.9162]
GEN_41_FIT_0.896988790006369_0.8969887900063689_0.896988790006369_SIZE_1_1.0_1
GEN_42_FIT_0.896988790006369_0.8969887900063689_0.896988790006369_SIZE_1_1.0_1
GEN_43_FIT_0.896988790006369_0.8969887900063689_0.896988790006369_SIZE_1_1.0_1
GEN_44_FIT_0.896988790006369_0.8969887900063689_0.896988790006369_SIZE_1_1.0_1
GEN_45_FIT_0.896988790006369_0.8969887900063689_0.896988790006369_SIZE_1_1.0_1
GEN_46_FIT_0.896988790006369_0.8969887900063689_0.896988790006369_SIZE_1_1.0_1
GEN_47_FIT_0.896988790006369_0.8969887900063689_0.896988790006369_SIZE_1_1.0_1
GEN_48_FIT_0.896988790006369_0.8969887900063689_0.896988790006369_SIZE_1_1.0_1
GEN_49_FIT_0.896988790006369_0.8969887900063689_0.896988790006369_SIZE_1_1.0_1
GEN_50_FIT_0.896988790006369_0.8969887900063689_0.896988790006369_SIZE_1_1.0_1
GEN_51_FIT_0.896988790006369_0.8969887900063689_0.896988790006369_SIZE_1_1.0_1
GEN_52_FIT_0.896988790006369_0.8969887900063689_0.896988790006369_SIZE_1_1.0_1
GEN_53_FIT_0.896988790006369_0.8969887900063689_0.896988790006369_SIZE_1_1.0_1
GEN_54_FIT_0.896988790006369_0.8969887900063689_0.896988790006369_SIZE_1_1.0_1
GEN_55_FIT_0.896988790006369_0.8969887900063689_0.896988790006369_SIZE_1_1.0_1
GEN_56_FIT_0.896988790006369_0.8969887900063689_0.896988790006369_SIZE_1_1.0_1
Evaluating in sample:
[GEN_56|make_tuple(0.4603775668372033, 0.0011188374470635044)|0.9050]
Evaluating out-of-sample:
[GEN_56|make_tuple(0.4603775668372033, 0.0011188374470635044)|0.9162]
Stopped early in iteration 56, no improvement in 20 gens.
START_TASK: 12
