Starting problem: mlr_glmnet
param:age_regularization:100000.0
param:algorithm:mupluslambda
param:constants_only:True
param:cxpb:0.25
param:early_stop_n:20
param:lambda_:100
param:max_number_operators:None
param:max_start_size:2
param:mu:20
param:ngen:300
param:optimize_constants:False
param:output_file:/home/gijsbers/symbolicdefaults/runs/mlr_glmnet_True_13.log
param:problem:mlr_glmnet
param:subset:1.0
param:task:None
param:warm_start:False
Benchmark problems: mlr_glmnet
Loading surrogates from file.
START_TASK: 3
GEN_0_FIT_0.8715717261156621_0.8869160628876909_0.8953578778058424_SIZE_1_3.15_8
GEN_1_FIT_0.8789983779835344_0.8882644475774037_0.8955539427517859_SIZE_1_1.65_3
GEN_2_FIT_0.8914915029686727_0.8923039909252953_0.8955539427517859_SIZE_1_1.2_2
GEN_3_FIT_0.8914915029686727_0.8918977469469841_0.8955539427517859_SIZE_1_1.1_2
GEN_4_FIT_0.8914915029686727_0.894191648449689_0.8955539427517859_SIZE_1_1.65_2
GEN_5_FIT_0.8955459240468846_0.8955599787608761_0.8956826816384936_SIZE_1_1.65_2
GEN_6_FIT_0.8955539427517859_0.8955796905291274_0.8956826816384936_SIZE_1_1.0_1
GEN_7_FIT_0.8955539427517859_0.8956569338611521_0.8956826816384936_SIZE_1_1.1_2
GEN_8_FIT_0.8956826816384936_0.8956855371137074_0.8957397911427684_SIZE_1_1.0_1
GEN_9_FIT_0.8956826816384936_0.8957055379093305_0.8957400405253073_SIZE_1_1.05_2
GEN_10_FIT_0.8957397911427684_0.8957398534884031_0.8957400405253073_SIZE_1_1.0_1
GEN_11_FIT_0.8957400405253073_0.8957400405253073_0.8957400405253073_SIZE_1_1.0_1
GEN_12_FIT_0.8957400405253073_0.8957484068860342_0.8959073677398446_SIZE_1_1.05_2
GEN_13_FIT_0.8957400405253073_0.8957567732467611_0.8959073677398446_SIZE_1_1.1_2
GEN_14_FIT_0.8957400405253073_0.8957567732467611_0.8959073677398446_SIZE_1_1.1_2
GEN_15_FIT_0.8957400405253073_0.8957575274361792_0.8960897787427448_SIZE_1_1.05_2
GEN_16_FIT_0.8957400405253073_0.8957750143470511_0.8960897787427448_SIZE_1_1.1_2
GEN_17_FIT_0.8957400405253073_0.8957653443723972_0.8962461174671047_SIZE_1_1.05_2
GEN_18_FIT_0.8957400405253073_0.8957906482194871_0.8962461174671047_SIZE_1_1.1_2
GEN_19_FIT_0.8957400405253073_0.8957906482194871_0.8962461174671047_SIZE_1_1.1_2
GEN_20_FIT_0.8957400405253073_0.8957906482194871_0.8962461174671047_SIZE_1_1.1_2
Evaluating in sample:
[GEN_20|make_tuple(267, 0.0011089568364830102)|0.8957]
[GEN_20|make_tuple(mul(257, 0.0017579989056465209), 0.0011089568364830102)|0.9042]
Evaluating out-of-sample:
[GEN_20|make_tuple(267, 0.0011089568364830102)|0.9897]
[GEN_20|make_tuple(mul(257, 0.0017579989056465209), 0.0011089568364830102)|0.9882]
GEN_21_FIT_0.8957400405253073_0.8957906482194871_0.8962461174671047_SIZE_1_1.1_2
GEN_22_FIT_0.8957400405253073_0.8957906482194871_0.8962461174671047_SIZE_1_1.1_2
GEN_23_FIT_0.8957400405253073_0.8957906482194871_0.8962461174671047_SIZE_1_1.1_2
GEN_24_FIT_0.8957400405253073_0.8957666141302955_0.8962715126250687_SIZE_1_1.05_2
GEN_25_FIT_0.8957400405253073_0.8957931877352834_0.8962715126250687_SIZE_1_1.1_2
GEN_26_FIT_0.8957400405253073_0.8957931877352834_0.8962715126250687_SIZE_1_1.1_2
GEN_27_FIT_0.8957400405253073_0.8957931877352834_0.8962715126250687_SIZE_1_1.1_2
GEN_28_FIT_0.8957400405253073_0.8957931877352834_0.8962715126250687_SIZE_1_1.1_2
GEN_29_FIT_0.8957400405253073_0.8957687314298098_0.8963138586153576_SIZE_1_1.05_2
GEN_30_FIT_0.8957400405253073_0.8957974223343124_0.8963138586153576_SIZE_1_1.1_2
GEN_31_FIT_0.8957400405253073_0.8957974223343124_0.8963138586153576_SIZE_1_1.1_2
GEN_32_FIT_0.8957400405253073_0.8957974223343124_0.8963138586153576_SIZE_1_1.1_2
GEN_33_FIT_0.8957400405253073_0.8957974223343124_0.8963138586153576_SIZE_1_1.1_2
GEN_34_FIT_0.8957400405253073_0.8957974223343124_0.8963138586153576_SIZE_1_1.1_2
GEN_35_FIT_0.8957400405253073_0.8957974223343124_0.8963138586153576_SIZE_1_1.1_2
GEN_36_FIT_0.8957400405253073_0.8957974223343124_0.8963138586153576_SIZE_1_1.1_2
GEN_37_FIT_0.8957400405253073_0.8957974223343124_0.8963138586153576_SIZE_1_1.1_2
GEN_38_FIT_0.8957400405253073_0.8957687446381046_0.8963141227812537_SIZE_1_1.05_2
GEN_39_FIT_0.8957400405253073_0.895797448750902_0.8963141227812537_SIZE_1_1.1_2
GEN_40_FIT_0.8957400405253073_0.895797448750902_0.8963141227812537_SIZE_1_1.1_2
Evaluating in sample:
[GEN_40|make_tuple(267, 0.0011089568364830102)|0.8957]
[GEN_40|make_tuple(mul(256, 0.0017869211639151643), 0.0011089568364830102)|0.9043]
Evaluating out-of-sample:
[GEN_40|make_tuple(267, 0.0011089568364830102)|0.9897]
[GEN_40|make_tuple(mul(256, 0.0017869211639151643), 0.0011089568364830102)|0.9882]
GEN_41_FIT_0.8957400405253073_0.895797448750902_0.8963141227812537_SIZE_1_1.1_2
GEN_42_FIT_0.8957400405253073_0.895797448750902_0.8963141227812537_SIZE_1_1.1_2
GEN_43_FIT_0.8957400405253073_0.895797448750902_0.8963141227812537_SIZE_1_1.1_2
GEN_44_FIT_0.8957400405253073_0.895797448750902_0.8963141227812537_SIZE_1_1.1_2
GEN_45_FIT_0.8957400405253073_0.895797448750902_0.8963141227812537_SIZE_1_1.1_2
GEN_46_FIT_0.8957400405253073_0.895797448750902_0.8963141227812537_SIZE_1_1.1_2
GEN_47_FIT_0.8957400405253073_0.895797448750902_0.8963141227812537_SIZE_1_1.1_2
GEN_48_FIT_0.8957400405253073_0.895797448750902_0.8963141227812537_SIZE_1_1.1_2
GEN_49_FIT_0.8957400405253073_0.895797448750902_0.8963141227812537_SIZE_1_1.1_2
GEN_50_FIT_0.8957400405253073_0.895797448750902_0.8963141227812537_SIZE_1_1.1_2
GEN_51_FIT_0.8957400405253073_0.8957693021072923_0.8963252721650081_SIZE_1_1.05_2
GEN_52_FIT_0.8957400405253073_0.8957693021072923_0.8963252721650081_SIZE_1_1.05_2
GEN_53_FIT_0.8957400405253073_0.8957693021072923_0.8963252721650081_SIZE_1_1.05_2
GEN_54_FIT_0.8957400405253073_0.8957693021072923_0.8963252721650081_SIZE_1_1.05_2
GEN_55_FIT_0.8957400405253073_0.8957693021072923_0.8963252721650081_SIZE_1_1.05_2
GEN_56_FIT_0.8957400405253073_0.8957693021072923_0.8963252721650081_SIZE_1_1.05_2
GEN_57_FIT_0.8957400405253073_0.8957985636892773_0.8963252721650081_SIZE_1_1.1_2
GEN_58_FIT_0.8957400405253073_0.8957985636892773_0.8963252721650081_SIZE_1_1.1_2
GEN_59_FIT_0.8957400405253073_0.8957985636892773_0.8963252721650081_SIZE_1_1.1_2
GEN_60_FIT_0.8957400405253073_0.8957985636892773_0.8963252721650081_SIZE_1_1.1_2
Evaluating in sample:
[GEN_60|make_tuple(267, 0.0011089568364830102)|0.8957]
[GEN_60|make_tuple(mul(256, 0.0017869211639151643), 0.001120584503096807)|0.9043]
Evaluating out-of-sample:
[GEN_60|make_tuple(267, 0.0011089568364830102)|0.9897]
[GEN_60|make_tuple(mul(256, 0.0017869211639151643), 0.001120584503096807)|0.9882]
GEN_61_FIT_0.8957400405253073_0.8957985636892773_0.8963252721650081_SIZE_1_1.1_2
GEN_62_FIT_0.8957400405253073_0.8957985636892773_0.8963252721650081_SIZE_1_1.1_2
GEN_63_FIT_0.8957400405253073_0.8957985636892773_0.8963252721650081_SIZE_1_1.1_2
GEN_64_FIT_0.8957400405253073_0.8957985636892773_0.8963252721650081_SIZE_1_1.1_2
GEN_65_FIT_0.8957400405253073_0.8957985636892773_0.8963252721650081_SIZE_1_1.1_2
GEN_66_FIT_0.8957400405253073_0.8957985636892773_0.8963252721650081_SIZE_1_1.1_2
GEN_67_FIT_0.8957400405253073_0.8957985636892773_0.8963252721650081_SIZE_1_1.1_2
GEN_68_FIT_0.8957400405253073_0.8957985636892773_0.8963252721650081_SIZE_1_1.1_2
GEN_69_FIT_0.8957400405253073_0.8957985636892773_0.8963252721650081_SIZE_1_1.1_2
GEN_70_FIT_0.8957400405253073_0.8957985636892773_0.8963252721650081_SIZE_1_1.1_2
GEN_71_FIT_0.8957400405253073_0.8957985636892773_0.8963252721650081_SIZE_1_1.1_2
GEN_72_FIT_0.8957400405253073_0.8957985636892773_0.8963252721650081_SIZE_1_1.1_2
Evaluating in sample:
[GEN_72|make_tuple(267, 0.0011089568364830102)|0.8957]
[GEN_72|make_tuple(mul(256, 0.0017869211639151643), 0.001120584503096807)|0.9043]
Evaluating out-of-sample:
[GEN_72|make_tuple(267, 0.0011089568364830102)|0.9897]
[GEN_72|make_tuple(mul(256, 0.0017869211639151643), 0.001120584503096807)|0.9882]
Stopped early in iteration 72, no improvement in 20 gens.
START_TASK: 6
GEN_0_FIT_0.8826976710413693_0.8902821602911308_0.8943583954523616_SIZE_1_2.7_9
GEN_1_FIT_0.8892926524007779_0.8935851718655258_0.8954108309031867_SIZE_1_2.2_3
GEN_2_FIT_0.893389367975295_0.8942770247738553_0.8955868706573881_SIZE_1_1.85_3
GEN_3_FIT_0.893524468118491_0.8951220723783566_0.8957843432858071_SIZE_1_2.2_3
GEN_4_FIT_0.8944254720325698_0.8955358555381281_0.8958365278556364_SIZE_1_2.05_3
GEN_5_FIT_0.8944254720325698_0.8951717264391608_0.8958365278556364_SIZE_1_1.75_3
GEN_6_FIT_0.8947521401233693_0.8956738390180666_0.8958506082394684_SIZE_1_2.25_3
GEN_7_FIT_0.8956204001372966_0.895720261784084_0.8958506082394684_SIZE_1_1.6_3
GEN_8_FIT_0.8957091362576102_0.8957162098567032_0.8958506082394684_SIZE_1_1.05_2
GEN_9_FIT_0.8957091362576102_0.8957162098567032_0.8958506082394684_SIZE_1_1.05_2
GEN_10_FIT_0.8957091362576102_0.8957289716910937_0.8959643729454209_SIZE_1_1.15_3
GEN_11_FIT_0.8957091362576102_0.8957417335254843_0.8959643729454209_SIZE_1_1.25_3
GEN_12_FIT_0.8957091362576102_0.8957488071245772_0.8959643729454209_SIZE_1_1.3_3
GEN_13_FIT_0.8957091362576102_0.8957469031370534_0.8961815298827571_SIZE_1_1.2_3
GEN_14_FIT_0.8957091362576102_0.8957445695501768_0.8961815298827571_SIZE_1_1.15_3
GEN_15_FIT_0.8957091362576102_0.8957681892314342_0.8961815298827571_SIZE_1_1.25_3
GEN_16_FIT_0.8957091362576102_0.8957920389127825_0.8961815298827571_SIZE_1_1.3_3
GEN_17_FIT_0.8957091362576102_0.8957831760392272_0.8964766660367991_SIZE_1_1.2_3
GEN_18_FIT_0.8957091362576102_0.8957822709584635_0.8966514141993646_SIZE_1_1.15_3
GEN_19_FIT_0.8957091362576102_0.8957822709584635_0.8966514141993646_SIZE_1_1.15_3
GEN_20_FIT_0.8957091362576102_0.8957832291840451_0.8966705787109953_SIZE_1_1.15_3
Evaluating in sample:
[GEN_20|make_tuple(44, 0.0010954597479010597)|0.8957]
[GEN_20|make_tuple(expit(2), 0.0012081417501201518)|0.8962]
[GEN_20|make_tuple(expit(mul(2, 0.9177755150969322)), 0.001208834465788386)|0.8967]
Evaluating out-of-sample:
[GEN_20|make_tuple(44, 0.0010954597479010597)|0.9823]
[GEN_20|make_tuple(expit(2), 0.0012081417501201518)|0.9807]
[GEN_20|make_tuple(expit(mul(2, 0.9177755150969322)), 0.001208834465788386)|0.9807]
GEN_21_FIT_0.8957091362576102_0.8957832291840451_0.8966705787109953_SIZE_1_1.15_3
GEN_22_FIT_0.8957091362576102_0.8957832291840451_0.8966705787109953_SIZE_1_1.15_3
GEN_23_FIT_0.8957091362576102_0.8958573221104796_0.8966705787109953_SIZE_1_1.3_3
GEN_24_FIT_0.8957091362576102_0.8960508826612971_0.8966705787109953_SIZE_1_1.9_3
GEN_25_FIT_0.8957091362576102_0.8963725630001032_0.8966705787109953_SIZE_1_2.4_4
GEN_26_FIT_0.8957485286747127_0.8965342710695594_0.8966705787109953_SIZE_1_2.7_3
GEN_27_FIT_0.8947549962275528_0.8959510130873305_0.8966832258471653_SIZE_1_1.9_4
GEN_28_FIT_0.8957485286747127_0.8958901007577784_0.8966832258471653_SIZE_1_1.3_3
GEN_29_FIT_0.8957485286747127_0.8958901007577784_0.8966832258471653_SIZE_1_1.3_3
GEN_30_FIT_0.8957485286747127_0.8958915299204367_0.8966832258471653_SIZE_1_1.3_3
GEN_31_FIT_0.8957485286747127_0.8958915299204367_0.8966832258471653_SIZE_1_1.3_3
GEN_32_FIT_0.8957485286747127_0.8958915299204367_0.8966832258471653_SIZE_1_1.3_3
GEN_33_FIT_0.8957485286747127_0.8958915299204367_0.8966832258471653_SIZE_1_1.3_3
GEN_34_FIT_0.8957485286747127_0.8958915299204367_0.8966832258471653_SIZE_1_1.3_3
GEN_35_FIT_0.8957485286747127_0.8958915299204367_0.8966832258471653_SIZE_1_1.3_3
GEN_36_FIT_0.8957485286747127_0.8958915299204367_0.8966832258471653_SIZE_1_1.3_3
GEN_37_FIT_0.8957485286747127_0.8958915299204367_0.8966832258471653_SIZE_1_1.3_3
GEN_38_FIT_0.8957485286747127_0.896012560954458_0.8966832258471653_SIZE_1_1.55_3
GEN_39_FIT_0.8957485286747127_0.8963292301240271_0.8966832258471653_SIZE_1_2.3_4
GEN_40_FIT_0.8958058875615262_0.896463677452302_0.8966832258471653_SIZE_1_2.5_3
Evaluating in sample:
[GEN_40|make_tuple(186, 0.0011089423265659073)|0.8958]
[GEN_40|make_tuple(expit(2), 0.0012072519282295587)|0.8962]
[GEN_40|make_tuple(expit(mul(2, 0.9177755150969322)), 0.0012072519282295587)|0.8967]
Evaluating out-of-sample:
[GEN_40|make_tuple(186, 0.0011089423265659073)|0.9823]
[GEN_40|make_tuple(expit(2), 0.0012072519282295587)|0.9807]
[GEN_40|make_tuple(expit(mul(2, 0.9177755150969322)), 0.0012072519282295587)|0.9807]
GEN_41_FIT_0.8958058875615262_0.8965515538298352_0.8966832258471653_SIZE_1_2.7_3
GEN_42_FIT_0.8958058875615262_0.8965515538298352_0.8966832258471653_SIZE_1_2.7_3
GEN_43_FIT_0.8958058875615262_0.8965515538298352_0.8966832258471653_SIZE_1_2.7_3
GEN_44_FIT_0.8958058875615262_0.8965515538298352_0.8966832258471653_SIZE_1_2.7_3
GEN_45_FIT_0.8958058875615262_0.8965515538298352_0.8966832258471653_SIZE_1_2.7_3
GEN_46_FIT_0.8958058875615262_0.8965515538298352_0.8966832258471653_SIZE_1_2.7_3
GEN_47_FIT_0.8958058875615262_0.8965515538298352_0.8966832258471653_SIZE_1_2.7_3
GEN_48_FIT_0.8958058875615262_0.8965515538298352_0.8966832258471653_SIZE_1_2.7_3
Evaluating in sample:
[GEN_48|make_tuple(186, 0.0011089423265659073)|0.8958]
[GEN_48|make_tuple(expit(2), 0.0012072519282295587)|0.8962]
[GEN_48|make_tuple(expit(mul(2, 0.9177755150969322)), 0.0012072519282295587)|0.8967]
Evaluating out-of-sample:
[GEN_48|make_tuple(186, 0.0011089423265659073)|0.9823]
[GEN_48|make_tuple(expit(2), 0.0012072519282295587)|0.9807]
[GEN_48|make_tuple(expit(mul(2, 0.9177755150969322)), 0.0012072519282295587)|0.9807]
Stopped early in iteration 48, no improvement in 20 gens.
START_TASK: 11
GEN_0_FIT_0.8591890248285686_0.8838699032614666_0.8946050544535988_SIZE_1_2.95_7
GEN_1_FIT_0.8624188944433134_0.8810292597207822_0.8957957880715689_SIZE_1_1.65_3
GEN_2_FIT_0.878876885723694_0.8943253667727775_0.8960943203293161_SIZE_1_1.7_3
GEN_3_FIT_0.8950735057299575_0.8956961087922473_0.8960943203293161_SIZE_1_1.4_3
GEN_4_FIT_0.8960909856527935_0.8961117090625199_0.8962187686072798_SIZE_1_1.1_2
GEN_5_FIT_0.8960943203293161_0.8961987812379695_0.8963998086224861_SIZE_1_1.3_3
GEN_6_FIT_0.8962187686072798_0.8964305768865108_0.8967697221175517_SIZE_1_1.05_2
GEN_7_FIT_0.8964432060320875_0.8966424485565001_0.8971088036175385_SIZE_1_1.15_2
GEN_8_FIT_0.8966776875540725_0.8968281398397393_0.897126370351664_SIZE_1_1.0_1
GEN_9_FIT_0.8968217013866182_0.8970237469492297_0.897157785163266_SIZE_1_1.0_1
GEN_10_FIT_0.897122188368397_0.8971319576769439_0.897157785163266_SIZE_1_1.0_1
GEN_11_FIT_0.8971374295946832_0.897147374475962_0.8971746142827032_SIZE_1_1.05_2
GEN_12_FIT_0.8971391176331704_0.8971613853444144_0.8971746142827032_SIZE_1_1.0_1
GEN_13_FIT_0.8971746142827032_0.8971746897209314_0.8971761230472686_SIZE_1_1.0_1
GEN_14_FIT_0.8971746142827032_0.8971747651591597_0.8971761230472686_SIZE_1_1.0_1
GEN_15_FIT_0.8971746142827032_0.8971749160356163_0.8971761230472686_SIZE_1_1.0_1
GEN_16_FIT_0.8971746142827032_0.8971758212943556_0.8971761230472686_SIZE_1_1.05_2
GEN_17_FIT_0.8971761230472686_0.8971761230472687_0.8971761230472686_SIZE_1_1.0_1
GEN_18_FIT_0.8971761230472686_0.8971761230472687_0.8971761230472686_SIZE_1_1.0_1
GEN_19_FIT_0.8971761230472686_0.8971761230472687_0.8971761230472686_SIZE_1_1.0_1
GEN_20_FIT_0.8971761230472686_0.8971761230472687_0.8971761230472686_SIZE_1_1.0_1
Evaluating in sample:
[GEN_20|make_tuple(0.8621827787171819, 0.0012062325249662014)|0.8972]
Evaluating out-of-sample:
[GEN_20|make_tuple(0.8621827787171819, 0.0012062325249662014)|0.9234]
GEN_21_FIT_0.8971761230472686_0.8971761230472687_0.8971761230472686_SIZE_1_1.0_1
GEN_22_FIT_0.8971761230472686_0.8971761230472687_0.8971761230472686_SIZE_1_1.0_1
GEN_23_FIT_0.8971761230472686_0.8971761230472687_0.8971761230472686_SIZE_1_1.0_1
GEN_24_FIT_0.8971761230472686_0.8971761230472687_0.8971761230472686_SIZE_1_1.0_1
GEN_25_FIT_0.8971761230472686_0.8971761230472687_0.8971761230472686_SIZE_1_1.0_1
GEN_26_FIT_0.8971761230472686_0.8971761230472687_0.8971761230472686_SIZE_1_1.0_1
GEN_27_FIT_0.8971761230472686_0.8971770243194153_0.8971941484901998_SIZE_1_1.0_1
GEN_28_FIT_0.8971761230472686_0.8971804267995503_0.8971941484901998_SIZE_1_1.0_1
GEN_29_FIT_0.8971900963211749_0.8971935406648461_0.8971941484901998_SIZE_1_1.05_2
GEN_30_FIT_0.8971941484901998_0.8971941484901998_0.8971941484901998_SIZE_1_1.0_1
GEN_31_FIT_0.8971941484901998_0.8971941484901998_0.8971941484901998_SIZE_1_1.0_1
GEN_32_FIT_0.8971941484901998_0.8971941484901998_0.8971941484901998_SIZE_1_1.0_1
GEN_33_FIT_0.8971941484901998_0.8971941484901998_0.8971941484901998_SIZE_1_1.0_1
GEN_34_FIT_0.8971941484901998_0.8971941484901998_0.8971941484901998_SIZE_1_1.0_1
GEN_35_FIT_0.8971941484901998_0.8971941484901998_0.8971941484901998_SIZE_1_1.0_1
GEN_36_FIT_0.8971941484901998_0.8971941484901998_0.8971941484901998_SIZE_1_1.0_1
GEN_37_FIT_0.8971941484901998_0.8971941484901998_0.8971941484901998_SIZE_1_1.0_1
GEN_38_FIT_0.8971941484901998_0.8971941484901998_0.8971941484901998_SIZE_1_1.0_1
GEN_39_FIT_0.8971941484901998_0.8971941484901998_0.8971941484901998_SIZE_1_1.0_1
GEN_40_FIT_0.8971941484901998_0.8971941484901998_0.8971941484901998_SIZE_1_1.0_1
Evaluating in sample:
[GEN_40|make_tuple(0.86001434805105, 0.0012062325249662014)|0.8972]
Evaluating out-of-sample:
[GEN_40|make_tuple(0.86001434805105, 0.0012062325249662014)|0.9232]
GEN_41_FIT_0.8971941484901998_0.8971941484901998_0.8971941484901998_SIZE_1_1.0_1
GEN_42_FIT_0.8971941484901998_0.8971941484901998_0.8971941484901998_SIZE_1_1.0_1
GEN_43_FIT_0.8971941484901998_0.8971941484901998_0.8971941484901998_SIZE_1_1.0_1
GEN_44_FIT_0.8971941484901998_0.8971941484901998_0.8971941484901998_SIZE_1_1.0_1
GEN_45_FIT_0.8971941484901998_0.8971941484901998_0.8971941484901998_SIZE_1_1.0_1
GEN_46_FIT_0.8971941484901998_0.8971941484901998_0.8971941484901998_SIZE_1_1.0_1
GEN_47_FIT_0.8971941484901998_0.8971941484901998_0.8971941484901998_SIZE_1_1.0_1
GEN_48_FIT_0.8971941484901998_0.8971941484901998_0.8971941484901998_SIZE_1_1.0_1
Evaluating in sample:
[GEN_48|make_tuple(0.86001434805105, 0.0012062325249662014)|0.8972]
Evaluating out-of-sample:
[GEN_48|make_tuple(0.86001434805105, 0.0012062325249662014)|0.9232]
Stopped early in iteration 48, no improvement in 20 gens.
START_TASK: 12
GEN_0_FIT_0.8840682426667488_0.8915802956293307_0.8955987222240487_SIZE_1_3.55_7
GEN_1_FIT_0.8902525583259899_0.8944580375938486_0.8956762870981755_SIZE_1_1.55_4
GEN_2_FIT_0.8955987222240487_0.895639072806202_0.8958627797482306_SIZE_1_1.05_2
GEN_3_FIT_0.8956762870981755_0.8957176191916162_0.8958627797482306_SIZE_1_1.25_2
GEN_4_FIT_0.8956762870981755_0.8957792992694287_0.8960396324957902_SIZE_1_1.35_2
GEN_5_FIT_0.8956856097195903_0.8958140187921749_0.8961155638390987_SIZE_1_1.2_2
GEN_6_FIT_0.8960396324957902_0.8961017367650344_0.8961284854778874_SIZE_1_1.8_3
GEN_7_FIT_0.8961155638390987_0.8961240172966012_0.8961554166012583_SIZE_1_1.25_2
GEN_8_FIT_0.8961284854778874_0.8961392502945602_0.8961900287076392_SIZE_1_1.3_3
GEN_9_FIT_0.8961532295463384_0.8961705251932713_0.896253989365202_SIZE_1_1.55_2
GEN_10_FIT_0.8961635714031515_0.8962054409873719_0.8962672560906173_SIZE_1_1.55_2
GEN_11_FIT_0.8961891836952386_0.8962450561867582_0.8962809299689115_SIZE_1_1.1_2
GEN_12_FIT_0.896253989365202_0.8962743362662644_0.8962809299689115_SIZE_1_1.05_2
GEN_13_FIT_0.8962809299689115_0.8962809299689113_0.8962809299689115_SIZE_1_1.0_1
GEN_14_FIT_0.8962809299689115_0.8962809299689113_0.8962809299689115_SIZE_1_1.0_1
GEN_15_FIT_0.8962809299689115_0.8962809299689113_0.8962809299689115_SIZE_1_1.0_1
GEN_16_FIT_0.8962809299689115_0.8962809299689113_0.8962809299689115_SIZE_1_1.0_1
GEN_17_FIT_0.8962809299689115_0.8962809299689113_0.8962809299689115_SIZE_1_1.0_1
GEN_18_FIT_0.8962809299689115_0.8962809299689113_0.8962809299689115_SIZE_1_1.0_1
GEN_19_FIT_0.8962809299689115_0.8962809299689113_0.8962809299689115_SIZE_1_1.0_1
GEN_20_FIT_0.8962809299689115_0.8962809299689113_0.8962809299689115_SIZE_1_1.0_1
Evaluating in sample:
[GEN_20|make_tuple(0.45388965681748505, 0.001120500391481862)|0.9043]
Evaluating out-of-sample:
[GEN_20|make_tuple(0.45388965681748505, 0.001120500391481862)|0.9956]
GEN_21_FIT_0.8962809299689115_0.8962809299689113_0.8962809299689115_SIZE_1_1.0_1
GEN_22_FIT_0.8962809299689115_0.8962809299689113_0.8962809299689115_SIZE_1_1.0_1
GEN_23_FIT_0.8962809299689115_0.8962809299689113_0.8962809299689115_SIZE_1_1.0_1
GEN_24_FIT_0.8962809299689115_0.8962809299689113_0.8962809299689115_SIZE_1_1.0_1
GEN_25_FIT_0.8962809299689115_0.8962809299689113_0.8962809299689115_SIZE_1_1.0_1
GEN_26_FIT_0.8962809299689115_0.8962809299689113_0.8962809299689115_SIZE_1_1.0_1
GEN_27_FIT_0.8962809299689115_0.8962809299689113_0.8962809299689115_SIZE_1_1.0_1
GEN_28_FIT_0.8962809299689115_0.8962809299689113_0.8962809299689115_SIZE_1_1.0_1
GEN_29_FIT_0.8962809299689115_0.8962809299689113_0.8962809299689115_SIZE_1_1.0_1
GEN_30_FIT_0.8962809299689115_0.8962809299689113_0.8962809299689115_SIZE_1_1.0_1
GEN_31_FIT_0.8962809299689115_0.8962811611393604_0.8962855533778918_SIZE_1_1.0_1
GEN_32_FIT_0.8962809299689115_0.8962811611393604_0.8962855533778918_SIZE_1_1.0_1
GEN_33_FIT_0.8962809299689115_0.8962816234802584_0.8962855533778918_SIZE_1_1.0_1
GEN_34_FIT_0.8962809299689115_0.8962830105029524_0.8962855533778918_SIZE_1_1.0_1
GEN_35_FIT_0.8962855533778918_0.8962855533778921_0.8962855533778918_SIZE_1_1.0_1
GEN_36_FIT_0.8962855533778918_0.8962855533778921_0.8962855533778918_SIZE_1_1.0_1
GEN_37_FIT_0.8962855533778918_0.8962855533778921_0.8962855533778918_SIZE_1_1.0_1
GEN_38_FIT_0.8962855533778918_0.8962855533778921_0.8962855533778918_SIZE_1_1.0_1
GEN_39_FIT_0.8962855533778918_0.8962855533778921_0.8962855533778918_SIZE_1_1.0_1
GEN_40_FIT_0.8962855533778918_0.8962855533778921_0.8962855533778918_SIZE_1_1.0_1
Evaluating in sample:
[GEN_40|make_tuple(0.4603964781399297, 0.001120500391481862)|0.9043]
Evaluating out-of-sample:
[GEN_40|make_tuple(0.4603964781399297, 0.001120500391481862)|0.9956]
GEN_41_FIT_0.8962855533778918_0.8962855533778921_0.8962855533778918_SIZE_1_1.0_1
GEN_42_FIT_0.8962855533778918_0.8962855533778921_0.8962855533778918_SIZE_1_1.0_1
GEN_43_FIT_0.8962855533778918_0.8962855533778921_0.8962855533778918_SIZE_1_1.0_1
GEN_44_FIT_0.8962855533778918_0.8962855533778921_0.8962855533778918_SIZE_1_1.0_1
GEN_45_FIT_0.8962855533778918_0.8962855533778921_0.8962855533778918_SIZE_1_1.0_1
GEN_46_FIT_0.8962855533778918_0.8962855533778921_0.8962855533778918_SIZE_1_1.0_1
GEN_47_FIT_0.8962855533778918_0.8962855533778921_0.8962855533778918_SIZE_1_1.0_1
GEN_48_FIT_0.8962855533778918_0.8962855533778921_0.8962855533778918_SIZE_1_1.0_1
GEN_49_FIT_0.8962855533778918_0.8962855533778921_0.8962855533778918_SIZE_1_1.0_1
GEN_50_FIT_0.8962855533778918_0.8962855533778921_0.8962855533778918_SIZE_1_1.0_1
GEN_51_FIT_0.8962855533778918_0.8962855533778921_0.8962855533778918_SIZE_1_1.0_1
GEN_52_FIT_0.8962855533778918_0.8962855533778921_0.8962855533778918_SIZE_1_1.0_1
Evaluating in sample:
[GEN_52|make_tuple(0.4603964781399297, 0.001120500391481862)|0.9043]
Evaluating out-of-sample:
[GEN_52|make_tuple(0.4603964781399297, 0.001120500391481862)|0.9956]
Stopped early in iteration 52, no improvement in 20 gens.
START_TASK: 14
GEN_0_FIT_0.8878960278303791_0.8937550558177942_0.8955076850331024_SIZE_1_4.35_9
GEN_1_FIT_0.8942705243642307_0.8953161110303404_0.8959163690215717_SIZE_1_1.95_7
GEN_2_FIT_0.8953152051212243_0.8956210685750039_0.8959163690215717_SIZE_1_1.3_2
GEN_3_FIT_0.895526876815861_0.8958266906117999_0.8959179759762609_SIZE_1_1.65_2
GEN_4_FIT_0.8955525151955203_0.8957694292290102_0.8961673896055816_SIZE_1_1.15_2
GEN_5_FIT_0.895714195366685_0.8958210005141755_0.8961673896055816_SIZE_1_1.2_2
GEN_6_FIT_0.895714195366685_0.8959189337316535_0.8961673896055816_SIZE_1_1.3_2
GEN_7_FIT_0.8959060487402607_0.8959868748488379_0.8961673896055816_SIZE_1_1.5_2
GEN_8_FIT_0.8959060487402607_0.896067671828735_0.8962842983708382_SIZE_1_1.45_2
GEN_9_FIT_0.8961623419512197_0.8962018413410149_0.8963469647337592_SIZE_1_1.25_2
GEN_10_FIT_0.8961673896055816_0.8962521628390097_0.8963469647337592_SIZE_1_1.0_1
GEN_11_FIT_0.8962842983708382_0.8962903176904324_0.8963469647337592_SIZE_1_1.0_1
GEN_12_FIT_0.8962842983708382_0.8963200531909796_0.8963490901270127_SIZE_1_1.0_1
GEN_13_FIT_0.8963035383804936_0.8963446032451328_0.8963594639140094_SIZE_1_1.0_1
GEN_14_FIT_0.8963469647337592_0.8963546767812346_0.8963615893072627_SIZE_1_1.0_1
GEN_15_FIT_0.8963594639140094_0.8963599952623227_0.8963615893072627_SIZE_1_1.0_1
GEN_16_FIT_0.8963594639140094_0.8963611642286121_0.8963615893072627_SIZE_1_1.0_1
GEN_17_FIT_0.8963615893072627_0.8963615893072626_0.8963615893072627_SIZE_1_1.0_1
GEN_18_FIT_0.8963615893072627_0.8963615893072626_0.8963615893072627_SIZE_1_1.0_1
GEN_19_FIT_0.8963615893072627_0.8963639932592631_0.8964096683472719_SIZE_1_1.0_1
GEN_20_FIT_0.8963615893072627_0.8963736090672649_0.8964096683472719_SIZE_1_1.0_1
Evaluating in sample:
[GEN_20|make_tuple(0.8628046540216375, 0.0012048503118903381)|0.8964]
Evaluating out-of-sample:
[GEN_20|make_tuple(0.8628046540216375, 0.0012048503118903381)|0.9947]
GEN_21_FIT_0.8963615893072627_0.8963952446352691_0.8964096683472719_SIZE_1_1.0_1
GEN_22_FIT_0.8964096683472719_0.8964233945082398_0.8965469299569536_SIZE_1_1.0_1
GEN_23_FIT_0.8964096683472719_0.8964577099106604_0.8965469299569536_SIZE_1_1.0_1
GEN_24_FIT_0.8964096683472719_0.8965332037959854_0.8965469299569536_SIZE_1_1.0_1
GEN_25_FIT_0.8965469299569536_0.8965469299569537_0.8965469299569536_SIZE_1_1.0_1
GEN_26_FIT_0.8965469299569536_0.8965469299569537_0.8965469299569536_SIZE_1_1.0_1
GEN_27_FIT_0.8965469299569536_0.8965469299569537_0.8965469299569536_SIZE_1_1.0_1
GEN_28_FIT_0.8965469299569536_0.8965469299569537_0.8965469299569536_SIZE_1_1.0_1
GEN_29_FIT_0.8965469299569536_0.8965469299569537_0.8965469299569536_SIZE_1_1.0_1
GEN_30_FIT_0.8965469299569536_0.8965469299569537_0.8965469299569536_SIZE_1_1.0_1
GEN_31_FIT_0.8965469299569536_0.8965469299569537_0.8965469299569536_SIZE_1_1.0_1
GEN_32_FIT_0.8965469299569536_0.8965469299569537_0.8965469299569536_SIZE_1_1.0_1
GEN_33_FIT_0.8965469299569536_0.8965469299569537_0.8965469299569536_SIZE_1_1.0_1
GEN_34_FIT_0.8965469299569536_0.8965469299569537_0.8965469299569536_SIZE_1_1.0_1
GEN_35_FIT_0.8965469299569536_0.8965469299569537_0.8965469299569536_SIZE_1_1.0_1
GEN_36_FIT_0.8965469299569536_0.8965469299569537_0.8965469299569536_SIZE_1_1.0_1
GEN_37_FIT_0.8965469299569536_0.8965469299569537_0.8965469299569536_SIZE_1_1.0_1
GEN_38_FIT_0.8965469299569536_0.8965475623137621_0.8965595770931236_SIZE_1_1.0_1
GEN_39_FIT_0.8965469299569536_0.8965494593841876_0.8965595770931236_SIZE_1_1.0_1
GEN_40_FIT_0.8965469299569536_0.8965526211682302_0.8965595770931236_SIZE_1_1.0_1
Evaluating in sample:
[GEN_40|make_tuple(0.8628046540216375, 0.001207686340250437)|0.8966]
Evaluating out-of-sample:
[GEN_40|make_tuple(0.8628046540216375, 0.001207686340250437)|0.9947]
GEN_41_FIT_0.8965595770931236_0.8965595770931237_0.8965595770931236_SIZE_1_1.0_1
GEN_42_FIT_0.8965595770931236_0.8965595770931237_0.8965595770931236_SIZE_1_1.0_1
GEN_43_FIT_0.8965595770931236_0.8965595770931237_0.8965595770931236_SIZE_1_1.0_1
GEN_44_FIT_0.8965595770931236_0.8965595770931237_0.8965595770931236_SIZE_1_1.0_1
GEN_45_FIT_0.8965595770931236_0.8965595770931237_0.8965595770931236_SIZE_1_1.0_1
GEN_46_FIT_0.8965595770931236_0.8965595770931237_0.8965595770931236_SIZE_1_1.0_1
GEN_47_FIT_0.8965595770931236_0.8965595770931237_0.8965595770931236_SIZE_1_1.0_1
GEN_48_FIT_0.8965595770931236_0.8965595770931237_0.8965595770931236_SIZE_1_1.0_1
GEN_49_FIT_0.8965595770931236_0.8965595770931237_0.8965595770931236_SIZE_1_1.0_1
GEN_50_FIT_0.8965595770931236_0.8965595770931237_0.8965595770931236_SIZE_1_1.0_1
GEN_51_FIT_0.8965595770931236_0.8965595770931237_0.8965595770931236_SIZE_1_1.0_1
GEN_52_FIT_0.8965595770931236_0.8965595770931237_0.8965595770931236_SIZE_1_1.0_1
GEN_53_FIT_0.8965595770931236_0.8965595770931237_0.8965595770931236_SIZE_1_1.0_1
GEN_54_FIT_0.8965595770931236_0.8965595770931237_0.8965595770931236_SIZE_1_1.0_1
GEN_55_FIT_0.8965595770931236_0.8965595770931237_0.8965595770931236_SIZE_1_1.0_1
GEN_56_FIT_0.8965595770931236_0.8965595770931237_0.8965595770931236_SIZE_1_1.0_1
GEN_57_FIT_0.8965595770931236_0.8965595770931237_0.8965595770931236_SIZE_1_1.0_1
GEN_58_FIT_0.8965595770931236_0.8965595770931237_0.8965595770931236_SIZE_1_1.0_1
GEN_59_FIT_0.8965595770931236_0.8965595770931237_0.8965595770931236_SIZE_1_1.0_1
Evaluating in sample:
[GEN_59|make_tuple(0.8628046540216375, 0.001207686340250437)|0.8966]
Evaluating out-of-sample:
[GEN_59|make_tuple(0.8628046540216375, 0.001207686340250437)|0.9947]
Stopped early in iteration 59, no improvement in 20 gens.
START_TASK: 15
GEN_0_FIT_0.8807188462313743_0.8904189133276066_0.8932904133773774_SIZE_1_2.65_6
GEN_1_FIT_0.8916122453204988_0.8930533736287536_0.8944792390509668_SIZE_1_2.25_4
GEN_2_FIT_0.8932904133773774_0.8944289469510783_0.8952311203741901_SIZE_1_1.9_4
GEN_3_FIT_0.8935112078981181_0.8946663723640489_0.8954921374446849_SIZE_1_1.35_2
GEN_4_FIT_0.8948799532069622_0.8952449238678_0.8957014096949137_SIZE_1_1.1_2
GEN_5_FIT_0.8953693101839483_0.8956127267528695_0.8960985112186165_SIZE_1_1.25_2
GEN_6_FIT_0.8957007657080857_0.8959876975569232_0.8963310981360912_SIZE_1_1.25_2
GEN_7_FIT_0.8960985112186165_0.8962671139325791_0.8965088593258996_SIZE_1_1.1_2
GEN_8_FIT_0.896298560415618_0.8963428433810645_0.8965088593258996_SIZE_1_1.05_2
GEN_9_FIT_0.8963310981360912_0.896440792300897_0.8965398329672064_SIZE_1_1.35_2
GEN_10_FIT_0.8965076610617021_0.8965258349154086_0.8965398329672064_SIZE_1_1.25_2
GEN_11_FIT_0.8965398329672064_0.8965398329672064_0.8965398329672064_SIZE_1_1.0_1
GEN_12_FIT_0.8965398329672064_0.8965398329672064_0.8965398329672064_SIZE_1_1.0_1
GEN_13_FIT_0.8965398329672064_0.8965398329672064_0.8965398329672064_SIZE_1_1.0_1
GEN_14_FIT_0.8965398329672064_0.8965398329672064_0.8965398329672064_SIZE_1_1.0_1
GEN_15_FIT_0.8965398329672064_0.8965405316309019_0.8965538062411128_SIZE_1_1.0_1
GEN_16_FIT_0.8965398329672064_0.8965405316309019_0.8965538062411128_SIZE_1_1.0_1
GEN_17_FIT_0.8965398329672064_0.8965427257124163_0.8965557680496867_SIZE_1_1.05_2
GEN_18_FIT_0.8965398329672064_0.8965462190308932_0.8965557680496867_SIZE_1_1.1_2
GEN_19_FIT_0.8965398329672064_0.8965528012754369_0.8965557680496867_SIZE_1_1.1_2
GEN_20_FIT_0.8965538062411128_0.8965548852358284_0.8965557680496867_SIZE_1_1.05_2
Evaluating in sample:
[GEN_20|make_tuple(0.860500815529576, 0.0012060112647437476)|0.8966]
Evaluating out-of-sample:
[GEN_20|make_tuple(0.860500815529576, 0.0012060112647437476)|0.9952]
GEN_21_FIT_0.8965557680496867_0.8965557680496868_0.8965557680496867_SIZE_1_1.0_1
GEN_22_FIT_0.8965557680496867_0.8965557680496868_0.8965557680496867_SIZE_1_1.0_1
GEN_23_FIT_0.8965557680496867_0.8965557680496868_0.8965557680496867_SIZE_1_1.0_1
GEN_24_FIT_0.8965557680496867_0.8965557680496868_0.8965557680496867_SIZE_1_1.0_1
GEN_25_FIT_0.8965557680496867_0.8965557680496868_0.8965557680496867_SIZE_1_1.0_1
GEN_26_FIT_0.8965557680496867_0.8965557680496868_0.8965557680496867_SIZE_1_1.0_1
GEN_27_FIT_0.8965557680496867_0.8965557680496868_0.8965557680496867_SIZE_1_1.0_1
GEN_28_FIT_0.8965557680496867_0.8965557680496868_0.8965557680496867_SIZE_1_1.0_1
GEN_29_FIT_0.8965557680496867_0.8965557680496868_0.8965557680496867_SIZE_1_1.0_1
GEN_30_FIT_0.8965557680496867_0.8965557680496868_0.8965557680496867_SIZE_1_1.0_1
GEN_31_FIT_0.8965557680496867_0.8965557680496868_0.8965557680496867_SIZE_1_1.0_1
GEN_32_FIT_0.8965557680496867_0.896555783458519_0.896556076226334_SIZE_1_1.0_1
GEN_33_FIT_0.8965557680496867_0.896555783458519_0.896556076226334_SIZE_1_1.0_1
GEN_34_FIT_0.8965557680496867_0.8965557988673515_0.896556076226334_SIZE_1_1.0_1
GEN_35_FIT_0.8965557680496867_0.8965558759115133_0.896556076226334_SIZE_1_1.0_1
GEN_36_FIT_0.8965557680496867_0.8965560608175018_0.896556076226334_SIZE_1_1.05_2
GEN_37_FIT_0.896556076226334_0.896556076226334_0.896556076226334_SIZE_1_1.0_1
GEN_38_FIT_0.896556076226334_0.896556076226334_0.896556076226334_SIZE_1_1.0_1
GEN_39_FIT_0.896556076226334_0.896556076226334_0.896556076226334_SIZE_1_1.0_1
GEN_40_FIT_0.896556076226334_0.896556076226334_0.896556076226334_SIZE_1_1.0_1
Evaluating in sample:
[GEN_40|make_tuple(0.8618186028447102, 0.0012060112647437476)|0.8966]
Evaluating out-of-sample:
[GEN_40|make_tuple(0.8618186028447102, 0.0012060112647437476)|0.9953]
GEN_41_FIT_0.896556076226334_0.896556076226334_0.896556076226334_SIZE_1_1.0_1
GEN_42_FIT_0.896556076226334_0.896556076226334_0.896556076226334_SIZE_1_1.0_1
GEN_43_FIT_0.896556076226334_0.896556076226334_0.896556076226334_SIZE_1_1.0_1
GEN_44_FIT_0.896556076226334_0.896556076226334_0.896556076226334_SIZE_1_1.0_1
GEN_45_FIT_0.896556076226334_0.896556076226334_0.896556076226334_SIZE_1_1.0_1
GEN_46_FIT_0.896556076226334_0.896556076226334_0.896556076226334_SIZE_1_1.0_1
GEN_47_FIT_0.896556076226334_0.896556076226334_0.896556076226334_SIZE_1_1.0_1
GEN_48_FIT_0.896556076226334_0.896556076226334_0.896556076226334_SIZE_1_1.0_1
GEN_49_FIT_0.896556076226334_0.896556076226334_0.896556076226334_SIZE_1_1.0_1
GEN_50_FIT_0.896556076226334_0.896556076226334_0.896556076226334_SIZE_1_1.0_1
GEN_51_FIT_0.896556076226334_0.896556076226334_0.896556076226334_SIZE_1_1.0_1
GEN_52_FIT_0.896556076226334_0.896556076226334_0.896556076226334_SIZE_1_1.0_1
GEN_53_FIT_0.896556076226334_0.896556076226334_0.896556076226334_SIZE_1_1.0_1
Evaluating in sample:
[GEN_53|make_tuple(0.8618186028447102, 0.0012060112647437476)|0.8966]
Evaluating out-of-sample:
[GEN_53|make_tuple(0.8618186028447102, 0.0012060112647437476)|0.9953]
Stopped early in iteration 53, no improvement in 20 gens.
START_TASK: 16
GEN_0_FIT_0.8801041627679262_0.8916726650222462_0.8955136310564507_SIZE_1_2.9_7
GEN_1_FIT_0.8905938550415501_0.8945512669031481_0.8955136310564507_SIZE_1_1.9_6
GEN_2_FIT_0.895503998098395_0.8955234756403477_0.8956944080133202_SIZE_1_1.0_1
GEN_3_FIT_0.8955136310564507_0.8955313280035296_0.8956944080133202_SIZE_1_1.0_1
GEN_4_FIT_0.8955393787355822_0.895580513263285_0.8956944080133202_SIZE_1_1.05_2
GEN_5_FIT_0.8955580546455081_0.8956287217563188_0.8956944080133202_SIZE_1_1.05_2
GEN_6_FIT_0.8956944080133202_0.8956944080133201_0.8956944080133202_SIZE_1_1.0_1
GEN_7_FIT_0.8956944080133202_0.8956944080133201_0.8956944080133202_SIZE_1_1.0_1
GEN_8_FIT_0.8956944080133202_0.8956951590440179_0.8957094286272747_SIZE_1_1.0_1
GEN_9_FIT_0.8956944080133202_0.8956981631668087_0.8957094286272747_SIZE_1_1.0_1
GEN_10_FIT_0.8957094286272747_0.8957094286272745_0.8957094286272747_SIZE_1_1.0_1
GEN_11_FIT_0.8957094286272747_0.8957094286272745_0.8957094286272747_SIZE_1_1.0_1
GEN_12_FIT_0.8957094286272747_0.8957094286272745_0.8957094286272747_SIZE_1_1.0_1
GEN_13_FIT_0.8957094286272747_0.8957094286272745_0.8957094286272747_SIZE_1_1.0_1
GEN_14_FIT_0.8957094286272747_0.8957094286272745_0.8957094286272747_SIZE_1_1.0_1
GEN_15_FIT_0.8957094286272747_0.8957094286272745_0.8957094286272747_SIZE_1_1.0_1
GEN_16_FIT_0.8957094286272747_0.8957094286272745_0.8957094286272747_SIZE_1_1.0_1
GEN_17_FIT_0.8957094286272747_0.8957094286272745_0.8957094286272747_SIZE_1_1.0_1
GEN_18_FIT_0.8957094286272747_0.8957094286272745_0.8957094286272747_SIZE_1_1.0_1
GEN_19_FIT_0.8957094286272747_0.8957094286272745_0.8957094286272747_SIZE_1_1.0_1
GEN_20_FIT_0.8957094286272747_0.8957094286272745_0.8957094286272747_SIZE_1_1.0_1
Evaluating in sample:
[GEN_20|make_tuple(7, 0.001110450163027826)|0.8957]
Evaluating out-of-sample:
[GEN_20|make_tuple(7, 0.001110450163027826)|0.9931]
GEN_21_FIT_0.8957094286272747_0.8957094286272745_0.8957094286272747_SIZE_1_1.0_1
GEN_22_FIT_0.8957094286272747_0.8957094286272745_0.8957094286272747_SIZE_1_1.0_1
GEN_23_FIT_0.8957094286272747_0.8957094286272745_0.8957094286272747_SIZE_1_1.0_1
GEN_24_FIT_0.8957094286272747_0.8957094286272745_0.8957094286272747_SIZE_1_1.0_1
GEN_25_FIT_0.8957094286272747_0.8957094410964016_0.8957096780098138_SIZE_1_1.0_1
GEN_26_FIT_0.8957094286272747_0.8957094785037825_0.8957096780098138_SIZE_1_1.0_1
GEN_27_FIT_0.8957096780098138_0.895709678009814_0.8957096780098138_SIZE_1_1.0_1
GEN_28_FIT_0.8957096780098138_0.895709678009814_0.8957096780098138_SIZE_1_1.0_1
GEN_29_FIT_0.8957096780098138_0.895709678009814_0.8957096780098138_SIZE_1_1.0_1
GEN_30_FIT_0.8957096780098138_0.895709678009814_0.8957096780098138_SIZE_1_1.0_1
GEN_31_FIT_0.8957096780098138_0.895709678009814_0.8957096780098138_SIZE_1_1.0_1
GEN_32_FIT_0.8957096780098138_0.895709678009814_0.8957096780098138_SIZE_1_1.0_1
GEN_33_FIT_0.8957096780098138_0.895709678009814_0.8957096780098138_SIZE_1_1.0_1
GEN_34_FIT_0.8957096780098138_0.895709678009814_0.8957096780098138_SIZE_1_1.0_1
GEN_35_FIT_0.8957096780098138_0.895709678009814_0.8957096780098138_SIZE_1_1.0_1
GEN_36_FIT_0.8957096780098138_0.895709678009814_0.8957096780098138_SIZE_1_1.0_1
GEN_37_FIT_0.8957096780098138_0.895709678009814_0.8957096780098138_SIZE_1_1.0_1
GEN_38_FIT_0.8957096780098138_0.895709678009814_0.8957096780098138_SIZE_1_1.0_1
GEN_39_FIT_0.8957096780098138_0.895709678009814_0.8957096780098138_SIZE_1_1.0_1
GEN_40_FIT_0.8957096780098138_0.895709678009814_0.8957096780098138_SIZE_1_1.0_1
Evaluating in sample:
[GEN_40|make_tuple(165, 0.0011087879927330034)|0.8957]
Evaluating out-of-sample:
[GEN_40|make_tuple(165, 0.0011087879927330034)|0.9931]
GEN_41_FIT_0.8957096780098138_0.895709678009814_0.8957096780098138_SIZE_1_1.0_1
GEN_42_FIT_0.8957096780098138_0.895709678009814_0.8957096780098138_SIZE_1_1.0_1
GEN_43_FIT_0.8957096780098138_0.895709678009814_0.8957096780098138_SIZE_1_1.0_1
GEN_44_FIT_0.8957096780098138_0.895709678009814_0.8957096780098138_SIZE_1_1.0_1
GEN_45_FIT_0.8957096780098138_0.895709678009814_0.8957096780098138_SIZE_1_1.0_1
GEN_46_FIT_0.8957096780098138_0.895709678009814_0.8957096780098138_SIZE_1_1.0_1
Evaluating in sample:
[GEN_46|make_tuple(165, 0.0011087879927330034)|0.8957]
Evaluating out-of-sample:
[GEN_46|make_tuple(165, 0.0011087879927330034)|0.9931]
Stopped early in iteration 46, no improvement in 20 gens.
START_TASK: 18
GEN_0_FIT_0.869139695269348_0.8879913914000752_0.895523358318071_SIZE_1_3.05_9
GEN_1_FIT_0.8931272649171688_0.894416133141946_0.895523358318071_SIZE_1_2.7_7
GEN_2_FIT_0.8947403325884303_0.895298737377465_0.895616132178525_SIZE_1_1.7_4
GEN_3_FIT_0.895523358318071_0.8955467726759598_0.895616132178525_SIZE_1_1.05_2
GEN_4_FIT_0.895539556937399_0.8956059417057141_0.8957186236868067_SIZE_1_1.1_2
GEN_5_FIT_0.895616132178525_0.8956571287818376_0.8957186236868067_SIZE_1_1.1_2
GEN_6_FIT_0.8957186236868067_0.895747023998819_0.8962866299270519_SIZE_1_1.05_2
GEN_7_FIT_0.8957186236868067_0.895747023998819_0.8962866299270519_SIZE_1_1.05_2
GEN_8_FIT_0.8957186236868067_0.895747023998819_0.8962866299270519_SIZE_1_1.05_2
GEN_9_FIT_0.8957186236868067_0.8957754243108313_0.8962866299270519_SIZE_1_1.1_2
GEN_10_FIT_0.8957186236868067_0.8957754243108313_0.8962866299270519_SIZE_1_1.1_2
GEN_11_FIT_0.8957186236868067_0.8957754243108313_0.8962866299270519_SIZE_1_1.1_2
GEN_12_FIT_0.8957186236868067_0.8957754243108313_0.8962866299270519_SIZE_1_1.1_2
GEN_13_FIT_0.8957186236868067_0.8958857153053504_0.8962866299270519_SIZE_1_1.3_2
GEN_14_FIT_0.8957186236868067_0.8960848140894088_0.8962866299270519_SIZE_1_1.65_2
GEN_15_FIT_0.8957336443007611_0.896037786395221_0.8962866299270519_SIZE_1_1.55_2
GEN_16_FIT_0.8957336443007611_0.8957630376834306_0.8963215119541502_SIZE_1_1.05_2
GEN_17_FIT_0.8957336443007611_0.8957630376834306_0.8963215119541502_SIZE_1_1.05_2
GEN_18_FIT_0.8957336443007611_0.8957630376834306_0.8963215119541502_SIZE_1_1.05_2
GEN_19_FIT_0.8957336443007611_0.8957924310661001_0.8963215119541502_SIZE_1_1.1_2
GEN_20_FIT_0.8957336443007611_0.8957924310661001_0.8963215119541502_SIZE_1_1.1_2
Evaluating in sample:
[GEN_20|make_tuple(3, 0.0011102478269045027)|0.8957]
[GEN_20|make_tuple(mul(445, 0.0010263523561359418), 0.0011194706470597374)|0.9043]
Evaluating out-of-sample:
[GEN_20|make_tuple(3, 0.0011102478269045027)|0.9904]
[GEN_20|make_tuple(mul(445, 0.0010263523561359418), 0.0011194706470597374)|0.9895]
GEN_21_FIT_0.8957336443007611_0.8957924310661001_0.8963215119541502_SIZE_1_1.1_2
GEN_22_FIT_0.8957336443007611_0.8957924310661001_0.8963215119541502_SIZE_1_1.1_2
GEN_23_FIT_0.8957336443007611_0.8957924310661001_0.8963215119541502_SIZE_1_1.1_2
GEN_24_FIT_0.8957336443007611_0.8957924310661001_0.8963215119541502_SIZE_1_1.1_2
GEN_25_FIT_0.8957336443007611_0.8959662746272892_0.8963215119541502_SIZE_1_1.4_2
GEN_26_FIT_0.8957336443007611_0.8961401431267317_0.8963215119541502_SIZE_1_1.75_3
GEN_27_FIT_0.8957336443007611_0.8959395476089707_0.8963215119541502_SIZE_1_1.4_3
GEN_28_FIT_0.8957338936833_0.8962039882999802_0.8963215119541502_SIZE_1_1.8_2
GEN_29_FIT_0.895616132178525_0.8957926600335739_0.8963227916709516_SIZE_1_1.15_2
GEN_30_FIT_0.8957338936833_0.8957927834820651_0.8963227916709516_SIZE_1_1.1_2
GEN_31_FIT_0.8957338936833_0.8957927834820651_0.8963227916709516_SIZE_1_1.1_2
GEN_32_FIT_0.8957338936833_0.8957927834820651_0.8963227916709516_SIZE_1_1.1_2
GEN_33_FIT_0.8957338936833_0.8957927834820651_0.8963227916709516_SIZE_1_1.1_2
GEN_34_FIT_0.8957338936833_0.8957927834820651_0.8963227916709516_SIZE_1_1.1_2
GEN_35_FIT_0.8957338936833_0.8957927834820651_0.8963227916709516_SIZE_1_1.1_2
GEN_36_FIT_0.8957338936833_0.8957927834820651_0.8963227916709516_SIZE_1_1.1_2
GEN_37_FIT_0.8957338936833_0.8957927834820651_0.8963227916709516_SIZE_1_1.1_2
GEN_38_FIT_0.8957338936833_0.8957927834820651_0.8963227916709516_SIZE_1_1.1_2
GEN_39_FIT_0.8957338936833_0.8957927834820651_0.8963227916709516_SIZE_1_1.1_2
GEN_40_FIT_0.8957338936833_0.8957927834820651_0.8963227916709516_SIZE_1_1.1_2
Evaluating in sample:
[GEN_40|make_tuple(3, 0.001108787813993595)|0.8957]
[GEN_40|make_tuple(mul(445, 0.0010236554845988732), 0.0011194706470597374)|0.9043]
Evaluating out-of-sample:
[GEN_40|make_tuple(3, 0.001108787813993595)|0.9904]
[GEN_40|make_tuple(mul(445, 0.0010236554845988732), 0.0011194706470597374)|0.9895]
GEN_41_FIT_0.8957338936833_0.8957927834820651_0.8963227916709516_SIZE_1_1.1_2
GEN_42_FIT_0.8957338936833_0.8957927834820651_0.8963227916709516_SIZE_1_1.1_2
GEN_43_FIT_0.8957338936833_0.8957927834820651_0.8963227916709516_SIZE_1_1.1_2
GEN_44_FIT_0.8957338936833_0.8957927834820651_0.8963227916709516_SIZE_1_1.1_2
GEN_45_FIT_0.8957338936833_0.8957927834820651_0.8963227916709516_SIZE_1_1.1_2
GEN_46_FIT_0.8957338936833_0.8957927834820651_0.8963227916709516_SIZE_1_1.1_2
GEN_47_FIT_0.8957338936833_0.8957927834820651_0.8963227916709516_SIZE_1_1.1_2
GEN_48_FIT_0.8957338936833_0.8957927834820651_0.8963227916709516_SIZE_1_1.1_2
GEN_49_FIT_0.8957338936833_0.8957927834820651_0.8963227916709516_SIZE_1_1.1_2
GEN_50_FIT_0.8957338936833_0.8957927834820651_0.8963227916709516_SIZE_1_1.1_2
Evaluating in sample:
[GEN_50|make_tuple(3, 0.001108787813993595)|0.8957]
[GEN_50|make_tuple(mul(445, 0.0010236554845988732), 0.0011194706470597374)|0.9043]
Evaluating out-of-sample:
[GEN_50|make_tuple(3, 0.001108787813993595)|0.9904]
[GEN_50|make_tuple(mul(445, 0.0010236554845988732), 0.0011194706470597374)|0.9895]
Stopped early in iteration 50, no improvement in 20 gens.
START_TASK: 22
GEN_0_FIT_0.8228990962948436_0.8824479223721273_0.8945054382133367_SIZE_1_2.55_9
