Starting problem: mlr_rpart
param:age_regularization:100000.0
param:algorithm:mupluslambda
param:constants_only:True
param:cxpb:0.25
param:early_stop_n:20
param:lambda_:100
param:max_number_operators:None
param:max_start_size:2
param:mu:20
param:ngen:300
param:optimize_constants:False
param:output_file:/home/gijsbers/symbolicdefaults/runs/mlr_rpart_True_17.log
param:problem:mlr_rpart
param:subset:1.0
param:task:None
param:warm_start:False
Benchmark problems: mlr_rpart
Loading surrogates from file.
START_TASK: 3
GEN_0_FIT_0.40857833694708984_0.7163825829202545_0.8482677452452038_SIZE_1_5.35_13
GEN_1_FIT_0.7723217830194364_0.8336890496413792_0.8495246771420064_SIZE_1_5.75_12
GEN_2_FIT_0.8363999318434148_0.8462934365023459_0.8616806413624892_SIZE_1_3.15_7
GEN_3_FIT_0.8376879673085168_0.8555845680717985_0.8625889602480804_SIZE_1_2.05_5
GEN_4_FIT_0.8574239927907708_0.862705682367416_0.869313448040677_SIZE_1_1.75_4
GEN_5_FIT_0.8627331364844194_0.8656199836465819_0.8714320353113403_SIZE_1_1.45_3
GEN_6_FIT_0.8677419816882533_0.8699041636489457_0.8730585178681622_SIZE_1_1.65_3
GEN_7_FIT_0.8697927223523382_0.8719681785262499_0.8731432011477263_SIZE_1_1.9_3
GEN_8_FIT_0.8716777577715201_0.872614353859624_0.8757224689920305_SIZE_1_1.7_3
GEN_9_FIT_0.871830458892917_0.8741175353196986_0.8758070483501137_SIZE_1_2.35_4
GEN_10_FIT_0.8724561177491129_0.874790104624384_0.8758070483501137_SIZE_1_2.5_4
GEN_11_FIT_0.8726475998117589_0.8751371744781903_0.8758070483501137_SIZE_1_2.6_3
GEN_12_FIT_0.8722682958122373_0.8738123638666295_0.8760282479675969_SIZE_1_1.75_3
GEN_13_FIT_0.8726794186387015_0.8737538166738255_0.8760282479675969_SIZE_1_1.6_3
GEN_14_FIT_0.8728527540090687_0.8750866949197592_0.8760282479675969_SIZE_1_2.5_4
GEN_15_FIT_0.8729058649703985_0.8754448070525193_0.8766133715445052_SIZE_1_2.6_3
GEN_16_FIT_0.872984395007177_0.8756616319281877_0.8766133715445052_SIZE_1_2.7_3
GEN_17_FIT_0.872984395007177_0.8755994011848204_0.8766133715445052_SIZE_1_2.65_4
GEN_18_FIT_0.872984395007177_0.875525532559117_0.8766133715445052_SIZE_1_2.55_4
GEN_19_FIT_0.8730282623695269_0.8762548606270073_0.8766133715445052_SIZE_1_2.8_3
GEN_20_FIT_0.8724288677938073_0.8760484102978363_0.876668868711786_SIZE_1_2.7_3
Evaluating in sample:
[GEN_20|make_tuple(0.0015618561089737824, 22, 11, 28)|0.8730]
[GEN_20|make_tuple(pow(expit(0.30094826386448986), 14), 25, 11, 27)|0.8767]
Evaluating out-of-sample:
[GEN_20|make_tuple(0.0015618561089737824, 22, 11, 28)|0.9627]
[GEN_20|make_tuple(pow(expit(0.30094826386448986), 14), 25, 11, 27)|0.9674]
GEN_21_FIT_0.872604496001365_0.8758890356829216_0.876668868711786_SIZE_1_2.65_3
GEN_22_FIT_0.8728093289733693_0.8755574155642082_0.876668868711786_SIZE_1_2.5_3
GEN_23_FIT_0.8730282623695269_0.8755766868091082_0.876668868711786_SIZE_1_2.4_3
GEN_24_FIT_0.8730282623695269_0.8739384139550916_0.876668868711786_SIZE_1_1.5_3
GEN_25_FIT_0.8730282623695269_0.8735362376604913_0.876668868711786_SIZE_1_1.25_3
GEN_26_FIT_0.8730282623695269_0.8736801523172296_0.876668868711786_SIZE_1_1.3_3
GEN_27_FIT_0.8730282623695269_0.8735403639324142_0.876668868711786_SIZE_1_1.25_3
GEN_28_FIT_0.8730282623695269_0.8736884048610756_0.876668868711786_SIZE_1_1.3_3
GEN_29_FIT_0.8730282623695269_0.8736884048610756_0.876668868711786_SIZE_1_1.3_3
GEN_30_FIT_0.8730282623695269_0.8736884048610756_0.876668868711786_SIZE_1_1.3_3
GEN_31_FIT_0.8730282623695269_0.8736884048610756_0.876668868711786_SIZE_1_1.3_3
GEN_32_FIT_0.8730282623695269_0.8736884048610756_0.876668868711786_SIZE_1_1.3_3
GEN_33_FIT_0.8730282623695269_0.8736884048610756_0.876668868711786_SIZE_1_1.3_3
GEN_34_FIT_0.8730282623695269_0.8736884048610756_0.876668868711786_SIZE_1_1.3_3
GEN_35_FIT_0.8730282623695269_0.8736884048610756_0.876668868711786_SIZE_1_1.3_3
GEN_36_FIT_0.8730282623695269_0.8736884048610756_0.876668868711786_SIZE_1_1.3_3
GEN_37_FIT_0.8730282623695269_0.8736884048610756_0.876668868711786_SIZE_1_1.3_3
GEN_38_FIT_0.8730282623695269_0.8736884048610756_0.876668868711786_SIZE_1_1.3_3
GEN_39_FIT_0.8730282623695269_0.8736884048610756_0.876668868711786_SIZE_1_1.3_3
GEN_40_FIT_0.8730282623695269_0.8736884048610756_0.876668868711786_SIZE_1_1.3_3
Evaluating in sample:
[GEN_40|make_tuple(0.0015618561089737824, 22, 11, 28)|0.8730]
[GEN_40|make_tuple(truediv(0.0015618561089737824, 4), 22, 11, 27)|0.8760]
[GEN_40|make_tuple(pow(expit(0.30094826386448986), 14), 25, 11, 27)|0.8767]
Evaluating out-of-sample:
[GEN_40|make_tuple(0.0015618561089737824, 22, 11, 28)|0.9627]
[GEN_40|make_tuple(truediv(0.0015618561089737824, 4), 22, 11, 27)|0.9675]
[GEN_40|make_tuple(pow(expit(0.30094826386448986), 14), 25, 11, 27)|0.9674]
GEN_41_FIT_0.8730282623695269_0.8736884048610756_0.876668868711786_SIZE_1_1.3_3
Evaluating in sample:
[GEN_41|make_tuple(0.0015618561089737824, 22, 11, 28)|0.8730]
[GEN_41|make_tuple(truediv(0.0015618561089737824, 4), 22, 11, 27)|0.8760]
[GEN_41|make_tuple(pow(expit(0.30094826386448986), 14), 25, 11, 27)|0.8767]
Evaluating out-of-sample:
[GEN_41|make_tuple(0.0015618561089737824, 22, 11, 28)|0.9627]
[GEN_41|make_tuple(truediv(0.0015618561089737824, 4), 22, 11, 27)|0.9675]
[GEN_41|make_tuple(pow(expit(0.30094826386448986), 14), 25, 11, 27)|0.9674]
Stopped early in iteration 41, no improvement in 20 gens.
START_TASK: 6
GEN_0_FIT_0.6459765647671953_0.7354946270848999_0.8580576419611061_SIZE_1_3.75_13
GEN_1_FIT_0.788779791157914_0.8401826070800025_0.8623154613872525_SIZE_1_2.15_7
GEN_2_FIT_0.8541877104833858_0.8593204817875988_0.8650220518346324_SIZE_1_1.7_3
GEN_3_FIT_0.8612463007963926_0.8627176853913541_0.8650220518346324_SIZE_1_2.05_3
GEN_4_FIT_0.8635298126113701_0.8648651018550181_0.8662413920449709_SIZE_1_1.75_3
GEN_5_FIT_0.8650220518346324_0.8656056891757551_0.8675698754037737_SIZE_1_1.3_4
GEN_6_FIT_0.8662413920449709_0.867507360474411_0.8705501685750171_SIZE_1_1.4_4
GEN_7_FIT_0.8680009776462715_0.8697358837162847_0.8724242116182057_SIZE_1_1.45_4
GEN_8_FIT_0.8702190454825964_0.8714790571644764_0.8727317346699466_SIZE_1_1.85_4
GEN_9_FIT_0.8705104344307819_0.8721444025906248_0.8747407609954433_SIZE_1_1.45_2
GEN_10_FIT_0.871129405446084_0.8734290004493322_0.8760298155908313_SIZE_1_1.6_3
GEN_11_FIT_0.8722158364938207_0.8742566076781241_0.8760298155908313_SIZE_1_1.6_3
GEN_12_FIT_0.8727847828775773_0.8747909632767014_0.8765591710609548_SIZE_1_1.65_3
GEN_13_FIT_0.8737786211613388_0.8755769573873422_0.876628961469446_SIZE_1_1.8_3
GEN_14_FIT_0.8740506196632591_0.8751216953581024_0.8766559136083172_SIZE_1_1.4_2
GEN_15_FIT_0.8741519281019613_0.8754121813546435_0.8767383435447597_SIZE_1_1.5_2
GEN_16_FIT_0.8742087010082126_0.8756978228536096_0.8767383435447597_SIZE_1_1.6_2
GEN_17_FIT_0.8742087010082126_0.8748852787456297_0.8767842983304523_SIZE_1_1.25_2
GEN_18_FIT_0.8742828751763271_0.8744387632122909_0.877400635895603_SIZE_1_1.05_2
GEN_19_FIT_0.8742828751763271_0.8744387632122909_0.877400635895603_SIZE_1_1.05_2
GEN_20_FIT_0.8742828751763271_0.8745946512482548_0.877400635895603_SIZE_1_1.1_2
Evaluating in sample:
[GEN_20|make_tuple(0.0015578224179542133, 22, 11, 28)|0.8743]
[GEN_20|make_tuple(mul(0.2194107255607485, 0.00195006285783637), 22, 11, 27)|0.8774]
Evaluating out-of-sample:
[GEN_20|make_tuple(0.0015578224179542133, 22, 11, 28)|0.8134]
[GEN_20|make_tuple(mul(0.2194107255607485, 0.00195006285783637), 22, 11, 27)|0.8710]
GEN_21_FIT_0.8742828751763271_0.8745946512482548_0.877400635895603_SIZE_1_1.1_2
GEN_22_FIT_0.8742828751763271_0.8745946512482548_0.877400635895603_SIZE_1_1.1_2
GEN_23_FIT_0.8742828751763271_0.8745946512482548_0.877400635895603_SIZE_1_1.1_2
GEN_24_FIT_0.8742828751763271_0.8745946512482548_0.877400635895603_SIZE_1_1.1_2
GEN_25_FIT_0.8742828751763271_0.8752062868408924_0.877400635895603_SIZE_1_1.35_3
GEN_26_FIT_0.8742828751763271_0.8764699067850847_0.877400635895603_SIZE_1_1.7_2
GEN_27_FIT_0.8744204865693632_0.8771026209629792_0.877400635895603_SIZE_1_1.9_2
GEN_28_FIT_0.8744204865693632_0.8771026209629792_0.877400635895603_SIZE_1_1.9_2
GEN_29_FIT_0.8744204865693632_0.8771026209629792_0.877400635895603_SIZE_1_1.9_2
GEN_30_FIT_0.8744204865693632_0.8771026209629792_0.877400635895603_SIZE_1_1.9_2
GEN_31_FIT_0.8744204865693632_0.8771026209629792_0.877400635895603_SIZE_1_1.9_2
GEN_32_FIT_0.8743323626813768_0.876507844185415_0.8775138215372675_SIZE_1_1.7_2
GEN_33_FIT_0.8743778390500843_0.8759197474206857_0.8775138215372675_SIZE_1_1.5_2
GEN_34_FIT_0.8744204865693632_0.8747298200661536_0.8775138215372675_SIZE_1_1.1_2
GEN_35_FIT_0.8744204865693632_0.8747298200661536_0.8775138215372675_SIZE_1_1.1_2
GEN_36_FIT_0.8744204865693632_0.8747298200661536_0.8775138215372675_SIZE_1_1.1_2
GEN_37_FIT_0.8744204865693632_0.8747298200661536_0.8775138215372675_SIZE_1_1.1_2
GEN_38_FIT_0.8744204865693632_0.8747298200661536_0.8775138215372675_SIZE_1_1.1_2
GEN_39_FIT_0.8744204865693632_0.8747298200661536_0.8775138215372675_SIZE_1_1.1_2
GEN_40_FIT_0.8744204865693632_0.8747298200661536_0.8775138215372675_SIZE_1_1.1_2
Evaluating in sample:
[GEN_40|make_tuple(0.0015529517679334563, 22, 11, 28)|0.8744]
[GEN_40|make_tuple(mul(0.2194107255607485, 0.00195006285783637), 25, 11, 27)|0.8775]
Evaluating out-of-sample:
[GEN_40|make_tuple(0.0015529517679334563, 22, 11, 28)|0.8134]
[GEN_40|make_tuple(mul(0.2194107255607485, 0.00195006285783637), 25, 11, 27)|0.8710]
GEN_41_FIT_0.8744204865693632_0.8747298200661536_0.8775138215372675_SIZE_1_1.1_2
GEN_42_FIT_0.8744204865693632_0.8747298200661536_0.8775138215372675_SIZE_1_1.1_2
GEN_43_FIT_0.8744204865693632_0.8747298200661536_0.8775138215372675_SIZE_1_1.1_2
GEN_44_FIT_0.8744204865693632_0.8747298200661536_0.8775138215372675_SIZE_1_1.1_2
GEN_45_FIT_0.8744204865693632_0.8747298200661536_0.8775138215372675_SIZE_1_1.1_2
GEN_46_FIT_0.8744204865693632_0.8747298200661536_0.8775138215372675_SIZE_1_1.1_2
GEN_47_FIT_0.8744204865693632_0.8747298200661536_0.8775138215372675_SIZE_1_1.1_2
GEN_48_FIT_0.8744204865693632_0.8747298200661536_0.8775138215372675_SIZE_1_1.1_2
GEN_49_FIT_0.8744204865693632_0.8747298200661536_0.8775138215372675_SIZE_1_1.1_2
GEN_50_FIT_0.8744204865693632_0.8747298200661536_0.8775138215372675_SIZE_1_1.1_2
GEN_51_FIT_0.8744204865693632_0.8747298200661536_0.8775138215372675_SIZE_1_1.1_2
GEN_52_FIT_0.8744204865693632_0.8747298200661536_0.8775138215372675_SIZE_1_1.1_2
GEN_53_FIT_0.8744204865693632_0.8747298200661536_0.8775138215372675_SIZE_1_1.1_2
Evaluating in sample:
[GEN_53|make_tuple(0.0015529517679334563, 22, 11, 28)|0.8744]
[GEN_53|make_tuple(mul(0.2194107255607485, 0.00195006285783637), 25, 11, 27)|0.8775]
Evaluating out-of-sample:
[GEN_53|make_tuple(0.0015529517679334563, 22, 11, 28)|0.8134]
[GEN_53|make_tuple(mul(0.2194107255607485, 0.00195006285783637), 25, 11, 27)|0.8710]
Stopped early in iteration 53, no improvement in 20 gens.
START_TASK: 11
GEN_0_FIT_0.6777128982832153_0.801294603269144_0.849952616624693_SIZE_1_5.65_15
GEN_1_FIT_0.8318457230928221_0.8424682603509268_0.8573426144618811_SIZE_1_3.15_15
GEN_2_FIT_0.8350986615667528_0.8508158663434415_0.8609317973822272_SIZE_1_2.25_4
GEN_3_FIT_0.8386631412822141_0.8556444884027588_0.8609317973822272_SIZE_1_2.35_4
GEN_4_FIT_0.8593105536299918_0.8614858876129834_0.8677364205676349_SIZE_1_2.7_5
GEN_5_FIT_0.8606296297418703_0.8651150496892661_0.8677364205676349_SIZE_1_3.05_6
GEN_6_FIT_0.8627002298709544_0.8676732447607522_0.8733891976642025_SIZE_1_2.65_5
GEN_7_FIT_0.8662797008107171_0.8705248743939229_0.8747539529491571_SIZE_1_3.0_6
GEN_8_FIT_0.8670486498690599_0.8718853827145937_0.8747539529491571_SIZE_1_2.95_6
GEN_9_FIT_0.8683711176527635_0.8731126612893091_0.8750252824497734_SIZE_1_2.8_5
GEN_10_FIT_0.8696549250317007_0.8735355937428751_0.8750592078333127_SIZE_1_2.5_4
GEN_11_FIT_0.8706362183915342_0.8736347053004947_0.8750592078333127_SIZE_1_2.5_4
GEN_12_FIT_0.8710430993850121_0.8743619589776903_0.8753490256892333_SIZE_1_2.55_4
GEN_13_FIT_0.8722102394181224_0.8744694869118173_0.8753490256892333_SIZE_1_1.85_3
GEN_14_FIT_0.8727227846958294_0.8748427430412671_0.8753490256892333_SIZE_1_1.85_3
GEN_15_FIT_0.8712195633270864_0.8739330191647255_0.8755223354842882_SIZE_1_1.5_3
GEN_16_FIT_0.8729217559286391_0.874094270249987_0.8755223354842882_SIZE_1_1.6_3
GEN_17_FIT_0.8729976972010575_0.8734062170716566_0.8756177893267029_SIZE_1_1.25_3
GEN_18_FIT_0.8730291531459743_0.8741346209917298_0.8756177893267029_SIZE_1_1.85_4
GEN_19_FIT_0.8731609646548198_0.8751437823515454_0.8762094482695731_SIZE_1_2.15_3
GEN_20_FIT_0.8731609646548198_0.874493937747669_0.8762094482695731_SIZE_1_1.7_3
Evaluating in sample:
[GEN_20|make_tuple(0.0016358273628395076, 22, 11, 27)|0.8732]
[GEN_20|make_tuple(mul(0.001183150076328027, 0.2665416542388277), 22, 11, 28)|0.8761]
[GEN_20|make_tuple(mul(0.001183150076328027, 0.2665416542388277), 22, 11, sub(32, 5))|0.8762]
Evaluating out-of-sample:
[GEN_20|make_tuple(0.0016358273628395076, 22, 11, 27)|0.9281]
[GEN_20|make_tuple(mul(0.001183150076328027, 0.2665416542388277), 22, 11, 28)|0.9356]
[GEN_20|make_tuple(mul(0.001183150076328027, 0.2665416542388277), 22, 11, sub(32, 5))|0.9269]
GEN_21_FIT_0.8731609646548198_0.8740683903398851_0.8762094482695731_SIZE_1_1.4_3
GEN_22_FIT_0.8731720375147185_0.8740846513919754_0.8762094482695731_SIZE_1_1.4_3
GEN_23_FIT_0.8731720375147185_0.8745453268383454_0.8762094482695731_SIZE_1_1.55_3
GEN_24_FIT_0.8732057964023289_0.874707622335951_0.8762094482695731_SIZE_1_1.5_2
GEN_25_FIT_0.8732057964023289_0.8735200637087102_0.8764194947052932_SIZE_1_1.15_3
GEN_26_FIT_0.8732057964023289_0.8738343310150917_0.8764194947052932_SIZE_1_1.3_3
GEN_27_FIT_0.8732057964023289_0.8738343310150917_0.8764194947052932_SIZE_1_1.3_3
GEN_28_FIT_0.8732057964023289_0.8738343310150917_0.8764194947052932_SIZE_1_1.3_3
GEN_29_FIT_0.8732057964023289_0.873366481317477_0.8764194947052932_SIZE_1_1.05_2
GEN_30_FIT_0.8732057964023289_0.8735271662326252_0.8764194947052932_SIZE_1_1.1_2
GEN_31_FIT_0.8732057964023289_0.8735271662326252_0.8764194947052932_SIZE_1_1.1_2
GEN_32_FIT_0.8732057964023289_0.8735271662326252_0.8764194947052932_SIZE_1_1.1_2
GEN_33_FIT_0.8732057964023289_0.8735271662326252_0.8764194947052932_SIZE_1_1.1_2
GEN_34_FIT_0.8732057964023289_0.8733905916272672_0.8769017009010972_SIZE_1_1.05_2
GEN_35_FIT_0.8732057964023289_0.8735753868522057_0.8769017009010972_SIZE_1_1.1_2
GEN_36_FIT_0.8732057964023289_0.8735753868522057_0.8769017009010972_SIZE_1_1.1_2
GEN_37_FIT_0.8732057964023289_0.8735753868522057_0.8769017009010972_SIZE_1_1.1_2
GEN_38_FIT_0.8732057964023289_0.8735753868522057_0.8769017009010972_SIZE_1_1.1_2
GEN_39_FIT_0.8732057964023289_0.8735753868522057_0.8769017009010972_SIZE_1_1.1_2
GEN_40_FIT_0.8732057964023289_0.8743173686650707_0.8769101606752506_SIZE_1_1.3_2
Evaluating in sample:
[GEN_40|make_tuple(0.0015519131341182007, 22, 11, 27)|0.8733]
[GEN_40|make_tuple(mul(0.0015254638061218434, 0.2835891072476275), 22, 11, 27)|0.8769]
Evaluating out-of-sample:
[GEN_40|make_tuple(0.0015519131341182007, 22, 11, 27)|0.9281]
[GEN_40|make_tuple(mul(0.0015254638061218434, 0.2835891072476275), 22, 11, 27)|0.9269]
GEN_41_FIT_0.8732057964023289_0.8757985313776893_0.8769101606752506_SIZE_1_1.7_2
GEN_42_FIT_0.8732057964023289_0.874892892678653_0.8769101606752506_SIZE_1_1.5_3
GEN_43_FIT_0.8732533548904008_0.8763623434332855_0.8769101606752506_SIZE_1_2.1_3
GEN_44_FIT_0.8732689971315117_0.8765460443208768_0.8769101606752506_SIZE_1_1.9_2
GEN_45_FIT_0.8732689971315117_0.8765460443208768_0.8769101606752506_SIZE_1_1.9_2
GEN_46_FIT_0.8732689971315117_0.8765460443208768_0.8769101606752506_SIZE_1_1.9_2
GEN_47_FIT_0.8732689971315117_0.8765460443208768_0.8769101606752506_SIZE_1_1.9_2
GEN_48_FIT_0.8732689971315117_0.8765460443208768_0.8769101606752506_SIZE_1_1.9_2
GEN_49_FIT_0.8732689971315117_0.8765460443208768_0.8769101606752506_SIZE_1_1.9_2
GEN_50_FIT_0.8732689971315117_0.8765460443208768_0.8769101606752506_SIZE_1_1.9_2
GEN_51_FIT_0.8732689971315117_0.8765460443208768_0.8769101606752506_SIZE_1_1.9_2
GEN_52_FIT_0.8732689971315117_0.8765460443208768_0.8769101606752506_SIZE_1_1.9_2
GEN_53_FIT_0.8733379606475055_0.8767315506738635_0.8769101606752506_SIZE_1_1.95_2
GEN_54_FIT_0.8733379606475055_0.8765529406724764_0.8769101606752506_SIZE_1_1.9_2
GEN_55_FIT_0.8733379606475055_0.8765529406724764_0.8769101606752506_SIZE_1_1.9_2
GEN_56_FIT_0.8723107604038615_0.8754357545955959_0.8770268395477574_SIZE_1_1.6_2
GEN_57_FIT_0.8733379606475055_0.8737068485375306_0.8770268395477574_SIZE_1_1.1_2
GEN_58_FIT_0.8733379606475055_0.8737068485375306_0.8770268395477574_SIZE_1_1.1_2
GEN_59_FIT_0.8733379606475055_0.8737068485375306_0.8770268395477574_SIZE_1_1.1_2
GEN_60_FIT_0.8733379606475055_0.8737068485375306_0.8770268395477574_SIZE_1_1.1_2
Evaluating in sample:
[GEN_60|make_tuple(0.0015525181370535331, 22, 11, 28)|0.8733]
[GEN_60|make_tuple(mul(0.0015254638061218434, 0.2835891072476275), 25, 11, 27)|0.8770]
Evaluating out-of-sample:
[GEN_60|make_tuple(0.0015525181370535331, 22, 11, 28)|0.9368]
[GEN_60|make_tuple(mul(0.0015254638061218434, 0.2835891072476275), 25, 11, 27)|0.9266]
GEN_61_FIT_0.8733379606475055_0.8737068485375306_0.8770268395477574_SIZE_1_1.1_2
GEN_62_FIT_0.8733379606475055_0.8737068485375306_0.8770268395477574_SIZE_1_1.1_2
GEN_63_FIT_0.8733379606475055_0.8737068485375306_0.8770268395477574_SIZE_1_1.1_2
GEN_64_FIT_0.8733379606475055_0.8737068485375306_0.8770268395477574_SIZE_1_1.1_2
GEN_65_FIT_0.8733379606475055_0.8737068485375306_0.8770268395477574_SIZE_1_1.1_2
GEN_66_FIT_0.8733379606475055_0.8737068485375306_0.8770268395477574_SIZE_1_1.1_2
GEN_67_FIT_0.8733379606475055_0.8737068485375306_0.8770268395477574_SIZE_1_1.1_2
GEN_68_FIT_0.8733379606475055_0.8737068485375306_0.8770268395477574_SIZE_1_1.1_2
GEN_69_FIT_0.8733379606475055_0.8737068485375306_0.8770268395477574_SIZE_1_1.1_2
GEN_70_FIT_0.8733379606475055_0.8737068485375306_0.8770268395477574_SIZE_1_1.1_2
GEN_71_FIT_0.8733379606475055_0.8737068485375306_0.8770268395477574_SIZE_1_1.1_2
GEN_72_FIT_0.8733379606475055_0.8737068485375306_0.8770268395477574_SIZE_1_1.1_2
GEN_73_FIT_0.8733379606475055_0.8737068485375306_0.8770268395477574_SIZE_1_1.1_2
GEN_74_FIT_0.8733379606475055_0.8737068485375306_0.8770268395477574_SIZE_1_1.1_2
GEN_75_FIT_0.8733379606475055_0.8737068485375306_0.8770268395477574_SIZE_1_1.1_2
GEN_76_FIT_0.8733379606475055_0.8737068485375306_0.8770268395477574_SIZE_1_1.1_2
GEN_77_FIT_0.8733379606475055_0.8737068485375306_0.8770268395477574_SIZE_1_1.1_2
Evaluating in sample:
[GEN_77|make_tuple(0.0015525181370535331, 22, 11, 28)|0.8733]
[GEN_77|make_tuple(mul(0.0015254638061218434, 0.2835891072476275), 25, 11, 27)|0.8770]
Evaluating out-of-sample:
[GEN_77|make_tuple(0.0015525181370535331, 22, 11, 28)|0.9368]
[GEN_77|make_tuple(mul(0.0015254638061218434, 0.2835891072476275), 25, 11, 27)|0.9266]
Stopped early in iteration 77, no improvement in 20 gens.
START_TASK: 12
GEN_0_FIT_0.6482299602705254_0.7831738128555561_0.8485807761481774_SIZE_1_3.55_14
GEN_1_FIT_0.8294646449570751_0.8442544639722744_0.8532277581831285_SIZE_1_3.35_6
GEN_2_FIT_0.8410276494439448_0.8495563673522154_0.8606593933479544_SIZE_1_2.45_6
GEN_3_FIT_0.8432107372210486_0.8551334793400306_0.8626912082293615_SIZE_1_2.25_5
GEN_4_FIT_0.8606593933479544_0.8632958025112302_0.8676989414591211_SIZE_1_1.85_3
GEN_5_FIT_0.8656847598495435_0.8669559313806225_0.8676989414591211_SIZE_1_2.2_4
GEN_6_FIT_0.8668377073458416_0.8676887698441893_0.8694089138243868_SIZE_1_1.9_4
GEN_7_FIT_0.8672374486429767_0.868552980567942_0.8698823313879562_SIZE_1_1.95_4
GEN_8_FIT_0.8673539260009482_0.8694118826882358_0.8725939377627946_SIZE_1_1.85_4
GEN_9_FIT_0.8683173862209232_0.8703991838402493_0.8726975570800075_SIZE_1_1.75_4
GEN_10_FIT_0.869332713433199_0.871333798493667_0.8737354454810362_SIZE_1_1.7_4
GEN_11_FIT_0.8700656062369306_0.8722078163885879_0.8746486692924795_SIZE_1_1.65_4
GEN_12_FIT_0.8705623675124567_0.8727513155655607_0.875702866310419_SIZE_1_1.55_4
GEN_13_FIT_0.8711612875918269_0.8730569765900178_0.8757491544744689_SIZE_1_1.4_2
GEN_14_FIT_0.8723595288945665_0.8740888715790588_0.8758702417574735_SIZE_1_1.5_2
GEN_15_FIT_0.8723765532683756_0.874020108719192_0.8758702417574735_SIZE_1_1.45_2
GEN_16_FIT_0.8725732292691952_0.8745682969811341_0.8758702417574735_SIZE_1_1.65_3
GEN_17_FIT_0.8727595499223761_0.8754053229858751_0.8758702417574735_SIZE_1_2.05_3
GEN_18_FIT_0.8727595499223761_0.8750990130280943_0.8759180462571577_SIZE_1_1.85_3
GEN_19_FIT_0.872732898991932_0.8739180734725466_0.8764553653343818_SIZE_1_1.5_3
GEN_20_FIT_0.8727595499223761_0.8737138217373512_0.8764553653343818_SIZE_1_1.25_2
Evaluating in sample:
[GEN_20|make_tuple(0.001553710562096537, 22, 11, 28)|0.8728]
[GEN_20|make_tuple(truediv(0.028032694610136896, 65), 25, 11, 29)|0.8765]
Evaluating out-of-sample:
[GEN_20|make_tuple(0.001553710562096537, 22, 11, 28)|0.9809]
[GEN_20|make_tuple(truediv(0.028032694610136896, 65), 25, 11, 29)|0.9854]
GEN_21_FIT_0.8728206943109182_0.8748219854851358_0.8764553653343818_SIZE_1_1.6_3
GEN_22_FIT_0.8728803904749968_0.8762766165914126_0.8764553653343818_SIZE_1_2.0_3
GEN_23_FIT_0.8728803904749968_0.8762766165914126_0.8764553653343818_SIZE_1_1.95_2
GEN_24_FIT_0.8728393759690686_0.8761001461020893_0.8765070422343086_SIZE_1_1.95_3
GEN_25_FIT_0.8728393759690686_0.8753986711867388_0.8765070422343086_SIZE_1_1.9_3
GEN_26_FIT_0.8728803904749968_0.8746937163546527_0.8765070422343086_SIZE_1_1.5_2
GEN_27_FIT_0.8728803904749968_0.8732430556509279_0.8765070422343086_SIZE_1_1.1_2
GEN_28_FIT_0.8728803904749968_0.8732430556509279_0.8765070422343086_SIZE_1_1.1_2
GEN_29_FIT_0.8728803904749968_0.8732430556509279_0.8765070422343086_SIZE_1_1.1_2
GEN_30_FIT_0.8728803904749968_0.8732430556509279_0.8765070422343086_SIZE_1_1.1_2
GEN_31_FIT_0.8728803904749968_0.8732430556509279_0.8765070422343086_SIZE_1_1.1_2
GEN_32_FIT_0.8728803904749968_0.8732430556509279_0.8765070422343086_SIZE_1_1.1_2
GEN_33_FIT_0.8728803904749968_0.8732430556509279_0.8765070422343086_SIZE_1_1.1_2
GEN_34_FIT_0.8728803904749968_0.8732430556509279_0.8765070422343086_SIZE_1_1.1_2
GEN_35_FIT_0.8728803904749968_0.8732430556509279_0.8765070422343086_SIZE_1_1.1_2
GEN_36_FIT_0.8728803904749968_0.8732430556509279_0.8765070422343086_SIZE_1_1.1_2
GEN_37_FIT_0.8728803904749968_0.8732430556509279_0.8765070422343086_SIZE_1_1.1_2
GEN_38_FIT_0.8728803904749968_0.8732430556509279_0.8765070422343086_SIZE_1_1.1_2
GEN_39_FIT_0.8728803904749968_0.8732430556509279_0.8765070422343086_SIZE_1_1.1_2
GEN_40_FIT_0.8728803904749968_0.8732430556509279_0.8765070422343086_SIZE_1_1.1_2
Evaluating in sample:
[GEN_40|make_tuple(0.0015521078932777903, 22, 11, 28)|0.8729]
[GEN_40|make_tuple(truediv(0.028032694610136896, 65), 25, 11, 27)|0.8765]
Evaluating out-of-sample:
[GEN_40|make_tuple(0.0015521078932777903, 22, 11, 28)|0.9809]
[GEN_40|make_tuple(truediv(0.028032694610136896, 65), 25, 11, 27)|0.9858]
GEN_41_FIT_0.8728803904749968_0.8732430556509279_0.8765070422343086_SIZE_1_1.1_2
GEN_42_FIT_0.8728803904749968_0.8732430556509279_0.8765070422343086_SIZE_1_1.1_2
GEN_43_FIT_0.8728803904749968_0.8732430556509279_0.8765070422343086_SIZE_1_1.1_2
GEN_44_FIT_0.8728803904749968_0.8732430556509279_0.8765070422343086_SIZE_1_1.1_2
GEN_45_FIT_0.8728803904749968_0.8732430556509279_0.8765070422343086_SIZE_1_1.1_2
Evaluating in sample:
[GEN_45|make_tuple(0.0015521078932777903, 22, 11, 28)|0.8729]
[GEN_45|make_tuple(truediv(0.028032694610136896, 65), 25, 11, 27)|0.8765]
Evaluating out-of-sample:
[GEN_45|make_tuple(0.0015521078932777903, 22, 11, 28)|0.9809]
[GEN_45|make_tuple(truediv(0.028032694610136896, 65), 25, 11, 27)|0.9858]
Stopped early in iteration 45, no improvement in 20 gens.
START_TASK: 14
GEN_0_FIT_0.6867644580700759_0.8081707000172447_0.8584524829037185_SIZE_1_4.8_13
GEN_1_FIT_0.8501709926953008_0.8536476342028465_0.8618294148846019_SIZE_1_1.85_13
GEN_2_FIT_0.8571479477102804_0.8597749226897834_0.8632371667662234_SIZE_1_1.1_2
GEN_3_FIT_0.8618294148846019_0.8624991636291357_0.866892060446498_SIZE_1_1.2_2
GEN_4_FIT_0.8632371667662234_0.8650873741864016_0.8675929284945546_SIZE_1_1.2_2
GEN_5_FIT_0.866892060446498_0.8673657900734566_0.8682968080507921_SIZE_1_1.1_2
GEN_6_FIT_0.8675929284945546_0.8680396366509312_0.869104879013187_SIZE_1_1.05_2
GEN_7_FIT_0.8682968080507921_0.8684735998429997_0.869104879013187_SIZE_1_1.1_2
GEN_8_FIT_0.8683762432897509_0.8687927112627225_0.8691406952141411_SIZE_1_1.15_2
GEN_9_FIT_0.869104879013187_0.8691451761964458_0.8696959254726425_SIZE_1_1.05_2
GEN_10_FIT_0.8691406952141411_0.869302851937638_0.8702437352725216_SIZE_1_1.0_1
GEN_11_FIT_0.8693666923296208_0.8702796152622305_0.8715867143677362_SIZE_1_1.1_2
GEN_12_FIT_0.8711171143779406_0.8717066947518644_0.8734025796688296_SIZE_1_1.1_2
GEN_13_FIT_0.8715867143677362_0.8729401575024391_0.874813428001273_SIZE_1_1.5_3
GEN_14_FIT_0.872640056739002_0.8745133921415521_0.8750283251209201_SIZE_1_1.9_3
GEN_15_FIT_0.8722396821908074_0.8738271943378632_0.8756852808518193_SIZE_1_1.45_2
GEN_16_FIT_0.8726466792355133_0.8736507205766244_0.8758953272875394_SIZE_1_1.3_2
GEN_17_FIT_0.8727415889905045_0.8744696304991211_0.8758953272875394_SIZE_1_1.55_2
GEN_18_FIT_0.8728166653252867_0.8754358195117649_0.8759294168359815_SIZE_1_1.85_2
GEN_19_FIT_0.8726021211162446_0.8745116116920872_0.8759719365855789_SIZE_1_1.55_2
GEN_20_FIT_0.8728166653252867_0.8732957697797403_0.876006026134021_SIZE_1_1.15_2
Evaluating in sample:
[GEN_20|make_tuple(0.001549858919538307, 22, 11, 28)|0.8728]
[GEN_20|make_tuple(truediv(0.0019798453429808846, 5), 22, 11, 27)|0.8760]
Evaluating out-of-sample:
[GEN_20|make_tuple(0.001549858919538307, 22, 11, 28)|0.9773]
[GEN_20|make_tuple(truediv(0.0019798453429808846, 5), 22, 11, 27)|0.9779]
GEN_21_FIT_0.8728284061481081_0.8742522805900658_0.876006026134021_SIZE_1_1.45_2
GEN_22_FIT_0.8728284061481081_0.8747531941069437_0.876006026134021_SIZE_1_1.65_3
GEN_23_FIT_0.872911852404696_0.8753871913881559_0.876006026134021_SIZE_1_1.8_2
GEN_24_FIT_0.872911852404696_0.8756966087610886_0.876006026134021_SIZE_1_1.9_2
GEN_25_FIT_0.872911852404696_0.8756966087610886_0.876006026134021_SIZE_1_1.9_2
GEN_26_FIT_0.872911852404696_0.8756966087610886_0.876006026134021_SIZE_1_1.9_2
GEN_27_FIT_0.8726937720714717_0.8752439845173967_0.876454142781383_SIZE_1_1.75_2
GEN_28_FIT_0.8726937720714717_0.8746985553173194_0.876454142781383_SIZE_1_1.55_2
GEN_29_FIT_0.872911852404696_0.8736203104800335_0.876454142781383_SIZE_1_1.2_2
GEN_30_FIT_0.872911852404696_0.8745017680455238_0.876454142781383_SIZE_1_1.5_3
GEN_31_FIT_0.8729823315030161_0.8754125993978729_0.876454142781383_SIZE_1_1.75_3
GEN_32_FIT_0.8729823315030161_0.8761069616535465_0.876454142781383_SIZE_1_1.9_2
GEN_33_FIT_0.8729823315030161_0.8761069616535465_0.876454142781383_SIZE_1_1.9_2
GEN_34_FIT_0.8729823315030161_0.8761069616535465_0.876454142781383_SIZE_1_1.9_2
GEN_35_FIT_0.8729823315030161_0.8761069616535465_0.876454142781383_SIZE_1_1.9_2
GEN_36_FIT_0.8729823315030161_0.8761069616535465_0.876454142781383_SIZE_1_1.9_2
GEN_37_FIT_0.8729823315030161_0.8761069616535465_0.876454142781383_SIZE_1_1.9_2
GEN_38_FIT_0.8729823315030161_0.8761069616535465_0.876454142781383_SIZE_1_1.9_2
GEN_39_FIT_0.8729823315030161_0.8761069616535465_0.876454142781383_SIZE_1_1.9_2
GEN_40_FIT_0.8729823315030161_0.8761069616535465_0.876454142781383_SIZE_1_1.9_2
Evaluating in sample:
[GEN_40|make_tuple(0.001552890625481219, 22, 11, 28)|0.8730]
[GEN_40|make_tuple(truediv(0.0021318742771777146, 5), 22, 11, 27)|0.8765]
Evaluating out-of-sample:
[GEN_40|make_tuple(0.001552890625481219, 22, 11, 28)|0.9773]
[GEN_40|make_tuple(truediv(0.0021318742771777146, 5), 22, 11, 27)|0.9779]
GEN_41_FIT_0.8729461006058439_0.8748908621386748_0.8764626025555364_SIZE_1_1.55_2
GEN_42_FIT_0.8729823315030161_0.8731609424570441_0.8765545505835761_SIZE_1_1.05_2
GEN_43_FIT_0.8729823315030161_0.8733395534110722_0.8765545505835761_SIZE_1_1.1_2
GEN_44_FIT_0.8729823315030161_0.8733395534110722_0.8765545505835761_SIZE_1_1.1_2
GEN_45_FIT_0.8729823315030161_0.8733395534110722_0.8765545505835761_SIZE_1_1.1_2
GEN_46_FIT_0.8729823315030161_0.8733395534110722_0.8765545505835761_SIZE_1_1.1_2
GEN_47_FIT_0.8729823315030161_0.8733395534110722_0.8765545505835761_SIZE_1_1.1_2
GEN_48_FIT_0.8729823315030161_0.8733395534110722_0.8765545505835761_SIZE_1_1.1_2
GEN_49_FIT_0.8729823315030161_0.8733395534110722_0.8765545505835761_SIZE_1_1.1_2
GEN_50_FIT_0.8729823315030161_0.8733395534110722_0.8765545505835761_SIZE_1_1.1_2
GEN_51_FIT_0.8729823315030161_0.8733395534110722_0.8765545505835761_SIZE_1_1.1_2
GEN_52_FIT_0.8729823315030161_0.8733395534110722_0.8765545505835761_SIZE_1_1.1_2
GEN_53_FIT_0.8729823315030161_0.8733395534110722_0.8765545505835761_SIZE_1_1.1_2
GEN_54_FIT_0.8729823315030161_0.8733395534110722_0.8765545505835761_SIZE_1_1.1_2
GEN_55_FIT_0.8729823315030161_0.8733395534110722_0.8765545505835761_SIZE_1_1.1_2
GEN_56_FIT_0.8729823315030161_0.8733395534110722_0.8765545505835761_SIZE_1_1.1_2
GEN_57_FIT_0.8729823315030161_0.8733395534110722_0.8765545505835761_SIZE_1_1.1_2
GEN_58_FIT_0.8729823315030161_0.8733395534110722_0.8765545505835761_SIZE_1_1.1_2
GEN_59_FIT_0.8729823315030161_0.8733395534110722_0.8765545505835761_SIZE_1_1.1_2
GEN_60_FIT_0.8729823315030161_0.8733395534110722_0.8765545505835761_SIZE_1_1.1_2
Evaluating in sample:
[GEN_60|make_tuple(0.001552890625481219, 22, 11, 28)|0.8730]
[GEN_60|make_tuple(truediv(0.0021318742771777146, 5), 25, 11, 27)|0.8766]
Evaluating out-of-sample:
[GEN_60|make_tuple(0.001552890625481219, 22, 11, 28)|0.9773]
[GEN_60|make_tuple(truediv(0.0021318742771777146, 5), 25, 11, 27)|0.9794]
GEN_61_FIT_0.8729823315030161_0.8733395534110722_0.8765545505835761_SIZE_1_1.1_2
GEN_62_FIT_0.8729823315030161_0.8733395534110722_0.8765545505835761_SIZE_1_1.1_2
GEN_63_FIT_0.8729823315030161_0.8733395534110722_0.8765545505835761_SIZE_1_1.1_2
Evaluating in sample:
[GEN_63|make_tuple(0.001552890625481219, 22, 11, 28)|0.8730]
[GEN_63|make_tuple(truediv(0.0021318742771777146, 5), 25, 11, 27)|0.8766]
Evaluating out-of-sample:
[GEN_63|make_tuple(0.001552890625481219, 22, 11, 28)|0.9773]
[GEN_63|make_tuple(truediv(0.0021318742771777146, 5), 25, 11, 27)|0.9794]
Stopped early in iteration 63, no improvement in 20 gens.
START_TASK: 15
GEN_0_FIT_0.6817649571897774_0.7703242737394658_0.8499243576164917_SIZE_1_4.05_12
GEN_1_FIT_0.779567130478374_0.8332219758635674_0.8598324401220921_SIZE_1_3.25_6
GEN_2_FIT_0.8332616567467371_0.8498333053195563_0.8607355251289993_SIZE_1_2.25_5
GEN_3_FIT_0.8566611967516106_0.8605050258035367_0.8656309017303203_SIZE_1_2.25_4
GEN_4_FIT_0.8601976695927795_0.8621106231017436_0.8675755395146374_SIZE_1_2.4_5
GEN_5_FIT_0.86145219277594_0.8649825984753668_0.8675755395146374_SIZE_1_3.05_5
GEN_6_FIT_0.8640015560174897_0.867023052985442_0.8675755395146374_SIZE_1_3.65_5
GEN_7_FIT_0.8640015560174897_0.866896418619082_0.8686172865325016_SIZE_1_2.5_6
GEN_8_FIT_0.8663584930006146_0.867706331578787_0.8697897419551238_SIZE_1_2.2_4
GEN_9_FIT_0.867997111436581_0.8687762537195288_0.8697897419551238_SIZE_1_1.95_3
GEN_10_FIT_0.8685149169427241_0.8693910817801965_0.8704298485241194_SIZE_1_1.85_3
GEN_11_FIT_0.8689075625384461_0.8697896258462874_0.8706148578835291_SIZE_1_1.65_3
GEN_12_FIT_0.8696900746068544_0.8703158243471314_0.8710984415850426_SIZE_1_1.45_2
GEN_13_FIT_0.8704170578450409_0.8707344477171246_0.8719098402159579_SIZE_1_1.35_2
GEN_14_FIT_0.8706904760144222_0.8712658822410593_0.8719226146280747_SIZE_1_1.6_3
GEN_15_FIT_0.8715300513342276_0.8718532945460712_0.872006960882695_SIZE_1_1.55_2
GEN_16_FIT_0.8719091082651078_0.8720005342188039_0.8727210176046253_SIZE_1_1.35_3
GEN_17_FIT_0.871928081258733_0.8720967543080864_0.8727210176046253_SIZE_1_1.65_3
GEN_18_FIT_0.8721802160433565_0.8723739951249566_0.8727493940595515_SIZE_1_1.25_3
GEN_19_FIT_0.8726512389508821_0.8727224822227957_0.8728399702195371_SIZE_1_1.55_3
GEN_20_FIT_0.8727210176046253_0.8727844664494837_0.8728399702195371_SIZE_1_1.55_3
Evaluating in sample:
[GEN_20|make_tuple(0.0016094035188361309, 22, 11, 28)|0.8728]
[GEN_20|make_tuple(0.0016094035188361309, 22, 11, add(0.0030938503131107548, 29))|0.8728]
Evaluating out-of-sample:
[GEN_20|make_tuple(0.0016094035188361309, 22, 11, 28)|0.9583]
[GEN_20|make_tuple(0.0016094035188361309, 22, 11, add(0.0030938503131107548, 29))|0.9583]
GEN_21_FIT_0.8728211962268153_0.872838092820265_0.8728399702195371_SIZE_1_1.9_2
GEN_22_FIT_0.8727582309817097_0.872798617623479_0.8729241806402575_SIZE_1_1.25_2
GEN_23_FIT_0.8727582309817097_0.8729776614996505_0.8760593590821626_SIZE_1_1.15_2
GEN_24_FIT_0.8728211962268153_0.8733340593192727_0.8760768649156336_SIZE_1_1.25_2
GEN_25_FIT_0.872906027202586_0.8740050585424916_0.8760768649156336_SIZE_1_1.45_3
GEN_26_FIT_0.8729708328980229_0.8746758127404954_0.8760768649156336_SIZE_1_1.6_3
GEN_27_FIT_0.8729708328980229_0.8753025976930202_0.8760768649156336_SIZE_1_1.8_3
GEN_28_FIT_0.8729708328980229_0.8739103722343021_0.8760860427739505_SIZE_1_1.3_2
GEN_29_FIT_0.8729916067211086_0.8733010503263927_0.8760860427739505_SIZE_1_1.1_2
GEN_30_FIT_0.8729916067211086_0.8733010503263927_0.8760860427739505_SIZE_1_1.1_2
GEN_31_FIT_0.8729916067211086_0.8733010503263927_0.8760860427739505_SIZE_1_1.1_2
GEN_32_FIT_0.8729916067211086_0.8733010503263927_0.8760860427739505_SIZE_1_1.1_2
GEN_33_FIT_0.8729916067211086_0.8733010503263927_0.8760860427739505_SIZE_1_1.1_2
GEN_34_FIT_0.8729916067211086_0.8733010503263927_0.8760860427739505_SIZE_1_1.1_2
GEN_35_FIT_0.8729916067211086_0.8733010503263927_0.8760860427739505_SIZE_1_1.1_2
GEN_36_FIT_0.8729916067211086_0.8733010503263927_0.8760860427739505_SIZE_1_1.1_2
GEN_37_FIT_0.8729916067211086_0.8733010503263927_0.8760860427739505_SIZE_1_1.1_2
GEN_38_FIT_0.8729916067211086_0.8733010503263927_0.8760860427739505_SIZE_1_1.1_2
GEN_39_FIT_0.8729916067211086_0.8733010503263927_0.8760860427739505_SIZE_1_1.1_2
GEN_40_FIT_0.8729916067211086_0.8733010503263927_0.8760860427739505_SIZE_1_1.1_2
Evaluating in sample:
[GEN_40|make_tuple(0.0015506981934971383, 22, 11, 28)|0.8730]
[GEN_40|make_tuple(truediv(0.0016884854408146881, 4), 22, 11, 28)|0.8761]
Evaluating out-of-sample:
[GEN_40|make_tuple(0.0015506981934971383, 22, 11, 28)|0.9587]
[GEN_40|make_tuple(truediv(0.0016884854408146881, 4), 22, 11, 28)|0.9566]
GEN_41_FIT_0.8729916067211086_0.8733010503263927_0.8760860427739505_SIZE_1_1.1_2
GEN_42_FIT_0.8729916067211086_0.8733010503263927_0.8760860427739505_SIZE_1_1.1_2
GEN_43_FIT_0.8729916067211086_0.8733010503263927_0.8760860427739505_SIZE_1_1.1_2
GEN_44_FIT_0.8729916067211086_0.8733010503263927_0.8760860427739505_SIZE_1_1.1_2
GEN_45_FIT_0.8729916067211086_0.8733010503263927_0.8760860427739505_SIZE_1_1.1_2
GEN_46_FIT_0.8729916067211086_0.8733010503263927_0.8760860427739505_SIZE_1_1.1_2
GEN_47_FIT_0.8729916067211086_0.8733010503263927_0.8760860427739505_SIZE_1_1.1_2
GEN_48_FIT_0.8729916067211086_0.8733010503263927_0.8760860427739505_SIZE_1_1.1_2
GEN_49_FIT_0.8729916067211086_0.8733010503263927_0.8760860427739505_SIZE_1_1.1_2
Evaluating in sample:
[GEN_49|make_tuple(0.0015506981934971383, 22, 11, 28)|0.8730]
[GEN_49|make_tuple(truediv(0.0016884854408146881, 4), 22, 11, 28)|0.8761]
Evaluating out-of-sample:
[GEN_49|make_tuple(0.0015506981934971383, 22, 11, 28)|0.9587]
[GEN_49|make_tuple(truediv(0.0016884854408146881, 4), 22, 11, 28)|0.9566]
Stopped early in iteration 49, no improvement in 20 gens.
START_TASK: 16
GEN_0_FIT_0.698022274674579_0.8216193526160096_0.8465783774669844_SIZE_1_5.85_15
GEN_1_FIT_0.8190039964342977_0.8443201703999842_0.8554426406596058_SIZE_1_2.55_7
GEN_2_FIT_0.8501099907067807_0.8545428339538571_0.8583880859425675_SIZE_1_1.6_3
GEN_3_FIT_0.8554426406596058_0.8561884336208138_0.8597275787775497_SIZE_1_1.2_2
GEN_4_FIT_0.8556277240806711_0.8581505428888635_0.8597275787775497_SIZE_1_1.7_3
GEN_5_FIT_0.8594281273969426_0.8605335588455407_0.8641034185248107_SIZE_1_1.5_3
GEN_6_FIT_0.8608777300956718_0.8629041465948664_0.8644110842086662_SIZE_1_1.7_4
GEN_7_FIT_0.8631877502783307_0.8643458279022429_0.8679271909966255_SIZE_1_1.65_3
GEN_8_FIT_0.8644110842086662_0.865008652125457_0.8679271909966255_SIZE_1_1.3_3
GEN_9_FIT_0.8650370242740104_0.8665543053514853_0.8688387587963231_SIZE_1_1.55_4
GEN_10_FIT_0.8678035037424364_0.8681128904887606_0.8691452315088035_SIZE_1_1.15_2
GEN_11_FIT_0.8680210891484156_0.8689047991071837_0.869860472285469_SIZE_1_1.3_2
GEN_12_FIT_0.8691138389727633_0.8693750399289275_0.869860472285469_SIZE_1_1.3_2
GEN_13_FIT_0.8695187725233604_0.870193039640206_0.871167894890474_SIZE_1_1.15_2
GEN_14_FIT_0.8707520085523158_0.8710365833403605_0.8727911067180053_SIZE_1_1.25_2
GEN_15_FIT_0.8710692261983751_0.8716982055456363_0.8727911067180053_SIZE_1_1.2_2
GEN_16_FIT_0.8725206418079744_0.8727370137359991_0.8727911067180053_SIZE_1_1.15_2
GEN_17_FIT_0.8727911067180053_0.8728043017989202_0.8729075805216066_SIZE_1_1.2_3
GEN_18_FIT_0.8727911067180053_0.8728365156509303_0.8729075805216066_SIZE_1_1.7_3
GEN_19_FIT_0.8728220607291031_0.872900224553607_0.8729315007466245_SIZE_1_2.7_3
GEN_20_FIT_0.8727911067180053_0.8728733315453555_0.8730391824186404_SIZE_1_1.6_3
Evaluating in sample:
[GEN_20|make_tuple(0.0015499202218131358, 22, 11, 29)|0.8729]
[GEN_20|make_tuple(0.0015499202218131358, 22, 11, sub(add(0.4879204580565947, 29), 0.012888257076735483))|0.8730]
Evaluating out-of-sample:
[GEN_20|make_tuple(0.0015499202218131358, 22, 11, 29)|0.9604]
[GEN_20|make_tuple(0.0015499202218131358, 22, 11, sub(add(0.4879204580565947, 29), 0.012888257076735483))|0.9590]
GEN_21_FIT_0.8728220607291031_0.8729383436536207_0.8730391824186404_SIZE_1_1.55_3
GEN_22_FIT_0.8729315007466245_0.8730109858822939_0.8730391824186404_SIZE_1_1.9_3
GEN_23_FIT_0.8729694689420607_0.8730322110709825_0.8730391824186404_SIZE_1_1.9_2
GEN_24_FIT_0.8729694689420607_0.8730322110709825_0.8730391824186404_SIZE_1_1.9_2
GEN_25_FIT_0.8729694689420607_0.8730322110709825_0.8730391824186404_SIZE_1_1.9_2
GEN_26_FIT_0.87300525135353_0.873037485865385_0.8730391824186404_SIZE_1_1.95_2
GEN_27_FIT_0.8729315007466245_0.8729639809449902_0.873076627418969_SIZE_1_1.25_2
GEN_28_FIT_0.8729703762552934_0.8730310851376766_0.873076627418969_SIZE_1_1.75_2
GEN_29_FIT_0.8729703762552934_0.8730515513927527_0.873076627418969_SIZE_1_1.75_2
GEN_30_FIT_0.87300525135353_0.8730373705829775_0.873076627418969_SIZE_1_1.45_2
GEN_31_FIT_0.87300525135353_0.8730123889600737_0.873076627418969_SIZE_1_1.1_2
GEN_32_FIT_0.87300525135353_0.8730123889600737_0.873076627418969_SIZE_1_1.1_2
GEN_33_FIT_0.87300525135353_0.8730123889600737_0.873076627418969_SIZE_1_1.1_2
GEN_34_FIT_0.87300525135353_0.8730123889600737_0.873076627418969_SIZE_1_1.1_2
GEN_35_FIT_0.87300525135353_0.8730123889600737_0.873076627418969_SIZE_1_1.1_2
GEN_36_FIT_0.87300525135353_0.8730377258848392_0.873076627418969_SIZE_1_1.5_2
GEN_37_FIT_0.8730106096410346_0.8730733265300723_0.873076627418969_SIZE_1_1.95_2
GEN_38_FIT_0.8730106096410346_0.8730700256411754_0.873076627418969_SIZE_1_1.9_2
GEN_39_FIT_0.8730106096410346_0.8730700256411754_0.873076627418969_SIZE_1_1.9_2
GEN_40_FIT_0.8730106096410346_0.8730700256411754_0.873076627418969_SIZE_1_1.9_2
Evaluating in sample:
[GEN_40|make_tuple(0.0015658639773789298, 22, 11, 28)|0.8730]
[GEN_40|make_tuple(0.0015549702245612033, 22, 11, add(0.4879204580565947, 29))|0.8731]
Evaluating out-of-sample:
[GEN_40|make_tuple(0.0015658639773789298, 22, 11, 28)|0.9552]
[GEN_40|make_tuple(0.0015549702245612033, 22, 11, add(0.4879204580565947, 29))|0.9571]
GEN_41_FIT_0.8730106096410346_0.8730700256411754_0.873076627418969_SIZE_1_1.9_2
GEN_42_FIT_0.8730106096410346_0.8730700256411754_0.873076627418969_SIZE_1_1.9_2
GEN_43_FIT_0.8730106096410346_0.8730700256411754_0.873076627418969_SIZE_1_1.9_2
GEN_44_FIT_0.8730106096410346_0.8730700256411754_0.873076627418969_SIZE_1_1.9_2
GEN_45_FIT_0.8730106096410346_0.8730700256411754_0.873076627418969_SIZE_1_1.9_2
GEN_46_FIT_0.87300525135353_0.8731311015361513_0.8745015569397947_SIZE_1_1.75_2
GEN_47_FIT_0.8729703762552934_0.8733158426146505_0.8746129688824962_SIZE_1_1.3_3
GEN_48_FIT_0.8730106096410346_0.8732652300068058_0.8759178577140861_SIZE_1_1.1_2
GEN_49_FIT_0.8730106096410346_0.8735855760533757_0.8759178577140861_SIZE_1_1.2_2
GEN_50_FIT_0.8730106096410346_0.8740364877030794_0.8759178577140861_SIZE_1_1.35_2
GEN_51_FIT_0.8730190430688917_0.8731993660778639_0.875999708827956_SIZE_1_1.05_2
GEN_52_FIT_0.8730538094255794_0.8733483993658169_0.875999708827956_SIZE_1_1.1_2
GEN_53_FIT_0.8730538094255794_0.8733483993658169_0.875999708827956_SIZE_1_1.1_2
GEN_54_FIT_0.8730538094255794_0.8733483993658169_0.875999708827956_SIZE_1_1.1_2
GEN_55_FIT_0.8730538094255794_0.8733483993658169_0.875999708827956_SIZE_1_1.1_2
GEN_56_FIT_0.8730538094255794_0.8733483993658169_0.875999708827956_SIZE_1_1.1_2
GEN_57_FIT_0.8730538094255794_0.8742299236515267_0.875999708827956_SIZE_1_1.4_2
GEN_58_FIT_0.8730538094255794_0.8735011107133284_0.876077233832437_SIZE_1_1.15_2
GEN_59_FIT_0.8730538094255794_0.873503035872289_0.876077233832437_SIZE_1_1.15_2
GEN_60_FIT_0.8730615100614221_0.8732122962499729_0.876077233832437_SIZE_1_1.05_2
Evaluating in sample:
[GEN_60|make_tuple(0.0015594406523895862, 22, 11, 28)|0.8731]
[GEN_60|make_tuple(truediv(0.0016567084917145517, 4), 22, 11, 27)|0.8761]
Evaluating out-of-sample:
[GEN_60|make_tuple(0.0015594406523895862, 22, 11, 28)|0.9594]
[GEN_60|make_tuple(truediv(0.0016567084917145517, 4), 22, 11, 27)|0.9663]
GEN_61_FIT_0.8730615100614221_0.8732122962499729_0.876077233832437_SIZE_1_1.05_2
GEN_62_FIT_0.8730615100614221_0.8732122962499729_0.876077233832437_SIZE_1_1.05_2
GEN_63_FIT_0.8730615100614221_0.8733630824385236_0.876077233832437_SIZE_1_1.1_2
GEN_64_FIT_0.8730615100614221_0.8733630824385236_0.876077233832437_SIZE_1_1.1_2
GEN_65_FIT_0.8730615100614221_0.8733630824385236_0.876077233832437_SIZE_1_1.1_2
GEN_66_FIT_0.8730615100614221_0.8733630824385236_0.876077233832437_SIZE_1_1.1_2
GEN_67_FIT_0.8730615100614221_0.8733630824385236_0.876077233832437_SIZE_1_1.1_2
GEN_68_FIT_0.8730615100614221_0.8733630824385236_0.876077233832437_SIZE_1_1.1_2
GEN_69_FIT_0.8730615100614221_0.8733630824385236_0.876077233832437_SIZE_1_1.1_2
GEN_70_FIT_0.8730615100614221_0.8733630824385236_0.876077233832437_SIZE_1_1.1_2
GEN_71_FIT_0.8730615100614221_0.8733630824385236_0.876077233832437_SIZE_1_1.1_2
GEN_72_FIT_0.8730615100614221_0.8733630824385236_0.876077233832437_SIZE_1_1.1_2
GEN_73_FIT_0.8730615100614221_0.8733630824385236_0.876077233832437_SIZE_1_1.1_2
GEN_74_FIT_0.8730615100614221_0.8733630824385236_0.876077233832437_SIZE_1_1.1_2
GEN_75_FIT_0.8730615100614221_0.8733630824385236_0.876077233832437_SIZE_1_1.1_2
GEN_76_FIT_0.8730615100614221_0.8733630824385236_0.876077233832437_SIZE_1_1.1_2
GEN_77_FIT_0.8730615100614221_0.8733630824385236_0.876077233832437_SIZE_1_1.1_2
GEN_78_FIT_0.8730615100614221_0.8733630824385236_0.876077233832437_SIZE_1_1.1_2
GEN_79_FIT_0.8730615100614221_0.8733630824385236_0.876077233832437_SIZE_1_1.1_2
Evaluating in sample:
[GEN_79|make_tuple(0.0015594406523895862, 22, 11, 28)|0.8731]
[GEN_79|make_tuple(truediv(0.0016567084917145517, 4), 22, 11, 27)|0.8761]
Evaluating out-of-sample:
[GEN_79|make_tuple(0.0015594406523895862, 22, 11, 28)|0.9594]
[GEN_79|make_tuple(truediv(0.0016567084917145517, 4), 22, 11, 27)|0.9663]
Stopped early in iteration 79, no improvement in 20 gens.
START_TASK: 18
GEN_0_FIT_0.6919880462810922_0.79416082004108_0.8514432441847162_SIZE_1_6.5_13
GEN_1_FIT_0.7612609349697347_0.8257324318563667_0.8514432441847162_SIZE_1_5.25_13
GEN_2_FIT_0.7612609349697347_0.8136347581210597_0.8547246964527777_SIZE_1_2.25_5
GEN_3_FIT_0.7959059640887804_0.8437471633937431_0.8584790763153356_SIZE_1_2.2_4
GEN_4_FIT_0.8376362837327755_0.8515872239565603_0.8592760496329966_SIZE_1_1.6_3
GEN_5_FIT_0.852633618414393_0.8584608663779953_0.8617812630322217_SIZE_1_1.8_3
GEN_6_FIT_0.8592760496329966_0.8605064864109906_0.8667049714140497_SIZE_1_1.55_3
GEN_7_FIT_0.861559237531555_0.8631090381454708_0.8667049714140497_SIZE_1_1.4_3
GEN_8_FIT_0.8632366567133727_0.8654933072090687_0.8686465654725026_SIZE_1_1.45_3
GEN_9_FIT_0.8667049714140497_0.8670310897543938_0.8686465654725026_SIZE_1_1.15_2
GEN_10_FIT_0.8670733534389401_0.8680153510123729_0.8688841350953066_SIZE_1_1.15_2
GEN_11_FIT_0.8686465654725026_0.8690273023864125_0.870017716666787_SIZE_1_1.05_2
GEN_12_FIT_0.8691021950556289_0.8697166782733875_0.8706924595827015_SIZE_1_1.1_2
GEN_13_FIT_0.869881663018322_0.8701208051238627_0.8706924595827015_SIZE_1_1.4_2
GEN_14_FIT_0.8702242748469549_0.8707053284415283_0.8715987574955112_SIZE_1_1.6_3
GEN_15_FIT_0.8707083642992788_0.871116577763227_0.8724962979341464_SIZE_1_1.65_3
GEN_16_FIT_0.8710225261279668_0.8714786013578124_0.8732640710076934_SIZE_1_1.4_2
GEN_17_FIT_0.8710952912840325_0.8718014277068382_0.8742930202917888_SIZE_1_1.25_2
GEN_18_FIT_0.8714693014368645_0.8724256084008746_0.8742930202917888_SIZE_1_1.45_3
GEN_19_FIT_0.8715616223645237_0.8734546623330217_0.8752872054753583_SIZE_1_1.8_3
GEN_20_FIT_0.8716058285163377_0.8739952938190866_0.8752872054753583_SIZE_1_1.85_3
Evaluating in sample:
[GEN_20|make_tuple(0.0015894169301664059, 25, 11, 27)|0.8717]
[GEN_20|make_tuple(sub(0.0016091395922744553, 0.0013101447979206133), 22, 11, 27)|0.8753]
Evaluating out-of-sample:
[GEN_20|make_tuple(0.0015894169301664059, 25, 11, 27)|0.9866]
[GEN_20|make_tuple(sub(0.0016091395922744553, 0.0013101447979206133), 22, 11, 27)|0.9736]
GEN_21_FIT_0.8720406241079345_0.8745857624537849_0.8757627288557903_SIZE_1_1.8_3
GEN_22_FIT_0.8721514803346792_0.8734416832172345_0.8758674566366181_SIZE_1_1.35_3
GEN_23_FIT_0.872486805800637_0.8726634014279764_0.8760187183474262_SIZE_1_1.05_2
GEN_24_FIT_0.872486805800637_0.8729075079238244_0.8760187183474262_SIZE_1_1.15_2
GEN_25_FIT_0.8724923053611582_0.8739048519961108_0.8760187183474262_SIZE_1_1.4_2
GEN_26_FIT_0.8725549973374221_0.8753300942853702_0.8760187183474262_SIZE_1_1.95_3
GEN_27_FIT_0.872670609692202_0.8756839074819037_0.8760187183474262_SIZE_1_1.9_2
GEN_28_FIT_0.872670609692202_0.8756839074819037_0.8760187183474262_SIZE_1_1.9_2
GEN_29_FIT_0.872670609692202_0.8756839074819037_0.8760187183474262_SIZE_1_1.9_2
GEN_30_FIT_0.872670609692202_0.8756839074819037_0.8760187183474262_SIZE_1_1.9_2
GEN_31_FIT_0.872670609692202_0.8756839074819037_0.8760187183474262_SIZE_1_1.9_2
GEN_32_FIT_0.872670609692202_0.8756839074819037_0.8760187183474262_SIZE_1_1.9_2
GEN_33_FIT_0.872670609692202_0.8756839074819037_0.8760187183474262_SIZE_1_1.9_2
GEN_34_FIT_0.872670609692202_0.8756839074819037_0.8760187183474262_SIZE_1_1.9_2
GEN_35_FIT_0.872670609692202_0.8756839074819037_0.8760187183474262_SIZE_1_1.9_2
GEN_36_FIT_0.8725860150199869_0.8755419733991822_0.8766127400204384_SIZE_1_1.85_2
GEN_37_FIT_0.8723065222967686_0.8744816958820174_0.8766127400204384_SIZE_1_1.5_2
GEN_38_FIT_0.8725860150199869_0.8742371807544_0.8766127400204384_SIZE_1_1.4_2
GEN_39_FIT_0.872670609692202_0.8730648227250258_0.8766127400204384_SIZE_1_1.1_2
GEN_40_FIT_0.872670609692202_0.8734578781965612_0.8766127400204384_SIZE_1_1.2_2
Evaluating in sample:
[GEN_40|make_tuple(0.0015661266306728117, 22, 11, 28)|0.8727]
[GEN_40|make_tuple(sub(0.001702604538210697, 0.0012755521338174832), 25, 11, 27)|0.8766]
Evaluating out-of-sample:
[GEN_40|make_tuple(0.0015661266306728117, 22, 11, 28)|0.9886]
[GEN_40|make_tuple(sub(0.001702604538210697, 0.0012755521338174832), 25, 11, 27)|0.9728]
GEN_41_FIT_0.872670609692202_0.8742436916831343_0.8766127400204384_SIZE_1_1.45_3
GEN_42_FIT_0.872699710047924_0.8754316788289348_0.8766127400204384_SIZE_1_1.8_3
GEN_43_FIT_0.8727250265367406_0.8764183543462535_0.8766127400204384_SIZE_1_1.95_2
GEN_44_FIT_0.8727250265367406_0.8764183543462535_0.8766127400204384_SIZE_1_1.95_2
GEN_45_FIT_0.8723249414410117_0.8758156160576199_0.8766211997945919_SIZE_1_1.8_2
GEN_46_FIT_0.8726257499211376_0.8754435770880871_0.8766211997945919_SIZE_1_1.7_2
GEN_47_FIT_0.8727250265367406_0.8746731131656661_0.8766211997945919_SIZE_1_1.5_2
GEN_48_FIT_0.8727250265367406_0.8731146438625258_0.8766211997945919_SIZE_1_1.1_2
GEN_49_FIT_0.8727250265367406_0.8731146438625258_0.8766211997945919_SIZE_1_1.1_2
GEN_50_FIT_0.8727250265367406_0.8731146438625258_0.8766211997945919_SIZE_1_1.1_2
GEN_51_FIT_0.8727250265367406_0.8731146438625258_0.8766211997945919_SIZE_1_1.1_2
GEN_52_FIT_0.8727250265367406_0.8731146438625258_0.8766211997945919_SIZE_1_1.1_2
GEN_53_FIT_0.8727250265367406_0.8731146438625258_0.8766211997945919_SIZE_1_1.1_2
GEN_54_FIT_0.8727250265367406_0.8736971025335194_0.8766211997945919_SIZE_1_1.25_2
GEN_55_FIT_0.8727250265367406_0.8756265804543991_0.8766211997945919_SIZE_1_1.8_3
GEN_56_FIT_0.8728006677379895_0.8762391465889315_0.8766211997945919_SIZE_1_1.9_2
GEN_57_FIT_0.8728006677379895_0.8762391465889315_0.8766211997945919_SIZE_1_1.9_2
GEN_58_FIT_0.8728006677379895_0.8762391465889315_0.8766211997945919_SIZE_1_1.9_2
GEN_59_FIT_0.8728006677379895_0.8762391465889315_0.8766211997945919_SIZE_1_1.9_2
GEN_60_FIT_0.8728006677379895_0.8762391465889315_0.8766211997945919_SIZE_1_1.9_2
Evaluating in sample:
[GEN_60|make_tuple(0.0015618486964876805, 22, 11, 28)|0.8728]
[GEN_60|make_tuple(sub(0.001702604538210697, 0.001272789747655827), 25, 11, 27)|0.8766]
Evaluating out-of-sample:
[GEN_60|make_tuple(0.0015618486964876805, 22, 11, 28)|0.9887]
[GEN_60|make_tuple(sub(0.001702604538210697, 0.001272789747655827), 25, 11, 27)|0.9728]
GEN_61_FIT_0.8728006677379895_0.8762391465889315_0.8766211997945919_SIZE_1_1.9_2
GEN_62_FIT_0.8728006677379895_0.8762391465889315_0.8766211997945919_SIZE_1_1.9_2
GEN_63_FIT_0.8728006677379895_0.8762391465889315_0.8766211997945919_SIZE_1_1.9_2
GEN_64_FIT_0.8728006677379895_0.8762391465889315_0.8766211997945919_SIZE_1_1.9_2
GEN_65_FIT_0.8728006677379895_0.8762391465889315_0.8766211997945919_SIZE_1_1.9_2
GEN_66_FIT_0.8728006677379895_0.8762391465889315_0.8766211997945919_SIZE_1_1.9_2
Evaluating in sample:
[GEN_66|make_tuple(0.0015618486964876805, 22, 11, 28)|0.8728]
[GEN_66|make_tuple(sub(0.001702604538210697, 0.001272789747655827), 25, 11, 27)|0.8766]
Evaluating out-of-sample:
[GEN_66|make_tuple(0.0015618486964876805, 22, 11, 28)|0.9887]
[GEN_66|make_tuple(sub(0.001702604538210697, 0.001272789747655827), 25, 11, 27)|0.9728]
Stopped early in iteration 66, no improvement in 20 gens.
START_TASK: 22
GEN_0_FIT_0.6961515381367893_0.8206864271002443_0.8594819386364102_SIZE_1_4.35_12
GEN_1_FIT_0.8361760357877768_0.8471177503805294_0.8594819386364102_SIZE_1_2.35_8
GEN_2_FIT_0.8509104324198211_0.8546367691552336_0.8597771571630856_SIZE_1_1.9_4
GEN_3_FIT_0.857848706021073_0.8593314040736871_0.8599393421756186_SIZE_1_1.2_3
GEN_4_FIT_0.8597771571630856_0.8600292327908766_0.8620788146837526_SIZE_1_1.2_3
GEN_5_FIT_0.8599393421756186_0.8608779926301515_0.8668009153768365_SIZE_1_1.0_1
GEN_6_FIT_0.8608109007037077_0.863037367476489_0.8672400629493456_SIZE_1_1.1_2
GEN_7_FIT_0.8640994361905674_0.8663448217158274_0.8678394289799777_SIZE_1_1.15_2
GEN_8_FIT_0.8669205025221612_0.8673914782517546_0.8694918328513246_SIZE_1_1.05_2
GEN_9_FIT_0.8673591082269761_0.8685010351043013_0.8700108202275179_SIZE_1_1.15_2
GEN_10_FIT_0.8694918328513246_0.8697673654261532_0.8707748512045321_SIZE_1_1.1_2
GEN_11_FIT_0.8700108202275179_0.8706159608618173_0.8710408183177656_SIZE_1_1.35_2
GEN_12_FIT_0.8707633493935396_0.8709461032256496_0.8715303781576531_SIZE_1_1.35_3
GEN_13_FIT_0.8708807244220936_0.8711550594812056_0.8717505803294181_SIZE_1_1.15_2
GEN_14_FIT_0.8715303781576531_0.8716860539128891_0.8719800398683786_SIZE_1_1.05_2
GEN_15_FIT_0.8717505803294181_0.871877318567563_0.8724263346073385_SIZE_1_1.05_2
GEN_16_FIT_0.8719800398683786_0.8721517392879251_0.8727892386835797_SIZE_1_1.05_2
GEN_17_FIT_0.8723360170155094_0.8724987773885939_0.8727892386835797_SIZE_1_1.1_2
GEN_18_FIT_0.872590022013756_0.8727743899085443_0.8728280693004836_SIZE_1_1.2_2
GEN_19_FIT_0.8727892386835797_0.8728047709303415_0.8728280693004836_SIZE_1_1.1_2
GEN_20_FIT_0.8727892386835797_0.872829141837364_0.8729271812718982_SIZE_1_1.1_2
Evaluating in sample:
[GEN_20|make_tuple(0.0015542298147995567, 22, 11, 29)|0.8728]
[GEN_20|make_tuple(0.0015542298147995567, 22, 11, add(0.021936089633955703, 29))|0.8729]
Evaluating out-of-sample:
[GEN_20|make_tuple(0.0015542298147995567, 22, 11, 29)|0.9750]
[GEN_20|make_tuple(0.0015542298147995567, 22, 11, add(0.021936089633955703, 29))|0.9744]
GEN_21_FIT_0.8728280693004836_0.872837980497625_0.8729271812718982_SIZE_1_1.1_2
GEN_22_FIT_0.8728280693004836_0.8729581675751626_0.8749969580253238_SIZE_1_1.1_2
GEN_23_FIT_0.8728280693004836_0.8733464301435039_0.8749969580253238_SIZE_1_1.25_2
GEN_24_FIT_0.8728280693004836_0.8731897941053337_0.8751026386135896_SIZE_1_1.15_2
GEN_25_FIT_0.8728683490093617_0.8729841416262932_0.8751842013479898_SIZE_1_1.05_2
GEN_26_FIT_0.8728683490093617_0.8730999342432246_0.8751842013479898_SIZE_1_1.1_2
GEN_27_FIT_0.8728683490093617_0.8730138454877816_0.8757782785777563_SIZE_1_1.05_2
GEN_28_FIT_0.8728683490093617_0.8730138454877816_0.8757782785777563_SIZE_1_1.05_2
GEN_29_FIT_0.8728683490093617_0.8730138454877816_0.8757782785777563_SIZE_1_1.05_2
GEN_30_FIT_0.8728683490093617_0.8730138454877816_0.8757782785777563_SIZE_1_1.05_2
GEN_31_FIT_0.8728683490093617_0.8730138454877816_0.8757782785777563_SIZE_1_1.05_2
GEN_32_FIT_0.8728683490093617_0.8730144964445531_0.8757912977131864_SIZE_1_1.05_2
GEN_33_FIT_0.8728683490093617_0.8731606438797442_0.8757912977131864_SIZE_1_1.1_2
GEN_34_FIT_0.8728683490093617_0.8731606438797442_0.8757912977131864_SIZE_1_1.1_2
GEN_35_FIT_0.8728683490093617_0.8730166679555232_0.8758347279325908_SIZE_1_1.05_2
GEN_36_FIT_0.8728683490093617_0.8730220772010131_0.8759429128423896_SIZE_1_1.05_2
GEN_37_FIT_0.8728683490093617_0.8730220772010131_0.8759429128423896_SIZE_1_1.05_2
GEN_38_FIT_0.8728683490093617_0.8730220772010131_0.8759429128423896_SIZE_1_1.05_2
GEN_39_FIT_0.8728683490093617_0.8730232494166839_0.8759663571558_SIZE_1_1.05_2
GEN_40_FIT_0.8728683490093617_0.8730232494166839_0.8759663571558_SIZE_1_1.05_2
Evaluating in sample:
[GEN_40|make_tuple(0.0015542298147995567, 22, 11, 28)|0.8729]
[GEN_40|make_tuple(mul(0.2519929023363995, 0.0016885504598472614), 25, 11, 28)|0.8760]
Evaluating out-of-sample:
[GEN_40|make_tuple(0.0015542298147995567, 22, 11, 28)|0.9752]
[GEN_40|make_tuple(mul(0.2519929023363995, 0.0016885504598472614), 25, 11, 28)|0.9723]
GEN_41_FIT_0.8728683490093617_0.8731781498240057_0.8759663571558_SIZE_1_1.1_2
GEN_42_FIT_0.8728683490093617_0.8730236024154967_0.8759734171320617_SIZE_1_1.05_2
GEN_43_FIT_0.8728683490093617_0.8731808679909727_0.8760136605188794_SIZE_1_1.15_3
GEN_44_FIT_0.8728683490093617_0.8733361213971076_0.8760136605188794_SIZE_1_1.2_3
GEN_45_FIT_0.8728683490093617_0.8733361213971076_0.8760136605188794_SIZE_1_1.2_3
GEN_46_FIT_0.8728683490093617_0.8733361213971076_0.8760136605188794_SIZE_1_1.2_3
GEN_47_FIT_0.8728683490093617_0.8734933869725836_0.8760136605188794_SIZE_1_1.3_3
GEN_48_FIT_0.8728683490093617_0.8734933869725836_0.8760136605188794_SIZE_1_1.3_3
GEN_49_FIT_0.8728683490093617_0.8734933869725836_0.8760136605188794_SIZE_1_1.3_3
GEN_50_FIT_0.8728683490093617_0.8734933869725836_0.8760136605188794_SIZE_1_1.3_3
GEN_51_FIT_0.8728683490093617_0.8734933869725836_0.8760136605188794_SIZE_1_1.3_3
GEN_52_FIT_0.8728683490093617_0.8734933869725836_0.8760136605188794_SIZE_1_1.3_3
GEN_53_FIT_0.8728683490093617_0.8734933869725836_0.8760136605188794_SIZE_1_1.3_3
GEN_54_FIT_0.8728683490093617_0.8734933869725836_0.8760136605188794_SIZE_1_1.3_3
GEN_55_FIT_0.8728683490093617_0.8734933869725836_0.8760136605188794_SIZE_1_1.3_3
GEN_56_FIT_0.8728683490093617_0.8734933869725836_0.8760136605188794_SIZE_1_1.3_3
GEN_57_FIT_0.8728683490093617_0.8741487229985561_0.8766120501037364_SIZE_1_1.55_3
GEN_58_FIT_0.8728683490093617_0.8737982841949148_0.8766120501037364_SIZE_1_1.4_3
GEN_59_FIT_0.8728683490093617_0.8749341136886531_0.8766120501037364_SIZE_1_1.95_4
GEN_60_FIT_0.8729302840188623_0.8747671427226177_0.8766120501037364_SIZE_1_1.9_3
Evaluating in sample:
[GEN_60|make_tuple(0.0015521829267171917, 22, 11, 28)|0.8729]
[GEN_60|make_tuple(mul(0.2519929023363995, 0.0017078353348916366), 25, 11, 29)|0.8766]
[GEN_60|make_tuple(mul(0.2519929023363995, 0.0017078353348916366), 25, 11, add(29, 0.0017268465537132562))|0.8766]
Evaluating out-of-sample:
[GEN_60|make_tuple(0.0015521829267171917, 22, 11, 28)|0.9752]
[GEN_60|make_tuple(mul(0.2519929023363995, 0.0017078353348916366), 25, 11, 29)|0.9721]
[GEN_60|make_tuple(mul(0.2519929023363995, 0.0017078353348916366), 25, 11, add(29, 0.0017268465537132562))|0.9715]
GEN_61_FIT_0.8729302840188623_0.8736626128971554_0.8766120501037364_SIZE_1_1.3_3
GEN_62_FIT_0.8729302840188623_0.8736626128971554_0.8766120501037364_SIZE_1_1.3_3
GEN_63_FIT_0.8729302840188623_0.8734797670368554_0.8766368989826115_SIZE_1_1.2_3
GEN_64_FIT_0.8729302840188623_0.8736650977850429_0.8766368989826115_SIZE_1_1.3_3
GEN_65_FIT_0.8729302840188623_0.8736650977850429_0.8766368989826115_SIZE_1_1.3_3
GEN_66_FIT_0.8729302840188623_0.8736650977850429_0.8766368989826115_SIZE_1_1.3_3
GEN_67_FIT_0.8729302840188623_0.8736650977850429_0.8766368989826115_SIZE_1_1.3_3
GEN_68_FIT_0.8729302840188623_0.8736650977850429_0.8766368989826115_SIZE_1_1.3_3
GEN_69_FIT_0.8729302840188623_0.8736650977850429_0.8766368989826115_SIZE_1_1.3_3
GEN_70_FIT_0.8729302840188623_0.8736650977850429_0.8766368989826115_SIZE_1_1.3_3
GEN_71_FIT_0.8729302840188623_0.8736650977850429_0.8766368989826115_SIZE_1_1.3_3
GEN_72_FIT_0.8729302840188623_0.8736650977850429_0.8766368989826115_SIZE_1_1.3_3
GEN_73_FIT_0.8729302840188623_0.8754942996055419_0.8766368989826115_SIZE_1_1.95_3
GEN_74_FIT_0.8729320565562463_0.8762599055134057_0.8766368989826115_SIZE_1_2.7_3
GEN_75_FIT_0.8729320565562463_0.8762599055134057_0.8766368989826115_SIZE_1_2.7_3
GEN_76_FIT_0.8729320565562463_0.8762599055134057_0.8766368989826115_SIZE_1_2.7_3
GEN_77_FIT_0.8729320565562463_0.8762599055134057_0.8766368989826115_SIZE_1_2.7_3
GEN_78_FIT_0.8729320565562463_0.8762599055134057_0.8766368989826115_SIZE_1_2.7_3
GEN_79_FIT_0.8729320565562463_0.8762599055134057_0.8766368989826115_SIZE_1_2.7_3
GEN_80_FIT_0.8729320565562463_0.8762599055134057_0.8766368989826115_SIZE_1_2.7_3
Evaluating in sample:
[GEN_80|make_tuple(0.0015517044407457172, 22, 11, 28)|0.8729]
[GEN_80|make_tuple(mul(0.2519929023363995, 0.0017078353348916366), 25, 11, 29)|0.8766]
[GEN_80|make_tuple(mul(0.2519929023363995, 0.0017078353348916366), 25, 11, add(28, 0.0017268465537132562))|0.8766]
Evaluating out-of-sample:
[GEN_80|make_tuple(0.0015517044407457172, 22, 11, 28)|0.9752]
[GEN_80|make_tuple(mul(0.2519929023363995, 0.0017078353348916366), 25, 11, 29)|0.9721]
[GEN_80|make_tuple(mul(0.2519929023363995, 0.0017078353348916366), 25, 11, add(28, 0.0017268465537132562))|0.9723]
GEN_81_FIT_0.8729320565562463_0.8762599055134057_0.8766368989826115_SIZE_1_2.7_3
GEN_82_FIT_0.8729320565562463_0.8762599055134057_0.8766368989826115_SIZE_1_2.7_3
GEN_83_FIT_0.8729320565562463_0.8762599055134057_0.8766368989826115_SIZE_1_2.7_3
GEN_84_FIT_0.8729320565562463_0.8762599055134057_0.8766368989826115_SIZE_1_2.7_3
Evaluating in sample:
[GEN_84|make_tuple(0.0015517044407457172, 22, 11, 28)|0.8729]
[GEN_84|make_tuple(mul(0.2519929023363995, 0.0017078353348916366), 25, 11, 29)|0.8766]
[GEN_84|make_tuple(mul(0.2519929023363995, 0.0017078353348916366), 25, 11, add(28, 0.0017268465537132562))|0.8766]
Evaluating out-of-sample:
[GEN_84|make_tuple(0.0015517044407457172, 22, 11, 28)|0.9752]
[GEN_84|make_tuple(mul(0.2519929023363995, 0.0017078353348916366), 25, 11, 29)|0.9721]
[GEN_84|make_tuple(mul(0.2519929023363995, 0.0017078353348916366), 25, 11, add(28, 0.0017268465537132562))|0.9723]
Stopped early in iteration 84, no improvement in 20 gens.
START_TASK: 23
GEN_0_FIT_0.4294549851016279_0.6950719255813318_0.8527681833782388_SIZE_1_3.7_14
GEN_1_FIT_0.8078494596966377_0.838637142221577_0.8663978557087854_SIZE_1_2.3_10
GEN_2_FIT_0.8498836535885451_0.8582768187557276_0.8663978557087854_SIZE_1_1.6_4
GEN_3_FIT_0.8595379630836257_0.8652141014560112_0.8674049267182776_SIZE_1_2.25_4
GEN_4_FIT_0.8643934725972138_0.8662428813097278_0.8674049267182776_SIZE_1_1.65_3
GEN_5_FIT_0.8663958083006205_0.8672971570938998_0.8677943139678636_SIZE_1_1.95_3
GEN_6_FIT_0.8673408357206963_0.8684103914990814_0.8709373863224148_SIZE_1_1.7_4
GEN_7_FIT_0.8689831215995216_0.8701967156754724_0.8709373863224148_SIZE_1_1.95_3
GEN_8_FIT_0.8697053177721581_0.8709422857426027_0.8729530316471592_SIZE_1_1.55_3
GEN_9_FIT_0.8711915262241349_0.872275296869088_0.8729530316471592_SIZE_1_1.7_3
GEN_10_FIT_0.8726405397433499_0.8729582777767553_0.8737977428596417_SIZE_1_1.95_3
GEN_11_FIT_0.8726613064813927_0.873306526811732_0.8737977428596417_SIZE_1_1.65_3
GEN_12_FIT_0.8734299651037796_0.8736627136831208_0.8738597729790619_SIZE_1_1.55_2
GEN_13_FIT_0.8734697605917588_0.8736490127486263_0.8743957603252659_SIZE_1_1.15_2
GEN_14_FIT_0.8735461013414548_0.8739047091702717_0.8744100340417876_SIZE_1_1.2_2
GEN_15_FIT_0.8743957603252659_0.8744091133176998_0.8744883248271436_SIZE_1_1.1_2
GEN_16_FIT_0.8744100340417876_0.8744156970275613_0.8744883248271436_SIZE_1_1.1_2
GEN_17_FIT_0.8744100340417876_0.8744418118312647_0.8745442172043834_SIZE_1_1.35_2
GEN_18_FIT_0.8744100340417876_0.874448031277294_0.8745442172043834_SIZE_1_1.15_2
GEN_19_FIT_0.8744275185068462_0.8744738946268923_0.8745442172043834_SIZE_1_1.25_2
GEN_20_FIT_0.8744275185068462_0.8744955705614794_0.8745485840972379_SIZE_1_1.1_2
Evaluating in sample:
[GEN_20|make_tuple(0.0015523067740724726, 22, 11, 28)|0.8745]
[GEN_20|make_tuple(0.0015523067740724726, 22, 11, add(29, 0.0020874478154656443))|0.8745]
Evaluating out-of-sample:
[GEN_20|make_tuple(0.0015523067740724726, 22, 11, 28)|0.7971]
[GEN_20|make_tuple(0.0015523067740724726, 22, 11, add(29, 0.0020874478154656443))|0.7967]
GEN_21_FIT_0.874493336736957_0.8744988614729852_0.8745485840972379_SIZE_1_1.1_2
GEN_22_FIT_0.874493336736957_0.8744988614729852_0.8745485840972379_SIZE_1_1.1_2
GEN_23_FIT_0.874493336736957_0.8744988614729852_0.8745485840972379_SIZE_1_1.1_2
GEN_24_FIT_0.874493336736957_0.8744988614729852_0.8745485840972379_SIZE_1_1.1_2
GEN_25_FIT_0.874493336736957_0.874500884091001_0.8746442838178371_SIZE_1_1.05_2
GEN_26_FIT_0.874493336736957_0.874508431445045_0.8746442838178371_SIZE_1_1.1_2
GEN_27_FIT_0.874493336736957_0.8745876098965087_0.87637879992799_SIZE_1_1.05_2
GEN_28_FIT_0.874493336736957_0.8746713773749993_0.8780541494978034_SIZE_1_1.05_2
GEN_29_FIT_0.874493336736957_0.8746713773749993_0.8780541494978034_SIZE_1_1.05_2
GEN_30_FIT_0.874493336736957_0.8748494180130416_0.8780541494978034_SIZE_1_1.1_2
GEN_31_FIT_0.874493336736957_0.8747030241705156_0.8786870854081272_SIZE_1_1.05_2
GEN_32_FIT_0.874493336736957_0.8749127116040741_0.8786870854081272_SIZE_1_1.1_2
GEN_33_FIT_0.874493336736957_0.8749127116040741_0.8786870854081272_SIZE_1_1.1_2
GEN_34_FIT_0.874493336736957_0.8749127116040741_0.8786870854081272_SIZE_1_1.1_2
GEN_35_FIT_0.874493336736957_0.8749127116040741_0.8786870854081272_SIZE_1_1.1_2
GEN_36_FIT_0.874493336736957_0.8749127116040741_0.8786870854081272_SIZE_1_1.1_2
GEN_37_FIT_0.874493336736957_0.8749127116040741_0.8786870854081272_SIZE_1_1.1_2
GEN_38_FIT_0.874493336736957_0.8749127116040741_0.8786870854081272_SIZE_1_1.1_2
GEN_39_FIT_0.874493336736957_0.8749127116040741_0.8786870854081272_SIZE_1_1.1_2
GEN_40_FIT_0.874493336736957_0.8749127116040741_0.8786870854081272_SIZE_1_1.1_2
Evaluating in sample:
[GEN_40|make_tuple(0.0015523067740724726, 22, 11, 28)|0.8745]
[GEN_40|make_tuple(truediv(0.0017294595519563851, 4), 22, 11, 28)|0.8787]
Evaluating out-of-sample:
[GEN_40|make_tuple(0.0015523067740724726, 22, 11, 28)|0.7971]
[GEN_40|make_tuple(truediv(0.0017294595519563851, 4), 22, 11, 28)|0.7150]
GEN_41_FIT_0.874493336736957_0.8749127116040741_0.8786870854081272_SIZE_1_1.1_2
GEN_42_FIT_0.874493336736957_0.8749127116040741_0.8786870854081272_SIZE_1_1.1_2
GEN_43_FIT_0.874493336736957_0.8749127116040741_0.8786870854081272_SIZE_1_1.1_2
GEN_44_FIT_0.874493336736957_0.8755433585748266_0.8786870854081272_SIZE_1_1.25_2
GEN_45_FIT_0.874493336736957_0.8771889807900614_0.8786870854081272_SIZE_1_1.65_2
GEN_46_FIT_0.8745250301384957_0.8782708798811643_0.8786870854081272_SIZE_1_1.9_2
GEN_47_FIT_0.8745250301384957_0.8782708798811643_0.8786870854081272_SIZE_1_1.9_2
GEN_48_FIT_0.8745250301384957_0.8782708798811643_0.8786870854081272_SIZE_1_1.9_2
GEN_49_FIT_0.8744421191774886_0.8772358751843867_0.8787690770570511_SIZE_1_1.7_3
GEN_50_FIT_0.8745250301384957_0.8755860418681346_0.8787690770570511_SIZE_1_1.25_2
GEN_51_FIT_0.8745250301384957_0.8749494348303513_0.8787690770570511_SIZE_1_1.1_2
GEN_52_FIT_0.8745250301384957_0.8749494348303513_0.8787690770570511_SIZE_1_1.1_2
GEN_53_FIT_0.8745250301384957_0.8749494348303513_0.8787690770570511_SIZE_1_1.1_2
GEN_54_FIT_0.8745250301384957_0.8749494348303513_0.8787690770570511_SIZE_1_1.1_2
GEN_55_FIT_0.8745250301384957_0.8749494348303513_0.8787690770570511_SIZE_1_1.1_2
GEN_56_FIT_0.8745250301384957_0.8749494348303513_0.8787690770570511_SIZE_1_1.1_2
GEN_57_FIT_0.8745250301384957_0.8749494348303513_0.8787690770570511_SIZE_1_1.1_2
GEN_58_FIT_0.8745250301384957_0.8749494348303513_0.8787690770570511_SIZE_1_1.1_2
GEN_59_FIT_0.8745250301384957_0.8749494348303513_0.8787690770570511_SIZE_1_1.1_2
GEN_60_FIT_0.8745250301384957_0.8749494348303513_0.8787690770570511_SIZE_1_1.1_2
Evaluating in sample:
[GEN_60|make_tuple(0.0015606334739082168, 22, 11, 28)|0.8745]
[GEN_60|make_tuple(truediv(0.0017294595519563851, 4), 22, 11, 27)|0.8788]
Evaluating out-of-sample:
[GEN_60|make_tuple(0.0015606334739082168, 22, 11, 28)|0.7971]
[GEN_60|make_tuple(truediv(0.0017294595519563851, 4), 22, 11, 27)|0.7150]
GEN_61_FIT_0.8745250301384957_0.8749494348303513_0.8787690770570511_SIZE_1_1.1_2
GEN_62_FIT_0.8745250301384957_0.8749494348303513_0.8787690770570511_SIZE_1_1.1_2
GEN_63_FIT_0.8745250301384957_0.8749494348303513_0.8787690770570511_SIZE_1_1.1_2
GEN_64_FIT_0.8745250301384957_0.8749494348303513_0.8787690770570511_SIZE_1_1.1_2
GEN_65_FIT_0.8745250301384957_0.8749494348303513_0.8787690770570511_SIZE_1_1.1_2
GEN_66_FIT_0.8745250301384957_0.8749494348303513_0.8787690770570511_SIZE_1_1.1_2
GEN_67_FIT_0.8745250301384957_0.8749494348303513_0.8787690770570511_SIZE_1_1.1_2
GEN_68_FIT_0.8745250301384957_0.8749494348303513_0.8787690770570511_SIZE_1_1.1_2
GEN_69_FIT_0.8745250301384957_0.8749494348303513_0.8787690770570511_SIZE_1_1.1_2
GEN_70_FIT_0.8745250301384957_0.8749494348303513_0.8787690770570511_SIZE_1_1.1_2
Evaluating in sample:
[GEN_70|make_tuple(0.0015606334739082168, 22, 11, 28)|0.8745]
[GEN_70|make_tuple(truediv(0.0017294595519563851, 4), 22, 11, 27)|0.8788]
Evaluating out-of-sample:
[GEN_70|make_tuple(0.0015606334739082168, 22, 11, 28)|0.7971]
[GEN_70|make_tuple(truediv(0.0017294595519563851, 4), 22, 11, 27)|0.7150]
Stopped early in iteration 70, no improvement in 20 gens.
START_TASK: 24
GEN_0_FIT_0.591339143608121_0.7990326302702322_0.8496877707748018_SIZE_1_4.1_16
GEN_1_FIT_0.8479640077566061_0.8497118615036175_0.8567283366378978_SIZE_1_4.35_9
GEN_2_FIT_0.84915296960459_0.8536298085536291_0.8595634343759928_SIZE_1_3.55_7
GEN_3_FIT_0.8555328671375527_0.8584098770774953_0.863361038179498_SIZE_1_4.0_7
GEN_4_FIT_0.8577904852168735_0.8609440034060107_0.8638557570444053_SIZE_1_3.5_8
GEN_5_FIT_0.8591013489785657_0.8633721334862665_0.8685185119725705_SIZE_1_3.6_7
GEN_6_FIT_0.8638557570444053_0.8665397913122967_0.8687791357436465_SIZE_1_2.55_4
GEN_7_FIT_0.8640975582725273_0.8660772267162906_0.8691416584701078_SIZE_1_1.55_3
GEN_8_FIT_0.8647657540728958_0.8680999149202113_0.8707814454198688_SIZE_1_2.05_3
GEN_9_FIT_0.8680442754066832_0.8693759142125833_0.8713637887980229_SIZE_1_1.7_3
GEN_10_FIT_0.8696341835399017_0.8709262063181453_0.8728992795105563_SIZE_1_1.8_3
GEN_11_FIT_0.8711128940842212_0.871728606590392_0.8729850461098395_SIZE_1_1.5_3
GEN_12_FIT_0.8715668168645767_0.8725525712325174_0.8742813482280198_SIZE_1_1.35_3
GEN_13_FIT_0.8723119362287638_0.8731295584923343_0.8744468537455318_SIZE_1_1.65_3
GEN_14_FIT_0.8723516001230525_0.8733376408622526_0.8745067031834539_SIZE_1_1.65_3
GEN_15_FIT_0.8724707769314972_0.8733886090940561_0.8746585565581164_SIZE_1_1.55_3
GEN_16_FIT_0.872503732830295_0.8737856603146408_0.8746585565581164_SIZE_1_1.65_3
GEN_17_FIT_0.8726042916509075_0.8743628351424236_0.8747536438391298_SIZE_1_1.85_2
GEN_18_FIT_0.8721485907033979_0.8739880658219334_0.8755916050918039_SIZE_1_1.65_2
GEN_19_FIT_0.8726336221543108_0.8737420971088982_0.8755916050918039_SIZE_1_1.5_3
GEN_20_FIT_0.872680931214285_0.8747248696585285_0.8755916050918039_SIZE_1_1.9_3
Evaluating in sample:
[GEN_20|make_tuple(0.001561725926347379, 22, 11, 28)|0.8727]
[GEN_20|make_tuple(mul(0.0010286993080461865, 0.35165983230037273), 22, 11, 28)|0.8756]
Evaluating out-of-sample:
[GEN_20|make_tuple(0.001561725926347379, 22, 11, 28)|0.9966]
[GEN_20|make_tuple(mul(0.0010286993080461865, 0.35165983230037273), 22, 11, 28)|0.9974]
GEN_21_FIT_0.8727316882383368_0.875305613406457_0.8755916050918039_SIZE_1_1.9_2
GEN_22_FIT_0.8594942150844224_0.8714406101223275_0.8762011147590203_SIZE_1_1.15_2
GEN_23_FIT_0.8723060473787143_0.8738552422267011_0.8762011147590203_SIZE_1_1.4_2
GEN_24_FIT_0.8727316882383368_0.8732521022164393_0.8762011147590203_SIZE_1_1.15_2
GEN_25_FIT_0.8727316882383368_0.873078630890405_0.8762011147590203_SIZE_1_1.1_2
GEN_26_FIT_0.8727316882383368_0.8729092633988934_0.8762831914494681_SIZE_1_1.05_2
GEN_27_FIT_0.8727316882383368_0.8730868385594499_0.8762831914494681_SIZE_1_1.1_2
GEN_28_FIT_0.8727316882383368_0.8730868385594499_0.8762831914494681_SIZE_1_1.1_2
GEN_29_FIT_0.8727316882383368_0.873264836708714_0.8762916512236216_SIZE_1_1.2_3
GEN_30_FIT_0.8727316882383368_0.8734428348579784_0.8762916512236216_SIZE_1_1.3_3
GEN_31_FIT_0.8727316882383368_0.8734428348579784_0.8762916512236216_SIZE_1_1.3_3
GEN_32_FIT_0.8727316882383368_0.8734428348579784_0.8762916512236216_SIZE_1_1.3_3
GEN_33_FIT_0.8727316882383368_0.8734428348579784_0.8762916512236216_SIZE_1_1.3_3
GEN_34_FIT_0.8727316882383368_0.8734428348579784_0.8762916512236216_SIZE_1_1.3_3
GEN_35_FIT_0.8727316882383368_0.8734428348579784_0.8762916512236216_SIZE_1_1.3_3
GEN_36_FIT_0.8727316882383368_0.8734428348579784_0.8762916512236216_SIZE_1_1.3_3
GEN_37_FIT_0.8727316882383368_0.8734428348579784_0.8762916512236216_SIZE_1_1.3_3
GEN_38_FIT_0.8727316882383368_0.8734428348579784_0.8762916512236216_SIZE_1_1.3_3
GEN_39_FIT_0.8727316882383368_0.8734428348579784_0.8762916512236216_SIZE_1_1.3_3
GEN_40_FIT_0.8727316882383368_0.8734428348579784_0.8762916512236216_SIZE_1_1.3_3
Evaluating in sample:
[GEN_40|make_tuple(0.001561725926347379, 22, 11, 28)|0.8727]
[GEN_40|make_tuple(mul(0.001215527252463592, 0.35165983230037273), 22, 11, 27)|0.8763]
[GEN_40|make_tuple(mul(0.001215527252463592, add(0.35165983230037273, 0.0011543386999672048)), 22, 11, 27)|0.8763]
Evaluating out-of-sample:
[GEN_40|make_tuple(0.001561725926347379, 22, 11, 28)|0.9966]
[GEN_40|make_tuple(mul(0.001215527252463592, 0.35165983230037273), 22, 11, 27)|0.9974]
[GEN_40|make_tuple(mul(0.001215527252463592, add(0.35165983230037273, 0.0011543386999672048)), 22, 11, 27)|0.9974]
GEN_41_FIT_0.8727316882383368_0.8734428348579784_0.8762916512236216_SIZE_1_1.3_3
GEN_42_FIT_0.8727316882383368_0.8734428348579784_0.8762916512236216_SIZE_1_1.3_3
GEN_43_FIT_0.8727316882383368_0.8734428348579784_0.8762916512236216_SIZE_1_1.3_3
GEN_44_FIT_0.8727316882383368_0.8734428348579784_0.8762916512236216_SIZE_1_1.3_3
GEN_45_FIT_0.8727316882383368_0.8734428348579784_0.8762916512236216_SIZE_1_1.3_3
GEN_46_FIT_0.8727316882383368_0.8734428348579784_0.8762916512236216_SIZE_1_1.3_3
GEN_47_FIT_0.8727316882383368_0.8734428348579784_0.8762916512236216_SIZE_1_1.3_3
GEN_48_FIT_0.8727316882383368_0.8734428348579784_0.8762916512236216_SIZE_1_1.3_3
GEN_49_FIT_0.8727316882383368_0.8734428348579784_0.8762916512236216_SIZE_1_1.3_3
GEN_50_FIT_0.8727316882383368_0.8734428348579784_0.8762916512236216_SIZE_1_1.3_3
Evaluating in sample:
[GEN_50|make_tuple(0.001561725926347379, 22, 11, 28)|0.8727]
[GEN_50|make_tuple(mul(0.001215527252463592, 0.35165983230037273), 22, 11, 27)|0.8763]
[GEN_50|make_tuple(mul(0.001215527252463592, add(0.35165983230037273, 0.0011543386999672048)), 22, 11, 27)|0.8763]
Evaluating out-of-sample:
[GEN_50|make_tuple(0.001561725926347379, 22, 11, 28)|0.9966]
[GEN_50|make_tuple(mul(0.001215527252463592, 0.35165983230037273), 22, 11, 27)|0.9974]
[GEN_50|make_tuple(mul(0.001215527252463592, add(0.35165983230037273, 0.0011543386999672048)), 22, 11, 27)|0.9974]
Stopped early in iteration 50, no improvement in 20 gens.
START_TASK: 2073
GEN_0_FIT_0.5685474805138718_0.7351896853390496_0.8427886481345653_SIZE_1_2.55_13
GEN_1_FIT_0.8075488414203412_0.834882208904505_0.8479015244869701_SIZE_1_2.85_10
GEN_2_FIT_0.8427886481345653_0.846190048987315_0.8572574837637998_SIZE_1_1.85_10
GEN_3_FIT_0.8476546328106638_0.8512931498499926_0.8572574837637998_SIZE_1_2.0_4
GEN_4_FIT_0.854400584623491_0.85702243232295_0.8631740851159101_SIZE_1_2.4_5
GEN_5_FIT_0.8569072436342318_0.8588878715373612_0.8664524482877047_SIZE_1_1.65_5
GEN_6_FIT_0.8600242448712245_0.8619852250416814_0.8664524482877047_SIZE_1_1.5_3
GEN_7_FIT_0.8617380857271774_0.8653595279710931_0.8689111906597747_SIZE_1_1.8_3
GEN_8_FIT_0.8653183725321214_0.8677173100143596_0.8696069397699588_SIZE_1_1.9_4
GEN_9_FIT_0.8680915487474771_0.8689729051365545_0.8696069397699588_SIZE_1_2.25_3
GEN_10_FIT_0.8687286370029609_0.8697037734705804_0.871232200783188_SIZE_1_1.4_3
GEN_11_FIT_0.8701410668193928_0.8708533963579954_0.871232200783188_SIZE_1_1.5_2
GEN_12_FIT_0.8708646744623416_0.8712583384721861_0.872025267159351_SIZE_1_1.3_2
GEN_13_FIT_0.8709982902215808_0.8717297755427873_0.872025267159351_SIZE_1_1.25_2
GEN_14_FIT_0.8717537122871931_0.8720172106595898_0.8726503906130181_SIZE_1_1.85_3
GEN_15_FIT_0.8718113480478067_0.872115587957753_0.8728767524202415_SIZE_1_1.5_2
GEN_16_FIT_0.8718176452380774_0.872639367342036_0.8728767524202415_SIZE_1_1.55_2
GEN_17_FIT_0.8726425528132935_0.872819535259562_0.8728767524202415_SIZE_1_1.75_3
GEN_18_FIT_0.8727417211925502_0.8728304760080687_0.8729888158328237_SIZE_1_1.55_2
GEN_19_FIT_0.8727417211925502_0.8728439238731986_0.8729888158328237_SIZE_1_1.35_2
GEN_20_FIT_0.8727772590711865_0.8727984147473501_0.8729888158328237_SIZE_1_1.1_2
Evaluating in sample:
[GEN_20|make_tuple(0.0015742817004066158, 19, 11, 28)|0.8728]
[GEN_20|make_tuple(0.0015742817004066158, add(17, 5), 11, 28)|0.8730]
Evaluating out-of-sample:
[GEN_20|make_tuple(0.0015742817004066158, 19, 11, 28)|0.9468]
[GEN_20|make_tuple(0.0015742817004066158, add(17, 5), 11, 28)|0.9489]
GEN_21_FIT_0.8727772590711865_0.8727984147473501_0.8729888158328237_SIZE_1_1.1_2
GEN_22_FIT_0.8727772590711865_0.8727984147473501_0.8729888158328237_SIZE_1_1.1_2
GEN_23_FIT_0.8727772590711865_0.8728246582467598_0.8729888158328237_SIZE_1_1.35_3
GEN_24_FIT_0.8727772590711865_0.8728852685933621_0.8729888158328237_SIZE_1_1.7_3
GEN_25_FIT_0.8728840566539219_0.8729783043172239_0.8729888158328237_SIZE_1_2.0_3
GEN_26_FIT_0.8729101109700741_0.8729881377953083_0.873100284952826_SIZE_1_1.9_2
GEN_27_FIT_0.8729101109700741_0.8729992847073085_0.873100284952826_SIZE_1_1.9_2
GEN_28_FIT_0.872788220469034_0.8730116580886781_0.873100284952826_SIZE_1_1.65_3
GEN_29_FIT_0.8729424908252631_0.8730608364209355_0.873100284952826_SIZE_1_1.75_2
GEN_30_FIT_0.8729424908252631_0.8730134981826666_0.873100284952826_SIZE_1_1.45_2
GEN_31_FIT_0.8729424908252631_0.8729582702380194_0.873100284952826_SIZE_1_1.1_2
GEN_32_FIT_0.8729424908252631_0.8729661599443975_0.873100284952826_SIZE_1_1.1_2
GEN_33_FIT_0.8729424908252631_0.8729898290635318_0.873100284952826_SIZE_1_1.1_2
GEN_34_FIT_0.8729424908252631_0.8730454467228499_0.873100284952826_SIZE_1_1.15_2
GEN_35_FIT_0.873100284952826_0.8731003914852886_0.8731024156020769_SIZE_1_1.05_2
GEN_36_FIT_0.873100284952826_0.8731003914852886_0.8731024156020769_SIZE_1_1.05_2
GEN_37_FIT_0.873100284952826_0.8731004980177511_0.8731024156020769_SIZE_1_1.1_2
GEN_38_FIT_0.873100284952826_0.8731051462172774_0.8731889876448488_SIZE_1_1.2_3
GEN_39_FIT_0.873100284952826_0.8731099009492661_0.8731889876448488_SIZE_1_1.25_3
GEN_40_FIT_0.873100284952826_0.8731238455478447_0.8731889876448488_SIZE_1_1.45_3
Evaluating in sample:
[GEN_40|make_tuple(0.0015538849530268807, 22, 11, 28)|0.8731]
[GEN_40|make_tuple(mul(0.0015538849530268807, 0.06903885452948144), 22, 11, 28)|0.8732]
Evaluating out-of-sample:
[GEN_40|make_tuple(0.0015538849530268807, 22, 11, 28)|0.9486]
[GEN_40|make_tuple(mul(0.0015538849530268807, 0.06903885452948144), 22, 11, 28)|0.9210]
GEN_41_FIT_0.8731024156020769_0.8732163991315204_0.8753820861909489_SIZE_1_1.05_2
GEN_42_FIT_0.8731024156020769_0.8733305546395375_0.8753820861909489_SIZE_1_1.1_2
GEN_43_FIT_0.8731024156020769_0.8739536579826955_0.8753820861909489_SIZE_1_1.4_2
GEN_44_FIT_0.8731024156020769_0.8733388301421297_0.8754772183240972_SIZE_1_1.1_2
GEN_45_FIT_0.8731024156020769_0.8734591180853915_0.8754772183240972_SIZE_1_1.15_2
GEN_46_FIT_0.8731058551735456_0.8732739230651548_0.8764672130057312_SIZE_1_1.05_2
GEN_47_FIT_0.8731058551735456_0.8732739230651548_0.8764672130057312_SIZE_1_1.05_2
GEN_48_FIT_0.8731058551735456_0.873441990956764_0.8764672130057312_SIZE_1_1.1_2
GEN_49_FIT_0.8731058551735456_0.873441990956764_0.8764672130057312_SIZE_1_1.1_2
GEN_50_FIT_0.8731058551735456_0.873441990956764_0.8764672130057312_SIZE_1_1.1_2
GEN_51_FIT_0.8731058551735456_0.873441990956764_0.8764672130057312_SIZE_1_1.1_2
GEN_52_FIT_0.8731058551735456_0.873441990956764_0.8764672130057312_SIZE_1_1.1_2
GEN_53_FIT_0.8731058551735456_0.873441990956764_0.8764672130057312_SIZE_1_1.1_2
GEN_54_FIT_0.8731058551735456_0.873441990956764_0.8764672130057312_SIZE_1_1.1_2
GEN_55_FIT_0.8731058551735456_0.873441990956764_0.8764672130057312_SIZE_1_1.1_2
GEN_56_FIT_0.8731058551735456_0.873441990956764_0.8764672130057312_SIZE_1_1.1_2
GEN_57_FIT_0.8731058551735456_0.873441990956764_0.8764672130057312_SIZE_1_1.1_2
GEN_58_FIT_0.8731058551735456_0.873441990956764_0.8764672130057312_SIZE_1_1.1_2
GEN_59_FIT_0.8731058551735456_0.873441990956764_0.8764672130057312_SIZE_1_1.1_2
GEN_60_FIT_0.8731058551735456_0.873441990956764_0.8764672130057312_SIZE_1_1.1_2
Evaluating in sample:
[GEN_60|make_tuple(0.0015583641568805277, 22, 11, 28)|0.8731]
[GEN_60|make_tuple(mul(0.006003077853488857, 0.06903885452948144), 22, 11, 27)|0.8765]
Evaluating out-of-sample:
[GEN_60|make_tuple(0.0015583641568805277, 22, 11, 28)|0.9486]
[GEN_60|make_tuple(mul(0.006003077853488857, 0.06903885452948144), 22, 11, 27)|0.9218]
GEN_61_FIT_0.8731058551735456_0.873441990956764_0.8764672130057312_SIZE_1_1.1_2
GEN_62_FIT_0.8731058551735456_0.873441990956764_0.8764672130057312_SIZE_1_1.1_2
GEN_63_FIT_0.8731058551735456_0.873441990956764_0.8764672130057312_SIZE_1_1.1_2
GEN_64_FIT_0.8731058551735456_0.873441990956764_0.8764672130057312_SIZE_1_1.1_2
GEN_65_FIT_0.8731058551735456_0.873441990956764_0.8764672130057312_SIZE_1_1.1_2
GEN_66_FIT_0.8731058551735456_0.873441990956764_0.8764672130057312_SIZE_1_1.1_2
GEN_67_FIT_0.8731058551735456_0.873441990956764_0.8764672130057312_SIZE_1_1.1_2
Evaluating in sample:
[GEN_67|make_tuple(0.0015583641568805277, 22, 11, 28)|0.8731]
[GEN_67|make_tuple(mul(0.006003077853488857, 0.06903885452948144), 22, 11, 27)|0.8765]
Evaluating out-of-sample:
[GEN_67|make_tuple(0.0015583641568805277, 22, 11, 28)|0.9486]
[GEN_67|make_tuple(mul(0.006003077853488857, 0.06903885452948144), 22, 11, 27)|0.9218]
Stopped early in iteration 67, no improvement in 20 gens.
START_TASK: 2074
GEN_0_FIT_0.39897515691047536_0.6613931100143005_0.8483069004442655_SIZE_1_6.65_15
GEN_1_FIT_0.8010322981903127_0.8292863679126905_0.8483069004442655_SIZE_1_5.2_13
GEN_2_FIT_0.8098813556433605_0.8380585815779169_0.8615454378460286_SIZE_1_3.7_6
GEN_3_FIT_0.8135403892270461_0.84874860904001_0.8646213885106045_SIZE_1_2.7_5
GEN_4_FIT_0.8194864650865487_0.8551800186913565_0.8646213885106045_SIZE_1_2.7_5
GEN_5_FIT_0.8466123212164849_0.8621238481460285_0.8679507242897785_SIZE_1_3.05_5
GEN_6_FIT_0.8482522934695162_0.8626925448708243_0.8679507242897785_SIZE_1_2.85_6
GEN_7_FIT_0.8528453454122964_0.863407358328357_0.868100682429175_SIZE_1_2.4_4
GEN_8_FIT_0.8556186464748632_0.8660666685362711_0.868100682429175_SIZE_1_2.8_4
GEN_9_FIT_0.8562392700916899_0.8647213939488594_0.8693935348542586_SIZE_1_2.2_4
GEN_10_FIT_0.8567133281092519_0.8665659532709601_0.8693935348542586_SIZE_1_2.5_4
GEN_11_FIT_0.8587114658168422_0.8650919663104378_0.8696296260091908_SIZE_1_1.85_3
GEN_12_FIT_0.8600680335843596_0.8658904996188568_0.8696296260091908_SIZE_1_2.0_3
GEN_13_FIT_0.8626098573301056_0.8686459419273158_0.8696787110704648_SIZE_1_2.4_4
GEN_14_FIT_0.8626098573301056_0.8675078787354076_0.8696787110704648_SIZE_1_1.75_3
GEN_15_FIT_0.866871820026479_0.869569717437102_0.8700573196579788_SIZE_1_1.4_3
GEN_16_FIT_0.8696787110704648_0.8698268410307846_0.8703100144198788_SIZE_1_1.25_2
GEN_17_FIT_0.8698174757336669_0.8700037227528654_0.8703100144198788_SIZE_1_1.5_2
GEN_18_FIT_0.8700577982045744_0.8703167349334417_0.8724824704082308_SIZE_1_1.6_2
GEN_19_FIT_0.8703100144198788_0.8712201281850505_0.8725897190853872_SIZE_1_1.3_2
GEN_20_FIT_0.871848106205126_0.8724108141716338_0.8725897190853872_SIZE_1_1.15_2
Evaluating in sample:
[GEN_20|make_tuple(0.0016195977797699758, 22, 11, 30)|0.8725]
[GEN_20|make_tuple(0.0016195977797699758, 22, 11, mul(114, 0.24964233704274358))|0.8726]
Evaluating out-of-sample:
[GEN_20|make_tuple(0.0016195977797699758, 22, 11, 30)|0.9832]
[GEN_20|make_tuple(0.0016195977797699758, 22, 11, mul(114, 0.24964233704274358))|0.9832]
GEN_21_FIT_0.8724824704082308_0.8725031114144972_0.8725897190853872_SIZE_1_1.15_2
GEN_22_FIT_0.8725280074551611_0.8725776313474893_0.8725914163397022_SIZE_1_1.65_2
GEN_23_FIT_0.8725280074551611_0.8726111007038101_0.8734975210693635_SIZE_1_1.1_2
GEN_24_FIT_0.8725914163397022_0.8727288184957285_0.874289553863755_SIZE_1_1.1_2
GEN_25_FIT_0.8725914163397022_0.8731655718577562_0.874289553863755_SIZE_1_1.45_3
GEN_26_FIT_0.8727000181882267_0.87358965194027_0.8757223160356986_SIZE_1_1.5_2
GEN_27_FIT_0.8727156890677457_0.8731782764937227_0.8757538709827137_SIZE_1_1.15_2
GEN_28_FIT_0.8727443051632692_0.8730452617452137_0.8757538709827137_SIZE_1_1.1_2
GEN_29_FIT_0.8727443051632692_0.8728969293405628_0.8757967887091378_SIZE_1_1.05_2
GEN_30_FIT_0.8727443051632692_0.8730495535178562_0.8757967887091378_SIZE_1_1.1_2
GEN_31_FIT_0.8727443051632692_0.8729010398961122_0.8758789998201276_SIZE_1_1.05_2
GEN_32_FIT_0.8727443051632692_0.8730577746289552_0.8758789998201276_SIZE_1_1.1_2
GEN_33_FIT_0.8727443051632692_0.8730577746289552_0.8758789998201276_SIZE_1_1.1_2
GEN_34_FIT_0.8727443051632692_0.8730577746289552_0.8758789998201276_SIZE_1_1.1_2
GEN_35_FIT_0.8727443051632692_0.8730577746289552_0.8758789998201276_SIZE_1_1.1_2
GEN_36_FIT_0.8727443051632692_0.8730577746289552_0.8758789998201276_SIZE_1_1.1_2
GEN_37_FIT_0.8727443051632692_0.8730577746289552_0.8758789998201276_SIZE_1_1.1_2
GEN_38_FIT_0.8727443051632692_0.8730577746289552_0.8758789998201276_SIZE_1_1.1_2
GEN_39_FIT_0.8727443051632692_0.8730577746289552_0.8758789998201276_SIZE_1_1.1_2
GEN_40_FIT_0.8727443051632692_0.8735286233800279_0.8758789998201276_SIZE_1_1.25_2
Evaluating in sample:
[GEN_40|make_tuple(0.0015598422584259166, 22, 11, 28)|0.8728]
[GEN_40|make_tuple(mul(0.2512005529617561, 0.0016195977797699758), 22, 11, 27)|0.8759]
Evaluating out-of-sample:
[GEN_40|make_tuple(0.0015598422584259166, 22, 11, 28)|0.9838]
[GEN_40|make_tuple(mul(0.2512005529617561, 0.0016195977797699758), 22, 11, 27)|0.9885]
GEN_41_FIT_0.8727443051632692_0.873248552876483_0.8763696657900851_SIZE_1_1.15_2
GEN_42_FIT_0.8727443051632692_0.8731217620758788_0.8763696657900851_SIZE_1_1.1_2
GEN_43_FIT_0.8727443051632692_0.8733234553503795_0.8763696657900851_SIZE_1_1.15_2
GEN_44_FIT_0.8728394073251398_0.8731924331716343_0.8763696657900851_SIZE_1_1.1_2
GEN_45_FIT_0.8728394073251398_0.8731924331716343_0.8763696657900851_SIZE_1_1.1_2
GEN_46_FIT_0.8728394073251398_0.8731924331716343_0.8763696657900851_SIZE_1_1.1_2
GEN_47_FIT_0.8728394073251398_0.8731924331716343_0.8763696657900851_SIZE_1_1.1_2
GEN_48_FIT_0.8728394073251398_0.8731924331716343_0.8763696657900851_SIZE_1_1.1_2
GEN_49_FIT_0.8728394073251398_0.8731924331716343_0.8763696657900851_SIZE_1_1.1_2
GEN_50_FIT_0.8728394073251398_0.8731924331716343_0.8763696657900851_SIZE_1_1.1_2
GEN_51_FIT_0.8728394073251398_0.8731924331716343_0.8763696657900851_SIZE_1_1.1_2
GEN_52_FIT_0.8728394073251398_0.8731924331716343_0.8763696657900851_SIZE_1_1.1_2
GEN_53_FIT_0.8728394073251398_0.8731924331716343_0.8763696657900851_SIZE_1_1.1_2
GEN_54_FIT_0.8728394073251398_0.8731924331716343_0.8763696657900851_SIZE_1_1.1_2
GEN_55_FIT_0.8728394073251398_0.8731924331716343_0.8763696657900851_SIZE_1_1.1_2
GEN_56_FIT_0.8728394073251398_0.8731924331716343_0.8763696657900851_SIZE_1_1.1_2
GEN_57_FIT_0.8728394073251398_0.8731924331716343_0.8763696657900851_SIZE_1_1.1_2
GEN_58_FIT_0.8728394073251398_0.8731924331716343_0.8763696657900851_SIZE_1_1.1_2
GEN_59_FIT_0.8728394073251398_0.8731924331716343_0.8763696657900851_SIZE_1_1.1_2
GEN_60_FIT_0.8728394073251398_0.8731924331716343_0.8763696657900851_SIZE_1_1.1_2
Evaluating in sample:
[GEN_60|make_tuple(0.0015598422584259166, 22, 11, 28)|0.8728]
[GEN_60|make_tuple(mul(0.25014110350579993, 0.001721560453538546), 22, 11, 27)|0.8764]
Evaluating out-of-sample:
[GEN_60|make_tuple(0.0015598422584259166, 22, 11, 28)|0.9838]
[GEN_60|make_tuple(mul(0.25014110350579993, 0.001721560453538546), 22, 11, 27)|0.9885]
GEN_61_FIT_0.8728394073251398_0.8731924331716343_0.8763696657900851_SIZE_1_1.1_2
GEN_62_FIT_0.8728394073251398_0.8731924331716343_0.8763696657900851_SIZE_1_1.1_2
Evaluating in sample:
[GEN_62|make_tuple(0.0015598422584259166, 22, 11, 28)|0.8728]
[GEN_62|make_tuple(mul(0.25014110350579993, 0.001721560453538546), 22, 11, 27)|0.8764]
Evaluating out-of-sample:
[GEN_62|make_tuple(0.0015598422584259166, 22, 11, 28)|0.9838]
[GEN_62|make_tuple(mul(0.25014110350579993, 0.001721560453538546), 22, 11, 27)|0.9885]
Stopped early in iteration 62, no improvement in 20 gens.
START_TASK: 28
