Starting problem: mlr_rf
param:age_regularization:100000.0
param:algorithm:mupluslambda
param:constants_only:True
param:cxpb:0.25
param:early_stop_n:20
param:lambda_:100
param:max_number_operators:None
param:max_start_size:2
param:mu:20
param:ngen:300
param:optimize_constants:False
param:output_file:/home/gijsbers/symbolicdefaults/runs/mlr_rf_True_12.log
param:problem:mlr_rf
param:subset:1.0
param:task:None
param:warm_start:False
Benchmark problems: mlr_rf
Loading surrogates from file.
With fixed hyperparameters: {'num.trees': 500.0}:
And hyperparameters: ['num.trees', 'sample.fraction', 'min.node.size', 'mtry']:
START_TASK: 3
GEN_0_FIT_0.8644871911724669_0.8813520481480805_0.9020226226714374_SIZE_1_4.8_14
GEN_1_FIT_0.8823490865638489_0.892548151176198_0.9032577504035507_SIZE_1_3.9_9
GEN_2_FIT_0.8823490865638489_0.8929768778153987_0.9074119723195264_SIZE_1_2.8_7
GEN_3_FIT_0.8829046155265148_0.8987466757037594_0.9084859545637728_SIZE_1_2.65_6
GEN_4_FIT_0.8833379851296398_0.8951834106274902_0.9089413320751504_SIZE_1_1.7_3
GEN_5_FIT_0.8853713720711909_0.8928574189924039_0.9100634322736738_SIZE_1_1.35_3
GEN_6_FIT_0.8853956825340455_0.8970473611043135_0.9100758327647137_SIZE_1_1.45_3
GEN_7_FIT_0.891149511794457_0.8962016359553096_0.9100760756356424_SIZE_1_1.3_3
GEN_8_FIT_0.892124420809813_0.9034772301071534_0.9101348760495221_SIZE_1_1.65_3
GEN_9_FIT_0.8938797755252389_0.8979819720882196_0.9101910783513466_SIZE_1_1.3_3
GEN_10_FIT_0.8938852713403949_0.9021855941042709_0.9101910783513466_SIZE_1_1.6_3
GEN_11_FIT_0.8942405577321627_0.9039147731556042_0.9101910783513466_SIZE_1_1.6_2
GEN_12_FIT_0.8945400250282523_0.9040127299884093_0.9107128712822339_SIZE_1_1.65_3
GEN_13_FIT_0.8945733879977144_0.8994775682365417_0.911070691168633_SIZE_1_1.35_3
GEN_14_FIT_0.8947696185311204_0.8997168443480563_0.911070691168633_SIZE_1_1.3_2
GEN_15_FIT_0.8951668953349656_0.8975561565867449_0.9111328570647341_SIZE_1_1.15_2
GEN_16_FIT_0.8951668953349656_0.899150228046841_0.9111328570647341_SIZE_1_1.25_2
GEN_17_FIT_0.8951668953349656_0.897590493552805_0.911590219847385_SIZE_1_1.15_2
GEN_18_FIT_0.8951785669734483_0.8959991496171453_0.911590219847385_SIZE_1_1.05_2
GEN_19_FIT_0.8951785669734483_0.8959991496171453_0.911590219847385_SIZE_1_1.05_2
GEN_20_FIT_0.8951785669734483_0.8959991496171453_0.911590219847385_SIZE_1_1.05_2
Evaluating in sample:
[GEN_20|make_tuple(0.557382614816853, 110, 6)|0.8952]
[GEN_20|make_tuple(0.6321801212860082, expit(0.3991807472773079), 5)|0.9116]
Evaluating out-of-sample:
[GEN_20|make_tuple(0.557382614816853, 110, 6)|0.9976]
[GEN_20|make_tuple(0.6321801212860082, expit(0.3991807472773079), 5)|0.9815]
GEN_21_FIT_0.8951785669734483_0.8959991496171453_0.911590219847385_SIZE_1_1.05_2
GEN_22_FIT_0.8951785669734483_0.8968197322608422_0.911590219847385_SIZE_1_1.1_2
GEN_23_FIT_0.8951785669734483_0.897664097923603_0.9120658802286672_SIZE_1_1.2_3
GEN_24_FIT_0.8951785669734483_0.897664097923603_0.9120658802286672_SIZE_1_1.2_3
GEN_25_FIT_0.8951785669734483_0.8976904701291311_0.9120658802286672_SIZE_1_1.25_3
GEN_26_FIT_0.8951785669734483_0.8976904701291311_0.9120658802286672_SIZE_1_1.25_3
GEN_27_FIT_0.8951785669734483_0.8976904701291311_0.9120658802286672_SIZE_1_1.25_3
GEN_28_FIT_0.8951785669734483_0.8977056082620859_0.9120658802286672_SIZE_1_1.25_3
GEN_29_FIT_0.8951785669734483_0.8985439182252014_0.9120658802286672_SIZE_1_1.3_3
GEN_30_FIT_0.8951785669734483_0.8985439182252014_0.9120658802286672_SIZE_1_1.3_3
GEN_31_FIT_0.8951785669734483_0.8985439182252014_0.9120658802286672_SIZE_1_1.3_3
GEN_32_FIT_0.8951785669734483_0.8985439182252014_0.9120658802286672_SIZE_1_1.3_3
GEN_33_FIT_0.8951785669734483_0.898582731930351_0.9128330674530355_SIZE_1_1.35_4
GEN_34_FIT_0.8951785669734483_0.8994743169308425_0.9128330674530355_SIZE_1_1.55_4
GEN_35_FIT_0.8951785669734483_0.8977898028338464_0.9133862567254576_SIZE_1_1.3_4
GEN_36_FIT_0.8951785669734483_0.8986835496570672_0.9140573636549458_SIZE_1_1.4_4
GEN_37_FIT_0.8951785669734483_0.8996429989300324_0.9140573636549458_SIZE_1_1.5_4
GEN_38_FIT_0.8951785669734483_0.9005382314263647_0.9140573636549458_SIZE_1_1.6_4
GEN_39_FIT_0.8951785669734483_0.8996669834153822_0.9140573636549458_SIZE_1_1.5_4
GEN_40_FIT_0.8951785669734483_0.8996669834153822_0.9140573636549458_SIZE_1_1.5_4
Evaluating in sample:
[GEN_40|make_tuple(0.557382614816853, 110, 6)|0.8952]
[GEN_40|make_tuple(0.617423192300582, expit(0.39008738057985093), 5)|0.9120]
[GEN_40|make_tuple(0.617423192300582, expit(pow(0.2687075280700245, 0.3991807472773079)), 5)|0.9136]
[GEN_40|make_tuple(0.6081894047119889, expit(pow(0.2687075280700245, 0.3991807472773079)), add(5, 0.0013681752781723806))|0.9141]
Evaluating out-of-sample:
[GEN_40|make_tuple(0.557382614816853, 110, 6)|0.9976]
[GEN_40|make_tuple(0.617423192300582, expit(0.39008738057985093), 5)|0.9818]
[GEN_40|make_tuple(0.617423192300582, expit(pow(0.2687075280700245, 0.3991807472773079)), 5)|0.9892]
[GEN_40|make_tuple(0.6081894047119889, expit(pow(0.2687075280700245, 0.3991807472773079)), add(5, 0.0013681752781723806))|0.9895]
GEN_41_FIT_0.8951785669734483_0.9005862003970643_0.9140573636549458_SIZE_1_1.6_4
GEN_42_FIT_0.8951785669734483_0.9005862003970643_0.9140573636549458_SIZE_1_1.6_4
GEN_43_FIT_0.8951785669734483_0.9005862003970643_0.9140573636549458_SIZE_1_1.6_4
GEN_44_FIT_0.8951785669734483_0.9005862003970643_0.9140573636549458_SIZE_1_1.6_4
GEN_45_FIT_0.8951785669734483_0.899679541163233_0.9140573636549458_SIZE_1_1.5_4
GEN_46_FIT_0.8951785669734483_0.9006113158927661_0.9140573636549458_SIZE_1_1.6_4
GEN_47_FIT_0.8951785669734483_0.9104140657341862_0.9141531297525421_SIZE_1_2.7_4
GEN_48_FIT_0.895294647552008_0.911384525713892_0.9144161554177908_SIZE_1_2.55_4
GEN_49_FIT_0.895294647552008_0.9075285179371922_0.9144161554177908_SIZE_1_2.1_4
GEN_50_FIT_0.895294647552008_0.9007284514740421_0.9144161554177908_SIZE_1_1.6_4
GEN_51_FIT_0.895294647552008_0.9007284514740421_0.9144161554177908_SIZE_1_1.6_4
GEN_52_FIT_0.895294647552008_0.8998028021172233_0.9144161554177908_SIZE_1_1.5_4
GEN_53_FIT_0.895294647552008_0.8989690245750112_0.9144161554177908_SIZE_1_1.45_4
GEN_54_FIT_0.895294647552008_0.8998953166194024_0.9144161554177908_SIZE_1_1.55_4
GEN_55_FIT_0.895294647552008_0.900731250811436_0.9144161554177908_SIZE_1_1.6_4
GEN_56_FIT_0.895294647552008_0.900731250811436_0.9144161554177908_SIZE_1_1.6_4
GEN_57_FIT_0.895294647552008_0.900731250811436_0.9144161554177908_SIZE_1_1.6_4
GEN_58_FIT_0.895294647552008_0.900731250811436_0.9144161554177908_SIZE_1_1.6_4
GEN_59_FIT_0.895294647552008_0.8997756473740264_0.914425594535378_SIZE_1_1.45_4
GEN_60_FIT_0.895294647552008_0.9007321947231948_0.914425594535378_SIZE_1_1.6_4
Evaluating in sample:
[GEN_60|make_tuple(0.5048629506672143, 7, 6)|0.8953]
[GEN_60|make_tuple(0.617423192300582, expit(0.39531056350986266), 5)|0.9120]
[GEN_60|make_tuple(0.617423192300582, expit(pow(0.2784114918682544, 0.3991807472773079)), 5)|0.9138]
[GEN_60|make_tuple(0.617423192300582, expit(pow(0.2784114918682544, 0.3991807472773079)), add(5, 0.1438986528412976))|0.9144]
Evaluating out-of-sample:
[GEN_60|make_tuple(0.5048629506672143, 7, 6)|0.9950]
[GEN_60|make_tuple(0.617423192300582, expit(0.39531056350986266), 5)|0.9818]
[GEN_60|make_tuple(0.617423192300582, expit(pow(0.2784114918682544, 0.3991807472773079)), 5)|0.9893]
[GEN_60|make_tuple(0.617423192300582, expit(pow(0.2784114918682544, 0.3991807472773079)), add(5, 0.1438986528412976))|0.9894]
GEN_61_FIT_0.895294647552008_0.9007321947231948_0.914425594535378_SIZE_1_1.6_4
GEN_62_FIT_0.895294647552008_0.9007321947231948_0.914425594535378_SIZE_1_1.6_4
GEN_63_FIT_0.895294647552008_0.9106179558663998_0.914425594535378_SIZE_1_2.7_4
GEN_64_FIT_0.8953005799979098_0.9114876772149982_0.914425594535378_SIZE_1_2.8_4
GEN_65_FIT_0.8953005799979098_0.912211356157807_0.914425594535378_SIZE_1_3.4_4
GEN_66_FIT_0.8953005799979098_0.912211356157807_0.914425594535378_SIZE_1_3.4_4
GEN_67_FIT_0.8953005799979098_0.912211356157807_0.914425594535378_SIZE_1_3.4_4
GEN_68_FIT_0.8953005799979098_0.9098757281341612_0.9144263872355428_SIZE_1_2.5_4
GEN_69_FIT_0.8953005799979098_0.8997801363434608_0.9144263872355428_SIZE_1_1.45_4
GEN_70_FIT_0.8953005799979098_0.8997801363434608_0.9144263872355428_SIZE_1_1.45_4
GEN_71_FIT_0.8953005799979098_0.9050609650655341_0.9144263872355428_SIZE_1_1.9_4
GEN_72_FIT_0.8953005799979098_0.902502017210263_0.9144263872355428_SIZE_1_1.75_4
GEN_73_FIT_0.8953005799979098_0.9078837939094246_0.9144263872355428_SIZE_1_2.35_4
GEN_74_FIT_0.8953005799979098_0.9103693436679727_0.9144263872355428_SIZE_1_3.15_5
GEN_75_FIT_0.8953005799979098_0.905481665682254_0.9144284637268459_SIZE_1_2.15_4
GEN_76_FIT_0.8953587278733319_0.8999457314588064_0.9144284637268459_SIZE_1_1.55_4
GEN_77_FIT_0.8953587278733319_0.8999457314588064_0.9144284637268459_SIZE_1_1.55_4
GEN_78_FIT_0.8953587278733319_0.9007794809198565_0.9144284637268459_SIZE_1_1.6_4
GEN_79_FIT_0.8953587278733319_0.89982661022574_0.9144407856980324_SIZE_1_1.45_4
GEN_80_FIT_0.8953587278733319_0.89982661022574_0.9144407856980324_SIZE_1_1.45_4
Evaluating in sample:
[GEN_80|make_tuple(0.5059554166437799, 543, 6)|0.8954]
[GEN_80|make_tuple(0.6184443045842313, expit(0.39531056350986266), 5)|0.9120]
[GEN_80|make_tuple(0.6184443045842313, expit(pow(0.2784114918682544, 0.3991807472773079)), 5)|0.9138]
[GEN_80|make_tuple(0.6171526643535763, expit(pow(0.2784114918682544, 0.3991807472773079)), add(5, 0.12313112360333218))|0.9144]
Evaluating out-of-sample:
[GEN_80|make_tuple(0.5059554166437799, 543, 6)|0.9952]
[GEN_80|make_tuple(0.6184443045842313, expit(0.39531056350986266), 5)|0.9818]
[GEN_80|make_tuple(0.6184443045842313, expit(pow(0.2784114918682544, 0.3991807472773079)), 5)|0.9893]
[GEN_80|make_tuple(0.6171526643535763, expit(pow(0.2784114918682544, 0.3991807472773079)), add(5, 0.12313112360333218))|0.9894]
GEN_81_FIT_0.8953587278733319_0.900780713116975_0.9144407856980324_SIZE_1_1.6_4
GEN_82_FIT_0.8953587278733319_0.8999508125550204_0.9144407856980324_SIZE_1_1.55_4
GEN_83_FIT_0.8953587278733319_0.8999508125550204_0.9144407856980324_SIZE_1_1.55_4
GEN_84_FIT_0.8953587278733319_0.8999513527114967_0.9144407856980324_SIZE_1_1.55_4
GEN_85_FIT_0.8953587278733319_0.9007882367775155_0.9144407856980324_SIZE_1_1.6_4
GEN_86_FIT_0.8953587278733319_0.9007882367775155_0.9144407856980324_SIZE_1_1.6_4
GEN_87_FIT_0.8953587278733319_0.9007882367775155_0.9144407856980324_SIZE_1_1.6_4
GEN_88_FIT_0.8953587278733319_0.9007882367775155_0.9144407856980324_SIZE_1_1.6_4
GEN_89_FIT_0.8953587278733319_0.8999581034449576_0.9144407856980324_SIZE_1_1.55_4
GEN_90_FIT_0.8953587278733319_0.9008017382444373_0.9144407856980324_SIZE_1_1.6_4
GEN_91_FIT_0.8953587278733319_0.9008017382444373_0.9144407856980324_SIZE_1_1.6_4
GEN_92_FIT_0.8953587278733319_0.9008017382444373_0.9144407856980324_SIZE_1_1.6_4
GEN_93_FIT_0.8953587278733319_0.9008017382444373_0.9144407856980324_SIZE_1_1.6_4
GEN_94_FIT_0.8953587278733319_0.9008017382444373_0.9144407856980324_SIZE_1_1.6_4
GEN_95_FIT_0.8953587278733319_0.9008017382444373_0.9144407856980324_SIZE_1_1.6_4
GEN_96_FIT_0.8953587278733319_0.9000322379613854_0.9144407856980324_SIZE_1_1.55_4
GEN_97_FIT_0.8953587278733319_0.9009500072772927_0.9144407856980324_SIZE_1_1.6_4
GEN_98_FIT_0.8953587278733319_0.9009500072772927_0.9144407856980324_SIZE_1_1.6_4
GEN_99_FIT_0.8953587278733319_0.9009500072772927_0.9144407856980324_SIZE_1_1.6_4
GEN_100_FIT_0.8953587278733319_0.9009500072772927_0.9144407856980324_SIZE_1_1.6_4
Evaluating in sample:
[GEN_100|make_tuple(0.5059554166437799, 543, 6)|0.8954]
[GEN_100|make_tuple(0.6171526643535763, expit(0.6031896283758877), 5)|0.9137]
[GEN_100|make_tuple(0.6171526643535763, expit(pow(0.2784114918682544, 0.3991807472773079)), 5)|0.9138]
[GEN_100|make_tuple(0.6171526643535763, expit(pow(0.2784114918682544, 0.3991807472773079)), add(5, 0.12313112360333218))|0.9144]
Evaluating out-of-sample:
[GEN_100|make_tuple(0.5059554166437799, 543, 6)|0.9952]
[GEN_100|make_tuple(0.6171526643535763, expit(0.6031896283758877), 5)|0.9893]
[GEN_100|make_tuple(0.6171526643535763, expit(pow(0.2784114918682544, 0.3991807472773079)), 5)|0.9893]
[GEN_100|make_tuple(0.6171526643535763, expit(pow(0.2784114918682544, 0.3991807472773079)), add(5, 0.12313112360333218))|0.9894]
Stopped early in iteration 100, no improvement in 20 gens.
START_TASK: 6
GEN_0_FIT_0.8667584764402186_0.8805976814750883_0.9019278599273007_SIZE_1_4.1_11
GEN_1_FIT_0.8687561050951027_0.8833182370865084_0.9019278599273007_SIZE_1_2.8_7
GEN_2_FIT_0.8692107810836105_0.8939487163786553_0.9019278599273007_SIZE_1_2.85_6
GEN_3_FIT_0.8926921867403182_0.8983675964605713_0.9064235689655552_SIZE_1_2.9_7
GEN_4_FIT_0.8929009011910457_0.900531265849588_0.9083309337763209_SIZE_1_3.65_8
GEN_5_FIT_0.8931854773334509_0.9012979446364409_0.9083365851983431_SIZE_1_2.75_8
GEN_6_FIT_0.8939335994319313_0.902600409071602_0.9093465150918312_SIZE_1_2.45_8
GEN_7_FIT_0.8943773493297027_0.9051539402958684_0.9093465150918312_SIZE_1_2.65_7
GEN_8_FIT_0.8945308278934274_0.903739828569406_0.9102469450863561_SIZE_1_2.2_4
GEN_9_FIT_0.8955484511045222_0.9013416186508966_0.9107530636449834_SIZE_1_1.6_4
GEN_10_FIT_0.8955484511045222_0.8993061481390004_0.9109489454623945_SIZE_1_1.35_3
GEN_11_FIT_0.8955484511045222_0.9004413360079976_0.9121098104705984_SIZE_1_1.45_3
GEN_12_FIT_0.8958798395868793_0.8990004564098717_0.9121098104705984_SIZE_1_1.3_3
GEN_13_FIT_0.8958798395868793_0.8990004564098717_0.9121098104705984_SIZE_1_1.3_3
GEN_14_FIT_0.8958798395868793_0.8990004564098717_0.9121098104705984_SIZE_1_1.3_3
GEN_15_FIT_0.8958798395868793_0.8990004564098717_0.9121098104705984_SIZE_1_1.3_3
GEN_16_FIT_0.8958798395868793_0.8990004564098717_0.9121098104705984_SIZE_1_1.3_3
GEN_17_FIT_0.8958798395868793_0.8990004564098717_0.9121098104705984_SIZE_1_1.3_3
GEN_18_FIT_0.8958798395868793_0.9013415248522444_0.9121098104705984_SIZE_1_1.55_3
GEN_19_FIT_0.8958798395868793_0.9068882482577504_0.9127099304606995_SIZE_1_2.2_4
GEN_20_FIT_0.8959087386968454_0.9080963966245518_0.9127099304606995_SIZE_1_2.55_4
Evaluating in sample:
[GEN_20|make_tuple(0.5565225055471237, 12, 6)|0.8959]
[GEN_20|make_tuple(0.6097457958271503, expit(0.4044791610844219), 5)|0.9116]
[GEN_20|make_tuple(0.5926847936633733, expit(expit(0.4044791610844219)), 5)|0.9121]
[GEN_20|make_tuple(0.5926847936633733, expit(expit(0.4044791610844219)), add(0.0014022254237577262, 5))|0.9127]
Evaluating out-of-sample:
[GEN_20|make_tuple(0.5565225055471237, 12, 6)|0.9173]
[GEN_20|make_tuple(0.6097457958271503, expit(0.4044791610844219), 5)|0.9883]
[GEN_20|make_tuple(0.5926847936633733, expit(expit(0.4044791610844219)), 5)|0.9879]
[GEN_20|make_tuple(0.5926847936633733, expit(expit(0.4044791610844219)), add(0.0014022254237577262, 5))|0.9876]
GEN_21_FIT_0.8955758844151782_0.8984428858094361_0.9137304918829645_SIZE_1_1.25_3
GEN_22_FIT_0.8959087386968454_0.8984778097025267_0.9137304918829645_SIZE_1_1.25_3
GEN_23_FIT_0.8959087386968454_0.8984789226035168_0.9137304918829645_SIZE_1_1.25_3
GEN_24_FIT_0.8959087386968454_0.9009476752500115_0.9137304918829645_SIZE_1_1.5_3
GEN_25_FIT_0.8959087386968454_0.9042111006111128_0.9137304918829645_SIZE_1_1.8_4
GEN_26_FIT_0.8960749774491877_0.9076092049828594_0.9137304918829645_SIZE_1_2.0_3
GEN_27_FIT_0.8960749774491877_0.9083372018364175_0.9137304918829645_SIZE_1_2.35_3
GEN_28_FIT_0.8960749774491877_0.9118683047231728_0.9137304918829645_SIZE_1_2.75_3
GEN_29_FIT_0.8958249864937888_0.9057410363783127_0.9137319868466205_SIZE_1_1.75_3
GEN_30_FIT_0.8958249864937888_0.8977758191833708_0.9137319868466205_SIZE_1_1.15_3
GEN_31_FIT_0.8960749774491877_0.8977895238203002_0.9137319868466205_SIZE_1_1.15_3
GEN_32_FIT_0.8960749774491877_0.898672374290172_0.9137319868466205_SIZE_1_1.25_3
GEN_33_FIT_0.8960749774491877_0.898672374290172_0.9137319868466205_SIZE_1_1.25_3
GEN_34_FIT_0.8960749774491877_0.8986790722544328_0.9137319868466205_SIZE_1_1.25_3
GEN_35_FIT_0.8960749774491877_0.8986790722544328_0.9137319868466205_SIZE_1_1.25_3
GEN_36_FIT_0.8960749774491877_0.8995174661199347_0.9137319868466205_SIZE_1_1.3_3
GEN_37_FIT_0.8960749774491877_0.8987124338433412_0.9137319868466205_SIZE_1_1.25_3
GEN_38_FIT_0.8960749774491877_0.8987124338433412_0.9137319868466205_SIZE_1_1.25_3
GEN_39_FIT_0.8960749774491877_0.8995841892977516_0.9137319868466205_SIZE_1_1.3_3
GEN_40_FIT_0.8960749774491877_0.8987017039393649_0.9137392890763207_SIZE_1_1.2_3
Evaluating in sample:
[GEN_40|make_tuple(0.5070688019458794, 12, 6)|0.8961]
[GEN_40|make_tuple(0.6153840392987573, expit(0.5949852037199289), 5)|0.9135]
[GEN_40|make_tuple(0.6062142952611471, expit(expit(0.40703361807087013)), 5)|0.9137]
Evaluating out-of-sample:
[GEN_40|make_tuple(0.5070688019458794, 12, 6)|0.9184]
[GEN_40|make_tuple(0.6153840392987573, expit(0.5949852037199289), 5)|0.9886]
[GEN_40|make_tuple(0.6062142952611471, expit(expit(0.40703361807087013)), 5)|0.9884]
GEN_41_FIT_0.8960749774491877_0.8987033757737167_0.9137727257633553_SIZE_1_1.2_3
GEN_42_FIT_0.8960749774491877_0.8987033757737167_0.9137727257633553_SIZE_1_1.2_3
GEN_43_FIT_0.8960749774491877_0.8987033757737167_0.9137727257633553_SIZE_1_1.2_3
GEN_44_FIT_0.8960749774491877_0.8987033757737167_0.9137727257633553_SIZE_1_1.2_3
GEN_45_FIT_0.8960749774491877_0.8987033757737167_0.9137727257633553_SIZE_1_1.2_3
GEN_46_FIT_0.8960749774491877_0.8987033757737167_0.9137727257633553_SIZE_1_1.2_3
GEN_47_FIT_0.8960749774491877_0.897836013954745_0.9137727257633553_SIZE_1_1.15_3
GEN_48_FIT_0.8960749774491877_0.899597050460302_0.9137727257633553_SIZE_1_1.3_3
GEN_49_FIT_0.8960749774491877_0.899597050460302_0.9137727257633553_SIZE_1_1.3_3
GEN_50_FIT_0.8960749774491877_0.899597050460302_0.9137727257633553_SIZE_1_1.3_3
GEN_51_FIT_0.8960749774491877_0.899597050460302_0.9137727257633553_SIZE_1_1.3_3
GEN_52_FIT_0.8960749774491877_0.8987335558261658_0.914200581394797_SIZE_1_1.2_3
GEN_53_FIT_0.8960749774491877_0.8987335558261658_0.914200581394797_SIZE_1_1.2_3
GEN_54_FIT_0.8960749774491877_0.8996398360234462_0.914200581394797_SIZE_1_1.3_3
GEN_55_FIT_0.8960749774491877_0.8996398360234462_0.914200581394797_SIZE_1_1.3_3
GEN_56_FIT_0.8960749774491877_0.8996398360234462_0.914200581394797_SIZE_1_1.3_3
GEN_57_FIT_0.8960749774491877_0.8996398360234462_0.914200581394797_SIZE_1_1.3_3
GEN_58_FIT_0.8960749774491877_0.8987720947512219_0.914200581394797_SIZE_1_1.25_3
GEN_59_FIT_0.8960749774491877_0.8987720947512219_0.914200581394797_SIZE_1_1.25_3
GEN_60_FIT_0.8960749774491877_0.8996566516586955_0.914200581394797_SIZE_1_1.3_3
Evaluating in sample:
[GEN_60|make_tuple(0.5070688019458794, 12, 6)|0.8961]
[GEN_60|make_tuple(0.6153840392987573, expit(0.5990457012215165), 5)|0.9138]
[GEN_60|make_tuple(0.6153840392987573, expit(0.5965282757616003), add(5, 0.005957393901376146))|0.9142]
Evaluating out-of-sample:
[GEN_60|make_tuple(0.5070688019458794, 12, 6)|0.9184]
[GEN_60|make_tuple(0.6153840392987573, expit(0.5990457012215165), 5)|0.9886]
[GEN_60|make_tuple(0.6153840392987573, expit(0.5965282757616003), add(5, 0.005957393901376146))|0.9883]
GEN_61_FIT_0.8960749774491877_0.8996566516586955_0.914200581394797_SIZE_1_1.3_3
GEN_62_FIT_0.8960749774491877_0.8996566516586955_0.914200581394797_SIZE_1_1.3_3
GEN_63_FIT_0.8960749774491877_0.8996566516586955_0.914200581394797_SIZE_1_1.3_3
GEN_64_FIT_0.8960749774491877_0.8996566516586955_0.914200581394797_SIZE_1_1.3_3
GEN_65_FIT_0.8960749774491877_0.8996566516586955_0.914200581394797_SIZE_1_1.3_3
GEN_66_FIT_0.8960749774491877_0.8996566516586955_0.914200581394797_SIZE_1_1.3_3
GEN_67_FIT_0.8960749774491877_0.8996566516586955_0.914200581394797_SIZE_1_1.3_3
GEN_68_FIT_0.8960749774491877_0.8996566516586955_0.914200581394797_SIZE_1_1.3_3
GEN_69_FIT_0.8960749774491877_0.8996566516586955_0.914200581394797_SIZE_1_1.3_3
GEN_70_FIT_0.8960749774491877_0.8996566516586955_0.914200581394797_SIZE_1_1.3_3
GEN_71_FIT_0.8960749774491877_0.8987506530656362_0.9142062134792203_SIZE_1_1.2_3
GEN_72_FIT_0.8960749774491877_0.8987506530656362_0.9142062134792203_SIZE_1_1.2_3
GEN_73_FIT_0.8960749774491877_0.8996572148671376_0.9142062134792203_SIZE_1_1.3_3
GEN_74_FIT_0.8960749774491877_0.8987587871456905_0.9143688950803054_SIZE_1_1.2_3
GEN_75_FIT_0.8960749774491877_0.8996734830272463_0.9143688950803054_SIZE_1_1.3_3
GEN_76_FIT_0.8960749774491877_0.8996734830272463_0.9143688950803054_SIZE_1_1.3_3
GEN_77_FIT_0.8960749774491877_0.8996734830272463_0.9143688950803054_SIZE_1_1.3_3
GEN_78_FIT_0.8960749774491877_0.8987591205712944_0.914375563592387_SIZE_1_1.2_3
GEN_79_FIT_0.8960749774491877_0.8987591205712944_0.914375563592387_SIZE_1_1.2_3
GEN_80_FIT_0.8960749774491877_0.8996741498784543_0.914375563592387_SIZE_1_1.3_3
Evaluating in sample:
[GEN_80|make_tuple(0.5070688019458794, 12, 6)|0.8961]
[GEN_80|make_tuple(0.6153840392987573, expit(0.5990457012215165), 5)|0.9138]
[GEN_80|make_tuple(0.6193372567993851, expit(0.5990457012215165), add(5, 0.0866005735603851))|0.9144]
Evaluating out-of-sample:
[GEN_80|make_tuple(0.5070688019458794, 12, 6)|0.9184]
[GEN_80|make_tuple(0.6153840392987573, expit(0.5990457012215165), 5)|0.9886]
[GEN_80|make_tuple(0.6193372567993851, expit(0.5990457012215165), add(5, 0.0866005735603851))|0.9879]
GEN_81_FIT_0.8960749774491877_0.8996741498784543_0.914375563592387_SIZE_1_1.3_3
GEN_82_FIT_0.8960749774491877_0.8996741498784543_0.914375563592387_SIZE_1_1.3_3
GEN_83_FIT_0.8960749774491877_0.8996741498784543_0.914375563592387_SIZE_1_1.3_3
GEN_84_FIT_0.8960749774491877_0.8996741498784543_0.914375563592387_SIZE_1_1.3_3
GEN_85_FIT_0.8960749774491877_0.8996741498784543_0.914375563592387_SIZE_1_1.3_3
GEN_86_FIT_0.8960749774491877_0.8996741498784543_0.914375563592387_SIZE_1_1.3_3
GEN_87_FIT_0.8960749774491877_0.8996741498784543_0.914375563592387_SIZE_1_1.3_3
GEN_88_FIT_0.8960749774491877_0.8996741498784543_0.914375563592387_SIZE_1_1.3_3
GEN_89_FIT_0.8960749774491877_0.8996741498784543_0.914375563592387_SIZE_1_1.3_3
GEN_90_FIT_0.8960749774491877_0.8996741498784543_0.914375563592387_SIZE_1_1.3_3
GEN_91_FIT_0.8960749774491877_0.8996741498784543_0.914375563592387_SIZE_1_1.3_3
GEN_92_FIT_0.8960749774491877_0.8996741498784543_0.914375563592387_SIZE_1_1.3_3
GEN_93_FIT_0.8960749774491877_0.8996741498784543_0.914375563592387_SIZE_1_1.3_3
GEN_94_FIT_0.8960749774491877_0.8996741498784543_0.914375563592387_SIZE_1_1.3_3
GEN_95_FIT_0.8960749774491877_0.8996741498784543_0.914375563592387_SIZE_1_1.3_3
GEN_96_FIT_0.8960749774491877_0.8996741498784543_0.914375563592387_SIZE_1_1.3_3
GEN_97_FIT_0.8960749774491877_0.8996741498784543_0.914375563592387_SIZE_1_1.3_3
GEN_98_FIT_0.8960749774491877_0.8996741498784543_0.914375563592387_SIZE_1_1.3_3
GEN_99_FIT_0.8960749774491877_0.8996741498784543_0.914375563592387_SIZE_1_1.3_3
Evaluating in sample:
[GEN_99|make_tuple(0.5070688019458794, 12, 6)|0.8961]
[GEN_99|make_tuple(0.6153840392987573, expit(0.5990457012215165), 5)|0.9138]
[GEN_99|make_tuple(0.6193372567993851, expit(0.5990457012215165), add(5, 0.0866005735603851))|0.9144]
Evaluating out-of-sample:
[GEN_99|make_tuple(0.5070688019458794, 12, 6)|0.9184]
[GEN_99|make_tuple(0.6153840392987573, expit(0.5990457012215165), 5)|0.9886]
[GEN_99|make_tuple(0.6193372567993851, expit(0.5990457012215165), add(5, 0.0866005735603851))|0.9879]
Stopped early in iteration 99, no improvement in 20 gens.
START_TASK: 11
GEN_0_FIT_0.8701712367482469_0.8764554633475834_0.9017948950869746_SIZE_1_5.5_11
