Starting problem: mlr_glmnet
param:age_regularization:100000.0
param:algorithm:mupluslambda
param:constants_only:True
param:cxpb:0.25
param:early_stop_n:20
param:lambda_:100
param:max_number_operators:None
param:max_start_size:2
param:mu:20
param:ngen:300
param:optimize_constants:False
param:output_file:/home/gijsbers/symbolicdefaults/runs/mlr_glmnet_True_15.log
param:problem:mlr_glmnet
param:subset:1.0
param:task:None
param:warm_start:False
Benchmark problems: mlr_glmnet
Loading surrogates from file.
START_TASK: 3
GEN_0_FIT_0.867747391439474_0.8887085793689045_0.8938600476898529_SIZE_1_1.85_3
GEN_1_FIT_0.8901747278584525_0.8931149217094608_0.8950259038053499_SIZE_1_1.9_3
GEN_2_FIT_0.892322767265791_0.8936356708063183_0.8951431734231994_SIZE_1_1.55_3
GEN_3_FIT_0.8933791895623024_0.8945646794345263_0.895189171552618_SIZE_1_1.6_3
GEN_4_FIT_0.8946034199833902_0.8952735798496473_0.8960678459980527_SIZE_1_1.55_2
GEN_5_FIT_0.8951431734231994_0.8955696332235232_0.8960678459980527_SIZE_1_1.45_2
GEN_6_FIT_0.8957413231385214_0.8959159092634412_0.8960737537548683_SIZE_1_1.3_2
GEN_7_FIT_0.8960737537548683_0.8961869140146513_0.896656924032846_SIZE_1_1.05_2
GEN_8_FIT_0.8960737537548683_0.8963346428499799_0.896656924032846_SIZE_1_1.15_3
GEN_9_FIT_0.8964194395103232_0.8964431879625756_0.896656924032846_SIZE_1_1.1_2
GEN_10_FIT_0.8964194395103232_0.8964431879625756_0.896656924032846_SIZE_1_1.1_2
GEN_11_FIT_0.8964194395103232_0.8964788681936765_0.896656924032846_SIZE_1_1.35_3
GEN_12_FIT_0.8964194395103232_0.8965146635302224_0.896656924032846_SIZE_1_1.55_3
GEN_13_FIT_0.8964194395103232_0.896538699746087_0.896656924032846_SIZE_1_1.55_3
GEN_14_FIT_0.8964205905647724_0.8966332906860389_0.896656924032846_SIZE_1_1.9_2
GEN_15_FIT_0.8962173705879469_0.8965884904464462_0.8966678684980691_SIZE_1_1.8_3
GEN_16_FIT_0.8959051372574892_0.8964737135861363_0.896691726558242_SIZE_1_1.6_3
GEN_17_FIT_0.896355392036252_0.8964570716905567_0.896691726558242_SIZE_1_1.2_3
GEN_18_FIT_0.8964205905647724_0.8964342657544012_0.896694094357347_SIZE_1_1.05_2
GEN_19_FIT_0.8964205905647724_0.8964342657544012_0.896694094357347_SIZE_1_1.05_2
GEN_20_FIT_0.8964205905647724_0.8964479409440299_0.896694094357347_SIZE_1_1.1_2
Evaluating in sample:
[GEN_20|make_tuple(0.8605584807559311, 0.0012027681682367712)|0.8964]
[GEN_20|make_tuple(0.39466312750512067, truediv(0.00165160146022197, 19))|0.9047]
Evaluating out-of-sample:
[GEN_20|make_tuple(0.8605584807559311, 0.0012027681682367712)|0.9869]
[GEN_20|make_tuple(0.39466312750512067, truediv(0.00165160146022197, 19))|0.9974]
GEN_21_FIT_0.8964205905647724_0.8964550494902797_0.896694094357347_SIZE_1_1.15_2
GEN_22_FIT_0.8964205905647724_0.8964769356465849_0.896694094357347_SIZE_1_1.25_2
GEN_23_FIT_0.8964426389733057_0.896518075588518_0.896694094357347_SIZE_1_1.3_2
GEN_24_FIT_0.8964426389733057_0.8965975073456505_0.896694094357347_SIZE_1_1.55_2
GEN_25_FIT_0.8966003045913791_0.8966770351650455_0.8966960156025902_SIZE_1_1.8_2
GEN_26_FIT_0.8965533958675918_0.8966468161081853_0.8966960156025902_SIZE_1_1.45_2
GEN_27_FIT_0.8966163315776786_0.896632268382661_0.8966960156025902_SIZE_1_1.2_2
GEN_28_FIT_0.8966163315776786_0.8966242999801699_0.8966960156025902_SIZE_1_1.1_2
GEN_29_FIT_0.8966163315776786_0.8966242999801699_0.8966960156025902_SIZE_1_1.1_2
GEN_30_FIT_0.8966163315776786_0.8966242999801699_0.8966960156025902_SIZE_1_1.1_2
GEN_31_FIT_0.8966163315776786_0.8966242999801699_0.8966960156025902_SIZE_1_1.1_2
GEN_32_FIT_0.8966163315776786_0.8966242999801699_0.8966960156025902_SIZE_1_1.1_2
GEN_33_FIT_0.8966163315776786_0.8966258760253927_0.8966960156025902_SIZE_1_1.15_2
GEN_34_FIT_0.8966163315776786_0.8966408855130277_0.8966960156025902_SIZE_1_1.3_2
GEN_35_FIT_0.8966163315776786_0.8966635587490179_0.8966960156025902_SIZE_1_1.6_2
GEN_36_FIT_0.8966289787138486_0.8966759045359678_0.8966960156025902_SIZE_1_1.7_2
GEN_37_FIT_0.8966289787138486_0.8966893119137159_0.8966960156025902_SIZE_1_1.9_2
GEN_38_FIT_0.8966289787138486_0.8966893119137159_0.8966960156025902_SIZE_1_1.9_2
GEN_39_FIT_0.8966289787138486_0.8966893119137159_0.8966960156025902_SIZE_1_1.9_2
GEN_40_FIT_0.8966289787138486_0.8966893119137159_0.8966960156025902_SIZE_1_1.9_2
Evaluating in sample:
[GEN_40|make_tuple(0.8605584807559311, 0.0012060594267984787)|0.8966]
[GEN_40|make_tuple(0.3933330952207002, truediv(0.00165160146022197, 19))|0.9047]
Evaluating out-of-sample:
[GEN_40|make_tuple(0.8605584807559311, 0.0012060594267984787)|0.9870]
[GEN_40|make_tuple(0.3933330952207002, truediv(0.00165160146022197, 19))|0.9974]
GEN_41_FIT_0.8966289787138486_0.8966893119137159_0.8966960156025902_SIZE_1_1.9_2
GEN_42_FIT_0.8966289787138486_0.8966893119137159_0.8966960156025902_SIZE_1_1.9_2
GEN_43_FIT_0.8966289787138486_0.8966893119137159_0.8966960156025902_SIZE_1_1.9_2
GEN_44_FIT_0.8966289787138486_0.8966893119137159_0.8966960156025902_SIZE_1_1.9_2
GEN_45_FIT_0.8966289787138486_0.8966893119137159_0.8966960156025902_SIZE_1_1.9_2
GEN_46_FIT_0.8966289787138486_0.8966893119137159_0.8966960156025902_SIZE_1_1.9_2
Evaluating in sample:
[GEN_46|make_tuple(0.8605584807559311, 0.0012060594267984787)|0.8966]
[GEN_46|make_tuple(0.3933330952207002, truediv(0.00165160146022197, 19))|0.9047]
Evaluating out-of-sample:
[GEN_46|make_tuple(0.8605584807559311, 0.0012060594267984787)|0.9870]
[GEN_46|make_tuple(0.3933330952207002, truediv(0.00165160146022197, 19))|0.9974]
Stopped early in iteration 46, no improvement in 20 gens.
START_TASK: 6
