Starting problem: mlr_svm
param:age_regularization:100000.0
param:algorithm:random_search
param:constants_only:False
param:cxpb:0.25
param:early_stop_n:20
param:lambda_:100
param:max_number_operators:None
param:max_start_size:2
param:mu:20
param:ngen:300
param:optimize_constants:False
param:output_file:/home/gijsbers/symbolicdefaults/runs/mlr_svm_random_search_3.log
param:problem:mlr_svm
param:subset:1.0
param:task:None
param:warm_start:False
Benchmark problems: mlr_svm
sklearn_default := make_tuple(1., truediv(1., mul(p, xvar)))
mlr_default := make_tuple(1, truediv(po, 1))
symbolic_best := make_tuple(16., truediv(mkd, xvar))
Loading surrogates from file.
START_TASK: 3
GEN_0_FIT_0.2427635413027663_0.49606930158807083_0.901670704165086_SIZE_1_3.6623_11
Evaluating in sample:
[GEN_0|make_tuple(p, mkd)|0.8899]
[GEN_0|make_tuple(if_gt(rc, 125, m, m), truediv(mkd, xvar))|0.9017]
Evaluating out-of-sample:
[GEN_0|make_tuple(p, mkd)|0.9641]
[GEN_0|make_tuple(if_gt(rc, 125, m, m), truediv(mkd, xvar))|0.9132]
GEN_1_FIT_0.24299080325280706_0.4921752482044333_0.8969318346154315_SIZE_1_3.683_11
Evaluating in sample:
[GEN_1|make_tuple(p, mkd)|0.8899]
[GEN_1|make_tuple(if_gt(rc, 125, m, m), truediv(mkd, xvar))|0.9017]
Evaluating out-of-sample:
[GEN_1|make_tuple(p, mkd)|0.9641]
[GEN_1|make_tuple(if_gt(rc, 125, m, m), truediv(mkd, xvar))|0.9132]
GEN_2_FIT_0.24298611928934225_0.49778153969630656_0.8965337642580644_SIZE_1_3.6664_11
Evaluating in sample:
[GEN_2|make_tuple(p, mkd)|0.8899]
[GEN_2|make_tuple(if_gt(rc, 125, m, m), truediv(mkd, xvar))|0.9017]
Evaluating out-of-sample:
[GEN_2|make_tuple(p, mkd)|0.9641]
[GEN_2|make_tuple(if_gt(rc, 125, m, m), truediv(mkd, xvar))|0.9132]
BENCHMARK: Evaluating in-sample:
[sklearn_default: make_tuple(1.0, truediv(1.0, mul(p, xvar)))|0.8870]
