Starting problem: mlr_svm
param:age_regularization:100000.0
param:algorithm:mupluslambda
param:constants_only:False
param:cxpb:0.25
param:early_stop_n:20
param:lambda_:100
param:max_number_operators:None
param:max_start_size:2
param:mu:20
param:ngen:300
param:optimize_constants:False
param:output_file:/home/gijsbers/symbolicdefaults/runs/mlr_svm_mupluslambda_5.log
param:problem:mlr_svm
param:subset:1.0
param:task:None
param:warm_start:False
Benchmark problems: mlr_svm
sklearn_default := make_tuple(1., truediv(1., mul(p, xvar)))
mlr_default := make_tuple(1, truediv(po, 1))
symbolic_best := make_tuple(16., truediv(mkd, xvar))
Loading surrogates from file.
START_TASK: 3
GEN_0_FIT_0.6334355776014654_0.7785278566137619_0.8859160452612543_SIZE_1_2.25_7
GEN_1_FIT_0.8428550219439265_0.8685484281992102_0.8898623524838866_SIZE_1_2.55_8
GEN_2_FIT_0.8848645370098333_0.886559659997185_0.8898623524838866_SIZE_1_3.45_7
GEN_3_FIT_0.8859160452612543_0.8880677013558766_0.8898623524838866_SIZE_1_2.05_7
GEN_4_FIT_0.8898623524838866_0.8898623524838868_0.8898623524838866_SIZE_1_1.0_1
GEN_5_FIT_0.8898623524838866_0.8898623524838868_0.8898623524838866_SIZE_1_1.0_1
GEN_6_FIT_0.8898623524838866_0.8898668212601066_0.8899517280082841_SIZE_1_1.05_2
GEN_7_FIT_0.8898623524838866_0.8900768821468938_0.8941529457440287_SIZE_1_1.05_2
GEN_8_FIT_0.8898623524838866_0.8904527700679467_0.901670704165086_SIZE_1_1.05_2
GEN_9_FIT_0.8898623524838866_0.8904527700679467_0.901670704165086_SIZE_1_1.05_2
GEN_10_FIT_0.8898623524838866_0.8904527700679467_0.901670704165086_SIZE_1_1.05_2
GEN_11_FIT_0.8898623524838866_0.8904527700679467_0.901670704165086_SIZE_1_1.05_2
GEN_12_FIT_0.8898623524838866_0.8904527700679467_0.901670704165086_SIZE_1_1.05_2
GEN_13_FIT_0.8898623524838866_0.8904527700679467_0.901670704165086_SIZE_1_1.05_2
GEN_14_FIT_0.8898623524838866_0.8904527700679467_0.901670704165086_SIZE_1_1.05_2
GEN_15_FIT_0.8898623524838866_0.8904527700679467_0.901670704165086_SIZE_1_1.05_2
GEN_16_FIT_0.8898623524838866_0.8904527700679467_0.901670704165086_SIZE_1_1.05_2
GEN_17_FIT_0.8898623524838866_0.8904527700679467_0.901670704165086_SIZE_1_1.05_2
GEN_18_FIT_0.8898623524838866_0.8904527700679467_0.901670704165086_SIZE_1_1.05_2
GEN_19_FIT_0.8898623524838866_0.8904527700679467_0.901670704165086_SIZE_1_1.05_2
GEN_20_FIT_0.8898623524838866_0.8904527700679467_0.901670704165086_SIZE_1_1.05_2
Evaluating in sample:
[GEN_20|make_tuple(p, mkd)|0.8899]
[GEN_20|make_tuple(m, truediv(mkd, xvar))|0.9017]
Evaluating out-of-sample:
[GEN_20|make_tuple(p, mkd)|0.9641]
[GEN_20|make_tuple(m, truediv(mkd, xvar))|0.9132]
GEN_21_FIT_0.8898623524838866_0.8904527700679467_0.901670704165086_SIZE_1_1.05_2
GEN_22_FIT_0.8898623524838866_0.8904527700679467_0.901670704165086_SIZE_1_1.05_2
GEN_23_FIT_0.8898623524838866_0.8904527700679467_0.901670704165086_SIZE_1_1.05_2
GEN_24_FIT_0.8898623524838866_0.8904527700679467_0.901670704165086_SIZE_1_1.05_2
GEN_25_FIT_0.8898623524838866_0.8904527700679467_0.901670704165086_SIZE_1_1.05_2
GEN_26_FIT_0.8898623524838866_0.8904527700679467_0.901670704165086_SIZE_1_1.05_2
GEN_27_FIT_0.8898623524838866_0.8904527700679467_0.901670704165086_SIZE_1_1.05_2
GEN_28_FIT_0.8898623524838866_0.8904527700679467_0.901670704165086_SIZE_1_1.05_2
GEN_29_FIT_0.8898623524838866_0.8904527700679467_0.901670704165086_SIZE_1_1.05_2
Evaluating in sample:
[GEN_29|make_tuple(p, mkd)|0.8899]
[GEN_29|make_tuple(m, truediv(mkd, xvar))|0.9017]
Evaluating out-of-sample:
[GEN_29|make_tuple(p, mkd)|0.9641]
[GEN_29|make_tuple(m, truediv(mkd, xvar))|0.9132]
Stopped early in iteration 29, no improvement in 20 gens.
BENCHMARK: Evaluating in-sample:
[sklearn_default: make_tuple(1.0, truediv(1.0, mul(p, xvar)))|0.8870]
