Starting problem: mlr_svm
param:age_regularization:100000.0
param:algorithm:mupluslambda
param:constants_only:True
param:cxpb:0.25
param:early_stop_n:20
param:lambda_:100
param:max_number_operators:None
param:max_start_size:2
param:mu:20
param:ngen:300
param:optimize_constants:False
param:output_file:/home/gijsbers/symbolicdefaults/runs/mlr_svm_True_18.log
param:problem:mlr_svm
param:subset:1.0
param:task:None
param:warm_start:False
Benchmark problems: mlr_svm
Loading surrogates from file.
START_TASK: 3
GEN_0_FIT_0.7934648883197785_0.8249058157474245_0.8588246102806529_SIZE_1_2.05_11
GEN_1_FIT_0.837567335893781_0.8534741928202214_0.8588246102806529_SIZE_1_1.6_6
GEN_2_FIT_0.8579504812659532_0.8584419494599678_0.8589241761289349_SIZE_1_1.3_2
GEN_3_FIT_0.8585271552219281_0.858957898271183_0.8596903924478351_SIZE_1_1.65_3
GEN_4_FIT_0.859217305061344_0.859410766266782_0.8598208072148797_SIZE_1_1.55_3
GEN_5_FIT_0.8595865892972483_0.8597490239770167_0.8600126499553521_SIZE_1_1.65_2
GEN_6_FIT_0.8597188419109627_0.8598376552982879_0.8600432342120933_SIZE_1_1.35_2
GEN_7_FIT_0.8598044879899729_0.8599512531338622_0.8600667173908152_SIZE_1_1.75_3
GEN_8_FIT_0.8598834913487964_0.8600606291943451_0.8602686282026885_SIZE_1_1.45_3
GEN_9_FIT_0.8600667173908152_0.860169261915923_0.8602691690850626_SIZE_1_1.5_2
GEN_10_FIT_0.8602670057773463_0.8602804549805031_0.8603250148277263_SIZE_1_1.5_3
GEN_11_FIT_0.8602691690850626_0.8603087294031999_0.8603250148277263_SIZE_1_1.7_2
GEN_12_FIT_0.8602785350505204_0.8603203668500056_0.8603250148277263_SIZE_1_1.9_2
GEN_13_FIT_0.8602785350505204_0.8603203668500056_0.8603250148277263_SIZE_1_1.9_2
GEN_14_FIT_0.8602785350505204_0.8603203668500056_0.8603250148277263_SIZE_1_1.9_2
GEN_15_FIT_0.8602785350505204_0.8603203668500056_0.8603250148277263_SIZE_1_1.9_2
GEN_16_FIT_0.8602785350505204_0.8603203668500056_0.8603250148277263_SIZE_1_1.9_2
GEN_17_FIT_0.8602785350505204_0.8603203668500056_0.8603250148277263_SIZE_1_1.9_2
GEN_18_FIT_0.8602785350505204_0.8603203668500056_0.8603250148277263_SIZE_1_1.9_2
GEN_19_FIT_0.8602785350505204_0.8603203668500056_0.8603250148277263_SIZE_1_1.9_2
GEN_20_FIT_0.8602785350505204_0.8603203668500056_0.8603250148277263_SIZE_1_1.9_2
Evaluating in sample:
[GEN_20|make_tuple(185, 0.00246749361681684)|0.8603]
[GEN_20|make_tuple(170, truediv(2, 928))|0.8603]
Evaluating out-of-sample:
[GEN_20|make_tuple(185, 0.00246749361681684)|0.9293]
[GEN_20|make_tuple(170, truediv(2, 928))|0.9181]
GEN_21_FIT_0.8602785350505204_0.8603203668500056_0.8603250148277263_SIZE_1_1.9_2
GEN_22_FIT_0.8602785350505204_0.8603203668500056_0.8603250148277263_SIZE_1_1.9_2
GEN_23_FIT_0.8602785350505204_0.8603203668500056_0.8603250148277263_SIZE_1_1.9_2
GEN_24_FIT_0.8602785350505204_0.8603203668500056_0.8603250148277263_SIZE_1_1.9_2
GEN_25_FIT_0.8602785350505204_0.8603203668500056_0.8603250148277263_SIZE_1_1.9_2
GEN_26_FIT_0.8602785350505204_0.8603203668500056_0.8603250148277263_SIZE_1_1.9_2
GEN_27_FIT_0.8602785350505204_0.8603203668500056_0.8603250148277263_SIZE_1_1.9_2
GEN_28_FIT_0.8602785350505204_0.8603203668500056_0.8603250148277263_SIZE_1_1.9_2
GEN_29_FIT_0.8602785350505204_0.8603203668500056_0.8603250148277263_SIZE_1_1.9_2
GEN_30_FIT_0.8602785350505204_0.8603203668500056_0.8603250148277263_SIZE_1_1.9_2
GEN_31_FIT_0.8602785350505204_0.8603203668500056_0.8603250148277263_SIZE_1_1.9_2
Evaluating in sample:
[GEN_31|make_tuple(185, 0.00246749361681684)|0.8603]
[GEN_31|make_tuple(170, truediv(2, 928))|0.8603]
Evaluating out-of-sample:
[GEN_31|make_tuple(185, 0.00246749361681684)|0.9293]
[GEN_31|make_tuple(170, truediv(2, 928))|0.9181]
Stopped early in iteration 31, no improvement in 20 gens.
START_TASK: 6
GEN_0_FIT_0.6806969495352052_0.7989528943420752_0.8562629114027785_SIZE_1_3.25_12
GEN_1_FIT_0.848970540360477_0.8551373276241815_0.8585472161675701_SIZE_1_1.35_4
GEN_2_FIT_0.8570860756035922_0.8580324006217012_0.859501319058267_SIZE_1_2.15_5
GEN_3_FIT_0.8576803493132048_0.8589575230332874_0.8595119534009802_SIZE_1_1.6_2
GEN_4_FIT_0.8594164115502471_0.8594899324373049_0.8595119534009802_SIZE_1_1.9_3
GEN_5_FIT_0.8593432716924582_0.8594785235535805_0.8595314762899565_SIZE_1_1.75_3
GEN_6_FIT_0.8594192722599419_0.859475025597732_0.8598711080889814_SIZE_1_1.25_2
GEN_7_FIT_0.8594192722599419_0.8595500693260612_0.8598711080889814_SIZE_1_1.3_2
GEN_8_FIT_0.8596336870666512_0.8597862388961166_0.8598711080889814_SIZE_1_1.7_3
GEN_9_FIT_0.8596405948399374_0.8598485264328526_0.8599312727691397_SIZE_1_1.8_3
GEN_10_FIT_0.8596405948399374_0.8598684816513387_0.8599804215995035_SIZE_1_1.8_3
GEN_11_FIT_0.8598711080889814_0.8599370105029681_0.8600160873196588_SIZE_1_1.85_3
GEN_12_FIT_0.8599312727691397_0.8599815855514017_0.8600160873196588_SIZE_1_2.0_3
GEN_13_FIT_0.8599312727691397_0.8599890525643721_0.8600501793662496_SIZE_1_1.55_3
GEN_14_FIT_0.8599804215995035_0.8600193456177283_0.8602076398532004_SIZE_1_1.75_4
GEN_15_FIT_0.8600051111731293_0.8600454835453611_0.8602076398532004_SIZE_1_1.35_4
GEN_16_FIT_0.8600160873196588_0.8600823361005556_0.8602076398532004_SIZE_1_1.55_4
GEN_17_FIT_0.8600363443785711_0.8601495314901657_0.8602076398532004_SIZE_1_1.4_4
GEN_18_FIT_0.8601948264866738_0.860205077179895_0.8602076398532004_SIZE_1_1.1_2
GEN_19_FIT_0.8602076398532004_0.8602076398532004_0.8602076398532004_SIZE_1_1.0_1
GEN_20_FIT_0.8602076398532004_0.8602083927479083_0.8602145804334095_SIZE_1_1.05_2
Evaluating in sample:
[GEN_20|make_tuple(180, 0.0024919104945799984)|0.8602]
Evaluating out-of-sample:
[GEN_20|make_tuple(180, 0.0024919104945799984)|0.9436]
GEN_21_FIT_0.8602076398532004_0.8602101259451815_0.8602145804334095_SIZE_1_1.1_2
GEN_22_FIT_0.8602076398532004_0.8602130530706524_0.8602145804334095_SIZE_1_1.15_2
GEN_23_FIT_0.8602133647440956_0.8602145196489437_0.8602145804334095_SIZE_1_1.0_1
GEN_24_FIT_0.8602145804334095_0.8602145804334095_0.8602145804334095_SIZE_1_1.0_1
GEN_25_FIT_0.8602145804334095_0.8602145804334095_0.8602145804334095_SIZE_1_1.0_1
GEN_26_FIT_0.8602145804334095_0.8602147593849802_0.8602181594648235_SIZE_1_1.0_1
GEN_27_FIT_0.8602145804334095_0.8602156400237314_0.8602250351456067_SIZE_1_1.05_2
GEN_28_FIT_0.8602145804334095_0.8602179240368439_0.8602250351456067_SIZE_1_1.1_2
GEN_29_FIT_0.8602181594648235_0.8602240037934893_0.8602250351456067_SIZE_1_1.05_2
GEN_30_FIT_0.8602250351456067_0.8602250351456068_0.8602250351456067_SIZE_1_1.0_1
GEN_31_FIT_0.8602250351456067_0.8602250351456068_0.8602250351456067_SIZE_1_1.0_1
GEN_32_FIT_0.8602250351456067_0.8602250351456068_0.8602250351456067_SIZE_1_1.0_1
GEN_33_FIT_0.8602250351456067_0.8602250351456068_0.8602250351456067_SIZE_1_1.0_1
GEN_34_FIT_0.8602250351456067_0.8602250351456068_0.8602250351456067_SIZE_1_1.0_1
GEN_35_FIT_0.8602250351456067_0.8602250351456068_0.8602250351456067_SIZE_1_1.0_1
GEN_36_FIT_0.8602250351456067_0.8602250351456068_0.8602250351456067_SIZE_1_1.0_1
GEN_37_FIT_0.8602250351456067_0.8602250351456068_0.8602250351456067_SIZE_1_1.0_1
GEN_38_FIT_0.8602250351456067_0.8602250351456068_0.8602250351456067_SIZE_1_1.0_1
GEN_39_FIT_0.8602250351456067_0.8602250351456068_0.8602250351456067_SIZE_1_1.0_1
GEN_40_FIT_0.8602250351456067_0.8602250351456068_0.8602250351456067_SIZE_1_1.0_1
Evaluating in sample:
[GEN_40|make_tuple(180, 0.002485629435903699)|0.8602]
Evaluating out-of-sample:
[GEN_40|make_tuple(180, 0.002485629435903699)|0.9436]
GEN_41_FIT_0.8602250351456067_0.8602250351456068_0.8602250351456067_SIZE_1_1.0_1
GEN_42_FIT_0.8602250351456067_0.8602250562369674_0.8602254569728213_SIZE_1_1.05_2
GEN_43_FIT_0.8602250351456067_0.8602250773283282_0.8602254569728213_SIZE_1_1.1_2
GEN_44_FIT_0.8602250351456067_0.8602250773283282_0.8602254569728213_SIZE_1_1.1_2
GEN_45_FIT_0.8602250351456067_0.8602250773283282_0.8602254569728213_SIZE_1_1.1_2
GEN_46_FIT_0.8602250351456067_0.8602250773283282_0.8602254569728213_SIZE_1_1.1_2
GEN_47_FIT_0.8602250351456067_0.8602250773283282_0.8602254569728213_SIZE_1_1.1_2
GEN_48_FIT_0.8602250351456067_0.8602250773283282_0.8602254569728213_SIZE_1_1.1_2
GEN_49_FIT_0.8602250351456067_0.8602250773283282_0.8602254569728213_SIZE_1_1.1_2
GEN_50_FIT_0.8602250351456067_0.8602250773283282_0.8602254569728213_SIZE_1_1.1_2
GEN_51_FIT_0.8602250351456067_0.8602250773283282_0.8602254569728213_SIZE_1_1.1_2
GEN_52_FIT_0.8602250351456067_0.8602250773283282_0.8602254569728213_SIZE_1_1.1_2
GEN_53_FIT_0.8602250351456067_0.8602250773283282_0.8602254569728213_SIZE_1_1.1_2
GEN_54_FIT_0.8602250351456067_0.8602250773283282_0.8602254569728213_SIZE_1_1.1_2
GEN_55_FIT_0.8602250351456067_0.8602250773283282_0.8602254569728213_SIZE_1_1.1_2
GEN_56_FIT_0.8602250351456067_0.8602250773283282_0.8602254569728213_SIZE_1_1.1_2
GEN_57_FIT_0.8602250351456067_0.8602250773283282_0.8602254569728213_SIZE_1_1.1_2
GEN_58_FIT_0.8602250351456067_0.8602250773283282_0.8602254569728213_SIZE_1_1.1_2
GEN_59_FIT_0.8602250351456067_0.8602251452844871_0.8602254569728213_SIZE_1_1.25_2
GEN_60_FIT_0.8602250351456067_0.8602251077838424_0.8602255506143573_SIZE_1_1.15_2
Evaluating in sample:
[GEN_60|make_tuple(180, 0.0024850206846701185)|0.8602]
[GEN_60|make_tuple(sub(180, 0.5239848199336271), 0.0024850206846701185)|0.8602]
Evaluating out-of-sample:
[GEN_60|make_tuple(180, 0.0024850206846701185)|0.9436]
[GEN_60|make_tuple(sub(180, 0.5239848199336271), 0.0024850206846701185)|0.9436]
GEN_61_FIT_0.8602250351456067_0.8602252506972606_0.8602255506143573_SIZE_1_1.45_3
GEN_62_FIT_0.8602251287871427_0.8602252342439464_0.8602255506143573_SIZE_1_1.25_2
GEN_63_FIT_0.8602251287871427_0.8602251709698642_0.8602255506143573_SIZE_1_1.1_2
GEN_64_FIT_0.8602251287871427_0.8602251709698642_0.8602255506143573_SIZE_1_1.1_2
GEN_65_FIT_0.8602251287871427_0.8602251709698642_0.8602255506143573_SIZE_1_1.1_2
GEN_66_FIT_0.8602251287871427_0.8602251709698642_0.8602255506143573_SIZE_1_1.1_2
GEN_67_FIT_0.8602251287871427_0.8602251709698642_0.8602255506143573_SIZE_1_1.1_2
GEN_68_FIT_0.8602251287871427_0.8602251709698642_0.8602255506143573_SIZE_1_1.1_2
GEN_69_FIT_0.8602251287871427_0.8602251709698642_0.8602255506143573_SIZE_1_1.1_2
GEN_70_FIT_0.8602251287871427_0.8602251709698642_0.8602255506143573_SIZE_1_1.1_2
GEN_71_FIT_0.8602251287871427_0.8602251709698642_0.8602255506143573_SIZE_1_1.1_2
GEN_72_FIT_0.8602251287871427_0.8602251709698642_0.8602255506143573_SIZE_1_1.1_2
GEN_73_FIT_0.8602251287871427_0.8602251709698642_0.8602255506143573_SIZE_1_1.1_2
GEN_74_FIT_0.8602251287871427_0.8602251709698642_0.8602255506143573_SIZE_1_1.1_2
GEN_75_FIT_0.8602251287871427_0.8602251709698642_0.8602255506143573_SIZE_1_1.1_2
GEN_76_FIT_0.8602251287871427_0.8602251709698642_0.8602255506143573_SIZE_1_1.1_2
GEN_77_FIT_0.8602251287871427_0.8602251503031816_0.8602255591079189_SIZE_1_1.05_2
GEN_78_FIT_0.8602251287871427_0.8602251718192203_0.8602255591079189_SIZE_1_1.1_2
GEN_79_FIT_0.8602251287871427_0.8602251718192203_0.8602255591079189_SIZE_1_1.1_2
GEN_80_FIT_0.8602251287871427_0.8602251718192203_0.8602255591079189_SIZE_1_1.1_2
Evaluating in sample:
[GEN_80|make_tuple(180, 0.0024850206846701185)|0.8602]
[GEN_80|make_tuple(add(0.3528694351331588, 180), 0.0024850206846701185)|0.8602]
Evaluating out-of-sample:
[GEN_80|make_tuple(180, 0.0024850206846701185)|0.9436]
[GEN_80|make_tuple(add(0.3528694351331588, 180), 0.0024850206846701185)|0.9436]
GEN_81_FIT_0.8602251287871427_0.8602251718192203_0.8602255591079189_SIZE_1_1.1_2
GEN_82_FIT_0.8602251287871427_0.8602251718192203_0.8602255591079189_SIZE_1_1.1_2
GEN_83_FIT_0.8602251287871427_0.8602251718192203_0.8602255591079189_SIZE_1_1.1_2
GEN_84_FIT_0.8602251287871427_0.8602251718192203_0.8602255591079189_SIZE_1_1.1_2
GEN_85_FIT_0.8602251287871427_0.8602251718192203_0.8602255591079189_SIZE_1_1.1_2
GEN_86_FIT_0.8602251287871427_0.8602251718192203_0.8602255591079189_SIZE_1_1.1_2
GEN_87_FIT_0.8602251287871427_0.8602251718192203_0.8602255591079189_SIZE_1_1.1_2
GEN_88_FIT_0.8602251287871427_0.8602251718192203_0.8602255591079189_SIZE_1_1.1_2
GEN_89_FIT_0.8602251287871427_0.8602251718192203_0.8602255591079189_SIZE_1_1.1_2
GEN_90_FIT_0.8602251287871427_0.8602251718192203_0.8602255591079189_SIZE_1_1.1_2
GEN_91_FIT_0.8602251287871427_0.8602251718192203_0.8602255591079189_SIZE_1_1.1_2
GEN_92_FIT_0.8602251287871427_0.8602251718192203_0.8602255591079189_SIZE_1_1.1_2
GEN_93_FIT_0.8602251287871427_0.8602251718192203_0.8602255591079189_SIZE_1_1.1_2
GEN_94_FIT_0.8602251287871427_0.8602251718192203_0.8602255591079189_SIZE_1_1.1_2
GEN_95_FIT_0.8602251287871427_0.8602251718192203_0.8602255591079189_SIZE_1_1.1_2
GEN_96_FIT_0.8602251287871427_0.8602251718192203_0.8602255591079189_SIZE_1_1.1_2
GEN_97_FIT_0.8602251287871427_0.8602251718192203_0.8602255591079189_SIZE_1_1.1_2
GEN_98_FIT_0.8602251287871427_0.8602251718192203_0.8602255591079189_SIZE_1_1.1_2
Evaluating in sample:
[GEN_98|make_tuple(180, 0.0024850206846701185)|0.8602]
[GEN_98|make_tuple(add(0.3528694351331588, 180), 0.0024850206846701185)|0.8602]
Evaluating out-of-sample:
[GEN_98|make_tuple(180, 0.0024850206846701185)|0.9436]
[GEN_98|make_tuple(add(0.3528694351331588, 180), 0.0024850206846701185)|0.9436]
Stopped early in iteration 98, no improvement in 20 gens.
START_TASK: 11
GEN_0_FIT_0.7961904558875271_0.8364151108854804_0.859369794362722_SIZE_1_2.35_9
GEN_1_FIT_0.8567261173391708_0.8584655452845869_0.859369794362722_SIZE_1_2.15_5
GEN_2_FIT_0.858462047215407_0.8592976672851595_0.8602458027468607_SIZE_1_1.95_4
GEN_3_FIT_0.8592871893156027_0.8598098764445661_0.861134189973585_SIZE_1_1.75_4
GEN_4_FIT_0.8599565854124049_0.8602110566558959_0.861134189973585_SIZE_1_1.4_3
GEN_5_FIT_0.8602458027468607_0.860529129958852_0.8612026272218428_SIZE_1_1.55_3
GEN_6_FIT_0.8605218792255055_0.860824535930027_0.8612026272218428_SIZE_1_1.3_2
GEN_7_FIT_0.860924066524647_0.8611692250168879_0.8614819238617928_SIZE_1_1.35_2
GEN_8_FIT_0.8612064256806031_0.8613601062203415_0.8614819238617928_SIZE_1_1.25_3
GEN_9_FIT_0.861458332057525_0.8614749784774027_0.861650399692385_SIZE_1_1.0_1
GEN_10_FIT_0.8614819238617928_0.8615156041023566_0.861650399692385_SIZE_1_1.05_2
GEN_11_FIT_0.8614819238617928_0.8616431128625697_0.861673437437761_SIZE_1_1.2_2
GEN_12_FIT_0.861650399692385_0.8616527034669226_0.861673437437761_SIZE_1_1.05_2
GEN_13_FIT_0.861650399692385_0.8616636438969316_0.861673437437761_SIZE_1_1.3_2
GEN_14_FIT_0.8616722069663005_0.8616746370188325_0.8616998900021133_SIZE_1_1.3_2
GEN_15_FIT_0.861673437437761_0.8616800505788491_0.8616998900021133_SIZE_1_1.0_1
GEN_16_FIT_0.8616998900021133_0.8616998900021133_0.8616998900021133_SIZE_1_1.0_1
GEN_17_FIT_0.8616998900021133_0.8616998900021133_0.8616998900021133_SIZE_1_1.0_1
GEN_18_FIT_0.8616998900021133_0.8616998900021133_0.8616998900021133_SIZE_1_1.0_1
GEN_19_FIT_0.8616998900021133_0.8616998900021133_0.8616998900021133_SIZE_1_1.0_1
GEN_20_FIT_0.8616998900021133_0.8616998900021133_0.8616998900021133_SIZE_1_1.0_1
Evaluating in sample:
[GEN_20|make_tuple(1104, 0.0010481316619378785)|0.8617]
Evaluating out-of-sample:
[GEN_20|make_tuple(1104, 0.0010481316619378785)|0.8947]
GEN_21_FIT_0.8616998900021133_0.8617030026071804_0.8617621421034551_SIZE_1_1.05_2
GEN_22_FIT_0.8616998900021133_0.8617061152122476_0.8617621421034551_SIZE_1_1.1_2
GEN_23_FIT_0.8616998900021133_0.8617061152122476_0.8617621421034551_SIZE_1_1.1_2
GEN_24_FIT_0.8616998900021133_0.8617061152122476_0.8617621421034551_SIZE_1_1.1_2
GEN_25_FIT_0.8616998900021133_0.8617186155685317_0.8617621421034551_SIZE_1_1.35_3
GEN_26_FIT_0.8616998900021133_0.8617093276893464_0.8617631408237723_SIZE_1_1.15_2
GEN_27_FIT_0.8616998900021133_0.8617383843993857_0.8617631408237723_SIZE_1_1.65_3
GEN_28_FIT_0.8617008887224301_0.8617210516495136_0.8617780137905808_SIZE_1_1.3_2
GEN_29_FIT_0.8617008887224301_0.8617207689020295_0.8617780137905808_SIZE_1_1.2_2
GEN_30_FIT_0.8617157616892389_0.8617250995044401_0.8617780137905808_SIZE_1_1.15_2
GEN_31_FIT_0.8617157616892389_0.8617590378915704_0.8617780137905808_SIZE_1_1.65_2
GEN_32_FIT_0.8617720084184219_0.8617774132533649_0.8617780137905808_SIZE_1_1.9_2
GEN_33_FIT_0.8617720084184219_0.8617774132533649_0.8617780137905808_SIZE_1_1.9_2
GEN_34_FIT_0.861734759691897_0.8617757654542748_0.8618183387682565_SIZE_1_1.6_2
GEN_35_FIT_0.8617720084184219_0.8617766414534055_0.8618183387682565_SIZE_1_1.1_2
GEN_36_FIT_0.8617720084184219_0.8617766414534055_0.8618183387682565_SIZE_1_1.1_2
GEN_37_FIT_0.8617720084184219_0.8617766414534055_0.8618183387682565_SIZE_1_1.1_2
GEN_38_FIT_0.8617720084184219_0.8617766414534055_0.8618183387682565_SIZE_1_1.1_2
GEN_39_FIT_0.8617720084184219_0.8617766414534055_0.8618183387682565_SIZE_1_1.1_2
GEN_40_FIT_0.8617720084184219_0.8617766414534055_0.8618183387682565_SIZE_1_1.1_2
Evaluating in sample:
[GEN_40|make_tuple(1074, 0.0010463184757932157)|0.8618]
[GEN_40|make_tuple(sub(1104, 0.8478595981629935), 0.0013435528312206743)|0.8618]
Evaluating out-of-sample:
[GEN_40|make_tuple(1074, 0.0010463184757932157)|0.8948]
[GEN_40|make_tuple(sub(1104, 0.8478595981629935), 0.0013435528312206743)|0.9085]
GEN_41_FIT_0.8617720084184219_0.8617766414534055_0.8618183387682565_SIZE_1_1.1_2
GEN_42_FIT_0.8617720084184219_0.8617766414534055_0.8618183387682565_SIZE_1_1.1_2
GEN_43_FIT_0.8617720084184219_0.8617766414534055_0.8618183387682565_SIZE_1_1.1_2
GEN_44_FIT_0.8617720084184219_0.8617766414534055_0.8618183387682565_SIZE_1_1.1_2
GEN_45_FIT_0.8617720084184219_0.8617766414534055_0.8618183387682565_SIZE_1_1.1_2
GEN_46_FIT_0.8617720084184219_0.8617766414534055_0.8618183387682565_SIZE_1_1.1_2
GEN_47_FIT_0.8617720084184219_0.8617766414534055_0.8618183387682565_SIZE_1_1.1_2
GEN_48_FIT_0.8617720084184219_0.8617766414534055_0.8618183387682565_SIZE_1_1.1_2
GEN_49_FIT_0.8617720084184219_0.8617766414534055_0.8618183387682565_SIZE_1_1.1_2
GEN_50_FIT_0.8617720084184219_0.8617766414534055_0.8618183387682565_SIZE_1_1.1_2
GEN_51_FIT_0.8617720084184219_0.8617766414534055_0.8618183387682565_SIZE_1_1.1_2
GEN_52_FIT_0.8617720084184219_0.8617766414534055_0.8618183387682565_SIZE_1_1.1_2
GEN_53_FIT_0.8617720084184219_0.8617766414534055_0.8618183387682565_SIZE_1_1.1_2
GEN_54_FIT_0.8617720084184219_0.8617775321731191_0.8618183387682565_SIZE_1_1.2_2
GEN_55_FIT_0.8617720084184219_0.861785118099832_0.8618183387682565_SIZE_1_1.65_2
GEN_56_FIT_0.8617775558294556_0.8618021657069097_0.8618183387682565_SIZE_1_1.6_2
GEN_57_FIT_0.8617779465498463_0.861816800911688_0.8618683660737102_SIZE_1_1.6_2
GEN_58_FIT_0.8618183387682565_0.8618208401335291_0.8618683660737102_SIZE_1_1.0_1
GEN_59_FIT_0.8618183387682565_0.8618255971981809_0.8618683660737102_SIZE_1_1.05_2
GEN_60_FIT_0.8618183387682565_0.8618331012939988_0.8618683660737102_SIZE_1_1.15_2
Evaluating in sample:
[GEN_60|make_tuple(1103, 0.0013411075952045862)|0.8619]
Evaluating out-of-sample:
[GEN_60|make_tuple(1103, 0.0013411075952045862)|0.9085]
GEN_61_FIT_0.8618183387682565_0.8618656190425439_0.8618683660737102_SIZE_1_1.65_3
GEN_62_FIT_0.8618683660737102_0.8618683660737101_0.8618683660737102_SIZE_1_1.0_1
GEN_63_FIT_0.8618683660737102_0.8618683660737101_0.8618683660737102_SIZE_1_1.0_1
GEN_64_FIT_0.8618683660737102_0.8618683660737101_0.8618683660737102_SIZE_1_1.0_1
GEN_65_FIT_0.8618683660737102_0.8618683660737101_0.8618683660737102_SIZE_1_1.0_1
GEN_66_FIT_0.8618683660737102_0.8618683660737101_0.8618683660737102_SIZE_1_1.0_1
GEN_67_FIT_0.8618683660737102_0.8618683660737101_0.8618683660737102_SIZE_1_1.0_1
GEN_68_FIT_0.8618683660737102_0.8618683660737101_0.8618683660737102_SIZE_1_1.0_1
GEN_69_FIT_0.8618683660737102_0.8618683660737101_0.8618683660737102_SIZE_1_1.0_1
GEN_70_FIT_0.8618683660737102_0.8618683660737101_0.8618683660737102_SIZE_1_1.0_1
GEN_71_FIT_0.8618683660737102_0.8618683660737101_0.8618683660737102_SIZE_1_1.0_1
GEN_72_FIT_0.8618683660737102_0.8618683660737101_0.8618683660737102_SIZE_1_1.0_1
GEN_73_FIT_0.8618683660737102_0.8618683660737101_0.8618683660737102_SIZE_1_1.0_1
GEN_74_FIT_0.8618683660737102_0.8618683660737101_0.8618683660737102_SIZE_1_1.0_1
GEN_75_FIT_0.8618683660737102_0.8618683660737101_0.8618683660737102_SIZE_1_1.0_1
GEN_76_FIT_0.8618683660737102_0.8618683660737101_0.8618683660737102_SIZE_1_1.0_1
GEN_77_FIT_0.8618683660737102_0.8618683660737101_0.8618683660737102_SIZE_1_1.0_1
GEN_78_FIT_0.8618683660737102_0.8618683660737101_0.8618683660737102_SIZE_1_1.0_1
Evaluating in sample:
[GEN_78|make_tuple(1103, 0.0013411075952045862)|0.8619]
Evaluating out-of-sample:
[GEN_78|make_tuple(1103, 0.0013411075952045862)|0.9085]
Stopped early in iteration 78, no improvement in 20 gens.
START_TASK: 12
GEN_0_FIT_0.7831217285346882_0.836008516905556_0.8595447916550238_SIZE_1_1.95_7
GEN_1_FIT_0.8516684499475494_0.8559320252418814_0.8595447916550238_SIZE_1_1.95_7
GEN_2_FIT_0.859135499330177_0.8595082838551289_0.8597736160124261_SIZE_1_1.8_3
GEN_3_FIT_0.8594660084069196_0.8596367469159482_0.8600609172430473_SIZE_1_1.4_3
GEN_4_FIT_0.8597447359115834_0.8599231096119659_0.8601063918648335_SIZE_1_1.55_3
GEN_5_FIT_0.8600567974562311_0.8600664875014601_0.8601063918648335_SIZE_1_1.55_2
GEN_6_FIT_0.8600623271547141_0.8601034912048003_0.8602214007729332_SIZE_1_1.35_3
GEN_7_FIT_0.8601063918648335_0.860137214466123_0.860244539539199_SIZE_1_1.15_2
GEN_8_FIT_0.8602173319759545_0.8602293348698158_0.8602714964676066_SIZE_1_1.4_2
GEN_9_FIT_0.8602371667104749_0.8602952025443942_0.8605116280149049_SIZE_1_1.35_2
GEN_10_FIT_0.8604100515736691_0.8605018390118797_0.860659183334676_SIZE_1_1.4_2
GEN_11_FIT_0.8605007562771946_0.8605759546951426_0.860659183334676_SIZE_1_1.65_3
GEN_12_FIT_0.8605919199665594_0.8606548227586754_0.8606830767072372_SIZE_1_2.1_4
GEN_13_FIT_0.8606205089817608_0.8606674720649943_0.8607441654311536_SIZE_1_1.85_4
GEN_14_FIT_0.8606205089817608_0.8606838073220194_0.8607441654311536_SIZE_1_1.3_2
GEN_15_FIT_0.8606830767072372_0.8607037747434945_0.8609143339795298_SIZE_1_1.15_2
GEN_16_FIT_0.8606830767072372_0.8607072095542968_0.8609143339795298_SIZE_1_1.15_2
GEN_17_FIT_0.8606928904523871_0.8607217276755488_0.8609143339795298_SIZE_1_1.2_2
GEN_18_FIT_0.8606928904523871_0.8607484802748747_0.860944126932861_SIZE_1_1.2_2
GEN_19_FIT_0.8606928904523871_0.860800859311172_0.860944126932861_SIZE_1_1.4_2
GEN_20_FIT_0.8608322248774686_0.8609007676492706_0.860944126932861_SIZE_1_1.6_2
Evaluating in sample:
[GEN_20|make_tuple(1241, 0.0013405786758486353)|0.8608]
[GEN_20|make_tuple(add(113, 991), 0.0013405786758486353)|0.8609]
Evaluating out-of-sample:
[GEN_20|make_tuple(1241, 0.0013405786758486353)|0.9982]
[GEN_20|make_tuple(add(113, 991), 0.0013405786758486353)|0.9984]
GEN_21_FIT_0.860841568467912_0.8608499704030382_0.8610096071704373_SIZE_1_1.05_2
GEN_22_FIT_0.860841568467912_0.8608499704030382_0.8610096071704373_SIZE_1_1.05_2
GEN_23_FIT_0.860841568467912_0.8608583723381645_0.8610096071704373_SIZE_1_1.1_2
GEN_24_FIT_0.860841568467912_0.8608583723381645_0.8610096071704373_SIZE_1_1.1_2
GEN_25_FIT_0.860841568467912_0.8609004063506174_0.8610096071704373_SIZE_1_1.35_2
GEN_26_FIT_0.860841568467912_0.8608752978925251_0.8610100939068694_SIZE_1_1.2_2
GEN_27_FIT_0.860841568467912_0.8608753952398114_0.8610100939068694_SIZE_1_1.2_2
GEN_28_FIT_0.8608420552043442_0.8608756629448493_0.8610100939068694_SIZE_1_1.2_2
GEN_29_FIT_0.8608420552043442_0.860961863173922_0.8610100939068694_SIZE_1_1.7_2
GEN_30_FIT_0.8608856727605455_0.8610038728495534_0.8610100939068694_SIZE_1_1.95_2
GEN_31_FIT_0.8608856727605455_0.8609976517922371_0.8610100939068694_SIZE_1_1.9_2
GEN_32_FIT_0.8608856727605455_0.8609976517922371_0.8610100939068694_SIZE_1_1.9_2
GEN_33_FIT_0.8608856727605455_0.8609976517922371_0.8610100939068694_SIZE_1_1.9_2
GEN_34_FIT_0.8608856727605455_0.8609976517922371_0.8610100939068694_SIZE_1_1.9_2
GEN_35_FIT_0.8608856727605455_0.8609976517922371_0.8610100939068694_SIZE_1_1.9_2
GEN_36_FIT_0.8608856727605455_0.8609976517922371_0.8610100939068694_SIZE_1_1.9_2
GEN_37_FIT_0.8608856727605455_0.8609976517922371_0.8610100939068694_SIZE_1_1.9_2
GEN_38_FIT_0.8608856727605455_0.8609976517922371_0.8610100939068694_SIZE_1_1.9_2
GEN_39_FIT_0.8608856727605455_0.8609976517922371_0.8610100939068694_SIZE_1_1.9_2
GEN_40_FIT_0.8608856727605455_0.8609976517922371_0.8610100939068694_SIZE_1_1.9_2
Evaluating in sample:
[GEN_40|make_tuple(1236, 0.0013409766362150735)|0.8609]
[GEN_40|make_tuple(add(112, 991), 0.0013409766362150735)|0.8610]
Evaluating out-of-sample:
[GEN_40|make_tuple(1236, 0.0013409766362150735)|0.9982]
[GEN_40|make_tuple(add(112, 991), 0.0013409766362150735)|0.9985]
GEN_41_FIT_0.8608856727605455_0.8609976517922371_0.8610100939068694_SIZE_1_1.9_2
GEN_42_FIT_0.8608856727605455_0.8609976517922371_0.8610100939068694_SIZE_1_1.9_2
GEN_43_FIT_0.8608856727605455_0.8609976517922371_0.8610100939068694_SIZE_1_1.9_2
GEN_44_FIT_0.8608856727605455_0.8609976517922371_0.8610100939068694_SIZE_1_1.9_2
GEN_45_FIT_0.8608856727605455_0.8609976517922371_0.8610100939068694_SIZE_1_1.9_2
GEN_46_FIT_0.8608856727605455_0.8609976517922371_0.8610100939068694_SIZE_1_1.9_2
GEN_47_FIT_0.8608856727605455_0.8609976517922371_0.8610100939068694_SIZE_1_1.9_2
Evaluating in sample:
[GEN_47|make_tuple(1236, 0.0013409766362150735)|0.8609]
[GEN_47|make_tuple(add(112, 991), 0.0013409766362150735)|0.8610]
Evaluating out-of-sample:
[GEN_47|make_tuple(1236, 0.0013409766362150735)|0.9982]
[GEN_47|make_tuple(add(112, 991), 0.0013409766362150735)|0.9985]
Stopped early in iteration 47, no improvement in 20 gens.
START_TASK: 14
GEN_0_FIT_0.7981929746858397_0.8297868270744532_0.8558464973218441_SIZE_1_1.75_4
GEN_1_FIT_0.8455788689491311_0.8524495784966044_0.8582956978272779_SIZE_1_1.5_3
GEN_2_FIT_0.8557751569386686_0.8576303627258988_0.8589216498120867_SIZE_1_1.3_2
GEN_3_FIT_0.8583849380065229_0.8586922062069281_0.859403938635723_SIZE_1_1.6_3
GEN_4_FIT_0.8587929569553622_0.8592438096010342_0.8599301659597859_SIZE_1_1.3_2
GEN_5_FIT_0.8593410996481766_0.8595641712438388_0.8599301659597859_SIZE_1_1.2_2
GEN_6_FIT_0.8598161399691727_0.8599650633392952_0.8602016663585501_SIZE_1_1.15_2
GEN_7_FIT_0.860095795958264_0.8601948673369343_0.8606621702507192_SIZE_1_1.1_2
GEN_8_FIT_0.8602703682132294_0.860413556192728_0.8606621702507192_SIZE_1_1.15_2
GEN_9_FIT_0.8605501886672113_0.8606165080039114_0.8607421298566602_SIZE_1_1.65_3
GEN_10_FIT_0.8606616397167943_0.8606996245200118_0.8607421298566602_SIZE_1_1.95_3
GEN_11_FIT_0.8606794953188253_0.8607446017829525_0.8608594327424491_SIZE_1_1.7_2
GEN_12_FIT_0.8606794953188253_0.8607800448792855_0.8608594327424491_SIZE_1_1.45_2
GEN_13_FIT_0.8607785537331339_0.8607906855845313_0.8608594327424491_SIZE_1_1.1_2
GEN_14_FIT_0.8607785537331339_0.8608268917851067_0.8608594327424491_SIZE_1_1.4_3
GEN_15_FIT_0.8608556456701222_0.8608592433888326_0.8608594327424491_SIZE_1_1.5_2
GEN_16_FIT_0.8608594327424491_0.8608608874776481_0.8608885274464315_SIZE_1_1.05_2
GEN_17_FIT_0.8608594327424491_0.8608652516832456_0.8608885274464315_SIZE_1_1.1_2
GEN_18_FIT_0.8608594327424491_0.8608714094619188_0.8608953042039686_SIZE_1_1.15_2
GEN_19_FIT_0.8608594327424491_0.8608880892248628_0.8608953042039686_SIZE_1_1.1_2
GEN_20_FIT_0.8608885274464315_0.8608898827979388_0.8608953042039686_SIZE_1_1.1_2
Evaluating in sample:
[GEN_20|make_tuple(1240, 0.0013418385363665349)|0.8609]
Evaluating out-of-sample:
[GEN_20|make_tuple(1240, 0.0013418385363665349)|0.9923]
GEN_21_FIT_0.8608885274464315_0.8608905604736925_0.8608953042039686_SIZE_1_1.1_2
GEN_22_FIT_0.8608900392070927_0.8608950409541247_0.8608953042039686_SIZE_1_1.55_2
GEN_23_FIT_0.8608953042039686_0.8608953042039685_0.8608953042039686_SIZE_1_1.0_1
GEN_24_FIT_0.8608953042039686_0.8608953042039685_0.8608953042039686_SIZE_1_1.0_1
GEN_25_FIT_0.8608953042039686_0.8608953042039685_0.8608953042039686_SIZE_1_1.0_1
GEN_26_FIT_0.8608953042039686_0.8608953042039685_0.8608953042039686_SIZE_1_1.0_1
GEN_27_FIT_0.8608953042039686_0.8608953042039685_0.8608953042039686_SIZE_1_1.0_1
GEN_28_FIT_0.8608953042039686_0.8608974850817785_0.8609389217601698_SIZE_1_1.0_1
GEN_29_FIT_0.8608953042039686_0.8609018468373988_0.8609389217601698_SIZE_1_1.0_1
GEN_30_FIT_0.8608953042039686_0.8609062968837738_0.8609389217601698_SIZE_1_1.05_2
GEN_31_FIT_0.8608953042039686_0.8609258364933094_0.8609389217601698_SIZE_1_1.1_2
GEN_32_FIT_0.8609389217601698_0.8609389217601698_0.8609389217601698_SIZE_1_1.0_1
GEN_33_FIT_0.8609389217601698_0.8609389217601698_0.8609389217601698_SIZE_1_1.0_1
GEN_34_FIT_0.8609389217601698_0.8609389217601698_0.8609389217601698_SIZE_1_1.0_1
GEN_35_FIT_0.8609389217601698_0.8609390796863394_0.8609420802835626_SIZE_1_1.0_1
GEN_36_FIT_0.8609389217601698_0.8609393955386787_0.8609420802835626_SIZE_1_1.05_2
GEN_37_FIT_0.8609389217601698_0.8609405010218663_0.8609420802835626_SIZE_1_1.05_2
GEN_38_FIT_0.8609420802835626_0.8609420802835626_0.8609420802835626_SIZE_1_1.0_1
GEN_39_FIT_0.8609420802835626_0.8609451391021807_0.8610032566559271_SIZE_1_1.0_1
GEN_40_FIT_0.8609420802835626_0.8609573743766539_0.8610032566559271_SIZE_1_1.0_1
Evaluating in sample:
[GEN_40|make_tuple(1104, 0.001340996574035362)|0.8610]
Evaluating out-of-sample:
[GEN_40|make_tuple(1104, 0.001340996574035362)|0.9923]
GEN_41_FIT_0.8609420802835626_0.8609818449255997_0.8610032566559271_SIZE_1_1.0_1
GEN_42_FIT_0.8610032566559271_0.8610032566559271_0.8610032566559271_SIZE_1_1.0_1
GEN_43_FIT_0.8610032566559271_0.8610063168151931_0.8610644598412469_SIZE_1_1.05_2
GEN_44_FIT_0.8610032566559271_0.8610093769744591_0.8610644598412469_SIZE_1_1.1_2
GEN_45_FIT_0.8610032566559271_0.8610093769744591_0.8610644598412469_SIZE_1_1.1_2
GEN_46_FIT_0.8610032566559271_0.8610093769744591_0.8610644598412469_SIZE_1_1.1_2
GEN_47_FIT_0.8610032566559271_0.8610093769744591_0.8610644598412469_SIZE_1_1.1_2
GEN_48_FIT_0.8610032566559271_0.8610093769744591_0.8610644598412469_SIZE_1_1.1_2
GEN_49_FIT_0.8610032566559271_0.8610093769744591_0.8610644598412469_SIZE_1_1.1_2
GEN_50_FIT_0.8610032566559271_0.8610093769744591_0.8610644598412469_SIZE_1_1.1_2
GEN_51_FIT_0.8610032566559271_0.8610308687519037_0.8610644598412469_SIZE_1_1.45_2
GEN_52_FIT_0.8610032566559271_0.8610130292176436_0.8610692352613487_SIZE_1_1.15_2
GEN_53_FIT_0.8610032566559271_0.8610168934485761_0.8610692352613487_SIZE_1_1.2_2
GEN_54_FIT_0.8610046699075806_0.8610079688378518_0.8610706485130022_SIZE_1_1.05_2
GEN_55_FIT_0.8610046699075806_0.8610112677681228_0.8610706485130022_SIZE_1_1.1_2
GEN_56_FIT_0.8610046699075806_0.8610112677681228_0.8610706485130022_SIZE_1_1.1_2
GEN_57_FIT_0.8610046699075806_0.8610112677681228_0.8610706485130022_SIZE_1_1.1_2
GEN_58_FIT_0.8610046699075806_0.8610145666983939_0.8610706485130022_SIZE_1_1.1_2
GEN_59_FIT_0.8610046699075806_0.8610178656286649_0.8610706485130022_SIZE_1_1.1_2
GEN_60_FIT_0.8610046699075806_0.8610343602800203_0.8610706485130022_SIZE_1_1.1_2
Evaluating in sample:
[GEN_60|make_tuple(1103, 0.0013411638731600183)|0.8611]
Evaluating out-of-sample:
[GEN_60|make_tuple(1103, 0.0013411638731600183)|0.9923]
GEN_61_FIT_0.8610706485130022_0.8610706485130024_0.8610706485130022_SIZE_1_1.0_1
GEN_62_FIT_0.8610706485130022_0.8610706485130024_0.8610706485130022_SIZE_1_1.0_1
GEN_63_FIT_0.8610706485130022_0.8610706485130024_0.8610706485130022_SIZE_1_1.0_1
GEN_64_FIT_0.8610706485130022_0.8610706485130024_0.8610706485130022_SIZE_1_1.0_1
GEN_65_FIT_0.8610706485130022_0.8610706485130024_0.8610706485130022_SIZE_1_1.0_1
GEN_66_FIT_0.8610706485130022_0.8610706485130024_0.8610706485130022_SIZE_1_1.0_1
GEN_67_FIT_0.8610706485130022_0.8610706485130024_0.8610706485130022_SIZE_1_1.0_1
GEN_68_FIT_0.8610706485130022_0.8610706485130024_0.8610706485130022_SIZE_1_1.0_1
GEN_69_FIT_0.8610706485130022_0.8610706485130024_0.8610706485130022_SIZE_1_1.0_1
GEN_70_FIT_0.8610706485130022_0.8610706485130024_0.8610706485130022_SIZE_1_1.0_1
GEN_71_FIT_0.8610706485130022_0.8610706485130024_0.8610706485130022_SIZE_1_1.0_1
GEN_72_FIT_0.8610706485130022_0.8610706485130024_0.8610706485130022_SIZE_1_1.0_1
GEN_73_FIT_0.8610706485130022_0.8610706485130024_0.8610706485130022_SIZE_1_1.0_1
GEN_74_FIT_0.8610706485130022_0.8610706485130024_0.8610706485130022_SIZE_1_1.0_1
GEN_75_FIT_0.8610706485130022_0.8610706485130024_0.8610706485130022_SIZE_1_1.0_1
GEN_76_FIT_0.8610706485130022_0.8610706485130024_0.8610706485130022_SIZE_1_1.0_1
GEN_77_FIT_0.8610706485130022_0.8610706485130024_0.8610706485130022_SIZE_1_1.0_1
GEN_78_FIT_0.8610706485130022_0.8610706485130024_0.8610706485130022_SIZE_1_1.0_1
GEN_79_FIT_0.8610706485130022_0.8610706485130024_0.8610706485130022_SIZE_1_1.0_1
Evaluating in sample:
[GEN_79|make_tuple(1103, 0.0013411638731600183)|0.8611]
Evaluating out-of-sample:
[GEN_79|make_tuple(1103, 0.0013411638731600183)|0.9923]
Stopped early in iteration 79, no improvement in 20 gens.
START_TASK: 15
GEN_0_FIT_0.8016041482080353_0.8432255267073202_0.8595547201083028_SIZE_1_2.35_7
GEN_1_FIT_0.853859365283969_0.8577575142199789_0.8599140087808264_SIZE_1_2.0_4
GEN_2_FIT_0.8591321897649183_0.8595766132681109_0.8599140087808264_SIZE_1_1.65_4
GEN_3_FIT_0.859638895879703_0.859777856269987_0.8599140087808264_SIZE_1_2.45_4
GEN_4_FIT_0.8597553270598287_0.8598435984347421_0.859969669125323_SIZE_1_2.05_4
GEN_5_FIT_0.8598520657382941_0.8599943004009469_0.8610584008838202_SIZE_1_1.5_4
GEN_6_FIT_0.8599639775600799_0.8603256449948187_0.8610595055151362_SIZE_1_1.7_4
GEN_7_FIT_0.8603118279418009_0.8608171152415561_0.8610595055151362_SIZE_1_1.75_3
GEN_8_FIT_0.8603828426877468_0.8608988237031369_0.8610690690575409_SIZE_1_1.85_3
GEN_9_FIT_0.8604611381781413_0.8609669006185676_0.8611314038782496_SIZE_1_1.9_3
GEN_10_FIT_0.8604691966106942_0.8609333012971497_0.8611358360588443_SIZE_1_1.7_3
GEN_11_FIT_0.8606863050359873_0.8610698174910599_0.8611358360588443_SIZE_1_1.85_2
GEN_12_FIT_0.8606863050359873_0.8609835485401229_0.8611358360588443_SIZE_1_1.65_3
GEN_13_FIT_0.8607854416383828_0.8608029613594059_0.8611358360588443_SIZE_1_1.05_2
GEN_14_FIT_0.8607854416383828_0.8608499748370917_0.8611358360588443_SIZE_1_1.2_2
GEN_15_FIT_0.8608674196816785_0.8610411124470568_0.8611358360588443_SIZE_1_1.6_2
GEN_16_FIT_0.8609638389259754_0.8611186363455572_0.8611358360588443_SIZE_1_1.9_2
GEN_17_FIT_0.8609638389259754_0.8611186760660561_0.8611366304688218_SIZE_1_1.95_3
GEN_18_FIT_0.8609638389259754_0.8610757165033378_0.8611366304688218_SIZE_1_1.75_3
GEN_19_FIT_0.8609638389259754_0.8609983177935471_0.8611366304688218_SIZE_1_1.3_3
GEN_20_FIT_0.8609638389259754_0.8609928728780604_0.8612005237019377_SIZE_1_1.2_3
Evaluating in sample:
[GEN_20|make_tuple(1105, 0.0013424609755269528)|0.8610]
[GEN_20|make_tuple(add(478, 626), 0.0013424609755269528)|0.8611]
[GEN_20|make_tuple(add(478, sub(626, 0.8273842530449569)), 0.0013424609755269528)|0.8612]
Evaluating out-of-sample:
[GEN_20|make_tuple(1105, 0.0013424609755269528)|0.9780]
[GEN_20|make_tuple(add(478, 626), 0.0013424609755269528)|0.9780]
[GEN_20|make_tuple(add(478, sub(626, 0.8273842530449569)), 0.0013424609755269528)|0.9782]
GEN_21_FIT_0.8609638389259754_0.8610047071168585_0.8612005237019377_SIZE_1_1.3_3
GEN_22_FIT_0.8609638389259754_0.8611027847537553_0.8612008569024704_SIZE_1_1.9_3
GEN_23_FIT_0.8609684023587278_0.861133966458201_0.8612008569024704_SIZE_1_2.05_3
GEN_24_FIT_0.8609638389259754_0.8611030795654994_0.8612050871346901_SIZE_1_1.9_3
GEN_25_FIT_0.8609641721265081_0.8611256795775519_0.8612050871346901_SIZE_1_2.15_3
GEN_26_FIT_0.8609641721265081_0.8610922919772674_0.8612050871346901_SIZE_1_1.85_3
GEN_27_FIT_0.8609684023587278_0.8610329390272071_0.8612050871346901_SIZE_1_1.5_3
GEN_28_FIT_0.8609684023587278_0.8610092705496111_0.8612050871346901_SIZE_1_1.3_3
GEN_29_FIT_0.8609684023587278_0.8610092705496111_0.8612050871346901_SIZE_1_1.3_3
GEN_30_FIT_0.8609684023587278_0.8610092705496111_0.8612050871346901_SIZE_1_1.3_3
GEN_31_FIT_0.8609684023587278_0.8610092705496111_0.8612050871346901_SIZE_1_1.3_3
GEN_32_FIT_0.8609684023587278_0.8610092705496111_0.8612050871346901_SIZE_1_1.3_3
GEN_33_FIT_0.8609684023587278_0.8610562144264277_0.8612050871346901_SIZE_1_1.65_4
GEN_34_FIT_0.8610810477248046_0.8611762444891132_0.8612050871346901_SIZE_1_2.6_4
GEN_35_FIT_0.8610810477248046_0.8611924163998864_0.8612050871346901_SIZE_1_2.8_3
GEN_36_FIT_0.8610810477248046_0.8611862144293921_0.8612050871346901_SIZE_1_2.7_3
GEN_37_FIT_0.8610810477248046_0.8611862144293921_0.8612050871346901_SIZE_1_2.7_3
GEN_38_FIT_0.8610810477248046_0.8611862144293921_0.8612050871346901_SIZE_1_2.7_3
GEN_39_FIT_0.8610810477248046_0.8611862144293921_0.8612050871346901_SIZE_1_2.7_3
GEN_40_FIT_0.8610810477248046_0.8611862144293921_0.8612050871346901_SIZE_1_2.7_3
Evaluating in sample:
[GEN_40|make_tuple(1242, 0.0013413919553811617)|0.8611]
[GEN_40|make_tuple(add(478, 626), 0.0013413919553811617)|0.8611]
[GEN_40|make_tuple(add(478, sub(626, 0.8273842530449569)), 0.0013413919553811617)|0.8612]
Evaluating out-of-sample:
[GEN_40|make_tuple(1242, 0.0013413919553811617)|0.9732]
[GEN_40|make_tuple(add(478, 626), 0.0013413919553811617)|0.9780]
[GEN_40|make_tuple(add(478, sub(626, 0.8273842530449569)), 0.0013413919553811617)|0.9782]
GEN_41_FIT_0.8610810477248046_0.8611862144293921_0.8612050871346901_SIZE_1_2.7_3
GEN_42_FIT_0.8610810477248046_0.8611862144293921_0.8612050871346901_SIZE_1_2.7_3
GEN_43_FIT_0.8610810477248046_0.8611862144293921_0.8612050871346901_SIZE_1_2.7_3
GEN_44_FIT_0.8610810477248046_0.8611862144293921_0.8612050871346901_SIZE_1_2.7_3
GEN_45_FIT_0.8610810477248046_0.8611862144293921_0.8612050871346901_SIZE_1_2.7_3
Evaluating in sample:
[GEN_45|make_tuple(1242, 0.0013413919553811617)|0.8611]
[GEN_45|make_tuple(add(478, 626), 0.0013413919553811617)|0.8611]
[GEN_45|make_tuple(add(478, sub(626, 0.8273842530449569)), 0.0013413919553811617)|0.8612]
Evaluating out-of-sample:
[GEN_45|make_tuple(1242, 0.0013413919553811617)|0.9732]
[GEN_45|make_tuple(add(478, 626), 0.0013413919553811617)|0.9780]
[GEN_45|make_tuple(add(478, sub(626, 0.8273842530449569)), 0.0013413919553811617)|0.9782]
Stopped early in iteration 45, no improvement in 20 gens.
START_TASK: 16
GEN_0_FIT_0.7904978973845326_0.8300236560845435_0.8582458547247797_SIZE_1_3.1_8
GEN_1_FIT_0.8506288146952475_0.8562098352056309_0.8592429272057559_SIZE_1_2.1_5
GEN_2_FIT_0.8578210585177743_0.8583905009190465_0.8592429272057559_SIZE_1_2.05_4
GEN_3_FIT_0.8583220341764597_0.8588762746550598_0.8594449173508734_SIZE_1_1.05_2
GEN_4_FIT_0.8592429272057559_0.8593351874747519_0.8595198647807927_SIZE_1_1.05_2
GEN_5_FIT_0.8594289625081654_0.8594697346955561_0.8595922040001022_SIZE_1_1.1_2
GEN_6_FIT_0.8594514473856846_0.8595097200518712_0.8595922040001022_SIZE_1_1.05_2
GEN_7_FIT_0.8595198647807927_0.8595449059806848_0.8596638240255902_SIZE_1_1.05_2
GEN_8_FIT_0.8595423496583118_0.8595707869994869_0.8596638240255902_SIZE_1_1.1_2
GEN_9_FIT_0.8595967096637837_0.8596515104696574_0.8596849967736554_SIZE_1_1.05_2
GEN_10_FIT_0.8596638240255902_0.8596854547253244_0.8597564460460563_SIZE_1_1.0_1
GEN_11_FIT_0.8596849967736554_0.8597097865589285_0.8597759440563103_SIZE_1_1.0_1
GEN_12_FIT_0.8597134437084466_0.8597654516951408_0.8597772759098803_SIZE_1_1.05_2
GEN_13_FIT_0.8597759440563103_0.8597769429464878_0.8597772759098803_SIZE_1_1.05_2
GEN_14_FIT_0.8597772759098803_0.8597772759098804_0.8597772759098803_SIZE_1_1.0_1
GEN_15_FIT_0.8597772759098803_0.8597772759098804_0.8597772759098803_SIZE_1_1.0_1
GEN_16_FIT_0.8597772759098803_0.8597772759098804_0.8597772759098803_SIZE_1_1.0_1
GEN_17_FIT_0.8597772759098803_0.8597772759098804_0.8597772759098803_SIZE_1_1.0_1
GEN_18_FIT_0.8597772759098803_0.8597772759098804_0.8597772759098803_SIZE_1_1.0_1
GEN_19_FIT_0.8597772759098803_0.8597772759098804_0.8597772759098803_SIZE_1_1.0_1
GEN_20_FIT_0.8597772759098803_0.8597772974259191_0.8597777062306564_SIZE_1_1.05_2
Evaluating in sample:
[GEN_20|make_tuple(180, 0.0024621297353135717)|0.8598]
[GEN_20|make_tuple(add(180, 0.48144594536674024), 0.0024621297353135717)|0.8598]
Evaluating out-of-sample:
[GEN_20|make_tuple(180, 0.0024621297353135717)|0.9927]
[GEN_20|make_tuple(add(180, 0.48144594536674024), 0.0024621297353135717)|0.9927]
GEN_21_FIT_0.8597772759098803_0.8597773189419581_0.8597777062306564_SIZE_1_1.1_2
GEN_22_FIT_0.8597772759098803_0.8597773189419581_0.8597777062306564_SIZE_1_1.1_2
GEN_23_FIT_0.8597772759098803_0.8597773189419581_0.8597777062306564_SIZE_1_1.1_2
GEN_24_FIT_0.8597772759098803_0.8597773189419581_0.8597777062306564_SIZE_1_1.1_2
GEN_25_FIT_0.8597772759098803_0.8597773189419581_0.8597777062306564_SIZE_1_1.1_2
GEN_26_FIT_0.8597772759098803_0.8597773189419581_0.8597777062306564_SIZE_1_1.1_2
GEN_27_FIT_0.8597772759098803_0.8597773189419581_0.8597777062306564_SIZE_1_1.1_2
GEN_28_FIT_0.8597772759098803_0.8597773189419581_0.8597777062306564_SIZE_1_1.1_2
GEN_29_FIT_0.8597772759098803_0.8597773189419581_0.8597777062306564_SIZE_1_1.1_2
GEN_30_FIT_0.8597772759098803_0.8597773189419581_0.8597777062306564_SIZE_1_1.1_2
GEN_31_FIT_0.8597772759098803_0.8597773189419581_0.8597777062306564_SIZE_1_1.1_2
GEN_32_FIT_0.8597772759098803_0.8597773189419581_0.8597777062306564_SIZE_1_1.1_2
GEN_33_FIT_0.8597772759098803_0.8597773189419581_0.8597777062306564_SIZE_1_1.1_2
GEN_34_FIT_0.8597772759098803_0.8597773189419581_0.8597777062306564_SIZE_1_1.1_2
GEN_35_FIT_0.8597772759098803_0.8597773189419581_0.8597777062306564_SIZE_1_1.1_2
GEN_36_FIT_0.8597772759098803_0.8597773189419581_0.8597777062306564_SIZE_1_1.1_2
GEN_37_FIT_0.8597772759098803_0.8597773189419581_0.8597777062306564_SIZE_1_1.1_2
GEN_38_FIT_0.8597772759098803_0.8597773189419581_0.8597777062306564_SIZE_1_1.1_2
GEN_39_FIT_0.8597772759098803_0.8597773189419581_0.8597777062306564_SIZE_1_1.1_2
GEN_40_FIT_0.8597772759098803_0.8597773189419581_0.8597777062306564_SIZE_1_1.1_2
Evaluating in sample:
[GEN_40|make_tuple(180, 0.0024621297353135717)|0.8598]
[GEN_40|make_tuple(add(180, 0.48144594536674024), 0.0024621297353135717)|0.8598]
Evaluating out-of-sample:
[GEN_40|make_tuple(180, 0.0024621297353135717)|0.9927]
[GEN_40|make_tuple(add(180, 0.48144594536674024), 0.0024621297353135717)|0.9927]
GEN_41_FIT_0.8597772759098803_0.8597773189419581_0.8597777062306564_SIZE_1_1.1_2
Evaluating in sample:
[GEN_41|make_tuple(180, 0.0024621297353135717)|0.8598]
[GEN_41|make_tuple(add(180, 0.48144594536674024), 0.0024621297353135717)|0.8598]
Evaluating out-of-sample:
[GEN_41|make_tuple(180, 0.0024621297353135717)|0.9927]
[GEN_41|make_tuple(add(180, 0.48144594536674024), 0.0024621297353135717)|0.9927]
Stopped early in iteration 41, no improvement in 20 gens.
START_TASK: 18
GEN_0_FIT_0.8287530298671529_0.8449989691721379_0.8559033970256444_SIZE_1_1.75_4
GEN_1_FIT_0.849441646526189_0.8547114251146471_0.8590295675201389_SIZE_1_1.7_3
GEN_2_FIT_0.8566631656620977_0.8581845804661844_0.859732826918022_SIZE_1_1.7_3
GEN_3_FIT_0.858451338880362_0.8591633114771862_0.859732826918022_SIZE_1_1.2_2
GEN_4_FIT_0.8594742343478108_0.8596915879353372_0.8597926903131621_SIZE_1_1.15_2
GEN_5_FIT_0.859732826918022_0.8597699949471916_0.8599114959139048_SIZE_1_1.05_2
GEN_6_FIT_0.8597888681353582_0.8598212355920086_0.8599465733629956_SIZE_1_1.05_2
GEN_7_FIT_0.8598227204522145_0.8598898584832513_0.8599465733629956_SIZE_1_1.1_2
GEN_8_FIT_0.8599114959139048_0.8599351157997173_0.8599465733629956_SIZE_1_1.25_3
GEN_9_FIT_0.8599411797975318_0.8599460340064493_0.8599465733629956_SIZE_1_1.05_2
GEN_10_FIT_0.8599465733629956_0.8599472162448561_0.8599594310002051_SIZE_1_1.0_1
GEN_11_FIT_0.8599465733629956_0.8599527179492767_0.8600381667585547_SIZE_1_1.0_1
GEN_12_FIT_0.8599465733629956_0.8599582196536971_0.8600381667585547_SIZE_1_1.0_1
GEN_13_FIT_0.8599465733629956_0.8599848907174534_0.8600381667585547_SIZE_1_1.1_2
GEN_14_FIT_0.8599650140558465_0.8600282951856512_0.8600381667585547_SIZE_1_1.25_2
GEN_15_FIT_0.8600381667585547_0.8600381667585546_0.8600381667585547_SIZE_1_1.0_1
GEN_16_FIT_0.8600381667585547_0.8600381667585546_0.8600381667585547_SIZE_1_1.0_1
GEN_17_FIT_0.8600381667585547_0.8600381667585546_0.8600381667585547_SIZE_1_1.0_1
GEN_18_FIT_0.8600381667585547_0.8600381667585546_0.8600381667585547_SIZE_1_1.0_1
GEN_19_FIT_0.8600381667585547_0.8600381667585546_0.8600381667585547_SIZE_1_1.0_1
GEN_20_FIT_0.8600381667585547_0.8600381667585546_0.8600381667585547_SIZE_1_1.0_1
Evaluating in sample:
[GEN_20|make_tuple(180, 0.002490202955749569)|0.8600]
Evaluating out-of-sample:
[GEN_20|make_tuple(180, 0.002490202955749569)|0.9622]
GEN_21_FIT_0.8600381667585547_0.8600381667585546_0.8600381667585547_SIZE_1_1.0_1
GEN_22_FIT_0.8600381667585547_0.8600381667585546_0.8600381667585547_SIZE_1_1.0_1
GEN_23_FIT_0.8600381667585547_0.8600381667585546_0.8600381667585547_SIZE_1_1.0_1
GEN_24_FIT_0.8600381667585547_0.8600381667585546_0.8600381667585547_SIZE_1_1.0_1
GEN_25_FIT_0.8600381667585547_0.8600381667585546_0.8600381667585547_SIZE_1_1.0_1
GEN_26_FIT_0.8600381667585547_0.8600382977394443_0.860040786376347_SIZE_1_1.0_1
GEN_27_FIT_0.8600381667585547_0.8600387176373193_0.8600413254804715_SIZE_1_1.0_1
GEN_28_FIT_0.8600381667585547_0.8600396614587528_0.8600413254804715_SIZE_1_1.0_1
GEN_29_FIT_0.860040786376347_0.8600409211523783_0.8600413254804715_SIZE_1_1.05_2
GEN_30_FIT_0.860040786376347_0.8600410289732032_0.8600413254804715_SIZE_1_1.1_2
GEN_31_FIT_0.8600413254804715_0.8600413254804714_0.8600413254804715_SIZE_1_1.0_1
GEN_32_FIT_0.8600413254804715_0.8600413254804714_0.8600413254804715_SIZE_1_1.0_1
GEN_33_FIT_0.8600413254804715_0.8600413469965102_0.8600417558012474_SIZE_1_1.05_2
GEN_34_FIT_0.8600413254804715_0.860041368512549_0.8600417558012474_SIZE_1_1.1_2
GEN_35_FIT_0.8600413254804715_0.860041368512549_0.8600417558012474_SIZE_1_1.1_2
GEN_36_FIT_0.8600413254804715_0.860041368512549_0.8600417558012474_SIZE_1_1.1_2
GEN_37_FIT_0.8600413254804715_0.860041368512549_0.8600417558012474_SIZE_1_1.1_2
GEN_38_FIT_0.8600413254804715_0.860041368512549_0.8600417558012474_SIZE_1_1.1_2
GEN_39_FIT_0.8600413254804715_0.860041368512549_0.8600417558012474_SIZE_1_1.1_2
GEN_40_FIT_0.8600413254804715_0.8600414412294425_0.8600427798183408_SIZE_1_1.1_2
Evaluating in sample:
[GEN_40|make_tuple(180, 0.002464308658229638)|0.8600]
Evaluating out-of-sample:
[GEN_40|make_tuple(180, 0.002464308658229638)|0.9609]
GEN_41_FIT_0.8600413254804715_0.8600416593801228_0.8600427798183408_SIZE_1_1.1_2
GEN_42_FIT_0.8600413254804715_0.8600419502476967_0.8600427798183408_SIZE_1_1.1_2
GEN_43_FIT_0.8600427798183408_0.8600427798183408_0.8600427798183408_SIZE_1_1.0_1
GEN_44_FIT_0.8600427798183408_0.8600427798183408_0.8600427798183408_SIZE_1_1.0_1
GEN_45_FIT_0.8600427798183408_0.8600427798183408_0.8600427798183408_SIZE_1_1.0_1
GEN_46_FIT_0.8600427798183408_0.8600427798183408_0.8600427798183408_SIZE_1_1.0_1
GEN_47_FIT_0.8600427798183408_0.8600427798183408_0.8600427798183408_SIZE_1_1.0_1
GEN_48_FIT_0.8600427798183408_0.8600427798183408_0.8600427798183408_SIZE_1_1.0_1
GEN_49_FIT_0.8600427798183408_0.8600427798183408_0.8600427798183408_SIZE_1_1.0_1
GEN_50_FIT_0.8600427798183408_0.8600427798183408_0.8600427798183408_SIZE_1_1.0_1
GEN_51_FIT_0.8600427798183408_0.8600427798183408_0.8600427798183408_SIZE_1_1.0_1
GEN_52_FIT_0.8600427798183408_0.8600427798183408_0.8600427798183408_SIZE_1_1.0_1
GEN_53_FIT_0.8600427798183408_0.8600427798183408_0.8600427798183408_SIZE_1_1.0_1
GEN_54_FIT_0.8600427798183408_0.8600427798183408_0.8600427798183408_SIZE_1_1.0_1
GEN_55_FIT_0.8600427798183408_0.8600427798183408_0.8600427798183408_SIZE_1_1.0_1
GEN_56_FIT_0.8600427798183408_0.8600427798183408_0.8600427798183408_SIZE_1_1.0_1
GEN_57_FIT_0.8600427798183408_0.8600427798183408_0.8600427798183408_SIZE_1_1.0_1
GEN_58_FIT_0.8600427798183408_0.8600428009097015_0.8600432016455553_SIZE_1_1.05_2
GEN_59_FIT_0.8600427798183408_0.8600428220010622_0.8600432016455553_SIZE_1_1.1_2
GEN_60_FIT_0.8600427798183408_0.8600428220010622_0.8600432016455553_SIZE_1_1.1_2
Evaluating in sample:
[GEN_60|make_tuple(180, 0.002464308658229638)|0.8600]
[GEN_60|make_tuple(sub(180, 0.6325957170364124), 0.002464308658229638)|0.8600]
Evaluating out-of-sample:
[GEN_60|make_tuple(180, 0.002464308658229638)|0.9609]
[GEN_60|make_tuple(sub(180, 0.6325957170364124), 0.002464308658229638)|0.9609]
GEN_61_FIT_0.8600427798183408_0.8600428220010622_0.8600432016455553_SIZE_1_1.1_2
GEN_62_FIT_0.8600427798183408_0.8600428220010622_0.8600432016455553_SIZE_1_1.1_2
GEN_63_FIT_0.8600427798183408_0.8600428220010622_0.8600432016455553_SIZE_1_1.1_2
GEN_64_FIT_0.8600427798183408_0.8600428220010622_0.8600432016455553_SIZE_1_1.1_2
GEN_65_FIT_0.8600427798183408_0.8600428220010622_0.8600432016455553_SIZE_1_1.1_2
GEN_66_FIT_0.8600427798183408_0.8600428220010622_0.8600432016455553_SIZE_1_1.1_2
GEN_67_FIT_0.8600427798183408_0.8600428220010622_0.8600432016455553_SIZE_1_1.1_2
GEN_68_FIT_0.8600427798183408_0.8600428220010622_0.8600432016455553_SIZE_1_1.1_2
GEN_69_FIT_0.8600427798183408_0.8600428220010622_0.8600432016455553_SIZE_1_1.1_2
GEN_70_FIT_0.8600427798183408_0.8600428220010622_0.8600432016455553_SIZE_1_1.1_2
GEN_71_FIT_0.8600427798183408_0.8600428220010622_0.8600432016455553_SIZE_1_1.1_2
GEN_72_FIT_0.8600427798183408_0.8600428220010622_0.8600432016455553_SIZE_1_1.1_2
GEN_73_FIT_0.8600427798183408_0.8600428220010622_0.8600432016455553_SIZE_1_1.1_2
GEN_74_FIT_0.8600427798183408_0.8600428220010622_0.8600432016455553_SIZE_1_1.1_2
GEN_75_FIT_0.8600427798183408_0.8600428013343796_0.8600432101391168_SIZE_1_1.05_2
GEN_76_FIT_0.8600427798183408_0.8600428228504183_0.8600432101391168_SIZE_1_1.1_2
GEN_77_FIT_0.8600427798183408_0.860043012617693_0.8600465751638315_SIZE_1_1.2_3
GEN_78_FIT_0.8600427798183408_0.8600432023849673_0.8600465751638315_SIZE_1_1.3_3
GEN_79_FIT_0.8600427798183408_0.8600432023849673_0.8600465751638315_SIZE_1_1.3_3
GEN_80_FIT_0.8600427798183408_0.8600445690906022_0.8600465751638315_SIZE_1_2.05_4
Evaluating in sample:
[GEN_80|make_tuple(180, 0.0024908630889672566)|0.8600]
[GEN_80|make_tuple(add(pow(7, 0.25977098073878313), 180), 0.002464308658229638)|0.8600]
Evaluating out-of-sample:
[GEN_80|make_tuple(180, 0.0024908630889672566)|0.9622]
[GEN_80|make_tuple(add(pow(7, 0.25977098073878313), 180), 0.002464308658229638)|0.9609]
GEN_81_FIT_0.8600427798183408_0.8600437353414689_0.8600473426890958_SIZE_1_1.5_3
GEN_82_FIT_0.8600427798183408_0.8600439101963596_0.8600473426890958_SIZE_1_1.55_3
GEN_83_FIT_0.8600435465126008_0.860043969162328_0.8600473426890958_SIZE_1_1.3_3
GEN_84_FIT_0.8600435465126008_0.860043969162328_0.8600473426890958_SIZE_1_1.3_3
GEN_85_FIT_0.8600435465126008_0.860043969162328_0.8600473426890958_SIZE_1_1.3_3
GEN_86_FIT_0.8600435465126008_0.860043969162328_0.8600473426890958_SIZE_1_1.3_3
GEN_87_FIT_0.8600435465126008_0.860043969162328_0.8600473426890958_SIZE_1_1.3_3
GEN_88_FIT_0.8600435465126008_0.860043969162328_0.8600473426890958_SIZE_1_1.3_3
GEN_89_FIT_0.8600435465126008_0.860043969162328_0.8600473426890958_SIZE_1_1.3_3
GEN_90_FIT_0.8600435465126008_0.860043969162328_0.8600473426890958_SIZE_1_1.3_3
GEN_91_FIT_0.8600435465126008_0.860043969162328_0.8600473426890958_SIZE_1_1.3_3
GEN_92_FIT_0.8600435465126008_0.860043969162328_0.8600473426890958_SIZE_1_1.3_3
GEN_93_FIT_0.8600435465126008_0.860043969162328_0.8600473426890958_SIZE_1_1.3_3
GEN_94_FIT_0.8600435465126008_0.860043969162328_0.8600473426890958_SIZE_1_1.3_3
GEN_95_FIT_0.8600435465126008_0.860043969162328_0.8600473426890958_SIZE_1_1.3_3
GEN_96_FIT_0.8600435465126008_0.860043969162328_0.8600473426890958_SIZE_1_1.3_3
GEN_97_FIT_0.8600435465126008_0.860043969162328_0.8600473426890958_SIZE_1_1.3_3
GEN_98_FIT_0.8600435465126008_0.860043969162328_0.8600473426890958_SIZE_1_1.3_3
GEN_99_FIT_0.8600435465126008_0.860043969162328_0.8600473426890958_SIZE_1_1.3_3
GEN_100_FIT_0.8600435465126008_0.860043969162328_0.8600473426890958_SIZE_1_1.3_3
Evaluating in sample:
[GEN_100|make_tuple(180, 0.0024908630889672566)|0.8600]
[GEN_100|make_tuple(add(0.25977098073878313, 180), 0.0024908630889672566)|0.8600]
[GEN_100|make_tuple(add(pow(4, 0.25977098073878313), 180), 0.0024908630889672566)|0.8600]
Evaluating out-of-sample:
[GEN_100|make_tuple(180, 0.0024908630889672566)|0.9622]
[GEN_100|make_tuple(add(0.25977098073878313, 180), 0.0024908630889672566)|0.9622]
[GEN_100|make_tuple(add(pow(4, 0.25977098073878313), 180), 0.0024908630889672566)|0.9622]
GEN_101_FIT_0.8600435465126008_0.860043969162328_0.8600473426890958_SIZE_1_1.3_3
GEN_102_FIT_0.8600435465126008_0.860043969162328_0.8600473426890958_SIZE_1_1.3_3
Evaluating in sample:
[GEN_102|make_tuple(180, 0.0024908630889672566)|0.8600]
[GEN_102|make_tuple(add(0.25977098073878313, 180), 0.0024908630889672566)|0.8600]
[GEN_102|make_tuple(add(pow(4, 0.25977098073878313), 180), 0.0024908630889672566)|0.8600]
Evaluating out-of-sample:
[GEN_102|make_tuple(180, 0.0024908630889672566)|0.9622]
[GEN_102|make_tuple(add(0.25977098073878313, 180), 0.0024908630889672566)|0.9622]
[GEN_102|make_tuple(add(pow(4, 0.25977098073878313), 180), 0.0024908630889672566)|0.9622]
Stopped early in iteration 102, no improvement in 20 gens.
START_TASK: 22
