Starting problem: mlr_rf
param:age_regularization:100000.0
param:algorithm:mupluslambda
param:constants_only:True
param:cxpb:0.25
param:early_stop_n:20
param:lambda_:100
param:max_number_operators:None
param:max_start_size:2
param:mu:20
param:ngen:300
param:optimize_constants:False
param:output_file:/home/gijsbers/symbolicdefaults/runs/mlr_rf_True_10.log
param:problem:mlr_rf
param:subset:1.0
param:task:None
param:warm_start:False
Benchmark problems: mlr_rf
Loading surrogates from file.
With fixed hyperparameters: {'num.trees': 500.0}:
And hyperparameters: ['num.trees', 'sample.fraction', 'min.node.size', 'mtry']:
START_TASK: 3
GEN_0_FIT_0.8685707681659413_0.892038065164219_0.9114766616074542_SIZE_1_4.85_10
GEN_1_FIT_0.8895767507120916_0.8995426068183079_0.9128885246666486_SIZE_1_4.0_10
GEN_2_FIT_0.8916033485156475_0.9057708937533215_0.9128885246666486_SIZE_1_5.1_10
GEN_3_FIT_0.8948893225039319_0.908367376955703_0.9131666131409497_SIZE_1_4.95_8
GEN_4_FIT_0.8948893225039319_0.9036661072523527_0.9134443485357014_SIZE_1_3.0_9
GEN_5_FIT_0.8950786546074143_0.899425532085943_0.9134443485357014_SIZE_1_2.2_9
GEN_6_FIT_0.8950786546074143_0.9001165626934038_0.9134443485357014_SIZE_1_1.95_8
GEN_7_FIT_0.8950786546074143_0.9083432288672524_0.9135883280211954_SIZE_1_3.15_7
GEN_8_FIT_0.8950786546074143_0.9084393588390475_0.9135883280211954_SIZE_1_3.35_7
GEN_9_FIT_0.8950786546074143_0.9025910285982315_0.913624028495634_SIZE_1_2.05_5
GEN_10_FIT_0.8953185227950353_0.9021553776337121_0.913624028495634_SIZE_1_2.0_5
GEN_11_FIT_0.8953185227950353_0.9036871988507891_0.913624028495634_SIZE_1_2.1_5
GEN_12_FIT_0.8954172592285881_0.9094790579463844_0.913624028495634_SIZE_1_2.8_5
GEN_13_FIT_0.8954172592285881_0.910754147581143_0.9136264911294969_SIZE_1_3.55_5
GEN_14_FIT_0.8954172592285881_0.9071080288614393_0.9136264911294969_SIZE_1_2.75_5
GEN_15_FIT_0.8954172592285881_0.9071624848818829_0.9136264911294969_SIZE_1_2.75_5
GEN_16_FIT_0.8954248234416913_0.8972315991899839_0.9136293479704815_SIZE_1_1.2_4
GEN_17_FIT_0.8954248234416913_0.8963400929891364_0.9137302143905944_SIZE_1_1.05_2
GEN_18_FIT_0.8954248234416913_0.8963400929891364_0.9137302143905944_SIZE_1_1.05_2
GEN_19_FIT_0.8954248234416913_0.8972553625365816_0.9137302143905944_SIZE_1_1.1_2
GEN_20_FIT_0.8954248234416913_0.8972553625365816_0.9137302143905944_SIZE_1_1.1_2
Evaluating in sample:
[GEN_20|make_tuple(0.507053918261924, 77, 6)|0.8954]
[GEN_20|make_tuple(0.6068807147429431, expit(0.5998260682935669), 5)|0.9137]
Evaluating out-of-sample:
[GEN_20|make_tuple(0.507053918261924, 77, 6)|0.9952]
[GEN_20|make_tuple(0.6068807147429431, expit(0.5998260682935669), 5)|0.9896]
GEN_21_FIT_0.8954248234416913_0.8972553625365816_0.9137302143905944_SIZE_1_1.1_2
GEN_22_FIT_0.8954248234416913_0.8972553625365816_0.9137302143905944_SIZE_1_1.1_2
GEN_23_FIT_0.8954248234416913_0.8972553625365816_0.9137302143905944_SIZE_1_1.1_2
GEN_24_FIT_0.8954248234416913_0.8972553625365816_0.9137302143905944_SIZE_1_1.1_2
GEN_25_FIT_0.8954248234416913_0.8972553625365816_0.9137302143905944_SIZE_1_1.1_2
GEN_26_FIT_0.8954248234416913_0.8972553625365816_0.9137302143905944_SIZE_1_1.1_2
GEN_27_FIT_0.8954248234416913_0.8972553625365816_0.9137302143905944_SIZE_1_1.1_2
GEN_28_FIT_0.8954248234416913_0.8972553625365816_0.9137302143905944_SIZE_1_1.1_2
GEN_29_FIT_0.8954248234416913_0.8972553625365816_0.9137302143905944_SIZE_1_1.1_2
GEN_30_FIT_0.8954248234416913_0.8972553625365816_0.9137302143905944_SIZE_1_1.1_2
GEN_31_FIT_0.8954248234416913_0.8972553625365816_0.9137302143905944_SIZE_1_1.1_2
GEN_32_FIT_0.8954248234416913_0.8972553625365816_0.9137302143905944_SIZE_1_1.1_2
GEN_33_FIT_0.8954248234416913_0.8972553625365816_0.9137302143905944_SIZE_1_1.1_2
GEN_34_FIT_0.8954248234416913_0.8972553625365816_0.9137302143905944_SIZE_1_1.1_2
GEN_35_FIT_0.8954248234416913_0.8972553625365816_0.9137302143905944_SIZE_1_1.1_2
GEN_36_FIT_0.8954248234416913_0.8972553625365816_0.9137302143905944_SIZE_1_1.1_2
GEN_37_FIT_0.8954248234416913_0.8972553625365816_0.9137302143905944_SIZE_1_1.1_2
GEN_38_FIT_0.8954248234416913_0.8972553625365816_0.9137302143905944_SIZE_1_1.1_2
Evaluating in sample:
[GEN_38|make_tuple(0.507053918261924, 77, 6)|0.8954]
[GEN_38|make_tuple(0.6068807147429431, expit(0.5998260682935669), 5)|0.9137]
Evaluating out-of-sample:
[GEN_38|make_tuple(0.507053918261924, 77, 6)|0.9952]
[GEN_38|make_tuple(0.6068807147429431, expit(0.5998260682935669), 5)|0.9896]
Stopped early in iteration 38, no improvement in 20 gens.
START_TASK: 6
GEN_0_FIT_0.8692107810836105_0.8869531648353828_0.9037083559156464_SIZE_1_3.0_12
GEN_1_FIT_0.8699098645176562_0.880401767063697_0.9037083559156464_SIZE_1_1.65_4
GEN_2_FIT_0.89073884239898_0.9002251538409245_0.9062928187993666_SIZE_1_2.55_5
GEN_3_FIT_0.8931228270773948_0.8987738006101204_0.9067014300866981_SIZE_1_1.7_4
GEN_4_FIT_0.8947495859537807_0.8989551535884328_0.9078283827485862_SIZE_1_1.6_3
GEN_5_FIT_0.8951671591942462_0.9022764975990759_0.9092265816270316_SIZE_1_2.05_4
GEN_6_FIT_0.8954747560356339_0.903251375487749_0.9094072012420392_SIZE_1_2.25_4
GEN_7_FIT_0.8957893675580115_0.9007336702528812_0.9097397931315151_SIZE_1_1.85_5
GEN_8_FIT_0.8957964839793208_0.9048161893550173_0.9097464158888233_SIZE_1_2.6_5
GEN_9_FIT_0.8957964839793208_0.9046720594354444_0.9109322673116909_SIZE_1_2.75_5
GEN_10_FIT_0.8957964839793208_0.9007597468647551_0.9109989835981571_SIZE_1_1.8_5
GEN_11_FIT_0.8960529299153638_0.8982915021534593_0.9109989835981571_SIZE_1_1.45_5
GEN_12_FIT_0.8960529299153638_0.8975465543279023_0.9110460807698076_SIZE_1_1.25_5
GEN_13_FIT_0.8960529299153638_0.8982962118706244_0.9110460807698076_SIZE_1_1.45_5
GEN_14_FIT_0.8960529299153638_0.897575173430947_0.9112787618112294_SIZE_1_1.25_5
GEN_15_FIT_0.8960529299153638_0.8983364650257402_0.9112787618112294_SIZE_1_1.45_5
GEN_16_FIT_0.8960529299153638_0.8991206293766296_0.9117362169331529_SIZE_1_1.7_6
GEN_17_FIT_0.8960529299153638_0.899174452719077_0.9122573510203376_SIZE_1_1.45_6
GEN_18_FIT_0.8960529299153638_0.899963850625962_0.9122573510203376_SIZE_1_1.55_6
GEN_19_FIT_0.8960529299153638_0.8983898278134547_0.9123528110455879_SIZE_1_1.2_3
GEN_20_FIT_0.8960529299153638_0.8992648135165165_0.9123528110455879_SIZE_1_1.3_3
Evaluating in sample:
[GEN_20|make_tuple(0.5063485359430479, 313, 6)|0.8961]
[GEN_20|make_tuple(0.6177269482134167, expit(0.3419315175225292), 5)|0.9119]
[GEN_20|make_tuple(0.6177269482134167, expit(0.3419315175225292), add(5, 0.009276180397476205))|0.9124]
Evaluating out-of-sample:
[GEN_20|make_tuple(0.5063485359430479, 313, 6)|0.9184]
[GEN_20|make_tuple(0.6177269482134167, expit(0.3419315175225292), 5)|0.9887]
[GEN_20|make_tuple(0.6177269482134167, expit(0.3419315175225292), add(5, 0.009276180397476205))|0.9884]
GEN_21_FIT_0.8960529299153638_0.8976624784572536_0.9124174218995209_SIZE_1_1.15_3
GEN_22_FIT_0.8960529299153638_0.8984807030564614_0.9124174218995209_SIZE_1_1.25_3
GEN_23_FIT_0.8960529299153638_0.8976672268276895_0.9124250296714578_SIZE_1_1.15_3
GEN_24_FIT_0.8960529299153638_0.8984858318154941_0.9124250296714578_SIZE_1_1.25_3
GEN_25_FIT_0.8960529299153638_0.8992815237400149_0.9124250296714578_SIZE_1_1.3_3
GEN_26_FIT_0.8960529299153638_0.8992815237400149_0.9124250296714578_SIZE_1_1.3_3
GEN_27_FIT_0.8960529299153638_0.8984866106219085_0.9124250296714578_SIZE_1_1.25_3
GEN_28_FIT_0.8960529299153638_0.8984866106219085_0.9124250296714578_SIZE_1_1.25_3
GEN_29_FIT_0.8960529299153638_0.8992830813528438_0.9124250296714578_SIZE_1_1.3_3
GEN_30_FIT_0.8960529299153638_0.8984653432419014_0.9124423672087004_SIZE_1_1.2_3
GEN_31_FIT_0.8960529299153638_0.9032806551269731_0.9124423672087004_SIZE_1_1.6_3
GEN_32_FIT_0.8960529299153638_0.9001184466657912_0.9127250827021428_SIZE_1_1.35_3
GEN_33_FIT_0.8960529299153638_0.901064066145684_0.9143989317309633_SIZE_1_1.45_4
GEN_34_FIT_0.8960529299153638_0.904497105112028_0.9143989317309633_SIZE_1_1.8_4
GEN_35_FIT_0.8960534083130489_0.8996139619982422_0.9143989317309633_SIZE_1_1.45_4
GEN_36_FIT_0.8960534083130489_0.899640249521485_0.9143989317309633_SIZE_1_1.45_4
GEN_37_FIT_0.8960534083130489_0.8996508522277045_0.9143989317309633_SIZE_1_1.45_4
GEN_38_FIT_0.8960534083130489_0.9014137438005688_0.9143989317309633_SIZE_1_1.6_4
GEN_39_FIT_0.8960534083130489_0.9005455968302571_0.9143989317309633_SIZE_1_1.5_4
GEN_40_FIT_0.8960534083130489_0.900534465633991_0.9144076985340025_SIZE_1_1.45_4
Evaluating in sample:
[GEN_40|make_tuple(0.5061271481887096, 1, 6)|0.8961]
[GEN_40|make_tuple(0.6188841118171554, expit(0.5929821104082375), 5)|0.9136]
[GEN_40|make_tuple(0.6188841118171554, expit(0.5929821104082375), add(5, 0.0456982630862425))|0.9142]
[GEN_40|make_tuple(0.6188841118171554, expit(expit(0.39656379519347823)), add(5, 0.0456982630862425))|0.9144]
Evaluating out-of-sample:
[GEN_40|make_tuple(0.5061271481887096, 1, 6)|0.9184]
[GEN_40|make_tuple(0.6188841118171554, expit(0.5929821104082375), 5)|0.9884]
[GEN_40|make_tuple(0.6188841118171554, expit(0.5929821104082375), add(5, 0.0456982630862425))|0.9881]
[GEN_40|make_tuple(0.6188841118171554, expit(expit(0.39656379519347823)), add(5, 0.0456982630862425))|0.9881]
GEN_41_FIT_0.8960534083130489_0.8996636759993247_0.9144076985340025_SIZE_1_1.4_4
GEN_42_FIT_0.8960534083130489_0.8996640832554368_0.9144158436562451_SIZE_1_1.4_4
GEN_43_FIT_0.8960534083130489_0.8996821996456392_0.9144158436562451_SIZE_1_1.45_4
GEN_44_FIT_0.8960534083130489_0.90059383409384_0.9144158436562451_SIZE_1_1.55_4
GEN_45_FIT_0.8960534083130489_0.90059383409384_0.9144158436562451_SIZE_1_1.55_4
GEN_46_FIT_0.8960534083130489_0.90059383409384_0.9144158436562451_SIZE_1_1.55_4
GEN_47_FIT_0.8960534083130489_0.9014752005563162_0.9144158436562451_SIZE_1_1.6_4
GEN_48_FIT_0.8960534083130489_0.9014752005563162_0.9144158436562451_SIZE_1_1.6_4
GEN_49_FIT_0.8960534083130489_0.9014752005563162_0.9144158436562451_SIZE_1_1.6_4
GEN_50_FIT_0.8960534083130489_0.901477611600994_0.9144158436562451_SIZE_1_1.6_4
GEN_51_FIT_0.8960534083130489_0.901477611600994_0.9144158436562451_SIZE_1_1.6_4
GEN_52_FIT_0.8960534083130489_0.901477611600994_0.9144158436562451_SIZE_1_1.6_4
GEN_53_FIT_0.8960534083130489_0.901477611600994_0.9144158436562451_SIZE_1_1.6_4
GEN_54_FIT_0.8960534083130489_0.9005704683829017_0.9144158436562451_SIZE_1_1.5_4
GEN_55_FIT_0.8960534083130489_0.9015010778782593_0.9144158436562451_SIZE_1_1.6_4
GEN_56_FIT_0.8960534083130489_0.9113595087832556_0.9144158436562451_SIZE_1_2.5_4
GEN_57_FIT_0.8960795671910351_0.9124601702473857_0.9144158436562451_SIZE_1_3.2_4
GEN_58_FIT_0.8960795671910351_0.9125211549719754_0.9144158436562451_SIZE_1_3.4_4
GEN_59_FIT_0.8960795671910351_0.9125211549719754_0.9144158436562451_SIZE_1_3.4_4
GEN_60_FIT_0.8943471462170175_0.9078505557473079_0.9144165917305415_SIZE_1_2.3_4
Evaluating in sample:
[GEN_60|make_tuple(0.5069082871563305, 11, 6)|0.8961]
[GEN_60|make_tuple(0.6188841118171554, expit(0.5986112330696901), 5)|0.9138]
[GEN_60|make_tuple(0.6188841118171554, expit(0.6020101890865179), add(5, 0.05050426981632137))|0.9144]
[GEN_60|make_tuple(0.6188841118171554, expit(expit(0.3969349959774096)), add(5, 0.0456982630862425))|0.9144]
Evaluating out-of-sample:
[GEN_60|make_tuple(0.5069082871563305, 11, 6)|0.9184]
[GEN_60|make_tuple(0.6188841118171554, expit(0.5986112330696901), 5)|0.9884]
[GEN_60|make_tuple(0.6188841118171554, expit(0.6020101890865179), add(5, 0.05050426981632137))|0.9879]
[GEN_60|make_tuple(0.6188841118171554, expit(expit(0.3969349959774096)), add(5, 0.0456982630862425))|0.9881]
GEN_61_FIT_0.8960795671910351_0.8996868343026054_0.9144193964338984_SIZE_1_1.3_3
GEN_62_FIT_0.8960795671910351_0.8996868343026054_0.9144193964338984_SIZE_1_1.3_3
GEN_63_FIT_0.8960795671910351_0.8996868343026054_0.9144193964338984_SIZE_1_1.3_3
GEN_64_FIT_0.8960795671910351_0.8996868343026054_0.9144193964338984_SIZE_1_1.3_3
GEN_65_FIT_0.8960795671910351_0.8996868343026054_0.9144193964338984_SIZE_1_1.3_3
GEN_66_FIT_0.8960795671910351_0.8996868343026054_0.9144193964338984_SIZE_1_1.3_3
GEN_67_FIT_0.8960795671910351_0.8996868343026054_0.9144193964338984_SIZE_1_1.3_3
GEN_68_FIT_0.8960795671910351_0.8996868343026054_0.9144193964338984_SIZE_1_1.3_3
GEN_69_FIT_0.8960795671910351_0.8996868343026054_0.9144193964338984_SIZE_1_1.3_3
GEN_70_FIT_0.8960795671910351_0.8996868343026054_0.9144193964338984_SIZE_1_1.3_3
GEN_71_FIT_0.8960795671910351_0.8996868343026054_0.9144193964338984_SIZE_1_1.3_3
GEN_72_FIT_0.8960795671910351_0.8996868343026054_0.9144193964338984_SIZE_1_1.3_3
GEN_73_FIT_0.8960795671910351_0.8996868343026054_0.9144193964338984_SIZE_1_1.3_3
GEN_74_FIT_0.8960795671910351_0.8996868343026054_0.9144193964338984_SIZE_1_1.3_3
GEN_75_FIT_0.8960795671910351_0.8996868343026054_0.9144193964338984_SIZE_1_1.3_3
GEN_76_FIT_0.8960795671910351_0.8996868343026054_0.9144193964338984_SIZE_1_1.3_3
GEN_77_FIT_0.8960795671910351_0.8996868343026054_0.9144193964338984_SIZE_1_1.3_3
GEN_78_FIT_0.8960795671910351_0.8996868343026054_0.9144193964338984_SIZE_1_1.3_3
GEN_79_FIT_0.8960795671910351_0.8996868343026054_0.9144193964338984_SIZE_1_1.3_3
GEN_80_FIT_0.8960795671910351_0.8996868343026054_0.9144193964338984_SIZE_1_1.3_3
Evaluating in sample:
[GEN_80|make_tuple(0.5069082871563305, 11, 6)|0.8961]
[GEN_80|make_tuple(0.6188841118171554, expit(0.5986112330696901), 5)|0.9138]
[GEN_80|make_tuple(0.6188841118171554, expit(0.5986112330696901), add(5, 0.05631255340163437))|0.9144]
Evaluating out-of-sample:
[GEN_80|make_tuple(0.5069082871563305, 11, 6)|0.9184]
[GEN_80|make_tuple(0.6188841118171554, expit(0.5986112330696901), 5)|0.9884]
[GEN_80|make_tuple(0.6188841118171554, expit(0.5986112330696901), add(5, 0.05631255340163437))|0.9881]
GEN_81_FIT_0.8960795671910351_0.8996868343026054_0.9144193964338984_SIZE_1_1.3_3
GEN_82_FIT_0.8960795671910351_0.8996868343026054_0.9144193964338984_SIZE_1_1.3_3
Evaluating in sample:
[GEN_82|make_tuple(0.5069082871563305, 11, 6)|0.8961]
[GEN_82|make_tuple(0.6188841118171554, expit(0.5986112330696901), 5)|0.9138]
[GEN_82|make_tuple(0.6188841118171554, expit(0.5986112330696901), add(5, 0.05631255340163437))|0.9144]
Evaluating out-of-sample:
[GEN_82|make_tuple(0.5069082871563305, 11, 6)|0.9184]
[GEN_82|make_tuple(0.6188841118171554, expit(0.5986112330696901), 5)|0.9884]
[GEN_82|make_tuple(0.6188841118171554, expit(0.5986112330696901), add(5, 0.05631255340163437))|0.9881]
Stopped early in iteration 82, no improvement in 20 gens.
START_TASK: 11
GEN_0_FIT_0.8704787277854534_0.8842835088070771_0.9107537623544142_SIZE_1_3.25_10
GEN_1_FIT_0.8704787277854534_0.8910292146931227_0.9107537623544142_SIZE_1_2.55_9
GEN_2_FIT_0.8747708679618509_0.8975725860783614_0.9114103600296436_SIZE_1_3.2_10
GEN_3_FIT_0.8842755249262217_0.8986494465007608_0.9115139317135732_SIZE_1_2.0_4
GEN_4_FIT_0.8929225029586445_0.8980101437968013_0.9120712016023588_SIZE_1_1.5_3
GEN_5_FIT_0.8929225029586445_0.9028805286970117_0.9120712016023588_SIZE_1_1.95_4
GEN_6_FIT_0.8938130091537486_0.9000894134278014_0.9120712016023588_SIZE_1_1.65_4
GEN_7_FIT_0.8938130091537486_0.9048758389876916_0.9120712016023588_SIZE_1_1.95_4
GEN_8_FIT_0.8951793498879776_0.9011269425147344_0.913117642310643_SIZE_1_1.4_3
GEN_9_FIT_0.8951793498879776_0.8978873306330435_0.9131897707227583_SIZE_1_1.15_2
GEN_10_FIT_0.8952475021932784_0.9005749750252342_0.9131897707227583_SIZE_1_1.3_2
GEN_11_FIT_0.8952889012509041_0.9060443461286823_0.9138339204705875_SIZE_1_1.65_3
GEN_12_FIT_0.8955507498099067_0.903713043194362_0.9138339204705875_SIZE_1_1.45_2
GEN_13_FIT_0.8957458808494974_0.902161271443654_0.9138339204705875_SIZE_1_1.35_2
GEN_14_FIT_0.8958675667255508_0.904166644853072_0.9143128289172222_SIZE_1_1.5_3
GEN_15_FIT_0.8962876044379401_0.8998447584891333_0.9143128289172222_SIZE_1_1.3_3
GEN_16_FIT_0.8962876044379401_0.9007755899483565_0.914904233622408_SIZE_1_1.45_4
GEN_17_FIT_0.8962876044379401_0.9007755899483566_0.914904233622408_SIZE_1_1.45_4
GEN_18_FIT_0.8962876044379401_0.9017064214075801_0.914904233622408_SIZE_1_1.6_4
GEN_19_FIT_0.8962876044379401_0.9107046669238172_0.914904233622408_SIZE_1_2.65_5
GEN_20_FIT_0.8963423708806345_0.9125993690355843_0.914904233622408_SIZE_1_2.85_4
Evaluating in sample:
[GEN_20|make_tuple(0.5558980725132959, 2, 6)|0.8963]
[GEN_20|make_tuple(0.610525600028742, add(0.3662689043732514, 0.27706682557394247), 5)|0.9138]
[GEN_20|make_tuple(0.610525600028742, add(0.3662689043732514, 0.27706682557394247), add(5, 0.15066835731929987))|0.9144]
[GEN_20|make_tuple(0.610525600028742, add(0.3662689043732514, add(0.002491429418941875, 0.27706682557394247)), add(5, 0.15066835731929987))|0.9149]
Evaluating out-of-sample:
[GEN_20|make_tuple(0.5558980725132959, 2, 6)|0.8617]
[GEN_20|make_tuple(0.610525600028742, add(0.3662689043732514, 0.27706682557394247), 5)|0.9129]
[GEN_20|make_tuple(0.610525600028742, add(0.3662689043732514, 0.27706682557394247), add(5, 0.15066835731929987))|0.9140]
[GEN_20|make_tuple(0.610525600028742, add(0.3662689043732514, add(0.002491429418941875, 0.27706682557394247)), add(5, 0.15066835731929987))|0.9105]
GEN_21_FIT_0.8963423708806345_0.9129457737782134_0.914904233622408_SIZE_1_3.5_4
GEN_22_FIT_0.8890682428977318_0.9096200949795958_0.9149189140520885_SIZE_1_2.7_4
GEN_23_FIT_0.8962088802924618_0.9054017830223492_0.9149443156992442_SIZE_1_2.05_4
GEN_24_FIT_0.8963423708806345_0.9008863640872441_0.9149443156992442_SIZE_1_1.5_4
GEN_25_FIT_0.8963423708806345_0.9008863640872441_0.9149443156992442_SIZE_1_1.5_4
GEN_26_FIT_0.8963423708806345_0.9017997669024991_0.9149443156992442_SIZE_1_1.6_4
GEN_27_FIT_0.8963423708806345_0.9017997669024991_0.9149443156992442_SIZE_1_1.6_4
GEN_28_FIT_0.8963423708806345_0.9017997669024991_0.9149443156992442_SIZE_1_1.6_4
GEN_29_FIT_0.8963423708806345_0.9017997669024991_0.9149443156992442_SIZE_1_1.6_4
GEN_30_FIT_0.8963423708806345_0.9017997669024991_0.9149443156992442_SIZE_1_1.6_4
GEN_31_FIT_0.8963423708806345_0.900922073400302_0.9149443156992442_SIZE_1_1.55_4
GEN_32_FIT_0.8963423708806345_0.9018166170381882_0.9149443156992442_SIZE_1_1.6_4
GEN_33_FIT_0.8963423708806345_0.90091130314804_0.9149443156992442_SIZE_1_1.5_4
GEN_34_FIT_0.8963423708806345_0.9018346361189918_0.9149443156992442_SIZE_1_1.6_4
GEN_35_FIT_0.8963423708806345_0.9018346361189918_0.9149443156992442_SIZE_1_1.6_4
GEN_36_FIT_0.8963423708806345_0.9128345598519354_0.9149443156992442_SIZE_1_2.85_4
GEN_37_FIT_0.8963517547598226_0.912809767229905_0.9149443156992442_SIZE_1_2.9_4
GEN_38_FIT_0.8963517547598226_0.9130415429682992_0.9149443156992442_SIZE_1_3.5_4
GEN_39_FIT_0.8954637604477607_0.9072630114092375_0.915088408209749_SIZE_1_2.25_4
GEN_40_FIT_0.8963517547598226_0.9000488030227889_0.915088408209749_SIZE_1_1.45_4
Evaluating in sample:
[GEN_40|make_tuple(0.5561763403136715, 90, 6)|0.8964]
[GEN_40|make_tuple(0.6181591102181883, add(0.3690990563066799, 0.27762748570335366), 5)|0.9143]
[GEN_40|make_tuple(0.6257661447147822, add(0.3690990563066799, 0.27762748570335366), add(5, 0.0563200333106147))|0.9148]
[GEN_40|make_tuple(0.6181591102181883, add(0.3662689043732514, add(0.002402688604832404, 0.2769838841037499)), add(5, 0.1317222224335826))|0.9151]
Evaluating out-of-sample:
[GEN_40|make_tuple(0.5561763403136715, 90, 6)|0.8617]
[GEN_40|make_tuple(0.6181591102181883, add(0.3690990563066799, 0.27762748570335366), 5)|0.9096]
[GEN_40|make_tuple(0.6257661447147822, add(0.3690990563066799, 0.27762748570335366), add(5, 0.0563200333106147))|0.9098]
[GEN_40|make_tuple(0.6181591102181883, add(0.3662689043732514, add(0.002402688604832404, 0.2769838841037499)), add(5, 0.1317222224335826))|0.9109]
GEN_41_FIT_0.8963517547598226_0.9009725459908369_0.915088408209749_SIZE_1_1.55_4
GEN_42_FIT_0.8963517547598226_0.9009725459908369_0.915088408209749_SIZE_1_1.55_4
GEN_43_FIT_0.8963517547598226_0.9009725459908369_0.915088408209749_SIZE_1_1.55_4
GEN_44_FIT_0.8963517547598226_0.9009725459908369_0.915088408209749_SIZE_1_1.55_4
GEN_45_FIT_0.8963517547598226_0.9009725459908369_0.915088408209749_SIZE_1_1.55_4
GEN_46_FIT_0.8963517547598226_0.9018721859407623_0.915088408209749_SIZE_1_1.6_4
GEN_47_FIT_0.8963517547598226_0.9018721859407623_0.915088408209749_SIZE_1_1.6_4
GEN_48_FIT_0.8963517547598226_0.900954907612379_0.915088408209749_SIZE_1_1.5_4
GEN_49_FIT_0.8963517547598226_0.9018851152200915_0.915088408209749_SIZE_1_1.6_4
GEN_50_FIT_0.8963517547598226_0.913044523011831_0.915088408209749_SIZE_1_3.0_5
GEN_51_FIT_0.8963714327166362_0.9140649238603842_0.915088408209749_SIZE_1_3.55_4
GEN_52_FIT_0.8963714327166362_0.9131290750857284_0.915088408209749_SIZE_1_3.4_4
GEN_53_FIT_0.8963714327166362_0.9131290750857284_0.915088408209749_SIZE_1_3.4_4
GEN_54_FIT_0.8963714327166362_0.9131290750857284_0.915088408209749_SIZE_1_3.4_4
GEN_55_FIT_0.8963714327166362_0.9131290750857284_0.915088408209749_SIZE_1_3.4_4
GEN_56_FIT_0.8963714327166362_0.9131290750857284_0.915088408209749_SIZE_1_3.4_4
GEN_57_FIT_0.8963714327166362_0.9131290750857284_0.915088408209749_SIZE_1_3.4_4
GEN_58_FIT_0.8963714327166362_0.9131290750857284_0.915088408209749_SIZE_1_3.4_4
GEN_59_FIT_0.8963714327166362_0.9131290750857284_0.915088408209749_SIZE_1_3.4_4
GEN_60_FIT_0.8963714327166362_0.9131290750857284_0.915088408209749_SIZE_1_3.4_4
Evaluating in sample:
[GEN_60|make_tuple(0.5575215307581136, 546, 6)|0.8964]
[GEN_60|make_tuple(0.6181591102181883, add(0.3690990563066799, 0.27762748570335366), 5)|0.9143]
[GEN_60|make_tuple(0.6181591102181883, add(0.3690990563066799, 0.27762748570335366), add(5, 0.0563200333106147))|0.9150]
[GEN_60|make_tuple(0.6181591102181883, add(0.3662689043732514, add(0.002402688604832404, 0.2769838841037499)), add(5, 0.1317222224335826))|0.9151]
Evaluating out-of-sample:
[GEN_60|make_tuple(0.5575215307581136, 546, 6)|0.8617]
[GEN_60|make_tuple(0.6181591102181883, add(0.3690990563066799, 0.27762748570335366), 5)|0.9096]
[GEN_60|make_tuple(0.6181591102181883, add(0.3690990563066799, 0.27762748570335366), add(5, 0.0563200333106147))|0.9109]
[GEN_60|make_tuple(0.6181591102181883, add(0.3662689043732514, add(0.002402688604832404, 0.2769838841037499)), add(5, 0.1317222224335826))|0.9109]
Stopped early in iteration 60, no improvement in 20 gens.
START_TASK: 12
GEN_0_FIT_0.8689595872946401_0.8805309564153319_0.9024445763419473_SIZE_1_4.3_10
GEN_1_FIT_0.8808454964773406_0.8939321873310009_0.904790618465185_SIZE_1_5.05_9
GEN_2_FIT_0.8827259754975018_0.8965154355495955_0.9048516631515559_SIZE_1_4.45_9
GEN_3_FIT_0.8857623926335416_0.89923444412671_0.9096597204495096_SIZE_1_4.5_9
GEN_4_FIT_0.8925851833472767_0.9006718987745812_0.9096651203404074_SIZE_1_3.55_8
GEN_5_FIT_0.8930582117303558_0.9034951856004285_0.9097298378075569_SIZE_1_3.5_6
GEN_6_FIT_0.8930582117303558_0.9050550174980471_0.9097298378075569_SIZE_1_3.7_6
GEN_7_FIT_0.8930716379002799_0.9021266583720393_0.9113735449793926_SIZE_1_2.95_6
GEN_8_FIT_0.8942835933289426_0.9050275800628972_0.9114721353867415_SIZE_1_3.5_6
GEN_9_FIT_0.8943112521268016_0.9040164903583859_0.9129555443668469_SIZE_1_2.4_6
GEN_10_FIT_0.8943112521268016_0.9092381250709588_0.9129555443668469_SIZE_1_2.6_6
GEN_11_FIT_0.8943112521268016_0.9044707675271821_0.9129555443668469_SIZE_1_2.4_6
GEN_12_FIT_0.8943345171085622_0.9082704604741331_0.9133887592136662_SIZE_1_2.55_4
GEN_13_FIT_0.8949036454502561_0.9093446612337015_0.9135801902737748_SIZE_1_2.45_4
GEN_14_FIT_0.8949036454502561_0.9087583717669846_0.9135801902737748_SIZE_1_2.65_4
GEN_15_FIT_0.8949036454502561_0.9077516700445196_0.9138029259042114_SIZE_1_2.2_4
GEN_16_FIT_0.8949036454502561_0.9051579904998552_0.9138029259042114_SIZE_1_2.05_4
GEN_17_FIT_0.8950268366711396_0.9053800771991023_0.9141937484964919_SIZE_1_2.3_4
GEN_18_FIT_0.8953043137187812_0.8989806911357718_0.9141937484964919_SIZE_1_1.35_4
GEN_19_FIT_0.8953043137187812_0.899000684341279_0.9141937484964919_SIZE_1_1.35_4
GEN_20_FIT_0.8953043137187812_0.9008827372049357_0.9141937484964919_SIZE_1_1.6_4
Evaluating in sample:
[GEN_20|make_tuple(0.5612694539190769, 16, 6)|0.8953]
[GEN_20|make_tuple(0.6227361958230841, expit(0.6079278833962436), 5)|0.9134]
[GEN_20|make_tuple(0.6227361958230841, expit(0.6079278833962436), truediv(26, 5))|0.9141]
[GEN_20|make_tuple(expit(0.49134176292113846), expit(0.6079278833962436), truediv(26, 5))|0.9142]
Evaluating out-of-sample:
[GEN_20|make_tuple(0.5612694539190769, 16, 6)|0.9636]
[GEN_20|make_tuple(0.6227361958230841, expit(0.6079278833962436), 5)|0.9927]
[GEN_20|make_tuple(0.6227361958230841, expit(0.6079278833962436), truediv(26, 5))|0.9927]
[GEN_20|make_tuple(expit(0.49134176292113846), expit(0.6079278833962436), truediv(26, 5))|0.9927]
GEN_21_FIT_0.8953043137187812_0.9008827372049357_0.9141937484964919_SIZE_1_1.6_4
GEN_22_FIT_0.8953043137187812_0.9008827372049357_0.9141937484964919_SIZE_1_1.6_4
GEN_23_FIT_0.8953043137187812_0.9110902195690423_0.9142703358076281_SIZE_1_2.8_4
GEN_24_FIT_0.8953116537604989_0.911186435880808_0.9142703358076281_SIZE_1_2.8_4
GEN_25_FIT_0.8953116537604989_0.9112530261792111_0.9142703358076281_SIZE_1_3.05_4
GEN_26_FIT_0.8953558484542811_0.9113803168857595_0.9142703358076281_SIZE_1_3.35_4
GEN_27_FIT_0.8942778689900723_0.9082583897376629_0.9143185430089215_SIZE_1_2.35_4
GEN_28_FIT_0.8953558484542811_0.9009448711805979_0.9143185430089215_SIZE_1_1.6_4
GEN_29_FIT_0.8953558484542811_0.9009448711805979_0.9143185430089215_SIZE_1_1.6_4
GEN_30_FIT_0.8953558484542811_0.9009448711805979_0.9143185430089215_SIZE_1_1.6_4
GEN_31_FIT_0.8953558484542811_0.9065139519777121_0.9143185430089215_SIZE_1_2.2_4
GEN_32_FIT_0.8956725663758732_0.9131072554150894_0.9143185430089215_SIZE_1_3.05_4
GEN_33_FIT_0.8955254349854695_0.9094825043496606_0.9143357667712828_SIZE_1_2.5_4
GEN_34_FIT_0.8956725663758732_0.9057869751625269_0.9143357667712828_SIZE_1_2.1_4
GEN_35_FIT_0.8956725663758732_0.9011847448663923_0.9143357667712828_SIZE_1_1.6_4
GEN_36_FIT_0.8956725663758732_0.9011847448663923_0.9143357667712828_SIZE_1_1.6_4
GEN_37_FIT_0.8956725663758732_0.9002591251176255_0.9143357667712828_SIZE_1_1.5_4
GEN_38_FIT_0.8956725663758732_0.901187274420517_0.9143357667712828_SIZE_1_1.6_4
GEN_39_FIT_0.8956725663758732_0.901187274420517_0.9143357667712828_SIZE_1_1.6_4
GEN_40_FIT_0.8956725663758732_0.901187274420517_0.9143357667712828_SIZE_1_1.6_4
Evaluating in sample:
[GEN_40|make_tuple(0.5061178550096245, 574, 6)|0.8957]
[GEN_40|make_tuple(0.6036582301202842, expit(0.6016137706447772), 5)|0.9136]
[GEN_40|make_tuple(0.6036582301202842, expit(0.6016137706447772), truediv(26, 5))|0.9142]
[GEN_40|make_tuple(expit(0.4889989178707575), expit(0.6016137706447772), truediv(26, 5))|0.9143]
Evaluating out-of-sample:
[GEN_40|make_tuple(0.5061178550096245, 574, 6)|0.9634]
[GEN_40|make_tuple(0.6036582301202842, expit(0.6016137706447772), 5)|0.9927]
[GEN_40|make_tuple(0.6036582301202842, expit(0.6016137706447772), truediv(26, 5))|0.9927]
[GEN_40|make_tuple(expit(0.4889989178707575), expit(0.6016137706447772), truediv(26, 5))|0.9928]
GEN_41_FIT_0.8956725663758732_0.901187274420517_0.9143357667712828_SIZE_1_1.6_4
GEN_42_FIT_0.8956725663758732_0.901187274420517_0.9143357667712828_SIZE_1_1.6_4
GEN_43_FIT_0.8956725663758732_0.901187274420517_0.9143357667712828_SIZE_1_1.6_4
GEN_44_FIT_0.8956725663758732_0.901187274420517_0.9143357667712828_SIZE_1_1.6_4
GEN_45_FIT_0.8956725663758732_0.901187274420517_0.9143357667712828_SIZE_1_1.6_4
GEN_46_FIT_0.8956725663758732_0.901187274420517_0.9143357667712828_SIZE_1_1.6_4
GEN_47_FIT_0.8956725663758732_0.901187274420517_0.9143357667712828_SIZE_1_1.6_4
GEN_48_FIT_0.8956725663758732_0.901187274420517_0.9143357667712828_SIZE_1_1.6_4
GEN_49_FIT_0.8956725663758732_0.901187274420517_0.9143357667712828_SIZE_1_1.6_4
GEN_50_FIT_0.8956725663758732_0.9002566747868123_0.9143869744925952_SIZE_1_1.45_4
GEN_51_FIT_0.8956725663758732_0.9047456903552916_0.9143869744925952_SIZE_1_1.7_4
GEN_52_FIT_0.8956725663758732_0.9030427527865704_0.9143869744925952_SIZE_1_1.75_4
GEN_53_FIT_0.8956725663758732_0.9085968576174102_0.9143869744925952_SIZE_1_2.4_4
GEN_54_FIT_0.895694135512012_0.9123477587682093_0.9143869744925952_SIZE_1_2.95_4
GEN_55_FIT_0.895694135512012_0.9104952226574587_0.9143869744925952_SIZE_1_2.95_4
GEN_56_FIT_0.895694135512012_0.9124318009785777_0.9143869744925952_SIZE_1_3.4_4
GEN_57_FIT_0.895694135512012_0.9124318009785777_0.9143869744925952_SIZE_1_3.4_4
GEN_58_FIT_0.895694135512012_0.9124318009785777_0.9143869744925952_SIZE_1_3.4_4
GEN_59_FIT_0.895694135512012_0.9124318009785777_0.9143869744925952_SIZE_1_3.4_4
GEN_60_FIT_0.895694135512012_0.9124318009785777_0.9143869744925952_SIZE_1_3.4_4
Evaluating in sample:
[GEN_60|make_tuple(0.5070659707803582, 574, 6)|0.8957]
[GEN_60|make_tuple(0.6206342271011895, expit(0.6016137706447772), 5)|0.9137]
[GEN_60|make_tuple(0.6206342271011895, expit(0.6016137706447772), truediv(26, 5))|0.9143]
[GEN_60|make_tuple(expit(0.475900511530305), expit(0.6016137706447772), truediv(26, 5))|0.9144]
Evaluating out-of-sample:
[GEN_60|make_tuple(0.5070659707803582, 574, 6)|0.9634]
[GEN_60|make_tuple(0.6206342271011895, expit(0.6016137706447772), 5)|0.9927]
[GEN_60|make_tuple(0.6206342271011895, expit(0.6016137706447772), truediv(26, 5))|0.9927]
[GEN_60|make_tuple(expit(0.475900511530305), expit(0.6016137706447772), truediv(26, 5))|0.9927]
GEN_61_FIT_0.895694135512012_0.9124318009785777_0.9143869744925952_SIZE_1_3.4_4
GEN_62_FIT_0.895694135512012_0.9124318009785777_0.9143869744925952_SIZE_1_3.4_4
GEN_63_FIT_0.895694135512012_0.9124318009785777_0.9143869744925952_SIZE_1_3.4_4
GEN_64_FIT_0.895694135512012_0.9124318009785777_0.9143869744925952_SIZE_1_3.4_4
GEN_65_FIT_0.895694135512012_0.9124717602658204_0.9143869744925952_SIZE_1_3.5_4
GEN_66_FIT_0.895694135512012_0.9124774802018967_0.9143869744925952_SIZE_1_3.5_4
GEN_67_FIT_0.895694135512012_0.9124774802018967_0.9143869744925952_SIZE_1_3.5_4
GEN_68_FIT_0.895694135512012_0.9124439466684461_0.9143869744925952_SIZE_1_3.4_4
GEN_69_FIT_0.895694135512012_0.9124439466684461_0.9143869744925952_SIZE_1_3.4_4
GEN_70_FIT_0.895694135512012_0.9124439466684461_0.9143869744925952_SIZE_1_3.4_4
GEN_71_FIT_0.895694135512012_0.9124439466684461_0.9143869744925952_SIZE_1_3.4_4
Evaluating in sample:
[GEN_71|make_tuple(0.5070659707803582, 574, 6)|0.8957]
[GEN_71|make_tuple(0.6148835291431738, expit(0.6016137706447772), 5)|0.9137]
[GEN_71|make_tuple(0.6148835291431738, expit(0.6016137706447772), truediv(26, 5))|0.9143]
[GEN_71|make_tuple(expit(0.475900511530305), expit(0.6016137706447772), truediv(26, 5))|0.9144]
Evaluating out-of-sample:
[GEN_71|make_tuple(0.5070659707803582, 574, 6)|0.9634]
[GEN_71|make_tuple(0.6148835291431738, expit(0.6016137706447772), 5)|0.9927]
[GEN_71|make_tuple(0.6148835291431738, expit(0.6016137706447772), truediv(26, 5))|0.9927]
[GEN_71|make_tuple(expit(0.475900511530305), expit(0.6016137706447772), truediv(26, 5))|0.9927]
Stopped early in iteration 71, no improvement in 20 gens.
START_TASK: 14
