Starting problem: mlr_svm
param:age_regularization:100000.0
param:algorithm:mupluslambda
param:constants_only:True
param:cxpb:0.25
param:early_stop_n:20
param:lambda_:100
param:max_number_operators:None
param:max_start_size:2
param:mu:20
param:ngen:300
param:optimize_constants:False
param:output_file:/home/gijsbers/symbolicdefaults/runs/mlr_svm_True_6.log
param:problem:mlr_svm
param:subset:1.0
param:task:None
param:warm_start:False
Benchmark problems: mlr_svm
Loading surrogates from file.
START_TASK: 3
GEN_0_FIT_0.7543403704439454_0.8078017550933385_0.8435083484368878_SIZE_1_2.55_9
GEN_1_FIT_0.8340119139160368_0.8443134213862795_0.8569518377117731_SIZE_1_1.65_4
GEN_2_FIT_0.8471317211084293_0.8537608047402424_0.857307379404095_SIZE_1_1.5_2
GEN_3_FIT_0.8565425954576608_0.8571634728025288_0.8585985752729365_SIZE_1_1.4_2
GEN_4_FIT_0.8574280075174713_0.8580353955556952_0.8600221254500527_SIZE_1_1.45_2
GEN_5_FIT_0.8581928783516317_0.8587571039702786_0.8600221254500527_SIZE_1_1.35_2
GEN_6_FIT_0.8588650058563357_0.859294348278636_0.8600221254500527_SIZE_1_1.25_2
GEN_7_FIT_0.85936268030355_0.8596855123484474_0.8600221254500527_SIZE_1_1.45_3
GEN_8_FIT_0.8595465255333609_0.8598794624845965_0.8600354033855316_SIZE_1_1.7_3
GEN_9_FIT_0.8595465255333609_0.8597500900529746_0.8601885983865734_SIZE_1_1.3_2
GEN_10_FIT_0.8596290871156481_0.8597687774062803_0.8602561374806211_SIZE_1_1.2_2
GEN_11_FIT_0.8596746419471372_0.8597859915005_0.8602561374806211_SIZE_1_1.2_2
GEN_12_FIT_0.8596746419471372_0.859930608954382_0.8602561374806211_SIZE_1_1.5_3
GEN_13_FIT_0.8596746419471372_0.8600632018972731_0.8606500138094607_SIZE_1_1.65_3
GEN_14_FIT_0.8596746419471372_0.8599040531989273_0.8606500138094607_SIZE_1_1.2_2
GEN_15_FIT_0.8597782681626011_0.8598328840412657_0.8608705857358945_SIZE_1_1.05_2
GEN_16_FIT_0.8597782681626011_0.8598328840412657_0.8608705857358945_SIZE_1_1.05_2
GEN_17_FIT_0.8597782681626011_0.8598328840412657_0.8608705857358945_SIZE_1_1.05_2
GEN_18_FIT_0.8597782681626011_0.8598874999199303_0.8608705857358945_SIZE_1_1.1_2
GEN_19_FIT_0.8597782681626011_0.8598489669411743_0.8611922437340668_SIZE_1_1.05_2
GEN_20_FIT_0.8597782681626011_0.8598489669411743_0.8611922437340668_SIZE_1_1.05_2
Evaluating in sample:
[GEN_20|make_tuple(71, 0.0034460231111590454)|0.8598]
[GEN_20|make_tuple(1087, pow(0.03224334728020407, 2))|0.8612]
Evaluating out-of-sample:
[GEN_20|make_tuple(71, 0.0034460231111590454)|0.9152]
[GEN_20|make_tuple(1087, pow(0.03224334728020407, 2))|0.9406]
GEN_21_FIT_0.8597782681626011_0.8599196657197477_0.8611922437340668_SIZE_1_1.1_2
GEN_22_FIT_0.8597782681626011_0.8600610778728163_0.8611922437340668_SIZE_1_1.2_2
GEN_23_FIT_0.8597782681626011_0.8604647655813323_0.8611922437340668_SIZE_1_1.6_3
GEN_24_FIT_0.8597785600810433_0.8608388228208108_0.8611922437340668_SIZE_1_1.8_3
GEN_25_FIT_0.8597785600810433_0.8610508753687643_0.8611922437340668_SIZE_1_1.9_2
GEN_26_FIT_0.8595133834151897_0.8609679539967496_0.8612126766126497_SIZE_1_1.85_2
GEN_27_FIT_0.8593959728308661_0.8607295560870242_0.8612722346574911_SIZE_1_1.7_2
GEN_28_FIT_0.8595133834151897_0.8606039553378059_0.8612722346574911_SIZE_1_1.6_2
GEN_29_FIT_0.8597552213358046_0.8606467967694714_0.8612722346574911_SIZE_1_1.6_2
GEN_30_FIT_0.8597552213358046_0.8600024293467108_0.8612937541947344_SIZE_1_1.15_2
GEN_31_FIT_0.8597785600810433_0.8599300794924124_0.8612937541947344_SIZE_1_1.1_2
GEN_32_FIT_0.8597785600810433_0.8599300794924124_0.8612937541947344_SIZE_1_1.1_2
GEN_33_FIT_0.8597785600810433_0.8599300794924124_0.8612937541947344_SIZE_1_1.1_2
GEN_34_FIT_0.8597785600810433_0.8599300794924124_0.8612937541947344_SIZE_1_1.1_2
GEN_35_FIT_0.8597785600810433_0.8599300794924124_0.8612937541947344_SIZE_1_1.1_2
GEN_36_FIT_0.8597785600810433_0.8599300794924124_0.8612937541947344_SIZE_1_1.1_2
GEN_37_FIT_0.8597785600810433_0.8599300794924124_0.8612937541947344_SIZE_1_1.1_2
GEN_38_FIT_0.8597785600810433_0.8599300794924124_0.8612937541947344_SIZE_1_1.1_2
GEN_39_FIT_0.8597785600810433_0.8599300794924124_0.8612937541947344_SIZE_1_1.1_2
GEN_40_FIT_0.8597785600810433_0.8599300794924124_0.8612937541947344_SIZE_1_1.1_2
Evaluating in sample:
[GEN_40|make_tuple(71, 0.0034449228485409966)|0.8598]
[GEN_40|make_tuple(1103, pow(0.032266789438663755, 2))|0.8613]
Evaluating out-of-sample:
[GEN_40|make_tuple(71, 0.0034449228485409966)|0.9152]
[GEN_40|make_tuple(1103, pow(0.032266789438663755, 2))|0.9410]
GEN_41_FIT_0.8597785600810433_0.8599300794924124_0.8612937541947344_SIZE_1_1.1_2
GEN_42_FIT_0.8597785600810433_0.8599300794924124_0.8612937541947344_SIZE_1_1.1_2
GEN_43_FIT_0.8597785600810433_0.8599300794924124_0.8612937541947344_SIZE_1_1.1_2
GEN_44_FIT_0.8597785600810433_0.8599300794924124_0.8612937541947344_SIZE_1_1.1_2
GEN_45_FIT_0.8597785600810433_0.8599300794924124_0.8612937541947344_SIZE_1_1.1_2
GEN_46_FIT_0.8597785600810433_0.8599300794924124_0.8612937541947344_SIZE_1_1.1_2
GEN_47_FIT_0.8597785600810433_0.8599300794924124_0.8612937541947344_SIZE_1_1.1_2
GEN_48_FIT_0.8597785600810433_0.8599300794924124_0.8612937541947344_SIZE_1_1.1_2
GEN_49_FIT_0.8597785600810433_0.8599300794924124_0.8612937541947344_SIZE_1_1.1_2
GEN_50_FIT_0.8597785600810433_0.8599300794924124_0.8612937541947344_SIZE_1_1.1_2
GEN_51_FIT_0.8597785600810433_0.8599300794924124_0.8612937541947344_SIZE_1_1.1_2
Evaluating in sample:
[GEN_51|make_tuple(71, 0.0034449228485409966)|0.8598]
[GEN_51|make_tuple(1103, pow(0.032266789438663755, 2))|0.8613]
Evaluating out-of-sample:
[GEN_51|make_tuple(71, 0.0034449228485409966)|0.9152]
[GEN_51|make_tuple(1103, pow(0.032266789438663755, 2))|0.9410]
Stopped early in iteration 51, no improvement in 20 gens.
START_TASK: 6
GEN_0_FIT_0.7137775501259563_0.8227085833564743_0.8581587179665376_SIZE_1_2.45_8
GEN_1_FIT_0.8504330625518466_0.8549420811877452_0.8595923301818656_SIZE_1_2.15_4
GEN_2_FIT_0.8543817064297005_0.8582509455749093_0.8595923301818656_SIZE_1_2.05_4
GEN_3_FIT_0.858590489480463_0.8593105557551965_0.8598920719938923_SIZE_1_2.15_3
GEN_4_FIT_0.8588813116641019_0.8595216760274216_0.8599892646973875_SIZE_1_1.8_3
GEN_5_FIT_0.8591885351439332_0.8597532344218454_0.8599892646973875_SIZE_1_1.75_3
GEN_6_FIT_0.8593410026906939_0.8597013724148574_0.8600000667192489_SIZE_1_1.2_2
GEN_7_FIT_0.8599892646973875_0.8599919652028529_0.8600000667192489_SIZE_1_1.05_2
GEN_8_FIT_0.8599892646973875_0.8600031150723199_0.8600580572719554_SIZE_1_1.1_2
GEN_9_FIT_0.8600000667192489_0.8600084940395532_0.8600580572719554_SIZE_1_1.0_1
GEN_10_FIT_0.8600000667192489_0.8600353897700843_0.8600684117510666_SIZE_1_1.05_2
GEN_11_FIT_0.8600382243900113_0.860055739755564_0.8600762388096481_SIZE_1_1.1_2
GEN_12_FIT_0.8600674451500573_0.8600706589193283_0.860087936505401_SIZE_1_1.05_2
GEN_13_FIT_0.8600684117510666_0.8600749398765458_0.8601052211261494_SIZE_1_1.0_1
GEN_14_FIT_0.8600762388096481_0.8600907838144243_0.8601526628475521_SIZE_1_1.05_2
GEN_15_FIT_0.860087936505401_0.8601100243672304_0.8601526628475521_SIZE_1_1.15_2
GEN_16_FIT_0.8601101863517416_0.8601400093766118_0.8601526628475521_SIZE_1_1.45_3
GEN_17_FIT_0.860147360323346_0.8601601488902268_0.860187965794625_SIZE_1_1.1_2
GEN_18_FIT_0.8601559508570229_0.8601845016102242_0.8602250351456067_SIZE_1_1.15_2
GEN_19_FIT_0.860187965794625_0.8601916727297232_0.8602250351456067_SIZE_1_1.0_1
GEN_20_FIT_0.860187965794625_0.8601987831282347_0.8602250351456067_SIZE_1_1.0_1
Evaluating in sample:
[GEN_20|make_tuple(180, 0.0024854019744217208)|0.8602]
Evaluating out-of-sample:
[GEN_20|make_tuple(180, 0.0024854019744217208)|0.9436]
GEN_21_FIT_0.860187965794625_0.8602168165841544_0.8602250351456067_SIZE_1_1.1_2
GEN_22_FIT_0.8602250351456067_0.8602250781776843_0.8602254654663828_SIZE_1_1.1_2
GEN_23_FIT_0.8602250351456067_0.8602250781776843_0.8602254654663828_SIZE_1_1.1_2
GEN_24_FIT_0.8602250351456067_0.8602260534352837_0.8602445402975918_SIZE_1_1.1_2
GEN_25_FIT_0.8602250351456067_0.8602280039504822_0.8602445402975918_SIZE_1_1.1_2
GEN_26_FIT_0.8602250351456067_0.8602319049808791_0.8602445402975918_SIZE_1_1.1_2
GEN_27_FIT_0.8602250351456067_0.8602377565264746_0.8602445402975918_SIZE_1_1.1_2
GEN_28_FIT_0.8602445402975918_0.8602445833296695_0.8602449706183679_SIZE_1_1.1_2
GEN_29_FIT_0.8602445402975918_0.8602445833296695_0.8602449706183679_SIZE_1_1.1_2
GEN_30_FIT_0.8602445402975918_0.8602445833296695_0.8602449706183679_SIZE_1_1.1_2
GEN_31_FIT_0.8602445402975918_0.8602445833296695_0.8602449706183679_SIZE_1_1.1_2
GEN_32_FIT_0.8602445402975918_0.8602445833296695_0.8602449706183679_SIZE_1_1.1_2
GEN_33_FIT_0.8602445402975918_0.8602445833296695_0.8602449706183679_SIZE_1_1.1_2
GEN_34_FIT_0.8602445402975918_0.8602445833296695_0.8602449706183679_SIZE_1_1.1_2
GEN_35_FIT_0.8602445402975918_0.8602447730969439_0.8602483356430826_SIZE_1_1.2_3
GEN_36_FIT_0.8602445402975918_0.8602449628642186_0.8602483356430826_SIZE_1_1.3_3
GEN_37_FIT_0.8602445402975918_0.8602449628642186_0.8602483356430826_SIZE_1_1.3_3
GEN_38_FIT_0.8602445402975918_0.8602449628642186_0.8602483356430826_SIZE_1_1.3_3
GEN_39_FIT_0.8602445402975918_0.8602449628642186_0.8602483356430826_SIZE_1_1.3_3
GEN_40_FIT_0.8602445402975918_0.8602449628642186_0.8602483356430826_SIZE_1_1.3_3
Evaluating in sample:
[GEN_40|make_tuple(180, 0.002461792944496156)|0.8602]
[GEN_40|make_tuple(add(180, 0.2759720271222585), 0.002461792944496156)|0.8602]
[GEN_40|make_tuple(add(180, pow(4, 0.2759720271222585)), 0.002461792944496156)|0.8602]
Evaluating out-of-sample:
[GEN_40|make_tuple(180, 0.002461792944496156)|0.9436]
[GEN_40|make_tuple(add(180, 0.2759720271222585), 0.002461792944496156)|0.9436]
[GEN_40|make_tuple(add(180, pow(4, 0.2759720271222585)), 0.002461792944496156)|0.9436]
GEN_41_FIT_0.8602445402975918_0.8602449628642186_0.8602483356430826_SIZE_1_1.3_3
GEN_42_FIT_0.8602445402975918_0.8602449628642186_0.8602483356430826_SIZE_1_1.3_3
GEN_43_FIT_0.8602445402975918_0.8602449628642186_0.8602483356430826_SIZE_1_1.3_3
GEN_44_FIT_0.8602445402975918_0.8602449628642186_0.8602483356430826_SIZE_1_1.3_3
GEN_45_FIT_0.8602445402975918_0.8602449628642186_0.8602483356430826_SIZE_1_1.3_3
GEN_46_FIT_0.8602445402975918_0.8602449628642186_0.8602483356430826_SIZE_1_1.3_3
GEN_47_FIT_0.8602445402975918_0.8602449628642186_0.8602483356430826_SIZE_1_1.3_3
GEN_48_FIT_0.8602445402975918_0.8602449628642186_0.8602483356430826_SIZE_1_1.3_3
GEN_49_FIT_0.8602445402975918_0.8602449628642186_0.8602483356430826_SIZE_1_1.3_3
GEN_50_FIT_0.8602445402975918_0.8602449628642186_0.8602483356430826_SIZE_1_1.3_3
GEN_51_FIT_0.8602445402975918_0.8602449628642186_0.8602483356430826_SIZE_1_1.3_3
GEN_52_FIT_0.8602445402975918_0.8602449628642186_0.8602483356430826_SIZE_1_1.3_3
GEN_53_FIT_0.8602445402975918_0.8602449628642186_0.8602483356430826_SIZE_1_1.3_3
GEN_54_FIT_0.8602445402975918_0.8602449628642186_0.8602483356430826_SIZE_1_1.3_3
GEN_55_FIT_0.8602445402975918_0.8602449628642186_0.8602483356430826_SIZE_1_1.3_3
GEN_56_FIT_0.8602445402975918_0.8602449628642186_0.8602483356430826_SIZE_1_1.3_3
Evaluating in sample:
[GEN_56|make_tuple(180, 0.002461792944496156)|0.8602]
[GEN_56|make_tuple(add(180, 0.2759720271222585), 0.002461792944496156)|0.8602]
[GEN_56|make_tuple(add(180, pow(4, 0.2759720271222585)), 0.002461792944496156)|0.8602]
Evaluating out-of-sample:
[GEN_56|make_tuple(180, 0.002461792944496156)|0.9436]
[GEN_56|make_tuple(add(180, 0.2759720271222585), 0.002461792944496156)|0.9436]
[GEN_56|make_tuple(add(180, pow(4, 0.2759720271222585)), 0.002461792944496156)|0.9436]
Stopped early in iteration 56, no improvement in 20 gens.
START_TASK: 11
