Starting problem: mlr_rf
param:age_regularization:100000.0
param:algorithm:mupluslambda
param:constants_only:True
param:cxpb:0.25
param:early_stop_n:20
param:lambda_:100
param:max_number_operators:None
param:max_start_size:2
param:mu:20
param:ngen:300
param:optimize_constants:False
param:output_file:/home/gijsbers/symbolicdefaults/runs/mlr_rf_True_5.log
param:problem:mlr_rf
param:subset:1.0
param:task:None
param:warm_start:False
Benchmark problems: mlr_rf
Loading surrogates from file.
With fixed hyperparameters: {'num.trees': 500.0}:
And hyperparameters: ['num.trees', 'sample.fraction', 'min.node.size', 'mtry']:
START_TASK: 3
GEN_0_FIT_0.8744371847168795_0.8943451023884965_0.9023961928095151_SIZE_1_4.55_13
GEN_1_FIT_0.8902485485788381_0.8993822957034157_0.9023961928095151_SIZE_1_3.9_13
GEN_2_FIT_0.8916482350202944_0.8979508947517661_0.9059094853752391_SIZE_1_2.75_6
GEN_3_FIT_0.893161357027844_0.8956641047698175_0.9059094853752391_SIZE_1_1.4_3
GEN_4_FIT_0.8932678996908431_0.9000790045683574_0.9059094853752391_SIZE_1_2.0_3
GEN_5_FIT_0.8935623081844237_0.9033917998415764_0.9059094853752391_SIZE_1_2.5_4
GEN_6_FIT_0.8934181137399643_0.8989090106201398_0.9103957269933921_SIZE_1_1.6_4
GEN_7_FIT_0.8937642547347829_0.9047999125548977_0.9103957269933921_SIZE_1_2.15_3
GEN_8_FIT_0.8944716534684554_0.9073095398459452_0.9103957269933921_SIZE_1_2.7_4
GEN_9_FIT_0.8944716534684554_0.9040380363077778_0.9108629759196837_SIZE_1_2.0_3
GEN_10_FIT_0.8944716534684554_0.8990074519480533_0.9120705316726453_SIZE_1_1.25_2
GEN_11_FIT_0.8949207488542373_0.8966357271360781_0.9120705316726453_SIZE_1_1.1_2
GEN_12_FIT_0.8949207488542373_0.9007776774210849_0.9120705316726453_SIZE_1_1.45_3
GEN_13_FIT_0.8949207488542373_0.9043601859758408_0.9122748960729026_SIZE_1_1.6_3
GEN_14_FIT_0.8953604498208411_0.9095742376148875_0.9122748960729026_SIZE_1_1.9_3
GEN_15_FIT_0.8953604498208411_0.9070677253371168_0.9122748960729026_SIZE_1_1.75_3
GEN_16_FIT_0.8953604498208411_0.8987229026312276_0.9122748960729026_SIZE_1_1.3_3
GEN_17_FIT_0.8953604498208411_0.8987229026312276_0.9122748960729026_SIZE_1_1.3_3
GEN_18_FIT_0.8953604498208411_0.8979128883931112_0.9129890575626346_SIZE_1_1.2_3
GEN_19_FIT_0.8953604498208411_0.8979128883931112_0.9129890575626346_SIZE_1_1.2_3
GEN_20_FIT_0.8953604498208411_0.897077431526603_0.9129890575626346_SIZE_1_1.15_3
Evaluating in sample:
[GEN_20|make_tuple(0.5057835532902362, 227, 6)|0.8954]
[GEN_20|make_tuple(0.6302163390984358, truediv(5, 8), 5)|0.9121]
[GEN_20|make_tuple(0.6132607599164999, truediv(add(5, 0.20355622808704585), 8), 5)|0.9130]
Evaluating out-of-sample:
[GEN_20|make_tuple(0.5057835532902362, 227, 6)|0.9952]
[GEN_20|make_tuple(0.6302163390984358, truediv(5, 8), 5)|0.9851]
[GEN_20|make_tuple(0.6132607599164999, truediv(add(5, 0.20355622808704585), 8), 5)|0.9895]
GEN_21_FIT_0.8953604498208411_0.897077431526603_0.9129890575626346_SIZE_1_1.15_3
GEN_22_FIT_0.8953604498208411_0.898794413232365_0.9129890575626346_SIZE_1_1.3_3
GEN_23_FIT_0.8953604498208411_0.898794413232365_0.9129890575626346_SIZE_1_1.3_3
GEN_24_FIT_0.8953604498208411_0.9021639202372359_0.9129890575626346_SIZE_1_1.6_3
GEN_25_FIT_0.8953604498208411_0.9038647685417818_0.9130511545406106_SIZE_1_1.65_3
GEN_26_FIT_0.8954010033515863_0.9046278332079283_0.9132328720514198_SIZE_1_1.6_3
GEN_27_FIT_0.8954010033515863_0.8979596440708482_0.9132328720514198_SIZE_1_1.2_3
GEN_28_FIT_0.8954010033515863_0.8979606330386908_0.9132526514082718_SIZE_1_1.2_3
GEN_29_FIT_0.8954010033515863_0.898853215441525_0.9132526514082718_SIZE_1_1.3_3
GEN_30_FIT_0.8954010033515863_0.898853215441525_0.9132526514082718_SIZE_1_1.3_3
GEN_31_FIT_0.8954010033515863_0.898027634187005_0.9132526514082718_SIZE_1_1.25_3
GEN_32_FIT_0.8954010033515863_0.898027634187005_0.9132526514082718_SIZE_1_1.25_3
GEN_33_FIT_0.8954010033515863_0.898869100216755_0.9132526514082718_SIZE_1_1.3_3
GEN_34_FIT_0.8954010033515863_0.897976605828692_0.913254411703696_SIZE_1_1.2_3
GEN_35_FIT_0.8954010033515863_0.897976605828692_0.913254411703696_SIZE_1_1.2_3
GEN_36_FIT_0.8954010033515863_0.8979988684476142_0.9136996640821394_SIZE_1_1.2_3
GEN_37_FIT_0.8954010033515863_0.8989138014841418_0.9136996640821394_SIZE_1_1.3_3
GEN_38_FIT_0.8954010033515863_0.8989138014841418_0.9136996640821394_SIZE_1_1.3_3
GEN_39_FIT_0.8954010033515863_0.8989138014841418_0.9136996640821394_SIZE_1_1.3_3
GEN_40_FIT_0.8954010033515863_0.9031523121019622_0.9136996640821394_SIZE_1_1.65_3
Evaluating in sample:
[GEN_40|make_tuple(0.5064148168719169, 23, 6)|0.8954]
[GEN_40|make_tuple(0.6168283579495248, truediv(5, 8), 5)|0.9122]
[GEN_40|make_tuple(0.6168283579495248, truediv(add(5, 0.17961772489053665), 8), 5)|0.9137]
Evaluating out-of-sample:
[GEN_40|make_tuple(0.5064148168719169, 23, 6)|0.9952]
[GEN_40|make_tuple(0.6168283579495248, truediv(5, 8), 5)|0.9854]
[GEN_40|make_tuple(0.6168283579495248, truediv(add(5, 0.17961772489053665), 8), 5)|0.9893]
GEN_41_FIT_0.8954010033515863_0.9081829162709314_0.9138164266911374_SIZE_1_1.9_3
GEN_42_FIT_0.8954172592285881_0.911548280985142_0.9138164266911374_SIZE_1_2.05_3
GEN_43_FIT_0.8954172592285881_0.9103428053367072_0.9138164266911374_SIZE_1_2.25_3
GEN_44_FIT_0.8954172592285881_0.9062981494316628_0.9138164266911374_SIZE_1_2.1_3
GEN_45_FIT_0.8954172592285881_0.8980186451369911_0.9138188479606557_SIZE_1_1.2_3
GEN_46_FIT_0.8954172592285881_0.8980186451369911_0.9138188479606557_SIZE_1_1.2_3
GEN_47_FIT_0.8954172592285881_0.8980186451369911_0.9138188479606557_SIZE_1_1.2_3
GEN_48_FIT_0.8954172592285881_0.8980186451369911_0.9138188479606557_SIZE_1_1.2_3
GEN_49_FIT_0.8954172592285881_0.8980186451369911_0.9138188479606557_SIZE_1_1.2_3
GEN_50_FIT_0.8954172592285881_0.8980186451369911_0.9138188479606557_SIZE_1_1.2_3
GEN_51_FIT_0.8954172592285881_0.8980186451369911_0.9138188479606557_SIZE_1_1.2_3
GEN_52_FIT_0.8954172592285881_0.8989387245735945_0.9138188479606557_SIZE_1_1.3_3
GEN_53_FIT_0.8954172592285881_0.8989387245735945_0.9138188479606557_SIZE_1_1.3_3
GEN_54_FIT_0.8954172592285881_0.8989387245735945_0.9138188479606557_SIZE_1_1.3_3
GEN_55_FIT_0.8954172592285881_0.8989387245735945_0.9138188479606557_SIZE_1_1.3_3
GEN_56_FIT_0.8954172592285881_0.8989387245735945_0.9138188479606557_SIZE_1_1.3_3
GEN_57_FIT_0.8954172592285881_0.8989387245735945_0.9138188479606557_SIZE_1_1.3_3
GEN_58_FIT_0.8954172592285881_0.8989387245735945_0.9138188479606557_SIZE_1_1.3_3
GEN_59_FIT_0.8954172592285881_0.8989387245735945_0.9138188479606557_SIZE_1_1.3_3
GEN_60_FIT_0.8954172592285881_0.8989387245735945_0.9138188479606557_SIZE_1_1.3_3
Evaluating in sample:
[GEN_60|make_tuple(0.5064148168719169, 23, 6)|0.8954]
[GEN_60|make_tuple(0.6168283579495248, truediv(5, 8), 5)|0.9122]
[GEN_60|make_tuple(0.6168283579495248, truediv(add(5, 0.16426668502064073), 8), 5)|0.9138]
Evaluating out-of-sample:
[GEN_60|make_tuple(0.5064148168719169, 23, 6)|0.9952]
[GEN_60|make_tuple(0.6168283579495248, truediv(5, 8), 5)|0.9854]
[GEN_60|make_tuple(0.6168283579495248, truediv(add(5, 0.16426668502064073), 8), 5)|0.9893]
GEN_61_FIT_0.8954172592285881_0.8989387245735945_0.9138188479606557_SIZE_1_1.3_3
GEN_62_FIT_0.8954172592285881_0.8989387245735945_0.9138188479606557_SIZE_1_1.3_3
GEN_63_FIT_0.8954172592285881_0.8989387245735945_0.9138188479606557_SIZE_1_1.3_3
GEN_64_FIT_0.8954172592285881_0.8989387245735945_0.9138188479606557_SIZE_1_1.3_3
GEN_65_FIT_0.8954172592285881_0.8989387245735945_0.9138188479606557_SIZE_1_1.3_3
GEN_66_FIT_0.8954172592285881_0.8989387245735945_0.9138188479606557_SIZE_1_1.3_3
Evaluating in sample:
[GEN_66|make_tuple(0.5064148168719169, 23, 6)|0.8954]
[GEN_66|make_tuple(0.6168283579495248, truediv(5, 8), 5)|0.9122]
[GEN_66|make_tuple(0.6168283579495248, truediv(add(5, 0.16426668502064073), 8), 5)|0.9138]
Evaluating out-of-sample:
[GEN_66|make_tuple(0.5064148168719169, 23, 6)|0.9952]
[GEN_66|make_tuple(0.6168283579495248, truediv(5, 8), 5)|0.9854]
[GEN_66|make_tuple(0.6168283579495248, truediv(add(5, 0.16426668502064073), 8), 5)|0.9893]
Stopped early in iteration 66, no improvement in 20 gens.
START_TASK: 6
GEN_0_FIT_0.8691019259106261_0.8834408145201234_0.9033487937721327_SIZE_1_4.2_11
GEN_1_FIT_0.8756885706894417_0.8926151264835962_0.9046092191172422_SIZE_1_5.0_12
GEN_2_FIT_0.883852055091271_0.8965986833924819_0.9093511461034712_SIZE_1_3.8_9
GEN_3_FIT_0.883852055091271_0.900049616352644_0.9093511461034712_SIZE_1_3.95_10
GEN_4_FIT_0.8850247240193112_0.8991358566037952_0.9094795013896128_SIZE_1_3.0_7
GEN_5_FIT_0.8865307025683922_0.8969769817074704_0.9101638115558851_SIZE_1_2.85_7
GEN_6_FIT_0.886937009330553_0.9043722443168438_0.9103778316683528_SIZE_1_2.8_7
GEN_7_FIT_0.886937009330553_0.8943411475213265_0.9109434466677994_SIZE_1_1.3_3
GEN_8_FIT_0.8942914253319211_0.900076914681098_0.9109434466677994_SIZE_1_1.45_3
GEN_9_FIT_0.8946130421391741_0.9060509943275441_0.9109897604197821_SIZE_1_1.85_3
GEN_10_FIT_0.8951347583606757_0.9046329883856021_0.9109897604197821_SIZE_1_1.65_3
GEN_11_FIT_0.8951347583606757_0.897568648461766_0.9115051102326416_SIZE_1_1.15_2
GEN_12_FIT_0.8951597869623801_0.9016875136269163_0.9115311160875377_SIZE_1_1.45_3
GEN_13_FIT_0.8954910604742218_0.905151540546758_0.9117630645863884_SIZE_1_1.7_3
GEN_14_FIT_0.8955917402260806_0.9053527696517456_0.9136144703426023_SIZE_1_1.65_3
GEN_15_FIT_0.8955917402260806_0.9000756628671287_0.9137040008632128_SIZE_1_1.4_3
GEN_16_FIT_0.8958259727074174_0.899211425503737_0.9137040008632128_SIZE_1_1.3_3
GEN_17_FIT_0.8958259727074174_0.899211425503737_0.9137040008632128_SIZE_1_1.3_3
GEN_18_FIT_0.8958259727074174_0.9001360360556145_0.9143181837449683_SIZE_1_1.45_4
GEN_19_FIT_0.8958259727074174_0.9057118709887803_0.9143181837449683_SIZE_1_2.15_4
GEN_20_FIT_0.8958607813195479_0.9113983871469964_0.9143181837449683_SIZE_1_2.65_4
Evaluating in sample:
[GEN_20|make_tuple(0.5560689905439005, 800, 6)|0.8959]
[GEN_20|make_tuple(0.6209185081167431, expit(0.34204719100772396), 5)|0.9118]
[GEN_20|make_tuple(0.6209185081167431, add(expit(0.30420523405354516), 0.07021033518961914), 5)|0.9137]
[GEN_20|make_tuple(0.6209185081167431, add(expit(0.30420523405354516), 0.07021033518961914), add(0.052243751013659925, 5))|0.9143]
Evaluating out-of-sample:
[GEN_20|make_tuple(0.5560689905439005, 800, 6)|0.9173]
[GEN_20|make_tuple(0.6209185081167431, expit(0.34204719100772396), 5)|0.9885]
[GEN_20|make_tuple(0.6209185081167431, add(expit(0.30420523405354516), 0.07021033518961914), 5)|0.9881]
[GEN_20|make_tuple(0.6209185081167431, add(expit(0.30420523405354516), 0.07021033518961914), add(0.052243751013659925, 5))|0.9878]
GEN_21_FIT_0.8958798395868793_0.912106375709279_0.9143181837449683_SIZE_1_3.2_4
GEN_22_FIT_0.8958798395868793_0.9122906305738054_0.9143181837449683_SIZE_1_3.5_4
GEN_23_FIT_0.8958798395868793_0.9122906305738054_0.9143181837449683_SIZE_1_3.5_4
GEN_24_FIT_0.8958798395868793_0.9121998099352748_0.9143181837449683_SIZE_1_3.45_4
GEN_25_FIT_0.8958798395868793_0.9121998099352748_0.9143181837449683_SIZE_1_3.45_4
GEN_26_FIT_0.8958798395868793_0.9121698714757469_0.9143181837449683_SIZE_1_3.4_4
GEN_27_FIT_0.8958798395868793_0.9121698714757469_0.9143181837449683_SIZE_1_3.4_4
GEN_28_FIT_0.8958798395868793_0.9121698714757469_0.9143181837449683_SIZE_1_3.4_4
GEN_29_FIT_0.8958798395868793_0.9121698714757469_0.9143181837449683_SIZE_1_3.4_4
GEN_30_FIT_0.8958798395868793_0.9121698714757469_0.9143181837449683_SIZE_1_3.4_4
GEN_31_FIT_0.8958798395868793_0.9121698714757469_0.9143181837449683_SIZE_1_3.4_4
GEN_32_FIT_0.8958798395868793_0.9121698714757469_0.9143181837449683_SIZE_1_3.4_4
GEN_33_FIT_0.8958798395868793_0.91235508923331_0.9143181837449683_SIZE_1_3.5_4
GEN_34_FIT_0.8958798395868793_0.9122957060565161_0.9143181837449683_SIZE_1_3.4_4
GEN_35_FIT_0.8958798395868793_0.9123275189723357_0.9143181837449683_SIZE_1_3.45_4
GEN_36_FIT_0.8958798395868793_0.912364722554908_0.9143181837449683_SIZE_1_3.5_4
GEN_37_FIT_0.8958798395868793_0.912364722554908_0.9143181837449683_SIZE_1_3.5_4
GEN_38_FIT_0.8915261316586983_0.907293063020987_0.9144294344994804_SIZE_1_2.3_4
GEN_39_FIT_0.8955484511045222_0.9038258448244821_0.9144294344994804_SIZE_1_1.7_4
GEN_40_FIT_0.8958798395868793_0.8995118161907489_0.9144294344994804_SIZE_1_1.45_4
Evaluating in sample:
[GEN_40|make_tuple(0.5560689905439005, 800, 6)|0.8959]
[GEN_40|make_tuple(0.6197338260435589, expit(0.5912650667801306), 5)|0.9135]
[GEN_40|make_tuple(0.6197338260435589, add(expit(0.30420523405354516), 0.07021033518961914), 5)|0.9138]
[GEN_40|make_tuple(0.6197338260435589, add(expit(0.30420523405354516), 0.07021033518961914), add(0.06110049125312414, 5))|0.9144]
Evaluating out-of-sample:
[GEN_40|make_tuple(0.5560689905439005, 800, 6)|0.9173]
[GEN_40|make_tuple(0.6197338260435589, expit(0.5912650667801306), 5)|0.9883]
[GEN_40|make_tuple(0.6197338260435589, add(expit(0.30420523405354516), 0.07021033518961914), 5)|0.9881]
[GEN_40|make_tuple(0.6197338260435589, add(expit(0.30420523405354516), 0.07021033518961914), add(0.06110049125312414, 5))|0.9878]
GEN_41_FIT_0.8958798395868793_0.9004089207204553_0.9144294344994804_SIZE_1_1.55_4
GEN_42_FIT_0.8958798395868793_0.9012888333033586_0.9144294344994804_SIZE_1_1.6_4
GEN_43_FIT_0.8958798395868793_0.9004253924208212_0.9144294344994804_SIZE_1_1.55_4
GEN_44_FIT_0.8958798395868793_0.9013217767040904_0.9144294344994804_SIZE_1_1.6_4
GEN_45_FIT_0.8958798395868793_0.9013217767040904_0.9144294344994804_SIZE_1_1.6_4
GEN_46_FIT_0.8958798395868793_0.9013217767040904_0.9144294344994804_SIZE_1_1.6_4
GEN_47_FIT_0.8958798395868793_0.9013217767040904_0.9144294344994804_SIZE_1_1.6_4
GEN_48_FIT_0.8958798395868793_0.9013217767040904_0.9144294344994804_SIZE_1_1.6_4
GEN_49_FIT_0.8958798395868793_0.9013217767040904_0.9144294344994804_SIZE_1_1.6_4
GEN_50_FIT_0.8958798395868793_0.9013217767040904_0.9144294344994804_SIZE_1_1.6_4
GEN_51_FIT_0.8958798395868793_0.9013217767040904_0.9144294344994804_SIZE_1_1.6_4
GEN_52_FIT_0.8958798395868793_0.9013217767040904_0.9144294344994804_SIZE_1_1.6_4
GEN_53_FIT_0.8958798395868793_0.9004543271438707_0.9144294344994804_SIZE_1_1.5_4
GEN_54_FIT_0.8958798395868793_0.9013810866430637_0.9144294344994804_SIZE_1_1.6_4
GEN_55_FIT_0.8958798395868793_0.9013810866430637_0.9144294344994804_SIZE_1_1.6_4
GEN_56_FIT_0.8958798395868793_0.9013810866430637_0.9144294344994804_SIZE_1_1.6_4
GEN_57_FIT_0.8958798395868793_0.9013810866430637_0.9144294344994804_SIZE_1_1.6_4
GEN_58_FIT_0.8958798395868793_0.9013810866430637_0.9144294344994804_SIZE_1_1.6_4
GEN_59_FIT_0.8959767945133915_0.9133448429704378_0.9144294344994804_SIZE_1_2.9_4
Evaluating in sample:
[GEN_59|make_tuple(0.505331202846479, 800, 6)|0.8960]
[GEN_59|make_tuple(0.6197338260435589, expit(0.6006894053755691), 5)|0.9138]
[GEN_59|make_tuple(0.6197338260435589, expit(0.6006894053755691), add(0.054539201035362084, 5))|0.9144]
[GEN_59|make_tuple(0.6197338260435589, add(expit(0.30420523405354516), 0.07021033518961914), add(0.06110049125312414, 5))|0.9144]
Evaluating out-of-sample:
[GEN_59|make_tuple(0.505331202846479, 800, 6)|0.9186]
[GEN_59|make_tuple(0.6197338260435589, expit(0.6006894053755691), 5)|0.9881]
[GEN_59|make_tuple(0.6197338260435589, expit(0.6006894053755691), add(0.054539201035362084, 5))|0.9878]
[GEN_59|make_tuple(0.6197338260435589, add(expit(0.30420523405354516), 0.07021033518961914), add(0.06110049125312414, 5))|0.9878]
Stopped early in iteration 59, no improvement in 20 gens.
START_TASK: 11
GEN_0_FIT_0.8647089329082196_0.8855344222496628_0.9054604621764335_SIZE_1_4.8_9
GEN_1_FIT_0.8701712367482469_0.8905656055043754_0.9060937867278033_SIZE_1_3.55_8
GEN_2_FIT_0.8702270202092214_0.8929787092645416_0.9061883362574931_SIZE_1_3.8_8
GEN_3_FIT_0.8702270202092214_0.8839248665960298_0.9062846951548805_SIZE_1_2.55_7
GEN_4_FIT_0.8704787277854534_0.8801380350362056_0.9075481639900422_SIZE_1_1.9_7
GEN_5_FIT_0.8704787277854534_0.8756237932507516_0.9075481639900422_SIZE_1_1.4_6
GEN_6_FIT_0.8704787277854534_0.8789638539093227_0.9075481639900422_SIZE_1_1.7_6
GEN_7_FIT_0.8704787277854534_0.8771103820990932_0.9075481639900422_SIZE_1_1.35_4
GEN_8_FIT_0.8704787277854534_0.8807688587160497_0.9075481639900422_SIZE_1_1.6_4
GEN_9_FIT_0.8704787277854534_0.8807688587160497_0.9075481639900422_SIZE_1_1.6_4
GEN_10_FIT_0.8704787277854534_0.8828532337631755_0.9121662287279682_SIZE_1_1.8_5
GEN_11_FIT_0.8704787277854534_0.8812333789742912_0.9121662287279682_SIZE_1_1.65_5
GEN_12_FIT_0.8704787277854534_0.883666676137562_0.9121662287279682_SIZE_1_1.9_5
GEN_13_FIT_0.8704787277854534_0.8800401674466777_0.912352926346377_SIZE_1_1.6_5
GEN_14_FIT_0.8704787277854534_0.8909747138905619_0.9123567534699365_SIZE_1_2.2_5
GEN_15_FIT_0.8708238229895549_0.9021979081610849_0.9123567534699365_SIZE_1_2.35_4
GEN_16_FIT_0.8704787277854534_0.8969443972381661_0.9123567534699365_SIZE_1_2.4_4
GEN_17_FIT_0.8708238229895549_0.878197108463149_0.9127282348876254_SIZE_1_1.35_4
GEN_18_FIT_0.8708238229895549_0.8801636103960387_0.9138480987682082_SIZE_1_1.45_4
GEN_19_FIT_0.8708238229895549_0.8787594236507552_0.9138480987682082_SIZE_1_1.45_4
GEN_20_FIT_0.8708238229895549_0.8785562415738892_0.913879340746222_SIZE_1_1.4_4
Evaluating in sample:
[GEN_20|make_tuple(126, 1, 5)|0.8708]
[GEN_20|make_tuple(260, add(0.0023443242894195526, 0.5763277646937559), 5)|0.9046]
[GEN_20|make_tuple(expit(0.22865511837872335), expit(0.5763277646937559), 5)|0.9097]
[GEN_20|make_tuple(expit(pow(0.005646777249565431, 0.1472372649282178)), expit(0.5839023684392152), 5)|0.9139]
Evaluating out-of-sample:
[GEN_20|make_tuple(126, 1, 5)|0.8240]
[GEN_20|make_tuple(260, add(0.0023443242894195526, 0.5763277646937559), 5)|0.8660]
[GEN_20|make_tuple(expit(0.22865511837872335), expit(0.5763277646937559), 5)|0.9173]
[GEN_20|make_tuple(expit(pow(0.005646777249565431, 0.1472372649282178)), expit(0.5839023684392152), 5)|0.9149]
GEN_21_FIT_0.8708238229895549_0.880243268485781_0.913879340746222_SIZE_1_1.45_4
GEN_22_FIT_0.8708238229895549_0.878323475425576_0.913879340746222_SIZE_1_1.35_4
GEN_23_FIT_0.8708238229895549_0.878323475425576_0.913879340746222_SIZE_1_1.35_4
GEN_24_FIT_0.8708238229895549_0.8783256125829304_0.9139220838933062_SIZE_1_1.35_4
GEN_25_FIT_0.8708238229895549_0.8783256125829304_0.9139220838933062_SIZE_1_1.35_4
GEN_26_FIT_0.8708238229895549_0.8783256125829304_0.9139220838933062_SIZE_1_1.35_4
GEN_27_FIT_0.8708238229895549_0.8804848266054581_0.9139220838933062_SIZE_1_1.5_4
GEN_28_FIT_0.8708238229895549_0.8783518365730381_0.9143475692509372_SIZE_1_1.35_4
GEN_29_FIT_0.8708238229895549_0.8803296090196684_0.9143475692509372_SIZE_1_1.45_4
GEN_30_FIT_0.8708238229895549_0.8786483736504582_0.9143475692509372_SIZE_1_1.4_4
GEN_31_FIT_0.8708238229895549_0.8825173794181008_0.9143475692509372_SIZE_1_1.6_4
GEN_32_FIT_0.8708238229895549_0.880539795627957_0.9143475692509372_SIZE_1_1.5_4
GEN_33_FIT_0.8708238229895549_0.8805897794958739_0.9143475692509372_SIZE_1_1.5_4
GEN_34_FIT_0.8708238229895549_0.8805897794958739_0.9143475692509372_SIZE_1_1.5_4
GEN_35_FIT_0.8708238229895549_0.880442176985343_0.9143603658810311_SIZE_1_1.45_4
GEN_36_FIT_0.8708238229895549_0.8784415880724794_0.9143603658810311_SIZE_1_1.35_4
GEN_37_FIT_0.8708238229895549_0.8788148261983911_0.9143603658810311_SIZE_1_1.4_4
GEN_38_FIT_0.8708238229895549_0.8806409407000066_0.9143603658810311_SIZE_1_1.5_4
GEN_39_FIT_0.8708238229895549_0.8826972561096007_0.9143603658810311_SIZE_1_1.6_4
GEN_40_FIT_0.8708238229895549_0.8826972561096007_0.9143603658810311_SIZE_1_1.6_4
Evaluating in sample:
[GEN_40|make_tuple(126, 1, 5)|0.8708]
[GEN_40|make_tuple(109, add(0.005504291843061896, 0.5277587931822432), 5)|0.9049]
[GEN_40|make_tuple(expit(0.3228899870437792), expit(0.6043848465093447), 5)|0.9120]
[GEN_40|make_tuple(expit(pow(0.005361739545083929, 0.14141960190384903)), expit(0.6043848465093447), 5)|0.9144]
Evaluating out-of-sample:
[GEN_40|make_tuple(126, 1, 5)|0.8240]
[GEN_40|make_tuple(109, add(0.005504291843061896, 0.5277587931822432), 5)|0.8607]
[GEN_40|make_tuple(expit(0.3228899870437792), expit(0.6043848465093447), 5)|0.9148]
[GEN_40|make_tuple(expit(pow(0.005361739545083929, 0.14141960190384903)), expit(0.6043848465093447), 5)|0.9100]
GEN_41_FIT_0.8708238229895549_0.8826972561096007_0.9143603658810311_SIZE_1_1.6_4
GEN_42_FIT_0.8708238229895549_0.8809938117591518_0.9143603658810311_SIZE_1_1.55_4
GEN_43_FIT_0.8708238229895549_0.8826975154204131_0.9143603658810311_SIZE_1_1.6_4
GEN_44_FIT_0.8708238229895549_0.8826975154204131_0.9143603658810311_SIZE_1_1.6_4
GEN_45_FIT_0.8708238229895549_0.8826975154204131_0.9143603658810311_SIZE_1_1.6_4
GEN_46_FIT_0.8708238229895549_0.8826975154204131_0.9143603658810311_SIZE_1_1.6_4
GEN_47_FIT_0.8708238229895549_0.8809955102867049_0.9143603658810311_SIZE_1_1.55_4
GEN_48_FIT_0.8708238229895549_0.8809955102867049_0.9143603658810311_SIZE_1_1.55_4
GEN_49_FIT_0.8708238229895549_0.8809955102867049_0.9143603658810311_SIZE_1_1.55_4
GEN_50_FIT_0.8708238229895549_0.8806502069990898_0.9143603658810311_SIZE_1_1.5_4
GEN_51_FIT_0.8708238229895549_0.8806502069990898_0.9143603658810311_SIZE_1_1.5_4
GEN_52_FIT_0.8708238229895549_0.8827121323418483_0.9143603658810311_SIZE_1_1.6_4
GEN_53_FIT_0.8708238229895549_0.8827121323418483_0.9143603658810311_SIZE_1_1.6_4
GEN_54_FIT_0.8708238229895549_0.8827121323418483_0.9143603658810311_SIZE_1_1.6_4
GEN_55_FIT_0.8708238229895549_0.8810068548691374_0.9143603658810311_SIZE_1_1.55_4
GEN_56_FIT_0.8708238229895549_0.8827123817740556_0.9143603658810311_SIZE_1_1.6_4
Evaluating in sample:
[GEN_56|make_tuple(126, 1, 5)|0.8708]
[GEN_56|make_tuple(46, add(0.005293534031666346, 0.5277587931822432), 4)|0.9049]
[GEN_56|make_tuple(expit(0.3228899870437792), expit(0.5973213634192326), 5)|0.9121]
[GEN_56|make_tuple(expit(pow(0.005361739545083929, 0.14141960190384903)), expit(0.6043848465093447), 5)|0.9144]
Evaluating out-of-sample:
[GEN_56|make_tuple(126, 1, 5)|0.8240]
[GEN_56|make_tuple(46, add(0.005293534031666346, 0.5277587931822432), 4)|0.8436]
[GEN_56|make_tuple(expit(0.3228899870437792), expit(0.5973213634192326), 5)|0.9158]
[GEN_56|make_tuple(expit(pow(0.005361739545083929, 0.14141960190384903)), expit(0.6043848465093447), 5)|0.9100]
Stopped early in iteration 56, no improvement in 20 gens.
START_TASK: 12
GEN_0_FIT_0.8690757117151369_0.8808850886713889_0.9038133996787328_SIZE_1_5.1_12
GEN_1_FIT_0.8691436809149854_0.8863478658416526_0.9070962080439169_SIZE_1_3.45_12
GEN_2_FIT_0.8698439575414317_0.8997668955378133_0.9072922613757063_SIZE_1_3.5_7
GEN_3_FIT_0.8784094339571994_0.9036735430280356_0.9101542462638486_SIZE_1_3.25_8
GEN_4_FIT_0.8784094339571994_0.9036658348301669_0.9103118882642919_SIZE_1_2.65_8
GEN_5_FIT_0.8784094339571994_0.9036597264079285_0.9103118882642919_SIZE_1_3.45_8
GEN_6_FIT_0.8784492436988284_0.9045646318178091_0.9107830011625704_SIZE_1_3.0_8
GEN_7_FIT_0.8784492436988284_0.9030329205038325_0.9107830011625704_SIZE_1_2.8_8
GEN_8_FIT_0.8784492436988284_0.9021184572789943_0.9107830011625704_SIZE_1_3.05_8
GEN_9_FIT_0.8784492436988284_0.9045006772358786_0.9113717537559051_SIZE_1_3.95_8
GEN_10_FIT_0.8790392690730598_0.906548499721201_0.9113717537559051_SIZE_1_4.5_9
GEN_11_FIT_0.889535663819771_0.9062075899529208_0.9115779420276425_SIZE_1_3.6_8
GEN_12_FIT_0.8886253289668484_0.9056908666251564_0.9120243277015672_SIZE_1_3.4_8
GEN_13_FIT_0.889535663819771_0.9047088222941969_0.9121732688481229_SIZE_1_2.65_5
GEN_14_FIT_0.8921278082058806_0.9040721754122419_0.9121732688481229_SIZE_1_2.4_4
GEN_15_FIT_0.8924000190685065_0.9044267922324307_0.9141374587727683_SIZE_1_2.3_5
GEN_16_FIT_0.8924000190685065_0.9074160835589355_0.9141374587727683_SIZE_1_3.15_6
GEN_17_FIT_0.894178882997514_0.9038997693682796_0.9142291425205789_SIZE_1_2.3_5
GEN_18_FIT_0.8947501075910651_0.9120375891437227_0.9142291425205789_SIZE_1_3.8_5
GEN_19_FIT_0.8952386949723666_0.9122389864044635_0.9142291425205789_SIZE_1_4.1_5
GEN_20_FIT_0.8941475406874173_0.9074122116518482_0.9143289910423716_SIZE_1_2.65_5
Evaluating in sample:
[GEN_20|make_tuple(0.5577111453305023, 12, 5)|0.8952]
[GEN_20|make_tuple(0.6136694389264038, add(0.6425254980226232, 0.003067963635242897), 5)|0.9137]
[GEN_20|make_tuple(0.6028121558082199, expit(0.5984636956778374), add(0.0023746168367562593, 5))|0.9142]
[GEN_20|make_tuple(0.6028121558082199, expit(add(0.5984636956778374, 0.0019846096117717583)), add(0.0023746168367562593, 5))|0.9142]
[GEN_20|make_tuple(0.6075395805366911, min(2, expit(add(0.5984636956778374, 0.0019846096117717583))), add(0.0023746168367562593, 5))|0.9143]
Evaluating out-of-sample:
[GEN_20|make_tuple(0.5577111453305023, 12, 5)|0.9637]
[GEN_20|make_tuple(0.6136694389264038, add(0.6425254980226232, 0.003067963635242897), 5)|0.9927]
[GEN_20|make_tuple(0.6028121558082199, expit(0.5984636956778374), add(0.0023746168367562593, 5))|0.9927]
[GEN_20|make_tuple(0.6028121558082199, expit(add(0.5984636956778374, 0.0019846096117717583)), add(0.0023746168367562593, 5))|0.9927]
[GEN_20|make_tuple(0.6075395805366911, min(2, expit(add(0.5984636956778374, 0.0019846096117717583))), add(0.0023746168367562593, 5))|0.9927]
GEN_21_FIT_0.8952386949723666_0.9113100555971873_0.9143289910423716_SIZE_1_3.2_5
GEN_22_FIT_0.8955048756632089_0.9113541179219228_0.914411900251693_SIZE_1_2.95_5
GEN_23_FIT_0.8949895421981874_0.9057246175774217_0.914411900251693_SIZE_1_2.35_6
GEN_24_FIT_0.8955761575010124_0.9030773094324752_0.914411900251693_SIZE_1_2.25_5
GEN_25_FIT_0.8955761575010124_0.9096698193952134_0.914411900251693_SIZE_1_3.65_5
GEN_26_FIT_0.8955048756632089_0.9011602017020305_0.914411900251693_SIZE_1_1.75_5
GEN_27_FIT_0.8955761575010124_0.9011631069383592_0.914411900251693_SIZE_1_1.6_4
GEN_28_FIT_0.8955761575010124_0.9011631069383592_0.914411900251693_SIZE_1_1.6_4
GEN_29_FIT_0.8955761575010124_0.9011631069383592_0.914411900251693_SIZE_1_1.6_4
GEN_30_FIT_0.8955761575010124_0.9011631069383592_0.914411900251693_SIZE_1_1.6_4
GEN_31_FIT_0.8955761575010124_0.9103765817812741_0.914411900251693_SIZE_1_2.5_4
GEN_32_FIT_0.8955825633484066_0.9105938923923788_0.914411900251693_SIZE_1_2.9_4
GEN_33_FIT_0.8956877852652505_0.9068615636882772_0.914411900251693_SIZE_1_2.1_3
GEN_34_FIT_0.8956877852652505_0.9124787981842101_0.914411900251693_SIZE_1_2.7_3
GEN_35_FIT_0.8956877852652505_0.9102119546778891_0.9144130340471933_SIZE_1_1.85_3
GEN_36_FIT_0.8956877852652505_0.9066189147924725_0.9144130340471933_SIZE_1_1.7_3
GEN_37_FIT_0.8956877852652505_0.8984662272981223_0.9144130340471933_SIZE_1_1.25_3
GEN_38_FIT_0.8956877852652505_0.8993721444528001_0.9144130340471933_SIZE_1_1.3_3
GEN_39_FIT_0.8956877852652505_0.8993721444528001_0.9144130340471933_SIZE_1_1.3_3
GEN_40_FIT_0.8956877852652505_0.8993721444528001_0.9144130340471933_SIZE_1_1.3_3
Evaluating in sample:
[GEN_40|make_tuple(0.5064858825326667, 11, 6)|0.8957]
[GEN_40|make_tuple(0.6168481254200462, add(0.6425254980226232, 0.0031170249963662095), 5)|0.9138]
[GEN_40|make_tuple(0.6168481254200462, add(0.6425254980226232, 0.0031170249963662095), add(0.0029333044384391334, 5))|0.9144]
Evaluating out-of-sample:
[GEN_40|make_tuple(0.5064858825326667, 11, 6)|0.9634]
[GEN_40|make_tuple(0.6168481254200462, add(0.6425254980226232, 0.0031170249963662095), 5)|0.9928]
[GEN_40|make_tuple(0.6168481254200462, add(0.6425254980226232, 0.0031170249963662095), add(0.0029333044384391334, 5))|0.9928]
GEN_41_FIT_0.8956877852652505_0.8993721444528001_0.9144130340471933_SIZE_1_1.3_3
GEN_42_FIT_0.8956877852652505_0.8993721444528001_0.9144130340471933_SIZE_1_1.3_3
GEN_43_FIT_0.8956877852652505_0.8993721444528001_0.9144130340471933_SIZE_1_1.3_3
GEN_44_FIT_0.8956877852652505_0.8993721444528001_0.9144130340471933_SIZE_1_1.3_3
GEN_45_FIT_0.8956877852652505_0.8993721444528001_0.9144130340471933_SIZE_1_1.3_3
GEN_46_FIT_0.8956877852652505_0.8993721444528001_0.9144130340471933_SIZE_1_1.3_3
GEN_47_FIT_0.8956877852652505_0.8993721444528001_0.9144130340471933_SIZE_1_1.3_3
GEN_48_FIT_0.8956877852652505_0.8993721444528001_0.9144130340471933_SIZE_1_1.3_3
GEN_49_FIT_0.8956877852652505_0.8993721444528001_0.9144130340471933_SIZE_1_1.3_3
GEN_50_FIT_0.8956877852652505_0.8993721444528001_0.9144130340471933_SIZE_1_1.3_3
GEN_51_FIT_0.8956877852652505_0.8993721444528001_0.9144130340471933_SIZE_1_1.3_3
GEN_52_FIT_0.8956877852652505_0.8993721444528001_0.9144130340471933_SIZE_1_1.3_3
GEN_53_FIT_0.8956877852652505_0.8993721444528001_0.9144130340471933_SIZE_1_1.3_3
GEN_54_FIT_0.8956877852652505_0.8993721444528001_0.9144130340471933_SIZE_1_1.3_3
GEN_55_FIT_0.8956877852652505_0.8993721444528001_0.9144130340471933_SIZE_1_1.3_3
GEN_56_FIT_0.8956877852652505_0.8993721444528001_0.9144130340471933_SIZE_1_1.3_3
Evaluating in sample:
[GEN_56|make_tuple(0.5064858825326667, 11, 6)|0.8957]
[GEN_56|make_tuple(0.6168481254200462, add(0.6425254980226232, 0.0031170249963662095), 5)|0.9138]
[GEN_56|make_tuple(0.6168481254200462, add(0.6425254980226232, 0.0031170249963662095), add(0.0029333044384391334, 5))|0.9144]
Evaluating out-of-sample:
[GEN_56|make_tuple(0.5064858825326667, 11, 6)|0.9634]
[GEN_56|make_tuple(0.6168481254200462, add(0.6425254980226232, 0.0031170249963662095), 5)|0.9928]
[GEN_56|make_tuple(0.6168481254200462, add(0.6425254980226232, 0.0031170249963662095), add(0.0029333044384391334, 5))|0.9928]
Stopped early in iteration 56, no improvement in 20 gens.
START_TASK: 14
GEN_0_FIT_0.8685267367809336_0.8849492048260915_0.908119584208709_SIZE_1_3.45_10
GEN_1_FIT_0.8696890341457972_0.8947454472454544_0.9084897850939678_SIZE_1_2.8_7
GEN_2_FIT_0.882071681899545_0.8971212970871776_0.9107904315573417_SIZE_1_2.25_6
GEN_3_FIT_0.8827285855513849_0.8900179539421034_0.9107904315573417_SIZE_1_1.35_4
GEN_4_FIT_0.8852921196430685_0.9052689412061007_0.9112078528040045_SIZE_1_2.05_4
GEN_5_FIT_0.8852921196430685_0.9005122700005449_0.9118357703207499_SIZE_1_1.95_4
GEN_6_FIT_0.8921598233866309_0.8999850788393102_0.9118357703207499_SIZE_1_1.65_4
GEN_7_FIT_0.8938594495331402_0.9080459626822718_0.9118357703207499_SIZE_1_2.05_3
GEN_8_FIT_0.8952416179531572_0.9101754909951103_0.9118357703207499_SIZE_1_1.9_2
GEN_9_FIT_0.8946899374934565_0.9045418385310589_0.9130241307311489_SIZE_1_1.7_3
GEN_10_FIT_0.8952416179531572_0.9029423761755432_0.9132942879505292_SIZE_1_1.6_3
GEN_11_FIT_0.8953537798844601_0.9031168686870201_0.9132942879505292_SIZE_1_1.7_3
GEN_12_FIT_0.8953930729968586_0.9013166457768657_0.9132942879505292_SIZE_1_1.45_3
GEN_13_FIT_0.8953930729968586_0.9006338308948664_0.9136794775112036_SIZE_1_1.5_4
GEN_14_FIT_0.8953930729968586_0.9025146618623276_0.9136794775112036_SIZE_1_1.75_4
GEN_15_FIT_0.8955693877667985_0.8991281429831_0.9136794775112036_SIZE_1_1.45_4
GEN_16_FIT_0.8955693877667985_0.9043803989356121_0.9136794775112036_SIZE_1_2.05_4
GEN_17_FIT_0.8955693877667985_0.9090953605270228_0.9136794775112036_SIZE_1_3.05_4
GEN_18_FIT_0.8955693877667985_0.9038972874458053_0.9137082044414251_SIZE_1_2.0_4
GEN_19_FIT_0.8955985114937536_0.9009506482856982_0.9137082044414251_SIZE_1_1.55_4
GEN_20_FIT_0.8956688344132545_0.9009874246813203_0.9137082044414251_SIZE_1_1.6_4
Evaluating in sample:
[GEN_20|make_tuple(0.5051131466464471, 34, 6)|0.8957]
[GEN_20|make_tuple(0.6182381219297889, expit(0.63568390514993), 5)|0.9129]
[GEN_20|make_tuple(0.6182381219297889, expit(expit(0.3790869639491705)), 5)|0.9136]
[GEN_20|make_tuple(0.6182381219297889, expit(add(0.018442536995155173, expit(0.3429799035568908))), 5)|0.9137]
Evaluating out-of-sample:
[GEN_20|make_tuple(0.5051131466464471, 34, 6)|0.9524]
[GEN_20|make_tuple(0.6182381219297889, expit(0.63568390514993), 5)|0.9884]
[GEN_20|make_tuple(0.6182381219297889, expit(expit(0.3790869639491705)), 5)|0.9885]
[GEN_20|make_tuple(0.6182381219297889, expit(add(0.018442536995155173, expit(0.3429799035568908))), 5)|0.9885]
GEN_21_FIT_0.8956688344132545_0.9107551343664742_0.9137082044414251_SIZE_1_2.85_4
GEN_22_FIT_0.8956688344132545_0.907302455239034_0.9138139668070744_SIZE_1_2.35_4
GEN_23_FIT_0.895722438803404_0.9117762173603887_0.9138139668070744_SIZE_1_2.8_4
GEN_24_FIT_0.895722438803404_0.9100034110546993_0.9138139668070744_SIZE_1_2.65_4
GEN_25_FIT_0.8955626757531215_0.9074226345984456_0.9138281680200407_SIZE_1_2.6_4
GEN_26_FIT_0.8955626757531215_0.9011201595003694_0.9138281680200407_SIZE_1_1.45_4
GEN_27_FIT_0.895722438803404_0.8975330117250676_0.9138281680200407_SIZE_1_1.1_2
GEN_28_FIT_0.895722438803404_0.8975330117250676_0.9138281680200407_SIZE_1_1.1_2
GEN_29_FIT_0.895722438803404_0.8975330117250676_0.9138281680200407_SIZE_1_1.1_2
GEN_30_FIT_0.895722438803404_0.8975330117250676_0.9138281680200407_SIZE_1_1.1_2
GEN_31_FIT_0.895722438803404_0.8975330117250676_0.9138281680200407_SIZE_1_1.1_2
GEN_32_FIT_0.895722438803404_0.8975330117250676_0.9138281680200407_SIZE_1_1.1_2
GEN_33_FIT_0.895722438803404_0.8975330117250676_0.9138281680200407_SIZE_1_1.1_2
GEN_34_FIT_0.895722438803404_0.8975330117250676_0.9138281680200407_SIZE_1_1.1_2
GEN_35_FIT_0.895722438803404_0.8975330117250676_0.9138281680200407_SIZE_1_1.1_2
GEN_36_FIT_0.895722438803404_0.8975330117250676_0.9138281680200407_SIZE_1_1.1_2
GEN_37_FIT_0.895722438803404_0.8975330117250676_0.9138281680200407_SIZE_1_1.1_2
GEN_38_FIT_0.895722438803404_0.8975330117250676_0.9138281680200407_SIZE_1_1.1_2
GEN_39_FIT_0.895722438803404_0.8975330117250676_0.9138281680200407_SIZE_1_1.1_2
GEN_40_FIT_0.895722438803404_0.8984686530448315_0.9144352651986835_SIZE_1_1.2_3
Evaluating in sample:
[GEN_40|make_tuple(0.5057119119532358, 49, 6)|0.8957]
[GEN_40|make_tuple(0.6182381219297889, expit(0.600201710082309), 5)|0.9138]
[GEN_40|make_tuple(0.6182381219297889, expit(0.600201710082309), add(5, 0.010994729908088318))|0.9144]
Evaluating out-of-sample:
[GEN_40|make_tuple(0.5057119119532358, 49, 6)|0.9524]
[GEN_40|make_tuple(0.6182381219297889, expit(0.600201710082309), 5)|0.9885]
[GEN_40|make_tuple(0.6182381219297889, expit(0.600201710082309), add(5, 0.010994729908088318))|0.9886]
GEN_41_FIT_0.895722438803404_0.8984686530448315_0.9144352651986835_SIZE_1_1.2_3
GEN_42_FIT_0.895722438803404_0.8994042943645955_0.9144352651986835_SIZE_1_1.3_3
GEN_43_FIT_0.895722438803404_0.8994042943645955_0.9144352651986835_SIZE_1_1.3_3
GEN_44_FIT_0.895722438803404_0.8994042943645955_0.9144352651986835_SIZE_1_1.3_3
GEN_45_FIT_0.895722438803404_0.8994042943645955_0.9144352651986835_SIZE_1_1.3_3
GEN_46_FIT_0.895722438803404_0.8994042943645955_0.9144352651986835_SIZE_1_1.3_3
GEN_47_FIT_0.895722438803404_0.8994042943645955_0.9144352651986835_SIZE_1_1.3_3
GEN_48_FIT_0.895722438803404_0.8994042943645955_0.9144352651986835_SIZE_1_1.3_3
GEN_49_FIT_0.895722438803404_0.8994042943645955_0.9144352651986835_SIZE_1_1.3_3
GEN_50_FIT_0.895722438803404_0.8994042943645955_0.9144352651986835_SIZE_1_1.3_3
GEN_51_FIT_0.895722438803404_0.8994042943645955_0.9144352651986835_SIZE_1_1.3_3
GEN_52_FIT_0.895722438803404_0.8994042943645955_0.9144352651986835_SIZE_1_1.3_3
GEN_53_FIT_0.895722438803404_0.8994042943645955_0.9144352651986835_SIZE_1_1.3_3
GEN_54_FIT_0.895722438803404_0.8994042943645955_0.9144352651986835_SIZE_1_1.3_3
GEN_55_FIT_0.895722438803404_0.8994042943645955_0.9144352651986835_SIZE_1_1.3_3
GEN_56_FIT_0.895722438803404_0.8994042943645955_0.9144352651986835_SIZE_1_1.3_3
GEN_57_FIT_0.895722438803404_0.8994042943645955_0.9144352651986835_SIZE_1_1.3_3
GEN_58_FIT_0.895722438803404_0.8994042943645955_0.9144352651986835_SIZE_1_1.3_3
GEN_59_FIT_0.895722438803404_0.8994042943645955_0.9144352651986835_SIZE_1_1.3_3
GEN_60_FIT_0.895722438803404_0.8994042943645955_0.9144352651986835_SIZE_1_1.3_3
Evaluating in sample:
[GEN_60|make_tuple(0.5057119119532358, 49, 6)|0.8957]
[GEN_60|make_tuple(0.6182381219297889, expit(0.600201710082309), 5)|0.9138]
[GEN_60|make_tuple(0.6182381219297889, expit(0.600201710082309), add(5, 0.010994729908088318))|0.9144]
Evaluating out-of-sample:
[GEN_60|make_tuple(0.5057119119532358, 49, 6)|0.9524]
[GEN_60|make_tuple(0.6182381219297889, expit(0.600201710082309), 5)|0.9885]
[GEN_60|make_tuple(0.6182381219297889, expit(0.600201710082309), add(5, 0.010994729908088318))|0.9886]
GEN_61_FIT_0.895722438803404_0.8994042943645955_0.9144352651986835_SIZE_1_1.3_3
Evaluating in sample:
[GEN_61|make_tuple(0.5057119119532358, 49, 6)|0.8957]
[GEN_61|make_tuple(0.6182381219297889, expit(0.600201710082309), 5)|0.9138]
[GEN_61|make_tuple(0.6182381219297889, expit(0.600201710082309), add(5, 0.010994729908088318))|0.9144]
Evaluating out-of-sample:
[GEN_61|make_tuple(0.5057119119532358, 49, 6)|0.9524]
[GEN_61|make_tuple(0.6182381219297889, expit(0.600201710082309), 5)|0.9885]
[GEN_61|make_tuple(0.6182381219297889, expit(0.600201710082309), add(5, 0.010994729908088318))|0.9886]
Stopped early in iteration 61, no improvement in 20 gens.
START_TASK: 15
GEN_0_FIT_0.869213685405627_0.8811554114024016_0.9007776670876109_SIZE_1_5.15_10
GEN_1_FIT_0.8845698590065639_0.8954875097353867_0.9044674074542952_SIZE_1_3.6_10
GEN_2_FIT_0.8851652456825234_0.8957224455972627_0.9086367225042896_SIZE_1_2.45_8
GEN_3_FIT_0.8903098421833167_0.9012497436693312_0.9089344139387452_SIZE_1_2.2_4
GEN_4_FIT_0.8921417049000447_0.9041594348335174_0.909510815885138_SIZE_1_2.25_3
GEN_5_FIT_0.8921417049000447_0.9057773723738161_0.909510815885138_SIZE_1_2.55_3
GEN_6_FIT_0.8699862328096335_0.8997289479158488_0.9100700961468629_SIZE_1_1.9_4
GEN_7_FIT_0.8928105460360386_0.8990756082396245_0.9113146437119224_SIZE_1_1.6_3
GEN_8_FIT_0.892916506884086_0.9015740588045421_0.9113146437119224_SIZE_1_1.75_3
GEN_9_FIT_0.8935509170942852_0.904520271568528_0.9113146437119224_SIZE_1_1.95_3
GEN_10_FIT_0.8943099970997471_0.9064197587231908_0.9118065156402781_SIZE_1_2.05_3
GEN_11_FIT_0.8946227771821901_0.9026463127347644_0.9118065156402781_SIZE_1_1.65_3
GEN_12_FIT_0.8953133559594344_0.8986902071276346_0.913654842623276_SIZE_1_1.3_3
GEN_13_FIT_0.8953133559594344_0.8981781562859725_0.9137930777439335_SIZE_1_1.15_2
GEN_14_FIT_0.8956181147335174_0.8974356110345589_0.9137930777439335_SIZE_1_1.1_2
GEN_15_FIT_0.8956181147335174_0.8974356110345589_0.9137930777439335_SIZE_1_1.1_2
GEN_16_FIT_0.8956181147335174_0.8974356110345589_0.9137930777439335_SIZE_1_1.1_2
GEN_17_FIT_0.8956181147335174_0.8981619472230371_0.9137930777439335_SIZE_1_1.15_2
GEN_18_FIT_0.8956181147335174_0.8981986502485247_0.9137930777439335_SIZE_1_1.15_2
GEN_19_FIT_0.8956181147335174_0.9020719801140921_0.9137930777439335_SIZE_1_1.35_2
GEN_20_FIT_0.895810745023571_0.9083983779278247_0.9137930777439335_SIZE_1_1.7_2
Evaluating in sample:
[GEN_20|make_tuple(0.5064066397652355, 590, 6)|0.8958]
[GEN_20|make_tuple(0.6222647572346602, sub(0.6470523294320464, 0.0021009224380914384), 5)|0.9138]
Evaluating out-of-sample:
[GEN_20|make_tuple(0.5064066397652355, 590, 6)|0.9487]
[GEN_20|make_tuple(0.6222647572346602, sub(0.6470523294320464, 0.0021009224380914384), 5)|0.9703]
GEN_21_FIT_0.8956527227003975_0.8967026907294413_0.9138076814641494_SIZE_1_1.05_2
GEN_22_FIT_0.895810745023571_0.8967105918456_0.9138076814641494_SIZE_1_1.05_2
GEN_23_FIT_0.895810745023571_0.8976104386676289_0.9138076814641494_SIZE_1_1.1_2
GEN_24_FIT_0.895810745023571_0.8967107320807678_0.9138104861675063_SIZE_1_1.05_2
GEN_25_FIT_0.895810745023571_0.8967107320807678_0.9138104861675063_SIZE_1_1.05_2
GEN_26_FIT_0.895810745023571_0.8967113131776315_0.9138221081047821_SIZE_1_1.05_2
GEN_27_FIT_0.895810745023571_0.8967113131776315_0.9138221081047821_SIZE_1_1.05_2
GEN_28_FIT_0.895810745023571_0.8967113131776315_0.9138221081047821_SIZE_1_1.05_2
GEN_29_FIT_0.895810745023571_0.8967113131776315_0.9138221081047821_SIZE_1_1.05_2
GEN_30_FIT_0.895810745023571_0.8976118813316921_0.9138221081047821_SIZE_1_1.1_2
GEN_31_FIT_0.895810745023571_0.8976118813316921_0.9138221081047821_SIZE_1_1.1_2
GEN_32_FIT_0.895810745023571_0.8976118813316921_0.9138221081047821_SIZE_1_1.1_2
GEN_33_FIT_0.895810745023571_0.8976118813316921_0.9138221081047821_SIZE_1_1.1_2
GEN_34_FIT_0.895810745023571_0.8976118813316921_0.9138221081047821_SIZE_1_1.1_2
GEN_35_FIT_0.895810745023571_0.8976118813316921_0.9138221081047821_SIZE_1_1.1_2
GEN_36_FIT_0.895810745023571_0.8976118813316921_0.9138221081047821_SIZE_1_1.1_2
GEN_37_FIT_0.895810745023571_0.8976118813316921_0.9138221081047821_SIZE_1_1.1_2
GEN_38_FIT_0.895810745023571_0.8976118813316921_0.9138221081047821_SIZE_1_1.1_2
GEN_39_FIT_0.895810745023571_0.8976118813316921_0.9138221081047821_SIZE_1_1.1_2
GEN_40_FIT_0.895810745023571_0.8976118813316921_0.9138221081047821_SIZE_1_1.1_2
Evaluating in sample:
[GEN_40|make_tuple(0.5064066397652355, 590, 6)|0.8958]
[GEN_40|make_tuple(0.6222647572346602, sub(0.6470523294320464, 0.0016040501407540253), 5)|0.9138]
Evaluating out-of-sample:
[GEN_40|make_tuple(0.5064066397652355, 590, 6)|0.9487]
[GEN_40|make_tuple(0.6222647572346602, sub(0.6470523294320464, 0.0016040501407540253), 5)|0.9701]
GEN_41_FIT_0.895810745023571_0.8976118813316921_0.9138221081047821_SIZE_1_1.1_2
GEN_42_FIT_0.895810745023571_0.8976118813316921_0.9138221081047821_SIZE_1_1.1_2
GEN_43_FIT_0.895810745023571_0.8976118813316921_0.9138221081047821_SIZE_1_1.1_2
GEN_44_FIT_0.895810745023571_0.8976118813316921_0.9138221081047821_SIZE_1_1.1_2
GEN_45_FIT_0.895810745023571_0.8976118813316921_0.9138221081047821_SIZE_1_1.1_2
GEN_46_FIT_0.895810745023571_0.8967119593884514_0.9138350323211777_SIZE_1_1.05_2
GEN_47_FIT_0.895810745023571_0.8967119593884514_0.9138350323211777_SIZE_1_1.05_2
GEN_48_FIT_0.895810745023571_0.8976131737533317_0.9138350323211777_SIZE_1_1.1_2
GEN_49_FIT_0.895810745023571_0.8976131737533317_0.9138350323211777_SIZE_1_1.1_2
GEN_50_FIT_0.895810745023571_0.8976131737533317_0.9138350323211777_SIZE_1_1.1_2
GEN_51_FIT_0.895810745023571_0.8976131737533317_0.9138350323211777_SIZE_1_1.1_2
GEN_52_FIT_0.895810745023571_0.8976131737533317_0.9138350323211777_SIZE_1_1.1_2
GEN_53_FIT_0.895810745023571_0.8976131737533317_0.9138350323211777_SIZE_1_1.1_2
GEN_54_FIT_0.895810745023571_0.8994162852767655_0.9138350323211777_SIZE_1_1.2_2
GEN_55_FIT_0.895810745023571_0.9039223173277625_0.9138350323211777_SIZE_1_1.45_2
GEN_56_FIT_0.895810745023571_0.9102314609021933_0.9138350323211777_SIZE_1_1.8_2
GEN_57_FIT_0.8958247986310789_0.9120344361383447_0.9138435760447147_SIZE_1_1.95_3
GEN_58_FIT_0.8956733757818828_0.9084269207068891_0.9138599938545848_SIZE_1_1.85_3
GEN_59_FIT_0.8956733757818828_0.8994151711812617_0.9138708890058845_SIZE_1_1.3_3
GEN_60_FIT_0.8958247986310789_0.8985608978125018_0.9144504962478152_SIZE_1_1.3_4
Evaluating in sample:
[GEN_60|make_tuple(0.5068608602959621, 9, 6)|0.8958]
[GEN_60|make_tuple(0.621086627987379, sub(0.6470523294320464, 0.0015752394685496687), 5)|0.9139]
[GEN_60|make_tuple(0.621086627987379, sub(0.6470523294320464, min(0.0015752394685496687, 0.0012948301793779173)), 5)|0.9139]
[GEN_60|make_tuple(0.609772719320007, sub(0.6470523294320464, min(0.0015752394685496687, 0.0012948301793779173)), add(0.006805298144776087, 5))|0.9145]
Evaluating out-of-sample:
[GEN_60|make_tuple(0.5068608602959621, 9, 6)|0.9487]
[GEN_60|make_tuple(0.621086627987379, sub(0.6470523294320464, 0.0015752394685496687), 5)|0.9702]
[GEN_60|make_tuple(0.621086627987379, sub(0.6470523294320464, min(0.0015752394685496687, 0.0012948301793779173)), 5)|0.9701]
[GEN_60|make_tuple(0.609772719320007, sub(0.6470523294320464, min(0.0015752394685496687, 0.0012948301793779173)), add(0.006805298144776087, 5))|0.9700]
GEN_61_FIT_0.8958247986310789_0.8995199674200223_0.9144504962478152_SIZE_1_1.45_4
GEN_62_FIT_0.8958247986310789_0.9004217271811974_0.9144504962478152_SIZE_1_1.5_4
GEN_63_FIT_0.8958247986310789_0.9004217271811974_0.9144504962478152_SIZE_1_1.5_4
GEN_64_FIT_0.8958247986310789_0.8976700824834547_0.9145970557917326_SIZE_1_1.15_3
GEN_65_FIT_0.8958247986310789_0.8986086953414872_0.9145970557917326_SIZE_1_1.25_3
GEN_66_FIT_0.8958247986310789_0.8995153663358305_0.9145970557917326_SIZE_1_1.3_3
GEN_67_FIT_0.8958247986310789_0.8986103094550577_0.9145970557917326_SIZE_1_1.25_3
GEN_68_FIT_0.8958247986310789_0.8995185945629711_0.9145970557917326_SIZE_1_1.3_3
GEN_69_FIT_0.8958247986310789_0.8995185945629711_0.9145970557917326_SIZE_1_1.3_3
GEN_70_FIT_0.8958247986310789_0.898580358280363_0.914604587300224_SIZE_1_1.2_3
GEN_71_FIT_0.8958247986310789_0.8995200640075381_0.914604587300224_SIZE_1_1.3_3
GEN_72_FIT_0.8958247986310789_0.8995200640075381_0.914604587300224_SIZE_1_1.3_3
GEN_73_FIT_0.8958247986310789_0.8995200640075381_0.914604587300224_SIZE_1_1.3_3
GEN_74_FIT_0.8958247986310789_0.8995200640075381_0.914604587300224_SIZE_1_1.3_3
GEN_75_FIT_0.8958247986310789_0.8995200640075381_0.914604587300224_SIZE_1_1.3_3
GEN_76_FIT_0.8958247986310789_0.8995200640075381_0.914604587300224_SIZE_1_1.3_3
GEN_77_FIT_0.8958247986310789_0.8995200640075381_0.914604587300224_SIZE_1_1.3_3
GEN_78_FIT_0.8958247986310789_0.8995200640075381_0.914604587300224_SIZE_1_1.3_3
GEN_79_FIT_0.8958247986310789_0.8995200640075381_0.914604587300224_SIZE_1_1.3_3
GEN_80_FIT_0.8958247986310789_0.8995200640075381_0.914604587300224_SIZE_1_1.3_3
Evaluating in sample:
[GEN_80|make_tuple(0.5068608602959621, 9, 6)|0.8958]
[GEN_80|make_tuple(0.6171148754307262, sub(0.6470523294320464, 0.001371910830634262), 5)|0.9140]
[GEN_80|make_tuple(0.6171148754307262, sub(0.6470523294320464, 0.001371910830634262), add(0.037388192680730264, 5))|0.9146]
Evaluating out-of-sample:
[GEN_80|make_tuple(0.5068608602959621, 9, 6)|0.9487]
[GEN_80|make_tuple(0.6171148754307262, sub(0.6470523294320464, 0.001371910830634262), 5)|0.9700]
[GEN_80|make_tuple(0.6171148754307262, sub(0.6470523294320464, 0.001371910830634262), add(0.037388192680730264, 5))|0.9700]
GEN_81_FIT_0.8958247986310789_0.8995200640075381_0.914604587300224_SIZE_1_1.3_3
GEN_82_FIT_0.8958247986310789_0.8995200640075381_0.914604587300224_SIZE_1_1.3_3
GEN_83_FIT_0.8958247986310789_0.8995200640075381_0.914604587300224_SIZE_1_1.3_3
GEN_84_FIT_0.8958247986310789_0.8995200640075381_0.914604587300224_SIZE_1_1.3_3
GEN_85_FIT_0.8958247986310789_0.8995200640075381_0.914604587300224_SIZE_1_1.3_3
GEN_86_FIT_0.8958247986310789_0.8995200640075381_0.914604587300224_SIZE_1_1.3_3
GEN_87_FIT_0.8958247986310789_0.8995200640075381_0.914604587300224_SIZE_1_1.3_3
GEN_88_FIT_0.8958247986310789_0.8995200640075381_0.914604587300224_SIZE_1_1.3_3
GEN_89_FIT_0.8958247986310789_0.8995200640075381_0.914604587300224_SIZE_1_1.3_3
GEN_90_FIT_0.8958247986310789_0.8995200640075381_0.914604587300224_SIZE_1_1.3_3
GEN_91_FIT_0.8958247986310789_0.8995200640075381_0.914604587300224_SIZE_1_1.3_3
Evaluating in sample:
[GEN_91|make_tuple(0.5068608602959621, 9, 6)|0.8958]
[GEN_91|make_tuple(0.6171148754307262, sub(0.6470523294320464, 0.001371910830634262), 5)|0.9140]
[GEN_91|make_tuple(0.6171148754307262, sub(0.6470523294320464, 0.001371910830634262), add(0.037388192680730264, 5))|0.9146]
Evaluating out-of-sample:
[GEN_91|make_tuple(0.5068608602959621, 9, 6)|0.9487]
[GEN_91|make_tuple(0.6171148754307262, sub(0.6470523294320464, 0.001371910830634262), 5)|0.9700]
[GEN_91|make_tuple(0.6171148754307262, sub(0.6470523294320464, 0.001371910830634262), add(0.037388192680730264, 5))|0.9700]
Stopped early in iteration 91, no improvement in 20 gens.
START_TASK: 16
GEN_0_FIT_0.8692085457123792_0.8804026892051512_0.9005062591850876_SIZE_1_5.05_11
GEN_1_FIT_0.8811820250145265_0.8928330479715951_0.9090790346439798_SIZE_1_4.8_10
GEN_2_FIT_0.8925786842569162_0.8996463853106341_0.9091464358936218_SIZE_1_4.9_10
GEN_3_FIT_0.8938932382077991_0.8994733237288812_0.9105293478673714_SIZE_1_3.2_7
GEN_4_FIT_0.8941314151912753_0.9043728535846354_0.9116197503489107_SIZE_1_4.4_7
GEN_5_FIT_0.8953554437217442_0.9033926234383719_0.9116197503489107_SIZE_1_3.6_7
GEN_6_FIT_0.8953597485849186_0.9038696613672631_0.9116197503489107_SIZE_1_3.6_7
GEN_7_FIT_0.8953597485849186_0.8977746917938605_0.9120427979852662_SIZE_1_1.6_6
GEN_8_FIT_0.8953597485849186_0.90088187696349_0.9120427979852662_SIZE_1_2.15_6
GEN_9_FIT_0.895883620948469_0.9080755657613322_0.9120427979852662_SIZE_1_3.25_5
GEN_10_FIT_0.8957412490666768_0.901929835882418_0.9120427979852662_SIZE_1_1.9_6
GEN_11_FIT_0.895883620948469_0.8982147157932625_0.912204788565669_SIZE_1_1.3_4
GEN_12_FIT_0.895883620948469_0.898281924941631_0.912204788565669_SIZE_1_1.3_4
GEN_13_FIT_0.895883620948469_0.8974796809473833_0.912204788565669_SIZE_1_1.15_3
GEN_14_FIT_0.895883620948469_0.8999064454001149_0.912204788565669_SIZE_1_1.4_3
GEN_15_FIT_0.895883620948469_0.9048022780165932_0.912204788565669_SIZE_1_2.0_3
GEN_16_FIT_0.895883620948469_0.9038890212438616_0.9122160127688984_SIZE_1_1.65_3
GEN_17_FIT_0.8958901103428734_0.8983351154706936_0.9122160127688984_SIZE_1_1.25_3
GEN_18_FIT_0.8958901103428734_0.8983317621079905_0.9122265502365113_SIZE_1_1.2_3
GEN_19_FIT_0.8958901103428734_0.8991485841026725_0.9122265502365113_SIZE_1_1.3_3
GEN_20_FIT_0.8958901103428734_0.8991485841026725_0.9122265502365113_SIZE_1_1.3_3
Evaluating in sample:
[GEN_20|make_tuple(0.5068352655102526, 20, 6)|0.8959]
[GEN_20|make_tuple(0.6327700391237617, add(0.3333866504678548, 0.3121105803517861), 6)|0.9121]
[GEN_20|make_tuple(0.6327700391237617, add(0.3298464035040355, add(0.3121105803517861, 0.0038957060790527245)), 5)|0.9122]
Evaluating out-of-sample:
[GEN_20|make_tuple(0.5068352655102526, 20, 6)|0.9410]
[GEN_20|make_tuple(0.6327700391237617, add(0.3333866504678548, 0.3121105803517861), 6)|0.9892]
[GEN_20|make_tuple(0.6327700391237617, add(0.3298464035040355, add(0.3121105803517861, 0.0038957060790527245)), 5)|0.9891]
GEN_21_FIT_0.8958901103428734_0.8983396142020709_0.9122265502365113_SIZE_1_1.25_3
GEN_22_FIT_0.8958901103428734_0.8983396142020709_0.9122265502365113_SIZE_1_1.25_3
GEN_23_FIT_0.8958901103428734_0.8983391925988368_0.9122373606687875_SIZE_1_1.2_3
GEN_24_FIT_0.8958901103428734_0.8991565551151325_0.9122373606687875_SIZE_1_1.3_3
GEN_25_FIT_0.8958901103428734_0.8991565551151325_0.9122373606687875_SIZE_1_1.3_3
GEN_26_FIT_0.8958901103428734_0.9000099401982912_0.9129578120060489_SIZE_1_1.45_4
GEN_27_FIT_0.8958901103428734_0.8992041176261338_0.9129578120060489_SIZE_1_1.35_4
GEN_28_FIT_0.8958901103428734_0.9000575027092926_0.9129578120060489_SIZE_1_1.5_4
GEN_29_FIT_0.8958901103428734_0.9008864051697267_0.9129578120060489_SIZE_1_1.6_4
GEN_30_FIT_0.8958901103428734_0.9000804642569898_0.9129578120060489_SIZE_1_1.5_4
GEN_31_FIT_0.8958901103428734_0.9009323282651212_0.9129578120060489_SIZE_1_1.6_4
GEN_32_FIT_0.8958901103428734_0.9009323282651212_0.9129578120060489_SIZE_1_1.6_4
GEN_33_FIT_0.8958901103428734_0.9009323282651212_0.9129578120060489_SIZE_1_1.6_4
GEN_34_FIT_0.8958901103428734_0.9009323282651212_0.9129578120060489_SIZE_1_1.6_4
GEN_35_FIT_0.8958901103428734_0.9009323282651212_0.9129578120060489_SIZE_1_1.6_4
GEN_36_FIT_0.8958901103428734_0.9009323282651212_0.9129578120060489_SIZE_1_1.6_4
GEN_37_FIT_0.8958901103428734_0.9009323282651212_0.9129578120060489_SIZE_1_1.6_4
GEN_38_FIT_0.8958901103428734_0.9009323282651212_0.9129578120060489_SIZE_1_1.6_4
GEN_39_FIT_0.8958901103428734_0.9009323282651212_0.9129578120060489_SIZE_1_1.6_4
GEN_40_FIT_0.8958901103428734_0.9009323282651212_0.9129578120060489_SIZE_1_1.6_4
Evaluating in sample:
[GEN_40|make_tuple(0.5068352655102526, 20, 6)|0.8959]
[GEN_40|make_tuple(0.6327700391237617, add(0.3333866504678548, 0.3121105803517861), 5)|0.9122]
[GEN_40|make_tuple(0.6327700391237617, add(0.3333866504678548, 0.3121105803517861), add(0.01596619226142415, 5))|0.9129]
[GEN_40|make_tuple(0.6327700391237617, add(0.3298464035040355, add(0.3121105803517861, 0.0037168155983329358)), add(0.049825237222640775, 5))|0.9130]
Evaluating out-of-sample:
[GEN_40|make_tuple(0.5068352655102526, 20, 6)|0.9410]
[GEN_40|make_tuple(0.6327700391237617, add(0.3333866504678548, 0.3121105803517861), 5)|0.9891]
[GEN_40|make_tuple(0.6327700391237617, add(0.3333866504678548, 0.3121105803517861), add(0.01596619226142415, 5))|0.9892]
[GEN_40|make_tuple(0.6327700391237617, add(0.3298464035040355, add(0.3121105803517861, 0.0037168155983329358)), add(0.049825237222640775, 5))|0.9892]
GEN_41_FIT_0.8958901103428734_0.9009323282651212_0.9129578120060489_SIZE_1_1.6_4
GEN_42_FIT_0.8958901103428734_0.9009323282651212_0.9129578120060489_SIZE_1_1.6_4
GEN_43_FIT_0.8958901103428734_0.9009323282651212_0.9129578120060489_SIZE_1_1.6_4
GEN_44_FIT_0.8958901103428734_0.9009323282651212_0.9129578120060489_SIZE_1_1.6_4
GEN_45_FIT_0.8958901103428734_0.9009323282651212_0.9129578120060489_SIZE_1_1.6_4
GEN_46_FIT_0.8958901103428734_0.9009323282651212_0.9129578120060489_SIZE_1_1.6_4
GEN_47_FIT_0.8958901103428734_0.9009323282651212_0.9129578120060489_SIZE_1_1.6_4
Evaluating in sample:
[GEN_47|make_tuple(0.5068352655102526, 20, 6)|0.8959]
[GEN_47|make_tuple(0.6327700391237617, add(0.3333866504678548, 0.3121105803517861), 5)|0.9122]
[GEN_47|make_tuple(0.6327700391237617, add(0.3333866504678548, 0.3121105803517861), add(0.01596619226142415, 5))|0.9129]
[GEN_47|make_tuple(0.6327700391237617, add(0.3298464035040355, add(0.3121105803517861, 0.0037168155983329358)), add(0.049825237222640775, 5))|0.9130]
Evaluating out-of-sample:
[GEN_47|make_tuple(0.5068352655102526, 20, 6)|0.9410]
[GEN_47|make_tuple(0.6327700391237617, add(0.3333866504678548, 0.3121105803517861), 5)|0.9891]
[GEN_47|make_tuple(0.6327700391237617, add(0.3333866504678548, 0.3121105803517861), add(0.01596619226142415, 5))|0.9892]
[GEN_47|make_tuple(0.6327700391237617, add(0.3298464035040355, add(0.3121105803517861, 0.0037168155983329358)), add(0.049825237222640775, 5))|0.9892]
Stopped early in iteration 47, no improvement in 20 gens.
START_TASK: 18
GEN_0_FIT_0.8688712328161191_0.8752861291264251_0.9029167222631326_SIZE_1_3.6_12
GEN_1_FIT_0.8691781110477338_0.8842689691848429_0.9029167222631326_SIZE_1_2.2_5
GEN_2_FIT_0.8696539098909563_0.8731168184515449_0.9058216883182099_SIZE_1_1.15_3
GEN_3_FIT_0.8696539098909563_0.8765797270121334_0.9058216883182099_SIZE_1_1.3_3
GEN_4_FIT_0.8696539098909563_0.8715633459976673_0.9078426320251722_SIZE_1_1.05_2
GEN_5_FIT_0.8696539098909563_0.8868084187413314_0.9088180583478381_SIZE_1_1.45_3
GEN_6_FIT_0.8845039630015892_0.8913032730741139_0.909245623685035_SIZE_1_1.3_3
GEN_7_FIT_0.8866928011195329_0.9061677024586011_0.909245623685035_SIZE_1_2.1_3
GEN_8_FIT_0.8866928011195329_0.8925237087862856_0.9105144479404397_SIZE_1_1.2_2
GEN_9_FIT_0.8940755402989528_0.9088306892282297_0.9105144479404397_SIZE_1_1.95_3
GEN_10_FIT_0.8940755402989528_0.904767817821621_0.9105963214776525_SIZE_1_1.65_2
GEN_11_FIT_0.8941045240360656_0.9073174231631382_0.9108157075568534_SIZE_1_1.85_3
GEN_12_FIT_0.8941045240360656_0.9001264741307162_0.9108391907274864_SIZE_1_1.4_3
GEN_13_FIT_0.8941854900741193_0.8997203361879548_0.9109291441390913_SIZE_1_1.3_2
GEN_14_FIT_0.8950374030880368_0.8990579604036346_0.9109291441390913_SIZE_1_1.25_2
GEN_15_FIT_0.8951991670708791_0.9031073515718075_0.9116369439766601_SIZE_1_1.5_2
GEN_16_FIT_0.8951991670708791_0.9017841949860916_0.9116369439766601_SIZE_1_1.5_3
GEN_17_FIT_0.8953552865697588_0.908401533251945_0.9116369439766601_SIZE_1_1.85_3
GEN_18_FIT_0.8954947582808594_0.9100227254070801_0.9116369439766601_SIZE_1_1.9_2
GEN_19_FIT_0.8954947582808594_0.9100742941776779_0.9126683193886211_SIZE_1_1.95_3
GEN_20_FIT_0.8954947582808594_0.9094218912046822_0.9126683193886211_SIZE_1_2.05_3
Evaluating in sample:
[GEN_20|make_tuple(0.5063352990562398, 3, 6)|0.8955]
[GEN_20|make_tuple(0.775939603763825, if_gt(6, 318, 0.5412629092566632, 0.6447611572627152), 5)|0.9116]
[GEN_20|make_tuple(0.775939603763825, if_gt(19, 318, 0.5412629092566632, 0.6447611572627152), add(5, 0.004582095855002689))|0.9127]
Evaluating out-of-sample:
[GEN_20|make_tuple(0.5063352990562398, 3, 6)|0.9843]
[GEN_20|make_tuple(0.775939603763825, if_gt(6, 318, 0.5412629092566632, 0.6447611572627152), 5)|0.9822]
[GEN_20|make_tuple(0.775939603763825, if_gt(19, 318, 0.5412629092566632, 0.6447611572627152), add(5, 0.004582095855002689))|0.9823]
GEN_21_FIT_0.8954947582808594_0.9057499259325994_0.9126683193886211_SIZE_1_2.15_3
GEN_22_FIT_0.8954947582808594_0.8988315324765773_0.9126683193886211_SIZE_1_1.3_3
GEN_23_FIT_0.8954947582808594_0.8988315324765773_0.9126683193886211_SIZE_1_1.3_3
GEN_24_FIT_0.8954947582808594_0.8988315324765773_0.9126683193886211_SIZE_1_1.3_3
GEN_25_FIT_0.8954947582808594_0.8988315324765773_0.9126683193886211_SIZE_1_1.3_3
GEN_26_FIT_0.8954947582808594_0.8988315324765773_0.9126683193886211_SIZE_1_1.3_3
GEN_27_FIT_0.8954947582808594_0.8988315324765773_0.9126683193886211_SIZE_1_1.3_3
GEN_28_FIT_0.8954947582808594_0.8988315324765773_0.9126683193886211_SIZE_1_1.3_3
GEN_29_FIT_0.8954947582808594_0.8988315324765773_0.9126683193886211_SIZE_1_1.3_3
GEN_30_FIT_0.8954947582808594_0.8988315324765773_0.9126683193886211_SIZE_1_1.3_3
GEN_31_FIT_0.8954947582808594_0.8988365392327807_0.9127183869506549_SIZE_1_1.3_3
GEN_32_FIT_0.8954947582808594_0.8988365392327807_0.9127183869506549_SIZE_1_1.3_3
GEN_33_FIT_0.8954947582808594_0.8988365392327807_0.9127183869506549_SIZE_1_1.3_3
GEN_34_FIT_0.8954947582808594_0.8988365392327807_0.9127183869506549_SIZE_1_1.3_3
GEN_35_FIT_0.8954947582808594_0.8988365392327807_0.9127183869506549_SIZE_1_1.3_3
GEN_36_FIT_0.8954947582808594_0.8988365392327807_0.9127183869506549_SIZE_1_1.3_3
GEN_37_FIT_0.8954947582808594_0.8988365392327807_0.9127183869506549_SIZE_1_1.3_3
GEN_38_FIT_0.8954947582808594_0.8988365392327807_0.9127183869506549_SIZE_1_1.3_3
GEN_39_FIT_0.8954947582808594_0.8988365392327807_0.9127183869506549_SIZE_1_1.3_3
GEN_40_FIT_0.8954947582808594_0.8988365392327807_0.9127183869506549_SIZE_1_1.3_3
Evaluating in sample:
[GEN_40|make_tuple(0.5063352990562398, 3, 6)|0.8955]
[GEN_40|make_tuple(0.770605086300074, if_gt(6, 318, 0.5412629092566632, 0.6447611572627152), 5)|0.9117]
[GEN_40|make_tuple(0.770605086300074, if_gt(8, 24, 0.003231995665188101, 0.6447611572627152), add(5, 0.014680520364479541))|0.9127]
Evaluating out-of-sample:
[GEN_40|make_tuple(0.5063352990562398, 3, 6)|0.9843]
[GEN_40|make_tuple(0.770605086300074, if_gt(6, 318, 0.5412629092566632, 0.6447611572627152), 5)|0.9821]
[GEN_40|make_tuple(0.770605086300074, if_gt(8, 24, 0.003231995665188101, 0.6447611572627152), add(5, 0.014680520364479541))|0.9823]
GEN_41_FIT_0.8954947582808594_0.8988365392327807_0.9127183869506549_SIZE_1_1.3_3
GEN_42_FIT_0.8954947582808594_0.8988365392327807_0.9127183869506549_SIZE_1_1.3_3
GEN_43_FIT_0.8954947582808594_0.8988365392327807_0.9127183869506549_SIZE_1_1.3_3
GEN_44_FIT_0.8954947582808594_0.8988365392327807_0.9127183869506549_SIZE_1_1.3_3
GEN_45_FIT_0.8954947582808594_0.8988365392327807_0.9127183869506549_SIZE_1_1.3_3
GEN_46_FIT_0.8954947582808594_0.8988365392327807_0.9127183869506549_SIZE_1_1.3_3
GEN_47_FIT_0.8954947582808594_0.8988365392327807_0.9127183869506549_SIZE_1_1.3_3
GEN_48_FIT_0.8954947582808594_0.8988365392327807_0.9127183869506549_SIZE_1_1.3_3
GEN_49_FIT_0.8954947582808594_0.8988365392327807_0.9127183869506549_SIZE_1_1.3_3
GEN_50_FIT_0.8954947582808594_0.8988365392327807_0.9127183869506549_SIZE_1_1.3_3
GEN_51_FIT_0.8954947582808594_0.8988365392327807_0.9127183869506549_SIZE_1_1.3_3
GEN_52_FIT_0.8954947582808594_0.8988365392327807_0.9127183869506549_SIZE_1_1.3_3
Evaluating in sample:
[GEN_52|make_tuple(0.5063352990562398, 3, 6)|0.8955]
[GEN_52|make_tuple(0.770605086300074, if_gt(6, 318, 0.5412629092566632, 0.6447611572627152), 5)|0.9117]
[GEN_52|make_tuple(0.770605086300074, if_gt(8, 24, 0.003231995665188101, 0.6447611572627152), add(5, 0.014680520364479541))|0.9127]
Evaluating out-of-sample:
[GEN_52|make_tuple(0.5063352990562398, 3, 6)|0.9843]
[GEN_52|make_tuple(0.770605086300074, if_gt(6, 318, 0.5412629092566632, 0.6447611572627152), 5)|0.9821]
[GEN_52|make_tuple(0.770605086300074, if_gt(8, 24, 0.003231995665188101, 0.6447611572627152), add(5, 0.014680520364479541))|0.9823]
Stopped early in iteration 52, no improvement in 20 gens.
START_TASK: 22
GEN_0_FIT_0.8689270090823068_0.8845794275435847_0.900002822092433_SIZE_1_5.2_12
GEN_1_FIT_0.8766188609578888_0.8978187576406279_0.9029176380868689_SIZE_1_5.25_12
GEN_2_FIT_0.8904597077048285_0.897637073403029_0.910988684173328_SIZE_1_2.7_9
GEN_3_FIT_0.8910705798852823_0.8995700010827097_0.9130205492125717_SIZE_1_1.7_3
GEN_4_FIT_0.891399370654096_0.9061510889897939_0.9130205492125717_SIZE_1_2.1_4
GEN_5_FIT_0.892688708865573_0.9086836363283662_0.9130205492125717_SIZE_1_2.35_4
GEN_6_FIT_0.8939823174010095_0.9103711412097809_0.9136611813323328_SIZE_1_1.95_3
GEN_7_FIT_0.7491353117876269_0.897839524152656_0.9136611813323328_SIZE_1_1.9_3
GEN_8_FIT_0.8939458301042333_0.9027166783406015_0.9136611813323328_SIZE_1_1.75_3
GEN_9_FIT_0.8939823174010095_0.9086809046958779_0.9138070757644908_SIZE_1_2.25_3
GEN_10_FIT_0.8949685279502396_0.9061500442132623_0.9138070757644908_SIZE_1_2.0_4
GEN_11_FIT_0.895124945137711_0.9098070805085037_0.9138070757644908_SIZE_1_2.1_3
GEN_12_FIT_0.895124945137711_0.9118861488756866_0.9138070757644908_SIZE_1_2.7_3
GEN_13_FIT_0.895124945137711_0.9118861488756866_0.9138070757644908_SIZE_1_2.7_3
GEN_14_FIT_0.894845052175917_0.906144253069707_0.9138366479475718_SIZE_1_1.9_3
GEN_15_FIT_0.895124945137711_0.9033503627466283_0.9138366479475718_SIZE_1_1.55_3
GEN_16_FIT_0.895124945137711_0.8988116146552487_0.9138366479475718_SIZE_1_1.3_3
GEN_17_FIT_0.895124945137711_0.9041663629556844_0.9138366479475718_SIZE_1_1.8_3
GEN_18_FIT_0.8953371723172647_0.9098950321301122_0.9138366479475718_SIZE_1_2.25_3
GEN_19_FIT_0.8955966593493381_0.9128719241554082_0.9138366479475718_SIZE_1_2.85_4
GEN_20_FIT_0.8955966593493381_0.9119599247254964_0.9138366479475718_SIZE_1_2.7_3
Evaluating in sample:
[GEN_20|make_tuple(0.5054447133320816, 128, 6)|0.8956]
[GEN_20|make_tuple(0.6147858334200784, expit(0.5827615051435853), 5)|0.9133]
[GEN_20|make_tuple(0.6147858334200784, expit(expit(0.4070803535793157)), 5)|0.9138]
Evaluating out-of-sample:
[GEN_20|make_tuple(0.5054447133320816, 128, 6)|0.9637]
[GEN_20|make_tuple(0.6147858334200784, expit(0.5827615051435853), 5)|0.9814]
[GEN_20|make_tuple(0.6147858334200784, expit(expit(0.4070803535793157)), 5)|0.9812]
GEN_21_FIT_0.8955966593493381_0.9119599247254964_0.9138366479475718_SIZE_1_2.7_3
GEN_22_FIT_0.8955966593493381_0.9119599247254964_0.9138366479475718_SIZE_1_2.7_3
GEN_23_FIT_0.8955966593493381_0.9119599247254964_0.9138366479475718_SIZE_1_2.7_3
GEN_24_FIT_0.8955966593493381_0.9119599247254964_0.9138366479475718_SIZE_1_2.7_3
GEN_25_FIT_0.8955966593493381_0.9119599247254964_0.9138366479475718_SIZE_1_2.7_3
GEN_26_FIT_0.8955966593493381_0.9119599247254964_0.9138366479475718_SIZE_1_2.7_3
GEN_27_FIT_0.8955966593493381_0.9119599247254964_0.9138366479475718_SIZE_1_2.7_3
GEN_28_FIT_0.8955966593493381_0.9119599247254964_0.9138366479475718_SIZE_1_2.7_3
GEN_29_FIT_0.8955966593493381_0.9119901808763989_0.9144417709656231_SIZE_1_2.75_4
GEN_30_FIT_0.8955966593493381_0.9110254570842352_0.9144417709656231_SIZE_1_2.55_4
GEN_31_FIT_0.8955966593493381_0.9046517696318898_0.9144417709656231_SIZE_1_1.85_4
GEN_32_FIT_0.8955966593493381_0.9010814851033275_0.9144417709656231_SIZE_1_1.6_4
GEN_33_FIT_0.8955966593493381_0.9010814851033275_0.9144417709656231_SIZE_1_1.6_4
GEN_34_FIT_0.8955966593493381_0.9010814851033275_0.9144417709656231_SIZE_1_1.6_4
GEN_35_FIT_0.8955966593493381_0.9010814851033275_0.9144417709656231_SIZE_1_1.6_4
GEN_36_FIT_0.8955966593493381_0.9010814851033275_0.9144417709656231_SIZE_1_1.6_4
GEN_37_FIT_0.8955966593493381_0.9010814851033275_0.9144417709656231_SIZE_1_1.6_4
GEN_38_FIT_0.8955966593493381_0.9010814851033275_0.9144417709656231_SIZE_1_1.6_4
GEN_39_FIT_0.8955966593493381_0.9010814851033275_0.9144417709656231_SIZE_1_1.6_4
GEN_40_FIT_0.8955966593493381_0.9010814851033275_0.9144417709656231_SIZE_1_1.6_4
Evaluating in sample:
[GEN_40|make_tuple(0.5054447133320816, 128, 6)|0.8956]
[GEN_40|make_tuple(0.6147858334200784, expit(0.5827615051435853), 5)|0.9133]
[GEN_40|make_tuple(0.6147858334200784, expit(0.5827615051435853), add(5, 0.0011854142918782025))|0.9139]
[GEN_40|make_tuple(0.6147858334200784, expit(expit(0.4070803535793157)), add(5, 0.0011854142918782025))|0.9144]
Evaluating out-of-sample:
[GEN_40|make_tuple(0.5054447133320816, 128, 6)|0.9637]
[GEN_40|make_tuple(0.6147858334200784, expit(0.5827615051435853), 5)|0.9814]
[GEN_40|make_tuple(0.6147858334200784, expit(0.5827615051435853), add(5, 0.0011854142918782025))|0.9813]
[GEN_40|make_tuple(0.6147858334200784, expit(expit(0.4070803535793157)), add(5, 0.0011854142918782025))|0.9811]
GEN_41_FIT_0.8955966593493381_0.9010814851033275_0.9144417709656231_SIZE_1_1.6_4
GEN_42_FIT_0.8955966593493381_0.9092472464104331_0.9144417709656231_SIZE_1_2.45_5
GEN_43_FIT_0.8956273783673577_0.9115135386335822_0.9144417709656231_SIZE_1_3.35_4
GEN_44_FIT_0.8956273783673577_0.9123996452503222_0.9144417709656231_SIZE_1_3.4_4
GEN_45_FIT_0.8956273783673577_0.9123996452503222_0.9144417709656231_SIZE_1_3.4_4
GEN_46_FIT_0.8956273783673577_0.9123996452503222_0.9144417709656231_SIZE_1_3.4_4
GEN_47_FIT_0.8956273783673577_0.9124705465900087_0.9144417709656231_SIZE_1_3.5_4
GEN_48_FIT_0.8956273783673577_0.9124763747370667_0.9144417709656231_SIZE_1_3.45_4
GEN_49_FIT_0.8956273783673577_0.9124690671416568_0.9144417709656231_SIZE_1_3.4_4
GEN_50_FIT_0.8956273783673577_0.9124690671416568_0.9144417709656231_SIZE_1_3.4_4
Evaluating in sample:
[GEN_50|make_tuple(0.5057120329440995, 145, 6)|0.8956]
[GEN_50|make_tuple(0.6147858334200784, expit(0.6067553864307395), 5)|0.9137]
[GEN_50|make_tuple(0.6147858334200784, expit(0.6067553864307395), add(5, 0.0011854142918782025))|0.9143]
[GEN_50|make_tuple(0.6147858334200784, expit(expit(0.4070803535793157)), add(5, 0.0011854142918782025))|0.9144]
Evaluating out-of-sample:
[GEN_50|make_tuple(0.5057120329440995, 145, 6)|0.9637]
[GEN_50|make_tuple(0.6147858334200784, expit(0.6067553864307395), 5)|0.9812]
[GEN_50|make_tuple(0.6147858334200784, expit(0.6067553864307395), add(5, 0.0011854142918782025))|0.9811]
[GEN_50|make_tuple(0.6147858334200784, expit(expit(0.4070803535793157)), add(5, 0.0011854142918782025))|0.9811]
Stopped early in iteration 50, no improvement in 20 gens.
START_TASK: 23
GEN_0_FIT_0.8709372150263941_0.888130645041729_0.903487334371456_SIZE_1_4.3_12
GEN_1_FIT_0.872111369932129_0.8839735769036869_0.9045946478941252_SIZE_1_1.5_3
GEN_2_FIT_0.8908181475586172_0.8986595999355685_0.9052160325711798_SIZE_1_1.85_3
GEN_3_FIT_0.894624619799328_0.8987694342502976_0.90562797744724_SIZE_1_1.45_3
GEN_4_FIT_0.8957974858301665_0.9037135874388185_0.9076687612031252_SIZE_1_1.85_3
GEN_5_FIT_0.8957513240028805_0.9025726395516441_0.912255035872578_SIZE_1_1.6_3
GEN_6_FIT_0.8960115324444073_0.9024326440448294_0.9127548034952025_SIZE_1_1.55_3
GEN_7_FIT_0.8961737259905229_0.9084847030091975_0.9139767170830496_SIZE_1_2.25_4
GEN_8_FIT_0.8961798688803702_0.9100116080967743_0.914583765909942_SIZE_1_2.0_4
GEN_9_FIT_0.8960470105174142_0.9048571428866271_0.914583765909942_SIZE_1_2.05_4
GEN_10_FIT_0.8961798688803702_0.8988363985538484_0.9149124239677052_SIZE_1_1.3_4
GEN_11_FIT_0.8961798688803702_0.9035484511657254_0.9149124239677052_SIZE_1_1.85_4
GEN_12_FIT_0.8963503836270789_0.9085491272856512_0.9149124239677052_SIZE_1_2.35_4
GEN_13_FIT_0.896521633640088_0.9072025547974484_0.9150327101809597_SIZE_1_2.25_4
GEN_14_FIT_0.8965679376922883_0.8992738824342634_0.9150327101809597_SIZE_1_1.25_3
GEN_15_FIT_0.8965679376922883_0.8992738824342634_0.9150327101809597_SIZE_1_1.25_3
GEN_16_FIT_0.8965679376922883_0.8992740904597294_0.9150327101809597_SIZE_1_1.25_3
GEN_17_FIT_0.8965679376922883_0.8992740904597294_0.9150327101809597_SIZE_1_1.25_3
GEN_18_FIT_0.8965679376922883_0.8992754020979025_0.9150327101809597_SIZE_1_1.25_3
GEN_19_FIT_0.8965679376922883_0.8983761936322132_0.9150634606015122_SIZE_1_1.15_3
GEN_20_FIT_0.8965679376922883_0.8983761936322132_0.9150634606015122_SIZE_1_1.15_3
Evaluating in sample:
[GEN_20|make_tuple(0.5554945742196651, 6, 6)|0.8966]
[GEN_20|make_tuple(0.6295265362153609, expit(0.5824014168943693), 5)|0.9142]
[GEN_20|make_tuple(0.6217025989486198, expit(expit(0.4073587339838872)), 5)|0.9151]
Evaluating out-of-sample:
[GEN_20|make_tuple(0.5554945742196651, 6, 6)|0.8352]
[GEN_20|make_tuple(0.6295265362153609, expit(0.5824014168943693), 5)|0.8322]
[GEN_20|make_tuple(0.6217025989486198, expit(expit(0.4073587339838872)), 5)|0.8314]
GEN_21_FIT_0.8965679376922883_0.8992596734266771_0.9150634606015122_SIZE_1_1.2_3
GEN_22_FIT_0.8965679376922883_0.8992596734266771_0.9150634606015122_SIZE_1_1.2_3
GEN_23_FIT_0.8965679376922883_0.8992596734266771_0.9150634606015122_SIZE_1_1.2_3
GEN_24_FIT_0.8965679376922883_0.9001844495721383_0.9150634606015122_SIZE_1_1.3_3
GEN_25_FIT_0.8965679376922883_0.9072423120232653_0.9150634606015122_SIZE_1_1.9_3
GEN_26_FIT_0.8965679376922883_0.9085445675010557_0.9150634606015122_SIZE_1_2.25_3
GEN_27_FIT_0.8965758014284442_0.8992784897582039_0.9151501085292475_SIZE_1_1.2_3
GEN_28_FIT_0.8965758014284442_0.8992784897582039_0.9151501085292475_SIZE_1_1.2_3
GEN_29_FIT_0.8965758014284442_0.9028117944026185_0.9151501085292475_SIZE_1_1.45_3
GEN_30_FIT_0.8965758014284442_0.9054777279467576_0.9151501085292475_SIZE_1_1.6_3
GEN_31_FIT_0.8965758014284442_0.8993498644827402_0.9151501085292475_SIZE_1_1.25_3
GEN_32_FIT_0.8966047005384102_0.898458205512091_0.9151501085292475_SIZE_1_1.15_3
GEN_33_FIT_0.8966047005384102_0.898458205512091_0.9151501085292475_SIZE_1_1.15_3
GEN_34_FIT_0.8966047005384102_0.898458205512091_0.9151501085292475_SIZE_1_1.15_3
GEN_35_FIT_0.8966047005384102_0.9003127463111747_0.9151501085292475_SIZE_1_1.35_3
GEN_36_FIT_0.8966047005384102_0.9048583049521046_0.9151501085292475_SIZE_1_1.8_3
GEN_37_FIT_0.8966047005384102_0.9104525854813629_0.9151501085292475_SIZE_1_2.3_3
GEN_38_FIT_0.896613564917834_0.9132943825173001_0.9151501085292475_SIZE_1_2.7_3
GEN_39_FIT_0.896613564917834_0.9132943825173001_0.9151501085292475_SIZE_1_2.7_3
GEN_40_FIT_0.896613564917834_0.9132943825173001_0.9151501085292475_SIZE_1_2.7_3
Evaluating in sample:
[GEN_40|make_tuple(0.5570158218128614, 21, 6)|0.8966]
[GEN_40|make_tuple(0.6168226947024784, expit(0.6011269452971673), 5)|0.9151]
[GEN_40|make_tuple(0.6168226947024784, expit(expit(0.4073587339838872)), 5)|0.9152]
Evaluating out-of-sample:
[GEN_40|make_tuple(0.5570158218128614, 21, 6)|0.8352]
[GEN_40|make_tuple(0.6168226947024784, expit(0.6011269452971673), 5)|0.8340]
[GEN_40|make_tuple(0.6168226947024784, expit(expit(0.4073587339838872)), 5)|0.8340]
GEN_41_FIT_0.896613564917834_0.9132943825173001_0.9151501085292475_SIZE_1_2.7_3
GEN_42_FIT_0.896613564917834_0.9132943825173001_0.9151501085292475_SIZE_1_2.7_3
GEN_43_FIT_0.896613564917834_0.9132943825173001_0.9151501085292475_SIZE_1_2.7_3
GEN_44_FIT_0.896613564917834_0.9132943825173001_0.9151501085292475_SIZE_1_2.7_3
GEN_45_FIT_0.896613564917834_0.9133245552810912_0.9157535638050703_SIZE_1_2.75_4
GEN_46_FIT_0.896613564917834_0.9096151749080026_0.9157535638050703_SIZE_1_2.25_4
GEN_47_FIT_0.896613564917834_0.9022328018780345_0.9157535638050703_SIZE_1_1.6_4
GEN_48_FIT_0.896613564917834_0.9022328018780345_0.9157535638050703_SIZE_1_1.6_4
GEN_49_FIT_0.896613564917834_0.902291012143217_0.9157535638050703_SIZE_1_1.6_4
GEN_50_FIT_0.896613564917834_0.902291012143217_0.9157535638050703_SIZE_1_1.6_4
GEN_51_FIT_0.896613564917834_0.910740045781729_0.9157535638050703_SIZE_1_2.45_4
GEN_52_FIT_0.8966555844322665_0.9137480048378078_0.9157535638050703_SIZE_1_3.3_4
GEN_53_FIT_0.8967444427076291_0.9147385553094102_0.9157535638050703_SIZE_1_3.55_4
GEN_54_FIT_0.8967444427076291_0.9147385553094102_0.9157535638050703_SIZE_1_3.55_4
GEN_55_FIT_0.8967444427076291_0.9137880992545382_0.9157535638050703_SIZE_1_3.4_4
GEN_56_FIT_0.8967444427076291_0.9137880992545382_0.9157535638050703_SIZE_1_3.4_4
GEN_57_FIT_0.8967444427076291_0.9137880992545382_0.9157535638050703_SIZE_1_3.4_4
GEN_58_FIT_0.8967444427076291_0.9137880992545382_0.9157535638050703_SIZE_1_3.4_4
GEN_59_FIT_0.8967444427076291_0.9137880992545382_0.9157535638050703_SIZE_1_3.4_4
GEN_60_FIT_0.8967444427076291_0.9137880992545382_0.9157535638050703_SIZE_1_3.4_4
Evaluating in sample:
[GEN_60|make_tuple(0.5066108071709995, 21, 6)|0.8967]
[GEN_60|make_tuple(0.6168226947024784, expit(0.6011269452971673), 5)|0.9151]
[GEN_60|make_tuple(0.6168226947024784, expit(0.6011269452971673), add(0.0032633595958650305, 5))|0.9157]
[GEN_60|make_tuple(0.6168226947024784, expit(expit(0.4073587339838872)), add(0.0034048561198151504, 5))|0.9158]
Evaluating out-of-sample:
[GEN_60|make_tuple(0.5066108071709995, 21, 6)|0.8385]
[GEN_60|make_tuple(0.6168226947024784, expit(0.6011269452971673), 5)|0.8340]
[GEN_60|make_tuple(0.6168226947024784, expit(0.6011269452971673), add(0.0032633595958650305, 5))|0.8344]
[GEN_60|make_tuple(0.6168226947024784, expit(expit(0.4073587339838872)), add(0.0034048561198151504, 5))|0.8344]
GEN_61_FIT_0.8967444427076291_0.9137880992545382_0.9157535638050703_SIZE_1_3.4_4
GEN_62_FIT_0.8967444427076291_0.9137880992545382_0.9157535638050703_SIZE_1_3.4_4
GEN_63_FIT_0.8967444427076291_0.9137880992545382_0.9157535638050703_SIZE_1_3.4_4
GEN_64_FIT_0.8967444427076291_0.9137880992545382_0.9157535638050703_SIZE_1_3.4_4
GEN_65_FIT_0.8967444427076291_0.9137880992545382_0.9157535638050703_SIZE_1_3.4_4
GEN_66_FIT_0.8967444427076291_0.9137880992545382_0.9157535638050703_SIZE_1_3.4_4
Evaluating in sample:
[GEN_66|make_tuple(0.5066108071709995, 21, 6)|0.8967]
[GEN_66|make_tuple(0.6168226947024784, expit(0.6011269452971673), 5)|0.9151]
[GEN_66|make_tuple(0.6168226947024784, expit(0.6011269452971673), add(0.0032633595958650305, 5))|0.9157]
[GEN_66|make_tuple(0.6168226947024784, expit(expit(0.4073587339838872)), add(0.0034048561198151504, 5))|0.9158]
Evaluating out-of-sample:
[GEN_66|make_tuple(0.5066108071709995, 21, 6)|0.8385]
[GEN_66|make_tuple(0.6168226947024784, expit(0.6011269452971673), 5)|0.8340]
[GEN_66|make_tuple(0.6168226947024784, expit(0.6011269452971673), add(0.0032633595958650305, 5))|0.8344]
[GEN_66|make_tuple(0.6168226947024784, expit(expit(0.4073587339838872)), add(0.0034048561198151504, 5))|0.8344]
Stopped early in iteration 66, no improvement in 20 gens.
START_TASK: 24
GEN_0_FIT_0.869029951241547_0.8882216282822302_0.9066628051617439_SIZE_1_4.0_9
GEN_1_FIT_0.8690984555753736_0.8906055026675167_0.9071286650080793_SIZE_1_2.65_8
GEN_2_FIT_0.892767277379917_0.9030179165606338_0.9071286650080793_SIZE_1_4.6_8
GEN_3_FIT_0.892767277379917_0.9035530472321541_0.9092451393025195_SIZE_1_3.8_9
GEN_4_FIT_0.8930995946728371_0.9017278205351129_0.9112455898661427_SIZE_1_2.3_8
GEN_5_FIT_0.8935393993765404_0.904314507989524_0.9113436554186342_SIZE_1_2.25_5
GEN_6_FIT_0.8945686260799774_0.9085483700851983_0.9114912149365665_SIZE_1_3.0_6
GEN_7_FIT_0.8945686260799774_0.9019050683438689_0.9121003494582312_SIZE_1_1.95_6
GEN_8_FIT_0.8945686260799774_0.8989470375526578_0.9124706256298273_SIZE_1_1.35_3
GEN_9_FIT_0.8949286507535046_0.9015953159399643_0.9124706256298273_SIZE_1_1.55_3
GEN_10_FIT_0.8949836160840146_0.9075248098230155_0.9124706256298273_SIZE_1_2.05_3
GEN_11_FIT_0.8951655657360637_0.9084005233538519_0.9125135411682234_SIZE_1_1.95_3
GEN_12_FIT_0.8951655657360637_0.9036166275217015_0.9126209002847586_SIZE_1_1.8_4
GEN_13_FIT_0.8952082993740799_0.8994661260883831_0.9126209002847586_SIZE_1_1.5_4
GEN_14_FIT_0.8952082993740799_0.8994661260883831_0.9126209002847586_SIZE_1_1.5_4
GEN_15_FIT_0.8952082993740799_0.9003315773480611_0.9126209002847586_SIZE_1_1.6_4
GEN_16_FIT_0.8952082993740799_0.9087732509724089_0.9126209002847586_SIZE_1_2.55_4
GEN_17_FIT_0.8953562496541099_0.9102933755110628_0.9132475530044066_SIZE_1_2.25_5
GEN_18_FIT_0.8935955466233663_0.905605063985526_0.9132475530044066_SIZE_1_2.55_6
GEN_19_FIT_0.8953562496541099_0.9006483920066224_0.9132475530044066_SIZE_1_1.85_5
GEN_20_FIT_0.8953562496541099_0.9023795308443592_0.9132475530044066_SIZE_1_2.0_5
Evaluating in sample:
[GEN_20|make_tuple(0.5044629528536777, 75, 6)|0.8954]
[GEN_20|make_tuple(0.6126660898871226, min(0.63217003197077, 10), 5)|0.9124]
[GEN_20|make_tuple(0.6126660898871226, min(0.63217003197077, 10), add(0.0018446830444501417, 5))|0.9130]
[GEN_20|make_tuple(0.6126660898871226, expit(expit(0.20304998925606665)), add(0.027246069262941597, 5))|0.9131]
[GEN_20|make_tuple(0.6126660898871226, expit(expit(expit(0.21814256806324345))), add(0.027246069262941597, 5))|0.9132]
Evaluating out-of-sample:
[GEN_20|make_tuple(0.5044629528536777, 75, 6)|0.9617]
[GEN_20|make_tuple(0.6126660898871226, min(0.63217003197077, 10), 5)|1.0000]
[GEN_20|make_tuple(0.6126660898871226, min(0.63217003197077, 10), add(0.0018446830444501417, 5))|1.0000]
[GEN_20|make_tuple(0.6126660898871226, expit(expit(0.20304998925606665)), add(0.027246069262941597, 5))|1.0000]
[GEN_20|make_tuple(0.6126660898871226, expit(expit(expit(0.21814256806324345))), add(0.027246069262941597, 5))|1.0000]
GEN_21_FIT_0.8953562496541099_0.9098282808638187_0.9134427671772831_SIZE_1_2.85_5
GEN_22_FIT_0.8955683061895319_0.9109896241249714_0.9134427671772831_SIZE_1_2.6_5
GEN_23_FIT_0.8953524138653989_0.9078575887152145_0.9134427671772831_SIZE_1_3.2_6
GEN_24_FIT_0.8953524138653989_0.900010549425188_0.9141481496777715_SIZE_1_1.6_5
GEN_25_FIT_0.8955683061895319_0.8991384156082136_0.9141481496777715_SIZE_1_1.4_5
GEN_26_FIT_0.8955683061895319_0.9000392606061591_0.9141481496777715_SIZE_1_1.5_5
GEN_27_FIT_0.8955683061895319_0.9009682527805711_0.9141481496777715_SIZE_1_1.7_5
GEN_28_FIT_0.8955683061895319_0.9009682527805711_0.9141481496777715_SIZE_1_1.7_5
GEN_29_FIT_0.8955683061895319_0.9009682527805711_0.9141481496777715_SIZE_1_1.7_5
GEN_30_FIT_0.8955683061895319_0.9009682527805711_0.9141481496777715_SIZE_1_1.7_5
GEN_31_FIT_0.8955683061895319_0.9000399599174687_0.9141621359039613_SIZE_1_1.5_5
GEN_32_FIT_0.8955683061895319_0.9000399599174687_0.9141621359039613_SIZE_1_1.5_5
GEN_33_FIT_0.8955683061895319_0.9009696514031902_0.9141621359039613_SIZE_1_1.7_5
GEN_34_FIT_0.8955683061895319_0.9000403109584039_0.9141691567226634_SIZE_1_1.5_5
GEN_35_FIT_0.8955683061895319_0.8991738267165692_0.9141691567226634_SIZE_1_1.45_5
GEN_36_FIT_0.8955683061895319_0.9001038692432257_0.9141691567226634_SIZE_1_1.65_5
GEN_37_FIT_0.8955683061895319_0.9009776572477154_0.9141691567226634_SIZE_1_1.7_5
GEN_38_FIT_0.8955683061895319_0.8991525997426129_0.9142465661365637_SIZE_1_1.4_5
GEN_39_FIT_0.8955683061895319_0.9018657168875789_0.9142465661365637_SIZE_1_1.8_5
GEN_40_FIT_0.8955683061895319_0.9064350594018729_0.9142465661365637_SIZE_1_2.5_5
Evaluating in sample:
[GEN_40|make_tuple(0.5570008883212036, 26, 6)|0.8956]
[GEN_40|make_tuple(0.6074826515837133, min(0.6500498889066806, 10), 5)|0.9131]
[GEN_40|make_tuple(0.6140997062584708, min(0.6500498889066806, 10), add(0.3226600358451087, 5))|0.9137]
[GEN_40|make_tuple(0.6140997062584708, expit(add(0.048365089489331, expit(0.20807292560385163))), add(0.06864025773128712, 5))|0.9142]
Evaluating out-of-sample:
[GEN_40|make_tuple(0.5570008883212036, 26, 6)|0.9582]
[GEN_40|make_tuple(0.6074826515837133, min(0.6500498889066806, 10), 5)|0.9998]
[GEN_40|make_tuple(0.6140997062584708, min(0.6500498889066806, 10), add(0.3226600358451087, 5))|1.0000]
[GEN_40|make_tuple(0.6140997062584708, expit(add(0.048365089489331, expit(0.20807292560385163))), add(0.06864025773128712, 5))|1.0000]
GEN_41_FIT_0.8955710743801744_0.9075365344925643_0.9142465661365637_SIZE_1_3.1_5
GEN_42_FIT_0.8955710743801744_0.9122099012328195_0.9142465661365637_SIZE_1_4.1_5
GEN_43_FIT_0.8953592220476655_0.9090009806949304_0.9142690862366308_SIZE_1_2.4_5
GEN_44_FIT_0.8955710743801744_0.9045113493161931_0.9142690862366308_SIZE_1_1.9_5
GEN_45_FIT_0.8955710743801744_0.9010068581889928_0.9142690862366308_SIZE_1_1.7_5
GEN_46_FIT_0.8955710743801744_0.9010068581889928_0.9142690862366308_SIZE_1_1.7_5
GEN_47_FIT_0.8955710743801744_0.9010068581889928_0.9142690862366308_SIZE_1_1.7_5
GEN_48_FIT_0.8955710743801744_0.9010068581889928_0.9142690862366308_SIZE_1_1.7_5
GEN_49_FIT_0.8955710743801744_0.9010068581889928_0.9142690862366308_SIZE_1_1.7_5
GEN_50_FIT_0.8955710743801744_0.9010068581889928_0.9142690862366308_SIZE_1_1.7_5
GEN_51_FIT_0.8955710743801744_0.900102655963655_0.9142690862366308_SIZE_1_1.6_5
GEN_52_FIT_0.8955710743801744_0.9010121907978895_0.9142690862366308_SIZE_1_1.7_5
GEN_53_FIT_0.8955710743801744_0.9001385653119849_0.9142690862366308_SIZE_1_1.65_5
GEN_54_FIT_0.8955710743801744_0.9010171853896806_0.9142690862366308_SIZE_1_1.7_5
GEN_55_FIT_0.8955710743801744_0.9000851456103879_0.9143263025072348_SIZE_1_1.5_5
GEN_56_FIT_0.8955710743801744_0.901022907016741_0.9143263025072348_SIZE_1_1.7_5
GEN_57_FIT_0.8955710743801744_0.901022907016741_0.9143263025072348_SIZE_1_1.7_5
GEN_58_FIT_0.8955710743801744_0.901022907016741_0.9143263025072348_SIZE_1_1.7_5
GEN_59_FIT_0.8955710743801744_0.901022907016741_0.9143263025072348_SIZE_1_1.7_5
GEN_60_FIT_0.8955710743801744_0.901022907016741_0.9143263025072348_SIZE_1_1.7_5
Evaluating in sample:
[GEN_60|make_tuple(0.5570008883212036, 26, 6)|0.8956]
[GEN_60|make_tuple(0.6197576661468224, min(0.6500498889066806, 385), 5)|0.9131]
[GEN_60|make_tuple(0.6197576661468224, min(0.6500498889066806, 385), add(0.24567700628418732, 5))|0.9138]
[GEN_60|make_tuple(0.6197576661468224, expit(add(0.048464278518468976, expit(0.20807292560385163))), add(0.24567700628418732, 5))|0.9143]
Evaluating out-of-sample:
[GEN_60|make_tuple(0.5570008883212036, 26, 6)|0.9582]
[GEN_60|make_tuple(0.6197576661468224, min(0.6500498889066806, 385), 5)|1.0000]
[GEN_60|make_tuple(0.6197576661468224, min(0.6500498889066806, 385), add(0.24567700628418732, 5))|1.0000]
[GEN_60|make_tuple(0.6197576661468224, expit(add(0.048464278518468976, expit(0.20807292560385163))), add(0.24567700628418732, 5))|1.0000]
GEN_61_FIT_0.8955710743801744_0.901022907016741_0.9143263025072348_SIZE_1_1.7_5
GEN_62_FIT_0.8955710743801744_0.901022907016741_0.9143263025072348_SIZE_1_1.7_5
GEN_63_FIT_0.8955710743801744_0.901022907016741_0.9143263025072348_SIZE_1_1.7_5
GEN_64_FIT_0.8955710743801744_0.901022907016741_0.9143263025072348_SIZE_1_1.7_5
GEN_65_FIT_0.8955710743801744_0.901022907016741_0.9143263025072348_SIZE_1_1.7_5
GEN_66_FIT_0.8955710743801744_0.9091686065342032_0.9143263025072348_SIZE_1_2.8_5
GEN_67_FIT_0.8957001980697673_0.9124056416166594_0.9143263025072348_SIZE_1_4.15_5
GEN_68_FIT_0.8957001980697673_0.912374636905567_0.9143263025072348_SIZE_1_4.1_5
GEN_69_FIT_0.8957001980697673_0.912374636905567_0.9143263025072348_SIZE_1_4.1_5
GEN_70_FIT_0.8957001980697673_0.912374636905567_0.9143263025072348_SIZE_1_4.1_5
GEN_71_FIT_0.8957001980697673_0.912374636905567_0.9143263025072348_SIZE_1_4.1_5
GEN_72_FIT_0.8957001980697673_0.912374636905567_0.9143263025072348_SIZE_1_4.1_5
GEN_73_FIT_0.8957001980697673_0.912374636905567_0.9143263025072348_SIZE_1_4.1_5
GEN_74_FIT_0.8957001980697673_0.912374636905567_0.9143263025072348_SIZE_1_4.1_5
GEN_75_FIT_0.8957001980697673_0.912374636905567_0.9143263025072348_SIZE_1_4.1_5
GEN_76_FIT_0.8957001980697673_0.912374636905567_0.9143263025072348_SIZE_1_4.1_5
Evaluating in sample:
[GEN_76|make_tuple(0.5066162032533906, 7, 6)|0.8957]
[GEN_76|make_tuple(0.6197576661468224, min(0.6469545865768375, 385), 5)|0.9136]
[GEN_76|make_tuple(0.6197576661468224, min(0.6469545865768375, 385), add(0.007839377925803503, 5))|0.9142]
[GEN_76|make_tuple(0.6197576661468224, expit(add(0.048464278518468976, expit(0.20807292560385163))), add(0.24567700628418732, 5))|0.9143]
Evaluating out-of-sample:
[GEN_76|make_tuple(0.5066162032533906, 7, 6)|0.9617]
[GEN_76|make_tuple(0.6197576661468224, min(0.6469545865768375, 385), 5)|1.0000]
[GEN_76|make_tuple(0.6197576661468224, min(0.6469545865768375, 385), add(0.007839377925803503, 5))|1.0000]
[GEN_76|make_tuple(0.6197576661468224, expit(add(0.048464278518468976, expit(0.20807292560385163))), add(0.24567700628418732, 5))|1.0000]
Stopped early in iteration 76, no improvement in 20 gens.
START_TASK: 2073
