Starting problem: mlr_svm
param:age_regularization:100000.0
param:algorithm:mupluslambda
param:constants_only:True
param:cxpb:0.25
param:early_stop_n:20
param:lambda_:100
param:max_number_operators:None
param:max_start_size:2
param:mu:20
param:ngen:300
param:optimize_constants:False
param:output_file:/home/gijsbers/symbolicdefaults/runs/mlr_svm_True_9.log
param:problem:mlr_svm
param:subset:1.0
param:task:None
param:warm_start:False
Benchmark problems: mlr_svm
Loading surrogates from file.
START_TASK: 3
GEN_0_FIT_0.7354696427183645_0.7971205578323528_0.8563316485824171_SIZE_1_2.7_9
GEN_1_FIT_0.8396132304795765_0.8529472865382175_0.8586136091293626_SIZE_1_2.8_5
GEN_2_FIT_0.8561102028027275_0.857737622022887_0.8597379803438094_SIZE_1_2.05_5
GEN_3_FIT_0.8580645464805553_0.8591021902631087_0.8600031545597006_SIZE_1_2.15_5
GEN_4_FIT_0.8593723740632865_0.8596234328542389_0.8600865976672969_SIZE_1_1.75_5
GEN_5_FIT_0.8595570656043343_0.8598758228926385_0.8600865976672969_SIZE_1_1.8_5
GEN_6_FIT_0.8597097070473927_0.8600011569561771_0.8601653531452771_SIZE_1_1.2_2
GEN_7_FIT_0.8600865976672969_0.8601190350487101_0.8602289071212584_SIZE_1_1.0_1
GEN_8_FIT_0.8601652717904001_0.8601873538214013_0.8602707003373423_SIZE_1_1.1_2
GEN_9_FIT_0.8601875735410665_0.8602445311281871_0.8602915331017932_SIZE_1_1.1_2
GEN_10_FIT_0.8602555922051526_0.860286732711225_0.860292748791107_SIZE_1_1.1_2
GEN_11_FIT_0.8602915331017932_0.8602919585930533_0.860292748791107_SIZE_1_1.1_2
GEN_12_FIT_0.8602915331017932_0.8602927672578538_0.8602939034945813_SIZE_1_1.1_2
GEN_13_FIT_0.860292748791107_0.860297235264045_0.8603484283483762_SIZE_1_1.15_2
GEN_14_FIT_0.8602952814293723_0.8603089231552701_0.8603484283483762_SIZE_1_1.05_2
GEN_15_FIT_0.8602952814293723_0.8603288955220257_0.8603484283483762_SIZE_1_1.05_2
GEN_16_FIT_0.8603484283483762_0.8603484498644149_0.8603488586691523_SIZE_1_1.05_2
GEN_17_FIT_0.8603484283483762_0.8603484713804539_0.8603488586691523_SIZE_1_1.1_2
GEN_18_FIT_0.8603484283483762_0.8603484713804539_0.8603488586691523_SIZE_1_1.1_2
GEN_19_FIT_0.8603484283483762_0.8603484713804539_0.8603488586691523_SIZE_1_1.1_2
GEN_20_FIT_0.8603484283483762_0.8603484713804539_0.8603488586691523_SIZE_1_1.1_2
Evaluating in sample:
[GEN_20|make_tuple(180, 0.0024840004594251066)|0.8603]
[GEN_20|make_tuple(add(180, 0.23580721438101007), 0.0024840004594251066)|0.8603]
Evaluating out-of-sample:
[GEN_20|make_tuple(180, 0.0024840004594251066)|0.9293]
[GEN_20|make_tuple(add(180, 0.23580721438101007), 0.0024840004594251066)|0.9293]
GEN_21_FIT_0.8603484283483762_0.8603484713804539_0.8603488586691523_SIZE_1_1.1_2
GEN_22_FIT_0.8603484283483762_0.8603484713804539_0.8603488586691523_SIZE_1_1.1_2
GEN_23_FIT_0.8603484283483762_0.8603484713804539_0.8603488586691523_SIZE_1_1.1_2
GEN_24_FIT_0.8603484283483762_0.8603484713804539_0.8603488586691523_SIZE_1_1.1_2
GEN_25_FIT_0.8603484283483762_0.8603484713804539_0.8603488586691523_SIZE_1_1.1_2
GEN_26_FIT_0.8603484283483762_0.8603486422466103_0.8603518456715048_SIZE_1_1.1_2
GEN_27_FIT_0.8603484283483762_0.8603491548450796_0.8603518456715048_SIZE_1_1.1_2
GEN_28_FIT_0.8603484283483762_0.860349859825744_0.8603522759922809_SIZE_1_1.15_2
GEN_29_FIT_0.8603484283483762_0.8603517393534647_0.8603522759922809_SIZE_1_1.2_3
GEN_30_FIT_0.8603518456715048_0.8603518887035824_0.8603522759922809_SIZE_1_1.1_2
GEN_31_FIT_0.8603518456715048_0.8603518887035824_0.8603522759922809_SIZE_1_1.1_2
GEN_32_FIT_0.8603518456715048_0.8603518887035824_0.8603522759922809_SIZE_1_1.1_2
GEN_33_FIT_0.8603518456715048_0.8603518887035824_0.8603522759922809_SIZE_1_1.1_2
GEN_34_FIT_0.8603518456715048_0.8603518887035824_0.8603522759922809_SIZE_1_1.1_2
GEN_35_FIT_0.8603518456715048_0.8603518887035824_0.8603522759922809_SIZE_1_1.1_2
GEN_36_FIT_0.8603518456715048_0.8603518887035824_0.8603522759922809_SIZE_1_1.1_2
GEN_37_FIT_0.8603518456715048_0.8603520347499917_0.8603547665996915_SIZE_1_1.1_2
GEN_38_FIT_0.8603518456715048_0.8603524298571422_0.8603547665996915_SIZE_1_1.05_2
GEN_39_FIT_0.8603518456715048_0.8603531600891887_0.8603547665996915_SIZE_1_1.1_2
GEN_40_FIT_0.8603518456715048_0.8603544745068727_0.8603547665996915_SIZE_1_1.1_2
Evaluating in sample:
[GEN_40|make_tuple(180, 0.002487708042557868)|0.8604]
Evaluating out-of-sample:
[GEN_40|make_tuple(180, 0.002487708042557868)|0.9293]
GEN_41_FIT_0.8603547665996915_0.8603547665996916_0.8603547665996915_SIZE_1_1.0_1
GEN_42_FIT_0.8603547665996915_0.8603547665996916_0.8603547665996915_SIZE_1_1.0_1
GEN_43_FIT_0.8603547665996915_0.8603547881157303_0.8603551969204676_SIZE_1_1.05_2
GEN_44_FIT_0.8603547665996915_0.860354809631769_0.8603551969204676_SIZE_1_1.1_2
GEN_45_FIT_0.8603547665996915_0.860354809631769_0.8603551969204676_SIZE_1_1.1_2
GEN_46_FIT_0.8603547665996915_0.860354809631769_0.8603551969204676_SIZE_1_1.1_2
GEN_47_FIT_0.8603547665996915_0.860354809631769_0.8603551969204676_SIZE_1_1.1_2
GEN_48_FIT_0.8603547665996915_0.860354809631769_0.8603551969204676_SIZE_1_1.1_2
GEN_49_FIT_0.8603547665996915_0.860354809631769_0.8603551969204676_SIZE_1_1.1_2
GEN_50_FIT_0.8603547665996915_0.860354809631769_0.8603551969204676_SIZE_1_1.1_2
GEN_51_FIT_0.8603547665996915_0.860354809631769_0.8603551969204676_SIZE_1_1.1_2
GEN_52_FIT_0.8603547665996915_0.860354809631769_0.8603551969204676_SIZE_1_1.1_2
GEN_53_FIT_0.8603547665996915_0.8603549280380122_0.8603551969204676_SIZE_1_1.4_3
GEN_54_FIT_0.860354983120673_0.8603551862304777_0.8603551969204676_SIZE_1_1.95_2
GEN_55_FIT_0.8603547665996915_0.860355078786343_0.8603554134414488_SIZE_1_1.65_2
GEN_56_FIT_0.8603547665996915_0.8603549931303659_0.8603554134414488_SIZE_1_1.3_2
GEN_57_FIT_0.860354983120673_0.8603550476687895_0.8603554134414488_SIZE_1_1.15_2
GEN_58_FIT_0.860354983120673_0.8603550261527506_0.8603554134414488_SIZE_1_1.1_2
GEN_59_FIT_0.860354983120673_0.8603550261527506_0.8603554134414488_SIZE_1_1.1_2
GEN_60_FIT_0.860354983120673_0.8603550675287422_0.8603558106405078_SIZE_1_1.1_2
Evaluating in sample:
[GEN_60|make_tuple(180, 0.0024827291308910184)|0.8604]
Evaluating out-of-sample:
[GEN_60|make_tuple(180, 0.0024827291308910184)|0.9293]
GEN_61_FIT_0.860354983120673_0.8603551916567176_0.8603558106405078_SIZE_1_1.1_2
GEN_62_FIT_0.860354983120673_0.8603553141286069_0.8603558106405078_SIZE_1_1.05_2
GEN_63_FIT_0.8603558106405078_0.8603558106405078_0.8603558106405078_SIZE_1_1.0_1
GEN_64_FIT_0.8603558106405078_0.8603572929850987_0.8603854575323304_SIZE_1_1.0_1
GEN_65_FIT_0.8603558106405078_0.8603602576742813_0.8603854575323304_SIZE_1_1.0_1
GEN_66_FIT_0.8603558106405078_0.8603647047080546_0.8603854575323304_SIZE_1_1.05_2
GEN_67_FIT_0.8603661323345707_0.8603844912724424_0.8603854575323304_SIZE_1_1.05_2
GEN_68_FIT_0.8603854575323304_0.8603854575323305_0.8603854575323304_SIZE_1_1.0_1
GEN_69_FIT_0.8603854575323304_0.8603854575323305_0.8603854575323304_SIZE_1_1.0_1
GEN_70_FIT_0.8603854575323304_0.8603854575323305_0.8603854575323304_SIZE_1_1.0_1
GEN_71_FIT_0.8603854575323304_0.8603854575323305_0.8603854575323304_SIZE_1_1.0_1
GEN_72_FIT_0.8603854575323304_0.8603854575323305_0.8603854575323304_SIZE_1_1.0_1
GEN_73_FIT_0.8603854575323304_0.8603854575323305_0.8603854575323304_SIZE_1_1.0_1
GEN_74_FIT_0.8603854575323304_0.8603854575323305_0.8603854575323304_SIZE_1_1.0_1
GEN_75_FIT_0.8603854575323304_0.8603854575323305_0.8603854575323304_SIZE_1_1.0_1
GEN_76_FIT_0.8603854575323304_0.8603854575323305_0.8603854575323304_SIZE_1_1.0_1
GEN_77_FIT_0.8603854575323304_0.8603854575323305_0.8603854575323304_SIZE_1_1.0_1
GEN_78_FIT_0.8603854575323304_0.8603854786236912_0.860385879359545_SIZE_1_1.05_2
GEN_79_FIT_0.8603854575323304_0.8603854997150521_0.860385879359545_SIZE_1_1.1_2
GEN_80_FIT_0.8603854575323304_0.8603854997150521_0.860385879359545_SIZE_1_1.1_2
Evaluating in sample:
[GEN_80|make_tuple(180, 0.002462161591108623)|0.8604]
[GEN_80|make_tuple(sub(180, 0.565828461493377), 0.002462161591108623)|0.8604]
Evaluating out-of-sample:
[GEN_80|make_tuple(180, 0.002462161591108623)|0.9288]
[GEN_80|make_tuple(sub(180, 0.565828461493377), 0.002462161591108623)|0.9288]
GEN_81_FIT_0.8603854575323304_0.8603856456970416_0.8603883771721219_SIZE_1_1.2_3
GEN_82_FIT_0.8603854575323304_0.8603857916790311_0.8603883771721219_SIZE_1_1.3_3
GEN_83_FIT_0.8603854575323304_0.8603857916790311_0.8603883771721219_SIZE_1_1.3_3
GEN_84_FIT_0.8603854575323304_0.8603857916790311_0.8603883771721219_SIZE_1_1.3_3
GEN_85_FIT_0.8603854575323304_0.8603857916790311_0.8603883771721219_SIZE_1_1.3_3
GEN_86_FIT_0.8603854575323304_0.8603857916790311_0.8603883771721219_SIZE_1_1.3_3
GEN_87_FIT_0.8603854575323304_0.8603857916790311_0.8603883771721219_SIZE_1_1.3_3
GEN_88_FIT_0.8603854575323304_0.8603857916790311_0.8603883771721219_SIZE_1_1.3_3
GEN_89_FIT_0.8603854575323304_0.8603857916790311_0.8603883771721219_SIZE_1_1.3_3
GEN_90_FIT_0.8603854575323304_0.8603857916790311_0.8603883771721219_SIZE_1_1.3_3
GEN_91_FIT_0.8603854575323304_0.8603857916790311_0.8603883771721219_SIZE_1_1.3_3
GEN_92_FIT_0.8603854575323304_0.8603857916790311_0.8603883771721219_SIZE_1_1.3_3
GEN_93_FIT_0.8603854575323304_0.8603857916790311_0.8603883771721219_SIZE_1_1.3_3
GEN_94_FIT_0.8603854575323304_0.8603857916790311_0.8603883771721219_SIZE_1_1.3_3
GEN_95_FIT_0.8603854575323304_0.8603857710123485_0.8603883771721219_SIZE_1_1.25_3
GEN_96_FIT_0.8603854575323304_0.8603857925283872_0.8603883771721219_SIZE_1_1.3_3
GEN_97_FIT_0.8603854575323304_0.8603857925283872_0.8603883771721219_SIZE_1_1.3_3
GEN_98_FIT_0.8603854575323304_0.8603857925283872_0.8603883771721219_SIZE_1_1.3_3
GEN_99_FIT_0.8603854575323304_0.8603857925283872_0.8603883771721219_SIZE_1_1.3_3
GEN_100_FIT_0.8603854575323304_0.8603857925283872_0.8603883771721219_SIZE_1_1.3_3
Evaluating in sample:
[GEN_100|make_tuple(180, 0.002462161591108623)|0.8604]
[GEN_100|make_tuple(add(0.2479598368008216, 180), 0.002462161591108623)|0.8604]
[GEN_100|make_tuple(sub(add(180, 2), 0.565828461493377), 0.002462161591108623)|0.8604]
Evaluating out-of-sample:
[GEN_100|make_tuple(180, 0.002462161591108623)|0.9288]
[GEN_100|make_tuple(add(0.2479598368008216, 180), 0.002462161591108623)|0.9288]
[GEN_100|make_tuple(sub(add(180, 2), 0.565828461493377), 0.002462161591108623)|0.9289]
GEN_101_FIT_0.8603854575323304_0.8603857925283872_0.8603883771721219_SIZE_1_1.3_3
GEN_102_FIT_0.8603854575323304_0.8603857925283872_0.8603883771721219_SIZE_1_1.3_3
Evaluating in sample:
[GEN_102|make_tuple(180, 0.002462161591108623)|0.8604]
[GEN_102|make_tuple(add(0.2479598368008216, 180), 0.002462161591108623)|0.8604]
[GEN_102|make_tuple(sub(add(180, 2), 0.565828461493377), 0.002462161591108623)|0.8604]
Evaluating out-of-sample:
[GEN_102|make_tuple(180, 0.002462161591108623)|0.9288]
[GEN_102|make_tuple(add(0.2479598368008216, 180), 0.002462161591108623)|0.9288]
[GEN_102|make_tuple(sub(add(180, 2), 0.565828461493377), 0.002462161591108623)|0.9289]
Stopped early in iteration 102, no improvement in 20 gens.
START_TASK: 6
GEN_0_FIT_0.8036642075363621_0.8359993048899295_0.8588885386373838_SIZE_1_2.2_9
GEN_1_FIT_0.8487517086496364_0.8550550757404884_0.8588885386373838_SIZE_1_1.65_3
GEN_2_FIT_0.858099059261884_0.8588247462032335_0.8599911516312336_SIZE_1_1.35_4
GEN_3_FIT_0.8590086014467588_0.8595883879101498_0.8600838377599619_SIZE_1_1.3_4
GEN_4_FIT_0.8598231027944316_0.8599645955065245_0.8601380036173025_SIZE_1_1.25_4
GEN_5_FIT_0.8600375590712814_0.8601618845525572_0.8604043236229425_SIZE_1_1.05_2
GEN_6_FIT_0.8602344443323966_0.8603488708653673_0.8604719131766546_SIZE_1_1.15_2
GEN_7_FIT_0.8604043236229425_0.8604340194410799_0.8605607827392997_SIZE_1_1.05_2
GEN_8_FIT_0.8604213778519697_0.8604801897347842_0.8606576257600113_SIZE_1_1.05_2
GEN_9_FIT_0.8604815978922223_0.8605816744878529_0.8607488655862231_SIZE_1_1.1_2
GEN_10_FIT_0.860601814466353_0.8606816933931679_0.860871946142667_SIZE_1_1.05_2
GEN_11_FIT_0.8607488655862231_0.8608236799281415_0.8610574163488293_SIZE_1_1.05_2
GEN_12_FIT_0.860871946142667_0.8609710905491884_0.8613864219352463_SIZE_1_1.05_2
GEN_13_FIT_0.8610574163488293_0.8611543389881599_0.8613864219352463_SIZE_1_1.05_2
GEN_14_FIT_0.8611263745900717_0.8612771538455665_0.8613864219352463_SIZE_1_1.0_1
GEN_15_FIT_0.8612866012163758_0.8613714488274157_0.8613864219352463_SIZE_1_1.0_1
GEN_16_FIT_0.8613864219352463_0.8613868820470728_0.8613956241717737_SIZE_1_1.0_1
GEN_17_FIT_0.8613864219352463_0.8613903728432899_0.8614175816165938_SIZE_1_1.0_1
GEN_18_FIT_0.8613864219352463_0.8614024367246307_0.8614529644421597_SIZE_1_1.15_2
GEN_19_FIT_0.8613956241717737_0.8614120756613944_0.8614529644421597_SIZE_1_1.2_2
GEN_20_FIT_0.8614066737051843_0.8614309746337128_0.8614839521055873_SIZE_1_1.25_2
Evaluating in sample:
[GEN_20|make_tuple(1103, 0.001356828017757666)|0.8615]
Evaluating out-of-sample:
[GEN_20|make_tuple(1103, 0.001356828017757666)|0.9409]
GEN_21_FIT_0.8614224145994402_0.8614528788368642_0.8614887850884335_SIZE_1_1.45_3
GEN_22_FIT_0.861429392592893_0.8614867494539645_0.8615356525365031_SIZE_1_1.6_3
GEN_23_FIT_0.8614839521055873_0.8614935188953602_0.8615356525365031_SIZE_1_1.6_3
GEN_24_FIT_0.8614887850884335_0.8614961640074756_0.8615356525365031_SIZE_1_1.2_2
GEN_25_FIT_0.8614954991506186_0.8615035298277954_0.8615356525365031_SIZE_1_1.05_2
GEN_26_FIT_0.8614954991506186_0.8615236065207377_0.8615356525365031_SIZE_1_1.1_2
GEN_27_FIT_0.8615356525365031_0.8615356525365032_0.8615356525365031_SIZE_1_1.0_1
GEN_28_FIT_0.8615356525365031_0.8615356525365032_0.8615356525365031_SIZE_1_1.0_1
GEN_29_FIT_0.8615356525365031_0.8615356525365032_0.8615356525365031_SIZE_1_1.0_1
GEN_30_FIT_0.8615356525365031_0.8615356525365032_0.8615356525365031_SIZE_1_1.0_1
GEN_31_FIT_0.8615356525365031_0.8615356525365032_0.8615356525365031_SIZE_1_1.0_1
GEN_32_FIT_0.8615356525365031_0.8615356525365032_0.8615356525365031_SIZE_1_1.0_1
GEN_33_FIT_0.8615356525365031_0.8615356525365032_0.8615356525365031_SIZE_1_1.0_1
GEN_34_FIT_0.8615356525365031_0.8615356525365032_0.8615356525365031_SIZE_1_1.0_1
GEN_35_FIT_0.8615356525365031_0.8615356525365032_0.8615356525365031_SIZE_1_1.0_1
GEN_36_FIT_0.8615356525365031_0.8615356525365032_0.8615356525365031_SIZE_1_1.0_1
GEN_37_FIT_0.8615356525365031_0.8615356525365032_0.8615356525365031_SIZE_1_1.0_1
GEN_38_FIT_0.8615356525365031_0.8615356525365032_0.8615356525365031_SIZE_1_1.0_1
GEN_39_FIT_0.8615356525365031_0.8615356525365032_0.8615356525365031_SIZE_1_1.0_1
GEN_40_FIT_0.8615356525365031_0.8615356525365032_0.8615356525365031_SIZE_1_1.0_1
Evaluating in sample:
[GEN_40|make_tuple(1103, 0.001342964811136346)|0.8615]
Evaluating out-of-sample:
[GEN_40|make_tuple(1103, 0.001342964811136346)|0.9409]
GEN_41_FIT_0.8615356525365031_0.8615363833119286_0.8615502680450136_SIZE_1_1.0_1
GEN_42_FIT_0.8615356525365031_0.8615371140873542_0.8615502680450136_SIZE_1_1.0_1
GEN_43_FIT_0.8615356525365031_0.8615412622504834_0.8615502680450136_SIZE_1_1.0_1
GEN_44_FIT_0.8615455382565369_0.8615500315555897_0.8615502680450136_SIZE_1_1.0_1
GEN_45_FIT_0.8615502680450136_0.8615502680450137_0.8615502680450136_SIZE_1_1.0_1
GEN_46_FIT_0.8615502680450136_0.8615502680450137_0.8615502680450136_SIZE_1_1.0_1
GEN_47_FIT_0.8615502680450136_0.8615502680450137_0.8615502680450136_SIZE_1_1.0_1
GEN_48_FIT_0.8615502680450136_0.8615502680450137_0.8615502680450136_SIZE_1_1.0_1
GEN_49_FIT_0.8615502680450136_0.8615502680450137_0.8615502680450136_SIZE_1_1.0_1
GEN_50_FIT_0.8615502680450136_0.8615502680450137_0.8615502680450136_SIZE_1_1.0_1
GEN_51_FIT_0.8615502680450136_0.8615502847050402_0.8615506012455464_SIZE_1_1.0_1
GEN_52_FIT_0.8615502680450136_0.8615503180250936_0.8615506012455464_SIZE_1_1.0_1
GEN_53_FIT_0.8615502680450136_0.8615503846652002_0.8615506012455464_SIZE_1_1.0_1
GEN_54_FIT_0.8615502680450136_0.8615505679254932_0.8615506012455464_SIZE_1_1.05_2
GEN_55_FIT_0.8615506012455464_0.8615508127571575_0.8615548314777661_SIZE_1_1.0_1
GEN_56_FIT_0.8615506012455464_0.8615512357803794_0.8615548314777661_SIZE_1_1.0_1
GEN_57_FIT_0.8615506012455464_0.8615529278732673_0.8615548314777661_SIZE_1_1.1_2
GEN_58_FIT_0.8615548314777661_0.861554831477766_0.8615548314777661_SIZE_1_1.0_1
GEN_59_FIT_0.8615548314777661_0.861554831477766_0.8615548314777661_SIZE_1_1.0_1
GEN_60_FIT_0.8615548314777661_0.861554831477766_0.8615548314777661_SIZE_1_1.0_1
Evaluating in sample:
[GEN_60|make_tuple(1103, 0.0013412881239089239)|0.8616]
Evaluating out-of-sample:
[GEN_60|make_tuple(1103, 0.0013412881239089239)|0.9414]
GEN_61_FIT_0.8615548314777661_0.861554831477766_0.8615548314777661_SIZE_1_1.0_1
GEN_62_FIT_0.8615548314777661_0.861554831477766_0.8615548314777661_SIZE_1_1.0_1
GEN_63_FIT_0.8615548314777661_0.861554831477766_0.8615548314777661_SIZE_1_1.0_1
GEN_64_FIT_0.8615548314777661_0.861554831477766_0.8615548314777661_SIZE_1_1.0_1
GEN_65_FIT_0.8615548314777661_0.861554831477766_0.8615548314777661_SIZE_1_1.0_1
GEN_66_FIT_0.8615548314777661_0.861554831477766_0.8615548314777661_SIZE_1_1.0_1
GEN_67_FIT_0.8615548314777661_0.861554831477766_0.8615548314777661_SIZE_1_1.0_1
GEN_68_FIT_0.8615548314777661_0.861554831477766_0.8615548314777661_SIZE_1_1.0_1
GEN_69_FIT_0.8615548314777661_0.861554831477766_0.8615548314777661_SIZE_1_1.0_1
GEN_70_FIT_0.8615548314777661_0.861554831477766_0.8615548314777661_SIZE_1_1.0_1
GEN_71_FIT_0.8615548314777661_0.861554831477766_0.8615548314777661_SIZE_1_1.0_1
GEN_72_FIT_0.8615548314777661_0.861554831477766_0.8615548314777661_SIZE_1_1.0_1
GEN_73_FIT_0.8615548314777661_0.861554831477766_0.8615548314777661_SIZE_1_1.0_1
GEN_74_FIT_0.8615548314777661_0.861554831477766_0.8615548314777661_SIZE_1_1.0_1
GEN_75_FIT_0.8615548314777661_0.861554831477766_0.8615548314777661_SIZE_1_1.0_1
GEN_76_FIT_0.8615548314777661_0.861554831477766_0.8615548314777661_SIZE_1_1.0_1
Evaluating in sample:
[GEN_76|make_tuple(1103, 0.0013412881239089239)|0.8616]
Evaluating out-of-sample:
[GEN_76|make_tuple(1103, 0.0013412881239089239)|0.9414]
Stopped early in iteration 76, no improvement in 20 gens.
START_TASK: 11
GEN_0_FIT_0.6869247462895228_0.7896252384445215_0.858864528494889_SIZE_1_1.35_6
GEN_1_FIT_0.8534416440014967_0.8569497078777542_0.8594951167702469_SIZE_1_1.3_4
GEN_2_FIT_0.858864528494889_0.8592962319864764_0.8598543356534013_SIZE_1_1.15_2
GEN_3_FIT_0.8596422454676653_0.8598145735859948_0.8600292629843908_SIZE_1_1.15_2
GEN_4_FIT_0.8598543356534013_0.8599938808975811_0.8602780336821745_SIZE_1_1.35_3
GEN_5_FIT_0.8600292629843908_0.8602091399806279_0.8604515095837406_SIZE_1_1.4_3
GEN_6_FIT_0.8602756243308168_0.860344065115304_0.8605955194835242_SIZE_1_1.05_2
GEN_7_FIT_0.8604037103625861_0.8605024843126665_0.8607686868958574_SIZE_1_1.1_2
GEN_8_FIT_0.8605591899717301_0.8606058472100022_0.8608201863522074_SIZE_1_1.15_2
GEN_9_FIT_0.8605955194835242_0.8607324134356957_0.8608201863522074_SIZE_1_1.05_2
GEN_10_FIT_0.8607868531918681_0.8608008522465201_0.8608494664039286_SIZE_1_1.0_1
GEN_11_FIT_0.8607868531918681_0.860825378450062_0.8608494664039286_SIZE_1_1.05_2
GEN_12_FIT_0.8608423889793869_0.8608516181618899_0.8609116313088144_SIZE_1_1.1_2
GEN_13_FIT_0.8608494664039286_0.8608711524192248_0.860935218359235_SIZE_1_1.05_2
GEN_14_FIT_0.8609081883282287_0.8609423314782434_0.86128243172163_SIZE_1_1.3_3
GEN_15_FIT_0.8609144469424322_0.8610219384391161_0.86128243172163_SIZE_1_1.1_2
GEN_16_FIT_0.8609381799611179_0.8611724166519042_0.8613252878141957_SIZE_1_1.15_2
GEN_17_FIT_0.8612323966418345_0.8613163345670947_0.8614408710194025_SIZE_1_1.05_2
GEN_18_FIT_0.8613252878141957_0.8614021519157617_0.8614450986831467_SIZE_1_1.1_2
GEN_19_FIT_0.8614408710194025_0.8614526806840251_0.8615224246352101_SIZE_1_1.0_1
GEN_20_FIT_0.8614450986831467_0.8614876007259848_0.861552920022869_SIZE_1_1.05_2
Evaluating in sample:
[GEN_20|make_tuple(1106, 0.0013299261399126342)|0.8616]
Evaluating out-of-sample:
[GEN_20|make_tuple(1106, 0.0013299261399126342)|0.9084]
GEN_21_FIT_0.8615224246352101_0.8615409305953394_0.8615620622859497_SIZE_1_1.0_1
GEN_22_FIT_0.861552920022869_0.8615844842132944_0.861650017670673_SIZE_1_1.0_1
GEN_23_FIT_0.8615893055602606_0.8616288357364426_0.861650017670673_SIZE_1_1.0_1
GEN_24_FIT_0.8616417028433835_0.8616470423940406_0.861719049294439_SIZE_1_1.05_2
GEN_25_FIT_0.8616417028433835_0.8616614641966693_0.861719049294439_SIZE_1_1.15_2
GEN_26_FIT_0.861719049294439_0.861719049294439_0.861719049294439_SIZE_1_1.05_2
GEN_27_FIT_0.861719049294439_0.861719049294439_0.861719049294439_SIZE_1_1.0_1
GEN_28_FIT_0.861719049294439_0.861719049294439_0.861719049294439_SIZE_1_1.0_1
GEN_29_FIT_0.861719049294439_0.861719049294439_0.861719049294439_SIZE_1_1.0_1
GEN_30_FIT_0.861719049294439_0.861719049294439_0.861719049294439_SIZE_1_1.0_1
GEN_31_FIT_0.861719049294439_0.861719049294439_0.861719049294439_SIZE_1_1.0_1
GEN_32_FIT_0.861719049294439_0.861719049294439_0.861719049294439_SIZE_1_1.0_1
GEN_33_FIT_0.861719049294439_0.861719049294439_0.861719049294439_SIZE_1_1.0_1
GEN_34_FIT_0.861719049294439_0.8617196314730802_0.8617306928672611_SIZE_1_1.05_2
GEN_35_FIT_0.861719049294439_0.8617202136517212_0.8617306928672611_SIZE_1_1.1_2
GEN_36_FIT_0.861719049294439_0.8617202136517212_0.8617306928672611_SIZE_1_1.1_2
GEN_37_FIT_0.861719049294439_0.8617202136517212_0.8617306928672611_SIZE_1_1.1_2
GEN_38_FIT_0.861719049294439_0.8617202136517212_0.8617306928672611_SIZE_1_1.1_2
GEN_39_FIT_0.861719049294439_0.8617202136517212_0.8617306928672611_SIZE_1_1.1_2
GEN_40_FIT_0.861719049294439_0.8617202136517212_0.8617306928672611_SIZE_1_1.1_2
Evaluating in sample:
[GEN_40|make_tuple(1236, 0.001341403721553066)|0.8617]
[GEN_40|make_tuple(sub(1236, 2), 0.001341403721553066)|0.8617]
Evaluating out-of-sample:
[GEN_40|make_tuple(1236, 0.001341403721553066)|0.9108]
[GEN_40|make_tuple(sub(1236, 2), 0.001341403721553066)|0.9108]
GEN_41_FIT_0.861719049294439_0.8617202136517212_0.8617306928672611_SIZE_1_1.1_2
GEN_42_FIT_0.861719049294439_0.8617202136517212_0.8617306928672611_SIZE_1_1.1_2
GEN_43_FIT_0.861719049294439_0.8617202136517212_0.8617306928672611_SIZE_1_1.1_2
GEN_44_FIT_0.861719049294439_0.8617202136517212_0.8617306928672611_SIZE_1_1.1_2
GEN_45_FIT_0.861719049294439_0.8617202136517212_0.8617306928672611_SIZE_1_1.1_2
GEN_46_FIT_0.861719049294439_0.8617202136517212_0.8617306928672611_SIZE_1_1.1_2
GEN_47_FIT_0.861719049294439_0.8617202136517212_0.8617306928672611_SIZE_1_1.1_2
GEN_48_FIT_0.861719049294439_0.8617202136517212_0.8617306928672611_SIZE_1_1.1_2
GEN_49_FIT_0.861719049294439_0.8617202136517212_0.8617306928672611_SIZE_1_1.1_2
GEN_50_FIT_0.861719049294439_0.8617202136517212_0.8617306928672611_SIZE_1_1.1_2
GEN_51_FIT_0.861719049294439_0.8617202136517212_0.8617306928672611_SIZE_1_1.1_2
GEN_52_FIT_0.861719049294439_0.8617207958303623_0.8617306928672611_SIZE_1_1.1_2
GEN_53_FIT_0.861719049294439_0.8617219601876446_0.8617306928672611_SIZE_1_1.1_2
GEN_54_FIT_0.861719049294439_0.8617248710808502_0.8617306928672611_SIZE_1_1.1_2
GEN_55_FIT_0.8617306928672611_0.8617306928672612_0.8617306928672611_SIZE_1_1.0_1
GEN_56_FIT_0.8617306928672611_0.8617306928672612_0.8617306928672611_SIZE_1_1.0_1
GEN_57_FIT_0.8617306928672611_0.8617306928672612_0.8617306928672611_SIZE_1_1.0_1
GEN_58_FIT_0.8617306928672611_0.8617375765275836_0.8618683660737102_SIZE_1_1.0_1
GEN_59_FIT_0.8617306928672611_0.8617513438482286_0.8618683660737102_SIZE_1_1.0_1
GEN_60_FIT_0.8617306928672611_0.861771994829196_0.8618683660737102_SIZE_1_1.05_2
Evaluating in sample:
[GEN_60|make_tuple(1103, 0.001341403721553066)|0.8619]
Evaluating out-of-sample:
[GEN_60|make_tuple(1103, 0.001341403721553066)|0.9085]
GEN_61_FIT_0.8617306928672611_0.8618408314324204_0.8618683660737102_SIZE_1_1.1_2
GEN_62_FIT_0.8618683660737102_0.8618683660737101_0.8618683660737102_SIZE_1_1.0_1
GEN_63_FIT_0.8618683660737102_0.8618683660737101_0.8618683660737102_SIZE_1_1.0_1
GEN_64_FIT_0.8618683660737102_0.8618683660737101_0.8618683660737102_SIZE_1_1.0_1
GEN_65_FIT_0.8618683660737102_0.8618683660737101_0.8618683660737102_SIZE_1_1.0_1
GEN_66_FIT_0.8618683660737102_0.8618683660737101_0.8618683660737102_SIZE_1_1.0_1
GEN_67_FIT_0.8618683660737102_0.8618683660737101_0.8618683660737102_SIZE_1_1.0_1
GEN_68_FIT_0.8618683660737102_0.8618683660737101_0.8618683660737102_SIZE_1_1.0_1
GEN_69_FIT_0.8618683660737102_0.8618683660737101_0.8618683660737102_SIZE_1_1.0_1
GEN_70_FIT_0.8618683660737102_0.8618683660737101_0.8618683660737102_SIZE_1_1.0_1
GEN_71_FIT_0.8618683660737102_0.8618683660737101_0.8618683660737102_SIZE_1_1.0_1
GEN_72_FIT_0.8618683660737102_0.8618683660737101_0.8618683660737102_SIZE_1_1.0_1
GEN_73_FIT_0.8618683660737102_0.8618683660737101_0.8618683660737102_SIZE_1_1.0_1
GEN_74_FIT_0.8618683660737102_0.8618683660737101_0.8618683660737102_SIZE_1_1.0_1
GEN_75_FIT_0.8618683660737102_0.8618683660737101_0.8618683660737102_SIZE_1_1.0_1
GEN_76_FIT_0.8618683660737102_0.8618683660737101_0.8618683660737102_SIZE_1_1.0_1
GEN_77_FIT_0.8618683660737102_0.8618683660737101_0.8618683660737102_SIZE_1_1.0_1
GEN_78_FIT_0.8618683660737102_0.8618683660737101_0.8618683660737102_SIZE_1_1.0_1
GEN_79_FIT_0.8618683660737102_0.8618683660737101_0.8618683660737102_SIZE_1_1.0_1
Evaluating in sample:
[GEN_79|make_tuple(1103, 0.001341403721553066)|0.8619]
Evaluating out-of-sample:
[GEN_79|make_tuple(1103, 0.001341403721553066)|0.9085]
Stopped early in iteration 79, no improvement in 20 gens.
START_TASK: 12
GEN_0_FIT_0.7622747423791197_0.8123238001467433_0.8560591792372777_SIZE_1_2.15_7
GEN_1_FIT_0.8331519898194043_0.8463978137172701_0.8560591792372777_SIZE_1_1.7_4
GEN_2_FIT_0.8509950431319075_0.8546796589545332_0.8576002276148574_SIZE_1_1.1_2
GEN_3_FIT_0.8570836355578725_0.8576426562652308_0.8592269299072905_SIZE_1_1.0_1
GEN_4_FIT_0.8577257220004934_0.8581413736968226_0.8592269299072905_SIZE_1_1.0_1
GEN_5_FIT_0.8582314170463352_0.8584224018387154_0.8592269299072905_SIZE_1_1.05_2
GEN_6_FIT_0.8584347833209842_0.8588202332730717_0.8594205432097405_SIZE_1_1.05_2
GEN_7_FIT_0.8592269299072905_0.8593216592804565_0.8594205432097405_SIZE_1_1.0_1
GEN_8_FIT_0.8593701222232386_0.8594099923846825_0.8594205432097405_SIZE_1_1.05_2
GEN_9_FIT_0.8594071602501855_0.8594240672371326_0.8595713215149134_SIZE_1_1.15_2
GEN_10_FIT_0.8594205432097405_0.859435784446158_0.8595713215149134_SIZE_1_1.15_3
GEN_11_FIT_0.8594205432097405_0.859485879875405_0.8595713215149134_SIZE_1_1.8_4
GEN_12_FIT_0.8594304868294621_0.859544649487697_0.8595713215149134_SIZE_1_2.0_3
GEN_13_FIT_0.8595058872051009_0.8595647780839322_0.8595713215149134_SIZE_1_1.9_2
GEN_14_FIT_0.8595058872051009_0.8595647780839322_0.8595713215149134_SIZE_1_1.9_2
GEN_15_FIT_0.8594205432097405_0.8595232464334709_0.8596254486511792_SIZE_1_1.55_2
GEN_16_FIT_0.8594238113277461_0.8595256957004489_0.8596254486511792_SIZE_1_1.2_2
GEN_17_FIT_0.8595058872051009_0.8595178433497089_0.8596254486511792_SIZE_1_1.1_2
GEN_18_FIT_0.8595058872051009_0.8595511635259949_0.8596254486511792_SIZE_1_1.4_2
GEN_19_FIT_0.8595153437336882_0.8596199434053047_0.8596254486511792_SIZE_1_2.0_3
GEN_20_FIT_0.8595153437336882_0.8596144381594302_0.8596254486511792_SIZE_1_1.9_2
Evaluating in sample:
[GEN_20|make_tuple(170, 0.002162739272021706)|0.8595]
[GEN_20|make_tuple(170, sub(0.0037964699959865938, 0.001315778003627073))|0.8596]
Evaluating out-of-sample:
[GEN_20|make_tuple(170, 0.002162739272021706)|0.9989]
[GEN_20|make_tuple(170, sub(0.0037964699959865938, 0.001315778003627073))|0.9989]
GEN_21_FIT_0.8595326555295474_0.8596208089950977_0.8596254486511792_SIZE_1_1.95_2
GEN_22_FIT_0.8594205432097405_0.8595530518297627_0.8596853242363744_SIZE_1_1.55_2
GEN_23_FIT_0.8595270172794914_0.8596033163607064_0.8596853242363744_SIZE_1_1.7_2
GEN_24_FIT_0.8595270172794914_0.8595698535118628_0.8596853242363744_SIZE_1_1.25_2
GEN_25_FIT_0.8595326555295474_0.8595479224002303_0.8596853242363744_SIZE_1_1.1_2
GEN_26_FIT_0.8595326555295474_0.859572790998359_0.8596853242363744_SIZE_1_1.35_2
GEN_27_FIT_0.8595326555295474_0.8596222302202333_0.8596853242363744_SIZE_1_1.75_2
GEN_28_FIT_0.8595660618839693_0.8596518134842933_0.8596853242363744_SIZE_1_1.9_3
GEN_29_FIT_0.8596128874107326_0.8596780805538101_0.8596853242363744_SIZE_1_1.9_2
GEN_30_FIT_0.8596128874107326_0.8596780805538101_0.8596853242363744_SIZE_1_1.9_2
GEN_31_FIT_0.8596128874107326_0.8596780805538101_0.8596853242363744_SIZE_1_1.9_2
GEN_32_FIT_0.8592525155143104_0.8595232619043504_0.8596910491272698_SIZE_1_1.5_2
GEN_33_FIT_0.8594585746317502_0.8596422489182386_0.8596910491272698_SIZE_1_1.5_2
GEN_34_FIT_0.8596128874107326_0.8596207035823863_0.8596910491272698_SIZE_1_1.1_2
GEN_35_FIT_0.8596128874107326_0.8596412231022809_0.8596910491272698_SIZE_1_1.35_2
GEN_36_FIT_0.8596128874107326_0.8596471887074278_0.8596910491272698_SIZE_1_1.35_2
GEN_37_FIT_0.8596249389781526_0.8596745215899906_0.8596910491272698_SIZE_1_1.75_2
GEN_38_FIT_0.8596249389781526_0.8596844381123582_0.8596910491272698_SIZE_1_1.9_2
GEN_39_FIT_0.855466521230073_0.8583234107511657_0.8596933661873244_SIZE_1_1.2_2
GEN_40_FIT_0.8596249389781526_0.859652342131928_0.8600361476353149_SIZE_1_1.1_2
Evaluating in sample:
[GEN_40|make_tuple(883, 0.001315778003627073)|0.8600]
Evaluating out-of-sample:
[GEN_40|make_tuple(883, 0.001315778003627073)|0.9985]
GEN_41_FIT_0.8596249389781526_0.8596708588043311_0.8600361476353149_SIZE_1_1.1_2
GEN_42_FIT_0.8596249389781526_0.8597235872145103_0.8600361476353149_SIZE_1_1.3_2
GEN_43_FIT_0.8596622356109612_0.8599103443932334_0.860355442591478_SIZE_1_1.25_2
GEN_44_FIT_0.8599952724262144_0.8600589721315293_0.8603663445374775_SIZE_1_1.0_1
GEN_45_FIT_0.8600349575976839_0.8602481444908034_0.8605783233649147_SIZE_1_1.0_1
GEN_46_FIT_0.860355442591478_0.8604079919137136_0.8605783233649147_SIZE_1_1.0_1
GEN_47_FIT_0.8604032899306755_0.8604955627566504_0.8606134606145244_SIZE_1_1.0_1
GEN_48_FIT_0.8605451826164076_0.8605920302376555_0.8606718724268952_SIZE_1_1.1_2
GEN_49_FIT_0.8605818635630776_0.8606243857544749_0.8606797244055272_SIZE_1_1.2_2
GEN_50_FIT_0.860624260876636_0.8606611044163378_0.8606797244055272_SIZE_1_1.2_2
GEN_51_FIT_0.8606718724268952_0.8606817838940994_0.8607287661556046_SIZE_1_1.05_2
GEN_52_FIT_0.8606797244055272_0.8606965797189039_0.8608361100649761_SIZE_1_1.05_2
GEN_53_FIT_0.8606797244055272_0.8607262584193391_0.8608361100649761_SIZE_1_1.15_2
GEN_54_FIT_0.8607060579357297_0.8607980523036183_0.8608385551381253_SIZE_1_1.2_2
GEN_55_FIT_0.8608361100649761_0.8608368435869209_0.8608385551381253_SIZE_1_1.05_2
GEN_56_FIT_0.8608361100649761_0.8608375771088657_0.8608385551381253_SIZE_1_1.1_2
GEN_57_FIT_0.8608385551381253_0.8608385551381253_0.8608385551381253_SIZE_1_1.0_1
GEN_58_FIT_0.8608385551381253_0.8608385551381253_0.8608385551381253_SIZE_1_1.0_1
GEN_59_FIT_0.8608385551381253_0.8608385551381253_0.8608385551381253_SIZE_1_1.0_1
GEN_60_FIT_0.8608385551381253_0.8608385551381253_0.8608385551381253_SIZE_1_1.0_1
Evaluating in sample:
[GEN_60|make_tuple(1241, 0.001341808641999611)|0.8608]
Evaluating out-of-sample:
[GEN_60|make_tuple(1241, 0.001341808641999611)|0.9982]
GEN_61_FIT_0.8608385551381253_0.8608407360159355_0.8608821726943265_SIZE_1_1.05_2
GEN_62_FIT_0.8608385551381253_0.8608456799501967_0.8608938162671489_SIZE_1_1.1_2
GEN_63_FIT_0.8608385551381253_0.8608484430066479_0.8608938162671489_SIZE_1_1.1_2
GEN_64_FIT_0.8608385551381253_0.8608705474582573_0.8608938162671489_SIZE_1_1.1_2
GEN_65_FIT_0.8608938162671489_0.8608938162671489_0.8608938162671489_SIZE_1_1.0_1
GEN_66_FIT_0.8608938162671489_0.8608938162671489_0.8608938162671489_SIZE_1_1.0_1
GEN_67_FIT_0.8608938162671489_0.8608938162671489_0.8608938162671489_SIZE_1_1.0_1
GEN_68_FIT_0.8608938162671489_0.8608940619330425_0.8608987295850212_SIZE_1_1.0_1
GEN_69_FIT_0.8608938162671489_0.8608943075989363_0.8608987295850212_SIZE_1_1.0_1
GEN_70_FIT_0.8608938162671489_0.8608952906796254_0.8608987295850212_SIZE_1_1.0_1
GEN_71_FIT_0.8608938246094425_0.8608996225420291_0.8609411136030743_SIZE_1_1.0_1
GEN_72_FIT_0.8608987295850212_0.8609032136527202_0.8609460269209466_SIZE_1_1.0_1
GEN_73_FIT_0.8608987295850212_0.8609124274540114_0.8609460269209466_SIZE_1_1.0_1
GEN_74_FIT_0.8608987295850212_0.8609426793905758_0.8609460269209466_SIZE_1_1.05_2
GEN_75_FIT_0.8609460269209466_0.8609460269209464_0.8609460269209466_SIZE_1_1.0_1
GEN_76_FIT_0.8609460269209466_0.8609460269209464_0.8609460269209466_SIZE_1_1.0_1
GEN_77_FIT_0.8609460269209466_0.8609460666414452_0.860946821330924_SIZE_1_1.05_2
GEN_78_FIT_0.8609460269209466_0.8609461063619441_0.860946821330924_SIZE_1_1.1_2
GEN_79_FIT_0.8609460269209466_0.8609461063619441_0.860946821330924_SIZE_1_1.1_2
GEN_80_FIT_0.8609460269209466_0.8609461063619441_0.860946821330924_SIZE_1_1.1_2
Evaluating in sample:
[GEN_80|make_tuple(1104, 0.0013411491531746733)|0.8609]
[GEN_80|make_tuple(sub(1104, 0.16860052937679604), 0.0013411491531746733)|0.8609]
Evaluating out-of-sample:
[GEN_80|make_tuple(1104, 0.0013411491531746733)|0.9984]
[GEN_80|make_tuple(sub(1104, 0.16860052937679604), 0.0013411491531746733)|0.9984]
GEN_81_FIT_0.8609460269209466_0.8609461063619441_0.860946821330924_SIZE_1_1.1_2
GEN_82_FIT_0.8609460269209466_0.8609461063619441_0.860946821330924_SIZE_1_1.1_2
GEN_83_FIT_0.8609460269209466_0.8609461063619441_0.860946821330924_SIZE_1_1.1_2
GEN_84_FIT_0.8609460269209466_0.8609461063619441_0.860946821330924_SIZE_1_1.1_2
GEN_85_FIT_0.8609460269209466_0.8609490621618201_0.861006731738421_SIZE_1_1.05_2
GEN_86_FIT_0.8609460269209466_0.8609490621618201_0.861006731738421_SIZE_1_1.05_2
GEN_87_FIT_0.8609460269209466_0.8609490621618201_0.861006731738421_SIZE_1_1.05_2
GEN_88_FIT_0.8609460269209466_0.8609520974026939_0.861006731738421_SIZE_1_1.1_2
GEN_89_FIT_0.8609460269209466_0.8609520974026939_0.861006731738421_SIZE_1_1.1_2
GEN_90_FIT_0.8609460269209466_0.8609520974026939_0.861006731738421_SIZE_1_1.1_2
GEN_91_FIT_0.8609460269209466_0.8609520974026939_0.861006731738421_SIZE_1_1.1_2
GEN_92_FIT_0.8609460269209466_0.8609520974026939_0.861006731738421_SIZE_1_1.1_2
GEN_93_FIT_0.8609460269209466_0.8609520974026939_0.861006731738421_SIZE_1_1.1_2
GEN_94_FIT_0.8609460269209466_0.8609520974026939_0.861006731738421_SIZE_1_1.1_2
GEN_95_FIT_0.8609460269209466_0.8609553714145728_0.8610115071585228_SIZE_1_1.1_2
GEN_96_FIT_0.8609460269209466_0.860968467462088_0.8610115071585228_SIZE_1_1.1_2
GEN_97_FIT_0.8609460269209466_0.8610049591347652_0.8610115071585228_SIZE_1_1.05_2
GEN_98_FIT_0.8610115071585228_0.8610115071585229_0.8610115071585228_SIZE_1_1.0_1
GEN_99_FIT_0.8610115071585228_0.8610115071585229_0.8610115071585228_SIZE_1_1.0_1
GEN_100_FIT_0.8610115071585228_0.8610115071585229_0.8610115071585228_SIZE_1_1.0_1
Evaluating in sample:
[GEN_100|make_tuple(1103, 0.0013411491531746733)|0.8610]
Evaluating out-of-sample:
[GEN_100|make_tuple(1103, 0.0013411491531746733)|0.9985]
GEN_101_FIT_0.8610115071585228_0.8610115071585229_0.8610115071585228_SIZE_1_1.0_1
GEN_102_FIT_0.8610115071585228_0.8610115071585229_0.8610115071585228_SIZE_1_1.0_1
GEN_103_FIT_0.8610115071585228_0.8610115071585229_0.8610115071585228_SIZE_1_1.0_1
GEN_104_FIT_0.8610115071585228_0.8610115071585229_0.8610115071585228_SIZE_1_1.0_1
GEN_105_FIT_0.8610115071585228_0.8610115071585229_0.8610115071585228_SIZE_1_1.0_1
GEN_106_FIT_0.8610115071585228_0.8610115071585229_0.8610115071585228_SIZE_1_1.0_1
GEN_107_FIT_0.8610115071585228_0.8610115071585229_0.8610115071585228_SIZE_1_1.0_1
GEN_108_FIT_0.8610115071585228_0.8610115071585229_0.8610115071585228_SIZE_1_1.0_1
GEN_109_FIT_0.8610115071585228_0.8610115071585229_0.8610115071585228_SIZE_1_1.0_1
GEN_110_FIT_0.8610115071585228_0.8610115071585229_0.8610115071585228_SIZE_1_1.0_1
GEN_111_FIT_0.8610115071585228_0.8610115071585229_0.8610115071585228_SIZE_1_1.0_1
GEN_112_FIT_0.8610115071585228_0.8610115071585229_0.8610115071585228_SIZE_1_1.0_1
GEN_113_FIT_0.8610115071585228_0.8610115071585229_0.8610115071585228_SIZE_1_1.0_1
GEN_114_FIT_0.8610115071585228_0.8610115071585229_0.8610115071585228_SIZE_1_1.0_1
GEN_115_FIT_0.8610115071585228_0.8610115071585229_0.8610115071585228_SIZE_1_1.0_1
GEN_116_FIT_0.8610115071585228_0.8610115071585229_0.8610115071585228_SIZE_1_1.0_1
Evaluating in sample:
[GEN_116|make_tuple(1103, 0.0013411491531746733)|0.8610]
Evaluating out-of-sample:
[GEN_116|make_tuple(1103, 0.0013411491531746733)|0.9985]
Stopped early in iteration 116, no improvement in 20 gens.
START_TASK: 14
GEN_0_FIT_0.7341186844785784_0.8088554079771193_0.8449863097958062_SIZE_1_2.7_9
GEN_1_FIT_0.8310234858003569_0.8409175577199302_0.8590214788650415_SIZE_1_1.95_6
GEN_2_FIT_0.8449236964851983_0.8489100410517679_0.8592962516374216_SIZE_1_1.4_2
GEN_3_FIT_0.8506561087128806_0.8567830564321619_0.8592962516374216_SIZE_1_1.65_2
GEN_4_FIT_0.8590214788650415_0.8592677152767421_0.8595311058457827_SIZE_1_1.7_3
GEN_5_FIT_0.8592322426681233_0.8594133540429926_0.8596963331482699_SIZE_1_1.65_3
GEN_6_FIT_0.8594541528486465_0.8596338554998443_0.859967940329859_SIZE_1_1.65_3
GEN_7_FIT_0.8597234919170945_0.8599136679790954_0.8604037197915168_SIZE_1_1.55_3
GEN_8_FIT_0.859958116632446_0.8601163769975206_0.8604529736721521_SIZE_1_1.55_3
GEN_9_FIT_0.8601012332122004_0.8603305773511469_0.8605433744203996_SIZE_1_1.6_3
GEN_10_FIT_0.8604037197915168_0.8605016665260148_0.8605669158073213_SIZE_1_1.15_2
GEN_11_FIT_0.8605433744203996_0.8605615734413087_0.8606562858171397_SIZE_1_1.1_2
GEN_12_FIT_0.8605590511263772_0.8606018504883156_0.8608267835223372_SIZE_1_1.15_2
GEN_13_FIT_0.8605669158073213_0.8606812604677202_0.8608363099864008_SIZE_1_1.15_2
GEN_14_FIT_0.8607359480097144_0.8607988315680541_0.8608363099864008_SIZE_1_1.2_2
GEN_15_FIT_0.8608313954100525_0.8608360194441739_0.8608363099864008_SIZE_1_1.0_1
GEN_16_FIT_0.8608362203595817_0.8608403571555634_0.8608953042039686_SIZE_1_1.05_2
GEN_17_FIT_0.8608363099864008_0.8608513855308477_0.860901895431477_SIZE_1_1.0_1
GEN_18_FIT_0.8608363099864008_0.8608736335042503_0.860901895431477_SIZE_1_1.0_1
GEN_19_FIT_0.8608953042039686_0.8608972815722209_0.860901895431477_SIZE_1_1.0_1
GEN_20_FIT_0.8608960858846009_0.8609016049541331_0.860901895431477_SIZE_1_1.0_1
Evaluating in sample:
[GEN_20|make_tuple(1073, 0.0013422797846015845)|0.8609]
Evaluating out-of-sample:
[GEN_20|make_tuple(1073, 0.0013422797846015845)|0.9922]
GEN_21_FIT_0.860901895431477_0.860901895431477_0.860901895431477_SIZE_1_1.0_1
GEN_22_FIT_0.860901895431477_0.8609021069430881_0.8609061256636967_SIZE_1_1.0_1
GEN_23_FIT_0.860901895431477_0.8609024349669058_0.8609061256636967_SIZE_1_1.0_1
GEN_24_FIT_0.860901895431477_0.8609038635743833_0.8609061256636967_SIZE_1_1.0_1
GEN_25_FIT_0.8609042256756112_0.8609057456660796_0.8609061256636967_SIZE_1_1.05_2
GEN_26_FIT_0.8609061256636967_0.8609061256636966_0.8609061256636967_SIZE_1_1.0_1
GEN_27_FIT_0.8609061256636967_0.8609061256636966_0.8609061256636967_SIZE_1_1.0_1
GEN_28_FIT_0.8609061256636967_0.8609061256636966_0.8609061256636967_SIZE_1_1.0_1
GEN_29_FIT_0.8609061256636967_0.8609061256636966_0.8609061256636967_SIZE_1_1.0_1
GEN_30_FIT_0.8609061256636967_0.8609061256636966_0.8609061256636967_SIZE_1_1.0_1
GEN_31_FIT_0.8609061256636967_0.8609143518061619_0.8610706485130022_SIZE_1_1.0_1
GEN_32_FIT_0.8609061256636967_0.8609390302335578_0.8610706485130022_SIZE_1_1.0_1
GEN_33_FIT_0.8609061256636967_0.86100483937328_0.8610706485130022_SIZE_1_1.1_2
GEN_34_FIT_0.8610706485130022_0.8610706485130024_0.8610706485130022_SIZE_1_1.0_1
GEN_35_FIT_0.8610706485130022_0.8610706485130024_0.8610706485130022_SIZE_1_1.0_1
GEN_36_FIT_0.8610706485130022_0.8610706485130024_0.8610706485130022_SIZE_1_1.0_1
GEN_37_FIT_0.8610706485130022_0.8610706485130024_0.8610706485130022_SIZE_1_1.0_1
GEN_38_FIT_0.8610706485130022_0.8610706485130024_0.8610706485130022_SIZE_1_1.0_1
GEN_39_FIT_0.8610706485130022_0.8610706485130024_0.8610706485130022_SIZE_1_1.0_1
GEN_40_FIT_0.8610706485130022_0.8610706485130024_0.8610706485130022_SIZE_1_1.0_1
Evaluating in sample:
[GEN_40|make_tuple(1103, 0.0013412064352916336)|0.8611]
Evaluating out-of-sample:
[GEN_40|make_tuple(1103, 0.0013412064352916336)|0.9923]
GEN_41_FIT_0.8610706485130022_0.8610706485130024_0.8610706485130022_SIZE_1_1.0_1
GEN_42_FIT_0.8610706485130022_0.8610706485130024_0.8610706485130022_SIZE_1_1.0_1
GEN_43_FIT_0.8610706485130022_0.8610706485130024_0.8610706485130022_SIZE_1_1.0_1
GEN_44_FIT_0.8610706485130022_0.8610706485130024_0.8610706485130022_SIZE_1_1.0_1
GEN_45_FIT_0.8610706485130022_0.8610706485130024_0.8610706485130022_SIZE_1_1.0_1
GEN_46_FIT_0.8610706485130022_0.8610706485130024_0.8610706485130022_SIZE_1_1.0_1
GEN_47_FIT_0.8610706485130022_0.8610706485130024_0.8610706485130022_SIZE_1_1.0_1
GEN_48_FIT_0.8610706485130022_0.8610706485130024_0.8610706485130022_SIZE_1_1.0_1
GEN_49_FIT_0.8610706485130022_0.8610706485130024_0.8610706485130022_SIZE_1_1.0_1
GEN_50_FIT_0.8610706485130022_0.8610706485130024_0.8610706485130022_SIZE_1_1.0_1
GEN_51_FIT_0.8610706485130022_0.8610706485130024_0.8610706485130022_SIZE_1_1.0_1
GEN_52_FIT_0.8610706485130022_0.8610706485130024_0.8610706485130022_SIZE_1_1.0_1
Evaluating in sample:
[GEN_52|make_tuple(1103, 0.0013412064352916336)|0.8611]
Evaluating out-of-sample:
[GEN_52|make_tuple(1103, 0.0013412064352916336)|0.9923]
Stopped early in iteration 52, no improvement in 20 gens.
START_TASK: 15
GEN_0_FIT_0.8147900048939797_0.839434144462977_0.8555984045996927_SIZE_1_2.9_7
GEN_1_FIT_0.846653937040038_0.8541463286286868_0.859340298391329_SIZE_1_3.0_7
GEN_2_FIT_0.8574962797378524_0.8584902977897478_0.8593943931493435_SIZE_1_2.4_6
GEN_3_FIT_0.8589598946364948_0.8593715412161387_0.8602136282254033_SIZE_1_3.35_6
GEN_4_FIT_0.8592702594056139_0.8596157535429123_0.8602136282254033_SIZE_1_2.6_5
GEN_5_FIT_0.8595075400063399_0.8599987319659064_0.8602998331916673_SIZE_1_1.7_4
GEN_6_FIT_0.8602136282254033_0.8602701119271134_0.8604238509282545_SIZE_1_1.25_4
GEN_7_FIT_0.8602998331916673_0.8603544627193621_0.8604238509282545_SIZE_1_1.15_2
GEN_8_FIT_0.8604234084886154_0.8604893732839264_0.8606994407506489_SIZE_1_1.05_2
GEN_9_FIT_0.8605460131859961_0.8606919026340781_0.8607198882649492_SIZE_1_1.1_2
GEN_10_FIT_0.8606994407506489_0.8607108445683209_0.8608543178949202_SIZE_1_1.0_1
GEN_11_FIT_0.8607012672549557_0.8607614283638416_0.8608543178949202_SIZE_1_1.05_2
GEN_12_FIT_0.8608058769266824_0.8608524314560289_0.8609012584245698_SIZE_1_1.1_2
GEN_13_FIT_0.8608543178949202_0.8608610171403146_0.8609103437451744_SIZE_1_1.05_2
GEN_14_FIT_0.8608543178949202_0.860880854680176_0.8609318183037511_SIZE_1_1.1_2
GEN_15_FIT_0.8609012584245698_0.8609259053905216_0.8610206652988633_SIZE_1_1.2_2
GEN_16_FIT_0.8609142398806678_0.8609444123904219_0.8610206652988633_SIZE_1_1.55_2
GEN_17_FIT_0.8609330053307117_0.8609939175135011_0.8610739062335202_SIZE_1_1.65_3
GEN_18_FIT_0.8610160358416133_0.8610612500181507_0.8611513977319789_SIZE_1_1.75_4
GEN_19_FIT_0.8610393080081854_0.8610921917934004_0.8611513977319789_SIZE_1_1.3_2
GEN_20_FIT_0.8610739062335202_0.8611121288912601_0.8611513977319789_SIZE_1_1.35_2
Evaluating in sample:
[GEN_20|make_tuple(1234, 0.0013446336367349725)|0.8611]
[GEN_20|make_tuple(add(1101, 2), 0.0013446336367349725)|0.8612]
Evaluating out-of-sample:
[GEN_20|make_tuple(1234, 0.0013446336367349725)|0.9732]
[GEN_20|make_tuple(add(1101, 2), 0.0013446336367349725)|0.9782]
GEN_21_FIT_0.861094569137209_0.8611343491535479_0.8611513977319789_SIZE_1_1.7_2
GEN_22_FIT_0.861094569137209_0.8611457148725019_0.8611513977319789_SIZE_1_1.9_2
GEN_23_FIT_0.861094569137209_0.8611457148725019_0.8611513977319789_SIZE_1_1.9_2
GEN_24_FIT_0.861094569137209_0.8611457148725019_0.8611513977319789_SIZE_1_1.9_2
GEN_25_FIT_0.861094569137209_0.8611457148725019_0.8611513977319789_SIZE_1_1.9_2
GEN_26_FIT_0.861094569137209_0.8611457148725019_0.8611513977319789_SIZE_1_1.9_2
GEN_27_FIT_0.861094569137209_0.8611457148725019_0.8611513977319789_SIZE_1_1.9_2
GEN_28_FIT_0.861094569137209_0.8611457148725019_0.8611513977319789_SIZE_1_1.9_2
GEN_29_FIT_0.861094569137209_0.8611457148725019_0.8611513977319789_SIZE_1_1.9_2
GEN_30_FIT_0.861094569137209_0.8611457148725019_0.8611513977319789_SIZE_1_1.9_2
GEN_31_FIT_0.861094569137209_0.8611457148725019_0.8611513977319789_SIZE_1_1.9_2
GEN_32_FIT_0.861094569137209_0.8611457148725019_0.8611513977319789_SIZE_1_1.9_2
GEN_33_FIT_0.861094569137209_0.8611457148725019_0.8611513977319789_SIZE_1_1.9_2
GEN_34_FIT_0.861094569137209_0.8611457148725019_0.8611513977319789_SIZE_1_1.9_2
GEN_35_FIT_0.861094569137209_0.8611457148725019_0.8611513977319789_SIZE_1_1.9_2
GEN_36_FIT_0.861094569137209_0.8611457148725019_0.8611513977319789_SIZE_1_1.9_2
GEN_37_FIT_0.861094569137209_0.8611457148725019_0.8611513977319789_SIZE_1_1.9_2
GEN_38_FIT_0.861094569137209_0.8611457148725019_0.8611513977319789_SIZE_1_1.9_2
GEN_39_FIT_0.8608665305239191_0.861068897276757_0.8611523148127077_SIZE_1_1.35_2
GEN_40_FIT_0.861094569137209_0.861097456420984_0.8611523148127077_SIZE_1_1.05_2
Evaluating in sample:
[GEN_40|make_tuple(1234, 0.0013446336367349725)|0.8611]
[GEN_40|make_tuple(add(1101, 2), 0.0013467697179661254)|0.8612]
Evaluating out-of-sample:
[GEN_40|make_tuple(1234, 0.0013446336367349725)|0.9732]
[GEN_40|make_tuple(add(1101, 2), 0.0013467697179661254)|0.9782]
GEN_41_FIT_0.861094569137209_0.8611117142953477_0.8611523148127077_SIZE_1_1.3_2
GEN_42_FIT_0.861094569137209_0.861103340825788_0.8611541218270042_SIZE_1_1.15_2
GEN_43_FIT_0.8610946178535576_0.8611120391683826_0.8611541218270042_SIZE_1_1.3_2
GEN_44_FIT_0.8610946178535576_0.861115072704029_0.8611541218270042_SIZE_1_1.35_2
GEN_45_FIT_0.8610947636959927_0.8610977785026549_0.8611550598292366_SIZE_1_1.05_2
GEN_46_FIT_0.8610947636959927_0.8610977785026549_0.8611550598292366_SIZE_1_1.05_2
GEN_47_FIT_0.8610947636959927_0.861100793309317_0.8611550598292366_SIZE_1_1.1_2
GEN_48_FIT_0.8610947636959927_0.861100793309317_0.8611550598292366_SIZE_1_1.1_2
GEN_49_FIT_0.8610947636959927_0.861100793309317_0.8611550598292366_SIZE_1_1.1_2
GEN_50_FIT_0.8610947636959927_0.8611099543160788_0.8611550598292366_SIZE_1_1.2_2
GEN_51_FIT_0.8610947636959927_0.8611373207495889_0.8611550598292366_SIZE_1_1.55_2
GEN_52_FIT_0.861127015632599_0.8611338934606853_0.8611957939134609_SIZE_1_1.1_2
GEN_53_FIT_0.861127015632599_0.8611338934606853_0.8611957939134609_SIZE_1_1.1_2
GEN_54_FIT_0.861127015632599_0.8611338934606853_0.8611957939134609_SIZE_1_1.1_2
GEN_55_FIT_0.861127015632599_0.8611338934606853_0.8611957939134609_SIZE_1_1.1_2
GEN_56_FIT_0.861127015632599_0.8611338934606853_0.8611957939134609_SIZE_1_1.1_2
GEN_57_FIT_0.861127015632599_0.8611338934606853_0.8611957939134609_SIZE_1_1.1_2
GEN_58_FIT_0.861127015632599_0.8611338934606853_0.8611957939134609_SIZE_1_1.1_2
GEN_59_FIT_0.861127015632599_0.8611338934606853_0.8611957939134609_SIZE_1_1.1_2
GEN_60_FIT_0.861127015632599_0.8611338934606853_0.8611957939134609_SIZE_1_1.1_2
Evaluating in sample:
[GEN_60|make_tuple(1234, 0.0013385097733979716)|0.8611]
[GEN_60|make_tuple(add(1101, 2), 0.0013385097733979716)|0.8612]
Evaluating out-of-sample:
[GEN_60|make_tuple(1234, 0.0013385097733979716)|0.9732]
[GEN_60|make_tuple(add(1101, 2), 0.0013385097733979716)|0.9782]
GEN_61_FIT_0.861127015632599_0.8611512925627889_0.8611957939134609_SIZE_1_1.35_2
GEN_62_FIT_0.8611311062703677_0.8611893251491516_0.8611957939134609_SIZE_1_1.9_2
GEN_63_FIT_0.8611311062703677_0.8611893251491516_0.8611957939134609_SIZE_1_1.9_2
GEN_64_FIT_0.8611311062703677_0.8611893251491516_0.8611957939134609_SIZE_1_1.9_2
GEN_65_FIT_0.8609411361195369_0.8611737275389579_0.8612031871466046_SIZE_1_1.8_2
GEN_66_FIT_0.8611311062703677_0.8611879390752828_0.8612031871466046_SIZE_1_1.85_2
GEN_67_FIT_0.8611311062703677_0.8611851669275454_0.8612031871466046_SIZE_1_1.8_3
GEN_68_FIT_0.8611384995035114_0.8611967183822952_0.8612031871466046_SIZE_1_1.9_2
GEN_69_FIT_0.8611384995035114_0.8611967183822952_0.8612031871466046_SIZE_1_1.9_2
GEN_70_FIT_0.8611384995035114_0.8611967183822952_0.8612031871466046_SIZE_1_1.9_2
GEN_71_FIT_0.8611384995035114_0.8611967183822952_0.8612031871466046_SIZE_1_1.9_2
GEN_72_FIT_0.8611384995035114_0.8611967183822952_0.8612031871466046_SIZE_1_1.9_2
GEN_73_FIT_0.8611384995035114_0.8611967183822952_0.8612031871466046_SIZE_1_1.9_2
GEN_74_FIT_0.8611384995035114_0.8611967183822952_0.8612031871466046_SIZE_1_1.9_2
GEN_75_FIT_0.8611384995035114_0.8611967183822952_0.8612031871466046_SIZE_1_1.9_2
GEN_76_FIT_0.8611384995035114_0.8611967183822952_0.8612031871466046_SIZE_1_1.9_2
GEN_77_FIT_0.8611384995035114_0.8611967183822952_0.8612031871466046_SIZE_1_1.9_2
GEN_78_FIT_0.8611384995035114_0.8611967183822952_0.8612031871466046_SIZE_1_1.9_2
GEN_79_FIT_0.8611384995035114_0.8611967183822952_0.8612031871466046_SIZE_1_1.9_2
GEN_80_FIT_0.8611384995035114_0.8611967183822952_0.8612031871466046_SIZE_1_1.9_2
Evaluating in sample:
[GEN_80|make_tuple(1104, 0.0013401145213311786)|0.8611]
[GEN_80|make_tuple(add(1101, 2), 0.0013401145213311786)|0.8612]
Evaluating out-of-sample:
[GEN_80|make_tuple(1104, 0.0013401145213311786)|0.9780]
[GEN_80|make_tuple(add(1101, 2), 0.0013401145213311786)|0.9782]
GEN_81_FIT_0.8611384995035114_0.8611967183822952_0.8612031871466046_SIZE_1_1.9_2
GEN_82_FIT_0.8611384995035114_0.8611967183822952_0.8612031871466046_SIZE_1_1.9_2
GEN_83_FIT_0.8611384995035114_0.8611967183822952_0.8612031871466046_SIZE_1_1.9_2
GEN_84_FIT_0.8611384995035114_0.8611967183822952_0.8612031871466046_SIZE_1_1.9_2
GEN_85_FIT_0.8611384995035114_0.8611967183822952_0.8612031871466046_SIZE_1_1.9_2
GEN_86_FIT_0.8611384995035114_0.8611967183822952_0.8612031871466046_SIZE_1_1.9_2
Evaluating in sample:
[GEN_86|make_tuple(1104, 0.0013401145213311786)|0.8611]
[GEN_86|make_tuple(add(1101, 2), 0.0013401145213311786)|0.8612]
Evaluating out-of-sample:
[GEN_86|make_tuple(1104, 0.0013401145213311786)|0.9780]
[GEN_86|make_tuple(add(1101, 2), 0.0013401145213311786)|0.9782]
Stopped early in iteration 86, no improvement in 20 gens.
START_TASK: 16
GEN_0_FIT_0.7858483760430426_0.8277407084068645_0.8545223930448823_SIZE_1_3.65_11
GEN_1_FIT_0.8472571566893078_0.8531223476806872_0.8570016936939445_SIZE_1_7.2_12
GEN_2_FIT_0.8526568190518834_0.8558800054420876_0.8595087323771096_SIZE_1_3.05_11
GEN_3_FIT_0.857060000666009_0.8590272600178153_0.8605391897863066_SIZE_1_4.85_7
GEN_4_FIT_0.8575069919049535_0.8591708255192086_0.8605391897863066_SIZE_1_3.6_6
GEN_5_FIT_0.857825414266378_0.85963271227288_0.8606922604053979_SIZE_1_2.25_4
GEN_6_FIT_0.859589856264143_0.8603898129385176_0.8608425634373342_SIZE_1_2.8_5
GEN_7_FIT_0.8600300250579554_0.8605720399893191_0.8608425634373342_SIZE_1_2.5_5
GEN_8_FIT_0.8601396200236335_0.8606762032235137_0.8608425634373342_SIZE_1_2.4_5
GEN_9_FIT_0.8601396200236335_0.8606023435883452_0.8608822043803092_SIZE_1_1.6_4
GEN_10_FIT_0.8606199837143246_0.8607453237434299_0.8609014201927712_SIZE_1_2.25_4
GEN_11_FIT_0.8595087323771096_0.8606785473291261_0.8609014201927712_SIZE_1_2.6_4
GEN_12_FIT_0.860703294482606_0.860872180166546_0.8609014201927712_SIZE_1_3.5_4
GEN_13_FIT_0.860703294482606_0.8608710688895396_0.8609014201927712_SIZE_1_3.45_4
GEN_14_FIT_0.860703294482606_0.8607957901776444_0.8609130637655933_SIZE_1_2.0_4
GEN_15_FIT_0.860703294482606_0.8607441689850731_0.8609130637655933_SIZE_1_1.45_4
GEN_16_FIT_0.860703294482606_0.8607441689850731_0.8609130637655933_SIZE_1_1.45_4
GEN_17_FIT_0.860703294482606_0.8608135812090222_0.861026336556185_SIZE_1_2.0_4
GEN_18_FIT_0.8607145502839528_0.8608255740430616_0.861026336556185_SIZE_1_2.0_3
GEN_19_FIT_0.8602759598471362_0.860815361073354_0.861026336556185_SIZE_1_1.9_3
GEN_20_FIT_0.8607145502839528_0.8608358794042503_0.861026336556185_SIZE_1_1.55_3
Evaluating in sample:
[GEN_20|make_tuple(1103, 0.001330096846004359)|0.8610]
Evaluating out-of-sample:
[GEN_20|make_tuple(1103, 0.001330096846004359)|0.9897]
GEN_21_FIT_0.8607685796771654_0.860955647959656_0.861026336556185_SIZE_1_1.9_3
GEN_22_FIT_0.861026336556185_0.8610263365561851_0.861026336556185_SIZE_1_1.0_1
GEN_23_FIT_0.861026336556185_0.861027099256434_0.8610415905611656_SIZE_1_1.0_1
GEN_24_FIT_0.861026336556185_0.8610279484988957_0.8610415905611656_SIZE_1_1.0_1
GEN_25_FIT_0.861026336556185_0.8610326977848153_0.8610415905611656_SIZE_1_1.05_2
GEN_26_FIT_0.8610415905611656_0.8610415905611657_0.8610415905611656_SIZE_1_1.0_1
GEN_27_FIT_0.8610415905611656_0.8610416364152019_0.8610425076418944_SIZE_1_1.0_1
GEN_28_FIT_0.8610415905611656_0.8610416822692384_0.8610425076418944_SIZE_1_1.0_1
GEN_29_FIT_0.8610415905611656_0.8610418198313479_0.8610425076418944_SIZE_1_1.0_1
GEN_30_FIT_0.8610415905611656_0.8610420949555664_0.8610425076418944_SIZE_1_1.0_1
GEN_31_FIT_0.8610425076418944_0.8610425076418944_0.8610425076418944_SIZE_1_1.0_1
GEN_32_FIT_0.8610425076418944_0.8610425076418944_0.8610425076418944_SIZE_1_1.0_1
GEN_33_FIT_0.8610425076418944_0.8610425076418944_0.8610425076418944_SIZE_1_1.0_1
GEN_34_FIT_0.8610425076418944_0.8610425076418944_0.8610425076418944_SIZE_1_1.0_1
GEN_35_FIT_0.8610425076418944_0.8610425076418944_0.8610425076418944_SIZE_1_1.0_1
GEN_36_FIT_0.8610425076418944_0.8610425076418944_0.8610425076418944_SIZE_1_1.0_1
GEN_37_FIT_0.8610425076418944_0.8610425076418944_0.8610425076418944_SIZE_1_1.0_1
GEN_38_FIT_0.8610425076418944_0.8610425076418944_0.8610425076418944_SIZE_1_1.0_1
GEN_39_FIT_0.8610425076418944_0.8610425076418944_0.8610425076418944_SIZE_1_1.0_1
GEN_40_FIT_0.8610425076418944_0.8610425076418944_0.8610425076418944_SIZE_1_1.0_1
Evaluating in sample:
[GEN_40|make_tuple(1103, 0.001346790286023527)|0.8610]
Evaluating out-of-sample:
[GEN_40|make_tuple(1103, 0.001346790286023527)|0.9897]
GEN_41_FIT_0.8610425076418944_0.8610425076418944_0.8610425076418944_SIZE_1_1.0_1
GEN_42_FIT_0.8610425076418944_0.8610446499412143_0.861085353628295_SIZE_1_1.0_1
GEN_43_FIT_0.8610425076418944_0.8610489345398544_0.861085353628295_SIZE_1_1.0_1
GEN_44_FIT_0.8610425076418944_0.8610596460364546_0.861085353628295_SIZE_1_1.0_1
GEN_45_FIT_0.861085353628295_0.861085353628295_0.861085353628295_SIZE_1_1.0_1
GEN_46_FIT_0.861085353628295_0.861085353628295_0.861085353628295_SIZE_1_1.0_1
GEN_47_FIT_0.861085353628295_0.861085353628295_0.861085353628295_SIZE_1_1.0_1
GEN_48_FIT_0.861085353628295_0.861085353628295_0.861085353628295_SIZE_1_1.0_1
GEN_49_FIT_0.861085353628295_0.861085353628295_0.861085353628295_SIZE_1_1.0_1
GEN_50_FIT_0.861085353628295_0.861085353628295_0.861085353628295_SIZE_1_1.0_1
GEN_51_FIT_0.861085353628295_0.861085353628295_0.861085353628295_SIZE_1_1.0_1
GEN_52_FIT_0.861085353628295_0.861085353628295_0.861085353628295_SIZE_1_1.0_1
GEN_53_FIT_0.861085353628295_0.8610858321095144_0.8610949232526846_SIZE_1_1.0_1
GEN_54_FIT_0.861085353628295_0.8610867890719535_0.8610949232526846_SIZE_1_1.0_1
GEN_55_FIT_0.861085353628295_0.8610891814780508_0.8610949232526846_SIZE_1_1.0_1
GEN_56_FIT_0.8610949232526846_0.8610949232526846_0.8610949232526846_SIZE_1_1.0_1
GEN_57_FIT_0.8610949232526846_0.8610949232526846_0.8610949232526846_SIZE_1_1.0_1
GEN_58_FIT_0.8610949232526846_0.8610949232526846_0.8610949232526846_SIZE_1_1.0_1
GEN_59_FIT_0.8610949232526846_0.8610949232526846_0.8610949232526846_SIZE_1_1.0_1
GEN_60_FIT_0.8610949232526846_0.8610949232526846_0.8610949232526846_SIZE_1_1.0_1
Evaluating in sample:
[GEN_60|make_tuple(1103, 0.001341105452207767)|0.8611]
Evaluating out-of-sample:
[GEN_60|make_tuple(1103, 0.001341105452207767)|0.9897]
GEN_61_FIT_0.8610949232526846_0.8610949232526846_0.8610949232526846_SIZE_1_1.0_1
GEN_62_FIT_0.8610949232526846_0.8610949232526846_0.8610949232526846_SIZE_1_1.0_1
GEN_63_FIT_0.8610949232526846_0.8610949232526846_0.8610949232526846_SIZE_1_1.0_1
GEN_64_FIT_0.8610949232526846_0.8610949232526846_0.8610949232526846_SIZE_1_1.0_1
GEN_65_FIT_0.8610949232526846_0.8610949232526846_0.8610949232526846_SIZE_1_1.0_1
GEN_66_FIT_0.8610949232526846_0.8610949232526846_0.8610949232526846_SIZE_1_1.0_1
GEN_67_FIT_0.8610949232526846_0.8610949232526846_0.8610949232526846_SIZE_1_1.0_1
GEN_68_FIT_0.8610949232526846_0.8610949232526846_0.8610949232526846_SIZE_1_1.0_1
GEN_69_FIT_0.8610949232526846_0.8610949232526846_0.8610949232526846_SIZE_1_1.0_1
GEN_70_FIT_0.8610949232526846_0.8610949232526846_0.8610949232526846_SIZE_1_1.0_1
GEN_71_FIT_0.8610949232526846_0.8610949232526846_0.8610949232526846_SIZE_1_1.0_1
GEN_72_FIT_0.8610949232526846_0.8610949232526846_0.8610949232526846_SIZE_1_1.0_1
GEN_73_FIT_0.8610949232526846_0.8610949232526846_0.8610949232526846_SIZE_1_1.0_1
GEN_74_FIT_0.8610949232526846_0.8610949232526846_0.8610949232526846_SIZE_1_1.0_1
Evaluating in sample:
[GEN_74|make_tuple(1103, 0.001341105452207767)|0.8611]
Evaluating out-of-sample:
[GEN_74|make_tuple(1103, 0.001341105452207767)|0.9897]
Stopped early in iteration 74, no improvement in 20 gens.
START_TASK: 18
GEN_0_FIT_0.7923160290143856_0.8333298361063038_0.8571773114808066_SIZE_1_1.9_7
GEN_1_FIT_0.8512535425429741_0.8552081450234368_0.8585374871609703_SIZE_1_1.35_5
GEN_2_FIT_0.8575474775542704_0.8586908409856736_0.8594464305142786_SIZE_1_1.1_2
GEN_3_FIT_0.859100078326661_0.8594503981130275_0.8598404448043542_SIZE_1_1.1_2
GEN_4_FIT_0.8595787318986028_0.8596835334982977_0.8602579235140948_SIZE_1_1.3_2
GEN_5_FIT_0.8596520249387078_0.8598546163268426_0.8602579235140948_SIZE_1_1.4_3
GEN_6_FIT_0.8598864046184992_0.8601561631635362_0.860450697460362_SIZE_1_1.6_3
GEN_7_FIT_0.8602534912870942_0.8602853408531924_0.860450697460362_SIZE_1_1.15_2
GEN_8_FIT_0.8603162540079076_0.8604095599944379_0.8606309355796341_SIZE_1_1.2_3
GEN_9_FIT_0.8604519640530369_0.8605084517156204_0.8606309355796341_SIZE_1_1.1_2
GEN_10_FIT_0.8605259766468103_0.8606192874147011_0.8608302962712826_SIZE_1_1.35_3
GEN_11_FIT_0.8606309355796341_0.8607172372568203_0.861032548458356_SIZE_1_1.25_2
GEN_12_FIT_0.8607311534512561_0.8608562917946653_0.861032548458356_SIZE_1_1.55_2
GEN_13_FIT_0.8608683609801128_0.8609974598921596_0.8612555316782041_SIZE_1_1.75_3
GEN_14_FIT_0.861011750859759_0.8610846233063671_0.8612555316782041_SIZE_1_1.6_2
GEN_15_FIT_0.8610765718954363_0.861214596821147_0.8612555316782041_SIZE_1_1.15_2
GEN_16_FIT_0.8612555316782041_0.8612555316782041_0.8612555316782041_SIZE_1_1.0_1
GEN_17_FIT_0.8612555316782041_0.8612555316782041_0.8612555316782041_SIZE_1_1.0_1
GEN_18_FIT_0.8612555316782041_0.8612555450355807_0.8612557988257364_SIZE_1_1.0_1
GEN_19_FIT_0.8612555316782041_0.8612555583929572_0.8612557988257364_SIZE_1_1.0_1
GEN_20_FIT_0.8612555316782041_0.8612555851077104_0.8612557988257364_SIZE_1_1.0_1
Evaluating in sample:
[GEN_20|make_tuple(1103, 0.0013372078774500603)|0.8613]
Evaluating out-of-sample:
[GEN_20|make_tuple(1103, 0.0013372078774500603)|0.9718]
GEN_21_FIT_0.8612555316782041_0.8612556919667235_0.8612557988257364_SIZE_1_1.1_2
GEN_22_FIT_0.8612557988257364_0.8612557988257364_0.8612557988257364_SIZE_1_1.0_1
GEN_23_FIT_0.8612557988257364_0.8612557988257364_0.8612557988257364_SIZE_1_1.0_1
GEN_24_FIT_0.8612557988257364_0.8612557988257364_0.8612557988257364_SIZE_1_1.0_1
GEN_25_FIT_0.8612557988257364_0.8612557988257364_0.8612557988257364_SIZE_1_1.0_1
GEN_26_FIT_0.8612557988257364_0.8612558126458947_0.8612560752288968_SIZE_1_1.0_1
GEN_27_FIT_0.8612557988257364_0.8612558264660526_0.8612560752288968_SIZE_1_1.0_1
GEN_28_FIT_0.8612557988257364_0.8612558264660526_0.8612560752288968_SIZE_1_1.0_1
GEN_29_FIT_0.8612557988257364_0.8612558402862106_0.8612560752288968_SIZE_1_1.0_1
GEN_30_FIT_0.8612557988257364_0.8612559232071588_0.8612560752288968_SIZE_1_1.0_1
GEN_31_FIT_0.8612560752288968_0.8612560752288967_0.8612560752288968_SIZE_1_1.0_1
GEN_32_FIT_0.8612560752288968_0.8612560752288967_0.8612560752288968_SIZE_1_1.0_1
GEN_33_FIT_0.8612560752288968_0.8612560752288967_0.8612560752288968_SIZE_1_1.0_1
GEN_34_FIT_0.8612560752288968_0.8612560752288967_0.8612560752288968_SIZE_1_1.0_1
GEN_35_FIT_0.8612560752288968_0.8612560752288967_0.8612560752288968_SIZE_1_1.0_1
GEN_36_FIT_0.8612560752288968_0.8612560752288967_0.8612560752288968_SIZE_1_1.0_1
GEN_37_FIT_0.8612560752288968_0.8612560752288967_0.8612560752288968_SIZE_1_1.0_1
GEN_38_FIT_0.8612560752288968_0.8612560752288967_0.8612560752288968_SIZE_1_1.0_1
GEN_39_FIT_0.8612560752288968_0.8612560752288967_0.8612560752288968_SIZE_1_1.0_1
GEN_40_FIT_0.8612560752288968_0.8612560752288967_0.8612560752288968_SIZE_1_1.0_1
Evaluating in sample:
[GEN_40|make_tuple(1103, 0.0013383078940602828)|0.8613]
Evaluating out-of-sample:
[GEN_40|make_tuple(1103, 0.0013383078940602828)|0.9718]
GEN_41_FIT_0.8612560752288968_0.8612560752288967_0.8612560752288968_SIZE_1_1.0_1
GEN_42_FIT_0.8612560752288968_0.8612560752288967_0.8612560752288968_SIZE_1_1.0_1
GEN_43_FIT_0.8612560752288968_0.8612560752288967_0.8612560752288968_SIZE_1_1.0_1
GEN_44_FIT_0.8612560752288968_0.8612560752288967_0.8612560752288968_SIZE_1_1.0_1
GEN_45_FIT_0.8612560752288968_0.8612560752288967_0.8612560752288968_SIZE_1_1.0_1
GEN_46_FIT_0.8612560752288968_0.8612560752288967_0.8612560752288968_SIZE_1_1.0_1
GEN_47_FIT_0.8612560752288968_0.8612560752288967_0.8612560752288968_SIZE_1_1.0_1
Evaluating in sample:
[GEN_47|make_tuple(1103, 0.0013383078940602828)|0.8613]
Evaluating out-of-sample:
[GEN_47|make_tuple(1103, 0.0013383078940602828)|0.9718]
Stopped early in iteration 47, no improvement in 20 gens.
START_TASK: 22
GEN_0_FIT_0.7557347564842777_0.8252203298316507_0.8565246333836685_SIZE_1_2.7_7
GEN_1_FIT_0.8493639313554221_0.8541330832922929_0.858139828381194_SIZE_1_3.45_7
GEN_2_FIT_0.8561031376809465_0.8572787067665729_0.8594586674464921_SIZE_1_2.05_6
GEN_3_FIT_0.8580812194310716_0.8584247478159369_0.8602463847496437_SIZE_1_1.55_6
GEN_4_FIT_0.8584405703586986_0.8596420478235572_0.8604815694212157_SIZE_1_2.8_7
GEN_5_FIT_0.8599429558998737_0.8602401782162493_0.8605674511922698_SIZE_1_1.05_2
GEN_6_FIT_0.860303073690418_0.8604592745931366_0.8607379645157573_SIZE_1_1.0_1
GEN_7_FIT_0.8604987551958888_0.8606367726556042_0.8608309879950138_SIZE_1_1.05_2
GEN_8_FIT_0.8606971136637444_0.860783920677263_0.86094570521876_SIZE_1_1.2_2
GEN_9_FIT_0.8608206813898807_0.8608544921167578_0.86094570521876_SIZE_1_1.3_2
GEN_10_FIT_0.8608615142350926_0.8609275060094094_0.8612024920714695_SIZE_1_1.1_2
GEN_11_FIT_0.86094570521876_0.8610216451422075_0.8612630252824414_SIZE_1_1.15_2
GEN_12_FIT_0.8609752715502303_0.8610929987441402_0.8612630252824414_SIZE_1_1.15_2
GEN_13_FIT_0.8612024920714695_0.8612418386586013_0.8612630252824414_SIZE_1_1.1_2
GEN_14_FIT_0.8612630252824414_0.8612630252824414_0.8612630252824414_SIZE_1_1.0_1
GEN_15_FIT_0.8612630252824414_0.8612630252824414_0.8612630252824414_SIZE_1_1.0_1
GEN_16_FIT_0.8612630252824414_0.8612630252824414_0.8612630252824414_SIZE_1_1.0_1
GEN_17_FIT_0.8612630252824414_0.8612630342933955_0.8612632055015217_SIZE_1_1.0_1
GEN_18_FIT_0.8612630252824414_0.8612630703372114_0.8612632055015217_SIZE_1_1.05_2
GEN_19_FIT_0.8612630252824414_0.8612631784686595_0.8612632055015217_SIZE_1_1.1_2
GEN_20_FIT_0.8612632055015217_0.8612638651983133_0.8612744490800508_SIZE_1_1.05_2
Evaluating in sample:
[GEN_20|make_tuple(1103, 0.0013383231983202638)|0.8613]
[GEN_20|make_tuple(1103, min(0.0013411208017277678, 1))|0.8613]
Evaluating out-of-sample:
[GEN_20|make_tuple(1103, 0.0013383231983202638)|0.9709]
[GEN_20|make_tuple(1103, min(0.0013411208017277678, 1))|0.9709]
GEN_21_FIT_0.8612632055015217_0.8612657467708227_0.8612744490800508_SIZE_1_1.2_2
GEN_22_FIT_0.8612651558588215_0.861271661113682_0.8612744490800508_SIZE_1_1.6_2
GEN_23_FIT_0.8612651558588215_0.8612735197579278_0.8612744490800508_SIZE_1_1.45_2
GEN_24_FIT_0.8612744490800508_0.8612744490800507_0.8612744490800508_SIZE_1_1.0_1
GEN_25_FIT_0.8612744490800508_0.8612744490800507_0.8612744490800508_SIZE_1_1.0_1
GEN_26_FIT_0.8612744490800508_0.8612744490800507_0.8612744490800508_SIZE_1_1.0_1
GEN_27_FIT_0.8612744490800508_0.8612744490800507_0.8612744490800508_SIZE_1_1.0_1
GEN_28_FIT_0.8612744490800508_0.8612744490800507_0.8612744490800508_SIZE_1_1.0_1
GEN_29_FIT_0.8612744490800508_0.8612744490800507_0.8612744490800508_SIZE_1_1.0_1
GEN_30_FIT_0.8612744490800508_0.8612744490800507_0.8612744490800508_SIZE_1_1.0_1
GEN_31_FIT_0.8612744490800508_0.8612744490800507_0.8612744490800508_SIZE_1_1.0_1
GEN_32_FIT_0.8612744490800508_0.8612744490800507_0.8612744490800508_SIZE_1_1.0_1
GEN_33_FIT_0.8612744490800508_0.8612744490800507_0.8612744490800508_SIZE_1_1.0_1
GEN_34_FIT_0.8612744490800508_0.8612744490800507_0.8612744490800508_SIZE_1_1.0_1
GEN_35_FIT_0.8612744490800508_0.8612744490800507_0.8612744490800508_SIZE_1_1.0_1
GEN_36_FIT_0.8612744490800508_0.8612744490800507_0.8612744490800508_SIZE_1_1.0_1
GEN_37_FIT_0.8612744490800508_0.8612744490800507_0.8612744490800508_SIZE_1_1.0_1
GEN_38_FIT_0.8612744490800508_0.8612744490800507_0.8612744490800508_SIZE_1_1.0_1
GEN_39_FIT_0.8612744490800508_0.8612744490800507_0.8612744490800508_SIZE_1_1.0_1
GEN_40_FIT_0.8612744490800508_0.8612744490800507_0.8612744490800508_SIZE_1_1.0_1
Evaluating in sample:
[GEN_40|make_tuple(1103, 0.0013411208017277678)|0.8613]
Evaluating out-of-sample:
[GEN_40|make_tuple(1103, 0.0013411208017277678)|0.9709]
GEN_41_FIT_0.8612744490800508_0.8612744490800507_0.8612744490800508_SIZE_1_1.0_1
GEN_42_FIT_0.8612744490800508_0.8612744490800507_0.8612744490800508_SIZE_1_1.0_1
GEN_43_FIT_0.8612744490800508_0.8612744490800507_0.8612744490800508_SIZE_1_1.0_1
Evaluating in sample:
[GEN_43|make_tuple(1103, 0.0013411208017277678)|0.8613]
Evaluating out-of-sample:
[GEN_43|make_tuple(1103, 0.0013411208017277678)|0.9709]
Stopped early in iteration 43, no improvement in 20 gens.
START_TASK: 23
GEN_0_FIT_0.7858265260187268_0.8375645834423432_0.8582885648807264_SIZE_1_2.2_7
GEN_1_FIT_0.8487968460077441_0.8569695303265796_0.8599760054447064_SIZE_1_3.5_7
GEN_2_FIT_0.8582885648807264_0.8590949015169016_0.8599978896196904_SIZE_1_1.7_4
GEN_3_FIT_0.859229190784942_0.8596967610210313_0.8599978896196904_SIZE_1_1.15_2
GEN_4_FIT_0.8599760054447064_0.859997427438295_0.8601904193274957_SIZE_1_1.15_2
GEN_5_FIT_0.8599966856794758_0.8600727544036204_0.8604810850389701_SIZE_1_1.2_2
GEN_6_FIT_0.8599978896196904_0.8602206665043337_0.8604810850389701_SIZE_1_1.2_2
GEN_7_FIT_0.8602875283637363_0.8604446322161732_0.8605994934658089_SIZE_1_1.25_2
GEN_8_FIT_0.8604810850389701_0.8605319685529895_0.8605994934658089_SIZE_1_1.35_2
GEN_9_FIT_0.8605224032955289_0.8605689886320265_0.8605994934658089_SIZE_1_1.15_2
GEN_10_FIT_0.8605994934658089_0.8606094187901278_0.8607979999521854_SIZE_1_1.05_2
GEN_11_FIT_0.8605994934658089_0.8606292694387655_0.8607979999521854_SIZE_1_1.05_2
GEN_12_FIT_0.8605994934658089_0.8606391947630841_0.8607979999521854_SIZE_1_1.1_2
GEN_13_FIT_0.8605994934658089_0.8606590454117219_0.8607979999521854_SIZE_1_1.1_2
GEN_14_FIT_0.8605994934658089_0.8606740529660554_0.8608996445524777_SIZE_1_1.1_2
GEN_15_FIT_0.8605994934658089_0.8607526159188703_0.8608996445524777_SIZE_1_1.25_2
GEN_16_FIT_0.8607979999521854_0.8608525652002346_0.8610592186903215_SIZE_1_1.05_2
GEN_17_FIT_0.8608996445524777_0.8609627312367479_0.8611041931939142_SIZE_1_1.25_2
GEN_18_FIT_0.8609356358846595_0.8610337867525889_0.8611041931939142_SIZE_1_1.1_2
GEN_19_FIT_0.8610592186903215_0.861077774462335_0.8611055596324763_SIZE_1_1.0_1
GEN_20_FIT_0.8610682367057402_0.8611073029325558_0.861198245139236_SIZE_1_1.05_2
Evaluating in sample:
[GEN_20|make_tuple(772, 0.0010334638442983267)|0.8612]
Evaluating out-of-sample:
[GEN_20|make_tuple(772, 0.0010334638442983267)|0.8992]
GEN_21_FIT_0.8611041931939142_0.8611223384613215_0.861198245139236_SIZE_1_1.0_1
GEN_22_FIT_0.8611055596324763_0.861165613163065_0.8613156615343291_SIZE_1_1.05_2
GEN_23_FIT_0.8611979270794325_0.8612223967801096_0.8613156855667341_SIZE_1_1.0_1
GEN_24_FIT_0.861198245139236_0.8612835360163382_0.8613329942752046_SIZE_1_1.05_2
GEN_25_FIT_0.8613156615343291_0.8613273711965836_0.861472117528836_SIZE_1_1.1_2
GEN_26_FIT_0.8613156855667341_0.8613581513770647_0.861472141561241_SIZE_1_1.2_2
GEN_27_FIT_0.8613413044326652_0.8614669595166298_0.8615540313268755_SIZE_1_1.05_2
GEN_28_FIT_0.861472141561241_0.8614940332626192_0.8615540313268755_SIZE_1_1.0_1
GEN_29_FIT_0.8614978656431848_0.8615438863177876_0.8615540313268755_SIZE_1_1.05_2
GEN_30_FIT_0.8615483812901542_0.8615513526314231_0.861572444666121_SIZE_1_1.0_1
GEN_31_FIT_0.8615483812901542_0.8615548889763641_0.861572444666121_SIZE_1_1.05_2
GEN_32_FIT_0.8615540313268755_0.8615650793304228_0.861572444666121_SIZE_1_1.1_2
GEN_33_FIT_0.861572444666121_0.8615749871826457_0.8615780947028425_SIZE_1_1.1_2
GEN_34_FIT_0.8615780947028425_0.8615780947028424_0.8615780947028425_SIZE_1_1.0_1
GEN_35_FIT_0.8615780947028425_0.8615780947028424_0.8615780947028425_SIZE_1_1.0_1
GEN_36_FIT_0.8615780947028425_0.8615780947028424_0.8615780947028425_SIZE_1_1.0_1
GEN_37_FIT_0.8615780947028425_0.8615780947028424_0.8615780947028425_SIZE_1_1.0_1
GEN_38_FIT_0.8615780947028425_0.8615780947028424_0.8615780947028425_SIZE_1_1.0_1
GEN_39_FIT_0.8615780947028425_0.8615780947028424_0.8615780947028425_SIZE_1_1.0_1
GEN_40_FIT_0.8615780947028425_0.8615780947028424_0.8615780947028425_SIZE_1_1.0_1
Evaluating in sample:
[GEN_40|make_tuple(1073, 0.001046210454462858)|0.8616]
Evaluating out-of-sample:
[GEN_40|make_tuple(1073, 0.001046210454462858)|0.9158]
GEN_41_FIT_0.8615780947028425_0.8615780947028424_0.8615780947028425_SIZE_1_1.0_1
GEN_42_FIT_0.8615780947028425_0.8615780947028424_0.8615780947028425_SIZE_1_1.0_1
GEN_43_FIT_0.8615780947028425_0.8615780947028424_0.8615780947028425_SIZE_1_1.0_1
GEN_44_FIT_0.8615780947028425_0.8615780947028424_0.8615780947028425_SIZE_1_1.0_1
GEN_45_FIT_0.8615780947028425_0.8615780947028424_0.8615780947028425_SIZE_1_1.0_1
GEN_46_FIT_0.8615780947028425_0.8615780947028424_0.8615780947028425_SIZE_1_1.0_1
GEN_47_FIT_0.8615780947028425_0.8615780947028424_0.8615780947028425_SIZE_1_1.0_1
GEN_48_FIT_0.8615780947028425_0.8615780947028424_0.8615780947028425_SIZE_1_1.0_1
GEN_49_FIT_0.8615780947028425_0.8615780947028424_0.8615780947028425_SIZE_1_1.0_1
GEN_50_FIT_0.8615780947028425_0.8615780947028424_0.8615780947028425_SIZE_1_1.0_1
GEN_51_FIT_0.8615780947028425_0.8615780947028424_0.8615780947028425_SIZE_1_1.0_1
GEN_52_FIT_0.8615780947028425_0.8615780947028424_0.8615780947028425_SIZE_1_1.0_1
GEN_53_FIT_0.8615780947028425_0.8615780947028424_0.8615780947028425_SIZE_1_1.0_1
GEN_54_FIT_0.8615780947028425_0.8615780947028424_0.8615780947028425_SIZE_1_1.0_1
Evaluating in sample:
[GEN_54|make_tuple(1073, 0.001046210454462858)|0.8616]
Evaluating out-of-sample:
[GEN_54|make_tuple(1073, 0.001046210454462858)|0.9158]
Stopped early in iteration 54, no improvement in 20 gens.
START_TASK: 24
GEN_0_FIT_0.7700253214860648_0.8258277520585976_0.8550935098569727_SIZE_1_1.8_7
GEN_1_FIT_0.8467487078569922_0.8516118150858718_0.8561355157712902_SIZE_1_1.65_3
GEN_2_FIT_0.8552244975298976_0.8562866126896527_0.8579696682865232_SIZE_1_2.15_4
GEN_3_FIT_0.8571158044799176_0.8574582245413905_0.858235200156165_SIZE_1_1.8_3
GEN_4_FIT_0.8574341986290128_0.858297151788952_0.859530366362876_SIZE_1_1.55_3
GEN_5_FIT_0.8587239671548462_0.8591307167339093_0.8598678849723169_SIZE_1_1.05_2
GEN_6_FIT_0.8592060868695712_0.8596707613591252_0.8600983592671744_SIZE_1_1.55_3
GEN_7_FIT_0.8597559481911783_0.8599679220549348_0.8601994099893231_SIZE_1_1.65_3
GEN_8_FIT_0.8599956841565606_0.8601152047139576_0.8602366436505497_SIZE_1_1.5_2
GEN_9_FIT_0.8600983592671744_0.8601904275288469_0.8602366436505497_SIZE_1_1.35_2
GEN_10_FIT_0.8602004116232231_0.8602710594638386_0.8604902370906938_SIZE_1_1.4_2
GEN_11_FIT_0.8602366436505497_0.8603905759253541_0.8605109463935282_SIZE_1_1.0_1
GEN_12_FIT_0.8604902370906938_0.8605250809430374_0.8606751194270945_SIZE_1_1.0_1
GEN_13_FIT_0.8605109463935282_0.860595124324861_0.8607631162614104_SIZE_1_1.2_2
GEN_14_FIT_0.8606430818707221_0.8606860551643611_0.8607631162614104_SIZE_1_1.0_1
GEN_15_FIT_0.8606751194270945_0.8607226796496292_0.8608222660438536_SIZE_1_1.05_2
GEN_16_FIT_0.8607631162614104_0.8607784415887323_0.8608222660438536_SIZE_1_1.0_1
GEN_17_FIT_0.8607631162614104_0.8608144141419846_0.8609878537984599_SIZE_1_1.05_2
GEN_18_FIT_0.8608101680067989_0.860844079697781_0.8609878537984599_SIZE_1_1.05_2
GEN_19_FIT_0.8608222660438536_0.8608784470954219_0.8609878537984599_SIZE_1_1.0_1
GEN_20_FIT_0.8609437340201384_0.8609834418206276_0.8609878537984599_SIZE_1_1.2_2
Evaluating in sample:
[GEN_20|make_tuple(1103, 0.0013372390069304363)|0.8610]
Evaluating out-of-sample:
[GEN_20|make_tuple(1103, 0.0013372390069304363)|1.0000]
GEN_21_FIT_0.8609878537984599_0.8609878537984598_0.8609878537984599_SIZE_1_1.0_1
GEN_22_FIT_0.8609878537984599_0.8609878537984598_0.8609878537984599_SIZE_1_1.0_1
GEN_23_FIT_0.8609878537984599_0.8609878537984598_0.8609878537984599_SIZE_1_1.0_1
GEN_24_FIT_0.8609878537984599_0.8609878537984598_0.8609878537984599_SIZE_1_1.0_1
GEN_25_FIT_0.8609878537984599_0.8609878537984598_0.8609878537984599_SIZE_1_1.0_1
GEN_26_FIT_0.8609878537984599_0.8609878537984598_0.8609878537984599_SIZE_1_1.0_1
GEN_27_FIT_0.8609878537984599_0.8609878537984598_0.8609878537984599_SIZE_1_1.0_1
GEN_28_FIT_0.8609878537984599_0.8609878537984598_0.8609878537984599_SIZE_1_1.0_1
GEN_29_FIT_0.8609878537984599_0.8609878537984598_0.8609878537984599_SIZE_1_1.0_1
GEN_30_FIT_0.8609878537984599_0.8609878537984598_0.8609878537984599_SIZE_1_1.0_1
GEN_31_FIT_0.8609878537984599_0.8609878537984598_0.8609878537984599_SIZE_1_1.0_1
GEN_32_FIT_0.8609878537984599_0.8609878537984598_0.8609878537984599_SIZE_1_1.0_1
GEN_33_FIT_0.8609878537984599_0.8609878537984598_0.8609878537984599_SIZE_1_1.0_1
GEN_34_FIT_0.8609878537984599_0.8609878537984598_0.8609878537984599_SIZE_1_1.0_1
GEN_35_FIT_0.8609878537984599_0.8609878537984598_0.8609878537984599_SIZE_1_1.0_1
GEN_36_FIT_0.8609878537984599_0.8609878537984598_0.8609878537984599_SIZE_1_1.0_1
GEN_37_FIT_0.8609878537984599_0.8609878537984598_0.8609878537984599_SIZE_1_1.0_1
GEN_38_FIT_0.8609878537984599_0.8609878537984598_0.8609878537984599_SIZE_1_1.0_1
Evaluating in sample:
[GEN_38|make_tuple(1103, 0.0013372390069304363)|0.8610]
Evaluating out-of-sample:
[GEN_38|make_tuple(1103, 0.0013372390069304363)|1.0000]
Stopped early in iteration 38, no improvement in 20 gens.
START_TASK: 2073
GEN_0_FIT_0.7396676660093606_0.8299524106513315_0.860095864396932_SIZE_1_3.15_9
GEN_1_FIT_0.8502737329594132_0.8559375067958424_0.8601350409876036_SIZE_1_3.0_8
GEN_2_FIT_0.8571661584110455_0.8592185508463676_0.8601408696256452_SIZE_1_2.75_5
GEN_3_FIT_0.8583387568888453_0.859665585603041_0.860502036634754_SIZE_1_2.4_4
GEN_4_FIT_0.8593364512113315_0.8600705123282573_0.860502036634754_SIZE_1_2.4_4
GEN_5_FIT_0.8595089216504044_0.8601180845329297_0.860674666507345_SIZE_1_2.0_4
GEN_6_FIT_0.8593944168552121_0.8602160678550751_0.8610261194740642_SIZE_1_2.05_3
GEN_7_FIT_0.8598813671847404_0.860478702230027_0.8610261194740642_SIZE_1_2.3_3
GEN_8_FIT_0.8600897564391096_0.860660837008868_0.8610338655639228_SIZE_1_2.5_4
GEN_9_FIT_0.8601248300703006_0.8607083509252067_0.8612595158961202_SIZE_1_2.0_4
GEN_10_FIT_0.860322697164693_0.860850354442211_0.8612595158961202_SIZE_1_1.55_3
GEN_11_FIT_0.861013958730128_0.861185242331285_0.8612923522531852_SIZE_1_1.7_3
GEN_12_FIT_0.8611754187828314_0.8612515087802077_0.8612923522531852_SIZE_1_1.55_2
GEN_13_FIT_0.8612165056514_0.8612732138273334_0.8612923522531852_SIZE_1_1.4_2
GEN_14_FIT_0.8612656405136642_0.8612859663640343_0.8612923522531852_SIZE_1_1.35_2
GEN_15_FIT_0.8612923522531852_0.8612931792670453_0.8613006223917871_SIZE_1_1.05_2
GEN_16_FIT_0.8612923522531852_0.8612944197878356_0.8613006223917871_SIZE_1_1.1_2
GEN_17_FIT_0.8612923522531852_0.8612973143363462_0.8613006223917871_SIZE_1_1.1_2
GEN_18_FIT_0.8613006223917871_0.8613006223917872_0.8613006223917871_SIZE_1_1.0_1
GEN_19_FIT_0.8613006223917871_0.8613006223917872_0.8613006223917871_SIZE_1_1.0_1
GEN_20_FIT_0.8613006223917871_0.8613006223917872_0.8613006223917871_SIZE_1_1.0_1
Evaluating in sample:
[GEN_20|make_tuple(1108, 0.0013378480803928306)|0.8613]
Evaluating out-of-sample:
[GEN_20|make_tuple(1108, 0.0013378480803928306)|0.9454]
GEN_21_FIT_0.8613006223917871_0.8613006223917872_0.8613006223917871_SIZE_1_1.0_1
GEN_22_FIT_0.8613006223917871_0.8613006223917872_0.8613006223917871_SIZE_1_1.0_1
GEN_23_FIT_0.8613006223917871_0.8613039417201808_0.8613670089596571_SIZE_1_1.0_1
GEN_24_FIT_0.8613006223917871_0.8613105803769677_0.8613670089596571_SIZE_1_1.0_1
GEN_25_FIT_0.8613006223917871_0.8613268381810585_0.8613670089596571_SIZE_1_1.0_1
GEN_26_FIT_0.8613602322021201_0.8613653147702729_0.8613670089596571_SIZE_1_1.0_1
GEN_27_FIT_0.8613670089596571_0.8613670089596571_0.8613670089596571_SIZE_1_1.0_1
GEN_28_FIT_0.8613670089596571_0.8613697720161083_0.8614222700886807_SIZE_1_1.0_1
GEN_29_FIT_0.8613670089596571_0.8613697720161083_0.8614222700886807_SIZE_1_1.0_1
GEN_30_FIT_0.8613670089596571_0.8613808242419131_0.8614222700886807_SIZE_1_1.0_1
GEN_31_FIT_0.8613670089596571_0.86139740258062_0.8614222700886807_SIZE_1_1.05_2
GEN_32_FIT_0.8614222700886807_0.8614222700886808_0.8614222700886807_SIZE_1_1.0_1
GEN_33_FIT_0.8614222700886807_0.8614222700886808_0.8614222700886807_SIZE_1_1.0_1
GEN_34_FIT_0.8614222700886807_0.8614222700886808_0.8614222700886807_SIZE_1_1.0_1
GEN_35_FIT_0.8614222700886807_0.8614222700886808_0.8614222700886807_SIZE_1_1.0_1
GEN_36_FIT_0.8614222700886807_0.8614222700886808_0.8614222700886807_SIZE_1_1.0_1
GEN_37_FIT_0.8614222700886807_0.8614222700886808_0.8614222700886807_SIZE_1_1.0_1
GEN_38_FIT_0.8614222700886807_0.8614222839088388_0.861422546491841_SIZE_1_1.0_1
GEN_39_FIT_0.8614222700886807_0.8614223115491548_0.861422546491841_SIZE_1_1.0_1
GEN_40_FIT_0.8614222700886807_0.861422353009629_0.861422546491841_SIZE_1_1.0_1
Evaluating in sample:
[GEN_40|make_tuple(1234, 0.001338702674905075)|0.8614]
Evaluating out-of-sample:
[GEN_40|make_tuple(1234, 0.001338702674905075)|0.9422]
GEN_41_FIT_0.8614222700886807_0.861422477391051_0.861422546491841_SIZE_1_1.05_2
GEN_42_FIT_0.861422546491841_0.861422546491841_0.861422546491841_SIZE_1_1.0_1
GEN_43_FIT_0.861422546491841_0.861422546491841_0.861422546491841_SIZE_1_1.0_1
GEN_44_FIT_0.861422546491841_0.861422546491841_0.861422546491841_SIZE_1_1.0_1
GEN_45_FIT_0.861422546491841_0.861422546491841_0.861422546491841_SIZE_1_1.0_1
GEN_46_FIT_0.861422546491841_0.861422546491841_0.861422546491841_SIZE_1_1.0_1
GEN_47_FIT_0.861422546491841_0.861422546491841_0.861422546491841_SIZE_1_1.0_1
GEN_48_FIT_0.861422546491841_0.861422546491841_0.861422546491841_SIZE_1_1.0_1
GEN_49_FIT_0.861422546491841_0.861422546491841_0.861422546491841_SIZE_1_1.0_1
GEN_50_FIT_0.861422546491841_0.861422546491841_0.861422546491841_SIZE_1_1.0_1
GEN_51_FIT_0.861422546491841_0.8614268133839131_0.8615078843332806_SIZE_1_1.0_1
GEN_52_FIT_0.861422546491841_0.861439614060129_0.8615078843332806_SIZE_1_1.0_1
GEN_53_FIT_0.861422546491841_0.8614822829808487_0.8615078843332806_SIZE_1_1.0_1
GEN_54_FIT_0.8615078843332806_0.8615078843332806_0.8615078843332806_SIZE_1_1.0_1
GEN_55_FIT_0.8615078843332806_0.8615078843332806_0.8615078843332806_SIZE_1_1.0_1
GEN_56_FIT_0.8615078843332806_0.8615078843332806_0.8615078843332806_SIZE_1_1.0_1
GEN_57_FIT_0.8615078843332806_0.8615078843332806_0.8615078843332806_SIZE_1_1.0_1
GEN_58_FIT_0.8615078843332806_0.8615078843332806_0.8615078843332806_SIZE_1_1.0_1
GEN_59_FIT_0.8615078843332806_0.8615078843332806_0.8615078843332806_SIZE_1_1.0_1
GEN_60_FIT_0.8615078843332806_0.8615078843332806_0.8615078843332806_SIZE_1_1.0_1
Evaluating in sample:
[GEN_60|make_tuple(1103, 0.001338702674905075)|0.8615]
Evaluating out-of-sample:
[GEN_60|make_tuple(1103, 0.001338702674905075)|0.9454]
GEN_61_FIT_0.8615078843332806_0.8615082539949379_0.8615152775664243_SIZE_1_1.0_1
GEN_62_FIT_0.8615078843332806_0.8615086236565951_0.8615152775664243_SIZE_1_1.05_2
GEN_63_FIT_0.8615078843332806_0.8615093629799094_0.8615152775664243_SIZE_1_1.1_2
GEN_64_FIT_0.8615078843332806_0.8615104719648808_0.8615152775664243_SIZE_1_1.1_2
GEN_65_FIT_0.8615078843332806_0.8615137989197956_0.8615152775664243_SIZE_1_1.1_2
GEN_66_FIT_0.8615152775664243_0.8615152775664244_0.8615152775664243_SIZE_1_1.0_1
GEN_67_FIT_0.8615152775664243_0.8615152775664244_0.8615152775664243_SIZE_1_1.0_1
GEN_68_FIT_0.8615152775664243_0.8615152775664244_0.8615152775664243_SIZE_1_1.0_1
GEN_69_FIT_0.8615152775664243_0.8615152775664244_0.8615152775664243_SIZE_1_1.0_1
GEN_70_FIT_0.8615152775664243_0.8615152775664244_0.8615152775664243_SIZE_1_1.0_1
GEN_71_FIT_0.8615152775664243_0.8615152775664244_0.8615152775664243_SIZE_1_1.0_1
GEN_72_FIT_0.8615152775664243_0.861515301903246_0.8615157643028565_SIZE_1_1.0_1
GEN_73_FIT_0.8615152775664243_0.8615153505768891_0.8615157643028565_SIZE_1_1.0_1
GEN_74_FIT_0.8615152775664243_0.8615155452714621_0.8615157643028565_SIZE_1_1.05_2
GEN_75_FIT_0.8615157643028565_0.8615157643028566_0.8615157643028565_SIZE_1_1.0_1
GEN_76_FIT_0.8615157643028565_0.8615157643028566_0.8615157643028565_SIZE_1_1.0_1
GEN_77_FIT_0.8615157643028565_0.8615157643028566_0.8615157643028565_SIZE_1_1.0_1
GEN_78_FIT_0.8615157643028565_0.8615157643028566_0.8615157643028565_SIZE_1_1.0_1
GEN_79_FIT_0.8615157643028565_0.8615157643028566_0.8615157643028565_SIZE_1_1.0_1
GEN_80_FIT_0.8615157643028565_0.8615157643028566_0.8615157643028565_SIZE_1_1.0_1
Evaluating in sample:
[GEN_80|make_tuple(1103, 0.001340858646333842)|0.8615]
Evaluating out-of-sample:
[GEN_80|make_tuple(1103, 0.001340858646333842)|0.9454]
GEN_81_FIT_0.8615157643028565_0.8615157643028566_0.8615157643028565_SIZE_1_1.0_1
GEN_82_FIT_0.8615157643028565_0.8615157643028566_0.8615157643028565_SIZE_1_1.0_1
GEN_83_FIT_0.8615157643028565_0.8615157643028566_0.8615157643028565_SIZE_1_1.0_1
GEN_84_FIT_0.8615157643028565_0.8615157643028566_0.8615157643028565_SIZE_1_1.0_1
GEN_85_FIT_0.8615157643028565_0.8615157643028566_0.8615157643028565_SIZE_1_1.0_1
GEN_86_FIT_0.8615157643028565_0.8615157643028566_0.8615157643028565_SIZE_1_1.0_1
GEN_87_FIT_0.8615157643028565_0.8615157643028566_0.8615157643028565_SIZE_1_1.0_1
GEN_88_FIT_0.8615157643028565_0.8615157643028566_0.8615157643028565_SIZE_1_1.0_1
GEN_89_FIT_0.8615157643028565_0.8615157643028566_0.8615157643028565_SIZE_1_1.0_1
GEN_90_FIT_0.8615157643028565_0.8615157643028566_0.8615157643028565_SIZE_1_1.0_1
GEN_91_FIT_0.8615157643028565_0.8615157643028566_0.8615157643028565_SIZE_1_1.0_1
GEN_92_FIT_0.8615157643028565_0.8615157643028566_0.8615157643028565_SIZE_1_1.0_1
GEN_93_FIT_0.8615157643028565_0.8615157643028566_0.8615157643028565_SIZE_1_1.0_1
Evaluating in sample:
[GEN_93|make_tuple(1103, 0.001340858646333842)|0.8615]
Evaluating out-of-sample:
[GEN_93|make_tuple(1103, 0.001340858646333842)|0.9454]
Stopped early in iteration 93, no improvement in 20 gens.
START_TASK: 2074
GEN_0_FIT_0.7974635946486885_0.8258830374789868_0.8555711570209208_SIZE_1_1.6_6
GEN_1_FIT_0.8453602959486195_0.8501452885735639_0.8583628291785064_SIZE_1_1.05_2
GEN_2_FIT_0.8541660441686609_0.8562471879075003_0.8595711714768023_SIZE_1_1.2_2
GEN_3_FIT_0.8569092069569398_0.8581596711808743_0.859623742906011_SIZE_1_1.05_2
GEN_4_FIT_0.8588585994131456_0.859460194539978_0.8600468357441373_SIZE_1_1.05_2
GEN_5_FIT_0.8596902168341468_0.8600760243294105_0.8606896407802831_SIZE_1_1.05_2
GEN_6_FIT_0.8601970066996072_0.8605011398825615_0.860898150529507_SIZE_1_1.0_1
GEN_7_FIT_0.8606851247637411_0.8607466120640088_0.860898150529507_SIZE_1_1.05_2
GEN_8_FIT_0.8608906491595357_0.8609151548213889_0.8611049705401517_SIZE_1_1.2_3
GEN_9_FIT_0.8608983395993949_0.8609604183859372_0.8611049705401517_SIZE_1_1.2_3
GEN_10_FIT_0.8610032346567883_0.8610762402195803_0.8611378221554963_SIZE_1_1.2_2
GEN_11_FIT_0.8611049705401517_0.8611171802865745_0.8611378221554963_SIZE_1_1.05_2
GEN_12_FIT_0.8611126028939478_0.8611319401822151_0.8611378221554963_SIZE_1_1.1_2
GEN_13_FIT_0.8611378221554963_0.8611419145904564_0.8611582843302971_SIZE_1_1.0_1
GEN_14_FIT_0.8611378221554963_0.861153668460968_0.8612296643421242_SIZE_1_1.0_1
GEN_15_FIT_0.8611582843302971_0.8611689913320711_0.8612296643421242_SIZE_1_1.0_1
GEN_16_FIT_0.8611582843302971_0.8611868534915_0.8612296643421242_SIZE_1_1.0_1
GEN_17_FIT_0.8612296643421242_0.8612296814985964_0.8612300074715632_SIZE_1_1.0_1
GEN_18_FIT_0.8612296643421242_0.8612296814985964_0.8612300074715632_SIZE_1_1.0_1
GEN_19_FIT_0.8612296643421242_0.8612297329680121_0.8612300074715632_SIZE_1_1.0_1
GEN_20_FIT_0.8612296643421242_0.8612298530633158_0.8612300074715632_SIZE_1_1.0_1
Evaluating in sample:
[GEN_20|make_tuple(1236, 0.0013457418877495053)|0.8612]
Evaluating out-of-sample:
[GEN_20|make_tuple(1236, 0.0013457418877495053)|0.9578]
GEN_21_FIT_0.8612300074715632_0.8612332039880002_0.861262110837514_SIZE_1_1.0_1
GEN_22_FIT_0.8612300074715632_0.8612500810943999_0.8612791721123193_SIZE_1_1.0_1
GEN_23_FIT_0.861262110837514_0.8612629639012542_0.8612791721123193_SIZE_1_1.0_1
GEN_24_FIT_0.861262110837514_0.8612660196175967_0.8613232251643621_SIZE_1_1.0_1
GEN_25_FIT_0.861262110837514_0.8612782424829664_0.8613232251643621_SIZE_1_1.0_1
GEN_26_FIT_0.861262110837514_0.8612995259685441_0.8613232251643621_SIZE_1_1.0_1
GEN_27_FIT_0.8613232251643621_0.8613232251643621_0.8613232251643621_SIZE_1_1.0_1
GEN_28_FIT_0.8613232251643621_0.8613265240946332_0.8613892037697838_SIZE_1_1.0_1
GEN_29_FIT_0.8613232251643621_0.8613265240946332_0.8613892037697838_SIZE_1_1.0_1
GEN_30_FIT_0.8613232251643621_0.8613364208854465_0.8613892037697838_SIZE_1_1.0_1
GEN_31_FIT_0.8613232251643621_0.8613628520481141_0.8613892037697838_SIZE_1_1.05_2
GEN_32_FIT_0.8613892037697838_0.8613892037697838_0.8613892037697838_SIZE_1_1.0_1
GEN_33_FIT_0.8613892037697838_0.8613892037697838_0.8613892037697838_SIZE_1_1.0_1
GEN_34_FIT_0.8613892037697838_0.8613892037697838_0.8613892037697838_SIZE_1_1.0_1
GEN_35_FIT_0.8613892037697838_0.8613892037697838_0.8613892037697838_SIZE_1_1.0_1
GEN_36_FIT_0.8613892037697838_0.8613892037697838_0.8613892037697838_SIZE_1_1.0_1
GEN_37_FIT_0.8613892037697838_0.8613892037697838_0.8613892037697838_SIZE_1_1.0_1
GEN_38_FIT_0.8613892037697838_0.8613892037697838_0.8613892037697838_SIZE_1_1.0_1
GEN_39_FIT_0.8613892037697838_0.8613892037697838_0.8613892037697838_SIZE_1_1.0_1
GEN_40_FIT_0.8613892037697838_0.8613892037697838_0.8613892037697838_SIZE_1_1.0_1
Evaluating in sample:
[GEN_40|make_tuple(1103, 0.0013382120335795103)|0.8614]
Evaluating out-of-sample:
[GEN_40|make_tuple(1103, 0.0013382120335795103)|0.9578]
GEN_41_FIT_0.8613892037697838_0.8613892037697838_0.8613892037697838_SIZE_1_1.0_1
GEN_42_FIT_0.8613892037697838_0.8613892037697838_0.8613892037697838_SIZE_1_1.0_1
GEN_43_FIT_0.8613892037697838_0.8613892037697838_0.8613892037697838_SIZE_1_1.0_1
GEN_44_FIT_0.8613892037697838_0.8613892037697838_0.8613892037697838_SIZE_1_1.0_1
GEN_45_FIT_0.8613892037697838_0.8613892037697838_0.8613892037697838_SIZE_1_1.0_1
GEN_46_FIT_0.8613892037697838_0.8613892037697838_0.8613892037697838_SIZE_1_1.0_1
GEN_47_FIT_0.8613892037697838_0.8613892037697838_0.8613892037697838_SIZE_1_1.0_1
GEN_48_FIT_0.8613892037697838_0.8613892037697838_0.8613892037697838_SIZE_1_1.0_1
GEN_49_FIT_0.8613892037697838_0.8613892037697838_0.8613892037697838_SIZE_1_1.0_1
Evaluating in sample:
[GEN_49|make_tuple(1103, 0.0013382120335795103)|0.8614]
Evaluating out-of-sample:
[GEN_49|make_tuple(1103, 0.0013382120335795103)|0.9578]
Stopped early in iteration 49, no improvement in 20 gens.
START_TASK: 28
GEN_0_FIT_0.8244148538193181_0.8403560485996131_0.8569297255874805_SIZE_1_2.5_8
GEN_1_FIT_0.8445970224982554_0.8538574818937199_0.8588799057664736_SIZE_1_1.6_4
GEN_2_FIT_0.8572895649231725_0.8584930564585619_0.8592147543826246_SIZE_1_1.7_4
GEN_3_FIT_0.8587481573822798_0.8589128798860569_0.8592838821354034_SIZE_1_1.35_2
GEN_4_FIT_0.8588799057664736_0.8590301359732472_0.8592838821354034_SIZE_1_1.2_2
GEN_5_FIT_0.8591611790270954_0.8592124664266736_0.8592838821354034_SIZE_1_1.1_2
GEN_6_FIT_0.8592147543826246_0.8592697494829487_0.8594004230074063_SIZE_1_1.15_2
GEN_7_FIT_0.8593119068454068_0.859387382010403_0.8595944358215187_SIZE_1_1.15_2
GEN_8_FIT_0.8594290136871462_0.8595214915533624_0.8596450007662184_SIZE_1_1.1_2
GEN_9_FIT_0.8595483770342259_0.8596219293063111_0.8596450007662184_SIZE_1_1.05_2
GEN_10_FIT_0.8596376546807414_0.8596452968247812_0.8596582680229522_SIZE_1_1.0_1
GEN_11_FIT_0.8596450007662184_0.8596489672535419_0.8596941114884622_SIZE_1_1.0_1
GEN_12_FIT_0.8596450007662184_0.8596585100838163_0.8596941114884622_SIZE_1_1.05_2
GEN_13_FIT_0.8596582680229522_0.8596842132233528_0.8597010520686711_SIZE_1_1.05_2
GEN_14_FIT_0.8596941114884622_0.8596981542676561_0.8597010520686711_SIZE_1_1.0_1
GEN_15_FIT_0.8597010520686711_0.8597010520686711_0.8597010520686711_SIZE_1_1.0_1
GEN_16_FIT_0.8597010520686711_0.8597010520686711_0.8597010520686711_SIZE_1_1.0_1
GEN_17_FIT_0.8597010520686711_0.8597010520686711_0.8597010520686711_SIZE_1_1.0_1
GEN_18_FIT_0.8597010520686711_0.8597010520686711_0.8597010520686711_SIZE_1_1.0_1
GEN_19_FIT_0.8597010520686711_0.8597010520686711_0.8597010520686711_SIZE_1_1.0_1
GEN_20_FIT_0.8597010520686711_0.8597010520686711_0.8597010520686711_SIZE_1_1.0_1
Evaluating in sample:
[GEN_20|make_tuple(180, 0.0024808572526038527)|0.8597]
Evaluating out-of-sample:
[GEN_20|make_tuple(180, 0.0024808572526038527)|0.9979]
GEN_21_FIT_0.8597010520686711_0.8597010520686711_0.8597010520686711_SIZE_1_1.0_1
GEN_22_FIT_0.8597010520686711_0.8597010520686711_0.8597010520686711_SIZE_1_1.0_1
GEN_23_FIT_0.8597010520686711_0.8597010520686711_0.8597010520686711_SIZE_1_1.0_1
GEN_24_FIT_0.8597010520686711_0.8597011641839151_0.859703294373549_SIZE_1_1.0_1
GEN_25_FIT_0.8597010520686711_0.8597012762991589_0.859703294373549_SIZE_1_1.05_2
GEN_26_FIT_0.8597010520686711_0.8597017247601345_0.859703294373549_SIZE_1_1.05_2
GEN_27_FIT_0.8597010520686711_0.8597030701430611_0.859703294373549_SIZE_1_1.1_2
GEN_28_FIT_0.859703294373549_0.859703294373549_0.859703294373549_SIZE_1_1.0_1
GEN_29_FIT_0.859703294373549_0.859703294373549_0.859703294373549_SIZE_1_1.0_1
GEN_30_FIT_0.859703294373549_0.859703294373549_0.859703294373549_SIZE_1_1.0_1
GEN_31_FIT_0.859703294373549_0.859703294373549_0.859703294373549_SIZE_1_1.0_1
GEN_32_FIT_0.859703294373549_0.8597035486220206_0.8597079490222026_SIZE_1_1.05_2
GEN_33_FIT_0.859703294373549_0.8597038028704919_0.8597079490222026_SIZE_1_1.1_2
GEN_34_FIT_0.859703294373549_0.8597042898513962_0.8597083793429787_SIZE_1_1.15_2
GEN_35_FIT_0.859703294373549_0.859706914456272_0.8597083793429787_SIZE_1_1.3_2
GEN_36_FIT_0.8597079490222026_0.8597079920542802_0.8597083793429787_SIZE_1_1.1_2
GEN_37_FIT_0.8597079490222026_0.8597079920542802_0.8597083793429787_SIZE_1_1.1_2
GEN_38_FIT_0.8597079490222026_0.8597079920542802_0.8597083793429787_SIZE_1_1.1_2
GEN_39_FIT_0.8597079490222026_0.8597079920542802_0.8597083793429787_SIZE_1_1.1_2
GEN_40_FIT_0.8597079490222026_0.8597079920542802_0.8597083793429787_SIZE_1_1.1_2
Evaluating in sample:
[GEN_40|make_tuple(180, 0.0024855444575038834)|0.8597]
[GEN_40|make_tuple(add(180, 0.27489221466888064), 0.0024855444575038834)|0.8597]
Evaluating out-of-sample:
[GEN_40|make_tuple(180, 0.0024855444575038834)|0.9979]
[GEN_40|make_tuple(add(180, 0.27489221466888064), 0.0024855444575038834)|0.9979]
GEN_41_FIT_0.8597079490222026_0.8597079920542802_0.8597083793429787_SIZE_1_1.1_2
GEN_42_FIT_0.8597079490222026_0.8597079920542802_0.8597083793429787_SIZE_1_1.1_2
GEN_43_FIT_0.8597079490222026_0.8597079920542802_0.8597083793429787_SIZE_1_1.1_2
GEN_44_FIT_0.8597079490222026_0.8597079920542802_0.8597083793429787_SIZE_1_1.1_2
GEN_45_FIT_0.8597079490222026_0.8597079920542802_0.8597083793429787_SIZE_1_1.1_2
GEN_46_FIT_0.8597079490222026_0.8597079920542802_0.8597083793429787_SIZE_1_1.1_2
GEN_47_FIT_0.8597079490222026_0.8597079920542802_0.8597083793429787_SIZE_1_1.1_2
GEN_48_FIT_0.8597079490222026_0.8597079920542802_0.8597083793429787_SIZE_1_1.1_2
GEN_49_FIT_0.8597079490222026_0.8597079920542802_0.8597083793429787_SIZE_1_1.1_2
GEN_50_FIT_0.8597079490222026_0.8597079920542802_0.8597083793429787_SIZE_1_1.1_2
GEN_51_FIT_0.8597079490222026_0.8597079920542802_0.8597083793429787_SIZE_1_1.1_2
GEN_52_FIT_0.8597079490222026_0.8597079920542802_0.8597083793429787_SIZE_1_1.1_2
GEN_53_FIT_0.8597079490222026_0.8597079920542802_0.8597083793429787_SIZE_1_1.1_2
GEN_54_FIT_0.8597079490222026_0.8597079920542802_0.8597083793429787_SIZE_1_1.1_2
GEN_55_FIT_0.8597079490222026_0.8597079920542802_0.8597083793429787_SIZE_1_1.1_2
Evaluating in sample:
[GEN_55|make_tuple(180, 0.0024855444575038834)|0.8597]
[GEN_55|make_tuple(add(180, 0.27489221466888064), 0.0024855444575038834)|0.8597]
Evaluating out-of-sample:
[GEN_55|make_tuple(180, 0.0024855444575038834)|0.9979]
[GEN_55|make_tuple(add(180, 0.27489221466888064), 0.0024855444575038834)|0.9979]
Stopped early in iteration 55, no improvement in 20 gens.
START_TASK: 29
