Starting problem: mlr_svm
param:age_regularization:100000.0
param:algorithm:mupluslambda
param:constants_only:False
param:cxpb:0.25
param:early_stop_n:20
param:lambda_:100
param:max_number_operators:None
param:max_start_size:2
param:mu:20
param:ngen:300
param:optimize_constants:False
param:output_file:/home/gijsbers/symbolicdefaults/runs/mlr_svm_mupluslambda_17.log
param:problem:mlr_svm
param:subset:1.0
param:task:None
param:warm_start:False
Benchmark problems: mlr_svm
sklearn_default := make_tuple(1., truediv(1., mul(p, xvar)))
mlr_default := make_tuple(1, truediv(po, 1))
symbolic_best := make_tuple(16., truediv(mkd, xvar))
Loading surrogates from file.
START_TASK: 3
GEN_0_FIT_0.67293343139494_0.7859250425208032_0.8898623524838866_SIZE_1_2.05_7
GEN_1_FIT_0.8422732297553124_0.8731357310266779_0.8902833738726308_SIZE_1_1.4_3
GEN_2_FIT_0.8859160452612543_0.8885860157932047_0.8902833738726308_SIZE_1_1.15_2
GEN_3_FIT_0.8898623524838866_0.8899855749295066_0.8923268013962847_SIZE_1_1.05_2
GEN_4_FIT_0.8898623524838866_0.8900768821468938_0.8941529457440287_SIZE_1_1.05_2
GEN_5_FIT_0.8898623524838866_0.8902914118099009_0.8941529457440287_SIZE_1_1.1_2
GEN_6_FIT_0.8898623524838866_0.8901319775691249_0.8952548541886493_SIZE_1_1.05_2
GEN_7_FIT_0.8898623524838866_0.8901319775691249_0.8952548541886493_SIZE_1_1.05_2
GEN_8_FIT_0.8898623524838866_0.8901319775691249_0.8952548541886493_SIZE_1_1.05_2
GEN_9_FIT_0.8898623524838866_0.8901319775691249_0.8952548541886493_SIZE_1_1.05_2
GEN_10_FIT_0.8898623524838866_0.8901319775691249_0.8952548541886493_SIZE_1_1.05_2
GEN_11_FIT_0.8898623524838866_0.8901319775691249_0.8952548541886493_SIZE_1_1.05_2
GEN_12_FIT_0.8898623524838866_0.8901319775691249_0.8952548541886493_SIZE_1_1.05_2
GEN_13_FIT_0.8898623524838866_0.8901319775691249_0.8952548541886493_SIZE_1_1.05_2
GEN_14_FIT_0.8898623524838866_0.8901319775691249_0.8952548541886493_SIZE_1_1.05_2
GEN_15_FIT_0.8898623524838866_0.8904527700679467_0.901670704165086_SIZE_1_1.05_2
GEN_16_FIT_0.8898623524838866_0.8904527700679467_0.901670704165086_SIZE_1_1.05_2
GEN_17_FIT_0.8898623524838866_0.8904527700679467_0.901670704165086_SIZE_1_1.05_2
GEN_18_FIT_0.8898623524838866_0.8904527700679467_0.901670704165086_SIZE_1_1.05_2
GEN_19_FIT_0.8898623524838866_0.8904527700679467_0.901670704165086_SIZE_1_1.05_2
GEN_20_FIT_0.8898623524838866_0.8904527700679467_0.901670704165086_SIZE_1_1.05_2
Evaluating in sample:
[GEN_20|make_tuple(p, mkd)|0.8899]
[GEN_20|make_tuple(m, truediv(mkd, xvar))|0.9017]
Evaluating out-of-sample:
[GEN_20|make_tuple(p, mkd)|0.9641]
[GEN_20|make_tuple(m, truediv(mkd, xvar))|0.9132]
GEN_21_FIT_0.8898623524838866_0.8904527700679467_0.901670704165086_SIZE_1_1.05_2
GEN_22_FIT_0.8898623524838866_0.8904527700679467_0.901670704165086_SIZE_1_1.05_2
GEN_23_FIT_0.8898623524838866_0.8904527700679467_0.901670704165086_SIZE_1_1.05_2
GEN_24_FIT_0.8898623524838866_0.8904527700679467_0.901670704165086_SIZE_1_1.05_2
GEN_25_FIT_0.8898623524838866_0.8904527700679467_0.901670704165086_SIZE_1_1.05_2
GEN_26_FIT_0.8898623524838866_0.8904527700679467_0.901670704165086_SIZE_1_1.05_2
GEN_27_FIT_0.8898623524838866_0.8904527700679467_0.901670704165086_SIZE_1_1.05_2
GEN_28_FIT_0.8898623524838866_0.8904527700679467_0.901670704165086_SIZE_1_1.05_2
GEN_29_FIT_0.8898623524838866_0.8904527700679467_0.901670704165086_SIZE_1_1.05_2
GEN_30_FIT_0.8898623524838866_0.8910437199841651_0.9016813508082525_SIZE_1_1.15_3
GEN_31_FIT_0.8898623524838866_0.8910437199841651_0.9016813508082525_SIZE_1_1.15_3
GEN_32_FIT_0.8898623524838866_0.8910437199841651_0.9016813508082525_SIZE_1_1.15_3
GEN_33_FIT_0.8898623524838866_0.8910437199841651_0.9016813508082525_SIZE_1_1.15_3
GEN_34_FIT_0.8898623524838866_0.8910437199841651_0.9016813508082525_SIZE_1_1.15_3
GEN_35_FIT_0.8898623524838866_0.8910437199841651_0.9016813508082525_SIZE_1_1.15_3
GEN_36_FIT_0.8898623524838866_0.8916341375682248_0.9016813508082525_SIZE_1_1.2_3
GEN_37_FIT_0.8898623524838866_0.8916564639716368_0.9021278788764904_SIZE_1_1.2_3
GEN_38_FIT_0.8898623524838866_0.8916564639716368_0.9021278788764904_SIZE_1_1.2_3
GEN_39_FIT_0.8898623524838866_0.8916564639716368_0.9021278788764904_SIZE_1_1.2_3
GEN_40_FIT_0.8898623524838866_0.8916564639716368_0.9021278788764904_SIZE_1_1.2_3
Evaluating in sample:
[GEN_40|make_tuple(p, mkd)|0.8899]
[GEN_40|make_tuple(m, truediv(mkd, xvar))|0.9017]
[GEN_40|make_tuple(add(m, rc), truediv(mkd, xvar))|0.9021]
Evaluating out-of-sample:
[GEN_40|make_tuple(p, mkd)|0.9641]
[GEN_40|make_tuple(m, truediv(mkd, xvar))|0.9132]
[GEN_40|make_tuple(add(m, rc), truediv(mkd, xvar))|0.9299]
GEN_41_FIT_0.8898623524838866_0.8916564639716368_0.9021278788764904_SIZE_1_1.2_3
GEN_42_FIT_0.8898623524838866_0.8916564639716368_0.9021278788764904_SIZE_1_1.2_3
GEN_43_FIT_0.8898623524838866_0.8916564639716368_0.9021278788764904_SIZE_1_1.2_3
GEN_44_FIT_0.8898623524838866_0.8916834279199353_0.902667157842461_SIZE_1_1.2_3
GEN_45_FIT_0.8898623524838866_0.8916834279199353_0.902667157842461_SIZE_1_1.2_3
GEN_46_FIT_0.8898623524838866_0.8917310597427364_0.9036197942984809_SIZE_1_1.2_3
GEN_47_FIT_0.8898623524838866_0.8917310597427364_0.9036197942984809_SIZE_1_1.2_3
GEN_48_FIT_0.8898623524838866_0.8917310597427364_0.9036197942984809_SIZE_1_1.2_3
GEN_49_FIT_0.8898623524838866_0.8917310597427364_0.9036197942984809_SIZE_1_1.2_3
GEN_50_FIT_0.8898623524838866_0.8917310597427364_0.9036197942984809_SIZE_1_1.2_3
GEN_51_FIT_0.8898623524838866_0.8917310597427364_0.9036197942984809_SIZE_1_1.2_3
GEN_52_FIT_0.8898623524838866_0.8924189318334662_0.9036197942984809_SIZE_1_1.3_3
GEN_53_FIT_0.8898623524838866_0.8924189318334662_0.9036197942984809_SIZE_1_1.3_3
GEN_54_FIT_0.8898623524838866_0.8924189318334662_0.9036197942984809_SIZE_1_1.3_3
GEN_55_FIT_0.8898623524838866_0.8924189318334662_0.9036197942984809_SIZE_1_1.3_3
GEN_56_FIT_0.8898623524838866_0.8924189318334662_0.9036197942984809_SIZE_1_1.3_3
GEN_57_FIT_0.8898623524838866_0.8924189318334662_0.9036197942984809_SIZE_1_1.3_3
GEN_58_FIT_0.8898623524838866_0.8924189318334662_0.9036197942984809_SIZE_1_1.3_3
GEN_59_FIT_0.8898623524838866_0.8924189318334662_0.9036197942984809_SIZE_1_1.3_3
GEN_60_FIT_0.8898623524838866_0.8924189318334662_0.9036197942984809_SIZE_1_1.3_3
Evaluating in sample:
[GEN_60|make_tuple(p, mkd)|0.8899]
[GEN_60|make_tuple(m, truediv(mkd, xvar))|0.9017]
[GEN_60|make_tuple(add(m, xvar), truediv(mkd, xvar))|0.9036]
Evaluating out-of-sample:
[GEN_60|make_tuple(p, mkd)|0.9641]
[GEN_60|make_tuple(m, truediv(mkd, xvar))|0.9132]
[GEN_60|make_tuple(add(m, xvar), truediv(mkd, xvar))|0.9146]
GEN_61_FIT_0.8898623524838866_0.8924189318334662_0.9036197942984809_SIZE_1_1.3_3
GEN_62_FIT_0.8898623524838866_0.8924189318334662_0.9036197942984809_SIZE_1_1.3_3
GEN_63_FIT_0.8898623524838866_0.8924189318334662_0.9036197942984809_SIZE_1_1.3_3
GEN_64_FIT_0.8898623524838866_0.8924189318334662_0.9036197942984809_SIZE_1_1.3_3
GEN_65_FIT_0.8898623524838866_0.8924189318334662_0.9036197942984809_SIZE_1_1.3_3
GEN_66_FIT_0.8898623524838866_0.8924189318334662_0.9036197942984809_SIZE_1_1.3_3
GEN_67_FIT_0.8898623524838866_0.8924189318334662_0.9036197942984809_SIZE_1_1.3_3
Evaluating in sample:
[GEN_67|make_tuple(p, mkd)|0.8899]
[GEN_67|make_tuple(m, truediv(mkd, xvar))|0.9017]
[GEN_67|make_tuple(add(m, xvar), truediv(mkd, xvar))|0.9036]
Evaluating out-of-sample:
[GEN_67|make_tuple(p, mkd)|0.9641]
[GEN_67|make_tuple(m, truediv(mkd, xvar))|0.9132]
[GEN_67|make_tuple(add(m, xvar), truediv(mkd, xvar))|0.9146]
Stopped early in iteration 67, no improvement in 20 gens.
BENCHMARK: Evaluating in-sample:
[sklearn_default: make_tuple(1.0, truediv(1.0, mul(p, xvar)))|0.8870]
