Starting problem: mlr_rpart
param:age_regularization:100000.0
param:algorithm:mupluslambda
param:constants_only:True
param:cxpb:0.25
param:early_stop_n:20
param:lambda_:100
param:max_number_operators:None
param:max_start_size:2
param:mu:20
param:ngen:300
param:optimize_constants:False
param:output_file:/home/gijsbers/symbolicdefaults/runs/mlr_rpart_True_2.log
param:problem:mlr_rpart
param:subset:1.0
param:task:None
param:warm_start:False
Benchmark problems: mlr_rpart
Loading surrogates from file.
START_TASK: 3
GEN_0_FIT_0.6698777796049924_0.7654707890898745_0.842622413670728_SIZE_1_4.75_14
GEN_1_FIT_0.7215737098987467_0.8213374914729105_0.842622413670728_SIZE_1_3.7_10
GEN_2_FIT_0.8127364110835572_0.8357666336348805_0.8570043935702283_SIZE_1_2.55_4
GEN_3_FIT_0.8105158798598958_0.8378456679966645_0.8570043935702283_SIZE_1_2.25_4
GEN_4_FIT_0.8350874967330701_0.8538312912365249_0.8624693580478597_SIZE_1_1.45_3
GEN_5_FIT_0.8573183241371705_0.859528038495671_0.8624693580478597_SIZE_1_1.45_2
GEN_6_FIT_0.8612746849516142_0.8624203672803838_0.8638503858453118_SIZE_1_1.35_3
GEN_7_FIT_0.8626060477301578_0.863680591590718_0.8661026973123592_SIZE_1_1.65_2
GEN_8_FIT_0.8628392554409755_0.8644811245037529_0.8668182098362921_SIZE_1_1.2_2
GEN_9_FIT_0.8648013847155771_0.8657597063940283_0.8670136992349269_SIZE_1_1.5_2
GEN_10_FIT_0.865562822642908_0.8667571957320621_0.8685133866849502_SIZE_1_1.7_3
GEN_11_FIT_0.866489259925809_0.8677143739095655_0.869383224005004_SIZE_1_2.0_4
GEN_12_FIT_0.8672268076110966_0.8682047363481897_0.869383224005004_SIZE_1_1.9_3
GEN_13_FIT_0.8679192911315494_0.8689296380612227_0.871302141780021_SIZE_1_2.2_4
GEN_14_FIT_0.8684995110382376_0.8697926490219109_0.8720363576892811_SIZE_1_2.3_4
GEN_15_FIT_0.8692898900059443_0.8707212215626372_0.8726012350502976_SIZE_1_2.1_4
GEN_16_FIT_0.8695057126988999_0.8713489634716713_0.8726012350502976_SIZE_1_2.05_5
GEN_17_FIT_0.871113731972224_0.8723490377568375_0.8726867646219879_SIZE_1_2.8_6
GEN_18_FIT_0.8716916008957004_0.8725322928772167_0.8726867646219879_SIZE_1_1.9_3
GEN_19_FIT_0.8718212155226509_0.8725900793675612_0.8727233779117669_SIZE_1_1.55_3
GEN_20_FIT_0.8726867646219879_0.8727144267650722_0.8727233779117669_SIZE_1_1.8_3
Evaluating in sample:
[GEN_20|make_tuple(0.0015707735440699134, 22, 11, 30)|0.8727]
Evaluating out-of-sample:
[GEN_20|make_tuple(0.0015707735440699134, 22, 11, 30)|0.9625]
GEN_21_FIT_0.8727104698536061_0.872721828854262_0.87275718331422_SIZE_1_1.55_2
GEN_22_FIT_0.8727171853586885_0.8727439850405739_0.872859439681823_SIZE_1_1.3_3
GEN_23_FIT_0.8727233779117669_0.8727885030412998_0.8728638811134619_SIZE_1_1.45_3
GEN_24_FIT_0.8727901549980903_0.8728526948868934_0.8729167434861305_SIZE_1_1.4_2
GEN_25_FIT_0.872859439681823_0.872889378299768_0.8729167434861305_SIZE_1_1.5_2
GEN_26_FIT_0.8728857314940559_0.8728965856912818_0.8729167434861305_SIZE_1_1.35_2
GEN_27_FIT_0.8728857314940559_0.8728888326932633_0.8729167434861305_SIZE_1_1.1_2
GEN_28_FIT_0.8728857314940559_0.8728888326932633_0.8729167434861305_SIZE_1_1.1_2
GEN_29_FIT_0.8728857314940559_0.8728909761916066_0.8729167434861305_SIZE_1_1.15_2
GEN_30_FIT_0.8728857314940559_0.8728986840796751_0.8729231373296227_SIZE_1_1.3_2
GEN_31_FIT_0.8728975894688452_0.8729138717591972_0.8729231373296227_SIZE_1_1.65_2
GEN_32_FIT_0.8728857314940559_0.8729146954162813_0.8729771172409163_SIZE_1_1.2_2
GEN_33_FIT_0.8729231373296227_0.8729366323074462_0.8729771172409163_SIZE_1_1.25_2
GEN_34_FIT_0.8729231373296227_0.8729285353207521_0.8729771172409163_SIZE_1_1.1_2
GEN_35_FIT_0.8729231373296227_0.8729285353207521_0.8729771172409163_SIZE_1_1.1_2
GEN_36_FIT_0.8729231373296227_0.8729285353207521_0.8729771172409163_SIZE_1_1.1_2
GEN_37_FIT_0.8729231373296227_0.8729285353207521_0.8729771172409163_SIZE_1_1.1_2
GEN_38_FIT_0.8729231373296227_0.8729285353207521_0.8729771172409163_SIZE_1_1.1_2
GEN_39_FIT_0.8729231373296227_0.8730864884247028_0.8759769081036957_SIZE_1_1.2_3
GEN_40_FIT_0.8729231373296227_0.8732662845090176_0.8759810281777346_SIZE_1_1.45_3
Evaluating in sample:
[GEN_40|make_tuple(0.001561749206007309, 22, 11, 28)|0.8730]
[GEN_40|make_tuple(mul(0.0015489971666592067, 0.26512233903091037), 22, 11, 28)|0.8760]
Evaluating out-of-sample:
[GEN_40|make_tuple(0.001561749206007309, 22, 11, 28)|0.9627]
[GEN_40|make_tuple(mul(0.0015489971666592067, 0.26512233903091037), 22, 11, 28)|0.9675]
GEN_41_FIT_0.8729570185757152_0.8740548159962875_0.8759810281777346_SIZE_1_1.45_3
GEN_42_FIT_0.8730284286345642_0.8731774110976603_0.876008077896487_SIZE_1_1.05_2
GEN_43_FIT_0.8730284286345642_0.8733263935607566_0.876008077896487_SIZE_1_1.1_2
GEN_44_FIT_0.8730284286345642_0.8733263935607566_0.876008077896487_SIZE_1_1.1_2
GEN_45_FIT_0.8730284286345642_0.8733263935607566_0.876008077896487_SIZE_1_1.1_2
GEN_46_FIT_0.8730284286345642_0.8733263935607566_0.876008077896487_SIZE_1_1.1_2
GEN_47_FIT_0.8730284286345642_0.8733263935607566_0.876008077896487_SIZE_1_1.1_2
GEN_48_FIT_0.8730284286345642_0.8733263935607566_0.876008077896487_SIZE_1_1.1_2
GEN_49_FIT_0.8730284286345642_0.8733263935607566_0.876008077896487_SIZE_1_1.1_2
GEN_50_FIT_0.8730284286345642_0.8733263935607566_0.876008077896487_SIZE_1_1.1_2
GEN_51_FIT_0.8730284286345642_0.8733263935607566_0.876008077896487_SIZE_1_1.1_2
GEN_52_FIT_0.8730284286345642_0.8733263935607566_0.876008077896487_SIZE_1_1.1_2
GEN_53_FIT_0.8730284286345642_0.8733263935607566_0.876008077896487_SIZE_1_1.1_2
GEN_54_FIT_0.8730284286345642_0.8733263935607566_0.876008077896487_SIZE_1_1.1_2
GEN_55_FIT_0.8730284286345642_0.8733263935607566_0.876008077896487_SIZE_1_1.1_2
GEN_56_FIT_0.8730284286345642_0.8733263935607566_0.876008077896487_SIZE_1_1.1_2
GEN_57_FIT_0.8730284286345642_0.8733263935607566_0.876008077896487_SIZE_1_1.1_2
GEN_58_FIT_0.8730284286345642_0.8733263935607566_0.876008077896487_SIZE_1_1.1_2
GEN_59_FIT_0.8730284286345642_0.8733263935607566_0.876008077896487_SIZE_1_1.1_2
GEN_60_FIT_0.8730284286345642_0.8733263935607566_0.876008077896487_SIZE_1_1.1_2
Evaluating in sample:
[GEN_60|make_tuple(0.001561749206007309, 22, 11, 28)|0.8730]
[GEN_60|make_tuple(mul(0.0015000039654533895, 0.26512233903091037), 22, 11, 28)|0.8760]
Evaluating out-of-sample:
[GEN_60|make_tuple(0.001561749206007309, 22, 11, 28)|0.9627]
[GEN_60|make_tuple(mul(0.0015000039654533895, 0.26512233903091037), 22, 11, 28)|0.9675]
GEN_61_FIT_0.8730284286345642_0.873200602883324_0.8764719136097582_SIZE_1_1.05_2
GEN_62_FIT_0.8730284286345642_0.8733727771320836_0.8764719136097582_SIZE_1_1.1_2
GEN_63_FIT_0.8730284286345642_0.8733727771320836_0.8764719136097582_SIZE_1_1.1_2
GEN_64_FIT_0.8730284286345642_0.8733727771320836_0.8764719136097582_SIZE_1_1.1_2
GEN_65_FIT_0.8730284286345642_0.8733727771320836_0.8764719136097582_SIZE_1_1.1_2
GEN_66_FIT_0.8730284286345642_0.8733727771320836_0.8764719136097582_SIZE_1_1.1_2
GEN_67_FIT_0.8730284286345642_0.8733727771320836_0.8764719136097582_SIZE_1_1.1_2
GEN_68_FIT_0.8730284286345642_0.8733727771320836_0.8764719136097582_SIZE_1_1.1_2
GEN_69_FIT_0.8730284286345642_0.8733727771320836_0.8764719136097582_SIZE_1_1.1_2
GEN_70_FIT_0.8730284286345642_0.8733727771320836_0.8764719136097582_SIZE_1_1.1_2
GEN_71_FIT_0.8730284286345642_0.8733727771320836_0.8764719136097582_SIZE_1_1.1_2
GEN_72_FIT_0.8730284286345642_0.8732047181821437_0.8765542195861521_SIZE_1_1.05_2
GEN_73_FIT_0.8730284286345642_0.8733810077297232_0.8765542195861521_SIZE_1_1.1_2
GEN_74_FIT_0.8730284286345642_0.8733810077297232_0.8765542195861521_SIZE_1_1.1_2
GEN_75_FIT_0.8730284286345642_0.8733810077297232_0.8765542195861521_SIZE_1_1.1_2
GEN_76_FIT_0.8730284286345642_0.8733810077297232_0.8765542195861521_SIZE_1_1.1_2
GEN_77_FIT_0.8730284286345642_0.8733810077297232_0.8765542195861521_SIZE_1_1.1_2
GEN_78_FIT_0.8730284286345642_0.8733810077297232_0.8765542195861521_SIZE_1_1.1_2
GEN_79_FIT_0.8730284286345642_0.8733810077297232_0.8765542195861521_SIZE_1_1.1_2
GEN_80_FIT_0.8730284286345642_0.8733810077297232_0.8765542195861521_SIZE_1_1.1_2
Evaluating in sample:
[GEN_80|make_tuple(0.001561749206007309, 22, 11, 28)|0.8730]
[GEN_80|make_tuple(mul(0.0015000039654533895, 0.2852506355009016), 22, 11, 27)|0.8766]
Evaluating out-of-sample:
[GEN_80|make_tuple(0.001561749206007309, 22, 11, 28)|0.9627]
[GEN_80|make_tuple(mul(0.0015000039654533895, 0.2852506355009016), 22, 11, 27)|0.9675]
GEN_81_FIT_0.8730284286345642_0.8733810077297232_0.8765542195861521_SIZE_1_1.1_2
GEN_82_FIT_0.8730284286345642_0.8733810077297232_0.8765542195861521_SIZE_1_1.1_2
GEN_83_FIT_0.8730284286345642_0.8733810077297232_0.8765542195861521_SIZE_1_1.1_2
GEN_84_FIT_0.8730284286345642_0.873903826599817_0.8765542195861521_SIZE_1_1.25_2
GEN_85_FIT_0.8730284286345642_0.8751257538875843_0.8765542195861521_SIZE_1_1.6_2
GEN_86_FIT_0.873072045134466_0.8751613498054777_0.8765542195861521_SIZE_1_1.6_2
GEN_87_FIT_0.8729848461549259_0.8734172751379623_0.876668868711786_SIZE_1_1.1_2
GEN_88_FIT_0.873072045134466_0.8732518863133321_0.876668868711786_SIZE_1_1.05_2
GEN_89_FIT_0.873072045134466_0.8732518863133321_0.876668868711786_SIZE_1_1.05_2
GEN_90_FIT_0.873072045134466_0.8732518863133321_0.876668868711786_SIZE_1_1.05_2
GEN_91_FIT_0.873072045134466_0.8732518863133321_0.876668868711786_SIZE_1_1.05_2
GEN_92_FIT_0.873072045134466_0.8732518863133321_0.876668868711786_SIZE_1_1.05_2
GEN_93_FIT_0.873072045134466_0.8734317274921981_0.876668868711786_SIZE_1_1.1_2
GEN_94_FIT_0.873072045134466_0.8734317274921981_0.876668868711786_SIZE_1_1.1_2
GEN_95_FIT_0.873072045134466_0.8734317274921981_0.876668868711786_SIZE_1_1.1_2
GEN_96_FIT_0.873072045134466_0.8734317274921981_0.876668868711786_SIZE_1_1.1_2
GEN_97_FIT_0.873072045134466_0.8734317274921981_0.876668868711786_SIZE_1_1.1_2
GEN_98_FIT_0.873072045134466_0.8734317274921981_0.876668868711786_SIZE_1_1.1_2
GEN_99_FIT_0.873072045134466_0.8734317274921981_0.876668868711786_SIZE_1_1.1_2
GEN_100_FIT_0.873072045134466_0.8734317274921981_0.876668868711786_SIZE_1_1.1_2
Evaluating in sample:
[GEN_100|make_tuple(0.0015602968617955495, 22, 11, 28)|0.8731]
[GEN_100|make_tuple(mul(0.0015000039654533895, 0.2860267530859998), 25, 11, 27)|0.8767]
Evaluating out-of-sample:
[GEN_100|make_tuple(0.0015602968617955495, 22, 11, 28)|0.9627]
[GEN_100|make_tuple(mul(0.0015000039654533895, 0.2860267530859998), 25, 11, 27)|0.9674]
GEN_101_FIT_0.873072045134466_0.8734317274921981_0.876668868711786_SIZE_1_1.1_2
GEN_102_FIT_0.873072045134466_0.8734317274921981_0.876668868711786_SIZE_1_1.1_2
GEN_103_FIT_0.873072045134466_0.8734317274921981_0.876668868711786_SIZE_1_1.1_2
GEN_104_FIT_0.873072045134466_0.8734317274921981_0.876668868711786_SIZE_1_1.1_2
GEN_105_FIT_0.873072045134466_0.8734317274921981_0.876668868711786_SIZE_1_1.1_2
GEN_106_FIT_0.873072045134466_0.8734317274921981_0.876668868711786_SIZE_1_1.1_2
GEN_107_FIT_0.873072045134466_0.8734317274921981_0.876668868711786_SIZE_1_1.1_2
GEN_108_FIT_0.873072045134466_0.8734317274921981_0.876668868711786_SIZE_1_1.1_2
Evaluating in sample:
[GEN_108|make_tuple(0.0015602968617955495, 22, 11, 28)|0.8731]
[GEN_108|make_tuple(mul(0.0015000039654533895, 0.2860267530859998), 25, 11, 27)|0.8767]
Evaluating out-of-sample:
[GEN_108|make_tuple(0.0015602968617955495, 22, 11, 28)|0.9627]
[GEN_108|make_tuple(mul(0.0015000039654533895, 0.2860267530859998), 25, 11, 27)|0.9674]
Stopped early in iteration 108, no improvement in 20 gens.
START_TASK: 6
