Starting problem: mlr_svm
param:age_regularization:100000.0
param:algorithm:mupluslambda
param:constants_only:False
param:cxpb:0.25
param:early_stop_n:20
param:lambda_:100
param:max_number_operators:None
param:max_start_size:2
param:mu:20
param:ngen:300
param:optimize_constants:False
param:output_file:/home/gijsbers/symbolicdefaults/runs/mlr_svm_mupluslambda_13.log
param:problem:mlr_svm
param:subset:1.0
param:task:None
param:warm_start:False
Benchmark problems: mlr_svm
sklearn_default := make_tuple(1., truediv(1., mul(p, xvar)))
mlr_default := make_tuple(1, truediv(po, 1))
symbolic_best := make_tuple(16., truediv(mkd, xvar))
Loading surrogates from file.
START_TASK: 3
GEN_0_FIT_0.6750230882202918_0.8333424301625361_0.8898623524838866_SIZE_1_2.3_9
GEN_1_FIT_0.8696165268294954_0.8868800219761802_0.8898623524838866_SIZE_1_2.1_4
GEN_2_FIT_0.8859160452612543_0.8894677217616236_0.8898623524838866_SIZE_1_1.5_2
GEN_3_FIT_0.8898623524838866_0.8898623524838868_0.8898623524838866_SIZE_1_1.0_1
GEN_4_FIT_0.8898623524838866_0.8899460097274566_0.8915354973552846_SIZE_1_1.05_2
GEN_5_FIT_0.8898623524838866_0.8899460097274566_0.8915354973552846_SIZE_1_1.05_2
GEN_6_FIT_0.8898623524838866_0.8900296669710265_0.8915354973552846_SIZE_1_1.1_2
GEN_7_FIT_0.8898623524838866_0.8900296669710265_0.8915354973552846_SIZE_1_1.1_2
GEN_8_FIT_0.8898623524838866_0.8900296669710265_0.8915354973552846_SIZE_1_1.1_2
GEN_9_FIT_0.8898623524838866_0.8901344806034212_0.8919586251317804_SIZE_1_1.2_3
GEN_10_FIT_0.8898623524838866_0.8901344806034212_0.8919586251317804_SIZE_1_1.2_3
GEN_11_FIT_0.8898623524838866_0.8901352079720082_0.8919731725035209_SIZE_1_1.2_3
GEN_12_FIT_0.8898623524838866_0.890005837784557_0.892732058497292_SIZE_1_1.05_2
GEN_13_FIT_0.8898623524838866_0.8901493230852273_0.892732058497292_SIZE_1_1.1_2
GEN_14_FIT_0.8898623524838866_0.8900768821468938_0.8941529457440287_SIZE_1_1.05_2
GEN_15_FIT_0.8898623524838866_0.8902914118099009_0.8941529457440287_SIZE_1_1.1_2
GEN_16_FIT_0.8898623524838866_0.8902914118099009_0.8941529457440287_SIZE_1_1.1_2
GEN_17_FIT_0.8898623524838866_0.8901468819927312_0.8955529426607765_SIZE_1_1.05_2
GEN_18_FIT_0.8898623524838866_0.8902212775208648_0.8970408532234473_SIZE_1_1.05_2
GEN_19_FIT_0.8898623524838866_0.8902212775208648_0.8970408532234473_SIZE_1_1.05_2
GEN_20_FIT_0.8898623524838866_0.8902212775208648_0.8970408532234473_SIZE_1_1.05_2
Evaluating in sample:
[GEN_20|make_tuple(p, mkd)|0.8899]
[GEN_20|make_tuple(30, truediv(mkd, xvar))|0.8970]
Evaluating out-of-sample:
[GEN_20|make_tuple(p, mkd)|0.9641]
[GEN_20|make_tuple(30, truediv(mkd, xvar))|0.9909]
GEN_21_FIT_0.8898623524838866_0.8902212775208648_0.8970408532234473_SIZE_1_1.05_2
GEN_22_FIT_0.8898623524838866_0.8902212775208648_0.8970408532234473_SIZE_1_1.05_2
GEN_23_FIT_0.8898623524838866_0.8902212775208648_0.8970408532234473_SIZE_1_1.05_2
GEN_24_FIT_0.8898623524838866_0.8902212775208648_0.8970408532234473_SIZE_1_1.05_2
GEN_25_FIT_0.8898623524838866_0.8902212775208648_0.8970408532234473_SIZE_1_1.05_2
GEN_26_FIT_0.8898623524838866_0.8904527700679467_0.901670704165086_SIZE_1_1.05_2
GEN_27_FIT_0.8898623524838866_0.8904527700679467_0.901670704165086_SIZE_1_1.05_2
GEN_28_FIT_0.8898623524838866_0.8904527700679467_0.901670704165086_SIZE_1_1.05_2
GEN_29_FIT_0.8898623524838866_0.8904527700679467_0.901670704165086_SIZE_1_1.05_2
GEN_30_FIT_0.8898623524838866_0.8904527700679467_0.901670704165086_SIZE_1_1.05_2
GEN_31_FIT_0.8898623524838866_0.8904527700679467_0.901670704165086_SIZE_1_1.05_2
GEN_32_FIT_0.8898623524838866_0.8904527700679467_0.901670704165086_SIZE_1_1.05_2
GEN_33_FIT_0.8898623524838866_0.8904527700679467_0.901670704165086_SIZE_1_1.05_2
GEN_34_FIT_0.8898623524838866_0.8904527700679467_0.901670704165086_SIZE_1_1.05_2
GEN_35_FIT_0.8898623524838866_0.8904527700679467_0.901670704165086_SIZE_1_1.05_2
GEN_36_FIT_0.8898623524838866_0.8904527700679467_0.901670704165086_SIZE_1_1.05_2
GEN_37_FIT_0.8898623524838866_0.8904527700679467_0.901670704165086_SIZE_1_1.05_2
GEN_38_FIT_0.8898623524838866_0.8904527700679467_0.901670704165086_SIZE_1_1.05_2
GEN_39_FIT_0.8898623524838866_0.8904527700679467_0.901670704165086_SIZE_1_1.05_2
GEN_40_FIT_0.8898623524838866_0.8904527700679467_0.901670704165086_SIZE_1_1.05_2
Evaluating in sample:
[GEN_40|make_tuple(p, mkd)|0.8899]
[GEN_40|make_tuple(m, truediv(mkd, xvar))|0.9017]
Evaluating out-of-sample:
[GEN_40|make_tuple(p, mkd)|0.9641]
[GEN_40|make_tuple(m, truediv(mkd, xvar))|0.9132]
GEN_41_FIT_0.8898623524838866_0.8904527700679467_0.901670704165086_SIZE_1_1.05_2
GEN_42_FIT_0.8898623524838866_0.8904527700679467_0.901670704165086_SIZE_1_1.05_2
GEN_43_FIT_0.8898623524838866_0.8904527700679467_0.901670704165086_SIZE_1_1.05_2
GEN_44_FIT_0.8898623524838866_0.8904527700679467_0.901670704165086_SIZE_1_1.05_2
GEN_45_FIT_0.8898623524838866_0.8904527700679467_0.901670704165086_SIZE_1_1.05_2
GEN_46_FIT_0.8898623524838866_0.8904527700679467_0.901670704165086_SIZE_1_1.05_2
GEN_47_FIT_0.8898623524838866_0.8904527700679467_0.901670704165086_SIZE_1_1.05_2
Evaluating in sample:
[GEN_47|make_tuple(p, mkd)|0.8899]
[GEN_47|make_tuple(m, truediv(mkd, xvar))|0.9017]
Evaluating out-of-sample:
[GEN_47|make_tuple(p, mkd)|0.9641]
[GEN_47|make_tuple(m, truediv(mkd, xvar))|0.9132]
Stopped early in iteration 47, no improvement in 20 gens.
BENCHMARK: Evaluating in-sample:
[sklearn_default: make_tuple(1.0, truediv(1.0, mul(p, xvar)))|0.8870]
