Starting problem: mlr_svm
param:age_regularization:100000.0
param:algorithm:mupluslambda
param:constants_only:False
param:cxpb:0.25
param:early_stop_n:20
param:lambda_:100
param:max_number_operators:None
param:max_start_size:2
param:mu:20
param:ngen:300
param:optimize_constants:False
param:output_file:/home/gijsbers/symbolicdefaults/runs/mlr_svm_mupluslambda_3.log
param:problem:mlr_svm
param:subset:1.0
param:task:None
param:warm_start:False
Benchmark problems: mlr_svm
sklearn_default := make_tuple(1., truediv(1., mul(p, xvar)))
mlr_default := make_tuple(1, truediv(po, 1))
symbolic_best := make_tuple(16., truediv(mkd, xvar))
Loading surrogates from file.
START_TASK: 3
GEN_0_FIT_0.5999676286591064_0.7625934766623486_0.8862861281186976_SIZE_1_2.7_7
GEN_1_FIT_0.8321440786263874_0.8681171995610029_0.886315274437483_SIZE_1_2.0_6
GEN_2_FIT_0.8846159377208369_0.8858527185968711_0.8898623524838866_SIZE_1_1.8_4
GEN_3_FIT_0.8859160452612543_0.8880023389337346_0.8920882122577611_SIZE_1_1.95_4
GEN_4_FIT_0.8868665932700022_0.8899919461181722_0.8920882122577611_SIZE_1_1.35_4
GEN_5_FIT_0.8898623524838866_0.8903371405085219_0.8927891777940725_SIZE_1_1.45_4
GEN_6_FIT_0.8898623524838866_0.8900768821468938_0.8941529457440287_SIZE_1_1.05_2
GEN_7_FIT_0.8898623524838866_0.8900768821468938_0.8941529457440287_SIZE_1_1.05_2
GEN_8_FIT_0.8898623524838866_0.890324619894972_0.8991077007055922_SIZE_1_1.05_2
GEN_9_FIT_0.8898623524838866_0.890324619894972_0.8991077007055922_SIZE_1_1.05_2
GEN_10_FIT_0.8898623524838866_0.890324619894972_0.8991077007055922_SIZE_1_1.05_2
GEN_11_FIT_0.8898623524838866_0.890324619894972_0.8991077007055922_SIZE_1_1.05_2
GEN_12_FIT_0.8898623524838866_0.890324619894972_0.8991077007055922_SIZE_1_1.05_2
GEN_13_FIT_0.8898623524838866_0.890324619894972_0.8991077007055922_SIZE_1_1.05_2
GEN_14_FIT_0.8898623524838866_0.890324619894972_0.8991077007055922_SIZE_1_1.05_2
GEN_15_FIT_0.8898623524838866_0.890324619894972_0.8991077007055922_SIZE_1_1.05_2
GEN_16_FIT_0.8898623524838866_0.890324619894972_0.8991077007055922_SIZE_1_1.05_2
GEN_17_FIT_0.8898623524838866_0.890324619894972_0.8991077007055922_SIZE_1_1.05_2
GEN_18_FIT_0.8898623524838866_0.8903513194838496_0.8996416924831447_SIZE_1_1.05_2
GEN_19_FIT_0.8898623524838866_0.8903601713961347_0.8998187307288448_SIZE_1_1.05_2
GEN_20_FIT_0.8898623524838866_0.8903601713961347_0.8998187307288448_SIZE_1_1.05_2
Evaluating in sample:
[GEN_20|make_tuple(p, mkd)|0.8899]
[GEN_20|make_tuple(7, truediv(mkd, xvar))|0.8998]
Evaluating out-of-sample:
[GEN_20|make_tuple(p, mkd)|0.9641]
[GEN_20|make_tuple(7, truediv(mkd, xvar))|0.9477]
GEN_21_FIT_0.8898623524838866_0.8903601713961347_0.8998187307288448_SIZE_1_1.05_2
GEN_22_FIT_0.8898623524838866_0.8903601713961347_0.8998187307288448_SIZE_1_1.05_2
GEN_23_FIT_0.8898623524838866_0.8903601713961347_0.8998187307288448_SIZE_1_1.05_2
GEN_24_FIT_0.8898623524838866_0.8903601713961347_0.8998187307288448_SIZE_1_1.05_2
GEN_25_FIT_0.8898623524838866_0.8903601713961347_0.8998187307288448_SIZE_1_1.05_2
GEN_26_FIT_0.8898623524838866_0.8903601713961347_0.8998187307288448_SIZE_1_1.05_2
GEN_27_FIT_0.8898623524838866_0.8903601713961347_0.8998187307288448_SIZE_1_1.05_2
GEN_28_FIT_0.8898623524838866_0.8903601713961347_0.8998187307288448_SIZE_1_1.05_2
GEN_29_FIT_0.8898623524838866_0.8903601713961347_0.8998187307288448_SIZE_1_1.05_2
GEN_30_FIT_0.8898623524838866_0.8903601713961347_0.8998187307288448_SIZE_1_1.05_2
GEN_31_FIT_0.8898623524838866_0.8903601713961347_0.8998187307288448_SIZE_1_1.05_2
GEN_32_FIT_0.8898623524838866_0.8903601713961347_0.8998187307288448_SIZE_1_1.05_2
GEN_33_FIT_0.8898623524838866_0.8903601713961347_0.8998187307288448_SIZE_1_1.05_2
GEN_34_FIT_0.8898623524838866_0.8903601713961347_0.8998187307288448_SIZE_1_1.05_2
GEN_35_FIT_0.8898623524838866_0.8903601713961347_0.8998187307288448_SIZE_1_1.05_2
GEN_36_FIT_0.8898623524838866_0.8903601713961347_0.8998187307288448_SIZE_1_1.05_2
GEN_37_FIT_0.8898623524838866_0.8903601713961347_0.8998187307288448_SIZE_1_1.05_2
GEN_38_FIT_0.8898623524838866_0.8903601713961347_0.8998187307288448_SIZE_1_1.05_2
GEN_39_FIT_0.8898623524838866_0.8903601713961347_0.8998187307288448_SIZE_1_1.05_2
GEN_40_FIT_0.8898623524838866_0.8903601713961347_0.8998187307288448_SIZE_1_1.05_2
Evaluating in sample:
[GEN_40|make_tuple(p, mkd)|0.8899]
[GEN_40|make_tuple(7, truediv(mkd, xvar))|0.8998]
Evaluating out-of-sample:
[GEN_40|make_tuple(p, mkd)|0.9641]
[GEN_40|make_tuple(7, truediv(mkd, xvar))|0.9477]
Stopped early in iteration 40, no improvement in 20 gens.
BENCHMARK: Evaluating in-sample:
[sklearn_default: make_tuple(1.0, truediv(1.0, mul(p, xvar)))|0.8870]
