Starting problem: mlr_rf
param:age_regularization:100000.0
param:algorithm:mupluslambda
param:constants_only:True
param:cxpb:0.25
param:early_stop_n:20
param:lambda_:100
param:max_number_operators:None
param:max_start_size:2
param:mu:20
param:ngen:300
param:optimize_constants:False
param:output_file:/home/gijsbers/symbolicdefaults/runs/mlr_rf_True_1.log
param:problem:mlr_rf
param:subset:1.0
param:task:None
param:warm_start:False
Benchmark problems: mlr_rf
Loading surrogates from file.
With fixed hyperparameters: {'num.trees': 500.0}:
And hyperparameters: ['num.trees', 'sample.fraction', 'min.node.size', 'mtry']:
START_TASK: 3
GEN_0_FIT_0.8693389384648176_0.8850818807196944_0.9023829347789704_SIZE_1_4.25_12
GEN_1_FIT_0.8776380542615622_0.8907441872216755_0.9035570283636433_SIZE_1_2.1_4
GEN_2_FIT_0.8776683183583414_0.8957266075053519_0.9037268108721801_SIZE_1_1.65_3
GEN_3_FIT_0.8945730471045962_0.9022727689884779_0.9037268108721801_SIZE_1_2.5_4
GEN_4_FIT_0.894838785606706_0.9007486062795602_0.9092574598569738_SIZE_1_2.1_4
GEN_5_FIT_0.8948430379421822_0.9044286773845001_0.9102575053881534_SIZE_1_2.2_3
GEN_6_FIT_0.8948724802627137_0.9031685587723451_0.910270430094415_SIZE_1_1.95_3
GEN_7_FIT_0.8684547095322378_0.8972347543320189_0.910270430094415_SIZE_1_1.7_3
GEN_8_FIT_0.894623516161764_0.9002661420994027_0.9104797827884237_SIZE_1_1.6_3
GEN_9_FIT_0.8948724802627137_0.8999640021094347_0.9109630008939311_SIZE_1_1.55_3
GEN_10_FIT_0.8948724802627137_0.901989088253386_0.9109630008939311_SIZE_1_1.75_3
GEN_11_FIT_0.8950115433957606_0.8995928300332864_0.9109630008939311_SIZE_1_1.45_4
GEN_12_FIT_0.895228036548727_0.8968015329832472_0.9109630008939311_SIZE_1_1.1_2
GEN_13_FIT_0.895228036548727_0.8975882812005075_0.9109630008939311_SIZE_1_1.15_2
GEN_14_FIT_0.895228036548727_0.8960313521659342_0.9112943488928752_SIZE_1_1.05_2
GEN_15_FIT_0.895228036548727_0.8968346677831416_0.9112943488928752_SIZE_1_1.1_2
GEN_16_FIT_0.895228036548727_0.8968907416477588_0.9123964345217903_SIZE_1_1.15_3
GEN_17_FIT_0.895228036548727_0.8968907416477588_0.9123964345217903_SIZE_1_1.15_3
GEN_18_FIT_0.895228036548727_0.8976950268481376_0.9123964345217903_SIZE_1_1.2_3
GEN_19_FIT_0.895228036548727_0.9025576703177297_0.9123964345217903_SIZE_1_1.6_3
GEN_20_FIT_0.8953081604588977_0.9075288843250494_0.9123964345217903_SIZE_1_1.95_3
Evaluating in sample:
[GEN_20|make_tuple(0.5050877433211584, 1, 6)|0.8953]
[GEN_20|make_tuple(0.620782691834568, pow(0.007060032904040222, 0.09986666808294795), 6)|0.9113]
[GEN_20|make_tuple(0.620782691834568, pow(mul(2, 0.007060032904040222), 0.09996745108890553), 6)|0.9124]
Evaluating out-of-sample:
[GEN_20|make_tuple(0.5050877433211584, 1, 6)|0.9950]
[GEN_20|make_tuple(0.620782691834568, pow(0.007060032904040222, 0.09986666808294795), 6)|0.9828]
[GEN_20|make_tuple(0.620782691834568, pow(mul(2, 0.007060032904040222), 0.09996745108890553), 6)|0.9892]
GEN_21_FIT_0.8953081604588977_0.9055134478767564_0.9123964345217903_SIZE_1_2.1_3
GEN_22_FIT_0.8953081604588977_0.8978427469712983_0.912776882978665_SIZE_1_1.2_3
GEN_23_FIT_0.8953081604588977_0.8962142418899095_0.9134297890791356_SIZE_1_1.05_2
GEN_24_FIT_0.8953081604588977_0.8962142418899095_0.9134297890791356_SIZE_1_1.05_2
GEN_25_FIT_0.8953081604588977_0.8962142418899095_0.9134297890791356_SIZE_1_1.05_2
GEN_26_FIT_0.8953081604588977_0.8971203233209213_0.9134297890791356_SIZE_1_1.1_2
GEN_27_FIT_0.8953081604588977_0.8971203233209213_0.9134297890791356_SIZE_1_1.1_2
GEN_28_FIT_0.8953081604588977_0.8971203233209213_0.9134297890791356_SIZE_1_1.1_2
GEN_29_FIT_0.8953081604588977_0.9006940387863779_0.9134297890791356_SIZE_1_1.35_3
GEN_30_FIT_0.8953081604588977_0.9061562038973505_0.9134297890791356_SIZE_1_1.65_3
GEN_31_FIT_0.8954010033515863_0.9116269105063806_0.9134297890791356_SIZE_1_1.9_2
GEN_32_FIT_0.8920834240837828_0.9068441330206019_0.9140262362850486_SIZE_1_1.7_3
GEN_33_FIT_0.8952544176729691_0.8990463392412693_0.9140262362850486_SIZE_1_1.3_3
GEN_34_FIT_0.8954010033515863_0.8990924546848476_0.9140262362850486_SIZE_1_1.3_3
GEN_35_FIT_0.8954010033515863_0.8981676926209573_0.9141562279407044_SIZE_1_1.2_3
GEN_36_FIT_0.8954010033515863_0.8981676926209573_0.9141562279407044_SIZE_1_1.2_3
GEN_37_FIT_0.8954010033515863_0.8981676926209573_0.9141562279407044_SIZE_1_1.2_3
GEN_38_FIT_0.8954010033515863_0.8981676926209573_0.9141562279407044_SIZE_1_1.2_3
GEN_39_FIT_0.8954010033515863_0.8981743944238625_0.9142902639988087_SIZE_1_1.2_3
GEN_40_FIT_0.8954010033515863_0.8981743944238625_0.9142902639988087_SIZE_1_1.2_3
Evaluating in sample:
[GEN_40|make_tuple(0.5062221835058176, 1, 6)|0.8954]
[GEN_40|make_tuple(0.6177609793659923, pow(0.007060032904040222, 0.0877202135706957), 5)|0.9137]
[GEN_40|make_tuple(0.6177609793659923, pow(0.007454296386084194, 0.08887600962769278), add(0.30956244718925074, 5))|0.9143]
Evaluating out-of-sample:
[GEN_40|make_tuple(0.5062221835058176, 1, 6)|0.9952]
[GEN_40|make_tuple(0.6177609793659923, pow(0.007060032904040222, 0.0877202135706957), 5)|0.9893]
[GEN_40|make_tuple(0.6177609793659923, pow(0.007454296386084194, 0.08887600962769278), add(0.30956244718925074, 5))|0.9894]
GEN_41_FIT_0.8954010033515863_0.8981743944238625_0.9142902639988087_SIZE_1_1.2_3
GEN_42_FIT_0.8954010033515863_0.8991188574562237_0.9142902639988087_SIZE_1_1.3_3
GEN_43_FIT_0.8954010033515863_0.8991208919216662_0.9143106086532343_SIZE_1_1.3_3
GEN_44_FIT_0.8954010033515863_0.8991208919216662_0.9143106086532343_SIZE_1_1.3_3
GEN_45_FIT_0.8954010033515863_0.8991208919216662_0.9143106086532343_SIZE_1_1.3_3
GEN_46_FIT_0.8954010033515863_0.8991208919216662_0.9143106086532343_SIZE_1_1.3_3
GEN_47_FIT_0.8954010033515863_0.8991208919216662_0.9143106086532343_SIZE_1_1.3_3
GEN_48_FIT_0.8954010033515863_0.8991208919216662_0.9143106086532343_SIZE_1_1.3_3
GEN_49_FIT_0.8954010033515863_0.8991208919216662_0.9143106086532343_SIZE_1_1.3_3
GEN_50_FIT_0.8954010033515863_0.8991208919216662_0.9143106086532343_SIZE_1_1.3_3
GEN_51_FIT_0.8954010033515863_0.9055213610020626_0.9143106086532343_SIZE_1_1.7_3
GEN_52_FIT_0.8954313128360959_0.9119884516397713_0.9143106086532343_SIZE_1_2.1_3
GEN_53_FIT_0.8952875415116824_0.9085064776839463_0.9143106086532343_SIZE_1_2.25_4
GEN_54_FIT_0.8954313128360959_0.9123712234913015_0.9143106086532343_SIZE_1_2.7_3
GEN_55_FIT_0.8942153851266427_0.9109987630823433_0.9144005228306499_SIZE_1_2.0_3
GEN_56_FIT_0.8952875415116824_0.9065569494063297_0.9144005228306499_SIZE_1_1.85_3
GEN_57_FIT_0.8954313128360959_0.9028376558400357_0.9144005228306499_SIZE_1_1.5_3
GEN_58_FIT_0.8954313128360959_0.8991647078370459_0.9144005228306499_SIZE_1_1.3_3
GEN_59_FIT_0.8954313128360959_0.8991647078370459_0.9144005228306499_SIZE_1_1.3_3
GEN_60_FIT_0.8954313128360959_0.8991647078370459_0.9144005228306499_SIZE_1_1.3_3
Evaluating in sample:
[GEN_60|make_tuple(0.5067845794882616, 1, 6)|0.8954]
[GEN_60|make_tuple(0.6177609793659923, pow(0.006865448039098297, 0.0877202135706957), 5)|0.9138]
[GEN_60|make_tuple(0.6177609793659923, pow(0.006865448039098297, 0.0877202135706957), add(0.030574733251685325, 5))|0.9144]
Evaluating out-of-sample:
[GEN_60|make_tuple(0.5067845794882616, 1, 6)|0.9952]
[GEN_60|make_tuple(0.6177609793659923, pow(0.006865448039098297, 0.0877202135706957), 5)|0.9893]
[GEN_60|make_tuple(0.6177609793659923, pow(0.006865448039098297, 0.0877202135706957), add(0.030574733251685325, 5))|0.9894]
GEN_61_FIT_0.8954313128360959_0.8991647078370459_0.9144005228306499_SIZE_1_1.3_3
GEN_62_FIT_0.8954313128360959_0.8991647078370459_0.9144005228306499_SIZE_1_1.3_3
GEN_63_FIT_0.8954313128360959_0.8991647078370459_0.9144005228306499_SIZE_1_1.3_3
GEN_64_FIT_0.8954313128360959_0.8991647078370459_0.9144005228306499_SIZE_1_1.3_3
GEN_65_FIT_0.8954313128360959_0.8991647078370459_0.9144005228306499_SIZE_1_1.3_3
GEN_66_FIT_0.8954313128360959_0.8991647078370459_0.9144005228306499_SIZE_1_1.3_3
GEN_67_FIT_0.8954313128360959_0.8991647078370459_0.9144005228306499_SIZE_1_1.3_3
GEN_68_FIT_0.8954313128360959_0.8991647078370459_0.9144005228306499_SIZE_1_1.3_3
GEN_69_FIT_0.8954313128360959_0.8991647078370459_0.9144005228306499_SIZE_1_1.3_3
GEN_70_FIT_0.8954313128360959_0.8991647078370459_0.9144005228306499_SIZE_1_1.3_3
GEN_71_FIT_0.8954313128360959_0.8982164817255957_0.9144052105961967_SIZE_1_1.2_3
GEN_72_FIT_0.8954313128360959_0.8982164817255957_0.9144052105961967_SIZE_1_1.2_3
GEN_73_FIT_0.8954313128360959_0.8991651766136005_0.9144052105961967_SIZE_1_1.3_3
GEN_74_FIT_0.8954313128360959_0.8991658550645841_0.9144052105961967_SIZE_1_1.3_3
GEN_75_FIT_0.8954313128360959_0.8991658550645841_0.9144052105961967_SIZE_1_1.3_3
GEN_76_FIT_0.8954313128360959_0.8991658550645841_0.9144052105961967_SIZE_1_1.3_3
GEN_77_FIT_0.8954313128360959_0.8991658550645841_0.9144052105961967_SIZE_1_1.3_3
GEN_78_FIT_0.8954313128360959_0.8991658550645841_0.9144052105961967_SIZE_1_1.3_3
GEN_79_FIT_0.8954313128360959_0.8991658550645841_0.9144052105961967_SIZE_1_1.3_3
GEN_80_FIT_0.8954313128360959_0.8991658550645841_0.9144052105961967_SIZE_1_1.3_3
Evaluating in sample:
[GEN_80|make_tuple(0.5067845794882616, 1, 6)|0.8954]
[GEN_80|make_tuple(0.6177609793659923, pow(0.006865448039098297, 0.08793944920415599), 5)|0.9138]
[GEN_80|make_tuple(0.6177609793659923, pow(0.006865448039098297, 0.08793944920415599), add(0.0013046936376360787, 5))|0.9144]
Evaluating out-of-sample:
[GEN_80|make_tuple(0.5067845794882616, 1, 6)|0.9952]
[GEN_80|make_tuple(0.6177609793659923, pow(0.006865448039098297, 0.08793944920415599), 5)|0.9893]
[GEN_80|make_tuple(0.6177609793659923, pow(0.006865448039098297, 0.08793944920415599), add(0.0013046936376360787, 5))|0.9894]
GEN_81_FIT_0.8954313128360959_0.8982173994545006_0.9144099961546288_SIZE_1_1.2_3
GEN_82_FIT_0.8954313128360959_0.8991665757473791_0.9144099961546288_SIZE_1_1.3_3
GEN_83_FIT_0.8954313128360959_0.8991665757473791_0.9144099961546288_SIZE_1_1.3_3
GEN_84_FIT_0.8954313128360959_0.8991665757473791_0.9144099961546288_SIZE_1_1.3_3
GEN_85_FIT_0.8954313128360959_0.8991665757473791_0.9144099961546288_SIZE_1_1.3_3
GEN_86_FIT_0.8954313128360959_0.8991665757473791_0.9144099961546288_SIZE_1_1.3_3
GEN_87_FIT_0.8954313128360959_0.8991665757473791_0.9144099961546288_SIZE_1_1.3_3
GEN_88_FIT_0.8954313128360959_0.8991665757473791_0.9144099961546288_SIZE_1_1.3_3
GEN_89_FIT_0.8954313128360959_0.8991665757473791_0.9144099961546288_SIZE_1_1.3_3
GEN_90_FIT_0.8954313128360959_0.8991665757473791_0.9144099961546288_SIZE_1_1.3_3
GEN_91_FIT_0.8954313128360959_0.8991665757473791_0.9144099961546288_SIZE_1_1.3_3
GEN_92_FIT_0.8954313128360959_0.8991665757473791_0.9144099961546288_SIZE_1_1.3_3
GEN_93_FIT_0.8954313128360959_0.8991665757473791_0.9144099961546288_SIZE_1_1.3_3
GEN_94_FIT_0.8954313128360959_0.8991665757473791_0.9144099961546288_SIZE_1_1.3_3
GEN_95_FIT_0.8954313128360959_0.8991665757473791_0.9144099961546288_SIZE_1_1.3_3
GEN_96_FIT_0.8954313128360959_0.8991665757473791_0.9144099961546288_SIZE_1_1.3_3
GEN_97_FIT_0.8954313128360959_0.8991665757473791_0.9144099961546288_SIZE_1_1.3_3
GEN_98_FIT_0.8954313128360959_0.8991665757473791_0.9144099961546288_SIZE_1_1.3_3
GEN_99_FIT_0.8954313128360959_0.8991665757473791_0.9144099961546288_SIZE_1_1.3_3
GEN_100_FIT_0.8954313128360959_0.8982178071664656_0.9144133078548903_SIZE_1_1.2_3
Evaluating in sample:
[GEN_100|make_tuple(0.5067845794882616, 1, 6)|0.8954]
[GEN_100|make_tuple(0.6177609793659923, pow(0.0068921910015885355, 0.08793944920415599), 5)|0.9138]
[GEN_100|make_tuple(0.6189164559151433, pow(0.0068921910015885355, 0.08793944920415599), add(0.006726938567574491, 5))|0.9144]
Evaluating out-of-sample:
[GEN_100|make_tuple(0.5067845794882616, 1, 6)|0.9952]
[GEN_100|make_tuple(0.6177609793659923, pow(0.0068921910015885355, 0.08793944920415599), 5)|0.9893]
[GEN_100|make_tuple(0.6189164559151433, pow(0.0068921910015885355, 0.08793944920415599), add(0.006726938567574491, 5))|0.9894]
GEN_101_FIT_0.8954313128360959_0.8972991873913159_0.9144133078548903_SIZE_1_1.15_3
GEN_102_FIT_0.8954313128360959_0.899167061946536_0.9144133078548903_SIZE_1_1.3_3
GEN_103_FIT_0.8954313128360959_0.899167061946536_0.9144133078548903_SIZE_1_1.3_3
GEN_104_FIT_0.8954313128360959_0.899167061946536_0.9144133078548903_SIZE_1_1.3_3
GEN_105_FIT_0.8954313128360959_0.899167061946536_0.9144133078548903_SIZE_1_1.3_3
GEN_106_FIT_0.8954313128360959_0.899167061946536_0.9144133078548903_SIZE_1_1.3_3
GEN_107_FIT_0.8954313128360959_0.899167061946536_0.9144133078548903_SIZE_1_1.3_3
GEN_108_FIT_0.8954313128360959_0.899167061946536_0.9144133078548903_SIZE_1_1.3_3
GEN_109_FIT_0.8954313128360959_0.899167061946536_0.9144133078548903_SIZE_1_1.3_3
GEN_110_FIT_0.8954313128360959_0.899167061946536_0.9144133078548903_SIZE_1_1.3_3
GEN_111_FIT_0.8954313128360959_0.899167061946536_0.9144133078548903_SIZE_1_1.3_3
GEN_112_FIT_0.8954313128360959_0.899167061946536_0.9144133078548903_SIZE_1_1.3_3
GEN_113_FIT_0.8954313128360959_0.899167061946536_0.9144133078548903_SIZE_1_1.3_3
GEN_114_FIT_0.8954313128360959_0.899167061946536_0.9144133078548903_SIZE_1_1.3_3
GEN_115_FIT_0.8954313128360959_0.899167061946536_0.9144133078548903_SIZE_1_1.3_3
GEN_116_FIT_0.8954313128360959_0.899167061946536_0.9144133078548903_SIZE_1_1.3_3
GEN_117_FIT_0.8954313128360959_0.899167061946536_0.9144133078548903_SIZE_1_1.3_3
GEN_118_FIT_0.8954313128360959_0.899167061946536_0.9144133078548903_SIZE_1_1.3_3
GEN_119_FIT_0.8954313128360959_0.899167061946536_0.9144133078548903_SIZE_1_1.3_3
GEN_120_FIT_0.8954313128360959_0.899167061946536_0.9144133078548903_SIZE_1_1.3_3
Evaluating in sample:
[GEN_120|make_tuple(0.5067845794882616, 1, 6)|0.8954]
[GEN_120|make_tuple(0.6189164559151433, pow(0.0068921910015885355, 0.08793944920415599), 5)|0.9138]
[GEN_120|make_tuple(0.6189164559151433, pow(0.0068921910015885355, 0.08793944920415599), add(0.006726938567574491, 5))|0.9144]
Evaluating out-of-sample:
[GEN_120|make_tuple(0.5067845794882616, 1, 6)|0.9952]
[GEN_120|make_tuple(0.6189164559151433, pow(0.0068921910015885355, 0.08793944920415599), 5)|0.9893]
[GEN_120|make_tuple(0.6189164559151433, pow(0.0068921910015885355, 0.08793944920415599), add(0.006726938567574491, 5))|0.9894]
GEN_121_FIT_0.8954313128360959_0.899167061946536_0.9144133078548903_SIZE_1_1.3_3
Evaluating in sample:
[GEN_121|make_tuple(0.5067845794882616, 1, 6)|0.8954]
[GEN_121|make_tuple(0.6189164559151433, pow(0.0068921910015885355, 0.08793944920415599), 5)|0.9138]
[GEN_121|make_tuple(0.6189164559151433, pow(0.0068921910015885355, 0.08793944920415599), add(0.006726938567574491, 5))|0.9144]
Evaluating out-of-sample:
[GEN_121|make_tuple(0.5067845794882616, 1, 6)|0.9952]
[GEN_121|make_tuple(0.6189164559151433, pow(0.0068921910015885355, 0.08793944920415599), 5)|0.9893]
[GEN_121|make_tuple(0.6189164559151433, pow(0.0068921910015885355, 0.08793944920415599), add(0.006726938567574491, 5))|0.9894]
Stopped early in iteration 121, no improvement in 20 gens.
START_TASK: 6
GEN_0_FIT_0.8694518495962086_0.8868017155730211_0.9063559752082877_SIZE_1_4.5_12
GEN_1_FIT_0.8846717954764419_0.8981333048569354_0.9085785969087681_SIZE_1_4.9_10
GEN_2_FIT_0.8867478549584399_0.9014721026364596_0.9107354750278371_SIZE_1_5.2_10
GEN_3_FIT_0.8867478549584399_0.9027441219168161_0.9118406477449852_SIZE_1_4.7_10
GEN_4_FIT_0.8929492585878787_0.9043743819653315_0.9118406477449852_SIZE_1_5.35_11
GEN_5_FIT_0.8948853807490535_0.9064176456916723_0.9118406477449852_SIZE_1_5.8_11
GEN_6_FIT_0.8948853807490535_0.9012585455786599_0.911959888295094_SIZE_1_3.4_10
GEN_7_FIT_0.8951004668797765_0.9015283631285664_0.911959888295094_SIZE_1_3.15_9
GEN_8_FIT_0.8951004668797765_0.9065564036182348_0.911959888295094_SIZE_1_4.5_9
GEN_9_FIT_0.8952701751028342_0.9045109821806113_0.912043837587974_SIZE_1_3.7_9
GEN_10_FIT_0.8955350136456335_0.9050063765141175_0.9121015827825384_SIZE_1_3.5_8
GEN_11_FIT_0.8955410122327282_0.9078288587522279_0.9122485254230634_SIZE_1_3.9_8
GEN_12_FIT_0.8955410122327282_0.9020178255041433_0.9124412438677345_SIZE_1_2.5_8
GEN_13_FIT_0.8959087386968454_0.8990913001747247_0.9124412438677345_SIZE_1_1.4_4
GEN_14_FIT_0.8959087386968454_0.8991187364575319_0.9124412438677345_SIZE_1_1.45_4
GEN_15_FIT_0.8959087386968454_0.9006754837011295_0.9124412438677345_SIZE_1_1.6_4
GEN_16_FIT_0.8959087386968454_0.9006754837011295_0.9124412438677345_SIZE_1_1.6_4
GEN_17_FIT_0.8959087386968454_0.8999352111696541_0.9124412438677345_SIZE_1_1.55_4
GEN_18_FIT_0.8959087386968454_0.8999352111696541_0.9124412438677345_SIZE_1_1.55_4
GEN_19_FIT_0.8959087386968454_0.9006927872749507_0.9124412438677345_SIZE_1_1.6_4
GEN_20_FIT_0.8959087386968454_0.9006927872749507_0.9124412438677345_SIZE_1_1.6_4
Evaluating in sample:
[GEN_20|make_tuple(0.5566618467293207, 3, 6)|0.8959]
[GEN_20|make_tuple(0.6024888498642633, expit(1), 6)|0.9111]
[GEN_20|make_tuple(0.6234572932789694, expit(expit(2)), 6)|0.9121]
[GEN_20|make_tuple(0.6234572932789694, expit(expit(2)), mul(0.01808157780638365, 281))|0.9124]
Evaluating out-of-sample:
[GEN_20|make_tuple(0.5566618467293207, 3, 6)|0.9173]
[GEN_20|make_tuple(0.6024888498642633, expit(1), 6)|0.9715]
[GEN_20|make_tuple(0.6234572932789694, expit(expit(2)), 6)|0.9749]
[GEN_20|make_tuple(0.6234572932789694, expit(expit(2)), mul(0.01808157780638365, 281))|0.9759]
GEN_21_FIT_0.8959087386968454_0.9006927872749507_0.9124412438677345_SIZE_1_1.6_4
GEN_22_FIT_0.8959087386968454_0.9006927872749507_0.9124412438677345_SIZE_1_1.6_4
GEN_23_FIT_0.8959087386968454_0.9006927872749507_0.9124412438677345_SIZE_1_1.6_4
GEN_24_FIT_0.8959087386968454_0.9006927872749507_0.9124412438677345_SIZE_1_1.6_4
GEN_25_FIT_0.8959087386968454_0.9006927872749507_0.9124412438677345_SIZE_1_1.6_4
GEN_26_FIT_0.8959087386968454_0.9006927872749507_0.9124412438677345_SIZE_1_1.6_4
GEN_27_FIT_0.8959087386968454_0.9006927872749507_0.9124412438677345_SIZE_1_1.6_4
GEN_28_FIT_0.8959087386968454_0.9006927872749507_0.9124412438677345_SIZE_1_1.6_4
GEN_29_FIT_0.8959087386968454_0.9006927872749507_0.9124412438677345_SIZE_1_1.6_4
GEN_30_FIT_0.8959087386968454_0.9006927872749507_0.9124412438677345_SIZE_1_1.6_4
GEN_31_FIT_0.8959087386968454_0.8998862698587644_0.9124412438677345_SIZE_1_1.5_4
GEN_32_FIT_0.8959087386968454_0.900695398293001_0.9124412438677345_SIZE_1_1.6_4
GEN_33_FIT_0.8959087386968454_0.900695398293001_0.9124412438677345_SIZE_1_1.6_4
GEN_34_FIT_0.8959087386968454_0.900695398293001_0.9124412438677345_SIZE_1_1.6_4
Evaluating in sample:
[GEN_34|make_tuple(0.5566618467293207, 3, 6)|0.8959]
[GEN_34|make_tuple(0.6024888498642633, expit(1), 6)|0.9111]
[GEN_34|make_tuple(0.6195207252286344, expit(expit(2)), 6)|0.9121]
[GEN_34|make_tuple(0.6234572932789694, expit(expit(2)), mul(0.01808157780638365, 281))|0.9124]
Evaluating out-of-sample:
[GEN_34|make_tuple(0.5566618467293207, 3, 6)|0.9173]
[GEN_34|make_tuple(0.6024888498642633, expit(1), 6)|0.9715]
[GEN_34|make_tuple(0.6195207252286344, expit(expit(2)), 6)|0.9745]
[GEN_34|make_tuple(0.6234572932789694, expit(expit(2)), mul(0.01808157780638365, 281))|0.9759]
Stopped early in iteration 34, no improvement in 20 gens.
START_TASK: 11
GEN_0_FIT_0.8697550044225992_0.8814618628653725_0.9051263190192809_SIZE_1_3.5_11
GEN_1_FIT_0.8704787277854534_0.8802142164491228_0.9051263190192809_SIZE_1_1.55_4
GEN_2_FIT_0.8704787277854534_0.8859093324607985_0.9063938967805825_SIZE_1_1.7_4
GEN_3_FIT_0.8708238229895549_0.8794056654467743_0.9063938967805825_SIZE_1_1.5_4
GEN_4_FIT_0.8708238229895549_0.8796667930299549_0.9077597197732243_SIZE_1_1.45_4
GEN_5_FIT_0.8708238229895549_0.8796667930299549_0.9077597197732243_SIZE_1_1.45_4
GEN_6_FIT_0.8708238229895549_0.8780055617713707_0.9106940334773359_SIZE_1_1.35_4
GEN_7_FIT_0.8708238229895549_0.8798986803124216_0.9120176004580396_SIZE_1_1.45_4
GEN_8_FIT_0.8708238229895549_0.8819583691858458_0.9120176004580396_SIZE_1_1.6_4
GEN_9_FIT_0.8708238229895549_0.8803006551262899_0.9120176004580396_SIZE_1_1.55_4
GEN_10_FIT_0.8708238229895549_0.8803349449797377_0.9120176004580396_SIZE_1_1.5_4
GEN_11_FIT_0.8708238229895549_0.8803437239604799_0.9120176004580396_SIZE_1_1.5_4
GEN_12_FIT_0.8708238229895549_0.8823370991728462_0.9120176004580396_SIZE_1_1.6_4
GEN_13_FIT_0.8708238229895549_0.8803655619273458_0.9120176004580396_SIZE_1_1.5_4
GEN_14_FIT_0.8708238229895549_0.8823807751065781_0.9120176004580396_SIZE_1_1.6_4
GEN_15_FIT_0.8708238229895549_0.8823807751065781_0.9120176004580396_SIZE_1_1.6_4
GEN_16_FIT_0.8708238229895549_0.8823807751065781_0.9120176004580396_SIZE_1_1.6_4
GEN_17_FIT_0.8708238229895549_0.8823807751065781_0.9120176004580396_SIZE_1_1.6_4
GEN_18_FIT_0.8708238229895549_0.8803479565841166_0.9125550074772941_SIZE_1_1.45_4
GEN_19_FIT_0.8708238229895549_0.8824345158085036_0.9125550074772941_SIZE_1_1.6_4
GEN_20_FIT_0.8708238229895549_0.8824345158085036_0.9125550074772941_SIZE_1_1.6_4
Evaluating in sample:
[GEN_20|make_tuple(7, 20, 5)|0.8708]
[GEN_20|make_tuple(19, if_gt(35, 12, 0.5332445223698995, 23), 5)|0.9049]
[GEN_20|make_tuple(mul(0.049224373604755754, 12), if_gt(33, 10, 0.5809076861668894, 23), 5)|0.9111]
[GEN_20|make_tuple(mul(add(0.004588419927271422, 0.045023966579147534), 12), if_gt(35, 9, 0.6431649387696474, 22), 5)|0.9126]
Evaluating out-of-sample:
[GEN_20|make_tuple(7, 20, 5)|0.8240]
[GEN_20|make_tuple(19, if_gt(35, 12, 0.5332445223698995, 23), 5)|0.8607]
[GEN_20|make_tuple(mul(0.049224373604755754, 12), if_gt(33, 10, 0.5809076861668894, 23), 5)|0.9232]
[GEN_20|make_tuple(mul(add(0.004588419927271422, 0.045023966579147534), 12), if_gt(35, 9, 0.6431649387696474, 22), 5)|0.9167]
GEN_21_FIT_0.8708238229895549_0.8824379128636097_0.9125550074772941_SIZE_1_1.6_4
GEN_22_FIT_0.8708238229895549_0.8824379128636097_0.9125550074772941_SIZE_1_1.6_4
GEN_23_FIT_0.8708238229895549_0.8824379128636097_0.9125550074772941_SIZE_1_1.6_4
GEN_24_FIT_0.8708238229895549_0.8824379128636097_0.9125550074772941_SIZE_1_1.6_4
GEN_25_FIT_0.8708238229895549_0.8824379128636097_0.9125550074772941_SIZE_1_1.6_4
GEN_26_FIT_0.8708238229895549_0.8824379128636097_0.9125550074772941_SIZE_1_1.6_4
GEN_27_FIT_0.8708238229895549_0.8824379128636097_0.9125550074772941_SIZE_1_1.6_4
GEN_28_FIT_0.8708238229895549_0.8824379128636097_0.9125550074772941_SIZE_1_1.6_4
GEN_29_FIT_0.8708238229895549_0.8824379128636097_0.9125550074772941_SIZE_1_1.6_4
GEN_30_FIT_0.8708238229895549_0.8805141370631713_0.9138218887916533_SIZE_1_1.45_4
GEN_31_FIT_0.8708238229895549_0.8826640403532762_0.9138218887916533_SIZE_1_1.6_4
GEN_32_FIT_0.8708238229895549_0.8826640403532762_0.9138218887916533_SIZE_1_1.6_4
GEN_33_FIT_0.8708238229895549_0.8826640403532762_0.9138218887916533_SIZE_1_1.6_4
GEN_34_FIT_0.8708238229895549_0.8805148290840116_0.9138357292084586_SIZE_1_1.45_4
GEN_35_FIT_0.8708238229895549_0.8826654243949568_0.9138357292084586_SIZE_1_1.6_4
GEN_36_FIT_0.8708238229895549_0.8826654243949568_0.9138357292084586_SIZE_1_1.6_4
GEN_37_FIT_0.8708238229895549_0.8806240012913774_0.9138357292084586_SIZE_1_1.5_4
GEN_38_FIT_0.8708238229895549_0.8806240012913774_0.9138357292084586_SIZE_1_1.5_4
GEN_39_FIT_0.8708238229895549_0.8827124439044931_0.9138357292084586_SIZE_1_1.6_4
GEN_40_FIT_0.8708238229895549_0.8827124439044931_0.9138357292084586_SIZE_1_1.6_4
Evaluating in sample:
[GEN_40|make_tuple(7, 20, 5)|0.8708]
[GEN_40|make_tuple(19, if_gt(35, 12, 0.5332445223698995, 23), 4)|0.9049]
[GEN_40|make_tuple(mul(0.049653816476681156, 12), if_gt(35, 26, 0.6431649387696474, 22), 5)|0.9126]
[GEN_40|make_tuple(mul(add(0.005114519436198835, 0.045762215809814565), 12), if_gt(35, 26, 0.6431649387696474, 22), 5)|0.9138]
Evaluating out-of-sample:
[GEN_40|make_tuple(7, 20, 5)|0.8240]
[GEN_40|make_tuple(19, if_gt(35, 12, 0.5332445223698995, 23), 4)|0.8436]
[GEN_40|make_tuple(mul(0.049653816476681156, 12), if_gt(35, 26, 0.6431649387696474, 22), 5)|0.9163]
[GEN_40|make_tuple(mul(add(0.005114519436198835, 0.045762215809814565), 12), if_gt(35, 26, 0.6431649387696474, 22), 5)|0.9129]
GEN_41_FIT_0.8708238229895549_0.8827124439044931_0.9138357292084586_SIZE_1_1.6_4
GEN_42_FIT_0.8708238229895549_0.8805644219121085_0.9138871955796697_SIZE_1_1.45_4
GEN_43_FIT_0.8708238229895549_0.8827175905416142_0.9138871955796697_SIZE_1_1.6_4
GEN_44_FIT_0.8708238229895549_0.8827175905416142_0.9138871955796697_SIZE_1_1.6_4
GEN_45_FIT_0.8708238229895549_0.8827175905416142_0.9138871955796697_SIZE_1_1.6_4
GEN_46_FIT_0.8708238229895549_0.8805662582695557_0.913923922728614_SIZE_1_1.45_4
GEN_47_FIT_0.8708238229895549_0.8827212632565086_0.913923922728614_SIZE_1_1.6_4
GEN_48_FIT_0.8708238229895549_0.8827212632565086_0.913923922728614_SIZE_1_1.6_4
GEN_49_FIT_0.8708238229895549_0.8827212632565086_0.913923922728614_SIZE_1_1.6_4
GEN_50_FIT_0.8708238229895549_0.8827212632565086_0.913923922728614_SIZE_1_1.6_4
GEN_51_FIT_0.8708238229895549_0.8805672164531613_0.9139430864007243_SIZE_1_1.45_4
GEN_52_FIT_0.8708238229895549_0.8827231796237196_0.9139430864007243_SIZE_1_1.6_4
GEN_53_FIT_0.8708238229895549_0.8827231796237196_0.9139430864007243_SIZE_1_1.6_4
GEN_54_FIT_0.8708238229895549_0.8827231796237196_0.9139430864007243_SIZE_1_1.6_4
GEN_55_FIT_0.8708238229895549_0.8827231796237196_0.9139430864007243_SIZE_1_1.6_4
GEN_56_FIT_0.8708238229895549_0.8827231796237196_0.9139430864007243_SIZE_1_1.6_4
GEN_57_FIT_0.8708238229895549_0.876393333959116_0.914003141044451_SIZE_1_1.2_3
GEN_58_FIT_0.8708238229895549_0.8785522998618609_0.914003141044451_SIZE_1_1.3_3
GEN_59_FIT_0.8708238229895549_0.8785522998618609_0.914003141044451_SIZE_1_1.3_3
GEN_60_FIT_0.8708238229895549_0.8785522998618609_0.914003141044451_SIZE_1_1.3_3
Evaluating in sample:
[GEN_60|make_tuple(7, 20, 5)|0.8708]
[GEN_60|make_tuple(19, if_gt(35, 12, 0.5332445223698995, 23), 4)|0.9049]
[GEN_60|make_tuple(mul(0.05153910503218879, 12), if_gt(35, 26, 0.6431649387696474, 21), 5)|0.9140]
Evaluating out-of-sample:
[GEN_60|make_tuple(7, 20, 5)|0.8240]
[GEN_60|make_tuple(19, if_gt(35, 12, 0.5332445223698995, 23), 4)|0.8436]
[GEN_60|make_tuple(mul(0.05153910503218879, 12), if_gt(35, 26, 0.6431649387696474, 21), 5)|0.9132]
GEN_61_FIT_0.8708238229895549_0.8785522998618609_0.914003141044451_SIZE_1_1.3_3
GEN_62_FIT_0.8708238229895549_0.8763933373828167_0.9140032095184617_SIZE_1_1.2_3
GEN_63_FIT_0.8708238229895549_0.8785523067092619_0.9140032095184617_SIZE_1_1.3_3
GEN_64_FIT_0.8708238229895549_0.8785523067092619_0.9140032095184617_SIZE_1_1.3_3
GEN_65_FIT_0.8708238229895549_0.8785523067092619_0.9140032095184617_SIZE_1_1.3_3
GEN_66_FIT_0.8708238229895549_0.8785523067092619_0.9140032095184617_SIZE_1_1.3_3
GEN_67_FIT_0.8708238229895549_0.8785523067092619_0.9140032095184617_SIZE_1_1.3_3
GEN_68_FIT_0.8708238229895549_0.8785523067092619_0.9140032095184617_SIZE_1_1.3_3
GEN_69_FIT_0.8708238229895549_0.8807356612622828_0.9144909140499707_SIZE_1_1.45_4
GEN_70_FIT_0.8708238229895549_0.8807356612622828_0.9144909140499707_SIZE_1_1.45_4
GEN_71_FIT_0.8708238229895549_0.8829190158153034_0.9144909140499707_SIZE_1_1.6_4
GEN_72_FIT_0.8708238229895549_0.8829190158153034_0.9144909140499707_SIZE_1_1.6_4
GEN_73_FIT_0.8708238229895549_0.8829190158153034_0.9144909140499707_SIZE_1_1.6_4
GEN_74_FIT_0.8708238229895549_0.8764177226093921_0.9144909140499707_SIZE_1_1.2_3
GEN_75_FIT_0.8708238229895549_0.8764177226093921_0.9144909140499707_SIZE_1_1.2_3
GEN_76_FIT_0.8708238229895549_0.8764177226093921_0.9144909140499707_SIZE_1_1.2_3
GEN_77_FIT_0.8708238229895549_0.8764177226093921_0.9144909140499707_SIZE_1_1.2_3
GEN_78_FIT_0.8708238229895549_0.8786010771624128_0.9144909140499707_SIZE_1_1.3_3
GEN_79_FIT_0.8708238229895549_0.8808142200043074_0.9150866798274467_SIZE_1_1.45_4
GEN_80_FIT_0.8708238229895549_0.8808142200043074_0.9150866798274467_SIZE_1_1.45_4
Evaluating in sample:
[GEN_80|make_tuple(7, 20, 5)|0.8708]
[GEN_80|make_tuple(19, if_gt(35, 12, 0.5332445223698995, 23), 4)|0.9049]
[GEN_80|make_tuple(mul(0.05155759922047133, 12), add(0.0022898933062395917, 0.6431649387696474), 5)|0.9145]
[GEN_80|make_tuple(mul(0.05155759922047133, 12), add(0.0022898933062395917, 0.6431649387696474), add(0.01001267971311822, 5))|0.9151]
Evaluating out-of-sample:
[GEN_80|make_tuple(7, 20, 5)|0.8240]
[GEN_80|make_tuple(19, if_gt(35, 12, 0.5332445223698995, 23), 4)|0.8436]
[GEN_80|make_tuple(mul(0.05155759922047133, 12), add(0.0022898933062395917, 0.6431649387696474), 5)|0.9096]
[GEN_80|make_tuple(mul(0.05155759922047133, 12), add(0.0022898933062395917, 0.6431649387696474), add(0.01001267971311822, 5))|0.9109]
GEN_81_FIT_0.8708238229895549_0.8808142200043074_0.9150866798274467_SIZE_1_1.45_4
GEN_82_FIT_0.8708238229895549_0.883027362846202_0.9150866798274467_SIZE_1_1.6_4
GEN_83_FIT_0.8708238229895549_0.883027362846202_0.9150866798274467_SIZE_1_1.6_4
GEN_84_FIT_0.8708238229895549_0.883027362846202_0.9150866798274467_SIZE_1_1.6_4
GEN_85_FIT_0.8708238229895549_0.883027362846202_0.9150866798274467_SIZE_1_1.6_4
GEN_86_FIT_0.8708238229895549_0.883027362846202_0.9150866798274467_SIZE_1_1.6_4
GEN_87_FIT_0.8708238229895549_0.883027362846202_0.9150866798274467_SIZE_1_1.6_4
GEN_88_FIT_0.8708238229895549_0.883027362846202_0.9150866798274467_SIZE_1_1.6_4
GEN_89_FIT_0.8708238229895549_0.883027362846202_0.9150866798274467_SIZE_1_1.6_4
GEN_90_FIT_0.8708238229895549_0.883027362846202_0.9150866798274467_SIZE_1_1.6_4
GEN_91_FIT_0.8708238229895549_0.883027362846202_0.9150866798274467_SIZE_1_1.6_4
GEN_92_FIT_0.8708238229895549_0.883027362846202_0.9150866798274467_SIZE_1_1.6_4
GEN_93_FIT_0.8708238229895549_0.8808443664400402_0.9150866798274467_SIZE_1_1.5_4
GEN_94_FIT_0.8708238229895549_0.8830280791399199_0.9150866798274467_SIZE_1_1.6_4
GEN_95_FIT_0.8708238229895549_0.8830280791399199_0.9150866798274467_SIZE_1_1.6_4
GEN_96_FIT_0.8708238229895549_0.8830280791399199_0.9150866798274467_SIZE_1_1.6_4
GEN_97_FIT_0.8708238229895549_0.8830280791399199_0.9150866798274467_SIZE_1_1.6_4
GEN_98_FIT_0.8708238229895549_0.8808153128734499_0.9150942113359387_SIZE_1_1.45_4
GEN_99_FIT_0.8708238229895549_0.8830288322907691_0.9150942113359387_SIZE_1_1.6_4
GEN_100_FIT_0.8708238229895549_0.8830288322907691_0.9150942113359387_SIZE_1_1.6_4
Evaluating in sample:
[GEN_100|make_tuple(7, 20, 5)|0.8708]
[GEN_100|make_tuple(19, if_gt(35, 12, 0.5332445223698995, 23), 4)|0.9049]
[GEN_100|make_tuple(mul(0.05155759922047133, 12), add(0.0024770478945385266, 0.6431649387696474), 5)|0.9145]
[GEN_100|make_tuple(mul(0.05155759922047133, 12), add(0.0024770478945385266, 0.6431649387696474), add(0.002056335552525975, 5))|0.9151]
Evaluating out-of-sample:
[GEN_100|make_tuple(7, 20, 5)|0.8240]
[GEN_100|make_tuple(19, if_gt(35, 12, 0.5332445223698995, 23), 4)|0.8436]
[GEN_100|make_tuple(mul(0.05155759922047133, 12), add(0.0024770478945385266, 0.6431649387696474), 5)|0.9096]
[GEN_100|make_tuple(mul(0.05155759922047133, 12), add(0.0024770478945385266, 0.6431649387696474), add(0.002056335552525975, 5))|0.9109]
GEN_101_FIT_0.8708238229895549_0.8830288322907691_0.9150942113359387_SIZE_1_1.6_4
GEN_102_FIT_0.8708238229895549_0.8830288322907691_0.9150942113359387_SIZE_1_1.6_4
GEN_103_FIT_0.8708238229895549_0.8830288322907691_0.9150942113359387_SIZE_1_1.6_4
GEN_104_FIT_0.8708238229895549_0.8830288322907691_0.9150942113359387_SIZE_1_1.6_4
GEN_105_FIT_0.8708238229895549_0.8830288322907691_0.9150942113359387_SIZE_1_1.6_4
GEN_106_FIT_0.8708238229895549_0.8830288322907691_0.9150942113359387_SIZE_1_1.6_4
GEN_107_FIT_0.8708238229895549_0.8830288322907691_0.9150942113359387_SIZE_1_1.6_4
GEN_108_FIT_0.8708238229895549_0.8830288322907691_0.9150942113359387_SIZE_1_1.6_4
GEN_109_FIT_0.8708238229895549_0.8830288322907691_0.9150942113359387_SIZE_1_1.6_4
GEN_110_FIT_0.8708238229895549_0.8830288322907691_0.9150942113359387_SIZE_1_1.6_4
GEN_111_FIT_0.8708238229895549_0.8830288322907691_0.9150942113359387_SIZE_1_1.6_4
GEN_112_FIT_0.8708238229895549_0.8830288322907691_0.9150942113359387_SIZE_1_1.6_4
GEN_113_FIT_0.8708238229895549_0.8830288322907691_0.9150942113359387_SIZE_1_1.6_4
GEN_114_FIT_0.8708238229895549_0.8830288322907691_0.9150942113359387_SIZE_1_1.6_4
GEN_115_FIT_0.8708238229895549_0.8830288322907691_0.9150942113359387_SIZE_1_1.6_4
GEN_116_FIT_0.8708238229895549_0.8830288322907691_0.9150942113359387_SIZE_1_1.6_4
GEN_117_FIT_0.8708238229895549_0.8830288322907691_0.9150942113359387_SIZE_1_1.6_4
GEN_118_FIT_0.8708238229895549_0.8830288322907691_0.9150942113359387_SIZE_1_1.6_4
GEN_119_FIT_0.8708238229895549_0.8830288322907691_0.9150942113359387_SIZE_1_1.6_4
Evaluating in sample:
[GEN_119|make_tuple(7, 20, 5)|0.8708]
[GEN_119|make_tuple(19, if_gt(35, 12, 0.5332445223698995, 23), 4)|0.9049]
[GEN_119|make_tuple(mul(0.05155759922047133, 12), add(0.0024770478945385266, 0.6431649387696474), 5)|0.9145]
[GEN_119|make_tuple(mul(0.05155759922047133, 12), add(0.0024770478945385266, 0.6431649387696474), add(0.002056335552525975, 5))|0.9151]
Evaluating out-of-sample:
[GEN_119|make_tuple(7, 20, 5)|0.8240]
[GEN_119|make_tuple(19, if_gt(35, 12, 0.5332445223698995, 23), 4)|0.8436]
[GEN_119|make_tuple(mul(0.05155759922047133, 12), add(0.0024770478945385266, 0.6431649387696474), 5)|0.9096]
[GEN_119|make_tuple(mul(0.05155759922047133, 12), add(0.0024770478945385266, 0.6431649387696474), add(0.002056335552525975, 5))|0.9109]
Stopped early in iteration 119, no improvement in 20 gens.
START_TASK: 12
GEN_0_FIT_0.8666490126272309_0.8742967345158638_0.8988462351516895_SIZE_1_3.15_9
GEN_1_FIT_0.8730392849823377_0.8875706052692982_0.8989628664664452_SIZE_1_2.75_6
GEN_2_FIT_0.8776606836523143_0.8938133403536543_0.9020404102744644_SIZE_1_2.85_6
GEN_3_FIT_0.8809091379875331_0.8920186054372132_0.9027113692668184_SIZE_1_2.0_4
GEN_4_FIT_0.8913592084430338_0.8988823236064789_0.9027113692668184_SIZE_1_2.35_4
GEN_5_FIT_0.8924865612115119_0.9015130299078855_0.9081806671054816_SIZE_1_2.75_4
GEN_6_FIT_0.8691436809149854_0.8968700764216034_0.908351087896048_SIZE_1_2.15_4
GEN_7_FIT_0.8935724131697695_0.9015168031684816_0.908351087896048_SIZE_1_2.3_4
GEN_8_FIT_0.8935724131697695_0.899574024522755_0.908740241387632_SIZE_1_1.55_3
GEN_9_FIT_0.8940638604068561_0.9041030103106236_0.908740241387632_SIZE_1_1.95_3
GEN_10_FIT_0.8940638604068561_0.898511421694988_0.9089291613112366_SIZE_1_1.4_3
GEN_11_FIT_0.8942095682419593_0.8971845095453826_0.9089291613112366_SIZE_1_1.2_2
GEN_12_FIT_0.8942719006088664_0.8979935192889448_0.9099207982242786_SIZE_1_1.25_2
GEN_13_FIT_0.8942719006088664_0.901795681866371_0.9099207982242786_SIZE_1_1.5_2
GEN_14_FIT_0.8944263337855387_0.8976942132206712_0.9099207982242786_SIZE_1_1.2_2
GEN_15_FIT_0.8952899285424242_0.8997717140892126_0.9106861363884581_SIZE_1_1.4_3
GEN_16_FIT_0.8952899285424242_0.9014374317709015_0.9119696635412363_SIZE_1_1.55_3
GEN_17_FIT_0.8956280399436526_0.8964451211235318_0.9119696635412363_SIZE_1_1.05_2
GEN_18_FIT_0.8956280399436526_0.8972622023034109_0.9119696635412363_SIZE_1_1.1_2
GEN_19_FIT_0.8956280399436526_0.8972622023034109_0.9119696635412363_SIZE_1_1.1_2
GEN_20_FIT_0.8956280399436526_0.8972622023034109_0.9119696635412363_SIZE_1_1.1_2
Evaluating in sample:
[GEN_20|make_tuple(0.5059403584582174, 2, 6)|0.8956]
[GEN_20|make_tuple(0.6228536536436399, if_gt(6, 0.0037083706017287475, 0.7150154790738071, 7), 6)|0.9120]
Evaluating out-of-sample:
[GEN_20|make_tuple(0.5059403584582174, 2, 6)|0.9634]
[GEN_20|make_tuple(0.6228536536436399, if_gt(6, 0.0037083706017287475, 0.7150154790738071, 7), 6)|0.9883]
GEN_21_FIT_0.8956280399436526_0.8972622023034109_0.9119696635412363_SIZE_1_1.1_2
GEN_22_FIT_0.8956280399436526_0.8972622023034109_0.9119696635412363_SIZE_1_1.1_2
GEN_23_FIT_0.8956280399436526_0.8972622023034109_0.9119696635412363_SIZE_1_1.1_2
GEN_24_FIT_0.8956280399436526_0.8972622023034109_0.9119696635412363_SIZE_1_1.1_2
GEN_25_FIT_0.8956280399436526_0.8972622023034109_0.9119696635412363_SIZE_1_1.1_2
GEN_26_FIT_0.8956280399436526_0.8972622023034109_0.9119696635412363_SIZE_1_1.1_2
GEN_27_FIT_0.8956280399436526_0.8972622023034109_0.9119696635412363_SIZE_1_1.1_2
GEN_28_FIT_0.8956280399436526_0.8972622023034109_0.9119696635412363_SIZE_1_1.1_2
GEN_29_FIT_0.8956280399436526_0.8972622023034109_0.9119696635412363_SIZE_1_1.1_2
GEN_30_FIT_0.8956280399436526_0.8972622023034109_0.9119696635412363_SIZE_1_1.1_2
GEN_31_FIT_0.8956280399436526_0.8972622023034109_0.9119696635412363_SIZE_1_1.1_2
GEN_32_FIT_0.8956280399436526_0.8972622023034109_0.9119696635412363_SIZE_1_1.1_2
GEN_33_FIT_0.8956280399436526_0.8972622023034109_0.9119696635412363_SIZE_1_1.1_2
GEN_34_FIT_0.8956280399436526_0.8972622023034109_0.9119696635412363_SIZE_1_1.1_2
GEN_35_FIT_0.8956280399436526_0.8972622023034109_0.9119696635412363_SIZE_1_1.1_2
GEN_36_FIT_0.8956280399436526_0.8972622023034109_0.9119696635412363_SIZE_1_1.1_2
GEN_37_FIT_0.8956280399436526_0.8972622023034109_0.9119696635412363_SIZE_1_1.1_2
GEN_38_FIT_0.8956280399436526_0.8972622023034109_0.9119696635412363_SIZE_1_1.1_2
Evaluating in sample:
[GEN_38|make_tuple(0.5059403584582174, 2, 6)|0.8956]
[GEN_38|make_tuple(0.6228536536436399, if_gt(6, 0.0037083706017287475, 0.7150154790738071, 7), 6)|0.9120]
Evaluating out-of-sample:
[GEN_38|make_tuple(0.5059403584582174, 2, 6)|0.9634]
[GEN_38|make_tuple(0.6228536536436399, if_gt(6, 0.0037083706017287475, 0.7150154790738071, 7), 6)|0.9883]
Stopped early in iteration 38, no improvement in 20 gens.
START_TASK: 14
GEN_0_FIT_0.8689196250161243_0.8784593791916041_0.8990022954371482_SIZE_1_2.5_9
GEN_1_FIT_0.8692262294326737_0.8858853509839497_0.8990022954371482_SIZE_1_2.05_5
GEN_2_FIT_0.8938742578336035_0.8965468388613766_0.899705062736716_SIZE_1_1.8_3
GEN_3_FIT_0.8953429752558347_0.8966109207830011_0.9088626253912282_SIZE_1_1.1_2
GEN_4_FIT_0.8953429752558347_0.8987616072746872_0.9088626253912282_SIZE_1_1.25_2
GEN_5_FIT_0.8955563384924129_0.9035776648326518_0.9093767460839793_SIZE_1_1.6_2
GEN_6_FIT_0.8955563384924129_0.8978268450464137_0.911799855770578_SIZE_1_1.2_3
GEN_7_FIT_0.8955563384924129_0.9018167300214458_0.911799855770578_SIZE_1_1.5_3
GEN_8_FIT_0.8957933018186588_0.8973939572138508_0.911799855770578_SIZE_1_1.1_2
GEN_9_FIT_0.8957933018186588_0.8973939572138508_0.911799855770578_SIZE_1_1.1_2
GEN_10_FIT_0.8957933018186588_0.8973939572138508_0.911799855770578_SIZE_1_1.1_2
GEN_11_FIT_0.8957933018186588_0.8973939572138508_0.911799855770578_SIZE_1_1.1_2
GEN_12_FIT_0.8957933018186588_0.8973939572138508_0.911799855770578_SIZE_1_1.1_2
GEN_13_FIT_0.8957933018186588_0.8973939572138508_0.911799855770578_SIZE_1_1.1_2
GEN_14_FIT_0.8957933018186588_0.8973939572138508_0.911799855770578_SIZE_1_1.1_2
GEN_15_FIT_0.8957933018186588_0.8981954448663967_0.9118230548695764_SIZE_1_1.2_3
GEN_16_FIT_0.8957933018186588_0.8989969325189426_0.9118230548695764_SIZE_1_1.3_3
GEN_17_FIT_0.8957933018186588_0.8982022799349503_0.9119597562406471_SIZE_1_1.2_3
GEN_18_FIT_0.8957933018186588_0.8982022799349503_0.9119597562406471_SIZE_1_1.2_3
GEN_19_FIT_0.8957933018186588_0.8982022799349503_0.9119597562406471_SIZE_1_1.2_3
GEN_20_FIT_0.8957933018186588_0.896638452486496_0.9126963151754015_SIZE_1_1.05_2
Evaluating in sample:
[GEN_20|make_tuple(0.5068322756964028, 38, 6)|0.8958]
[GEN_20|make_tuple(0.6169044950076266, min(5, 0.6323194074807298), 5)|0.9127]
Evaluating out-of-sample:
[GEN_20|make_tuple(0.5068322756964028, 38, 6)|0.9524]
[GEN_20|make_tuple(0.6169044950076266, min(5, 0.6323194074807298), 5)|0.9884]
GEN_21_FIT_0.8957933018186588_0.8974836031543332_0.9126963151754015_SIZE_1_1.1_2
GEN_22_FIT_0.8957933018186588_0.8974836031543332_0.9126963151754015_SIZE_1_1.1_2
GEN_23_FIT_0.8957933018186588_0.8974836031543332_0.9126963151754015_SIZE_1_1.1_2
GEN_24_FIT_0.8957933018186588_0.8966576156182697_0.9130795778108728_SIZE_1_1.05_2
GEN_25_FIT_0.8957933018186588_0.8975219294178803_0.9130795778108728_SIZE_1_1.1_2
GEN_26_FIT_0.8957933018186588_0.8975219294178803_0.9130795778108728_SIZE_1_1.1_2
GEN_27_FIT_0.8957933018186588_0.8975219294178803_0.9130795778108728_SIZE_1_1.1_2
GEN_28_FIT_0.8957933018186588_0.8975219294178803_0.9130795778108728_SIZE_1_1.1_2
GEN_29_FIT_0.8957933018186588_0.8966829081962755_0.9135854293709921_SIZE_1_1.05_2
GEN_30_FIT_0.8957933018186588_0.8966829081962755_0.9135854293709921_SIZE_1_1.05_2
GEN_31_FIT_0.8957933018186588_0.8975725145738922_0.9135854293709921_SIZE_1_1.1_2
GEN_32_FIT_0.8957933018186588_0.8975725145738922_0.9135854293709921_SIZE_1_1.1_2
GEN_33_FIT_0.8957933018186588_0.8975725145738922_0.9135854293709921_SIZE_1_1.1_2
GEN_34_FIT_0.8957933018186588_0.8975725145738922_0.9135854293709921_SIZE_1_1.1_2
GEN_35_FIT_0.8957933018186588_0.8975725145738922_0.9135854293709921_SIZE_1_1.1_2
GEN_36_FIT_0.8957933018186588_0.8975725145738922_0.9135854293709921_SIZE_1_1.1_2
GEN_37_FIT_0.8957933018186588_0.8975725145738922_0.9135854293709921_SIZE_1_1.1_2
GEN_38_FIT_0.8957933018186588_0.8975725145738922_0.9135854293709921_SIZE_1_1.1_2
GEN_39_FIT_0.8957933018186588_0.8975725145738922_0.9135854293709921_SIZE_1_1.1_2
GEN_40_FIT_0.8957933018186588_0.8975725145738922_0.9135854293709921_SIZE_1_1.1_2
Evaluating in sample:
[GEN_40|make_tuple(0.5068322756964028, 38, 6)|0.8958]
[GEN_40|make_tuple(0.6169044950076266, min(4, 0.6443890390713645), 5)|0.9136]
Evaluating out-of-sample:
[GEN_40|make_tuple(0.5068322756964028, 38, 6)|0.9524]
[GEN_40|make_tuple(0.6169044950076266, min(4, 0.6443890390713645), 5)|0.9886]
GEN_41_FIT_0.8957933018186588_0.8975725145738922_0.9135854293709921_SIZE_1_1.1_2
GEN_42_FIT_0.8957933018186588_0.8975725145738922_0.9135854293709921_SIZE_1_1.1_2
GEN_43_FIT_0.8957933018186588_0.8975725145738922_0.9135854293709921_SIZE_1_1.1_2
GEN_44_FIT_0.8957933018186588_0.8975725145738922_0.9135854293709921_SIZE_1_1.1_2
GEN_45_FIT_0.8957933018186588_0.8975725145738922_0.9135854293709921_SIZE_1_1.1_2
GEN_46_FIT_0.8957933018186588_0.8975725145738922_0.9135854293709921_SIZE_1_1.1_2
GEN_47_FIT_0.8957933018186588_0.8975725145738922_0.9135854293709921_SIZE_1_1.1_2
GEN_48_FIT_0.8957933018186588_0.8975725145738922_0.9135854293709921_SIZE_1_1.1_2
GEN_49_FIT_0.8957933018186588_0.8984745436777626_0.913833883896065_SIZE_1_1.2_3
GEN_50_FIT_0.8957933018186588_0.8984745436777626_0.913833883896065_SIZE_1_1.2_3
GEN_51_FIT_0.8957933018186588_0.8993765727816327_0.913833883896065_SIZE_1_1.3_3
GEN_52_FIT_0.8957933018186588_0.8993765727816327_0.913833883896065_SIZE_1_1.3_3
GEN_53_FIT_0.8957933018186588_0.8993765727816327_0.913833883896065_SIZE_1_1.3_3
GEN_54_FIT_0.8957933018186588_0.8966953309225293_0.913833883896065_SIZE_1_1.05_2
GEN_55_FIT_0.8957933018186588_0.8966953309225293_0.913833883896065_SIZE_1_1.05_2
GEN_56_FIT_0.8957933018186588_0.8966953309225293_0.913833883896065_SIZE_1_1.05_2
GEN_57_FIT_0.8957933018186588_0.8975973600263994_0.913833883896065_SIZE_1_1.1_2
GEN_58_FIT_0.8957933018186588_0.8975973600263994_0.913833883896065_SIZE_1_1.1_2
GEN_59_FIT_0.8957933018186588_0.8975973600263994_0.913833883896065_SIZE_1_1.1_2
GEN_60_FIT_0.8957933018186588_0.8975973600263994_0.913833883896065_SIZE_1_1.1_2
Evaluating in sample:
[GEN_60|make_tuple(0.5068322756964028, 38, 6)|0.8958]
[GEN_60|make_tuple(0.6169044950076266, add(0.0010228118455960409, 0.6443890390713645), 5)|0.9138]
Evaluating out-of-sample:
[GEN_60|make_tuple(0.5068322756964028, 38, 6)|0.9524]
[GEN_60|make_tuple(0.6169044950076266, add(0.0010228118455960409, 0.6443890390713645), 5)|0.9886]
GEN_61_FIT_0.8957933018186588_0.8975973600263994_0.913833883896065_SIZE_1_1.1_2
GEN_62_FIT_0.8957933018186588_0.8975973600263994_0.913833883896065_SIZE_1_1.1_2
GEN_63_FIT_0.8957933018186588_0.8975973600263994_0.913833883896065_SIZE_1_1.1_2
GEN_64_FIT_0.8957933018186588_0.8975973600263994_0.913833883896065_SIZE_1_1.1_2
GEN_65_FIT_0.8957933018186588_0.8975973600263994_0.913833883896065_SIZE_1_1.1_2
GEN_66_FIT_0.8957933018186588_0.8975973600263994_0.913833883896065_SIZE_1_1.1_2
GEN_67_FIT_0.8957933018186588_0.8975973600263994_0.913833883896065_SIZE_1_1.1_2
GEN_68_FIT_0.8957933018186588_0.8975973600263994_0.913833883896065_SIZE_1_1.1_2
GEN_69_FIT_0.8957933018186588_0.8975973600263994_0.913833883896065_SIZE_1_1.1_2
GEN_70_FIT_0.8957933018186588_0.8975973600263994_0.913833883896065_SIZE_1_1.1_2
GEN_71_FIT_0.8957933018186588_0.8975973600263994_0.913833883896065_SIZE_1_1.1_2
GEN_72_FIT_0.8957933018186588_0.8975973600263994_0.913833883896065_SIZE_1_1.1_2
GEN_73_FIT_0.8957933018186588_0.8975973600263994_0.913833883896065_SIZE_1_1.1_2
GEN_74_FIT_0.8957933018186588_0.8975973600263994_0.913833883896065_SIZE_1_1.1_2
GEN_75_FIT_0.8957933018186588_0.8975973600263994_0.913833883896065_SIZE_1_1.1_2
Evaluating in sample:
[GEN_75|make_tuple(0.5068322756964028, 38, 6)|0.8958]
[GEN_75|make_tuple(0.6169044950076266, add(0.0010228118455960409, 0.6443890390713645), 5)|0.9138]
Evaluating out-of-sample:
[GEN_75|make_tuple(0.5068322756964028, 38, 6)|0.9524]
[GEN_75|make_tuple(0.6169044950076266, add(0.0010228118455960409, 0.6443890390713645), 5)|0.9886]
Stopped early in iteration 75, no improvement in 20 gens.
START_TASK: 15
GEN_0_FIT_0.8692825658543071_0.890984540663126_0.9022078641453987_SIZE_1_4.75_10
GEN_1_FIT_0.8936450727598819_0.8972189148866491_0.9074233765423984_SIZE_1_2.4_7
GEN_2_FIT_0.8951067812791711_0.9018838190290465_0.9094206836267863_SIZE_1_3.15_7
GEN_3_FIT_0.8951067812791711_0.9014409410445801_0.911161616008987_SIZE_1_1.7_5
GEN_4_FIT_0.8954686483516501_0.9000498958976527_0.9117502118670621_SIZE_1_1.4_3
GEN_5_FIT_0.8954708253741913_0.9033449105820412_0.9117502118670621_SIZE_1_1.65_3
GEN_6_FIT_0.8956455897590166_0.9089244017108691_0.9117502118670621_SIZE_1_1.95_3
GEN_7_FIT_0.894388034530023_0.905240978660828_0.911839244847292_SIZE_1_1.95_3
GEN_8_FIT_0.8956455897590166_0.9037738530475279_0.9119418618349189_SIZE_1_1.65_3
GEN_9_FIT_0.8958119589899128_0.8982324090459347_0.911961154420337_SIZE_1_1.25_4
GEN_10_FIT_0.8958119589899128_0.8982324090459347_0.911961154420337_SIZE_1_1.25_4
GEN_11_FIT_0.8958119589899128_0.8998504346879918_0.9120104367594619_SIZE_1_1.45_4
GEN_12_FIT_0.8958119589899128_0.8974595455114202_0.9124639763892831_SIZE_1_1.1_2
GEN_13_FIT_0.8958247986310789_0.8974887164068994_0.9124639763892831_SIZE_1_1.1_2
GEN_14_FIT_0.8958247986310789_0.8974887164068994_0.9124639763892831_SIZE_1_1.1_2
GEN_15_FIT_0.8958247986310789_0.8974887164068994_0.9124639763892831_SIZE_1_1.1_2
GEN_16_FIT_0.8958247986310789_0.8966780361558031_0.912889549125564_SIZE_1_1.05_2
GEN_17_FIT_0.8958247986310789_0.8975312736805273_0.912889549125564_SIZE_1_1.1_2
GEN_18_FIT_0.8958247986310789_0.8983878206133283_0.9129557372870974_SIZE_1_1.2_3
GEN_19_FIT_0.8958247986310789_0.8992443675461292_0.9129557372870974_SIZE_1_1.3_3
GEN_20_FIT_0.8958247986310789_0.8966813455638798_0.9129557372870974_SIZE_1_1.05_2
Evaluating in sample:
[GEN_20|make_tuple(0.5067312789747489, 49, 6)|0.8958]
[GEN_20|make_tuple(0.6170055620796306, add(0.017799334948504154, 0.6387766431427163), 5)|0.9130]
Evaluating out-of-sample:
[GEN_20|make_tuple(0.5067312789747489, 49, 6)|0.9487]
[GEN_20|make_tuple(0.6170055620796306, add(0.017799334948504154, 0.6387766431427163), 5)|0.9673]
GEN_21_FIT_0.8958247986310789_0.8975378924966808_0.9129557372870974_SIZE_1_1.1_2
GEN_22_FIT_0.8958247986310789_0.8967090988393812_0.913510802797124_SIZE_1_1.05_2
GEN_23_FIT_0.8958247986310789_0.8975933990476834_0.913510802797124_SIZE_1_1.1_2
GEN_24_FIT_0.8958247986310789_0.8975933990476834_0.913510802797124_SIZE_1_1.1_2
GEN_25_FIT_0.8958247986310789_0.8975933990476834_0.913510802797124_SIZE_1_1.1_2
GEN_26_FIT_0.8958247986310789_0.8975933990476834_0.913510802797124_SIZE_1_1.1_2
GEN_27_FIT_0.8958247986310789_0.8975933990476834_0.913510802797124_SIZE_1_1.1_2
GEN_28_FIT_0.8958247986310789_0.8975933990476834_0.913510802797124_SIZE_1_1.1_2
GEN_29_FIT_0.8958247986310789_0.8975933990476834_0.913510802797124_SIZE_1_1.1_2
GEN_30_FIT_0.8958247986310789_0.8975933990476834_0.913510802797124_SIZE_1_1.1_2
GEN_31_FIT_0.8958247986310789_0.8984892433589893_0.9137416848571953_SIZE_1_1.2_3
GEN_32_FIT_0.8958247986310789_0.8967325158145666_0.913979142300835_SIZE_1_1.05_2
GEN_33_FIT_0.8958247986310789_0.8976402329980544_0.913979142300835_SIZE_1_1.1_2
GEN_34_FIT_0.8958247986310789_0.8976402329980544_0.913979142300835_SIZE_1_1.1_2
GEN_35_FIT_0.8958247986310789_0.8976402329980544_0.913979142300835_SIZE_1_1.1_2
GEN_36_FIT_0.8958247986310789_0.8976402329980544_0.913979142300835_SIZE_1_1.1_2
GEN_37_FIT_0.8958247986310789_0.8976402329980544_0.913979142300835_SIZE_1_1.1_2
GEN_38_FIT_0.8958247986310789_0.8976402329980544_0.913979142300835_SIZE_1_1.1_2
GEN_39_FIT_0.8958247986310789_0.8967330837389923_0.9139905007893474_SIZE_1_1.05_2
GEN_40_FIT_0.8958247986310789_0.8976413688469057_0.9139905007893474_SIZE_1_1.1_2
Evaluating in sample:
[GEN_40|make_tuple(0.5067312789747489, 49, 6)|0.8958]
[GEN_40|make_tuple(0.6170055620796306, add(0.0032638681967661312, 0.6421858493000807), 5)|0.9140]
Evaluating out-of-sample:
[GEN_40|make_tuple(0.5067312789747489, 49, 6)|0.9487]
[GEN_40|make_tuple(0.6170055620796306, add(0.0032638681967661312, 0.6421858493000807), 5)|0.9702]
GEN_41_FIT_0.8958247986310789_0.8976413688469057_0.9139905007893474_SIZE_1_1.1_2
GEN_42_FIT_0.8958247986310789_0.8976413688469057_0.9139905007893474_SIZE_1_1.1_2
GEN_43_FIT_0.8958247986310789_0.8976413688469057_0.9139905007893474_SIZE_1_1.1_2
GEN_44_FIT_0.8958247986310789_0.8976413688469057_0.9139905007893474_SIZE_1_1.1_2
GEN_45_FIT_0.8958247986310789_0.8976413688469057_0.9139905007893474_SIZE_1_1.1_2
GEN_46_FIT_0.8958247986310789_0.8976413688469057_0.9139905007893474_SIZE_1_1.1_2
GEN_47_FIT_0.8958247986310789_0.8976413688469057_0.9139905007893474_SIZE_1_1.1_2
GEN_48_FIT_0.8958247986310789_0.8976413688469057_0.9139905007893474_SIZE_1_1.1_2
GEN_49_FIT_0.8958247986310789_0.8976413688469057_0.9139905007893474_SIZE_1_1.1_2
GEN_50_FIT_0.8958247986310789_0.8976413688469057_0.9139905007893474_SIZE_1_1.1_2
GEN_51_FIT_0.8958247986310789_0.8976413688469057_0.9139905007893474_SIZE_1_1.1_2
GEN_52_FIT_0.8958247986310789_0.8985799817049385_0.9145970557917326_SIZE_1_1.2_3
GEN_53_FIT_0.8958247986310789_0.8995185945629711_0.9145970557917326_SIZE_1_1.3_3
GEN_54_FIT_0.8958247986310789_0.8995185945629711_0.9145970557917326_SIZE_1_1.3_3
GEN_55_FIT_0.8958247986310789_0.8995185945629711_0.9145970557917326_SIZE_1_1.3_3
GEN_56_FIT_0.8958247986310789_0.8995185945629711_0.9145970557917326_SIZE_1_1.3_3
GEN_57_FIT_0.8958247986310789_0.8995185945629711_0.9145970557917326_SIZE_1_1.3_3
GEN_58_FIT_0.8958247986310789_0.8995193108566891_0.9145970557917326_SIZE_1_1.3_3
GEN_59_FIT_0.8958247986310789_0.8995193108566891_0.9145970557917326_SIZE_1_1.3_3
GEN_60_FIT_0.8958247986310789_0.8995193108566891_0.9145970557917326_SIZE_1_1.3_3
Evaluating in sample:
[GEN_60|make_tuple(0.5067312789747489, 49, 6)|0.8958]
[GEN_60|make_tuple(0.6170055620796306, add(0.0034782202460938707, 0.6421858493000807), 5)|0.9140]
[GEN_60|make_tuple(0.6170055620796306, add(0.0032638681967661312, 0.6421858493000807), add(0.07275018405385422, 5))|0.9146]
Evaluating out-of-sample:
[GEN_60|make_tuple(0.5067312789747489, 49, 6)|0.9487]
[GEN_60|make_tuple(0.6170055620796306, add(0.0034782202460938707, 0.6421858493000807), 5)|0.9700]
[GEN_60|make_tuple(0.6170055620796306, add(0.0032638681967661312, 0.6421858493000807), add(0.07275018405385422, 5))|0.9702]
GEN_61_FIT_0.8958247986310789_0.898581074574081_0.914604587300224_SIZE_1_1.2_3
GEN_62_FIT_0.8958247986310789_0.8995200640075381_0.914604587300224_SIZE_1_1.3_3
GEN_63_FIT_0.8958247986310789_0.8995200640075381_0.914604587300224_SIZE_1_1.3_3
GEN_64_FIT_0.8958247986310789_0.8995200640075381_0.914604587300224_SIZE_1_1.3_3
GEN_65_FIT_0.8958247986310789_0.8995200640075381_0.914604587300224_SIZE_1_1.3_3
GEN_66_FIT_0.8958247986310789_0.8995200640075381_0.914604587300224_SIZE_1_1.3_3
GEN_67_FIT_0.8958247986310789_0.8995200640075381_0.914604587300224_SIZE_1_1.3_3
GEN_68_FIT_0.8958247986310789_0.8995200640075381_0.914604587300224_SIZE_1_1.3_3
GEN_69_FIT_0.8958247986310789_0.8995200640075381_0.914604587300224_SIZE_1_1.3_3
GEN_70_FIT_0.8958247986310789_0.8995200640075381_0.914604587300224_SIZE_1_1.3_3
GEN_71_FIT_0.8958247986310789_0.8995200640075381_0.914604587300224_SIZE_1_1.3_3
GEN_72_FIT_0.8958247986310789_0.8995200640075381_0.914604587300224_SIZE_1_1.3_3
GEN_73_FIT_0.8958247986310789_0.8995200640075381_0.914604587300224_SIZE_1_1.3_3
GEN_74_FIT_0.8958247986310789_0.8995200640075381_0.914604587300224_SIZE_1_1.3_3
GEN_75_FIT_0.8958247986310789_0.8995200640075381_0.914604587300224_SIZE_1_1.3_3
GEN_76_FIT_0.8958247986310789_0.8995200640075381_0.914604587300224_SIZE_1_1.3_3
GEN_77_FIT_0.8958247986310789_0.8995200640075381_0.914604587300224_SIZE_1_1.3_3
GEN_78_FIT_0.8958247986310789_0.8995200640075381_0.914604587300224_SIZE_1_1.3_3
GEN_79_FIT_0.8958247986310789_0.8995200640075381_0.914604587300224_SIZE_1_1.3_3
GEN_80_FIT_0.8958247986310789_0.8995200640075381_0.914604587300224_SIZE_1_1.3_3
Evaluating in sample:
[GEN_80|make_tuple(0.5067312789747489, 49, 6)|0.8958]
[GEN_80|make_tuple(0.6170055620796306, add(0.0034782202460938707, 0.6421858493000807), 5)|0.9140]
[GEN_80|make_tuple(0.6170055620796306, add(0.0034782202460938707, 0.6421858493000807), add(0.07916464558762831, 5))|0.9146]
Evaluating out-of-sample:
[GEN_80|make_tuple(0.5067312789747489, 49, 6)|0.9487]
[GEN_80|make_tuple(0.6170055620796306, add(0.0034782202460938707, 0.6421858493000807), 5)|0.9700]
[GEN_80|make_tuple(0.6170055620796306, add(0.0034782202460938707, 0.6421858493000807), add(0.07916464558762831, 5))|0.9700]
GEN_81_FIT_0.8958247986310789_0.8995200640075381_0.914604587300224_SIZE_1_1.3_3
GEN_82_FIT_0.8958247986310789_0.8995200640075381_0.914604587300224_SIZE_1_1.3_3
Evaluating in sample:
[GEN_82|make_tuple(0.5067312789747489, 49, 6)|0.8958]
[GEN_82|make_tuple(0.6170055620796306, add(0.0034782202460938707, 0.6421858493000807), 5)|0.9140]
[GEN_82|make_tuple(0.6170055620796306, add(0.0034782202460938707, 0.6421858493000807), add(0.07916464558762831, 5))|0.9146]
Evaluating out-of-sample:
[GEN_82|make_tuple(0.5067312789747489, 49, 6)|0.9487]
[GEN_82|make_tuple(0.6170055620796306, add(0.0034782202460938707, 0.6421858493000807), 5)|0.9700]
[GEN_82|make_tuple(0.6170055620796306, add(0.0034782202460938707, 0.6421858493000807), add(0.07916464558762831, 5))|0.9700]
Stopped early in iteration 82, no improvement in 20 gens.
START_TASK: 16
