Starting problem: mlr_glmnet
param:age_regularization:100000.0
param:algorithm:mupluslambda
param:constants_only:True
param:cxpb:0.25
param:early_stop_n:20
param:lambda_:100
param:max_number_operators:None
param:max_start_size:2
param:mu:20
param:ngen:300
param:optimize_constants:False
param:output_file:/home/gijsbers/symbolicdefaults/runs/mlr_glmnet_True_9.log
param:problem:mlr_glmnet
param:subset:1.0
param:task:None
param:warm_start:False
Benchmark problems: mlr_glmnet
Loading surrogates from file.
START_TASK: 3
GEN_0_FIT_0.8823167098263357_0.8917925875392477_0.895096915577837_SIZE_1_2.4_7
GEN_1_FIT_0.8944770920718416_0.8948816301312548_0.8955566464662974_SIZE_1_1.5_4
GEN_2_FIT_0.895096915577837_0.8953722193979183_0.8956225979235058_SIZE_1_1.9_5
GEN_3_FIT_0.8955460226823798_0.8955867699142388_0.8956225979235058_SIZE_1_1.45_4
GEN_4_FIT_0.8955755755340835_0.8956178956845637_0.8956225979235058_SIZE_1_1.05_2
GEN_5_FIT_0.8956225979235058_0.8956424819706527_0.8960202788664422_SIZE_1_1.05_2
GEN_6_FIT_0.8956225979235058_0.8956852542506957_0.8960202788664422_SIZE_1_1.15_2
GEN_7_FIT_0.8956225979235058_0.8959526107103167_0.8960202788664422_SIZE_1_1.75_2
GEN_8_FIT_0.8958925939760796_0.8960371567803678_0.896297778551686_SIZE_1_1.25_2
GEN_9_FIT_0.8960202788664422_0.8961223031203789_0.896297778551686_SIZE_1_1.35_3
GEN_10_FIT_0.8962112198624785_0.8962965883452444_0.8963330394987344_SIZE_1_1.75_2
GEN_11_FIT_0.8962874037649979_0.8963087107721712_0.8963375103833272_SIZE_1_1.2_2
GEN_12_FIT_0.896315032002795_0.8963299142942425_0.8963375103833272_SIZE_1_1.55_2
GEN_13_FIT_0.8963329487880918_0.8963350189827028_0.8963375103833272_SIZE_1_1.5_2
GEN_14_FIT_0.8963340631823724_0.8963371656632317_0.8963375103833272_SIZE_1_1.4_2
GEN_15_FIT_0.8963375103833272_0.896337510383327_0.8963375103833272_SIZE_1_1.0_1
GEN_16_FIT_0.8963375103833272_0.896337510383327_0.8963375103833272_SIZE_1_1.0_1
GEN_17_FIT_0.8963375103833272_0.896337510383327_0.8963375103833272_SIZE_1_1.0_1
GEN_18_FIT_0.8963375103833272_0.89633796599748_0.8963466226663858_SIZE_1_1.0_1
GEN_19_FIT_0.8963375103833272_0.8963389971722879_0.8963490215964263_SIZE_1_1.0_1
GEN_20_FIT_0.8963375103833272_0.8963419707502094_0.8963490215964263_SIZE_1_1.0_1
Evaluating in sample:
[GEN_20|make_tuple(0.4606022695308434, 0.00112027718081842)|0.9044]
Evaluating out-of-sample:
[GEN_20|make_tuple(0.4606022695308434, 0.00112027718081842)|0.9882]
GEN_21_FIT_0.8963375103833272_0.8963467667847429_0.8963490215964263_SIZE_1_1.05_2
GEN_22_FIT_0.8963466226663858_0.896348181970912_0.8963490215964263_SIZE_1_1.0_1
GEN_23_FIT_0.8963490215964263_0.8963490215964262_0.8963490215964263_SIZE_1_1.0_1
GEN_24_FIT_0.8963490215964263_0.8963490215964262_0.8963490215964263_SIZE_1_1.0_1
GEN_25_FIT_0.8963490215964263_0.8963490215964262_0.8963490215964263_SIZE_1_1.0_1
GEN_26_FIT_0.8963490215964263_0.8963490215964262_0.8963490215964263_SIZE_1_1.0_1
GEN_27_FIT_0.8963490215964263_0.8963490215964262_0.8963490215964263_SIZE_1_1.0_1
GEN_28_FIT_0.8963490215964263_0.8963490215964262_0.8963490215964263_SIZE_1_1.0_1
GEN_29_FIT_0.8963490215964263_0.8963490215964262_0.8963490215964263_SIZE_1_1.0_1
GEN_30_FIT_0.8963490215964263_0.8963490215964262_0.8963490215964263_SIZE_1_1.0_1
GEN_31_FIT_0.8963490215964263_0.8963490215964262_0.8963490215964263_SIZE_1_1.0_1
GEN_32_FIT_0.8963490215964263_0.8963490215964262_0.8963490215964263_SIZE_1_1.0_1
GEN_33_FIT_0.8963490215964263_0.8963490215964262_0.8963490215964263_SIZE_1_1.0_1
GEN_34_FIT_0.8963490215964263_0.8963490215964262_0.8963490215964263_SIZE_1_1.0_1
GEN_35_FIT_0.8963490215964263_0.8963490215964262_0.8963490215964263_SIZE_1_1.0_1
GEN_36_FIT_0.8963490215964263_0.8963490215964262_0.8963490215964263_SIZE_1_1.0_1
GEN_37_FIT_0.8963490215964263_0.8963490215964262_0.8963490215964263_SIZE_1_1.0_1
GEN_38_FIT_0.8963490215964263_0.8963490215964262_0.8963490215964263_SIZE_1_1.0_1
GEN_39_FIT_0.8963490215964263_0.8963490215964262_0.8963490215964263_SIZE_1_1.0_1
GEN_40_FIT_0.8963490215964263_0.8963490215964262_0.8963490215964263_SIZE_1_1.0_1
Evaluating in sample:
[GEN_40|make_tuple(0.4606022695308434, 0.00112027718081842)|0.9044]
Evaluating out-of-sample:
[GEN_40|make_tuple(0.4606022695308434, 0.00112027718081842)|0.9882]
Stopped early in iteration 40, no improvement in 20 gens.
START_TASK: 6
GEN_0_FIT_0.8718970595769018_0.886557622440679_0.8935298946307938_SIZE_1_3.2_7
GEN_1_FIT_0.8852057141056339_0.8905663917484302_0.894405439130619_SIZE_1_2.5_7
GEN_2_FIT_0.8880223866064011_0.8922696246359989_0.8956204001372966_SIZE_1_2.3_6
GEN_3_FIT_0.8899721973177617_0.8941390109313531_0.8956204001372966_SIZE_1_2.2_5
GEN_4_FIT_0.8956204001372966_0.8956363644582247_0.8957868639447659_SIZE_1_1.0_1
GEN_5_FIT_0.8956204001372966_0.8956918985515634_0.8957868639447659_SIZE_1_1.05_2
GEN_6_FIT_0.8957868639447659_0.895786863944766_0.8957868639447659_SIZE_1_1.0_1
GEN_7_FIT_0.8957868639447659_0.8957947376116369_0.895944337282183_SIZE_1_1.05_2
GEN_8_FIT_0.8957868639447659_0.8958026112785078_0.895944337282183_SIZE_1_1.1_2
GEN_9_FIT_0.8957868639447659_0.895857914627617_0.895944337282183_SIZE_1_1.45_2
GEN_10_FIT_0.8957868639447659_0.8958116110314588_0.8959480909024498_SIZE_1_1.15_2
GEN_11_FIT_0.8957906175650328_0.8958063648987746_0.8959480909024498_SIZE_1_1.1_2
GEN_12_FIT_0.8957906175650328_0.8958063648987746_0.8959480909024498_SIZE_1_1.1_2
GEN_13_FIT_0.8957906175650328_0.8958063648987746_0.8959480909024498_SIZE_1_1.1_2
GEN_14_FIT_0.8957906175650328_0.8958063648987746_0.8959480909024498_SIZE_1_1.1_2
GEN_15_FIT_0.8957906175650328_0.8958063648987746_0.8959480909024498_SIZE_1_1.1_2
GEN_16_FIT_0.8957906175650328_0.8958063648987746_0.8959480909024498_SIZE_1_1.1_2
GEN_17_FIT_0.8957906175650328_0.8958063648987746_0.8959480909024498_SIZE_1_1.1_2
GEN_18_FIT_0.8957906175650328_0.8958063648987746_0.8959480909024498_SIZE_1_1.1_2
GEN_19_FIT_0.8957906175650328_0.8958063648987746_0.8959480909024498_SIZE_1_1.1_2
GEN_20_FIT_0.8957906175650328_0.8958063648987746_0.8959480909024498_SIZE_1_1.1_2
Evaluating in sample:
[GEN_20|make_tuple(58, 0.0011120771546543054)|0.8958]
[GEN_20|make_tuple(expit(4), 0.0011120771546543054)|0.8959]
Evaluating out-of-sample:
[GEN_20|make_tuple(58, 0.0011120771546543054)|0.9823]
[GEN_20|make_tuple(expit(4), 0.0011120771546543054)|0.9823]
GEN_21_FIT_0.8957906175650328_0.8958063648987746_0.8959480909024498_SIZE_1_1.1_2
GEN_22_FIT_0.8957906175650328_0.8958063648987746_0.8959480909024498_SIZE_1_1.1_2
GEN_23_FIT_0.8957906175650328_0.8958063648987746_0.8959480909024498_SIZE_1_1.1_2
GEN_24_FIT_0.8957906175650328_0.8958063648987746_0.8959480909024498_SIZE_1_1.1_2
GEN_25_FIT_0.8957906175650328_0.8958063648987746_0.8959480909024498_SIZE_1_1.1_2
GEN_26_FIT_0.8957906175650328_0.8958063648987746_0.8959480909024498_SIZE_1_1.1_2
GEN_27_FIT_0.8957906175650328_0.8958063648987746_0.8959480909024498_SIZE_1_1.1_2
GEN_28_FIT_0.8957906175650328_0.8958063648987746_0.8959480909024498_SIZE_1_1.1_2
GEN_29_FIT_0.8957906175650328_0.8958063648987746_0.8959480909024498_SIZE_1_1.1_2
GEN_30_FIT_0.8957906175650328_0.8958063648987746_0.8959480909024498_SIZE_1_1.1_2
GEN_31_FIT_0.8957906175650328_0.8958063648987746_0.8959480909024498_SIZE_1_1.1_2
Evaluating in sample:
[GEN_31|make_tuple(58, 0.0011120771546543054)|0.8958]
[GEN_31|make_tuple(expit(4), 0.0011120771546543054)|0.8959]
Evaluating out-of-sample:
[GEN_31|make_tuple(58, 0.0011120771546543054)|0.9823]
[GEN_31|make_tuple(expit(4), 0.0011120771546543054)|0.9823]
Stopped early in iteration 31, no improvement in 20 gens.
START_TASK: 11
GEN_0_FIT_0.8738639298897422_0.8895664398628412_0.8950281249394083_SIZE_1_4.25_9
GEN_1_FIT_0.890886967196864_0.8940524199367064_0.8953565958122078_SIZE_1_3.0_6
GEN_2_FIT_0.8913773749094247_0.89475250028123_0.8962693145554832_SIZE_1_2.4_6
GEN_3_FIT_0.8948367351518611_0.8956511201442122_0.8964957273430479_SIZE_1_2.5_6
GEN_4_FIT_0.8949506751783721_0.8957027333397365_0.896496781823156_SIZE_1_1.3_3
GEN_5_FIT_0.896071316476811_0.8961674712120994_0.8965876131369859_SIZE_1_1.2_2
GEN_6_FIT_0.896071316476811_0.8961599131094207_0.896731514423202_SIZE_1_1.15_2
GEN_7_FIT_0.896071316476811_0.8962297807055565_0.896731514423202_SIZE_1_1.3_2
GEN_8_FIT_0.8961108871695397_0.896455694526253_0.8967458060497847_SIZE_1_1.7_3
GEN_9_FIT_0.8962647220643606_0.8966497029396796_0.8967458060497847_SIZE_1_2.05_4
GEN_10_FIT_0.8962880887897046_0.8967116368327173_0.8967773882470028_SIZE_1_2.0_3
GEN_11_FIT_0.8962880887897046_0.8966275390883978_0.8967773882470028_SIZE_1_1.9_3
GEN_12_FIT_0.8962880887897046_0.8964457595084074_0.896780949362778_SIZE_1_1.4_3
GEN_13_FIT_0.8962880887897046_0.8963817174103614_0.896780949362778_SIZE_1_1.3_3
GEN_14_FIT_0.8962880887897046_0.8963817174103614_0.896780949362778_SIZE_1_1.3_3
GEN_15_FIT_0.8962880887897046_0.8963817174103614_0.896780949362778_SIZE_1_1.3_3
GEN_16_FIT_0.8962880887897046_0.8963817174103614_0.896780949362778_SIZE_1_1.3_3
GEN_17_FIT_0.8962880887897046_0.8963817174103614_0.896780949362778_SIZE_1_1.3_3
GEN_18_FIT_0.8962880887897046_0.8963575670847683_0.8967908034239871_SIZE_1_1.2_3
GEN_19_FIT_0.8962880887897046_0.8963612461161367_0.8967908034239871_SIZE_1_1.25_3
GEN_20_FIT_0.8962880887897046_0.8963841319791406_0.8967908034239871_SIZE_1_1.3_3
Evaluating in sample:
[GEN_20|make_tuple(1, 0.001109691596650234)|0.8963]
[GEN_20|make_tuple(expit(2), 0.001206712343046154)|0.8967]
[GEN_20|make_tuple(expit(add(0.029405864559568774, 2)), 0.001209562474238577)|0.8968]
Evaluating out-of-sample:
[GEN_20|make_tuple(1, 0.001109691596650234)|0.9278]
[GEN_20|make_tuple(expit(2), 0.001206712343046154)|0.9240]
[GEN_20|make_tuple(expit(add(0.029405864559568774, 2)), 0.001209562474238577)|0.9240]
GEN_21_FIT_0.8962880887897046_0.8963841319791406_0.8967908034239871_SIZE_1_1.3_3
GEN_22_FIT_0.8962880887897046_0.8963841319791406_0.8967908034239871_SIZE_1_1.3_3
GEN_23_FIT_0.8962880887897046_0.8963841319791406_0.8967908034239871_SIZE_1_1.3_3
GEN_24_FIT_0.8962880887897046_0.8964658397480797_0.896961562891583_SIZE_1_1.5_3
GEN_25_FIT_0.8962880887897046_0.8965294269404304_0.896961562891583_SIZE_1_1.45_3
GEN_26_FIT_0.8962880887897046_0.8965575246686983_0.896961562891583_SIZE_1_1.25_2
GEN_27_FIT_0.8969606536700417_0.896961381047275_0.896961562891583_SIZE_1_1.6_2
GEN_28_FIT_0.8969606536700417_0.896961471969429_0.896961562891583_SIZE_1_1.15_2
GEN_29_FIT_0.896961562891583_0.896961562891583_0.896961562891583_SIZE_1_1.0_1
GEN_30_FIT_0.896961562891583_0.896961562891583_0.896961562891583_SIZE_1_1.0_1
GEN_31_FIT_0.896961562891583_0.8969622990571355_0.8969762862026337_SIZE_1_1.0_1
GEN_32_FIT_0.896961562891583_0.8969642735993302_0.8969762862026337_SIZE_1_1.0_1
GEN_33_FIT_0.896961562891583_0.8969749402883203_0.896986565527429_SIZE_1_1.0_1
GEN_34_FIT_0.8969762862026337_0.8969829677637506_0.896986565527429_SIZE_1_1.0_1
GEN_35_FIT_0.896986565527429_0.8969865655274288_0.896986565527429_SIZE_1_1.0_1
GEN_36_FIT_0.896986565527429_0.8969865655274288_0.896986565527429_SIZE_1_1.0_1
GEN_37_FIT_0.896986565527429_0.8969865655274288_0.896986565527429_SIZE_1_1.0_1
GEN_38_FIT_0.896986565527429_0.8969865655274288_0.896986565527429_SIZE_1_1.0_1
GEN_39_FIT_0.896986565527429_0.8969865655274288_0.896986565527429_SIZE_1_1.0_1
GEN_40_FIT_0.896986565527429_0.8969865655274288_0.896986565527429_SIZE_1_1.0_1
Evaluating in sample:
[GEN_40|make_tuple(0.46072454580221994, 0.0011208838301425363)|0.9050]
Evaluating out-of-sample:
[GEN_40|make_tuple(0.46072454580221994, 0.0011208838301425363)|0.9162]
GEN_41_FIT_0.896986565527429_0.8969865655274288_0.896986565527429_SIZE_1_1.0_1
GEN_42_FIT_0.896986565527429_0.8969865655274288_0.896986565527429_SIZE_1_1.0_1
GEN_43_FIT_0.896986565527429_0.8969865655274288_0.896986565527429_SIZE_1_1.0_1
GEN_44_FIT_0.896986565527429_0.8969865655274288_0.896986565527429_SIZE_1_1.0_1
GEN_45_FIT_0.896986565527429_0.8969865655274288_0.896986565527429_SIZE_1_1.0_1
GEN_46_FIT_0.896986565527429_0.8969865655274288_0.896986565527429_SIZE_1_1.0_1
GEN_47_FIT_0.896986565527429_0.8969865655274288_0.896986565527429_SIZE_1_1.0_1
GEN_48_FIT_0.896986565527429_0.8969865655274288_0.896986565527429_SIZE_1_1.0_1
GEN_49_FIT_0.896986565527429_0.8969865655274288_0.896986565527429_SIZE_1_1.0_1
GEN_50_FIT_0.896986565527429_0.8969865655274288_0.896986565527429_SIZE_1_1.0_1
GEN_51_FIT_0.896986565527429_0.8969865655274288_0.896986565527429_SIZE_1_1.0_1
GEN_52_FIT_0.896986565527429_0.8969865655274288_0.896986565527429_SIZE_1_1.0_1
GEN_53_FIT_0.896986565527429_0.8969865655274288_0.896986565527429_SIZE_1_1.0_1
GEN_54_FIT_0.896986565527429_0.8969865655274288_0.896986565527429_SIZE_1_1.0_1
Evaluating in sample:
[GEN_54|make_tuple(0.46072454580221994, 0.0011208838301425363)|0.9050]
Evaluating out-of-sample:
[GEN_54|make_tuple(0.46072454580221994, 0.0011208838301425363)|0.9162]
Stopped early in iteration 54, no improvement in 20 gens.
START_TASK: 12
GEN_0_FIT_0.8640243808028355_0.8836955462561775_0.8944210700211425_SIZE_1_3.25_8
GEN_1_FIT_0.8713748861183531_0.8855364053282646_0.8945602501874846_SIZE_1_2.05_4
GEN_2_FIT_0.8813528013385781_0.8920991186591362_0.8954679984374525_SIZE_1_2.15_3
GEN_3_FIT_0.8933606654627114_0.8944472983027326_0.8954679984374525_SIZE_1_1.75_3
GEN_4_FIT_0.8944790471152253_0.8953068658564488_0.8954919373120479_SIZE_1_1.85_3
GEN_5_FIT_0.8944790471152253_0.8952246071479353_0.8954919373120479_SIZE_1_1.3_2
GEN_6_FIT_0.895366308738629_0.8954929261285909_0.8956818560993235_SIZE_1_1.3_3
GEN_7_FIT_0.8954919373120479_0.8955592631014386_0.8956818560993235_SIZE_1_1.25_3
GEN_8_FIT_0.8956818560993235_0.8956818560993234_0.8956818560993235_SIZE_1_1.0_1
GEN_9_FIT_0.8956818560993235_0.8956818560993234_0.8956818560993235_SIZE_1_1.0_1
GEN_10_FIT_0.8956818560993235_0.8956818560993234_0.8956818560993235_SIZE_1_1.0_1
GEN_11_FIT_0.8956818560993235_0.8956827948110344_0.8957006303335447_SIZE_1_1.0_1
GEN_12_FIT_0.8956818560993235_0.8956846722344565_0.8957006303335447_SIZE_1_1.0_1
GEN_13_FIT_0.8956818560993235_0.8956968754867003_0.8957006303335447_SIZE_1_1.1_2
GEN_14_FIT_0.8957006303335447_0.8957006303335445_0.8957006303335447_SIZE_1_1.0_1
GEN_15_FIT_0.8957006303335447_0.8957006303335445_0.8957006303335447_SIZE_1_1.0_1
GEN_16_FIT_0.8957006303335447_0.8957006303335445_0.8957006303335447_SIZE_1_1.0_1
GEN_17_FIT_0.8957006303335447_0.8957006303335445_0.8957006303335447_SIZE_1_1.0_1
GEN_18_FIT_0.8957006303335447_0.8957006303335445_0.8957006303335447_SIZE_1_1.0_1
GEN_19_FIT_0.8957006303335447_0.8957006303335445_0.8957006303335447_SIZE_1_1.0_1
GEN_20_FIT_0.8957006303335447_0.8957006303335445_0.8957006303335447_SIZE_1_1.0_1
Evaluating in sample:
[GEN_20|make_tuple(9, 0.0011093595765656564)|0.8957]
Evaluating out-of-sample:
[GEN_20|make_tuple(9, 0.0011093595765656564)|0.9941]
GEN_21_FIT_0.8957006303335447_0.8957006303335445_0.8957006303335447_SIZE_1_1.0_1
GEN_22_FIT_0.8957006303335447_0.8957006303335445_0.8957006303335447_SIZE_1_1.0_1
GEN_23_FIT_0.8957006303335447_0.8957006303335445_0.8957006303335447_SIZE_1_1.0_1
GEN_24_FIT_0.8957006303335447_0.8957006428026716_0.8957008797160838_SIZE_1_1.0_1
GEN_25_FIT_0.8957006303335447_0.8957007051483064_0.8957008797160838_SIZE_1_1.05_2
GEN_26_FIT_0.8957008797160838_0.8957008797160839_0.8957008797160838_SIZE_1_1.0_1
GEN_27_FIT_0.8957008797160838_0.8957008797160839_0.8957008797160838_SIZE_1_1.0_1
GEN_28_FIT_0.8957008797160838_0.8957225712693131_0.8961347107806658_SIZE_1_1.05_2
GEN_29_FIT_0.8957008797160838_0.8957442628225423_0.8961347107806658_SIZE_1_1.1_2
GEN_30_FIT_0.8957008797160838_0.8957442628225423_0.8961347107806658_SIZE_1_1.1_2
GEN_31_FIT_0.8957008797160838_0.8957442628225423_0.8961347107806658_SIZE_1_1.1_2
GEN_32_FIT_0.8957008797160838_0.8957244059183616_0.8961714037616341_SIZE_1_1.05_2
GEN_33_FIT_0.8957008797160838_0.8957479321206391_0.8961714037616341_SIZE_1_1.1_2
GEN_34_FIT_0.8957008797160838_0.8957479321206391_0.8961714037616341_SIZE_1_1.1_2
GEN_35_FIT_0.8957008797160838_0.8957479321206391_0.8961714037616341_SIZE_1_1.1_2
GEN_36_FIT_0.8957008797160838_0.8957479321206391_0.8961714037616341_SIZE_1_1.1_2
GEN_37_FIT_0.8957008797160838_0.8957294427479106_0.8962721403526152_SIZE_1_1.05_2
GEN_38_FIT_0.8957008797160838_0.8957580057797371_0.8962721403526152_SIZE_1_1.1_2
GEN_39_FIT_0.8957008797160838_0.8957580057797371_0.8962721403526152_SIZE_1_1.1_2
GEN_40_FIT_0.8957008797160838_0.8957580057797371_0.8962721403526152_SIZE_1_1.1_2
Evaluating in sample:
[GEN_40|make_tuple(10, 0.0011090006556903691)|0.8957]
[GEN_40|make_tuple(mul(0.046075888203112356, 10), 0.0011090006556903691)|0.9043]
Evaluating out-of-sample:
[GEN_40|make_tuple(10, 0.0011090006556903691)|0.9941]
[GEN_40|make_tuple(mul(0.046075888203112356, 10), 0.0011090006556903691)|0.9956]
GEN_41_FIT_0.8957008797160838_0.8957580057797371_0.8962721403526152_SIZE_1_1.1_2
GEN_42_FIT_0.8957008797160838_0.8957580057797371_0.8962721403526152_SIZE_1_1.1_2
GEN_43_FIT_0.8957008797160838_0.8957580057797371_0.8962721403526152_SIZE_1_1.1_2
GEN_44_FIT_0.8957008797160838_0.8957580057797371_0.8962721403526152_SIZE_1_1.1_2
GEN_45_FIT_0.8957008797160838_0.8957580057797371_0.8962721403526152_SIZE_1_1.1_2
GEN_46_FIT_0.8957008797160838_0.8957580057797371_0.8962721403526152_SIZE_1_1.1_2
GEN_47_FIT_0.8957008797160838_0.8957580057797371_0.8962721403526152_SIZE_1_1.1_2
GEN_48_FIT_0.8957008797160838_0.8957295539718576_0.8962743648315552_SIZE_1_1.05_2
GEN_49_FIT_0.8957008797160838_0.8957582282276311_0.8962743648315552_SIZE_1_1.1_2
GEN_50_FIT_0.8957008797160838_0.8957582282276311_0.8962743648315552_SIZE_1_1.1_2
GEN_51_FIT_0.8957008797160838_0.8957582282276311_0.8962743648315552_SIZE_1_1.1_2
GEN_52_FIT_0.8957008797160838_0.8957582282276311_0.8962743648315552_SIZE_1_1.1_2
GEN_53_FIT_0.8957008797160838_0.8957582282276311_0.8962743648315552_SIZE_1_1.1_2
GEN_54_FIT_0.8957008797160838_0.8957582282276311_0.8962743648315552_SIZE_1_1.1_2
GEN_55_FIT_0.8957008797160838_0.8957582282276311_0.8962743648315552_SIZE_1_1.1_2
GEN_56_FIT_0.8957008797160838_0.8957582282276311_0.8962743648315552_SIZE_1_1.1_2
GEN_57_FIT_0.8957008797160838_0.8957582282276311_0.8962743648315552_SIZE_1_1.1_2
GEN_58_FIT_0.8957008797160838_0.8957582282276311_0.8962743648315552_SIZE_1_1.1_2
GEN_59_FIT_0.8957008797160838_0.8957582282276311_0.8962743648315552_SIZE_1_1.1_2
GEN_60_FIT_0.8957008797160838_0.8957582282276311_0.8962743648315552_SIZE_1_1.1_2
Evaluating in sample:
[GEN_60|make_tuple(10, 0.0011090006556903691)|0.8957]
[GEN_60|make_tuple(mul(0.0460485199622213, 10), 0.0011090006556903691)|0.9043]
Evaluating out-of-sample:
[GEN_60|make_tuple(10, 0.0011090006556903691)|0.9941]
[GEN_60|make_tuple(mul(0.0460485199622213, 10), 0.0011090006556903691)|0.9956]
GEN_61_FIT_0.8957008797160838_0.8957582282276311_0.8962743648315552_SIZE_1_1.1_2
GEN_62_FIT_0.8957008797160838_0.8957582282276311_0.8962743648315552_SIZE_1_1.1_2
GEN_63_FIT_0.8957008797160838_0.8957582282276311_0.8962743648315552_SIZE_1_1.1_2
GEN_64_FIT_0.8957008797160838_0.8957582282276311_0.8962743648315552_SIZE_1_1.1_2
GEN_65_FIT_0.8957008797160838_0.8957582282276311_0.8962743648315552_SIZE_1_1.1_2
GEN_66_FIT_0.8957008797160838_0.8957582282276311_0.8962743648315552_SIZE_1_1.1_2
GEN_67_FIT_0.8957008797160838_0.8957582282276311_0.8962743648315552_SIZE_1_1.1_2
GEN_68_FIT_0.8957008797160838_0.8957582282276311_0.8962743648315552_SIZE_1_1.1_2
GEN_69_FIT_0.8957008797160838_0.8957582282276311_0.8962743648315552_SIZE_1_1.1_2
Evaluating in sample:
[GEN_69|make_tuple(10, 0.0011090006556903691)|0.8957]
[GEN_69|make_tuple(mul(0.0460485199622213, 10), 0.0011090006556903691)|0.9043]
Evaluating out-of-sample:
[GEN_69|make_tuple(10, 0.0011090006556903691)|0.9941]
[GEN_69|make_tuple(mul(0.0460485199622213, 10), 0.0011090006556903691)|0.9956]
Stopped early in iteration 69, no improvement in 20 gens.
START_TASK: 14
GEN_0_FIT_0.890022950861482_0.8930657453330983_0.8947488583145896_SIZE_1_3.7_9
GEN_1_FIT_0.893380194337494_0.8943487458159817_0.8947488583145896_SIZE_1_1.95_7
GEN_2_FIT_0.8942995288044255_0.8943886886895696_0.8955546969217417_SIZE_1_1.05_2
GEN_3_FIT_0.8942995288044255_0.8948213371922815_0.8956896963031143_SIZE_1_1.2_3
GEN_4_FIT_0.8951262138014975_0.8955020399313968_0.8956896963031143_SIZE_1_1.2_2
GEN_5_FIT_0.8955546969217417_0.8955681968598791_0.8956896963031143_SIZE_1_1.1_2
GEN_6_FIT_0.8955546969217417_0.8955868037759227_0.8956896963031143_SIZE_1_1.2_2
GEN_7_FIT_0.8955546969217417_0.895610189461425_0.8956896963031143_SIZE_1_1.3_2
GEN_8_FIT_0.8956120378746498_0.8956592572767942_0.8957739285875069_SIZE_1_1.15_2
GEN_9_FIT_0.8956568364798714_0.8956805417535548_0.8957739285875069_SIZE_1_1.25_2
GEN_10_FIT_0.8956568364798714_0.8957145283616539_0.8957739285875069_SIZE_1_1.45_2
GEN_11_FIT_0.895713945984146_0.8957559338064985_0.8957739285875069_SIZE_1_1.7_2
GEN_12_FIT_0.8946345597642544_0.8956509186453777_0.8960886271380895_SIZE_1_1.15_2
GEN_13_FIT_0.895713945984146_0.8957326800418433_0.8960886271380895_SIZE_1_1.05_2
GEN_14_FIT_0.895713945984146_0.8957514140995404_0.8960886271380895_SIZE_1_1.1_2
GEN_15_FIT_0.895713945984146_0.8957514140995404_0.8960886271380895_SIZE_1_1.1_2
GEN_16_FIT_0.895713945984146_0.8957514140995404_0.8960886271380895_SIZE_1_1.1_2
GEN_17_FIT_0.895713945984146_0.8957393444880248_0.896221916061722_SIZE_1_1.05_2
GEN_18_FIT_0.895713945984146_0.8957647429919036_0.896221916061722_SIZE_1_1.1_2
GEN_19_FIT_0.895713945984146_0.8958155399996611_0.896221916061722_SIZE_1_1.1_2
GEN_20_FIT_0.895713945984146_0.8961046889578104_0.896221916061722_SIZE_1_1.4_2
Evaluating in sample:
[GEN_20|make_tuple(0.44941606258258526, 0.0011094421337676356)|0.9042]
Evaluating out-of-sample:
[GEN_20|make_tuple(0.44941606258258526, 0.0011094421337676356)|0.9939]
GEN_21_FIT_0.8962153667721784_0.8962215885972448_0.896221916061722_SIZE_1_1.1_2
GEN_22_FIT_0.896221916061722_0.896221916061722_0.896221916061722_SIZE_1_1.0_1
GEN_23_FIT_0.896221916061722_0.8962244304006856_0.8962722028409906_SIZE_1_1.0_1
GEN_24_FIT_0.896221916061722_0.8962244304006856_0.8962722028409906_SIZE_1_1.0_1
GEN_25_FIT_0.896221916061722_0.8962327973290105_0.8962880405463219_SIZE_1_1.0_1
GEN_26_FIT_0.896221916061722_0.896254575750952_0.8962880405463219_SIZE_1_1.0_1
GEN_27_FIT_0.8962635393123198_0.8962768024874477_0.8962880405463219_SIZE_1_1.05_2
GEN_28_FIT_0.8962767644362261_0.8962860503060572_0.8962883263467738_SIZE_1_1.0_1
GEN_29_FIT_0.8962880405463219_0.8962894205262801_0.8963009822169261_SIZE_1_1.0_1
GEN_30_FIT_0.8962880405463219_0.8962927560468514_0.8963009822169261_SIZE_1_1.0_1
GEN_31_FIT_0.8963009822169261_0.896300982216926_0.8963009822169261_SIZE_1_1.0_1
GEN_32_FIT_0.8963009822169261_0.896300982216926_0.8963009822169261_SIZE_1_1.0_1
GEN_33_FIT_0.8963009822169261_0.896300982216926_0.8963009822169261_SIZE_1_1.0_1
GEN_34_FIT_0.8963009822169261_0.896300982216926_0.8963009822169261_SIZE_1_1.0_1
GEN_35_FIT_0.8963009822169261_0.896300982216926_0.8963009822169261_SIZE_1_1.0_1
GEN_36_FIT_0.8963009822169261_0.896300982216926_0.8963009822169261_SIZE_1_1.0_1
GEN_37_FIT_0.8963009822169261_0.896300982216926_0.8963009822169261_SIZE_1_1.0_1
GEN_38_FIT_0.8963009822169261_0.896300982216926_0.8963009822169261_SIZE_1_1.0_1
GEN_39_FIT_0.8963009822169261_0.896300982216926_0.8963009822169261_SIZE_1_1.0_1
GEN_40_FIT_0.8963009822169261_0.896300982216926_0.8963009822169261_SIZE_1_1.0_1
Evaluating in sample:
[GEN_40|make_tuple(0.46064881156624876, 0.001118660144625259)|0.9043]
Evaluating out-of-sample:
[GEN_40|make_tuple(0.46064881156624876, 0.001118660144625259)|0.9936]
GEN_41_FIT_0.8963009822169261_0.896300982216926_0.8963009822169261_SIZE_1_1.0_1
GEN_42_FIT_0.8963009822169261_0.896300982216926_0.8963009822169261_SIZE_1_1.0_1
GEN_43_FIT_0.8963009822169261_0.896300982216926_0.8963009822169261_SIZE_1_1.0_1
GEN_44_FIT_0.8963009822169261_0.8963102751568807_0.8964868410160175_SIZE_1_1.05_2
GEN_45_FIT_0.8963009822169261_0.8963195680968351_0.8964868410160175_SIZE_1_1.1_2
GEN_46_FIT_0.8963009822169261_0.8963195680968351_0.8964868410160175_SIZE_1_1.1_2
GEN_47_FIT_0.8963009822169261_0.8963150140597135_0.8965816190726771_SIZE_1_1.05_2
GEN_48_FIT_0.8963009822169261_0.896317817137521_0.896637680628826_SIZE_1_1.05_2
GEN_49_FIT_0.8963009822169261_0.896334652058116_0.896637680628826_SIZE_1_1.1_2
GEN_50_FIT_0.8963009822169261_0.896334652058116_0.896637680628826_SIZE_1_1.1_2
GEN_51_FIT_0.8963009822169261_0.896334652058116_0.896637680628826_SIZE_1_1.1_2
GEN_52_FIT_0.8963009822169261_0.896334652058116_0.896637680628826_SIZE_1_1.1_2
GEN_53_FIT_0.8963009822169261_0.896334652058116_0.896637680628826_SIZE_1_1.1_2
GEN_54_FIT_0.8963009822169261_0.8963660823605712_0.8969295882660316_SIZE_1_1.2_3
GEN_55_FIT_0.8963009822169261_0.8963867472639933_0.8969295882660316_SIZE_1_1.25_3
GEN_56_FIT_0.8963009822169261_0.8963324125193812_0.8969295882660316_SIZE_1_1.05_2
GEN_57_FIT_0.8963009822169261_0.8963324125193812_0.8969295882660316_SIZE_1_1.05_2
GEN_58_FIT_0.8963009822169261_0.8963638428218366_0.8969295882660316_SIZE_1_1.1_2
GEN_59_FIT_0.8963009822169261_0.8963638428218366_0.8969295882660316_SIZE_1_1.1_2
GEN_60_FIT_0.8963009822169261_0.8963638428218366_0.8969295882660316_SIZE_1_1.1_2
Evaluating in sample:
[GEN_60|make_tuple(0.46064881156624876, 0.001118660144625259)|0.9043]
[GEN_60|make_tuple(0.38017807601980014, mul(0.07578401558536751, 0.001118660144625259))|0.9049]
Evaluating out-of-sample:
[GEN_60|make_tuple(0.46064881156624876, 0.001118660144625259)|0.9936]
[GEN_60|make_tuple(0.38017807601980014, mul(0.07578401558536751, 0.001118660144625259))|0.9594]
GEN_61_FIT_0.8963009822169261_0.8963638428218366_0.8969295882660316_SIZE_1_1.1_2
GEN_62_FIT_0.8963009822169261_0.8963638428218366_0.8969295882660316_SIZE_1_1.1_2
GEN_63_FIT_0.8963009822169261_0.896399792379237_0.8970199733649354_SIZE_1_1.2_3
GEN_64_FIT_0.8963009822169261_0.8964357419366374_0.8970199733649354_SIZE_1_1.3_3
GEN_65_FIT_0.8963009822169261_0.8963369317743265_0.8970199733649354_SIZE_1_1.05_2
GEN_66_FIT_0.8963009822169261_0.8963728813317269_0.8970199733649354_SIZE_1_1.1_2
GEN_67_FIT_0.8963009822169261_0.8963728813317269_0.8970199733649354_SIZE_1_1.1_2
GEN_68_FIT_0.8963009822169261_0.8963728813317269_0.8970199733649354_SIZE_1_1.1_2
GEN_69_FIT_0.8963009822169261_0.8963728813317269_0.8970199733649354_SIZE_1_1.1_2
GEN_70_FIT_0.8963009822169261_0.8963728813317269_0.8970199733649354_SIZE_1_1.1_2
GEN_71_FIT_0.8963009822169261_0.8963728813317269_0.8970199733649354_SIZE_1_1.1_2
GEN_72_FIT_0.8963009822169261_0.8963728813317269_0.8970199733649354_SIZE_1_1.1_2
GEN_73_FIT_0.8963009822169261_0.8963728813317269_0.8970199733649354_SIZE_1_1.1_2
GEN_74_FIT_0.8963009822169261_0.8963728813317269_0.8970199733649354_SIZE_1_1.1_2
GEN_75_FIT_0.8963009822169261_0.8963728813317269_0.8970199733649354_SIZE_1_1.1_2
GEN_76_FIT_0.8963009822169261_0.8963728813317269_0.8970199733649354_SIZE_1_1.1_2
GEN_77_FIT_0.8963009822169261_0.8963728813317269_0.8970199733649354_SIZE_1_1.1_2
GEN_78_FIT_0.8963009822169261_0.8963728813317269_0.8970199733649354_SIZE_1_1.1_2
GEN_79_FIT_0.8963009822169261_0.8963728813317269_0.8970199733649354_SIZE_1_1.1_2
GEN_80_FIT_0.8963009822169261_0.8963728813317269_0.8970199733649354_SIZE_1_1.1_2
Evaluating in sample:
[GEN_80|make_tuple(0.46064881156624876, 0.001118660144625259)|0.9043]
[GEN_80|make_tuple(0.38017807601980014, mul(0.07578401558536751, 0.001148159615290957))|0.9050]
Evaluating out-of-sample:
[GEN_80|make_tuple(0.46064881156624876, 0.001118660144625259)|0.9936]
[GEN_80|make_tuple(0.38017807601980014, mul(0.07578401558536751, 0.001148159615290957))|0.9594]
GEN_81_FIT_0.8963009822169261_0.8963728813317269_0.8970199733649354_SIZE_1_1.1_2
GEN_82_FIT_0.8963009822169261_0.8963728813317269_0.8970199733649354_SIZE_1_1.1_2
GEN_83_FIT_0.8963009822169261_0.8963728813317269_0.8970199733649354_SIZE_1_1.1_2
GEN_84_FIT_0.8963009822169261_0.8963728813317269_0.8970199733649354_SIZE_1_1.1_2
GEN_85_FIT_0.8963009822169261_0.8963728813317269_0.8970199733649354_SIZE_1_1.1_2
GEN_86_FIT_0.8963009822169261_0.8963728813317269_0.8970199733649354_SIZE_1_1.1_2
Evaluating in sample:
[GEN_86|make_tuple(0.46064881156624876, 0.001118660144625259)|0.9043]
[GEN_86|make_tuple(0.38017807601980014, mul(0.07578401558536751, 0.001148159615290957))|0.9050]
Evaluating out-of-sample:
[GEN_86|make_tuple(0.46064881156624876, 0.001118660144625259)|0.9936]
[GEN_86|make_tuple(0.38017807601980014, mul(0.07578401558536751, 0.001148159615290957))|0.9594]
Stopped early in iteration 86, no improvement in 20 gens.
START_TASK: 15
GEN_0_FIT_0.7878305957172039_0.881324013123996_0.8949978364796071_SIZE_1_2.55_7
GEN_1_FIT_0.8903208225549434_0.8939830728913897_0.8949978364796071_SIZE_1_2.25_6
GEN_2_FIT_0.8944278972094785_0.8948041428683574_0.8956676356413248_SIZE_1_1.75_5
GEN_3_FIT_0.8949978364796071_0.8952193325014504_0.8956676356413248_SIZE_1_1.25_5
GEN_4_FIT_0.8955696220333459_0.8956627349609259_0.8956676356413248_SIZE_1_1.0_1
GEN_5_FIT_0.8956676356413248_0.8956676356413247_0.8956676356413248_SIZE_1_1.0_1
GEN_6_FIT_0.8956676356413248_0.8956676356413247_0.8956676356413248_SIZE_1_1.0_1
GEN_7_FIT_0.8956676356413248_0.8956676356413247_0.8956676356413248_SIZE_1_1.0_1
GEN_8_FIT_0.8956676356413248_0.8956676356413247_0.8956676356413248_SIZE_1_1.0_1
GEN_9_FIT_0.8956676356413248_0.8956685743530357_0.895686409875546_SIZE_1_1.0_1
GEN_10_FIT_0.8956676356413248_0.8956695130647467_0.895686409875546_SIZE_1_1.0_1
GEN_11_FIT_0.8956676356413248_0.8956760840467242_0.895686409875546_SIZE_1_1.1_2
GEN_12_FIT_0.895686409875546_0.8956864098755458_0.895686409875546_SIZE_1_1.0_1
GEN_13_FIT_0.895686409875546_0.8956864098755458_0.895686409875546_SIZE_1_1.0_1
GEN_14_FIT_0.895686409875546_0.8956864098755458_0.895686409875546_SIZE_1_1.0_1
GEN_15_FIT_0.895686409875546_0.8956864098755458_0.895686409875546_SIZE_1_1.0_1
GEN_16_FIT_0.895686409875546_0.8956864098755458_0.895686409875546_SIZE_1_1.0_1
GEN_17_FIT_0.895686409875546_0.8956864098755458_0.895686409875546_SIZE_1_1.0_1
GEN_18_FIT_0.895686409875546_0.8957036159829739_0.8960305320241068_SIZE_1_1.05_2
GEN_19_FIT_0.895686409875546_0.8957115067653391_0.8961883476714083_SIZE_1_1.05_2
GEN_20_FIT_0.895686409875546_0.8957617005449252_0.8961883476714083_SIZE_1_1.1_2
Evaluating in sample:
[GEN_20|make_tuple(0.44681033188707836, 0.0011102900512273877)|0.9042]
Evaluating out-of-sample:
[GEN_20|make_tuple(0.44681033188707836, 0.0011102900512273877)|0.9942]
GEN_21_FIT_0.895686409875546_0.8958118943245115_0.8961883476714083_SIZE_1_1.1_2
GEN_22_FIT_0.8961862976855052_0.8961884046565951_0.8961915373610478_SIZE_1_1.3_2
GEN_23_FIT_0.8961883476714083_0.8961901752411995_0.8962185196879529_SIZE_1_1.1_2
GEN_24_FIT_0.8961883476714083_0.8962049960121702_0.896277950356121_SIZE_1_1.25_2
GEN_25_FIT_0.8962087317089394_0.8962478712533463_0.896277950356121_SIZE_1_1.2_3
GEN_26_FIT_0.8962679685208458_0.8962745217988545_0.8962780229501476_SIZE_1_1.0_1
GEN_27_FIT_0.896277950356121_0.896277961245225_0.8962780229501476_SIZE_1_1.0_1
GEN_28_FIT_0.896277950356121_0.896277972134329_0.8962780229501476_SIZE_1_1.0_1
GEN_29_FIT_0.896277950356121_0.8962780011719398_0.8962780229501476_SIZE_1_1.05_2
GEN_30_FIT_0.8962780229501476_0.8962780229501478_0.8962780229501476_SIZE_1_1.0_1
GEN_31_FIT_0.8962780229501476_0.8962780229501478_0.8962780229501476_SIZE_1_1.0_1
GEN_32_FIT_0.8962780229501476_0.8962780229501478_0.8962780229501476_SIZE_1_1.0_1
GEN_33_FIT_0.8962780229501476_0.8962780229501478_0.8962780229501476_SIZE_1_1.0_1
GEN_34_FIT_0.8962780229501476_0.8962780229501478_0.8962780229501476_SIZE_1_1.0_1
GEN_35_FIT_0.8962780229501476_0.8962780229501478_0.8962780229501476_SIZE_1_1.0_1
GEN_36_FIT_0.8962780229501476_0.8962780229501478_0.8962780229501476_SIZE_1_1.0_1
GEN_37_FIT_0.8962780229501476_0.8962780229501478_0.8962780229501476_SIZE_1_1.0_1
GEN_38_FIT_0.8962780229501476_0.8962780229501478_0.8962780229501476_SIZE_1_1.0_1
GEN_39_FIT_0.8962780229501476_0.8962780229501478_0.8962780229501476_SIZE_1_1.0_1
GEN_40_FIT_0.8962780229501476_0.8962780229501478_0.8962780229501476_SIZE_1_1.0_1
Evaluating in sample:
[GEN_40|make_tuple(0.4603090378893813, 0.0011094933626866117)|0.9043]
Evaluating out-of-sample:
[GEN_40|make_tuple(0.4603090378893813, 0.0011094933626866117)|0.9953]
GEN_41_FIT_0.8962780229501476_0.8962780229501478_0.8962780229501476_SIZE_1_1.0_1
GEN_42_FIT_0.8962780229501476_0.8962780229501478_0.8962780229501476_SIZE_1_1.0_1
GEN_43_FIT_0.8962780229501476_0.8962780229501478_0.8962780229501476_SIZE_1_1.0_1
GEN_44_FIT_0.8962780229501476_0.8962780229501478_0.8962780229501476_SIZE_1_1.0_1
GEN_45_FIT_0.8962780229501476_0.8962780229501478_0.8962780229501476_SIZE_1_1.0_1
GEN_46_FIT_0.8962780229501476_0.8962780229501478_0.8962780229501476_SIZE_1_1.0_1
GEN_47_FIT_0.8962780229501476_0.8962780229501478_0.8962780229501476_SIZE_1_1.0_1
Evaluating in sample:
[GEN_47|make_tuple(0.4603090378893813, 0.0011094933626866117)|0.9043]
Evaluating out-of-sample:
[GEN_47|make_tuple(0.4603090378893813, 0.0011094933626866117)|0.9953]
Stopped early in iteration 47, no improvement in 20 gens.
START_TASK: 16
GEN_0_FIT_0.8619405988796002_0.8887912596874912_0.8955599805601246_SIZE_1_2.25_7
GEN_1_FIT_0.8883128065434714_0.8938795881599194_0.8956184800538008_SIZE_1_1.9_4
GEN_2_FIT_0.8955599805601246_0.8955645068118446_0.8956505055945237_SIZE_1_1.05_2
GEN_3_FIT_0.8955599805601246_0.8955668882178911_0.8956981337154519_SIZE_1_1.05_2
GEN_4_FIT_0.8955599805601246_0.8955706471268587_0.8957733118948046_SIZE_1_1.05_2
GEN_5_FIT_0.8955599805601246_0.8955706471268587_0.8957733118948046_SIZE_1_1.05_2
GEN_6_FIT_0.8955599805601246_0.8955987016329866_0.8957733118948046_SIZE_1_1.1_2
GEN_7_FIT_0.8955599805601246_0.8956472341695194_0.8957733118948046_SIZE_1_1.2_2
GEN_8_FIT_0.8956944080133202_0.8957945361154346_0.8962589406117559_SIZE_1_1.2_2
GEN_9_FIT_0.8957733118948046_0.8960675189951062_0.8962589406117559_SIZE_1_1.55_3
GEN_10_FIT_0.8960978072093091_0.8962428272715111_0.8962589406117559_SIZE_1_1.5_2
GEN_11_FIT_0.8962589406117559_0.896274674258969_0.8965736135560206_SIZE_1_1.0_1
GEN_12_FIT_0.8962589406117559_0.8963259560960255_0.8965736135560206_SIZE_1_1.0_1
GEN_13_FIT_0.8962589406117559_0.896507560140618_0.8965736135560206_SIZE_1_1.0_1
GEN_14_FIT_0.8965736135560206_0.8965736135560208_0.8965736135560206_SIZE_1_1.0_1
GEN_15_FIT_0.8965736135560206_0.8965736135560208_0.8965736135560206_SIZE_1_1.0_1
GEN_16_FIT_0.8965736135560206_0.8965736135560208_0.8965736135560206_SIZE_1_1.0_1
GEN_17_FIT_0.8965736135560206_0.8965736135560208_0.8965736135560206_SIZE_1_1.0_1
GEN_18_FIT_0.8965736135560206_0.8965736135560208_0.8965736135560206_SIZE_1_1.0_1
GEN_19_FIT_0.8965736135560206_0.8965736135560208_0.8965736135560206_SIZE_1_1.0_1
GEN_20_FIT_0.8965736135560206_0.8965736135560208_0.8965736135560206_SIZE_1_1.0_1
Evaluating in sample:
[GEN_20|make_tuple(0.8625017110267625, 0.001207284717621141)|0.8966]
Evaluating out-of-sample:
[GEN_20|make_tuple(0.8625017110267625, 0.001207284717621141)|0.9931]
GEN_21_FIT_0.8965736135560206_0.8965736135560208_0.8965736135560206_SIZE_1_1.0_1
GEN_22_FIT_0.8965736135560206_0.8965736135560208_0.8965736135560206_SIZE_1_1.0_1
GEN_23_FIT_0.8965736135560206_0.8965736135560208_0.8965736135560206_SIZE_1_1.0_1
GEN_24_FIT_0.8965736135560206_0.8965736135560208_0.8965736135560206_SIZE_1_1.0_1
GEN_25_FIT_0.8965736135560206_0.8965736135560208_0.8965736135560206_SIZE_1_1.0_1
GEN_26_FIT_0.8965736135560206_0.8965736135560208_0.8965736135560206_SIZE_1_1.0_1
GEN_27_FIT_0.8965736135560206_0.8965736135560208_0.8965736135560206_SIZE_1_1.0_1
GEN_28_FIT_0.8965736135560206_0.8965736135560208_0.8965736135560206_SIZE_1_1.0_1
GEN_29_FIT_0.8965736135560206_0.8965736135560208_0.8965736135560206_SIZE_1_1.0_1
GEN_30_FIT_0.8965736135560206_0.8965736135560208_0.8965736135560206_SIZE_1_1.0_1
GEN_31_FIT_0.8965736135560206_0.8965736135560208_0.8965736135560206_SIZE_1_1.0_1
GEN_32_FIT_0.8965736135560206_0.8965736135560208_0.8965736135560206_SIZE_1_1.0_1
Evaluating in sample:
[GEN_32|make_tuple(0.8625017110267625, 0.001207284717621141)|0.8966]
Evaluating out-of-sample:
[GEN_32|make_tuple(0.8625017110267625, 0.001207284717621141)|0.9931]
Stopped early in iteration 32, no improvement in 20 gens.
START_TASK: 18
GEN_0_FIT_0.8830054594179064_0.8910467144721167_0.894943432201256_SIZE_1_2.8_7
GEN_1_FIT_0.8933061645998148_0.894342448679137_0.894943432201256_SIZE_1_2.5_6
GEN_2_FIT_0.8934365945636418_0.8947609309532967_0.8949468793908952_SIZE_1_2.3_4
GEN_3_FIT_0.8941993257628703_0.8948643526082272_0.8955509686268318_SIZE_1_1.7_4
GEN_4_FIT_0.8946794878210027_0.8950424387646552_0.8955509686268318_SIZE_1_1.5_3
GEN_5_FIT_0.8955351039315873_0.8955572187964214_0.8957336443007611_SIZE_1_1.2_3
GEN_6_FIT_0.8955351039315873_0.8956163560847733_0.8957336443007611_SIZE_1_1.15_3
GEN_7_FIT_0.8957148700665398_0.8957268853311262_0.8957336443007611_SIZE_1_1.1_2
GEN_8_FIT_0.8957336443007611_0.8957336443007613_0.8957336443007611_SIZE_1_1.0_1
GEN_9_FIT_0.8957336443007611_0.8957336443007613_0.8957336443007611_SIZE_1_1.0_1
GEN_10_FIT_0.8957336443007611_0.8957336443007613_0.8957336443007611_SIZE_1_1.0_1
GEN_11_FIT_0.8957336443007611_0.8957336443007613_0.8957336443007611_SIZE_1_1.0_1
GEN_12_FIT_0.8957336443007611_0.8957336443007613_0.8957336443007611_SIZE_1_1.0_1
GEN_13_FIT_0.8957336443007611_0.8957336443007613_0.8957336443007611_SIZE_1_1.0_1
GEN_14_FIT_0.8957336443007611_0.8957336443007613_0.8957336443007611_SIZE_1_1.0_1
GEN_15_FIT_0.8957336443007611_0.8957336443007613_0.8957336443007611_SIZE_1_1.0_1
GEN_16_FIT_0.8957336443007611_0.8957336443007613_0.8957336443007611_SIZE_1_1.0_1
GEN_17_FIT_0.8957336443007611_0.8957336443007613_0.8957336443007611_SIZE_1_1.0_1
GEN_18_FIT_0.8957336443007611_0.8957336443007613_0.8957336443007611_SIZE_1_1.0_1
GEN_19_FIT_0.8957336443007611_0.8957452705157115_0.8959661685997663_SIZE_1_1.05_2
GEN_20_FIT_0.8957336443007611_0.8957568967306617_0.8959661685997663_SIZE_1_1.1_2
Evaluating in sample:
[GEN_20|make_tuple(762, 0.0011094143015400717)|0.8957]
[GEN_20|make_tuple(mul(0.0012957306906912936, 364), 0.0011094143015400717)|0.9040]
Evaluating out-of-sample:
[GEN_20|make_tuple(762, 0.0011094143015400717)|0.9904]
[GEN_20|make_tuple(mul(0.0012957306906912936, 364), 0.0011094143015400717)|0.9895]
GEN_21_FIT_0.8957336443007611_0.8957498485352021_0.8960577289895774_SIZE_1_1.05_2
GEN_22_FIT_0.8957336443007611_0.8957660527696429_0.8960577289895774_SIZE_1_1.1_2
GEN_23_FIT_0.8957336443007611_0.8957660527696429_0.8960577289895774_SIZE_1_1.1_2
GEN_24_FIT_0.8957336443007611_0.8957584933572527_0.8962306254305883_SIZE_1_1.05_2
GEN_25_FIT_0.8957336443007611_0.8957833424137439_0.8962306254305883_SIZE_1_1.1_2
GEN_26_FIT_0.8957336443007611_0.8957833424137439_0.8962306254305883_SIZE_1_1.1_2
GEN_27_FIT_0.8957336443007611_0.8957833424137439_0.8962306254305883_SIZE_1_1.1_2
GEN_28_FIT_0.8957336443007611_0.8957833424137439_0.8962306254305883_SIZE_1_1.1_2
GEN_29_FIT_0.8957336443007611_0.895762599458181_0.8963127474491596_SIZE_1_1.05_2
GEN_30_FIT_0.8957336443007611_0.895762599458181_0.8963127474491596_SIZE_1_1.05_2
GEN_31_FIT_0.8957336443007611_0.8957915546156011_0.8963127474491596_SIZE_1_1.1_2
GEN_32_FIT_0.8957336443007611_0.8957915546156011_0.8963127474491596_SIZE_1_1.1_2
GEN_33_FIT_0.8957336443007611_0.8957915546156011_0.8963127474491596_SIZE_1_1.1_2
GEN_34_FIT_0.8957336443007611_0.8957915546156011_0.8963127474491596_SIZE_1_1.1_2
GEN_35_FIT_0.8957336443007611_0.8957915546156011_0.8963127474491596_SIZE_1_1.1_2
GEN_36_FIT_0.8957336443007611_0.8957915546156011_0.8963127474491596_SIZE_1_1.1_2
GEN_37_FIT_0.8957336443007611_0.8957915546156011_0.8963127474491596_SIZE_1_1.1_2
GEN_38_FIT_0.8957336443007611_0.8957915546156011_0.8963127474491596_SIZE_1_1.1_2
GEN_39_FIT_0.8957336443007611_0.8957915546156011_0.8963127474491596_SIZE_1_1.1_2
GEN_40_FIT_0.8957336443007611_0.8957915546156011_0.8963127474491596_SIZE_1_1.1_2
Evaluating in sample:
[GEN_40|make_tuple(762, 0.0011094143015400717)|0.8957]
[GEN_40|make_tuple(mul(0.0012746548679174086, 357), 0.0011094143015400717)|0.9043]
Evaluating out-of-sample:
[GEN_40|make_tuple(762, 0.0011094143015400717)|0.9904]
[GEN_40|make_tuple(mul(0.0012746548679174086, 357), 0.0011094143015400717)|0.9895]
GEN_41_FIT_0.8957336443007611_0.8957915546156011_0.8963127474491596_SIZE_1_1.1_2
GEN_42_FIT_0.8957336443007611_0.8957915546156011_0.8963127474491596_SIZE_1_1.1_2
GEN_43_FIT_0.8957336443007611_0.8957915546156011_0.8963127474491596_SIZE_1_1.1_2
GEN_44_FIT_0.8957336443007611_0.8957915546156011_0.8963127474491596_SIZE_1_1.1_2
GEN_45_FIT_0.8957336443007611_0.8957915546156011_0.8963127474491596_SIZE_1_1.1_2
GEN_46_FIT_0.8957336443007611_0.8957915546156011_0.8963127474491596_SIZE_1_1.1_2
GEN_47_FIT_0.8957336443007611_0.8957915546156011_0.8963127474491596_SIZE_1_1.1_2
GEN_48_FIT_0.8957336443007611_0.8957915546156011_0.8963127474491596_SIZE_1_1.1_2
GEN_49_FIT_0.8957336443007611_0.8957915546156011_0.8963127474491596_SIZE_1_1.1_2
GEN_50_FIT_0.8957336443007611_0.8957915546156011_0.8963127474491596_SIZE_1_1.1_2
Evaluating in sample:
[GEN_50|make_tuple(762, 0.0011094143015400717)|0.8957]
[GEN_50|make_tuple(mul(0.0012746548679174086, 357), 0.0011094143015400717)|0.9043]
Evaluating out-of-sample:
[GEN_50|make_tuple(762, 0.0011094143015400717)|0.9904]
[GEN_50|make_tuple(mul(0.0012746548679174086, 357), 0.0011094143015400717)|0.9895]
Stopped early in iteration 50, no improvement in 20 gens.
START_TASK: 22
GEN_0_FIT_0.8778950498413255_0.8899210535599391_0.893164365774878_SIZE_1_3.55_9
GEN_1_FIT_0.8887592151093315_0.891716411899943_0.893164365774878_SIZE_1_2.9_7
GEN_2_FIT_0.8887592151093315_0.8913143923937754_0.8938549575864492_SIZE_1_2.75_7
GEN_3_FIT_0.890113679213023_0.8928077084130164_0.8942928080684966_SIZE_1_3.2_7
GEN_4_FIT_0.8912581607795235_0.8936316943797917_0.8943959645546745_SIZE_1_2.7_6
GEN_5_FIT_0.8934010053040474_0.8941642084121308_0.8944960161917203_SIZE_1_2.1_6
GEN_6_FIT_0.8935285787175529_0.8942438566957426_0.8944964436193285_SIZE_1_1.85_5
GEN_7_FIT_0.894238255416086_0.8945601708037865_0.8965462682501621_SIZE_1_1.75_3
GEN_8_FIT_0.8943851357770567_0.8951935192675322_0.8965462682501621_SIZE_1_1.75_3
GEN_9_FIT_0.8948921878185674_0.896023213914184_0.8965462682501621_SIZE_1_2.0_3
GEN_10_FIT_0.895059816193569_0.8956288706020885_0.8966961729397772_SIZE_1_1.4_3
GEN_11_FIT_0.8952334666553686_0.8961846639890213_0.8967170728436824_SIZE_1_1.75_3
GEN_12_FIT_0.8955504079320816_0.8963168585739621_0.8967170728436824_SIZE_1_1.85_3
GEN_13_FIT_0.8956205576497798_0.8960413221432617_0.8967279721901885_SIZE_1_1.45_3
GEN_14_FIT_0.895674180272509_0.8962761284051467_0.8967279721901885_SIZE_1_1.7_3
GEN_15_FIT_0.895674180272509_0.895995601859194_0.8967299007444152_SIZE_1_1.25_2
GEN_16_FIT_0.8957312897767836_0.895984859699557_0.8967322685435202_SIZE_1_1.2_2
GEN_17_FIT_0.895858806263856_0.8963193385727435_0.8967322685435202_SIZE_1_1.6_3
GEN_18_FIT_0.8959296836785966_0.8965997005115183_0.8967322685435202_SIZE_1_1.85_3
GEN_19_FIT_0.896291252482704_0.8967102177404793_0.8967322685435202_SIZE_1_1.95_2
GEN_20_FIT_0.8963082002726946_0.8967110651299789_0.8967322685435202_SIZE_1_1.95_2
Evaluating in sample:
[GEN_20|make_tuple(0.4603024004678688, 0.001109864706572258)|0.9043]
[GEN_20|make_tuple(0.39406466677052926, truediv(0.0038246836886037046, 44))|0.9047]
Evaluating out-of-sample:
[GEN_20|make_tuple(0.4603024004678688, 0.001109864706572258)|0.9919]
[GEN_20|make_tuple(0.39406466677052926, truediv(0.0038246836886037046, 44))|0.9932]
GEN_21_FIT_0.8963082002726946_0.8967110651299789_0.8967322685435202_SIZE_1_1.95_2
GEN_22_FIT_0.8963082002726946_0.8967110651299789_0.8967322685435202_SIZE_1_1.95_2
GEN_23_FIT_0.8963082002726946_0.8966898617164375_0.8967322685435202_SIZE_1_1.9_2
GEN_24_FIT_0.8963082002726946_0.8966898617164375_0.8967322685435202_SIZE_1_1.9_2
GEN_25_FIT_0.8963082002726946_0.8966898617164375_0.8967322685435202_SIZE_1_1.9_2
GEN_26_FIT_0.8963082002726946_0.8966898617164375_0.8967322685435202_SIZE_1_1.9_2
GEN_27_FIT_0.8963082002726946_0.8966898617164375_0.8967322685435202_SIZE_1_1.9_2
GEN_28_FIT_0.8963173614761724_0.8967115231901527_0.8967322685435202_SIZE_1_1.95_2
GEN_29_FIT_0.8963173614761724_0.8967115231901527_0.8967322685435202_SIZE_1_1.95_2
GEN_30_FIT_0.8959502643928615_0.8966516869183959_0.8967324543263894_SIZE_1_1.85_2
GEN_31_FIT_0.8960371577992864_0.8966352862353497_0.8967324543263894_SIZE_1_1.8_2
GEN_32_FIT_0.8960371577992864_0.896600549276425_0.8967324543263894_SIZE_1_1.75_2
GEN_33_FIT_0.8960723576271677_0.8966163658973807_0.8967324543263894_SIZE_1_1.75_2
GEN_34_FIT_0.8963173614761724_0.896524907901281_0.8967324543263894_SIZE_1_1.5_2
GEN_35_FIT_0.8963173614761724_0.8963588707611938_0.8967324543263894_SIZE_1_1.1_2
GEN_36_FIT_0.8963173614761724_0.8963588707611938_0.8967324543263894_SIZE_1_1.1_2
GEN_37_FIT_0.8963173614761724_0.8963588707611938_0.8967324543263894_SIZE_1_1.1_2
GEN_38_FIT_0.8963173614761724_0.8963588707611938_0.8967324543263894_SIZE_1_1.1_2
GEN_39_FIT_0.8963173614761724_0.8963588707611938_0.8967324543263894_SIZE_1_1.1_2
GEN_40_FIT_0.8963173614761724_0.8963588707611938_0.8967324543263894_SIZE_1_1.1_2
Evaluating in sample:
[GEN_40|make_tuple(0.4603024004678688, 0.001120273968330608)|0.9043]
[GEN_40|make_tuple(0.39300679373202363, truediv(0.0038246836886037046, 44))|0.9047]
Evaluating out-of-sample:
[GEN_40|make_tuple(0.4603024004678688, 0.001120273968330608)|0.9920]
[GEN_40|make_tuple(0.39300679373202363, truediv(0.0038246836886037046, 44))|0.9932]
GEN_41_FIT_0.8963173614761724_0.8963588707611938_0.8967324543263894_SIZE_1_1.1_2
GEN_42_FIT_0.8963173614761724_0.8963588707611938_0.8967324543263894_SIZE_1_1.1_2
GEN_43_FIT_0.8963173614761724_0.8963588707611938_0.8967324543263894_SIZE_1_1.1_2
GEN_44_FIT_0.8963173614761724_0.8963588707611938_0.8967324543263894_SIZE_1_1.1_2
GEN_45_FIT_0.8963173614761724_0.8963588707611938_0.8967324543263894_SIZE_1_1.1_2
GEN_46_FIT_0.8963173614761724_0.8963588707611938_0.8967324543263894_SIZE_1_1.1_2
GEN_47_FIT_0.8963173614761724_0.8963588707611938_0.8967324543263894_SIZE_1_1.1_2
GEN_48_FIT_0.8963173614761724_0.8963588707611938_0.8967324543263894_SIZE_1_1.1_2
GEN_49_FIT_0.8963173614761724_0.8963588707611938_0.8967324543263894_SIZE_1_1.1_2
GEN_50_FIT_0.8963173614761724_0.8963588707611938_0.8967324543263894_SIZE_1_1.1_2
GEN_51_FIT_0.8963173614761724_0.8963588707611938_0.8967324543263894_SIZE_1_1.1_2
Evaluating in sample:
[GEN_51|make_tuple(0.4603024004678688, 0.001120273968330608)|0.9043]
[GEN_51|make_tuple(0.39300679373202363, truediv(0.0038246836886037046, 44))|0.9047]
Evaluating out-of-sample:
[GEN_51|make_tuple(0.4603024004678688, 0.001120273968330608)|0.9920]
[GEN_51|make_tuple(0.39300679373202363, truediv(0.0038246836886037046, 44))|0.9932]
Stopped early in iteration 51, no improvement in 20 gens.
START_TASK: 23
GEN_0_FIT_0.881908168645355_0.891837080366081_0.896306486917397_SIZE_1_5.1_9
GEN_1_FIT_0.8886829807809399_0.8942362321777877_0.896306486917397_SIZE_1_3.7_8
GEN_2_FIT_0.8939090078438406_0.8959734934231107_0.896306486917397_SIZE_1_2.8_7
GEN_3_FIT_0.8960869282486882_0.8961298863048202_0.896306486917397_SIZE_1_1.4_4
GEN_4_FIT_0.8960869282486882_0.8962388640675039_0.896468189173124_SIZE_1_2.0_4
GEN_5_FIT_0.8962874133652_0.8963793311667102_0.896468189173124_SIZE_1_1.85_4
GEN_6_FIT_0.8964298539030705_0.8964317706665733_0.896468189173124_SIZE_1_1.1_3
GEN_7_FIT_0.8964298539030705_0.8964365429052897_0.8964869634073452_SIZE_1_1.2_3
GEN_8_FIT_0.8964298539030705_0.8964422538557173_0.8964869634073452_SIZE_1_1.2_3
GEN_9_FIT_0.8964298539030705_0.8964708086078547_0.8964869634073452_SIZE_1_1.2_3
GEN_10_FIT_0.8964869634073452_0.8964869634073451_0.8964869634073452_SIZE_1_1.0_1
GEN_11_FIT_0.8964869634073452_0.8964869634073451_0.8964869634073452_SIZE_1_1.0_1
GEN_12_FIT_0.8964869634073452_0.8964869634073451_0.8964869634073452_SIZE_1_1.0_1
GEN_13_FIT_0.8964869634073452_0.8964869634073451_0.8964869634073452_SIZE_1_1.0_1
GEN_14_FIT_0.8964869634073452_0.8965144939903841_0.8970375750681256_SIZE_1_1.05_2
GEN_15_FIT_0.8964869634073452_0.8965157136926678_0.8970619691137978_SIZE_1_1.05_2
GEN_16_FIT_0.8964869634073452_0.8965444639779904_0.8970619691137978_SIZE_1_1.1_2
GEN_17_FIT_0.8964869634073452_0.8965444639779904_0.8970619691137978_SIZE_1_1.1_2
GEN_18_FIT_0.8964869634073452_0.8965208014670987_0.8971637246024176_SIZE_1_1.05_2
GEN_19_FIT_0.8964869634073452_0.8965546395268523_0.8971637246024176_SIZE_1_1.1_2
GEN_20_FIT_0.8964869634073452_0.8965546395268523_0.8971637246024176_SIZE_1_1.1_2
Evaluating in sample:
[GEN_20|make_tuple(10, 0.0011095778324771365)|0.8965]
[GEN_20|make_tuple(mul(0.0017262156405913375, 264), 0.0011095778324771365)|0.9052]
Evaluating out-of-sample:
[GEN_20|make_tuple(10, 0.0011095778324771365)|0.9053]
[GEN_20|make_tuple(mul(0.0017262156405913375, 264), 0.0011095778324771365)|0.8933]
GEN_21_FIT_0.8964869634073452_0.8965546395268523_0.8971637246024176_SIZE_1_1.1_2
GEN_22_FIT_0.8964869634073452_0.8965546395268523_0.8971637246024176_SIZE_1_1.1_2
GEN_23_FIT_0.8964869634073452_0.8965546395268523_0.8971637246024176_SIZE_1_1.1_2
GEN_24_FIT_0.8964869634073452_0.8965546395268523_0.8971637246024176_SIZE_1_1.1_2
GEN_25_FIT_0.8964869634073452_0.8965546395268523_0.8971637246024176_SIZE_1_1.1_2
GEN_26_FIT_0.8964869634073452_0.8965546395268523_0.8971637246024176_SIZE_1_1.1_2
GEN_27_FIT_0.8964869634073452_0.8965546395268523_0.8971637246024176_SIZE_1_1.1_2
GEN_28_FIT_0.8964869634073452_0.8965546395268523_0.8971637246024176_SIZE_1_1.1_2
GEN_29_FIT_0.8964869634073452_0.8965546395268523_0.8971637246024176_SIZE_1_1.1_2
GEN_30_FIT_0.8964869634073452_0.8965546395268523_0.8971637246024176_SIZE_1_1.1_2
GEN_31_FIT_0.8964869634073452_0.8965546395268523_0.8971637246024176_SIZE_1_1.1_2
GEN_32_FIT_0.8964869634073452_0.8965546395268523_0.8971637246024176_SIZE_1_1.1_2
GEN_33_FIT_0.8964869634073452_0.8965546395268523_0.8971637246024176_SIZE_1_1.1_2
GEN_34_FIT_0.8964869634073452_0.8965546395268523_0.8971637246024176_SIZE_1_1.1_2
GEN_35_FIT_0.8964869634073452_0.8965546395268523_0.8971637246024176_SIZE_1_1.1_2
GEN_36_FIT_0.8964869634073452_0.8965546395268523_0.8971637246024176_SIZE_1_1.1_2
GEN_37_FIT_0.8964869634073452_0.8965546395268523_0.8971637246024176_SIZE_1_1.1_2
GEN_38_FIT_0.8964869634073452_0.8965546395268523_0.8971637246024176_SIZE_1_1.1_2
GEN_39_FIT_0.8964869634073452_0.8965546395268523_0.8971637246024176_SIZE_1_1.1_2
Evaluating in sample:
[GEN_39|make_tuple(10, 0.0011095778324771365)|0.8965]
[GEN_39|make_tuple(mul(0.0017262156405913375, 264), 0.0011095778324771365)|0.9052]
Evaluating out-of-sample:
[GEN_39|make_tuple(10, 0.0011095778324771365)|0.9053]
[GEN_39|make_tuple(mul(0.0017262156405913375, 264), 0.0011095778324771365)|0.8933]
Stopped early in iteration 39, no improvement in 20 gens.
START_TASK: 24
GEN_0_FIT_0.8799169400281158_0.8895392652215302_0.8944703030986347_SIZE_1_2.75_7
GEN_1_FIT_0.8870239505897125_0.8932092169335428_0.8952794649767817_SIZE_1_2.85_7
GEN_2_FIT_0.8915448983702645_0.8937555981929126_0.8952970296547098_SIZE_1_2.15_5
GEN_3_FIT_0.8933195862512123_0.894253413700949_0.8956784119310068_SIZE_1_1.95_4
GEN_4_FIT_0.8933210626010769_0.8949018315919673_0.8956784119310068_SIZE_1_2.25_5
GEN_5_FIT_0.8944360531826078_0.8953271718730911_0.8960676043830195_SIZE_1_2.4_4
GEN_6_FIT_0.8945934750324064_0.8957259229666243_0.8960676043830195_SIZE_1_1.85_3
GEN_7_FIT_0.8951601335585985_0.8959439192847872_0.8960818960096022_SIZE_1_1.8_2
GEN_8_FIT_0.8951601335585985_0.8957689792569866_0.8960818960096022_SIZE_1_1.5_2
GEN_9_FIT_0.8955614547586364_0.8960309207838488_0.8961065640786294_SIZE_1_1.95_3
GEN_10_FIT_0.8956582060625524_0.8960419938217997_0.8961065640786294_SIZE_1_2.0_3
GEN_11_FIT_0.8956582060625524_0.8959996248270947_0.8961065640786294_SIZE_1_1.9_3
GEN_12_FIT_0.8956582060625524_0.8957680245188758_0.8961208557052123_SIZE_1_1.35_3
GEN_13_FIT_0.8956582060625524_0.8957468400215234_0.8961208557052123_SIZE_1_1.3_3
GEN_14_FIT_0.8956582060625524_0.8957468400215234_0.8961208557052123_SIZE_1_1.3_3
GEN_15_FIT_0.8956582060625524_0.8957468400215234_0.8961208557052123_SIZE_1_1.3_3
GEN_16_FIT_0.8956582060625524_0.8957468400215234_0.8961208557052123_SIZE_1_1.3_3
GEN_17_FIT_0.8956582060625524_0.8957243674521959_0.8961340539613214_SIZE_1_1.2_3
GEN_18_FIT_0.8956582060625524_0.8957481598471343_0.8961340539613214_SIZE_1_1.3_3
GEN_19_FIT_0.8956582060625524_0.8957481598471343_0.8961340539613214_SIZE_1_1.3_3
GEN_20_FIT_0.8956582060625524_0.8957481598471343_0.8961340539613214_SIZE_1_1.3_3
Evaluating in sample:
[GEN_20|make_tuple(1, 0.0011087241329547398)|0.8957]
[GEN_20|make_tuple(expit(2), 0.0012063601858785915)|0.8961]
[GEN_20|make_tuple(expit(add(0.01757302911784489, 2)), 0.0012063601858785915)|0.8961]
Evaluating out-of-sample:
[GEN_20|make_tuple(1, 0.0011087241329547398)|0.9990]
[GEN_20|make_tuple(expit(2), 0.0012063601858785915)|0.9990]
[GEN_20|make_tuple(expit(add(0.01757302911784489, 2)), 0.0012063601858785915)|0.9990]
GEN_21_FIT_0.8956582060625524_0.8957481598471343_0.8961340539613214_SIZE_1_1.3_3
GEN_22_FIT_0.8956582060625524_0.8957481598471343_0.8961340539613214_SIZE_1_1.3_3
GEN_23_FIT_0.8956582060625524_0.8957481598471343_0.8961340539613214_SIZE_1_1.3_3
GEN_24_FIT_0.8956582060625524_0.8957481598471343_0.8961340539613214_SIZE_1_1.3_3
GEN_25_FIT_0.8956582060625524_0.8957481598471343_0.8961340539613214_SIZE_1_1.3_3
GEN_26_FIT_0.8956582060625524_0.8957481598471343_0.8961340539613214_SIZE_1_1.3_3
GEN_27_FIT_0.8956582060625524_0.8957888246726723_0.8964715025733124_SIZE_1_1.45_4
GEN_28_FIT_0.8956582060625524_0.8957664957831322_0.8964715025733124_SIZE_1_1.35_4
GEN_29_FIT_0.8956582060625524_0.8957788087578413_0.8964732307955919_SIZE_1_1.35_4
GEN_30_FIT_0.8956582060625524_0.8958162912217732_0.8964732307955919_SIZE_1_1.45_4
GEN_31_FIT_0.8956582060625524_0.8958171043655554_0.8964894936712348_SIZE_1_1.45_4
GEN_32_FIT_0.8956582060625524_0.8958586687459895_0.8964894936712348_SIZE_1_1.6_4
GEN_33_FIT_0.8956582060625524_0.8958175701782215_0.8964988099245585_SIZE_1_1.45_4
GEN_34_FIT_0.8956582060625524_0.8958596003713218_0.8964988099245585_SIZE_1_1.6_4
GEN_35_FIT_0.8956582060625524_0.8958222059141068_0.8964988099245585_SIZE_1_1.5_4
GEN_36_FIT_0.8956582060625524_0.8958266283046727_0.8964988099245585_SIZE_1_1.5_4
GEN_37_FIT_0.8956582060625524_0.8958686211658874_0.8964988099245585_SIZE_1_1.6_4
GEN_38_FIT_0.8956582060625524_0.8958686211658874_0.8964988099245585_SIZE_1_1.6_4
GEN_39_FIT_0.8956582060625524_0.8958686211658874_0.8964988099245585_SIZE_1_1.6_4
GEN_40_FIT_0.8956582060625524_0.8958686211658874_0.8964988099245585_SIZE_1_1.6_4
Evaluating in sample:
[GEN_40|make_tuple(1, 0.0011087241329547398)|0.8957]
[GEN_40|make_tuple(expit(2), 0.0012063601858785915)|0.8961]
[GEN_40|make_tuple(expit(sub(2, 0.12374097034743067)), 0.0012063601858785915)|0.8965]
[GEN_40|make_tuple(expit(add(0.0013519815016228033, sub(2, 0.12374097034743067))), 0.0012063601858785915)|0.8965]
Evaluating out-of-sample:
[GEN_40|make_tuple(1, 0.0011087241329547398)|0.9990]
[GEN_40|make_tuple(expit(2), 0.0012063601858785915)|0.9990]
[GEN_40|make_tuple(expit(sub(2, 0.12374097034743067)), 0.0012063601858785915)|0.9990]
[GEN_40|make_tuple(expit(add(0.0013519815016228033, sub(2, 0.12374097034743067))), 0.0012063601858785915)|0.9990]
GEN_41_FIT_0.8956582060625524_0.8958686211658874_0.8964988099245585_SIZE_1_1.6_4
GEN_42_FIT_0.8956582060625524_0.8958686211658874_0.8964988099245585_SIZE_1_1.6_4
GEN_43_FIT_0.8956582060625524_0.8958686211658874_0.8964988099245585_SIZE_1_1.6_4
GEN_44_FIT_0.8956582060625524_0.8958686211658874_0.8964988099245585_SIZE_1_1.6_4
GEN_45_FIT_0.8956582060625524_0.8958686211658874_0.8964988099245585_SIZE_1_1.6_4
GEN_46_FIT_0.8956582060625524_0.8958686211658874_0.8964988099245585_SIZE_1_1.6_4
GEN_47_FIT_0.8956582060625524_0.8958686211658874_0.8964988099245585_SIZE_1_1.6_4
GEN_48_FIT_0.8956582060625524_0.8958686211658874_0.8964988099245585_SIZE_1_1.6_4
GEN_49_FIT_0.8956582060625524_0.8958686211658874_0.8964988099245585_SIZE_1_1.6_4
GEN_50_FIT_0.8956582060625524_0.8958686211658874_0.8964988099245585_SIZE_1_1.6_4
GEN_51_FIT_0.8956582060625524_0.8958686211658874_0.8964988099245585_SIZE_1_1.6_4
GEN_52_FIT_0.8956582060625524_0.8958686211658874_0.8964988099245585_SIZE_1_1.6_4
GEN_53_FIT_0.8956582060625524_0.8958686211658874_0.8964988099245585_SIZE_1_1.6_4
GEN_54_FIT_0.8956582060625524_0.8958686211658874_0.8964988099245585_SIZE_1_1.6_4
Evaluating in sample:
[GEN_54|make_tuple(1, 0.0011087241329547398)|0.8957]
[GEN_54|make_tuple(expit(2), 0.0012063601858785915)|0.8961]
[GEN_54|make_tuple(expit(sub(2, 0.12374097034743067)), 0.0012063601858785915)|0.8965]
[GEN_54|make_tuple(expit(add(0.0013519815016228033, sub(2, 0.12374097034743067))), 0.0012063601858785915)|0.8965]
Evaluating out-of-sample:
[GEN_54|make_tuple(1, 0.0011087241329547398)|0.9990]
[GEN_54|make_tuple(expit(2), 0.0012063601858785915)|0.9990]
[GEN_54|make_tuple(expit(sub(2, 0.12374097034743067)), 0.0012063601858785915)|0.9990]
[GEN_54|make_tuple(expit(add(0.0013519815016228033, sub(2, 0.12374097034743067))), 0.0012063601858785915)|0.9990]
Stopped early in iteration 54, no improvement in 20 gens.
START_TASK: 2073
