Starting problem: mlr_knn
param:age_regularization:100000.0
param:algorithm:random_search
param:constants_only:False
param:cxpb:0.25
param:early_stop_n:20
param:lambda_:100
param:max_number_operators:None
param:max_start_size:2
param:mu:20
param:ngen:300
param:optimize_constants:False
param:output_file:/home/gijsbers/symbolicdefaults/runs/mlr_knn_random_search_18.log
param:problem:mlr_knn
param:subset:1.0
param:task:None
param:warm_start:False
Benchmark problems: mlr_knn
mlr_default := make_tuple(10., 16., 10., 200.)
Loading surrogates from file.
START_TASK: 3
GEN_0_FIT_0.39229993991303025_0.5100034686392279_0.7590981047038785_SIZE_1_6.3401_19
Evaluating in sample:
[GEN_0|make_tuple(9, 161, 79, po)|0.7591]
Evaluating out-of-sample:
[GEN_0|make_tuple(9, 161, 79, po)|0.8645]
GEN_1_FIT_0.3489602261934453_0.5094056944935557_0.7674412018605772_SIZE_1_6.4128_19
Evaluating in sample:
[GEN_1|make_tuple(9, n, p, n)|0.7674]
Evaluating out-of-sample:
[GEN_1|make_tuple(9, n, p, n)|0.8953]
GEN_2_FIT_0.3398144084616632_0.510771004841679_0.7700820830443277_SIZE_1_6.3055_19
Evaluating in sample:
[GEN_2|make_tuple(9, n, n, 326)|0.7701]
Evaluating out-of-sample:
[GEN_2|make_tuple(9, n, n, 326)|0.8738]
BENCHMARK: Evaluating in-sample:
[mlr_default: make_tuple(10.0, 16.0, 10.0, 200.0)|0.7089]
BENCHMARK:  Evaluating out-of-sample:
[GEN_2|mlr_default: make_tuple(10.0, 16.0, 10.0, 200.0)|0.8316]
START_TASK: 6
GEN_0_FIT_0.3350367474983187_0.5076780526830402_0.7678900931901846_SIZE_1_6.2756_19
Evaluating in sample:
[GEN_0|make_tuple(9, 137, po, 328)|0.7679]
Evaluating out-of-sample:
[GEN_0|make_tuple(9, 137, po, 328)|0.8256]
GEN_1_FIT_0.3777731454769125_0.5077004939408557_0.7697545841085317_SIZE_1_6.3367_19
Evaluating in sample:
[GEN_1|make_tuple(9, 620, n, n)|0.7698]
Evaluating out-of-sample:
[GEN_1|make_tuple(9, 620, n, n)|0.8278]
GEN_2_FIT_0.3572436692627838_0.5073003502903012_0.7675241411650444_SIZE_1_6.3863_19
Evaluating in sample:
[GEN_2|make_tuple(9, 620, n, n)|0.7698]
Evaluating out-of-sample:
[GEN_2|make_tuple(9, 620, n, n)|0.8278]
BENCHMARK: Evaluating in-sample:
[mlr_default: make_tuple(10.0, 16.0, 10.0, 200.0)|0.7098]
BENCHMARK:  Evaluating out-of-sample:
[GEN_2|mlr_default: make_tuple(10.0, 16.0, 10.0, 200.0)|0.7258]
START_TASK: 11
GEN_0_FIT_0.3856408224877813_0.5093689268468299_0.7578283944358455_SIZE_1_6.3371_21
Evaluating in sample:
[GEN_0|make_tuple(7, n, n, n)|0.7578]
Evaluating out-of-sample:
[GEN_0|make_tuple(7, n, n, n)|0.8628]
GEN_1_FIT_0.33953410976177234_0.5097731011513852_0.7689389038184976_SIZE_1_6.271_21
Evaluating in sample:
[GEN_1|make_tuple(9, n, n, n)|0.7689]
Evaluating out-of-sample:
[GEN_1|make_tuple(9, n, n, n)|0.9216]
GEN_2_FIT_0.3344310447880287_0.5079670005832986_0.7671317033852589_SIZE_1_6.4127_19
Evaluating in sample:
[GEN_2|make_tuple(9, n, n, n)|0.7689]
Evaluating out-of-sample:
[GEN_2|make_tuple(9, n, n, n)|0.9216]
BENCHMARK: Evaluating in-sample:
[mlr_default: make_tuple(10.0, 16.0, 10.0, 200.0)|0.7085]
BENCHMARK:  Evaluating out-of-sample:
[GEN_2|mlr_default: make_tuple(10.0, 16.0, 10.0, 200.0)|0.8758]
START_TASK: 12
GEN_0_FIT_0.38051936224199995_0.5076293098065613_0.7679141345842428_SIZE_1_6.319_19
Evaluating in sample:
[GEN_0|make_tuple(9, n, p, n)|0.7679]
Evaluating out-of-sample:
[GEN_0|make_tuple(9, n, p, n)|0.8410]
GEN_1_FIT_0.3240133913583021_0.5073331620888163_0.769653348809089_SIZE_1_6.3902_21
Evaluating in sample:
[GEN_1|make_tuple(9, 475, n, n)|0.7697]
Evaluating out-of-sample:
[GEN_1|make_tuple(9, 475, n, n)|0.8394]
GEN_2_FIT_0.35558623324043953_0.5071382549266933_0.7670875991871857_SIZE_1_6.368_19
Evaluating in sample:
[GEN_2|make_tuple(9, 475, n, n)|0.7697]
Evaluating out-of-sample:
[GEN_2|make_tuple(9, 475, n, n)|0.8394]
BENCHMARK: Evaluating in-sample:
[mlr_default: make_tuple(10.0, 16.0, 10.0, 200.0)|0.7093]
BENCHMARK:  Evaluating out-of-sample:
[GEN_2|mlr_default: make_tuple(10.0, 16.0, 10.0, 200.0)|0.7817]
START_TASK: 14
GEN_0_FIT_0.35717762064346464_0.5101288705304315_0.7673299873550871_SIZE_1_6.4124_19
Evaluating in sample:
[GEN_0|make_tuple(9, 87, po, n)|0.7673]
Evaluating out-of-sample:
[GEN_0|make_tuple(9, 87, po, n)|0.8467]
GEN_1_FIT_0.3282129736153167_0.5097101480391132_0.7673299873550871_SIZE_1_6.3172_19
Evaluating in sample:
[GEN_1|make_tuple(9, 87, po, n)|0.7673]
Evaluating out-of-sample:
[GEN_1|make_tuple(9, 87, po, n)|0.8467]
GEN_2_FIT_0.34932276602013523_0.5104161337720149_0.7608572523914223_SIZE_1_6.3404_19
Evaluating in sample:
[GEN_2|make_tuple(9, 87, po, n)|0.7673]
Evaluating out-of-sample:
[GEN_2|make_tuple(9, 87, po, n)|0.8467]
BENCHMARK: Evaluating in-sample:
[mlr_default: make_tuple(10.0, 16.0, 10.0, 200.0)|0.7097]
BENCHMARK:  Evaluating out-of-sample:
[GEN_2|mlr_default: make_tuple(10.0, 16.0, 10.0, 200.0)|0.7374]
START_TASK: 15
GEN_0_FIT_0.3479347420340271_0.5087572065437104_0.7659196404809615_SIZE_1_6.3834_21
Evaluating in sample:
[GEN_0|make_tuple(9, po, p, n)|0.7659]
Evaluating out-of-sample:
[GEN_0|make_tuple(9, po, p, n)|0.7282]
GEN_1_FIT_0.37928972106957254_0.5085182794959785_0.7622154512034625_SIZE_1_6.4237_19
Evaluating in sample:
[GEN_1|make_tuple(9, po, p, n)|0.7659]
Evaluating out-of-sample:
[GEN_1|make_tuple(9, po, p, n)|0.7282]
GEN_2_FIT_0.3579653477889101_0.5082870758328657_0.7660836360990568_SIZE_1_6.3174_19
Evaluating in sample:
[GEN_2|make_tuple(9, p, po, n)|0.7661]
Evaluating out-of-sample:
[GEN_2|make_tuple(9, p, po, n)|0.7282]
BENCHMARK: Evaluating in-sample:
[mlr_default: make_tuple(10.0, 16.0, 10.0, 200.0)|0.7103]
BENCHMARK:  Evaluating out-of-sample:
[GEN_2|mlr_default: make_tuple(10.0, 16.0, 10.0, 200.0)|0.6722]
START_TASK: 16
GEN_0_FIT_0.38593893443174265_0.5075986214624689_0.7614398106583701_SIZE_1_6.3792_21
Evaluating in sample:
[GEN_0|make_tuple(9, 577, 99, po)|0.7614]
Evaluating out-of-sample:
[GEN_0|make_tuple(9, 577, 99, po)|0.8120]
GEN_1_FIT_0.33614379938457706_0.5083056503338045_0.765348640038159_SIZE_1_6.3793_19
Evaluating in sample:
[GEN_1|make_tuple(9, p, po, n)|0.7653]
Evaluating out-of-sample:
[GEN_1|make_tuple(9, p, po, n)|0.8127]
GEN_2_FIT_0.35113343456835705_0.5074410670967454_0.7582773673365765_SIZE_1_6.3918_19
Evaluating in sample:
[GEN_2|make_tuple(9, p, po, n)|0.7653]
Evaluating out-of-sample:
[GEN_2|make_tuple(9, p, po, n)|0.8127]
BENCHMARK: Evaluating in-sample:
[mlr_default: make_tuple(10.0, 16.0, 10.0, 200.0)|0.7092]
BENCHMARK:  Evaluating out-of-sample:
[GEN_2|mlr_default: make_tuple(10.0, 16.0, 10.0, 200.0)|0.7956]
START_TASK: 18
