Starting problem: mlr_rpart
param:age_regularization:100000.0
param:algorithm:mupluslambda
param:constants_only:True
param:cxpb:0.25
param:early_stop_n:20
param:lambda_:100
param:max_number_operators:None
param:max_start_size:2
param:mu:20
param:ngen:300
param:optimize_constants:False
param:output_file:/home/gijsbers/symbolicdefaults/runs/mlr_rpart_True_10.log
param:problem:mlr_rpart
param:subset:1.0
param:task:None
param:warm_start:False
Benchmark problems: mlr_rpart
Loading surrogates from file.
START_TASK: 3
GEN_0_FIT_0.6338779741384358_0.7742340325794527_0.852524634667597_SIZE_1_3.65_11
GEN_1_FIT_0.8401743963290514_0.8467818948114774_0.8620159779943893_SIZE_1_3.15_6
GEN_2_FIT_0.8420067242133646_0.8541242298560267_0.8631897779213912_SIZE_1_2.35_5
GEN_3_FIT_0.8499238603377942_0.8608166927104856_0.8654002307821798_SIZE_1_2.05_4
GEN_4_FIT_0.8545209622038469_0.86236829784604_0.8654002307821798_SIZE_1_2.05_3
GEN_5_FIT_0.854779182383477_0.8616197210241969_0.8663469154524901_SIZE_1_2.1_4
GEN_6_FIT_0.8560416573377048_0.8644718442743802_0.866504876576397_SIZE_1_2.4_4
GEN_7_FIT_0.8595856359193066_0.8653223460683492_0.8676505106223872_SIZE_1_2.2_4
GEN_8_FIT_0.8651191893963182_0.8670695141497543_0.8678579873640473_SIZE_1_2.25_4
GEN_9_FIT_0.867112378331428_0.867996751662617_0.8706396008352337_SIZE_1_1.6_3
GEN_10_FIT_0.8682529675822762_0.8691291862991223_0.8706396008352337_SIZE_1_1.7_3
GEN_11_FIT_0.8701503137940672_0.870568719648493_0.8706947352871551_SIZE_1_1.55_2
GEN_12_FIT_0.8706396008352337_0.8708714710436295_0.8717619318989812_SIZE_1_1.25_2
GEN_13_FIT_0.8706947352871551_0.871583063891953_0.8727578288836696_SIZE_1_1.7_3
GEN_14_FIT_0.8717619318989812_0.8721251148362039_0.8728887243416319_SIZE_1_1.35_2
GEN_15_FIT_0.8718447523202628_0.8727707346172513_0.8737199881366166_SIZE_1_1.75_2
GEN_16_FIT_0.8727578288836696_0.8729129484672438_0.8737200021805464_SIZE_1_1.55_3
GEN_17_FIT_0.8727578288836696_0.8730787866603414_0.873841650983106_SIZE_1_1.4_3
GEN_18_FIT_0.8728887243416319_0.8729371707184601_0.873857651878198_SIZE_1_1.05_2
GEN_19_FIT_0.8728887243416319_0.8730851798264604_0.873857651878198_SIZE_1_1.2_2
GEN_20_FIT_0.8728887243416319_0.8730621608146507_0.875230054924932_SIZE_1_1.1_2
Evaluating in sample:
[GEN_20|make_tuple(0.0015659561727504239, 22, 11, 28)|0.8729]
[GEN_20|make_tuple(truediv(0.0016617619473617822, 6), 22, 11, 29)|0.8752]
Evaluating out-of-sample:
[GEN_20|make_tuple(0.0015659561727504239, 22, 11, 28)|0.9627]
[GEN_20|make_tuple(truediv(0.0016617619473617822, 6), 22, 11, 29)|0.9675]
GEN_21_FIT_0.8728887243416319_0.8732396283090443_0.8752404332707485_SIZE_1_1.2_2
GEN_22_FIT_0.872905566873005_0.8733999579167525_0.8752404332707485_SIZE_1_1.2_2
GEN_23_FIT_0.8729421238919369_0.8749262157036812_0.8758553565825417_SIZE_1_1.9_3
GEN_24_FIT_0.8729481557210458_0.8751565655588529_0.8758553565825417_SIZE_1_2.0_3
GEN_25_FIT_0.8723160732250133_0.8746704568792776_0.8758553565825417_SIZE_1_1.8_3
GEN_26_FIT_0.872667807377465_0.8749781820749002_0.8758553565825417_SIZE_1_1.9_3
GEN_27_FIT_0.872905566873005_0.8748300323685342_0.8759840805087763_SIZE_1_2.15_3
GEN_28_FIT_0.8729481557210458_0.8732517481998187_0.8759840805087763_SIZE_1_1.1_2
GEN_29_FIT_0.8729481557210458_0.8732517481998187_0.8759840805087763_SIZE_1_1.1_2
GEN_30_FIT_0.8729481557210458_0.8732517481998187_0.8759840805087763_SIZE_1_1.1_2
GEN_31_FIT_0.8729481557210458_0.8737083712141278_0.8759840805087763_SIZE_1_1.3_3
GEN_32_FIT_0.872972841644035_0.875381832735828_0.8759840805087763_SIZE_1_1.85_3
GEN_33_FIT_0.872972841644035_0.875682956622302_0.8759840805087763_SIZE_1_1.9_2
GEN_34_FIT_0.872972841644035_0.875682956622302_0.8759840805087763_SIZE_1_1.9_2
GEN_35_FIT_0.8723160732250133_0.8741349948793851_0.8760666059472363_SIZE_1_1.45_2
GEN_36_FIT_0.8728844099923724_0.8737336085934062_0.8760666059472363_SIZE_1_1.25_2
GEN_37_FIT_0.872972841644035_0.8744992619922648_0.8760666059472363_SIZE_1_1.5_2
GEN_38_FIT_0.872972841644035_0.8754358133833154_0.8760666059472363_SIZE_1_1.9_3
GEN_39_FIT_0.8729762327689191_0.8757575686294047_0.8760666059472363_SIZE_1_1.9_2
GEN_40_FIT_0.8729762327689191_0.8757575686294047_0.8760666059472363_SIZE_1_1.9_2
Evaluating in sample:
[GEN_40|make_tuple(0.0015558237523021826, 22, 11, 28)|0.8730]
[GEN_40|make_tuple(truediv(0.0016617619473617822, 4), 22, 11, 27)|0.8761]
Evaluating out-of-sample:
[GEN_40|make_tuple(0.0015558237523021826, 22, 11, 28)|0.9627]
[GEN_40|make_tuple(truediv(0.0016617619473617822, 4), 22, 11, 27)|0.9675]
GEN_41_FIT_0.8728878011172565_0.8753051285868535_0.8765542195861521_SIZE_1_1.75_2
GEN_42_FIT_0.8728878011172565_0.873603274525226_0.8765542195861521_SIZE_1_1.2_2
GEN_43_FIT_0.8729762327689191_0.8733340314506425_0.8765542195861521_SIZE_1_1.1_2
GEN_44_FIT_0.8729762327689191_0.8733340314506425_0.8765542195861521_SIZE_1_1.1_2
GEN_45_FIT_0.8729762327689191_0.8733340314506425_0.8765542195861521_SIZE_1_1.1_2
GEN_46_FIT_0.8729762327689191_0.8733340314506425_0.8765542195861521_SIZE_1_1.1_2
GEN_47_FIT_0.8729762327689191_0.8731608645660625_0.876668868711786_SIZE_1_1.05_2
GEN_48_FIT_0.8729762327689191_0.8731608645660625_0.876668868711786_SIZE_1_1.05_2
GEN_49_FIT_0.8729762327689191_0.8731656362946311_0.876668868711786_SIZE_1_1.05_2
GEN_50_FIT_0.8729762327689191_0.8733519820379305_0.876668868711786_SIZE_1_1.1_2
GEN_51_FIT_0.8729762327689191_0.8737229595783733_0.876668868711786_SIZE_1_1.2_2
GEN_52_FIT_0.8729762327689191_0.8742906212073873_0.876668868711786_SIZE_1_1.4_3
GEN_53_FIT_0.8730716673402898_0.873791107614589_0.876668868711786_SIZE_1_1.2_2
GEN_54_FIT_0.8730716673402898_0.8743306878203134_0.876668868711786_SIZE_1_1.35_2
GEN_55_FIT_0.8730716673402898_0.875769568368912_0.876668868711786_SIZE_1_1.75_2
GEN_56_FIT_0.8730716673402898_0.8763091485746364_0.876668868711786_SIZE_1_1.9_2
GEN_57_FIT_0.8730716673402898_0.8763091485746364_0.876668868711786_SIZE_1_1.9_2
GEN_58_FIT_0.8730716673402898_0.8763091485746364_0.876668868711786_SIZE_1_1.9_2
GEN_59_FIT_0.8730716673402898_0.8763091485746364_0.876668868711786_SIZE_1_1.9_2
GEN_60_FIT_0.8730716673402898_0.8763091485746364_0.876668868711786_SIZE_1_1.9_2
Evaluating in sample:
[GEN_60|make_tuple(0.0015611426133341061, 22, 11, 28)|0.8731]
[GEN_60|make_tuple(truediv(0.001717164354172286, 4), 25, 11, 27)|0.8767]
Evaluating out-of-sample:
[GEN_60|make_tuple(0.0015611426133341061, 22, 11, 28)|0.9627]
[GEN_60|make_tuple(truediv(0.001717164354172286, 4), 25, 11, 27)|0.9674]
GEN_61_FIT_0.8730716673402898_0.8763091485746364_0.876668868711786_SIZE_1_1.9_2
GEN_62_FIT_0.8730716673402898_0.8763091485746364_0.876668868711786_SIZE_1_1.9_2
GEN_63_FIT_0.8730716673402898_0.8763091485746364_0.876668868711786_SIZE_1_1.9_2
GEN_64_FIT_0.8730716673402898_0.8763091485746364_0.876668868711786_SIZE_1_1.9_2
GEN_65_FIT_0.8730716673402898_0.8763091485746364_0.876668868711786_SIZE_1_1.9_2
GEN_66_FIT_0.8730716673402898_0.8763091485746364_0.876668868711786_SIZE_1_1.9_2
GEN_67_FIT_0.8730716673402898_0.8763091485746364_0.876668868711786_SIZE_1_1.9_2
GEN_68_FIT_0.8730716673402898_0.8763091485746364_0.876668868711786_SIZE_1_1.9_2
Evaluating in sample:
[GEN_68|make_tuple(0.0015611426133341061, 22, 11, 28)|0.8731]
[GEN_68|make_tuple(truediv(0.001717164354172286, 4), 25, 11, 27)|0.8767]
Evaluating out-of-sample:
[GEN_68|make_tuple(0.0015611426133341061, 22, 11, 28)|0.9627]
[GEN_68|make_tuple(truediv(0.001717164354172286, 4), 25, 11, 27)|0.9674]
Stopped early in iteration 68, no improvement in 20 gens.
START_TASK: 6
GEN_0_FIT_0.6552546517988269_0.7703523907316709_0.8528106972949834_SIZE_1_4.85_15
GEN_1_FIT_0.8300824434821349_0.839214896415555_0.8528106972949834_SIZE_1_4.0_12
GEN_2_FIT_0.8381617193286443_0.8474648755201336_0.8616041577642559_SIZE_1_3.6_9
GEN_3_FIT_0.8456122572790779_0.8548920923759665_0.862843446238199_SIZE_1_2.35_5
GEN_4_FIT_0.8616091111571891_0.8625377216774801_0.8644311869756932_SIZE_1_1.9_5
GEN_5_FIT_0.862843446238199_0.8634625327752297_0.8652605560236688_SIZE_1_1.25_2
GEN_6_FIT_0.8636218642807013_0.8645131128324184_0.8656689856088442_SIZE_1_1.45_2
GEN_7_FIT_0.8641881963857452_0.8663113757106101_0.8691274410892249_SIZE_1_1.45_3
GEN_8_FIT_0.8666116942669587_0.8681840186455068_0.8718645708184638_SIZE_1_1.55_3
GEN_9_FIT_0.8682577756275363_0.8696502040132984_0.8718645708184638_SIZE_1_1.55_3
GEN_10_FIT_0.869297343321087_0.8710884893219942_0.872675891622221_SIZE_1_1.8_4
GEN_11_FIT_0.8702663762242671_0.8721420993903258_0.8738179520615562_SIZE_1_1.55_2
GEN_12_FIT_0.8711590970212778_0.8728751793101625_0.8739134606178167_SIZE_1_1.6_2
GEN_13_FIT_0.872675891622221_0.8737108017220511_0.8740712616648395_SIZE_1_1.6_2
GEN_14_FIT_0.8734070206514506_0.8738731691704741_0.8741112216804727_SIZE_1_1.5_2
GEN_15_FIT_0.8738825141979742_0.8739712521560961_0.8741112216804727_SIZE_1_1.5_3
GEN_16_FIT_0.8740129857982504_0.8740710597291622_0.8741112216804727_SIZE_1_1.75_2
GEN_17_FIT_0.8740129857982504_0.8740874683928122_0.8741112216804727_SIZE_1_1.6_2
GEN_18_FIT_0.874068805989084_0.8740732007231434_0.874156700670274_SIZE_1_1.05_2
GEN_19_FIT_0.874068805989084_0.8740887888642043_0.8742926741291107_SIZE_1_1.1_2
GEN_20_FIT_0.874068805989084_0.8741108301787248_0.8742926741291107_SIZE_1_1.35_2
Evaluating in sample:
[GEN_20|make_tuple(0.0015616700820174014, 22, 11, 29)|0.8743]
Evaluating out-of-sample:
[GEN_20|make_tuple(0.0015616700820174014, 22, 11, 29)|0.8134]
GEN_21_FIT_0.8741494674196486_0.8741991808353463_0.8743811587580559_SIZE_1_1.8_2
GEN_22_FIT_0.8741494674196486_0.8742701821570762_0.8743811587580559_SIZE_1_1.45_2
GEN_23_FIT_0.8742926741291107_0.8743015225920054_0.8743811587580559_SIZE_1_1.1_2
GEN_24_FIT_0.8742926741291107_0.8743015225920054_0.8743811587580559_SIZE_1_1.1_2
GEN_25_FIT_0.8742926741291107_0.8743082362253398_0.8743811587580559_SIZE_1_1.15_2
GEN_26_FIT_0.8742926741291107_0.8743526331121398_0.8743811587580559_SIZE_1_1.65_3
GEN_27_FIT_0.8743384621668562_0.8743768890989358_0.8743811587580559_SIZE_1_1.9_2
GEN_28_FIT_0.8743384621668562_0.8743768890989358_0.8743811587580559_SIZE_1_1.9_2
GEN_29_FIT_0.8743384621668562_0.8743768890989358_0.8743811587580559_SIZE_1_1.9_2
GEN_30_FIT_0.8743384621668562_0.8743768890989358_0.8743811587580559_SIZE_1_1.9_2
GEN_31_FIT_0.8743384621668562_0.8743768890989358_0.8743811587580559_SIZE_1_1.9_2
GEN_32_FIT_0.8743384621668562_0.8743768890989358_0.8743811587580559_SIZE_1_1.9_2
GEN_33_FIT_0.8743384621668562_0.8743768890989358_0.8743811587580559_SIZE_1_1.9_2
GEN_34_FIT_0.8743384621668562_0.8743768890989358_0.8743811587580559_SIZE_1_1.9_2
GEN_35_FIT_0.8743384621668562_0.8743768890989358_0.8743811587580559_SIZE_1_1.9_2
GEN_36_FIT_0.8743384621668562_0.8743768890989358_0.8743811587580559_SIZE_1_1.9_2
GEN_37_FIT_0.8743384621668562_0.8743768890989358_0.8743811587580559_SIZE_1_1.9_2
GEN_38_FIT_0.8743384621668562_0.8743768890989358_0.8743811587580559_SIZE_1_1.9_2
GEN_39_FIT_0.8743384621668562_0.8743768890989358_0.8743811587580559_SIZE_1_1.9_2
GEN_40_FIT_0.8743384621668562_0.8743768890989358_0.8743811587580559_SIZE_1_1.9_2
Evaluating in sample:
[GEN_40|make_tuple(0.0015616700820174014, 22, 11, 28)|0.8743]
[GEN_40|make_tuple(0.0015616700820174014, 22, 11, add(0.024327243399029468, 29))|0.8744]
Evaluating out-of-sample:
[GEN_40|make_tuple(0.0015616700820174014, 22, 11, 28)|0.8134]
[GEN_40|make_tuple(0.0015616700820174014, 22, 11, add(0.024327243399029468, 29))|0.8134]
GEN_41_FIT_0.8743384621668562_0.8743768890989358_0.8743811587580559_SIZE_1_1.9_2
GEN_42_FIT_0.8743384621668562_0.8743768890989358_0.8743811587580559_SIZE_1_1.9_2
Evaluating in sample:
[GEN_42|make_tuple(0.0015616700820174014, 22, 11, 28)|0.8743]
[GEN_42|make_tuple(0.0015616700820174014, 22, 11, add(0.024327243399029468, 29))|0.8744]
Evaluating out-of-sample:
[GEN_42|make_tuple(0.0015616700820174014, 22, 11, 28)|0.8134]
[GEN_42|make_tuple(0.0015616700820174014, 22, 11, add(0.024327243399029468, 29))|0.8134]
Stopped early in iteration 42, no improvement in 20 gens.
START_TASK: 11
GEN_0_FIT_0.6469255550739782_0.7923049718951618_0.8473781914806546_SIZE_1_6.15_13
GEN_1_FIT_0.8394762887965908_0.8439773248832173_0.858456784572_SIZE_1_3.2_10
GEN_2_FIT_0.8410765488571195_0.8493099569464315_0.8612350733624082_SIZE_1_3.95_9
GEN_3_FIT_0.845674726835422_0.8565751131189151_0.8622235444858686_SIZE_1_5.25_10
GEN_4_FIT_0.8572845833295996_0.8605832256098855_0.8625154358692716_SIZE_1_4.55_10
GEN_5_FIT_0.8586403512128726_0.8609102581136401_0.8639364189696432_SIZE_1_3.45_9
GEN_6_FIT_0.8590374371263113_0.8627004040203465_0.8659673722002538_SIZE_1_3.5_10
GEN_7_FIT_0.8600175613714577_0.8635705140464245_0.8659673722002538_SIZE_1_3.35_10
GEN_8_FIT_0.863351676926989_0.8653718761722227_0.8678500295635313_SIZE_1_3.35_11
GEN_9_FIT_0.8650356671407493_0.8655852611485473_0.8690767193984755_SIZE_1_1.75_12
GEN_10_FIT_0.8651407911428962_0.8677187666152941_0.870423865489991_SIZE_1_4.45_12
GEN_11_FIT_0.8657474755609614_0.8685511806813295_0.8713553158767471_SIZE_1_2.0_5
GEN_12_FIT_0.8679896771842084_0.8694897492239939_0.8737342698323618_SIZE_1_1.35_3
GEN_13_FIT_0.8686948274441726_0.871039644546539_0.8737342698323618_SIZE_1_1.55_3
GEN_14_FIT_0.8696794239496766_0.8723200361824206_0.8749820948501513_SIZE_1_1.75_4
GEN_15_FIT_0.8708227666282916_0.8733607138976115_0.8749820948501513_SIZE_1_1.75_3
GEN_16_FIT_0.8717968266349204_0.8731463981089729_0.8755309065019901_SIZE_1_1.55_4
GEN_17_FIT_0.8718933934778638_0.8739733443773707_0.8757006892238102_SIZE_1_1.65_3
GEN_18_FIT_0.8722999331530022_0.8748790905733068_0.8757042043799738_SIZE_1_1.8_3
GEN_19_FIT_0.8734872010105768_0.8751999730795383_0.8759497884487404_SIZE_1_1.8_3
GEN_20_FIT_0.8737355714582365_0.875518580368805_0.8760508636653938_SIZE_1_2.15_4
Evaluating in sample:
[GEN_20|make_tuple(0.0007236644186994875, 22, 11, 27)|0.8740]
[GEN_20|make_tuple(mul(0.23468385092119504, 0.0013222698287170141), 23, 11, 27)|0.8761]
Evaluating out-of-sample:
[GEN_20|make_tuple(0.0007236644186994875, 22, 11, 27)|0.9266]
[GEN_20|make_tuple(mul(0.23468385092119504, 0.0013222698287170141), 23, 11, 27)|0.9266]
GEN_21_FIT_0.873819814464847_0.8755651500305559_0.8762094482695731_SIZE_1_2.35_3
GEN_22_FIT_0.873819814464847_0.8755479817732637_0.8764535842537352_SIZE_1_2.0_3
GEN_23_FIT_0.8744255010943438_0.8761771192047408_0.8764535842537352_SIZE_1_2.45_3
GEN_24_FIT_0.8750116103453763_0.8763653682025383_0.8764535842537352_SIZE_1_2.8_3
GEN_25_FIT_0.8750116103453763_0.8762932695071205_0.8764535842537352_SIZE_1_2.7_3
GEN_26_FIT_0.8750116103453763_0.8762932695071205_0.8764535842537352_SIZE_1_2.7_3
GEN_27_FIT_0.8719982148473279_0.875540286922614_0.8769101606752506_SIZE_1_1.6_3
GEN_28_FIT_0.8750116103453763_0.8753760250383721_0.8769101606752506_SIZE_1_1.3_3
GEN_29_FIT_0.8750116103453763_0.875977710207731_0.8769101606752506_SIZE_1_1.75_3
GEN_30_FIT_0.8754402749084338_0.8766172043836201_0.8769101606752506_SIZE_1_2.45_3
GEN_31_FIT_0.8754402749084338_0.8759613563059965_0.8769101606752506_SIZE_1_1.45_3
GEN_32_FIT_0.8754412415567574_0.8761200172386902_0.8769101606752506_SIZE_1_1.5_3
GEN_33_FIT_0.8754776116913944_0.87562086658978_0.8769101606752506_SIZE_1_1.1_2
GEN_34_FIT_0.8754776116913944_0.8760602295744023_0.8769101606752506_SIZE_1_1.5_3
GEN_35_FIT_0.8756461056968631_0.876783755177412_0.8769101606752506_SIZE_1_1.9_2
GEN_36_FIT_0.8756461056968631_0.876783755177412_0.8769101606752506_SIZE_1_1.9_2
GEN_37_FIT_0.8756461056968631_0.8767447451634196_0.8770268395477574_SIZE_1_1.85_2
GEN_38_FIT_0.8756461056968631_0.8767232369803029_0.8770268395477574_SIZE_1_1.8_2
GEN_39_FIT_0.875663244905373_0.8768904800835188_0.8770268395477574_SIZE_1_1.9_2
GEN_40_FIT_0.875663244905373_0.8768904800835188_0.8770268395477574_SIZE_1_1.9_2
Evaluating in sample:
[GEN_40|make_tuple(0.0007066926931228152, 25, 11, 27)|0.8757]
[GEN_40|make_tuple(mul(0.2782536062964131, 0.0015512438329498021), 25, 11, 27)|0.8770]
Evaluating out-of-sample:
[GEN_40|make_tuple(0.0007066926931228152, 25, 11, 27)|0.9263]
[GEN_40|make_tuple(mul(0.2782536062964131, 0.0015512438329498021), 25, 11, 27)|0.9266]
GEN_41_FIT_0.875663244905373_0.8768904800835188_0.8770268395477574_SIZE_1_1.9_2
GEN_42_FIT_0.875663244905373_0.8768904800835188_0.8770268395477574_SIZE_1_1.9_2
GEN_43_FIT_0.875663244905373_0.8768904800835188_0.8770268395477574_SIZE_1_1.9_2
GEN_44_FIT_0.875663244905373_0.8768904800835188_0.8770268395477574_SIZE_1_1.9_2
GEN_45_FIT_0.875663244905373_0.8768904800835188_0.8770268395477574_SIZE_1_1.9_2
GEN_46_FIT_0.875663244905373_0.8768904800835188_0.8770268395477574_SIZE_1_1.9_2
GEN_47_FIT_0.875663244905373_0.8768904800835188_0.8770268395477574_SIZE_1_1.9_2
GEN_48_FIT_0.875663244905373_0.8768904800835188_0.8770268395477574_SIZE_1_1.9_2
GEN_49_FIT_0.875663244905373_0.8768904800835188_0.8770268395477574_SIZE_1_1.9_2
GEN_50_FIT_0.875663244905373_0.8768904800835188_0.8770268395477574_SIZE_1_1.9_2
GEN_51_FIT_0.875663244905373_0.8768904800835188_0.8770268395477574_SIZE_1_1.9_2
GEN_52_FIT_0.875663244905373_0.8768904800835188_0.8770268395477574_SIZE_1_1.9_2
GEN_53_FIT_0.875663244905373_0.8768904800835188_0.8770268395477574_SIZE_1_1.9_2
GEN_54_FIT_0.875663244905373_0.8768904800835188_0.8770268395477574_SIZE_1_1.9_2
GEN_55_FIT_0.875663244905373_0.8768904800835188_0.8770268395477574_SIZE_1_1.9_2
GEN_56_FIT_0.875663244905373_0.8768904800835188_0.8770268395477574_SIZE_1_1.9_2
GEN_57_FIT_0.875663244905373_0.8768904800835188_0.8770268395477574_SIZE_1_1.9_2
GEN_58_FIT_0.875663244905373_0.8768904800835188_0.8770268395477574_SIZE_1_1.9_2
Evaluating in sample:
[GEN_58|make_tuple(0.0007066926931228152, 25, 11, 27)|0.8757]
[GEN_58|make_tuple(mul(0.2782536062964131, 0.0015512438329498021), 25, 11, 27)|0.8770]
Evaluating out-of-sample:
[GEN_58|make_tuple(0.0007066926931228152, 25, 11, 27)|0.9263]
[GEN_58|make_tuple(mul(0.2782536062964131, 0.0015512438329498021), 25, 11, 27)|0.9266]
Stopped early in iteration 58, no improvement in 20 gens.
START_TASK: 12
GEN_0_FIT_0.6548508223227576_0.7488383086006445_0.8535535643509831_SIZE_1_1.85_5
GEN_1_FIT_0.7842258012364566_0.842388550694943_0.8602074661933359_SIZE_1_2.75_4
GEN_2_FIT_0.8469726107331033_0.854650538560972_0.861142943885324_SIZE_1_2.75_5
GEN_3_FIT_0.8526221007749016_0.8588983584598686_0.862495602081733_SIZE_1_2.5_6
GEN_4_FIT_0.8603283702410301_0.8617933728303779_0.8641023310564759_SIZE_1_2.45_4
GEN_5_FIT_0.8617725046583664_0.8630428505003239_0.8680721240140468_SIZE_1_1.7_4
GEN_6_FIT_0.862495602081733_0.8644575444784991_0.8710568190046705_SIZE_1_2.05_4
GEN_7_FIT_0.8644934308696578_0.867701531804129_0.8710568190046705_SIZE_1_2.75_4
GEN_8_FIT_0.8641707379546152_0.8685293504940601_0.8720450288501795_SIZE_1_2.6_4
GEN_9_FIT_0.8641707379546152_0.8698454884428102_0.8728790207088976_SIZE_1_2.85_5
GEN_10_FIT_0.8678177989937069_0.871534731197643_0.873742519992195_SIZE_1_3.35_5
GEN_11_FIT_0.8699214337117176_0.8722772128026689_0.8752682763381842_SIZE_1_3.4_5
GEN_12_FIT_0.8682607615348313_0.8720417405695177_0.8752682763381842_SIZE_1_2.9_5
GEN_13_FIT_0.8708220329629708_0.8728811231882725_0.8755390027565949_SIZE_1_2.8_5
GEN_14_FIT_0.8710739349029131_0.8740219924708861_0.8755390027565949_SIZE_1_3.0_5
GEN_15_FIT_0.8712268533500234_0.8748160138500646_0.8757132049333042_SIZE_1_2.65_4
GEN_16_FIT_0.8712268533500234_0.8741275243415256_0.8757826147277012_SIZE_1_1.85_3
GEN_17_FIT_0.8722490360673953_0.8743885214088684_0.8757826147277012_SIZE_1_2.0_3
GEN_18_FIT_0.8723695661496815_0.8749312091331284_0.8757826147277012_SIZE_1_2.25_4
GEN_19_FIT_0.8723695661496815_0.8742436388890711_0.8759045607871428_SIZE_1_1.95_4
GEN_20_FIT_0.8724718862701599_0.8743043986470921_0.8759045607871428_SIZE_1_1.9_4
Evaluating in sample:
[GEN_20|make_tuple(0.0016333681421172495, 22, 11, 30)|0.8727]
[GEN_20|make_tuple(mul(0.04690374618244754, 0.009031812953050842), 21, 11, 27)|0.8757]
[GEN_20|make_tuple(mul(0.04690374618244754, 0.009031812953050842), sub(92, 67), 11, 27)|0.8759]
Evaluating out-of-sample:
[GEN_20|make_tuple(0.0016333681421172495, 22, 11, 30)|0.9811]
[GEN_20|make_tuple(mul(0.04690374618244754, 0.009031812953050842), 21, 11, 27)|0.9818]
[GEN_20|make_tuple(mul(0.04690374618244754, 0.009031812953050842), sub(92, 67), 11, 27)|0.9858]
GEN_21_FIT_0.8725743775362492_0.8750479059944667_0.8760575570508918_SIZE_1_2.1_3
GEN_22_FIT_0.8725743775362492_0.8745113004720023_0.8764199236058032_SIZE_1_1.55_2
GEN_23_FIT_0.8727289914938833_0.8749665891432787_0.8764199236058032_SIZE_1_1.65_2
GEN_24_FIT_0.8727289914938833_0.8754813639294031_0.8764199236058032_SIZE_1_1.8_3
GEN_25_FIT_0.8727601260210359_0.8760539438473265_0.8764199236058032_SIZE_1_1.9_2
GEN_26_FIT_0.8727289914938833_0.8749537370965964_0.8764283833799568_SIZE_1_1.6_2
GEN_27_FIT_0.8727289914938833_0.8736752106457006_0.8764283833799568_SIZE_1_1.25_2
GEN_28_FIT_0.8727601260210359_0.8731269517569279_0.8764283833799568_SIZE_1_1.1_2
GEN_29_FIT_0.8727601260210359_0.8731269517569279_0.8764283833799568_SIZE_1_1.1_2
GEN_30_FIT_0.8727601260210359_0.8734958951218174_0.8764283833799568_SIZE_1_1.25_3
GEN_31_FIT_0.8727601260210359_0.8742217554062_0.8764283833799568_SIZE_1_1.5_3
GEN_32_FIT_0.8727601260210359_0.8758685756240135_0.8764283833799568_SIZE_1_1.95_3
GEN_33_FIT_0.8728803904749968_0.8760735840894606_0.8764283833799568_SIZE_1_1.9_2
GEN_34_FIT_0.8727857587613912_0.875185787220258_0.8765070422343086_SIZE_1_1.65_2
GEN_35_FIT_0.8727857587613912_0.8734023275964174_0.8765070422343086_SIZE_1_1.15_2
GEN_36_FIT_0.8728803904749968_0.8732430556509279_0.8765070422343086_SIZE_1_1.1_2
GEN_37_FIT_0.8728803904749968_0.8732430556509279_0.8765070422343086_SIZE_1_1.1_2
GEN_38_FIT_0.8728803904749968_0.8732430556509279_0.8765070422343086_SIZE_1_1.1_2
GEN_39_FIT_0.8728803904749968_0.8732430556509279_0.8765070422343086_SIZE_1_1.1_2
GEN_40_FIT_0.8728803904749968_0.8732430556509279_0.8765070422343086_SIZE_1_1.1_2
Evaluating in sample:
[GEN_40|make_tuple(0.0015521541326827975, 22, 11, 28)|0.8729]
[GEN_40|make_tuple(mul(0.04690374618244754, 0.009216193348931352), 25, 11, 27)|0.8765]
Evaluating out-of-sample:
[GEN_40|make_tuple(0.0015521541326827975, 22, 11, 28)|0.9809]
[GEN_40|make_tuple(mul(0.04690374618244754, 0.009216193348931352), 25, 11, 27)|0.9858]
GEN_41_FIT_0.8728803904749968_0.8732430556509279_0.8765070422343086_SIZE_1_1.1_2
GEN_42_FIT_0.8728803904749968_0.8732430556509279_0.8765070422343086_SIZE_1_1.1_2
GEN_43_FIT_0.8728803904749968_0.8732430556509279_0.8765070422343086_SIZE_1_1.1_2
GEN_44_FIT_0.8728803904749968_0.8732430556509279_0.8765070422343086_SIZE_1_1.1_2
GEN_45_FIT_0.8728803904749968_0.8732430556509279_0.8765070422343086_SIZE_1_1.1_2
GEN_46_FIT_0.8728803904749968_0.8732430556509279_0.8765070422343086_SIZE_1_1.1_2
GEN_47_FIT_0.8728803904749968_0.8732430556509279_0.8765070422343086_SIZE_1_1.1_2
GEN_48_FIT_0.8728803904749968_0.8732430556509279_0.8765070422343086_SIZE_1_1.1_2
GEN_49_FIT_0.8728803904749968_0.8732430556509279_0.8765070422343086_SIZE_1_1.1_2
GEN_50_FIT_0.8728803904749968_0.8732430556509279_0.8765070422343086_SIZE_1_1.1_2
GEN_51_FIT_0.8728803904749968_0.8732430556509279_0.8765070422343086_SIZE_1_1.1_2
GEN_52_FIT_0.8728803904749968_0.8732430556509279_0.8765070422343086_SIZE_1_1.1_2
GEN_53_FIT_0.8728803904749968_0.8732430556509279_0.8765070422343086_SIZE_1_1.1_2
GEN_54_FIT_0.8728803904749968_0.8732430556509279_0.8765070422343086_SIZE_1_1.1_2
GEN_55_FIT_0.8728803904749968_0.8732430556509279_0.8765070422343086_SIZE_1_1.1_2
Evaluating in sample:
[GEN_55|make_tuple(0.0015521541326827975, 22, 11, 28)|0.8729]
[GEN_55|make_tuple(mul(0.04690374618244754, 0.009216193348931352), 25, 11, 27)|0.8765]
Evaluating out-of-sample:
[GEN_55|make_tuple(0.0015521541326827975, 22, 11, 28)|0.9809]
[GEN_55|make_tuple(mul(0.04690374618244754, 0.009216193348931352), 25, 11, 27)|0.9858]
Stopped early in iteration 55, no improvement in 20 gens.
START_TASK: 14
GEN_0_FIT_0.6947065805587787_0.7989832074317296_0.8405796849338316_SIZE_1_5.0_14
GEN_1_FIT_0.827492161079066_0.8377695110651147_0.8581985152993259_SIZE_1_4.3_15
GEN_2_FIT_0.8317952646109132_0.8448052648367878_0.8581985152993259_SIZE_1_2.25_13
GEN_3_FIT_0.853199271585484_0.8573156753804229_0.8620024414353485_SIZE_1_2.6_13
GEN_4_FIT_0.8578257125157993_0.8606593946562195_0.8666833467501027_SIZE_1_2.35_6
GEN_5_FIT_0.8620024414353485_0.8623698651066668_0.8671689914239658_SIZE_1_1.2_4
GEN_6_FIT_0.8620024414353485_0.864635076872472_0.8680939293307833_SIZE_1_2.05_4
GEN_7_FIT_0.8648999422796944_0.8672127291746768_0.8703267894063627_SIZE_1_2.2_4
GEN_8_FIT_0.8683034703861353_0.8692904518631046_0.8709603106397776_SIZE_1_2.65_4
GEN_9_FIT_0.8701219848462624_0.870776503146954_0.8713311533059592_SIZE_1_2.4_4
GEN_10_FIT_0.8708838244241008_0.8712748650114565_0.8725153772305422_SIZE_1_1.75_4
GEN_11_FIT_0.8712831434065484_0.8723143034142102_0.8755031591850834_SIZE_1_1.85_4
GEN_12_FIT_0.8723989084292928_0.8736224647783191_0.8755031591850834_SIZE_1_1.8_4
GEN_13_FIT_0.8725958505949136_0.87483857915499_0.8755031591850834_SIZE_1_1.9_3
GEN_14_FIT_0.8725958505949136_0.8738765262055145_0.875761890149859_SIZE_1_1.45_3
GEN_15_FIT_0.8727325352795579_0.8739759954405004_0.875761890149859_SIZE_1_1.55_3
GEN_16_FIT_0.8728284061481081_0.8744418223490712_0.875761890149859_SIZE_1_1.55_2
GEN_17_FIT_0.8728284061481081_0.8754685417496839_0.875761890149859_SIZE_1_1.9_2
GEN_18_FIT_0.8727325352795579_0.8748706407569763_0.8758254189083593_SIZE_1_1.7_2
GEN_19_FIT_0.8727325352795579_0.8738240427245401_0.8758688491277636_SIZE_1_1.4_3
GEN_20_FIT_0.8727397001179854_0.8734264949341581_0.8758688491277636_SIZE_1_1.25_3
Evaluating in sample:
[GEN_20|make_tuple(0.001550184116536883, 22, 11, 28)|0.8728]
[GEN_20|make_tuple(truediv(0.0018522296596771557, 5), 22, 11, 27)|0.8759]
Evaluating out-of-sample:
[GEN_20|make_tuple(0.001550184116536883, 22, 11, 28)|0.9773]
[GEN_20|make_tuple(truediv(0.0018522296596771557, 5), 22, 11, 27)|0.9779]
GEN_21_FIT_0.8728284061481081_0.8740437959810288_0.8758688491277636_SIZE_1_1.45_3
GEN_22_FIT_0.872911852404696_0.875262235647501_0.8758688491277636_SIZE_1_1.85_3
GEN_23_FIT_0.8729140068838719_0.8757211070155689_0.8758688491277636_SIZE_1_1.95_2
GEN_24_FIT_0.8729140068838719_0.8755733649033743_0.8758688491277636_SIZE_1_1.9_2
GEN_25_FIT_0.8728777759866998_0.8751313355085018_0.8759290188591549_SIZE_1_1.75_2
GEN_26_FIT_0.8728167797976433_0.8735009893354814_0.8759719365855789_SIZE_1_1.2_2
GEN_27_FIT_0.8729140068838719_0.8730669033689571_0.8759719365855789_SIZE_1_1.05_2
GEN_28_FIT_0.8729140068838719_0.8732197998540425_0.8759719365855789_SIZE_1_1.1_2
GEN_29_FIT_0.8729140068838719_0.8730670559855092_0.8759749889166206_SIZE_1_1.05_2
GEN_30_FIT_0.8729140068838719_0.8732201050871466_0.8759749889166206_SIZE_1_1.1_2
GEN_31_FIT_0.8729140068838719_0.8732201050871466_0.8759749889166206_SIZE_1_1.1_2
GEN_32_FIT_0.8729140068838719_0.8732201050871466_0.8759749889166206_SIZE_1_1.1_2
GEN_33_FIT_0.8729140068838719_0.8732201050871466_0.8759749889166206_SIZE_1_1.1_2
GEN_34_FIT_0.8729140068838719_0.8732201050871466_0.8759749889166206_SIZE_1_1.1_2
GEN_35_FIT_0.8729140068838719_0.8732201050871466_0.8759749889166206_SIZE_1_1.1_2
GEN_36_FIT_0.8729140068838719_0.8732201050871466_0.8759749889166206_SIZE_1_1.1_2
GEN_37_FIT_0.8729140068838719_0.8732201050871466_0.8759749889166206_SIZE_1_1.1_2
GEN_38_FIT_0.8729140068838719_0.8732201050871466_0.8759749889166206_SIZE_1_1.1_2
GEN_39_FIT_0.8729140068838719_0.8730686078463792_0.876006026134021_SIZE_1_1.05_2
GEN_40_FIT_0.8729140068838719_0.8732232088088866_0.876006026134021_SIZE_1_1.1_2
Evaluating in sample:
[GEN_40|make_tuple(0.0015516330673404474, 22, 11, 28)|0.8729]
[GEN_40|make_tuple(truediv(0.0019832594504616483, 5), 22, 11, 27)|0.8760]
Evaluating out-of-sample:
[GEN_40|make_tuple(0.0015516330673404474, 22, 11, 28)|0.9773]
[GEN_40|make_tuple(truediv(0.0019832594504616483, 5), 22, 11, 27)|0.9779]
GEN_41_FIT_0.8729140068838719_0.8732232088088866_0.876006026134021_SIZE_1_1.1_2
GEN_42_FIT_0.8729140068838719_0.8741465827328374_0.876006026134021_SIZE_1_1.4_2
GEN_43_FIT_0.8729140068838719_0.87523564762781_0.876006026134021_SIZE_1_1.75_2
GEN_44_FIT_0.8729140068838719_0.8748091926485877_0.8764626025555364_SIZE_1_1.6_2
GEN_45_FIT_0.8729140068838719_0.8736382703138975_0.8764626025555364_SIZE_1_1.2_2
GEN_46_FIT_0.8729825884580737_0.87333058986782_0.8764626025555364_SIZE_1_1.1_2
GEN_47_FIT_0.8729825884580737_0.87333058986782_0.8764626025555364_SIZE_1_1.1_2
GEN_48_FIT_0.8729825884580737_0.87333058986782_0.8764626025555364_SIZE_1_1.1_2
GEN_49_FIT_0.8729825884580737_0.87333058986782_0.8764626025555364_SIZE_1_1.1_2
GEN_50_FIT_0.8729825884580737_0.87333058986782_0.8764626025555364_SIZE_1_1.1_2
GEN_51_FIT_0.8729825884580737_0.87333058986782_0.8764626025555364_SIZE_1_1.1_2
GEN_52_FIT_0.8729825884580737_0.87333058986782_0.8764626025555364_SIZE_1_1.1_2
GEN_53_FIT_0.8729825884580737_0.87333058986782_0.8764626025555364_SIZE_1_1.1_2
GEN_54_FIT_0.8729825884580737_0.87333058986782_0.8764626025555364_SIZE_1_1.1_2
GEN_55_FIT_0.8729825884580737_0.87333058986782_0.8764626025555364_SIZE_1_1.1_2
GEN_56_FIT_0.8729825884580737_0.87333058986782_0.8764626025555364_SIZE_1_1.1_2
GEN_57_FIT_0.8729825884580737_0.87333058986782_0.8764626025555364_SIZE_1_1.1_2
GEN_58_FIT_0.8729825884580737_0.87333058986782_0.8764626025555364_SIZE_1_1.1_2
GEN_59_FIT_0.8729825884580737_0.87333058986782_0.8764626025555364_SIZE_1_1.1_2
GEN_60_FIT_0.8729825884580737_0.87333058986782_0.8764626025555364_SIZE_1_1.1_2
Evaluating in sample:
[GEN_60|make_tuple(0.0015526721394341424, 22, 11, 28)|0.8730]
[GEN_60|make_tuple(truediv(0.0021438087104412437, 5), 22, 11, 27)|0.8765]
Evaluating out-of-sample:
[GEN_60|make_tuple(0.0015526721394341424, 22, 11, 28)|0.9773]
[GEN_60|make_tuple(truediv(0.0021438087104412437, 5), 22, 11, 27)|0.9779]
GEN_61_FIT_0.8729825884580737_0.87333058986782_0.8764626025555364_SIZE_1_1.1_2
GEN_62_FIT_0.8729825884580737_0.87333058986782_0.8764626025555364_SIZE_1_1.1_2
GEN_63_FIT_0.8729825884580737_0.87333058986782_0.8764626025555364_SIZE_1_1.1_2
GEN_64_FIT_0.8729825884580737_0.87333058986782_0.8764626025555364_SIZE_1_1.1_2
GEN_65_FIT_0.8729825884580737_0.87333058986782_0.8764626025555364_SIZE_1_1.1_2
Evaluating in sample:
[GEN_65|make_tuple(0.0015526721394341424, 22, 11, 28)|0.8730]
[GEN_65|make_tuple(truediv(0.0021438087104412437, 5), 22, 11, 27)|0.8765]
Evaluating out-of-sample:
[GEN_65|make_tuple(0.0015526721394341424, 22, 11, 28)|0.9773]
[GEN_65|make_tuple(truediv(0.0021438087104412437, 5), 22, 11, 27)|0.9779]
Stopped early in iteration 65, no improvement in 20 gens.
START_TASK: 15
GEN_0_FIT_0.689705293312714_0.7911019024149336_0.8525361705516812_SIZE_1_5.4_15
GEN_1_FIT_0.7899102297838432_0.8286422300607914_0.8584867595124142_SIZE_1_5.7_15
GEN_2_FIT_0.8120519916926934_0.8435328775570106_0.8608171675469561_SIZE_1_3.75_12
GEN_3_FIT_0.8405941098748421_0.8584242719997244_0.8643145624464226_SIZE_1_4.35_12
GEN_4_FIT_0.8612813808984013_0.8632877780917759_0.8653448827604799_SIZE_1_6.75_13
GEN_5_FIT_0.8618567576445436_0.8639069598190229_0.8668947204074285_SIZE_1_5.6_11
GEN_6_FIT_0.8625247820636026_0.8646905212202304_0.8675109824304673_SIZE_1_2.9_11
GEN_7_FIT_0.8654483332892747_0.8664302033389673_0.8683372949500726_SIZE_1_2.25_8
GEN_8_FIT_0.8668947204074285_0.8676837799261875_0.8693002789016641_SIZE_1_2.85_8
GEN_9_FIT_0.8682797820814496_0.8685671197158413_0.8704549201407332_SIZE_1_2.65_7
GEN_10_FIT_0.8684224404936023_0.8696789459741294_0.8705679551397754_SIZE_1_3.75_7
GEN_11_FIT_0.8700534860886837_0.8704078130261073_0.8714259833497531_SIZE_1_3.9_8
GEN_12_FIT_0.8703071139985724_0.8707692511065817_0.8714647179279171_SIZE_1_3.35_7
GEN_13_FIT_0.8705577696977509_0.871114882944027_0.8714647179279171_SIZE_1_3.3_7
GEN_14_FIT_0.8709964582937253_0.8713284741394066_0.8723108007058504_SIZE_1_2.55_7
GEN_15_FIT_0.8712093222112166_0.871680026138361_0.8727448928187966_SIZE_1_2.55_7
GEN_16_FIT_0.8717516435531285_0.8722697793114552_0.8730095100660525_SIZE_1_2.75_7
GEN_17_FIT_0.8722564772674661_0.8726950494257135_0.8730095100660525_SIZE_1_1.5_4
GEN_18_FIT_0.8727448928187966_0.8728828074452732_0.8730302832088102_SIZE_1_1.0_1
GEN_19_FIT_0.8729672550268552_0.8730041750296266_0.8730302832088102_SIZE_1_1.0_1
GEN_20_FIT_0.8730095100660525_0.8730178193231556_0.8730302832088102_SIZE_1_1.0_1
Evaluating in sample:
[GEN_20|make_tuple(0.0015625069281778301, 22, 11, 28)|0.8730]
Evaluating out-of-sample:
[GEN_20|make_tuple(0.0015625069281778301, 22, 11, 28)|0.9582]
GEN_21_FIT_0.8730302832088102_0.8730302832088099_0.8730302832088102_SIZE_1_1.0_1
GEN_22_FIT_0.8730302832088102_0.8730361047610806_0.8731467142542233_SIZE_1_1.0_1
GEN_23_FIT_0.8730302832088102_0.8730419263133513_0.8731467142542233_SIZE_1_1.0_1
GEN_24_FIT_0.8730302832088102_0.8730650569118644_0.8731467142542233_SIZE_1_1.05_2
GEN_25_FIT_0.8730302832088102_0.8731338019470438_0.8731467142542233_SIZE_1_1.15_2
GEN_26_FIT_0.8731467142542233_0.8731467142542233_0.8731467142542233_SIZE_1_1.0_1
GEN_27_FIT_0.8731467142542233_0.8731467142542233_0.8731467142542233_SIZE_1_1.0_1
GEN_28_FIT_0.8731467142542233_0.8731467142542233_0.8731467142542233_SIZE_1_1.0_1
GEN_29_FIT_0.8731467142542233_0.8731467142542233_0.8731467142542233_SIZE_1_1.0_1
GEN_30_FIT_0.8731467142542233_0.8731467142542233_0.8731467142542233_SIZE_1_1.0_1
GEN_31_FIT_0.8731467142542233_0.8731467142542233_0.8731467142542233_SIZE_1_1.0_1
GEN_32_FIT_0.8731467142542233_0.873157483346729_0.8733620961043379_SIZE_1_1.05_2
GEN_33_FIT_0.8731467142542233_0.8732160295107073_0.8738398668190647_SIZE_1_1.1_2
GEN_34_FIT_0.8731467142542233_0.8732160295107073_0.8738398668190647_SIZE_1_1.1_2
GEN_35_FIT_0.8731467142542233_0.8732160295107073_0.8738398668190647_SIZE_1_1.1_2
GEN_36_FIT_0.8731467142542233_0.8733165939748215_0.875158003536504_SIZE_1_1.2_3
GEN_37_FIT_0.8731467142542233_0.8733520347219919_0.8758668184799134_SIZE_1_1.2_3
GEN_38_FIT_0.8731467142542233_0.8734880399332765_0.8758668184799134_SIZE_1_1.3_3
GEN_39_FIT_0.8731467142542233_0.8733509643144861_0.875930347238414_SIZE_1_1.15_3
GEN_40_FIT_0.8731467142542233_0.8734233586094005_0.8760768649156336_SIZE_1_1.2_3
Evaluating in sample:
[GEN_40|make_tuple(0.00155262474763571, 22, 11, 28)|0.8731]
[GEN_40|make_tuple(truediv(0.004008067625182773, 8), 22, 11, 28)|0.8744]
[GEN_40|make_tuple(truediv(sub(0.004008067625182773, 0.00155262474763571), 6), 22, 11, 28)|0.8761]
Evaluating out-of-sample:
[GEN_40|make_tuple(0.00155262474763571, 22, 11, 28)|0.9586]
[GEN_40|make_tuple(truediv(0.004008067625182773, 8), 22, 11, 28)|0.9566]
[GEN_40|make_tuple(truediv(sub(0.004008067625182773, 0.00155262474763571), 6), 22, 11, 28)|0.9566]
GEN_41_FIT_0.8731467142542233_0.8734292269985783_0.8760768649156336_SIZE_1_1.15_3
GEN_42_FIT_0.8731467142542233_0.8735893534927562_0.8765592905735036_SIZE_1_1.2_3
GEN_43_FIT_0.8731467142542233_0.8737599823087203_0.8765592905735036_SIZE_1_1.3_3
GEN_44_FIT_0.8731467142542233_0.8737599823087203_0.8765592905735036_SIZE_1_1.3_3
GEN_45_FIT_0.8731467142542233_0.8737599823087203_0.8765592905735036_SIZE_1_1.3_3
GEN_46_FIT_0.8731467142542233_0.8739376478580659_0.8767000252411352_SIZE_1_1.45_4
GEN_47_FIT_0.8731467142542233_0.8741153134074116_0.8767000252411352_SIZE_1_1.6_4
GEN_48_FIT_0.8731467142542233_0.8739898105179129_0.8767000252411352_SIZE_1_1.55_4
GEN_49_FIT_0.8731467142542233_0.8741363180509836_0.8767000252411352_SIZE_1_1.6_4
GEN_50_FIT_0.8731467142542233_0.8739589067339351_0.876705109887078_SIZE_1_1.45_4
GEN_51_FIT_0.8731467142542233_0.8739589067339351_0.876705109887078_SIZE_1_1.45_4
GEN_52_FIT_0.8731467142542233_0.8741368265155778_0.876705109887078_SIZE_1_1.6_4
GEN_53_FIT_0.8731467142542233_0.8741368265155778_0.876705109887078_SIZE_1_1.6_4
GEN_54_FIT_0.8731467142542233_0.8741368265155778_0.876705109887078_SIZE_1_1.6_4
GEN_55_FIT_0.8731467142542233_0.8741368265155778_0.876705109887078_SIZE_1_1.6_4
GEN_56_FIT_0.8731467142542233_0.8741368265155778_0.876705109887078_SIZE_1_1.6_4
GEN_57_FIT_0.8731467142542233_0.8741368265155778_0.876705109887078_SIZE_1_1.6_4
GEN_58_FIT_0.8731467142542233_0.8741368265155778_0.876705109887078_SIZE_1_1.6_4
GEN_59_FIT_0.8731467142542233_0.8741368265155778_0.876705109887078_SIZE_1_1.6_4
GEN_60_FIT_0.8731467142542233_0.8739702119292231_0.876705109887078_SIZE_1_1.5_4
Evaluating in sample:
[GEN_60|make_tuple(0.00155262474763571, 22, 11, 28)|0.8731]
[GEN_60|make_tuple(sub(0.0019562796352326, 0.00155262474763571), 22, 11, 28)|0.8761]
[GEN_60|make_tuple(truediv(sub(0.00411935147781622, 0.00155262474763571), 6), 22, 11, 27)|0.8766]
[GEN_60|make_tuple(truediv(sub(0.00411935147781622, 0.00155262474763571), 6), add(3, 22), 11, 29)|0.8767]
Evaluating out-of-sample:
[GEN_60|make_tuple(0.00155262474763571, 22, 11, 28)|0.9586]
[GEN_60|make_tuple(sub(0.0019562796352326, 0.00155262474763571), 22, 11, 28)|0.9566]
[GEN_60|make_tuple(truediv(sub(0.00411935147781622, 0.00155262474763571), 6), 22, 11, 27)|0.9568]
[GEN_60|make_tuple(truediv(sub(0.00411935147781622, 0.00155262474763571), 6), add(3, 22), 11, 29)|0.9559]
GEN_61_FIT_0.8731467142542233_0.8741448549747963_0.876705109887078_SIZE_1_1.6_4
GEN_62_FIT_0.8731467142542233_0.8740023726444385_0.876705109887078_SIZE_1_1.55_4
GEN_63_FIT_0.8731467142542233_0.8739786853233559_0.876705109887078_SIZE_1_1.5_4
GEN_64_FIT_0.8731467142542233_0.8739786853233559_0.876705109887078_SIZE_1_1.5_4
GEN_65_FIT_0.8731467142542233_0.8739786853233559_0.876705109887078_SIZE_1_1.5_4
GEN_66_FIT_0.8731467142542233_0.8741537513576368_0.876705109887078_SIZE_1_1.6_4
GEN_67_FIT_0.8731467142542233_0.8741537513576368_0.876705109887078_SIZE_1_1.6_4
GEN_68_FIT_0.8731467142542233_0.8741590715828756_0.8767583121394658_SIZE_1_1.6_4
GEN_69_FIT_0.8731467142542233_0.8741590715828756_0.8767583121394658_SIZE_1_1.6_4
GEN_70_FIT_0.8731467142542233_0.8741590715828756_0.8767583121394658_SIZE_1_1.6_4
GEN_71_FIT_0.8731467142542233_0.8740089867669051_0.8767583121394658_SIZE_1_1.55_4
GEN_72_FIT_0.8731467142542233_0.8741599674225007_0.8767583121394658_SIZE_1_1.6_4
GEN_73_FIT_0.8731467142542233_0.8736296784483842_0.8767667719136193_SIZE_1_1.2_3
GEN_74_FIT_0.8731467142542233_0.8738106813313541_0.8767667719136193_SIZE_1_1.3_3
GEN_75_FIT_0.8731467142542233_0.8738106813313541_0.8767667719136193_SIZE_1_1.3_3
GEN_76_FIT_0.8731467142542233_0.8738106813313541_0.8767667719136193_SIZE_1_1.3_3
GEN_77_FIT_0.8731467142542233_0.8738106813313541_0.8767667719136193_SIZE_1_1.3_3
GEN_78_FIT_0.8731467142542233_0.8738106813313541_0.8767667719136193_SIZE_1_1.3_3
GEN_79_FIT_0.8731467142542233_0.8738106813313541_0.8767667719136193_SIZE_1_1.3_3
GEN_80_FIT_0.8731467142542233_0.8738106813313541_0.8767667719136193_SIZE_1_1.3_3
Evaluating in sample:
[GEN_80|make_tuple(0.00155262474763571, 22, 11, 28)|0.8731]
[GEN_80|make_tuple(sub(0.00197773063496062, 0.00155262474763571), 22, 11, 27)|0.8762]
[GEN_80|make_tuple(truediv(sub(0.00411935147781622, 0.001527460815169574), 6), 25, 11, 27)|0.8768]
Evaluating out-of-sample:
[GEN_80|make_tuple(0.00155262474763571, 22, 11, 28)|0.9586]
[GEN_80|make_tuple(sub(0.00197773063496062, 0.00155262474763571), 22, 11, 27)|0.9568]
[GEN_80|make_tuple(truediv(sub(0.00411935147781622, 0.001527460815169574), 6), 25, 11, 27)|0.9562]
GEN_81_FIT_0.8731467142542233_0.8738106813313541_0.8767667719136193_SIZE_1_1.3_3
GEN_82_FIT_0.8731467142542233_0.8738106813313541_0.8767667719136193_SIZE_1_1.3_3
GEN_83_FIT_0.8731467142542233_0.8738106813313541_0.8767667719136193_SIZE_1_1.3_3
GEN_84_FIT_0.8731467142542233_0.8738106813313541_0.8767667719136193_SIZE_1_1.3_3
GEN_85_FIT_0.8731467142542233_0.8738106813313541_0.8767667719136193_SIZE_1_1.3_3
GEN_86_FIT_0.8731467142542233_0.8738106813313541_0.8767667719136193_SIZE_1_1.3_3
GEN_87_FIT_0.8731467142542233_0.8738106813313541_0.8767667719136193_SIZE_1_1.3_3
GEN_88_FIT_0.8731467142542233_0.8738106813313541_0.8767667719136193_SIZE_1_1.3_3
GEN_89_FIT_0.8731467142542233_0.8738106813313541_0.8767667719136193_SIZE_1_1.3_3
GEN_90_FIT_0.8731467142542233_0.8738106813313541_0.8767667719136193_SIZE_1_1.3_3
GEN_91_FIT_0.8731467142542233_0.8738106813313541_0.8767667719136193_SIZE_1_1.3_3
GEN_92_FIT_0.8731467142542233_0.8738106813313541_0.8767667719136193_SIZE_1_1.3_3
GEN_93_FIT_0.8731467142542233_0.8738106813313541_0.8767667719136193_SIZE_1_1.3_3
GEN_94_FIT_0.8731467142542233_0.8738106813313541_0.8767667719136193_SIZE_1_1.3_3
Evaluating in sample:
[GEN_94|make_tuple(0.00155262474763571, 22, 11, 28)|0.8731]
[GEN_94|make_tuple(sub(0.00197773063496062, 0.00155262474763571), 22, 11, 27)|0.8762]
[GEN_94|make_tuple(truediv(sub(0.00411935147781622, 0.001527460815169574), 6), 25, 11, 27)|0.8768]
Evaluating out-of-sample:
[GEN_94|make_tuple(0.00155262474763571, 22, 11, 28)|0.9586]
[GEN_94|make_tuple(sub(0.00197773063496062, 0.00155262474763571), 22, 11, 27)|0.9568]
[GEN_94|make_tuple(truediv(sub(0.00411935147781622, 0.001527460815169574), 6), 25, 11, 27)|0.9562]
Stopped early in iteration 94, no improvement in 20 gens.
START_TASK: 16
GEN_0_FIT_0.6584228205996469_0.7816849648897045_0.8597896466774364_SIZE_1_3.85_13
GEN_1_FIT_0.8110355017518506_0.8405198576766976_0.8608869379936749_SIZE_1_2.85_10
GEN_2_FIT_0.832069750809301_0.8573592119459761_0.8608869379936749_SIZE_1_1.6_4
GEN_3_FIT_0.8605368654584585_0.8611890882654547_0.8643520975537458_SIZE_1_1.3_3
GEN_4_FIT_0.8616688570226743_0.8635327455907931_0.8656245643212952_SIZE_1_1.15_2
GEN_5_FIT_0.8653312286997943_0.8658380317923055_0.8670933571634977_SIZE_1_1.15_2
GEN_6_FIT_0.8662794964941498_0.8670806151696027_0.8711131850555359_SIZE_1_1.15_2
GEN_7_FIT_0.8679796073795146_0.8692588169110642_0.8711131850555359_SIZE_1_1.25_2
GEN_8_FIT_0.8701796099740234_0.8709481974628547_0.8713982992123457_SIZE_1_1.55_3
GEN_9_FIT_0.8711131850555359_0.8714312298108562_0.8733746487500778_SIZE_1_1.45_3
GEN_10_FIT_0.8713982992123457_0.8724057367012309_0.8735087110589673_SIZE_1_1.5_3
GEN_11_FIT_0.8724076747656125_0.8727449314419381_0.8739405369816015_SIZE_1_1.2_2
GEN_12_FIT_0.8725064002837507_0.8731062305265525_0.8739405369816015_SIZE_1_1.35_2
GEN_13_FIT_0.8727925684058827_0.8733083946716631_0.8739740614682958_SIZE_1_1.4_2
GEN_14_FIT_0.8728877744847015_0.8730492723617385_0.8742029845421445_SIZE_1_1.1_2
GEN_15_FIT_0.8729365074552722_0.8729998313096157_0.8742029845421445_SIZE_1_1.05_2
GEN_16_FIT_0.8729365074552722_0.8730631551639594_0.8742029845421445_SIZE_1_1.1_2
GEN_17_FIT_0.8729365074552722_0.8731268536775667_0.8742029845421445_SIZE_1_1.15_2
GEN_18_FIT_0.8729365074552722_0.8734388714988205_0.8742029845421445_SIZE_1_1.4_2
GEN_19_FIT_0.8729365074552722_0.8731812762524485_0.8752764496692317_SIZE_1_1.15_2
GEN_20_FIT_0.8729365074552722_0.8734726683447599_0.8752764496692317_SIZE_1_1.25_2
Evaluating in sample:
[GEN_20|make_tuple(0.0016146493408220413, 22, 11, 28)|0.8729]
[GEN_20|make_tuple(mul(0.0018477191504679587, 0.3825209996557783), 25, 11, 27)|0.8753]
Evaluating out-of-sample:
[GEN_20|make_tuple(0.0016146493408220413, 22, 11, 28)|0.9537]
[GEN_20|make_tuple(mul(0.0018477191504679587, 0.3825209996557783), 25, 11, 27)|0.9704]
GEN_21_FIT_0.8729440006405458_0.8731772455434144_0.8752764496692317_SIZE_1_1.1_2
GEN_22_FIT_0.8729440006405458_0.8731772455434144_0.8752764496692317_SIZE_1_1.1_2
GEN_23_FIT_0.8729440006405458_0.8734093317986303_0.8752764496692317_SIZE_1_1.2_2
GEN_24_FIT_0.8729440006405458_0.8743431914164539_0.8752764496692317_SIZE_1_1.75_3
GEN_25_FIT_0.8730079466736299_0.8749361742198914_0.8752764496692317_SIZE_1_1.85_2
GEN_26_FIT_0.8730079466736299_0.8750495993696715_0.8752764496692317_SIZE_1_1.9_2
GEN_27_FIT_0.8730079466736299_0.8750495993696715_0.8752764496692317_SIZE_1_1.9_2
GEN_28_FIT_0.8730079466736299_0.8750495993696715_0.8752764496692317_SIZE_1_1.9_2
GEN_29_FIT_0.8730079466736299_0.8750495993696715_0.8752764496692317_SIZE_1_1.9_2
GEN_30_FIT_0.8730079466736299_0.8750495993696715_0.8752764496692317_SIZE_1_1.9_2
GEN_31_FIT_0.8730079466736299_0.8750495993696715_0.8752764496692317_SIZE_1_1.9_2
GEN_32_FIT_0.8730079466736299_0.8750495993696715_0.8752764496692317_SIZE_1_1.9_2
GEN_33_FIT_0.8730079466736299_0.8750495993696715_0.8752764496692317_SIZE_1_1.9_2
GEN_34_FIT_0.8730079466736299_0.8750495993696715_0.8752764496692317_SIZE_1_1.9_2
GEN_35_FIT_0.8730079466736299_0.8750495993696715_0.8752764496692317_SIZE_1_1.9_2
GEN_36_FIT_0.8730079466736299_0.8750495993696715_0.8752764496692317_SIZE_1_1.9_2
GEN_37_FIT_0.8730079466736299_0.8750495993696715_0.8752764496692317_SIZE_1_1.9_2
GEN_38_FIT_0.8730079466736299_0.8750495993696715_0.8752764496692317_SIZE_1_1.9_2
GEN_39_FIT_0.8730079466736299_0.8750495993696715_0.8752764496692317_SIZE_1_1.9_2
GEN_40_FIT_0.872559099791982_0.8748301330082187_0.8758729753130279_SIZE_1_1.8_2
Evaluating in sample:
[GEN_40|make_tuple(0.0015666464648344737, 22, 11, 28)|0.8730]
[GEN_40|make_tuple(mul(0.0009960035093052938, 0.3825209996557783), 25, 11, 27)|0.8759]
Evaluating out-of-sample:
[GEN_40|make_tuple(0.0015666464648344737, 22, 11, 28)|0.9552]
[GEN_40|make_tuple(mul(0.0009960035093052938, 0.3825209996557783), 25, 11, 27)|0.9697]
GEN_41_FIT_0.8729198942147902_0.8741588165847947_0.8758729753130279_SIZE_1_1.5_2
GEN_42_FIT_0.8730079466736299_0.8732944495375697_0.8758729753130279_SIZE_1_1.1_2
GEN_43_FIT_0.8730079466736299_0.8731550940952737_0.8759508951065037_SIZE_1_1.05_2
GEN_44_FIT_0.8730079466736299_0.8731550940952737_0.8759508951065037_SIZE_1_1.05_2
GEN_45_FIT_0.8730079466736299_0.8731550940952737_0.8759508951065037_SIZE_1_1.05_2
GEN_46_FIT_0.8730079466736299_0.8731550940952737_0.8759508951065037_SIZE_1_1.05_2
GEN_47_FIT_0.8730079466736299_0.8731586866902997_0.8760227470070259_SIZE_1_1.05_2
GEN_48_FIT_0.8730079466736299_0.8733094267069695_0.8760227470070259_SIZE_1_1.1_2
GEN_49_FIT_0.8730079466736299_0.8733094267069695_0.8760227470070259_SIZE_1_1.1_2
GEN_50_FIT_0.8730079466736299_0.8731612584150182_0.8760741815013953_SIZE_1_1.05_2
GEN_51_FIT_0.8730079466736299_0.8733145701564066_0.8760741815013953_SIZE_1_1.1_2
GEN_52_FIT_0.8730079466736299_0.8733145701564066_0.8760741815013953_SIZE_1_1.1_2
GEN_53_FIT_0.8730079466736299_0.8733145701564066_0.8760741815013953_SIZE_1_1.1_2
GEN_54_FIT_0.8730079466736299_0.8742286711531839_0.8760741815013953_SIZE_1_1.4_2
GEN_55_FIT_0.8730079466736299_0.8756043842699848_0.8760741815013953_SIZE_1_1.95_3
GEN_56_FIT_0.8730562598703242_0.8757964996480782_0.8765563876971993_SIZE_1_1.95_3
GEN_57_FIT_0.8730077204516209_0.8755646114434066_0.8765563876971993_SIZE_1_1.9_3
GEN_58_FIT_0.8730077204516209_0.8744538840301391_0.8765563876971993_SIZE_1_1.45_3
GEN_59_FIT_0.8730562598703242_0.8734062726530117_0.8765563876971993_SIZE_1_1.1_2
GEN_60_FIT_0.8730562598703242_0.8734062726530117_0.8765563876971993_SIZE_1_1.1_2
Evaluating in sample:
[GEN_60|make_tuple(0.0015621902775300991, 22, 11, 28)|0.8731]
[GEN_60|make_tuple(mul(0.0010493027356967108, 0.40646277611448806), 22, 11, 27)|0.8766]
Evaluating out-of-sample:
[GEN_60|make_tuple(0.0015621902775300991, 22, 11, 28)|0.9552]
[GEN_60|make_tuple(mul(0.0010493027356967108, 0.40646277611448806), 22, 11, 27)|0.9663]
GEN_61_FIT_0.8730562598703242_0.8734062726530117_0.8765563876971993_SIZE_1_1.1_2
GEN_62_FIT_0.8730562598703242_0.8734062726530117_0.8765563876971993_SIZE_1_1.1_2
GEN_63_FIT_0.8730562598703242_0.8734062726530117_0.8765563876971993_SIZE_1_1.1_2
GEN_64_FIT_0.8730562598703242_0.8732316892503758_0.8765648474713528_SIZE_1_1.05_2
GEN_65_FIT_0.8730562598703242_0.8732316892503758_0.8765648474713528_SIZE_1_1.05_2
GEN_66_FIT_0.8730562598703242_0.8732316892503758_0.8765648474713528_SIZE_1_1.05_2
GEN_67_FIT_0.8730562598703242_0.8732316892503758_0.8765648474713528_SIZE_1_1.05_2
GEN_68_FIT_0.8730562598703242_0.873407118630427_0.8765648474713528_SIZE_1_1.1_2
GEN_69_FIT_0.8730562598703242_0.873407118630427_0.8765648474713528_SIZE_1_1.1_2
GEN_70_FIT_0.8730562598703242_0.873407118630427_0.8765648474713528_SIZE_1_1.1_2
GEN_71_FIT_0.8730562598703242_0.873407118630427_0.8765648474713528_SIZE_1_1.1_2
GEN_72_FIT_0.8730562598703242_0.873407118630427_0.8765648474713528_SIZE_1_1.1_2
GEN_73_FIT_0.8730562598703242_0.873407118630427_0.8765648474713528_SIZE_1_1.1_2
GEN_74_FIT_0.8730562598703242_0.873407118630427_0.8765648474713528_SIZE_1_1.1_2
GEN_75_FIT_0.8730562598703242_0.873407118630427_0.8765648474713528_SIZE_1_1.1_2
GEN_76_FIT_0.8730562598703242_0.873407118630427_0.8765648474713528_SIZE_1_1.1_2
GEN_77_FIT_0.8730562598703242_0.873407118630427_0.8765648474713528_SIZE_1_1.1_2
GEN_78_FIT_0.8730562598703242_0.873407118630427_0.8765648474713528_SIZE_1_1.1_2
GEN_79_FIT_0.8730562598703242_0.873407118630427_0.8765648474713528_SIZE_1_1.1_2
GEN_80_FIT_0.8730562598703242_0.873407118630427_0.8765648474713528_SIZE_1_1.1_2
Evaluating in sample:
[GEN_80|make_tuple(0.0015621902775300991, 22, 11, 28)|0.8731]
[GEN_80|make_tuple(mul(0.0010493027356967108, 0.4095025220628069), 22, 11, 27)|0.8766]
Evaluating out-of-sample:
[GEN_80|make_tuple(0.0015621902775300991, 22, 11, 28)|0.9552]
[GEN_80|make_tuple(mul(0.0010493027356967108, 0.4095025220628069), 22, 11, 27)|0.9663]
GEN_81_FIT_0.8730562598703242_0.8742720178609782_0.8765648474713528_SIZE_1_1.35_2
GEN_82_FIT_0.8730562598703242_0.8758263898639644_0.8765648474713528_SIZE_1_1.85_3
GEN_83_FIT_0.8730562598703242_0.875532664494318_0.8765648474713528_SIZE_1_1.75_3
GEN_84_FIT_0.8731378330834192_0.8762221460325594_0.8765648474713528_SIZE_1_1.9_2
GEN_85_FIT_0.8731378330834192_0.8762221460325594_0.8765648474713528_SIZE_1_1.9_2
Evaluating in sample:
[GEN_85|make_tuple(0.0015525848375860854, 22, 11, 28)|0.8731]
[GEN_85|make_tuple(mul(0.0010493027356967108, 0.4095025220628069), 22, 11, 27)|0.8766]
Evaluating out-of-sample:
[GEN_85|make_tuple(0.0015525848375860854, 22, 11, 28)|0.9596]
[GEN_85|make_tuple(mul(0.0010493027356967108, 0.4095025220628069), 22, 11, 27)|0.9663]
Stopped early in iteration 85, no improvement in 20 gens.
START_TASK: 18
