Starting problem: mlr_svm
param:age_regularization:100000.0
param:algorithm:mupluslambda
param:constants_only:False
param:cxpb:0.25
param:early_stop_n:20
param:lambda_:100
param:max_number_operators:None
param:max_start_size:2
param:mu:20
param:ngen:300
param:optimize_constants:False
param:output_file:/home/gijsbers/symbolicdefaults/runs/mlr_svm_mupluslambda_12.log
param:problem:mlr_svm
param:subset:1.0
param:task:None
param:warm_start:False
Benchmark problems: mlr_svm
sklearn_default := make_tuple(1., truediv(1., mul(p, xvar)))
mlr_default := make_tuple(1, truediv(po, 1))
symbolic_best := make_tuple(16., truediv(mkd, xvar))
Loading surrogates from file.
START_TASK: 3
GEN_0_FIT_0.6750230882202918_0.826182001488867_0.8898623524838866_SIZE_1_2.85_7
GEN_1_FIT_0.8797268405199448_0.8865285371903004_0.8936623476001865_SIZE_1_2.2_8
GEN_2_FIT_0.8859160452612543_0.8906313681059108_0.895979149918094_SIZE_1_2.25_8
GEN_3_FIT_0.8898623524838866_0.8907180390358667_0.895979149918094_SIZE_1_1.8_8
GEN_4_FIT_0.8898623524838866_0.8904727636312378_0.8963411846883764_SIZE_1_1.45_5
GEN_5_FIT_0.8898623524838866_0.8907583407614649_0.8963411846883764_SIZE_1_1.6_5
GEN_6_FIT_0.8898623524838866_0.8905626723642612_0.8981393593488446_SIZE_1_1.35_4
GEN_7_FIT_0.8898623524838866_0.891055056193693_0.8981393593488446_SIZE_1_1.45_4
GEN_8_FIT_0.8898623524838866_0.8902784339419434_0.8981393593488446_SIZE_1_1.15_3
GEN_9_FIT_0.8898623524838866_0.8902806716033546_0.8981393593488446_SIZE_1_1.15_3
GEN_10_FIT_0.8898623524838866_0.8907077570110806_0.8981393593488446_SIZE_1_1.25_3
GEN_11_FIT_0.8898623524838866_0.8907254608517787_0.8981393593488446_SIZE_1_1.3_3
GEN_12_FIT_0.8898623524838866_0.8907254608517787_0.8981393593488446_SIZE_1_1.3_3
GEN_13_FIT_0.8898623524838866_0.8909045828333897_0.8981393593488446_SIZE_1_1.25_3
GEN_14_FIT_0.8898623524838866_0.8911191124963966_0.8981393593488446_SIZE_1_1.3_3
GEN_15_FIT_0.8898623524838866_0.8911191124963966_0.8981393593488446_SIZE_1_1.3_3
GEN_16_FIT_0.8898623524838866_0.8911191124963966_0.8981393593488446_SIZE_1_1.3_3
GEN_17_FIT_0.8898623524838866_0.8907326644371072_0.898687405028011_SIZE_1_1.2_3
GEN_18_FIT_0.8898623524838866_0.8908830502712897_0.9016951217116637_SIZE_1_1.2_3
GEN_19_FIT_0.8898623524838866_0.8908830502712897_0.9016951217116637_SIZE_1_1.2_3
GEN_20_FIT_0.8898623524838866_0.890943806475008_0.9029102457860301_SIZE_1_1.2_3
Evaluating in sample:
[GEN_20|make_tuple(p, mkd)|0.8899]
[GEN_20|make_tuple(p, truediv(mkd, xvar))|0.8942]
[GEN_20|make_tuple(m, truediv(expit(n), po))|0.9029]
Evaluating out-of-sample:
[GEN_20|make_tuple(p, mkd)|0.9641]
[GEN_20|make_tuple(p, truediv(mkd, xvar))|0.9949]
[GEN_20|make_tuple(m, truediv(expit(n), po))|0.9020]
GEN_21_FIT_0.8898623524838866_0.8908861570835512_0.9029102457860301_SIZE_1_1.15_3
GEN_22_FIT_0.8898623524838866_0.8913990590196684_0.9029102457860301_SIZE_1_1.2_3
GEN_23_FIT_0.8898623524838866_0.8913990590196684_0.9029102457860301_SIZE_1_1.2_3
GEN_24_FIT_0.8898623524838866_0.891757559398161_0.9029102457860301_SIZE_1_1.25_3
GEN_25_FIT_0.8898623524838866_0.891757559398161_0.9029102457860301_SIZE_1_1.25_3
GEN_26_FIT_0.8898623524838866_0.891757559398161_0.9029102457860301_SIZE_1_1.25_3
GEN_27_FIT_0.8898623524838866_0.891757559398161_0.9029102457860301_SIZE_1_1.25_3
GEN_28_FIT_0.8898623524838866_0.891757559398161_0.9029102457860301_SIZE_1_1.25_3
GEN_29_FIT_0.8898623524838866_0.8911409518237361_0.9036259875996765_SIZE_1_1.15_3
GEN_30_FIT_0.8898623524838866_0.8911409518237361_0.9036259875996765_SIZE_1_1.15_3
GEN_31_FIT_0.8898623524838866_0.8918291335795256_0.9036259875996765_SIZE_1_1.25_3
GEN_32_FIT_0.8898623524838866_0.8925175126796411_0.9036299344861939_SIZE_1_1.4_4
GEN_33_FIT_0.8898623524838866_0.8925175126796411_0.9036299344861939_SIZE_1_1.4_4
GEN_34_FIT_0.8898623524838866_0.8925175126796411_0.9036299344861939_SIZE_1_1.4_4
GEN_35_FIT_0.8898623524838866_0.8911411491680621_0.9036299344861939_SIZE_1_1.15_3
GEN_36_FIT_0.8898623524838866_0.8911411491680621_0.9036299344861939_SIZE_1_1.15_3
GEN_37_FIT_0.8898623524838866_0.8911411491680621_0.9036299344861939_SIZE_1_1.15_3
GEN_38_FIT_0.8898623524838866_0.8911411491680621_0.9036299344861939_SIZE_1_1.15_3
GEN_39_FIT_0.8898623524838866_0.8911411491680621_0.9036299344861939_SIZE_1_1.15_3
GEN_40_FIT_0.8898623524838866_0.8911411491680621_0.9036299344861939_SIZE_1_1.15_3
Evaluating in sample:
[GEN_40|make_tuple(p, mkd)|0.8899]
[GEN_40|make_tuple(m, truediv(mkd, xvar))|0.9017]
[GEN_40|make_tuple(5, truediv(expit(po), po))|0.9036]
Evaluating out-of-sample:
[GEN_40|make_tuple(p, mkd)|0.9641]
[GEN_40|make_tuple(m, truediv(mkd, xvar))|0.9132]
[GEN_40|make_tuple(5, truediv(expit(po), po))|0.9340]
GEN_41_FIT_0.8898623524838866_0.8911411491680621_0.9036299344861939_SIZE_1_1.15_3
GEN_42_FIT_0.8898623524838866_0.8911411491680621_0.9036299344861939_SIZE_1_1.15_3
GEN_43_FIT_0.8898623524838866_0.8911411491680621_0.9036299344861939_SIZE_1_1.15_3
GEN_44_FIT_0.8898623524838866_0.8911411491680621_0.9036299344861939_SIZE_1_1.15_3
GEN_45_FIT_0.8898623524838866_0.8911411491680621_0.9036299344861939_SIZE_1_1.15_3
GEN_46_FIT_0.8898623524838866_0.8911411491680621_0.9036299344861939_SIZE_1_1.15_3
GEN_47_FIT_0.8898623524838866_0.8911411491680621_0.9036299344861939_SIZE_1_1.15_3
GEN_48_FIT_0.8898623524838866_0.8911411491680621_0.9036299344861939_SIZE_1_1.15_3
GEN_49_FIT_0.8898623524838866_0.8911463447985017_0.9037338470949885_SIZE_1_1.15_3
GEN_50_FIT_0.8898623524838866_0.8911463447985017_0.9037338470949885_SIZE_1_1.15_3
GEN_51_FIT_0.8898623524838866_0.8911463447985017_0.9037338470949885_SIZE_1_1.15_3
GEN_52_FIT_0.8898623524838866_0.8911463447985017_0.9037338470949885_SIZE_1_1.15_3
GEN_53_FIT_0.8898623524838866_0.8911463447985017_0.9037338470949885_SIZE_1_1.15_3
GEN_54_FIT_0.8898623524838866_0.8911463447985017_0.9037338470949885_SIZE_1_1.15_3
GEN_55_FIT_0.8898623524838866_0.8911463447985017_0.9037338470949885_SIZE_1_1.15_3
GEN_56_FIT_0.8898623524838866_0.8911463447985017_0.9037338470949885_SIZE_1_1.15_3
GEN_57_FIT_0.8898623524838866_0.8911463447985017_0.9037338470949885_SIZE_1_1.15_3
GEN_58_FIT_0.8898623524838866_0.8911463447985017_0.9037338470949885_SIZE_1_1.15_3
GEN_59_FIT_0.8898623524838866_0.8911463447985017_0.9037338470949885_SIZE_1_1.15_3
GEN_60_FIT_0.8898623524838866_0.8911463447985017_0.9037338470949885_SIZE_1_1.15_3
Evaluating in sample:
[GEN_60|make_tuple(p, mkd)|0.8899]
[GEN_60|make_tuple(m, truediv(mkd, xvar))|0.9017]
[GEN_60|make_tuple(5, truediv(expit(5), po))|0.9037]
Evaluating out-of-sample:
[GEN_60|make_tuple(p, mkd)|0.9641]
[GEN_60|make_tuple(m, truediv(mkd, xvar))|0.9132]
[GEN_60|make_tuple(5, truediv(expit(5), po))|0.9340]
GEN_61_FIT_0.8898623524838866_0.8911463447985017_0.9037338470949885_SIZE_1_1.15_3
GEN_62_FIT_0.8898623524838866_0.8911463447985017_0.9037338470949885_SIZE_1_1.15_3
GEN_63_FIT_0.8898623524838866_0.8911463447985017_0.9037338470949885_SIZE_1_1.15_3
GEN_64_FIT_0.8898623524838866_0.8911463447985017_0.9037338470949885_SIZE_1_1.15_3
GEN_65_FIT_0.8898623524838866_0.8918619015396981_0.9041734873078113_SIZE_1_1.3_4
GEN_66_FIT_0.8898623524838866_0.8918619015396981_0.9041734873078113_SIZE_1_1.3_4
GEN_67_FIT_0.8898623524838866_0.8918619015396981_0.9041734873078113_SIZE_1_1.3_4
GEN_68_FIT_0.8898623524838866_0.8918619191714553_0.9041738399429589_SIZE_1_1.3_4
GEN_69_FIT_0.8898623524838866_0.8918619191714553_0.9041738399429589_SIZE_1_1.3_4
GEN_70_FIT_0.8898623524838866_0.8918619191714553_0.9041738399429589_SIZE_1_1.3_4
GEN_71_FIT_0.8898623524838866_0.8925554939020104_0.9041738399429589_SIZE_1_1.4_4
GEN_72_FIT_0.8898623524838866_0.8932710682749642_0.9041738399429589_SIZE_1_1.55_4
GEN_73_FIT_0.8898623524838866_0.8932710682749642_0.9041738399429589_SIZE_1_1.55_4
GEN_74_FIT_0.8898623524838866_0.8925563112874186_0.9041901876511217_SIZE_1_1.4_4
GEN_75_FIT_0.8898623524838866_0.8925943372471771_0.9041901876511217_SIZE_1_1.45_4
GEN_76_FIT_0.8898623524838866_0.8933131273627556_0.904238154795453_SIZE_1_1.65_5
GEN_77_FIT_0.8898623524838866_0.8933157182271303_0.904238154795453_SIZE_1_1.7_5
GEN_78_FIT_0.8898623524838866_0.8933157182271303_0.904238154795453_SIZE_1_1.7_5
GEN_79_FIT_0.8898623524838866_0.8918911181741752_0.904453641358318_SIZE_1_1.3_4
GEN_80_FIT_0.8898623524838866_0.8918911181741752_0.904453641358318_SIZE_1_1.3_4
Evaluating in sample:
[GEN_80|make_tuple(p, mkd)|0.8899]
[GEN_80|make_tuple(m, truediv(mkd, xvar))|0.9017]
[GEN_80|make_tuple(5, truediv(expit(2), po))|0.9040]
[GEN_80|make_tuple(add(5, 0.1203303477224977), truediv(expit(2), po))|0.9045]
Evaluating out-of-sample:
[GEN_80|make_tuple(p, mkd)|0.9641]
[GEN_80|make_tuple(m, truediv(mkd, xvar))|0.9132]
[GEN_80|make_tuple(5, truediv(expit(2), po))|0.9332]
[GEN_80|make_tuple(add(5, 0.1203303477224977), truediv(expit(2), po))|0.9331]
GEN_81_FIT_0.8898623524838866_0.8918911181741752_0.904453641358318_SIZE_1_1.3_4
GEN_82_FIT_0.8898623524838866_0.8919007304175471_0.904453641358318_SIZE_1_1.3_4
GEN_83_FIT_0.8898623524838866_0.8926302948612687_0.904453641358318_SIZE_1_1.45_4
GEN_84_FIT_0.8898623524838866_0.8926302948612687_0.904453641358318_SIZE_1_1.45_4
GEN_85_FIT_0.8898623524838866_0.8926302948612687_0.904453641358318_SIZE_1_1.45_4
GEN_86_FIT_0.8898623524838866_0.8926302948612687_0.904453641358318_SIZE_1_1.45_4
GEN_87_FIT_0.8898623524838866_0.8926302948612687_0.904453641358318_SIZE_1_1.45_4
GEN_88_FIT_0.8898623524838866_0.8926302948612687_0.904453641358318_SIZE_1_1.45_4
GEN_89_FIT_0.8898623524838866_0.8926302948612687_0.904453641358318_SIZE_1_1.45_4
GEN_90_FIT_0.8898623524838866_0.8926302948612687_0.904453641358318_SIZE_1_1.45_4
GEN_91_FIT_0.8898623524838866_0.8926302948612687_0.904453641358318_SIZE_1_1.45_4
GEN_92_FIT_0.8898623524838866_0.8933486907671476_0.904453641358318_SIZE_1_1.55_4
GEN_93_FIT_0.8898623524838866_0.8933486907671476_0.904453641358318_SIZE_1_1.55_4
GEN_94_FIT_0.8898623524838866_0.8933486907671476_0.904453641358318_SIZE_1_1.55_4
GEN_95_FIT_0.8898623524838866_0.8933486907671476_0.904453641358318_SIZE_1_1.55_4
GEN_96_FIT_0.8898623524838866_0.8933486907671476_0.904453641358318_SIZE_1_1.55_4
GEN_97_FIT_0.8898623524838866_0.8933486907671476_0.904453641358318_SIZE_1_1.55_4
GEN_98_FIT_0.8898623524838866_0.8933486907671476_0.904453641358318_SIZE_1_1.55_4
GEN_99_FIT_0.8898623524838866_0.8933486907671476_0.904453641358318_SIZE_1_1.55_4
GEN_100_FIT_0.8898623524838866_0.8933486907671476_0.904453641358318_SIZE_1_1.55_4
Evaluating in sample:
[GEN_100|make_tuple(p, mkd)|0.8899]
[GEN_100|make_tuple(m, truediv(mkd, xvar))|0.9017]
[GEN_100|make_tuple(6, truediv(expit(2), po))|0.9042]
[GEN_100|make_tuple(add(5, 0.1203303477224977), truediv(expit(2), po))|0.9045]
Evaluating out-of-sample:
[GEN_100|make_tuple(p, mkd)|0.9641]
[GEN_100|make_tuple(m, truediv(mkd, xvar))|0.9132]
[GEN_100|make_tuple(6, truediv(expit(2), po))|0.9356]
[GEN_100|make_tuple(add(5, 0.1203303477224977), truediv(expit(2), po))|0.9331]
Stopped early in iteration 100, no improvement in 20 gens.
BENCHMARK: Evaluating in-sample:
[sklearn_default: make_tuple(1.0, truediv(1.0, mul(p, xvar)))|0.8870]
