Starting problem: mlr_knn
param:age_regularization:100000.0
param:algorithm:mupluslambda
param:constants_only:True
param:cxpb:0.25
param:early_stop_n:20
param:lambda_:100
param:max_number_operators:None
param:max_start_size:2
param:mu:20
param:ngen:300
param:optimize_constants:False
param:output_file:/home/gijsbers/symbolicdefaults/runs/mlr_knn_True_5.log
param:problem:mlr_knn
param:subset:1.0
param:task:None
param:warm_start:False
Benchmark problems: mlr_knn
Loading surrogates from file.
START_TASK: 3
GEN_0_FIT_0.6400549423763343_0.6847541829838507_0.7485712247272123_SIZE_1_3.65_12
GEN_1_FIT_0.7195297709162755_0.7334061931081772_0.7618311930322973_SIZE_1_1.8_4
GEN_2_FIT_0.7446494644680158_0.7550723638057797_0.7682695021281863_SIZE_1_1.45_3
GEN_3_FIT_0.7619040715763357_0.7658040209129767_0.7709811866187521_SIZE_1_1.6_3
GEN_4_FIT_0.7667364561048253_0.7688976438642159_0.7711338493614751_SIZE_1_1.65_4
GEN_5_FIT_0.770496525030728_0.7708568396750795_0.7711338493614751_SIZE_1_1.2_2
GEN_6_FIT_0.7709811866187521_0.7711083715953124_0.7711893582466353_SIZE_1_1.15_2
GEN_7_FIT_0.7711338493614751_0.7711615164671052_0.7711950389731029_SIZE_1_1.25_3
GEN_8_FIT_0.7711893582466353_0.771203322839239_0.7713386707599078_SIZE_1_1.1_2
GEN_9_FIT_0.7711950389731029_0.7712440998272738_0.7713386707599078_SIZE_1_1.1_2
GEN_10_FIT_0.7712936655293711_0.7713319459128593_0.7713817311236407_SIZE_1_1.45_3
GEN_11_FIT_0.7713386707599078_0.771367640584774_0.7714694145376864_SIZE_1_1.15_3
GEN_12_FIT_0.7713817311236407_0.771424420367136_0.7714694145376864_SIZE_1_1.25_3
GEN_13_FIT_0.7714464786731794_0.7714632503675822_0.7714694145376864_SIZE_1_2.2_4
GEN_14_FIT_0.7714569923713501_0.7714756938329518_0.771638235473451_SIZE_1_1.2_3
GEN_15_FIT_0.7714694145376864_0.7714973279621307_0.7716577729805987_SIZE_1_1.05_2
GEN_16_FIT_0.7714758681725757_0.7715903893770337_0.771720279681097_SIZE_1_1.1_2
GEN_17_FIT_0.7716577729805987_0.7716838510580152_0.7718042943259423_SIZE_1_1.05_2
GEN_18_FIT_0.771720279681097_0.7717434271497758_0.7718042943259423_SIZE_1_1.1_2
GEN_19_FIT_0.7717620024040994_0.7718021797298502_0.7718042943259423_SIZE_1_1.15_2
GEN_20_FIT_0.7718042943259423_0.7718093059766066_0.7719045273392244_SIZE_1_1.0_1
Evaluating in sample:
[GEN_20|make_tuple(9, 29, 199, 311)|0.7719]
Evaluating out-of-sample:
[GEN_20|make_tuple(9, 29, 199, 311)|0.8884]
GEN_21_FIT_0.7718042943259423_0.7718293525792629_0.7719045273392244_SIZE_1_1.0_1
GEN_22_FIT_0.7718042943259423_0.7718694457845757_0.7719045273392244_SIZE_1_1.05_2
GEN_23_FIT_0.7719045273392244_0.7719045273392243_0.7719045273392244_SIZE_1_1.0_1
GEN_24_FIT_0.7719045273392244_0.7719045273392243_0.7719045273392244_SIZE_1_1.0_1
GEN_25_FIT_0.7719045273392244_0.7719045273392243_0.7719045273392244_SIZE_1_1.0_1
GEN_26_FIT_0.7719045273392244_0.7719045273392243_0.7719045273392244_SIZE_1_1.0_1
GEN_27_FIT_0.7719045273392244_0.7719045273392243_0.7719045273392244_SIZE_1_1.0_1
GEN_28_FIT_0.7719045273392244_0.7719045273392243_0.7719045273392244_SIZE_1_1.0_1
GEN_29_FIT_0.7719045273392244_0.7719049130848197_0.7719122422511318_SIZE_1_1.0_1
GEN_30_FIT_0.7719045273392244_0.7719056845760105_0.7719122422511318_SIZE_1_1.05_2
GEN_31_FIT_0.7719045273392244_0.7719072275583919_0.7719122422511318_SIZE_1_1.1_2
GEN_32_FIT_0.7719045273392244_0.7719118565055363_0.7719122422511318_SIZE_1_1.0_1
GEN_33_FIT_0.7719122422511318_0.7719122422511318_0.7719122422511318_SIZE_1_1.0_1
GEN_34_FIT_0.7719122422511318_0.7719122422511318_0.7719122422511318_SIZE_1_1.0_1
GEN_35_FIT_0.7719122422511318_0.7719122422511318_0.7719122422511318_SIZE_1_1.0_1
GEN_36_FIT_0.7719122422511318_0.7719122422511318_0.7719122422511318_SIZE_1_1.0_1
GEN_37_FIT_0.7719122422511318_0.7719122422511318_0.7719122422511318_SIZE_1_1.0_1
GEN_38_FIT_0.7719122422511318_0.7719122422511318_0.7719122422511318_SIZE_1_1.0_1
GEN_39_FIT_0.7719122422511318_0.7719122422511318_0.7719122422511318_SIZE_1_1.0_1
GEN_40_FIT_0.7719122422511318_0.7719122422511318_0.7719122422511318_SIZE_1_1.0_1
Evaluating in sample:
[GEN_40|make_tuple(9, 29, 201, 311)|0.7719]
Evaluating out-of-sample:
[GEN_40|make_tuple(9, 29, 201, 311)|0.8884]
GEN_41_FIT_0.7719122422511318_0.7719122422511318_0.7719122422511318_SIZE_1_1.0_1
GEN_42_FIT_0.7719122422511318_0.7719122422511318_0.7719122422511318_SIZE_1_1.0_1
GEN_43_FIT_0.7719122422511318_0.7719122422511318_0.7719122422511318_SIZE_1_1.0_1
GEN_44_FIT_0.7719122422511318_0.7719122422511318_0.7719122422511318_SIZE_1_1.0_1
GEN_45_FIT_0.7719122422511318_0.7719122422511318_0.7719122422511318_SIZE_1_1.0_1
GEN_46_FIT_0.7719122422511318_0.7719122422511318_0.7719122422511318_SIZE_1_1.0_1
GEN_47_FIT_0.7719122422511318_0.7719122422511318_0.7719122422511318_SIZE_1_1.0_1
GEN_48_FIT_0.7719122422511318_0.7719122422511318_0.7719122422511318_SIZE_1_1.0_1
GEN_49_FIT_0.7719122422511318_0.7719122422511318_0.7719122422511318_SIZE_1_1.0_1
GEN_50_FIT_0.7719122422511318_0.7719122422511318_0.7719122422511318_SIZE_1_1.0_1
Evaluating in sample:
[GEN_50|make_tuple(9, 29, 201, 311)|0.7719]
Evaluating out-of-sample:
[GEN_50|make_tuple(9, 29, 201, 311)|0.8884]
Stopped early in iteration 50, no improvement in 20 gens.
START_TASK: 6
GEN_0_FIT_0.660774730304524_0.7010040477806696_0.7553967966195271_SIZE_1_1.8_5
GEN_1_FIT_0.7183263093784108_0.7403958232354748_0.7567944005266575_SIZE_1_1.7_4
GEN_2_FIT_0.7553967966195271_0.7564814555893224_0.7690433109137237_SIZE_1_1.4_3
GEN_3_FIT_0.7564552717655584_0.7612948410590731_0.7709286994302429_SIZE_1_1.35_3
GEN_4_FIT_0.7690861300716302_0.7698050057351368_0.7709286994302429_SIZE_1_1.5_3
GEN_5_FIT_0.7698933191045566_0.7701596848135004_0.771128386392543_SIZE_1_1.1_3
GEN_6_FIT_0.7699257379039686_0.770685711099645_0.7711344067642227_SIZE_1_1.45_4
GEN_7_FIT_0.7709814682227074_0.771123826865477_0.7712426505492894_SIZE_1_1.25_4
GEN_8_FIT_0.7711344067642227_0.7711637618842248_0.771311016568333_SIZE_1_1.4_4
GEN_9_FIT_0.7711344067642227_0.771224686035896_0.7713220674825928_SIZE_1_1.5_3
GEN_10_FIT_0.7712748576207313_0.7713177827190042_0.7715166251771651_SIZE_1_1.65_3
GEN_11_FIT_0.771311016568333_0.7713521763244614_0.7715572307593371_SIZE_1_1.65_2
GEN_12_FIT_0.771311016568333_0.7714115196893604_0.7715572307593371_SIZE_1_1.35_2
GEN_13_FIT_0.7715166251771651_0.771583564931276_0.7722869421089753_SIZE_1_1.55_2
GEN_14_FIT_0.7715572307593371_0.7718222552693824_0.7722869421089753_SIZE_1_1.4_3
GEN_15_FIT_0.7722617891624467_0.7722844268143223_0.7722869421089753_SIZE_1_1.75_2
GEN_16_FIT_0.7722828689863662_0.7722867384528448_0.7722869421089753_SIZE_1_1.35_2
GEN_17_FIT_0.7722869421089753_0.7722873067843283_0.7722928017690233_SIZE_1_1.1_3
GEN_18_FIT_0.7722869421089753_0.772288992989992_0.7722928017690233_SIZE_1_1.05_2
GEN_19_FIT_0.7722869421089753_0.772291922820016_0.7722928017690233_SIZE_1_1.1_2
GEN_20_FIT_0.7722928017690233_0.7722928017690232_0.7722928017690233_SIZE_1_1.0_1
Evaluating in sample:
[GEN_20|make_tuple(9, 29, 195, 311)|0.7723]
Evaluating out-of-sample:
[GEN_20|make_tuple(9, 29, 195, 311)|0.8268]
GEN_21_FIT_0.7722928017690233_0.7722928017690232_0.7722928017690233_SIZE_1_1.0_1
GEN_22_FIT_0.7722928017690233_0.7723004688803238_0.7724461439950369_SIZE_1_1.0_1
GEN_23_FIT_0.7722928017690233_0.7723005405726746_0.7724461439950369_SIZE_1_1.05_2
GEN_24_FIT_0.7722928017690233_0.7723082793763261_0.7724461439950369_SIZE_1_1.1_2
GEN_25_FIT_0.7722928017690233_0.7723159464876267_0.7724461439950369_SIZE_1_1.1_2
GEN_26_FIT_0.7722928017690233_0.7723683738820026_0.7724461439950369_SIZE_1_1.1_2
GEN_27_FIT_0.7724461439950369_0.7724461439950369_0.7724461439950369_SIZE_1_1.0_1
GEN_28_FIT_0.7724461439950369_0.7724461439950369_0.7724461439950369_SIZE_1_1.0_1
GEN_29_FIT_0.7724461439950369_0.7724461439950369_0.7724461439950369_SIZE_1_1.0_1
GEN_30_FIT_0.7724461439950369_0.7724461439950369_0.7724461439950369_SIZE_1_1.0_1
GEN_31_FIT_0.7724461439950369_0.7724461439950369_0.7724461439950369_SIZE_1_1.0_1
GEN_32_FIT_0.7724461439950369_0.7724461439950369_0.7724461439950369_SIZE_1_1.0_1
GEN_33_FIT_0.7724461439950369_0.7724461439950369_0.7724461439950369_SIZE_1_1.0_1
GEN_34_FIT_0.7724461439950369_0.7724461439950369_0.7724461439950369_SIZE_1_1.0_1
GEN_35_FIT_0.7724461439950369_0.7724461439950369_0.7724461439950369_SIZE_1_1.0_1
GEN_36_FIT_0.7724461439950369_0.7724461439950369_0.7724461439950369_SIZE_1_1.0_1
GEN_37_FIT_0.7724461439950369_0.7724461439950369_0.7724461439950369_SIZE_1_1.0_1
GEN_38_FIT_0.7724461439950369_0.7724461439950369_0.7724461439950369_SIZE_1_1.0_1
GEN_39_FIT_0.7724461439950369_0.7724461439950369_0.7724461439950369_SIZE_1_1.0_1
GEN_40_FIT_0.7724461439950369_0.7724461439950369_0.7724461439950369_SIZE_1_1.0_1
Evaluating in sample:
[GEN_40|make_tuple(9, 29, 199, 311)|0.7724]
Evaluating out-of-sample:
[GEN_40|make_tuple(9, 29, 199, 311)|0.8261]
GEN_41_FIT_0.7724461439950369_0.7724461439950369_0.7724461439950369_SIZE_1_1.0_1
GEN_42_FIT_0.7724461439950369_0.7724461439950369_0.7724461439950369_SIZE_1_1.0_1
GEN_43_FIT_0.7724461439950369_0.7724461439950369_0.7724461439950369_SIZE_1_1.0_1
Evaluating in sample:
[GEN_43|make_tuple(9, 29, 199, 311)|0.7724]
Evaluating out-of-sample:
[GEN_43|make_tuple(9, 29, 199, 311)|0.8261]
Stopped early in iteration 43, no improvement in 20 gens.
START_TASK: 11
GEN_0_FIT_0.644082062628703_0.6907171943037508_0.7453175062492748_SIZE_1_1.65_5
GEN_1_FIT_0.7221164977743374_0.7371479760853716_0.7563450940004206_SIZE_1_1.15_2
GEN_2_FIT_0.7472954907937859_0.7514347271794013_0.7566869410267487_SIZE_1_1.35_2
GEN_3_FIT_0.7546315915696943_0.7565438785754648_0.7601519020276978_SIZE_1_1.2_2
GEN_4_FIT_0.7566869410267487_0.7578051592024614_0.7601519020276978_SIZE_1_1.45_2
GEN_5_FIT_0.7584026302065494_0.7588791363225222_0.7601519020276978_SIZE_1_1.55_3
GEN_6_FIT_0.758676206008947_0.7601791775955069_0.7673882041250122_SIZE_1_1.45_3
GEN_7_FIT_0.7587177561150619_0.7598769942617538_0.7694786644407192_SIZE_1_1.1_2
GEN_8_FIT_0.7588309738821564_0.7620442521151726_0.7694786644407192_SIZE_1_1.3_2
GEN_9_FIT_0.7588309738821564_0.765857146603544_0.7694786644407192_SIZE_1_1.7_3
GEN_10_FIT_0.7593589331820895_0.7609288200515619_0.7702591251606576_SIZE_1_1.15_2
GEN_11_FIT_0.7594166445527157_0.764461734123062_0.7702591251606576_SIZE_1_1.55_2
GEN_12_FIT_0.7594678465877194_0.7681554267808992_0.7706917488294664_SIZE_1_1.85_3
GEN_13_FIT_0.7594678465877194_0.765631848744667_0.7707691885567908_SIZE_1_1.55_2
GEN_14_FIT_0.7599147131128445_0.7637259269168557_0.7708158052762742_SIZE_1_1.35_2
GEN_15_FIT_0.7599767100896732_0.7696945787830092_0.7708158052762742_SIZE_1_1.95_3
GEN_16_FIT_0.759934346238156_0.7664563596410396_0.7708782623387266_SIZE_1_1.6_2
GEN_17_FIT_0.7600179569281931_0.7675681848594926_0.7708782623387266_SIZE_1_1.7_2
GEN_18_FIT_0.7600179569281931_0.7627405348281843_0.770938596512671_SIZE_1_1.3_3
GEN_19_FIT_0.7600271082504672_0.7643855873340428_0.7709602894396931_SIZE_1_1.4_2
GEN_20_FIT_0.7600344499901387_0.7622382096590299_0.771072155152537_SIZE_1_1.2_2
Evaluating in sample:
[GEN_20|make_tuple(7, 167, 144, 308)|0.7601]
[GEN_20|make_tuple(add(7, 2), 172, 157, 310)|0.7711]
Evaluating out-of-sample:
[GEN_20|make_tuple(7, 167, 144, 308)|0.8566]
[GEN_20|make_tuple(add(7, 2), 172, 157, 310)|0.8970]
GEN_21_FIT_0.7600529720275851_0.7628290815436365_0.771072155152537_SIZE_1_1.25_2
GEN_22_FIT_0.7600903581030375_0.7634176368316387_0.7710799478934531_SIZE_1_1.3_2
GEN_23_FIT_0.7601634278817528_0.761255079882923_0.7710799478934531_SIZE_1_1.1_2
GEN_24_FIT_0.7601634278817528_0.7628645792293514_0.7710799478934531_SIZE_1_1.3_3
GEN_25_FIT_0.7601686629691201_0.7694421380925553_0.7710799478934531_SIZE_1_2.0_3
GEN_26_FIT_0.7601708517267953_0.7699890382767873_0.7710799478934531_SIZE_1_1.9_2
GEN_27_FIT_0.7601708517267953_0.7699890382767873_0.7710799478934531_SIZE_1_1.9_2
GEN_28_FIT_0.7601708517267953_0.7699890382767873_0.7710799478934531_SIZE_1_1.9_2
GEN_29_FIT_0.7601708517267953_0.7699890382767873_0.7710799478934531_SIZE_1_1.9_2
GEN_30_FIT_0.7601708517267953_0.7699890382767873_0.7710799478934531_SIZE_1_1.9_2
GEN_31_FIT_0.7601686629691201_0.7656317144595395_0.7712156665697766_SIZE_1_1.55_3
GEN_32_FIT_0.7601686629691201_0.7639967815663159_0.7712156665697766_SIZE_1_1.4_3
GEN_33_FIT_0.7601708517267953_0.7618148105229483_0.7712156665697766_SIZE_1_1.2_3
GEN_34_FIT_0.7601708517267953_0.7639849130256424_0.7712156665697766_SIZE_1_1.45_3
GEN_35_FIT_0.7601708517267953_0.770054656607402_0.7712156665697766_SIZE_1_2.35_4
GEN_36_FIT_0.7710799478934531_0.7712006418788684_0.7712156665697766_SIZE_1_2.6_3
GEN_37_FIT_0.7710799478934531_0.7711826092394098_0.7712156665697766_SIZE_1_2.1_3
GEN_38_FIT_0.7712020108385733_0.7712181525316417_0.7712790415382803_SIZE_1_1.8_2
GEN_39_FIT_0.7712020108385733_0.7712234849147591_0.7712790415382803_SIZE_1_1.15_2
GEN_40_FIT_0.7712156665697766_0.7712414531217646_0.771327977379329_SIZE_1_1.2_2
Evaluating in sample:
[GEN_40|make_tuple(9, 29, 162, 311)|0.7713]
Evaluating out-of-sample:
[GEN_40|make_tuple(9, 29, 162, 311)|0.8985]
GEN_41_FIT_0.7712156665697766_0.771326572201561_0.7716568148845468_SIZE_1_1.25_2
GEN_42_FIT_0.7712790415382803_0.7714659459937271_0.7716568148845468_SIZE_1_1.15_2
GEN_43_FIT_0.7715990337794127_0.771640708586708_0.7716568148845468_SIZE_1_1.05_2
GEN_44_FIT_0.7716418888968494_0.7716610213243154_0.7718006476307032_SIZE_1_1.1_2
GEN_45_FIT_0.7716568148845468_0.7716641283674833_0.7718006476307032_SIZE_1_1.05_2
GEN_46_FIT_0.7716568148845468_0.7716858251250353_0.7718006476307032_SIZE_1_1.1_2
GEN_47_FIT_0.7716568148845468_0.7717340255612567_0.7718006476307032_SIZE_1_1.1_2
GEN_48_FIT_0.7718006476307032_0.7718006476307033_0.7718006476307032_SIZE_1_1.0_1
GEN_49_FIT_0.7718006476307032_0.7718006476307033_0.7718006476307032_SIZE_1_1.0_1
GEN_50_FIT_0.7718006476307032_0.7718006476307033_0.7718006476307032_SIZE_1_1.0_1
GEN_51_FIT_0.7718006476307032_0.7718006476307033_0.7718006476307032_SIZE_1_1.0_1
GEN_52_FIT_0.7718006476307032_0.7718006476307033_0.7718006476307032_SIZE_1_1.0_1
GEN_53_FIT_0.7718006476307032_0.7718010333762987_0.7718083625426104_SIZE_1_1.0_1
GEN_54_FIT_0.7718006476307032_0.7718025763586801_0.7718083625426104_SIZE_1_1.0_1
GEN_55_FIT_0.7718006476307032_0.7718072053058245_0.7718083625426104_SIZE_1_1.05_2
GEN_56_FIT_0.7718083625426104_0.7718083625426105_0.7718083625426104_SIZE_1_1.0_1
GEN_57_FIT_0.7718083625426104_0.7718083625426105_0.7718083625426104_SIZE_1_1.0_1
GEN_58_FIT_0.7718083625426104_0.7718083625426105_0.7718083625426104_SIZE_1_1.0_1
GEN_59_FIT_0.7718083625426104_0.7718083625426105_0.7718083625426104_SIZE_1_1.0_1
GEN_60_FIT_0.7718083625426104_0.7718083625426105_0.7718083625426104_SIZE_1_1.0_1
Evaluating in sample:
[GEN_60|make_tuple(9, 29, 201, 311)|0.7718]
Evaluating out-of-sample:
[GEN_60|make_tuple(9, 29, 201, 311)|0.9003]
GEN_61_FIT_0.7718083625426104_0.7718083625426105_0.7718083625426104_SIZE_1_1.0_1
GEN_62_FIT_0.7718083625426104_0.7718083625426105_0.7718083625426104_SIZE_1_1.0_1
GEN_63_FIT_0.7718083625426104_0.7718083625426105_0.7718083625426104_SIZE_1_1.0_1
GEN_64_FIT_0.7718083625426104_0.7718083625426105_0.7718083625426104_SIZE_1_1.0_1
GEN_65_FIT_0.7718083625426104_0.7718083625426105_0.7718083625426104_SIZE_1_1.0_1
GEN_66_FIT_0.7718083625426104_0.7718083625426105_0.7718083625426104_SIZE_1_1.0_1
GEN_67_FIT_0.7718083625426104_0.7718083625426105_0.7718083625426104_SIZE_1_1.0_1
GEN_68_FIT_0.7718083625426104_0.7718083625426105_0.7718083625426104_SIZE_1_1.0_1
GEN_69_FIT_0.7718083625426104_0.7718083625426105_0.7718083625426104_SIZE_1_1.0_1
GEN_70_FIT_0.7718083625426104_0.7718083625426105_0.7718083625426104_SIZE_1_1.0_1
GEN_71_FIT_0.7718083625426104_0.7718083625426105_0.7718083625426104_SIZE_1_1.0_1
GEN_72_FIT_0.7718083625426104_0.7718083625426105_0.7718083625426104_SIZE_1_1.0_1
GEN_73_FIT_0.7718083625426104_0.7718083625426105_0.7718083625426104_SIZE_1_1.0_1
GEN_74_FIT_0.7718083625426104_0.7718083625426105_0.7718083625426104_SIZE_1_1.0_1
Evaluating in sample:
[GEN_74|make_tuple(9, 29, 201, 311)|0.7718]
Evaluating out-of-sample:
[GEN_74|make_tuple(9, 29, 201, 311)|0.9003]
Stopped early in iteration 74, no improvement in 20 gens.
START_TASK: 12
GEN_0_FIT_0.6418502257016037_0.696604258420753_0.7600175782393211_SIZE_1_3.55_13
GEN_1_FIT_0.7235067515159681_0.7475245657965645_0.7602699008446859_SIZE_1_1.6_7
GEN_2_FIT_0.7598699353346936_0.760952634870208_0.7667049526975406_SIZE_1_1.2_3
GEN_3_FIT_0.7645217331501619_0.7666825111518077_0.77061487837572_SIZE_1_1.1_2
GEN_4_FIT_0.767429694273645_0.7691590481682175_0.7710718833104919_SIZE_1_1.45_3
GEN_5_FIT_0.7697164147833662_0.770427003081743_0.7711574685014237_SIZE_1_1.2_3
GEN_6_FIT_0.7706403021591443_0.7709456766131717_0.7711574685014237_SIZE_1_1.05_2
GEN_7_FIT_0.7710718833104919_0.7711258903935965_0.7711574685014237_SIZE_1_1.05_2
GEN_8_FIT_0.7711574685014237_0.7711629348245713_0.7712667949643783_SIZE_1_1.0_1
GEN_9_FIT_0.7711574685014237_0.7711684011477191_0.7712667949643783_SIZE_1_1.05_2
GEN_10_FIT_0.7711574685014237_0.7712069280865046_0.7714908485387282_SIZE_1_1.2_2
GEN_11_FIT_0.7712197896885769_0.771306905151668_0.7714908485387282_SIZE_1_1.3_2
GEN_12_FIT_0.7714195194053735_0.7714952825602646_0.7715573731950249_SIZE_1_1.1_2
GEN_13_FIT_0.7714908485387282_0.771521504350777_0.7715573731950249_SIZE_1_1.05_2
GEN_14_FIT_0.7715365263277589_0.7715606481347996_0.7716397835237396_SIZE_1_1.15_2
GEN_15_FIT_0.7715573731950249_0.7715982907632819_0.7717298390357789_SIZE_1_1.25_2
GEN_16_FIT_0.7715821553963361_0.7716525555314171_0.7717803974149325_SIZE_1_1.4_2
GEN_17_FIT_0.7716643764658886_0.7717213813513853_0.7717803974149325_SIZE_1_1.15_2
GEN_18_FIT_0.7717298390357789_0.7717566615383195_0.7718436221344547_SIZE_1_1.0_1
GEN_19_FIT_0.7717803974149325_0.7718007776449425_0.7719351031370412_SIZE_1_1.0_1
GEN_20_FIT_0.7718436221344547_0.7718515511348804_0.7719351031370412_SIZE_1_1.0_1
Evaluating in sample:
[GEN_20|make_tuple(9, 26, 189, 312)|0.7719]
Evaluating out-of-sample:
[GEN_20|make_tuple(9, 26, 189, 312)|0.8479]
GEN_21_FIT_0.7718436221344547_0.7718908433224366_0.7720796866453788_SIZE_1_1.0_1
GEN_22_FIT_0.7719306710780769_0.7720311199258811_0.7721022553433947_SIZE_1_1.0_1
GEN_23_FIT_0.7720582125312628_0.7720964122414883_0.772244206146723_SIZE_1_1.05_2
GEN_24_FIT_0.7720796866453788_0.7721575330599113_0.772244206146723_SIZE_1_1.2_2
GEN_25_FIT_0.7721090870599501_0.7722374501923844_0.772244206146723_SIZE_1_1.25_2
GEN_26_FIT_0.772244206146723_0.7722442061467231_0.772244206146723_SIZE_1_1.0_1
GEN_27_FIT_0.772244206146723_0.7722442061467231_0.772244206146723_SIZE_1_1.0_1
GEN_28_FIT_0.772244206146723_0.7722442061467231_0.772244206146723_SIZE_1_1.0_1
GEN_29_FIT_0.772244206146723_0.7722442061467231_0.772244206146723_SIZE_1_1.0_1
GEN_30_FIT_0.772244206146723_0.7722442061467231_0.772244206146723_SIZE_1_1.0_1
GEN_31_FIT_0.772244206146723_0.7722442061467231_0.772244206146723_SIZE_1_1.0_1
GEN_32_FIT_0.772244206146723_0.7722442061467231_0.772244206146723_SIZE_1_1.0_1
GEN_33_FIT_0.772244206146723_0.7722442061467231_0.772244206146723_SIZE_1_1.0_1
GEN_34_FIT_0.772244206146723_0.7722442061467231_0.772244206146723_SIZE_1_1.0_1
GEN_35_FIT_0.772244206146723_0.7722442061467231_0.772244206146723_SIZE_1_1.0_1
GEN_36_FIT_0.772244206146723_0.7722442061467231_0.772244206146723_SIZE_1_1.0_1
GEN_37_FIT_0.772244206146723_0.7722442061467231_0.772244206146723_SIZE_1_1.0_1
GEN_38_FIT_0.772244206146723_0.7722442061467231_0.772244206146723_SIZE_1_1.0_1
GEN_39_FIT_0.772244206146723_0.7722442061467231_0.772244206146723_SIZE_1_1.0_1
GEN_40_FIT_0.772244206146723_0.7722451830220805_0.7722637436538705_SIZE_1_1.0_1
Evaluating in sample:
[GEN_40|make_tuple(9, 29, 201, 311)|0.7723]
Evaluating out-of-sample:
[GEN_40|make_tuple(9, 29, 201, 311)|0.8479]
GEN_41_FIT_0.772244206146723_0.7722461598974378_0.7722637436538705_SIZE_1_1.0_1
GEN_42_FIT_0.772244206146723_0.7722500673988673_0.7722637436538705_SIZE_1_1.0_1
GEN_43_FIT_0.772244206146723_0.7722588592770837_0.7722637436538705_SIZE_1_1.0_1
GEN_44_FIT_0.7722637436538705_0.7722637436538704_0.7722637436538705_SIZE_1_1.0_1
GEN_45_FIT_0.7722637436538705_0.7722637436538704_0.7722637436538705_SIZE_1_1.0_1
GEN_46_FIT_0.7722637436538705_0.7722637436538704_0.7722637436538705_SIZE_1_1.0_1
GEN_47_FIT_0.7722637436538705_0.7722637436538704_0.7722637436538705_SIZE_1_1.0_1
GEN_48_FIT_0.7722637436538705_0.7722637436538704_0.7722637436538705_SIZE_1_1.0_1
GEN_49_FIT_0.7722637436538705_0.7722637436538704_0.7722637436538705_SIZE_1_1.0_1
GEN_50_FIT_0.7722637436538705_0.7722637436538704_0.7722637436538705_SIZE_1_1.0_1
GEN_51_FIT_0.7722637436538705_0.7722637436538704_0.7722637436538705_SIZE_1_1.0_1
GEN_52_FIT_0.7722637436538705_0.7722637436538704_0.7722637436538705_SIZE_1_1.0_1
GEN_53_FIT_0.7722637436538705_0.7722637436538704_0.7722637436538705_SIZE_1_1.0_1
GEN_54_FIT_0.7722637436538705_0.7722637436538704_0.7722637436538705_SIZE_1_1.0_1
GEN_55_FIT_0.7722637436538705_0.7722637436538704_0.7722637436538705_SIZE_1_1.0_1
GEN_56_FIT_0.7722637436538705_0.7722637436538704_0.7722637436538705_SIZE_1_1.0_1
GEN_57_FIT_0.7722637436538705_0.7722637436538704_0.7722637436538705_SIZE_1_1.0_1
GEN_58_FIT_0.7722637436538705_0.7722637436538704_0.7722637436538705_SIZE_1_1.0_1
GEN_59_FIT_0.7722637436538705_0.7722637436538704_0.7722637436538705_SIZE_1_1.0_1
GEN_60_FIT_0.7722637436538705_0.7722637436538704_0.7722637436538705_SIZE_1_1.0_1
Evaluating in sample:
[GEN_60|make_tuple(9, 29, 201, 311)|0.7723]
Evaluating out-of-sample:
[GEN_60|make_tuple(9, 29, 201, 311)|0.8479]
GEN_61_FIT_0.7722637436538705_0.7722637436538704_0.7722637436538705_SIZE_1_1.0_1
Evaluating in sample:
[GEN_61|make_tuple(9, 29, 201, 311)|0.7723]
Evaluating out-of-sample:
[GEN_61|make_tuple(9, 29, 201, 311)|0.8479]
Stopped early in iteration 61, no improvement in 20 gens.
START_TASK: 14
GEN_0_FIT_0.6644546770531632_0.7081326956229764_0.750838915781217_SIZE_1_2.65_9
GEN_1_FIT_0.7359052408303818_0.7455630533355577_0.7598919612125418_SIZE_1_2.2_6
GEN_2_FIT_0.750838915781217_0.7586397466059204_0.7695933943329508_SIZE_1_1.65_4
GEN_3_FIT_0.7601133058610652_0.7669410973477067_0.7704472745457225_SIZE_1_1.55_3
GEN_4_FIT_0.7690363742240516_0.7700630548685374_0.7705172307166803_SIZE_1_1.7_3
GEN_5_FIT_0.769927741632306_0.7703776800607947_0.7713555644545222_SIZE_1_1.8_3
GEN_6_FIT_0.7702508054731475_0.7709063242069875_0.7714794548666293_SIZE_1_1.45_3
GEN_7_FIT_0.7713074822149375_0.7713926445007708_0.7714794548666293_SIZE_1_1.4_3
GEN_8_FIT_0.7713936896423901_0.7714830080155008_0.7716219488488109_SIZE_1_1.6_3
GEN_9_FIT_0.7714989662894652_0.7715388474458464_0.7716824190985818_SIZE_1_1.2_2
GEN_10_FIT_0.771520627816561_0.7716528056206771_0.7718182388323438_SIZE_1_1.25_2
GEN_11_FIT_0.7717428853385104_0.7718119025040358_0.771892949506306_SIZE_1_1.15_2
GEN_12_FIT_0.7718182388323438_0.7718387906929616_0.7719037255801738_SIZE_1_1.15_2
GEN_13_FIT_0.7718532300993189_0.7718937147285347_0.7719037255801738_SIZE_1_1.2_2
GEN_14_FIT_0.771892949506306_0.771901145909929_0.7719037255801738_SIZE_1_1.35_2
GEN_15_FIT_0.7719037255801738_0.7719140067149034_0.7719850631696702_SIZE_1_1.05_2
GEN_16_FIT_0.7719037255801738_0.7719392492504813_0.7719850631696702_SIZE_1_1.1_2
GEN_17_FIT_0.77197200199916_0.7719785325844151_0.7719850631696702_SIZE_1_1.0_1
GEN_18_FIT_0.7719850631696702_0.7719850631696701_0.7719850631696702_SIZE_1_1.0_1
GEN_19_FIT_0.7719850631696702_0.7719850631696701_0.7719850631696702_SIZE_1_1.0_1
GEN_20_FIT_0.7719850631696702_0.7719850631696701_0.7719850631696702_SIZE_1_1.0_1
Evaluating in sample:
[GEN_20|make_tuple(9, 89, 199, 308)|0.7720]
Evaluating out-of-sample:
[GEN_20|make_tuple(9, 89, 199, 308)|0.8214]
GEN_21_FIT_0.7719850631696702_0.7719855208355739_0.771989639828709_SIZE_1_1.1_2
GEN_22_FIT_0.7719850631696702_0.7719855208355739_0.771989639828709_SIZE_1_1.1_2
GEN_23_FIT_0.7719850631696702_0.7720046096220363_0.7723668388989193_SIZE_1_1.1_2
GEN_24_FIT_0.7719850631696702_0.7720578374893995_0.7723668388989193_SIZE_1_1.1_2
GEN_25_FIT_0.7719850631696702_0.7721937312413281_0.7723816052354807_SIZE_1_1.15_2
GEN_26_FIT_0.7723668388989193_0.7723690538494037_0.7723816052354807_SIZE_1_1.0_1
GEN_27_FIT_0.7723668388989193_0.7723720071167159_0.7723816052354807_SIZE_1_1.1_2
GEN_28_FIT_0.7723668388989193_0.7723798260042557_0.7723903196206627_SIZE_1_1.15_2
GEN_29_FIT_0.7723816052354807_0.7723839640103319_0.7723903196206627_SIZE_1_1.25_2
GEN_30_FIT_0.7723816052354807_0.7723880656622196_0.7723903196206627_SIZE_1_1.7_2
GEN_31_FIT_0.7723816052354807_0.7723853014256739_0.7723949226650525_SIZE_1_1.25_3
GEN_32_FIT_0.7723816052354807_0.7723901794378328_0.7723949226650525_SIZE_1_1.55_3
GEN_33_FIT_0.772389320147388_0.7723901915859063_0.7723980345325699_SIZE_1_1.1_2
GEN_34_FIT_0.772389320147388_0.7723901915859063_0.7723980345325699_SIZE_1_1.1_2
GEN_35_FIT_0.772389320147388_0.7723901915859063_0.7723980345325699_SIZE_1_1.1_2
GEN_36_FIT_0.772389320147388_0.7723921381190731_0.7723980345325699_SIZE_1_1.3_2
GEN_37_FIT_0.772393393269997_0.7723975704063125_0.7723980345325699_SIZE_1_1.9_2
GEN_38_FIT_0.772389320147388_0.7723924886173376_0.7724021076551789_SIZE_1_1.2_2
GEN_39_FIT_0.772389320147388_0.7723949893048994_0.7724021076551789_SIZE_1_1.3_2
GEN_40_FIT_0.772393393269997_0.7723942647085152_0.7724021076551789_SIZE_1_1.1_2
Evaluating in sample:
[GEN_40|make_tuple(9, 29, 201, 310)|0.7724]
[GEN_40|make_tuple(9, add(0.003712620352946916, 29), 201, 310)|0.7724]
Evaluating out-of-sample:
[GEN_40|make_tuple(9, 29, 201, 310)|0.8324]
[GEN_40|make_tuple(9, add(0.003712620352946916, 29), 201, 310)|0.8288]
GEN_41_FIT_0.772393393269997_0.7723942647085152_0.7724021076551789_SIZE_1_1.1_2
GEN_42_FIT_0.772393393269997_0.7723954291300357_0.7724021076551789_SIZE_1_1.2_2
GEN_43_FIT_0.772393393269997_0.7723997863226268_0.7724021076551789_SIZE_1_1.7_2
GEN_44_FIT_0.7723992529300447_0.7724018221826654_0.7724021076551789_SIZE_1_1.9_2
GEN_45_FIT_0.7723992529300447_0.7724018221826654_0.7724021076551789_SIZE_1_1.9_2
GEN_46_FIT_0.7723992529300447_0.7724018221826654_0.7724021076551789_SIZE_1_1.9_2
GEN_47_FIT_0.772393393269997_0.7723992303985778_0.7724079673152268_SIZE_1_1.3_2
GEN_48_FIT_0.7723992529300447_0.772400124368563_0.7724079673152268_SIZE_1_1.1_2
GEN_49_FIT_0.7723992529300447_0.772400124368563_0.7724079673152268_SIZE_1_1.1_2
GEN_50_FIT_0.7723992529300447_0.772400124368563_0.7724079673152268_SIZE_1_1.1_2
GEN_51_FIT_0.7723992529300447_0.772400124368563_0.7724079673152268_SIZE_1_1.1_2
GEN_52_FIT_0.7723992529300447_0.772400124368563_0.7724079673152268_SIZE_1_1.1_2
GEN_53_FIT_0.7723992529300447_0.772400124368563_0.7724079673152268_SIZE_1_1.1_2
GEN_54_FIT_0.7723992529300447_0.772400124368563_0.7724079673152268_SIZE_1_1.1_2
GEN_55_FIT_0.7723992529300447_0.772400124368563_0.7724079673152268_SIZE_1_1.1_2
GEN_56_FIT_0.7723992529300447_0.772400124368563_0.7724079673152268_SIZE_1_1.1_2
GEN_57_FIT_0.7723992529300447_0.772400124368563_0.7724079673152268_SIZE_1_1.1_2
GEN_58_FIT_0.7723992529300447_0.772400124368563_0.7724079673152268_SIZE_1_1.1_2
GEN_59_FIT_0.7723992529300447_0.772400124368563_0.7724079673152268_SIZE_1_1.1_2
GEN_60_FIT_0.7723992529300447_0.772400124368563_0.7724079673152268_SIZE_1_1.1_2
Evaluating in sample:
[GEN_60|make_tuple(9, 29, 201, 311)|0.7724]
[GEN_60|make_tuple(9, add(0.003712620352946916, 29), 201, 311)|0.7724]
Evaluating out-of-sample:
[GEN_60|make_tuple(9, 29, 201, 311)|0.8324]
[GEN_60|make_tuple(9, add(0.003712620352946916, 29), 201, 311)|0.8288]
GEN_61_FIT_0.7723992529300447_0.772400124368563_0.7724079673152268_SIZE_1_1.1_2
GEN_62_FIT_0.7723992529300447_0.772400124368563_0.7724079673152268_SIZE_1_1.1_2
GEN_63_FIT_0.7723992529300447_0.772400124368563_0.7724079673152268_SIZE_1_1.1_2
GEN_64_FIT_0.7723992529300447_0.772400124368563_0.7724079673152268_SIZE_1_1.1_2
GEN_65_FIT_0.7723992529300447_0.772400124368563_0.7724079673152268_SIZE_1_1.1_2
GEN_66_FIT_0.7723992529300447_0.772400124368563_0.7724079673152268_SIZE_1_1.1_2
GEN_67_FIT_0.7723992529300447_0.772400124368563_0.7724079673152268_SIZE_1_1.1_2
GEN_68_FIT_0.7723992529300447_0.772400124368563_0.7724079673152268_SIZE_1_1.1_2
Evaluating in sample:
[GEN_68|make_tuple(9, 29, 201, 311)|0.7724]
[GEN_68|make_tuple(9, add(0.003712620352946916, 29), 201, 311)|0.7724]
Evaluating out-of-sample:
[GEN_68|make_tuple(9, 29, 201, 311)|0.8324]
[GEN_68|make_tuple(9, add(0.003712620352946916, 29), 201, 311)|0.8288]
Stopped early in iteration 68, no improvement in 20 gens.
START_TASK: 15
GEN_0_FIT_0.6499051580833487_0.6837589240364808_0.7138348602861649_SIZE_1_4.75_14
GEN_1_FIT_0.7033125125491885_0.7160461672002728_0.7539027381062275_SIZE_1_3.35_10
GEN_2_FIT_0.7329601668209235_0.7436281428490498_0.7571064664106376_SIZE_1_3.4_9
GEN_3_FIT_0.7398889501332492_0.7522864044846711_0.759618831206188_SIZE_1_3.2_7
GEN_4_FIT_0.7522713671258415_0.7571408473399666_0.759618831206188_SIZE_1_3.85_7
GEN_5_FIT_0.7538460805891755_0.7577655228163928_0.7599995798371668_SIZE_1_3.4_8
GEN_6_FIT_0.7563424016827062_0.7587818935609308_0.7605099048659958_SIZE_1_3.0_7
GEN_7_FIT_0.7564635759340096_0.7593544291748064_0.764317562783042_SIZE_1_2.3_4
GEN_8_FIT_0.7578183206428447_0.7605371665045164_0.7645505674966931_SIZE_1_2.35_4
GEN_9_FIT_0.7587660325570438_0.7630288263243302_0.7709606357307134_SIZE_1_2.15_4
GEN_10_FIT_0.7599346902380721_0.7668360913540827_0.7711151870039517_SIZE_1_1.9_4
GEN_11_FIT_0.7709459302261902_0.7711965187889543_0.7716747870298013_SIZE_1_1.65_4
GEN_12_FIT_0.7711151870039517_0.7717175947012966_0.7721308908460756_SIZE_1_1.75_4
GEN_13_FIT_0.7718027996366416_0.7720461697157203_0.7721308908460756_SIZE_1_2.05_4
GEN_14_FIT_0.7721168424809026_0.7722953440759989_0.7725040795360789_SIZE_1_1.8_4
GEN_15_FIT_0.7724299642543568_0.7724959898958903_0.7725357682386655_SIZE_1_1.35_4
GEN_16_FIT_0.7725040795360789_0.7725209178127759_0.7725452163493484_SIZE_1_1.0_1
GEN_17_FIT_0.7725207111419002_0.7725364326004296_0.7725452163493484_SIZE_1_1.05_2
GEN_18_FIT_0.7725357682386655_0.7725394112116301_0.7725452163493484_SIZE_1_1.0_1
GEN_19_FIT_0.7725452163493484_0.7725452163493484_0.7725452163493484_SIZE_1_1.0_1
GEN_20_FIT_0.7725452163493484_0.7725452163493484_0.7725452163493484_SIZE_1_1.0_1
Evaluating in sample:
[GEN_20|make_tuple(9, 76, 194, 310)|0.7725]
Evaluating out-of-sample:
[GEN_20|make_tuple(9, 76, 194, 310)|0.7498]
GEN_21_FIT_0.7725452163493484_0.772549000425046_0.7726123920992827_SIZE_1_1.0_1
GEN_22_FIT_0.7725452163493484_0.7725501554159375_0.7726123920992827_SIZE_1_1.05_2
GEN_23_FIT_0.7725452163493484_0.772556612094552_0.7726123920992827_SIZE_1_1.05_2
GEN_24_FIT_0.7725537221133668_0.7725924786033254_0.7727421520533798_SIZE_1_1.0_1
GEN_25_FIT_0.7726123920992827_0.7726403123787224_0.7727975307032958_SIZE_1_1.0_1
GEN_26_FIT_0.7726123920992827_0.772672929091702_0.7727975307032958_SIZE_1_1.0_1
GEN_27_FIT_0.7727033429841087_0.7727478242159043_0.7727975307032958_SIZE_1_1.2_2
GEN_28_FIT_0.7727794334709048_0.7728004531221897_0.7729102707783478_SIZE_1_1.25_2
GEN_29_FIT_0.7727975307032958_0.7728200787183062_0.7729102707783478_SIZE_1_1.1_2
GEN_30_FIT_0.7727975307032958_0.772848263737069_0.7729102707783478_SIZE_1_1.1_2
GEN_31_FIT_0.7727999790244476_0.772904756190653_0.7729102707783478_SIZE_1_1.15_2
GEN_32_FIT_0.7729102707783478_0.772910270778348_0.7729102707783478_SIZE_1_1.0_1
GEN_33_FIT_0.7729102707783478_0.772910270778348_0.7729102707783478_SIZE_1_1.0_1
GEN_34_FIT_0.7729102707783478_0.772910270778348_0.7729102707783478_SIZE_1_1.0_1
GEN_35_FIT_0.7729102707783478_0.772910270778348_0.7729102707783478_SIZE_1_1.0_1
GEN_36_FIT_0.7729102707783478_0.7729105637613504_0.7729161304383957_SIZE_1_1.0_1
GEN_37_FIT_0.7729102707783478_0.7729120286763623_0.7729161304383957_SIZE_1_1.0_1
GEN_38_FIT_0.7729102707783478_0.7729132006083719_0.7729161304383957_SIZE_1_1.05_2
GEN_39_FIT_0.7729161304383957_0.7729161304383958_0.7729161304383957_SIZE_1_1.0_1
GEN_40_FIT_0.7729161304383957_0.7729161304383958_0.7729161304383957_SIZE_1_1.0_1
Evaluating in sample:
[GEN_40|make_tuple(9, 29, 201, 311)|0.7729]
Evaluating out-of-sample:
[GEN_40|make_tuple(9, 29, 201, 311)|0.7729]
GEN_41_FIT_0.7729161304383957_0.7729161304383958_0.7729161304383957_SIZE_1_1.0_1
GEN_42_FIT_0.7729161304383957_0.7729161304383958_0.7729161304383957_SIZE_1_1.0_1
GEN_43_FIT_0.7729161304383957_0.7729161304383958_0.7729161304383957_SIZE_1_1.0_1
GEN_44_FIT_0.7729161304383957_0.7729161304383958_0.7729161304383957_SIZE_1_1.0_1
GEN_45_FIT_0.7729161304383957_0.7729161304383958_0.7729161304383957_SIZE_1_1.0_1
GEN_46_FIT_0.7729161304383957_0.7729161304383958_0.7729161304383957_SIZE_1_1.0_1
GEN_47_FIT_0.7729161304383957_0.7729161304383958_0.7729161304383957_SIZE_1_1.0_1
GEN_48_FIT_0.7729161304383957_0.7729161304383958_0.7729161304383957_SIZE_1_1.0_1
GEN_49_FIT_0.7729161304383957_0.7729161304383958_0.7729161304383957_SIZE_1_1.0_1
GEN_50_FIT_0.7729161304383957_0.7729161304383958_0.7729161304383957_SIZE_1_1.0_1
GEN_51_FIT_0.7729161304383957_0.7729161304383958_0.7729161304383957_SIZE_1_1.0_1
GEN_52_FIT_0.7729161304383957_0.7729161304383958_0.7729161304383957_SIZE_1_1.0_1
GEN_53_FIT_0.7729161304383957_0.772916263172913_0.7729187851287401_SIZE_1_1.0_1
GEN_54_FIT_0.7729161304383957_0.7729165286419475_0.7729187851287401_SIZE_1_1.0_1
GEN_55_FIT_0.7729161304383957_0.7729177232526026_0.7729187851287401_SIZE_1_1.1_2
GEN_56_FIT_0.7729187851287401_0.77291878512874_0.7729187851287401_SIZE_1_1.0_1
GEN_57_FIT_0.7729187851287401_0.77291878512874_0.7729187851287401_SIZE_1_1.0_1
GEN_58_FIT_0.7729187851287401_0.77291878512874_0.7729187851287401_SIZE_1_1.0_1
GEN_59_FIT_0.7729187851287401_0.77291878512874_0.7729187851287401_SIZE_1_1.0_1
GEN_60_FIT_0.7729187851287401_0.77291878512874_0.7729187851287401_SIZE_1_1.0_1
Evaluating in sample:
[GEN_60|make_tuple(9, 29, 199, 311)|0.7729]
Evaluating out-of-sample:
[GEN_60|make_tuple(9, 29, 199, 311)|0.7717]
GEN_61_FIT_0.7729187851287401_0.77291878512874_0.7729187851287401_SIZE_1_1.0_1
GEN_62_FIT_0.7729187851287401_0.77291878512874_0.7729187851287401_SIZE_1_1.0_1
GEN_63_FIT_0.7729187851287401_0.77291878512874_0.7729187851287401_SIZE_1_1.0_1
GEN_64_FIT_0.7729187851287401_0.77291878512874_0.7729187851287401_SIZE_1_1.0_1
GEN_65_FIT_0.7729187851287401_0.77291878512874_0.7729187851287401_SIZE_1_1.0_1
GEN_66_FIT_0.7729187851287401_0.77291878512874_0.7729187851287401_SIZE_1_1.0_1
GEN_67_FIT_0.7729187851287401_0.77291878512874_0.7729187851287401_SIZE_1_1.0_1
GEN_68_FIT_0.7729187851287401_0.77291878512874_0.7729187851287401_SIZE_1_1.0_1
GEN_69_FIT_0.7729187851287401_0.77291878512874_0.7729187851287401_SIZE_1_1.0_1
GEN_70_FIT_0.7729187851287401_0.77291878512874_0.7729187851287401_SIZE_1_1.0_1
GEN_71_FIT_0.7729187851287401_0.77291878512874_0.7729187851287401_SIZE_1_1.0_1
GEN_72_FIT_0.7729187851287401_0.77291878512874_0.7729187851287401_SIZE_1_1.0_1
GEN_73_FIT_0.7729187851287401_0.77291878512874_0.7729187851287401_SIZE_1_1.0_1
GEN_74_FIT_0.7729187851287401_0.77291878512874_0.7729187851287401_SIZE_1_1.0_1
Evaluating in sample:
[GEN_74|make_tuple(9, 29, 199, 311)|0.7729]
Evaluating out-of-sample:
[GEN_74|make_tuple(9, 29, 199, 311)|0.7717]
Stopped early in iteration 74, no improvement in 20 gens.
START_TASK: 16
GEN_0_FIT_0.6601941725078287_0.7091008790822999_0.7382035486508277_SIZE_1_2.65_17
GEN_1_FIT_0.7265626872872212_0.7405262679995116_0.762339271207785_SIZE_1_8.3_17
GEN_2_FIT_0.7391102732324155_0.7581436967816009_0.7652033577708827_SIZE_1_3.9_13
GEN_3_FIT_0.7572401628274966_0.7619488617013115_0.769298640176237_SIZE_1_2.55_9
GEN_4_FIT_0.7594355533263847_0.7625108452649816_0.7703271503762393_SIZE_1_1.6_4
GEN_5_FIT_0.7597013053940667_0.7673573394278674_0.7705655085179931_SIZE_1_2.5_5
GEN_6_FIT_0.7598200464900419_0.7657735595186493_0.7712589421803968_SIZE_1_1.8_4
GEN_7_FIT_0.7598216821081608_0.7609915395499263_0.7715678303935737_SIZE_1_1.1_2
GEN_8_FIT_0.7598216821081608_0.7637579806893535_0.7717839550072656_SIZE_1_1.4_3
GEN_9_FIT_0.7598432271257829_0.7664113627344327_0.7719454437022764_SIZE_1_1.65_3
GEN_10_FIT_0.7602248522191074_0.7693764953675248_0.7719454437022764_SIZE_1_1.85_3
GEN_11_FIT_0.7602302475846746_0.7666579804374288_0.7720031540152192_SIZE_1_1.65_3
GEN_12_FIT_0.7605166371050867_0.7708283516951209_0.7722653223230563_SIZE_1_2.0_3
GEN_13_FIT_0.7604134551890422_0.7685728969458898_0.7722762001692257_SIZE_1_1.9_3
GEN_14_FIT_0.7604134551890422_0.7640252158870592_0.7722762001692257_SIZE_1_1.45_3
GEN_15_FIT_0.7605337488778102_0.7646432878212824_0.7722762001692257_SIZE_1_1.55_3
GEN_16_FIT_0.7605364466043854_0.769345537065564_0.7722762001692257_SIZE_1_2.25_3
GEN_17_FIT_0.7605364466043854_0.7681850501361122_0.7724040932378539_SIZE_1_1.75_3
GEN_18_FIT_0.7606007839976971_0.7705463907888322_0.7724040932378539_SIZE_1_1.9_3
GEN_19_FIT_0.7606007839976971_0.768828211172781_0.7724040932378539_SIZE_1_1.95_3
GEN_20_FIT_0.7606007839976971_0.7659118600272645_0.7724040932378539_SIZE_1_1.6_3
Evaluating in sample:
[GEN_20|make_tuple(7, 30, 199, 321)|0.7606]
[GEN_20|make_tuple(mul(18, 0.4787891564345947), 29, 199, 311)|0.7724]
Evaluating out-of-sample:
[GEN_20|make_tuple(7, 30, 199, 321)|0.8189]
[GEN_20|make_tuple(mul(18, 0.4787891564345947), 29, 199, 311)|0.8309]
GEN_21_FIT_0.7606555068045637_0.7706152150665677_0.7724118081497612_SIZE_1_1.95_3
GEN_22_FIT_0.7712714070810291_0.7722914287681851_0.7724118081497612_SIZE_1_1.8_2
GEN_23_FIT_0.7721913535350626_0.7723976994542635_0.7724118081497612_SIZE_1_1.85_3
GEN_24_FIT_0.7724040932378539_0.7724110366585704_0.7724118081497612_SIZE_1_1.8_2
GEN_25_FIT_0.7724040932378539_0.7724110366585704_0.7724118081497612_SIZE_1_1.65_2
GEN_26_FIT_0.7724040932378539_0.7724110366585704_0.7724118081497612_SIZE_1_1.3_2
GEN_27_FIT_0.7724118081497612_0.7724118081497611_0.7724118081497612_SIZE_1_1.0_1
GEN_28_FIT_0.7724118081497612_0.7724118081497611_0.7724118081497612_SIZE_1_1.0_1
GEN_29_FIT_0.7724118081497612_0.7724118081497611_0.7724118081497612_SIZE_1_1.0_1
GEN_30_FIT_0.7724118081497612_0.7724118081497611_0.7724118081497612_SIZE_1_1.0_1
GEN_31_FIT_0.7724118081497612_0.7724118081497611_0.7724118081497612_SIZE_1_1.0_1
GEN_32_FIT_0.7724118081497612_0.7724118081497611_0.7724118081497612_SIZE_1_1.0_1
GEN_33_FIT_0.7724118081497612_0.7724118081497611_0.7724118081497612_SIZE_1_1.0_1
GEN_34_FIT_0.7724118081497612_0.7724118081497611_0.7724118081497612_SIZE_1_1.0_1
GEN_35_FIT_0.7724118081497612_0.7724118081497611_0.7724118081497612_SIZE_1_1.0_1
GEN_36_FIT_0.7724118081497612_0.7724118081497611_0.7724118081497612_SIZE_1_1.0_1
GEN_37_FIT_0.7724118081497612_0.7724118081497611_0.7724118081497612_SIZE_1_1.0_1
GEN_38_FIT_0.7724118081497612_0.7724118081497611_0.7724118081497612_SIZE_1_1.0_1
GEN_39_FIT_0.7724118081497612_0.7724118081497611_0.7724118081497612_SIZE_1_1.0_1
GEN_40_FIT_0.7724118081497612_0.7724118081497611_0.7724118081497612_SIZE_1_1.0_1
Evaluating in sample:
[GEN_40|make_tuple(9, 29, 201, 311)|0.7724]
Evaluating out-of-sample:
[GEN_40|make_tuple(9, 29, 201, 311)|0.8309]
GEN_41_FIT_0.7724118081497612_0.7724118081497611_0.7724118081497612_SIZE_1_1.0_1
GEN_42_FIT_0.7724118081497612_0.7724118081497611_0.7724118081497612_SIZE_1_1.0_1
GEN_43_FIT_0.7724118081497612_0.7724118081497611_0.7724118081497612_SIZE_1_1.0_1
GEN_44_FIT_0.7724118081497612_0.7724118081497611_0.7724118081497612_SIZE_1_1.0_1
GEN_45_FIT_0.7724118081497612_0.7724118081497611_0.7724118081497612_SIZE_1_1.0_1
Evaluating in sample:
[GEN_45|make_tuple(9, 29, 201, 311)|0.7724]
Evaluating out-of-sample:
[GEN_45|make_tuple(9, 29, 201, 311)|0.8309]
Stopped early in iteration 45, no improvement in 20 gens.
START_TASK: 18
GEN_0_FIT_0.6708501356895589_0.7119630290271891_0.755636930551703_SIZE_1_3.05_14
GEN_1_FIT_0.7264776532945533_0.7354091565056444_0.755636930551703_SIZE_1_1.8_12
GEN_2_FIT_0.7464394562896148_0.75530103829183_0.7724682361664876_SIZE_1_1.2_2
GEN_3_FIT_0.766964615306678_0.771425593524275_0.7734464192637688_SIZE_1_1.1_2
GEN_4_FIT_0.7724682361664876_0.7727070416449268_0.7734464192637688_SIZE_1_1.05_2
GEN_5_FIT_0.773171500352529_0.7734513855958381_0.77393672489432_SIZE_1_1.25_2
GEN_6_FIT_0.7734464192637688_0.773634209755904_0.7740639735533855_SIZE_1_1.3_2
GEN_7_FIT_0.7736705084382907_0.7739899378608728_0.7742438122349973_SIZE_1_1.65_3
GEN_8_FIT_0.7740560109649124_0.7741740416907279_0.7745043790756947_SIZE_1_1.6_3
GEN_9_FIT_0.7741991143229696_0.7743192976511504_0.774574831299568_SIZE_1_1.45_2
GEN_10_FIT_0.7743225772157774_0.7745714573641245_0.7750747578148633_SIZE_1_1.15_2
GEN_11_FIT_0.774718195248155_0.7749230088594231_0.775245702347445_SIZE_1_1.15_2
GEN_12_FIT_0.7748481269567169_0.7750833315717449_0.775245702347445_SIZE_1_1.3_2
GEN_13_FIT_0.7752285555676685_0.775248315783478_0.7754176785958584_SIZE_1_1.0_1
GEN_14_FIT_0.775245702347445_0.7752856238792749_0.7754491483489252_SIZE_1_1.0_1
GEN_15_FIT_0.7752474956393226_0.775354210407672_0.7754491483489252_SIZE_1_1.05_2
GEN_16_FIT_0.7754176785958584_0.7754415569089546_0.7755664546569239_SIZE_1_1.05_2
GEN_17_FIT_0.7754491483489252_0.7754845724889539_0.7755802260227181_SIZE_1_1.0_1
GEN_18_FIT_0.7754880717178584_0.7755314125222782_0.7756463968559458_SIZE_1_1.05_2
GEN_19_FIT_0.7755664546569239_0.7755884383779453_0.7756463968559458_SIZE_1_1.1_2
GEN_20_FIT_0.7755848514719131_0.7756121548921506_0.7756521154710576_SIZE_1_1.25_2
Evaluating in sample:
[GEN_20|make_tuple(9, 26, 201, 362)|0.7757]
Evaluating out-of-sample:
[GEN_20|make_tuple(9, 26, 201, 362)|0.4514]
GEN_21_FIT_0.7756463968559458_0.7756562073367885_0.7756781453562362_SIZE_1_1.15_3
GEN_22_FIT_0.7756521154710576_0.775670896809894_0.7756944801212216_SIZE_1_1.2_4
GEN_23_FIT_0.7756724267411246_0.7756803096402285_0.7757001987363332_SIZE_1_1.5_4
GEN_24_FIT_0.7756781453562362_0.775680350694246_0.7757001987363332_SIZE_1_1.3_4
GEN_25_FIT_0.7756781453562362_0.775680350694246_0.7757001987363332_SIZE_1_1.3_4
GEN_26_FIT_0.7756781453562362_0.775680350694246_0.7757001987363332_SIZE_1_1.3_4
GEN_27_FIT_0.7756781453562362_0.775680350694246_0.7757001987363332_SIZE_1_1.3_4
GEN_28_FIT_0.7756781453562362_0.775680350694246_0.7757001987363332_SIZE_1_1.3_4
GEN_29_FIT_0.7756781453562362_0.7756792480252411_0.7757001987363332_SIZE_1_1.05_2
GEN_30_FIT_0.7756781453562362_0.775680350694246_0.7757001987363332_SIZE_1_1.1_2
GEN_31_FIT_0.7756781453562362_0.775680350694246_0.7757001987363332_SIZE_1_1.1_2
GEN_32_FIT_0.7756781453562362_0.775680350694246_0.7757001987363332_SIZE_1_1.1_2
GEN_33_FIT_0.7756781453562362_0.775680350694246_0.7757001987363332_SIZE_1_1.1_2
GEN_34_FIT_0.7756781453562362_0.775680350694246_0.7757001987363332_SIZE_1_1.1_2
GEN_35_FIT_0.7756781453562362_0.775680350694246_0.7757001987363332_SIZE_1_1.1_2
GEN_36_FIT_0.7756781453562362_0.775680350694246_0.7757001987363332_SIZE_1_1.1_2
GEN_37_FIT_0.7756781453562362_0.775680350694246_0.7757001987363332_SIZE_1_1.1_2
GEN_38_FIT_0.7756781453562362_0.775680350694246_0.7757001987363332_SIZE_1_1.1_2
GEN_39_FIT_0.7756781453562362_0.775680350694246_0.7757001987363332_SIZE_1_1.1_2
GEN_40_FIT_0.7756781453562362_0.775680350694246_0.7757001987363332_SIZE_1_1.1_2
Evaluating in sample:
[GEN_40|make_tuple(9, 26, 201, 364)|0.7757]
[GEN_40|make_tuple(9, 26, 201, add(364, 0.4243195504663916))|0.7757]
Evaluating out-of-sample:
[GEN_40|make_tuple(9, 26, 201, 364)|0.4507]
[GEN_40|make_tuple(9, 26, 201, add(364, 0.4243195504663916))|0.4507]
GEN_41_FIT_0.7756781453562362_0.775680350694246_0.7757001987363332_SIZE_1_1.1_2
GEN_42_FIT_0.7756781453562362_0.775680350694246_0.7757001987363332_SIZE_1_1.1_2
GEN_43_FIT_0.7756781453562362_0.775680350694246_0.7757001987363332_SIZE_1_1.1_2
GEN_44_FIT_0.7756781453562362_0.775680350694246_0.7757001987363332_SIZE_1_1.1_2
GEN_45_FIT_0.7756781453562362_0.775680350694246_0.7757001987363332_SIZE_1_1.1_2
GEN_46_FIT_0.7756781453562362_0.775680350694246_0.7757001987363332_SIZE_1_1.1_2
GEN_47_FIT_0.7756781453562362_0.775680350694246_0.7757001987363332_SIZE_1_1.1_2
GEN_48_FIT_0.7756781453562362_0.775680350694246_0.7757001987363332_SIZE_1_1.1_2
GEN_49_FIT_0.7756781453562362_0.775680350694246_0.7757001987363332_SIZE_1_1.1_2
GEN_50_FIT_0.7756781453562362_0.775680350694246_0.7757001987363332_SIZE_1_1.1_2
Evaluating in sample:
[GEN_50|make_tuple(9, 26, 201, 364)|0.7757]
[GEN_50|make_tuple(9, 26, 201, add(364, 0.4243195504663916))|0.7757]
Evaluating out-of-sample:
[GEN_50|make_tuple(9, 26, 201, 364)|0.4507]
[GEN_50|make_tuple(9, 26, 201, add(364, 0.4243195504663916))|0.4507]
Stopped early in iteration 50, no improvement in 20 gens.
START_TASK: 22
GEN_0_FIT_0.6494077925530876_0.7255049023946906_0.768172652449028_SIZE_1_1.95_9
GEN_1_FIT_0.7488281534949343_0.7614432397805455_0.7719969690904211_SIZE_1_2.2_10
GEN_2_FIT_0.7681611431494519_0.7703554775394139_0.7723163247926627_SIZE_1_2.3_7
GEN_3_FIT_0.7718614392888695_0.7720749109119531_0.7723761258749504_SIZE_1_1.6_4
GEN_4_FIT_0.7719969690904211_0.772139979985176_0.7723761258749504_SIZE_1_1.35_2
GEN_5_FIT_0.7720478864874334_0.7723373197603045_0.772500091018396_SIZE_1_1.8_3
GEN_6_FIT_0.7721172272776423_0.7723689833084908_0.7727172667340844_SIZE_1_1.6_3
GEN_7_FIT_0.7722655075733668_0.7724913625513159_0.7727172667340844_SIZE_1_1.85_3
GEN_8_FIT_0.7722759688309085_0.7726164154594267_0.7732474170202928_SIZE_1_1.8_3
GEN_9_FIT_0.7723141012774065_0.7726237651493617_0.7734354137626921_SIZE_1_1.3_2
GEN_10_FIT_0.7724018457940347_0.7730282945787094_0.7734354137626921_SIZE_1_1.4_2
GEN_11_FIT_0.7731676937422931_0.773275737070086_0.7734354137626921_SIZE_1_1.7_2
GEN_12_FIT_0.7732152733583972_0.7733659166804321_0.7735987716373528_SIZE_1_1.6_3
GEN_13_FIT_0.7733391398106165_0.7734432063990182_0.7735987716373528_SIZE_1_1.85_3
GEN_14_FIT_0.7733391398106165_0.7734819764356737_0.7735987716373528_SIZE_1_1.6_2
GEN_15_FIT_0.7733743930185499_0.773424076486606_0.7736486795514537_SIZE_1_1.15_2
GEN_16_FIT_0.7733777074408549_0.7734652959009434_0.7736486795514537_SIZE_1_1.3_2
GEN_17_FIT_0.7734613481078502_0.7734862172520891_0.7736486795514537_SIZE_1_1.1_2
GEN_18_FIT_0.7734685669312369_0.7734865781932586_0.7736486795514537_SIZE_1_1.1_2
GEN_19_FIT_0.7734685669312369_0.7734865781932586_0.7736486795514537_SIZE_1_1.1_2
GEN_20_FIT_0.7734685669312369_0.7734865781932586_0.7736486795514537_SIZE_1_1.1_2
Evaluating in sample:
[GEN_20|make_tuple(9, 26, 191, 309)|0.7735]
[GEN_20|make_tuple(9, add(4, 26), 191, 309)|0.7736]
Evaluating out-of-sample:
[GEN_20|make_tuple(9, 26, 191, 309)|0.6722]
[GEN_20|make_tuple(9, add(4, 26), 191, 309)|0.6652]
GEN_21_FIT_0.7734685669312369_0.773488177934402_0.7736486795514537_SIZE_1_1.1_2
GEN_22_FIT_0.7734685669312369_0.773511086922233_0.7736486795514537_SIZE_1_1.2_2
GEN_23_FIT_0.7735005617541059_0.7735842376480064_0.7736486795514537_SIZE_1_1.55_2
GEN_24_FIT_0.7736002526907282_0.7736462582084173_0.7736486795514537_SIZE_1_1.95_2
GEN_25_FIT_0.7736002526907282_0.7736450033990447_0.773672010224729_SIZE_1_1.95_3
GEN_26_FIT_0.7736002526907282_0.773638817627891_0.773672010224729_SIZE_1_1.9_3
GEN_27_FIT_0.7736002526907282_0.7736158590069009_0.773672010224729_SIZE_1_1.4_3
GEN_28_FIT_0.7736002526907282_0.7736505712402375_0.773672010224729_SIZE_1_2.3_3
GEN_29_FIT_0.7736486795514537_0.7736696771574014_0.773672010224729_SIZE_1_2.8_3
GEN_30_FIT_0.7736486795514537_0.7736696771574014_0.773672010224729_SIZE_1_2.8_3
GEN_31_FIT_0.7736486795514537_0.7736696771574014_0.773672010224729_SIZE_1_2.8_3
GEN_32_FIT_0.7736486795514537_0.7736696771574014_0.773672010224729_SIZE_1_2.8_3
GEN_33_FIT_0.7736486795514537_0.7736696771574014_0.773672010224729_SIZE_1_2.8_3
GEN_34_FIT_0.7734404972108063_0.7736522688383864_0.773672010224729_SIZE_1_2.25_3
GEN_35_FIT_0.7734404972108063_0.7736325274520439_0.773672010224729_SIZE_1_1.35_3
GEN_36_FIT_0.7736486795514537_0.773651012618781_0.773672010224729_SIZE_1_1.1_2
GEN_37_FIT_0.7736486795514537_0.7736524785586318_0.7736779983484688_SIZE_1_1.1_2
GEN_38_FIT_0.7736486795514537_0.7736696922793332_0.7736879032981775_SIZE_1_1.75_3
GEN_39_FIT_0.7736663917472185_0.7736839080046048_0.7737118599428574_SIZE_1_1.8_3
GEN_40_FIT_0.7736779983484688_0.7736887054080028_0.7737234665441077_SIZE_1_1.3_3
Evaluating in sample:
[GEN_40|make_tuple(9, 30, 201, 309)|0.7737]
Evaluating out-of-sample:
[GEN_40|make_tuple(9, 30, 201, 309)|0.6674]
GEN_41_FIT_0.7736880817780228_0.7737131025230582_0.7737234665441077_SIZE_1_1.25_3
GEN_42_FIT_0.7737234665441077_0.7737244832567413_0.7737413023997137_SIZE_1_1.1_3
GEN_43_FIT_0.7737234665441077_0.7737268719983794_0.7737413023997137_SIZE_1_1.3_3
GEN_44_FIT_0.7737234665441077_0.773733630471597_0.7737413023997137_SIZE_1_1.9_3
GEN_45_FIT_0.773725964941168_0.7737376593450047_0.7737455024483155_SIZE_1_1.95_3
GEN_46_FIT_0.7737355696656586_0.7737365629439245_0.7737455024483155_SIZE_1_1.1_2
GEN_47_FIT_0.7737355696656586_0.7737365629439245_0.7737455024483155_SIZE_1_1.1_2
GEN_48_FIT_0.7737355696656586_0.7737365629439245_0.7737455024483155_SIZE_1_1.1_2
GEN_49_FIT_0.7737355696656586_0.7737365629439245_0.7737455024483155_SIZE_1_1.1_2
GEN_50_FIT_0.7737355696656586_0.7737365629439245_0.7737455024483155_SIZE_1_1.1_2
GEN_51_FIT_0.7737355696656586_0.7737365629439245_0.7737455024483155_SIZE_1_1.1_2
GEN_52_FIT_0.7737355696656586_0.7737365629439245_0.7737455024483155_SIZE_1_1.1_2
GEN_53_FIT_0.7737355696656586_0.7737370595830573_0.7737455024483155_SIZE_1_1.1_2
GEN_54_FIT_0.7737355696656586_0.7737375562221901_0.7737455024483155_SIZE_1_1.1_2
GEN_55_FIT_0.7737355696656586_0.7737395427787215_0.7737455024483155_SIZE_1_1.1_2
GEN_56_FIT_0.7737355696656586_0.7737430192526513_0.7737455024483155_SIZE_1_1.1_2
GEN_57_FIT_0.7737455024483155_0.7737455024483155_0.7737455024483155_SIZE_1_1.0_1
GEN_58_FIT_0.7737455024483155_0.7737455024483155_0.7737455024483155_SIZE_1_1.0_1
GEN_59_FIT_0.7737455024483155_0.7737455024483155_0.7737455024483155_SIZE_1_1.0_1
GEN_60_FIT_0.7737455024483155_0.7737455024483155_0.7737455024483155_SIZE_1_1.0_1
Evaluating in sample:
[GEN_60|make_tuple(9, 29, 201, 311)|0.7737]
Evaluating out-of-sample:
[GEN_60|make_tuple(9, 29, 201, 311)|0.6775]
GEN_61_FIT_0.7737455024483155_0.7737455024483155_0.7737455024483155_SIZE_1_1.0_1
GEN_62_FIT_0.7737455024483155_0.7737455024483155_0.7737455024483155_SIZE_1_1.0_1
GEN_63_FIT_0.7737455024483155_0.7737455024483155_0.7737455024483155_SIZE_1_1.0_1
GEN_64_FIT_0.7737455024483155_0.7737455024483155_0.7737455024483155_SIZE_1_1.0_1
GEN_65_FIT_0.7737455024483155_0.7737455024483155_0.7737455024483155_SIZE_1_1.0_1
GEN_66_FIT_0.7737455024483155_0.7737455024483155_0.7737455024483155_SIZE_1_1.0_1
GEN_67_FIT_0.7737455024483155_0.7737455024483155_0.7737455024483155_SIZE_1_1.0_1
GEN_68_FIT_0.7737455024483155_0.7737455024483155_0.7737455024483155_SIZE_1_1.0_1
GEN_69_FIT_0.7737455024483155_0.7737455024483155_0.7737455024483155_SIZE_1_1.0_1
GEN_70_FIT_0.7737455024483155_0.7737455024483155_0.7737455024483155_SIZE_1_1.0_1
GEN_71_FIT_0.7737455024483155_0.7737455024483155_0.7737455024483155_SIZE_1_1.0_1
GEN_72_FIT_0.7737455024483155_0.7737455024483155_0.7737455024483155_SIZE_1_1.0_1
GEN_73_FIT_0.7737455024483155_0.7737455024483155_0.7737455024483155_SIZE_1_1.0_1
GEN_74_FIT_0.7737455024483155_0.7737455024483155_0.7737455024483155_SIZE_1_1.0_1
Evaluating in sample:
[GEN_74|make_tuple(9, 29, 201, 311)|0.7737]
Evaluating out-of-sample:
[GEN_74|make_tuple(9, 29, 201, 311)|0.6775]
Stopped early in iteration 74, no improvement in 20 gens.
START_TASK: 23
GEN_0_FIT_0.6402040079879611_0.6836413960831922_0.7549977315227716_SIZE_1_1.45_5
GEN_1_FIT_0.7268568207822053_0.7394635028582224_0.7597150250227691_SIZE_1_1.1_2
GEN_2_FIT_0.7531565602913346_0.7559339983642849_0.7597150250227691_SIZE_1_1.25_2
GEN_3_FIT_0.7578866699180397_0.759206175306107_0.7606341504486226_SIZE_1_1.05_2
GEN_4_FIT_0.7602941169100725_0.7610760391682857_0.7701854080134246_SIZE_1_1.15_2
GEN_5_FIT_0.7606341504486226_0.7638553153841479_0.7710195386263136_SIZE_1_1.15_2
GEN_6_FIT_0.7698586677844346_0.7706434434840228_0.7713973394144937_SIZE_1_1.35_2
GEN_7_FIT_0.7710922413671594_0.7714361271701635_0.7728825697202788_SIZE_1_1.55_3
GEN_8_FIT_0.7713973394144937_0.7718812997238187_0.7728825697202788_SIZE_1_1.9_3
GEN_9_FIT_0.7718030844140964_0.7726701963823441_0.7732103823088685_SIZE_1_2.45_4
GEN_10_FIT_0.7723243585745178_0.7728856849286543_0.7733164088996638_SIZE_1_2.0_4
GEN_11_FIT_0.7726191832066923_0.7731425823064899_0.7733987979872365_SIZE_1_2.15_3
GEN_12_FIT_0.7729260183136495_0.7732903209811912_0.7735111679259145_SIZE_1_1.65_2
GEN_13_FIT_0.7731661402789_0.7733391517237248_0.7735210590645853_SIZE_1_1.45_3
GEN_14_FIT_0.7733727522522413_0.7734967217321248_0.7735210590645853_SIZE_1_2.05_4
GEN_15_FIT_0.7733727522522413_0.7734875544066664_0.7736025303207307_SIZE_1_1.75_3
GEN_16_FIT_0.7733755886781309_0.7735027699988988_0.7736114743025104_SIZE_1_1.45_3
GEN_17_FIT_0.7734884143735858_0.7735191398303486_0.7736742036205527_SIZE_1_1.3_3
GEN_18_FIT_0.7734884143735858_0.7735820400979055_0.7736808968591322_SIZE_1_1.9_3
GEN_19_FIT_0.7735412108435342_0.7736444618092231_0.7736808968591322_SIZE_1_2.15_3
GEN_20_FIT_0.7735412108435342_0.7736581699417154_0.7736808968591322_SIZE_1_2.6_3
Evaluating in sample:
[GEN_20|make_tuple(9, 29, 199, 316)|0.7736]
[GEN_20|make_tuple(9, 29, 199, add(241, 70))|0.7737]
[GEN_20|make_tuple(9, 29, 201, add(sub(222, 32), 121))|0.7737]
Evaluating out-of-sample:
[GEN_20|make_tuple(9, 29, 199, 316)|0.6854]
[GEN_20|make_tuple(9, 29, 199, add(241, 70))|0.6848]
[GEN_20|make_tuple(9, 29, 201, add(sub(222, 32), 121))|0.6850]
GEN_21_FIT_0.7735412108435342_0.7736322448762375_0.7736808968591322_SIZE_1_2.0_3
GEN_22_FIT_0.7735515325648294_0.7736533048480346_0.7736808968591322_SIZE_1_2.05_3
GEN_23_FIT_0.7736227551419195_0.7736744133635529_0.7736808968591322_SIZE_1_2.7_3
GEN_24_FIT_0.7728821835389376_0.7736257564399612_0.7736808968591322_SIZE_1_2.15_3
GEN_25_FIT_0.7736227551419195_0.7736314763995015_0.7736808968591322_SIZE_1_1.15_2
GEN_26_FIT_0.7736227551419195_0.7736285693136409_0.7736808968591322_SIZE_1_1.1_2
GEN_27_FIT_0.7736227551419195_0.7736285693136409_0.7736808968591322_SIZE_1_1.1_2
GEN_28_FIT_0.7736227551419195_0.7736285693136409_0.7736808968591322_SIZE_1_1.1_2
GEN_29_FIT_0.7736227551419195_0.7736285693136409_0.7736808968591322_SIZE_1_1.1_2
GEN_30_FIT_0.7736227551419195_0.7736285693136409_0.7736808968591322_SIZE_1_1.1_2
GEN_31_FIT_0.7736227551419195_0.7736455151896718_0.7736808968591322_SIZE_1_1.35_2
GEN_32_FIT_0.7736244978621672_0.7736761067556609_0.7736808968591322_SIZE_1_1.9_3
GEN_33_FIT_0.7736709640764753_0.7736799035808664_0.7736808968591322_SIZE_1_1.9_2
GEN_34_FIT_0.7736709640764753_0.7736799035808664_0.7736808968591322_SIZE_1_1.9_2
GEN_35_FIT_0.7736709640764753_0.7736799035808664_0.7736808968591322_SIZE_1_1.9_2
GEN_36_FIT_0.7736709640764753_0.7736799035808664_0.7736808968591322_SIZE_1_1.9_2
GEN_37_FIT_0.7736709640764753_0.7736799035808664_0.7736808968591322_SIZE_1_1.9_2
GEN_38_FIT_0.7736709640764753_0.7736799035808664_0.7736808968591322_SIZE_1_1.9_2
GEN_39_FIT_0.7736709640764753_0.7736799035808664_0.7736808968591322_SIZE_1_1.9_2
GEN_40_FIT_0.7736709640764753_0.7736799035808664_0.7736808968591322_SIZE_1_1.9_2
Evaluating in sample:
[GEN_40|make_tuple(9, 29, 201, 309)|0.7737]
[GEN_40|make_tuple(9, 29, 201, add(241, 70))|0.7737]
Evaluating out-of-sample:
[GEN_40|make_tuple(9, 29, 201, 309)|0.6850]
[GEN_40|make_tuple(9, 29, 201, add(241, 70))|0.6850]
GEN_41_FIT_0.7736709640764753_0.7736799035808664_0.7736808968591322_SIZE_1_1.9_2
GEN_42_FIT_0.7736709640764753_0.7736799035808664_0.7736808968591322_SIZE_1_1.9_2
GEN_43_FIT_0.7736709640764753_0.7736799035808664_0.7736808968591322_SIZE_1_1.9_2
GEN_44_FIT_0.7736709640764753_0.7736799035808664_0.7736808968591322_SIZE_1_1.9_2
GEN_45_FIT_0.7736709640764753_0.7736799035808664_0.7736808968591322_SIZE_1_1.9_2
Evaluating in sample:
[GEN_45|make_tuple(9, 29, 201, 309)|0.7737]
[GEN_45|make_tuple(9, 29, 201, add(241, 70))|0.7737]
Evaluating out-of-sample:
[GEN_45|make_tuple(9, 29, 201, 309)|0.6850]
[GEN_45|make_tuple(9, 29, 201, add(241, 70))|0.6850]
Stopped early in iteration 45, no improvement in 20 gens.
START_TASK: 24
GEN_0_FIT_0.6551977516673638_0.7091186442361753_0.7495888159945797_SIZE_1_1.55_5
GEN_1_FIT_0.7321636458756151_0.7417538517997719_0.7575947221024102_SIZE_1_1.95_6
GEN_2_FIT_0.7495888159945797_0.7524502932996977_0.7575947221024102_SIZE_1_2.15_7
GEN_3_FIT_0.7541466881397387_0.7564005450532949_0.7579124201118551_SIZE_1_1.6_4
GEN_4_FIT_0.7572974491840309_0.7576269182420623_0.7579124201118551_SIZE_1_1.05_2
GEN_5_FIT_0.7578921919119301_0.7579918489180039_0.7584002898117921_SIZE_1_1.2_2
GEN_6_FIT_0.758130787465363_0.7582601024846982_0.7584002898117921_SIZE_1_1.2_3
GEN_7_FIT_0.7583878530388454_0.7583996679731448_0.7584002898117921_SIZE_1_1.2_3
GEN_8_FIT_0.7584002898117921_0.7584085573032711_0.7585020260071585_SIZE_1_1.0_1
GEN_9_FIT_0.7584002898117921_0.7584285573629299_0.7585645639376952_SIZE_1_1.1_2
GEN_10_FIT_0.7584328528643761_0.7584801631115574_0.7585645639376952_SIZE_1_1.3_3
GEN_11_FIT_0.7585020260071585_0.7585082798002123_0.7585645639376952_SIZE_1_1.1_2
GEN_12_FIT_0.7585020260071585_0.7587070640287644_0.7626027864392733_SIZE_1_1.05_2
GEN_13_FIT_0.7585020260071585_0.7602005775059182_0.7697271150763367_SIZE_1_1.4_3
GEN_14_FIT_0.7585750642431343_0.7635307347467262_0.7697271150763367_SIZE_1_1.75_2
GEN_15_FIT_0.7585750642431343_0.7659903127315101_0.7697271150763367_SIZE_1_1.25_2
GEN_16_FIT_0.7695751278993012_0.7697237683422136_0.7697696413236221_SIZE_1_1.2_3
GEN_17_FIT_0.7697271150763367_0.7697438117021118_0.7698484163554076_SIZE_1_1.1_2
GEN_18_FIT_0.7697271150763367_0.7697882251356223_0.7700325712101228_SIZE_1_1.1_2
GEN_19_FIT_0.7697696413236221_0.769868823776601_0.7702095182848274_SIZE_1_1.3_2
GEN_20_FIT_0.7698815371206418_0.7700488385600414_0.7702251517565044_SIZE_1_1.1_2
Evaluating in sample:
[GEN_20|make_tuple(9, 29, 563, 314)|0.7702]
Evaluating out-of-sample:
[GEN_20|make_tuple(9, 29, 563, 314)|0.9960]
GEN_21_FIT_0.7700783272609667_0.7702004151410222_0.7702973414927463_SIZE_1_1.2_2
GEN_22_FIT_0.7702095182848274_0.7702494709418307_0.7703748154525403_SIZE_1_1.25_2
GEN_23_FIT_0.7702463106612386_0.7703285311914059_0.7706230954566926_SIZE_1_1.45_2
GEN_24_FIT_0.770324433326118_0.770388847966998_0.7706230954566926_SIZE_1_1.35_2
GEN_25_FIT_0.7703775276832722_0.7704767779440506_0.7706230954566926_SIZE_1_1.3_2
GEN_26_FIT_0.7704579457985049_0.7705574934688337_0.7706406743763783_SIZE_1_1.4_2
GEN_27_FIT_0.7705328902879025_0.7706233105250279_0.7707012576323871_SIZE_1_1.45_2
GEN_28_FIT_0.7706230954566926_0.7706507360706726_0.7707012576323871_SIZE_1_1.3_3
GEN_29_FIT_0.7706534902604959_0.77068701868569_0.7708346957910497_SIZE_1_1.2_2
GEN_30_FIT_0.7706816712617982_0.7707135535032186_0.7708508216488399_SIZE_1_1.2_2
GEN_31_FIT_0.7707012576323871_0.7707615893818732_0.7709260002699331_SIZE_1_1.15_2
GEN_32_FIT_0.770752717956277_0.770834998332947_0.7709260002699331_SIZE_1_1.25_2
GEN_33_FIT_0.7708508216488399_0.770895112118151_0.7709731826187077_SIZE_1_1.25_2
GEN_34_FIT_0.7709260002699331_0.7709330776222492_0.7709731826187077_SIZE_1_1.0_1
GEN_35_FIT_0.7709260002699331_0.7709377958571266_0.7709731826187077_SIZE_1_1.05_2
GEN_36_FIT_0.7709260002699331_0.7709543096791978_0.7709731826187077_SIZE_1_1.1_2
GEN_37_FIT_0.7709731826187077_0.7709731826187076_0.7709731826187077_SIZE_1_1.0_1
GEN_38_FIT_0.7709731826187077_0.77097347560171_0.7709790422787555_SIZE_1_1.0_1
GEN_39_FIT_0.7709731826187077_0.77097347560171_0.7709790422787555_SIZE_1_1.0_1
GEN_40_FIT_0.7709731826187077_0.7709737685847123_0.7709790422787555_SIZE_1_1.0_1
Evaluating in sample:
[GEN_40|make_tuple(9, 29, 201, 311)|0.7710]
Evaluating out-of-sample:
[GEN_40|make_tuple(9, 29, 201, 311)|0.9957]
GEN_41_FIT_0.7709731826187077_0.7709743545507172_0.7709790422787555_SIZE_1_1.0_1
GEN_42_FIT_0.7709731826187077_0.7709775773637435_0.7709790422787555_SIZE_1_1.0_1
GEN_43_FIT_0.7709790422787555_0.7709790422787555_0.7709790422787555_SIZE_1_1.0_1
GEN_44_FIT_0.7709790422787555_0.7709790422787555_0.7709790422787555_SIZE_1_1.0_1
GEN_45_FIT_0.7709790422787555_0.7709790422787555_0.7709790422787555_SIZE_1_1.0_1
GEN_46_FIT_0.7709790422787555_0.7709790422787555_0.7709790422787555_SIZE_1_1.0_1
GEN_47_FIT_0.7709790422787555_0.7709790422787555_0.7709790422787555_SIZE_1_1.0_1
GEN_48_FIT_0.7709790422787555_0.7709790422787555_0.7709790422787555_SIZE_1_1.0_1
GEN_49_FIT_0.7709790422787555_0.7709790422787555_0.7709790422787555_SIZE_1_1.0_1
GEN_50_FIT_0.7709790422787555_0.7709790422787555_0.7709790422787555_SIZE_1_1.0_1
GEN_51_FIT_0.7709790422787555_0.7709790422787555_0.7709790422787555_SIZE_1_1.0_1
GEN_52_FIT_0.7709790422787555_0.7709790422787555_0.7709790422787555_SIZE_1_1.0_1
GEN_53_FIT_0.7709790422787555_0.7709790422787555_0.7709790422787555_SIZE_1_1.0_1
GEN_54_FIT_0.7709790422787555_0.7709790422787555_0.7709790422787555_SIZE_1_1.0_1
GEN_55_FIT_0.7709790422787555_0.7709790422787555_0.7709790422787555_SIZE_1_1.0_1
GEN_56_FIT_0.7709790422787555_0.7709790422787555_0.7709790422787555_SIZE_1_1.0_1
GEN_57_FIT_0.7709790422787555_0.7709790422787555_0.7709790422787555_SIZE_1_1.0_1
GEN_58_FIT_0.7709790422787555_0.7709790422787555_0.7709790422787555_SIZE_1_1.0_1
GEN_59_FIT_0.7709790422787555_0.7709790422787555_0.7709790422787555_SIZE_1_1.0_1
Evaluating in sample:
[GEN_59|make_tuple(9, 29, 201, 311)|0.7710]
Evaluating out-of-sample:
[GEN_59|make_tuple(9, 29, 201, 311)|0.9957]
Stopped early in iteration 59, no improvement in 20 gens.
START_TASK: 2073
GEN_0_FIT_0.6217393989525529_0.6630861001108139_0.7182393610004958_SIZE_1_2.95_7
GEN_1_FIT_0.690071106362907_0.7000308420805649_0.7182393610004958_SIZE_1_3.65_7
GEN_2_FIT_0.7055049977682489_0.7192490147395388_0.7350030349766395_SIZE_1_3.2_5
GEN_3_FIT_0.7303916696807361_0.7358660307695141_0.7507352608594694_SIZE_1_2.4_4
GEN_4_FIT_0.735399273845809_0.7462837134253201_0.758148393112324_SIZE_1_2.05_4
GEN_5_FIT_0.751210907968175_0.7545596083034604_0.7598191856660441_SIZE_1_1.45_2
GEN_6_FIT_0.7516070588209666_0.7568655879680667_0.7598191856660441_SIZE_1_1.6_2
GEN_7_FIT_0.7529491194290251_0.7584665027709621_0.7598802514472127_SIZE_1_1.75_2
GEN_8_FIT_0.7561812572967738_0.7577861213343876_0.7603020614535002_SIZE_1_1.4_2
GEN_9_FIT_0.7563166170849223_0.7596239212262297_0.7702927801674191_SIZE_1_1.4_2
GEN_10_FIT_0.7568834609525882_0.7622709081259659_0.7702927801674191_SIZE_1_1.65_2
GEN_11_FIT_0.7702114884899651_0.7703627513339897_0.7711689817846316_SIZE_1_1.75_3
GEN_12_FIT_0.7702853314441458_0.7706037125758228_0.7711788474541862_SIZE_1_1.45_2
GEN_13_FIT_0.7705406131193435_0.7710705729977066_0.7711788474541862_SIZE_1_1.85_3
GEN_14_FIT_0.7711116126178578_0.7712008456119852_0.7714830210840966_SIZE_1_1.85_3
GEN_15_FIT_0.7711284378597699_0.7712851234342629_0.7715667026832678_SIZE_1_1.5_2
GEN_16_FIT_0.7711788474541862_0.7714920313290696_0.7716173172724592_SIZE_1_1.3_2
GEN_17_FIT_0.7714901737419301_0.7715676097814653_0.7716732104336311_SIZE_1_1.4_3
GEN_18_FIT_0.7715667026832678_0.7716290689403049_0.7716771383568571_SIZE_1_1.25_2
GEN_19_FIT_0.7716276389937543_0.7716500022878522_0.7716771383568571_SIZE_1_1.25_2
GEN_20_FIT_0.7716276389937543_0.7716805886027618_0.7717682650012663_SIZE_1_1.2_2
Evaluating in sample:
[GEN_20|make_tuple(9, 29, 199, 323)|0.7717]
[GEN_20|make_tuple(9, 29, 199, max(312, 304))|0.7718]
Evaluating out-of-sample:
[GEN_20|make_tuple(9, 29, 199, 323)|0.9010]
[GEN_20|make_tuple(9, 29, 199, max(312, 304))|0.9018]
GEN_21_FIT_0.7716771383568571_0.7716862510212981_0.7717682650012663_SIZE_1_1.1_2
GEN_22_FIT_0.7716771383568571_0.7716908073535185_0.7717682650012663_SIZE_1_1.1_2
GEN_23_FIT_0.7716771383568571_0.771695363685739_0.7717682650012663_SIZE_1_1.1_2
GEN_24_FIT_0.7716771383568571_0.771755113766669_0.7717682650012663_SIZE_1_1.5_3
GEN_25_FIT_0.7717682650012663_0.7717682650012664_0.7717682650012663_SIZE_1_1.0_1
GEN_26_FIT_0.7717682650012663_0.7717682650012664_0.7717682650012663_SIZE_1_1.0_1
GEN_27_FIT_0.7717682650012663_0.7717686507468617_0.7717759799131736_SIZE_1_1.05_2
GEN_28_FIT_0.7717682650012663_0.7717690364924572_0.7717759799131736_SIZE_1_1.1_2
GEN_29_FIT_0.7717682650012663_0.7717690364924572_0.7717759799131736_SIZE_1_1.1_2
GEN_30_FIT_0.7717682650012663_0.7717690364924572_0.7717759799131736_SIZE_1_1.1_2
GEN_31_FIT_0.7717682650012663_0.7717694222380526_0.7717759799131736_SIZE_1_1.1_2
GEN_32_FIT_0.7717682650012663_0.771771556350196_0.771787802508414_SIZE_1_1.1_2
GEN_33_FIT_0.7717682650012663_0.7717762353428163_0.771787802508414_SIZE_1_1.1_2
GEN_34_FIT_0.771787802508414_0.77179031647814_0.7717955174203212_SIZE_1_1.1_2
GEN_35_FIT_0.7717917924314953_0.7717953311708798_0.7717955174203212_SIZE_1_1.2_2
GEN_36_FIT_0.7717955174203212_0.7717961159087834_0.7717995073434026_SIZE_1_1.05_2
GEN_37_FIT_0.7717955174203212_0.7717971133895537_0.7717995073434026_SIZE_1_1.1_2
GEN_38_FIT_0.7717955174203212_0.7717993078472485_0.7717995073434026_SIZE_1_1.05_2
GEN_39_FIT_0.7717995073434026_0.7717995073434026_0.7717995073434026_SIZE_1_1.0_1
GEN_40_FIT_0.7717995073434026_0.7717995073434026_0.7717995073434026_SIZE_1_1.0_1
Evaluating in sample:
[GEN_40|make_tuple(9, 29, 201, 310)|0.7718]
Evaluating out-of-sample:
[GEN_40|make_tuple(9, 29, 201, 310)|0.9006]
GEN_41_FIT_0.7717995073434026_0.7717995073434026_0.7717995073434026_SIZE_1_1.0_1
GEN_42_FIT_0.7717995073434026_0.7717995073434026_0.7717995073434026_SIZE_1_1.0_1
GEN_43_FIT_0.7717995073434026_0.7717995073434026_0.7717995073434026_SIZE_1_1.0_1
GEN_44_FIT_0.7717995073434026_0.7717995073434026_0.7717995073434026_SIZE_1_1.0_1
GEN_45_FIT_0.7717995073434026_0.7717995073434026_0.7717995073434026_SIZE_1_1.0_1
GEN_46_FIT_0.7717995073434026_0.7717995073434026_0.7717995073434026_SIZE_1_1.0_1
GEN_47_FIT_0.7717995073434026_0.7717995073434026_0.7717995073434026_SIZE_1_1.0_1
GEN_48_FIT_0.7717995073434026_0.7717995073434026_0.7717995073434026_SIZE_1_1.0_1
GEN_49_FIT_0.7717995073434026_0.7717995073434026_0.7717995073434026_SIZE_1_1.0_1
GEN_50_FIT_0.7717995073434026_0.7717995073434026_0.7717995073434026_SIZE_1_1.0_1
GEN_51_FIT_0.7717995073434026_0.7717995073434026_0.7717995073434026_SIZE_1_1.0_1
GEN_52_FIT_0.7717995073434026_0.7717995073434026_0.7717995073434026_SIZE_1_1.0_1
GEN_53_FIT_0.7717995073434026_0.7717995073434026_0.7717995073434026_SIZE_1_1.0_1
GEN_54_FIT_0.7717995073434026_0.7717995073434026_0.7717995073434026_SIZE_1_1.0_1
GEN_55_FIT_0.7717995073434026_0.7717995073434026_0.7717995073434026_SIZE_1_1.0_1
GEN_56_FIT_0.7717995073434026_0.7717995073434026_0.7717995073434026_SIZE_1_1.0_1
GEN_57_FIT_0.7717995073434026_0.7717995073434026_0.7717995073434026_SIZE_1_1.0_1
Evaluating in sample:
[GEN_57|make_tuple(9, 29, 201, 310)|0.7718]
Evaluating out-of-sample:
[GEN_57|make_tuple(9, 29, 201, 310)|0.9006]
Stopped early in iteration 57, no improvement in 20 gens.
START_TASK: 2074
GEN_0_FIT_0.6577524639357742_0.7047362361556824_0.74766134138409_SIZE_1_2.05_12
GEN_1_FIT_0.7255107297681903_0.7397659144154332_0.758343185359829_SIZE_1_1.25_3
GEN_2_FIT_0.7514024828896121_0.7561171151137913_0.769209747431691_SIZE_1_1.25_2
GEN_3_FIT_0.7563078610668299_0.7645350661465932_0.7706023274143956_SIZE_1_1.25_2
GEN_4_FIT_0.7692679420961791_0.76989504998816_0.7706890779791226_SIZE_1_1.35_3
GEN_5_FIT_0.7702546653870034_0.7706381717675578_0.7708246249433971_SIZE_1_1.35_3
GEN_6_FIT_0.7707193347991045_0.7707907224343913_0.7708775741325757_SIZE_1_1.6_4
GEN_7_FIT_0.7708246249433971_0.7708991423059146_0.771259869147663_SIZE_1_1.9_4
GEN_8_FIT_0.7708775741325757_0.7710413984987282_0.7712690753355051_SIZE_1_1.4_4
GEN_9_FIT_0.7711161793229893_0.7712478393792943_0.7714792494249443_SIZE_1_1.4_4
GEN_10_FIT_0.7712693974746218_0.7713438760820542_0.7714792494249443_SIZE_1_1.2_3
GEN_11_FIT_0.7713148593353073_0.7714458192535656_0.7717155943374377_SIZE_1_1.15_3
GEN_12_FIT_0.7714792494249443_0.7715378526889678_0.7717155943374377_SIZE_1_1.1_3
GEN_13_FIT_0.7715640522521382_0.7716417338054806_0.7717155943374377_SIZE_1_1.2_3
GEN_14_FIT_0.7716210162999108_0.7717045761679052_0.7717155943374377_SIZE_1_1.65_3
GEN_15_FIT_0.7717155943374377_0.7717198702884331_0.7718011133573442_SIZE_1_1.1_3
GEN_16_FIT_0.7717155943374377_0.7717241462394285_0.7718011133573442_SIZE_1_1.2_3
GEN_17_FIT_0.7717155943374377_0.7717457855007928_0.7718011133573442_SIZE_1_1.4_3
GEN_18_FIT_0.7717207844651905_0.7717970969127366_0.7718011133573442_SIZE_1_1.5_3
GEN_19_FIT_0.7718011133573442_0.7718011133573444_0.7718011133573442_SIZE_1_1.0_1
GEN_20_FIT_0.7718011133573442_0.7718011133573444_0.7718011133573442_SIZE_1_1.0_1
Evaluating in sample:
[GEN_20|make_tuple(9, 26, 199, 362)|0.7718]
Evaluating out-of-sample:
[GEN_20|make_tuple(9, 26, 199, 362)|0.8953]
GEN_21_FIT_0.7718011133573442_0.7718011133573444_0.7718011133573442_SIZE_1_1.0_1
GEN_22_FIT_0.7718011133573442_0.7718011133573444_0.7718011133573442_SIZE_1_1.0_1
GEN_23_FIT_0.7718011133573442_0.7718011133573444_0.7718011133573442_SIZE_1_1.0_1
GEN_24_FIT_0.7718011133573442_0.7718011133573444_0.7718011133573442_SIZE_1_1.0_1
GEN_25_FIT_0.7718011133573442_0.7718021129192362_0.77182110459518_SIZE_1_1.0_1
GEN_26_FIT_0.7718011133573442_0.7718041120430197_0.77182110459518_SIZE_1_1.0_1
GEN_27_FIT_0.7718011133573442_0.7718102125214836_0.7718431579752769_SIZE_1_1.05_2
GEN_28_FIT_0.77182110459518_0.7718233099331897_0.7718431579752769_SIZE_1_1.1_2
GEN_29_FIT_0.77182110459518_0.7718233099331897_0.7718431579752769_SIZE_1_1.1_2
GEN_30_FIT_0.77182110459518_0.7718233099331897_0.7718431579752769_SIZE_1_1.1_2
GEN_31_FIT_0.77182110459518_0.7718233099331897_0.7718431579752769_SIZE_1_1.1_2
GEN_32_FIT_0.77182110459518_0.7718233099331897_0.7718431579752769_SIZE_1_1.1_2
GEN_33_FIT_0.77182110459518_0.7718233099331897_0.7718431579752769_SIZE_1_1.1_2
GEN_34_FIT_0.77182110459518_0.7718233099331897_0.7718431579752769_SIZE_1_1.1_2
GEN_35_FIT_0.77182110459518_0.7718233099331897_0.7718431579752769_SIZE_1_1.1_2
GEN_36_FIT_0.77182110459518_0.7718233099331897_0.7718431579752769_SIZE_1_1.1_2
GEN_37_FIT_0.77182110459518_0.7718233099331897_0.7718431579752769_SIZE_1_1.1_2
GEN_38_FIT_0.77182110459518_0.7718233099331897_0.7718431579752769_SIZE_1_1.1_2
GEN_39_FIT_0.77182110459518_0.7718233099331897_0.7718431579752769_SIZE_1_1.1_2
GEN_40_FIT_0.77182110459518_0.7718233099331897_0.7718431579752769_SIZE_1_1.1_2
Evaluating in sample:
[GEN_40|make_tuple(9, 26, 199, 364)|0.7718]
[GEN_40|make_tuple(9, 26, 199, add(0.10482752446061935, 364))|0.7718]
Evaluating out-of-sample:
[GEN_40|make_tuple(9, 26, 199, 364)|0.8953]
[GEN_40|make_tuple(9, 26, 199, add(0.10482752446061935, 364))|0.8953]
GEN_41_FIT_0.77182110459518_0.7718233099331897_0.7718431579752769_SIZE_1_1.1_2
GEN_42_FIT_0.77182110459518_0.7718233099331897_0.7718431579752769_SIZE_1_1.1_2
GEN_43_FIT_0.77182110459518_0.7718233099331897_0.7718431579752769_SIZE_1_1.1_2
GEN_44_FIT_0.77182110459518_0.7718233099331897_0.7718431579752769_SIZE_1_1.1_2
GEN_45_FIT_0.77182110459518_0.7718233099331897_0.7718431579752769_SIZE_1_1.1_2
GEN_46_FIT_0.77182110459518_0.7718233099331897_0.7718431579752769_SIZE_1_1.1_2
GEN_47_FIT_0.77182110459518_0.7718233099331897_0.7718431579752769_SIZE_1_1.1_2
GEN_48_FIT_0.77182110459518_0.7718233099331897_0.7718431579752769_SIZE_1_1.1_2
Evaluating in sample:
[GEN_48|make_tuple(9, 26, 199, 364)|0.7718]
[GEN_48|make_tuple(9, 26, 199, add(0.10482752446061935, 364))|0.7718]
Evaluating out-of-sample:
[GEN_48|make_tuple(9, 26, 199, 364)|0.8953]
[GEN_48|make_tuple(9, 26, 199, add(0.10482752446061935, 364))|0.8953]
Stopped early in iteration 48, no improvement in 20 gens.
START_TASK: 28
GEN_0_FIT_0.6767543912240109_0.7148554562732173_0.7600155436075333_SIZE_1_1.2_5
GEN_1_FIT_0.7400258020220165_0.7493039056249045_0.7659639406465527_SIZE_1_1.1_2
GEN_2_FIT_0.7513511735262509_0.7582744589600335_0.7659639406465527_SIZE_1_1.1_2
GEN_3_FIT_0.7632361837095825_0.7646883536931091_0.7709557073863478_SIZE_1_1.1_2
GEN_4_FIT_0.7663211568689096_0.7680296634303352_0.7709557073863478_SIZE_1_1.1_2
GEN_5_FIT_0.7698122279521281_0.7708361891037914_0.7715939484639831_SIZE_1_1.15_2
GEN_6_FIT_0.7709557073863478_0.7711852690112602_0.7715939484639831_SIZE_1_1.05_2
GEN_7_FIT_0.7712524635029324_0.7714845297902083_0.7715939484639831_SIZE_1_1.25_2
GEN_8_FIT_0.7715917546899036_0.7715988941525751_0.771643599477571_SIZE_1_1.15_2
GEN_9_FIT_0.7715954811745216_0.7716400122080679_0.7716920274403852_SIZE_1_1.3_2
GEN_10_FIT_0.7716593464387124_0.7716888266390447_0.771776524770488_SIZE_1_1.1_2
GEN_11_FIT_0.7716861583469613_0.7717381027374457_0.771817133011265_SIZE_1_1.15_2
GEN_12_FIT_0.7717561996479886_0.7717866944139774_0.7718308485022776_SIZE_1_1.4_2
GEN_13_FIT_0.7718004087042911_0.7718196526752896_0.7718468428754542_SIZE_1_1.6_2
GEN_14_FIT_0.7718004087042911_0.7718397974907993_0.7718793291941822_SIZE_1_1.1_2
GEN_15_FIT_0.7718308485022776_0.7718452209192581_0.7718793291941822_SIZE_1_1.15_2
GEN_16_FIT_0.7718468428754542_0.7718696725008075_0.7718898807625807_SIZE_1_1.4_3
GEN_17_FIT_0.7718683541469343_0.7718866644937663_0.7720186974392342_SIZE_1_1.2_2
GEN_18_FIT_0.7718793291941822_0.7718910019169231_0.7720186974392342_SIZE_1_1.1_2
GEN_19_FIT_0.7718793291941822_0.7719159972803495_0.7720186974392342_SIZE_1_1.2_2
GEN_20_FIT_0.7718988835321031_0.7719871303048749_0.7721111378480092_SIZE_1_1.25_2
Evaluating in sample:
[GEN_20|make_tuple(9, 29, 142, 316)|0.7720]
[GEN_20|make_tuple(9, add(30, 0.015805855603026376), 187, 316)|0.7721]
Evaluating out-of-sample:
[GEN_20|make_tuple(9, 29, 142, 316)|0.8280]
[GEN_20|make_tuple(9, add(30, 0.015805855603026376), 187, 316)|0.8277]
GEN_21_FIT_0.7720186974392342_0.7720435605904387_0.7722973029390614_SIZE_1_1.15_2
GEN_22_FIT_0.7720186974392342_0.7720897913103746_0.7722973029390614_SIZE_1_1.3_2
GEN_23_FIT_0.7721055138743116_0.7722239574766718_0.7723856617840262_SIZE_1_1.25_2
GEN_24_FIT_0.7722973029390614_0.7723348019383558_0.7724287710101919_SIZE_1_1.1_2
GEN_25_FIT_0.7723856617840262_0.7723923318240816_0.7724328441328009_SIZE_1_1.05_2
GEN_26_FIT_0.7723856617840262_0.7724037200990144_0.7724328441328009_SIZE_1_1.05_2
GEN_27_FIT_0.7724287710101919_0.7724310112276269_0.7724328441328009_SIZE_1_1.0_1
GEN_28_FIT_0.7724328441328009_0.772432844132801_0.7724328441328009_SIZE_1_1.0_1
GEN_29_FIT_0.7724328441328009_0.772432844132801_0.7724328441328009_SIZE_1_1.0_1
GEN_30_FIT_0.7724328441328009_0.7724331371158033_0.7724387037928487_SIZE_1_1.0_1
GEN_31_FIT_0.7724328441328009_0.7724334300988057_0.7724387037928487_SIZE_1_1.0_1
GEN_32_FIT_0.7724328441328009_0.772434309047813_0.7724387037928487_SIZE_1_1.0_1
GEN_33_FIT_0.7724328441328009_0.7724372388778369_0.7724387037928487_SIZE_1_1.0_1
GEN_34_FIT_0.7724387037928487_0.7724387037928488_0.7724387037928487_SIZE_1_1.0_1
GEN_35_FIT_0.7724387037928487_0.7724387037928488_0.7724387037928487_SIZE_1_1.0_1
GEN_36_FIT_0.7724387037928487_0.7724387037928488_0.7724387037928487_SIZE_1_1.0_1
GEN_37_FIT_0.7724387037928487_0.7724387037928488_0.7724387037928487_SIZE_1_1.0_1
GEN_38_FIT_0.7724387037928487_0.7724387037928488_0.7724387037928487_SIZE_1_1.0_1
GEN_39_FIT_0.7724387037928487_0.7724387037928488_0.7724387037928487_SIZE_1_1.0_1
GEN_40_FIT_0.7724387037928487_0.7724387037928488_0.7724387037928487_SIZE_1_1.0_1
Evaluating in sample:
[GEN_40|make_tuple(9, 29, 201, 311)|0.7724]
Evaluating out-of-sample:
[GEN_40|make_tuple(9, 29, 201, 311)|0.8278]
GEN_41_FIT_0.7724387037928487_0.7724387037928488_0.7724387037928487_SIZE_1_1.0_1
GEN_42_FIT_0.7724387037928487_0.7724387037928488_0.7724387037928487_SIZE_1_1.0_1
GEN_43_FIT_0.7724387037928487_0.7724387037928488_0.7724387037928487_SIZE_1_1.0_1
GEN_44_FIT_0.7724387037928487_0.7724387037928488_0.7724387037928487_SIZE_1_1.0_1
GEN_45_FIT_0.7724387037928487_0.7724387037928488_0.7724387037928487_SIZE_1_1.0_1
GEN_46_FIT_0.7724387037928487_0.7724387037928488_0.7724387037928487_SIZE_1_1.0_1
GEN_47_FIT_0.7724387037928487_0.7724387037928488_0.7724387037928487_SIZE_1_1.0_1
GEN_48_FIT_0.7724387037928487_0.7724387037928488_0.7724387037928487_SIZE_1_1.0_1
GEN_49_FIT_0.7724387037928487_0.7724387037928488_0.7724387037928487_SIZE_1_1.0_1
GEN_50_FIT_0.7724387037928487_0.7724387037928488_0.7724387037928487_SIZE_1_1.0_1
GEN_51_FIT_0.7724387037928487_0.7724387037928488_0.7724387037928487_SIZE_1_1.0_1
Evaluating in sample:
[GEN_51|make_tuple(9, 29, 201, 311)|0.7724]
Evaluating out-of-sample:
[GEN_51|make_tuple(9, 29, 201, 311)|0.8278]
Stopped early in iteration 51, no improvement in 20 gens.
START_TASK: 29
GEN_0_FIT_0.6244906559612596_0.6946850546270326_0.7536212735587484_SIZE_1_1.95_12
GEN_1_FIT_0.7277250501390542_0.7384705003340463_0.767219947654166_SIZE_1_1.45_7
GEN_2_FIT_0.7542050678399895_0.7610677520669149_0.7673092807532788_SIZE_1_2.45_7
GEN_3_FIT_0.7671021175430003_0.7673955714027257_0.7699290822587418_SIZE_1_1.3_4
GEN_4_FIT_0.7673092807532788_0.7682556474211989_0.771187494904479_SIZE_1_1.35_4
GEN_5_FIT_0.7683846252095602_0.7701954134890645_0.7713835644191119_SIZE_1_2.0_5
GEN_6_FIT_0.771187494904479_0.7712365359227144_0.7713835644191119_SIZE_1_1.25_2
GEN_7_FIT_0.7713469097569533_0.7714059236452171_0.7719262470350325_SIZE_1_1.7_2
GEN_8_FIT_0.7713469097569533_0.7715458628676606_0.771937172867355_SIZE_1_1.25_2
GEN_9_FIT_0.7716792928817265_0.7719483407523379_0.7721584067600715_SIZE_1_1.3_2
GEN_10_FIT_0.7719438715233602_0.7720652462550686_0.7721584067600715_SIZE_1_1.65_2
GEN_11_FIT_0.7720578701742457_0.7721354203919918_0.772387911513256_SIZE_1_1.55_3
GEN_12_FIT_0.7720967252723392_0.7721885524110896_0.7726451601082157_SIZE_1_1.15_2
GEN_13_FIT_0.7720967252723392_0.7723429614857034_0.7726451601082157_SIZE_1_1.35_3
GEN_14_FIT_0.772387911513256_0.7725568428546483_0.7726451601082157_SIZE_1_1.75_3
GEN_15_FIT_0.7724663494187577_0.7726313618477614_0.7726958833573682_SIZE_1_1.95_3
GEN_16_FIT_0.7724663494187577_0.7726254399382706_0.7727879307404404_SIZE_1_1.8_3
GEN_17_FIT_0.7724919129669383_0.7726617586392908_0.7727937904004882_SIZE_1_1.65_3
GEN_18_FIT_0.7726397223195762_0.7727588750222724_0.7727937904004882_SIZE_1_1.9_3
GEN_19_FIT_0.7726397223195762_0.7727372297251475_0.7727937904004882_SIZE_1_1.85_3
GEN_20_FIT_0.7726397223195762_0.772685356777845_0.7727937904004882_SIZE_1_1.5_3
Evaluating in sample:
[GEN_20|make_tuple(9, 29, 201, 302)|0.7726]
[GEN_20|make_tuple(9, 29, 201, add(110, 200))|0.7728]
[GEN_20|make_tuple(9, 29, 201, add(add(110, 0.6257674340773046), 200))|0.7728]
Evaluating out-of-sample:
[GEN_20|make_tuple(9, 29, 201, 302)|0.7836]
[GEN_20|make_tuple(9, 29, 201, add(110, 200))|0.7870]
[GEN_20|make_tuple(9, 29, 201, add(add(110, 0.6257674340773046), 200))|0.7870]
GEN_21_FIT_0.7726397223195762_0.7726699499697538_0.7727937904004882_SIZE_1_1.3_3
GEN_22_FIT_0.7726397223195762_0.77276505089478_0.7727937904004882_SIZE_1_2.3_4
GEN_23_FIT_0.7727262952720024_0.7727864549216349_0.7727937904004882_SIZE_1_2.7_3
GEN_24_FIT_0.7727262952720024_0.7727864549216349_0.7727937904004882_SIZE_1_2.7_3
GEN_25_FIT_0.7727262952720024_0.7727864549216349_0.7727937904004882_SIZE_1_2.7_3
GEN_26_FIT_0.7727262952720024_0.7727864549216349_0.7727937904004882_SIZE_1_2.7_3
GEN_27_FIT_0.7727262952720024_0.7727864549216349_0.7727937904004882_SIZE_1_2.7_3
GEN_28_FIT_0.7727262952720024_0.7727864549216349_0.7727937904004882_SIZE_1_2.7_3
GEN_29_FIT_0.7727262952720024_0.7727864549216349_0.7727937904004882_SIZE_1_2.7_3
GEN_30_FIT_0.7727262952720024_0.7727864549216349_0.7727937904004882_SIZE_1_2.7_3
GEN_31_FIT_0.7727262952720024_0.7727864549216349_0.7727937904004882_SIZE_1_2.7_3
GEN_32_FIT_0.7727262952720024_0.7727864549216349_0.7727937904004882_SIZE_1_2.7_3
GEN_33_FIT_0.7721198068021994_0.7727291324467503_0.7727937904004882_SIZE_1_1.85_3
GEN_34_FIT_0.7727262952720024_0.772733044784851_0.7727937904004882_SIZE_1_1.1_2
GEN_35_FIT_0.7727262952720024_0.772733044784851_0.7727937904004882_SIZE_1_1.1_2
GEN_36_FIT_0.7727262952720024_0.772733044784851_0.7727937904004882_SIZE_1_1.1_2
GEN_37_FIT_0.7727262952720024_0.7727455323991965_0.7727937904004882_SIZE_1_1.25_2
GEN_38_FIT_0.7727262952720024_0.7727845214258035_0.7727937904004882_SIZE_1_1.8_2
GEN_39_FIT_0.7727735621734542_0.7727917675777849_0.7727937904004882_SIZE_1_1.9_2
GEN_40_FIT_0.7727735621734542_0.7727917675777849_0.7727937904004882_SIZE_1_1.9_2
Evaluating in sample:
[GEN_40|make_tuple(9, 29, 201, 316)|0.7728]
[GEN_40|make_tuple(9, 29, 201, add(111, 200))|0.7728]
Evaluating out-of-sample:
[GEN_40|make_tuple(9, 29, 201, 316)|0.7832]
[GEN_40|make_tuple(9, 29, 201, add(111, 200))|0.7870]
GEN_41_FIT_0.7727735621734542_0.7727917675777849_0.7727937904004882_SIZE_1_1.9_2
GEN_42_FIT_0.7727735621734542_0.7727917675777849_0.7727937904004882_SIZE_1_1.9_2
GEN_43_FIT_0.7727735621734542_0.7727917675777849_0.7727937904004882_SIZE_1_1.9_2
GEN_44_FIT_0.7727735621734542_0.7727917675777849_0.7727937904004882_SIZE_1_1.9_2
GEN_45_FIT_0.7727735621734542_0.7727917675777849_0.7727937904004882_SIZE_1_1.9_2
GEN_46_FIT_0.7727735621734542_0.7727917675777849_0.7727937904004882_SIZE_1_1.9_2
GEN_47_FIT_0.7727735621734542_0.7727917675777849_0.7727937904004882_SIZE_1_1.9_2
GEN_48_FIT_0.7727735621734542_0.7727917675777849_0.7727937904004882_SIZE_1_1.9_2
GEN_49_FIT_0.7727735621734542_0.7727917675777849_0.7727937904004882_SIZE_1_1.9_2
GEN_50_FIT_0.7727735621734542_0.7727917675777849_0.7727937904004882_SIZE_1_1.9_2
GEN_51_FIT_0.7727735621734542_0.7727917675777849_0.7727937904004882_SIZE_1_1.9_2
GEN_52_FIT_0.7727735621734542_0.7727917675777849_0.7727937904004882_SIZE_1_1.9_2
GEN_53_FIT_0.7727735621734542_0.7727917675777849_0.7727937904004882_SIZE_1_1.9_2
GEN_54_FIT_0.7727735621734542_0.7727917675777849_0.7727937904004882_SIZE_1_1.9_2
Evaluating in sample:
[GEN_54|make_tuple(9, 29, 201, 316)|0.7728]
[GEN_54|make_tuple(9, 29, 201, add(111, 200))|0.7728]
Evaluating out-of-sample:
[GEN_54|make_tuple(9, 29, 201, 316)|0.7832]
[GEN_54|make_tuple(9, 29, 201, add(111, 200))|0.7870]
Stopped early in iteration 54, no improvement in 20 gens.
START_TASK: 2079
GEN_0_FIT_0.6533811061831815_0.6934688484540946_0.7297717759102104_SIZE_1_2.3_5
GEN_1_FIT_0.7084864160436537_0.7257958610015347_0.7590028871910555_SIZE_1_1.4_3
GEN_2_FIT_0.7297717759102104_0.7441823766479676_0.7590433156720743_SIZE_1_1.9_4
GEN_3_FIT_0.7460520441802058_0.7595130433876947_0.7710209104313855_SIZE_1_1.7_3
GEN_4_FIT_0.7590433156720743_0.7656131887401256_0.7711254718490157_SIZE_1_1.4_3
GEN_5_FIT_0.7709559594659335_0.7710719855338315_0.7715607726451837_SIZE_1_1.05_2
GEN_6_FIT_0.7710329522903706_0.7712202814244715_0.7715607726451837_SIZE_1_1.15_2
GEN_7_FIT_0.7711287649935424_0.7715387123515524_0.7719571952992654_SIZE_1_1.15_2
GEN_8_FIT_0.7715616566016436_0.7717677261995818_0.7719829727174906_SIZE_1_1.45_3
GEN_9_FIT_0.7718516760618749_0.7719753659452132_0.772396206255572_SIZE_1_1.3_2
GEN_10_FIT_0.7720149927896958_0.7723822614697134_0.7725069090942875_SIZE_1_1.3_2
GEN_11_FIT_0.772396206255572_0.7724502626123111_0.7725631788427886_SIZE_1_1.4_3
GEN_12_FIT_0.7724877246132955_0.772520396460692_0.7725631788427886_SIZE_1_1.75_3
GEN_13_FIT_0.7725507977082485_0.7725838345126104_0.7728035384860025_SIZE_1_1.45_3
GEN_14_FIT_0.7725631788427886_0.7726395121763843_0.7728760275051729_SIZE_1_1.2_2
GEN_15_FIT_0.7726765216824989_0.7727868112120052_0.7728760275051729_SIZE_1_1.65_3
GEN_16_FIT_0.7728035384860025_0.7728360224982882_0.7728760275051729_SIZE_1_1.4_3
GEN_17_FIT_0.7728591215347362_0.7728795062523879_0.772962091569316_SIZE_1_1.6_3
GEN_18_FIT_0.7728760275051729_0.7728819501983633_0.772962091569316_SIZE_1_1.1_2
GEN_19_FIT_0.7728760275051729_0.7729160966675626_0.7731033508824475_SIZE_1_1.45_2
GEN_20_FIT_0.7728919252698994_0.7729757484711984_0.7731799347130484_SIZE_1_1.65_2
Evaluating in sample:
[GEN_20|make_tuple(9, 96, 162, 312)|0.7730]
[GEN_20|make_tuple(min(83, 9), 95, 189, 312)|0.7732]
Evaluating out-of-sample:
[GEN_20|make_tuple(9, 96, 162, 312)|0.6718]
[GEN_20|make_tuple(min(83, 9), 95, 189, 312)|0.6690]
GEN_21_FIT_0.772962091569316_0.7730153379129121_0.7731799347130484_SIZE_1_1.2_2
GEN_22_FIT_0.772962091569316_0.7731635428927668_0.7732310190964129_SIZE_1_1.6_3
GEN_23_FIT_0.7731799347130484_0.7731923214030239_0.7732395248604313_SIZE_1_1.15_3
GEN_24_FIT_0.7731799347130484_0.7732219540130978_0.7732395248604313_SIZE_1_1.15_3
GEN_25_FIT_0.7732310190964129_0.7732384809963049_0.7732395248604313_SIZE_1_1.2_2
GEN_26_FIT_0.7732387000925307_0.773239772260345_0.7732551948414138_SIZE_1_1.25_2
GEN_27_FIT_0.7732387000925307_0.7732641354258116_0.7735999348853047_SIZE_1_1.15_2
GEN_28_FIT_0.7732551948414138_0.7733307931025566_0.7735999348853047_SIZE_1_1.1_2
GEN_29_FIT_0.7732776516082175_0.773500163661666_0.7736879974437267_SIZE_1_1.2_2
GEN_30_FIT_0.7735999348853047_0.7736273428521582_0.773691054725146_SIZE_1_1.05_2
GEN_31_FIT_0.7736159376511633_0.773684520118774_0.773691054725146_SIZE_1_1.05_2
GEN_32_FIT_0.7736879974437267_0.7736968336416827_0.7737530716332623_SIZE_1_1.05_2
GEN_33_FIT_0.773691054725146_0.7737370556577153_0.7737530716332623_SIZE_1_1.0_1
GEN_34_FIT_0.7737530716332623_0.7737573045905133_0.7738377307782836_SIZE_1_1.05_2
GEN_35_FIT_0.7737530716332623_0.7737690844514304_0.7738454456901908_SIZE_1_1.15_2
GEN_36_FIT_0.7737530716332623_0.7738112665042958_0.7738454456901908_SIZE_1_1.6_2
GEN_37_FIT_0.7737667494803621_0.7738241410565163_0.7738514086253834_SIZE_1_1.5_2
GEN_38_FIT_0.7738377307782836_0.7738461126842149_0.7738591235372907_SIZE_1_1.4_2
GEN_39_FIT_0.7738514086253834_0.7738560375725276_0.7738591235372907_SIZE_1_1.6_2
GEN_40_FIT_0.7738514086253834_0.7738583520460999_0.7738591235372907_SIZE_1_1.9_2
Evaluating in sample:
[GEN_40|make_tuple(9, 29, 199, 310)|0.7739]
[GEN_40|make_tuple(9, 29, add(198, 3), 310)|0.7739]
Evaluating out-of-sample:
[GEN_40|make_tuple(9, 29, 199, 310)|0.6638]
[GEN_40|make_tuple(9, 29, add(198, 3), 310)|0.6638]
GEN_41_FIT_0.7738514086253834_0.7738583520460999_0.7738591235372907_SIZE_1_1.9_2
GEN_42_FIT_0.7738514086253834_0.7738583520460999_0.7738591235372907_SIZE_1_1.9_2
GEN_43_FIT_0.7738514086253834_0.7738583520460999_0.7738591235372907_SIZE_1_1.9_2
GEN_44_FIT_0.7738514086253834_0.7738583520460999_0.7738591235372907_SIZE_1_1.9_2
GEN_45_FIT_0.7738514086253834_0.7738583520460999_0.7738591235372907_SIZE_1_1.9_2
GEN_46_FIT_0.7738514086253834_0.7738583520460999_0.7738591235372907_SIZE_1_1.9_2
GEN_47_FIT_0.7738514086253834_0.7738583520460999_0.7738591235372907_SIZE_1_1.9_2
GEN_48_FIT_0.7738514086253834_0.7738583520460999_0.7738591235372907_SIZE_1_1.9_2
GEN_49_FIT_0.7738514086253834_0.7738583520460999_0.7738591235372907_SIZE_1_1.9_2
GEN_50_FIT_0.7738514086253834_0.7738583520460999_0.7738591235372907_SIZE_1_1.9_2
GEN_51_FIT_0.7738514086253834_0.7738583520460999_0.7738591235372907_SIZE_1_1.9_2
GEN_52_FIT_0.7738514086253834_0.7738583520460999_0.7738591235372907_SIZE_1_1.9_2
GEN_53_FIT_0.7738514086253834_0.7738583520460999_0.7738591235372907_SIZE_1_1.9_2
GEN_54_FIT_0.7738514086253834_0.7738583520460999_0.7738591235372907_SIZE_1_1.9_2
GEN_55_FIT_0.7738514086253834_0.7738583520460999_0.7738591235372907_SIZE_1_1.9_2
GEN_56_FIT_0.7738514086253834_0.7738583520460999_0.7738591235372907_SIZE_1_1.9_2
GEN_57_FIT_0.7738514086253834_0.7738583520460999_0.7738591235372907_SIZE_1_1.9_2
GEN_58_FIT_0.7738514086253834_0.7738583520460999_0.7738591235372907_SIZE_1_1.9_2
GEN_59_FIT_0.7738514086253834_0.7738583520460999_0.7738591235372907_SIZE_1_1.9_2
Evaluating in sample:
[GEN_59|make_tuple(9, 29, 199, 310)|0.7739]
[GEN_59|make_tuple(9, 29, add(198, 3), 310)|0.7739]
Evaluating out-of-sample:
[GEN_59|make_tuple(9, 29, 199, 310)|0.6638]
[GEN_59|make_tuple(9, 29, add(198, 3), 310)|0.6638]
Stopped early in iteration 59, no improvement in 20 gens.
START_TASK: 32
GEN_0_FIT_0.6612676701256298_0.7095392777689932_0.7556468193575515_SIZE_1_2.55_15
GEN_1_FIT_0.7464052238323947_0.7540886162418093_0.7690695329724282_SIZE_1_1.15_2
GEN_2_FIT_0.7557218363402625_0.759683407655404_0.7690695329724282_SIZE_1_1.15_2
GEN_3_FIT_0.7627685595079696_0.7681075306899494_0.7696880273322364_SIZE_1_1.1_2
GEN_4_FIT_0.7690751980822114_0.7693451613475719_0.7704418773446742_SIZE_1_1.05_2
GEN_5_FIT_0.7696880273322364_0.7698839752445987_0.7704418773446742_SIZE_1_1.05_2
GEN_6_FIT_0.769900770544609_0.7702481516162126_0.7705133224048751_SIZE_1_1.2_2
GEN_7_FIT_0.7703846228963768_0.7705756798242743_0.7710747198930127_SIZE_1_1.1_2
GEN_8_FIT_0.7706856359201661_0.7709100368732392_0.7711619096665249_SIZE_1_1.0_1
GEN_9_FIT_0.7709414147275024_0.7711117893799393_0.771647815068515_SIZE_1_1.1_2
GEN_10_FIT_0.7710747198930127_0.7713345636522362_0.7717383060827402_SIZE_1_1.05_2
GEN_11_FIT_0.7715628191206211_0.7716304712529534_0.7717383060827402_SIZE_1_1.1_2
GEN_12_FIT_0.771647815068515_0.7716812610555884_0.7717383060827402_SIZE_1_1.05_2
GEN_13_FIT_0.7717383060827402_0.7717383060827403_0.7717383060827402_SIZE_1_1.0_1
GEN_14_FIT_0.7717383060827402_0.7717412215645026_0.7717853122801053_SIZE_1_1.0_1
GEN_15_FIT_0.7717383060827402_0.7717501084747711_0.7717955589206359_SIZE_1_1.05_2
GEN_16_FIT_0.7717439578016827_0.7717864025605611_0.7719486272513486_SIZE_1_1.05_2
GEN_17_FIT_0.7717936903884959_0.7718453690853391_0.7720651363889186_SIZE_1_1.15_2
GEN_18_FIT_0.7718338255108418_0.7719833234910762_0.7720651363889186_SIZE_1_1.25_2
GEN_19_FIT_0.7720070033900468_0.7720361716385643_0.7721864947543674_SIZE_1_1.1_2
GEN_20_FIT_0.7720651363889186_0.7720913262194922_0.7721864947543674_SIZE_1_1.05_2
Evaluating in sample:
[GEN_20|make_tuple(9, 29, 201, 310)|0.7722]
Evaluating out-of-sample:
[GEN_20|make_tuple(9, 29, 201, 310)|0.8561]
GEN_21_FIT_0.7720841876230629_0.7721599445111509_0.7721864947543674_SIZE_1_1.2_2
GEN_22_FIT_0.7721864947543674_0.7721864947543673_0.7721864947543674_SIZE_1_1.0_1
GEN_23_FIT_0.7721864947543674_0.7721867877373697_0.7721923544144151_SIZE_1_1.0_1
GEN_24_FIT_0.7721864947543674_0.7721873737033744_0.7721923544144151_SIZE_1_1.0_1
GEN_25_FIT_0.7721864947543674_0.7721888386183864_0.7721923544144151_SIZE_1_1.0_1
GEN_26_FIT_0.7721923544144151_0.772192354414415_0.7721923544144151_SIZE_1_1.0_1
GEN_27_FIT_0.7721923544144151_0.772192354414415_0.7721923544144151_SIZE_1_1.0_1
GEN_28_FIT_0.7721923544144151_0.772192354414415_0.7721923544144151_SIZE_1_1.0_1
GEN_29_FIT_0.7721923544144151_0.772192354414415_0.7721923544144151_SIZE_1_1.0_1
GEN_30_FIT_0.7721923544144151_0.772192354414415_0.7721923544144151_SIZE_1_1.0_1
GEN_31_FIT_0.7721923544144151_0.772192354414415_0.7721923544144151_SIZE_1_1.0_1
GEN_32_FIT_0.7721923544144151_0.772192354414415_0.7721923544144151_SIZE_1_1.0_1
GEN_33_FIT_0.7721923544144151_0.772192354414415_0.7721923544144151_SIZE_1_1.0_1
GEN_34_FIT_0.7721923544144151_0.772192354414415_0.7721923544144151_SIZE_1_1.0_1
GEN_35_FIT_0.7721923544144151_0.772192354414415_0.7721923544144151_SIZE_1_1.0_1
GEN_36_FIT_0.7721923544144151_0.772192354414415_0.7721923544144151_SIZE_1_1.0_1
GEN_37_FIT_0.7721923544144151_0.772192354414415_0.7721923544144151_SIZE_1_1.0_1
GEN_38_FIT_0.7721923544144151_0.772192354414415_0.7721923544144151_SIZE_1_1.0_1
GEN_39_FIT_0.7721923544144151_0.772192354414415_0.7721923544144151_SIZE_1_1.0_1
GEN_40_FIT_0.7721923544144151_0.772192354414415_0.7721923544144151_SIZE_1_1.0_1
Evaluating in sample:
[GEN_40|make_tuple(9, 29, 201, 311)|0.7722]
Evaluating out-of-sample:
[GEN_40|make_tuple(9, 29, 201, 311)|0.8561]
GEN_41_FIT_0.7721923544144151_0.772192354414415_0.7721923544144151_SIZE_1_1.0_1
GEN_42_FIT_0.7721923544144151_0.772192354414415_0.7721923544144151_SIZE_1_1.0_1
GEN_43_FIT_0.7721923544144151_0.772192354414415_0.7721923544144151_SIZE_1_1.0_1
GEN_44_FIT_0.7721923544144151_0.772192354414415_0.7721923544144151_SIZE_1_1.0_1
Evaluating in sample:
[GEN_44|make_tuple(9, 29, 201, 311)|0.7722]
Evaluating out-of-sample:
[GEN_44|make_tuple(9, 29, 201, 311)|0.8561]
Stopped early in iteration 44, no improvement in 20 gens.
START_TASK: 31
GEN_0_FIT_0.6729752112769481_0.7157165810390353_0.7507767101269207_SIZE_1_2.45_15
GEN_1_FIT_0.7351875768754887_0.7450374163792923_0.7522120649548659_SIZE_1_1.05_2
GEN_2_FIT_0.7513049944742387_0.7542147103155281_0.7591079697374618_SIZE_1_1.2_3
GEN_3_FIT_0.7563396062336377_0.7574350680624699_0.7591079697374618_SIZE_1_1.45_3
GEN_4_FIT_0.7591079697374618_0.7598636322096152_0.7689393153631359_SIZE_1_1.5_3
GEN_5_FIT_0.759803618701044_0.7617301440996517_0.7689393153631359_SIZE_1_1.55_3
GEN_6_FIT_0.7634084761231794_0.7679847928203678_0.7697212598449629_SIZE_1_2.05_3
GEN_7_FIT_0.7686821360978711_0.7692905335743052_0.7700622600776147_SIZE_1_1.9_4
GEN_8_FIT_0.7689921367379476_0.7699539908091287_0.771093958584262_SIZE_1_2.2_4
GEN_9_FIT_0.769846484470071_0.770433011454983_0.7711059081825543_SIZE_1_1.75_3
GEN_10_FIT_0.7710906772060832_0.7711131359803021_0.7712634356255034_SIZE_1_1.15_2
GEN_11_FIT_0.7711317179550785_0.7711666622747922_0.7712666588051017_SIZE_1_1.2_2
GEN_12_FIT_0.7711697536968387_0.7712632500018057_0.7713823032305313_SIZE_1_1.35_2
GEN_13_FIT_0.7712729299461598_0.7713354007830011_0.7714211470503233_SIZE_1_1.35_2
GEN_14_FIT_0.7713823032305313_0.7714162793276531_0.7717159623732526_SIZE_1_1.1_2
GEN_15_FIT_0.7713856830762301_0.7714691294351439_0.7717159623732526_SIZE_1_1.3_2
GEN_16_FIT_0.771432231164864_0.7715732217800164_0.7718213809822251_SIZE_1_1.45_3
GEN_17_FIT_0.771645565667428_0.7717544581631192_0.7722964215177219_SIZE_1_1.15_2
GEN_18_FIT_0.7717159623732526_0.7718581000291204_0.7724682505173882_SIZE_1_1.3_3
GEN_19_FIT_0.7718213809822251_0.7720852627419307_0.7724682505173882_SIZE_1_1.4_2
GEN_20_FIT_0.7722474078267612_0.7723485693745801_0.7724682505173882_SIZE_1_1.15_2
Evaluating in sample:
[GEN_20|make_tuple(9, 29, 199, 310)|0.7725]
Evaluating out-of-sample:
[GEN_20|make_tuple(9, 29, 199, 310)|0.8229]
GEN_21_FIT_0.7724682505173882_0.7724682505173882_0.7724682505173882_SIZE_1_1.0_1
GEN_22_FIT_0.7724682505173882_0.7724685435003906_0.772474110177436_SIZE_1_1.0_1
GEN_23_FIT_0.7724682505173882_0.7724689292459859_0.7724759654292954_SIZE_1_1.0_1
GEN_24_FIT_0.7724682505173882_0.7724709654317792_0.7724759654292954_SIZE_1_1.1_2
GEN_25_FIT_0.772474110177436_0.7724759801245189_0.7724818250893433_SIZE_1_1.15_2
GEN_26_FIT_0.7724759654292954_0.7724774303443074_0.7724818250893433_SIZE_1_1.1_2
GEN_27_FIT_0.7724759654292954_0.7724791882423218_0.7724818250893433_SIZE_1_1.1_2
GEN_28_FIT_0.7724818250893433_0.7724818250893433_0.7724818250893433_SIZE_1_1.0_1
GEN_29_FIT_0.7724818250893433_0.7724818250893433_0.7724818250893433_SIZE_1_1.0_1
GEN_30_FIT_0.7724818250893433_0.7724818250893433_0.7724818250893433_SIZE_1_1.0_1
GEN_31_FIT_0.7724818250893433_0.7724818250893433_0.7724818250893433_SIZE_1_1.0_1
GEN_32_FIT_0.7724818250893433_0.7724818250893433_0.7724818250893433_SIZE_1_1.0_1
GEN_33_FIT_0.7724818250893433_0.7724818250893433_0.7724818250893433_SIZE_1_1.0_1
GEN_34_FIT_0.7724818250893433_0.7724818250893433_0.7724818250893433_SIZE_1_1.0_1
GEN_35_FIT_0.7724818250893433_0.7724818250893433_0.7724818250893433_SIZE_1_1.0_1
GEN_36_FIT_0.7724818250893433_0.7724818250893433_0.7724818250893433_SIZE_1_1.0_1
GEN_37_FIT_0.7724818250893433_0.7724818250893433_0.7724818250893433_SIZE_1_1.0_1
GEN_38_FIT_0.7724818250893433_0.7724818250893433_0.7724818250893433_SIZE_1_1.0_1
GEN_39_FIT_0.7724818250893433_0.7724818250893433_0.7724818250893433_SIZE_1_1.0_1
GEN_40_FIT_0.7724818250893433_0.7724818250893433_0.7724818250893433_SIZE_1_1.0_1
Evaluating in sample:
[GEN_40|make_tuple(9, 29, 201, 311)|0.7725]
Evaluating out-of-sample:
[GEN_40|make_tuple(9, 29, 201, 311)|0.8229]
GEN_41_FIT_0.7724818250893433_0.7724818250893433_0.7724818250893433_SIZE_1_1.0_1
GEN_42_FIT_0.7724818250893433_0.7724818250893433_0.7724818250893433_SIZE_1_1.0_1
GEN_43_FIT_0.7724818250893433_0.7724818250893433_0.7724818250893433_SIZE_1_1.0_1
GEN_44_FIT_0.7724818250893433_0.7724818250893433_0.7724818250893433_SIZE_1_1.0_1
GEN_45_FIT_0.7724818250893433_0.7724818250893433_0.7724818250893433_SIZE_1_1.0_1
GEN_46_FIT_0.7724818250893433_0.7724818250893433_0.7724818250893433_SIZE_1_1.0_1
GEN_47_FIT_0.7724818250893433_0.7724818250893433_0.7724818250893433_SIZE_1_1.0_1
Evaluating in sample:
[GEN_47|make_tuple(9, 29, 201, 311)|0.7725]
Evaluating out-of-sample:
[GEN_47|make_tuple(9, 29, 201, 311)|0.8229]
Stopped early in iteration 47, no improvement in 20 gens.
START_TASK: 37
GEN_0_FIT_0.6384438877491679_0.7087287271460985_0.7311165494511414_SIZE_1_5.6_15
GEN_1_FIT_0.7219399164926859_0.730134458363936_0.7390469868198175_SIZE_1_6.15_16
GEN_2_FIT_0.7352335933064088_0.7485668994354779_0.7688696798218666_SIZE_1_5.75_13
GEN_3_FIT_0.7564445453138265_0.7634889112133652_0.7692365000156919_SIZE_1_2.2_7
GEN_4_FIT_0.7685641837245574_0.7691536767299489_0.7701176049793019_SIZE_1_3.0_7
GEN_5_FIT_0.7692092155304543_0.769822507608031_0.7701176049793019_SIZE_1_4.4_12
