Starting problem: mlr_rpart
param:age_regularization:100000.0
param:algorithm:mupluslambda
param:constants_only:True
param:cxpb:0.25
param:early_stop_n:20
param:lambda_:100
param:max_number_operators:None
param:max_start_size:2
param:mu:20
param:ngen:300
param:optimize_constants:False
param:output_file:/home/gijsbers/symbolicdefaults/runs/mlr_rpart_True_15.log
param:problem:mlr_rpart
param:subset:1.0
param:task:None
param:warm_start:False
Benchmark problems: mlr_rpart
Loading surrogates from file.
START_TASK: 3
GEN_0_FIT_0.7382301489401244_0.8321027937221913_0.8587803525602918_SIZE_1_5.55_17
GEN_1_FIT_0.8379802813186078_0.8497323513435401_0.8610764033890389_SIZE_1_2.85_13
GEN_2_FIT_0.8516570584443722_0.8597363013510302_0.8645129976076327_SIZE_1_1.15_3
GEN_3_FIT_0.8610647106299846_0.861843422056347_0.8645129976076327_SIZE_1_1.1_2
GEN_4_FIT_0.8620354036771868_0.8639240775817143_0.8667346141317165_SIZE_1_1.35_3
GEN_5_FIT_0.8645129976076327_0.8660945431515735_0.8674613235915426_SIZE_1_1.1_2
GEN_6_FIT_0.8671356946292322_0.8673644884638818_0.8682837680997132_SIZE_1_1.0_1
GEN_7_FIT_0.8675630345049145_0.8680903551286834_0.8696397141262557_SIZE_1_1.05_2
GEN_8_FIT_0.8684253212918018_0.8691359606972083_0.8696397141262557_SIZE_1_1.1_2
GEN_9_FIT_0.8693758886905001_0.869730529714786_0.8710020386360713_SIZE_1_1.15_2
GEN_10_FIT_0.8701378355018418_0.8707287297163585_0.8720208652917295_SIZE_1_1.35_2
GEN_11_FIT_0.8710020386360713_0.8716866388477718_0.8721035083493248_SIZE_1_1.35_2
GEN_12_FIT_0.8718453502078372_0.8720473856014811_0.872726786570654_SIZE_1_1.05_2
GEN_13_FIT_0.8720208652917295_0.8721527621728817_0.872726786570654_SIZE_1_1.15_2
GEN_14_FIT_0.8720208652917295_0.8725626264541372_0.8733228900411238_SIZE_1_1.4_2
GEN_15_FIT_0.8725410390779994_0.8729533573121797_0.8734825712547631_SIZE_1_1.5_2
GEN_16_FIT_0.8725818034339679_0.8727258891847443_0.8736069108708763_SIZE_1_1.15_2
GEN_17_FIT_0.8725818034339679_0.872736695493636_0.8736069108708763_SIZE_1_1.15_2
GEN_18_FIT_0.8725909820901399_0.8728545312047746_0.8736069108708763_SIZE_1_1.25_2
GEN_19_FIT_0.8725909820901399_0.8732939206717516_0.8736069108708763_SIZE_1_1.7_2
GEN_20_FIT_0.8728353962559015_0.8734218349841619_0.8741797227969993_SIZE_1_1.75_2
Evaluating in sample:
[GEN_20|make_tuple(0.001634957299455085, 22, 11, 28)|0.8729]
[GEN_20|make_tuple(mul(0.41756656764974076, 0.0016452214702257812), 19, 11, 27)|0.8742]
Evaluating out-of-sample:
[GEN_20|make_tuple(0.001634957299455085, 22, 11, 28)|0.9628]
[GEN_20|make_tuple(mul(0.41756656764974076, 0.0016452214702257812), 19, 11, 27)|0.9663]
GEN_21_FIT_0.8728353962559015_0.8731620486248328_0.8743637071030059_SIZE_1_1.25_2
GEN_22_FIT_0.8728913303409473_0.8734579919825615_0.8751477471100901_SIZE_1_1.35_2
GEN_23_FIT_0.8729284695808397_0.873267696692665_0.8751477471100901_SIZE_1_1.2_2
GEN_24_FIT_0.8729284695808397_0.8735102797039728_0.8751477471100901_SIZE_1_1.35_2
GEN_25_FIT_0.8729284695808397_0.8733015185228524_0.8753412519766343_SIZE_1_1.15_2
GEN_26_FIT_0.8730716673402898_0.8731851465721071_0.8753412519766343_SIZE_1_1.05_2
GEN_27_FIT_0.8730716673402898_0.8732986258039244_0.8753412519766343_SIZE_1_1.1_2
GEN_28_FIT_0.8730716673402898_0.8732986258039244_0.8753412519766343_SIZE_1_1.1_2
GEN_29_FIT_0.8730716673402898_0.8732107593322992_0.8758535071804746_SIZE_1_1.05_2
GEN_30_FIT_0.8730716673402898_0.8733498513243083_0.8758535071804746_SIZE_1_1.1_2
GEN_31_FIT_0.8730716673402898_0.8733498513243083_0.8758535071804746_SIZE_1_1.1_2
GEN_32_FIT_0.8730716673402898_0.8733498513243083_0.8758535071804746_SIZE_1_1.1_2
GEN_33_FIT_0.8730716673402898_0.8733498513243083_0.8758535071804746_SIZE_1_1.1_2
GEN_34_FIT_0.8730716673402898_0.8733498513243083_0.8758535071804746_SIZE_1_1.1_2
GEN_35_FIT_0.8730716673402898_0.8733498513243083_0.8758535071804746_SIZE_1_1.1_2
GEN_36_FIT_0.8730716673402898_0.8733498513243083_0.8758535071804746_SIZE_1_1.1_2
GEN_37_FIT_0.8730716673402898_0.8740307454815015_0.8758535071804746_SIZE_1_1.35_2
GEN_38_FIT_0.8730716673402898_0.8753969077700561_0.8758535071804746_SIZE_1_1.9_3
GEN_39_FIT_0.8730314417180368_0.8751964106423096_0.8765542195861521_SIZE_1_1.75_2
GEN_40_FIT_0.8730227610728757_0.8744247912938263_0.8765542195861521_SIZE_1_1.5_3
Evaluating in sample:
[GEN_40|make_tuple(0.0015531410917481723, 22, 11, 28)|0.8731]
[GEN_40|make_tuple(mul(0.17220375099383067, 0.0024986074905607772), 22, 11, 27)|0.8766]
Evaluating out-of-sample:
[GEN_40|make_tuple(0.0015531410917481723, 22, 11, 28)|0.9627]
[GEN_40|make_tuple(mul(0.17220375099383067, 0.0024986074905607772), 22, 11, 27)|0.9675]
GEN_41_FIT_0.8730716673402898_0.8741275952648_0.8765542195861521_SIZE_1_1.4_3
GEN_42_FIT_0.8731104530370712_0.8734548296919794_0.8765542195861521_SIZE_1_1.1_2
GEN_43_FIT_0.8731104530370712_0.8734548296919794_0.8765542195861521_SIZE_1_1.1_2
GEN_44_FIT_0.8731104530370712_0.8734548296919794_0.8765542195861521_SIZE_1_1.1_2
GEN_45_FIT_0.8731104530370712_0.8734548296919794_0.8765542195861521_SIZE_1_1.1_2
GEN_46_FIT_0.8731104530370712_0.8734548296919794_0.8765542195861521_SIZE_1_1.1_2
GEN_47_FIT_0.8731104530370712_0.8734548296919794_0.8765542195861521_SIZE_1_1.1_2
GEN_48_FIT_0.8731104530370712_0.8734548296919794_0.8765542195861521_SIZE_1_1.1_2
GEN_49_FIT_0.8731104530370712_0.8734548296919794_0.8765542195861521_SIZE_1_1.1_2
GEN_50_FIT_0.8731104530370712_0.8734548296919794_0.8765542195861521_SIZE_1_1.1_2
GEN_51_FIT_0.8731104530370712_0.8734548296919794_0.8765542195861521_SIZE_1_1.1_2
GEN_52_FIT_0.8731104530370712_0.8734548296919794_0.8765542195861521_SIZE_1_1.1_2
GEN_53_FIT_0.8731104530370712_0.8734548296919794_0.8765542195861521_SIZE_1_1.1_2
GEN_54_FIT_0.8731104530370712_0.8734548296919794_0.8765542195861521_SIZE_1_1.1_2
GEN_55_FIT_0.8731104530370712_0.8734548296919794_0.8765542195861521_SIZE_1_1.1_2
GEN_56_FIT_0.8731104530370712_0.8734548296919794_0.8765542195861521_SIZE_1_1.1_2
GEN_57_FIT_0.8731104530370712_0.8734548296919794_0.8765542195861521_SIZE_1_1.1_2
GEN_58_FIT_0.8731104530370712_0.8734548296919794_0.8765542195861521_SIZE_1_1.1_2
GEN_59_FIT_0.8731104530370712_0.8734548296919794_0.8765542195861521_SIZE_1_1.1_2
GEN_60_FIT_0.8731104530370712_0.8734548296919794_0.8765542195861521_SIZE_1_1.1_2
Evaluating in sample:
[GEN_60|make_tuple(0.0015531410917481723, 22, 11, 28)|0.8731]
[GEN_60|make_tuple(mul(0.17220375099383067, 0.0024986074905607772), 22, 11, 27)|0.8766]
Evaluating out-of-sample:
[GEN_60|make_tuple(0.0015531410917481723, 22, 11, 28)|0.9627]
[GEN_60|make_tuple(mul(0.17220375099383067, 0.0024986074905607772), 22, 11, 27)|0.9675]
Stopped early in iteration 60, no improvement in 20 gens.
START_TASK: 6
GEN_0_FIT_0.7457494814605384_0.8305039553920587_0.8494934761754365_SIZE_1_6.35_15
GEN_1_FIT_0.8348078387858174_0.8442395134683217_0.852866711276169_SIZE_1_6.05_15
GEN_2_FIT_0.8391779810971117_0.8474901555821786_0.8566531376301568_SIZE_1_3.3_10
GEN_3_FIT_0.839721316526574_0.8536619414533344_0.864840230494361_SIZE_1_2.7_10
GEN_4_FIT_0.8405830201834064_0.8518534971474967_0.8658363558312017_SIZE_1_2.95_10
GEN_5_FIT_0.843382662378675_0.8612321379572997_0.8676773240409505_SIZE_1_3.8_9
GEN_6_FIT_0.8493611152875536_0.864817662739601_0.8699995825906235_SIZE_1_4.0_9
GEN_7_FIT_0.8650435238079135_0.86802408669481_0.8708701489459428_SIZE_1_2.6_5
GEN_8_FIT_0.8674248204596264_0.8694260880953802_0.8708701489459428_SIZE_1_2.95_5
GEN_9_FIT_0.8685274086803488_0.8705145922425771_0.8708701489459428_SIZE_1_3.35_5
GEN_10_FIT_0.8703418239280862_0.870898899042456_0.8720544795297738_SIZE_1_3.65_5
GEN_11_FIT_0.86903428649679_0.871023029085352_0.8720544795297738_SIZE_1_2.7_5
GEN_12_FIT_0.8706503443309171_0.8718576639825502_0.872347515071286_SIZE_1_2.75_5
GEN_13_FIT_0.8720098303286029_0.8721824837333962_0.8727795054817863_SIZE_1_2.15_4
GEN_14_FIT_0.8721994808177322_0.8725855753910421_0.8735949577865886_SIZE_1_2.25_4
GEN_15_FIT_0.8725158099049982_0.8731747794876258_0.874481591227634_SIZE_1_2.55_4
GEN_16_FIT_0.8731057743196328_0.8738151881084113_0.874596078615709_SIZE_1_2.8_5
GEN_17_FIT_0.8734924146749362_0.8742548435259356_0.8747924346081386_SIZE_1_3.2_5
GEN_18_FIT_0.8736671622713162_0.8743011410681462_0.874895245475616_SIZE_1_2.6_5
GEN_19_FIT_0.8736942491220963_0.8745611291328549_0.8756949264481896_SIZE_1_2.85_5
GEN_20_FIT_0.873653174074081_0.8746715984587207_0.8768549312301445_SIZE_1_1.7_4
Evaluating in sample:
[GEN_20|make_tuple(0.0015498932494125198, 25, 11, 29)|0.8738]
[GEN_20|make_tuple(mul(0.371464043901217, 0.0018753129264133773), 25, 11, 29)|0.8762]
[GEN_20|make_tuple(mul(0.3498178850067725, 0.0011355728183703618), sub(25, min(317, 0.010772088901815248)), 11, 29)|0.8769]
Evaluating out-of-sample:
[GEN_20|make_tuple(0.0015498932494125198, 25, 11, 29)|0.8129]
[GEN_20|make_tuple(mul(0.371464043901217, 0.0018753129264133773), 25, 11, 29)|0.8550]
[GEN_20|make_tuple(mul(0.3498178850067725, 0.0011355728183703618), sub(25, min(317, 0.010772088901815248)), 11, 29)|0.8731]
GEN_21_FIT_0.8736942491220963_0.8749853428304528_0.8768549312301445_SIZE_1_1.85_4
GEN_22_FIT_0.8740872801027039_0.8760724252405743_0.8768549312301445_SIZE_1_2.8_4
GEN_23_FIT_0.8741256140547621_0.8764488620489155_0.8768549312301445_SIZE_1_2.95_4
GEN_24_FIT_0.8742208311362666_0.8763325104470828_0.8768549312301445_SIZE_1_2.2_3
GEN_25_FIT_0.8742661792726633_0.8759488680450263_0.8768549312301445_SIZE_1_1.65_2
GEN_26_FIT_0.8742584873507312_0.8750459149803097_0.8769248255601166_SIZE_1_1.3_2
GEN_27_FIT_0.8742661792726633_0.8745320439014085_0.8769248255601166_SIZE_1_1.1_2
GEN_28_FIT_0.8742661792726633_0.8745320439014085_0.8769248255601166_SIZE_1_1.1_2
GEN_29_FIT_0.8742661792726633_0.8745320439014085_0.8769248255601166_SIZE_1_1.1_2
GEN_30_FIT_0.8742661792726633_0.8745320439014085_0.8769248255601166_SIZE_1_1.1_2
GEN_31_FIT_0.8742661792726633_0.8745320439014085_0.8769248255601166_SIZE_1_1.1_2
GEN_32_FIT_0.8742661792726633_0.8745320439014085_0.8769248255601166_SIZE_1_1.1_2
GEN_33_FIT_0.8742661792726633_0.8744000732827344_0.8769440594740875_SIZE_1_1.05_2
GEN_34_FIT_0.8742661792726633_0.8746688494298583_0.8769440594740875_SIZE_1_1.15_2
GEN_35_FIT_0.8742661792726633_0.8754667462084891_0.8769440594740875_SIZE_1_1.45_2
GEN_36_FIT_0.8742859418122917_0.8764351202851325_0.8773921761214495_SIZE_1_1.8_2
GEN_37_FIT_0.8742436867730944_0.8756758028823504_0.8773921761214495_SIZE_1_1.5_2
GEN_38_FIT_0.8742859418122917_0.8753645188085297_0.8773921761214495_SIZE_1_1.4_3
GEN_39_FIT_0.8742859418122917_0.8764522578388068_0.8773921761214495_SIZE_1_1.8_3
GEN_40_FIT_0.8742859418122917_0.8747559205908407_0.877400635895603_SIZE_1_1.15_2
Evaluating in sample:
[GEN_40|make_tuple(0.0015582817993347433, 22, 11, 28)|0.8743]
[GEN_40|make_tuple(mul(0.35340127931465337, 0.0012223469736817657), 22, 11, 27)|0.8774]
Evaluating out-of-sample:
[GEN_40|make_tuple(0.0015582817993347433, 22, 11, 28)|0.8134]
[GEN_40|make_tuple(mul(0.35340127931465337, 0.0012223469736817657), 22, 11, 27)|0.8710]
GEN_41_FIT_0.8742915120330111_0.8744522045195163_0.8775053617631141_SIZE_1_1.05_2
GEN_42_FIT_0.8742915120330111_0.8746128970060214_0.8775053617631141_SIZE_1_1.1_2
GEN_43_FIT_0.8742915120330111_0.8750922399553552_0.8775053617631141_SIZE_1_1.25_2
GEN_44_FIT_0.8742915120330111_0.8760384878580995_0.8775053617631141_SIZE_1_1.55_2
GEN_45_FIT_0.8742915120330111_0.8765407461466925_0.8775053617631141_SIZE_1_1.7_2
GEN_46_FIT_0.8743517800084271_0.8771900035876454_0.8775053617631141_SIZE_1_1.9_2
GEN_47_FIT_0.8742595181654952_0.8767127762210034_0.8775138215372675_SIZE_1_1.75_2
GEN_48_FIT_0.8743091324891481_0.8762443346175214_0.8775138215372675_SIZE_1_1.6_2
GEN_49_FIT_0.8743517800084271_0.8757746986964052_0.8775138215372675_SIZE_1_1.45_2
GEN_50_FIT_0.8743517800084271_0.8746679841613112_0.8775138215372675_SIZE_1_1.1_2
GEN_51_FIT_0.8743517800084271_0.8746679841613112_0.8775138215372675_SIZE_1_1.1_2
GEN_52_FIT_0.8743517800084271_0.8746679841613112_0.8775138215372675_SIZE_1_1.1_2
GEN_53_FIT_0.8743517800084271_0.8746679841613112_0.8775138215372675_SIZE_1_1.1_2
GEN_54_FIT_0.8743517800084271_0.8746679841613112_0.8775138215372675_SIZE_1_1.1_2
GEN_55_FIT_0.8743517800084271_0.8746679841613112_0.8775138215372675_SIZE_1_1.1_2
GEN_56_FIT_0.8743517800084271_0.8746679841613112_0.8775138215372675_SIZE_1_1.1_2
GEN_57_FIT_0.8743517800084271_0.8746679841613112_0.8775138215372675_SIZE_1_1.1_2
GEN_58_FIT_0.8743517800084271_0.8746679841613112_0.8775138215372675_SIZE_1_1.1_2
GEN_59_FIT_0.8743517800084271_0.8746679841613112_0.8775138215372675_SIZE_1_1.1_2
GEN_60_FIT_0.8743517800084271_0.8746679841613112_0.8775138215372675_SIZE_1_1.1_2
Evaluating in sample:
[GEN_60|make_tuple(0.0015518285939578296, 22, 11, 28)|0.8744]
[GEN_60|make_tuple(mul(0.3535473251305669, 0.0012223469736817657), 25, 11, 27)|0.8775]
Evaluating out-of-sample:
[GEN_60|make_tuple(0.0015518285939578296, 22, 11, 28)|0.8134]
[GEN_60|make_tuple(mul(0.3535473251305669, 0.0012223469736817657), 25, 11, 27)|0.8710]
GEN_61_FIT_0.8743517800084271_0.8746679841613112_0.8775138215372675_SIZE_1_1.1_2
GEN_62_FIT_0.8743517800084271_0.8746679841613112_0.8775138215372675_SIZE_1_1.1_2
GEN_63_FIT_0.8743517800084271_0.8746679841613112_0.8775138215372675_SIZE_1_1.1_2
GEN_64_FIT_0.8743517800084271_0.8746679841613112_0.8775138215372675_SIZE_1_1.1_2
GEN_65_FIT_0.8743517800084271_0.8746679841613112_0.8775138215372675_SIZE_1_1.1_2
GEN_66_FIT_0.8743517800084271_0.8746679841613112_0.8775138215372675_SIZE_1_1.1_2
GEN_67_FIT_0.8743517800084271_0.8746679841613112_0.8775138215372675_SIZE_1_1.1_2
GEN_68_FIT_0.8743517800084271_0.8746679841613112_0.8775138215372675_SIZE_1_1.1_2
Evaluating in sample:
[GEN_68|make_tuple(0.0015518285939578296, 22, 11, 28)|0.8744]
[GEN_68|make_tuple(mul(0.3535473251305669, 0.0012223469736817657), 25, 11, 27)|0.8775]
Evaluating out-of-sample:
[GEN_68|make_tuple(0.0015518285939578296, 22, 11, 28)|0.8134]
[GEN_68|make_tuple(mul(0.3535473251305669, 0.0012223469736817657), 25, 11, 27)|0.8710]
Stopped early in iteration 68, no improvement in 20 gens.
START_TASK: 11
GEN_0_FIT_0.6911290302840201_0.8140234746683429_0.8549023483434476_SIZE_1_5.05_14
GEN_1_FIT_0.8364324948381152_0.8534943129624499_0.8590931271992324_SIZE_1_3.2_10
GEN_2_FIT_0.8552472896606573_0.8587416436957849_0.8633916210229637_SIZE_1_2.65_9
GEN_3_FIT_0.8583294562997555_0.8602590130168286_0.8633916210229637_SIZE_1_2.45_5
GEN_4_FIT_0.8595136571930024_0.862164621221529_0.8633916210229637_SIZE_1_3.1_5
GEN_5_FIT_0.8604973591301959_0.8628862501467387_0.8633916210229637_SIZE_1_2.85_4
GEN_6_FIT_0.8626824927013333_0.8632597013699292_0.8633916210229637_SIZE_1_2.85_4
GEN_7_FIT_0.863190922022083_0.8635394087736428_0.8657881317329917_SIZE_1_2.8_4
GEN_8_FIT_0.8624689905624109_0.8640600723374015_0.868430415084859_SIZE_1_2.35_4
GEN_9_FIT_0.8637715129805277_0.8651580877618228_0.8692362426714072_SIZE_1_1.7_3
GEN_10_FIT_0.8646271007820314_0.8672182027743267_0.8700401762535456_SIZE_1_1.6_3
GEN_11_FIT_0.8654590085065422_0.8691689188828324_0.8702144095988791_SIZE_1_1.8_3
GEN_12_FIT_0.8687312951219975_0.8701362916769545_0.8713434254888943_SIZE_1_1.55_3
GEN_13_FIT_0.8701612153693974_0.8708290149874693_0.8714573827232756_SIZE_1_1.7_3
GEN_14_FIT_0.871039320192674_0.8714963499429548_0.8734337208438313_SIZE_1_1.6_2
GEN_15_FIT_0.8712905066177098_0.871897816025083_0.8734337208438313_SIZE_1_1.35_2
GEN_16_FIT_0.8716137654606646_0.8728552936798248_0.8739493928184414_SIZE_1_1.6_3
GEN_17_FIT_0.8721722647037885_0.8732399226826857_0.8747518752271379_SIZE_1_1.4_3
GEN_18_FIT_0.8728172650963695_0.8739747548078732_0.8751922111802058_SIZE_1_1.65_3
GEN_19_FIT_0.8728172650963695_0.8735372789882329_0.8751922111802058_SIZE_1_1.3_2
GEN_20_FIT_0.8729754798080772_0.8747496277593653_0.8751922111802058_SIZE_1_1.85_3
Evaluating in sample:
[GEN_20|make_tuple(0.0016290766578818143, 23, 11, 27)|0.8730]
[GEN_20|make_tuple(mul(0.3705308138206413, 0.0018591429716228501), 26, 11, 27)|0.8752]
Evaluating out-of-sample:
[GEN_20|make_tuple(0.0016290766578818143, 23, 11, 27)|0.9278]
[GEN_20|make_tuple(mul(0.3705308138206413, 0.0018591429716228501), 26, 11, 27)|0.9263]
GEN_21_FIT_0.8729863381906643_0.8746910287478036_0.875501642051928_SIZE_1_1.75_2
GEN_22_FIT_0.8729863381906643_0.874010982830665_0.875501642051928_SIZE_1_1.4_2
GEN_23_FIT_0.8730574594158986_0.874401759865715_0.875501642051928_SIZE_1_1.55_2
GEN_24_FIT_0.8730574594158986_0.8734563755474554_0.8759980130695004_SIZE_1_1.15_2
GEN_25_FIT_0.8730574594158986_0.8733724635570999_0.8761181811753737_SIZE_1_1.1_2
GEN_26_FIT_0.8730574594158986_0.8736949378835748_0.8761181811753737_SIZE_1_1.2_2
GEN_27_FIT_0.873206863121372_0.8734979949267719_0.8761181811753737_SIZE_1_1.1_2
GEN_28_FIT_0.873206863121372_0.873356083406347_0.876191268820875_SIZE_1_1.05_2
GEN_29_FIT_0.873206863121372_0.8735053036913222_0.876191268820875_SIZE_1_1.1_2
GEN_30_FIT_0.873206863121372_0.8735053036913222_0.876191268820875_SIZE_1_1.1_2
GEN_31_FIT_0.873206863121372_0.8733594723528361_0.8762590477506549_SIZE_1_1.05_2
GEN_32_FIT_0.873206863121372_0.8733594723528361_0.8762590477506549_SIZE_1_1.05_2
GEN_33_FIT_0.873206863121372_0.8733594723528361_0.8762590477506549_SIZE_1_1.05_2
GEN_34_FIT_0.873206863121372_0.873367494700568_0.8764194947052932_SIZE_1_1.05_2
GEN_35_FIT_0.873206863121372_0.8735281262797641_0.8764194947052932_SIZE_1_1.1_2
GEN_36_FIT_0.873206863121372_0.8735281262797641_0.8764194947052932_SIZE_1_1.1_2
GEN_37_FIT_0.873206863121372_0.8735281262797641_0.8764194947052932_SIZE_1_1.1_2
GEN_38_FIT_0.873206863121372_0.8735281262797641_0.8764194947052932_SIZE_1_1.1_2
GEN_39_FIT_0.873206863121372_0.8735281262797641_0.8764194947052932_SIZE_1_1.1_2
GEN_40_FIT_0.873206863121372_0.8733691991779899_0.8764535842537352_SIZE_1_1.05_2
Evaluating in sample:
[GEN_40|make_tuple(0.0016343676595183046, 22, 11, 27)|0.8732]
[GEN_40|make_tuple(mul(0.19422769422498629, 0.002035752364553171), 22, 11, 27)|0.8765]
Evaluating out-of-sample:
[GEN_40|make_tuple(0.0016343676595183046, 22, 11, 27)|0.9281]
[GEN_40|make_tuple(mul(0.19422769422498629, 0.002035752364553171), 22, 11, 27)|0.9269]
GEN_41_FIT_0.873206863121372_0.8735315352346081_0.8764535842537352_SIZE_1_1.1_2
GEN_42_FIT_0.873206863121372_0.8735315352346081_0.8764535842537352_SIZE_1_1.1_2
GEN_43_FIT_0.873206863121372_0.8735315352346081_0.8764535842537352_SIZE_1_1.1_2
GEN_44_FIT_0.873206863121372_0.8735315352346081_0.8764535842537352_SIZE_1_1.1_2
GEN_45_FIT_0.873206863121372_0.8743367331048134_0.8764535842537352_SIZE_1_1.35_2
GEN_46_FIT_0.873206863121372_0.8756423953231132_0.8764535842537352_SIZE_1_1.8_3
GEN_47_FIT_0.873206863121372_0.8737464967734632_0.8769017009010972_SIZE_1_1.15_2
GEN_48_FIT_0.8732533548904008_0.8744198110564152_0.8769017009010972_SIZE_1_1.35_2
GEN_49_FIT_0.8732533548904008_0.8749493497979847_0.8769017009010972_SIZE_1_1.5_2
GEN_50_FIT_0.8732689971315117_0.8752669842047835_0.8769017009010972_SIZE_1_1.55_2
GEN_51_FIT_0.8732689971315117_0.8734510553086986_0.8769101606752506_SIZE_1_1.05_2
GEN_52_FIT_0.8732689971315117_0.8736331134858855_0.8769101606752506_SIZE_1_1.1_2
GEN_53_FIT_0.8732689971315117_0.8736331134858855_0.8769101606752506_SIZE_1_1.1_2
GEN_54_FIT_0.8732689971315117_0.8736331134858855_0.8769101606752506_SIZE_1_1.1_2
GEN_55_FIT_0.8732689971315117_0.8736331134858855_0.8769101606752506_SIZE_1_1.1_2
GEN_56_FIT_0.8732689971315117_0.8736331134858855_0.8769101606752506_SIZE_1_1.1_2
GEN_57_FIT_0.8732689971315117_0.8736331134858855_0.8769101606752506_SIZE_1_1.1_2
GEN_58_FIT_0.8732689971315117_0.8736331134858855_0.8769101606752506_SIZE_1_1.1_2
GEN_59_FIT_0.8732689971315117_0.8736331134858855_0.8769101606752506_SIZE_1_1.1_2
GEN_60_FIT_0.8732689971315117_0.8736331134858855_0.8769101606752506_SIZE_1_1.1_2
Evaluating in sample:
[GEN_60|make_tuple(0.0015516225729479902, 22, 11, 28)|0.8733]
[GEN_60|make_tuple(mul(0.19453830312750306, 0.0022007968032517985), 22, 11, 27)|0.8769]
Evaluating out-of-sample:
[GEN_60|make_tuple(0.0015516225729479902, 22, 11, 28)|0.9368]
[GEN_60|make_tuple(mul(0.19453830312750306, 0.0022007968032517985), 22, 11, 27)|0.9269]
GEN_61_FIT_0.8732689971315117_0.8736331134858855_0.8769101606752506_SIZE_1_1.1_2
GEN_62_FIT_0.8732689971315117_0.8736331134858855_0.8769101606752506_SIZE_1_1.1_2
GEN_63_FIT_0.8732689971315117_0.8736331134858855_0.8769101606752506_SIZE_1_1.1_2
GEN_64_FIT_0.8732689971315117_0.8736331134858855_0.8769101606752506_SIZE_1_1.1_2
GEN_65_FIT_0.8732689971315117_0.8736331134858855_0.8769101606752506_SIZE_1_1.1_2
GEN_66_FIT_0.8732689971315117_0.8736331134858855_0.8769101606752506_SIZE_1_1.1_2
GEN_67_FIT_0.8732689971315117_0.8736331134858855_0.8769101606752506_SIZE_1_1.1_2
GEN_68_FIT_0.8732689971315117_0.8736331134858855_0.8769101606752506_SIZE_1_1.1_2
GEN_69_FIT_0.8732689971315117_0.8736331134858855_0.8769101606752506_SIZE_1_1.1_2
GEN_70_FIT_0.8732689971315117_0.8736331134858855_0.8769101606752506_SIZE_1_1.1_2
GEN_71_FIT_0.8732689971315117_0.8736331134858855_0.8769101606752506_SIZE_1_1.1_2
GEN_72_FIT_0.8732689971315117_0.8736331134858855_0.8769101606752506_SIZE_1_1.1_2
Evaluating in sample:
[GEN_72|make_tuple(0.0015516225729479902, 22, 11, 28)|0.8733]
[GEN_72|make_tuple(mul(0.19453830312750306, 0.0022007968032517985), 22, 11, 27)|0.8769]
Evaluating out-of-sample:
[GEN_72|make_tuple(0.0015516225729479902, 22, 11, 28)|0.9368]
[GEN_72|make_tuple(mul(0.19453830312750306, 0.0022007968032517985), 22, 11, 27)|0.9269]
Stopped early in iteration 72, no improvement in 20 gens.
START_TASK: 12
