Starting problem: mlr_rpart
param:age_regularization:100000.0
param:algorithm:mupluslambda
param:constants_only:True
param:cxpb:0.25
param:early_stop_n:20
param:lambda_:100
param:max_number_operators:None
param:max_start_size:2
param:mu:20
param:ngen:300
param:optimize_constants:False
param:output_file:/home/gijsbers/symbolicdefaults/runs/mlr_rpart_True_9.log
param:problem:mlr_rpart
param:subset:1.0
param:task:None
param:warm_start:False
Benchmark problems: mlr_rpart
Loading surrogates from file.
START_TASK: 3
GEN_0_FIT_0.6968671115772147_0.794647858154644_0.8460903837912507_SIZE_1_6.95_17
GEN_1_FIT_0.7962436463428554_0.8306991900657439_0.850338136323391_SIZE_1_6.55_14
GEN_2_FIT_0.8238352664915174_0.8434081565332534_0.8549936395242849_SIZE_1_5.8_12
GEN_3_FIT_0.8434228108687691_0.8499050940988975_0.8549936395242849_SIZE_1_3.75_10
GEN_4_FIT_0.8505894484990058_0.8529409767227394_0.860601962648685_SIZE_1_2.95_8
GEN_5_FIT_0.8536595554838412_0.8562578908010019_0.8620446585056544_SIZE_1_2.8_8
GEN_6_FIT_0.8548804034178655_0.8597104946295591_0.862289996160375_SIZE_1_2.75_7
GEN_7_FIT_0.8590646476349825_0.861878787581538_0.8671626101494585_SIZE_1_2.55_6
GEN_8_FIT_0.8621927385894658_0.8632146424894314_0.8685545730765339_SIZE_1_2.45_5
GEN_9_FIT_0.8624242508556565_0.8655474556096936_0.8697132479002823_SIZE_1_2.1_3
GEN_10_FIT_0.863821050999213_0.8682836792808326_0.8706867575653425_SIZE_1_2.15_3
GEN_11_FIT_0.8673040727570869_0.8693770314200489_0.8715707283946015_SIZE_1_1.9_3
GEN_12_FIT_0.8689659255390201_0.8699073621665896_0.8715707283946015_SIZE_1_1.65_4
GEN_13_FIT_0.8693285611239401_0.870955816135103_0.871828495550646_SIZE_1_1.95_4
GEN_14_FIT_0.8706867575653425_0.8714387062574402_0.8719660328488449_SIZE_1_1.75_3
GEN_15_FIT_0.8715707283946015_0.8718133365475914_0.8719660328488449_SIZE_1_1.95_3
GEN_16_FIT_0.871828495550646_0.8719520256528421_0.8731360722995563_SIZE_1_1.8_4
GEN_17_FIT_0.871850351427816_0.8723540223925623_0.8749837980100965_SIZE_1_1.9_4
GEN_18_FIT_0.8731360722995563_0.8738375789504056_0.8750897705127159_SIZE_1_1.45_3
GEN_19_FIT_0.8738375185964649_0.8747353547510887_0.8750897705127159_SIZE_1_1.65_3
GEN_20_FIT_0.8749837980100965_0.8750255402328101_0.8751828074486556_SIZE_1_1.15_2
Evaluating in sample:
[GEN_20|make_tuple(0.0006966168193796467, 22, 11, 27)|0.8751]
[GEN_20|make_tuple(0.0006966168193796467, 25, truediv(0.5839956630480805, 0.05525956654154455), 29)|0.8752]
Evaluating out-of-sample:
[GEN_20|make_tuple(0.0006966168193796467, 22, 11, 27)|0.9666]
[GEN_20|make_tuple(0.0006966168193796467, 25, truediv(0.5839956630480805, 0.05525956654154455), 29)|0.9664]
GEN_21_FIT_0.8749837980100965_0.8750803683126579_0.8752562939381127_SIZE_1_1.25_2
GEN_22_FIT_0.8750897705127159_0.8751916396126023_0.8752562939381127_SIZE_1_1.35_2
GEN_23_FIT_0.8751828074486556_0.875248945289167_0.8752562939381127_SIZE_1_1.2_2
GEN_24_FIT_0.8752562939381127_0.8752562939381127_0.8752562939381127_SIZE_1_1.0_1
GEN_25_FIT_0.8752562939381127_0.8752562939381127_0.8752562939381127_SIZE_1_1.0_1
GEN_26_FIT_0.8752562939381127_0.8752562939381127_0.8752562939381127_SIZE_1_1.0_1
GEN_27_FIT_0.8752562939381127_0.8752581607772607_0.8752936307210732_SIZE_1_1.0_1
GEN_28_FIT_0.8752562939381127_0.8752656281338528_0.8752936307210732_SIZE_1_1.0_1
GEN_29_FIT_0.8752562939381127_0.875278696007889_0.8752936307210732_SIZE_1_1.0_1
GEN_30_FIT_0.8752936307210732_0.8752936307210734_0.8752936307210732_SIZE_1_1.0_1
GEN_31_FIT_0.8752936307210732_0.8752936307210734_0.8752936307210732_SIZE_1_1.0_1
GEN_32_FIT_0.8752936307210732_0.8752936307210734_0.8752936307210732_SIZE_1_1.0_1
GEN_33_FIT_0.8752936307210732_0.8752936307210734_0.8752936307210732_SIZE_1_1.0_1
GEN_34_FIT_0.8752936307210732_0.8752936307210734_0.8752936307210732_SIZE_1_1.0_1
GEN_35_FIT_0.8752936307210732_0.8752936307210734_0.8752936307210732_SIZE_1_1.0_1
GEN_36_FIT_0.8752936307210732_0.8752936307210734_0.8752936307210732_SIZE_1_1.0_1
GEN_37_FIT_0.8752936307210732_0.8752936307210734_0.8752936307210732_SIZE_1_1.0_1
GEN_38_FIT_0.8752936307210732_0.8752936307210734_0.8752936307210732_SIZE_1_1.0_1
GEN_39_FIT_0.8752936307210732_0.8752936307210734_0.8752936307210732_SIZE_1_1.0_1
GEN_40_FIT_0.8752936307210732_0.8752936307210734_0.8752936307210732_SIZE_1_1.0_1
Evaluating in sample:
[GEN_40|make_tuple(0.0007030232800751341, 25, 11, 27)|0.8753]
Evaluating out-of-sample:
[GEN_40|make_tuple(0.0007030232800751341, 25, 11, 27)|0.9664]
GEN_41_FIT_0.8752936307210732_0.8752936307210734_0.8752936307210732_SIZE_1_1.0_1
GEN_42_FIT_0.8752936307210732_0.8752936307210734_0.8752936307210732_SIZE_1_1.0_1
GEN_43_FIT_0.8752936307210732_0.8752936307210734_0.8752936307210732_SIZE_1_1.0_1
GEN_44_FIT_0.8752936307210732_0.8752936307210734_0.8752936307210732_SIZE_1_1.0_1
GEN_45_FIT_0.8752936307210732_0.8752936307210734_0.8752936307210732_SIZE_1_1.0_1
GEN_46_FIT_0.8752936307210732_0.8752936307210734_0.8752936307210732_SIZE_1_1.0_1
GEN_47_FIT_0.8752936307210732_0.8752936307210734_0.8752936307210732_SIZE_1_1.0_1
GEN_48_FIT_0.8752936307210732_0.8752936307210734_0.8752936307210732_SIZE_1_1.0_1
Evaluating in sample:
[GEN_48|make_tuple(0.0007030232800751341, 25, 11, 27)|0.8753]
Evaluating out-of-sample:
[GEN_48|make_tuple(0.0007030232800751341, 25, 11, 27)|0.9664]
Stopped early in iteration 48, no improvement in 20 gens.
START_TASK: 6
GEN_0_FIT_0.6579952688871952_0.7827167299225528_0.8588833420935406_SIZE_1_2.6_5
GEN_1_FIT_0.8451759101275879_0.8566369891836718_0.8601803741567142_SIZE_1_1.4_4
GEN_2_FIT_0.8589226704540589_0.8604843019395745_0.8636184681646776_SIZE_1_1.2_2
GEN_3_FIT_0.8611632320333291_0.8621054203398911_0.8636184681646776_SIZE_1_1.05_2
GEN_4_FIT_0.8625178642444552_0.8635815234872084_0.8650829753586772_SIZE_1_1.05_2
GEN_5_FIT_0.8646853111188433_0.8650253279373292_0.8662422537517572_SIZE_1_1.05_2
GEN_6_FIT_0.8652716899473321_0.8659923365359766_0.8670083393412399_SIZE_1_1.1_2
GEN_7_FIT_0.8664995649832355_0.8674406399327547_0.869395887837796_SIZE_1_1.1_2
GEN_8_FIT_0.8681497560982742_0.868863507736015_0.8704389051494618_SIZE_1_1.25_3
GEN_9_FIT_0.8693432100504004_0.8698476848839466_0.8718517977225929_SIZE_1_1.15_3
GEN_10_FIT_0.8703553385764072_0.871107039362861_0.8719675635021056_SIZE_1_1.1_2
GEN_11_FIT_0.8717219761458498_0.8720804246762155_0.8730364110085009_SIZE_1_1.2_2
GEN_12_FIT_0.8721316510731136_0.8728857474712914_0.8736886567015564_SIZE_1_1.0_1
GEN_13_FIT_0.8730288544398876_0.8733567060970465_0.8736886567015564_SIZE_1_1.0_1
GEN_14_FIT_0.8736886567015564_0.8737860108203055_0.8741028246107102_SIZE_1_1.05_2
GEN_15_FIT_0.8737925313729612_0.8739836097870295_0.8741028246107102_SIZE_1_1.0_1
GEN_16_FIT_0.8740633343716665_0.8740829271166068_0.8741459947538915_SIZE_1_1.0_1
GEN_17_FIT_0.8741028246107102_0.8741114586393465_0.8741459947538915_SIZE_1_1.05_2
GEN_18_FIT_0.8741028246107102_0.8741287266966189_0.8741459947538915_SIZE_1_1.1_2
GEN_19_FIT_0.8741459947538915_0.8741459947538915_0.8741459947538915_SIZE_1_1.0_1
GEN_20_FIT_0.8741459947538915_0.8741523414763505_0.874272929203068_SIZE_1_1.0_1
Evaluating in sample:
[GEN_20|make_tuple(0.0016364768811770994, 22, 11, 28)|0.8743]
Evaluating out-of-sample:
[GEN_20|make_tuple(0.0016364768811770994, 22, 11, 28)|0.8089]
GEN_21_FIT_0.8741459947538915_0.874165034921268_0.874272929203068_SIZE_1_1.0_1
GEN_22_FIT_0.8741459947538915_0.8741994816566315_0.874272929203068_SIZE_1_1.0_1
GEN_23_FIT_0.8742331708619147_0.874357303458598_0.8760001726548229_SIZE_1_1.05_2
GEN_24_FIT_0.874272929203068_0.87438741237898_0.8765625927213039_SIZE_1_1.05_2
GEN_25_FIT_0.874272929203068_0.87438741237898_0.8765625927213039_SIZE_1_1.05_2
GEN_26_FIT_0.874272929203068_0.87438741237898_0.8765625927213039_SIZE_1_1.05_2
GEN_27_FIT_0.874272929203068_0.8745018955548917_0.8765625927213039_SIZE_1_1.1_2
GEN_28_FIT_0.874272929203068_0.8745018955548917_0.8765625927213039_SIZE_1_1.1_2
GEN_29_FIT_0.874272929203068_0.8747480815709737_0.8768211824542285_SIZE_1_1.2_2
GEN_30_FIT_0.874272929203068_0.8749981233214188_0.8768211824542285_SIZE_1_1.35_3
GEN_31_FIT_0.874272929203068_0.875175145550014_0.8768211824542285_SIZE_1_1.45_3
GEN_32_FIT_0.8743517800084271_0.8754630111090378_0.8768211824542285_SIZE_1_1.45_2
GEN_33_FIT_0.8743517800084271_0.8744768019915872_0.8768522196716289_SIZE_1_1.05_2
GEN_34_FIT_0.8743517800084271_0.8746018239747473_0.8768522196716289_SIZE_1_1.1_2
GEN_35_FIT_0.8743517800084271_0.8746018239747473_0.8768522196716289_SIZE_1_1.1_2
GEN_36_FIT_0.8743517800084271_0.8746018239747473_0.8768522196716289_SIZE_1_1.1_2
GEN_37_FIT_0.8743517800084271_0.8746018239747473_0.8768522196716289_SIZE_1_1.1_2
GEN_38_FIT_0.8743517800084271_0.8746018239747473_0.8768522196716289_SIZE_1_1.1_2
GEN_39_FIT_0.8743517800084271_0.8746018239747473_0.8768522196716289_SIZE_1_1.1_2
GEN_40_FIT_0.8743517800084271_0.8746018239747473_0.8768522196716289_SIZE_1_1.1_2
Evaluating in sample:
[GEN_40|make_tuple(0.0015516899977325769, 22, 11, 28)|0.8744]
[GEN_40|make_tuple(mul(0.2526524276864348, 0.0015622069109228031), 22, 11, 28)|0.8769]
Evaluating out-of-sample:
[GEN_40|make_tuple(0.0015516899977325769, 22, 11, 28)|0.8134]
[GEN_40|make_tuple(mul(0.2526524276864348, 0.0015622069109228031), 22, 11, 28)|0.8721]
GEN_41_FIT_0.8743517800084271_0.8746018239747473_0.8768522196716289_SIZE_1_1.1_2
GEN_42_FIT_0.8743517800084271_0.8746018239747473_0.8768522196716289_SIZE_1_1.1_2
GEN_43_FIT_0.8743517800084271_0.8746018239747473_0.8768522196716289_SIZE_1_1.1_2
GEN_44_FIT_0.8743517800084271_0.8746018239747473_0.8768522196716289_SIZE_1_1.1_2
GEN_45_FIT_0.8743517800084271_0.8744813939817101_0.8769440594740875_SIZE_1_1.05_2
GEN_46_FIT_0.8743517800084271_0.8746110079549931_0.8769440594740875_SIZE_1_1.1_2
GEN_47_FIT_0.8743517800084271_0.8746110079549931_0.8769440594740875_SIZE_1_1.1_2
GEN_48_FIT_0.8743517800084271_0.8746110079549931_0.8769440594740875_SIZE_1_1.1_2
GEN_49_FIT_0.8743517800084271_0.8746110079549931_0.8769440594740875_SIZE_1_1.1_2
GEN_50_FIT_0.8743517800084271_0.8746110079549931_0.8769440594740875_SIZE_1_1.1_2
GEN_51_FIT_0.8743517800084271_0.8746110079549931_0.8769440594740875_SIZE_1_1.1_2
GEN_52_FIT_0.8743517800084271_0.8746110079549931_0.8769440594740875_SIZE_1_1.1_2
GEN_53_FIT_0.8743517800084271_0.8746110079549931_0.8769440594740875_SIZE_1_1.1_2
GEN_54_FIT_0.8743517800084271_0.8746110079549931_0.8769440594740875_SIZE_1_1.1_2
GEN_55_FIT_0.8743517800084271_0.8746110079549931_0.8769440594740875_SIZE_1_1.1_2
GEN_56_FIT_0.8743517800084271_0.8746110079549931_0.8769440594740875_SIZE_1_1.1_2
GEN_57_FIT_0.8743517800084271_0.8746110079549931_0.8769440594740875_SIZE_1_1.1_2
GEN_58_FIT_0.8743517800084271_0.8746110079549931_0.8769440594740875_SIZE_1_1.1_2
GEN_59_FIT_0.8743517800084271_0.8746110079549931_0.8769440594740875_SIZE_1_1.1_2
GEN_60_FIT_0.8743517800084271_0.8746110079549931_0.8769440594740875_SIZE_1_1.1_2
Evaluating in sample:
[GEN_60|make_tuple(0.0015516899977325769, 22, 11, 28)|0.8744]
[GEN_60|make_tuple(mul(0.2526524276864348, 0.0015622069109228031), 22, 11, 27)|0.8769]
Evaluating out-of-sample:
[GEN_60|make_tuple(0.0015516899977325769, 22, 11, 28)|0.8134]
[GEN_60|make_tuple(mul(0.2526524276864348, 0.0015622069109228031), 22, 11, 27)|0.8710]
GEN_61_FIT_0.8743517800084271_0.8746110079549931_0.8769440594740875_SIZE_1_1.1_2
GEN_62_FIT_0.8743517800084271_0.8746110079549931_0.8769440594740875_SIZE_1_1.1_2
GEN_63_FIT_0.8743517800084271_0.8746110079549931_0.8769440594740875_SIZE_1_1.1_2
GEN_64_FIT_0.8743517800084271_0.8746110079549931_0.8769440594740875_SIZE_1_1.1_2
GEN_65_FIT_0.8743517800084271_0.8746110079549931_0.8769440594740875_SIZE_1_1.1_2
GEN_66_FIT_0.8743517800084271_0.8746110079549931_0.8769440594740875_SIZE_1_1.1_2
Evaluating in sample:
[GEN_66|make_tuple(0.0015516899977325769, 22, 11, 28)|0.8744]
[GEN_66|make_tuple(mul(0.2526524276864348, 0.0015622069109228031), 22, 11, 27)|0.8769]
Evaluating out-of-sample:
[GEN_66|make_tuple(0.0015516899977325769, 22, 11, 28)|0.8134]
[GEN_66|make_tuple(mul(0.2526524276864348, 0.0015622069109228031), 22, 11, 27)|0.8710]
Stopped early in iteration 66, no improvement in 20 gens.
START_TASK: 11
GEN_0_FIT_0.6535257513722085_0.7757239344583601_0.8464315084614441_SIZE_1_2.55_9
GEN_1_FIT_0.8102308675664989_0.8302233797768108_0.8464315084614441_SIZE_1_2.2_4
GEN_2_FIT_0.8339230366787477_0.8434519366812829_0.8464315084614441_SIZE_1_2.3_4
GEN_3_FIT_0.8412177173313274_0.8462783526504957_0.8535965704607247_SIZE_1_2.1_4
GEN_4_FIT_0.8457054366814242_0.8500550302633358_0.8549791697886246_SIZE_1_2.15_5
GEN_5_FIT_0.849317860639032_0.8537302930709876_0.8598186895732268_SIZE_1_3.15_6
GEN_6_FIT_0.8523837846004194_0.8570136938097545_0.8624528946944096_SIZE_1_2.05_4
GEN_7_FIT_0.8541347543461868_0.8607281705211169_0.8657112858341115_SIZE_1_2.55_5
GEN_8_FIT_0.8573954649591571_0.8626460304250262_0.8660110017538458_SIZE_1_2.25_4
GEN_9_FIT_0.8595240074816541_0.8648307806140506_0.8665070183293734_SIZE_1_2.5_5
GEN_10_FIT_0.8657112858341115_0.8663404749355103_0.8686374611599602_SIZE_1_2.4_5
GEN_11_FIT_0.8668804006773839_0.867809521349948_0.868750590088262_SIZE_1_2.6_5
GEN_12_FIT_0.8675219198480314_0.8686034636076897_0.8703181987575834_SIZE_1_2.2_5
GEN_13_FIT_0.8688715580308809_0.8700186564581429_0.871219780767906_SIZE_1_2.15_5
GEN_14_FIT_0.8704328944585915_0.8712825259828929_0.8728601390907793_SIZE_1_1.3_3
GEN_15_FIT_0.8722922667722315_0.8727069966502198_0.8728986700282478_SIZE_1_1.25_4
GEN_16_FIT_0.8728220170872386_0.8728749935084048_0.8729456433392472_SIZE_1_1.0_1
GEN_17_FIT_0.8728986700282478_0.8729826993223041_0.8735739350842142_SIZE_1_1.1_2
GEN_18_FIT_0.8729456433392472_0.8731129998874456_0.8735739350842142_SIZE_1_1.3_2
GEN_19_FIT_0.873076440948016_0.873368394086423_0.8737530043353798_SIZE_1_1.55_3
GEN_20_FIT_0.8731071879680978_0.8735008579060388_0.8751151149437273_SIZE_1_1.4_3
Evaluating in sample:
[GEN_20|make_tuple(0.0016327457569632153, 22, 11, 27)|0.8732]
[GEN_20|make_tuple(mul(0.003084900239439194, 0.08576370930652802), 22, 11, 30)|0.8751]
Evaluating out-of-sample:
[GEN_20|make_tuple(0.0016327457569632153, 22, 11, 27)|0.9281]
[GEN_20|make_tuple(mul(0.003084900239439194, 0.08576370930652802), 22, 11, 30)|0.9500]
GEN_21_FIT_0.8731993418073373_0.873320366242188_0.8756198305043552_SIZE_1_1.05_2
GEN_22_FIT_0.8731993418073373_0.8734413906770391_0.8756198305043552_SIZE_1_1.1_2
GEN_23_FIT_0.8731993418073373_0.8734413906770391_0.8756198305043552_SIZE_1_1.1_2
GEN_24_FIT_0.8731993418073373_0.8734413906770391_0.8756198305043552_SIZE_1_1.1_2
GEN_25_FIT_0.8731993418073373_0.873324234370257_0.8756971930657329_SIZE_1_1.05_2
GEN_26_FIT_0.8731993418073373_0.8735006543393595_0.8756971930657329_SIZE_1_1.15_2
GEN_27_FIT_0.8731993418073373_0.8736537172397224_0.8756971930657329_SIZE_1_1.2_2
GEN_28_FIT_0.8731993418073373_0.8737774621074461_0.8761727164461651_SIZE_1_1.2_2
GEN_29_FIT_0.8732879066941563_0.8743240508800026_0.8761727164461651_SIZE_1_1.4_2
GEN_30_FIT_0.8732879066941563_0.8747345941862982_0.8761727164461651_SIZE_1_1.5_2
GEN_31_FIT_0.8732989179956665_0.8734478443072329_0.8762774442269927_SIZE_1_1.05_2
GEN_32_FIT_0.8732989179956665_0.873596770618799_0.8762774442269927_SIZE_1_1.1_2
GEN_33_FIT_0.8732989179956665_0.873596770618799_0.8762774442269927_SIZE_1_1.1_2
GEN_34_FIT_0.8732989179956665_0.8734549468311478_0.8764194947052932_SIZE_1_1.05_2
GEN_35_FIT_0.8732989179956665_0.8736109756666292_0.8764194947052932_SIZE_1_1.1_2
GEN_36_FIT_0.8732989179956665_0.8736109756666292_0.8764194947052932_SIZE_1_1.1_2
GEN_37_FIT_0.8732989179956665_0.8736109756666292_0.8764194947052932_SIZE_1_1.1_2
GEN_38_FIT_0.8732989179956665_0.8736109756666292_0.8764194947052932_SIZE_1_1.1_2
GEN_39_FIT_0.8732989179956665_0.8736109756666292_0.8764194947052932_SIZE_1_1.1_2
GEN_40_FIT_0.8732989179956665_0.8736109756666292_0.8764194947052932_SIZE_1_1.1_2
Evaluating in sample:
[GEN_40|make_tuple(0.0015610081351648316, 22, 11, 28)|0.8733]
[GEN_40|make_tuple(mul(0.003084900239439194, 0.13041061691043404), 22, 11, 27)|0.8764]
Evaluating out-of-sample:
[GEN_40|make_tuple(0.0015610081351648316, 22, 11, 28)|0.9368]
[GEN_40|make_tuple(mul(0.003084900239439194, 0.13041061691043404), 22, 11, 27)|0.9269]
GEN_41_FIT_0.8732989179956665_0.8736109756666292_0.8764194947052932_SIZE_1_1.1_2
GEN_42_FIT_0.8732989179956665_0.8736109756666292_0.8764194947052932_SIZE_1_1.1_2
GEN_43_FIT_0.8732989179956665_0.8748115760263454_0.8764194947052932_SIZE_1_1.5_2
GEN_44_FIT_0.8732989179956665_0.8751157866102117_0.8764194947052932_SIZE_1_1.6_2
GEN_45_FIT_0.8732992957898428_0.8750154051933405_0.8764194947052932_SIZE_1_1.55_2
GEN_46_FIT_0.8732992957898428_0.8761074748137482_0.8764194947052932_SIZE_1_1.9_2
GEN_47_FIT_0.8732882844883327_0.8753264765712867_0.8764225470363349_SIZE_1_1.65_2
GEN_48_FIT_0.8732882844883327_0.8743882745374822_0.8764225470363349_SIZE_1_1.35_2
GEN_49_FIT_0.8732992957898428_0.8742362711637902_0.8764225470363349_SIZE_1_1.3_2
GEN_50_FIT_0.8732992957898428_0.873611620914492_0.8764225470363349_SIZE_1_1.1_2
GEN_51_FIT_0.8732992957898428_0.873611620914492_0.8764225470363349_SIZE_1_1.1_2
GEN_52_FIT_0.8732992957898428_0.873611620914492_0.8764225470363349_SIZE_1_1.1_2
GEN_53_FIT_0.8732992957898428_0.873611620914492_0.8764225470363349_SIZE_1_1.1_2
GEN_54_FIT_0.8732992957898428_0.873611620914492_0.8764225470363349_SIZE_1_1.1_2
GEN_55_FIT_0.8732992957898428_0.873611620914492_0.8764225470363349_SIZE_1_1.1_2
GEN_56_FIT_0.8732992957898428_0.873611620914492_0.8764225470363349_SIZE_1_1.1_2
GEN_57_FIT_0.8732992957898428_0.873611620914492_0.8764225470363349_SIZE_1_1.1_2
GEN_58_FIT_0.8732992957898428_0.873611620914492_0.8764225470363349_SIZE_1_1.1_2
GEN_59_FIT_0.8732992957898428_0.8734557536554279_0.876428453101544_SIZE_1_1.05_2
GEN_60_FIT_0.8732992957898428_0.8737679959755944_0.876428453101544_SIZE_1_1.15_2
Evaluating in sample:
[GEN_60|make_tuple(0.0015531437116382309, 22, 11, 28)|0.8733]
[GEN_60|make_tuple(mul(0.003255112976620926, 0.13038444245063469), 22, 11, 27)|0.8764]
Evaluating out-of-sample:
[GEN_60|make_tuple(0.0015531437116382309, 22, 11, 28)|0.9368]
[GEN_60|make_tuple(mul(0.003255112976620926, 0.13038444245063469), 22, 11, 27)|0.9269]
GEN_61_FIT_0.8732992957898428_0.873923780430176_0.876428453101544_SIZE_1_1.2_2
GEN_62_FIT_0.8732992957898428_0.8751643947193181_0.876428453101544_SIZE_1_1.6_2
GEN_63_FIT_0.8733261994062824_0.8749061655726653_0.8769017009010972_SIZE_1_1.5_2
GEN_64_FIT_0.8733377036924478_0.8736941034133128_0.8769017009010972_SIZE_1_1.1_2
GEN_65_FIT_0.8733377036924478_0.8736941034133128_0.8769017009010972_SIZE_1_1.1_2
GEN_66_FIT_0.8733377036924478_0.8736941034133128_0.8769017009010972_SIZE_1_1.1_2
GEN_67_FIT_0.8733377036924478_0.8736941034133128_0.8769017009010972_SIZE_1_1.1_2
GEN_68_FIT_0.8733377036924478_0.8736941034133128_0.8769017009010972_SIZE_1_1.1_2
GEN_69_FIT_0.8733377036924478_0.8736941034133128_0.8769017009010972_SIZE_1_1.1_2
GEN_70_FIT_0.8733377036924478_0.8736941034133128_0.8769017009010972_SIZE_1_1.1_2
GEN_71_FIT_0.8733377036924478_0.8736941034133128_0.8769017009010972_SIZE_1_1.1_2
GEN_72_FIT_0.8733377036924478_0.8736941034133128_0.8769017009010972_SIZE_1_1.1_2
GEN_73_FIT_0.8733377036924478_0.8736941034133128_0.8769017009010972_SIZE_1_1.1_2
GEN_74_FIT_0.8733377036924478_0.8736941034133128_0.8769017009010972_SIZE_1_1.1_2
GEN_75_FIT_0.8733377036924478_0.8736941034133128_0.8769017009010972_SIZE_1_1.1_2
GEN_76_FIT_0.8733377036924478_0.8736941034133128_0.8769017009010972_SIZE_1_1.1_2
GEN_77_FIT_0.8733377036924478_0.8736941034133128_0.8769017009010972_SIZE_1_1.1_2
GEN_78_FIT_0.8733377036924478_0.8736941034133128_0.8769017009010972_SIZE_1_1.1_2
GEN_79_FIT_0.8733377036924478_0.8735217374965056_0.8770183797736041_SIZE_1_1.05_2
GEN_80_FIT_0.8733377036924478_0.8735217374965056_0.8770183797736041_SIZE_1_1.05_2
Evaluating in sample:
[GEN_80|make_tuple(0.0015531437116382309, 22, 11, 28)|0.8733]
[GEN_80|make_tuple(mul(0.003278157183907377, 0.13038444245063469), 25, 11, 27)|0.8770]
Evaluating out-of-sample:
[GEN_80|make_tuple(0.0015531437116382309, 22, 11, 28)|0.9368]
[GEN_80|make_tuple(mul(0.003278157183907377, 0.13038444245063469), 25, 11, 27)|0.9266]
GEN_81_FIT_0.8733377036924478_0.8737057713005635_0.8770183797736041_SIZE_1_1.1_2
GEN_82_FIT_0.8733377036924478_0.8737057713005635_0.8770183797736041_SIZE_1_1.1_2
GEN_83_FIT_0.8733377036924478_0.8737057713005635_0.8770183797736041_SIZE_1_1.1_2
GEN_84_FIT_0.8733377036924478_0.8737057713005635_0.8770183797736041_SIZE_1_1.1_2
GEN_85_FIT_0.8733377036924478_0.8737057713005635_0.8770183797736041_SIZE_1_1.1_2
GEN_86_FIT_0.8733377036924478_0.8737057713005635_0.8770183797736041_SIZE_1_1.1_2
GEN_87_FIT_0.8733377036924478_0.8737057713005635_0.8770183797736041_SIZE_1_1.1_2
GEN_88_FIT_0.8733377036924478_0.8737057713005635_0.8770183797736041_SIZE_1_1.1_2
GEN_89_FIT_0.8733377036924478_0.8737057713005635_0.8770183797736041_SIZE_1_1.1_2
GEN_90_FIT_0.8733377036924478_0.8737057713005635_0.8770183797736041_SIZE_1_1.1_2
GEN_91_FIT_0.8733377036924478_0.8737057713005635_0.8770183797736041_SIZE_1_1.1_2
GEN_92_FIT_0.8733377036924478_0.8737057713005635_0.8770183797736041_SIZE_1_1.1_2
GEN_93_FIT_0.8733377036924478_0.8737057713005635_0.8770183797736041_SIZE_1_1.1_2
GEN_94_FIT_0.8733377036924478_0.8737057713005635_0.8770183797736041_SIZE_1_1.1_2
GEN_95_FIT_0.8733377036924478_0.8737057713005635_0.8770183797736041_SIZE_1_1.1_2
GEN_96_FIT_0.8733377036924478_0.8737057713005635_0.8770183797736041_SIZE_1_1.1_2
GEN_97_FIT_0.8733377036924478_0.8737057713005635_0.8770183797736041_SIZE_1_1.1_2
GEN_98_FIT_0.8733377036924478_0.8737057713005635_0.8770183797736041_SIZE_1_1.1_2
GEN_99_FIT_0.8733377036924478_0.8737057713005635_0.8770183797736041_SIZE_1_1.1_2
GEN_100_FIT_0.8733377036924478_0.8737057713005635_0.8770183797736041_SIZE_1_1.1_2
Evaluating in sample:
[GEN_100|make_tuple(0.0015531437116382309, 22, 11, 28)|0.8733]
[GEN_100|make_tuple(mul(0.003278157183907377, 0.13038444245063469), 25, 11, 27)|0.8770]
Evaluating out-of-sample:
[GEN_100|make_tuple(0.0015531437116382309, 22, 11, 28)|0.9368]
[GEN_100|make_tuple(mul(0.003278157183907377, 0.13038444245063469), 25, 11, 27)|0.9266]
Stopped early in iteration 100, no improvement in 20 gens.
START_TASK: 12
GEN_0_FIT_0.5365419873043961_0.7568215487177441_0.8553911274836864_SIZE_1_4.15_12
GEN_1_FIT_0.8168922129006301_0.8435742018612317_0.8553911274836864_SIZE_1_2.55_12
GEN_2_FIT_0.8501193140319991_0.8554422136909103_0.8600680501254265_SIZE_1_1.6_5
GEN_3_FIT_0.8553911274836864_0.8586605923290394_0.8627798373104723_SIZE_1_1.7_5
GEN_4_FIT_0.8605043038427341_0.8614620257948469_0.8635696519972748_SIZE_1_1.75_4
GEN_5_FIT_0.8625855897640331_0.8636509130042459_0.8663846518236837_SIZE_1_1.25_3
GEN_6_FIT_0.864469308465775_0.8653721918562699_0.8663846518236837_SIZE_1_1.8_3
GEN_7_FIT_0.8651216065205534_0.8663386721856204_0.8677097763932226_SIZE_1_1.6_3
GEN_8_FIT_0.8662528309694406_0.867610046323653_0.8709827631150981_SIZE_1_1.4_2
GEN_9_FIT_0.8677076713508187_0.8689443498439593_0.8709827631150981_SIZE_1_1.45_3
GEN_10_FIT_0.8686387825869225_0.8703683028693308_0.8721607026540792_SIZE_1_1.75_3
GEN_11_FIT_0.8688360702383152_0.870728475783002_0.8721607026540792_SIZE_1_1.75_3
GEN_12_FIT_0.8699175406112613_0.8715144245063527_0.8721607026540792_SIZE_1_1.9_3
GEN_13_FIT_0.8702820134775417_0.8720301484485724_0.8756230341221845_SIZE_1_1.85_4
GEN_14_FIT_0.8709328340677469_0.8726100924454006_0.8756230341221845_SIZE_1_1.6_4
GEN_15_FIT_0.8709328340677469_0.8743239449538756_0.8757870758681159_SIZE_1_2.5_4
GEN_16_FIT_0.8724807658739356_0.8748276299987706_0.8757956669316987_SIZE_1_2.7_5
GEN_17_FIT_0.8725887909183369_0.8742532308076791_0.875912784957252_SIZE_1_2.05_4
GEN_18_FIT_0.8725963820159109_0.8745309798541447_0.8759718069584413_SIZE_1_2.15_4
GEN_19_FIT_0.8727388119304168_0.8752670219627185_0.8759718069584413_SIZE_1_2.6_4
GEN_20_FIT_0.8727388119304168_0.874677957252558_0.8764283833799568_SIZE_1_2.05_3
Evaluating in sample:
[GEN_20|make_tuple(0.0015624947602177971, 22, 11, 28)|0.8728]
[GEN_20|make_tuple(truediv(0.005459162239077893, 15), 22, 11, 27)|0.8758]
[GEN_20|make_tuple(truediv(0.004732406500785436, add(3, 8)), 22, 11, 27)|0.8764]
Evaluating out-of-sample:
[GEN_20|make_tuple(0.0015624947602177971, 22, 11, 28)|0.9809]
[GEN_20|make_tuple(truediv(0.005459162239077893, 15), 22, 11, 27)|0.9818]
[GEN_20|make_tuple(truediv(0.004732406500785436, add(3, 8)), 22, 11, 27)|0.9818]
GEN_21_FIT_0.8727388119304168_0.8747669614352512_0.8764283833799568_SIZE_1_1.95_3
GEN_22_FIT_0.8728308536248769_0.8751274634546393_0.8764283833799568_SIZE_1_1.85_3
GEN_23_FIT_0.8727759072838441_0.8749257202188648_0.8764283833799568_SIZE_1_1.9_3
GEN_24_FIT_0.8728308536248769_0.8749378116356542_0.8764283833799568_SIZE_1_2.1_3
GEN_25_FIT_0.8728308536248769_0.8734987997336223_0.8764283833799568_SIZE_1_1.3_3
GEN_26_FIT_0.8728308536248769_0.8734987997336223_0.8764283833799568_SIZE_1_1.3_3
GEN_27_FIT_0.8728308536248769_0.8734987997336223_0.8764283833799568_SIZE_1_1.3_3
GEN_28_FIT_0.8728308536248769_0.8734987997336223_0.8764283833799568_SIZE_1_1.3_3
GEN_29_FIT_0.8728308536248769_0.8734987997336223_0.8764283833799568_SIZE_1_1.3_3
GEN_30_FIT_0.8728308536248769_0.8734987997336223_0.8764283833799568_SIZE_1_1.3_3
GEN_31_FIT_0.8728308536248769_0.8734987997336223_0.8764283833799568_SIZE_1_1.3_3
GEN_32_FIT_0.8728308536248769_0.8734987997336223_0.8764283833799568_SIZE_1_1.3_3
GEN_33_FIT_0.8728308536248769_0.8734987997336223_0.8764283833799568_SIZE_1_1.3_3
GEN_34_FIT_0.8728308536248769_0.8734987997336223_0.8764283833799568_SIZE_1_1.3_3
GEN_35_FIT_0.8728308536248769_0.8734987997336223_0.8764283833799568_SIZE_1_1.3_3
GEN_36_FIT_0.8728308536248769_0.8734987997336223_0.8764283833799568_SIZE_1_1.3_3
GEN_37_FIT_0.8728308536248769_0.8734987997336223_0.8764283833799568_SIZE_1_1.3_3
GEN_38_FIT_0.8728308536248769_0.8734987997336223_0.8764283833799568_SIZE_1_1.3_3
GEN_39_FIT_0.8728308536248769_0.8734987997336223_0.8764283833799568_SIZE_1_1.3_3
GEN_40_FIT_0.8728308536248769_0.8734987997336223_0.8764283833799568_SIZE_1_1.3_3
Evaluating in sample:
[GEN_40|make_tuple(0.0015624947602177971, 22, 11, 28)|0.8728]
[GEN_40|make_tuple(truediv(0.005459162239077893, 13), 22, 11, 27)|0.8759]
[GEN_40|make_tuple(truediv(0.004732406500785436, add(3, 8)), 22, 11, 27)|0.8764]
Evaluating out-of-sample:
[GEN_40|make_tuple(0.0015624947602177971, 22, 11, 28)|0.9809]
[GEN_40|make_tuple(truediv(0.005459162239077893, 13), 22, 11, 27)|0.9818]
[GEN_40|make_tuple(truediv(0.004732406500785436, add(3, 8)), 22, 11, 27)|0.9818]
GEN_41_FIT_0.8728308536248769_0.8734987997336223_0.8764283833799568_SIZE_1_1.3_3
Evaluating in sample:
[GEN_41|make_tuple(0.0015624947602177971, 22, 11, 28)|0.8728]
[GEN_41|make_tuple(truediv(0.005459162239077893, 13), 22, 11, 27)|0.8759]
[GEN_41|make_tuple(truediv(0.004732406500785436, add(3, 8)), 22, 11, 27)|0.8764]
Evaluating out-of-sample:
[GEN_41|make_tuple(0.0015624947602177971, 22, 11, 28)|0.9809]
[GEN_41|make_tuple(truediv(0.005459162239077893, 13), 22, 11, 27)|0.9818]
[GEN_41|make_tuple(truediv(0.004732406500785436, add(3, 8)), 22, 11, 27)|0.9818]
Stopped early in iteration 41, no improvement in 20 gens.
START_TASK: 14
GEN_0_FIT_0.7109450108379421_0.824394927734063_0.8485135962843097_SIZE_1_4.05_17
GEN_1_FIT_0.8306590826707144_0.8436224530914631_0.8555803649239891_SIZE_1_1.45_4
GEN_2_FIT_0.8510528929295175_0.8549312499040418_0.8604821089837338_SIZE_1_1.4_3
GEN_3_FIT_0.8555803649239891_0.8567177082371895_0.860498291593759_SIZE_1_1.15_2
GEN_4_FIT_0.857885614520826_0.8595878743723155_0.8626359189677228_SIZE_1_1.45_2
GEN_5_FIT_0.860498291593759_0.8615677744944381_0.8630581596090865_SIZE_1_1.3_3
GEN_6_FIT_0.8625633558908937_0.8629675244080047_0.8638189148398271_SIZE_1_1.75_4
GEN_7_FIT_0.8631619167052642_0.8633016287463544_0.8638189148398271_SIZE_1_1.15_2
GEN_8_FIT_0.8633729554942843_0.8639155975002335_0.8680832477580286_SIZE_1_1.4_2
GEN_9_FIT_0.8638189148398271_0.8656820736387931_0.8690509087036624_SIZE_1_1.25_2
GEN_10_FIT_0.8680832477580286_0.8686706780949468_0.8702173264771368_SIZE_1_1.3_2
GEN_11_FIT_0.8689412092910819_0.8698691649163633_0.8721635855415938_SIZE_1_1.55_2
GEN_12_FIT_0.8702975817362093_0.8715651583730107_0.8722310085952956_SIZE_1_1.75_2
GEN_13_FIT_0.8713924938446137_0.8721462468908706_0.8722788026830256_SIZE_1_1.5_2
GEN_14_FIT_0.8721635855415938_0.8722522035385755_0.8726029100226206_SIZE_1_1.4_3
GEN_15_FIT_0.8722704179215743_0.8723566328913737_0.8726029100226206_SIZE_1_1.1_2
GEN_16_FIT_0.8723916217189157_0.8725392486423489_0.8726502815255148_SIZE_1_1.1_2
GEN_17_FIT_0.8726029100226206_0.8726320395703411_0.8726792631388967_SIZE_1_1.05_2
GEN_18_FIT_0.8726502815255148_0.8726904995294745_0.87282830657825_SIZE_1_1.0_1
GEN_19_FIT_0.8726792631388967_0.8727498821344758_0.87282830657825_SIZE_1_1.05_2
GEN_20_FIT_0.87282830657825_0.8728283065782498_0.87282830657825_SIZE_1_1.0_1
Evaluating in sample:
[GEN_20|make_tuple(0.001551256711546358, 22, 11, 28)|0.8728]
Evaluating out-of-sample:
[GEN_20|make_tuple(0.001551256711546358, 22, 11, 28)|0.9773]
GEN_21_FIT_0.87282830657825_0.8728293678657723_0.8728495323286996_SIZE_1_1.0_1
GEN_22_FIT_0.87282830657825_0.8728314904408172_0.8728495323286996_SIZE_1_1.0_1
GEN_23_FIT_0.87282830657825_0.8728852320588745_0.8737757844366962_SIZE_1_1.15_2
GEN_24_FIT_0.8728495323286996_0.8729547034657547_0.8749529550697992_SIZE_1_1.05_2
GEN_25_FIT_0.8728495323286996_0.8729647923312923_0.8751547323805533_SIZE_1_1.05_2
GEN_26_FIT_0.8728495323286996_0.873386799379316_0.8751547323805533_SIZE_1_1.25_2
GEN_27_FIT_0.8728495323286996_0.8744568156865654_0.8751547323805533_SIZE_1_1.75_3
GEN_28_FIT_0.8728121528222992_0.8734154921002528_0.8756852808518193_SIZE_1_1.25_3
GEN_29_FIT_0.8728623155545762_0.8731446120843005_0.8756852808518193_SIZE_1_1.1_2
GEN_30_FIT_0.8728623155545762_0.8731446120843005_0.8756852808518193_SIZE_1_1.1_2
GEN_31_FIT_0.8728623155545762_0.8731446120843005_0.8756852808518193_SIZE_1_1.1_2
GEN_32_FIT_0.8728623155545762_0.8741379985471758_0.8756852808518193_SIZE_1_1.5_3
GEN_33_FIT_0.8728623155545762_0.8732017653011159_0.8763777529454095_SIZE_1_1.1_2
GEN_34_FIT_0.8728623155545762_0.8733654431781138_0.8763777529454095_SIZE_1_1.15_2
GEN_35_FIT_0.8728623155545762_0.8734858494859992_0.8763777529454095_SIZE_1_1.15_2
GEN_36_FIT_0.8729825884580737_0.8733221049068074_0.8763777529454095_SIZE_1_1.1_2
GEN_37_FIT_0.8729825884580737_0.8733221049068074_0.8763777529454095_SIZE_1_1.1_2
GEN_38_FIT_0.8729825884580737_0.8733221049068074_0.8763777529454095_SIZE_1_1.1_2
GEN_39_FIT_0.8729825884580737_0.8733221049068074_0.8763777529454095_SIZE_1_1.1_2
GEN_40_FIT_0.8729825884580737_0.8733240750653334_0.8764086963417804_SIZE_1_1.15_3
Evaluating in sample:
[GEN_40|make_tuple(0.0015525027361273057, 22, 11, 28)|0.8730]
[GEN_40|make_tuple(mul(0.0016696412580584532, 0.2578004284785393), 22, 11, 28)|0.8764]
[GEN_40|make_tuple(mul(0.0016524183039143667, 0.2578004284785393), 22, 11, add(28, 0.009009768423736885))|0.8764]
Evaluating out-of-sample:
[GEN_40|make_tuple(0.0015525027361273057, 22, 11, 28)|0.9773]
[GEN_40|make_tuple(mul(0.0016696412580584532, 0.2578004284785393), 22, 11, 28)|0.9773]
[GEN_40|make_tuple(mul(0.0016524183039143667, 0.2578004284785393), 22, 11, add(28, 0.009009768423736885))|0.9771]
GEN_41_FIT_0.8729825884580737_0.8733240750653334_0.8764086963417804_SIZE_1_1.15_3
GEN_42_FIT_0.8729825884580737_0.8736655616725933_0.8764086963417804_SIZE_1_1.3_3
GEN_43_FIT_0.8729825884580737_0.8736655616725933_0.8764086963417804_SIZE_1_1.3_3
GEN_44_FIT_0.8729825884580737_0.8736655616725933_0.8764086963417804_SIZE_1_1.3_3
GEN_45_FIT_0.8729825884580737_0.8736655616725933_0.8764086963417804_SIZE_1_1.3_3
GEN_46_FIT_0.8729825884580737_0.8736655616725933_0.8764086963417804_SIZE_1_1.3_3
GEN_47_FIT_0.8729825884580737_0.8736655616725933_0.8764086963417804_SIZE_1_1.3_3
GEN_48_FIT_0.8729825884580737_0.8736655616725933_0.8764086963417804_SIZE_1_1.3_3
GEN_49_FIT_0.8729825884580737_0.8736655616725933_0.8764086963417804_SIZE_1_1.3_3
GEN_50_FIT_0.8729825884580737_0.8736655616725933_0.8764086963417804_SIZE_1_1.3_3
GEN_51_FIT_0.8729825884580737_0.8736655616725933_0.8764086963417804_SIZE_1_1.3_3
GEN_52_FIT_0.8729825884580737_0.8736655616725933_0.8764086963417804_SIZE_1_1.3_3
GEN_53_FIT_0.8729825884580737_0.8731587552750654_0.8765059247979066_SIZE_1_1.05_2
GEN_54_FIT_0.8729825884580737_0.873334922092057_0.8765059247979066_SIZE_1_1.1_2
GEN_55_FIT_0.8729825884580737_0.873334922092057_0.8765059247979066_SIZE_1_1.1_2
GEN_56_FIT_0.8729825884580737_0.873334922092057_0.8765059247979066_SIZE_1_1.1_2
GEN_57_FIT_0.8729825884580737_0.873334922092057_0.8765059247979066_SIZE_1_1.1_2
GEN_58_FIT_0.8729825884580737_0.873334922092057_0.8765059247979066_SIZE_1_1.1_2
GEN_59_FIT_0.8729825884580737_0.873334922092057_0.8765059247979066_SIZE_1_1.1_2
GEN_60_FIT_0.8729825884580737_0.873334922092057_0.8765059247979066_SIZE_1_1.1_2
Evaluating in sample:
[GEN_60|make_tuple(0.0015525027361273057, 22, 11, 28)|0.8730]
[GEN_60|make_tuple(mul(0.0016696412580584532, 0.2578004284785393), 25, 11, 28)|0.8765]
Evaluating out-of-sample:
[GEN_60|make_tuple(0.0015525027361273057, 22, 11, 28)|0.9773]
[GEN_60|make_tuple(mul(0.0016696412580584532, 0.2578004284785393), 25, 11, 28)|0.9790]
GEN_61_FIT_0.8729825884580737_0.873334922092057_0.8765059247979066_SIZE_1_1.1_2
GEN_62_FIT_0.8729825884580737_0.873334922092057_0.8765059247979066_SIZE_1_1.1_2
GEN_63_FIT_0.8729825884580737_0.873334922092057_0.8765059247979066_SIZE_1_1.1_2
GEN_64_FIT_0.8729825884580737_0.873334922092057_0.8765059247979066_SIZE_1_1.1_2
GEN_65_FIT_0.8729825884580737_0.873334922092057_0.8765059247979066_SIZE_1_1.1_2
GEN_66_FIT_0.8729825884580737_0.873334922092057_0.8765059247979066_SIZE_1_1.1_2
GEN_67_FIT_0.8729825884580737_0.873334922092057_0.8765059247979066_SIZE_1_1.1_2
GEN_68_FIT_0.8729825884580737_0.873334922092057_0.8765059247979066_SIZE_1_1.1_2
GEN_69_FIT_0.8729825884580737_0.873334922092057_0.8765059247979066_SIZE_1_1.1_2
GEN_70_FIT_0.8729825884580737_0.8731616095530566_0.8765630103577294_SIZE_1_1.05_2
GEN_71_FIT_0.8729825884580737_0.8731616095530566_0.8765630103577294_SIZE_1_1.05_2
GEN_72_FIT_0.8729825884580737_0.8733406306480394_0.8765630103577294_SIZE_1_1.1_2
GEN_73_FIT_0.8729825884580737_0.8733406306480394_0.8765630103577294_SIZE_1_1.1_2
GEN_74_FIT_0.8729825884580737_0.8733406306480394_0.8765630103577294_SIZE_1_1.1_2
GEN_75_FIT_0.8729825884580737_0.8733406306480394_0.8765630103577294_SIZE_1_1.1_2
GEN_76_FIT_0.8729825884580737_0.8733406306480394_0.8765630103577294_SIZE_1_1.1_2
GEN_77_FIT_0.8729825884580737_0.8733406306480394_0.8765630103577294_SIZE_1_1.1_2
GEN_78_FIT_0.8729825884580737_0.8733406306480394_0.8765630103577294_SIZE_1_1.1_2
GEN_79_FIT_0.8729825884580737_0.8733406306480394_0.8765630103577294_SIZE_1_1.1_2
GEN_80_FIT_0.8729825884580737_0.8733406306480394_0.8765630103577294_SIZE_1_1.1_2
Evaluating in sample:
[GEN_80|make_tuple(0.0015525027361273057, 22, 11, 28)|0.8730]
[GEN_80|make_tuple(mul(0.0016696412580584532, 0.2578004284785393), 25, 11, 27)|0.8766]
Evaluating out-of-sample:
[GEN_80|make_tuple(0.0015525027361273057, 22, 11, 28)|0.9773]
[GEN_80|make_tuple(mul(0.0016696412580584532, 0.2578004284785393), 25, 11, 27)|0.9794]
GEN_81_FIT_0.8729825884580737_0.8733406306480394_0.8765630103577294_SIZE_1_1.1_2
GEN_82_FIT_0.8729825884580737_0.8733406306480394_0.8765630103577294_SIZE_1_1.1_2
GEN_83_FIT_0.8729825884580737_0.8733406306480394_0.8765630103577294_SIZE_1_1.1_2
GEN_84_FIT_0.8729825884580737_0.8733406306480394_0.8765630103577294_SIZE_1_1.1_2
GEN_85_FIT_0.8729825884580737_0.8733406306480394_0.8765630103577294_SIZE_1_1.1_2
GEN_86_FIT_0.8729825884580737_0.8733406306480394_0.8765630103577294_SIZE_1_1.1_2
GEN_87_FIT_0.8729825884580737_0.8733406306480394_0.8765630103577294_SIZE_1_1.1_2
GEN_88_FIT_0.8729825884580737_0.8733406306480394_0.8765630103577294_SIZE_1_1.1_2
GEN_89_FIT_0.8729825884580737_0.8733406306480394_0.8765630103577294_SIZE_1_1.1_2
GEN_90_FIT_0.8729825884580737_0.8733406306480394_0.8765630103577294_SIZE_1_1.1_2
GEN_91_FIT_0.8729825884580737_0.8733406306480394_0.8765630103577294_SIZE_1_1.1_2
Evaluating in sample:
[GEN_91|make_tuple(0.0015525027361273057, 22, 11, 28)|0.8730]
[GEN_91|make_tuple(mul(0.0016696412580584532, 0.2578004284785393), 25, 11, 27)|0.8766]
Evaluating out-of-sample:
[GEN_91|make_tuple(0.0015525027361273057, 22, 11, 28)|0.9773]
[GEN_91|make_tuple(mul(0.0016696412580584532, 0.2578004284785393), 25, 11, 27)|0.9794]
Stopped early in iteration 91, no improvement in 20 gens.
START_TASK: 15
