Starting problem: mlr_knn
param:age_regularization:100000.0
param:algorithm:random_search
param:constants_only:False
param:cxpb:0.25
param:early_stop_n:20
param:lambda_:100
param:max_number_operators:None
param:max_start_size:2
param:mu:20
param:ngen:300
param:optimize_constants:False
param:output_file:/home/gijsbers/symbolicdefaults/runs/mlr_knn_random_search_19.log
param:problem:mlr_knn
param:subset:1.0
param:task:None
param:warm_start:False
Benchmark problems: mlr_knn
mlr_default := make_tuple(10., 16., 10., 200.)
Loading surrogates from file.
START_TASK: 3
GEN_0_FIT_0.38163315284258215_0.5106697025512718_0.7681135297831477_SIZE_1_6.398_19
Evaluating in sample:
[GEN_0|make_tuple(9, p, n, n)|0.7681]
Evaluating out-of-sample:
[GEN_0|make_tuple(9, p, n, n)|0.8759]
GEN_1_FIT_0.3468713749649917_0.5105320751293964_0.7681135297831477_SIZE_1_6.2415_19
Evaluating in sample:
[GEN_1|make_tuple(9, p, n, n)|0.7681]
Evaluating out-of-sample:
[GEN_1|make_tuple(9, p, n, n)|0.8759]
GEN_2_FIT_0.3493988495061083_0.5102750353502223_0.7672864469502546_SIZE_1_6.3784_19
Evaluating in sample:
[GEN_2|make_tuple(9, p, n, n)|0.7681]
Evaluating out-of-sample:
[GEN_2|make_tuple(9, p, n, n)|0.8759]
BENCHMARK: Evaluating in-sample:
[mlr_default: make_tuple(10.0, 16.0, 10.0, 200.0)|0.7089]
BENCHMARK:  Evaluating out-of-sample:
[GEN_2|mlr_default: make_tuple(10.0, 16.0, 10.0, 200.0)|0.8316]
START_TASK: 6
GEN_0_FIT_0.3737309056762657_0.5072550795500834_0.7647033875597564_SIZE_1_6.4268_19
Evaluating in sample:
[GEN_0|make_tuple(9, po, p, 705)|0.7647]
Evaluating out-of-sample:
[GEN_0|make_tuple(9, po, p, 705)|0.8201]
GEN_1_FIT_0.3473086068365403_0.5079658344419419_0.7638210983980276_SIZE_1_6.3788_19
Evaluating in sample:
[GEN_1|make_tuple(9, po, p, 705)|0.7647]
Evaluating out-of-sample:
[GEN_1|make_tuple(9, po, p, 705)|0.8201]
GEN_2_FIT_0.3536625004562815_0.506856448275184_0.7561384128268278_SIZE_1_6.3711_21
Evaluating in sample:
[GEN_2|make_tuple(9, po, p, 705)|0.7647]
Evaluating out-of-sample:
[GEN_2|make_tuple(9, po, p, 705)|0.8201]
BENCHMARK: Evaluating in-sample:
[mlr_default: make_tuple(10.0, 16.0, 10.0, 200.0)|0.7098]
BENCHMARK:  Evaluating out-of-sample:
[GEN_2|mlr_default: make_tuple(10.0, 16.0, 10.0, 200.0)|0.7258]
START_TASK: 11
GEN_0_FIT_0.3724902873852752_0.5095353512618893_0.7594798908480014_SIZE_1_6.3312_19
Evaluating in sample:
[GEN_0|make_tuple(9, p, n, p)|0.7595]
Evaluating out-of-sample:
[GEN_0|make_tuple(9, p, n, p)|0.8916]
GEN_1_FIT_0.3442188418565252_0.5097881712160983_0.7657966516731028_SIZE_1_6.2809_19
Evaluating in sample:
[GEN_1|make_tuple(9, p, p, n)|0.7658]
Evaluating out-of-sample:
[GEN_1|make_tuple(9, p, p, n)|0.8732]
GEN_2_FIT_0.3853192239642706_0.5097365510343085_0.7668052406123815_SIZE_1_6.3197_19
Evaluating in sample:
[GEN_2|make_tuple(9, po, n, 848)|0.7668]
Evaluating out-of-sample:
[GEN_2|make_tuple(9, po, n, 848)|0.8973]
BENCHMARK: Evaluating in-sample:
[mlr_default: make_tuple(10.0, 16.0, 10.0, 200.0)|0.7085]
BENCHMARK:  Evaluating out-of-sample:
[GEN_2|mlr_default: make_tuple(10.0, 16.0, 10.0, 200.0)|0.8758]
START_TASK: 12
GEN_0_FIT_0.38515644715633995_0.5084015600362878_0.7651032043144623_SIZE_1_6.2692_19
Evaluating in sample:
[GEN_0|make_tuple(9, p, po, n)|0.7651]
Evaluating out-of-sample:
[GEN_0|make_tuple(9, p, po, n)|0.8410]
GEN_1_FIT_0.3294292152754626_0.5085935245668345_0.7686609968692973_SIZE_1_6.3454_19
Evaluating in sample:
[GEN_1|make_tuple(9, p, 1022, n)|0.7687]
Evaluating out-of-sample:
[GEN_1|make_tuple(9, p, 1022, n)|0.8394]
GEN_2_FIT_0.34821005888966944_0.5076533293597935_0.7634809625115616_SIZE_1_6.3527_19
Evaluating in sample:
[GEN_2|make_tuple(9, p, 1022, n)|0.7687]
Evaluating out-of-sample:
[GEN_2|make_tuple(9, p, 1022, n)|0.8394]
BENCHMARK: Evaluating in-sample:
[mlr_default: make_tuple(10.0, 16.0, 10.0, 200.0)|0.7093]
BENCHMARK:  Evaluating out-of-sample:
[GEN_2|mlr_default: make_tuple(10.0, 16.0, 10.0, 200.0)|0.7817]
START_TASK: 14
GEN_0_FIT_0.3403305991887361_0.5097487150792586_0.7660269776242528_SIZE_1_6.3851_19
Evaluating in sample:
[GEN_0|make_tuple(9, p, p, n)|0.7660]
Evaluating out-of-sample:
[GEN_0|make_tuple(9, p, p, n)|0.8467]
