Starting problem: mlr_knn
param:age_regularization:100000.0
param:algorithm:mupluslambda
param:constants_only:True
param:cxpb:0.25
param:early_stop_n:20
param:lambda_:100
param:max_number_operators:None
param:max_start_size:2
param:mu:20
param:ngen:300
param:optimize_constants:False
param:output_file:/home/gijsbers/symbolicdefaults/runs/mlr_knn_True_6.log
param:problem:mlr_knn
param:subset:1.0
param:task:None
param:warm_start:False
Benchmark problems: mlr_knn
Loading surrogates from file.
START_TASK: 3
GEN_0_FIT_0.6006433880946616_0.7088588058095241_0.7534940383260581_SIZE_1_3.0_13
GEN_1_FIT_0.7468485894813092_0.752646641972534_0.7585237792850728_SIZE_1_2.0_5
GEN_2_FIT_0.7542180030036213_0.7570716809990008_0.7585237792850728_SIZE_1_1.3_4
GEN_3_FIT_0.758048892296906_0.7588545791954862_0.7689695834289707_SIZE_1_1.2_2
GEN_4_FIT_0.7585237792850728_0.7608052511848339_0.7690482505223049_SIZE_1_1.15_3
GEN_5_FIT_0.7590764968152793_0.7655266900405862_0.7698253021174126_SIZE_1_1.15_3
GEN_6_FIT_0.7690438681359937_0.7695220170789001_0.7703450817051941_SIZE_1_1.65_4
GEN_7_FIT_0.7699055628371462_0.7701187771969247_0.7703450817051941_SIZE_1_1.2_2
GEN_8_FIT_0.7702832222369045_0.77038543381758_0.7709262942011571_SIZE_1_1.4_2
GEN_9_FIT_0.7703469716882942_0.7704706575602156_0.7709262942011571_SIZE_1_1.1_2
GEN_10_FIT_0.7705185993680687_0.770763338418832_0.7713054309543367_SIZE_1_1.1_2
GEN_11_FIT_0.7709262942011571_0.7710790741265402_0.7713054309543367_SIZE_1_1.05_2
GEN_12_FIT_0.7712479004234933_0.7713078238465514_0.7714680721673693_SIZE_1_1.2_2
GEN_13_FIT_0.7713054309543367_0.7713379591969434_0.7714680721673693_SIZE_1_1.0_1
GEN_14_FIT_0.7713054309543367_0.7714445553593692_0.7715431435529541_SIZE_1_1.1_2
GEN_15_FIT_0.7714680721673693_0.7714828038585392_0.7715431435529541_SIZE_1_1.0_1
GEN_16_FIT_0.7714680721673693_0.7715151867273046_0.7715431435529541_SIZE_1_1.05_2
GEN_17_FIT_0.7715431435529541_0.7715431435529541_0.7715431435529541_SIZE_1_1.0_1
GEN_18_FIT_0.7715431435529541_0.7715431435529541_0.7715431435529541_SIZE_1_1.0_1
GEN_19_FIT_0.7715431435529541_0.7715431435529541_0.7715431435529541_SIZE_1_1.0_1
GEN_20_FIT_0.7715431435529541_0.7715440930861283_0.7715621342164389_SIZE_1_1.0_1
Evaluating in sample:
[GEN_20|make_tuple(9, 61, 201, 310)|0.7716]
Evaluating out-of-sample:
[GEN_20|make_tuple(9, 61, 201, 310)|0.8734]
GEN_21_FIT_0.7715431435529541_0.7715459921524768_0.7715621342164389_SIZE_1_1.05_2
GEN_22_FIT_0.7715431435529541_0.7715497902851738_0.7715621342164389_SIZE_1_1.1_2
GEN_23_FIT_0.7715564844996923_0.7715625647930511_0.7715763954654306_SIZE_1_1.1_2
GEN_24_FIT_0.7715621342164389_0.7715649864662371_0.7715763954654306_SIZE_1_1.0_1
GEN_25_FIT_0.7715621342164389_0.7715828908431399_0.7718061317625644_SIZE_1_1.0_1
GEN_26_FIT_0.7715763954654306_0.7715878822802873_0.7718061317625644_SIZE_1_1.0_1
GEN_27_FIT_0.7715763954654306_0.7715995033321756_0.7718061317625644_SIZE_1_1.05_2
GEN_28_FIT_0.7715763954654306_0.7716387248688097_0.7718061317625644_SIZE_1_1.1_2
GEN_29_FIT_0.7716689325660778_0.7717992718027402_0.7718061317625644_SIZE_1_1.0_1
GEN_30_FIT_0.7718061317625644_0.7718161568454165_0.7719063825910838_SIZE_1_1.0_1
GEN_31_FIT_0.7718061317625644_0.7718313873588588_0.7719063825910838_SIZE_1_1.0_1
GEN_32_FIT_0.7718061317625644_0.7718542685607713_0.7719063825910838_SIZE_1_1.0_1
GEN_33_FIT_0.7719063825910838_0.7719063825910838_0.7719063825910838_SIZE_1_1.0_1
GEN_34_FIT_0.7719063825910838_0.7719063825910838_0.7719063825910838_SIZE_1_1.0_1
GEN_35_FIT_0.7719063825910838_0.7719063825910838_0.7719063825910838_SIZE_1_1.0_1
GEN_36_FIT_0.7719063825910838_0.7719063825910838_0.7719063825910838_SIZE_1_1.0_1
GEN_37_FIT_0.7719063825910838_0.7719063825910838_0.7719063825910838_SIZE_1_1.0_1
GEN_38_FIT_0.7719063825910838_0.7719066755740862_0.7719122422511318_SIZE_1_1.0_1
GEN_39_FIT_0.7719063825910838_0.7719078475060959_0.7719122422511318_SIZE_1_1.0_1
GEN_40_FIT_0.7719063825910838_0.7719107773361198_0.7719122422511318_SIZE_1_1.1_2
Evaluating in sample:
[GEN_40|make_tuple(9, 29, 201, 311)|0.7719]
Evaluating out-of-sample:
[GEN_40|make_tuple(9, 29, 201, 311)|0.8884]
GEN_41_FIT_0.7719122422511318_0.7719122422511318_0.7719122422511318_SIZE_1_1.0_1
GEN_42_FIT_0.7719122422511318_0.7719122422511318_0.7719122422511318_SIZE_1_1.0_1
GEN_43_FIT_0.7719122422511318_0.7719122422511318_0.7719122422511318_SIZE_1_1.0_1
GEN_44_FIT_0.7719122422511318_0.7719122422511318_0.7719122422511318_SIZE_1_1.0_1
GEN_45_FIT_0.7719122422511318_0.7719122422511318_0.7719122422511318_SIZE_1_1.0_1
GEN_46_FIT_0.7719122422511318_0.7719122422511318_0.7719122422511318_SIZE_1_1.0_1
GEN_47_FIT_0.7719122422511318_0.7719122422511318_0.7719122422511318_SIZE_1_1.0_1
GEN_48_FIT_0.7719122422511318_0.7719122422511318_0.7719122422511318_SIZE_1_1.0_1
GEN_49_FIT_0.7719122422511318_0.7719122422511318_0.7719122422511318_SIZE_1_1.0_1
GEN_50_FIT_0.7719122422511318_0.7719122422511318_0.7719122422511318_SIZE_1_1.0_1
GEN_51_FIT_0.7719122422511318_0.7719122422511318_0.7719122422511318_SIZE_1_1.0_1
GEN_52_FIT_0.7719122422511318_0.7719122422511318_0.7719122422511318_SIZE_1_1.0_1
GEN_53_FIT_0.7719122422511318_0.7719122422511318_0.7719122422511318_SIZE_1_1.0_1
GEN_54_FIT_0.7719122422511318_0.7719122422511318_0.7719122422511318_SIZE_1_1.0_1
GEN_55_FIT_0.7719122422511318_0.7719122422511318_0.7719122422511318_SIZE_1_1.0_1
GEN_56_FIT_0.7719122422511318_0.7719122422511318_0.7719122422511318_SIZE_1_1.0_1
GEN_57_FIT_0.7719122422511318_0.7719122422511318_0.7719122422511318_SIZE_1_1.0_1
GEN_58_FIT_0.7719122422511318_0.7719122422511318_0.7719122422511318_SIZE_1_1.0_1
GEN_59_FIT_0.7719122422511318_0.7719122422511318_0.7719122422511318_SIZE_1_1.0_1
Evaluating in sample:
[GEN_59|make_tuple(9, 29, 201, 311)|0.7719]
Evaluating out-of-sample:
[GEN_59|make_tuple(9, 29, 201, 311)|0.8884]
Stopped early in iteration 59, no improvement in 20 gens.
START_TASK: 6
GEN_0_FIT_0.6732314245556744_0.705780932791983_0.75312651507313_SIZE_1_1.35_7
GEN_1_FIT_0.7245892152110553_0.7397341311600123_0.7572545260554437_SIZE_1_1.35_5
GEN_2_FIT_0.75312651507313_0.7545362461250062_0.7587942165563311_SIZE_1_1.2_2
GEN_3_FIT_0.7562854006121834_0.758990442350203_0.7702855523043656_SIZE_1_1.3_3
GEN_4_FIT_0.7587942165563311_0.7634508185117077_0.7702855523043656_SIZE_1_1.2_2
GEN_5_FIT_0.7702842084025776_0.7703463358696646_0.7705933862528166_SIZE_1_1.1_2
GEN_6_FIT_0.7703045522566438_0.7705551519701128_0.7708951763393838_SIZE_1_1.45_3
GEN_7_FIT_0.770591890928464_0.7707100930020726_0.7708951763393838_SIZE_1_2.05_3
GEN_8_FIT_0.7705994975566326_0.7708199252339669_0.7708971417956152_SIZE_1_1.65_2
GEN_9_FIT_0.7705994975566326_0.7707215290544489_0.7709578337400053_SIZE_1_1.15_2
GEN_10_FIT_0.7707870855281961_0.7708215626995742_0.7709629444725437_SIZE_1_1.15_2
GEN_11_FIT_0.7707870855281961_0.7709174169759196_0.771472246800964_SIZE_1_1.25_2
GEN_12_FIT_0.7709592735877928_0.7710452352480626_0.7715608125579902_SIZE_1_1.1_2
GEN_13_FIT_0.7709711978857543_0.7712509380109964_0.7715608125579902_SIZE_1_1.15_2
GEN_14_FIT_0.7714566355561386_0.7714927237029202_0.7715608125579902_SIZE_1_1.05_2
GEN_15_FIT_0.771472246800964_0.7715426600302109_0.7716050635340503_SIZE_1_1.25_2
GEN_16_FIT_0.7715608125579902_0.7716116689001445_0.7723311599048095_SIZE_1_1.1_2
GEN_17_FIT_0.7715608125579902_0.7717645232931447_0.7723311599048095_SIZE_1_1.5_2
GEN_18_FIT_0.7716569748792207_0.7719543863584115_0.7723311599048095_SIZE_1_1.35_2
GEN_19_FIT_0.7719983622920391_0.7722594138703411_0.7723311599048095_SIZE_1_1.3_2
GEN_20_FIT_0.7723311599048095_0.7723311599048094_0.7723311599048095_SIZE_1_1.0_1
Evaluating in sample:
[GEN_20|make_tuple(9, 26, 201, 372)|0.7723]
Evaluating out-of-sample:
[GEN_20|make_tuple(9, 26, 201, 372)|0.8238]
GEN_21_FIT_0.7723311599048095_0.772334608822132_0.7724001382512632_SIZE_1_1.0_1
GEN_22_FIT_0.7723311599048095_0.7723452646071284_0.7724001382512632_SIZE_1_1.05_2
GEN_23_FIT_0.7723311599048095_0.77236281822677_0.7724001382512632_SIZE_1_1.15_2
GEN_24_FIT_0.7724001382512632_0.7724001382512633_0.7724001382512632_SIZE_1_1.0_1
GEN_25_FIT_0.7724001382512632_0.7724001382512633_0.7724001382512632_SIZE_1_1.0_1
GEN_26_FIT_0.7724001382512632_0.7724001382512633_0.7724001382512632_SIZE_1_1.0_1
GEN_27_FIT_0.7724001382512632_0.7724001382512633_0.7724001382512632_SIZE_1_1.0_1
GEN_28_FIT_0.7724001382512632_0.7724001382512633_0.7724001382512632_SIZE_1_1.0_1
GEN_29_FIT_0.7724001382512632_0.7724001382512633_0.7724001382512632_SIZE_1_1.0_1
GEN_30_FIT_0.7724001382512632_0.7724001382512633_0.7724001382512632_SIZE_1_1.0_1
GEN_31_FIT_0.7724001382512632_0.7724001382512633_0.7724001382512632_SIZE_1_1.0_1
GEN_32_FIT_0.7724001382512632_0.7724001382512633_0.7724001382512632_SIZE_1_1.0_1
GEN_33_FIT_0.7724001382512632_0.7724021373750469_0.772420129489099_SIZE_1_1.0_1
GEN_34_FIT_0.7724001382512632_0.7724061356226141_0.772420129489099_SIZE_1_1.0_1
GEN_35_FIT_0.7724001382512632_0.7724151316796402_0.772420129489099_SIZE_1_1.05_2
GEN_36_FIT_0.772420129489099_0.772420129489099_0.772420129489099_SIZE_1_1.0_1
GEN_37_FIT_0.772420129489099_0.7724212321581039_0.7724421828691959_SIZE_1_1.05_2
GEN_38_FIT_0.772420129489099_0.7724223348271086_0.7724421828691959_SIZE_1_1.1_2
GEN_39_FIT_0.772420129489099_0.7724223348271086_0.7724421828691959_SIZE_1_1.1_2
GEN_40_FIT_0.772420129489099_0.7724216708650294_0.7724509570077073_SIZE_1_1.05_2
Evaluating in sample:
[GEN_40|make_tuple(9, 26, 201, 364)|0.7724]
[GEN_40|make_tuple(9, 26, 199, add(0.004009967861990537, 364))|0.7725]
Evaluating out-of-sample:
[GEN_40|make_tuple(9, 26, 201, 364)|0.8254]
[GEN_40|make_tuple(9, 26, 199, add(0.004009967861990537, 364))|0.8254]
GEN_41_FIT_0.772420129489099_0.7724293777446813_0.7724509570077073_SIZE_1_1.3_2
GEN_42_FIT_0.772420129489099_0.7724403808279662_0.7724509570077073_SIZE_1_1.6_2
GEN_43_FIT_0.7724289036276103_0.7724487516696976_0.7724509570077073_SIZE_1_1.9_2
GEN_44_FIT_0.7724289036276103_0.7724487516696976_0.7724509570077073_SIZE_1_1.9_2
GEN_45_FIT_0.7724289036276103_0.7724487516696976_0.7724509570077073_SIZE_1_1.9_2
GEN_46_FIT_0.7724289036276103_0.7724487516696976_0.7724509570077073_SIZE_1_1.9_2
GEN_47_FIT_0.7724289036276103_0.7724487516696976_0.7724509570077073_SIZE_1_1.9_2
GEN_48_FIT_0.7724289036276103_0.7724487516696976_0.7724509570077073_SIZE_1_1.9_2
GEN_49_FIT_0.7724289036276103_0.7724487516696976_0.7724509570077073_SIZE_1_1.9_2
GEN_50_FIT_0.7724289036276103_0.7724487516696976_0.7724509570077073_SIZE_1_1.9_2
GEN_51_FIT_0.7724289036276103_0.7724487516696976_0.7724509570077073_SIZE_1_1.9_2
GEN_52_FIT_0.7724289036276103_0.7724487516696976_0.7724509570077073_SIZE_1_1.9_2
GEN_53_FIT_0.7724289036276103_0.7724487516696976_0.7724509570077073_SIZE_1_1.9_2
GEN_54_FIT_0.7724289036276103_0.7724487516696976_0.7724509570077073_SIZE_1_1.9_2
GEN_55_FIT_0.7724289036276103_0.7724487516696976_0.7724509570077073_SIZE_1_1.9_2
GEN_56_FIT_0.7724289036276103_0.7724487516696976_0.7724509570077073_SIZE_1_1.9_2
GEN_57_FIT_0.7724289036276103_0.7724487516696976_0.7724509570077073_SIZE_1_1.9_2
GEN_58_FIT_0.7724289036276103_0.7724487516696976_0.7724509570077073_SIZE_1_1.9_2
GEN_59_FIT_0.7724289036276103_0.7724487516696976_0.7724509570077073_SIZE_1_1.9_2
GEN_60_FIT_0.7724289036276103_0.7724487516696976_0.7724509570077073_SIZE_1_1.9_2
Evaluating in sample:
[GEN_60|make_tuple(9, 26, 199, 364)|0.7724]
[GEN_60|make_tuple(9, 26, 199, add(0.004009967861990537, 364))|0.7725]
Evaluating out-of-sample:
[GEN_60|make_tuple(9, 26, 199, 364)|0.8254]
[GEN_60|make_tuple(9, 26, 199, add(0.004009967861990537, 364))|0.8254]
GEN_61_FIT_0.7724289036276103_0.7724487516696976_0.7724509570077073_SIZE_1_1.9_2
Evaluating in sample:
[GEN_61|make_tuple(9, 26, 199, 364)|0.7724]
[GEN_61|make_tuple(9, 26, 199, add(0.004009967861990537, 364))|0.7725]
Evaluating out-of-sample:
[GEN_61|make_tuple(9, 26, 199, 364)|0.8254]
[GEN_61|make_tuple(9, 26, 199, add(0.004009967861990537, 364))|0.8254]
Stopped early in iteration 61, no improvement in 20 gens.
START_TASK: 11
GEN_0_FIT_0.6543838040797774_0.7043470229664323_0.7565452127917681_SIZE_1_3.35_13
GEN_1_FIT_0.7333303628091621_0.7497215366880695_0.7646323844412114_SIZE_1_1.35_5
GEN_2_FIT_0.756364702344601_0.7594334598614249_0.769031162342223_SIZE_1_1.35_3
GEN_3_FIT_0.7635842648122229_0.7661918125420308_0.7695131423348067_SIZE_1_1.75_3
GEN_4_FIT_0.768883224614048_0.7691493438163018_0.7699518863654352_SIZE_1_1.65_2
GEN_5_FIT_0.769031162342223_0.7694760644000348_0.7699518863654352_SIZE_1_1.65_2
GEN_6_FIT_0.7693062813613104_0.7698266881036706_0.7703649284154616_SIZE_1_1.85_3
GEN_7_FIT_0.7693339428647_0.7699065813370691_0.7703649284154616_SIZE_1_1.7_3
GEN_8_FIT_0.7696181381534706_0.7699242951992598_0.7704562223880627_SIZE_1_1.45_3
GEN_9_FIT_0.7696231169968987_0.7698627862263739_0.7707846652790767_SIZE_1_1.2_2
GEN_10_FIT_0.7698613567026182_0.770534368647603_0.771171176137028_SIZE_1_1.8_3
GEN_11_FIT_0.7698658848384452_0.7704722908444813_0.7712300490381883_SIZE_1_1.3_2
GEN_12_FIT_0.7703182499840555_0.7708196600174795_0.7713194524247146_SIZE_1_1.6_3
GEN_13_FIT_0.7703594311557068_0.7708059791921762_0.7713194524247146_SIZE_1_1.5_2
GEN_14_FIT_0.7706086649299779_0.7711786535512174_0.7713194524247146_SIZE_1_1.95_3
GEN_15_FIT_0.7704482713747008_0.771116293355698_0.7713727075050222_SIZE_1_1.8_3
GEN_16_FIT_0.7706813397613514_0.77125625439781_0.7713727075050222_SIZE_1_2.0_3
GEN_17_FIT_0.770742167905937_0.7712787363094671_0.7713793232424485_SIZE_1_1.9_3
GEN_18_FIT_0.7592062137741753_0.7692192628091797_0.7715043656784657_SIZE_1_1.4_3
GEN_19_FIT_0.770742167905937_0.7710882395937484_0.7715043656784657_SIZE_1_1.6_3
GEN_20_FIT_0.7707474981807659_0.7711376551216006_0.7715389349491003_SIZE_1_1.7_4
Evaluating in sample:
[GEN_20|make_tuple(9, 28, 935, 311)|0.7709]
[GEN_20|make_tuple(9, 30, mul(7, 28), 311)|0.7715]
[GEN_20|make_tuple(9, 26, mul(7, 28), add(358, 7))|0.7715]
Evaluating out-of-sample:
[GEN_20|make_tuple(9, 28, 935, 311)|0.9110]
[GEN_20|make_tuple(9, 30, mul(7, 28), 311)|0.9042]
[GEN_20|make_tuple(9, 26, mul(7, 28), add(358, 7))|0.9075]
GEN_21_FIT_0.7709139325727368_0.7714026530545246_0.7715389349491003_SIZE_1_1.95_3
GEN_22_FIT_0.7709139325727368_0.7711852859289465_0.7716418888968494_SIZE_1_1.45_3
GEN_23_FIT_0.7710383055535822_0.7712267756833672_0.7716418888968494_SIZE_1_1.25_2
GEN_24_FIT_0.7710916900712775_0.7712645765871506_0.7716418888968494_SIZE_1_1.3_2
GEN_25_FIT_0.7711570814341666_0.7716176485237154_0.7716418888968494_SIZE_1_2.0_3
GEN_26_FIT_0.7711570814341666_0.7716176485237154_0.7716418888968494_SIZE_1_1.95_2
GEN_27_FIT_0.7711570814341666_0.7715934081505813_0.7716418888968494_SIZE_1_1.9_2
GEN_28_FIT_0.7711570814341666_0.7715934081505813_0.7716418888968494_SIZE_1_1.9_2
GEN_29_FIT_0.7711570814341666_0.7715934081505813_0.7716418888968494_SIZE_1_1.9_2
GEN_30_FIT_0.7712207103466984_0.771620829969342_0.7716418888968494_SIZE_1_1.95_2
GEN_31_FIT_0.7712207103466984_0.7715997710418344_0.7716418888968494_SIZE_1_1.9_2
GEN_32_FIT_0.7712207103466984_0.7715997710418344_0.7716418888968494_SIZE_1_1.9_2
GEN_33_FIT_0.7712589392636212_0.771622741415188_0.7716418888968494_SIZE_1_1.95_2
GEN_34_FIT_0.7712589392636212_0.7716035939335267_0.7716418888968494_SIZE_1_1.9_2
GEN_35_FIT_0.7712589392636212_0.7716035939335267_0.7716418888968494_SIZE_1_1.9_2
GEN_36_FIT_0.7712589392636212_0.7716035939335267_0.7716418888968494_SIZE_1_1.9_2
GEN_37_FIT_0.7712589392636212_0.7716035939335267_0.7716418888968494_SIZE_1_1.9_2
GEN_38_FIT_0.7712790415382803_0.7716237465289211_0.7716418888968494_SIZE_1_1.95_2
GEN_39_FIT_0.7712790415382803_0.7716056041609927_0.7716418888968494_SIZE_1_1.9_2
GEN_40_FIT_0.7712790415382803_0.7716056041609927_0.7716418888968494_SIZE_1_1.9_2
Evaluating in sample:
[GEN_40|make_tuple(9, 29, 159, 311)|0.7713]
[GEN_40|make_tuple(9, 29, mul(7, 27), 311)|0.7716]
Evaluating out-of-sample:
[GEN_40|make_tuple(9, 29, 159, 311)|0.8987]
[GEN_40|make_tuple(9, 29, mul(7, 27), 311)|0.8999]
GEN_41_FIT_0.7712790415382803_0.7716056041609927_0.7716418888968494_SIZE_1_1.9_2
GEN_42_FIT_0.7712790415382803_0.7716056041609927_0.7716418888968494_SIZE_1_1.9_2
GEN_43_FIT_0.7712790415382803_0.7716056041609927_0.7716418888968494_SIZE_1_1.9_2
Evaluating in sample:
[GEN_43|make_tuple(9, 29, 159, 311)|0.7713]
[GEN_43|make_tuple(9, 29, mul(7, 27), 311)|0.7716]
Evaluating out-of-sample:
[GEN_43|make_tuple(9, 29, 159, 311)|0.8987]
[GEN_43|make_tuple(9, 29, mul(7, 27), 311)|0.8999]
Stopped early in iteration 43, no improvement in 20 gens.
START_TASK: 12
GEN_0_FIT_0.674500429555223_0.7262959598967476_0.7578809317891652_SIZE_1_1.2_3
GEN_1_FIT_0.7533569700897961_0.7563340231002988_0.7593725356856001_SIZE_1_1.05_2
GEN_2_FIT_0.7578809317891652_0.7586505867988411_0.7670152648057103_SIZE_1_1.0_1
GEN_3_FIT_0.7593725356856001_0.7650319551932626_0.7704191714060327_SIZE_1_1.1_2
GEN_4_FIT_0.7685065496888844_0.7695168332100895_0.7707372443221631_SIZE_1_1.1_2
GEN_5_FIT_0.7697488918031148_0.7702600464975639_0.7710707946210358_SIZE_1_1.25_2
GEN_6_FIT_0.7704191714060327_0.7707845251700364_0.7710707946210358_SIZE_1_1.3_2
GEN_7_FIT_0.7708923158674906_0.7710220372902757_0.771168071013774_SIZE_1_1.55_2
GEN_8_FIT_0.7710646095657712_0.7711512928175719_0.7716102061887148_SIZE_1_1.35_2
GEN_9_FIT_0.771168071013774_0.7714156638933266_0.7717184528544523_SIZE_1_1.5_2
GEN_10_FIT_0.7716102061887148_0.7716616059788663_0.7717184528544523_SIZE_1_1.4_2
GEN_11_FIT_0.771637810390978_0.7717146202490992_0.7717809234191433_SIZE_1_1.4_2
GEN_12_FIT_0.7717184528544523_0.7717429178274196_0.7717886044152611_SIZE_1_1.3_2
GEN_13_FIT_0.7717298390357789_0.7717641960343833_0.7717886044152611_SIZE_1_1.2_2
GEN_14_FIT_0.7717809234191433_0.7717843798673963_0.7717886044152611_SIZE_1_1.05_2
GEN_15_FIT_0.7717886044152611_0.7717886044152612_0.7717886044152611_SIZE_1_1.0_1
GEN_16_FIT_0.7717886044152611_0.7717902817245644_0.7718090894308136_SIZE_1_1.0_1
GEN_17_FIT_0.7717886044152611_0.7717967090955036_0.7718090894308136_SIZE_1_1.05_2
GEN_18_FIT_0.7718090894308136_0.7718094204875647_0.7718157105658333_SIZE_1_1.0_1
GEN_19_FIT_0.7718090894308136_0.7718100826010666_0.7718157105658333_SIZE_1_1.0_1
GEN_20_FIT_0.7718090894308136_0.7718137863863769_0.7718361955813859_SIZE_1_1.05_2
Evaluating in sample:
[GEN_20|make_tuple(9, 688, 200, 309)|0.7718]
Evaluating out-of-sample:
[GEN_20|make_tuple(9, 688, 200, 309)|0.8368]
GEN_21_FIT_0.7718157105658333_0.7718208318197216_0.7718361955813859_SIZE_1_1.0_1
GEN_22_FIT_0.7718345863670588_0.7718362272082667_0.7718384373333289_SIZE_1_1.05_2
GEN_23_FIT_0.7718361955813859_0.7718364197565803_0.7718384373333289_SIZE_1_1.1_2
GEN_24_FIT_0.7718361955813859_0.7718398926167135_0.7718646827529452_SIZE_1_1.1_2
GEN_25_FIT_0.7718361955813859_0.7718398926167135_0.7718646827529452_SIZE_1_1.1_2
GEN_26_FIT_0.7718361955813859_0.7718493902250616_0.7720446318288494_SIZE_1_1.15_3
GEN_27_FIT_0.7718361955813859_0.7718765742959445_0.7720446318288494_SIZE_1_1.3_3
GEN_28_FIT_0.7718361955813859_0.7719322955596672_0.7721360481952236_SIZE_1_1.6_4
GEN_29_FIT_0.7718646827529452_0.7718788322370547_0.7721476724351355_SIZE_1_1.05_2
GEN_30_FIT_0.7718646827529452_0.7719049449855777_0.7721476724351355_SIZE_1_1.1_2
GEN_31_FIT_0.7718646827529452_0.7720060908521117_0.7721476724351355_SIZE_1_1.4_2
GEN_32_FIT_0.7719367052404615_0.7721158470929792_0.7721988395852984_SIZE_1_1.55_2
GEN_33_FIT_0.7720816881915382_0.7721134295369053_0.7722063229835779_SIZE_1_1.25_2
GEN_34_FIT_0.7721171948457616_0.7721860418096952_0.7722063229835779_SIZE_1_1.75_3
GEN_35_FIT_0.7721232747318035_0.7721796304898387_0.7722538108712137_SIZE_1_1.35_2
GEN_36_FIT_0.7721232747318035_0.7722003925527823_0.7722538108712137_SIZE_1_1.1_2
GEN_37_FIT_0.7722063229835779_0.7722110717723416_0.7722538108712137_SIZE_1_1.05_2
GEN_38_FIT_0.7722063229835779_0.7722134461667234_0.7722538108712137_SIZE_1_1.1_2
GEN_39_FIT_0.7722063229835779_0.7722158205611052_0.7722538108712137_SIZE_1_1.1_2
GEN_40_FIT_0.7722063229835779_0.7722253181386323_0.7722538108712137_SIZE_1_1.1_2
Evaluating in sample:
[GEN_40|make_tuple(9, 29, 201, 309)|0.7723]
Evaluating out-of-sample:
[GEN_40|make_tuple(9, 29, 201, 309)|0.8479]
GEN_41_FIT_0.7722538108712137_0.7722538108712136_0.7722538108712137_SIZE_1_1.0_1
GEN_42_FIT_0.7722538108712137_0.7722538108712136_0.7722538108712137_SIZE_1_1.0_1
GEN_43_FIT_0.7722538108712137_0.7722538108712136_0.7722538108712137_SIZE_1_1.0_1
GEN_44_FIT_0.7722538108712137_0.7722538108712136_0.7722538108712137_SIZE_1_1.0_1
GEN_45_FIT_0.7722538108712137_0.7722538108712136_0.7722538108712137_SIZE_1_1.0_1
GEN_46_FIT_0.7722538108712137_0.772254014527344_0.7722578839938228_SIZE_1_1.0_1
GEN_47_FIT_0.7722538108712137_0.7722555294471292_0.7722637436538705_SIZE_1_1.05_2
GEN_48_FIT_0.7722538108712137_0.7722581519744385_0.7722637436538705_SIZE_1_1.05_2
GEN_49_FIT_0.7722578839938228_0.7722605208408444_0.7722637436538705_SIZE_1_1.05_2
GEN_50_FIT_0.7722637436538705_0.7722637436538704_0.7722637436538705_SIZE_1_1.0_1
GEN_51_FIT_0.7722637436538705_0.7722637436538704_0.7722637436538705_SIZE_1_1.0_1
GEN_52_FIT_0.7722637436538705_0.7722637436538704_0.7722637436538705_SIZE_1_1.0_1
GEN_53_FIT_0.7722637436538705_0.7722637436538704_0.7722637436538705_SIZE_1_1.0_1
GEN_54_FIT_0.7722637436538705_0.7722637436538704_0.7722637436538705_SIZE_1_1.0_1
GEN_55_FIT_0.7722637436538705_0.7722637436538704_0.7722637436538705_SIZE_1_1.0_1
GEN_56_FIT_0.7722637436538705_0.7722637436538704_0.7722637436538705_SIZE_1_1.0_1
GEN_57_FIT_0.7722637436538705_0.7722637436538704_0.7722637436538705_SIZE_1_1.0_1
GEN_58_FIT_0.7722637436538705_0.7722637436538704_0.7722637436538705_SIZE_1_1.0_1
GEN_59_FIT_0.7722637436538705_0.7722637436538704_0.7722637436538705_SIZE_1_1.0_1
GEN_60_FIT_0.7722637436538705_0.7722637436538704_0.7722637436538705_SIZE_1_1.0_1
Evaluating in sample:
[GEN_60|make_tuple(9, 29, 201, 311)|0.7723]
Evaluating out-of-sample:
[GEN_60|make_tuple(9, 29, 201, 311)|0.8479]
GEN_61_FIT_0.7722637436538705_0.7722637436538704_0.7722637436538705_SIZE_1_1.0_1
GEN_62_FIT_0.7722637436538705_0.7722637436538704_0.7722637436538705_SIZE_1_1.0_1
GEN_63_FIT_0.7722637436538705_0.7722637436538704_0.7722637436538705_SIZE_1_1.0_1
GEN_64_FIT_0.7722637436538705_0.7722637436538704_0.7722637436538705_SIZE_1_1.0_1
GEN_65_FIT_0.7722637436538705_0.7722637436538704_0.7722637436538705_SIZE_1_1.0_1
GEN_66_FIT_0.7722637436538705_0.7722637436538704_0.7722637436538705_SIZE_1_1.0_1
GEN_67_FIT_0.7722637436538705_0.7722637436538704_0.7722637436538705_SIZE_1_1.0_1
GEN_68_FIT_0.7722637436538705_0.7722637436538704_0.7722637436538705_SIZE_1_1.0_1
Evaluating in sample:
[GEN_68|make_tuple(9, 29, 201, 311)|0.7723]
Evaluating out-of-sample:
[GEN_68|make_tuple(9, 29, 201, 311)|0.8479]
Stopped early in iteration 68, no improvement in 20 gens.
START_TASK: 14
GEN_0_FIT_0.6783107199832625_0.7136469426683181_0.7563377834573058_SIZE_1_2.95_14
GEN_1_FIT_0.727897565423373_0.741946556174456_0.756583298232858_SIZE_1_2.8_5
GEN_2_FIT_0.7424036685474223_0.7525936586035369_0.7574778000147679_SIZE_1_2.7_5
GEN_3_FIT_0.7469960410297891_0.7568059691720052_0.7701149793599711_SIZE_1_2.0_3
GEN_4_FIT_0.7565943881734029_0.7648180549108592_0.7705545025412011_SIZE_1_1.9_3
GEN_5_FIT_0.7675044537101012_0.7701722433535629_0.7707835271153585_SIZE_1_2.0_3
GEN_6_FIT_0.7690536629792951_0.7703997084851161_0.7712060375539868_SIZE_1_1.65_4
GEN_7_FIT_0.7703920616640096_0.7709312076008064_0.7712097535151919_SIZE_1_1.75_4
GEN_8_FIT_0.7710885045983384_0.7712264911529552_0.7717298759574744_SIZE_1_1.5_2
GEN_9_FIT_0.7712060375539868_0.7713071498471196_0.7717298759574744_SIZE_1_1.35_2
GEN_10_FIT_0.7712434140470047_0.7714801321210102_0.7717298759574744_SIZE_1_1.15_2
GEN_11_FIT_0.7717298759574744_0.7717343077565808_0.771785908533996_SIZE_1_1.0_1
GEN_12_FIT_0.7717298759574744_0.771741167459393_0.7717964247815207_SIZE_1_1.0_1
GEN_13_FIT_0.7717624793630795_0.7717720318941188_0.7717964247815207_SIZE_1_1.1_2
GEN_14_FIT_0.771785908533996_0.7717965063844768_0.7718552494120733_SIZE_1_1.05_2
GEN_15_FIT_0.7717964247815207_0.7718142089885645_0.7718552494120733_SIZE_1_1.05_2
GEN_16_FIT_0.7718384153909311_0.7718500313757916_0.7718552494120733_SIZE_1_1.1_2
GEN_17_FIT_0.7718552494120733_0.771869967992087_0.7721363605108866_SIZE_1_1.0_1
GEN_18_FIT_0.7718552494120733_0.7719092917608242_0.7721363605108866_SIZE_1_1.05_2
GEN_19_FIT_0.7718683414356647_0.7720234072869057_0.7721363605108866_SIZE_1_1.05_2
GEN_20_FIT_0.7721363605108866_0.7721485331094987_0.7722193075224606_SIZE_1_1.05_2
Evaluating in sample:
[GEN_20|make_tuple(9, 30, 201, 313)|0.7722]
Evaluating out-of-sample:
[GEN_20|make_tuple(9, 30, 201, 313)|0.8284]
GEN_21_FIT_0.7721363605108866_0.7721704343917852_0.7722587436727583_SIZE_1_1.15_2
GEN_22_FIT_0.7721898621644424_0.7722105044130665_0.7722587436727583_SIZE_1_1.05_2
GEN_23_FIT_0.7722480943901753_0.7722769367873735_0.7723122453263139_SIZE_1_1.05_2
GEN_24_FIT_0.7723065501064036_0.7723119605653184_0.7723122453263139_SIZE_1_1.1_2
GEN_25_FIT_0.7723122453263139_0.772315618831143_0.7723797154228972_SIZE_1_1.05_2
GEN_26_FIT_0.7723122453263139_0.7723223658408013_0.7723797154228972_SIZE_1_1.1_2
GEN_27_FIT_0.7723122453263139_0.7723257393456304_0.7723797154228972_SIZE_1_1.1_2
GEN_28_FIT_0.7723122453263139_0.772335859860118_0.7723797154228972_SIZE_1_1.1_2
GEN_29_FIT_0.7723122453263139_0.7723729684132388_0.7723797154228972_SIZE_1_1.1_2
GEN_30_FIT_0.7723797154228972_0.7723797154228971_0.7723797154228972_SIZE_1_1.0_1
GEN_31_FIT_0.7723797154228972_0.7723797154228971_0.7723797154228972_SIZE_1_1.0_1
GEN_32_FIT_0.7723797154228972_0.7723801511421563_0.7723884298080792_SIZE_1_1.05_2
GEN_33_FIT_0.7723797154228972_0.7723805868614153_0.7723884298080792_SIZE_1_1.1_2
GEN_34_FIT_0.7723797154228972_0.7723805868614153_0.7723884298080792_SIZE_1_1.1_2
GEN_35_FIT_0.7723797154228972_0.7723805868614153_0.7723884298080792_SIZE_1_1.1_2
GEN_36_FIT_0.7723797154228972_0.7723805868614153_0.7723884298080792_SIZE_1_1.1_2
GEN_37_FIT_0.7723797154228972_0.7723805868614153_0.7723884298080792_SIZE_1_1.1_2
GEN_38_FIT_0.7723797154228972_0.7723805868614153_0.7723884298080792_SIZE_1_1.1_2
GEN_39_FIT_0.7723797154228972_0.7723815637367727_0.7723992529300447_SIZE_1_1.1_2
GEN_40_FIT_0.7723797154228972_0.7723844943628448_0.7723992529300447_SIZE_1_1.1_2
Evaluating in sample:
[GEN_40|make_tuple(9, 29, 201, 311)|0.7724]
Evaluating out-of-sample:
[GEN_40|make_tuple(9, 29, 201, 311)|0.8324]
GEN_41_FIT_0.7723797154228972_0.7723933916779003_0.7723992529300447_SIZE_1_1.05_2
GEN_42_FIT_0.7723992529300447_0.7723992529300447_0.7723992529300447_SIZE_1_1.0_1
GEN_43_FIT_0.7723992529300447_0.772400124368563_0.7724079673152268_SIZE_1_1.1_2
GEN_44_FIT_0.7723992529300447_0.772400124368563_0.7724079673152268_SIZE_1_1.1_2
GEN_45_FIT_0.7723992529300447_0.772400124368563_0.7724079673152268_SIZE_1_1.1_2
GEN_46_FIT_0.7723992529300447_0.772400124368563_0.7724079673152268_SIZE_1_1.1_2
GEN_47_FIT_0.7723992529300447_0.772400124368563_0.7724079673152268_SIZE_1_1.1_2
GEN_48_FIT_0.7723992529300447_0.772400124368563_0.7724079673152268_SIZE_1_1.1_2
GEN_49_FIT_0.7723992529300447_0.772400124368563_0.7724079673152268_SIZE_1_1.1_2
GEN_50_FIT_0.7723992529300447_0.772400124368563_0.7724079673152268_SIZE_1_1.1_2
GEN_51_FIT_0.7723992529300447_0.772400124368563_0.7724079673152268_SIZE_1_1.1_2
GEN_52_FIT_0.7723992529300447_0.772400124368563_0.7724079673152268_SIZE_1_1.1_2
GEN_53_FIT_0.7723992529300447_0.772400124368563_0.7724079673152268_SIZE_1_1.1_2
GEN_54_FIT_0.7723992529300447_0.772400124368563_0.7724079673152268_SIZE_1_1.1_2
GEN_55_FIT_0.7723992529300447_0.772400124368563_0.7724079673152268_SIZE_1_1.1_2
GEN_56_FIT_0.7723992529300447_0.772400124368563_0.7724079673152268_SIZE_1_1.1_2
GEN_57_FIT_0.7723992529300447_0.772400124368563_0.7724079673152268_SIZE_1_1.1_2
GEN_58_FIT_0.7723992529300447_0.772400124368563_0.7724079673152268_SIZE_1_1.1_2
GEN_59_FIT_0.7723992529300447_0.772400124368563_0.7724079673152268_SIZE_1_1.1_2
GEN_60_FIT_0.7723992529300447_0.772400124368563_0.7724079673152268_SIZE_1_1.1_2
Evaluating in sample:
[GEN_60|make_tuple(9, 29, 201, 311)|0.7724]
[GEN_60|make_tuple(9, add(29, 0.00543475407612731), 201, 311)|0.7724]
Evaluating out-of-sample:
[GEN_60|make_tuple(9, 29, 201, 311)|0.8324]
[GEN_60|make_tuple(9, add(29, 0.00543475407612731), 201, 311)|0.8288]
GEN_61_FIT_0.7723992529300447_0.772400124368563_0.7724079673152268_SIZE_1_1.1_2
GEN_62_FIT_0.7723992529300447_0.772400124368563_0.7724079673152268_SIZE_1_1.1_2
GEN_63_FIT_0.7723992529300447_0.772400124368563_0.7724079673152268_SIZE_1_1.1_2
GEN_64_FIT_0.7723992529300447_0.772400124368563_0.7724079673152268_SIZE_1_1.1_2
Evaluating in sample:
[GEN_64|make_tuple(9, 29, 201, 311)|0.7724]
[GEN_64|make_tuple(9, add(29, 0.00543475407612731), 201, 311)|0.7724]
Evaluating out-of-sample:
[GEN_64|make_tuple(9, 29, 201, 311)|0.8324]
[GEN_64|make_tuple(9, add(29, 0.00543475407612731), 201, 311)|0.8288]
Stopped early in iteration 64, no improvement in 20 gens.
START_TASK: 15
GEN_0_FIT_0.6876285163067858_0.7134262496985748_0.7539982780041447_SIZE_1_1.7_5
GEN_1_FIT_0.7318087710527325_0.7499061279438101_0.7541534930951042_SIZE_1_1.4_5
GEN_2_FIT_0.7539982780041447_0.7549940508996842_0.7655270226104954_SIZE_1_1.7_5
GEN_3_FIT_0.75645192861715_0.7611871723644306_0.7695707336536336_SIZE_1_1.8_5
GEN_4_FIT_0.7659523104959791_0.768400382032766_0.7713578060958793_SIZE_1_1.75_4
GEN_5_FIT_0.7697243793943307_0.7703869490483943_0.7713578060958793_SIZE_1_1.8_4
GEN_6_FIT_0.7702247112869375_0.7707226407528088_0.7718662466591435_SIZE_1_1.55_3
GEN_7_FIT_0.7702561531267573_0.7712895289135598_0.7719982847360368_SIZE_1_1.95_3
GEN_8_FIT_0.7706978795331026_0.7715934651062706_0.7724166326641932_SIZE_1_2.05_3
GEN_9_FIT_0.7715534378437942_0.7720022878341313_0.7724166326641932_SIZE_1_2.3_4
GEN_10_FIT_0.7717546832182709_0.7722181920995003_0.7725452163493484_SIZE_1_2.45_4
GEN_11_FIT_0.7717843018002113_0.7723262456604866_0.7725452163493484_SIZE_1_2.6_3
GEN_12_FIT_0.7719651066418838_0.7723876601575159_0.7725452163493484_SIZE_1_2.75_3
GEN_13_FIT_0.7505579675752493_0.771277513782594_0.7726119251814659_SIZE_1_2.15_3
GEN_14_FIT_0.7720350238384645_0.7724265910535549_0.7726119251814659_SIZE_1_2.0_4
GEN_15_FIT_0.7723288844066487_0.7723430364453897_0.7726119251814659_SIZE_1_1.05_2
GEN_16_FIT_0.7723288844066487_0.7723714076413872_0.7726132675517826_SIZE_1_1.1_2
GEN_17_FIT_0.7723288844066487_0.7725108687463121_0.7726132675517826_SIZE_1_1.25_2
GEN_18_FIT_0.7725962127817085_0.7726123476947631_0.7726132675517826_SIZE_1_1.15_2
GEN_19_FIT_0.7726132675517826_0.7726132675517827_0.7726132675517826_SIZE_1_1.0_1
GEN_20_FIT_0.7726132675517826_0.7726132675517827_0.7726132675517826_SIZE_1_1.0_1
Evaluating in sample:
[GEN_20|make_tuple(9, 833, 199, 311)|0.7726]
Evaluating out-of-sample:
[GEN_20|make_tuple(9, 833, 199, 311)|0.7498]
GEN_21_FIT_0.7726132675517826_0.7726132675517827_0.7726132675517826_SIZE_1_1.0_1
GEN_22_FIT_0.7726132675517826_0.7726132675517827_0.7726132675517826_SIZE_1_1.0_1
GEN_23_FIT_0.7726132675517826_0.7726132675517827_0.7726132675517826_SIZE_1_1.0_1
GEN_24_FIT_0.7726132675517826_0.7726132675517827_0.7726132675517826_SIZE_1_1.0_1
GEN_25_FIT_0.7726132675517826_0.7726132675517827_0.7726132675517826_SIZE_1_1.0_1
GEN_26_FIT_0.7726132675517826_0.7726132675517827_0.7726132675517826_SIZE_1_1.0_1
GEN_27_FIT_0.7726132675517826_0.7726132675517827_0.7726132675517826_SIZE_1_1.0_1
GEN_28_FIT_0.7726132675517826_0.7726132675517827_0.7726132675517826_SIZE_1_1.0_1
GEN_29_FIT_0.7726132675517826_0.7726234809741712_0.7728175359995504_SIZE_1_1.0_1
GEN_30_FIT_0.7726132675517826_0.7726550707745106_0.7728175359995504_SIZE_1_1.0_1
GEN_31_FIT_0.7726132675517826_0.772737126515858_0.7728175359995504_SIZE_1_1.05_2
GEN_32_FIT_0.7728175359995504_0.772823926500536_0.7729187851287401_SIZE_1_1.0_1
GEN_33_FIT_0.7728175359995504_0.7728455043709_0.7729187851287401_SIZE_1_1.0_1
GEN_34_FIT_0.7728440968900726_0.7729028769441811_0.7729187851287401_SIZE_1_1.05_2
GEN_35_FIT_0.7729187851287401_0.77291878512874_0.7729187851287401_SIZE_1_1.0_1
GEN_36_FIT_0.7729187851287401_0.77291878512874_0.7729187851287401_SIZE_1_1.0_1
GEN_37_FIT_0.7729187851287401_0.77291878512874_0.7729187851287401_SIZE_1_1.0_1
GEN_38_FIT_0.7729187851287401_0.77291878512874_0.7729187851287401_SIZE_1_1.0_1
GEN_39_FIT_0.7729187851287401_0.77291878512874_0.7729187851287401_SIZE_1_1.0_1
GEN_40_FIT_0.7729187851287401_0.77291878512874_0.7729187851287401_SIZE_1_1.0_1
Evaluating in sample:
[GEN_40|make_tuple(9, 29, 199, 311)|0.7729]
Evaluating out-of-sample:
[GEN_40|make_tuple(9, 29, 199, 311)|0.7717]
GEN_41_FIT_0.7729187851287401_0.77291878512874_0.7729187851287401_SIZE_1_1.0_1
GEN_42_FIT_0.7729187851287401_0.77291878512874_0.7729187851287401_SIZE_1_1.0_1
GEN_43_FIT_0.7729187851287401_0.77291878512874_0.7729187851287401_SIZE_1_1.0_1
GEN_44_FIT_0.7729187851287401_0.77291878512874_0.7729187851287401_SIZE_1_1.0_1
GEN_45_FIT_0.7729187851287401_0.77291878512874_0.7729187851287401_SIZE_1_1.0_1
GEN_46_FIT_0.7729187851287401_0.77291878512874_0.7729187851287401_SIZE_1_1.0_1
GEN_47_FIT_0.7729187851287401_0.77291878512874_0.7729187851287401_SIZE_1_1.0_1
GEN_48_FIT_0.7729187851287401_0.77291878512874_0.7729187851287401_SIZE_1_1.0_1
GEN_49_FIT_0.7729187851287401_0.77291878512874_0.7729187851287401_SIZE_1_1.0_1
GEN_50_FIT_0.7729187851287401_0.77291878512874_0.7729187851287401_SIZE_1_1.0_1
GEN_51_FIT_0.7729187851287401_0.77291878512874_0.7729187851287401_SIZE_1_1.0_1
GEN_52_FIT_0.7729187851287401_0.77291878512874_0.7729187851287401_SIZE_1_1.0_1
GEN_53_FIT_0.7729187851287401_0.77291878512874_0.7729187851287401_SIZE_1_1.0_1
Evaluating in sample:
[GEN_53|make_tuple(9, 29, 199, 311)|0.7729]
Evaluating out-of-sample:
[GEN_53|make_tuple(9, 29, 199, 311)|0.7717]
Stopped early in iteration 53, no improvement in 20 gens.
START_TASK: 16
