Starting problem: mlr_knn
param:age_regularization:100000.0
param:algorithm:random_search
param:constants_only:False
param:cxpb:0.25
param:early_stop_n:20
param:lambda_:100
param:max_number_operators:None
param:max_start_size:2
param:mu:20
param:ngen:300
param:optimize_constants:False
param:output_file:/home/gijsbers/symbolicdefaults/runs/mlr_knn_random_search_4.log
param:problem:mlr_knn
param:subset:1.0
param:task:None
param:warm_start:False
Benchmark problems: mlr_knn
mlr_default := make_tuple(10., 16., 10., 200.)
Loading surrogates from file.
START_TASK: 3
GEN_0_FIT_0.3093261984310883_0.5107460975565421_0.7674446137518157_SIZE_1_6.195_19
Evaluating in sample:
[GEN_0|make_tuple(9, po, n, 427)|0.7674]
Evaluating out-of-sample:
[GEN_0|make_tuple(9, po, n, 427)|0.8831]
GEN_1_FIT_0.3920154533454121_0.5105300383884472_0.7651292167589766_SIZE_1_6.3381_19
Evaluating in sample:
[GEN_1|make_tuple(9, po, n, 427)|0.7674]
Evaluating out-of-sample:
[GEN_1|make_tuple(9, po, n, 427)|0.8831]
GEN_2_FIT_0.3320349303302297_0.5100483660694856_0.7649831233527185_SIZE_1_6.3208_19
Evaluating in sample:
[GEN_2|make_tuple(9, po, n, 427)|0.7674]
Evaluating out-of-sample:
[GEN_2|make_tuple(9, po, n, 427)|0.8831]
BENCHMARK: Evaluating in-sample:
[mlr_default: make_tuple(10.0, 16.0, 10.0, 200.0)|0.7089]
BENCHMARK:  Evaluating out-of-sample:
[GEN_2|mlr_default: make_tuple(10.0, 16.0, 10.0, 200.0)|0.8316]
START_TASK: 6
GEN_0_FIT_0.3763961309729227_0.5080849247693455_0.769360651608999_SIZE_1_6.3191_19
Evaluating in sample:
[GEN_0|make_tuple(9, 201, 95, n)|0.7694]
Evaluating out-of-sample:
[GEN_0|make_tuple(9, 201, 95, n)|0.8247]
GEN_1_FIT_0.3570490056918696_0.5084222525108042_0.7680582579472389_SIZE_1_6.2426_21
Evaluating in sample:
[GEN_1|make_tuple(9, 201, 95, n)|0.7694]
Evaluating out-of-sample:
[GEN_1|make_tuple(9, 201, 95, n)|0.8247]
GEN_2_FIT_0.34650454539708_0.5069008737743635_0.7685783544141386_SIZE_1_6.3813_19
Evaluating in sample:
[GEN_2|make_tuple(9, 201, 95, n)|0.7694]
Evaluating out-of-sample:
[GEN_2|make_tuple(9, 201, 95, n)|0.8247]
BENCHMARK: Evaluating in-sample:
[mlr_default: make_tuple(10.0, 16.0, 10.0, 200.0)|0.7098]
BENCHMARK:  Evaluating out-of-sample:
[GEN_2|mlr_default: make_tuple(10.0, 16.0, 10.0, 200.0)|0.7258]
START_TASK: 11
GEN_0_FIT_0.3829575405621652_0.5097547918715223_0.7657966516731028_SIZE_1_6.3396_21
Evaluating in sample:
[GEN_0|make_tuple(9, p, p, n)|0.7658]
Evaluating out-of-sample:
[GEN_0|make_tuple(9, p, p, n)|0.8732]
GEN_1_FIT_0.342922333333628_0.5087829063675806_0.763640507352198_SIZE_1_6.3943_19
Evaluating in sample:
[GEN_1|make_tuple(9, p, p, n)|0.7658]
Evaluating out-of-sample:
[GEN_1|make_tuple(9, p, p, n)|0.8732]
GEN_2_FIT_0.32653668275936243_0.5079442202295587_0.7686211012558012_SIZE_1_6.4154_21
Evaluating in sample:
[GEN_2|make_tuple(9, n, n, 641)|0.7686]
Evaluating out-of-sample:
[GEN_2|make_tuple(9, n, n, 641)|0.9216]
BENCHMARK: Evaluating in-sample:
[mlr_default: make_tuple(10.0, 16.0, 10.0, 200.0)|0.7085]
BENCHMARK:  Evaluating out-of-sample:
[GEN_2|mlr_default: make_tuple(10.0, 16.0, 10.0, 200.0)|0.8758]
START_TASK: 12
GEN_0_FIT_0.3478292634395399_0.5081780404521594_0.765662185386636_SIZE_1_6.3634_19
Evaluating in sample:
[GEN_0|make_tuple(9, m, n, n)|0.7657]
Evaluating out-of-sample:
[GEN_0|make_tuple(9, m, n, n)|0.8487]
GEN_1_FIT_0.36441913976254947_0.5077294201739329_0.7676872335399976_SIZE_1_6.3156_19
Evaluating in sample:
[GEN_1|make_tuple(9, po, n, n)|0.7677]
Evaluating out-of-sample:
[GEN_1|make_tuple(9, po, n, n)|0.8394]
GEN_2_FIT_0.36167536102792847_0.5080452900083137_0.7696770850297714_SIZE_1_6.3323_19
Evaluating in sample:
[GEN_2|make_tuple(9, p, n, 310)|0.7697]
Evaluating out-of-sample:
[GEN_2|make_tuple(9, p, n, 310)|0.8353]
BENCHMARK: Evaluating in-sample:
[mlr_default: make_tuple(10.0, 16.0, 10.0, 200.0)|0.7093]
BENCHMARK:  Evaluating out-of-sample:
[GEN_2|mlr_default: make_tuple(10.0, 16.0, 10.0, 200.0)|0.7817]
START_TASK: 14
GEN_0_FIT_0.3459752296746478_0.5103037461695109_0.7678641041372816_SIZE_1_6.3132_19
Evaluating in sample:
[GEN_0|make_tuple(9, n, p, n)|0.7679]
Evaluating out-of-sample:
[GEN_0|make_tuple(9, n, p, n)|0.8467]
GEN_1_FIT_0.35340172055410923_0.5100254843221341_0.7673299873550871_SIZE_1_6.3667_21
Evaluating in sample:
[GEN_1|make_tuple(9, n, p, n)|0.7679]
Evaluating out-of-sample:
[GEN_1|make_tuple(9, n, p, n)|0.8467]
GEN_2_FIT_0.38631507541352156_0.5095980387834131_0.7680707328654719_SIZE_1_6.3881_21
Evaluating in sample:
[GEN_2|make_tuple(9, n, p, n)|0.7679]
[GEN_2|make_tuple(truediv(0.08450974514499356, 0.009716062953896957), truediv(p, mkd), add(rc, p), sub(274, m))|0.7681]
Evaluating out-of-sample:
[GEN_2|make_tuple(9, n, p, n)|0.8467]
[GEN_2|make_tuple(truediv(0.08450974514499356, 0.009716062953896957), truediv(p, mkd), add(rc, p), sub(274, m))|0.8319]
BENCHMARK: Evaluating in-sample:
[mlr_default: make_tuple(10.0, 16.0, 10.0, 200.0)|0.7097]
BENCHMARK:  Evaluating out-of-sample:
[GEN_2|mlr_default: make_tuple(10.0, 16.0, 10.0, 200.0)|0.7374]
START_TASK: 15
GEN_0_FIT_0.35295168072656385_0.5087721685586042_0.768067344478282_SIZE_1_6.3424_21
Evaluating in sample:
[GEN_0|make_tuple(9, po, n, n)|0.7681]
Evaluating out-of-sample:
[GEN_0|make_tuple(9, po, n, n)|0.7957]
GEN_1_FIT_0.3612587935270581_0.5086613958979785_0.7688871029261674_SIZE_1_6.2285_19
Evaluating in sample:
[GEN_1|make_tuple(9, p, n, 439)|0.7689]
Evaluating out-of-sample:
[GEN_1|make_tuple(9, p, n, 439)|0.7940]
GEN_2_FIT_0.34379581347647176_0.5088918630878563_0.7587884808093741_SIZE_1_6.3503_19
Evaluating in sample:
[GEN_2|make_tuple(9, p, n, 439)|0.7689]
Evaluating out-of-sample:
[GEN_2|make_tuple(9, p, n, 439)|0.7940]
BENCHMARK: Evaluating in-sample:
[mlr_default: make_tuple(10.0, 16.0, 10.0, 200.0)|0.7103]
BENCHMARK:  Evaluating out-of-sample:
[GEN_2|mlr_default: make_tuple(10.0, 16.0, 10.0, 200.0)|0.6722]
START_TASK: 16
GEN_0_FIT_0.3513926289008796_0.5091760496751111_0.7681595703079395_SIZE_1_6.2874_19
Evaluating in sample:
[GEN_0|make_tuple(9, n, p, n)|0.7682]
Evaluating out-of-sample:
[GEN_0|make_tuple(9, n, p, n)|0.8127]
GEN_1_FIT_0.34556082734917853_0.5082501410289754_0.7701137462730213_SIZE_1_6.3441_21
Evaluating in sample:
[GEN_1|make_tuple(9, n, 264, n)|0.7701]
Evaluating out-of-sample:
[GEN_1|make_tuple(9, n, 264, n)|0.8138]
GEN_2_FIT_0.36069413520061283_0.5080484988845204_0.7686256662855376_SIZE_1_6.4364_19
Evaluating in sample:
[GEN_2|make_tuple(9, n, 264, n)|0.7701]
Evaluating out-of-sample:
[GEN_2|make_tuple(9, n, 264, n)|0.8138]
BENCHMARK: Evaluating in-sample:
[mlr_default: make_tuple(10.0, 16.0, 10.0, 200.0)|0.7092]
BENCHMARK:  Evaluating out-of-sample:
[GEN_2|mlr_default: make_tuple(10.0, 16.0, 10.0, 200.0)|0.7956]
START_TASK: 18
GEN_0_FIT_0.34946656111036095_0.5090665078426146_0.7723619969838248_SIZE_1_6.3103_19
Evaluating in sample:
[GEN_0|make_tuple(9, p, n, n)|0.7724]
Evaluating out-of-sample:
[GEN_0|make_tuple(9, p, n, n)|0.3873]
GEN_1_FIT_0.33100555054702524_0.5087231658696207_0.7719579688163354_SIZE_1_6.3286_19
Evaluating in sample:
[GEN_1|make_tuple(9, p, n, n)|0.7724]
Evaluating out-of-sample:
[GEN_1|make_tuple(9, p, n, n)|0.3873]
GEN_2_FIT_0.3559224789975556_0.5092863367880578_0.7577879650134266_SIZE_1_6.3269_19
Evaluating in sample:
[GEN_2|make_tuple(9, p, n, n)|0.7724]
Evaluating out-of-sample:
[GEN_2|make_tuple(9, p, n, n)|0.3873]
BENCHMARK: Evaluating in-sample:
[mlr_default: make_tuple(10.0, 16.0, 10.0, 200.0)|0.7122]
BENCHMARK:  Evaluating out-of-sample:
[GEN_2|mlr_default: make_tuple(10.0, 16.0, 10.0, 200.0)|0.4478]
START_TASK: 22
GEN_0_FIT_0.3386585275686297_0.5105922848211807_0.7688582219485075_SIZE_1_6.3456_19
Evaluating in sample:
[GEN_0|make_tuple(9, 208, po, n)|0.7689]
Evaluating out-of-sample:
[GEN_0|make_tuple(9, 208, po, n)|0.6710]
GEN_1_FIT_0.3105024859169679_0.5111309031676278_0.7688582219485075_SIZE_1_6.3677_19
Evaluating in sample:
[GEN_1|make_tuple(9, 208, po, n)|0.7689]
Evaluating out-of-sample:
[GEN_1|make_tuple(9, 208, po, n)|0.6710]
GEN_2_FIT_0.38183320860565284_0.5107682107628816_0.7585145051745281_SIZE_1_6.32_21
Evaluating in sample:
[GEN_2|make_tuple(9, 208, po, n)|0.7689]
Evaluating out-of-sample:
[GEN_2|make_tuple(9, 208, po, n)|0.6710]
BENCHMARK: Evaluating in-sample:
[mlr_default: make_tuple(10.0, 16.0, 10.0, 200.0)|0.7092]
BENCHMARK:  Evaluating out-of-sample:
[GEN_2|mlr_default: make_tuple(10.0, 16.0, 10.0, 200.0)|0.7930]
START_TASK: 23
GEN_0_FIT_0.35182617959673523_0.5083484282666636_0.7674792285689223_SIZE_1_6.4139_19
Evaluating in sample:
[GEN_0|make_tuple(9, m, n, n)|0.7675]
Evaluating out-of-sample:
[GEN_0|make_tuple(9, m, n, n)|0.6398]
GEN_1_FIT_0.3266494484889436_0.5080914608660151_0.7690611049064056_SIZE_1_6.3134_19
Evaluating in sample:
[GEN_1|make_tuple(9, 293, p, n)|0.7691]
Evaluating out-of-sample:
[GEN_1|make_tuple(9, 293, p, n)|0.7091]
GEN_2_FIT_0.3647218842934837_0.5085829768086695_0.7712012148112468_SIZE_1_6.3658_19
Evaluating in sample:
[GEN_2|make_tuple(9, 296, n, 241)|0.7712]
Evaluating out-of-sample:
[GEN_2|make_tuple(9, 296, n, 241)|0.6880]
BENCHMARK: Evaluating in-sample:
[mlr_default: make_tuple(10.0, 16.0, 10.0, 200.0)|0.7106]
BENCHMARK:  Evaluating out-of-sample:
[GEN_2|mlr_default: make_tuple(10.0, 16.0, 10.0, 200.0)|0.6374]
START_TASK: 24
GEN_0_FIT_0.33429131794195543_0.5077899507012611_0.7636025919291272_SIZE_1_6.2992_21
Evaluating in sample:
[GEN_0|make_tuple(9, po, p, n)|0.7636]
Evaluating out-of-sample:
[GEN_0|make_tuple(9, po, p, n)|0.9947]
GEN_1_FIT_0.3350318711382322_0.5077096509235222_0.7671272528471846_SIZE_1_6.2777_19
Evaluating in sample:
[GEN_1|make_tuple(9, p, 248, n)|0.7671]
Evaluating out-of-sample:
[GEN_1|make_tuple(9, p, 248, n)|0.9955]
GEN_2_FIT_0.37522984905627604_0.5064720778588949_0.7653579324505513_SIZE_1_6.3755_19
Evaluating in sample:
[GEN_2|make_tuple(9, p, 248, n)|0.7671]
Evaluating out-of-sample:
[GEN_2|make_tuple(9, p, 248, n)|0.9955]
BENCHMARK: Evaluating in-sample:
[mlr_default: make_tuple(10.0, 16.0, 10.0, 200.0)|0.7076]
BENCHMARK:  Evaluating out-of-sample:
[GEN_2|mlr_default: make_tuple(10.0, 16.0, 10.0, 200.0)|0.9769]
START_TASK: 2073
GEN_0_FIT_0.3818610629658152_0.5076110691884567_0.7646366512996907_SIZE_1_6.4389_19
Evaluating in sample:
[GEN_0|make_tuple(9, p, po, n)|0.7646]
Evaluating out-of-sample:
[GEN_0|make_tuple(9, p, po, n)|0.8946]
GEN_1_FIT_0.32403975803412194_0.5082085837256213_0.7646366512996907_SIZE_1_6.3487_21
Evaluating in sample:
[GEN_1|make_tuple(9, p, po, n)|0.7646]
Evaluating out-of-sample:
[GEN_1|make_tuple(9, p, po, n)|0.8946]
GEN_2_FIT_0.354784139581222_0.5078298123030011_0.7656104550564424_SIZE_1_6.3034_21
Evaluating in sample:
[GEN_2|make_tuple(9, p, p, n)|0.7656]
Evaluating out-of-sample:
[GEN_2|make_tuple(9, p, p, n)|0.8946]
BENCHMARK: Evaluating in-sample:
[mlr_default: make_tuple(10.0, 16.0, 10.0, 200.0)|0.7087]
BENCHMARK:  Evaluating out-of-sample:
[GEN_2|mlr_default: make_tuple(10.0, 16.0, 10.0, 200.0)|0.8464]
START_TASK: 2074
GEN_0_FIT_0.3871771086407764_0.50820857170128_0.7657998725446508_SIZE_1_6.3915_21
Evaluating in sample:
[GEN_0|make_tuple(9, p, p, n)|0.7658]
Evaluating out-of-sample:
[GEN_0|make_tuple(9, p, p, n)|0.8728]
GEN_1_FIT_0.36052751555446216_0.5085882809888761_0.7624010712091036_SIZE_1_6.2877_19
Evaluating in sample:
[GEN_1|make_tuple(9, p, p, n)|0.7658]
Evaluating out-of-sample:
[GEN_1|make_tuple(9, p, p, n)|0.8728]
GEN_2_FIT_0.3727924432219906_0.5090311477576791_0.7679536601065313_SIZE_1_6.3713_19
Evaluating in sample:
[GEN_2|make_tuple(9, 19, n, n)|0.7680]
Evaluating out-of-sample:
[GEN_2|make_tuple(9, 19, n, n)|0.8933]
BENCHMARK: Evaluating in-sample:
[mlr_default: make_tuple(10.0, 16.0, 10.0, 200.0)|0.7089]
BENCHMARK:  Evaluating out-of-sample:
[GEN_2|mlr_default: make_tuple(10.0, 16.0, 10.0, 200.0)|0.8244]
START_TASK: 28
GEN_0_FIT_0.3633896301769169_0.5088602843043898_0.7589490377286487_SIZE_1_6.3555_21
Evaluating in sample:
[GEN_0|make_tuple(7, 182, 532, n)|0.7589]
Evaluating out-of-sample:
[GEN_0|make_tuple(7, 182, 532, n)|0.8361]
