Starting problem: mlr_knn
param:age_regularization:100000.0
param:algorithm:mupluslambda
param:constants_only:True
param:cxpb:0.25
param:early_stop_n:20
param:lambda_:100
param:max_number_operators:None
param:max_start_size:2
param:mu:20
param:ngen:300
param:optimize_constants:False
param:output_file:/home/gijsbers/symbolicdefaults/runs/mlr_knn_True_1.log
param:problem:mlr_knn
param:subset:1.0
param:task:None
param:warm_start:False
Benchmark problems: mlr_knn
Loading surrogates from file.
START_TASK: 3
GEN_0_FIT_0.6789798450083747_0.7154957000715296_0.7587045498861362_SIZE_1_1.1_2
GEN_1_FIT_0.7492245908463352_0.754815034352502_0.7675877555886098_SIZE_1_1.25_2
GEN_2_FIT_0.7587045498861362_0.7641822245286145_0.770494337309185_SIZE_1_1.4_2
GEN_3_FIT_0.7688153527632977_0.7695817393301286_0.7706223132930538_SIZE_1_1.35_3
GEN_4_FIT_0.7703583626918068_0.7704901424479387_0.7710971932498715_SIZE_1_1.2_2
GEN_5_FIT_0.770494337309185_0.7706265087405519_0.7710971932498715_SIZE_1_1.15_2
GEN_6_FIT_0.7704983852975144_0.770897083582547_0.7711342880937418_SIZE_1_1.1_2
GEN_7_FIT_0.7710971932498715_0.7711213302624058_0.771285872788455_SIZE_1_1.1_2
GEN_8_FIT_0.7711342880937418_0.7711731625893192_0.771285872788455_SIZE_1_1.15_2
GEN_9_FIT_0.7712037108005767_0.7712338429438614_0.771285872788455_SIZE_1_1.25_2
GEN_10_FIT_0.7712208726611784_0.7712598727375444_0.771285872788455_SIZE_1_1.6_2
GEN_11_FIT_0.7712208726611784_0.7712793727757274_0.771285872788455_SIZE_1_1.9_2
GEN_12_FIT_0.7712208726611784_0.7712793727757274_0.771285872788455_SIZE_1_1.9_2
GEN_13_FIT_0.7712208726611784_0.7712793727757274_0.771285872788455_SIZE_1_1.9_2
GEN_14_FIT_0.7712208726611784_0.7712829632868476_0.7713576830108593_SIZE_1_1.95_3
GEN_15_FIT_0.7712208726611784_0.7712677347692977_0.7713576830108593_SIZE_1_1.7_3
GEN_16_FIT_0.7712208726611784_0.7713058683725944_0.7713576830108593_SIZE_1_2.25_4
GEN_17_FIT_0.7712208726611784_0.7713004491225558_0.771738349376663_SIZE_1_1.6_4
GEN_18_FIT_0.771285872788455_0.7713606214345594_0.771738349376663_SIZE_1_1.7_4
GEN_19_FIT_0.771285872788455_0.7714781079910539_0.771738349376663_SIZE_1_2.45_5
GEN_20_FIT_0.771285872788455_0.7713947936956528_0.771738349376663_SIZE_1_1.7_4
Evaluating in sample:
[GEN_20|make_tuple(9, 29, 158, 310)|0.7714]
[GEN_20|make_tuple(9, 29, add(156, truediv(66, 2)), 310)|0.7717]
Evaluating out-of-sample:
[GEN_20|make_tuple(9, 29, 158, 310)|0.8965]
[GEN_20|make_tuple(9, 29, add(156, truediv(66, 2)), 310)|0.8880]
GEN_21_FIT_0.7713576830108593_0.7715434263257717_0.771738349376663_SIZE_1_2.35_4
GEN_22_FIT_0.7713576830108593_0.7716565423133355_0.771738349376663_SIZE_1_2.65_4
GEN_23_FIT_0.7713576830108593_0.7715569686265714_0.7718588947034478_SIZE_1_1.85_3
GEN_24_FIT_0.7714601625184874_0.7715399089554793_0.7718588947034478_SIZE_1_1.1_2
GEN_25_FIT_0.7714601625184874_0.7717395644068112_0.7718588947034478_SIZE_1_1.4_2
GEN_26_FIT_0.7717188106999417_0.7718518905032724_0.7718588947034478_SIZE_1_1.3_2
GEN_27_FIT_0.7718588947034478_0.771859927344221_0.771873687858865_SIZE_1_1.1_3
GEN_28_FIT_0.7718588947034478_0.7718608062932282_0.771873687858865_SIZE_1_1.15_3
GEN_29_FIT_0.7718588947034478_0.7718631645577771_0.771873687858865_SIZE_1_1.4_3
GEN_30_FIT_0.7718588947034478_0.7718720439096336_0.7719122422511318_SIZE_1_1.8_3
GEN_31_FIT_0.7718647543634958_0.771882284603538_0.7719122422511318_SIZE_1_1.3_3
GEN_32_FIT_0.7718647543634958_0.7719051495983489_0.7719122422511318_SIZE_1_1.55_3
GEN_33_FIT_0.7719063825910838_0.7719093124211078_0.7719122422511318_SIZE_1_1.1_2
GEN_34_FIT_0.7719122422511318_0.7719122422511318_0.7719122422511318_SIZE_1_1.0_1
GEN_35_FIT_0.7719122422511318_0.7719122422511318_0.7719122422511318_SIZE_1_1.0_1
GEN_36_FIT_0.7719122422511318_0.7719122422511318_0.7719122422511318_SIZE_1_1.0_1
GEN_37_FIT_0.7719122422511318_0.7719122422511318_0.7719122422511318_SIZE_1_1.0_1
GEN_38_FIT_0.7719122422511318_0.7719122422511318_0.7719122422511318_SIZE_1_1.0_1
GEN_39_FIT_0.7719122422511318_0.7719122422511318_0.7719122422511318_SIZE_1_1.0_1
GEN_40_FIT_0.7719122422511318_0.7719122422511318_0.7719122422511318_SIZE_1_1.0_1
Evaluating in sample:
[GEN_40|make_tuple(9, 29, 201, 311)|0.7719]
Evaluating out-of-sample:
[GEN_40|make_tuple(9, 29, 201, 311)|0.8884]
GEN_41_FIT_0.7719122422511318_0.7719122422511318_0.7719122422511318_SIZE_1_1.0_1
GEN_42_FIT_0.7719122422511318_0.7719122422511318_0.7719122422511318_SIZE_1_1.0_1
GEN_43_FIT_0.7719122422511318_0.7719122422511318_0.7719122422511318_SIZE_1_1.0_1
GEN_44_FIT_0.7719122422511318_0.7719122422511318_0.7719122422511318_SIZE_1_1.0_1
GEN_45_FIT_0.7719122422511318_0.7719122422511318_0.7719122422511318_SIZE_1_1.0_1
GEN_46_FIT_0.7719122422511318_0.7719122422511318_0.7719122422511318_SIZE_1_1.0_1
GEN_47_FIT_0.7719122422511318_0.7719122422511318_0.7719122422511318_SIZE_1_1.0_1
GEN_48_FIT_0.7719122422511318_0.7719122422511318_0.7719122422511318_SIZE_1_1.0_1
GEN_49_FIT_0.7719122422511318_0.7719122422511318_0.7719122422511318_SIZE_1_1.0_1
GEN_50_FIT_0.7719122422511318_0.7719122422511318_0.7719122422511318_SIZE_1_1.0_1
GEN_51_FIT_0.7719122422511318_0.7719122422511318_0.7719122422511318_SIZE_1_1.0_1
GEN_52_FIT_0.7719122422511318_0.7719122422511318_0.7719122422511318_SIZE_1_1.0_1
GEN_53_FIT_0.7719122422511318_0.7719122422511318_0.7719122422511318_SIZE_1_1.0_1
Evaluating in sample:
[GEN_53|make_tuple(9, 29, 201, 311)|0.7719]
Evaluating out-of-sample:
[GEN_53|make_tuple(9, 29, 201, 311)|0.8884]
Stopped early in iteration 53, no improvement in 20 gens.
START_TASK: 6
GEN_0_FIT_0.6459350332682025_0.7014246461912136_0.7687587525290798_SIZE_1_1.6_4
GEN_1_FIT_0.7343938975842972_0.7557728656437007_0.7694428007737367_SIZE_1_1.35_4
GEN_2_FIT_0.7687587525290798_0.7691786445881391_0.7700530798141366_SIZE_1_1.4_3
GEN_3_FIT_0.7693879442960023_0.7696773431177849_0.7700530798141366_SIZE_1_1.3_3
GEN_4_FIT_0.7696561814956879_0.7699713800012321_0.7700530798141366_SIZE_1_1.3_3
GEN_5_FIT_0.7700530798141366_0.7701503339046036_0.7705450810609515_SIZE_1_1.1_2
GEN_6_FIT_0.7702433680716116_0.7704795777840269_0.7705450810609515_SIZE_1_1.6_3
GEN_7_FIT_0.7705000083596565_0.7705709079165526_0.7709912845257003_SIZE_1_1.2_3
GEN_8_FIT_0.7705000083596565_0.7707102888063547_0.771578952362765_SIZE_1_1.35_3
GEN_9_FIT_0.7705627776399087_0.7709805226959362_0.771578952362765_SIZE_1_1.6_3
GEN_10_FIT_0.770847161789789_0.771422933980428_0.7715995274233445_SIZE_1_2.0_3
GEN_11_FIT_0.7710678399739055_0.7714564442703253_0.7715995274233445_SIZE_1_1.85_4
GEN_12_FIT_0.7711654541786291_0.7715675362308188_0.7715995274233445_SIZE_1_1.9_3
GEN_13_FIT_0.771578952362765_0.7715974699172865_0.7715995274233445_SIZE_1_1.9_2
GEN_14_FIT_0.771578952362765_0.7715974699172865_0.7715995274233445_SIZE_1_1.9_2
GEN_15_FIT_0.771578952362765_0.7715974699172865_0.7715995274233445_SIZE_1_1.9_2
GEN_16_FIT_0.771578952362765_0.7715990662785748_0.771631454649111_SIZE_1_1.85_2
GEN_17_FIT_0.7714902691558645_0.7715902060192183_0.771631454649111_SIZE_1_1.5_2
GEN_18_FIT_0.771578952362765_0.7716025465824027_0.771631454649111_SIZE_1_1.2_2
GEN_19_FIT_0.7716028341327827_0.7716515724228739_0.7719054360313954_SIZE_1_1.1_2
GEN_20_FIT_0.771631454649111_0.7716930253184342_0.7719054360313954_SIZE_1_1.05_2
Evaluating in sample:
[GEN_20|make_tuple(9, 28, 142, 316)|0.7719]
Evaluating out-of-sample:
[GEN_20|make_tuple(9, 28, 142, 316)|0.8246]
GEN_21_FIT_0.7717760789621876_0.7718612878669534_0.7720459989503184_SIZE_1_1.15_2
GEN_22_FIT_0.7719054360313954_0.7719762937371455_0.7720838487796383_SIZE_1_1.1_2
GEN_23_FIT_0.7720166356766155_0.7720445302711332_0.7720838487796383_SIZE_1_1.2_2
GEN_24_FIT_0.7720459989503184_0.7720681374073392_0.7721126776480582_SIZE_1_1.05_2
GEN_25_FIT_0.7720838487796383_0.7720924593357906_0.7721381079382917_SIZE_1_1.05_2
GEN_26_FIT_0.7720838487796383_0.7721109519626066_0.7721381079382917_SIZE_1_1.25_2
GEN_27_FIT_0.7721153141387685_0.7721312697984347_0.7721381079382917_SIZE_1_1.7_2
GEN_28_FIT_0.7721153141387685_0.7721232919686015_0.7721381079382917_SIZE_1_1.35_2
GEN_29_FIT_0.7721153141387685_0.7721175935187207_0.7721381079382917_SIZE_1_1.1_2
GEN_30_FIT_0.7721153141387685_0.7721175935187207_0.7721381079382917_SIZE_1_1.1_2
GEN_31_FIT_0.7721153141387685_0.7721175935187207_0.7721381079382917_SIZE_1_1.1_2
GEN_32_FIT_0.7721153141387685_0.7721175935187207_0.7721381079382917_SIZE_1_1.1_2
GEN_33_FIT_0.7721153141387685_0.7721175935187207_0.7721381079382917_SIZE_1_1.1_2
GEN_34_FIT_0.7721153141387685_0.7721175935187207_0.7721381079382917_SIZE_1_1.1_2
GEN_35_FIT_0.7721153141387685_0.7721175935187207_0.7721381079382917_SIZE_1_1.1_2
GEN_36_FIT_0.7721153141387685_0.7721175935187207_0.7721381079382917_SIZE_1_1.1_2
GEN_37_FIT_0.7721153141387685_0.7721175935187207_0.7721381079382917_SIZE_1_1.1_2
GEN_38_FIT_0.7721153141387685_0.7721175935187207_0.7721381079382917_SIZE_1_1.1_2
GEN_39_FIT_0.7721153141387685_0.7721175935187207_0.7721381079382917_SIZE_1_1.1_2
GEN_40_FIT_0.7721153141387685_0.7721175935187207_0.7721381079382917_SIZE_1_1.1_2
Evaluating in sample:
[GEN_40|make_tuple(9, 29, 142, 363)|0.7721]
[GEN_40|make_tuple(9, 29, 142, add(0.4410289227404508, 364))|0.7721]
Evaluating out-of-sample:
[GEN_40|make_tuple(9, 29, 142, 363)|0.8248]
[GEN_40|make_tuple(9, 29, 142, add(0.4410289227404508, 364))|0.8248]
GEN_41_FIT_0.7721153141387685_0.7721175935187207_0.7721381079382917_SIZE_1_1.1_2
GEN_42_FIT_0.7721153141387685_0.7721175935187207_0.7721381079382917_SIZE_1_1.1_2
GEN_43_FIT_0.7721153141387685_0.7721175935187207_0.7721381079382917_SIZE_1_1.1_2
GEN_44_FIT_0.7721153141387685_0.7721175935187207_0.7721381079382917_SIZE_1_1.1_2
GEN_45_FIT_0.7721153141387685_0.7721175935187207_0.7721381079382917_SIZE_1_1.1_2
GEN_46_FIT_0.7721153141387685_0.7721175935187207_0.7721381079382917_SIZE_1_1.1_2
Evaluating in sample:
[GEN_46|make_tuple(9, 29, 142, 363)|0.7721]
[GEN_46|make_tuple(9, 29, 142, add(0.4410289227404508, 364))|0.7721]
Evaluating out-of-sample:
[GEN_46|make_tuple(9, 29, 142, 363)|0.8248]
[GEN_46|make_tuple(9, 29, 142, add(0.4410289227404508, 364))|0.8248]
Stopped early in iteration 46, no improvement in 20 gens.
START_TASK: 11
