Starting problem: mlr_rf
param:age_regularization:100000.0
param:algorithm:mupluslambda
param:constants_only:True
param:cxpb:0.25
param:early_stop_n:20
param:lambda_:100
param:max_number_operators:None
param:max_start_size:2
param:mu:20
param:ngen:300
param:optimize_constants:False
param:output_file:/home/gijsbers/symbolicdefaults/runs/mlr_rf_True_9.log
param:problem:mlr_rf
param:subset:1.0
param:task:None
param:warm_start:False
Benchmark problems: mlr_rf
Loading surrogates from file.
With fixed hyperparameters: {'num.trees': 500.0}:
And hyperparameters: ['num.trees', 'sample.fraction', 'min.node.size', 'mtry']:
START_TASK: 3
GEN_0_FIT_0.8685707681659413_0.8751511022917766_0.8930120536411732_SIZE_1_3.25_11
GEN_1_FIT_0.8751330369470535_0.8853518474774289_0.8944798055112311_SIZE_1_2.7_8
GEN_2_FIT_0.8809932570658305_0.8912725087491925_0.9044388972167754_SIZE_1_3.2_7
GEN_3_FIT_0.8839634679374452_0.8936429580133511_0.9061517712817055_SIZE_1_1.8_4
GEN_4_FIT_0.8877745681741751_0.8992657321299443_0.9068973024922964_SIZE_1_1.95_3
GEN_5_FIT_0.890108310410883_0.9032918523236318_0.9070180172998402_SIZE_1_2.05_3
GEN_6_FIT_0.8877745681741751_0.8984501827172171_0.9096949974798785_SIZE_1_1.5_3
GEN_7_FIT_0.891974193413223_0.8988183740618577_0.9096949974798785_SIZE_1_1.4_3
GEN_8_FIT_0.8939641572741623_0.9001873179802107_0.911381732645736_SIZE_1_1.4_2
GEN_9_FIT_0.8940331837484357_0.898693949644483_0.9117944394399463_SIZE_1_1.25_2
GEN_10_FIT_0.8950147616372075_0.8991454624255747_0.9117944394399463_SIZE_1_1.25_2
GEN_11_FIT_0.8950147616372075_0.9000913580861974_0.9117944394399463_SIZE_1_1.3_2
GEN_12_FIT_0.8952312547901738_0.8993720509526172_0.9117944394399463_SIZE_1_1.25_2
GEN_13_FIT_0.8952312547901738_0.901856528650083_0.9117944394399463_SIZE_1_1.4_2
GEN_14_FIT_0.8952312547901738_0.9076536432775034_0.9117944394399463_SIZE_1_1.75_2
GEN_15_FIT_0.8950147616372075_0.8993830618756956_0.9122398543347358_SIZE_1_1.3_3
GEN_16_FIT_0.8952312547901738_0.8985919073214974_0.9122398543347358_SIZE_1_1.3_3
GEN_17_FIT_0.8952312547901738_0.8985919073214974_0.9122398543347358_SIZE_1_1.3_3
GEN_18_FIT_0.8952312547901738_0.8985919073214974_0.9122398543347358_SIZE_1_1.3_3
GEN_19_FIT_0.8952312547901738_0.8985919073214974_0.9122398543347358_SIZE_1_1.3_3
GEN_20_FIT_0.8952312547901738_0.8969531610208126_0.9126607798583831_SIZE_1_1.15_3
Evaluating in sample:
[GEN_20|make_tuple(0.5569079968491757, 13, 6)|0.8952]
[GEN_20|make_tuple(0.6153279996590697, pow(0.07727227565956592, 0.176711302003367), 6)|0.9122]
[GEN_20|make_tuple(0.6153279996590697, pow(if_gt(0.29232239774937646, 0.1509915368930136, 0.07727227565956592, 31), 0.176711302003367), 5)|0.9127]
Evaluating out-of-sample:
[GEN_20|make_tuple(0.5569079968491757, 13, 6)|0.9976]
[GEN_20|make_tuple(0.6153279996590697, pow(0.07727227565956592, 0.176711302003367), 6)|0.9872]
[GEN_20|make_tuple(0.6153279996590697, pow(if_gt(0.29232239774937646, 0.1509915368930136, 0.07727227565956592, 31), 0.176711302003367), 5)|0.9873]
GEN_21_FIT_0.8952312547901738_0.8961027310435845_0.9126607798583831_SIZE_1_1.05_2
GEN_22_FIT_0.8952312547901738_0.8961027310435845_0.9126607798583831_SIZE_1_1.05_2
GEN_23_FIT_0.8952312547901738_0.8969742072969951_0.9126607798583831_SIZE_1_1.1_2
GEN_24_FIT_0.8952312547901738_0.8969742072969951_0.9126607798583831_SIZE_1_1.1_2
GEN_25_FIT_0.8952312547901738_0.8969742072969951_0.9126607798583831_SIZE_1_1.1_2
GEN_26_FIT_0.8952312547901738_0.8961506507355492_0.9136191736976775_SIZE_1_1.05_2
GEN_27_FIT_0.8952312547901738_0.8961506507355492_0.9136191736976775_SIZE_1_1.05_2
GEN_28_FIT_0.8952312547901738_0.8970700466809245_0.9136191736976775_SIZE_1_1.1_2
GEN_29_FIT_0.8952312547901738_0.8970700466809245_0.9136191736976775_SIZE_1_1.1_2
GEN_30_FIT_0.8952312547901738_0.8970700466809245_0.9136191736976775_SIZE_1_1.1_2
GEN_31_FIT_0.8952312547901738_0.8961506624096458_0.9136194071796087_SIZE_1_1.05_2
GEN_32_FIT_0.8952312547901738_0.8961506624096458_0.9136194071796087_SIZE_1_1.05_2
GEN_33_FIT_0.8952312547901738_0.8961506624096458_0.9136194071796087_SIZE_1_1.05_2
GEN_34_FIT_0.8952312547901738_0.8970700700291175_0.9136194071796087_SIZE_1_1.1_2
GEN_35_FIT_0.8952312547901738_0.8970700700291175_0.9136194071796087_SIZE_1_1.1_2
GEN_36_FIT_0.8952312547901738_0.8970700700291175_0.9136194071796087_SIZE_1_1.1_2
GEN_37_FIT_0.8952312547901738_0.8970700700291175_0.9136194071796087_SIZE_1_1.1_2
GEN_38_FIT_0.8952312547901738_0.8970700700291175_0.9136194071796087_SIZE_1_1.1_2
GEN_39_FIT_0.8952312547901738_0.8970700700291175_0.9136194071796087_SIZE_1_1.1_2
GEN_40_FIT_0.8952312547901738_0.8970700700291175_0.9136194071796087_SIZE_1_1.1_2
Evaluating in sample:
[GEN_40|make_tuple(0.5569079968491757, 13, 6)|0.8952]
[GEN_40|make_tuple(0.6153279996590697, pow(0.0848917422574692, 0.17681271214874544), 5)|0.9136]
Evaluating out-of-sample:
[GEN_40|make_tuple(0.5569079968491757, 13, 6)|0.9976]
[GEN_40|make_tuple(0.6153279996590697, pow(0.0848917422574692, 0.17681271214874544), 5)|0.9893]
GEN_41_FIT_0.8952312547901738_0.898970820142621_0.9142387559252081_SIZE_1_1.3_3
GEN_42_FIT_0.8952312547901738_0.898970820142621_0.9142387559252081_SIZE_1_1.3_3
GEN_43_FIT_0.8952312547901738_0.898970820142621_0.9142387559252081_SIZE_1_1.3_3
GEN_44_FIT_0.8952312547901738_0.898970820142621_0.9142387559252081_SIZE_1_1.3_3
GEN_45_FIT_0.8952312547901738_0.898970820142621_0.9142387559252081_SIZE_1_1.3_3
GEN_46_FIT_0.8952312547901738_0.898970820142621_0.9142387559252081_SIZE_1_1.3_3
GEN_47_FIT_0.8952312547901738_0.898970820142621_0.9142387559252081_SIZE_1_1.3_3
GEN_48_FIT_0.8952312547901738_0.898970820142621_0.9142387559252081_SIZE_1_1.3_3
GEN_49_FIT_0.8952312547901738_0.898970820142621_0.9142387559252081_SIZE_1_1.3_3
GEN_50_FIT_0.8952312547901738_0.898970820142621_0.9142387559252081_SIZE_1_1.3_3
GEN_51_FIT_0.8952312547901738_0.898970820142621_0.9142387559252081_SIZE_1_1.3_3
GEN_52_FIT_0.8952312547901738_0.898970820142621_0.9142387559252081_SIZE_1_1.3_3
GEN_53_FIT_0.8952312547901738_0.898970820142621_0.9142387559252081_SIZE_1_1.3_3
GEN_54_FIT_0.8952312547901738_0.898970820142621_0.9142387559252081_SIZE_1_1.3_3
GEN_55_FIT_0.8952312547901738_0.898970820142621_0.9142387559252081_SIZE_1_1.3_3
GEN_56_FIT_0.8952312547901738_0.898970820142621_0.9142387559252081_SIZE_1_1.3_3
GEN_57_FIT_0.8952312547901738_0.898970820142621_0.9142387559252081_SIZE_1_1.3_3
GEN_58_FIT_0.8952312547901738_0.898970820142621_0.9142387559252081_SIZE_1_1.3_3
GEN_59_FIT_0.8952312547901738_0.898970820142621_0.9142387559252081_SIZE_1_1.3_3
GEN_60_FIT_0.8952312547901738_0.898970820142621_0.9142387559252081_SIZE_1_1.3_3
Evaluating in sample:
[GEN_60|make_tuple(0.5569079968491757, 13, 6)|0.8952]
[GEN_60|make_tuple(0.6153279996590697, pow(0.0848917422574692, 0.17681271214874544), 5)|0.9136]
[GEN_60|make_tuple(0.6153279996590697, pow(0.0848917422574692, 0.17681271214874544), add(0.002205172151150023, 5))|0.9142]
Evaluating out-of-sample:
[GEN_60|make_tuple(0.5569079968491757, 13, 6)|0.9976]
[GEN_60|make_tuple(0.6153279996590697, pow(0.0848917422574692, 0.17681271214874544), 5)|0.9893]
[GEN_60|make_tuple(0.6153279996590697, pow(0.0848917422574692, 0.17681271214874544), add(0.002205172151150023, 5))|0.9894]
GEN_61_FIT_0.8952312547901738_0.898970820142621_0.9142387559252081_SIZE_1_1.3_3
GEN_62_FIT_0.8952312547901738_0.898970820142621_0.9142387559252081_SIZE_1_1.3_3
Evaluating in sample:
[GEN_62|make_tuple(0.5569079968491757, 13, 6)|0.8952]
[GEN_62|make_tuple(0.6153279996590697, pow(0.0848917422574692, 0.17681271214874544), 5)|0.9136]
[GEN_62|make_tuple(0.6153279996590697, pow(0.0848917422574692, 0.17681271214874544), add(0.002205172151150023, 5))|0.9142]
Evaluating out-of-sample:
[GEN_62|make_tuple(0.5569079968491757, 13, 6)|0.9976]
[GEN_62|make_tuple(0.6153279996590697, pow(0.0848917422574692, 0.17681271214874544), 5)|0.9893]
[GEN_62|make_tuple(0.6153279996590697, pow(0.0848917422574692, 0.17681271214874544), add(0.002205172151150023, 5))|0.9894]
Stopped early in iteration 62, no improvement in 20 gens.
START_TASK: 6
GEN_0_FIT_0.8687561050951027_0.8802730149499685_0.8955016431346744_SIZE_1_5.15_11
GEN_1_FIT_0.8778809564955719_0.8897810315362934_0.9067514657246298_SIZE_1_3.15_8
GEN_2_FIT_0.8824346182938768_0.8984738808509178_0.9067514657246298_SIZE_1_4.2_8
GEN_3_FIT_0.8828180045229636_0.9003168161086205_0.9080187830193432_SIZE_1_3.9_8
GEN_4_FIT_0.8828180045229636_0.8981727333855971_0.9080187830193432_SIZE_1_2.7_6
GEN_5_FIT_0.8939191668204682_0.8998951252744799_0.9094548593815545_SIZE_1_1.9_3
GEN_6_FIT_0.8939191668204682_0.9022593043596858_0.9099030188249468_SIZE_1_2.1_4
GEN_7_FIT_0.8945327383275077_0.8997630027514572_0.9105024375201553_SIZE_1_1.55_3
GEN_8_FIT_0.8955503615386025_0.9011298898228928_0.9105024375201553_SIZE_1_1.65_4
GEN_9_FIT_0.8958822555065774_0.8972704516067299_0.911063069953131_SIZE_1_1.15_3
GEN_10_FIT_0.8958822555065774_0.9000405295671199_0.9110790947943547_SIZE_1_1.5_4
GEN_11_FIT_0.8958822555065774_0.9050333719841103_0.9112260610703059_SIZE_1_2.25_5
GEN_12_FIT_0.8958822555065774_0.9055675700613965_0.9113090631259976_SIZE_1_2.7_5
GEN_13_FIT_0.8959421623787559_0.9100557715544714_0.9113090631259976_SIZE_1_3.35_5
GEN_14_FIT_0.8957527796243562_0.9082657185300729_0.9113090631259976_SIZE_1_3.3_5
GEN_15_FIT_0.8959421623787559_0.9095562229715218_0.9113090631259976_SIZE_1_4.1_5
GEN_16_FIT_0.8950927811363742_0.9044547856911643_0.9113476763186861_SIZE_1_2.25_5
GEN_17_FIT_0.8959421623787559_0.9012578841292138_0.9113476763186861_SIZE_1_1.8_5
GEN_18_FIT_0.8959421623787559_0.900496879677319_0.9113476763186861_SIZE_1_1.8_5
GEN_19_FIT_0.8959421623787559_0.9005389992684794_0.911386880577647_SIZE_1_1.75_5
GEN_20_FIT_0.8959421623787559_0.9005425795129124_0.911386880577647_SIZE_1_1.8_5
Evaluating in sample:
[GEN_20|make_tuple(0.50490593191896, 1, 6)|0.8959]
[GEN_20|make_tuple(0.6222539431093188, expit(1), 6)|0.9110]
[GEN_20|make_tuple(0.7885421154857853, expit(truediv(3, 9)), 5)|0.9113]
[GEN_20|make_tuple(0.7885421154857853, expit(expit(truediv(4, 9))), 6)|0.9113]
[GEN_20|make_tuple(0.7885421154857853, expit(expit(truediv(add(3, 0.19991215628138376), 9))), 5)|0.9114]
Evaluating out-of-sample:
[GEN_20|make_tuple(0.50490593191896, 1, 6)|0.9186]
[GEN_20|make_tuple(0.6222539431093188, expit(1), 6)|0.9739]
[GEN_20|make_tuple(0.7885421154857853, expit(truediv(3, 9)), 5)|0.9939]
[GEN_20|make_tuple(0.7885421154857853, expit(expit(truediv(4, 9))), 6)|0.9889]
[GEN_20|make_tuple(0.7885421154857853, expit(expit(truediv(add(3, 0.19991215628138376), 9))), 5)|0.9931]
GEN_21_FIT_0.8959421623787559_0.9005432835946822_0.911438091047008_SIZE_1_1.75_5
GEN_22_FIT_0.8959421623787559_0.898228959103623_0.9115880294914147_SIZE_1_1.2_3
GEN_23_FIT_0.8959421623787559_0.8997197287827561_0.9115880294914147_SIZE_1_1.35_3
GEN_24_FIT_0.8959421623787559_0.9034949176523247_0.9115880294914147_SIZE_1_1.6_3
GEN_25_FIT_0.8960814668435921_0.9095567064903781_0.9115880294914147_SIZE_1_2.0_3
GEN_26_FIT_0.8960814668435921_0.9080961752386434_0.9115880294914147_SIZE_1_1.95_3
GEN_27_FIT_0.8960814668435921_0.9036244564703921_0.9115880294914147_SIZE_1_1.65_3
GEN_28_FIT_0.8960814668435921_0.8991285687382151_0.9116467565623158_SIZE_1_1.3_3
GEN_29_FIT_0.8960814668435921_0.8999068527532591_0.9116471471444729_SIZE_1_1.45_4
GEN_30_FIT_0.8960814668435921_0.898366204301551_0.9119647575477597_SIZE_1_1.2_3
GEN_31_FIT_0.8960814668435921_0.898452688738157_0.9136944462798766_SIZE_1_1.2_3
GEN_32_FIT_0.8960814668435921_0.8985329141039259_0.9136944462798766_SIZE_1_1.2_3
GEN_33_FIT_0.8960814668435921_0.8985329141039259_0.9136944462798766_SIZE_1_1.2_3
GEN_34_FIT_0.8960814668435921_0.89941356307574_0.9136944462798766_SIZE_1_1.3_3
GEN_35_FIT_0.8960814668435921_0.89941356307574_0.9136944462798766_SIZE_1_1.3_3
GEN_36_FIT_0.8960814668435921_0.89941356307574_0.9136944462798766_SIZE_1_1.3_3
GEN_37_FIT_0.8960814668435921_0.89941356307574_0.9136944462798766_SIZE_1_1.3_3
GEN_38_FIT_0.8960814668435921_0.89941356307574_0.9136944462798766_SIZE_1_1.3_3
GEN_39_FIT_0.8960814668435921_0.89941356307574_0.9136944462798766_SIZE_1_1.3_3
GEN_40_FIT_0.8960814668435921_0.89941356307574_0.9136944462798766_SIZE_1_1.3_3
Evaluating in sample:
[GEN_40|make_tuple(0.506844102699954, 1, 6)|0.8961]
[GEN_40|make_tuple(0.6222539431093188, truediv(3, 5), 5)|0.9118]
[GEN_40|make_tuple(0.6222539431093188, expit(truediv(3, 5)), 5)|0.9137]
Evaluating out-of-sample:
[GEN_40|make_tuple(0.506844102699954, 1, 6)|0.9184]
[GEN_40|make_tuple(0.6222539431093188, truediv(3, 5), 5)|0.9880]
[GEN_40|make_tuple(0.6222539431093188, expit(truediv(3, 5)), 5)|0.9881]
GEN_41_FIT_0.8960814668435921_0.89941356307574_0.9136944462798766_SIZE_1_1.3_3
GEN_42_FIT_0.8960814668435921_0.89941356307574_0.9136944462798766_SIZE_1_1.3_3
GEN_43_FIT_0.8960814668435921_0.89941356307574_0.9136944462798766_SIZE_1_1.3_3
GEN_44_FIT_0.8960814668435921_0.89941356307574_0.9136944462798766_SIZE_1_1.3_3
GEN_45_FIT_0.8960814668435921_0.89941356307574_0.9136944462798766_SIZE_1_1.3_3
GEN_46_FIT_0.8960814668435921_0.89941356307574_0.9136944462798766_SIZE_1_1.3_3
GEN_47_FIT_0.8960814668435921_0.89941356307574_0.9136944462798766_SIZE_1_1.3_3
GEN_48_FIT_0.8960814668435921_0.89941356307574_0.9136944462798766_SIZE_1_1.3_3
GEN_49_FIT_0.8960814668435921_0.9003236459622_0.9142831245727929_SIZE_1_1.45_4
GEN_50_FIT_0.8960814668435921_0.90123372884866_0.9142831245727929_SIZE_1_1.6_4
GEN_51_FIT_0.8960814668435921_0.90123372884866_0.9142831245727929_SIZE_1_1.6_4
GEN_52_FIT_0.8960814668435921_0.9003247824527041_0.9143058543828724_SIZE_1_1.45_4
GEN_53_FIT_0.8960814668435921_0.9012360018296681_0.9143058543828724_SIZE_1_1.6_4
GEN_54_FIT_0.8960814668435921_0.9012368039716311_0.9143058543828724_SIZE_1_1.6_4
GEN_55_FIT_0.8960814668435921_0.9012368039716311_0.9143058543828724_SIZE_1_1.6_4
GEN_56_FIT_0.8960814668435921_0.9012368039716311_0.9143058543828724_SIZE_1_1.6_4
GEN_57_FIT_0.8960814668435921_0.9012368039716311_0.9143058543828724_SIZE_1_1.6_4
GEN_58_FIT_0.8960814668435921_0.9012368039716311_0.9143058543828724_SIZE_1_1.6_4
GEN_59_FIT_0.8960814668435921_0.9012368039716311_0.9143058543828724_SIZE_1_1.6_4
GEN_60_FIT_0.8960814668435921_0.9012368039716311_0.9143058543828724_SIZE_1_1.6_4
Evaluating in sample:
[GEN_60|make_tuple(0.506844102699954, 1, 6)|0.8961]
[GEN_60|make_tuple(0.6222539431093188, truediv(3, 5), 5)|0.9118]
[GEN_60|make_tuple(0.6128762837497143, expit(truediv(3, 5)), 5)|0.9137]
[GEN_60|make_tuple(0.6128762837497143, expit(truediv(3, 5)), add(5, 0.0019975095865828476))|0.9143]
Evaluating out-of-sample:
[GEN_60|make_tuple(0.506844102699954, 1, 6)|0.9184]
[GEN_60|make_tuple(0.6222539431093188, truediv(3, 5), 5)|0.9880]
[GEN_60|make_tuple(0.6128762837497143, expit(truediv(3, 5)), 5)|0.9884]
[GEN_60|make_tuple(0.6128762837497143, expit(truediv(3, 5)), add(5, 0.0019975095865828476))|0.9881]
GEN_61_FIT_0.8960814668435921_0.9012368039716311_0.9143058543828724_SIZE_1_1.6_4
GEN_62_FIT_0.8960814668435921_0.9003576445649027_0.9143058543828724_SIZE_1_1.5_4
GEN_63_FIT_0.8960814668435921_0.9012405852437662_0.9143058543828724_SIZE_1_1.6_4
GEN_64_FIT_0.8960814668435921_0.9012405852437662_0.9143058543828724_SIZE_1_1.6_4
GEN_65_FIT_0.8960814668435921_0.9012405852437662_0.9143058543828724_SIZE_1_1.6_4
GEN_66_FIT_0.8960814668435921_0.9012405852437662_0.9143058543828724_SIZE_1_1.6_4
GEN_67_FIT_0.8960814668435921_0.8994492352140124_0.9143545317563779_SIZE_1_1.35_4
GEN_68_FIT_0.8960814668435921_0.8994492352140124_0.9143545317563779_SIZE_1_1.35_4
GEN_69_FIT_0.8960814668435921_0.8994492352140124_0.9143545317563779_SIZE_1_1.35_4
GEN_70_FIT_0.8960814668435921_0.8994492352140124_0.9143545317563779_SIZE_1_1.35_4
GEN_71_FIT_0.8960814668435921_0.9003325520502738_0.9143545317563779_SIZE_1_1.45_4
GEN_72_FIT_0.8960814668435921_0.9012462052959131_0.9143545317563779_SIZE_1_1.6_4
GEN_73_FIT_0.8960814668435921_0.9004614701084156_0.9143545317563779_SIZE_1_1.55_4
GEN_74_FIT_0.8960814668435921_0.9004614701084156_0.9143545317563779_SIZE_1_1.55_4
GEN_75_FIT_0.8960814668435921_0.9004614701084156_0.9143545317563779_SIZE_1_1.55_4
GEN_76_FIT_0.8960814668435921_0.9004614701084156_0.9143545317563779_SIZE_1_1.55_4
GEN_77_FIT_0.8960814668435921_0.9003680475747492_0.9143545317563779_SIZE_1_1.5_4
GEN_78_FIT_0.8960814668435921_0.9003680475747492_0.9143545317563779_SIZE_1_1.5_4
GEN_79_FIT_0.8960814668435921_0.9003680475747492_0.9143545317563779_SIZE_1_1.5_4
GEN_80_FIT_0.8960814668435921_0.9003680475747492_0.9143545317563779_SIZE_1_1.5_4
Evaluating in sample:
[GEN_80|make_tuple(0.506844102699954, 1, 6)|0.8961]
[GEN_80|make_tuple(0.6163825438397865, truediv(3, 5), 5)|0.9118]
[GEN_80|make_tuple(0.6163825438397865, expit(truediv(3, 5)), 5)|0.9138]
[GEN_80|make_tuple(0.6204308182250132, expit(truediv(3, 5)), add(5, 0.13932403401192983))|0.9144]
Evaluating out-of-sample:
[GEN_80|make_tuple(0.506844102699954, 1, 6)|0.9184]
[GEN_80|make_tuple(0.6163825438397865, truediv(3, 5), 5)|0.9882]
[GEN_80|make_tuple(0.6163825438397865, expit(truediv(3, 5)), 5)|0.9883]
[GEN_80|make_tuple(0.6204308182250132, expit(truediv(3, 5)), add(5, 0.13932403401192983))|0.9878]
GEN_81_FIT_0.8960814668435921_0.9012551956125844_0.9143545317563779_SIZE_1_1.6_4
GEN_82_FIT_0.8960814668435921_0.9012551956125844_0.9143545317563779_SIZE_1_1.6_4
GEN_83_FIT_0.8960814668435921_0.9012551956125844_0.9143545317563779_SIZE_1_1.6_4
GEN_84_FIT_0.8960814668435921_0.9012551956125844_0.9143545317563779_SIZE_1_1.6_4
GEN_85_FIT_0.8960814668435921_0.9012551956125844_0.9143545317563779_SIZE_1_1.6_4
GEN_86_FIT_0.8960814668435921_0.9012551956125844_0.9143545317563779_SIZE_1_1.6_4
GEN_87_FIT_0.8960814668435921_0.9003454948796842_0.9144335820111615_SIZE_1_1.45_4
GEN_88_FIT_0.8960814668435921_0.9012631006380627_0.9144335820111615_SIZE_1_1.6_4
GEN_89_FIT_0.8960814668435921_0.9012631006380627_0.9144335820111615_SIZE_1_1.6_4
GEN_90_FIT_0.8960814668435921_0.9012631006380627_0.9144335820111615_SIZE_1_1.6_4
GEN_91_FIT_0.8960814668435921_0.9012631006380627_0.9144335820111615_SIZE_1_1.6_4
GEN_92_FIT_0.8960814668435921_0.9012631006380627_0.9144335820111615_SIZE_1_1.6_4
GEN_93_FIT_0.8960814668435921_0.9012631006380627_0.9144335820111615_SIZE_1_1.6_4
GEN_94_FIT_0.8960814668435921_0.9012631006380627_0.9144335820111615_SIZE_1_1.6_4
GEN_95_FIT_0.8960814668435921_0.9012631006380627_0.9144335820111615_SIZE_1_1.6_4
GEN_96_FIT_0.8960814668435921_0.9012631006380627_0.9144335820111615_SIZE_1_1.6_4
GEN_97_FIT_0.8960814668435921_0.9012631006380627_0.9144335820111615_SIZE_1_1.6_4
GEN_98_FIT_0.8960814668435921_0.9012631006380627_0.9144335820111615_SIZE_1_1.6_4
GEN_99_FIT_0.8960814668435921_0.9012631006380627_0.9144335820111615_SIZE_1_1.6_4
GEN_100_FIT_0.8960814668435921_0.9012631006380627_0.9144335820111615_SIZE_1_1.6_4
Evaluating in sample:
[GEN_100|make_tuple(0.506844102699954, 1, 6)|0.8961]
[GEN_100|make_tuple(0.6163825438397865, truediv(3, 5), 5)|0.9118]
[GEN_100|make_tuple(0.6163825438397865, expit(truediv(3, 5)), 5)|0.9138]
[GEN_100|make_tuple(0.6163825438397865, expit(truediv(3, 5)), add(5, 0.16800929117092409))|0.9144]
Evaluating out-of-sample:
[GEN_100|make_tuple(0.506844102699954, 1, 6)|0.9184]
[GEN_100|make_tuple(0.6163825438397865, truediv(3, 5), 5)|0.9882]
[GEN_100|make_tuple(0.6163825438397865, expit(truediv(3, 5)), 5)|0.9883]
[GEN_100|make_tuple(0.6163825438397865, expit(truediv(3, 5)), add(5, 0.16800929117092409))|0.9880]
GEN_101_FIT_0.8960814668435921_0.9012631006380627_0.9144335820111615_SIZE_1_1.6_4
GEN_102_FIT_0.8960814668435921_0.9012631006380627_0.9144335820111615_SIZE_1_1.6_4
GEN_103_FIT_0.8960814668435921_0.9012631006380627_0.9144335820111615_SIZE_1_1.6_4
GEN_104_FIT_0.8960814668435921_0.9012631006380627_0.9144335820111615_SIZE_1_1.6_4
GEN_105_FIT_0.8960814668435921_0.9012631006380627_0.9144335820111615_SIZE_1_1.6_4
GEN_106_FIT_0.8960814668435921_0.9012631006380627_0.9144335820111615_SIZE_1_1.6_4
GEN_107_FIT_0.8960814668435921_0.9012631006380627_0.9144335820111615_SIZE_1_1.6_4
GEN_108_FIT_0.8960814668435921_0.9012631006380627_0.9144335820111615_SIZE_1_1.6_4
Evaluating in sample:
[GEN_108|make_tuple(0.506844102699954, 1, 6)|0.8961]
[GEN_108|make_tuple(0.6163825438397865, truediv(3, 5), 5)|0.9118]
[GEN_108|make_tuple(0.6163825438397865, expit(truediv(3, 5)), 5)|0.9138]
[GEN_108|make_tuple(0.6163825438397865, expit(truediv(3, 5)), add(5, 0.16800929117092409))|0.9144]
Evaluating out-of-sample:
[GEN_108|make_tuple(0.506844102699954, 1, 6)|0.9184]
[GEN_108|make_tuple(0.6163825438397865, truediv(3, 5), 5)|0.9882]
[GEN_108|make_tuple(0.6163825438397865, expit(truediv(3, 5)), 5)|0.9883]
[GEN_108|make_tuple(0.6163825438397865, expit(truediv(3, 5)), add(5, 0.16800929117092409))|0.9880]
Stopped early in iteration 108, no improvement in 20 gens.
START_TASK: 11
GEN_0_FIT_0.8699078155140522_0.8796024365284604_0.9037238683363219_SIZE_1_3.35_10
GEN_1_FIT_0.8912314723581843_0.8974070600436097_0.9057165534618297_SIZE_1_5.55_11
GEN_2_FIT_0.8913779826565035_0.9006301451214836_0.9105763898234561_SIZE_1_4.15_9
GEN_3_FIT_0.8918053959863348_0.9049304267337236_0.9106267039287342_SIZE_1_3.15_7
GEN_4_FIT_0.8942239162773067_0.9073589432675409_0.9127283815114312_SIZE_1_3.0_7
GEN_5_FIT_0.8944143254389042_0.9052973786982135_0.9127283815114312_SIZE_1_2.55_7
GEN_6_FIT_0.8944143254389042_0.8980765338763149_0.9129792300996308_SIZE_1_1.4_4
GEN_7_FIT_0.8944848942858616_0.9054414467729192_0.9129792300996308_SIZE_1_2.45_5
GEN_8_FIT_0.8947127489088407_0.9073106862734293_0.9130449069295221_SIZE_1_2.4_4
GEN_9_FIT_0.8947127489088407_0.9065666362014427_0.9130449069295221_SIZE_1_2.45_5
GEN_10_FIT_0.8950162574228313_0.8985843992836028_0.9130976523482166_SIZE_1_1.35_4
GEN_11_FIT_0.8950162574228313_0.8986086174256537_0.9130976523482166_SIZE_1_1.45_4
GEN_12_FIT_0.8950162574228313_0.8968031152040499_0.9130976523482166_SIZE_1_1.15_3
GEN_13_FIT_0.8950162574228313_0.8968031152040499_0.9130976523482166_SIZE_1_1.15_3
GEN_14_FIT_0.8950162574228313_0.897685903238999_0.9130976523482166_SIZE_1_1.2_3
GEN_15_FIT_0.8950162574228313_0.9004752384651311_0.9137668022119789_SIZE_1_1.45_3
GEN_16_FIT_0.8950162574228313_0.8989098892334381_0.9137668022119789_SIZE_1_1.2_2
GEN_17_FIT_0.8956987641310302_0.9003268527537381_0.9137668022119789_SIZE_1_1.25_2
GEN_18_FIT_0.8958896273055528_0.904828214758766_0.9137668022119789_SIZE_1_1.5_2
GEN_19_FIT_0.8958896273055528_0.9119653367516907_0.9137668022119789_SIZE_1_1.9_2
GEN_20_FIT_0.8959780511686022_0.912009764851747_0.9142035570940977_SIZE_1_1.95_3
Evaluating in sample:
[GEN_20|make_tuple(0.5039295736690045, 153, 6)|0.8960]
[GEN_20|make_tuple(0.608322604988545, truediv(0.44621917136673145, 0.6880473580874903), 5)|0.9138]
[GEN_20|make_tuple(0.608322604988545, truediv(0.44621917136673145, add(0.6880473580874903, 0.0015469719894429957)), 5)|0.9142]
Evaluating out-of-sample:
[GEN_20|make_tuple(0.5039295736690045, 153, 6)|0.8881]
[GEN_20|make_tuple(0.608322604988545, truediv(0.44621917136673145, 0.6880473580874903), 5)|0.9094]
[GEN_20|make_tuple(0.608322604988545, truediv(0.44621917136673145, add(0.6880473580874903, 0.0015469719894429957)), 5)|0.9094]
GEN_21_FIT_0.8959780511686022_0.9102755693152293_0.9142236386862591_SIZE_1_2.0_4
GEN_22_FIT_0.8955709184690791_0.9023219430714731_0.9142236386862591_SIZE_1_1.7_4
GEN_23_FIT_0.8959780511686022_0.911415522526936_0.9142236386862591_SIZE_1_2.6_4
GEN_24_FIT_0.8961863594724512_0.9097140920421767_0.9142236386862591_SIZE_1_2.85_4
GEN_25_FIT_0.8961863594724512_0.9061226597509359_0.9143608629709783_SIZE_1_1.85_4
GEN_26_FIT_0.8963279615066307_0.9079578433032329_0.9143608629709783_SIZE_1_1.75_4
GEN_27_FIT_0.8961753942969491_0.9008069034938325_0.9143608629709783_SIZE_1_1.5_4
GEN_28_FIT_0.8963279615066307_0.9017112152657336_0.9143608629709783_SIZE_1_1.6_4
GEN_29_FIT_0.8963279615066307_0.9017112152657336_0.9143608629709783_SIZE_1_1.6_4
GEN_30_FIT_0.8963279615066307_0.9017112152657336_0.9143608629709783_SIZE_1_1.6_4
GEN_31_FIT_0.8963279615066307_0.9017112152657336_0.9143608629709783_SIZE_1_1.6_4
GEN_32_FIT_0.8963279615066307_0.8990324621850952_0.9143608629709783_SIZE_1_1.35_4
GEN_33_FIT_0.8963279615066307_0.8990323602562768_0.914367515218368_SIZE_1_1.25_4
GEN_34_FIT_0.8963279615066307_0.8990323602562768_0.914367515218368_SIZE_1_1.25_4
GEN_35_FIT_0.8963279615066307_0.9026354634258646_0.914367515218368_SIZE_1_1.65_4
GEN_36_FIT_0.8963279615066307_0.9098439183950713_0.914367515218368_SIZE_1_2.35_4
GEN_37_FIT_0.8963279615066307_0.9107635308424854_0.9145064559193342_SIZE_1_2.0_4
GEN_38_FIT_0.8963331111477664_0.9125656944244878_0.9145064559193342_SIZE_1_2.1_4
GEN_39_FIT_0.8963331111477664_0.9080703593729043_0.9145064559193342_SIZE_1_2.0_4
GEN_40_FIT_0.8963331111477664_0.9008586303262615_0.9145064559193342_SIZE_1_1.5_4
Evaluating in sample:
[GEN_40|make_tuple(0.5552256405900848, 152, 6)|0.8963]
[GEN_40|make_tuple(0.6169381057377942, truediv(0.44772268094103473, 0.6921042804349417), 5)|0.9144]
[GEN_40|make_tuple(0.6169381057377942, truediv(0.44621917136673145, add(0.6880473580874903, 0.0025138435038937687)), 5)|0.9145]
[GEN_40|make_tuple(0.6169381057377942, truediv(0.44621917136673145, add(0.6880473580874903, truediv(0.0023533904724971936, 0.7693608539248558))), 5)|0.9145]
Evaluating out-of-sample:
[GEN_40|make_tuple(0.5552256405900848, 152, 6)|0.8617]
[GEN_40|make_tuple(0.6169381057377942, truediv(0.44772268094103473, 0.6921042804349417), 5)|0.9100]
[GEN_40|make_tuple(0.6169381057377942, truediv(0.44621917136673145, add(0.6880473580874903, 0.0025138435038937687)), 5)|0.9100]
[GEN_40|make_tuple(0.6169381057377942, truediv(0.44621917136673145, add(0.6880473580874903, truediv(0.0023533904724971936, 0.7693608539248558))), 5)|0.9100]
GEN_41_FIT_0.8963331111477664_0.9008586303262615_0.9145064559193342_SIZE_1_1.5_4
GEN_42_FIT_0.8963331111477664_0.901764908927654_0.9145064559193342_SIZE_1_1.6_4
GEN_43_FIT_0.8963331111477664_0.901764908927654_0.9145064559193342_SIZE_1_1.6_4
GEN_44_FIT_0.8963331111477664_0.901764908927654_0.9145064559193342_SIZE_1_1.6_4
GEN_45_FIT_0.8963331111477664_0.9008602574729752_0.9145064559193342_SIZE_1_1.5_4
GEN_46_FIT_0.8963331111477664_0.9017681632210817_0.9145064559193342_SIZE_1_1.6_4
GEN_47_FIT_0.8963331111477664_0.9017681632210817_0.9145064559193342_SIZE_1_1.6_4
GEN_48_FIT_0.8963331111477664_0.9017681632210817_0.9145064559193342_SIZE_1_1.6_4
GEN_49_FIT_0.8963331111477664_0.9017681632210817_0.9145064559193342_SIZE_1_1.6_4
GEN_50_FIT_0.8963331111477664_0.9017681632210817_0.9145064559193342_SIZE_1_1.6_4
GEN_51_FIT_0.8963331111477664_0.9017681632210817_0.9145064559193342_SIZE_1_1.6_4
GEN_52_FIT_0.8963331111477664_0.9017681632210817_0.9145064559193342_SIZE_1_1.6_4
GEN_53_FIT_0.8963331111477664_0.8990436844862902_0.9145064559193342_SIZE_1_1.2_3
GEN_54_FIT_0.8963331111477664_0.8999523517248686_0.9145064559193342_SIZE_1_1.3_3
GEN_55_FIT_0.8963331111477664_0.8999523517248686_0.9145064559193342_SIZE_1_1.3_3
GEN_56_FIT_0.8963331111477664_0.8999523517248686_0.9145064559193342_SIZE_1_1.3_3
GEN_57_FIT_0.8963331111477664_0.8999523517248686_0.9145064559193342_SIZE_1_1.3_3
GEN_58_FIT_0.8963331111477664_0.8999523517248686_0.9145064559193342_SIZE_1_1.3_3
GEN_59_FIT_0.8963331111477664_0.9061992436453477_0.9145064559193342_SIZE_1_1.8_4
GEN_60_FIT_0.8963331111477664_0.9098572514195731_0.9145064559193342_SIZE_1_2.25_4
Evaluating in sample:
[GEN_60|make_tuple(0.5557219764868152, 164, 6)|0.8963]
[GEN_60|make_tuple(0.6169381057377942, truediv(0.44772268094103473, 0.6921042804349417), 5)|0.9144]
[GEN_60|make_tuple(0.6169381057377942, truediv(0.44621917136673145, add(0.6880473580874903, 0.0029572986398210747)), 5)|0.9145]
Evaluating out-of-sample:
[GEN_60|make_tuple(0.5557219764868152, 164, 6)|0.8617]
[GEN_60|make_tuple(0.6169381057377942, truediv(0.44772268094103473, 0.6921042804349417), 5)|0.9100]
[GEN_60|make_tuple(0.6169381057377942, truediv(0.44621917136673145, add(0.6880473580874903, 0.0029572986398210747)), 5)|0.9100]
GEN_61_FIT_0.8963398205854237_0.9126049363112815_0.9145064559193342_SIZE_1_2.25_3
GEN_62_FIT_0.8963398205854237_0.9126743640087319_0.9145064559193342_SIZE_1_2.7_3
GEN_63_FIT_0.8963398205854237_0.9126743640087319_0.9145064559193342_SIZE_1_2.7_3
GEN_64_FIT_0.8963398205854237_0.9126743640087319_0.9145064559193342_SIZE_1_2.7_3
GEN_65_FIT_0.8963398205854237_0.9126743640087319_0.9145064559193342_SIZE_1_2.7_3
GEN_66_FIT_0.8963398205854237_0.9126743640087319_0.9145064559193342_SIZE_1_2.7_3
GEN_67_FIT_0.8963398205854237_0.9126743640087319_0.9145064559193342_SIZE_1_2.7_3
GEN_68_FIT_0.8963398205854237_0.9127042338005695_0.9151038517560897_SIZE_1_2.75_4
GEN_69_FIT_0.8963398205854237_0.9099560959346663_0.9151038517560897_SIZE_1_2.3_4
GEN_70_FIT_0.8963398205854237_0.9018341223920612_0.9151038517560897_SIZE_1_1.6_4
GEN_71_FIT_0.8963398205854237_0.9018341223920612_0.9151038517560897_SIZE_1_1.6_4
GEN_72_FIT_0.8963398205854237_0.9018341223920612_0.9151038517560897_SIZE_1_1.6_4
GEN_73_FIT_0.8963398205854237_0.9018341223920612_0.9151038517560897_SIZE_1_1.6_4
GEN_74_FIT_0.8963398205854237_0.9018341223920612_0.9151038517560897_SIZE_1_1.6_4
GEN_75_FIT_0.8963398205854237_0.9009262301468484_0.9151038517560897_SIZE_1_1.5_4
GEN_76_FIT_0.8963398205854237_0.9018799554792208_0.9151038517560897_SIZE_1_1.6_4
GEN_77_FIT_0.8963398205854237_0.9018799554792208_0.9151038517560897_SIZE_1_1.6_4
GEN_78_FIT_0.8963398205854237_0.9018799554792208_0.9151038517560897_SIZE_1_1.6_4
GEN_79_FIT_0.8963398205854237_0.9018799554792208_0.9151038517560897_SIZE_1_1.6_4
GEN_80_FIT_0.8963398205854237_0.9091644200980751_0.9151038517560897_SIZE_1_2.4_5
Evaluating in sample:
[GEN_80|make_tuple(0.5560109550174743, 181, 6)|0.8964]
[GEN_80|make_tuple(0.6169381057377942, truediv(0.44772268094103473, 0.6921042804349417), 5)|0.9144]
[GEN_80|make_tuple(0.6169381057377942, truediv(0.44772268094103473, 0.6921042804349417), add(0.0017956740155889328, 5))|0.9150]
[GEN_80|make_tuple(0.6169381057377942, truediv(0.44621917136673145, add(0.6880473580874903, 0.0029572986398210747)), add(0.3233676517360234, 5))|0.9151]
Evaluating out-of-sample:
[GEN_80|make_tuple(0.5560109550174743, 181, 6)|0.8617]
[GEN_80|make_tuple(0.6169381057377942, truediv(0.44772268094103473, 0.6921042804349417), 5)|0.9100]
[GEN_80|make_tuple(0.6169381057377942, truediv(0.44772268094103473, 0.6921042804349417), add(0.0017956740155889328, 5))|0.9111]
[GEN_80|make_tuple(0.6169381057377942, truediv(0.44621917136673145, add(0.6880473580874903, 0.0029572986398210747)), add(0.3233676517360234, 5))|0.9111]
GEN_81_FIT_0.8963515845876083_0.9127637107774051_0.9151038517560897_SIZE_1_2.4_4
GEN_82_FIT_0.8963515845876083_0.9110388199823305_0.9151038517560897_SIZE_1_2.5_4
GEN_83_FIT_0.8963515845876083_0.9103267105065669_0.9151038517560897_SIZE_1_2.95_4
GEN_84_FIT_0.8963515845876083_0.9131395505818389_0.9151038517560897_SIZE_1_3.4_4
GEN_85_FIT_0.8963515845876083_0.9131395505818389_0.9151038517560897_SIZE_1_3.4_4
GEN_86_FIT_0.8963515845876083_0.9131395505818389_0.9151038517560897_SIZE_1_3.4_4
GEN_87_FIT_0.8963515845876083_0.9131395505818389_0.9151038517560897_SIZE_1_3.4_4
GEN_88_FIT_0.8963515845876083_0.9131395505818389_0.9151038517560897_SIZE_1_3.4_4
GEN_89_FIT_0.8963515845876083_0.9131395505818389_0.9151038517560897_SIZE_1_3.4_4
Evaluating in sample:
[GEN_89|make_tuple(0.5560109550174743, 181, 6)|0.8964]
[GEN_89|make_tuple(0.6169381057377942, truediv(0.44772268094103473, 0.6921042804349417), 5)|0.9144]
[GEN_89|make_tuple(0.6169381057377942, truediv(0.44772268094103473, 0.6921042804349417), add(0.0017956740155889328, 5))|0.9150]
[GEN_89|make_tuple(0.6169381057377942, truediv(0.44621917136673145, add(0.6880473580874903, 0.0029572986398210747)), add(0.3233676517360234, 5))|0.9151]
Evaluating out-of-sample:
[GEN_89|make_tuple(0.5560109550174743, 181, 6)|0.8617]
[GEN_89|make_tuple(0.6169381057377942, truediv(0.44772268094103473, 0.6921042804349417), 5)|0.9100]
[GEN_89|make_tuple(0.6169381057377942, truediv(0.44772268094103473, 0.6921042804349417), add(0.0017956740155889328, 5))|0.9111]
[GEN_89|make_tuple(0.6169381057377942, truediv(0.44621917136673145, add(0.6880473580874903, 0.0029572986398210747)), add(0.3233676517360234, 5))|0.9111]
Stopped early in iteration 89, no improvement in 20 gens.
START_TASK: 12
GEN_0_FIT_0.8686841157478596_0.8858201224712052_0.9026351803590907_SIZE_1_4.05_10
GEN_1_FIT_0.882539961508776_0.8934905837035899_0.9026351803590907_SIZE_1_2.65_5
GEN_2_FIT_0.8836164307706379_0.8969457095337919_0.9085694229923652_SIZE_1_2.1_4
GEN_3_FIT_0.8897374795298898_0.9018945482813774_0.9101650188135656_SIZE_1_1.9_4
GEN_4_FIT_0.8913736502849972_0.9027084883141239_0.911901897133707_SIZE_1_1.6_3
GEN_5_FIT_0.8939753708754884_0.902083752658607_0.9137583941240833_SIZE_1_1.55_3
GEN_6_FIT_0.8949939141065086_0.9052114021355138_0.9137583941240833_SIZE_1_1.7_3
GEN_7_FIT_0.8950136922106882_0.9063096859305156_0.9137583941240833_SIZE_1_1.8_3
GEN_8_FIT_0.8951746953238994_0.902446476117326_0.9137583941240833_SIZE_1_1.7_3
GEN_9_FIT_0.8951746953238994_0.9042960056658259_0.9137583941240833_SIZE_1_1.85_3
GEN_10_FIT_0.8953546007679263_0.9062451977361704_0.9137583941240833_SIZE_1_2.1_3
GEN_11_FIT_0.8954340607392648_0.9126904984093924_0.9137583941240833_SIZE_1_2.8_3
GEN_12_FIT_0.8954340607392648_0.9126904984093924_0.9137583941240833_SIZE_1_2.8_3
GEN_13_FIT_0.8927324746640157_0.9077704330140206_0.9137915463138225_SIZE_1_1.85_3
GEN_14_FIT_0.8952106134367709_0.9068015302947862_0.9137915463138225_SIZE_1_1.9_3
GEN_15_FIT_0.8954340607392648_0.899090586131936_0.9137915463138225_SIZE_1_1.3_3
GEN_16_FIT_0.8954340607392648_0.9053095293527473_0.9137915463138225_SIZE_1_1.85_4
GEN_17_FIT_0.895520485945913_0.9118820958047097_0.9137915463138225_SIZE_1_2.25_3
GEN_18_FIT_0.895520485945913_0.9119637302163834_0.9137915463138225_SIZE_1_2.75_3
GEN_19_FIT_0.895520485945913_0.9119630201557352_0.9137915463138225_SIZE_1_2.7_3
GEN_20_FIT_0.895520485945913_0.9119932853485346_0.9143968501698149_SIZE_1_2.75_4
Evaluating in sample:
[GEN_20|make_tuple(0.5569118306151354, 6, 6)|0.8955]
[GEN_20|make_tuple(0.6174176397833164, expit(0.6006465190009427), 5)|0.9138]
[GEN_20|make_tuple(0.6174176397833164, expit(expit(0.4071901263537246)), 5)|0.9138]
[GEN_20|make_tuple(0.6174176397833164, expit(expit(0.4071901263537246)), add(0.0013758339971738276, 5))|0.9144]
Evaluating out-of-sample:
[GEN_20|make_tuple(0.5569118306151354, 6, 6)|0.9635]
[GEN_20|make_tuple(0.6174176397833164, expit(0.6006465190009427), 5)|0.9927]
[GEN_20|make_tuple(0.6174176397833164, expit(expit(0.4071901263537246)), 5)|0.9927]
[GEN_20|make_tuple(0.6174176397833164, expit(expit(0.4071901263537246)), add(0.0013758339971738276, 5))|0.9927]
GEN_21_FIT_0.895520485945913_0.9093343871591417_0.9143968501698149_SIZE_1_2.45_4
GEN_22_FIT_0.8957006249064164_0.9112812437245292_0.9143968501698149_SIZE_1_2.45_4
GEN_23_FIT_0.8957006249064164_0.9124638570152825_0.9143968501698149_SIZE_1_3.4_4
GEN_24_FIT_0.8957006249064164_0.9124638570152825_0.9143968501698149_SIZE_1_3.4_4
GEN_25_FIT_0.8957006249064164_0.9124638570152825_0.9143968501698149_SIZE_1_3.4_4
GEN_26_FIT_0.8957006249064164_0.9124638570152825_0.9143968501698149_SIZE_1_3.4_4
GEN_27_FIT_0.8957006249064164_0.9124638570152825_0.9143968501698149_SIZE_1_3.4_4
GEN_28_FIT_0.8957006249064164_0.9124638570152825_0.9143968501698149_SIZE_1_3.4_4
GEN_29_FIT_0.8957006249064164_0.9124638570152825_0.9143968501698149_SIZE_1_3.4_4
GEN_30_FIT_0.8957006249064164_0.9124638570152825_0.9143968501698149_SIZE_1_3.4_4
GEN_31_FIT_0.8957006249064164_0.9124638570152825_0.9143968501698149_SIZE_1_3.4_4
GEN_32_FIT_0.8957006249064164_0.9124638570152825_0.9143968501698149_SIZE_1_3.4_4
GEN_33_FIT_0.8957006249064164_0.9124638570152825_0.9143968501698149_SIZE_1_3.4_4
GEN_34_FIT_0.8957006249064164_0.9124638570152825_0.9143968501698149_SIZE_1_3.4_4
GEN_35_FIT_0.8957006249064164_0.9124638570152825_0.9143968501698149_SIZE_1_3.4_4
GEN_36_FIT_0.8957006249064164_0.9124638570152825_0.9143968501698149_SIZE_1_3.4_4
GEN_37_FIT_0.8957006249064164_0.9124638570152825_0.9143968501698149_SIZE_1_3.4_4
GEN_38_FIT_0.8957006249064164_0.9124638570152825_0.9143968501698149_SIZE_1_3.4_4
GEN_39_FIT_0.8957006249064164_0.9124638570152825_0.9143968501698149_SIZE_1_3.4_4
GEN_40_FIT_0.8957006249064164_0.9124638570152825_0.9143968501698149_SIZE_1_3.4_4
Evaluating in sample:
[GEN_40|make_tuple(0.5068389207954473, 6, 6)|0.8957]
[GEN_40|make_tuple(0.6174176397833164, expit(0.6006465190009427), 5)|0.9138]
[GEN_40|make_tuple(0.6174176397833164, expit(0.6006465190009427), add(0.0013758339971738276, 5))|0.9144]
[GEN_40|make_tuple(0.6174176397833164, expit(expit(0.4071901263537246)), add(0.0013758339971738276, 5))|0.9144]
Evaluating out-of-sample:
[GEN_40|make_tuple(0.5068389207954473, 6, 6)|0.9634]
[GEN_40|make_tuple(0.6174176397833164, expit(0.6006465190009427), 5)|0.9927]
[GEN_40|make_tuple(0.6174176397833164, expit(0.6006465190009427), add(0.0013758339971738276, 5))|0.9927]
[GEN_40|make_tuple(0.6174176397833164, expit(expit(0.4071901263537246)), add(0.0013758339971738276, 5))|0.9927]
GEN_41_FIT_0.8957006249064164_0.9124638570152825_0.9143968501698149_SIZE_1_3.4_4
Evaluating in sample:
[GEN_41|make_tuple(0.5068389207954473, 6, 6)|0.8957]
[GEN_41|make_tuple(0.6174176397833164, expit(0.6006465190009427), 5)|0.9138]
[GEN_41|make_tuple(0.6174176397833164, expit(0.6006465190009427), add(0.0013758339971738276, 5))|0.9144]
[GEN_41|make_tuple(0.6174176397833164, expit(expit(0.4071901263537246)), add(0.0013758339971738276, 5))|0.9144]
Evaluating out-of-sample:
[GEN_41|make_tuple(0.5068389207954473, 6, 6)|0.9634]
[GEN_41|make_tuple(0.6174176397833164, expit(0.6006465190009427), 5)|0.9927]
[GEN_41|make_tuple(0.6174176397833164, expit(0.6006465190009427), add(0.0013758339971738276, 5))|0.9927]
[GEN_41|make_tuple(0.6174176397833164, expit(expit(0.4071901263537246)), add(0.0013758339971738276, 5))|0.9927]
Stopped early in iteration 41, no improvement in 20 gens.
START_TASK: 14
