Starting problem: mlr_rf
param:age_regularization:100000.0
param:algorithm:mupluslambda
param:constants_only:True
param:cxpb:0.25
param:early_stop_n:20
param:lambda_:100
param:max_number_operators:None
param:max_start_size:2
param:mu:20
param:ngen:300
param:optimize_constants:False
param:output_file:/home/gijsbers/symbolicdefaults/runs/mlr_rf_True_2.log
param:problem:mlr_rf
param:subset:1.0
param:task:None
param:warm_start:False
Benchmark problems: mlr_rf
Loading surrogates from file.
With fixed hyperparameters: {'num.trees': 500.0}:
And hyperparameters: ['num.trees', 'sample.fraction', 'min.node.size', 'mtry']:
START_TASK: 3
GEN_0_FIT_0.8685707681659413_0.8788695320810135_0.9021118949115159_SIZE_1_3.3_10
GEN_1_FIT_0.8686383615657304_0.8787209589868231_0.9063412926308156_SIZE_1_1.95_7
GEN_2_FIT_0.8688773725824906_0.8759042406831146_0.9063412926308156_SIZE_1_1.45_4
GEN_3_FIT_0.8688773725824906_0.8791847167789056_0.9063412926308156_SIZE_1_1.6_4
GEN_4_FIT_0.8688773725824906_0.8742872332612043_0.9063412926308156_SIZE_1_1.25_3
GEN_5_FIT_0.8688773725824906_0.8865089952178593_0.9063412926308156_SIZE_1_1.85_3
GEN_6_FIT_0.8693389384648176_0.9013826932430048_0.9063412926308156_SIZE_1_2.5_3
GEN_7_FIT_0.8688773725824906_0.8863856695290879_0.9095449362608312_SIZE_1_1.6_3
GEN_8_FIT_0.8693389384648176_0.8732317454565083_0.9095449362608312_SIZE_1_1.15_3
GEN_9_FIT_0.8693389384648176_0.8886215899485764_0.9095449362608312_SIZE_1_1.65_4
GEN_10_FIT_0.8943344706302329_0.8959089993197249_0.9106291117952503_SIZE_1_1.15_3
GEN_11_FIT_0.8943344706302329_0.8983434484052941_0.9110046943001013_SIZE_1_1.35_3
GEN_12_FIT_0.8946659560061837_0.9056195160689766_0.9110046943001013_SIZE_1_1.8_3
GEN_13_FIT_0.8950981715204567_0.9102093681611191_0.9110046943001013_SIZE_1_1.95_2
GEN_14_FIT_0.8950981715204567_0.9094140420221368_0.9110046943001013_SIZE_1_1.9_2
GEN_15_FIT_0.8950981715204567_0.9094140420221368_0.9110046943001013_SIZE_1_1.9_2
GEN_16_FIT_0.8949036454644764_0.9039107613753636_0.9120357837625181_SIZE_1_1.6_3
GEN_17_FIT_0.8950981715204567_0.8976191593422247_0.9120357837625181_SIZE_1_1.25_3
GEN_18_FIT_0.8950981715204567_0.8976191593422247_0.9120357837625181_SIZE_1_1.25_3
GEN_19_FIT_0.8950981715204567_0.8984463859397867_0.9120357837625181_SIZE_1_1.3_3
GEN_20_FIT_0.8950981715204567_0.9067639348546666_0.9120357837625181_SIZE_1_2.05_3
Evaluating in sample:
[GEN_20|make_tuple(0.554332712996917, 3, 6)|0.8951]
[GEN_20|make_tuple(0.7798431549305406, if_gt(650, 656, 104, 0.6462555197293628), 5)|0.9116]
[GEN_20|make_tuple(0.7798431549305406, if_gt(49, 656, 497, 0.6496676600958591), add(5, 0.0031186059051616353))|0.9120]
Evaluating out-of-sample:
[GEN_20|make_tuple(0.554332712996917, 3, 6)|0.9972]
[GEN_20|make_tuple(0.7798431549305406, if_gt(650, 656, 104, 0.6462555197293628), 5)|0.9917]
[GEN_20|make_tuple(0.7798431549305406, if_gt(49, 656, 497, 0.6496676600958591), add(5, 0.0031186059051616353))|0.9919]
GEN_21_FIT_0.8951481407939379_0.9100950832580248_0.9126610640127495_SIZE_1_2.0_3
GEN_22_FIT_0.8951481407939379_0.9069998428306842_0.9126610640127495_SIZE_1_2.0_3
GEN_23_FIT_0.8951481407939379_0.9020514740273569_0.9126610640127495_SIZE_1_1.7_3
GEN_24_FIT_0.8951910643490398_0.9116348099484057_0.9126610640127495_SIZE_1_2.75_3
GEN_25_FIT_0.8951910643490398_0.910812227992273_0.9126610640127495_SIZE_1_2.7_3
GEN_26_FIT_0.8951910643490398_0.910812227992273_0.9126610640127495_SIZE_1_2.7_3
GEN_27_FIT_0.8951910643490398_0.910812227992273_0.9126610640127495_SIZE_1_2.7_3
GEN_28_FIT_0.8951910643490398_0.910812227992273_0.9126610640127495_SIZE_1_2.7_3
GEN_29_FIT_0.8951910643490398_0.910812227992273_0.9126610640127495_SIZE_1_2.7_3
GEN_30_FIT_0.8951910643490398_0.910812227992273_0.9126610640127495_SIZE_1_2.7_3
GEN_31_FIT_0.8951910643490398_0.910812227992273_0.9126610640127495_SIZE_1_2.7_3
GEN_32_FIT_0.8951910643490398_0.910812227992273_0.9126610640127495_SIZE_1_2.7_3
GEN_33_FIT_0.8951910643490398_0.910812227992273_0.9126610640127495_SIZE_1_2.7_3
GEN_34_FIT_0.8951910643490398_0.910812227992273_0.9126610640127495_SIZE_1_2.7_3
GEN_35_FIT_0.8951910643490398_0.910812227992273_0.9126610640127495_SIZE_1_2.7_3
GEN_36_FIT_0.8951910643490398_0.910812227992273_0.9126610640127495_SIZE_1_2.7_3
GEN_37_FIT_0.8951910643490398_0.910812227992273_0.9126610640127495_SIZE_1_2.7_3
GEN_38_FIT_0.8951910643490398_0.910812227992273_0.9126610640127495_SIZE_1_2.7_3
GEN_39_FIT_0.8951910643490398_0.910812227992273_0.9126610640127495_SIZE_1_2.7_3
GEN_40_FIT_0.8951910643490398_0.910812227992273_0.9126610640127495_SIZE_1_2.7_3
Evaluating in sample:
[GEN_40|make_tuple(0.5571988480282207, 714, 6)|0.8952]
[GEN_40|make_tuple(0.7798431549305406, if_gt(650, 656, 104, 0.6462555197293628), 5)|0.9116]
[GEN_40|make_tuple(0.7798431549305406, if_gt(650, 656, 104, 0.6462555197293628), add(5, 0.0031186059051616353))|0.9127]
Evaluating out-of-sample:
[GEN_40|make_tuple(0.5571988480282207, 714, 6)|0.9976]
[GEN_40|make_tuple(0.7798431549305406, if_gt(650, 656, 104, 0.6462555197293628), 5)|0.9917]
[GEN_40|make_tuple(0.7798431549305406, if_gt(650, 656, 104, 0.6462555197293628), add(5, 0.0031186059051616353))|0.9917]
GEN_41_FIT_0.8951910643490398_0.910812227992273_0.9126610640127495_SIZE_1_2.7_3
GEN_42_FIT_0.8951910643490398_0.910812227992273_0.9126610640127495_SIZE_1_2.7_3
Evaluating in sample:
[GEN_42|make_tuple(0.5571988480282207, 714, 6)|0.8952]
[GEN_42|make_tuple(0.7798431549305406, if_gt(650, 656, 104, 0.6462555197293628), 5)|0.9116]
[GEN_42|make_tuple(0.7798431549305406, if_gt(650, 656, 104, 0.6462555197293628), add(5, 0.0031186059051616353))|0.9127]
Evaluating out-of-sample:
[GEN_42|make_tuple(0.5571988480282207, 714, 6)|0.9976]
[GEN_42|make_tuple(0.7798431549305406, if_gt(650, 656, 104, 0.6462555197293628), 5)|0.9917]
[GEN_42|make_tuple(0.7798431549305406, if_gt(650, 656, 104, 0.6462555197293628), add(5, 0.0031186059051616353))|0.9917]
Stopped early in iteration 42, no improvement in 20 gens.
START_TASK: 6
GEN_0_FIT_0.8675080404996661_0.878861359352672_0.9023067887352625_SIZE_1_3.9_10
GEN_1_FIT_0.8694518495962086_0.876707889328609_0.9025970922745747_SIZE_1_1.85_4
GEN_2_FIT_0.8699098645176562_0.8748777441979219_0.9033073840817822_SIZE_1_1.3_4
GEN_3_FIT_0.8699098645176562_0.8749132587882821_0.9033073840817822_SIZE_1_1.35_4
GEN_4_FIT_0.8699098645176562_0.8749070251242893_0.9033073840817822_SIZE_1_1.2_3
GEN_5_FIT_0.8699098645176562_0.8765769011024955_0.9033073840817822_SIZE_1_1.3_3
GEN_6_FIT_0.8699098645176562_0.8715875288987943_0.9034631521404219_SIZE_1_1.05_2
GEN_7_FIT_0.8699098645176562_0.8732651932799327_0.9034631521404219_SIZE_1_1.1_2
GEN_8_FIT_0.8699098645176562_0.8732651932799327_0.9034631521404219_SIZE_1_1.1_2
GEN_9_FIT_0.8699098645176562_0.8732651932799327_0.9034631521404219_SIZE_1_1.1_2
GEN_10_FIT_0.8699098645176562_0.871593538392033_0.9035833420051967_SIZE_1_1.05_2
GEN_11_FIT_0.8699098645176562_0.871593538392033_0.9035833420051967_SIZE_1_1.05_2
GEN_12_FIT_0.8699098645176562_0.8732772122664102_0.9035833420051967_SIZE_1_1.1_2
GEN_13_FIT_0.8699098645176562_0.8732772122664102_0.9035833420051967_SIZE_1_1.1_2
GEN_14_FIT_0.8699098645176562_0.8732772122664102_0.9035833420051967_SIZE_1_1.1_2
GEN_15_FIT_0.8699098645176562_0.8732772122664102_0.9035833420051967_SIZE_1_1.1_2
GEN_16_FIT_0.8699098645176562_0.8732772122664102_0.9035833420051967_SIZE_1_1.1_2
GEN_17_FIT_0.8699098645176562_0.8732772122664102_0.9035833420051967_SIZE_1_1.1_2
GEN_18_FIT_0.8699098645176562_0.8732772122664102_0.9035833420051967_SIZE_1_1.1_2
GEN_19_FIT_0.8699098645176562_0.8732772122664102_0.9035833420051967_SIZE_1_1.1_2
GEN_20_FIT_0.8699098645176562_0.8715990795164916_0.9036941644943676_SIZE_1_1.05_2
Evaluating in sample:
[GEN_20|make_tuple(8, 34, 5)|0.8699]
[GEN_20|make_tuple(70, expit(0.1302373532639798), 5)|0.9037]
Evaluating out-of-sample:
[GEN_20|make_tuple(8, 34, 5)|0.9319]
[GEN_20|make_tuple(70, expit(0.1302373532639798), 5)|0.9935]
GEN_21_FIT_0.8699098645176562_0.8715990795164916_0.9036941644943676_SIZE_1_1.05_2
GEN_22_FIT_0.8699098645176562_0.8749814181140649_0.9037723364924114_SIZE_1_1.2_3
GEN_23_FIT_0.8699098645176562_0.8783707423181912_0.9038338766254248_SIZE_1_1.45_4
GEN_24_FIT_0.8699098645176562_0.8783707423181912_0.9038338766254248_SIZE_1_1.45_4
GEN_25_FIT_0.8699098645176562_0.8800669429235797_0.9038338766254248_SIZE_1_1.6_4
GEN_26_FIT_0.8699098645176562_0.8783801928856783_0.9038338766254248_SIZE_1_1.55_4
GEN_27_FIT_0.8699098645176562_0.8800718728454481_0.9038338766254248_SIZE_1_1.6_4
GEN_28_FIT_0.8699098645176562_0.8800718728454481_0.9038338766254248_SIZE_1_1.6_4
GEN_29_FIT_0.8699098645176562_0.8800718728454481_0.9038338766254248_SIZE_1_1.6_4
GEN_30_FIT_0.8699098645176562_0.8800718728454481_0.9038338766254248_SIZE_1_1.6_4
GEN_31_FIT_0.8699098645176562_0.8800718728454481_0.9038338766254248_SIZE_1_1.6_4
GEN_32_FIT_0.8699098645176562_0.8800718728454481_0.9038338766254248_SIZE_1_1.6_4
GEN_33_FIT_0.8699098645176562_0.8800718728454481_0.9038338766254248_SIZE_1_1.6_4
GEN_34_FIT_0.8699098645176562_0.8800718728454481_0.9038338766254248_SIZE_1_1.6_4
GEN_35_FIT_0.8699098645176562_0.8800718728454481_0.9038338766254248_SIZE_1_1.6_4
GEN_36_FIT_0.8699098645176562_0.8800718728454481_0.9038338766254248_SIZE_1_1.6_4
GEN_37_FIT_0.8699098645176562_0.8800718728454481_0.9038338766254248_SIZE_1_1.6_4
GEN_38_FIT_0.8699098645176562_0.8800718728454481_0.9038338766254248_SIZE_1_1.6_4
GEN_39_FIT_0.8699098645176562_0.8800718728454481_0.9038338766254248_SIZE_1_1.6_4
GEN_40_FIT_0.8699098645176562_0.8800722247175884_0.9038338766254248_SIZE_1_1.6_4
Evaluating in sample:
[GEN_40|make_tuple(8, 34, 5)|0.8699]
[GEN_40|make_tuple(70, expit(0.1362436276820754), 5)|0.9037]
[GEN_40|make_tuple(10, expit(add(0.1302373532639798, 0.0014028587888565863)), 5)|0.9038]
[GEN_40|make_tuple(70, expit(add(0.1302373532639798, 0.001033242380980558)), add(0.006804353573713859, 5))|0.9038]
Evaluating out-of-sample:
[GEN_40|make_tuple(8, 34, 5)|0.9319]
[GEN_40|make_tuple(70, expit(0.1362436276820754), 5)|0.9935]
[GEN_40|make_tuple(10, expit(add(0.1302373532639798, 0.0014028587888565863)), 5)|0.9935]
[GEN_40|make_tuple(70, expit(add(0.1302373532639798, 0.001033242380980558)), add(0.006804353573713859, 5))|0.9933]
GEN_41_FIT_0.8699098645176562_0.8800722247175884_0.9038338766254248_SIZE_1_1.6_4
GEN_42_FIT_0.8699098645176562_0.8800722247175884_0.9038338766254248_SIZE_1_1.6_4
GEN_43_FIT_0.8699098645176562_0.8800722247175884_0.9038338766254248_SIZE_1_1.6_4
GEN_44_FIT_0.8699098645176562_0.8783807140784242_0.9038338766254248_SIZE_1_1.5_4
Evaluating in sample:
[GEN_44|make_tuple(8, 34, 5)|0.8699]
[GEN_44|make_tuple(70, expit(0.1362436276820754), 5)|0.9037]
[GEN_44|make_tuple(70, expit(0.1362436276820754), add(0.005878209086147761, 5))|0.9038]
[GEN_44|make_tuple(70, expit(add(0.1302373532639798, 0.001033242380980558)), add(0.006804353573713859, 5))|0.9038]
Evaluating out-of-sample:
[GEN_44|make_tuple(8, 34, 5)|0.9319]
[GEN_44|make_tuple(70, expit(0.1362436276820754), 5)|0.9935]
[GEN_44|make_tuple(70, expit(0.1362436276820754), add(0.005878209086147761, 5))|0.9933]
[GEN_44|make_tuple(70, expit(add(0.1302373532639798, 0.001033242380980558)), add(0.006804353573713859, 5))|0.9933]
Stopped early in iteration 44, no improvement in 20 gens.
START_TASK: 11
GEN_0_FIT_0.8702270202092214_0.8915876525988132_0.9059801765237635_SIZE_1_4.05_11
GEN_1_FIT_0.8851051171694345_0.8990614098736591_0.9080872844199644_SIZE_1_2.55_4
GEN_2_FIT_0.8919722539827593_0.9016830107839887_0.909314563975677_SIZE_1_2.1_4
GEN_3_FIT_0.8952426089286319_0.905116335377415_0.9106654537734244_SIZE_1_1.9_5
GEN_4_FIT_0.8952426089286319_0.9029040640579502_0.9108337017192804_SIZE_1_1.7_3
GEN_5_FIT_0.8954665242828485_0.9069356741099481_0.91119221276995_SIZE_1_2.0_3
GEN_6_FIT_0.895596924121965_0.9072447349929901_0.9119460292074151_SIZE_1_2.05_4
GEN_7_FIT_0.895596924121965_0.8991848872486499_0.9123567221145306_SIZE_1_1.3_3
GEN_8_FIT_0.8961460959586102_0.9024224179669036_0.9123626103035046_SIZE_1_1.5_3
GEN_9_FIT_0.8961460959586102_0.9001880835283893_0.912570276586634_SIZE_1_1.35_3
GEN_10_FIT_0.896265146734532_0.8994683263180434_0.912943717148488_SIZE_1_1.35_4
GEN_11_FIT_0.896265146734532_0.9011030624344096_0.912943717148488_SIZE_1_1.5_4
GEN_12_FIT_0.896265146734532_0.9052258523169886_0.912943717148488_SIZE_1_1.95_4
GEN_13_FIT_0.8963224017268615_0.9012838963907616_0.912943717148488_SIZE_1_1.75_4
GEN_14_FIT_0.8963224017268615_0.9004720504463096_0.9134558196072219_SIZE_1_1.55_5
GEN_15_FIT_0.8963224017268615_0.8988607763267906_0.9134558196072219_SIZE_1_1.4_5
GEN_16_FIT_0.8963224017268615_0.9005454466365078_0.9134558196072219_SIZE_1_1.6_5
GEN_17_FIT_0.8963224017268615_0.9022689933598069_0.9137192503886102_SIZE_1_1.95_6
GEN_18_FIT_0.8963224017268615_0.8988551807768694_0.9138580060990456_SIZE_1_1.2_3
GEN_19_FIT_0.8963224017268615_0.9030136246667653_0.9138580060990456_SIZE_1_1.5_3
GEN_20_FIT_0.8963224017268615_0.9091979492840807_0.9138580060990456_SIZE_1_2.2_4
Evaluating in sample:
[GEN_20|make_tuple(0.5560272657123587, 32, 6)|0.8964]
[GEN_20|make_tuple(0.6298484381115695, pow(0.4781496539000073, 0.577017989624071), 5)|0.9132]
[GEN_20|make_tuple(0.6298484381115695, pow(0.4781496539000073, 0.577017989624071), add(5, 0.014512492881002825))|0.9139]
Evaluating out-of-sample:
[GEN_20|make_tuple(0.5560272657123587, 32, 6)|0.8617]
[GEN_20|make_tuple(0.6298484381115695, pow(0.4781496539000073, 0.577017989624071), 5)|0.9062]
[GEN_20|make_tuple(0.6298484381115695, pow(0.4781496539000073, 0.577017989624071), add(5, 0.014512492881002825))|0.9075]
GEN_21_FIT_0.8963224017268615_0.9050684653992274_0.9139756528677135_SIZE_1_1.9_3
GEN_22_FIT_0.8963515845876083_0.8980947925663344_0.9139756528677135_SIZE_1_1.15_3
GEN_23_FIT_0.8963515845876083_0.8980947925663344_0.9139756528677135_SIZE_1_1.15_3
GEN_24_FIT_0.8963515845876083_0.8998380005450602_0.9139756528677135_SIZE_1_1.3_3
GEN_25_FIT_0.8963515845876083_0.8981355219005366_0.9141976752765612_SIZE_1_1.15_3
GEN_26_FIT_0.8963515845876083_0.8981355219005366_0.9141976752765612_SIZE_1_1.15_3
GEN_27_FIT_0.8963515845876083_0.8972509131166182_0.9143381551678046_SIZE_1_1.05_2
GEN_28_FIT_0.8963515845876083_0.8972509131166182_0.9143381551678046_SIZE_1_1.05_2
GEN_29_FIT_0.8963515845876083_0.898150241645628_0.9143381551678046_SIZE_1_1.1_2
GEN_30_FIT_0.8963515845876083_0.898150241645628_0.9143381551678046_SIZE_1_1.1_2
GEN_31_FIT_0.8963515845876083_0.898150241645628_0.9143381551678046_SIZE_1_1.1_2
GEN_32_FIT_0.8963515845876083_0.898150241645628_0.9143381551678046_SIZE_1_1.1_2
GEN_33_FIT_0.8963515845876083_0.898150241645628_0.9143381551678046_SIZE_1_1.1_2
GEN_34_FIT_0.8963515845876083_0.898150241645628_0.9143381551678046_SIZE_1_1.1_2
GEN_35_FIT_0.8963515845876083_0.898150241645628_0.9143381551678046_SIZE_1_1.1_2
GEN_36_FIT_0.8963515845876083_0.8972545661076217_0.9144112149878714_SIZE_1_1.05_2
GEN_37_FIT_0.8963515845876083_0.8972545661076217_0.9144112149878714_SIZE_1_1.05_2
GEN_38_FIT_0.8963515845876083_0.8972545661076217_0.9144112149878714_SIZE_1_1.05_2
GEN_39_FIT_0.8963515845876083_0.8972545661076217_0.9144112149878714_SIZE_1_1.05_2
GEN_40_FIT_0.8963515845876083_0.8981575476276348_0.9144112149878714_SIZE_1_1.1_2
Evaluating in sample:
[GEN_40|make_tuple(0.5560272657123587, 32, 6)|0.8964]
[GEN_40|make_tuple(0.6144298709101929, pow(0.4781496539000073, 0.5933022664459557), 5)|0.9144]
Evaluating out-of-sample:
[GEN_40|make_tuple(0.5560272657123587, 32, 6)|0.8617]
[GEN_40|make_tuple(0.6144298709101929, pow(0.4781496539000073, 0.5933022664459557), 5)|0.9094]
GEN_41_FIT_0.8963515845876083_0.8981575476276348_0.9144112149878714_SIZE_1_1.1_2
GEN_42_FIT_0.8963515845876083_0.8981575476276348_0.9144112149878714_SIZE_1_1.1_2
GEN_43_FIT_0.8963515845876083_0.8981575476276348_0.9144112149878714_SIZE_1_1.1_2
GEN_44_FIT_0.8963515845876083_0.8981575476276348_0.9144112149878714_SIZE_1_1.1_2
GEN_45_FIT_0.8963515845876083_0.8981575476276348_0.9144112149878714_SIZE_1_1.1_2
GEN_46_FIT_0.8963515845876083_0.8981575476276348_0.9144112149878714_SIZE_1_1.1_2
GEN_47_FIT_0.8963515845876083_0.9024758413478079_0.9144112149878714_SIZE_1_1.35_2
GEN_48_FIT_0.8963515845876083_0.9089401200088171_0.9144112149878714_SIZE_1_1.7_2
GEN_49_FIT_0.8963804836975744_0.9126081418588419_0.9144112149878714_SIZE_1_1.9_2
GEN_50_FIT_0.8956515958348606_0.9098678993911424_0.9144274473674873_SIZE_1_1.75_2
GEN_51_FIT_0.8962152709895108_0.9000014778799384_0.9150061341308587_SIZE_1_1.25_3
GEN_52_FIT_0.8963804836975744_0.8991164625862298_0.9150061341308587_SIZE_1_1.2_3
GEN_53_FIT_0.8963804836975744_0.900047745107894_0.9150061341308587_SIZE_1_1.3_3
GEN_54_FIT_0.8963804836975744_0.900047745107894_0.9150061341308587_SIZE_1_1.3_3
GEN_55_FIT_0.8963804836975744_0.8991168580480415_0.9150140433670921_SIZE_1_1.2_3
GEN_56_FIT_0.8963804836975744_0.8991168580480415_0.9150140433670921_SIZE_1_1.2_3
GEN_57_FIT_0.8963804836975744_0.9000485360315175_0.9150140433670921_SIZE_1_1.3_3
GEN_58_FIT_0.8963804836975744_0.8991498368185301_0.9150140433670921_SIZE_1_1.25_3
GEN_59_FIT_0.8963804836975744_0.8991498368185301_0.9150140433670921_SIZE_1_1.25_3
GEN_60_FIT_0.8963804836975744_0.9000558339725343_0.9150140433670921_SIZE_1_1.3_3
Evaluating in sample:
[GEN_60|make_tuple(0.5565789670598674, 32, 6)|0.8964]
[GEN_60|make_tuple(0.6171001095980031, pow(0.4781496539000073, 0.5933022664459557), 5)|0.9145]
[GEN_60|make_tuple(0.6080825331309485, pow(0.4781496539000073, 0.5933022664459557), add(0.2769419066978412, 5))|0.9150]
Evaluating out-of-sample:
[GEN_60|make_tuple(0.5565789670598674, 32, 6)|0.8617]
[GEN_60|make_tuple(0.6171001095980031, pow(0.4781496539000073, 0.5933022664459557), 5)|0.9100]
[GEN_60|make_tuple(0.6080825331309485, pow(0.4781496539000073, 0.5933022664459557), add(0.2769419066978412, 5))|0.9100]
GEN_61_FIT_0.8963804836975744_0.9000558339725343_0.9150140433670921_SIZE_1_1.3_3
GEN_62_FIT_0.8963804836975744_0.9000558339725343_0.9150140433670921_SIZE_1_1.3_3
GEN_63_FIT_0.8963804836975744_0.9000558339725343_0.9150140433670921_SIZE_1_1.3_3
GEN_64_FIT_0.8963804836975744_0.9000558339725343_0.9150140433670921_SIZE_1_1.3_3
GEN_65_FIT_0.8963804836975744_0.9000558339725343_0.9150140433670921_SIZE_1_1.3_3
GEN_66_FIT_0.8963804836975744_0.9000558339725343_0.9150140433670921_SIZE_1_1.3_3
GEN_67_FIT_0.8963804836975744_0.9000558339725343_0.9150140433670921_SIZE_1_1.3_3
GEN_68_FIT_0.8963804836975744_0.9000558339725343_0.9150140433670921_SIZE_1_1.3_3
GEN_69_FIT_0.8963804836975744_0.9000558339725343_0.9150140433670921_SIZE_1_1.3_3
GEN_70_FIT_0.8963804836975744_0.9000558339725343_0.9150140433670921_SIZE_1_1.3_3
GEN_71_FIT_0.8963804836975744_0.8991283265228587_0.9150974540430985_SIZE_1_1.2_3
GEN_72_FIT_0.8963804836975744_0.9000641750401348_0.9150974540430985_SIZE_1_1.3_3
GEN_73_FIT_0.8963804836975744_0.9000641750401348_0.9150974540430985_SIZE_1_1.3_3
GEN_74_FIT_0.8963804836975744_0.9000641750401348_0.9150974540430985_SIZE_1_1.3_3
GEN_75_FIT_0.8963804836975744_0.9000641750401348_0.9150974540430985_SIZE_1_1.3_3
GEN_76_FIT_0.8963804836975744_0.9000641750401348_0.9150974540430985_SIZE_1_1.3_3
GEN_77_FIT_0.8963804836975744_0.9000641750401348_0.9150974540430985_SIZE_1_1.3_3
GEN_78_FIT_0.8963804836975744_0.9000641750401348_0.9150974540430985_SIZE_1_1.3_3
GEN_79_FIT_0.8963804836975744_0.9000641750401348_0.9150974540430985_SIZE_1_1.3_3
GEN_80_FIT_0.8963804836975744_0.9000641750401348_0.9150974540430985_SIZE_1_1.3_3
Evaluating in sample:
[GEN_80|make_tuple(0.5565789670598674, 32, 6)|0.8964]
[GEN_80|make_tuple(0.6171001095980031, pow(0.4781496539000073, 0.5933022664459557), 5)|0.9145]
[GEN_80|make_tuple(0.6171001095980031, pow(0.4781496539000073, 0.5933022664459557), add(0.02009795940235919, 5))|0.9151]
Evaluating out-of-sample:
[GEN_80|make_tuple(0.5565789670598674, 32, 6)|0.8617]
[GEN_80|make_tuple(0.6171001095980031, pow(0.4781496539000073, 0.5933022664459557), 5)|0.9100]
[GEN_80|make_tuple(0.6171001095980031, pow(0.4781496539000073, 0.5933022664459557), add(0.02009795940235919, 5))|0.9111]
GEN_81_FIT_0.8963804836975744_0.9000641750401348_0.9150974540430985_SIZE_1_1.3_3
GEN_82_FIT_0.8963804836975744_0.9000641750401348_0.9150974540430985_SIZE_1_1.3_3
GEN_83_FIT_0.8963804836975744_0.9000641750401348_0.9150974540430985_SIZE_1_1.3_3
GEN_84_FIT_0.8963804836975744_0.9000641750401348_0.9150974540430985_SIZE_1_1.3_3
GEN_85_FIT_0.8963804836975744_0.9000641750401348_0.9150974540430985_SIZE_1_1.3_3
GEN_86_FIT_0.8963804836975744_0.9000641750401348_0.9150974540430985_SIZE_1_1.3_3
GEN_87_FIT_0.8963804836975744_0.9000641750401348_0.9150974540430985_SIZE_1_1.3_3
GEN_88_FIT_0.8963804836975744_0.9000641750401348_0.9150974540430985_SIZE_1_1.3_3
GEN_89_FIT_0.8963804836975744_0.9000641750401348_0.9150974540430985_SIZE_1_1.3_3
GEN_90_FIT_0.8963804836975744_0.9000641750401348_0.9150974540430985_SIZE_1_1.3_3
GEN_91_FIT_0.8963804836975744_0.9000641750401348_0.9150974540430985_SIZE_1_1.3_3
GEN_92_FIT_0.8963804836975744_0.9000641750401348_0.9150974540430985_SIZE_1_1.3_3
Evaluating in sample:
[GEN_92|make_tuple(0.5565789670598674, 32, 6)|0.8964]
[GEN_92|make_tuple(0.6171001095980031, pow(0.4781496539000073, 0.5933022664459557), 5)|0.9145]
[GEN_92|make_tuple(0.6171001095980031, pow(0.4781496539000073, 0.5933022664459557), add(0.02009795940235919, 5))|0.9151]
Evaluating out-of-sample:
[GEN_92|make_tuple(0.5565789670598674, 32, 6)|0.8617]
[GEN_92|make_tuple(0.6171001095980031, pow(0.4781496539000073, 0.5933022664459557), 5)|0.9100]
[GEN_92|make_tuple(0.6171001095980031, pow(0.4781496539000073, 0.5933022664459557), add(0.02009795940235919, 5))|0.9111]
Stopped early in iteration 92, no improvement in 20 gens.
START_TASK: 12
GEN_0_FIT_0.8690757117151369_0.8862786634478186_0.9078779286082862_SIZE_1_4.15_12
GEN_1_FIT_0.8895361836330682_0.900213530615795_0.9080854513257072_SIZE_1_3.35_8
GEN_2_FIT_0.8898578017207173_0.900927848754127_0.9080854513257072_SIZE_1_3.25_8
GEN_3_FIT_0.8930283590709113_0.9046453491513482_0.9117739082636093_SIZE_1_3.7_7
GEN_4_FIT_0.8930283590709113_0.901386128638926_0.9117739082636093_SIZE_1_2.3_7
GEN_5_FIT_0.8942580775438679_0.903664261821976_0.9117739082636093_SIZE_1_3.1_8
GEN_6_FIT_0.8945029810690008_0.9025931097682303_0.9120973561173245_SIZE_1_2.5_7
GEN_7_FIT_0.8945029810690008_0.9007606123065381_0.9134018872795692_SIZE_1_2.0_5
GEN_8_FIT_0.8948206048639525_0.89926314172163_0.9134018872795692_SIZE_1_1.6_5
GEN_9_FIT_0.8948460341463498_0.9083265013327522_0.9134018872795692_SIZE_1_2.75_5
GEN_10_FIT_0.8954345016425362_0.9106623043254538_0.9134018872795692_SIZE_1_2.6_5
GEN_11_FIT_0.8954345016425362_0.9081790509193592_0.9134298412017154_SIZE_1_2.05_3
GEN_12_FIT_0.8954345016425362_0.9046168042604241_0.9135650536062274_SIZE_1_1.65_3
GEN_13_FIT_0.8954693103271686_0.9103350945137525_0.9135650536062274_SIZE_1_2.0_3
GEN_14_FIT_0.8936368668576874_0.90329343039165_0.9135650536062274_SIZE_1_1.8_3
GEN_15_FIT_0.8954693103271686_0.899911549454537_0.9135650536062274_SIZE_1_1.45_3
GEN_16_FIT_0.8954693103271686_0.8980209725362268_0.9135789356460725_SIZE_1_1.2_3
GEN_17_FIT_0.8954693103271686_0.8981476592791118_0.9135789356460725_SIZE_1_1.25_3
GEN_18_FIT_0.8954693103271686_0.9016851810146624_0.9135789356460725_SIZE_1_1.55_3
GEN_19_FIT_0.8954693103271686_0.9033910233795213_0.9137016706030473_SIZE_1_1.6_3
GEN_20_FIT_0.8955567904037881_0.9053066172345556_0.9137016706030473_SIZE_1_1.8_3
Evaluating in sample:
[GEN_20|make_tuple(0.5070469435599594, 22, 6)|0.8957]
[GEN_20|make_tuple(0.6080243510061355, expit(0.5839355586242931), 5)|0.9132]
[GEN_20|make_tuple(0.6080243510061355, expit(expit(0.4108554227135321)), 5)|0.9137]
Evaluating out-of-sample:
[GEN_20|make_tuple(0.5070469435599594, 22, 6)|0.9634]
[GEN_20|make_tuple(0.6080243510061355, expit(0.5839355586242931), 5)|0.9927]
[GEN_20|make_tuple(0.6080243510061355, expit(expit(0.4108554227135321)), 5)|0.9927]
GEN_21_FIT_0.895694135512012_0.8974817505563621_0.9137016706030473_SIZE_1_1.15_3
GEN_22_FIT_0.895694135512012_0.8974819596785373_0.9137058530465519_SIZE_1_1.15_3
GEN_23_FIT_0.895694135512012_0.8983825455552644_0.9137058530465519_SIZE_1_1.25_3
GEN_24_FIT_0.895694135512012_0.8983825455552644_0.9137058530465519_SIZE_1_1.25_3
GEN_25_FIT_0.895694135512012_0.8983825455552644_0.9137058530465519_SIZE_1_1.25_3
GEN_26_FIT_0.895694135512012_0.8983825455552644_0.9137058530465519_SIZE_1_1.25_3
GEN_27_FIT_0.895694135512012_0.8992697838450626_0.9137058530465519_SIZE_1_1.3_3
GEN_28_FIT_0.895694135512012_0.8992697838450626_0.9137058530465519_SIZE_1_1.3_3
GEN_29_FIT_0.895694135512012_0.8992697838450626_0.9137058530465519_SIZE_1_1.3_3
GEN_30_FIT_0.895694135512012_0.8992697838450626_0.9137058530465519_SIZE_1_1.3_3
GEN_31_FIT_0.895694135512012_0.8992697838450626_0.9137058530465519_SIZE_1_1.3_3
GEN_32_FIT_0.895694135512012_0.8992697838450626_0.9137058530465519_SIZE_1_1.3_3
GEN_33_FIT_0.895694135512012_0.8992697838450626_0.9137058530465519_SIZE_1_1.3_3
GEN_34_FIT_0.895694135512012_0.8983849299550297_0.9140204927804332_SIZE_1_1.2_3
GEN_35_FIT_0.895694135512012_0.8993012478184508_0.9140204927804332_SIZE_1_1.3_3
GEN_36_FIT_0.895694135512012_0.8993012478184508_0.9140204927804332_SIZE_1_1.3_3
GEN_37_FIT_0.895694135512012_0.8993012478184508_0.9140204927804332_SIZE_1_1.3_3
GEN_38_FIT_0.895694135512012_0.8984266822890271_0.9140204927804332_SIZE_1_1.25_3
GEN_39_FIT_0.895694135512012_0.8993265933392_0.9140204927804332_SIZE_1_1.3_3
GEN_40_FIT_0.895694135512012_0.8993265933392_0.9140204927804332_SIZE_1_1.3_3
Evaluating in sample:
[GEN_40|make_tuple(0.5070469435599594, 22, 6)|0.8957]
[GEN_40|make_tuple(0.6080243510061355, expit(0.5977134426199722), 5)|0.9137]
[GEN_40|make_tuple(0.6080243510061355, expit(0.5937337654978905), add(0.008621647920283863, 5))|0.9140]
Evaluating out-of-sample:
[GEN_40|make_tuple(0.5070469435599594, 22, 6)|0.9634]
[GEN_40|make_tuple(0.6080243510061355, expit(0.5977134426199722), 5)|0.9927]
[GEN_40|make_tuple(0.6080243510061355, expit(0.5937337654978905), add(0.008621647920283863, 5))|0.9927]
GEN_41_FIT_0.895694135512012_0.8993265933392_0.9140204927804332_SIZE_1_1.3_3
GEN_42_FIT_0.895694135512012_0.8984235557406469_0.9142860980777916_SIZE_1_1.2_3
GEN_43_FIT_0.895694135512012_0.8984235557406469_0.9142860980777916_SIZE_1_1.2_3
GEN_44_FIT_0.895694135512012_0.8993531538689359_0.9142860980777916_SIZE_1_1.3_3
GEN_45_FIT_0.895694135512012_0.8993531538689359_0.9142860980777916_SIZE_1_1.3_3
GEN_46_FIT_0.895694135512012_0.8984544088106216_0.9142860980777916_SIZE_1_1.25_3
GEN_47_FIT_0.895694135512012_0.8984544088106216_0.9142860980777916_SIZE_1_1.25_3
GEN_48_FIT_0.895694135512012_0.8993554858526529_0.9142860980777916_SIZE_1_1.3_3
GEN_49_FIT_0.895694135512012_0.8993554858526529_0.9142860980777916_SIZE_1_1.3_3
GEN_50_FIT_0.895694135512012_0.8993554858526529_0.9142860980777916_SIZE_1_1.3_3
GEN_51_FIT_0.895694135512012_0.8993554858526529_0.9142860980777916_SIZE_1_1.3_3
GEN_52_FIT_0.895694135512012_0.8993554858526529_0.9142860980777916_SIZE_1_1.3_3
GEN_53_FIT_0.895694135512012_0.8984271719306683_0.9143117822038774_SIZE_1_1.2_3
GEN_54_FIT_0.895694135512012_0.8984271719306683_0.9143117822038774_SIZE_1_1.2_3
GEN_55_FIT_0.895694135512012_0.8993580542652616_0.9143117822038774_SIZE_1_1.3_3
GEN_56_FIT_0.895694135512012_0.8993580542652616_0.9143117822038774_SIZE_1_1.3_3
GEN_57_FIT_0.895694135512012_0.8993580542652616_0.9143117822038774_SIZE_1_1.3_3
GEN_58_FIT_0.895694135512012_0.8993580542652616_0.9143117822038774_SIZE_1_1.3_3
GEN_59_FIT_0.895694135512012_0.8993580542652616_0.9143117822038774_SIZE_1_1.3_3
GEN_60_FIT_0.895694135512012_0.8993580542652616_0.9143117822038774_SIZE_1_1.3_3
Evaluating in sample:
[GEN_60|make_tuple(0.5070469435599594, 22, 6)|0.8957]
[GEN_60|make_tuple(0.6080243510061355, expit(0.5989440796997417), 5)|0.9137]
[GEN_60|make_tuple(0.6080243510061355, expit(0.5989440796997417), add(5, 0.2765692184445507))|0.9143]
Evaluating out-of-sample:
[GEN_60|make_tuple(0.5070469435599594, 22, 6)|0.9634]
[GEN_60|make_tuple(0.6080243510061355, expit(0.5989440796997417), 5)|0.9927]
[GEN_60|make_tuple(0.6080243510061355, expit(0.5989440796997417), add(5, 0.2765692184445507))|0.9927]
GEN_61_FIT_0.895694135512012_0.8993580542652616_0.9143117822038774_SIZE_1_1.3_3
GEN_62_FIT_0.895694135512012_0.8993580542652616_0.9143117822038774_SIZE_1_1.3_3
GEN_63_FIT_0.895694135512012_0.8993580542652616_0.9143117822038774_SIZE_1_1.3_3
GEN_64_FIT_0.895694135512012_0.8993580542652616_0.9143117822038774_SIZE_1_1.3_3
GEN_65_FIT_0.895694135512012_0.8993580542652616_0.9143117822038774_SIZE_1_1.3_3
GEN_66_FIT_0.895694135512012_0.8984279795945657_0.9143279354818263_SIZE_1_1.2_3
GEN_67_FIT_0.895694135512012_0.8993596695930565_0.9143279354818263_SIZE_1_1.3_3
GEN_68_FIT_0.895694135512012_0.8993601988378412_0.9143279354818263_SIZE_1_1.3_3
GEN_69_FIT_0.895694135512012_0.8993601988378412_0.9143279354818263_SIZE_1_1.3_3
GEN_70_FIT_0.895694135512012_0.8993601988378412_0.9143279354818263_SIZE_1_1.3_3
GEN_71_FIT_0.895694135512012_0.8993601988378412_0.9143279354818263_SIZE_1_1.3_3
GEN_72_FIT_0.895694135512012_0.8993601988378412_0.9143279354818263_SIZE_1_1.3_3
GEN_73_FIT_0.895694135512012_0.8993601988378412_0.9143279354818263_SIZE_1_1.3_3
GEN_74_FIT_0.895694135512012_0.8993601988378412_0.9143279354818263_SIZE_1_1.3_3
GEN_75_FIT_0.895694135512012_0.8993601988378412_0.9143279354818263_SIZE_1_1.3_3
GEN_76_FIT_0.895694135512012_0.8993601988378412_0.9143279354818263_SIZE_1_1.3_3
GEN_77_FIT_0.895694135512012_0.8984591586305013_0.9143279354818263_SIZE_1_1.25_3
GEN_78_FIT_0.895694135512012_0.8993608017520092_0.9143279354818263_SIZE_1_1.3_3
GEN_79_FIT_0.895694135512012_0.8984294316391681_0.9143343331948178_SIZE_1_1.2_3
GEN_80_FIT_0.895694135512012_0.8984294316391681_0.9143343331948178_SIZE_1_1.2_3
Evaluating in sample:
[GEN_80|make_tuple(0.5070469435599594, 22, 6)|0.8957]
[GEN_80|make_tuple(0.6191175399287032, expit(0.5999922219401422), 5)|0.9137]
[GEN_80|make_tuple(0.6191175399287032, expit(0.5999922219401422), add(5, 0.040145798812896545))|0.9143]
Evaluating out-of-sample:
[GEN_80|make_tuple(0.5070469435599594, 22, 6)|0.9634]
[GEN_80|make_tuple(0.6191175399287032, expit(0.5999922219401422), 5)|0.9928]
[GEN_80|make_tuple(0.6191175399287032, expit(0.5999922219401422), add(5, 0.040145798812896545))|0.9928]
GEN_81_FIT_0.895694135512012_0.8984294316391681_0.9143343331948178_SIZE_1_1.2_3
GEN_82_FIT_0.895694135512012_0.8993614415233082_0.9143343331948178_SIZE_1_1.3_3
GEN_83_FIT_0.895694135512012_0.8993614415233082_0.9143343331948178_SIZE_1_1.3_3
GEN_84_FIT_0.895694135512012_0.8993614415233082_0.9143343331948178_SIZE_1_1.3_3
GEN_85_FIT_0.895694135512012_0.8984602624062183_0.9143343331948178_SIZE_1_1.25_3
GEN_86_FIT_0.895694135512012_0.8984602624062183_0.9143343331948178_SIZE_1_1.25_3
GEN_87_FIT_0.895694135512012_0.8984602624062183_0.9143343331948178_SIZE_1_1.25_3
GEN_88_FIT_0.895694135512012_0.8993623695321439_0.9143343331948178_SIZE_1_1.3_3
GEN_89_FIT_0.895694135512012_0.8993623695321439_0.9143343331948178_SIZE_1_1.3_3
GEN_90_FIT_0.895694135512012_0.8984306732747436_0.9143406057296165_SIZE_1_1.2_3
GEN_91_FIT_0.895694135512012_0.8984306732747436_0.9143406057296165_SIZE_1_1.2_3
GEN_92_FIT_0.895694135512012_0.8993629967856238_0.9143406057296165_SIZE_1_1.3_3
GEN_93_FIT_0.895694135512012_0.8993629967856238_0.9143406057296165_SIZE_1_1.3_3
GEN_94_FIT_0.895694135512012_0.9101368274208749_0.9143406057296165_SIZE_1_2.05_3
GEN_95_FIT_0.8956987252538594_0.9101625485862487_0.914411900251693_SIZE_1_1.85_3
GEN_96_FIT_0.895578120741501_0.9039143729375547_0.914411900251693_SIZE_1_1.6_3
GEN_97_FIT_0.8956987252538594_0.8993806696845873_0.914411900251693_SIZE_1_1.3_3
GEN_98_FIT_0.8956987252538594_0.8993806696845873_0.914411900251693_SIZE_1_1.3_3
GEN_99_FIT_0.8956987252538594_0.8993806696845873_0.914411900251693_SIZE_1_1.3_3
GEN_100_FIT_0.8956987252538594_0.8993806696845873_0.914411900251693_SIZE_1_1.3_3
Evaluating in sample:
[GEN_100|make_tuple(0.5068793167777853, 228, 6)|0.8957]
[GEN_100|make_tuple(0.6168033225171666, expit(0.5999922219401422), 5)|0.9138]
[GEN_100|make_tuple(0.6168033225171666, expit(0.5999922219401422), add(5, 0.18979828545209548))|0.9144]
Evaluating out-of-sample:
[GEN_100|make_tuple(0.5068793167777853, 228, 6)|0.9634]
[GEN_100|make_tuple(0.6168033225171666, expit(0.5999922219401422), 5)|0.9928]
[GEN_100|make_tuple(0.6168033225171666, expit(0.5999922219401422), add(5, 0.18979828545209548))|0.9928]
GEN_101_FIT_0.8956987252538594_0.8993806696845873_0.914411900251693_SIZE_1_1.3_3
GEN_102_FIT_0.8956987252538594_0.8993806696845873_0.914411900251693_SIZE_1_1.3_3
GEN_103_FIT_0.8956987252538594_0.8993806696845873_0.914411900251693_SIZE_1_1.3_3
GEN_104_FIT_0.8956987252538594_0.8993806696845873_0.914411900251693_SIZE_1_1.3_3
GEN_105_FIT_0.8956987252538594_0.8993806696845873_0.914411900251693_SIZE_1_1.3_3
GEN_106_FIT_0.8956987252538594_0.8993806696845873_0.914411900251693_SIZE_1_1.3_3
GEN_107_FIT_0.8956987252538594_0.8993806696845873_0.914411900251693_SIZE_1_1.3_3
GEN_108_FIT_0.8956987252538594_0.8993806696845873_0.914411900251693_SIZE_1_1.3_3
GEN_109_FIT_0.8956987252538594_0.8993806696845873_0.914411900251693_SIZE_1_1.3_3
GEN_110_FIT_0.8956987252538594_0.8993806696845873_0.914411900251693_SIZE_1_1.3_3
GEN_111_FIT_0.8956987252538594_0.8993806696845873_0.914411900251693_SIZE_1_1.3_3
GEN_112_FIT_0.8956987252538594_0.8993806696845873_0.914411900251693_SIZE_1_1.3_3
GEN_113_FIT_0.8956987252538594_0.8993806696845873_0.914411900251693_SIZE_1_1.3_3
GEN_114_FIT_0.8956987252538594_0.8993806696845873_0.914411900251693_SIZE_1_1.3_3
GEN_115_FIT_0.8956987252538594_0.8993806696845873_0.914411900251693_SIZE_1_1.3_3
GEN_116_FIT_0.8956987252538594_0.8993806696845873_0.914411900251693_SIZE_1_1.3_3
Evaluating in sample:
[GEN_116|make_tuple(0.5068793167777853, 228, 6)|0.8957]
[GEN_116|make_tuple(0.6168033225171666, expit(0.5999922219401422), 5)|0.9138]
[GEN_116|make_tuple(0.6168033225171666, expit(0.5999922219401422), add(5, 0.18979828545209548))|0.9144]
Evaluating out-of-sample:
[GEN_116|make_tuple(0.5068793167777853, 228, 6)|0.9634]
[GEN_116|make_tuple(0.6168033225171666, expit(0.5999922219401422), 5)|0.9928]
[GEN_116|make_tuple(0.6168033225171666, expit(0.5999922219401422), add(5, 0.18979828545209548))|0.9928]
Stopped early in iteration 116, no improvement in 20 gens.
START_TASK: 14
