Starting problem: mlr_rf
param:age_regularization:100000.0
param:algorithm:mupluslambda
param:constants_only:True
param:cxpb:0.25
param:early_stop_n:20
param:lambda_:100
param:max_number_operators:None
param:max_start_size:2
param:mu:20
param:ngen:300
param:optimize_constants:False
param:output_file:/home/gijsbers/symbolicdefaults/runs/mlr_rf_True_11.log
param:problem:mlr_rf
param:subset:1.0
param:task:None
param:warm_start:False
Benchmark problems: mlr_rf
Loading surrogates from file.
With fixed hyperparameters: {'num.trees': 500.0}:
And hyperparameters: ['num.trees', 'sample.fraction', 'min.node.size', 'mtry']:
START_TASK: 3
GEN_0_FIT_0.8639245414053477_0.8800641213473341_0.9022221278923269_SIZE_1_3.95_13
GEN_1_FIT_0.8766373175718403_0.8946183056389613_0.9022221278923269_SIZE_1_4.35_12
GEN_2_FIT_0.8920188392151862_0.8986911405066008_0.9077548309229004_SIZE_1_3.15_8
GEN_3_FIT_0.8933287911767748_0.9002834648590425_0.9091845384243455_SIZE_1_2.95_6
GEN_4_FIT_0.8942744503069249_0.9048041659020487_0.9096541006945715_SIZE_1_2.65_4
GEN_5_FIT_0.8943611756392892_0.9043342296634236_0.910725668143284_SIZE_1_2.4_5
GEN_6_FIT_0.894571165874809_0.9026517439480533_0.911416099704678_SIZE_1_2.0_4
GEN_7_FIT_0.8945955661165119_0.9064299643361646_0.9116247362840173_SIZE_1_2.6_5
GEN_8_FIT_0.8945955661165119_0.900524259166456_0.9122432431057304_SIZE_1_1.6_4
GEN_9_FIT_0.8950617482902429_0.8984079799523215_0.9128099272786778_SIZE_1_1.3_3
GEN_10_FIT_0.895218985567789_0.8977558359215237_0.9128099272786778_SIZE_1_1.25_3
GEN_11_FIT_0.895218985567789_0.896917760865825_0.9133864252726636_SIZE_1_1.15_3
GEN_12_FIT_0.895218985567789_0.8969481602106668_0.9133864252726636_SIZE_1_1.15_3
GEN_13_FIT_0.895218985567789_0.8969481602106668_0.9133864252726636_SIZE_1_1.15_3
GEN_14_FIT_0.895218985567789_0.8986773348535447_0.9133864252726636_SIZE_1_1.3_3
GEN_15_FIT_0.895218985567789_0.8977699670321861_0.9134065085503693_SIZE_1_1.2_3
GEN_16_FIT_0.895218985567789_0.8977710227465578_0.9134276228378044_SIZE_1_1.2_3
GEN_17_FIT_0.895218985567789_0.8986814546100585_0.9134276228378044_SIZE_1_1.3_3
GEN_18_FIT_0.895218985567789_0.8986814546100585_0.9134276228378044_SIZE_1_1.3_3
GEN_19_FIT_0.895218985567789_0.8986814546100585_0.9134276228378044_SIZE_1_1.3_3
GEN_20_FIT_0.895218985567789_0.8969823092493734_0.9135493556278238_SIZE_1_1.15_3
Evaluating in sample:
[GEN_20|make_tuple(0.5575192147727502, 5, 6)|0.8952]
[GEN_20|make_tuple(0.6346849250861702, pow(0.009201697147070328, 0.09318092432147357), 5)|0.9122]
[GEN_20|make_tuple(expit(0.446413965711395), pow(0.009409613784093038, 0.09309919723780702), 5)|0.9135]
Evaluating out-of-sample:
[GEN_20|make_tuple(0.5575192147727502, 5, 6)|0.9976]
[GEN_20|make_tuple(0.6346849250861702, pow(0.009201697147070328, 0.09318092432147357), 5)|0.9892]
[GEN_20|make_tuple(expit(0.446413965711395), pow(0.009409613784093038, 0.09309919723780702), 5)|0.9893]
GEN_21_FIT_0.895218985567789_0.898745632930958_0.9135493556278238_SIZE_1_1.3_3
GEN_22_FIT_0.895218985567789_0.897835913068328_0.9136853284352621_SIZE_1_1.2_3
GEN_23_FIT_0.895218985567789_0.8987592302117019_0.9136853284352621_SIZE_1_1.3_3
GEN_24_FIT_0.895218985567789_0.8987592302117019_0.9136853284352621_SIZE_1_1.3_3
GEN_25_FIT_0.895218985567789_0.897073274336984_0.9138129398284854_SIZE_1_1.15_3
GEN_26_FIT_0.895218985567789_0.897997865393144_0.9138129398284854_SIZE_1_1.2_3
GEN_27_FIT_0.895218985567789_0.8980225243106374_0.914306118178356_SIZE_1_1.2_3
GEN_28_FIT_0.895218985567789_0.8989768809411661_0.914306118178356_SIZE_1_1.3_3
GEN_29_FIT_0.895218985567789_0.8989768809411661_0.914306118178356_SIZE_1_1.3_3
GEN_30_FIT_0.895218985567789_0.8989768809411661_0.914306118178356_SIZE_1_1.3_3
GEN_31_FIT_0.895218985567789_0.904581130592615_0.914306118178356_SIZE_1_1.7_3
GEN_32_FIT_0.8953300761684818_0.9130596603341807_0.914306118178356_SIZE_1_2.4_3
GEN_33_FIT_0.8953300761684818_0.9123489828286322_0.914306118178356_SIZE_1_2.7_3
GEN_34_FIT_0.8953300761684818_0.9123489828286322_0.914306118178356_SIZE_1_2.7_3
GEN_35_FIT_0.8953300761684818_0.9091464619376802_0.9143275642372988_SIZE_1_1.8_3
GEN_36_FIT_0.8952634138280365_0.9008970261874547_0.9143275642372988_SIZE_1_1.4_3
GEN_37_FIT_0.8953300761684818_0.8990700247892175_0.9143275642372988_SIZE_1_1.3_3
GEN_38_FIT_0.8953300761684818_0.8990700247892175_0.9143275642372988_SIZE_1_1.3_3
GEN_39_FIT_0.8953300761684818_0.902763036779521_0.9143275642372988_SIZE_1_1.6_3
GEN_40_FIT_0.8953300761684818_0.9111789634565243_0.9143275642372988_SIZE_1_2.3_3
Evaluating in sample:
[GEN_40|make_tuple(0.5058821940583043, 5, 6)|0.8954]
[GEN_40|make_tuple(0.6075486258748292, pow(0.009201697147070328, 0.09318092432147357), 5)|0.9137]
[GEN_40|make_tuple(0.6075486258748292, pow(0.009201697147070328, 0.09318092432147357), add(0.0009803037038653502, 5))|0.9143]
Evaluating out-of-sample:
[GEN_40|make_tuple(0.5058821940583043, 5, 6)|0.9952]
[GEN_40|make_tuple(0.6075486258748292, pow(0.009201697147070328, 0.09318092432147357), 5)|0.9896]
[GEN_40|make_tuple(0.6075486258748292, pow(0.009201697147070328, 0.09318092432147357), add(0.0009803037038653502, 5))|0.9897]
GEN_41_FIT_0.8953604498208411_0.9123713038026253_0.9143275642372988_SIZE_1_2.7_3
GEN_42_FIT_0.8953604498208411_0.9123713038026253_0.9143275642372988_SIZE_1_2.7_3
GEN_43_FIT_0.8953604498208411_0.9123713038026253_0.9143275642372988_SIZE_1_2.7_3
GEN_44_FIT_0.8953604498208411_0.911006690921577_0.9143392800566753_SIZE_1_1.9_3
GEN_45_FIT_0.8948735639459628_0.9046085689770935_0.9143392800566753_SIZE_1_1.65_3
GEN_46_FIT_0.8953604498208411_0.9093893482341253_0.9143392800566753_SIZE_1_2.15_3
GEN_47_FIT_0.8953604498208411_0.9095186443775581_0.9143392800566753_SIZE_1_2.4_4
GEN_48_FIT_0.8953604498208411_0.9000540196668574_0.9143870841089008_SIZE_1_1.35_3
GEN_49_FIT_0.8954248234416913_0.8991571369754003_0.9143870841089008_SIZE_1_1.3_3
GEN_50_FIT_0.8954248234416913_0.8982091191143363_0.9143889875548289_SIZE_1_1.2_3
GEN_51_FIT_0.8954248234416913_0.8982098038610774_0.9144026824896497_SIZE_1_1.2_3
GEN_52_FIT_0.8954248234416913_0.8982098038610774_0.9144026824896497_SIZE_1_1.2_3
GEN_53_FIT_0.8954248234416913_0.9010264921037354_0.9144026824896497_SIZE_1_1.45_3
GEN_54_FIT_0.8954248234416913_0.9084978829297039_0.9144026824896497_SIZE_1_2.1_4
GEN_55_FIT_0.8954313128360959_0.9124449153557828_0.9144026824896497_SIZE_1_2.7_3
GEN_56_FIT_0.8954313128360959_0.9124449153557828_0.9144026824896497_SIZE_1_2.7_3
GEN_57_FIT_0.8954313128360959_0.9124449153557828_0.9144026824896497_SIZE_1_2.7_3
GEN_58_FIT_0.8954313128360959_0.9083172479877575_0.9144041322796609_SIZE_1_1.75_3
GEN_59_FIT_0.8954313128360959_0.9055928753662486_0.9144041322796609_SIZE_1_1.65_3
GEN_60_FIT_0.8954313128360959_0.8991651015772959_0.9144041322796609_SIZE_1_1.3_3
Evaluating in sample:
[GEN_60|make_tuple(0.5068393851394656, 142, 6)|0.8954]
[GEN_60|make_tuple(0.616630147863792, pow(0.009152161092587976, 0.09318092432147357), 5)|0.9138]
[GEN_60|make_tuple(0.6202865570775496, pow(0.009152161092587976, 0.09318092432147357), add(0.034486994546041545, 5))|0.9144]
Evaluating out-of-sample:
[GEN_60|make_tuple(0.5068393851394656, 142, 6)|0.9952]
[GEN_60|make_tuple(0.616630147863792, pow(0.009152161092587976, 0.09318092432147357), 5)|0.9893]
[GEN_60|make_tuple(0.6202865570775496, pow(0.009152161092587976, 0.09318092432147357), add(0.034486994546041545, 5))|0.9892]
GEN_61_FIT_0.8954313128360959_0.8991651015772959_0.9144041322796609_SIZE_1_1.3_3
GEN_62_FIT_0.8954313128360959_0.8991651015772959_0.9144041322796609_SIZE_1_1.3_3
GEN_63_FIT_0.8954313128360959_0.8991651015772959_0.9144041322796609_SIZE_1_1.3_3
GEN_64_FIT_0.8954313128360959_0.8991651015772959_0.9144041322796609_SIZE_1_1.3_3
GEN_65_FIT_0.8954313128360959_0.8991651015772959_0.9144041322796609_SIZE_1_1.3_3
GEN_66_FIT_0.8954313128360959_0.8991651015772959_0.9144041322796609_SIZE_1_1.3_3
GEN_67_FIT_0.8954313128360959_0.8991651015772959_0.9144041322796609_SIZE_1_1.3_3
GEN_68_FIT_0.8954313128360959_0.8991651015772959_0.9144041322796609_SIZE_1_1.3_3
GEN_69_FIT_0.8954313128360959_0.8991651015772959_0.9144041322796609_SIZE_1_1.3_3
GEN_70_FIT_0.8954313128360959_0.8991651015772959_0.9144041322796609_SIZE_1_1.3_3
GEN_71_FIT_0.8954313128360959_0.8991651015772959_0.9144041322796609_SIZE_1_1.3_3
GEN_72_FIT_0.8954313128360959_0.8991651015772959_0.9144041322796609_SIZE_1_1.3_3
GEN_73_FIT_0.8954313128360959_0.8991651015772959_0.9144041322796609_SIZE_1_1.3_3
GEN_74_FIT_0.8954313128360959_0.8991651015772959_0.9144041322796609_SIZE_1_1.3_3
GEN_75_FIT_0.8954313128360959_0.8991651015772959_0.9144041322796609_SIZE_1_1.3_3
GEN_76_FIT_0.8954313128360959_0.8991651015772959_0.9144041322796609_SIZE_1_1.3_3
GEN_77_FIT_0.8954313128360959_0.8991651015772959_0.9144041322796609_SIZE_1_1.3_3
GEN_78_FIT_0.8954313128360959_0.8991651015772959_0.9144041322796609_SIZE_1_1.3_3
GEN_79_FIT_0.8954313128360959_0.8991651015772959_0.9144041322796609_SIZE_1_1.3_3
Evaluating in sample:
[GEN_79|make_tuple(0.5068393851394656, 142, 6)|0.8954]
[GEN_79|make_tuple(0.616630147863792, pow(0.009152161092587976, 0.09318092432147357), 5)|0.9138]
[GEN_79|make_tuple(0.6202865570775496, pow(0.009152161092587976, 0.09318092432147357), add(0.034486994546041545, 5))|0.9144]
Evaluating out-of-sample:
[GEN_79|make_tuple(0.5068393851394656, 142, 6)|0.9952]
[GEN_79|make_tuple(0.616630147863792, pow(0.009152161092587976, 0.09318092432147357), 5)|0.9893]
[GEN_79|make_tuple(0.6202865570775496, pow(0.009152161092587976, 0.09318092432147357), add(0.034486994546041545, 5))|0.9892]
Stopped early in iteration 79, no improvement in 20 gens.
START_TASK: 6
GEN_0_FIT_0.8687561050951027_0.8806561331933278_0.9007373603462977_SIZE_1_3.35_9
GEN_1_FIT_0.8694518495962086_0.8865932292860155_0.9042316552099812_SIZE_1_3.5_9
GEN_2_FIT_0.8694518495962086_0.8861561871933296_0.9042316552099812_SIZE_1_3.6_10
GEN_3_FIT_0.8699098645176562_0.8781600714567303_0.9046354312038916_SIZE_1_1.85_9
GEN_4_FIT_0.8699098645176562_0.8782611106106055_0.9046354312038916_SIZE_1_2.0_8
GEN_5_FIT_0.8699098645176562_0.8767982217242235_0.9046354312038916_SIZE_1_2.0_8
GEN_6_FIT_0.8699098645176562_0.875013549390464_0.9046354312038916_SIZE_1_1.35_6
GEN_7_FIT_0.8699098645176562_0.87333743119778_0.9046354312038916_SIZE_1_1.3_6
GEN_8_FIT_0.8699098645176562_0.8767649978779039_0.9046354312038916_SIZE_1_1.6_6
GEN_9_FIT_0.8699098645176562_0.875028719543592_0.9046354312038916_SIZE_1_1.3_5
GEN_10_FIT_0.8699098645176562_0.8767649978779039_0.9046354312038916_SIZE_1_1.5_5
GEN_11_FIT_0.8699098645176562_0.875028719543592_0.9046354312038916_SIZE_1_1.25_4
GEN_12_FIT_0.8699098645176562_0.876812206604272_0.9051075184675742_SIZE_1_1.4_4
GEN_13_FIT_0.8699098645176562_0.8750687164513066_0.9054353693581826_SIZE_1_1.25_4
GEN_14_FIT_0.8699098645176562_0.8751523333036069_0.9071077064041885_SIZE_1_1.25_4
GEN_15_FIT_0.8699098645176562_0.8770287470301529_0.9096387852318609_SIZE_1_1.35_4
GEN_16_FIT_0.8699098645176562_0.8772032847660339_0.9096387852318609_SIZE_1_1.35_4
GEN_17_FIT_0.8699098645176562_0.8792042755566442_0.9099296803298604_SIZE_1_1.55_5
GEN_18_FIT_0.8699098645176562_0.8753294238432963_0.9106495171979758_SIZE_1_1.2_3
GEN_19_FIT_0.8699098645176562_0.8773664064773122_0.9106495171979758_SIZE_1_1.3_3
GEN_20_FIT_0.8699098645176562_0.8773664064773122_0.9106495171979758_SIZE_1_1.3_3
Evaluating in sample:
[GEN_20|make_tuple(146, 39, 5)|0.8699]
[GEN_20|make_tuple(314, expit(0.11402341746968328), 5)|0.9037]
[GEN_20|make_tuple(expit(1), pow(0.15177758825108728, 0.23261002979981063), 5)|0.9106]
Evaluating out-of-sample:
[GEN_20|make_tuple(146, 39, 5)|0.9319]
[GEN_20|make_tuple(314, expit(0.11402341746968328), 5)|0.9936]
[GEN_20|make_tuple(expit(1), pow(0.15177758825108728, 0.23261002979981063), 5)|0.9932]
GEN_21_FIT_0.8699098645176562_0.8773664064773122_0.9106495171979758_SIZE_1_1.3_3
GEN_22_FIT_0.8699098645176562_0.8773664064773122_0.9106495171979758_SIZE_1_1.3_3
GEN_23_FIT_0.8699098645176562_0.8773664064773122_0.9106495171979758_SIZE_1_1.3_3
GEN_24_FIT_0.8699098645176562_0.8773664064773122_0.9106495171979758_SIZE_1_1.3_3
GEN_25_FIT_0.8699098645176562_0.8773664064773122_0.9106495171979758_SIZE_1_1.3_3
GEN_26_FIT_0.8699098645176562_0.8773664064773122_0.9106495171979758_SIZE_1_1.3_3
GEN_27_FIT_0.8699098645176562_0.8773664064773122_0.9106495171979758_SIZE_1_1.3_3
GEN_28_FIT_0.8699098645176562_0.875336596553252_0.9107929713970915_SIZE_1_1.2_3
GEN_29_FIT_0.8699098645176562_0.8773807518972238_0.9107929713970915_SIZE_1_1.3_3
GEN_30_FIT_0.8699098645176562_0.8773807518972238_0.9107929713970915_SIZE_1_1.3_3
GEN_31_FIT_0.8699098645176562_0.8773807518972238_0.9107929713970915_SIZE_1_1.3_3
GEN_32_FIT_0.8699098645176562_0.8773807518972238_0.9107929713970915_SIZE_1_1.3_3
GEN_33_FIT_0.8699098645176562_0.8773807518972238_0.9107929713970915_SIZE_1_1.3_3
GEN_34_FIT_0.8699098645176562_0.8773807518972238_0.9107929713970915_SIZE_1_1.3_3
GEN_35_FIT_0.8699098645176562_0.8773807518972238_0.9107929713970915_SIZE_1_1.3_3
GEN_36_FIT_0.8699098645176562_0.8773807518972238_0.9107929713970915_SIZE_1_1.3_3
GEN_37_FIT_0.8699098645176562_0.8773807518972238_0.9107929713970915_SIZE_1_1.3_3
GEN_38_FIT_0.8699098645176562_0.8773807518972238_0.9107929713970915_SIZE_1_1.3_3
GEN_39_FIT_0.8699098645176562_0.8773807518972238_0.9107929713970915_SIZE_1_1.3_3
GEN_40_FIT_0.8699098645176562_0.8773807518972238_0.9107929713970915_SIZE_1_1.3_3
Evaluating in sample:
[GEN_40|make_tuple(146, 39, 5)|0.8699]
[GEN_40|make_tuple(314, expit(0.11402341746968328), 5)|0.9037]
[GEN_40|make_tuple(expit(1), pow(0.15177758825108728, 0.23261002979981063), 6)|0.9108]
Evaluating out-of-sample:
[GEN_40|make_tuple(146, 39, 5)|0.9319]
[GEN_40|make_tuple(314, expit(0.11402341746968328), 5)|0.9936]
[GEN_40|make_tuple(expit(1), pow(0.15177758825108728, 0.23261002979981063), 6)|0.9895]
GEN_41_FIT_0.8699098645176562_0.8773807518972238_0.9107929713970915_SIZE_1_1.3_3
GEN_42_FIT_0.8699098645176562_0.8773807518972238_0.9107929713970915_SIZE_1_1.3_3
GEN_43_FIT_0.8699098645176562_0.8773807518972238_0.9107929713970915_SIZE_1_1.3_3
GEN_44_FIT_0.8699098645176562_0.8773807518972238_0.9107929713970915_SIZE_1_1.3_3
GEN_45_FIT_0.8699098645176562_0.8756907580104203_0.9107929713970915_SIZE_1_1.25_3
GEN_46_FIT_0.8699098645176562_0.8756907580104203_0.9107929713970915_SIZE_1_1.25_3
GEN_47_FIT_0.8699098645176562_0.8773833408152409_0.9107929713970915_SIZE_1_1.3_3
GEN_48_FIT_0.8699098645176562_0.8773833408152409_0.9107929713970915_SIZE_1_1.3_3
GEN_49_FIT_0.8699098645176562_0.8773833408152409_0.9107929713970915_SIZE_1_1.3_3
Evaluating in sample:
[GEN_49|make_tuple(146, 39, 5)|0.8699]
[GEN_49|make_tuple(314, expit(0.3888009184002337), 5)|0.9038]
[GEN_49|make_tuple(expit(1), pow(0.15177758825108728, 0.23261002979981063), 6)|0.9108]
Evaluating out-of-sample:
[GEN_49|make_tuple(146, 39, 5)|0.9319]
[GEN_49|make_tuple(314, expit(0.3888009184002337), 5)|0.9927]
[GEN_49|make_tuple(expit(1), pow(0.15177758825108728, 0.23261002979981063), 6)|0.9895]
Stopped early in iteration 49, no improvement in 20 gens.
START_TASK: 11
GEN_0_FIT_0.8885845909443254_0.8973292347432954_0.9110455846770014_SIZE_1_4.9_10
GEN_1_FIT_0.890748946820195_0.9031233629741966_0.9110455846770014_SIZE_1_3.7_10
GEN_2_FIT_0.8914520651583653_0.8985086014373124_0.9128507616740381_SIZE_1_2.5_10
GEN_3_FIT_0.8927248318824692_0.9042628560787047_0.9131051308977437_SIZE_1_2.95_10
GEN_4_FIT_0.8929896849062674_0.907714960024164_0.9142533520103155_SIZE_1_3.85_9
GEN_5_FIT_0.893089740307846_0.9073430897093994_0.9142533520103155_SIZE_1_3.35_7
GEN_6_FIT_0.8955008552444863_0.9120778864798963_0.9143993401907307_SIZE_1_3.75_8
GEN_7_FIT_0.8955008552444863_0.9083331495938751_0.9143993401907307_SIZE_1_3.5_8
GEN_8_FIT_0.8961880078510689_0.910577657856722_0.9143993401907307_SIZE_1_2.75_7
GEN_9_FIT_0.8961880078510689_0.9104227713971692_0.9143993401907307_SIZE_1_3.15_7
GEN_10_FIT_0.8963517547598226_0.9123935607867256_0.9143993401907307_SIZE_1_2.95_5
GEN_11_FIT_0.8962682289800495_0.9089042585908423_0.9144236970491502_SIZE_1_2.2_5
GEN_12_FIT_0.8962682289800495_0.9063368157522784_0.9144236970491502_SIZE_1_1.8_4
GEN_13_FIT_0.8963517547598226_0.9005850976347706_0.9144236970491502_SIZE_1_1.35_3
GEN_14_FIT_0.8963517547598226_0.8997763814194322_0.9144236970491502_SIZE_1_1.3_3
GEN_15_FIT_0.8963517547598226_0.8997763814194322_0.9144236970491502_SIZE_1_1.3_3
GEN_16_FIT_0.8963517547598226_0.8997763814194322_0.9144236970491502_SIZE_1_1.3_3
GEN_17_FIT_0.8963517547598226_0.8997763814194322_0.9144236970491502_SIZE_1_1.3_3
GEN_18_FIT_0.8963517547598226_0.8997763814194322_0.9144236970491502_SIZE_1_1.3_3
GEN_19_FIT_0.8963517547598226_0.8997763814194322_0.9144236970491502_SIZE_1_1.3_3
GEN_20_FIT_0.8963517547598226_0.8997763814194322_0.9144236970491502_SIZE_1_1.3_3
Evaluating in sample:
[GEN_20|make_tuple(0.5561969902362832, 59, 6)|0.8964]
[GEN_20|make_tuple(0.6303698208345412, expit(0.39587150749663913), 5)|0.9125]
[GEN_20|make_tuple(0.607364002951843, expit(expit(0.4058529153513136)), 5)|0.9144]
Evaluating out-of-sample:
[GEN_20|make_tuple(0.5561969902362832, 59, 6)|0.8617]
[GEN_20|make_tuple(0.6303698208345412, expit(0.39587150749663913), 5)|0.9145]
[GEN_20|make_tuple(0.607364002951843, expit(expit(0.4058529153513136)), 5)|0.9089]
GEN_21_FIT_0.8963517547598226_0.8997763814194322_0.9144236970491502_SIZE_1_1.3_3
GEN_22_FIT_0.8963517547598226_0.8997763814194322_0.9144236970491502_SIZE_1_1.3_3
GEN_23_FIT_0.8963517547598226_0.8997763814194322_0.9144236970491502_SIZE_1_1.3_3
GEN_24_FIT_0.8963517547598226_0.8997763814194322_0.9144236970491502_SIZE_1_1.3_3
GEN_25_FIT_0.8963517547598226_0.8997763814194322_0.9144236970491502_SIZE_1_1.3_3
GEN_26_FIT_0.8963517547598226_0.8997763814194322_0.9144236970491502_SIZE_1_1.3_3
GEN_27_FIT_0.8963517547598226_0.8990298342131833_0.9144236970491502_SIZE_1_1.25_3
GEN_28_FIT_0.8963517547598226_0.8990374589792911_0.9144236970491502_SIZE_1_1.25_3
GEN_29_FIT_0.8963517547598226_0.8999159689698267_0.9144236970491502_SIZE_1_1.3_3
GEN_30_FIT_0.8963517547598226_0.8999159689698267_0.9144236970491502_SIZE_1_1.3_3
GEN_31_FIT_0.8963517547598226_0.8999159689698267_0.9144236970491502_SIZE_1_1.3_3
GEN_32_FIT_0.8963517547598226_0.8999159689698267_0.9144236970491502_SIZE_1_1.3_3
Evaluating in sample:
[GEN_32|make_tuple(0.5561969902362832, 59, 6)|0.8964]
[GEN_32|make_tuple(0.607364002951843, expit(0.5899058779425225), 5)|0.9139]
[GEN_32|make_tuple(0.607364002951843, expit(expit(0.4058529153513136)), 5)|0.9144]
Evaluating out-of-sample:
[GEN_32|make_tuple(0.5561969902362832, 59, 6)|0.8617]
[GEN_32|make_tuple(0.607364002951843, expit(0.5899058779425225), 5)|0.9124]
[GEN_32|make_tuple(0.607364002951843, expit(expit(0.4058529153513136)), 5)|0.9089]
Stopped early in iteration 32, no improvement in 20 gens.
START_TASK: 12
GEN_0_FIT_0.8691436809149854_0.8827478911149417_0.8989996310401586_SIZE_1_3.75_10
GEN_1_FIT_0.8706349253446896_0.8819664447998171_0.9044874423531507_SIZE_1_2.0_4
GEN_2_FIT_0.8747498345206888_0.8972580696264723_0.9066127481903284_SIZE_1_2.6_4
GEN_3_FIT_0.8770433578428167_0.8974305373427474_0.9080592593483262_SIZE_1_2.0_3
GEN_4_FIT_0.8848126727099822_0.9000060078765719_0.9091081796832426_SIZE_1_1.85_3
GEN_5_FIT_0.8893046229618049_0.8982149440264845_0.9091081796832426_SIZE_1_1.65_3
GEN_6_FIT_0.8906397492199817_0.905131588221672_0.9125160274619298_SIZE_1_2.2_3
GEN_7_FIT_0.8910092448902535_0.9012965148908334_0.9129891166732095_SIZE_1_1.7_3
GEN_8_FIT_0.8925578523705215_0.9020015690311464_0.9133256109326181_SIZE_1_1.5_3
GEN_9_FIT_0.8951514178368019_0.9006603764263261_0.9133256109326181_SIZE_1_1.35_3
GEN_10_FIT_0.8953508289419861_0.9025564548038976_0.9133256109326181_SIZE_1_1.5_3
GEN_11_FIT_0.8954926205650141_0.9062184323755303_0.9133256109326181_SIZE_1_1.65_3
GEN_12_FIT_0.8955669565363107_0.9115546120176823_0.913422941426518_SIZE_1_1.95_3
GEN_13_FIT_0.8918358988386393_0.9058605330709455_0.9134580737710681_SIZE_1_1.65_3
GEN_14_FIT_0.8954926205650141_0.8973590711221651_0.9135895184322231_SIZE_1_1.15_3
GEN_15_FIT_0.8955669565363107_0.8973627879207298_0.9135895184322231_SIZE_1_1.15_3
GEN_16_FIT_0.8955669565363107_0.8982639160155254_0.9135895184322231_SIZE_1_1.25_3
GEN_17_FIT_0.8955669565363107_0.8982639160155254_0.9135895184322231_SIZE_1_1.25_3
GEN_18_FIT_0.8955669565363107_0.899158619305149_0.9135895184322231_SIZE_1_1.3_3
GEN_19_FIT_0.8955669565363107_0.899158619305149_0.9135895184322231_SIZE_1_1.3_3
GEN_20_FIT_0.8955669565363107_0.9008657603681465_0.9135895184322231_SIZE_1_1.4_3
Evaluating in sample:
[GEN_20|make_tuple(0.5068959644118356, 3, 6)|0.8957]
[GEN_20|make_tuple(0.6297446623716292, pow(0.0060877892625205016, 0.0856163537636266), 5)|0.9135]
[GEN_20|make_tuple(sub(0.6297446623716292, 0.01426677350296415), pow(0.0060877892625205016, 0.08604564274192132), 5)|0.9136]
Evaluating out-of-sample:
[GEN_20|make_tuple(0.5068959644118356, 3, 6)|0.9634]
[GEN_20|make_tuple(0.6297446623716292, pow(0.0060877892625205016, 0.0856163537636266), 5)|0.9927]
[GEN_20|make_tuple(sub(0.6297446623716292, 0.01426677350296415), pow(0.0060877892625205016, 0.08604564274192132), 5)|0.9927]
GEN_21_FIT_0.8955669565363107_0.900077649946474_0.9136840319277136_SIZE_1_1.35_3
GEN_22_FIT_0.8955669565363107_0.9019288881008789_0.9136840319277136_SIZE_1_1.45_3
GEN_23_FIT_0.8956987252538594_0.8983986454467237_0.913726515763437_SIZE_1_1.2_3
GEN_24_FIT_0.8956987252538594_0.8983986454467237_0.913726515763437_SIZE_1_1.2_3
GEN_25_FIT_0.8956987252538594_0.8984013122165987_0.913726515763437_SIZE_1_1.25_3
GEN_26_FIT_0.8956987252538594_0.898402303519523_0.9137779740958676_SIZE_1_1.2_3
GEN_27_FIT_0.8956987252538594_0.898402303519523_0.9137779740958676_SIZE_1_1.2_3
GEN_28_FIT_0.8956987252538594_0.8993062659616236_0.9137779740958676_SIZE_1_1.3_3
GEN_29_FIT_0.8956987252538594_0.8993062659616236_0.9137779740958676_SIZE_1_1.3_3
GEN_30_FIT_0.8956987252538594_0.8993062659616236_0.9137779740958676_SIZE_1_1.3_3
GEN_31_FIT_0.8956987252538594_0.8993062659616236_0.9137779740958676_SIZE_1_1.3_3
GEN_32_FIT_0.8956987252538594_0.8993062659616236_0.9137779740958676_SIZE_1_1.3_3
GEN_33_FIT_0.8956987252538594_0.8993062659616236_0.9137779740958676_SIZE_1_1.3_3
GEN_34_FIT_0.8956987252538594_0.8993062659616236_0.9137779740958676_SIZE_1_1.3_3
GEN_35_FIT_0.8956987252538594_0.8993062659616236_0.9137779740958676_SIZE_1_1.3_3
GEN_36_FIT_0.8956987252538594_0.8966032578751643_0.9137893776799569_SIZE_1_1.05_2
GEN_37_FIT_0.8956987252538594_0.897507790496469_0.9137893776799569_SIZE_1_1.1_2
GEN_38_FIT_0.8956987252538594_0.897507790496469_0.9137893776799569_SIZE_1_1.1_2
GEN_39_FIT_0.8956987252538594_0.897507790496469_0.9137893776799569_SIZE_1_1.1_2
GEN_40_FIT_0.8956987252538594_0.897507790496469_0.9137893776799569_SIZE_1_1.1_2
Evaluating in sample:
[GEN_40|make_tuple(0.5068959644118356, 3, 6)|0.8957]
[GEN_40|make_tuple(0.616700551414444, pow(0.006211024047056774, 0.08604564274192132), 5)|0.9138]
Evaluating out-of-sample:
[GEN_40|make_tuple(0.5068959644118356, 3, 6)|0.9634]
[GEN_40|make_tuple(0.616700551414444, pow(0.006211024047056774, 0.08604564274192132), 5)|0.9928]
GEN_41_FIT_0.8956987252538594_0.897507790496469_0.9137893776799569_SIZE_1_1.1_2
GEN_42_FIT_0.8956987252538594_0.897507790496469_0.9137893776799569_SIZE_1_1.1_2
GEN_43_FIT_0.8956987252538594_0.897507790496469_0.9137893776799569_SIZE_1_1.1_2
GEN_44_FIT_0.8956987252538594_0.897507790496469_0.9137893776799569_SIZE_1_1.1_2
GEN_45_FIT_0.8956987252538594_0.897507790496469_0.9137893776799569_SIZE_1_1.1_2
GEN_46_FIT_0.8956987252538594_0.897507790496469_0.9137893776799569_SIZE_1_1.1_2
GEN_47_FIT_0.8956987252538594_0.897507790496469_0.9137893776799569_SIZE_1_1.1_2
GEN_48_FIT_0.8956987252538594_0.897507790496469_0.9137893776799569_SIZE_1_1.1_2
GEN_49_FIT_0.8956987252538594_0.897507790496469_0.9137893776799569_SIZE_1_1.1_2
GEN_50_FIT_0.8956987252538594_0.897507790496469_0.9137893776799569_SIZE_1_1.1_2
GEN_51_FIT_0.8956987252538594_0.897507790496469_0.9137893776799569_SIZE_1_1.1_2
GEN_52_FIT_0.8956987252538594_0.897507790496469_0.9137893776799569_SIZE_1_1.1_2
GEN_53_FIT_0.8956987252538594_0.897507790496469_0.9137893776799569_SIZE_1_1.1_2
GEN_54_FIT_0.8956987252538594_0.897507790496469_0.9137893776799569_SIZE_1_1.1_2
GEN_55_FIT_0.8956987252538594_0.897507790496469_0.9137893776799569_SIZE_1_1.1_2
GEN_56_FIT_0.8956987252538594_0.897507790496469_0.9137893776799569_SIZE_1_1.1_2
GEN_57_FIT_0.8956987252538594_0.897507790496469_0.9137893776799569_SIZE_1_1.1_2
Evaluating in sample:
[GEN_57|make_tuple(0.5068959644118356, 3, 6)|0.8957]
[GEN_57|make_tuple(0.616700551414444, pow(0.006211024047056774, 0.08604564274192132), 5)|0.9138]
Evaluating out-of-sample:
[GEN_57|make_tuple(0.5068959644118356, 3, 6)|0.9634]
[GEN_57|make_tuple(0.616700551414444, pow(0.006211024047056774, 0.08604564274192132), 5)|0.9928]
Stopped early in iteration 57, no improvement in 20 gens.
START_TASK: 14
GEN_0_FIT_0.8692262294326737_0.8876722281639798_0.9041437862133296_SIZE_1_5.1_10
GEN_1_FIT_0.888164346347537_0.8975659312021349_0.9062263223936781_SIZE_1_4.45_8
GEN_2_FIT_0.8906887585965191_0.8992769398946348_0.9068026808351713_SIZE_1_3.35_8
GEN_3_FIT_0.8917685163382484_0.8977696212999243_0.9088701322089153_SIZE_1_1.9_5
GEN_4_FIT_0.8923109652827775_0.8991979615175643_0.9100106777614757_SIZE_1_1.9_5
GEN_5_FIT_0.8934019835308549_0.9044230916635309_0.9105824710575855_SIZE_1_2.2_4
GEN_6_FIT_0.8936621409765205_0.9029422056101124_0.9107772123474871_SIZE_1_1.9_5
GEN_7_FIT_0.8940682623659167_0.9074381780787254_0.9108999960607908_SIZE_1_2.5_5
GEN_8_FIT_0.8937251741777197_0.9010816456763886_0.9115680715025493_SIZE_1_1.75_5
GEN_9_FIT_0.8948120753534808_0.8998948189359572_0.9120671484183623_SIZE_1_1.55_6
GEN_10_FIT_0.894857150877476_0.9049998199702056_0.9120671484183623_SIZE_1_2.2_6
GEN_11_FIT_0.8950459087329592_0.9068739279683926_0.9131591495332226_SIZE_1_2.5_6
GEN_12_FIT_0.8952825862807092_0.9098473171127681_0.913412590132128_SIZE_1_2.85_7
GEN_13_FIT_0.895625358915506_0.906931343429554_0.913412590132128_SIZE_1_3.35_7
GEN_14_FIT_0.895625358915506_0.9017437348166328_0.9135879821070544_SIZE_1_2.15_7
GEN_15_FIT_0.8956917197853842_0.8991839105750266_0.9135879821070544_SIZE_1_1.75_7
GEN_16_FIT_0.8956917197853842_0.8982140212656999_0.9136310368525952_SIZE_1_1.2_3
GEN_17_FIT_0.8956917197853842_0.8982140212656999_0.9136310368525952_SIZE_1_1.2_3
GEN_18_FIT_0.8956917197853842_0.898218225013618_0.9137151118109597_SIZE_1_1.2_3
GEN_19_FIT_0.8956917197853842_0.898218225013618_0.9137151118109597_SIZE_1_1.2_3
GEN_20_FIT_0.8956917197853842_0.8991193946148968_0.9137151118109597_SIZE_1_1.3_3
Evaluating in sample:
[GEN_20|make_tuple(0.5055589017218985, 326, 6)|0.8957]
[GEN_20|make_tuple(0.6214336678655497, expit(0.3959428216972937), 5)|0.9119]
[GEN_20|make_tuple(0.6214336678655497, expit(expit(0.40779640417212115)), 5)|0.9137]
Evaluating out-of-sample:
[GEN_20|make_tuple(0.5055589017218985, 326, 6)|0.9524]
[GEN_20|make_tuple(0.6214336678655497, expit(0.3959428216972937), 5)|0.9876]
[GEN_20|make_tuple(0.6214336678655497, expit(expit(0.40779640417212115)), 5)|0.9886]
GEN_21_FIT_0.8956917197853842_0.8991193946148968_0.9137151118109597_SIZE_1_1.3_3
GEN_22_FIT_0.8956917197853842_0.8991193946148968_0.9137151118109597_SIZE_1_1.3_3
GEN_23_FIT_0.8956917197853842_0.8991193946148968_0.9137151118109597_SIZE_1_1.3_3
GEN_24_FIT_0.8956917197853842_0.9033377832147927_0.9137151118109597_SIZE_1_1.65_3
GEN_25_FIT_0.8956917197853842_0.9092176449736472_0.9137151118109597_SIZE_1_2.1_3
GEN_26_FIT_0.8957933018186588_0.9115689236605251_0.9137151118109597_SIZE_1_2.6_3
GEN_27_FIT_0.8957933018186588_0.9117459272361271_0.9137151118109597_SIZE_1_2.7_3
GEN_28_FIT_0.8957933018186588_0.9117459272361271_0.9137151118109597_SIZE_1_2.7_3
GEN_29_FIT_0.8957933018186588_0.9117459272361271_0.9137151118109597_SIZE_1_2.7_3
GEN_30_FIT_0.8957933018186588_0.9117459272361271_0.9137151118109597_SIZE_1_2.7_3
GEN_31_FIT_0.8956499437007613_0.9081410830030137_0.9137430089655347_SIZE_1_1.9_3
GEN_32_FIT_0.8957933018186588_0.9024338048042297_0.9137430089655347_SIZE_1_1.5_3
GEN_33_FIT_0.8957933018186588_0.8992034499569742_0.9137430089655347_SIZE_1_1.3_3
GEN_34_FIT_0.8957933018186588_0.8992034499569742_0.9137430089655347_SIZE_1_1.3_3
GEN_35_FIT_0.8957933018186588_0.8992034499569742_0.9137430089655347_SIZE_1_1.3_3
GEN_36_FIT_0.8957933018186588_0.8992034499569742_0.9137430089655347_SIZE_1_1.3_3
GEN_37_FIT_0.8957933018186588_0.8992034499569742_0.9137430089655347_SIZE_1_1.3_3
GEN_38_FIT_0.8957933018186588_0.8992034499569742_0.9137430089655347_SIZE_1_1.3_3
GEN_39_FIT_0.8957933018186588_0.8983975401205889_0.9137430089655347_SIZE_1_1.25_3
GEN_40_FIT_0.8957933018186588_0.8983975401205889_0.9137430089655347_SIZE_1_1.25_3
Evaluating in sample:
[GEN_40|make_tuple(0.5068465749531524, 326, 6)|0.8958]
[GEN_40|make_tuple(0.6181276588821919, expit(0.3959428216972937), 5)|0.9120]
[GEN_40|make_tuple(0.6157966373702787, expit(expit(0.40779640417212115)), 5)|0.9137]
Evaluating out-of-sample:
[GEN_40|make_tuple(0.5068465749531524, 326, 6)|0.9524]
[GEN_40|make_tuple(0.6181276588821919, expit(0.3959428216972937), 5)|0.9875]
[GEN_40|make_tuple(0.6157966373702787, expit(expit(0.40779640417212115)), 5)|0.9886]
GEN_41_FIT_0.8957933018186588_0.8983975401205889_0.9137430089655347_SIZE_1_1.25_3
GEN_42_FIT_0.8957933018186588_0.8983975401205889_0.9137430089655347_SIZE_1_1.25_3
GEN_43_FIT_0.8957933018186588_0.8992068077078313_0.9137430089655347_SIZE_1_1.3_3
GEN_44_FIT_0.8957933018186588_0.8992068077078313_0.9137430089655347_SIZE_1_1.3_3
GEN_45_FIT_0.8957933018186588_0.8992068077078313_0.9137430089655347_SIZE_1_1.3_3
GEN_46_FIT_0.8957933018186588_0.8992068077078313_0.9137430089655347_SIZE_1_1.3_3
GEN_47_FIT_0.8957933018186588_0.8992068077078313_0.9137430089655347_SIZE_1_1.3_3
GEN_48_FIT_0.8957933018186588_0.8992068077078313_0.9137430089655347_SIZE_1_1.3_3
GEN_49_FIT_0.8957933018186588_0.8992120842070959_0.9137957739581807_SIZE_1_1.3_3
GEN_50_FIT_0.8957933018186588_0.8984028546206917_0.9137957739581807_SIZE_1_1.25_3
GEN_51_FIT_0.8957933018186588_0.8975031756735425_0.9138046671547196_SIZE_1_1.15_3
GEN_52_FIT_0.8957933018186588_0.8975031756735425_0.9138046671547196_SIZE_1_1.15_3
GEN_53_FIT_0.8957933018186588_0.898312481261623_0.9138046671547196_SIZE_1_1.2_3
GEN_54_FIT_0.8957933018186588_0.8992130495284261_0.9138046671547196_SIZE_1_1.3_3
GEN_55_FIT_0.8957933018186588_0.8992130495284261_0.9138046671547196_SIZE_1_1.3_3
GEN_56_FIT_0.8957933018186588_0.8992130495284261_0.9138046671547196_SIZE_1_1.3_3
GEN_57_FIT_0.8957933018186588_0.8992130495284261_0.9138046671547196_SIZE_1_1.3_3
GEN_58_FIT_0.8957933018186588_0.8992130495284261_0.9138046671547196_SIZE_1_1.3_3
GEN_59_FIT_0.8957933018186588_0.8992130495284261_0.9138046671547196_SIZE_1_1.3_3
GEN_60_FIT_0.8957933018186588_0.8992130495284261_0.9138046671547196_SIZE_1_1.3_3
Evaluating in sample:
[GEN_60|make_tuple(0.5068465749531524, 326, 6)|0.8958]
[GEN_60|make_tuple(0.6181276588821919, expit(0.395891279709704), 5)|0.9120]
[GEN_60|make_tuple(0.6181276588821919, expit(expit(0.39831180392918)), 5)|0.9138]
Evaluating out-of-sample:
[GEN_60|make_tuple(0.5068465749531524, 326, 6)|0.9524]
[GEN_60|make_tuple(0.6181276588821919, expit(0.395891279709704), 5)|0.9875]
[GEN_60|make_tuple(0.6181276588821919, expit(expit(0.39831180392918)), 5)|0.9885]
GEN_61_FIT_0.8957933018186588_0.8992130495284261_0.9138046671547196_SIZE_1_1.3_3
GEN_62_FIT_0.8957933018186588_0.8992130495284261_0.9138046671547196_SIZE_1_1.3_3
GEN_63_FIT_0.8957933018186588_0.8992130495284261_0.9138046671547196_SIZE_1_1.3_3
GEN_64_FIT_0.8957933018186588_0.8992130495284261_0.9138046671547196_SIZE_1_1.3_3
GEN_65_FIT_0.8957933018186588_0.8983128589692816_0.9138122213078889_SIZE_1_1.2_3
GEN_66_FIT_0.8957933018186588_0.899213804943743_0.9138122213078889_SIZE_1_1.3_3
GEN_67_FIT_0.8957933018186588_0.899213804943743_0.9138122213078889_SIZE_1_1.3_3
GEN_68_FIT_0.8957933018186588_0.899213804943743_0.9138122213078889_SIZE_1_1.3_3
GEN_69_FIT_0.8957933018186588_0.899213804943743_0.9138122213078889_SIZE_1_1.3_3
GEN_70_FIT_0.8957933018186588_0.899213804943743_0.9138122213078889_SIZE_1_1.3_3
GEN_71_FIT_0.8957933018186588_0.899213804943743_0.9138122213078889_SIZE_1_1.3_3
GEN_72_FIT_0.8957933018186588_0.899213804943743_0.9138122213078889_SIZE_1_1.3_3
GEN_73_FIT_0.8957933018186588_0.899213804943743_0.9138122213078889_SIZE_1_1.3_3
GEN_74_FIT_0.8957933018186588_0.899213804943743_0.9138122213078889_SIZE_1_1.3_3
GEN_75_FIT_0.8957933018186588_0.899213804943743_0.9138122213078889_SIZE_1_1.3_3
GEN_76_FIT_0.8957933018186588_0.899213804943743_0.9138122213078889_SIZE_1_1.3_3
GEN_77_FIT_0.8957933018186588_0.899213804943743_0.9138122213078889_SIZE_1_1.3_3
GEN_78_FIT_0.8957933018186588_0.899213804943743_0.9138122213078889_SIZE_1_1.3_3
GEN_79_FIT_0.8957933018186588_0.899213804943743_0.9138122213078889_SIZE_1_1.3_3
GEN_80_FIT_0.8957933018186588_0.899213804943743_0.9138122213078889_SIZE_1_1.3_3
Evaluating in sample:
[GEN_80|make_tuple(0.5068465749531524, 326, 6)|0.8958]
[GEN_80|make_tuple(0.6181276588821919, expit(0.395891279709704), 5)|0.9120]
[GEN_80|make_tuple(0.6181276588821919, expit(expit(0.4027504739908548)), 5)|0.9138]
Evaluating out-of-sample:
[GEN_80|make_tuple(0.5068465749531524, 326, 6)|0.9524]
[GEN_80|make_tuple(0.6181276588821919, expit(0.395891279709704), 5)|0.9875]
[GEN_80|make_tuple(0.6181276588821919, expit(expit(0.4027504739908548)), 5)|0.9885]
GEN_81_FIT_0.8957933018186588_0.899213804943743_0.9138122213078889_SIZE_1_1.3_3
GEN_82_FIT_0.8957933018186588_0.8984052671595244_0.9138122213078889_SIZE_1_1.25_3
GEN_83_FIT_0.8957933018186588_0.8984052671595244_0.9138122213078889_SIZE_1_1.25_3
GEN_84_FIT_0.8957933018186588_0.8984052671595244_0.9138122213078889_SIZE_1_1.25_3
GEN_85_FIT_0.8957933018186588_0.8992153405514669_0.9138122213078889_SIZE_1_1.3_3
GEN_86_FIT_0.8957933018186588_0.8992153405514669_0.9138122213078889_SIZE_1_1.3_3
Evaluating in sample:
[GEN_86|make_tuple(0.5068465749531524, 326, 6)|0.8958]
[GEN_86|make_tuple(0.6181276588821919, expit(0.3884632941834389), 5)|0.9120]
[GEN_86|make_tuple(0.6181276588821919, expit(expit(0.4027504739908548)), 5)|0.9138]
Evaluating out-of-sample:
[GEN_86|make_tuple(0.5068465749531524, 326, 6)|0.9524]
[GEN_86|make_tuple(0.6181276588821919, expit(0.3884632941834389), 5)|0.9875]
[GEN_86|make_tuple(0.6181276588821919, expit(expit(0.4027504739908548)), 5)|0.9885]
Stopped early in iteration 86, no improvement in 20 gens.
START_TASK: 15
GEN_0_FIT_0.8692825658543071_0.881228572918973_0.9022504665242045_SIZE_1_2.6_10
GEN_1_FIT_0.8780428251846549_0.8907957139301352_0.9022504665242045_SIZE_1_2.55_5
GEN_2_FIT_0.884093169942354_0.8970834085648937_0.9077236856485508_SIZE_1_2.3_4
GEN_3_FIT_0.885015810693831_0.8927525840895699_0.9079278758785803_SIZE_1_1.45_4
GEN_4_FIT_0.8869317486241444_0.8957666054937435_0.9085413911040048_SIZE_1_1.45_3
GEN_5_FIT_0.8869317486241444_0.8965738397189915_0.9087675520161921_SIZE_1_1.65_4
GEN_6_FIT_0.8887482875003069_0.8954046268656588_0.9091538214305458_SIZE_1_1.45_4
GEN_7_FIT_0.8900775725043873_0.8975251756075322_0.9103939017026016_SIZE_1_1.4_3
GEN_8_FIT_0.8920423023490197_0.8969090538227114_0.9114524683868509_SIZE_1_1.3_3
GEN_9_FIT_0.8922399582658985_0.904791979885703_0.9119719202442426_SIZE_1_1.85_3
GEN_10_FIT_0.8942337360289627_0.9058470846086724_0.9128360935363418_SIZE_1_1.8_3
GEN_11_FIT_0.894859768967349_0.9046520454393973_0.9130236028915677_SIZE_1_1.85_3
GEN_12_FIT_0.894860073907547_0.9057258304411271_0.9133974760280039_SIZE_1_1.85_4
GEN_13_FIT_0.8949723979012632_0.9103839650308702_0.9133974760280039_SIZE_1_2.35_4
GEN_14_FIT_0.8953238298663075_0.9113063081427107_0.9137069683073085_SIZE_1_2.05_4
GEN_15_FIT_0.8926644064711097_0.9076313809947966_0.9139377725335046_SIZE_1_2.1_5
GEN_16_FIT_0.895076163255705_0.8971613005911874_0.9139377725335046_SIZE_1_1.2_4
GEN_17_FIT_0.8953238298663075_0.8962545269996672_0.9139377725335046_SIZE_1_1.05_2
GEN_18_FIT_0.8953238298663075_0.8971852241330271_0.9139377725335046_SIZE_1_1.1_2
GEN_19_FIT_0.8953238298663075_0.8971852241330271_0.9139377725335046_SIZE_1_1.1_2
GEN_20_FIT_0.8953238298663075_0.8990334429017827_0.9139377725335046_SIZE_1_1.2_2
Evaluating in sample:
[GEN_20|make_tuple(0.5525476285028846, 4, 6)|0.8954]
[GEN_20|make_tuple(0.6178770765381723, expit(0.6022508926808104), 5)|0.9139]
Evaluating out-of-sample:
[GEN_20|make_tuple(0.5525476285028846, 4, 6)|0.9429]
[GEN_20|make_tuple(0.6178770765381723, expit(0.6022508926808104), 5)|0.9699]
GEN_21_FIT_0.8953238298663075_0.9009040047769903_0.9139377725335046_SIZE_1_1.35_3
GEN_22_FIT_0.8953238298663075_0.9065148331094364_0.9139377725335046_SIZE_1_1.8_3
GEN_23_FIT_0.8954155059511861_0.9093072058879248_0.9139377725335046_SIZE_1_1.75_2
GEN_24_FIT_0.8956100284793366_0.9130213853307962_0.9139377725335046_SIZE_1_1.95_2
GEN_25_FIT_0.8956100284793366_0.9121352324093559_0.9145424581588686_SIZE_1_1.95_3
GEN_26_FIT_0.8691020440835215_0.9052985130726181_0.9145424581588686_SIZE_1_1.85_3
GEN_27_FIT_0.8956100284793366_0.899340745996278_0.9145424581588686_SIZE_1_1.3_3
GEN_28_FIT_0.8956100284793366_0.899340745996278_0.9145424581588686_SIZE_1_1.3_3
GEN_29_FIT_0.8956100284793366_0.899340745996278_0.9145424581588686_SIZE_1_1.3_3
GEN_30_FIT_0.8956100284793366_0.903072642496312_0.9145900957105227_SIZE_1_1.6_3
GEN_31_FIT_0.8956329720252441_0.9105042525558066_0.9145900957105227_SIZE_1_2.15_3
GEN_32_FIT_0.8956329720252441_0.9104222996517214_0.9145900957105227_SIZE_1_2.0_3
GEN_33_FIT_0.8956663303965434_0.9122134617860835_0.9145900957105227_SIZE_1_2.0_3
GEN_34_FIT_0.8956663303965434_0.9105329478641412_0.9145900957105227_SIZE_1_2.15_3
GEN_35_FIT_0.8956663303965434_0.9126371870049947_0.9145900957105227_SIZE_1_2.7_3
GEN_36_FIT_0.8956663303965434_0.9126371870049947_0.9145900957105227_SIZE_1_2.7_3
GEN_37_FIT_0.8956663303965434_0.9126371870049947_0.9145900957105227_SIZE_1_2.7_3
GEN_38_FIT_0.8956663303965434_0.9126371870049947_0.9145900957105227_SIZE_1_2.7_3
GEN_39_FIT_0.8956663303965434_0.9126371870049947_0.9145900957105227_SIZE_1_2.7_3
GEN_40_FIT_0.8956663303965434_0.9126371870049947_0.9145900957105227_SIZE_1_2.7_3
Evaluating in sample:
[GEN_40|make_tuple(0.5561764914161844, 251, 6)|0.8957]
[GEN_40|make_tuple(0.6178770765381723, expit(0.599945362757339), 5)|0.9140]
[GEN_40|make_tuple(0.6178770765381723, expit(0.599945362757339), add(0.008627787996936217, 5))|0.9146]
Evaluating out-of-sample:
[GEN_40|make_tuple(0.5561764914161844, 251, 6)|0.9425]
[GEN_40|make_tuple(0.6178770765381723, expit(0.599945362757339), 5)|0.9700]
[GEN_40|make_tuple(0.6178770765381723, expit(0.599945362757339), add(0.008627787996936217, 5))|0.9700]
GEN_41_FIT_0.8956663303965434_0.9126371870049947_0.9145900957105227_SIZE_1_2.7_3
GEN_42_FIT_0.8956663303965434_0.9126371870049947_0.9145900957105227_SIZE_1_2.7_3
GEN_43_FIT_0.8956663303965434_0.9126371870049947_0.9145900957105227_SIZE_1_2.7_3
GEN_44_FIT_0.8956663303965434_0.9126371870049947_0.9145900957105227_SIZE_1_2.7_3
GEN_45_FIT_0.8956663303965434_0.9126371870049947_0.9145900957105227_SIZE_1_2.7_3
GEN_46_FIT_0.8956663303965434_0.9126371870049947_0.9145900957105227_SIZE_1_2.7_3
GEN_47_FIT_0.8956663303965434_0.9126371870049947_0.9145900957105227_SIZE_1_2.7_3
GEN_48_FIT_0.8956663303965434_0.9126371870049947_0.9145900957105227_SIZE_1_2.7_3
GEN_49_FIT_0.8956663303965434_0.9126371870049947_0.9145900957105227_SIZE_1_2.7_3
GEN_50_FIT_0.8956663303965434_0.9126371870049947_0.9145900957105227_SIZE_1_2.7_3
GEN_51_FIT_0.8956663303965434_0.9126371870049947_0.9145900957105227_SIZE_1_2.7_3
Evaluating in sample:
[GEN_51|make_tuple(0.5561764914161844, 251, 6)|0.8957]
[GEN_51|make_tuple(0.6178770765381723, expit(0.599945362757339), 5)|0.9140]
[GEN_51|make_tuple(0.6178770765381723, expit(0.599945362757339), add(0.008627787996936217, 5))|0.9146]
Evaluating out-of-sample:
[GEN_51|make_tuple(0.5561764914161844, 251, 6)|0.9425]
[GEN_51|make_tuple(0.6178770765381723, expit(0.599945362757339), 5)|0.9700]
[GEN_51|make_tuple(0.6178770765381723, expit(0.599945362757339), add(0.008627787996936217, 5))|0.9700]
Stopped early in iteration 51, no improvement in 20 gens.
START_TASK: 16
GEN_0_FIT_0.8673650740653995_0.8818023565871096_0.901895542004666_SIZE_1_4.3_10
GEN_1_FIT_0.8694513268038593_0.8841066572644184_0.9074048870595662_SIZE_1_2.7_8
GEN_2_FIT_0.8758203845190592_0.8992483901343542_0.9074048870595662_SIZE_1_3.95_7
GEN_3_FIT_0.8768976988280968_0.8961640221913969_0.9079463826126836_SIZE_1_3.35_7
GEN_4_FIT_0.8772185883777294_0.8961796328612474_0.9082633958061388_SIZE_1_3.1_6
GEN_5_FIT_0.8780269469735985_0.9025629628658034_0.9082633958061388_SIZE_1_3.4_6
GEN_6_FIT_0.8780269469735985_0.8979722035761799_0.9089064603655513_SIZE_1_2.45_5
GEN_7_FIT_0.8832870706836172_0.9024958336159987_0.9089064603655513_SIZE_1_2.6_5
GEN_8_FIT_0.8834912307611479_0.9050210142291361_0.9098540248168704_SIZE_1_2.65_4
GEN_9_FIT_0.8889072574840138_0.9011165312688011_0.9121814171647927_SIZE_1_2.2_4
GEN_10_FIT_0.8908713826782165_0.9070220338116577_0.9121814171647927_SIZE_1_2.8_5
GEN_11_FIT_0.8908713826782165_0.9017989826449574_0.9125419100253653_SIZE_1_2.05_4
GEN_12_FIT_0.8913057738538388_0.9037597617036347_0.9125419100253653_SIZE_1_2.2_4
GEN_13_FIT_0.8925283949442658_0.9092759445820485_0.9141560198632247_SIZE_1_2.4_4
GEN_14_FIT_0.8943196366688586_0.9104791824184524_0.9141560198632247_SIZE_1_2.35_4
GEN_15_FIT_0.8859131836892363_0.9075069382947829_0.9142754451044135_SIZE_1_2.4_4
GEN_16_FIT_0.8949739147131405_0.9036584570977141_0.9142754451044135_SIZE_1_1.75_3
GEN_17_FIT_0.8953305220094893_0.9130635918553865_0.9142754451044135_SIZE_1_2.5_4
GEN_18_FIT_0.8953305220094893_0.9123221512184141_0.9142754451044135_SIZE_1_2.7_3
GEN_19_FIT_0.8953305220094893_0.9123221512184141_0.9142754451044135_SIZE_1_2.7_3
GEN_20_FIT_0.8953305220094893_0.9123221512184141_0.9142754451044135_SIZE_1_2.7_3
Evaluating in sample:
[GEN_20|make_tuple(0.5019342225109052, 3, 6)|0.8953]
[GEN_20|make_tuple(0.6052354179435002, expit(0.5982464502286237), 5)|0.9137]
[GEN_20|make_tuple(0.6052354179435002, expit(0.5982464502286237), add(0.0010582982186230663, 5))|0.9143]
Evaluating out-of-sample:
[GEN_20|make_tuple(0.5019342225109052, 3, 6)|0.9410]
[GEN_20|make_tuple(0.6052354179435002, expit(0.5982464502286237), 5)|0.9882]
[GEN_20|make_tuple(0.6052354179435002, expit(0.5982464502286237), add(0.0010582982186230663, 5))|0.9882]
GEN_21_FIT_0.8953305220094893_0.9123221512184141_0.9142754451044135_SIZE_1_2.7_3
GEN_22_FIT_0.8953305220094893_0.9123221512184141_0.9142754451044135_SIZE_1_2.7_3
GEN_23_FIT_0.8953305220094893_0.9123221512184141_0.9142754451044135_SIZE_1_2.7_3
GEN_24_FIT_0.8955403143784433_0.913279886991608_0.9142754451044135_SIZE_1_2.8_3
GEN_25_FIT_0.8955403143784433_0.9123431304553096_0.9142754451044135_SIZE_1_2.7_3
GEN_26_FIT_0.8955403143784433_0.9109950580142373_0.914281347719893_SIZE_1_1.9_3
GEN_27_FIT_0.8953358764996906_0.9056596735557928_0.914281347719893_SIZE_1_1.8_3
GEN_28_FIT_0.8956462653888531_0.9130545806860726_0.914281347719893_SIZE_1_2.4_3
GEN_29_FIT_0.8956462653888531_0.9123588369033353_0.914281347719893_SIZE_1_2.7_3
GEN_30_FIT_0.8956462653888531_0.9123951410931289_0.914281347719893_SIZE_1_2.75_3
GEN_31_FIT_0.8956462653888531_0.9123951410931289_0.914281347719893_SIZE_1_2.75_3
GEN_32_FIT_0.895395411964137_0.9102688253777549_0.9144338158649684_SIZE_1_2.1_3
GEN_33_FIT_0.895395411964137_0.9057944605649174_0.9144338158649684_SIZE_1_1.85_3
GEN_34_FIT_0.8956462653888531_0.8993431318822482_0.9144338158649684_SIZE_1_1.3_3
GEN_35_FIT_0.8956462653888531_0.9047512233795864_0.9144338158649684_SIZE_1_1.6_3
GEN_36_FIT_0.8957521300305796_0.9130145827586272_0.9144338158649684_SIZE_1_2.1_3
GEN_37_FIT_0.8957521300305796_0.9085564139064269_0.9144338158649684_SIZE_1_1.95_3
GEN_38_FIT_0.8957521300305796_0.9115709193879823_0.9144338158649684_SIZE_1_2.6_3
GEN_39_FIT_0.8957521300305796_0.9125050036797017_0.9144338158649684_SIZE_1_2.7_3
GEN_40_FIT_0.8957521300305796_0.9125050036797017_0.9144338158649684_SIZE_1_2.7_3
Evaluating in sample:
[GEN_40|make_tuple(0.5048706200766266, 3, 6)|0.8958]
[GEN_40|make_tuple(0.6170941205237669, expit(0.6007541781116145), 5)|0.9138]
[GEN_40|make_tuple(0.6170941205237669, expit(0.6007541781116145), add(0.0010582982186230663, 5))|0.9144]
Evaluating out-of-sample:
[GEN_40|make_tuple(0.5048706200766266, 3, 6)|0.9410]
[GEN_40|make_tuple(0.6170941205237669, expit(0.6007541781116145), 5)|0.9884]
[GEN_40|make_tuple(0.6170941205237669, expit(0.6007541781116145), add(0.0010582982186230663, 5))|0.9885]
GEN_41_FIT_0.8957521300305796_0.9125050036797017_0.9144338158649684_SIZE_1_2.7_3
GEN_42_FIT_0.8957521300305796_0.9125050036797017_0.9144338158649684_SIZE_1_2.7_3
GEN_43_FIT_0.8957521300305796_0.9125050036797017_0.9144338158649684_SIZE_1_2.7_3
GEN_44_FIT_0.8957521300305796_0.9125050036797017_0.9144338158649684_SIZE_1_2.7_3
GEN_45_FIT_0.8957521300305796_0.9125050036797017_0.9144338158649684_SIZE_1_2.7_3
GEN_46_FIT_0.8957521300305796_0.9125050036797017_0.9144338158649684_SIZE_1_2.7_3
GEN_47_FIT_0.8957521300305796_0.9125050036797017_0.9144338158649684_SIZE_1_2.7_3
GEN_48_FIT_0.8957521300305796_0.9102433617450311_0.9144480170779349_SIZE_1_1.85_3
GEN_49_FIT_0.8956727672857151_0.9012638324228563_0.9144480170779349_SIZE_1_1.45_3
GEN_50_FIT_0.8957521300305796_0.899430663838223_0.9144480170779349_SIZE_1_1.3_3
GEN_51_FIT_0.8957521300305796_0.899430663838223_0.9144480170779349_SIZE_1_1.3_3
GEN_52_FIT_0.8957521300305796_0.899430663838223_0.9144480170779349_SIZE_1_1.3_3
GEN_53_FIT_0.8957521300305796_0.899430663838223_0.9144480170779349_SIZE_1_1.3_3
GEN_54_FIT_0.8957521300305796_0.899430663838223_0.9144480170779349_SIZE_1_1.3_3
GEN_55_FIT_0.8957521300305796_0.899430663838223_0.9144480170779349_SIZE_1_1.3_3
GEN_56_FIT_0.8957521300305796_0.899430663838223_0.9144480170779349_SIZE_1_1.3_3
GEN_57_FIT_0.8957521300305796_0.899430663838223_0.9144480170779349_SIZE_1_1.3_3
GEN_58_FIT_0.8957521300305796_0.9064525639076608_0.9144480170779349_SIZE_1_1.75_3
GEN_59_FIT_0.8958192473276186_0.9121545869810047_0.9144480170779349_SIZE_1_2.1_3
GEN_60_FIT_0.8958620518123301_0.9133367880091713_0.9144480170779349_SIZE_1_2.6_3
Evaluating in sample:
[GEN_60|make_tuple(0.5061280308224703, 3, 6)|0.8959]
[GEN_60|make_tuple(0.6170941205237669, expit(0.6003808868515529), 5)|0.9138]
[GEN_60|make_tuple(0.6170941205237669, expit(0.6003808868515529), add(0.0010582982186230663, 5))|0.9144]
Evaluating out-of-sample:
[GEN_60|make_tuple(0.5061280308224703, 3, 6)|0.9410]
[GEN_60|make_tuple(0.6170941205237669, expit(0.6003808868515529), 5)|0.9884]
[GEN_60|make_tuple(0.6170941205237669, expit(0.6003808868515529), add(0.0010582982186230663, 5))|0.9885]
GEN_61_FIT_0.8958620518123301_0.9125287769495467_0.9144480170779349_SIZE_1_2.7_3
GEN_62_FIT_0.8958620518123301_0.9125287769495467_0.9144480170779349_SIZE_1_2.7_3
GEN_63_FIT_0.8958620518123301_0.9125287769495467_0.9144480170779349_SIZE_1_2.7_3
GEN_64_FIT_0.8958620518123301_0.9125287769495467_0.9144480170779349_SIZE_1_2.7_3
GEN_65_FIT_0.8958620518123301_0.9125287769495467_0.9144480170779349_SIZE_1_2.7_3
GEN_66_FIT_0.8958620518123301_0.9125287769495467_0.9144480170779349_SIZE_1_2.7_3
GEN_67_FIT_0.8958620518123301_0.9125287769495467_0.9144480170779349_SIZE_1_2.7_3
GEN_68_FIT_0.8958620518123301_0.9125287769495467_0.9144480170779349_SIZE_1_2.7_3
GEN_69_FIT_0.8958620518123301_0.9125287769495467_0.9144480170779349_SIZE_1_2.7_3
Evaluating in sample:
[GEN_69|make_tuple(0.5061280308224703, 3, 6)|0.8959]
[GEN_69|make_tuple(0.6170941205237669, expit(0.6003808868515529), 5)|0.9138]
[GEN_69|make_tuple(0.6170941205237669, expit(0.6003808868515529), add(0.0010582982186230663, 5))|0.9144]
Evaluating out-of-sample:
[GEN_69|make_tuple(0.5061280308224703, 3, 6)|0.9410]
[GEN_69|make_tuple(0.6170941205237669, expit(0.6003808868515529), 5)|0.9884]
[GEN_69|make_tuple(0.6170941205237669, expit(0.6003808868515529), add(0.0010582982186230663, 5))|0.9885]
Stopped early in iteration 69, no improvement in 20 gens.
START_TASK: 18
GEN_0_FIT_0.868770029587654_0.8783863041886113_0.9022165818995272_SIZE_1_2.35_5
GEN_1_FIT_0.8691781110477338_0.8804138726646503_0.9022165818995272_SIZE_1_2.05_5
GEN_2_FIT_0.8696539098909563_0.8760149224380026_0.9034756531331707_SIZE_1_1.3_3
GEN_3_FIT_0.8696539098909563_0.8713449970530671_0.9034756531331707_SIZE_1_1.05_2
GEN_4_FIT_0.8696539098909563_0.8747427128122576_0.9037864818325513_SIZE_1_1.2_3
GEN_5_FIT_0.8696539098909563_0.8747584994374765_0.9037864818325513_SIZE_1_1.25_3
GEN_6_FIT_0.8696539098909563_0.8764498317898374_0.9037864818325513_SIZE_1_1.3_3
GEN_7_FIT_0.8696539098909563_0.8764498317898374_0.9037864818325513_SIZE_1_1.3_3
GEN_8_FIT_0.8696539098909563_0.8764498317898374_0.9037864818325513_SIZE_1_1.3_3
GEN_9_FIT_0.8696539098909563_0.8764498317898374_0.9037864818325513_SIZE_1_1.3_3
GEN_10_FIT_0.8696539098909563_0.8764498317898374_0.9037864818325513_SIZE_1_1.3_3
GEN_11_FIT_0.8696539098909563_0.8764498317898374_0.9037864818325513_SIZE_1_1.3_3
GEN_12_FIT_0.8696539098909563_0.8747484318017884_0.9038910540131662_SIZE_1_1.2_3
GEN_13_FIT_0.8696539098909563_0.8764714398591874_0.9038910540131662_SIZE_1_1.3_3
GEN_14_FIT_0.8696539098909563_0.8764714398591874_0.9038910540131662_SIZE_1_1.3_3
GEN_15_FIT_0.8696539098909563_0.8713679621309304_0.9039349546904376_SIZE_1_1.05_2
GEN_16_FIT_0.8696539098909563_0.8730820143709044_0.9039349546904376_SIZE_1_1.1_2
GEN_17_FIT_0.8696539098909563_0.8730820143709044_0.9039349546904376_SIZE_1_1.1_2
GEN_18_FIT_0.8696539098909563_0.8730820143709044_0.9039349546904376_SIZE_1_1.1_2
GEN_19_FIT_0.8696539098909563_0.8730820143709044_0.9039349546904376_SIZE_1_1.1_2
GEN_20_FIT_0.8696539098909563_0.8730820143709044_0.9039349546904376_SIZE_1_1.1_2
Evaluating in sample:
[GEN_20|make_tuple(34, 72, 5)|0.8697]
[GEN_20|make_tuple(82, expit(0.1324379016658793), 5)|0.9039]
Evaluating out-of-sample:
[GEN_20|make_tuple(34, 72, 5)|0.9621]
[GEN_20|make_tuple(82, expit(0.1324379016658793), 5)|0.9746]
GEN_21_FIT_0.8696539098909563_0.8730820143709044_0.9039349546904376_SIZE_1_1.1_2
GEN_22_FIT_0.8696539098909563_0.8730820143709044_0.9039349546904376_SIZE_1_1.1_2
GEN_23_FIT_0.8696539098909563_0.8730820143709044_0.9039349546904376_SIZE_1_1.1_2
GEN_24_FIT_0.8696539098909563_0.8730820143709044_0.9039349546904376_SIZE_1_1.1_2
GEN_25_FIT_0.8696539098909563_0.8750198035294356_0.9084096930615831_SIZE_1_1.2_3
GEN_26_FIT_0.8696539098909563_0.8769575926879671_0.9084096930615831_SIZE_1_1.3_3
GEN_27_FIT_0.8696539098909563_0.8750601445608067_0.9092165136890031_SIZE_1_1.2_3
GEN_28_FIT_0.8696539098909563_0.8750772721344416_0.9095590651617006_SIZE_1_1.2_3
GEN_29_FIT_0.8696539098909563_0.8770725298979789_0.9095590651617006_SIZE_1_1.3_3
GEN_30_FIT_0.8696539098909563_0.8770725298979789_0.9095590651617006_SIZE_1_1.3_3
GEN_31_FIT_0.8696539098909563_0.8770725298979789_0.9095590651617006_SIZE_1_1.3_3
GEN_32_FIT_0.8696539098909563_0.8770725298979789_0.9095590651617006_SIZE_1_1.3_3
GEN_33_FIT_0.8696539098909563_0.8770725298979789_0.9095590651617006_SIZE_1_1.3_3
GEN_34_FIT_0.8696539098909563_0.8790796777085843_0.9097968661030644_SIZE_1_1.45_4
GEN_35_FIT_0.8696539098909563_0.8790841704054817_0.9098867200410113_SIZE_1_1.45_4
GEN_36_FIT_0.8696539098909563_0.8790841704054817_0.9098867200410113_SIZE_1_1.45_4
GEN_37_FIT_0.8696539098909563_0.8791073310942268_0.9098867200410113_SIZE_1_1.5_4
GEN_38_FIT_0.8696539098909563_0.8811213802754979_0.9099348935163777_SIZE_1_1.7_5
GEN_39_FIT_0.8696539098909563_0.8771108927055893_0.9099477233644117_SIZE_1_1.4_5
GEN_40_FIT_0.8696539098909563_0.8791252535644073_0.9099511873205289_SIZE_1_1.5_5
Evaluating in sample:
[GEN_40|make_tuple(34, 72, 5)|0.8697]
[GEN_40|make_tuple(82, expit(0.1324379016658793), 5)|0.9039]
[GEN_40|make_tuple(expit(1), expit(0.21595816248123348), 5)|0.9099]
[GEN_40|make_tuple(expit(add(0.027110501268126756, 1)), expit(expit(0.14951473208992305)), 6)|0.9100]
Evaluating out-of-sample:
[GEN_40|make_tuple(34, 72, 5)|0.9621]
[GEN_40|make_tuple(82, expit(0.1324379016658793), 5)|0.9746]
[GEN_40|make_tuple(expit(1), expit(0.21595816248123348), 5)|0.9809]
[GEN_40|make_tuple(expit(add(0.027110501268126756, 1)), expit(expit(0.14951473208992305)), 6)|0.9836]
GEN_41_FIT_0.8696539098909563_0.8791252535644073_0.9099511873205289_SIZE_1_1.5_5
GEN_42_FIT_0.8696539098909563_0.8791308593941942_0.9100633039162668_SIZE_1_1.5_5
GEN_43_FIT_0.8696539098909563_0.8811513290954597_0.9100633039162668_SIZE_1_1.7_5
GEN_44_FIT_0.8696539098909563_0.8791312772376386_0.9100716607851551_SIZE_1_1.5_5
GEN_45_FIT_0.8696539098909563_0.8791312772376386_0.9100716607851551_SIZE_1_1.5_5
GEN_46_FIT_0.8696539098909563_0.8811521647823486_0.9100716607851551_SIZE_1_1.7_5
GEN_47_FIT_0.8696539098909563_0.8791339884140628_0.9101258843136361_SIZE_1_1.5_5
GEN_48_FIT_0.8696539098909563_0.8811625844805873_0.9104062113815653_SIZE_1_1.65_5
GEN_49_FIT_0.8696539098909563_0.8832001995551177_0.9104062113815653_SIZE_1_1.85_5
GEN_50_FIT_0.8696539098909563_0.8832089326015071_0.9104062113815653_SIZE_1_1.85_5
GEN_51_FIT_0.8696539098909563_0.8831985026053715_0.9104836577591082_SIZE_1_1.8_5
GEN_52_FIT_0.8696539098909563_0.8852399899987791_0.9104836577591082_SIZE_1_2.0_5
GEN_53_FIT_0.8696539098909563_0.8852399899987791_0.9104836577591082_SIZE_1_2.0_5
GEN_54_FIT_0.8696539098909563_0.8832300653363655_0.9104836577591082_SIZE_1_1.85_5
GEN_55_FIT_0.8696539098909563_0.8811889042458174_0.9104901838163006_SIZE_1_1.65_5
GEN_56_FIT_0.8696539098909563_0.8832256051024391_0.9104901838163006_SIZE_1_1.8_5
GEN_57_FIT_0.8696539098909563_0.8812247428214318_0.9104901838163006_SIZE_1_1.7_5
GEN_58_FIT_0.8696539098909563_0.8771594880389415_0.9106229177143543_SIZE_1_1.35_4
GEN_59_FIT_0.8696539098909563_0.8771615661415103_0.9106644797657294_SIZE_1_1.35_4
GEN_60_FIT_0.8696539098909563_0.8792117783571174_0.9110882585405287_SIZE_1_1.45_4
Evaluating in sample:
[GEN_60|make_tuple(34, 72, 5)|0.8697]
[GEN_60|make_tuple(82, expit(0.1324379016658793), 5)|0.9039]
[GEN_60|make_tuple(expit(1), expit(0.3582262788078946), 5)|0.9102]
[GEN_60|make_tuple(expit(1), expit(0.3582262788078946), add(0.013444977726576678, 5))|0.9111]
Evaluating out-of-sample:
[GEN_60|make_tuple(34, 72, 5)|0.9621]
[GEN_60|make_tuple(82, expit(0.1324379016658793), 5)|0.9746]
[GEN_60|make_tuple(expit(1), expit(0.3582262788078946), 5)|0.9812]
[GEN_60|make_tuple(expit(1), expit(0.3582262788078946), add(0.013444977726576678, 5))|0.9813]
GEN_61_FIT_0.8696539098909563_0.8812834957895961_0.9110882585405287_SIZE_1_1.6_4
GEN_62_FIT_0.8696539098909563_0.8812834957895961_0.9110882585405287_SIZE_1_1.6_4
GEN_63_FIT_0.8696539098909563_0.8792221455597169_0.9112956025925174_SIZE_1_1.45_4
GEN_64_FIT_0.8696539098909563_0.8792850691338898_0.9112956025925174_SIZE_1_1.5_4
GEN_65_FIT_0.8696539098909563_0.8813239546267191_0.9112956025925174_SIZE_1_1.6_4
GEN_66_FIT_0.8696539098909563_0.8813239546267191_0.9112956025925174_SIZE_1_1.6_4
GEN_67_FIT_0.8696539098909563_0.8813239546267191_0.9112956025925174_SIZE_1_1.6_4
GEN_68_FIT_0.8696539098909563_0.8813239546267191_0.9112956025925174_SIZE_1_1.6_4
GEN_69_FIT_0.8696539098909563_0.8813239546267191_0.9112956025925174_SIZE_1_1.6_4
GEN_70_FIT_0.8696539098909563_0.8813239546267191_0.9112956025925174_SIZE_1_1.6_4
GEN_71_FIT_0.8696539098909563_0.8813239546267191_0.9112956025925174_SIZE_1_1.6_4
GEN_72_FIT_0.8696539098909563_0.8813239546267191_0.9112956025925174_SIZE_1_1.6_4
GEN_73_FIT_0.8696539098909563_0.8813239546267191_0.9112956025925174_SIZE_1_1.6_4
GEN_74_FIT_0.8696539098909563_0.8813239546267191_0.9112956025925174_SIZE_1_1.6_4
GEN_75_FIT_0.8696539098909563_0.8792580038747031_0.9116182802537592_SIZE_1_1.45_4
GEN_76_FIT_0.8696539098909563_0.8793247758288892_0.9116182802537592_SIZE_1_1.5_4
GEN_77_FIT_0.8696539098909563_0.8813711002505935_0.9116182802537592_SIZE_1_1.6_4
GEN_78_FIT_0.8696539098909563_0.8813711002505935_0.9116182802537592_SIZE_1_1.6_4
GEN_79_FIT_0.8696539098909563_0.8813711002505935_0.9116182802537592_SIZE_1_1.6_4
GEN_80_FIT_0.8696539098909563_0.8813711002505935_0.9116182802537592_SIZE_1_1.6_4
Evaluating in sample:
[GEN_80|make_tuple(34, 72, 5)|0.8697]
[GEN_80|make_tuple(82, expit(0.1324379016658793), 5)|0.9039]
[GEN_80|make_tuple(expit(1), expit(0.5914694249180024), 5)|0.9106]
[GEN_80|make_tuple(expit(1), expit(0.5914694249180024), add(0.0707188373131548, 5))|0.9116]
Evaluating out-of-sample:
[GEN_80|make_tuple(34, 72, 5)|0.9621]
[GEN_80|make_tuple(82, expit(0.1324379016658793), 5)|0.9746]
[GEN_80|make_tuple(expit(1), expit(0.5914694249180024), 5)|0.9816]
[GEN_80|make_tuple(expit(1), expit(0.5914694249180024), add(0.0707188373131548, 5))|0.9818]
GEN_81_FIT_0.8696539098909563_0.8813711002505935_0.9116182802537592_SIZE_1_1.6_4
GEN_82_FIT_0.8696539098909563_0.8813711002505935_0.9116182802537592_SIZE_1_1.6_4
GEN_83_FIT_0.8696539098909563_0.8813711002505935_0.9116182802537592_SIZE_1_1.6_4
GEN_84_FIT_0.8696539098909563_0.8793274848276154_0.9116182802537592_SIZE_1_1.5_4
GEN_85_FIT_0.8696539098909563_0.881376518248046_0.9116182802537592_SIZE_1_1.6_4
GEN_86_FIT_0.8696539098909563_0.881376518248046_0.9116182802537592_SIZE_1_1.6_4
GEN_87_FIT_0.8696539098909563_0.881376518248046_0.9116182802537592_SIZE_1_1.6_4
GEN_88_FIT_0.8696539098909563_0.881376518248046_0.9116182802537592_SIZE_1_1.6_4
GEN_89_FIT_0.8696539098909563_0.8792858258958791_0.9117688035732259_SIZE_1_1.45_4
GEN_90_FIT_0.8696539098909563_0.8793473262687316_0.9117688035732259_SIZE_1_1.5_4
GEN_91_FIT_0.8696539098909563_0.8793535187890356_0.9117688035732259_SIZE_1_1.5_4
GEN_92_FIT_0.8696539098909563_0.8814135338389398_0.9117688035732259_SIZE_1_1.6_4
GEN_93_FIT_0.8696539098909563_0.8814135338389398_0.9117688035732259_SIZE_1_1.6_4
GEN_94_FIT_0.8696539098909563_0.8814135338389398_0.9117688035732259_SIZE_1_1.6_4
GEN_95_FIT_0.8696539098909563_0.8814135338389398_0.9117688035732259_SIZE_1_1.6_4
GEN_96_FIT_0.8696539098909563_0.8814135338389398_0.9117688035732259_SIZE_1_1.6_4
GEN_97_FIT_0.8696539098909563_0.8814135338389398_0.9117688035732259_SIZE_1_1.6_4
GEN_98_FIT_0.8696539098909563_0.8793086178626675_0.911785377730046_SIZE_1_1.45_4
GEN_99_FIT_0.8696539098909563_0.8793086178626675_0.911785377730046_SIZE_1_1.45_4
GEN_100_FIT_0.8696539098909563_0.8814151912546219_0.911785377730046_SIZE_1_1.6_4
Evaluating in sample:
[GEN_100|make_tuple(34, 72, 5)|0.8697]
[GEN_100|make_tuple(82, expit(0.1324379016658793), 5)|0.9039]
[GEN_100|make_tuple(expit(1), expit(0.5995223468717206), 6)|0.9109]
[GEN_100|make_tuple(expit(1), expit(0.5972418744153258), add(0.04623934948474456, 5))|0.9118]
Evaluating out-of-sample:
[GEN_100|make_tuple(34, 72, 5)|0.9621]
[GEN_100|make_tuple(82, expit(0.1324379016658793), 5)|0.9746]
[GEN_100|make_tuple(expit(1), expit(0.5995223468717206), 6)|0.9834]
[GEN_100|make_tuple(expit(1), expit(0.5972418744153258), add(0.04623934948474456, 5))|0.9818]
GEN_101_FIT_0.8696539098909563_0.8814151912546219_0.911785377730046_SIZE_1_1.6_4
GEN_102_FIT_0.8696539098909563_0.8814151912546219_0.911785377730046_SIZE_1_1.6_4
GEN_103_FIT_0.8696539098909563_0.8814151912546219_0.911785377730046_SIZE_1_1.6_4
GEN_104_FIT_0.8696539098909563_0.8814151912546219_0.911785377730046_SIZE_1_1.6_4
GEN_105_FIT_0.8696539098909563_0.8814151912546219_0.911785377730046_SIZE_1_1.6_4
GEN_106_FIT_0.8696539098909563_0.8814151912546219_0.911785377730046_SIZE_1_1.6_4
GEN_107_FIT_0.8696539098909563_0.8814151912546219_0.911785377730046_SIZE_1_1.6_4
GEN_108_FIT_0.8696539098909563_0.8814151912546219_0.911785377730046_SIZE_1_1.6_4
GEN_109_FIT_0.8696539098909563_0.8814151912546219_0.911785377730046_SIZE_1_1.6_4
GEN_110_FIT_0.8696539098909563_0.8814151912546219_0.911785377730046_SIZE_1_1.6_4
GEN_111_FIT_0.8696539098909563_0.8793919208814739_0.9134514381061738_SIZE_1_1.45_4
GEN_112_FIT_0.8696539098909563_0.8837729193648025_0.913476351342315_SIZE_1_1.8_5
GEN_113_FIT_0.8696539098909563_0.8774742524460881_0.9138217314199611_SIZE_1_1.35_4
GEN_114_FIT_0.8696539098909563_0.8796990799785025_0.9138217314199611_SIZE_1_1.5_4
GEN_115_FIT_0.8696539098909563_0.8796994002226807_0.9138217314199611_SIZE_1_1.5_4
GEN_116_FIT_0.8696539098909563_0.8819000039215563_0.9138217314199611_SIZE_1_1.6_4
GEN_117_FIT_0.8696539098909563_0.8803149103371453_0.9138217314199611_SIZE_1_1.55_4
GEN_118_FIT_0.8696539098909563_0.8941091937214202_0.9138217314199611_SIZE_1_2.2_4
GEN_119_FIT_0.8696539098909563_0.9016236871686267_0.9138262785364387_SIZE_1_2.4_4
GEN_120_FIT_0.8948202607714801_0.9115105868188312_0.9138262785364387_SIZE_1_3.05_4
Evaluating in sample:
[GEN_120|make_tuple(0.5260272814422837, 47, 6)|0.8948]
[GEN_120|make_tuple(0.5641436289013927, expit(0.5988801401460108), 5)|0.9104]
[GEN_120|make_tuple(expit(0.5260272814422837), expit(0.5988801401460108), 5)|0.9137]
[GEN_120|make_tuple(expit(sub(1, 0.5260272814422837)), expit(0.5988801401460108), 5)|0.9138]
Evaluating out-of-sample:
[GEN_120|make_tuple(0.5260272814422837, 47, 6)|0.9836]
[GEN_120|make_tuple(0.5641436289013927, expit(0.5988801401460108), 5)|0.9869]
[GEN_120|make_tuple(expit(0.5260272814422837), expit(0.5988801401460108), 5)|0.9853]
[GEN_120|make_tuple(expit(sub(1, 0.5260272814422837)), expit(0.5988801401460108), 5)|0.9852]
GEN_121_FIT_0.8948202607714801_0.9067383918909308_0.9138412785376031_SIZE_1_2.15_4
GEN_122_FIT_0.8953904229719645_0.9095889336877641_0.9138412785376031_SIZE_1_2.25_4
GEN_123_FIT_0.8941587890011363_0.9080334096048752_0.9138412785376031_SIZE_1_2.7_5
GEN_124_FIT_0.8955232952090878_0.906499949006054_0.9138412785376031_SIZE_1_2.5_4
GEN_125_FIT_0.8955232952090878_0.9001175183840866_0.914418549397861_SIZE_1_1.45_4
GEN_126_FIT_0.8955232952090878_0.9010622810935253_0.914418549397861_SIZE_1_1.6_4
GEN_127_FIT_0.8955232952090878_0.9010622810935253_0.914418549397861_SIZE_1_1.6_4
GEN_128_FIT_0.8955232952090878_0.9010622810935253_0.914418549397861_SIZE_1_1.6_4
GEN_129_FIT_0.8955232952090878_0.9010622810935253_0.914418549397861_SIZE_1_1.6_4
GEN_130_FIT_0.8955232952090878_0.9001731553269151_0.914418549397861_SIZE_1_1.5_4
GEN_131_FIT_0.8955232952090878_0.8992615853293502_0.9144332137391867_SIZE_1_1.4_4
GEN_132_FIT_0.8955232952090878_0.9001746124481024_0.9144332137391867_SIZE_1_1.45_4
GEN_133_FIT_0.8955232952090878_0.9011201083746073_0.9144332137391867_SIZE_1_1.6_4
GEN_134_FIT_0.8955232952090878_0.9011201083746073_0.9144332137391867_SIZE_1_1.6_4
GEN_135_FIT_0.8955232952090878_0.9011201083746073_0.9144332137391867_SIZE_1_1.6_4
GEN_136_FIT_0.8955232952090878_0.9011201083746073_0.9144332137391867_SIZE_1_1.6_4
GEN_137_FIT_0.8955232952090878_0.9011201083746073_0.9144332137391867_SIZE_1_1.6_4
GEN_138_FIT_0.8955232952090878_0.9011201083746073_0.9144332137391867_SIZE_1_1.6_4
GEN_139_FIT_0.8955232952090878_0.9011201083746073_0.9144332137391867_SIZE_1_1.6_4
GEN_140_FIT_0.8955232952090878_0.9011201083746073_0.9144332137391867_SIZE_1_1.6_4
Evaluating in sample:
[GEN_140|make_tuple(0.5066997282256626, 47, 6)|0.8955]
[GEN_140|make_tuple(0.6074350901140443, expit(0.5988801401460108), 5)|0.9138]
[GEN_140|make_tuple(0.6130501578668026, expit(0.5988801401460108), add(5, 0.44760943258810965))|0.9143]
[GEN_140|make_tuple(expit(0.4885317055035797), expit(0.5988801401460108), add(5, 0.30852478217779783))|0.9144]
Evaluating out-of-sample:
[GEN_140|make_tuple(0.5066997282256626, 47, 6)|0.9843]
[GEN_140|make_tuple(0.6074350901140443, expit(0.5988801401460108), 5)|0.9853]
[GEN_140|make_tuple(0.6130501578668026, expit(0.5988801401460108), add(5, 0.44760943258810965))|0.9858]
[GEN_140|make_tuple(expit(0.4885317055035797), expit(0.5988801401460108), add(5, 0.30852478217779783))|0.9857]
GEN_141_FIT_0.8955232952090878_0.9001842771035143_0.9144332137391867_SIZE_1_1.5_4
GEN_142_FIT_0.8955232952090878_0.9002158364164513_0.9144332137391867_SIZE_1_1.55_4
GEN_143_FIT_0.8955232952090878_0.9002158364164513_0.9144332137391867_SIZE_1_1.55_4
GEN_144_FIT_0.8955232952090878_0.901129514162981_0.9144332137391867_SIZE_1_1.6_4
GEN_145_FIT_0.8955232952090878_0.901129514162981_0.9144332137391867_SIZE_1_1.6_4
GEN_146_FIT_0.8955232952090878_0.901129514162981_0.9144332137391867_SIZE_1_1.6_4
GEN_147_FIT_0.8955232952090878_0.901129514162981_0.9144332137391867_SIZE_1_1.6_4
GEN_148_FIT_0.8955232952090878_0.901129514162981_0.9144332137391867_SIZE_1_1.6_4
GEN_149_FIT_0.8955232952090878_0.901129514162981_0.9144332137391867_SIZE_1_1.6_4
GEN_150_FIT_0.8955232952090878_0.901129514162981_0.9144332137391867_SIZE_1_1.6_4
GEN_151_FIT_0.8955232952090878_0.901129514162981_0.9144332137391867_SIZE_1_1.6_4
GEN_152_FIT_0.8955232952090878_0.901129514162981_0.9144332137391867_SIZE_1_1.6_4
Evaluating in sample:
[GEN_152|make_tuple(0.5066997282256626, 47, 6)|0.8955]
[GEN_152|make_tuple(0.6199279464310733, expit(0.5988801401460108), 5)|0.9138]
[GEN_152|make_tuple(0.6199279464310733, expit(0.5988801401460108), add(5, 0.007722317560155999))|0.9144]
[GEN_152|make_tuple(expit(0.4885317055035797), expit(0.5988801401460108), add(5, 0.30852478217779783))|0.9144]
Evaluating out-of-sample:
[GEN_152|make_tuple(0.5066997282256626, 47, 6)|0.9843]
[GEN_152|make_tuple(0.6199279464310733, expit(0.5988801401460108), 5)|0.9852]
[GEN_152|make_tuple(0.6199279464310733, expit(0.5988801401460108), add(5, 0.007722317560155999))|0.9857]
[GEN_152|make_tuple(expit(0.4885317055035797), expit(0.5988801401460108), add(5, 0.30852478217779783))|0.9857]
Stopped early in iteration 152, no improvement in 20 gens.
START_TASK: 22
GEN_0_FIT_0.8630093985695493_0.882229837316625_0.9045970417805104_SIZE_1_2.75_8
GEN_1_FIT_0.8750437711146228_0.8952110699348811_0.9057511919559535_SIZE_1_2.5_5
GEN_2_FIT_0.891079325361525_0.9003141456774516_0.9107314227947557_SIZE_1_2.4_5
GEN_3_FIT_0.8925680896665399_0.90490350359135_0.9108231812577936_SIZE_1_2.9_5
GEN_4_FIT_0.8925680896665399_0.9037441304891674_0.9123711553031476_SIZE_1_2.15_5
GEN_5_FIT_0.8943128648426032_0.9035489352431073_0.9134050212798749_SIZE_1_2.15_4
GEN_6_FIT_0.8945353266771676_0.9030735443295859_0.9136276041160616_SIZE_1_2.0_4
GEN_7_FIT_0.89495048795528_0.9043106542880492_0.9136276041160616_SIZE_1_2.1_5
GEN_8_FIT_0.8952534509103902_0.9013836350897367_0.9136276041160616_SIZE_1_1.65_4
GEN_9_FIT_0.8952534509103902_0.904430805068335_0.9137245600426994_SIZE_1_2.05_4
GEN_10_FIT_0.8954733488658472_0.9117302221179509_0.9137245600426994_SIZE_1_2.85_4
GEN_11_FIT_0.8954733488658472_0.9062887933392183_0.9137245600426994_SIZE_1_2.3_4
GEN_12_FIT_0.8954733488658472_0.8990997591330068_0.9137531725681526_SIZE_1_1.4_4
GEN_13_FIT_0.8954733488658472_0.8981923056443504_0.9137531725681526_SIZE_1_1.3_4
GEN_14_FIT_0.8954733488658472_0.8991062968294659_0.9137531725681526_SIZE_1_1.45_4
GEN_15_FIT_0.8954733488658472_0.9000142688658309_0.9137531725681526_SIZE_1_1.55_4
GEN_16_FIT_0.8954733488658472_0.9000142688658309_0.9137531725681526_SIZE_1_1.55_4
GEN_17_FIT_0.8954733488658472_0.9009112624228541_0.9137531725681526_SIZE_1_1.6_4
GEN_18_FIT_0.8954733488658472_0.8999974781394176_0.9137573106017284_SIZE_1_1.45_4
GEN_19_FIT_0.8954733488658472_0.9009116762262115_0.9137573106017284_SIZE_1_1.6_4
GEN_20_FIT_0.8954733488658472_0.9009116762262115_0.9137573106017284_SIZE_1_1.6_4
Evaluating in sample:
[GEN_20|make_tuple(0.5580893492167864, 48, 6)|0.8955]
[GEN_20|make_tuple(0.6260536777248751, expit(0.5918440670521883), 5)|0.9134]
[GEN_20|make_tuple(expit(0.47539228232960345), expit(0.5918440670521883), 5)|0.9136]
[GEN_20|make_tuple(expit(0.48146491050597495), expit(add(0.016730736567638127, 0.5918440670521883)), 5)|0.9138]
Evaluating out-of-sample:
[GEN_20|make_tuple(0.5580893492167864, 48, 6)|0.9628]
[GEN_20|make_tuple(0.6260536777248751, expit(0.5918440670521883), 5)|0.9822]
[GEN_20|make_tuple(expit(0.47539228232960345), expit(0.5918440670521883), 5)|0.9816]
[GEN_20|make_tuple(expit(0.48146491050597495), expit(add(0.016730736567638127, 0.5918440670521883)), 5)|0.9815]
GEN_21_FIT_0.8954733488658472_0.9054071742499901_0.9137573106017284_SIZE_1_2.05_4
GEN_22_FIT_0.8954733488658472_0.9082006159690927_0.9137573106017284_SIZE_1_2.45_4
GEN_23_FIT_0.8955661056056782_0.909146772137942_0.9137573106017284_SIZE_1_2.7_4
GEN_24_FIT_0.895484639259704_0.900991888676994_0.9137620067735117_SIZE_1_1.65_4
GEN_25_FIT_0.8955661056056782_0.90010075351341_0.9137620067735117_SIZE_1_1.5_4
GEN_26_FIT_0.8955661056056782_0.90010075351341_0.9137620067735117_SIZE_1_1.5_4
GEN_27_FIT_0.8955661056056782_0.9010100963265817_0.9137620067735117_SIZE_1_1.6_4
GEN_28_FIT_0.8955661056056782_0.9010100963265817_0.9137620067735117_SIZE_1_1.6_4
GEN_29_FIT_0.8955661056056782_0.8982876736310816_0.9138831665582109_SIZE_1_1.2_3
GEN_30_FIT_0.8955661056056782_0.8983076665696272_0.9138831665582109_SIZE_1_1.25_3
GEN_31_FIT_0.8955661056056782_0.8983076665696272_0.9138831665582109_SIZE_1_1.25_3
GEN_32_FIT_0.8955661056056782_0.8992175214383231_0.9138831665582109_SIZE_1_1.3_3
GEN_33_FIT_0.8955661056056782_0.9001262830356828_0.9138831665582109_SIZE_1_1.35_3
GEN_34_FIT_0.8955661056056782_0.9037836029767992_0.9138831665582109_SIZE_1_1.7_3
GEN_35_FIT_0.8956841877751047_0.9111233288460909_0.9138831665582109_SIZE_1_2.45_3
GEN_36_FIT_0.8956841877751047_0.9120512723220386_0.9138831665582109_SIZE_1_2.7_3
GEN_37_FIT_0.8956841877751047_0.9120512723220386_0.9138831665582109_SIZE_1_2.7_3
GEN_38_FIT_0.8956841877751047_0.9120512723220386_0.9138831665582109_SIZE_1_2.7_3
GEN_39_FIT_0.8955232186225701_0.9101333916204449_0.9138838734509033_SIZE_1_2.1_3
GEN_40_FIT_0.8955232186225701_0.9056332450123801_0.9142163959056152_SIZE_1_1.65_3
Evaluating in sample:
[GEN_40|make_tuple(0.5064071724140874, 3, 6)|0.8957]
[GEN_40|make_tuple(0.6181335988053434, expit(0.6029367376091763), 5)|0.9138]
[GEN_40|make_tuple(0.6181335988053434, expit(0.5918440670521883), add(0.017233888639170768, 5))|0.9142]
Evaluating out-of-sample:
[GEN_40|make_tuple(0.5064071724140874, 3, 6)|0.9637]
[GEN_40|make_tuple(0.6181335988053434, expit(0.6029367376091763), 5)|0.9815]
[GEN_40|make_tuple(0.6181335988053434, expit(0.5918440670521883), add(0.017233888639170768, 5))|0.9815]
GEN_41_FIT_0.8956841877751047_0.8993453101086046_0.9142163959056152_SIZE_1_1.3_3
GEN_42_FIT_0.8956841877751047_0.8993453101086046_0.9142163959056152_SIZE_1_1.3_3
GEN_43_FIT_0.8956841877751047_0.8984271941065824_0.9143862839956802_SIZE_1_1.2_3
GEN_44_FIT_0.8956841877751047_0.8993622989176112_0.9143862839956802_SIZE_1_1.3_3
GEN_45_FIT_0.8956841877751047_0.8993622989176112_0.9143862839956802_SIZE_1_1.3_3
GEN_46_FIT_0.8956841877751047_0.8993622989176112_0.9143862839956802_SIZE_1_1.3_3
GEN_47_FIT_0.8956841877751047_0.8993622989176112_0.9143862839956802_SIZE_1_1.3_3
GEN_48_FIT_0.8956841877751047_0.8993622989176112_0.9143862839956802_SIZE_1_1.3_3
GEN_49_FIT_0.8956841877751047_0.8993622989176112_0.9143862839956802_SIZE_1_1.3_3
GEN_50_FIT_0.8956841877751047_0.8993622989176112_0.9143862839956802_SIZE_1_1.3_3
GEN_51_FIT_0.8956841877751047_0.8993622989176112_0.9143862839956802_SIZE_1_1.3_3
GEN_52_FIT_0.8956841877751047_0.8993622989176112_0.9143862839956802_SIZE_1_1.3_3
GEN_53_FIT_0.8956841877751047_0.8993622989176112_0.9143862839956802_SIZE_1_1.3_3
GEN_54_FIT_0.8956841877751047_0.8993622989176112_0.9143862839956802_SIZE_1_1.3_3
GEN_55_FIT_0.8956841877751047_0.8993622989176112_0.9143862839956802_SIZE_1_1.3_3
GEN_56_FIT_0.8956841877751047_0.8993622989176112_0.9143862839956802_SIZE_1_1.3_3
GEN_57_FIT_0.8956841877751047_0.8993622989176112_0.9143862839956802_SIZE_1_1.3_3
GEN_58_FIT_0.8956841877751047_0.8993622989176112_0.9143862839956802_SIZE_1_1.3_3
GEN_59_FIT_0.8956841877751047_0.8984626328505033_0.9143862839956802_SIZE_1_1.25_3
GEN_60_FIT_0.8956841877751047_0.8993708683038447_0.9143862839956802_SIZE_1_1.3_3
Evaluating in sample:
[GEN_60|make_tuple(0.5064071724140874, 3, 6)|0.8957]
[GEN_60|make_tuple(0.6181335988053434, expit(0.597250231099735), 5)|0.9138]
[GEN_60|make_tuple(0.6181335988053434, expit(0.6029367376091763), add(0.017233888639170768, 5))|0.9144]
Evaluating out-of-sample:
[GEN_60|make_tuple(0.5064071724140874, 3, 6)|0.9637]
[GEN_60|make_tuple(0.6181335988053434, expit(0.597250231099735), 5)|0.9816]
[GEN_60|make_tuple(0.6181335988053434, expit(0.6029367376091763), add(0.017233888639170768, 5))|0.9814]
GEN_61_FIT_0.8956841877751047_0.8984638774891099_0.9143862839956802_SIZE_1_1.25_3
GEN_62_FIT_0.8956841877751047_0.8993733575810576_0.9143862839956802_SIZE_1_1.3_3
GEN_63_FIT_0.8956841877751047_0.8993733575810576_0.9143862839956802_SIZE_1_1.3_3
GEN_64_FIT_0.8956841877751047_0.8984430107959953_0.914481444515009_SIZE_1_1.2_3
GEN_65_FIT_0.8956841877751047_0.8984430107959953_0.914481444515009_SIZE_1_1.2_3
GEN_66_FIT_0.8956841877751047_0.8984430107959953_0.914481444515009_SIZE_1_1.2_3
GEN_67_FIT_0.8956841877751047_0.8993828736329904_0.914481444515009_SIZE_1_1.3_3
GEN_68_FIT_0.8956841877751047_0.8993828736329904_0.914481444515009_SIZE_1_1.3_3
GEN_69_FIT_0.8956841877751047_0.8993828736329904_0.914481444515009_SIZE_1_1.3_3
GEN_70_FIT_0.8956841877751047_0.8993828736329904_0.914481444515009_SIZE_1_1.3_3
GEN_71_FIT_0.8956841877751047_0.8993828736329904_0.914481444515009_SIZE_1_1.3_3
GEN_72_FIT_0.8956841877751047_0.904014015495247_0.914481444515009_SIZE_1_1.7_3
GEN_73_FIT_0.8956982413826124_0.9124815932215793_0.914481444515009_SIZE_1_2.6_3
GEN_74_FIT_0.8956982413826124_0.9125423587116742_0.914481444515009_SIZE_1_2.7_3
GEN_75_FIT_0.8956982413826124_0.9125423587116742_0.914481444515009_SIZE_1_2.7_3
GEN_76_FIT_0.8956982413826124_0.9125423587116742_0.914481444515009_SIZE_1_2.7_3
GEN_77_FIT_0.8956982413826124_0.9125423587116742_0.914481444515009_SIZE_1_2.7_3
GEN_78_FIT_0.8956982413826124_0.9125423587116742_0.914481444515009_SIZE_1_2.7_3
GEN_79_FIT_0.8956982413826124_0.9125423587116742_0.914481444515009_SIZE_1_2.7_3
GEN_80_FIT_0.8956982413826124_0.9125423587116742_0.914481444515009_SIZE_1_2.7_3
Evaluating in sample:
[GEN_80|make_tuple(0.5066958766441619, 21, 6)|0.8957]
[GEN_80|make_tuple(0.6181335988053434, expit(0.5989017589189901), 5)|0.9139]
[GEN_80|make_tuple(0.6181335988053434, expit(0.5989017589189901), add(0.0020652712825726216, 5))|0.9145]
Evaluating out-of-sample:
[GEN_80|make_tuple(0.5066958766441619, 21, 6)|0.9637]
[GEN_80|make_tuple(0.6181335988053434, expit(0.5989017589189901), 5)|0.9816]
[GEN_80|make_tuple(0.6181335988053434, expit(0.5989017589189901), add(0.0020652712825726216, 5))|0.9815]
GEN_81_FIT_0.8956982413826124_0.9125423587116742_0.914481444515009_SIZE_1_2.7_3
GEN_82_FIT_0.8956982413826124_0.9125423587116742_0.914481444515009_SIZE_1_2.7_3
GEN_83_FIT_0.8956982413826124_0.9125423587116742_0.914481444515009_SIZE_1_2.7_3
GEN_84_FIT_0.8956982413826124_0.9125423587116742_0.914481444515009_SIZE_1_2.7_3
GEN_85_FIT_0.8956982413826124_0.9125423587116742_0.914481444515009_SIZE_1_2.7_3
Evaluating in sample:
[GEN_85|make_tuple(0.5066958766441619, 21, 6)|0.8957]
[GEN_85|make_tuple(0.6181335988053434, expit(0.5989017589189901), 5)|0.9139]
[GEN_85|make_tuple(0.6181335988053434, expit(0.5989017589189901), add(0.0020652712825726216, 5))|0.9145]
Evaluating out-of-sample:
[GEN_85|make_tuple(0.5066958766441619, 21, 6)|0.9637]
[GEN_85|make_tuple(0.6181335988053434, expit(0.5989017589189901), 5)|0.9816]
[GEN_85|make_tuple(0.6181335988053434, expit(0.5989017589189901), add(0.0020652712825726216, 5))|0.9815]
Stopped early in iteration 85, no improvement in 20 gens.
START_TASK: 23
GEN_0_FIT_0.8709372150263941_0.8846482446563139_0.9085958097531087_SIZE_1_3.0_11
GEN_1_FIT_0.8777017645949787_0.8963263049895387_0.9134950095188876_SIZE_1_2.1_4
GEN_2_FIT_0.8915037981332933_0.9016178434130815_0.9134950095188876_SIZE_1_2.15_5
GEN_3_FIT_0.8939704576875162_0.9043992142526033_0.9134950095188876_SIZE_1_1.8_3
GEN_4_FIT_0.8942752455386336_0.9105981619651559_0.9134950095188876_SIZE_1_2.2_3
GEN_5_FIT_0.8944152801155567_0.9087614247865465_0.9136776040454891_SIZE_1_1.8_3
GEN_6_FIT_0.8944152801155567_0.8994562688151403_0.9148487067245441_SIZE_1_1.3_3
GEN_7_FIT_0.8948871181212779_0.9054537405447801_0.9148487067245441_SIZE_1_1.75_3
GEN_8_FIT_0.8949467997599911_0.9068263459409523_0.914942719569787_SIZE_1_1.65_3
GEN_9_FIT_0.8959201440177164_0.9073292595813169_0.9150286188535446_SIZE_1_1.6_2
GEN_10_FIT_0.8960767010620628_0.9055493590543751_0.9150286188535446_SIZE_1_1.5_2
GEN_11_FIT_0.8961141731649667_0.9103274189741466_0.9150286188535446_SIZE_1_1.8_3
GEN_12_FIT_0.896514832149875_0.9085568416880576_0.9150419666403433_SIZE_1_1.65_2
GEN_13_FIT_0.89651842776309_0.9057960498247632_0.9150419666403433_SIZE_1_1.5_2
GEN_14_FIT_0.8965640374262596_0.8984118303476679_0.9150419666403433_SIZE_1_1.1_2
GEN_15_FIT_0.8965640374262596_0.8984118303476679_0.9150419666403433_SIZE_1_1.1_2
GEN_16_FIT_0.8965640374262596_0.8984118303476679_0.9150419666403433_SIZE_1_1.1_2
GEN_17_FIT_0.8965640374262596_0.9002427911779396_0.9150419666403433_SIZE_1_1.2_2
GEN_18_FIT_0.8965640374262596_0.9020737520082113_0.9150419666403433_SIZE_1_1.3_2
GEN_19_FIT_0.8966290716018658_0.9121227806207066_0.9150419666403433_SIZE_1_1.85_2
GEN_20_FIT_0.8966974443112745_0.9132075144074367_0.9150419666403433_SIZE_1_1.9_2
Evaluating in sample:
[GEN_20|make_tuple(0.5050654083712975, 40, 5)|0.8967]
[GEN_20|make_tuple(0.6212830723798235, expit(0.601030087448384), 5)|0.9150]
Evaluating out-of-sample:
[GEN_20|make_tuple(0.5050654083712975, 40, 5)|0.8222]
[GEN_20|make_tuple(0.6212830723798235, expit(0.601030087448384), 5)|0.8314]
GEN_21_FIT_0.8966974443112745_0.9132075144074367_0.9150419666403433_SIZE_1_1.9_2
GEN_22_FIT_0.895948601902121_0.9095046234986537_0.9151110801901182_SIZE_1_1.7_2
GEN_23_FIT_0.8966290716018658_0.9031181512887908_0.915111340915866_SIZE_1_1.4_3
GEN_24_FIT_0.8966974443112745_0.8994595027293887_0.915111340915866_SIZE_1_1.2_3
GEN_25_FIT_0.8966974443112745_0.9003801975596181_0.915111340915866_SIZE_1_1.3_3
GEN_26_FIT_0.8966974443112745_0.9003801975596181_0.915111340915866_SIZE_1_1.3_3
GEN_27_FIT_0.8966974443112745_0.9003801975596181_0.915111340915866_SIZE_1_1.3_3
GEN_28_FIT_0.8966974443112745_0.897618400440148_0.9151165668887413_SIZE_1_1.05_2
GEN_29_FIT_0.8966974443112745_0.8984851538586739_0.9151165668887413_SIZE_1_1.1_2
GEN_30_FIT_0.8966974443112745_0.8985211896605186_0.9151165668887413_SIZE_1_1.1_2
GEN_31_FIT_0.8966974443112745_0.8994275341765314_0.9151165668887413_SIZE_1_1.15_2
GEN_32_FIT_0.8967211462822234_0.9003547896403017_0.9151165668887413_SIZE_1_1.2_2
GEN_33_FIT_0.8967211462822234_0.9048875397789704_0.9151165668887413_SIZE_1_1.45_2
GEN_34_FIT_0.8967286231254151_0.9031644034425794_0.9151165668887413_SIZE_1_1.35_2
GEN_35_FIT_0.8967286231254151_0.9132777725124088_0.9151165668887413_SIZE_1_1.9_2
GEN_36_FIT_0.8967286231254151_0.9132777725124088_0.9151165668887413_SIZE_1_1.9_2
GEN_37_FIT_0.8967286231254151_0.9132777725124088_0.9151165668887413_SIZE_1_1.9_2
GEN_38_FIT_0.8967286231254151_0.9132777725124088_0.9151165668887413_SIZE_1_1.9_2
GEN_39_FIT_0.8967286231254151_0.9132777725124088_0.9151165668887413_SIZE_1_1.9_2
GEN_40_FIT_0.8967286231254151_0.9132777725124088_0.9151165668887413_SIZE_1_1.9_2
Evaluating in sample:
[GEN_40|make_tuple(0.5062149054607566, 36, 6)|0.8967]
[GEN_40|make_tuple(0.616555236086369, expit(0.5996693276276541), 5)|0.9151]
Evaluating out-of-sample:
[GEN_40|make_tuple(0.5062149054607566, 36, 6)|0.8385]
[GEN_40|make_tuple(0.616555236086369, expit(0.5996693276276541), 5)|0.8340]
GEN_41_FIT_0.8967286231254151_0.9132777725124088_0.9151165668887413_SIZE_1_1.9_2
GEN_42_FIT_0.8967286231254151_0.9132777725124088_0.9151165668887413_SIZE_1_1.9_2
GEN_43_FIT_0.8967286231254151_0.9133079065354931_0.9157192473504294_SIZE_1_1.95_3
GEN_44_FIT_0.8967286231254151_0.9115293802053293_0.9157192473504294_SIZE_1_1.95_3
GEN_45_FIT_0.8967286231254151_0.9088615907100837_0.9157192473504294_SIZE_1_1.95_3
GEN_46_FIT_0.8967286231254151_0.9004664799242492_0.9157192473504294_SIZE_1_1.3_3
GEN_47_FIT_0.8967286231254151_0.9004664799242492_0.9157192473504294_SIZE_1_1.3_3
GEN_48_FIT_0.8967286231254151_0.9004664799242492_0.9157192473504294_SIZE_1_1.3_3
GEN_49_FIT_0.8967286231254151_0.9004664799242492_0.9157192473504294_SIZE_1_1.3_3
GEN_50_FIT_0.8967286231254151_0.9004664799242492_0.9157192473504294_SIZE_1_1.3_3
GEN_51_FIT_0.8967286231254151_0.9004664799242492_0.9157192473504294_SIZE_1_1.3_3
GEN_52_FIT_0.8967286231254151_0.9004664799242492_0.9157192473504294_SIZE_1_1.3_3
GEN_53_FIT_0.8967286231254151_0.9004664799242492_0.9157192473504294_SIZE_1_1.3_3
GEN_54_FIT_0.8967286231254151_0.9004664799242492_0.9157192473504294_SIZE_1_1.3_3
GEN_55_FIT_0.8967286231254151_0.9004664799242492_0.9157192473504294_SIZE_1_1.3_3
GEN_56_FIT_0.8967286231254151_0.9004664799242492_0.9157192473504294_SIZE_1_1.3_3
GEN_57_FIT_0.8967286231254151_0.9004664799242492_0.9157192473504294_SIZE_1_1.3_3
GEN_58_FIT_0.8967286231254151_0.9004664799242492_0.9157192473504294_SIZE_1_1.3_3
GEN_59_FIT_0.8967286231254151_0.9004664799242492_0.9157192473504294_SIZE_1_1.3_3
GEN_60_FIT_0.8967286231254151_0.9004664799242492_0.9157192473504294_SIZE_1_1.3_3
Evaluating in sample:
[GEN_60|make_tuple(0.5062149054607566, 36, 6)|0.8967]
[GEN_60|make_tuple(0.616555236086369, expit(0.5996693276276541), 5)|0.9151]
[GEN_60|make_tuple(0.616555236086369, expit(0.5996693276276541), add(5, 0.45071273591373523))|0.9157]
Evaluating out-of-sample:
[GEN_60|make_tuple(0.5062149054607566, 36, 6)|0.8385]
[GEN_60|make_tuple(0.616555236086369, expit(0.5996693276276541), 5)|0.8340]
[GEN_60|make_tuple(0.616555236086369, expit(0.5996693276276541), add(5, 0.45071273591373523))|0.8344]
GEN_61_FIT_0.8967286231254151_0.9004664799242492_0.9157192473504294_SIZE_1_1.3_3
GEN_62_FIT_0.8967286231254151_0.9004664799242492_0.9157192473504294_SIZE_1_1.3_3
GEN_63_FIT_0.8967286231254151_0.9004664799242492_0.9157192473504294_SIZE_1_1.3_3
GEN_64_FIT_0.8967286231254151_0.9004664799242492_0.9157192473504294_SIZE_1_1.3_3
Evaluating in sample:
[GEN_64|make_tuple(0.5062149054607566, 36, 6)|0.8967]
[GEN_64|make_tuple(0.616555236086369, expit(0.5996693276276541), 5)|0.9151]
[GEN_64|make_tuple(0.616555236086369, expit(0.5996693276276541), add(5, 0.45071273591373523))|0.9157]
Evaluating out-of-sample:
[GEN_64|make_tuple(0.5062149054607566, 36, 6)|0.8385]
[GEN_64|make_tuple(0.616555236086369, expit(0.5996693276276541), 5)|0.8340]
[GEN_64|make_tuple(0.616555236086369, expit(0.5996693276276541), add(5, 0.45071273591373523))|0.8344]
Stopped early in iteration 64, no improvement in 20 gens.
START_TASK: 24
