Starting problem: mlr_knn
param:age_regularization:100000.0
param:algorithm:mupluslambda
param:constants_only:True
param:cxpb:0.25
param:early_stop_n:20
param:lambda_:100
param:max_number_operators:None
param:max_start_size:2
param:mu:20
param:ngen:300
param:optimize_constants:False
param:output_file:/home/gijsbers/symbolicdefaults/runs/mlr_knn_True_12.log
param:problem:mlr_knn
param:subset:1.0
param:task:None
param:warm_start:False
Benchmark problems: mlr_knn
Loading surrogates from file.
START_TASK: 3
GEN_0_FIT_0.6497984710006307_0.7068079001574152_0.7505003509537964_SIZE_1_1.45_5
GEN_1_FIT_0.735615660311084_0.7430553481102871_0.7505003509537964_SIZE_1_1.15_2
GEN_2_FIT_0.7456049399199571_0.749451626711702_0.7564334308159713_SIZE_1_1.2_2
GEN_3_FIT_0.7541264532036206_0.7560665563998679_0.7584994633760483_SIZE_1_1.15_2
GEN_4_FIT_0.7576365263584991_0.7581040452985613_0.7588985134318701_SIZE_1_1.1_2
GEN_5_FIT_0.7582186983538062_0.7586453123573207_0.7588985134318701_SIZE_1_1.2_3
GEN_6_FIT_0.7588985134318701_0.7595587521676307_0.7703938523393316_SIZE_1_1.1_3
GEN_7_FIT_0.7591841893138611_0.7621445446119561_0.7712054982065849_SIZE_1_1.2_3
GEN_8_FIT_0.7598004437694837_0.7693953476904445_0.7712054982065849_SIZE_1_1.3_3
GEN_9_FIT_0.7704432179116373_0.7709129751444878_0.7712054982065849_SIZE_1_1.1_2
GEN_10_FIT_0.7712054982065849_0.7712271254093898_0.7714683456671287_SIZE_1_1.0_1
GEN_11_FIT_0.7712054982065849_0.7713338963419375_0.7714683456671287_SIZE_1_1.05_2
GEN_12_FIT_0.7714683456671287_0.7714741575871713_0.7715152319843327_SIZE_1_1.1_2
GEN_13_FIT_0.7714722407056164_0.7714889227038239_0.7715152319843327_SIZE_1_1.15_2
GEN_14_FIT_0.7715107597239341_0.7715152858846442_0.7715431435529541_SIZE_1_1.15_2
GEN_15_FIT_0.7715152319843327_0.771520619465184_0.7715431435529541_SIZE_1_1.15_2
GEN_16_FIT_0.7715152319843327_0.7715342225094841_0.7715437191558919_SIZE_1_1.5_2
GEN_17_FIT_0.7715374918340114_0.7715449577201842_0.7715716307245133_SIZE_1_1.65_2
GEN_18_FIT_0.7715392468954935_0.7715570041011428_0.7715716307245133_SIZE_1_1.55_3
GEN_19_FIT_0.7715437191558919_0.771546510312754_0.7715716307245133_SIZE_1_1.1_2
GEN_20_FIT_0.7715437191558919_0.7715508446272794_0.7715716307245133_SIZE_1_1.25_2
Evaluating in sample:
[GEN_20|make_tuple(9, 63, 200, 309)|0.7715]
[GEN_20|make_tuple(9, 63, add(200, 1), 310)|0.7716]
Evaluating out-of-sample:
[GEN_20|make_tuple(9, 63, 200, 309)|0.8734]
[GEN_20|make_tuple(9, 63, add(200, 1), 310)|0.8734]
GEN_21_FIT_0.7715437191558919_0.7715698562512757_0.7716679827773086_SIZE_1_1.65_2
GEN_22_FIT_0.7715484838968091_0.7715743718814284_0.7716679827773086_SIZE_1_1.8_2
GEN_23_FIT_0.7715484838968091_0.7715997398315209_0.7717160514659986_SIZE_1_1.5_3
GEN_24_FIT_0.7715763954654306_0.7716802274527563_0.7717160514659986_SIZE_1_1.3_2
GEN_25_FIT_0.7717080385868695_0.7717193940775405_0.7717606635669256_SIZE_1_1.75_2
GEN_26_FIT_0.7717080385868695_0.7717235379769952_0.7717606635669256_SIZE_1_1.5_2
GEN_27_FIT_0.7717160514659986_0.7717398435285231_0.7717606635669256_SIZE_1_1.25_2
GEN_28_FIT_0.7717606635669256_0.7717724963376975_0.7719063825910838_SIZE_1_1.1_2
GEN_29_FIT_0.7717606635669256_0.7717964256319035_0.7719063825910838_SIZE_1_1.3_3
GEN_30_FIT_0.7717606635669256_0.7718421117951333_0.7719063825910838_SIZE_1_1.35_3
GEN_31_FIT_0.7718588947034478_0.7718850130416476_0.7719063825910838_SIZE_1_1.45_2
GEN_32_FIT_0.7718588947034478_0.7719016338023202_0.7719063825910838_SIZE_1_1.65_2
GEN_33_FIT_0.7718588947034478_0.7719016338023201_0.7719063825910838_SIZE_1_1.25_2
GEN_34_FIT_0.7719063825910838_0.7719063825910838_0.7719063825910838_SIZE_1_1.0_1
GEN_35_FIT_0.7719063825910838_0.7719063825910838_0.7719063825910838_SIZE_1_1.0_1
GEN_36_FIT_0.7719063825910838_0.7719063825910838_0.7719063825910838_SIZE_1_1.0_1
GEN_37_FIT_0.7719063825910838_0.7719066755740862_0.7719122422511318_SIZE_1_1.0_1
GEN_38_FIT_0.7719063825910838_0.7719081404890982_0.7719122422511318_SIZE_1_1.05_2
GEN_39_FIT_0.7719122422511318_0.7719122422511318_0.7719122422511318_SIZE_1_1.0_1
GEN_40_FIT_0.7719122422511318_0.7719122422511318_0.7719122422511318_SIZE_1_1.0_1
Evaluating in sample:
[GEN_40|make_tuple(9, 29, 201, 311)|0.7719]
Evaluating out-of-sample:
[GEN_40|make_tuple(9, 29, 201, 311)|0.8884]
GEN_41_FIT_0.7719122422511318_0.7719122422511318_0.7719122422511318_SIZE_1_1.0_1
GEN_42_FIT_0.7719122422511318_0.7719122422511318_0.7719122422511318_SIZE_1_1.0_1
GEN_43_FIT_0.7719122422511318_0.7719122422511318_0.7719122422511318_SIZE_1_1.0_1
GEN_44_FIT_0.7719122422511318_0.7719122422511318_0.7719122422511318_SIZE_1_1.0_1
GEN_45_FIT_0.7719122422511318_0.7719122422511318_0.7719122422511318_SIZE_1_1.0_1
GEN_46_FIT_0.7719122422511318_0.7719122422511318_0.7719122422511318_SIZE_1_1.0_1
GEN_47_FIT_0.7719122422511318_0.7719122422511318_0.7719122422511318_SIZE_1_1.0_1
GEN_48_FIT_0.7719122422511318_0.7719122422511318_0.7719122422511318_SIZE_1_1.0_1
GEN_49_FIT_0.7719122422511318_0.7719122422511318_0.7719122422511318_SIZE_1_1.0_1
GEN_50_FIT_0.7719122422511318_0.7719122422511318_0.7719122422511318_SIZE_1_1.0_1
GEN_51_FIT_0.7719122422511318_0.7719122422511318_0.7719122422511318_SIZE_1_1.0_1
GEN_52_FIT_0.7719122422511318_0.7719122422511318_0.7719122422511318_SIZE_1_1.0_1
GEN_53_FIT_0.7719122422511318_0.7719122422511318_0.7719122422511318_SIZE_1_1.0_1
GEN_54_FIT_0.7719122422511318_0.7719122422511318_0.7719122422511318_SIZE_1_1.0_1
GEN_55_FIT_0.7719122422511318_0.7719122422511318_0.7719122422511318_SIZE_1_1.0_1
GEN_56_FIT_0.7719122422511318_0.7719122422511318_0.7719122422511318_SIZE_1_1.0_1
GEN_57_FIT_0.7719122422511318_0.7719122422511318_0.7719122422511318_SIZE_1_1.0_1
GEN_58_FIT_0.7719122422511318_0.7719122422511318_0.7719122422511318_SIZE_1_1.0_1
Evaluating in sample:
[GEN_58|make_tuple(9, 29, 201, 311)|0.7719]
Evaluating out-of-sample:
[GEN_58|make_tuple(9, 29, 201, 311)|0.8884]
Stopped early in iteration 58, no improvement in 20 gens.
START_TASK: 6
GEN_0_FIT_0.6816034189557103_0.7178383561511554_0.7535865518935174_SIZE_1_3.0_13
GEN_1_FIT_0.7234891860831958_0.749908573017364_0.7544760534485266_SIZE_1_1.8_4
GEN_2_FIT_0.7529772415800843_0.7552621285564641_0.7585905019764739_SIZE_1_1.6_3
GEN_3_FIT_0.7552037032608648_0.758073152268172_0.7657651906336682_SIZE_1_1.5_3
GEN_4_FIT_0.7584807971314314_0.7610932341948332_0.7697844930254409_SIZE_1_1.3_3
GEN_5_FIT_0.7657651906336682_0.7675971920899513_0.7703713653897222_SIZE_1_1.05_2
GEN_6_FIT_0.7697844930254409_0.7699830214803857_0.770980694847152_SIZE_1_1.25_3
GEN_7_FIT_0.7701029098749349_0.7704764371416892_0.770980694847152_SIZE_1_1.55_3
GEN_8_FIT_0.7708520780977527_0.7709590464663922_0.7710722425156937_SIZE_1_1.1_2
GEN_9_FIT_0.770980694847152_0.7710208685860758_0.7711506725148198_SIZE_1_1.05_2
GEN_10_FIT_0.7710722425156937_0.7711227126031396_0.7711734273555299_SIZE_1_1.1_2
GEN_11_FIT_0.7711429943482795_0.7711844148066624_0.771688342743739_SIZE_1_1.3_2
GEN_12_FIT_0.7711734273555299_0.7714083337882041_0.771695203351071_SIZE_1_1.5_3
GEN_13_FIT_0.7713053169820424_0.7716348473427515_0.7717216016820458_SIZE_1_1.8_3
GEN_14_FIT_0.7713053169820424_0.7715374947607747_0.7718599897409495_SIZE_1_1.4_3
GEN_15_FIT_0.771688342743739_0.7717290890115935_0.7718760598939796_SIZE_1_1.45_3
GEN_16_FIT_0.7717216016820458_0.7718153692353766_0.7718760598939796_SIZE_1_1.3_2
GEN_17_FIT_0.7718760598939796_0.771878876810258_0.7719323982195472_SIZE_1_1.0_1
GEN_18_FIT_0.7718760598939796_0.7718816937265365_0.7719323982195472_SIZE_1_1.05_2
GEN_19_FIT_0.7718760598939796_0.7719042290567636_0.7719323982195472_SIZE_1_1.1_2
GEN_20_FIT_0.7719323982195472_0.7719323982195473_0.7719323982195472_SIZE_1_1.0_1
Evaluating in sample:
[GEN_20|make_tuple(9, 258, 199, 309)|0.7719]
Evaluating out-of-sample:
[GEN_20|make_tuple(9, 258, 199, 309)|0.8283]
GEN_21_FIT_0.7719323982195472_0.7719323982195473_0.7719323982195472_SIZE_1_1.0_1
GEN_22_FIT_0.7719323982195472_0.7719526773123627_0.7723379800758576_SIZE_1_1.0_1
GEN_23_FIT_0.7719323982195472_0.7719526773123627_0.7723379800758576_SIZE_1_1.0_1
GEN_24_FIT_0.7719323982195472_0.7720201856719454_0.7723379800758576_SIZE_1_1.0_1
GEN_25_FIT_0.7719323982195472_0.7722031143539732_0.7723379800758576_SIZE_1_1.05_2
GEN_26_FIT_0.7723379800758576_0.7723409029838972_0.7723964382366514_SIZE_1_1.0_1
GEN_27_FIT_0.7723379800758576_0.7723515061060304_0.7724362112123799_SIZE_1_1.05_2
GEN_28_FIT_0.7723379800758576_0.7723807010659349_0.7724362112123799_SIZE_1_1.2_2
GEN_29_FIT_0.7723964382366514_0.7724349940547842_0.7724439261242873_SIZE_1_1.0_1
GEN_30_FIT_0.7724362112123799_0.7724385256859522_0.7724439261242873_SIZE_1_1.0_1
GEN_31_FIT_0.7724362112123799_0.7724435403786919_0.7724439261242873_SIZE_1_1.05_2
GEN_32_FIT_0.7724439261242873_0.7724441297804178_0.7724479992468962_SIZE_1_1.0_1
GEN_33_FIT_0.7724439261242873_0.7724445370926787_0.7724479992468962_SIZE_1_1.0_1
GEN_34_FIT_0.7724439261242873_0.77244514806107_0.7724479992468962_SIZE_1_1.0_1
GEN_35_FIT_0.7724439261242873_0.772446980966244_0.7724479992468962_SIZE_1_1.05_2
GEN_36_FIT_0.7724479992468962_0.7724479992468962_0.7724479992468962_SIZE_1_1.0_1
GEN_37_FIT_0.7724479992468962_0.7724479992468962_0.7724479992468962_SIZE_1_1.0_1
GEN_38_FIT_0.7724479992468962_0.7724479992468962_0.7724479992468962_SIZE_1_1.0_1
GEN_39_FIT_0.7724479992468962_0.7724479992468962_0.7724479992468962_SIZE_1_1.0_1
GEN_40_FIT_0.7724479992468962_0.7724479992468962_0.7724479992468962_SIZE_1_1.0_1
Evaluating in sample:
[GEN_40|make_tuple(9, 29, 201, 310)|0.7724]
Evaluating out-of-sample:
[GEN_40|make_tuple(9, 29, 201, 310)|0.8261]
GEN_41_FIT_0.7724479992468962_0.7724479992468962_0.7724479992468962_SIZE_1_1.0_1
GEN_42_FIT_0.7724479992468962_0.7724479992468962_0.7724479992468962_SIZE_1_1.0_1
GEN_43_FIT_0.7724479992468962_0.7724479992468962_0.7724479992468962_SIZE_1_1.0_1
GEN_44_FIT_0.7724479992468962_0.7724479992468962_0.7724479992468962_SIZE_1_1.0_1
GEN_45_FIT_0.7724479992468962_0.7724479992468962_0.7724479992468962_SIZE_1_1.0_1
GEN_46_FIT_0.7724479992468962_0.7724479992468962_0.7724479992468962_SIZE_1_1.0_1
GEN_47_FIT_0.7724479992468962_0.7724479992468962_0.7724479992468962_SIZE_1_1.0_1
GEN_48_FIT_0.7724479992468962_0.7724479992468962_0.7724479992468962_SIZE_1_1.0_1
GEN_49_FIT_0.7724479992468962_0.7724479992468962_0.7724479992468962_SIZE_1_1.0_1
GEN_50_FIT_0.7724479992468962_0.7724479992468962_0.7724479992468962_SIZE_1_1.0_1
GEN_51_FIT_0.7724479992468962_0.7724479992468962_0.7724479992468962_SIZE_1_1.0_1
GEN_52_FIT_0.7724479992468962_0.7724479992468962_0.7724479992468962_SIZE_1_1.0_1
GEN_53_FIT_0.7724479992468962_0.7724479992468962_0.7724479992468962_SIZE_1_1.0_1
Evaluating in sample:
[GEN_53|make_tuple(9, 29, 201, 310)|0.7724]
Evaluating out-of-sample:
[GEN_53|make_tuple(9, 29, 201, 310)|0.8261]
Stopped early in iteration 53, no improvement in 20 gens.
START_TASK: 11
