Starting problem: mlr_rf
param:age_regularization:100000.0
param:algorithm:mupluslambda
param:constants_only:True
param:cxpb:0.25
param:early_stop_n:20
param:lambda_:100
param:max_number_operators:None
param:max_start_size:2
param:mu:20
param:ngen:300
param:optimize_constants:False
param:output_file:/home/gijsbers/symbolicdefaults/runs/mlr_rf_True_13.log
param:problem:mlr_rf
param:subset:1.0
param:task:None
param:warm_start:False
Benchmark problems: mlr_rf
Loading surrogates from file.
With fixed hyperparameters: {'num.trees': 500.0}:
And hyperparameters: ['num.trees', 'sample.fraction', 'min.node.size', 'mtry']:
START_TASK: 3
GEN_0_FIT_0.8685707681659413_0.8874145241672992_0.9008605357651808_SIZE_1_3.9_10
GEN_1_FIT_0.8899624398907015_0.8955796443304365_0.9081114006783342_SIZE_1_1.95_4
GEN_2_FIT_0.8920747256681875_0.8972569148512924_0.909742688117956_SIZE_1_1.55_3
GEN_3_FIT_0.8921060679092528_0.8993310811778651_0.9100795601750932_SIZE_1_1.4_2
GEN_4_FIT_0.8925320815319423_0.9047824072529407_0.9100795601750932_SIZE_1_1.8_3
GEN_5_FIT_0.8927792983169218_0.9008094749621034_0.9116846187107788_SIZE_1_1.6_3
GEN_6_FIT_0.8933630217173382_0.9057746126279074_0.9120288731869681_SIZE_1_1.95_3
GEN_7_FIT_0.8938853897585027_0.904534021703296_0.9120972577284693_SIZE_1_1.9_3
GEN_8_FIT_0.8940345632906262_0.9057764125938205_0.9120991919090216_SIZE_1_2.15_4
GEN_9_FIT_0.8944945122045838_0.9078407959398034_0.9130570768174733_SIZE_1_2.1_4
GEN_10_FIT_0.8951694950944236_0.9106191588182698_0.9130570768174733_SIZE_1_2.2_4
GEN_11_FIT_0.8926290331550716_0.9083482384360367_0.913249875359556_SIZE_1_2.4_4
GEN_12_FIT_0.8947237490542119_0.9032039139884978_0.913249875359556_SIZE_1_1.6_4
GEN_13_FIT_0.8951694950944236_0.9032921890094785_0.913249875359556_SIZE_1_1.5_3
GEN_14_FIT_0.8951819600541978_0.8969887515847337_0.913249875359556_SIZE_1_1.1_2
GEN_15_FIT_0.8951819600541978_0.8969887515847337_0.913249875359556_SIZE_1_1.1_2
GEN_16_FIT_0.8951819600541978_0.8969887515847337_0.913249875359556_SIZE_1_1.1_2
GEN_17_FIT_0.8951819600541978_0.897923128640012_0.9138695011597643_SIZE_1_1.2_3
GEN_18_FIT_0.8951819600541978_0.897923128640012_0.9138695011597643_SIZE_1_1.2_3
GEN_19_FIT_0.8951819600541978_0.8979506736699664_0.9144204017588512_SIZE_1_1.2_3
GEN_20_FIT_0.8951819600541978_0.9025122320137546_0.9144204017588512_SIZE_1_1.55_3
Evaluating in sample:
[GEN_20|make_tuple(0.5571325715393827, 134, 6)|0.8952]
[GEN_20|make_tuple(0.6170002660692283, mul(0.004217706539751019, 154), 5)|0.9132]
[GEN_20|make_tuple(0.6170002660692283, mul(0.004217706539751019, 153), add(0.09428329420534459, 5))|0.9144]
Evaluating out-of-sample:
[GEN_20|make_tuple(0.5571325715393827, 134, 6)|0.9976]
[GEN_20|make_tuple(0.6170002660692283, mul(0.004217706539751019, 154), 5)|0.9895]
[GEN_20|make_tuple(0.6170002660692283, mul(0.004217706539751019, 153), add(0.09428329420534459, 5))|0.9894]
GEN_21_FIT_0.8951819600541978_0.9036012416219151_0.9144204017588512_SIZE_1_1.7_3
GEN_22_FIT_0.8951909597288483_0.9094715620059134_0.9144204017588512_SIZE_1_2.35_3
GEN_23_FIT_0.8951909597288483_0.9124370600490794_0.9144204017588512_SIZE_1_2.7_3
GEN_24_FIT_0.8951909597288483_0.9124370600490794_0.9144204017588512_SIZE_1_2.7_3
GEN_25_FIT_0.8951909597288483_0.9124370600490794_0.9144204017588512_SIZE_1_2.7_3
GEN_26_FIT_0.8951909597288483_0.9124370600490794_0.9144204017588512_SIZE_1_2.7_3
GEN_27_FIT_0.8951909597288483_0.912437607290159_0.9144313465804454_SIZE_1_2.75_4
GEN_28_FIT_0.8951909597288483_0.9102747147833128_0.9144313465804454_SIZE_1_2.3_4
GEN_29_FIT_0.8951909597288483_0.9037865473409769_0.9144313465804454_SIZE_1_2.05_4
GEN_30_FIT_0.8951909597288483_0.9009004893132371_0.9144313465804454_SIZE_1_1.6_4
GEN_31_FIT_0.8951909597288483_0.9009004893132371_0.9144313465804454_SIZE_1_1.6_4
GEN_32_FIT_0.8951909597288483_0.9009004893132371_0.9144313465804454_SIZE_1_1.6_4
GEN_33_FIT_0.8951909597288483_0.9009004893132371_0.9144313465804454_SIZE_1_1.6_4
GEN_34_FIT_0.8951909597288483_0.9009004893132371_0.9144313465804454_SIZE_1_1.6_4
GEN_35_FIT_0.8951909597288483_0.9009004893132371_0.9144313465804454_SIZE_1_1.6_4
GEN_36_FIT_0.8951909597288483_0.9009004893132371_0.9144313465804454_SIZE_1_1.6_4
GEN_37_FIT_0.8951909597288483_0.9009004893132371_0.9144313465804454_SIZE_1_1.6_4
GEN_38_FIT_0.8951909597288483_0.9009004893132371_0.9144313465804454_SIZE_1_1.6_4
GEN_39_FIT_0.8951909597288483_0.9009004893132371_0.9144313465804454_SIZE_1_1.6_4
GEN_40_FIT_0.8951909597288483_0.9009004893132371_0.9144313465804454_SIZE_1_1.6_4
Evaluating in sample:
[GEN_40|make_tuple(0.5571325715393827, 134, 6)|0.8952]
[GEN_40|make_tuple(0.6170002660692283, mul(0.004217706539751019, 153), 5)|0.9138]
[GEN_40|make_tuple(0.6170002660692283, mul(0.004217706539751019, 153), add(0.09428329420534459, 5))|0.9144]
[GEN_40|make_tuple(0.6170002660692283, mul(0.004217706539751019, add(153, 0.016377742522930224)), add(0.10020048270004583, 5))|0.9144]
Evaluating out-of-sample:
[GEN_40|make_tuple(0.5571325715393827, 134, 6)|0.9976]
[GEN_40|make_tuple(0.6170002660692283, mul(0.004217706539751019, 153), 5)|0.9893]
[GEN_40|make_tuple(0.6170002660692283, mul(0.004217706539751019, 153), add(0.09428329420534459, 5))|0.9894]
[GEN_40|make_tuple(0.6170002660692283, mul(0.004217706539751019, add(153, 0.016377742522930224)), add(0.10020048270004583, 5))|0.9894]
GEN_41_FIT_0.8951909597288483_0.9009004893132371_0.9144313465804454_SIZE_1_1.6_4
GEN_42_FIT_0.8951909597288483_0.9009004893132371_0.9144313465804454_SIZE_1_1.6_4
GEN_43_FIT_0.8951909597288483_0.9009004893132371_0.9144313465804454_SIZE_1_1.6_4
GEN_44_FIT_0.8951909597288483_0.9009004893132371_0.9144313465804454_SIZE_1_1.6_4
GEN_45_FIT_0.8951909597288483_0.9009004893132371_0.9144313465804454_SIZE_1_1.6_4
GEN_46_FIT_0.8951909597288483_0.9009004893132371_0.9144313465804454_SIZE_1_1.6_4
GEN_47_FIT_0.8951909597288483_0.9009004893132371_0.9144313465804454_SIZE_1_1.6_4
GEN_48_FIT_0.8951909597288483_0.9009004893132371_0.9144313465804454_SIZE_1_1.6_4
Evaluating in sample:
[GEN_48|make_tuple(0.5571325715393827, 134, 6)|0.8952]
[GEN_48|make_tuple(0.6170002660692283, mul(0.004217706539751019, 153), 5)|0.9138]
[GEN_48|make_tuple(0.6170002660692283, mul(0.004217706539751019, 153), add(0.09428329420534459, 5))|0.9144]
[GEN_48|make_tuple(0.6170002660692283, mul(0.004217706539751019, add(153, 0.016377742522930224)), add(0.10020048270004583, 5))|0.9144]
Evaluating out-of-sample:
[GEN_48|make_tuple(0.5571325715393827, 134, 6)|0.9976]
[GEN_48|make_tuple(0.6170002660692283, mul(0.004217706539751019, 153), 5)|0.9893]
[GEN_48|make_tuple(0.6170002660692283, mul(0.004217706539751019, 153), add(0.09428329420534459, 5))|0.9894]
[GEN_48|make_tuple(0.6170002660692283, mul(0.004217706539751019, add(153, 0.016377742522930224)), add(0.10020048270004583, 5))|0.9894]
Stopped early in iteration 48, no improvement in 20 gens.
START_TASK: 6
GEN_0_FIT_0.8687561050951027_0.8779602898785285_0.9021871784300833_SIZE_1_3.3_9
GEN_1_FIT_0.884400032819236_0.8945326760808794_0.9024523105399167_SIZE_1_3.2_9
GEN_2_FIT_0.8848066603458192_0.8968965089865304_0.9088085672415704_SIZE_1_1.85_6
GEN_3_FIT_0.8921487726202687_0.9021848925503105_0.9088313229880914_SIZE_1_1.9_3
GEN_4_FIT_0.8923382904463811_0.9001175275333677_0.910079875499105_SIZE_1_1.5_3
GEN_5_FIT_0.8927299879749756_0.8964887874859888_0.910601979993398_SIZE_1_1.2_2
GEN_6_FIT_0.8939590379890662_0.899010780929354_0.9111092538403058_SIZE_1_1.3_2
GEN_7_FIT_0.8944266616675578_0.9044813913738675_0.9113875612702276_SIZE_1_1.65_3
GEN_8_FIT_0.8952181571093505_0.9073176453441031_0.9119678692734534_SIZE_1_1.8_3
GEN_9_FIT_0.8952181571093505_0.9028993751691772_0.9126458834184997_SIZE_1_1.65_3
GEN_10_FIT_0.8954205689288552_0.9073818155933997_0.9129752935896522_SIZE_1_2.1_4
GEN_11_FIT_0.8954205689288552_0.9057953023451544_0.9133295680903888_SIZE_1_1.75_3
GEN_12_FIT_0.8957261694341623_0.9101390069885508_0.9133295680903888_SIZE_1_2.0_3
GEN_13_FIT_0.8957261694341623_0.904488291554224_0.9133295680903888_SIZE_1_1.85_3
GEN_14_FIT_0.8958483140033707_0.9045602586030675_0.9133295680903888_SIZE_1_1.85_3
GEN_15_FIT_0.8958822555065774_0.9072016392402091_0.9133295680903888_SIZE_1_2.2_3
GEN_16_FIT_0.8958822555065774_0.8984905878380257_0.9135816658848346_SIZE_1_1.2_3
GEN_17_FIT_0.8958822555065774_0.8984905878380257_0.9135816658848346_SIZE_1_1.2_3
GEN_18_FIT_0.8958822555065774_0.8993755583569385_0.9135816658848346_SIZE_1_1.3_3
GEN_19_FIT_0.8958822555065774_0.8993755583569385_0.9135816658848346_SIZE_1_1.3_3
GEN_20_FIT_0.8958822555065774_0.903705346283769_0.913599183865004_SIZE_1_1.65_3
Evaluating in sample:
[GEN_20|make_tuple(0.5568600874485278, 1, 6)|0.8959]
[GEN_20|make_tuple(0.6247683867439624, truediv(0.500186229420291, 0.7772557037421979), 5)|0.9131]
[GEN_20|make_tuple(0.6260009855318296, expit(truediv(0.4659136599215043, 0.7769671084291471)), 5)|0.9136]
Evaluating out-of-sample:
[GEN_20|make_tuple(0.5568600874485278, 1, 6)|0.9173]
[GEN_20|make_tuple(0.6247683867439624, truediv(0.500186229420291, 0.7772557037421979), 5)|0.9883]
[GEN_20|make_tuple(0.6260009855318296, expit(truediv(0.4659136599215043, 0.7769671084291471)), 5)|0.9883]
GEN_21_FIT_0.8958822555065774_0.9088517209631626_0.913599183865004_SIZE_1_1.95_3
GEN_22_FIT_0.8959119569382923_0.9020796350901481_0.913599183865004_SIZE_1_1.65_3
GEN_23_FIT_0.8959119569382923_0.9047098678566616_0.913599183865004_SIZE_1_1.9_3
GEN_24_FIT_0.8959119569382923_0.9109003972810106_0.913599183865004_SIZE_1_2.6_3
GEN_25_FIT_0.8959119569382923_0.906329542564478_0.9142641194072071_SIZE_1_1.75_4
GEN_26_FIT_0.8959119569382923_0.9003550700971852_0.9142641194072071_SIZE_1_1.5_4
GEN_27_FIT_0.8959119569382923_0.9012399468615019_0.9142641194072071_SIZE_1_1.6_4
GEN_28_FIT_0.8959119569382923_0.9012399468615019_0.9142641194072071_SIZE_1_1.6_4
GEN_29_FIT_0.8959119569382923_0.9012399468615019_0.9142641194072071_SIZE_1_1.6_4
GEN_30_FIT_0.8959119569382923_0.9012399468615019_0.9142641194072071_SIZE_1_1.6_4
GEN_31_FIT_0.8959119569382923_0.9091865355689613_0.9142747963381428_SIZE_1_2.45_4
GEN_32_FIT_0.895946474320944_0.9116293205599174_0.9142747963381428_SIZE_1_2.3_4
GEN_33_FIT_0.895946474320944_0.9090456672567508_0.9142747963381428_SIZE_1_2.1_4
GEN_34_FIT_0.895946474320944_0.906782008300083_0.9142747963381428_SIZE_1_2.5_4
GEN_35_FIT_0.895946474320944_0.9003699276085895_0.9143314366286661_SIZE_1_1.45_4
GEN_36_FIT_0.895946474320944_0.9003699276085895_0.9143314366286661_SIZE_1_1.45_4
GEN_37_FIT_0.895946474320944_0.9004349304103567_0.9143314366286661_SIZE_1_1.55_4
GEN_38_FIT_0.895946474320944_0.8995458608942875_0.9143314366286661_SIZE_1_1.45_4
GEN_39_FIT_0.895946474320944_0.901308929040496_0.9143314366286661_SIZE_1_1.6_4
GEN_40_FIT_0.895946474320944_0.901308929040496_0.9143314366286661_SIZE_1_1.6_4
Evaluating in sample:
[GEN_40|make_tuple(0.5048263867655771, 4, 6)|0.8959]
[GEN_40|make_tuple(0.6057667098601351, truediv(0.500186229420291, 0.7772557037421979), 5)|0.9133]
[GEN_40|make_tuple(0.6057667098601351, truediv(0.500186229420291, 0.7772557037421979), add(0.16891566415974818, 5))|0.9139]
[GEN_40|make_tuple(0.6057667098601351, expit(truediv(0.4659136599215043, 0.7768270765787892)), add(0.16891566415974818, 5))|0.9143]
Evaluating out-of-sample:
[GEN_40|make_tuple(0.5048263867655771, 4, 6)|0.9186]
[GEN_40|make_tuple(0.6057667098601351, truediv(0.500186229420291, 0.7772557037421979), 5)|0.9886]
[GEN_40|make_tuple(0.6057667098601351, truediv(0.500186229420291, 0.7772557037421979), add(0.16891566415974818, 5))|0.9883]
[GEN_40|make_tuple(0.6057667098601351, expit(truediv(0.4659136599215043, 0.7768270765787892)), add(0.16891566415974818, 5))|0.9881]
GEN_41_FIT_0.895946474320944_0.901308929040496_0.9143314366286661_SIZE_1_1.6_4
GEN_42_FIT_0.895946474320944_0.901308929040496_0.9143314366286661_SIZE_1_1.6_4
GEN_43_FIT_0.895946474320944_0.901308929040496_0.9143314366286661_SIZE_1_1.6_4
GEN_44_FIT_0.895946474320944_0.901308929040496_0.9143314366286661_SIZE_1_1.6_4
GEN_45_FIT_0.895946474320944_0.901308929040496_0.9143314366286661_SIZE_1_1.6_4
GEN_46_FIT_0.895946474320944_0.9004575000595384_0.9143314366286661_SIZE_1_1.55_4
GEN_47_FIT_0.895946474320944_0.9004575000595384_0.9143314366286661_SIZE_1_1.55_4
GEN_48_FIT_0.895946474320944_0.9004448792095376_0.9143314366286661_SIZE_1_1.5_4
GEN_49_FIT_0.895946474320944_0.9013419978387974_0.9143314366286661_SIZE_1_1.6_4
GEN_50_FIT_0.895946474320944_0.900459786368533_0.9143314366286661_SIZE_1_1.5_4
GEN_51_FIT_0.895946474320944_0.900459786368533_0.9143314366286661_SIZE_1_1.5_4
GEN_52_FIT_0.895946474320944_0.900459786368533_0.9143314366286661_SIZE_1_1.5_4
GEN_53_FIT_0.895946474320944_0.900459786368533_0.9143314366286661_SIZE_1_1.5_4
GEN_54_FIT_0.895946474320944_0.900459786368533_0.9143314366286661_SIZE_1_1.5_4
GEN_55_FIT_0.895946474320944_0.900459786368533_0.9143314366286661_SIZE_1_1.5_4
GEN_56_FIT_0.895946474320944_0.9013718121567879_0.9143314366286661_SIZE_1_1.6_4
Evaluating in sample:
[GEN_56|make_tuple(0.5048263867655771, 4, 6)|0.8959]
[GEN_56|make_tuple(0.6057667098601351, truediv(0.5031474043244418, 0.7772557037421979), 5)|0.9136]
[GEN_56|make_tuple(0.6057667098601351, truediv(0.5031474043244418, 0.7772557037421979), add(0.011566567686943145, 5))|0.9142]
[GEN_56|make_tuple(0.6057667098601351, expit(truediv(0.4659136599215043, 0.7768270765787892)), add(0.16891566415974818, 5))|0.9143]
Evaluating out-of-sample:
[GEN_56|make_tuple(0.5048263867655771, 4, 6)|0.9186]
[GEN_56|make_tuple(0.6057667098601351, truediv(0.5031474043244418, 0.7772557037421979), 5)|0.9884]
[GEN_56|make_tuple(0.6057667098601351, truediv(0.5031474043244418, 0.7772557037421979), add(0.011566567686943145, 5))|0.9881]
[GEN_56|make_tuple(0.6057667098601351, expit(truediv(0.4659136599215043, 0.7768270765787892)), add(0.16891566415974818, 5))|0.9881]
Stopped early in iteration 56, no improvement in 20 gens.
START_TASK: 11
GEN_0_FIT_0.8702270202092214_0.884151770455875_0.8990615891368866_SIZE_1_6.0_12
GEN_1_FIT_0.8708238229895549_0.8920227407520775_0.8990615891368866_SIZE_1_4.2_10
GEN_2_FIT_0.8921974275629506_0.8966365471069416_0.900361238537889_SIZE_1_4.75_9
GEN_3_FIT_0.8921974275629506_0.8966333076674144_0.9061723874375988_SIZE_1_2.9_10
GEN_4_FIT_0.8922804417511118_0.8977039609629776_0.9068504650484835_SIZE_1_2.3_4
GEN_5_FIT_0.8940357254622749_0.9013881700974592_0.910535178207453_SIZE_1_2.5_5
GEN_6_FIT_0.8945846334901313_0.9026575190295112_0.9107921439124507_SIZE_1_2.6_5
GEN_7_FIT_0.895297524639823_0.898310184512493_0.9125111659900565_SIZE_1_1.5_5
GEN_8_FIT_0.8956169212255873_0.9064651175490661_0.9125111659900565_SIZE_1_3.1_5
GEN_9_FIT_0.8956169212255873_0.9042436451798951_0.9128139268581942_SIZE_1_2.45_6
GEN_10_FIT_0.8961878376788546_0.901943773278527_0.9128139268581942_SIZE_1_2.15_5
GEN_11_FIT_0.8963515845876083_0.9003142529000279_0.9128139268581942_SIZE_1_1.75_5
GEN_12_FIT_0.8963515845876083_0.8987175561076584_0.9128663777312471_SIZE_1_1.4_5
GEN_13_FIT_0.8963515845876083_0.8994840981120712_0.9128663777312471_SIZE_1_1.45_5
GEN_14_FIT_0.8963515845876083_0.8996034668930639_0.9128663777312471_SIZE_1_1.55_5
GEN_15_FIT_0.8963515845876083_0.898800891211247_0.9128663777312471_SIZE_1_1.4_5
GEN_16_FIT_0.8963515845876083_0.9004417904445612_0.9132130230684025_SIZE_1_1.6_5
GEN_17_FIT_0.8963515845876083_0.9004417904445612_0.9132130230684025_SIZE_1_1.6_5
GEN_18_FIT_0.8963515845876083_0.9004802965025114_0.9132130230684025_SIZE_1_1.65_5
GEN_19_FIT_0.8963515845876083_0.8996391185358845_0.9132509022166589_SIZE_1_1.45_5
GEN_20_FIT_0.8963515845876083_0.9004840844173371_0.9132509022166589_SIZE_1_1.65_5
Evaluating in sample:
[GEN_20|make_tuple(0.5560951742668508, 569, 6)|0.8964]
[GEN_20|make_tuple(0.6235932990154189, expit(0.897735873197616), 6)|0.9126]
[GEN_20|make_tuple(expit(expit(0.00581062973115374)), expit(0.9488076273524482), 6)|0.9128]
[GEN_20|make_tuple(expit(expit(0.10508254910318579)), expit(expit(0.29951295293268143)), 5)|0.9133]
Evaluating out-of-sample:
[GEN_20|make_tuple(0.5560951742668508, 569, 6)|0.8617]
[GEN_20|make_tuple(0.6235932990154189, expit(0.897735873197616), 6)|0.8921]
[GEN_20|make_tuple(expit(expit(0.00581062973115374)), expit(0.9488076273524482), 6)|0.8895]
[GEN_20|make_tuple(expit(expit(0.10508254910318579)), expit(expit(0.29951295293268143)), 5)|0.9169]
GEN_21_FIT_0.8963515845876083_0.8980281497386932_0.9133787332497549_SIZE_1_1.25_5
GEN_22_FIT_0.8963515845876083_0.8988545840833323_0.9133871996405237_SIZE_1_1.35_5
GEN_23_FIT_0.8963515845876083_0.9013575835790562_0.9133871996405237_SIZE_1_1.7_5
GEN_24_FIT_0.8963515845876083_0.9013575835790562_0.9133871996405237_SIZE_1_1.7_5
GEN_25_FIT_0.8963515845876083_0.9104857258534619_0.9133871996405237_SIZE_1_3.15_5
GEN_26_FIT_0.8963515845876083_0.9088379663551397_0.9138335977993326_SIZE_1_2.2_5
GEN_27_FIT_0.8963804836975744_0.911349168794858_0.9138335977993326_SIZE_1_2.25_5
GEN_28_FIT_0.8930913137983515_0.9088743850430008_0.9138335977993326_SIZE_1_2.45_5
GEN_29_FIT_0.8963804836975744_0.899739438994765_0.9141022695789706_SIZE_1_1.25_3
GEN_30_FIT_0.8963804836975744_0.898915150327058_0.9141022695789706_SIZE_1_1.2_3
GEN_31_FIT_0.8963804836975744_0.898915150327058_0.9141022695789706_SIZE_1_1.2_3
GEN_32_FIT_0.8963804836975744_0.899801239621128_0.9141022695789706_SIZE_1_1.3_3
GEN_33_FIT_0.8963804836975744_0.899801239621128_0.9141022695789706_SIZE_1_1.3_3
GEN_34_FIT_0.8963804836975744_0.899801239621128_0.9141022695789706_SIZE_1_1.3_3
GEN_35_FIT_0.8963804836975744_0.899801239621128_0.9141022695789706_SIZE_1_1.3_3
GEN_36_FIT_0.8963804836975744_0.899801239621128_0.9141022695789706_SIZE_1_1.3_3
GEN_37_FIT_0.8963804836975744_0.899801239621128_0.9141022695789706_SIZE_1_1.3_3
GEN_38_FIT_0.8963804836975744_0.899801239621128_0.9141022695789706_SIZE_1_1.3_3
GEN_39_FIT_0.8963804836975744_0.899801239621128_0.9141022695789706_SIZE_1_1.3_3
GEN_40_FIT_0.8963804836975744_0.899801239621128_0.9141022695789706_SIZE_1_1.3_3
Evaluating in sample:
[GEN_40|make_tuple(0.5565594217909408, 569, 6)|0.8964]
[GEN_40|make_tuple(0.6235932990154189, expit(0.9390968781959118), 6)|0.9129]
[GEN_40|make_tuple(0.6235932990154189, expit(expit(0.4396121690953849)), 5)|0.9141]
Evaluating out-of-sample:
[GEN_40|make_tuple(0.5565594217909408, 569, 6)|0.8617]
[GEN_40|make_tuple(0.6235932990154189, expit(0.9390968781959118), 6)|0.8895]
[GEN_40|make_tuple(0.6235932990154189, expit(expit(0.4396121690953849)), 5)|0.9092]
GEN_41_FIT_0.8963804836975744_0.899801239621128_0.9141022695789706_SIZE_1_1.3_3
GEN_42_FIT_0.8963804836975744_0.899801239621128_0.9141022695789706_SIZE_1_1.3_3
GEN_43_FIT_0.8963804836975744_0.9006930549121606_0.9142167895182266_SIZE_1_1.45_4
GEN_44_FIT_0.8963804836975744_0.9015848702031931_0.9142167895182266_SIZE_1_1.6_4
GEN_45_FIT_0.8963804836975744_0.9007010575073562_0.9143768414221409_SIZE_1_1.45_4
GEN_46_FIT_0.8963804836975744_0.8998217971761207_0.9143768414221409_SIZE_1_1.35_4
GEN_47_FIT_0.8963804836975744_0.8998217971761207_0.9143768414221409_SIZE_1_1.35_4
GEN_48_FIT_0.8963804836975744_0.9007147154330248_0.9143768414221409_SIZE_1_1.45_4
GEN_49_FIT_0.8963804836975744_0.9007147154330248_0.9143768414221409_SIZE_1_1.45_4
GEN_50_FIT_0.8963804836975744_0.9007147154330248_0.9143768414221409_SIZE_1_1.45_4
GEN_51_FIT_0.8963804836975744_0.9016145333192531_0.9143768414221409_SIZE_1_1.6_4
GEN_52_FIT_0.8963804836975744_0.9016145333192531_0.9143768414221409_SIZE_1_1.6_4
GEN_53_FIT_0.8963804836975744_0.9016145333192531_0.9143768414221409_SIZE_1_1.6_4
GEN_54_FIT_0.8963804836975744_0.9007241883390945_0.9143768414221409_SIZE_1_1.5_4
GEN_55_FIT_0.8963804836975744_0.9007241883390945_0.9143768414221409_SIZE_1_1.5_4
GEN_56_FIT_0.8963804836975744_0.9007241883390945_0.9143768414221409_SIZE_1_1.5_4
GEN_57_FIT_0.8963804836975744_0.9007241883390945_0.9143768414221409_SIZE_1_1.5_4
GEN_58_FIT_0.8963804836975744_0.9007241883390945_0.9143768414221409_SIZE_1_1.5_4
GEN_59_FIT_0.8963804836975744_0.9007241883390945_0.9143768414221409_SIZE_1_1.5_4
GEN_60_FIT_0.8963804836975744_0.9016196798727443_0.9143768414221409_SIZE_1_1.6_4
Evaluating in sample:
[GEN_60|make_tuple(0.5565594217909408, 569, 6)|0.8964]
[GEN_60|make_tuple(0.6235932990154189, expit(0.9390968781959118), 6)|0.9129]
[GEN_60|make_tuple(0.6227922797017411, expit(expit(0.4052165592488558)), 5)|0.9143]
[GEN_60|make_tuple(sub(0.6377660688500091, 0.020598205641489307), expit(expit(0.4396121690953849)), 5)|0.9144]
Evaluating out-of-sample:
[GEN_60|make_tuple(0.5565594217909408, 569, 6)|0.8617]
[GEN_60|make_tuple(0.6235932990154189, expit(0.9390968781959118), 6)|0.8895]
[GEN_60|make_tuple(0.6227922797017411, expit(expit(0.4052165592488558)), 5)|0.9092]
[GEN_60|make_tuple(sub(0.6377660688500091, 0.020598205641489307), expit(expit(0.4396121690953849)), 5)|0.9100]
GEN_61_FIT_0.8963804836975744_0.9016196798727443_0.9143768414221409_SIZE_1_1.6_4
GEN_62_FIT_0.8963804836975744_0.898930902657488_0.9144173161875676_SIZE_1_1.2_3
GEN_63_FIT_0.8963804836975744_0.898930902657488_0.9144173161875676_SIZE_1_1.2_3
GEN_64_FIT_0.8963804836975744_0.898930902657488_0.9144173161875676_SIZE_1_1.2_3
GEN_65_FIT_0.8963804836975744_0.8998327442819877_0.9144173161875676_SIZE_1_1.3_3
GEN_66_FIT_0.8963804836975744_0.8998327442819877_0.9144173161875676_SIZE_1_1.3_3
GEN_67_FIT_0.8963804836975744_0.8998327442819877_0.9144173161875676_SIZE_1_1.3_3
GEN_68_FIT_0.8963804836975744_0.8998327442819877_0.9144173161875676_SIZE_1_1.3_3
GEN_69_FIT_0.8963804836975744_0.8998327442819877_0.9144173161875676_SIZE_1_1.3_3
GEN_70_FIT_0.8963804836975744_0.8998327442819877_0.9144173161875676_SIZE_1_1.3_3
GEN_71_FIT_0.8963804836975744_0.8998327442819877_0.9144173161875676_SIZE_1_1.3_3
GEN_72_FIT_0.8963804836975744_0.8998327442819877_0.9144173161875676_SIZE_1_1.3_3
GEN_73_FIT_0.8963804836975744_0.8998327442819877_0.9144173161875676_SIZE_1_1.3_3
GEN_74_FIT_0.8963804836975744_0.8998327442819877_0.9144173161875676_SIZE_1_1.3_3
GEN_75_FIT_0.8963804836975744_0.8998327442819877_0.9144173161875676_SIZE_1_1.3_3
GEN_76_FIT_0.8963804836975744_0.8998327442819877_0.9144173161875676_SIZE_1_1.3_3
GEN_77_FIT_0.8963804836975744_0.8998327442819877_0.9144173161875676_SIZE_1_1.3_3
GEN_78_FIT_0.8963804836975744_0.8998327442819877_0.9144173161875676_SIZE_1_1.3_3
GEN_79_FIT_0.8963804836975744_0.8998327442819877_0.9144173161875676_SIZE_1_1.3_3
GEN_80_FIT_0.8963804836975744_0.8998327442819877_0.9144173161875676_SIZE_1_1.3_3
Evaluating in sample:
[GEN_80|make_tuple(0.5565594217909408, 569, 6)|0.8964]
[GEN_80|make_tuple(0.6235932990154189, expit(0.9390968781959118), 6)|0.9129]
[GEN_80|make_tuple(0.6143574884880979, expit(expit(0.4052165592488558)), 5)|0.9144]
Evaluating out-of-sample:
[GEN_80|make_tuple(0.5565594217909408, 569, 6)|0.8617]
[GEN_80|make_tuple(0.6235932990154189, expit(0.9390968781959118), 6)|0.8895]
[GEN_80|make_tuple(0.6143574884880979, expit(expit(0.4052165592488558)), 5)|0.9094]
GEN_81_FIT_0.8963804836975744_0.8998327442819877_0.9144173161875676_SIZE_1_1.3_3
GEN_82_FIT_0.8963804836975744_0.8998327442819877_0.9144173161875676_SIZE_1_1.3_3
GEN_83_FIT_0.8963804836975744_0.8998327442819877_0.9144173161875676_SIZE_1_1.3_3
Evaluating in sample:
[GEN_83|make_tuple(0.5565594217909408, 569, 6)|0.8964]
[GEN_83|make_tuple(0.6235932990154189, expit(0.9390968781959118), 6)|0.9129]
[GEN_83|make_tuple(0.6143574884880979, expit(expit(0.4052165592488558)), 5)|0.9144]
Evaluating out-of-sample:
[GEN_83|make_tuple(0.5565594217909408, 569, 6)|0.8617]
[GEN_83|make_tuple(0.6235932990154189, expit(0.9390968781959118), 6)|0.8895]
[GEN_83|make_tuple(0.6143574884880979, expit(expit(0.4052165592488558)), 5)|0.9094]
Stopped early in iteration 83, no improvement in 20 gens.
START_TASK: 12
GEN_0_FIT_0.8698439575414317_0.8904101042818342_0.9040398124488225_SIZE_1_4.5_11
GEN_1_FIT_0.8857284530463072_0.8956872359067909_0.9040398124488225_SIZE_1_2.8_7
GEN_2_FIT_0.8905504315274522_0.894649251580217_0.9087058527609121_SIZE_1_1.8_7
GEN_3_FIT_0.8908940189956625_0.9002754806190693_0.9089443048156981_SIZE_1_2.55_7
GEN_4_FIT_0.890966548064008_0.8977078937086368_0.9099566062139958_SIZE_1_1.3_2
GEN_5_FIT_0.8935292501987028_0.9011617822108964_0.9111573538673332_SIZE_1_1.55_3
GEN_6_FIT_0.8949238403556411_0.9014624146867256_0.9112579247081616_SIZE_1_1.65_3
GEN_7_FIT_0.8951399610442001_0.8984336355196876_0.9119748702337629_SIZE_1_1.25_3
GEN_8_FIT_0.8951672269915054_0.9046586476949677_0.9125252818745496_SIZE_1_1.85_4
GEN_9_FIT_0.8954335775976712_0.9021376968518584_0.9134072226547676_SIZE_1_1.65_4
GEN_10_FIT_0.8955707638983577_0.8982129905718459_0.9134072226547676_SIZE_1_1.25_3
GEN_11_FIT_0.8955707638983577_0.9042986903615041_0.9134072226547676_SIZE_1_1.85_3
GEN_12_FIT_0.8956289218230229_0.9114964240117001_0.9134072226547676_SIZE_1_2.6_3
GEN_13_FIT_0.8954681998544377_0.9059554956069047_0.9134082383147032_SIZE_1_1.7_3
GEN_14_FIT_0.8956289218230229_0.9103146513853847_0.9134082383147032_SIZE_1_2.05_3
GEN_15_FIT_0.8955254349854695_0.9044309984343298_0.9135684484353691_SIZE_1_1.8_3
GEN_16_FIT_0.8956289218230229_0.8992332437655722_0.9137047067955822_SIZE_1_1.3_3
GEN_17_FIT_0.8956725663758732_0.8992722930412071_0.9137047067955822_SIZE_1_1.3_3
GEN_18_FIT_0.8956725663758732_0.8965782139156866_0.9137855171721436_SIZE_1_1.05_2
GEN_19_FIT_0.8956725663758732_0.8974838614555001_0.9137855171721436_SIZE_1_1.1_2
GEN_20_FIT_0.8956725663758732_0.8974838614555001_0.9137855171721436_SIZE_1_1.1_2
Evaluating in sample:
[GEN_20|make_tuple(0.5061377228619978, 181, 6)|0.8957]
[GEN_20|make_tuple(0.617502473842074, sub(0.6527403171186047, 0.007271331855292719), 5)|0.9138]
Evaluating out-of-sample:
[GEN_20|make_tuple(0.5061377228619978, 181, 6)|0.9634]
[GEN_20|make_tuple(0.617502473842074, sub(0.6527403171186047, 0.007271331855292719), 5)|0.9927]
GEN_21_FIT_0.8956725663758732_0.8974838614555001_0.9137855171721436_SIZE_1_1.1_2
GEN_22_FIT_0.8956725663758732_0.8974838614555001_0.9137855171721436_SIZE_1_1.1_2
GEN_23_FIT_0.8956725663758732_0.8974838614555001_0.9137855171721436_SIZE_1_1.1_2
GEN_24_FIT_0.8956725663758732_0.8974838614555001_0.9137855171721436_SIZE_1_1.1_2
GEN_25_FIT_0.8956725663758732_0.8974838614555001_0.9137855171721436_SIZE_1_1.1_2
GEN_26_FIT_0.8956725663758732_0.8974838614555001_0.9137855171721436_SIZE_1_1.1_2
GEN_27_FIT_0.8956725663758732_0.8974838614555001_0.9137855171721436_SIZE_1_1.1_2
GEN_28_FIT_0.8956725663758732_0.8974838614555001_0.9137855171721436_SIZE_1_1.1_2
GEN_29_FIT_0.8956725663758732_0.8974838614555001_0.9137855171721436_SIZE_1_1.1_2
GEN_30_FIT_0.8956725663758732_0.8974838614555001_0.9137855171721436_SIZE_1_1.1_2
GEN_31_FIT_0.8956725663758732_0.8974838614555001_0.9137855171721436_SIZE_1_1.1_2
GEN_32_FIT_0.8956725663758732_0.8974838614555001_0.9137855171721436_SIZE_1_1.1_2
GEN_33_FIT_0.8956725663758732_0.8974838614555001_0.9137855171721436_SIZE_1_1.1_2
GEN_34_FIT_0.8956725663758732_0.8974838614555001_0.9137855171721436_SIZE_1_1.1_2
GEN_35_FIT_0.8956725663758732_0.8974838614555001_0.9137855171721436_SIZE_1_1.1_2
GEN_36_FIT_0.8956725663758732_0.8974838614555001_0.9137855171721436_SIZE_1_1.1_2
GEN_37_FIT_0.8956725663758732_0.8974838614555001_0.9137855171721436_SIZE_1_1.1_2
GEN_38_FIT_0.8956725663758732_0.8974838614555001_0.9137855171721436_SIZE_1_1.1_2
GEN_39_FIT_0.8956725663758732_0.8974838614555001_0.9137855171721436_SIZE_1_1.1_2
Evaluating in sample:
[GEN_39|make_tuple(0.5061377228619978, 181, 6)|0.8957]
[GEN_39|make_tuple(0.617502473842074, sub(0.6527403171186047, 0.007271331855292719), 5)|0.9138]
Evaluating out-of-sample:
[GEN_39|make_tuple(0.5061377228619978, 181, 6)|0.9634]
[GEN_39|make_tuple(0.617502473842074, sub(0.6527403171186047, 0.007271331855292719), 5)|0.9927]
Stopped early in iteration 39, no improvement in 20 gens.
START_TASK: 14
GEN_0_FIT_0.8689872727553142_0.8869789415226574_0.907740901937188_SIZE_1_2.6_10
GEN_1_FIT_0.8896746745676216_0.8964242401035278_0.907740901937188_SIZE_1_2.0_6
GEN_2_FIT_0.8905594299582009_0.9021340463092496_0.9081365694567518_SIZE_1_2.35_4
GEN_3_FIT_0.8905816873107467_0.9022730201902801_0.9090654587557071_SIZE_1_2.15_4
GEN_4_FIT_0.8920569713631264_0.8997243288818314_0.9095909531321258_SIZE_1_1.75_4
GEN_5_FIT_0.8923333391385455_0.8978696728527364_0.910301406907299_SIZE_1_1.45_3
GEN_6_FIT_0.8926061624055971_0.8991722695522126_0.9120299077417374_SIZE_1_1.45_3
GEN_7_FIT_0.8941496382184608_0.9075685186422714_0.9120299077417374_SIZE_1_2.15_3
GEN_8_FIT_0.8941543632091085_0.9064838712267562_0.9120299077417374_SIZE_1_2.2_3
GEN_9_FIT_0.8943423533507313_0.9045948758778669_0.9120807192046432_SIZE_1_1.75_3
GEN_10_FIT_0.8947943965742431_0.9081417578167281_0.9120807192046432_SIZE_1_2.05_4
GEN_11_FIT_0.8952441649592018_0.9027402756076672_0.9120807192046432_SIZE_1_1.7_4
GEN_12_FIT_0.8952441649592018_0.9003868373484692_0.9127871915901419_SIZE_1_1.45_3
GEN_13_FIT_0.8954176755898944_0.8980062463114995_0.9127871915901419_SIZE_1_1.2_3
GEN_14_FIT_0.8954176755898944_0.899749244804303_0.9129081294457153_SIZE_1_1.45_4
GEN_15_FIT_0.8954176755898944_0.8988990559553643_0.9129897997040922_SIZE_1_1.4_4
GEN_16_FIT_0.8954176755898944_0.8997693372702613_0.9130789748073244_SIZE_1_1.45_4
GEN_17_FIT_0.8954176755898944_0.9101504843212866_0.9130789748073244_SIZE_1_2.5_4
GEN_18_FIT_0.8954176755898944_0.9050563225848439_0.9133624297671549_SIZE_1_1.9_4
GEN_19_FIT_0.8954176755898944_0.9051976953260569_0.9133624297671549_SIZE_1_2.0_4
GEN_20_FIT_0.8955392652055357_0.9106263079476064_0.9133624297671549_SIZE_1_2.5_4
Evaluating in sample:
[GEN_20|make_tuple(0.5556926825812488, 31, 6)|0.8956]
[GEN_20|make_tuple(0.6180410871746171, mul(0.9510376046805535, 0.6759598693391191), 5)|0.9134]
[GEN_20|make_tuple(0.6180410871746171, expit(expit(0.36438472335522876)), 5)|0.9134]
Evaluating out-of-sample:
[GEN_20|make_tuple(0.5556926825812488, 31, 6)|0.9530]
[GEN_20|make_tuple(0.6180410871746171, mul(0.9510376046805535, 0.6759598693391191), 5)|0.9885]
[GEN_20|make_tuple(0.6180410871746171, expit(expit(0.36438472335522876)), 5)|0.9885]
GEN_21_FIT_0.8955392652055357_0.9115963977361311_0.9137985669171268_SIZE_1_2.0_3
GEN_22_FIT_0.8955392652055357_0.9089977737556485_0.9137985669171268_SIZE_1_1.95_3
GEN_23_FIT_0.8955392652055357_0.9036882331287203_0.9137985669171268_SIZE_1_1.7_3
GEN_24_FIT_0.8955656968543352_0.8992005848170821_0.9137985669171268_SIZE_1_1.3_3
GEN_25_FIT_0.8955656968543352_0.8992005848170821_0.9137985669171268_SIZE_1_1.3_3
GEN_26_FIT_0.8955656968543352_0.9028150174184761_0.9137985669171268_SIZE_1_1.55_3
GEN_27_FIT_0.8955656968543352_0.9100751404497665_0.9137985669171268_SIZE_1_2.1_4
GEN_28_FIT_0.8956063599664856_0.9119618171473457_0.9137985669171268_SIZE_1_2.65_3
GEN_29_FIT_0.8955500235701058_0.9082269938115012_0.913807199387918_SIZE_1_2.2_4
GEN_30_FIT_0.8955500235701058_0.8974173906890585_0.913807712237729_SIZE_1_1.15_3
GEN_31_FIT_0.8956063599664856_0.8974211665839554_0.913807712237729_SIZE_1_1.15_3
GEN_32_FIT_0.8956063599664856_0.8983312341975177_0.913807712237729_SIZE_1_1.25_3
GEN_33_FIT_0.8956063599664856_0.8983312341975177_0.913807712237729_SIZE_1_1.25_3
GEN_34_FIT_0.8956063599664856_0.8983312341975177_0.913807712237729_SIZE_1_1.25_3
GEN_35_FIT_0.8956063599664856_0.8983312341975177_0.913807712237729_SIZE_1_1.25_3
GEN_36_FIT_0.8956063599664856_0.8992359732014252_0.913807712237729_SIZE_1_1.3_3
GEN_37_FIT_0.8956063599664856_0.8992359732014252_0.913807712237729_SIZE_1_1.3_3
GEN_38_FIT_0.8956063599664856_0.8992359732014252_0.913807712237729_SIZE_1_1.3_3
GEN_39_FIT_0.8956063599664856_0.8992359732014252_0.913807712237729_SIZE_1_1.3_3
GEN_40_FIT_0.8956063599664856_0.8992359732014252_0.913807712237729_SIZE_1_1.3_3
Evaluating in sample:
[GEN_40|make_tuple(0.5566248205682066, 31, 6)|0.8956]
[GEN_40|make_tuple(0.618470747166058, mul(0.9510376046805535, 0.6809962844532511), 5)|0.9137]
[GEN_40|make_tuple(0.618470747166058, expit(expit(0.39663901718322825)), 5)|0.9138]
Evaluating out-of-sample:
[GEN_40|make_tuple(0.5566248205682066, 31, 6)|0.9530]
[GEN_40|make_tuple(0.618470747166058, mul(0.9510376046805535, 0.6809962844532511), 5)|0.9885]
[GEN_40|make_tuple(0.618470747166058, expit(expit(0.39663901718322825)), 5)|0.9885]
GEN_41_FIT_0.8956063599664856_0.8992359732014252_0.913807712237729_SIZE_1_1.3_3
GEN_42_FIT_0.8956063599664856_0.8983317324038138_0.913807712237729_SIZE_1_1.25_3
GEN_43_FIT_0.8956063599664856_0.8992369696140174_0.913807712237729_SIZE_1_1.3_3
GEN_44_FIT_0.8956063599664856_0.9001772554435004_0.9144120765561451_SIZE_1_1.45_4
GEN_45_FIT_0.8956063599664856_0.9002077159453525_0.9144120765561451_SIZE_1_1.5_4
GEN_46_FIT_0.8956063599664856_0.9002077159453525_0.9144120765561451_SIZE_1_1.5_4
GEN_47_FIT_0.8956063599664856_0.9002332608490466_0.9144120765561451_SIZE_1_1.5_4
GEN_48_FIT_0.8956063599664856_0.9048423389448945_0.9144120765561451_SIZE_1_1.9_4
GEN_49_FIT_0.8956063599664856_0.9085065610062927_0.914422183368622_SIZE_1_2.15_4
GEN_50_FIT_0.8957458986992496_0.9120479008883103_0.914422183368622_SIZE_1_2.2_4
GEN_51_FIT_0.8957458986992496_0.9112918564543572_0.914422183368622_SIZE_1_2.55_4
GEN_52_FIT_0.8957458986992496_0.9050040345393986_0.914422183368622_SIZE_1_2.2_4
GEN_53_FIT_0.8957458986992496_0.9012687776055242_0.914422183368622_SIZE_1_1.6_4
GEN_54_FIT_0.8957458986992496_0.9012687776055242_0.914422183368622_SIZE_1_1.6_4
GEN_55_FIT_0.8957458986992496_0.9012687776055242_0.914422183368622_SIZE_1_1.6_4
GEN_56_FIT_0.8957458986992496_0.9012687776055242_0.914422183368622_SIZE_1_1.6_4
GEN_57_FIT_0.8957458986992496_0.9012687776055242_0.914422183368622_SIZE_1_1.6_4
GEN_58_FIT_0.8957458986992496_0.9012687776055242_0.914422183368622_SIZE_1_1.6_4
GEN_59_FIT_0.8957458986992496_0.9012687776055242_0.914422183368622_SIZE_1_1.6_4
GEN_60_FIT_0.8957458986992496_0.9012687776055242_0.914422183368622_SIZE_1_1.6_4
Evaluating in sample:
[GEN_60|make_tuple(0.5060486155382752, 31, 6)|0.8957]
[GEN_60|make_tuple(0.6167085203199121, mul(0.9510376046805535, 0.6809962844532511), 5)|0.9137]
[GEN_60|make_tuple(0.6167085203199121, mul(0.9510376046805535, 0.6809962844532511), add(5, 0.0016048624181051196))|0.9143]
[GEN_60|make_tuple(0.6167085203199121, expit(expit(0.39663901718322825)), add(5, 0.0016048624181051196))|0.9144]
Evaluating out-of-sample:
[GEN_60|make_tuple(0.5060486155382752, 31, 6)|0.9524]
[GEN_60|make_tuple(0.6167085203199121, mul(0.9510376046805535, 0.6809962844532511), 5)|0.9886]
[GEN_60|make_tuple(0.6167085203199121, mul(0.9510376046805535, 0.6809962844532511), add(5, 0.0016048624181051196))|0.9886]
[GEN_60|make_tuple(0.6167085203199121, expit(expit(0.39663901718322825)), add(5, 0.0016048624181051196))|0.9886]
GEN_61_FIT_0.8957458986992496_0.9012687776055242_0.914422183368622_SIZE_1_1.6_4
GEN_62_FIT_0.8957458986992496_0.9012687776055242_0.914422183368622_SIZE_1_1.6_4
GEN_63_FIT_0.8957458986992496_0.9012687776055242_0.914422183368622_SIZE_1_1.6_4
GEN_64_FIT_0.8957458986992496_0.9012687776055242_0.914422183368622_SIZE_1_1.6_4
GEN_65_FIT_0.8957458986992496_0.9012687776055242_0.914422183368622_SIZE_1_1.6_4
GEN_66_FIT_0.8957458986992496_0.9012687776055242_0.914422183368622_SIZE_1_1.6_4
GEN_67_FIT_0.8957458986992496_0.9012687776055242_0.914422183368622_SIZE_1_1.6_4
GEN_68_FIT_0.8957458986992496_0.9012687776055242_0.914422183368622_SIZE_1_1.6_4
GEN_69_FIT_0.8957458986992496_0.9012687776055242_0.914422183368622_SIZE_1_1.6_4
GEN_70_FIT_0.8957458986992496_0.9012687776055242_0.914422183368622_SIZE_1_1.6_4
Evaluating in sample:
[GEN_70|make_tuple(0.5060486155382752, 31, 6)|0.8957]
[GEN_70|make_tuple(0.6167085203199121, mul(0.9510376046805535, 0.6809962844532511), 5)|0.9137]
[GEN_70|make_tuple(0.6167085203199121, mul(0.9510376046805535, 0.6809962844532511), add(5, 0.0016048624181051196))|0.9143]
[GEN_70|make_tuple(0.6167085203199121, expit(expit(0.39663901718322825)), add(5, 0.0016048624181051196))|0.9144]
Evaluating out-of-sample:
[GEN_70|make_tuple(0.5060486155382752, 31, 6)|0.9524]
[GEN_70|make_tuple(0.6167085203199121, mul(0.9510376046805535, 0.6809962844532511), 5)|0.9886]
[GEN_70|make_tuple(0.6167085203199121, mul(0.9510376046805535, 0.6809962844532511), add(5, 0.0016048624181051196))|0.9886]
[GEN_70|make_tuple(0.6167085203199121, expit(expit(0.39663901718322825)), add(5, 0.0016048624181051196))|0.9886]
Stopped early in iteration 70, no improvement in 20 gens.
START_TASK: 15
