Starting problem: mlr_glmnet
param:age_regularization:100000.0
param:algorithm:mupluslambda
param:constants_only:True
param:cxpb:0.25
param:early_stop_n:20
param:lambda_:100
param:max_number_operators:None
param:max_start_size:2
param:mu:20
param:ngen:300
param:optimize_constants:False
param:output_file:/home/gijsbers/symbolicdefaults/runs/mlr_glmnet_True_3.log
param:problem:mlr_glmnet
param:subset:1.0
param:task:None
param:warm_start:False
Benchmark problems: mlr_glmnet
Loading surrogates from file.
START_TASK: 3
GEN_0_FIT_0.8247261179199552_0.8789216688393443_0.8943048371277666_SIZE_1_2.15_3
GEN_1_FIT_0.8767860161767065_0.8897276952210502_0.8943048371277666_SIZE_1_2.25_4
GEN_2_FIT_0.8899250602668041_0.8940245441112331_0.8943048371277666_SIZE_1_2.5_3
GEN_3_FIT_0.8931356047161295_0.8943291546361458_0.8955623313731699_SIZE_1_1.9_3
GEN_4_FIT_0.8943048371277666_0.8946192106891173_0.8955623313731699_SIZE_1_1.05_2
GEN_5_FIT_0.8952374078381696_0.8955490985239368_0.8956225979235058_SIZE_1_1.1_2
GEN_6_FIT_0.8955623313731699_0.8955762923049726_0.895721016908547_SIZE_1_1.0_1
GEN_7_FIT_0.8955623313731699_0.8956449912582031_0.895721016908547_SIZE_1_1.1_2
GEN_8_FIT_0.895721016908547_0.8957210169085469_0.895721016908547_SIZE_1_1.0_1
GEN_9_FIT_0.895721016908547_0.8957212045895602_0.8957247705288138_SIZE_1_1.0_1
GEN_10_FIT_0.895721016908547_0.8957219553136136_0.8957247705288138_SIZE_1_1.0_1
GEN_11_FIT_0.8957247705288138_0.8957247705288139_0.8957247705288138_SIZE_1_1.0_1
GEN_12_FIT_0.8957247705288138_0.8957247705288139_0.8957247705288138_SIZE_1_1.0_1
GEN_13_FIT_0.8957247705288138_0.8957247705288139_0.8957247705288138_SIZE_1_1.0_1
GEN_14_FIT_0.8957247705288138_0.8957247705288139_0.8957247705288138_SIZE_1_1.0_1
GEN_15_FIT_0.8957247705288138_0.8957247705288139_0.8957247705288138_SIZE_1_1.0_1
GEN_16_FIT_0.8957247705288138_0.8957247705288139_0.8957247705288138_SIZE_1_1.0_1
GEN_17_FIT_0.8957247705288138_0.8957247705288139_0.8957247705288138_SIZE_1_1.0_1
GEN_18_FIT_0.8957247705288138_0.8957247705288139_0.8957247705288138_SIZE_1_1.0_1
GEN_19_FIT_0.8957247705288138_0.8957255215595117_0.8957397911427684_SIZE_1_1.0_1
GEN_20_FIT_0.8957247705288138_0.8957277746516048_0.8957397911427684_SIZE_1_1.0_1
Evaluating in sample:
[GEN_20|make_tuple(28, 0.0011098866504063033)|0.8957]
Evaluating out-of-sample:
[GEN_20|make_tuple(28, 0.0011098866504063033)|0.9897]
GEN_21_FIT_0.8957247705288138_0.8957360359892798_0.8957397911427684_SIZE_1_1.1_2
GEN_22_FIT_0.8957397911427684_0.8957397911427686_0.8957397911427684_SIZE_1_1.0_1
GEN_23_FIT_0.8957397911427684_0.8957515696436881_0.8959753611611592_SIZE_1_1.05_2
GEN_24_FIT_0.8957397911427684_0.8957633481446076_0.8959753611611592_SIZE_1_1.1_2
GEN_25_FIT_0.8957397911427684_0.8957751266455272_0.8959753611611592_SIZE_1_1.1_2
GEN_26_FIT_0.8957397911427684_0.8958395231822929_0.8960854418045203_SIZE_1_1.15_2
GEN_27_FIT_0.8959753611611592_0.8960039209725273_0.8960923728080396_SIZE_1_1.1_2
GEN_28_FIT_0.8959753611611592_0.8961007791859359_0.8963227086258787_SIZE_1_1.25_2
GEN_29_FIT_0.8960923728080396_0.8961976435517306_0.8963227086258787_SIZE_1_1.0_1
GEN_30_FIT_0.896214922374976_0.8962358677952027_0.8963227086258787_SIZE_1_1.05_2
GEN_31_FIT_0.8962398109674351_0.8962546034779411_0.8963227086258787_SIZE_1_1.05_2
GEN_32_FIT_0.8962477750656035_0.8962845575623255_0.8963227086258787_SIZE_1_1.0_1
GEN_33_FIT_0.8962874037649979_0.8963081503128676_0.8963227086258787_SIZE_1_1.0_1
GEN_34_FIT_0.8963227086258787_0.8963229367056403_0.8963272702211141_SIZE_1_1.0_1
GEN_35_FIT_0.8963227086258787_0.8963229367056403_0.8963272702211141_SIZE_1_1.0_1
GEN_36_FIT_0.8963227086258787_0.8963238398148541_0.89634077081015_SIZE_1_1.0_1
GEN_37_FIT_0.8963227086258787_0.8963261021928046_0.89634077081015_SIZE_1_1.0_1
GEN_38_FIT_0.8963227086258787_0.896333108196585_0.89634077081015_SIZE_1_1.0_1
GEN_39_FIT_0.89634077081015_0.8963407708101497_0.89634077081015_SIZE_1_1.0_1
GEN_40_FIT_0.89634077081015_0.8963407708101497_0.89634077081015_SIZE_1_1.0_1
Evaluating in sample:
[GEN_40|make_tuple(0.46043576182754703, 0.0011098866504063033)|0.9043]
Evaluating out-of-sample:
[GEN_40|make_tuple(0.46043576182754703, 0.0011098866504063033)|0.9882]
GEN_41_FIT_0.89634077081015_0.8963407708101497_0.89634077081015_SIZE_1_1.0_1
GEN_42_FIT_0.89634077081015_0.8963407708101497_0.89634077081015_SIZE_1_1.0_1
GEN_43_FIT_0.89634077081015_0.8963407708101497_0.89634077081015_SIZE_1_1.0_1
GEN_44_FIT_0.89634077081015_0.8963407708101497_0.89634077081015_SIZE_1_1.0_1
GEN_45_FIT_0.89634077081015_0.8963407708101497_0.89634077081015_SIZE_1_1.0_1
GEN_46_FIT_0.89634077081015_0.8963407708101497_0.89634077081015_SIZE_1_1.0_1
GEN_47_FIT_0.89634077081015_0.8963407708101497_0.89634077081015_SIZE_1_1.0_1
GEN_48_FIT_0.89634077081015_0.8963407708101497_0.89634077081015_SIZE_1_1.0_1
GEN_49_FIT_0.89634077081015_0.8963407708101497_0.89634077081015_SIZE_1_1.0_1
GEN_50_FIT_0.89634077081015_0.8963407708101497_0.89634077081015_SIZE_1_1.0_1
GEN_51_FIT_0.89634077081015_0.8963407708101497_0.89634077081015_SIZE_1_1.0_1
GEN_52_FIT_0.89634077081015_0.8963407708101497_0.89634077081015_SIZE_1_1.0_1
GEN_53_FIT_0.89634077081015_0.8963407708101497_0.89634077081015_SIZE_1_1.0_1
GEN_54_FIT_0.89634077081015_0.8963407708101497_0.89634077081015_SIZE_1_1.0_1
GEN_55_FIT_0.89634077081015_0.8963407708101497_0.89634077081015_SIZE_1_1.0_1
GEN_56_FIT_0.89634077081015_0.8963407708101497_0.89634077081015_SIZE_1_1.0_1
GEN_57_FIT_0.89634077081015_0.8963407708101497_0.89634077081015_SIZE_1_1.0_1
Evaluating in sample:
[GEN_57|make_tuple(0.46043576182754703, 0.0011098866504063033)|0.9043]
Evaluating out-of-sample:
[GEN_57|make_tuple(0.46043576182754703, 0.0011098866504063033)|0.9882]
Stopped early in iteration 57, no improvement in 20 gens.
START_TASK: 6
GEN_0_FIT_0.8743258085157481_0.8902692987088452_0.8956204001372966_SIZE_1_2.4_6
GEN_1_FIT_0.8935055492199988_0.894907814628267_0.8956204001372966_SIZE_1_1.2_3
GEN_2_FIT_0.8955853025324854_0.8956151354965749_0.8956204001372966_SIZE_1_1.1_2
GEN_3_FIT_0.8956204001372966_0.8956204001372965_0.8956204001372966_SIZE_1_1.0_1
GEN_4_FIT_0.8956204001372966_0.8956204001372965_0.8956204001372966_SIZE_1_1.0_1
GEN_5_FIT_0.8956204001372966_0.895620617947146_0.8956247563342853_SIZE_1_1.0_1
GEN_6_FIT_0.8956204001372966_0.8956382348393042_0.8959640255864814_SIZE_1_1.05_2
GEN_7_FIT_0.8956204001372966_0.8956741220531687_0.8959640255864814_SIZE_1_1.15_2
GEN_8_FIT_0.8956247563342853_0.8957099437091678_0.8966208195781729_SIZE_1_1.1_2
GEN_9_FIT_0.8956247563342853_0.8958301701765261_0.8966208195781729_SIZE_1_1.3_2
GEN_10_FIT_0.8957710476054956_0.8958985910779351_0.8966208195781729_SIZE_1_1.25_3
GEN_11_FIT_0.8957815605403067_0.8959135008862751_0.8966208195781729_SIZE_1_1.15_2
GEN_12_FIT_0.8957815605403067_0.8960447312058962_0.8966208195781729_SIZE_1_1.5_2
GEN_13_FIT_0.8959383221670897_0.8964061250348664_0.8966208195781729_SIZE_1_1.7_2
GEN_14_FIT_0.8962552689032296_0.8965941450305547_0.8966368465644725_SIZE_1_1.65_2
GEN_15_FIT_0.8965901583675521_0.8966203686045734_0.896655702779145_SIZE_1_1.9_3
GEN_16_FIT_0.8965901583675521_0.896627722209827_0.896655702779145_SIZE_1_1.95_3
GEN_17_FIT_0.8966061853538517_0.8966356660648778_0.896655702779145_SIZE_1_2.0_3
GEN_18_FIT_0.8966061853538517_0.896632458482397_0.8966717297654446_SIZE_1_1.85_3
GEN_19_FIT_0.8966061853538517_0.896628703698874_0.8966717297654446_SIZE_1_1.7_3
GEN_20_FIT_0.8966061853538517_0.8966158059160734_0.8966717297654446_SIZE_1_1.3_3
Evaluating in sample:
[GEN_20|make_tuple(0.8742694623656047, 0.0012110412687722737)|0.8966]
[GEN_20|make_tuple(pow(0.9814119181992262, 8), 0.0012110412687722737)|0.8966]
[GEN_20|make_tuple(pow(0.9814119181992262, add(8, 0.006798226016098551)), 0.0012110412687722737)|0.8967]
Evaluating out-of-sample:
[GEN_20|make_tuple(0.8742694623656047, 0.0012110412687722737)|0.9807]
[GEN_20|make_tuple(pow(0.9814119181992262, 8), 0.0012110412687722737)|0.9807]
[GEN_20|make_tuple(pow(0.9814119181992262, add(8, 0.006798226016098551)), 0.0012110412687722737)|0.9807]
GEN_21_FIT_0.8966061853538517_0.8966226210337114_0.8966717297654446_SIZE_1_1.5_3
GEN_22_FIT_0.8966236227774601_0.8966493824390931_0.8966717297654446_SIZE_1_2.25_3
GEN_23_FIT_0.896656605437089_0.8966702173326089_0.8966717297654446_SIZE_1_2.8_3
GEN_24_FIT_0.8961024921669436_0.8966315861578347_0.8966730085300308_SIZE_1_2.25_3
GEN_25_FIT_0.8961024921669436_0.8966031911195896_0.8966730085300308_SIZE_1_1.7_4
GEN_26_FIT_0.896656605437089_0.896658245746383_0.8966730085300308_SIZE_1_1.2_3
GEN_27_FIT_0.896656605437089_0.896658245746383_0.8966730085300308_SIZE_1_1.2_3
GEN_28_FIT_0.896656605437089_0.896658245746383_0.8966730085300308_SIZE_1_1.2_3
GEN_29_FIT_0.896656605437089_0.896658245746383_0.8966730085300308_SIZE_1_1.2_3
GEN_30_FIT_0.896656605437089_0.896658245746383_0.8966730085300308_SIZE_1_1.2_3
GEN_31_FIT_0.896656605437089_0.896658245746383_0.8966730085300308_SIZE_1_1.2_3
GEN_32_FIT_0.896656605437089_0.896658245746383_0.8966730085300308_SIZE_1_1.2_3
GEN_33_FIT_0.896656605437089_0.896658245746383_0.8966730085300308_SIZE_1_1.2_3
GEN_34_FIT_0.896656605437089_0.896658245746383_0.8966730085300308_SIZE_1_1.2_3
GEN_35_FIT_0.896656605437089_0.896658245746383_0.8966730085300308_SIZE_1_1.2_3
GEN_36_FIT_0.896656605437089_0.8966590019628008_0.8966730085300308_SIZE_1_1.25_3
GEN_37_FIT_0.896656605437089_0.8966597581792186_0.8966730085300308_SIZE_1_1.3_3
GEN_38_FIT_0.896656605437089_0.8966597581792186_0.8966730085300308_SIZE_1_1.3_3
GEN_39_FIT_0.896656605437089_0.8966597581792186_0.8966730085300308_SIZE_1_1.3_3
GEN_40_FIT_0.896656605437089_0.8966597581792186_0.8966730085300308_SIZE_1_1.3_3
Evaluating in sample:
[GEN_40|make_tuple(0.8622191110294544, 0.0012110412687722737)|0.8967]
[GEN_40|make_tuple(sub(0.8622191110294544, 0.0016792832378824468), 0.0012110412687722737)|0.8967]
[GEN_40|make_tuple(pow(0.9814119181992262, add(8, 0.041931214895057994)), 0.0012110412687722737)|0.8967]
Evaluating out-of-sample:
[GEN_40|make_tuple(0.8622191110294544, 0.0012110412687722737)|0.9807]
[GEN_40|make_tuple(sub(0.8622191110294544, 0.0016792832378824468), 0.0012110412687722737)|0.9807]
[GEN_40|make_tuple(pow(0.9814119181992262, add(8, 0.041931214895057994)), 0.0012110412687722737)|0.9807]
GEN_41_FIT_0.896656605437089_0.896666255478166_0.8966730085300308_SIZE_1_2.0_3
GEN_42_FIT_0.8966717297654446_0.8966728806535722_0.8966730085300308_SIZE_1_2.8_3
GEN_43_FIT_0.8966717297654446_0.8966728806535722_0.8966730085300308_SIZE_1_2.8_3
GEN_44_FIT_0.8966717297654446_0.8966728806535722_0.8966730085300308_SIZE_1_2.8_3
GEN_45_FIT_0.8966717297654446_0.8966734490721514_0.8966843769016145_SIZE_1_2.7_3
GEN_46_FIT_0.8966717297654446_0.8966744580328511_0.896685655666201_SIZE_1_2.3_3
GEN_47_FIT_0.8966717297654446_0.8966797656147518_0.896685655666201_SIZE_1_1.8_4
GEN_48_FIT_0.8966843769016145_0.8966846326545317_0.896685655666201_SIZE_1_1.4_3
GEN_49_FIT_0.8966843769016145_0.8966845047780732_0.896685655666201_SIZE_1_1.2_3
GEN_50_FIT_0.8966843769016145_0.8966845047780732_0.896685655666201_SIZE_1_1.2_3
GEN_51_FIT_0.8966843769016145_0.8966845047780732_0.896685655666201_SIZE_1_1.2_3
GEN_52_FIT_0.8966843769016145_0.8966845047780732_0.896685655666201_SIZE_1_1.2_3
GEN_53_FIT_0.8966843769016145_0.8966845047780732_0.896685655666201_SIZE_1_1.2_3
GEN_54_FIT_0.8966843769016145_0.8966845047780732_0.896685655666201_SIZE_1_1.2_3
GEN_55_FIT_0.8966843769016145_0.8966845047780732_0.896685655666201_SIZE_1_1.2_3
GEN_56_FIT_0.8966843769016145_0.8966845047780732_0.896685655666201_SIZE_1_1.2_3
GEN_57_FIT_0.8966843769016145_0.8966845047780732_0.896685655666201_SIZE_1_1.2_3
GEN_58_FIT_0.8966843769016145_0.8966845047780732_0.896685655666201_SIZE_1_1.2_3
GEN_59_FIT_0.8966843769016145_0.8966845047780732_0.896685655666201_SIZE_1_1.2_3
GEN_60_FIT_0.8966843769016145_0.8966845047780732_0.896685655666201_SIZE_1_1.2_3
Evaluating in sample:
[GEN_60|make_tuple(0.8605513122405359, 0.0012076036640507237)|0.8967]
[GEN_60|make_tuple(pow(0.9814119181992262, add(8, 0.0323485358700102)), 0.0012062019145702991)|0.8967]
Evaluating out-of-sample:
[GEN_60|make_tuple(0.8605513122405359, 0.0012076036640507237)|0.9807]
[GEN_60|make_tuple(pow(0.9814119181992262, add(8, 0.0323485358700102)), 0.0012062019145702991)|0.9807]
GEN_61_FIT_0.8966843769016145_0.8966845607246118_0.896685655666201_SIZE_1_1.25_3
GEN_62_FIT_0.8966843769016145_0.8966846166711504_0.896685655666201_SIZE_1_1.3_3
GEN_63_FIT_0.8966843769016145_0.8966846166711504_0.896685655666201_SIZE_1_1.3_3
GEN_64_FIT_0.8966843769016145_0.8966846166711504_0.896685655666201_SIZE_1_1.3_3
GEN_65_FIT_0.8966843769016145_0.8966846166711504_0.896685655666201_SIZE_1_1.3_3
GEN_66_FIT_0.8966843769016145_0.8966846166711504_0.896685655666201_SIZE_1_1.3_3
GEN_67_FIT_0.8966843769016145_0.8966846166711504_0.896685655666201_SIZE_1_1.3_3
Evaluating in sample:
[GEN_67|make_tuple(0.8605513122405359, 0.0012076036640507237)|0.8967]
[GEN_67|make_tuple(add(0.0012391376745286126, 0.8605513122405359), 0.0012076036640507237)|0.8967]
[GEN_67|make_tuple(pow(0.9814119181992262, add(8, 0.0323485358700102)), 0.0012062019145702991)|0.8967]
Evaluating out-of-sample:
[GEN_67|make_tuple(0.8605513122405359, 0.0012076036640507237)|0.9807]
[GEN_67|make_tuple(add(0.0012391376745286126, 0.8605513122405359), 0.0012076036640507237)|0.9807]
[GEN_67|make_tuple(pow(0.9814119181992262, add(8, 0.0323485358700102)), 0.0012062019145702991)|0.9807]
Stopped early in iteration 67, no improvement in 20 gens.
START_TASK: 11
GEN_0_FIT_0.8811149770200268_0.8901342101993208_0.8937256245998042_SIZE_1_3.35_9
GEN_1_FIT_0.8852741377181884_0.8900035693154896_0.8937256245998042_SIZE_1_1.5_3
GEN_2_FIT_0.8907609523349199_0.8934527045470171_0.8937979945935365_SIZE_1_1.85_2
GEN_3_FIT_0.8907609523349199_0.8926739070273921_0.8940261912218961_SIZE_1_1.35_2
GEN_4_FIT_0.893220785017776_0.8946376540017764_0.8962204992415906_SIZE_1_1.25_2
GEN_5_FIT_0.8948328678027498_0.8952386510530767_0.8962204992415906_SIZE_1_1.25_3
GEN_6_FIT_0.8954480923344341_0.8960267202780934_0.8966085500104852_SIZE_1_1.7_3
GEN_7_FIT_0.8961205358759643_0.8963133336136055_0.8966085500104852_SIZE_1_1.55_3
GEN_8_FIT_0.8962204992415906_0.8965790309965955_0.8967854516511864_SIZE_1_1.75_3
GEN_9_FIT_0.8966085500104852_0.8966916822849292_0.8971286544775638_SIZE_1_1.15_2
GEN_10_FIT_0.8966085500104852_0.8969934034554438_0.8971928697256136_SIZE_1_1.6_2
GEN_11_FIT_0.8971143628509811_0.897143993708247_0.8971928697256136_SIZE_1_1.3_2
GEN_12_FIT_0.8971900963211749_0.8971927310553918_0.8971928697256136_SIZE_1_1.8_2
GEN_13_FIT_0.8971900963211749_0.8971925923851698_0.8971928697256136_SIZE_1_1.4_2
GEN_14_FIT_0.8971928697256136_0.8971928697256137_0.8971928697256136_SIZE_1_1.0_1
GEN_15_FIT_0.8971928697256136_0.8971928697256137_0.8971928697256136_SIZE_1_1.0_1
GEN_16_FIT_0.8971928697256136_0.8971928697256137_0.8971928697256136_SIZE_1_1.0_1
GEN_17_FIT_0.8971928697256136_0.8971928697256137_0.8971928697256136_SIZE_1_1.0_1
GEN_18_FIT_0.8971928697256136_0.8971928697256137_0.8971928697256136_SIZE_1_1.0_1
GEN_19_FIT_0.8971928697256136_0.8971928697256137_0.8971928697256136_SIZE_1_1.0_1
GEN_20_FIT_0.8971928697256136_0.8971928697256137_0.8971928697256136_SIZE_1_1.0_1
Evaluating in sample:
[GEN_20|make_tuple(0.8605470848384161, 0.001206553576924369)|0.8972]
Evaluating out-of-sample:
[GEN_20|make_tuple(0.8605470848384161, 0.001206553576924369)|0.9232]
GEN_21_FIT_0.8971928697256136_0.8971928697256137_0.8971928697256136_SIZE_1_1.0_1
GEN_22_FIT_0.8971928697256136_0.8971928697256137_0.8971928697256136_SIZE_1_1.0_1
GEN_23_FIT_0.8971928697256136_0.8971928697256137_0.8971928697256136_SIZE_1_1.0_1
GEN_24_FIT_0.8971928697256136_0.8971928697256137_0.8971928697256136_SIZE_1_1.0_1
GEN_25_FIT_0.8971928697256136_0.8971928697256137_0.8971928697256136_SIZE_1_1.0_1
GEN_26_FIT_0.8971928697256136_0.8971928697256137_0.8971928697256136_SIZE_1_1.0_1
GEN_27_FIT_0.8971928697256136_0.8971928697256137_0.8971928697256136_SIZE_1_1.0_1
GEN_28_FIT_0.8971928697256136_0.8971928697256137_0.8971928697256136_SIZE_1_1.0_1
GEN_29_FIT_0.8971928697256136_0.8971928697256137_0.8971928697256136_SIZE_1_1.0_1
GEN_30_FIT_0.8971928697256136_0.8971928697256137_0.8971928697256136_SIZE_1_1.0_1
GEN_31_FIT_0.8971928697256136_0.8971928697256137_0.8971928697256136_SIZE_1_1.0_1
GEN_32_FIT_0.8971928697256136_0.8971928697256137_0.8971928697256136_SIZE_1_1.0_1
GEN_33_FIT_0.8971928697256136_0.8971928697256137_0.8971928697256136_SIZE_1_1.0_1
Evaluating in sample:
[GEN_33|make_tuple(0.8605470848384161, 0.001206553576924369)|0.8972]
Evaluating out-of-sample:
[GEN_33|make_tuple(0.8605470848384161, 0.001206553576924369)|0.9232]
Stopped early in iteration 33, no improvement in 20 gens.
START_TASK: 12
GEN_0_FIT_0.8593178945283819_0.8857361827920046_0.895514868561032_SIZE_1_2.05_4
GEN_1_FIT_0.8796056930086421_0.892631302138537_0.895514868561032_SIZE_1_1.5_3
GEN_2_FIT_0.895514868561032_0.8955889044831375_0.8961852066264847_SIZE_1_1.15_2
GEN_3_FIT_0.895514868561032_0.8957249337364578_0.8961852066264847_SIZE_1_1.1_2
GEN_4_FIT_0.8955834371142825_0.8959392004913692_0.8961852066264847_SIZE_1_1.15_2
GEN_5_FIT_0.8961852066264847_0.8961869345854254_0.8962197658053017_SIZE_1_1.0_1
GEN_6_FIT_0.8961852066264847_0.8961913102735949_0.8962683704848979_SIZE_1_1.05_2
GEN_7_FIT_0.8961852066264847_0.8961996423975723_0.8962683704848979_SIZE_1_1.15_2
GEN_8_FIT_0.8961855794627078_0.8962365059852855_0.8962706730287996_SIZE_1_1.25_2
GEN_9_FIT_0.8962683704848979_0.8962686007392879_0.8962706730287996_SIZE_1_1.1_2
GEN_10_FIT_0.8962683704848979_0.8962686007392879_0.8962706730287996_SIZE_1_1.1_2
GEN_11_FIT_0.8962683704848979_0.8962686007392879_0.8962706730287996_SIZE_1_1.1_2
GEN_12_FIT_0.8962683704848979_0.8962686007392879_0.8962706730287996_SIZE_1_1.1_2
GEN_13_FIT_0.8962683704848979_0.8962686007392879_0.8962706730287996_SIZE_1_1.1_2
GEN_14_FIT_0.8962683704848979_0.8962686007392879_0.8962706730287996_SIZE_1_1.1_2
GEN_15_FIT_0.8962683704848979_0.8962685091606184_0.8962711439993097_SIZE_1_1.05_2
GEN_16_FIT_0.8962683704848979_0.896268647836339_0.8962711439993097_SIZE_1_1.1_2
GEN_17_FIT_0.8962683704848979_0.8962694563421371_0.8962711439993097_SIZE_1_1.35_2
GEN_18_FIT_0.8962706730287996_0.8962710969022588_0.8962711439993097_SIZE_1_1.9_2
GEN_19_FIT_0.896214549116868_0.8962409505177504_0.8962833288989518_SIZE_1_1.1_2
GEN_20_FIT_0.8962706730287996_0.8962719386158147_0.8962833288989518_SIZE_1_1.1_2
Evaluating in sample:
[GEN_20|make_tuple(0.4534008194699197, 0.0011207128040100103)|0.9043]
[GEN_20|make_tuple(add(0.4479868296882242, 0.0126721361222349), 0.0011207128040100103)|0.9043]
Evaluating out-of-sample:
[GEN_20|make_tuple(0.4534008194699197, 0.0011207128040100103)|0.9956]
[GEN_20|make_tuple(add(0.4479868296882242, 0.0126721361222349), 0.0011207128040100103)|0.9956]
GEN_21_FIT_0.8962706730287996_0.8962719386158147_0.8962833288989518_SIZE_1_1.1_2
GEN_22_FIT_0.8962706730287996_0.8962719386158147_0.8962833288989518_SIZE_1_1.1_2
GEN_23_FIT_0.8962706730287996_0.8962719386158147_0.8962833288989518_SIZE_1_1.1_2
GEN_24_FIT_0.8962706730287996_0.8962719386158147_0.8962833288989518_SIZE_1_1.1_2
GEN_25_FIT_0.8962706730287996_0.8962719386158147_0.8962833288989518_SIZE_1_1.1_2
GEN_26_FIT_0.8962706730287996_0.8962719386158147_0.8962833288989518_SIZE_1_1.1_2
GEN_27_FIT_0.8962706730287996_0.8962719386158147_0.8962833288989518_SIZE_1_1.1_2
GEN_28_FIT_0.8962706730287996_0.8962719386158147_0.8962833288989518_SIZE_1_1.1_2
GEN_29_FIT_0.8962706730287996_0.8962719386158147_0.8962833288989518_SIZE_1_1.1_2
GEN_30_FIT_0.8962706730287996_0.8962714170462542_0.8962855533778918_SIZE_1_1.05_2
GEN_31_FIT_0.8962706730287996_0.8962721610637088_0.8962855533778918_SIZE_1_1.1_2
GEN_32_FIT_0.8962706730287996_0.8962721610637088_0.8962855533778918_SIZE_1_1.1_2
GEN_33_FIT_0.8962706730287996_0.8962721610637088_0.8962855533778918_SIZE_1_1.1_2
GEN_34_FIT_0.8962706730287996_0.8962721610637088_0.8962855533778918_SIZE_1_1.1_2
GEN_35_FIT_0.8962706730287996_0.8962721610637088_0.8962855533778918_SIZE_1_1.1_2
GEN_36_FIT_0.8962706730287996_0.8962721610637088_0.8962855533778918_SIZE_1_1.1_2
GEN_37_FIT_0.8962706730287996_0.8962721610637088_0.8962855533778918_SIZE_1_1.1_2
GEN_38_FIT_0.8962706730287996_0.8962721610637088_0.8962855533778918_SIZE_1_1.1_2
GEN_39_FIT_0.8962706730287996_0.8962721610637088_0.8962855533778918_SIZE_1_1.1_2
GEN_40_FIT_0.8962706730287996_0.8962721610637088_0.8962855533778918_SIZE_1_1.1_2
Evaluating in sample:
[GEN_40|make_tuple(0.4534008194699197, 0.0011207128040100103)|0.9043]
[GEN_40|make_tuple(add(0.4479868296882242, 0.012344255641000884), 0.0011207128040100103)|0.9043]
Evaluating out-of-sample:
[GEN_40|make_tuple(0.4534008194699197, 0.0011207128040100103)|0.9956]
[GEN_40|make_tuple(add(0.4479868296882242, 0.012344255641000884), 0.0011207128040100103)|0.9956]
GEN_41_FIT_0.8962706730287996_0.8962721610637088_0.8962855533778918_SIZE_1_1.1_2
GEN_42_FIT_0.8962706730287996_0.8962721610637088_0.8962855533778918_SIZE_1_1.1_2
GEN_43_FIT_0.8962706730287996_0.8962742818921254_0.8962855533778918_SIZE_1_1.2_2
GEN_44_FIT_0.8962706730287996_0.8962786347729063_0.8962855533778918_SIZE_1_1.45_2
GEN_45_FIT_0.8962833288989518_0.8962853309299981_0.8962855533778918_SIZE_1_1.9_2
GEN_46_FIT_0.8962833288989518_0.8962853309299981_0.8962855533778918_SIZE_1_1.9_2
GEN_47_FIT_0.8962833288989518_0.8962853309299981_0.8962855533778918_SIZE_1_1.9_2
GEN_48_FIT_0.8962833288989518_0.8962853309299981_0.8962855533778918_SIZE_1_1.9_2
GEN_49_FIT_0.8962833288989518_0.8962853309299981_0.8962855533778918_SIZE_1_1.9_2
GEN_50_FIT_0.8962833288989518_0.8962853309299981_0.8962855533778918_SIZE_1_1.9_2
GEN_51_FIT_0.8962833288989518_0.8962853309299981_0.8962855533778918_SIZE_1_1.9_2
Evaluating in sample:
[GEN_51|make_tuple(0.4606263062851913, 0.0011207128040100103)|0.9043]
[GEN_51|make_tuple(add(0.4479868296882242, 0.012344255641000884), 0.0011207128040100103)|0.9043]
Evaluating out-of-sample:
[GEN_51|make_tuple(0.4606263062851913, 0.0011207128040100103)|0.9956]
[GEN_51|make_tuple(add(0.4479868296882242, 0.012344255641000884), 0.0011207128040100103)|0.9956]
Stopped early in iteration 51, no improvement in 20 gens.
START_TASK: 14
GEN_0_FIT_0.8708525536244563_0.8885658951861435_0.8945555453495767_SIZE_1_3.25_9
GEN_1_FIT_0.8798177739342549_0.8902409471286946_0.8955076850331024_SIZE_1_2.3_9
GEN_2_FIT_0.8915061541968327_0.8942522580594691_0.8955076850331024_SIZE_1_3.3_9
GEN_3_FIT_0.8922894996656368_0.8947588188412308_0.8955076850331024_SIZE_1_1.85_5
GEN_4_FIT_0.895496197161227_0.8955071106395087_0.8955076850331024_SIZE_1_1.5_2
GEN_5_FIT_0.8955076850331024_0.8955076850331023_0.8955076850331024_SIZE_1_1.0_1
GEN_6_FIT_0.8955076850331024_0.8955201485279835_0.8956951717499246_SIZE_1_1.0_1
GEN_7_FIT_0.8955076850331024_0.8955695669349766_0.8956951717499246_SIZE_1_1.05_2
GEN_8_FIT_0.8955518445560455_0.8956665063111489_0.8956951717499246_SIZE_1_1.1_2
GEN_9_FIT_0.8956951717499246_0.8956951717499246_0.8956951717499246_SIZE_1_1.0_1
GEN_10_FIT_0.8956951717499246_0.8956951717499246_0.8956951717499246_SIZE_1_1.0_1
GEN_11_FIT_0.8956951717499246_0.8956961229307627_0.895714195366685_SIZE_1_1.0_1
GEN_12_FIT_0.8956951717499246_0.8957008788349526_0.895714195366685_SIZE_1_1.0_1
GEN_13_FIT_0.895714195366685_0.8957141953666851_0.895714195366685_SIZE_1_1.0_1
GEN_14_FIT_0.895714195366685_0.8957141953666851_0.895714195366685_SIZE_1_1.0_1
GEN_15_FIT_0.895714195366685_0.8957141953666851_0.895714195366685_SIZE_1_1.0_1
GEN_16_FIT_0.895714195366685_0.8957141953666851_0.895714195366685_SIZE_1_1.0_1
GEN_17_FIT_0.895714195366685_0.8957141953666851_0.895714195366685_SIZE_1_1.0_1
GEN_18_FIT_0.895714195366685_0.8957141953666851_0.895714195366685_SIZE_1_1.0_1
GEN_19_FIT_0.895714195366685_0.8957141953666851_0.895714195366685_SIZE_1_1.0_1
GEN_20_FIT_0.895714195366685_0.8957141953666851_0.895714195366685_SIZE_1_1.0_1
Evaluating in sample:
[GEN_20|make_tuple(148, 0.0011088196051573895)|0.8957]
Evaluating out-of-sample:
[GEN_20|make_tuple(148, 0.0011088196051573895)|0.9926]
GEN_21_FIT_0.895714195366685_0.8957141953666851_0.895714195366685_SIZE_1_1.0_1
GEN_22_FIT_0.895714195366685_0.8957141953666851_0.895714195366685_SIZE_1_1.0_1
GEN_23_FIT_0.895714195366685_0.8957141953666851_0.895714195366685_SIZE_1_1.0_1
GEN_24_FIT_0.895714195366685_0.8957141953666851_0.895714195366685_SIZE_1_1.0_1
GEN_25_FIT_0.895714195366685_0.8957141953666851_0.895714195366685_SIZE_1_1.0_1
GEN_26_FIT_0.895714195366685_0.8957141953666851_0.895714195366685_SIZE_1_1.0_1
GEN_27_FIT_0.895714195366685_0.8957141953666851_0.895714195366685_SIZE_1_1.0_1
GEN_28_FIT_0.895714195366685_0.8957141953666851_0.895714195366685_SIZE_1_1.0_1
GEN_29_FIT_0.895714195366685_0.8957141953666851_0.895714195366685_SIZE_1_1.0_1
GEN_30_FIT_0.895714195366685_0.8957145538683285_0.8957213653995526_SIZE_1_1.05_2
GEN_31_FIT_0.895714195366685_0.8957149123699718_0.8957213653995526_SIZE_1_1.1_2
GEN_32_FIT_0.895714195366685_0.8957149123699718_0.8957213653995526_SIZE_1_1.1_2
GEN_33_FIT_0.895714195366685_0.8957149123699718_0.8957213653995526_SIZE_1_1.1_2
GEN_34_FIT_0.895714195366685_0.8957297254517702_0.8958694962175361_SIZE_1_1.1_2
GEN_35_FIT_0.895714195366685_0.8957297254517702_0.8958694962175361_SIZE_1_1.1_2
GEN_36_FIT_0.895714195366685_0.8957297254517702_0.8958694962175361_SIZE_1_1.1_2
GEN_37_FIT_0.895714195366685_0.8957297254517702_0.8958694962175361_SIZE_1_1.1_2
GEN_38_FIT_0.895714195366685_0.8957297254517702_0.8958694962175361_SIZE_1_1.1_2
GEN_39_FIT_0.895714195366685_0.8957297254517702_0.8958694962175361_SIZE_1_1.1_2
GEN_40_FIT_0.895714195366685_0.8957297254517702_0.8958694962175361_SIZE_1_1.1_2
Evaluating in sample:
[GEN_40|make_tuple(148, 0.0011088196051573895)|0.8957]
[GEN_40|make_tuple(expit(4), 0.0011088196051573895)|0.8959]
Evaluating out-of-sample:
[GEN_40|make_tuple(148, 0.0011088196051573895)|0.9926]
[GEN_40|make_tuple(expit(4), 0.0011088196051573895)|0.9929]
GEN_41_FIT_0.895714195366685_0.8957297254517702_0.8958694962175361_SIZE_1_1.1_2
GEN_42_FIT_0.895714195366685_0.8957297254517702_0.8958694962175361_SIZE_1_1.1_2
GEN_43_FIT_0.895714195366685_0.8957235895355169_0.895902078743321_SIZE_1_1.05_2
GEN_44_FIT_0.895714195366685_0.8957329837043486_0.895902078743321_SIZE_1_1.1_2
GEN_45_FIT_0.895714195366685_0.8957329837043486_0.895902078743321_SIZE_1_1.1_2
GEN_46_FIT_0.895714195366685_0.8957382751440489_0.8961957909139613_SIZE_1_1.05_2
GEN_47_FIT_0.895714195366685_0.8957382751440489_0.8961957909139613_SIZE_1_1.05_2
GEN_48_FIT_0.895714195366685_0.8957623549214127_0.8961957909139613_SIZE_1_1.1_2
GEN_49_FIT_0.895714195366685_0.8957623549214127_0.8961957909139613_SIZE_1_1.1_2
GEN_50_FIT_0.895714195366685_0.8957623549214127_0.8961957909139613_SIZE_1_1.1_2
GEN_51_FIT_0.895714195366685_0.8957623549214127_0.8961957909139613_SIZE_1_1.1_2
GEN_52_FIT_0.895714195366685_0.8957623549214127_0.8961957909139613_SIZE_1_1.1_2
GEN_53_FIT_0.895714195366685_0.8957623549214127_0.8961957909139613_SIZE_1_1.1_2
GEN_54_FIT_0.895714195366685_0.8957623549214127_0.8961957909139613_SIZE_1_1.1_2
GEN_55_FIT_0.895714195366685_0.8957623549214127_0.8961957909139613_SIZE_1_1.1_2
GEN_56_FIT_0.895714195366685_0.8957623549214127_0.8961957909139613_SIZE_1_1.1_2
GEN_57_FIT_0.895714195366685_0.8957407130617195_0.8962445492673744_SIZE_1_1.05_2
GEN_58_FIT_0.895714195366685_0.895767230756754_0.8962445492673744_SIZE_1_1.1_2
GEN_59_FIT_0.895714195366685_0.895767230756754_0.8962445492673744_SIZE_1_1.1_2
GEN_60_FIT_0.895714195366685_0.895767230756754_0.8962445492673744_SIZE_1_1.1_2
Evaluating in sample:
[GEN_60|make_tuple(148, 0.0011088196051573895)|0.8957]
[GEN_60|make_tuple(truediv(136, 296), 0.0011088196051573895)|0.9042]
Evaluating out-of-sample:
[GEN_60|make_tuple(148, 0.0011088196051573895)|0.9926]
[GEN_60|make_tuple(truediv(136, 296), 0.0011088196051573895)|0.9939]
GEN_61_FIT_0.895714195366685_0.8957421279557811_0.8962728471486061_SIZE_1_1.05_2
GEN_62_FIT_0.895714195366685_0.8957700605448771_0.8962728471486061_SIZE_1_1.1_2
GEN_63_FIT_0.895714195366685_0.8957700605448771_0.8962728471486061_SIZE_1_1.1_2
GEN_64_FIT_0.895714195366685_0.8957700605448771_0.8962728471486061_SIZE_1_1.1_2
GEN_65_FIT_0.895714195366685_0.8957700605448771_0.8962728471486061_SIZE_1_1.1_2
GEN_66_FIT_0.895714195366685_0.8957700605448771_0.8962728471486061_SIZE_1_1.1_2
GEN_67_FIT_0.895714195366685_0.8957700605448771_0.8962728471486061_SIZE_1_1.1_2
GEN_68_FIT_0.895714195366685_0.8957700605448771_0.8962728471486061_SIZE_1_1.1_2
GEN_69_FIT_0.895714195366685_0.8957700605448771_0.8962728471486061_SIZE_1_1.1_2
GEN_70_FIT_0.895714195366685_0.8957700605448771_0.8962728471486061_SIZE_1_1.1_2
GEN_71_FIT_0.895714195366685_0.8957700605448771_0.8962728471486061_SIZE_1_1.1_2
GEN_72_FIT_0.895714195366685_0.8957700605448771_0.8962728471486061_SIZE_1_1.1_2
GEN_73_FIT_0.895714195366685_0.8957700605448771_0.8962728471486061_SIZE_1_1.1_2
GEN_74_FIT_0.895714195366685_0.8957700605448771_0.8962728471486061_SIZE_1_1.1_2
GEN_75_FIT_0.895714195366685_0.8957700605448771_0.8962728471486061_SIZE_1_1.1_2
GEN_76_FIT_0.895714195366685_0.8957700605448771_0.8962728471486061_SIZE_1_1.1_2
GEN_77_FIT_0.895714195366685_0.8957700605448771_0.8962728471486061_SIZE_1_1.1_2
GEN_78_FIT_0.895714195366685_0.8957700605448771_0.8962728471486061_SIZE_1_1.1_2
GEN_79_FIT_0.895714195366685_0.8957700605448771_0.8962728471486061_SIZE_1_1.1_2
GEN_80_FIT_0.895714195366685_0.8957700605448771_0.8962728471486061_SIZE_1_1.1_2
Evaluating in sample:
[GEN_80|make_tuple(148, 0.0011088196051573895)|0.8957]
[GEN_80|make_tuple(truediv(134, 296), 0.0011088196051573895)|0.9043]
Evaluating out-of-sample:
[GEN_80|make_tuple(148, 0.0011088196051573895)|0.9926]
[GEN_80|make_tuple(truediv(134, 296), 0.0011088196051573895)|0.9939]
GEN_81_FIT_0.895714195366685_0.8957700605448771_0.8962728471486061_SIZE_1_1.1_2
GEN_82_FIT_0.895714195366685_0.8957700605448771_0.8962728471486061_SIZE_1_1.1_2
Evaluating in sample:
[GEN_82|make_tuple(148, 0.0011088196051573895)|0.8957]
[GEN_82|make_tuple(truediv(134, 296), 0.0011088196051573895)|0.9043]
Evaluating out-of-sample:
[GEN_82|make_tuple(148, 0.0011088196051573895)|0.9926]
[GEN_82|make_tuple(truediv(134, 296), 0.0011088196051573895)|0.9939]
Stopped early in iteration 82, no improvement in 20 gens.
START_TASK: 15
GEN_0_FIT_0.8555685345600402_0.8862577431220583_0.8954635994974404_SIZE_1_2.6_6
GEN_1_FIT_0.8808189544326773_0.8932016038579567_0.8954635994974404_SIZE_1_3.0_6
GEN_2_FIT_0.8942863482157877_0.8949374128988229_0.8954635994974404_SIZE_1_3.25_6
GEN_3_FIT_0.8944678765623827_0.8953147272878311_0.8956713892615916_SIZE_1_3.55_6
GEN_4_FIT_0.8951302196276495_0.8955363706149478_0.8962288268608998_SIZE_1_2.05_6
GEN_5_FIT_0.8956713892615916_0.8957029707997556_0.8963030200248718_SIZE_1_1.15_4
GEN_6_FIT_0.8956713892615916_0.8957345523379197_0.8963030200248718_SIZE_1_1.3_4
GEN_7_FIT_0.8956713892615916_0.8957424260047905_0.8963030200248718_SIZE_1_1.35_4
GEN_8_FIT_0.8956713892615916_0.8957502996716613_0.8963030200248718_SIZE_1_1.4_4
GEN_9_FIT_0.8956713892615916_0.8957502996716613_0.8963030200248718_SIZE_1_1.4_4
GEN_10_FIT_0.8956713892615916_0.8957502996716613_0.8963030200248718_SIZE_1_1.4_4
GEN_11_FIT_0.8956713892615916_0.8957198041997282_0.8963247413494928_SIZE_1_1.25_4
GEN_12_FIT_0.8956713892615916_0.8957524718041233_0.8963247413494928_SIZE_1_1.4_4
GEN_13_FIT_0.8956713892615916_0.8957524718041233_0.8963247413494928_SIZE_1_1.4_4
GEN_14_FIT_0.8956713892615916_0.8957198041997282_0.8963247413494928_SIZE_1_1.2_3
GEN_15_FIT_0.8956713892615916_0.8957482683641718_0.8963247413494928_SIZE_1_1.4_3
GEN_16_FIT_0.8956713892615916_0.8957421755900274_0.8963247413494928_SIZE_1_1.35_3
GEN_17_FIT_0.8956713892615916_0.895831409188766_0.8963247413494928_SIZE_1_1.7_3
GEN_18_FIT_0.895686659258085_0.8958619271146787_0.8963247413494928_SIZE_1_1.6_3
GEN_19_FIT_0.895686659258085_0.8959895435329603_0.8963247413494928_SIZE_1_2.0_3
GEN_20_FIT_0.895686659258085_0.8962128722649527_0.8963247413494928_SIZE_1_2.7_3
Evaluating in sample:
[GEN_20|make_tuple(4, 0.0011089071170216993)|0.8957]
[GEN_20|make_tuple(expit(4), 0.0011089071170216993)|0.8958]
[GEN_20|make_tuple(0.58666459122174, mul(truediv(0.03252225085946873, 139), 2))|0.9043]
Evaluating out-of-sample:
[GEN_20|make_tuple(4, 0.0011089071170216993)|0.9957]
[GEN_20|make_tuple(expit(4), 0.0011089071170216993)|0.9957]
[GEN_20|make_tuple(0.58666459122174, mul(truediv(0.03252225085946873, 139), 2))|0.9953]
GEN_21_FIT_0.8948067719731739_0.8955056935474627_0.8963318372017514_SIZE_1_1.55_3
GEN_22_FIT_0.895686659258085_0.8957669243861934_0.8963318372017514_SIZE_1_1.3_3
GEN_23_FIT_0.895686659258085_0.8957669243861934_0.8963318372017514_SIZE_1_1.3_3
GEN_24_FIT_0.895686659258085_0.8957669243861934_0.8963318372017514_SIZE_1_1.3_3
GEN_25_FIT_0.895686659258085_0.8957669243861934_0.8963318372017514_SIZE_1_1.3_3
GEN_26_FIT_0.895686659258085_0.8957669243861934_0.8963318372017514_SIZE_1_1.3_3
GEN_27_FIT_0.895686659258085_0.8957669243861934_0.8963318372017514_SIZE_1_1.3_3
GEN_28_FIT_0.895686659258085_0.8957669243861934_0.8963318372017514_SIZE_1_1.3_3
GEN_29_FIT_0.895686659258085_0.8957669243861934_0.8963318372017514_SIZE_1_1.3_3
GEN_30_FIT_0.895686659258085_0.8957669243861934_0.8963318372017514_SIZE_1_1.3_3
GEN_31_FIT_0.895686659258085_0.8957669243861934_0.8963318372017514_SIZE_1_1.3_3
GEN_32_FIT_0.895686659258085_0.8957669243861934_0.8963318372017514_SIZE_1_1.3_3
GEN_33_FIT_0.895686659258085_0.8957669243861934_0.8963318372017514_SIZE_1_1.3_3
GEN_34_FIT_0.895686659258085_0.8957669243861934_0.8963318372017514_SIZE_1_1.3_3
GEN_35_FIT_0.895686659258085_0.8957669243861934_0.8963318372017514_SIZE_1_1.3_3
GEN_36_FIT_0.895686659258085_0.8957669243861934_0.8963318372017514_SIZE_1_1.3_3
GEN_37_FIT_0.895686659258085_0.8957669243861934_0.8963318372017514_SIZE_1_1.3_3
GEN_38_FIT_0.895686659258085_0.8957669243861934_0.8963318372017514_SIZE_1_1.3_3
GEN_39_FIT_0.895686659258085_0.8957669243861934_0.8963318372017514_SIZE_1_1.3_3
GEN_40_FIT_0.895686659258085_0.8957669243861934_0.8963318372017514_SIZE_1_1.3_3
Evaluating in sample:
[GEN_40|make_tuple(4, 0.0011089071170216993)|0.8957]
[GEN_40|make_tuple(expit(4), 0.0011089071170216993)|0.8958]
[GEN_40|make_tuple(0.58666459122174, mul(truediv(0.03286591192663576, 139), 2))|0.9043]
Evaluating out-of-sample:
[GEN_40|make_tuple(4, 0.0011089071170216993)|0.9957]
[GEN_40|make_tuple(expit(4), 0.0011089071170216993)|0.9957]
[GEN_40|make_tuple(0.58666459122174, mul(truediv(0.03286591192663576, 139), 2))|0.9953]
GEN_41_FIT_0.895686659258085_0.8957669243861934_0.8963318372017514_SIZE_1_1.3_3
GEN_42_FIT_0.895686659258085_0.8957669243861934_0.8963318372017514_SIZE_1_1.3_3
Evaluating in sample:
[GEN_42|make_tuple(4, 0.0011089071170216993)|0.8957]
[GEN_42|make_tuple(expit(4), 0.0011089071170216993)|0.8958]
[GEN_42|make_tuple(0.58666459122174, mul(truediv(0.03286591192663576, 139), 2))|0.9043]
Evaluating out-of-sample:
[GEN_42|make_tuple(4, 0.0011089071170216993)|0.9957]
[GEN_42|make_tuple(expit(4), 0.0011089071170216993)|0.9957]
[GEN_42|make_tuple(0.58666459122174, mul(truediv(0.03286591192663576, 139), 2))|0.9953]
Stopped early in iteration 42, no improvement in 20 gens.
START_TASK: 16
GEN_0_FIT_0.8711655505732218_0.8868218727437727_0.8943234846973901_SIZE_1_2.05_6
GEN_1_FIT_0.8902446981640219_0.8930576788004838_0.8945455048648957_SIZE_1_1.4_4
GEN_2_FIT_0.8943234846973901_0.8945484029081608_0.8950164742717033_SIZE_1_1.3_2
GEN_3_FIT_0.8949128607062267_0.8950457362056662_0.8955372999611313_SIZE_1_1.45_2
GEN_4_FIT_0.8950164742717033_0.8952381177839521_0.8955372999611313_SIZE_1_1.3_3
GEN_5_FIT_0.8955336686472017_0.8955475569059995_0.8956920338379136_SIZE_1_1.2_3
GEN_6_FIT_0.8955372999611313_0.8956290197914851_0.8958665660582845_SIZE_1_1.6_3
GEN_7_FIT_0.8956920338379136_0.895736260436858_0.8958665660582845_SIZE_1_1.45_3
GEN_8_FIT_0.8956944080133202_0.8957503364693051_0.8960801107338323_SIZE_1_1.25_3
GEN_9_FIT_0.8956944080133202_0.8957806797339616_0.8961319628502343_SIZE_1_1.15_2
GEN_10_FIT_0.8956944080133202_0.8960274184857736_0.8961319628502343_SIZE_1_1.7_3
GEN_11_FIT_0.8960801107338323_0.8961267776385939_0.8961319628502343_SIZE_1_1.75_2
GEN_12_FIT_0.8960801107338323_0.8961278683678771_0.8961477136454262_SIZE_1_1.15_2
GEN_13_FIT_0.8961319628502343_0.8961375976573617_0.8961477136454262_SIZE_1_1.15_2
GEN_14_FIT_0.8961477136454262_0.896164830269959_0.8962758751160669_SIZE_1_1.1_2
GEN_15_FIT_0.8961543201387278_0.8962102544707873_0.8962758751160669_SIZE_1_1.3_2
GEN_16_FIT_0.8962210003040235_0.8962696954148542_0.8962758751160669_SIZE_1_1.75_2
GEN_17_FIT_0.8962740335892312_0.8962757315201125_0.8962766862506489_SIZE_1_1.4_2
GEN_18_FIT_0.8962758751160669_0.8962761184564417_0.8962766862506489_SIZE_1_1.0_1
GEN_19_FIT_0.8962758751160669_0.896276321240087_0.8962766862506489_SIZE_1_1.0_1
GEN_20_FIT_0.8962766862506489_0.8962766862506488_0.8962766862506489_SIZE_1_1.0_1
Evaluating in sample:
[GEN_20|make_tuple(0.45499648881163923, 0.0011098643197684597)|0.9043]
Evaluating out-of-sample:
[GEN_20|make_tuple(0.45499648881163923, 0.0011098643197684597)|0.9939]
GEN_21_FIT_0.8962766862506489_0.8962771694155129_0.8962863495479297_SIZE_1_1.0_1
GEN_22_FIT_0.8962766862506489_0.8962776525803771_0.8962863495479297_SIZE_1_1.0_1
GEN_23_FIT_0.8962766862506489_0.8962795852398331_0.8962863495479297_SIZE_1_1.05_2
GEN_24_FIT_0.8962766862506489_0.8962829673938814_0.8962863495479297_SIZE_1_1.1_2
GEN_25_FIT_0.8962863495479297_0.8962863495479295_0.8962863495479297_SIZE_1_1.0_1
GEN_26_FIT_0.8962863495479297_0.8962863495479295_0.8962863495479297_SIZE_1_1.0_1
GEN_27_FIT_0.8962863495479297_0.8962863495479295_0.8962863495479297_SIZE_1_1.0_1
GEN_28_FIT_0.8962863495479297_0.8962863495479295_0.8962863495479297_SIZE_1_1.0_1
GEN_29_FIT_0.8962863495479297_0.8962863495479295_0.8962863495479297_SIZE_1_1.0_1
GEN_30_FIT_0.8962863495479297_0.8962869110570961_0.896297579731262_SIZE_1_1.0_1
GEN_31_FIT_0.8962863495479297_0.8962869110570961_0.896297579731262_SIZE_1_1.0_1
GEN_32_FIT_0.8962863495479297_0.8962869110570961_0.896297579731262_SIZE_1_1.0_1
GEN_33_FIT_0.8962863495479297_0.8962885955845961_0.896297579731262_SIZE_1_1.0_1
GEN_34_FIT_0.8962863495479297_0.8962897186029293_0.896297579731262_SIZE_1_1.0_1
GEN_35_FIT_0.8962863495479297_0.8962930876579289_0.896297579731262_SIZE_1_1.05_2
GEN_36_FIT_0.896297579731262_0.896297579731262_0.896297579731262_SIZE_1_1.0_1
GEN_37_FIT_0.896297579731262_0.896297579731262_0.896297579731262_SIZE_1_1.0_1
GEN_38_FIT_0.896297579731262_0.896297579731262_0.896297579731262_SIZE_1_1.0_1
GEN_39_FIT_0.896297579731262_0.896297579731262_0.896297579731262_SIZE_1_1.0_1
GEN_40_FIT_0.896297579731262_0.896297579731262_0.896297579731262_SIZE_1_1.0_1
Evaluating in sample:
[GEN_40|make_tuple(0.4605362720986276, 0.001120376347051367)|0.9043]
Evaluating out-of-sample:
[GEN_40|make_tuple(0.4605362720986276, 0.001120376347051367)|0.9940]
GEN_41_FIT_0.896297579731262_0.896297579731262_0.896297579731262_SIZE_1_1.0_1
GEN_42_FIT_0.896297579731262_0.896297579731262_0.896297579731262_SIZE_1_1.0_1
GEN_43_FIT_0.896297579731262_0.896297579731262_0.896297579731262_SIZE_1_1.0_1
GEN_44_FIT_0.896297579731262_0.896297579731262_0.896297579731262_SIZE_1_1.0_1
GEN_45_FIT_0.896297579731262_0.896297579731262_0.896297579731262_SIZE_1_1.0_1
GEN_46_FIT_0.896297579731262_0.896297579731262_0.896297579731262_SIZE_1_1.0_1
GEN_47_FIT_0.896297579731262_0.896297579731262_0.896297579731262_SIZE_1_1.0_1
GEN_48_FIT_0.896297579731262_0.896297579731262_0.896297579731262_SIZE_1_1.0_1
GEN_49_FIT_0.896297579731262_0.896297579731262_0.896297579731262_SIZE_1_1.0_1
GEN_50_FIT_0.896297579731262_0.896297579731262_0.896297579731262_SIZE_1_1.0_1
GEN_51_FIT_0.896297579731262_0.896297579731262_0.896297579731262_SIZE_1_1.0_1
Evaluating in sample:
[GEN_51|make_tuple(0.4605362720986276, 0.001120376347051367)|0.9043]
Evaluating out-of-sample:
[GEN_51|make_tuple(0.4605362720986276, 0.001120376347051367)|0.9940]
Stopped early in iteration 51, no improvement in 20 gens.
START_TASK: 18
GEN_0_FIT_0.859254395072744_0.8857165713568482_0.8939822015925487_SIZE_1_2.25_4
GEN_1_FIT_0.8855657085478605_0.8914664450276438_0.8940374797003925_SIZE_1_1.6_4
GEN_2_FIT_0.8914858147534491_0.8926229913292995_0.8949492542976275_SIZE_1_1.35_2
GEN_3_FIT_0.8933657111594621_0.8941065879698371_0.8949492542976275_SIZE_1_1.55_3
GEN_4_FIT_0.8933702888354563_0.8941341257147581_0.8957822554858091_SIZE_1_1.35_3
GEN_5_FIT_0.8943297456869583_0.8944023711769009_0.8957822554858091_SIZE_1_1.05_2
GEN_6_FIT_0.8943297456869583_0.8944023711769009_0.8957822554858091_SIZE_1_1.05_2
GEN_7_FIT_0.8943297456869583_0.8947505231715699_0.8957822554858091_SIZE_1_1.3_3
GEN_8_FIT_0.895056743285029_0.8954655875939922_0.8957822554858091_SIZE_1_1.85_4
GEN_9_FIT_0.8955573818275802_0.8957627056375335_0.8957822554858091_SIZE_1_1.95_3
GEN_10_FIT_0.895616132178525_0.8957656431550808_0.8957822554858091_SIZE_1_1.9_2
GEN_11_FIT_0.895616132178525_0.8957656431550808_0.8957822554858091_SIZE_1_1.9_2
GEN_12_FIT_0.8950046429744551_0.8956248078017893_0.895796755875897_SIZE_1_1.6_2
GEN_13_FIT_0.895616132178525_0.8956341945482622_0.895796755875897_SIZE_1_1.1_2
GEN_14_FIT_0.895616132178525_0.8956341945482622_0.895796755875897_SIZE_1_1.1_2
GEN_15_FIT_0.895616132178525_0.8956462458640289_0.895796755875897_SIZE_1_1.15_2
GEN_16_FIT_0.895616132178525_0.8956807839046613_0.895796755875897_SIZE_1_1.3_2
GEN_17_FIT_0.8956765347964865_0.895737884904738_0.895796755875897_SIZE_1_1.6_3
GEN_18_FIT_0.8956765347964865_0.8957239533789908_0.8958133692450038_SIZE_1_1.15_2
GEN_19_FIT_0.8957336443007611_0.8957376305479734_0.8958133692450038_SIZE_1_1.05_2
GEN_20_FIT_0.8957336443007611_0.8957416167951855_0.8958133692450038_SIZE_1_1.1_2
Evaluating in sample:
[GEN_20|make_tuple(499, 0.0011097594114618124)|0.8957]
[GEN_20|make_tuple(0.34057952443939804, truediv(0.012167874500838153, 140))|0.9038]
Evaluating out-of-sample:
[GEN_20|make_tuple(499, 0.0011097594114618124)|0.9904]
[GEN_20|make_tuple(0.34057952443939804, truediv(0.012167874500838153, 140))|0.9874]
GEN_21_FIT_0.8957336443007611_0.8957416167951855_0.8958133692450038_SIZE_1_1.1_2
GEN_22_FIT_0.8957336443007611_0.8957416167951855_0.8958133692450038_SIZE_1_1.1_2
GEN_23_FIT_0.8957336443007611_0.8957416167951855_0.8958133692450038_SIZE_1_1.1_2
GEN_24_FIT_0.8957336443007611_0.8957416167951855_0.8958133692450038_SIZE_1_1.1_2
GEN_25_FIT_0.8957336443007611_0.8957416167951855_0.8958133692450038_SIZE_1_1.1_2
GEN_26_FIT_0.8957336443007611_0.8957416167951855_0.8958133692450038_SIZE_1_1.1_2
GEN_27_FIT_0.8957336443007611_0.8957441753572526_0.8959442654305885_SIZE_1_1.05_2
GEN_28_FIT_0.8957336443007611_0.8957441753572526_0.8959442654305885_SIZE_1_1.05_2
GEN_29_FIT_0.8957336443007611_0.8957551872143457_0.8961645025724512_SIZE_1_1.05_2
GEN_30_FIT_0.8957336443007611_0.8957551872143457_0.8961645025724512_SIZE_1_1.05_2
GEN_31_FIT_0.8957336443007611_0.8957767301279302_0.8961645025724512_SIZE_1_1.1_2
GEN_32_FIT_0.8957336443007611_0.8957585545809449_0.8962318499044333_SIZE_1_1.05_2
GEN_33_FIT_0.8957336443007611_0.8957834648611284_0.8962318499044333_SIZE_1_1.1_2
GEN_34_FIT_0.8957336443007611_0.8957607846397624_0.8962764510807846_SIZE_1_1.05_2
GEN_35_FIT_0.8957336443007611_0.8957879249787636_0.8962764510807846_SIZE_1_1.1_2
GEN_36_FIT_0.8957336443007611_0.8957879249787636_0.8962764510807846_SIZE_1_1.1_2
GEN_37_FIT_0.8957336443007611_0.8957879249787636_0.8962764510807846_SIZE_1_1.1_2
GEN_38_FIT_0.8957336443007611_0.8957879249787636_0.8962764510807846_SIZE_1_1.1_2
GEN_39_FIT_0.8957336443007611_0.8957879249787636_0.8962764510807846_SIZE_1_1.1_2
GEN_40_FIT_0.8957336443007611_0.8957879249787636_0.8962764510807846_SIZE_1_1.1_2
Evaluating in sample:
[GEN_40|make_tuple(499, 0.0011097594114618124)|0.8957]
[GEN_40|make_tuple(truediv(231, 499), 0.0011097594114618124)|0.9043]
Evaluating out-of-sample:
[GEN_40|make_tuple(499, 0.0011097594114618124)|0.9904]
[GEN_40|make_tuple(truediv(231, 499), 0.0011097594114618124)|0.9895]
GEN_41_FIT_0.8957336443007611_0.8957879249787636_0.8962764510807846_SIZE_1_1.1_2
GEN_42_FIT_0.8957336443007611_0.8957879249787636_0.8962764510807846_SIZE_1_1.1_2
GEN_43_FIT_0.8957336443007611_0.8957879249787636_0.8962764510807846_SIZE_1_1.1_2
GEN_44_FIT_0.8957336443007611_0.8957879249787636_0.8962764510807846_SIZE_1_1.1_2
GEN_45_FIT_0.8957336443007611_0.8957879249787636_0.8962764510807846_SIZE_1_1.1_2
GEN_46_FIT_0.8957336443007611_0.8957879249787636_0.8962764510807846_SIZE_1_1.1_2
GEN_47_FIT_0.8957336443007611_0.8957621073698083_0.8963029056817049_SIZE_1_1.05_2
GEN_48_FIT_0.8957336443007611_0.8957905704388557_0.8963029056817049_SIZE_1_1.1_2
GEN_49_FIT_0.8957336443007611_0.8957905704388557_0.8963029056817049_SIZE_1_1.1_2
GEN_50_FIT_0.8957336443007611_0.8957905704388557_0.8963029056817049_SIZE_1_1.1_2
GEN_51_FIT_0.8957336443007611_0.8957905704388557_0.8963029056817049_SIZE_1_1.1_2
GEN_52_FIT_0.8957336443007611_0.8957905704388557_0.8963029056817049_SIZE_1_1.1_2
GEN_53_FIT_0.8957336443007611_0.8957905704388557_0.8963029056817049_SIZE_1_1.1_2
GEN_54_FIT_0.8957336443007611_0.8957905704388557_0.8963029056817049_SIZE_1_1.1_2
GEN_55_FIT_0.8957336443007611_0.8957905704388557_0.8963029056817049_SIZE_1_1.1_2
GEN_56_FIT_0.8957336443007611_0.8957905704388557_0.8963029056817049_SIZE_1_1.1_2
GEN_57_FIT_0.8957336443007611_0.8957905704388557_0.8963029056817049_SIZE_1_1.1_2
GEN_58_FIT_0.8957336443007611_0.8957627045296794_0.8963148488791268_SIZE_1_1.05_2
GEN_59_FIT_0.8957336443007611_0.8957917647585978_0.8963148488791268_SIZE_1_1.1_2
GEN_60_FIT_0.8957336443007611_0.8957917647585978_0.8963148488791268_SIZE_1_1.1_2
Evaluating in sample:
[GEN_60|make_tuple(499, 0.0011097594114618124)|0.8957]
[GEN_60|make_tuple(truediv(228, 503), 0.0011097594114618124)|0.9043]
Evaluating out-of-sample:
[GEN_60|make_tuple(499, 0.0011097594114618124)|0.9904]
[GEN_60|make_tuple(truediv(228, 503), 0.0011097594114618124)|0.9895]
GEN_61_FIT_0.8957336443007611_0.8957917647585978_0.8963148488791268_SIZE_1_1.1_2
GEN_62_FIT_0.8957336443007611_0.8957917647585978_0.8963148488791268_SIZE_1_1.1_2
GEN_63_FIT_0.8957336443007611_0.8957917647585978_0.8963148488791268_SIZE_1_1.1_2
GEN_64_FIT_0.8957336443007611_0.8957917647585978_0.8963148488791268_SIZE_1_1.1_2
GEN_65_FIT_0.8957336443007611_0.8957917647585978_0.8963148488791268_SIZE_1_1.1_2
GEN_66_FIT_0.8957336443007611_0.8957917647585978_0.8963148488791268_SIZE_1_1.1_2
GEN_67_FIT_0.8957336443007611_0.8957917647585978_0.8963148488791268_SIZE_1_1.1_2
GEN_68_FIT_0.8957336443007611_0.8957917647585978_0.8963148488791268_SIZE_1_1.1_2
GEN_69_FIT_0.8957336443007611_0.8957917647585978_0.8963148488791268_SIZE_1_1.1_2
GEN_70_FIT_0.8957336443007611_0.8957917647585978_0.8963148488791268_SIZE_1_1.1_2
GEN_71_FIT_0.8957336443007611_0.8957917647585978_0.8963148488791268_SIZE_1_1.1_2
GEN_72_FIT_0.8957336443007611_0.8957917647585978_0.8963148488791268_SIZE_1_1.1_2
GEN_73_FIT_0.8957336443007611_0.8957917647585978_0.8963148488791268_SIZE_1_1.1_2
GEN_74_FIT_0.8957336443007611_0.8957917647585978_0.8963148488791268_SIZE_1_1.1_2
GEN_75_FIT_0.8957336443007611_0.8957917647585978_0.8963148488791268_SIZE_1_1.1_2
GEN_76_FIT_0.8957336443007611_0.8957917647585978_0.8963148488791268_SIZE_1_1.1_2
GEN_77_FIT_0.8957336443007611_0.8957917647585978_0.8963148488791268_SIZE_1_1.1_2
GEN_78_FIT_0.8957336443007611_0.8957917647585978_0.8963148488791268_SIZE_1_1.1_2
GEN_79_FIT_0.8957336443007611_0.8957917647585978_0.8963148488791268_SIZE_1_1.1_2
Evaluating in sample:
[GEN_79|make_tuple(499, 0.0011097594114618124)|0.8957]
[GEN_79|make_tuple(truediv(228, 503), 0.0011097594114618124)|0.9043]
Evaluating out-of-sample:
[GEN_79|make_tuple(499, 0.0011097594114618124)|0.9904]
[GEN_79|make_tuple(truediv(228, 503), 0.0011097594114618124)|0.9895]
Stopped early in iteration 79, no improvement in 20 gens.
START_TASK: 22
GEN_0_FIT_0.8810393114811833_0.890348423442725_0.8943104034919797_SIZE_1_3.1_9
GEN_1_FIT_0.8902444735406958_0.8922187149714311_0.8943104034919797_SIZE_1_2.5_6
GEN_2_FIT_0.8918075725225728_0.8935691904749496_0.8943104034919797_SIZE_1_3.0_5
GEN_3_FIT_0.8934343322806518_0.8941971549064569_0.8944954134966527_SIZE_1_3.4_6
GEN_4_FIT_0.8941691854568651_0.8944995201941097_0.8955424009971364_SIZE_1_3.65_6
GEN_5_FIT_0.894194958167412_0.8947500974546637_0.896728462373501_SIZE_1_2.45_5
GEN_6_FIT_0.8950766647211379_0.8955514160153504_0.8967285811430127_SIZE_1_2.15_6
GEN_7_FIT_0.8955135409538646_0.8959095313166238_0.8967285811430127_SIZE_1_2.5_6
GEN_8_FIT_0.8955424009971364_0.8959346553467142_0.8967285811430127_SIZE_1_2.4_5
GEN_9_FIT_0.8956140369243842_0.8960440844493796_0.896728941148061_SIZE_1_2.8_5
GEN_10_FIT_0.8956140369243842_0.896041568915211_0.896728941148061_SIZE_1_2.9_6
GEN_11_FIT_0.895674180272509_0.8958274842677486_0.8967317745327648_SIZE_1_1.95_5
GEN_12_FIT_0.895674180272509_0.895839396362965_0.8967317745327648_SIZE_1_1.6_5
GEN_13_FIT_0.895674180272509_0.8958450664408506_0.8967317745327648_SIZE_1_1.6_5
GEN_14_FIT_0.895674180272509_0.8959101931831668_0.8967317745327648_SIZE_1_1.8_5
GEN_15_FIT_0.895674180272509_0.8961168668780957_0.8967317745327648_SIZE_1_2.5_5
GEN_16_FIT_0.895674180272509_0.8962778358429642_0.8967317745327648_SIZE_1_3.15_6
GEN_17_FIT_0.8957162691628291_0.8963630623888719_0.8967317745327648_SIZE_1_3.5_5
GEN_18_FIT_0.8957162691628291_0.8965492199250187_0.8967317745327648_SIZE_1_4.2_5
GEN_19_FIT_0.8957162691628291_0.8965492199250187_0.8967317745327648_SIZE_1_4.2_5
GEN_20_FIT_0.8957162691628291_0.8965558662910104_0.8967317745327648_SIZE_1_4.25_5
Evaluating in sample:
[GEN_20|make_tuple(61, 0.0011118234474313735)|0.8957]
[GEN_20|make_tuple(expit(2), 0.0012038357968110506)|0.8960]
[GEN_20|make_tuple(expit(sub(0.04031117205004807, 0.4685484569681774)), mul(0.057919704226524135, 0.0014946887713237467))|0.9047]
[GEN_20|make_tuple(expit(sub(truediv(0.07326829113279922, 319), 0.42550623626953576)), mul(0.057919704226524135, 0.0014946887713237467))|0.9047]
Evaluating out-of-sample:
[GEN_20|make_tuple(61, 0.0011118234474313735)|0.9907]
[GEN_20|make_tuple(expit(2), 0.0012038357968110506)|0.9894]
[GEN_20|make_tuple(expit(sub(0.04031117205004807, 0.4685484569681774)), mul(0.057919704226524135, 0.0014946887713237467))|0.9932]
[GEN_20|make_tuple(expit(sub(truediv(0.07326829113279922, 319), 0.42550623626953576)), mul(0.057919704226524135, 0.0014946887713237467))|0.9932]
GEN_21_FIT_0.8945633598738053_0.8959205908610676_0.8967324543263894_SIZE_1_2.5_5
GEN_22_FIT_0.8957162691628291_0.8963767025505749_0.8967324543263894_SIZE_1_3.55_6
GEN_23_FIT_0.8957162691628291_0.8962808033958733_0.8967324543263894_SIZE_1_3.15_6
GEN_24_FIT_0.8957312897767836_0.8961114097968439_0.8967324543263894_SIZE_1_2.4_5
GEN_25_FIT_0.8957312897767836_0.8962587841675745_0.8967324543263894_SIZE_1_2.95_5
GEN_26_FIT_0.8957312897767836_0.8958199464879198_0.8967329827125479_SIZE_1_1.3_4
GEN_27_FIT_0.8957312897767836_0.8958571737799254_0.8967329827125479_SIZE_1_1.4_4
GEN_28_FIT_0.8957312897767836_0.8958571737799254_0.8967329827125479_SIZE_1_1.4_4
GEN_29_FIT_0.8957312897767836_0.8958571737799254_0.8967329827125479_SIZE_1_1.4_4
GEN_30_FIT_0.8957312897767836_0.8959072701412586_0.8967332170034478_SIZE_1_1.6_5
GEN_31_FIT_0.8957312897767836_0.8959072701412586_0.8967332170034478_SIZE_1_1.6_5
GEN_32_FIT_0.8957312897767836_0.8959072701412586_0.8967332170034478_SIZE_1_1.6_5
GEN_33_FIT_0.8957312897767836_0.8959072701412586_0.8967332170034478_SIZE_1_1.6_5
GEN_34_FIT_0.8957312897767836_0.8959573665025917_0.8967332170034478_SIZE_1_1.8_5
GEN_35_FIT_0.8957312897767836_0.8962932832369421_0.8967332170034478_SIZE_1_3.2_6
GEN_36_FIT_0.8957315391593227_0.8965585009186643_0.8967332170034478_SIZE_1_4.0_5
GEN_37_FIT_0.8957315391593227_0.8965585477768443_0.8967332170034478_SIZE_1_4.2_5
GEN_38_FIT_0.8957315391593227_0.8965585477768443_0.8967332170034478_SIZE_1_4.2_5
GEN_39_FIT_0.8957315391593227_0.8965585477768443_0.8967332170034478_SIZE_1_4.2_5
GEN_40_FIT_0.8945633598738053_0.8961623964527803_0.8967332170034478_SIZE_1_2.85_5
Evaluating in sample:
[GEN_40|make_tuple(2, 0.001108549624754702)|0.8957]
[GEN_40|make_tuple(expit(2), 0.0012038357968110506)|0.8960]
[GEN_40|make_tuple(expit(sub(0.03934934341092374, 0.47231758864895734)), mul(0.057919704226524135, 0.0014946887713237467))|0.9047]
Evaluating out-of-sample:
[GEN_40|make_tuple(2, 0.001108549624754702)|0.9907]
[GEN_40|make_tuple(expit(2), 0.0012038357968110506)|0.9894]
[GEN_40|make_tuple(expit(sub(0.03934934341092374, 0.47231758864895734)), mul(0.057919704226524135, 0.0014946887713237467))|0.9932]
GEN_41_FIT_0.8957315391593227_0.8958330025941518_0.8967332170034478_SIZE_1_1.35_4
GEN_42_FIT_0.8957315391593227_0.8958573967150466_0.8967332170034478_SIZE_1_1.4_4
GEN_43_FIT_0.8957315391593227_0.8958727288225038_0.8967332170034478_SIZE_1_1.5_4
GEN_44_FIT_0.8957315391593227_0.8958880609299611_0.8967332170034478_SIZE_1_1.6_4
GEN_45_FIT_0.8957315391593227_0.8958599123997916_0.8967332170034478_SIZE_1_1.35_4
GEN_46_FIT_0.8957315391593227_0.8958881178558478_0.8967332170034478_SIZE_1_1.4_4
GEN_47_FIT_0.8957315391593227_0.8960459852537583_0.8967332170034478_SIZE_1_1.8_4
GEN_48_FIT_0.8957315391593227_0.8962128993433345_0.8967332170034478_SIZE_1_2.15_4
GEN_49_FIT_0.8962956482804514_0.8964800169257746_0.8967332170034478_SIZE_1_2.55_4
GEN_50_FIT_0.8962956482804514_0.8965711809545744_0.8967332170034478_SIZE_1_2.85_4
GEN_51_FIT_0.8962956482804514_0.8966716861394992_0.8967332170034478_SIZE_1_3.5_4
GEN_52_FIT_0.8962956482804514_0.8966716861394992_0.8967332170034478_SIZE_1_3.5_4
GEN_53_FIT_0.8962956482804514_0.8966716861394992_0.8967332170034478_SIZE_1_3.5_4
GEN_54_FIT_0.8962956482804514_0.8966716861394992_0.8967332170034478_SIZE_1_3.5_4
GEN_55_FIT_0.8957315391593227_0.8965251791267311_0.8967381403834099_SIZE_1_2.85_4
GEN_56_FIT_0.8959242818369219_0.8966066140551563_0.8967381403834099_SIZE_1_3.1_4
GEN_57_FIT_0.8961520824780385_0.8965496218888959_0.8967381403834099_SIZE_1_2.65_5
GEN_58_FIT_0.8962956482804514_0.8964430573847683_0.8967381403834099_SIZE_1_1.85_4
GEN_59_FIT_0.8962956482804514_0.8963584601643688_0.8967381403834099_SIZE_1_1.35_4
GEN_60_FIT_0.8962956482804514_0.8963584601643688_0.8967381403834099_SIZE_1_1.35_4
Evaluating in sample:
[GEN_60|make_tuple(0.46092360222247486, 0.001108549624754702)|0.9043]
[GEN_60|make_tuple(0.3724041149459519, mul(0.057919704226524135, 0.0014946887713237467))|0.9047]
[GEN_60|make_tuple(expit(sub(0.03934934341092374, 0.4912150020148601)), mul(0.057919704226524135, 0.0014946887713237467))|0.9047]
Evaluating out-of-sample:
[GEN_60|make_tuple(0.46092360222247486, 0.001108549624754702)|0.9919]
[GEN_60|make_tuple(0.3724041149459519, mul(0.057919704226524135, 0.0014946887713237467))|0.9936]
[GEN_60|make_tuple(expit(sub(0.03934934341092374, 0.4912150020148601)), mul(0.057919704226524135, 0.0014946887713237467))|0.9932]
GEN_61_FIT_0.8962956482804514_0.8963584601643688_0.8967381403834099_SIZE_1_1.35_4
GEN_62_FIT_0.8962956482804514_0.8964330140831022_0.8967381403834099_SIZE_1_1.75_4
GEN_63_FIT_0.8962956482804514_0.8965600876574638_0.8967381403834099_SIZE_1_2.4_4
GEN_64_FIT_0.8962963782702481_0.8966203456085585_0.8967381403834099_SIZE_1_3.0_5
GEN_65_FIT_0.8963074702828979_0.8966915386856117_0.8967381403834099_SIZE_1_3.5_4
GEN_66_FIT_0.8963074702828979_0.8966915386856117_0.8967381403834099_SIZE_1_3.5_4
GEN_67_FIT_0.8963074702828979_0.8966915386856117_0.8967381403834099_SIZE_1_3.5_4
GEN_68_FIT_0.8963074702828979_0.8966915386856117_0.8967381403834099_SIZE_1_3.5_4
GEN_69_FIT_0.8963074702828979_0.8966915386856117_0.8967381403834099_SIZE_1_3.5_4
GEN_70_FIT_0.8963074702828979_0.8966915386856117_0.8967381403834099_SIZE_1_3.5_4
GEN_71_FIT_0.8963074702828979_0.8966915386856117_0.8967381403834099_SIZE_1_3.5_4
GEN_72_FIT_0.8963074702828979_0.8966915386856117_0.8967381403834099_SIZE_1_3.5_4
GEN_73_FIT_0.8963074702828979_0.8966915386856117_0.8967381403834099_SIZE_1_3.5_4
GEN_74_FIT_0.8963074702828979_0.8966915386856117_0.8967381403834099_SIZE_1_3.5_4
GEN_75_FIT_0.8963074702828979_0.8966915386856117_0.8967381403834099_SIZE_1_3.5_4
GEN_76_FIT_0.8963074702828979_0.8966915386856117_0.8967381403834099_SIZE_1_3.5_4
Evaluating in sample:
[GEN_76|make_tuple(0.46045658170875065, 0.001108549624754702)|0.9043]
[GEN_76|make_tuple(0.3833115520956614, mul(0.057919704226524135, 0.0014946887713237467))|0.9047]
[GEN_76|make_tuple(expit(sub(0.03934934341092374, 0.4912150020148601)), mul(0.057919704226524135, 0.0014946887713237467))|0.9047]
Evaluating out-of-sample:
[GEN_76|make_tuple(0.46045658170875065, 0.001108549624754702)|0.9919]
[GEN_76|make_tuple(0.3833115520956614, mul(0.057919704226524135, 0.0014946887713237467))|0.9936]
[GEN_76|make_tuple(expit(sub(0.03934934341092374, 0.4912150020148601)), mul(0.057919704226524135, 0.0014946887713237467))|0.9932]
Stopped early in iteration 76, no improvement in 20 gens.
START_TASK: 23
GEN_0_FIT_0.8569226632284405_0.8872988479548122_0.8953219015443731_SIZE_1_3.45_9
GEN_1_FIT_0.8870564617431215_0.8935037032750733_0.8953660835764199_SIZE_1_1.85_7
GEN_2_FIT_0.8952606377640819_0.8953440379579705_0.8955241029127207_SIZE_1_2.6_8
GEN_3_FIT_0.8953219015443731_0.8954620507573237_0.8959058504039754_SIZE_1_2.6_8
GEN_4_FIT_0.8955241029127207_0.8957086107178664_0.8963107009341643_SIZE_1_3.05_7
GEN_5_FIT_0.8958310900940093_0.8960665298047482_0.8964862189256546_SIZE_1_3.8_8
GEN_6_FIT_0.8963070783543536_0.896349776087171_0.8964862189256546_SIZE_1_2.3_8
GEN_7_FIT_0.8963107009341643_0.8963536531157038_0.8966620118775334_SIZE_1_1.3_5
GEN_8_FIT_0.89633146435266_0.8963645191051473_0.8966620118775334_SIZE_1_1.1_2
GEN_9_FIT_0.89633146435266_0.8964143967088877_0.8966620118775334_SIZE_1_1.3_2
GEN_10_FIT_0.89633146435266_0.8965295140141013_0.8967054694268004_SIZE_1_1.85_3
GEN_11_FIT_0.8963107009341643_0.896432146587205_0.8969805648045258_SIZE_1_1.25_3
GEN_12_FIT_0.89633146435266_0.896478045753125_0.8969805648045258_SIZE_1_1.25_3
GEN_13_FIT_0.8963678006624991_0.896665207471653_0.8969805648045258_SIZE_1_1.6_3
GEN_14_FIT_0.8963744146670898_0.8968221633898036_0.8969805648045258_SIZE_1_1.75_3
GEN_15_FIT_0.896468189173124_0.8969293272413857_0.8969805648045258_SIZE_1_1.9_2
GEN_16_FIT_0.8950725969286517_0.895710010756623_0.897026976513967_SIZE_1_1.15_2
GEN_17_FIT_0.8958119787118501_0.8965293377456527_0.897026976513967_SIZE_1_1.2_2
GEN_18_FIT_0.896468189173124_0.8965240679072084_0.897026976513967_SIZE_1_1.1_2
GEN_19_FIT_0.896468189173124_0.8965240679072084_0.897026976513967_SIZE_1_1.1_2
GEN_20_FIT_0.896468189173124_0.8965240679072084_0.897026976513967_SIZE_1_1.1_2
Evaluating in sample:
[GEN_20|make_tuple(508, 0.0011035633211927216)|0.8965]
[GEN_20|make_tuple(truediv(508, 594), 0.0012302367777341909)|0.8970]
Evaluating out-of-sample:
[GEN_20|make_tuple(508, 0.0011035633211927216)|0.9053]
[GEN_20|make_tuple(truediv(508, 594), 0.0012302367777341909)|0.9042]
GEN_21_FIT_0.896468189173124_0.8965923022051063_0.897026976513967_SIZE_1_1.3_3
GEN_22_FIT_0.896468189173124_0.8968644886726456_0.897026976513967_SIZE_1_1.9_3
GEN_23_FIT_0.896468189173124_0.8969144064372363_0.897026976513967_SIZE_1_1.85_3
GEN_24_FIT_0.8964719427933907_0.8969714731419094_0.897026976513967_SIZE_1_1.9_2
GEN_25_FIT_0.8950725969286517_0.8961622310437422_0.8970322049537215_SIZE_1_1.45_2
GEN_26_FIT_0.8964719427933907_0.8966120083334733_0.8970322049537215_SIZE_1_1.25_2
GEN_27_FIT_0.8964719427933907_0.8965279690094237_0.8970322049537215_SIZE_1_1.1_2
GEN_28_FIT_0.8964719427933907_0.8965279690094237_0.8970322049537215_SIZE_1_1.1_2
GEN_29_FIT_0.8964719427933907_0.8965279690094237_0.8970322049537215_SIZE_1_1.1_2
GEN_30_FIT_0.8964719427933907_0.8965279690094237_0.8970322049537215_SIZE_1_1.1_2
GEN_31_FIT_0.8964719427933907_0.8965279690094237_0.8970322049537215_SIZE_1_1.1_2
GEN_32_FIT_0.8964719427933907_0.8965279690094237_0.8970322049537215_SIZE_1_1.1_2
GEN_33_FIT_0.8964719427933907_0.8965005834332415_0.8970447555904072_SIZE_1_1.05_2
GEN_34_FIT_0.8964719427933907_0.8965775918919011_0.8970447555904072_SIZE_1_1.2_2
GEN_35_FIT_0.8964719427933907_0.8967075039045757_0.8970447555904072_SIZE_1_1.45_2
GEN_36_FIT_0.8964872127898842_0.8967102299100935_0.8970447555904072_SIZE_1_1.4_2
GEN_37_FIT_0.8964872127898842_0.8969611241703289_0.8970447555904072_SIZE_1_1.85_2
GEN_38_FIT_0.8964872127898842_0.896989001310355_0.8970447555904072_SIZE_1_1.9_2
GEN_39_FIT_0.8964872127898842_0.896989001310355_0.8970447555904072_SIZE_1_1.9_2
GEN_40_FIT_0.8964872127898842_0.896989001310355_0.8970447555904072_SIZE_1_1.9_2
Evaluating in sample:
[GEN_40|make_tuple(547, 0.0011087592126122223)|0.8965]
[GEN_40|make_tuple(truediv(508, 593), 0.001251563302500486)|0.8970]
Evaluating out-of-sample:
[GEN_40|make_tuple(547, 0.0011087592126122223)|0.9053]
[GEN_40|make_tuple(truediv(508, 593), 0.001251563302500486)|0.8982]
GEN_41_FIT_0.8950186753739301_0.8959105899220349_0.8970565065754423_SIZE_1_1.15_2
GEN_42_FIT_0.8964872127898842_0.8965156774791623_0.8970565065754423_SIZE_1_1.05_2
GEN_43_FIT_0.8964872127898842_0.8965156774791623_0.8970565065754423_SIZE_1_1.05_2
GEN_44_FIT_0.8964872127898842_0.8965156774791623_0.8970565065754423_SIZE_1_1.05_2
GEN_45_FIT_0.8964872127898842_0.8965441421684401_0.8970565065754423_SIZE_1_1.1_2
GEN_46_FIT_0.8964872127898842_0.8965441421684401_0.8970565065754423_SIZE_1_1.1_2
GEN_47_FIT_0.8964872127898842_0.8965441421684401_0.8970565065754423_SIZE_1_1.1_2
GEN_48_FIT_0.8964872127898842_0.8965441421684401_0.8970565065754423_SIZE_1_1.1_2
GEN_49_FIT_0.8964872127898842_0.8965441421684401_0.8970565065754423_SIZE_1_1.1_2
GEN_50_FIT_0.8964872127898842_0.8965441421684401_0.8970565065754423_SIZE_1_1.1_2
GEN_51_FIT_0.8964872127898842_0.8965441421684401_0.8970565065754423_SIZE_1_1.1_2
GEN_52_FIT_0.8964872127898842_0.8965441421684401_0.8970565065754423_SIZE_1_1.1_2
GEN_53_FIT_0.8964872127898842_0.8965441421684401_0.8970565065754423_SIZE_1_1.1_2
GEN_54_FIT_0.8964872127898842_0.8965441421684401_0.8970565065754423_SIZE_1_1.1_2
GEN_55_FIT_0.8964872127898842_0.8965441421684401_0.8970565065754423_SIZE_1_1.1_2
GEN_56_FIT_0.8964872127898842_0.8965441421684401_0.8970565065754423_SIZE_1_1.1_2
GEN_57_FIT_0.8964872127898842_0.8965441421684401_0.8970565065754423_SIZE_1_1.1_2
GEN_58_FIT_0.8964872127898842_0.8965441421684401_0.8970565065754423_SIZE_1_1.1_2
GEN_59_FIT_0.8964872127898842_0.8965441421684401_0.8970565065754423_SIZE_1_1.1_2
GEN_60_FIT_0.8964872127898842_0.8965441421684401_0.8970565065754423_SIZE_1_1.1_2
Evaluating in sample:
[GEN_60|make_tuple(547, 0.0011087592126122223)|0.8965]
[GEN_60|make_tuple(truediv(508, 593), 0.0012524515617121348)|0.8971]
Evaluating out-of-sample:
[GEN_60|make_tuple(547, 0.0011087592126122223)|0.9053]
[GEN_60|make_tuple(truediv(508, 593), 0.0012524515617121348)|0.8981]
GEN_61_FIT_0.8964872127898842_0.896527937238025_0.8973017017526975_SIZE_1_1.05_2
GEN_62_FIT_0.8964872127898842_0.896527937238025_0.8973017017526975_SIZE_1_1.05_2
GEN_63_FIT_0.8964872127898842_0.896527937238025_0.8973017017526975_SIZE_1_1.05_2
GEN_64_FIT_0.8964872127898842_0.896527937238025_0.8973017017526975_SIZE_1_1.05_2
GEN_65_FIT_0.8964872127898842_0.896527937238025_0.8973017017526975_SIZE_1_1.05_2
GEN_66_FIT_0.8964872127898842_0.8965686616861657_0.8973017017526975_SIZE_1_1.1_2
GEN_67_FIT_0.8964872127898842_0.8965686616861657_0.8973017017526975_SIZE_1_1.1_2
GEN_68_FIT_0.8964872127898842_0.8965686616861657_0.8973017017526975_SIZE_1_1.1_2
GEN_69_FIT_0.8964872127898842_0.8965686616861657_0.8973017017526975_SIZE_1_1.1_2
GEN_70_FIT_0.8964872127898842_0.8965686616861657_0.8973017017526975_SIZE_1_1.1_2
GEN_71_FIT_0.8964872127898842_0.8965686616861657_0.8973017017526975_SIZE_1_1.1_2
GEN_72_FIT_0.8964872127898842_0.8965686616861657_0.8973017017526975_SIZE_1_1.1_2
GEN_73_FIT_0.8964872127898842_0.8965686616861657_0.8973017017526975_SIZE_1_1.1_2
GEN_74_FIT_0.8964872127898842_0.8965686616861657_0.8973017017526975_SIZE_1_1.1_2
GEN_75_FIT_0.8964872127898842_0.8965686616861657_0.8973017017526975_SIZE_1_1.1_2
GEN_76_FIT_0.8964872127898842_0.8965686616861657_0.8973017017526975_SIZE_1_1.1_2
GEN_77_FIT_0.8964872127898842_0.8965686616861657_0.8973017017526975_SIZE_1_1.1_2
GEN_78_FIT_0.8964872127898842_0.8965686616861657_0.8973017017526975_SIZE_1_1.1_2
GEN_79_FIT_0.8964872127898842_0.8965686616861657_0.8973017017526975_SIZE_1_1.1_2
GEN_80_FIT_0.8964872127898842_0.8965686616861657_0.8973017017526975_SIZE_1_1.1_2
Evaluating in sample:
[GEN_80|make_tuple(547, 0.0011087592126122223)|0.8965]
[GEN_80|make_tuple(truediv(508, 593), 0.001214342066769427)|0.8973]
Evaluating out-of-sample:
[GEN_80|make_tuple(547, 0.0011087592126122223)|0.9053]
[GEN_80|make_tuple(truediv(508, 593), 0.001214342066769427)|0.8981]
GEN_81_FIT_0.8964872127898842_0.8965301966141107_0.8973468892744115_SIZE_1_1.05_2
GEN_82_FIT_0.8964872127898842_0.8965301966141107_0.8973468892744115_SIZE_1_1.05_2
GEN_83_FIT_0.8964872127898842_0.8965301966141107_0.8973468892744115_SIZE_1_1.05_2
GEN_84_FIT_0.8964872127898842_0.8965301966141107_0.8973468892744115_SIZE_1_1.05_2
GEN_85_FIT_0.8964872127898842_0.8965301966141107_0.8973468892744115_SIZE_1_1.05_2
GEN_86_FIT_0.8964872127898842_0.8965301966141107_0.8973468892744115_SIZE_1_1.05_2
GEN_87_FIT_0.8964872127898842_0.8965301966141107_0.8973468892744115_SIZE_1_1.05_2
GEN_88_FIT_0.8964872127898842_0.8965301966141107_0.8973468892744115_SIZE_1_1.05_2
GEN_89_FIT_0.8964872127898842_0.8965301966141107_0.8973468892744115_SIZE_1_1.05_2
GEN_90_FIT_0.8964872127898842_0.8965301966141107_0.8973468892744115_SIZE_1_1.05_2
GEN_91_FIT_0.8964872127898842_0.896573180438337_0.8973468892744115_SIZE_1_1.1_2
GEN_92_FIT_0.8964872127898842_0.896573180438337_0.8973468892744115_SIZE_1_1.1_2
GEN_93_FIT_0.8964872127898842_0.896573180438337_0.8973468892744115_SIZE_1_1.1_2
GEN_94_FIT_0.8964872127898842_0.896573180438337_0.8973468892744115_SIZE_1_1.1_2
GEN_95_FIT_0.8964872127898842_0.896573180438337_0.8973468892744115_SIZE_1_1.1_2
GEN_96_FIT_0.8964872127898842_0.896573180438337_0.8973468892744115_SIZE_1_1.1_2
GEN_97_FIT_0.8964872127898842_0.896573180438337_0.8973468892744115_SIZE_1_1.1_2
GEN_98_FIT_0.8964872127898842_0.896573180438337_0.8973468892744115_SIZE_1_1.1_2
GEN_99_FIT_0.8964872127898842_0.896573180438337_0.8973468892744115_SIZE_1_1.1_2
GEN_100_FIT_0.8964872127898842_0.896573180438337_0.8973468892744115_SIZE_1_1.1_2
Evaluating in sample:
[GEN_100|make_tuple(547, 0.0011087592126122223)|0.8965]
[GEN_100|make_tuple(truediv(508, 593), 0.0012059081001892958)|0.8973]
Evaluating out-of-sample:
[GEN_100|make_tuple(547, 0.0011087592126122223)|0.9053]
[GEN_100|make_tuple(truediv(508, 593), 0.0012059081001892958)|0.8981]
GEN_101_FIT_0.8964872127898842_0.896573180438337_0.8973468892744115_SIZE_1_1.1_2
GEN_102_FIT_0.8964872127898842_0.896573180438337_0.8973468892744115_SIZE_1_1.1_2
Evaluating in sample:
[GEN_102|make_tuple(547, 0.0011087592126122223)|0.8965]
[GEN_102|make_tuple(truediv(508, 593), 0.0012059081001892958)|0.8973]
Evaluating out-of-sample:
[GEN_102|make_tuple(547, 0.0011087592126122223)|0.9053]
[GEN_102|make_tuple(truediv(508, 593), 0.0012059081001892958)|0.8981]
Stopped early in iteration 102, no improvement in 20 gens.
START_TASK: 24
GEN_0_FIT_0.861489139623985_0.8881667103416374_0.8943448188144297_SIZE_1_3.55_7
GEN_1_FIT_0.8896907446058132_0.8936424367588996_0.895705861454569_SIZE_1_2.95_7
GEN_2_FIT_0.8937577562754169_0.8947481921232672_0.8966466555878272_SIZE_1_2.95_7
GEN_3_FIT_0.8941827913227551_0.8954656424730061_0.8966466555878272_SIZE_1_3.7_7
GEN_4_FIT_0.8946162671846025_0.8958442340088093_0.8966466555878272_SIZE_1_3.8_7
GEN_5_FIT_0.8946374047535529_0.8960110848907303_0.8966488886164389_SIZE_1_3.1_6
GEN_6_FIT_0.895068391923663_0.8955949492072571_0.8966488886164389_SIZE_1_1.6_4
GEN_7_FIT_0.8954816942068325_0.8956065689180779_0.8966488886164389_SIZE_1_1.25_3
GEN_8_FIT_0.8954816942068325_0.8956147241883624_0.8966488886164389_SIZE_1_1.3_3
GEN_9_FIT_0.8954816942068325_0.895769381763996_0.8966488886164389_SIZE_1_1.6_3
GEN_10_FIT_0.8954816942068325_0.8956833546901539_0.8966509794868881_SIZE_1_1.35_3
GEN_11_FIT_0.8956008471757388_0.8960103858369968_0.8966509794868881_SIZE_1_2.05_4
GEN_12_FIT_0.8956582060625524_0.8957653740558209_0.8966509794868881_SIZE_1_1.25_3
GEN_13_FIT_0.8956582060625524_0.8957732647066559_0.8966509794868881_SIZE_1_1.3_3
GEN_14_FIT_0.8956582060625524_0.8957732647066559_0.8966509794868881_SIZE_1_1.3_3
GEN_15_FIT_0.8956582060625524_0.8957732647066559_0.8966509794868881_SIZE_1_1.3_3
GEN_16_FIT_0.8956582060625524_0.8957732647066559_0.8966509794868881_SIZE_1_1.3_3
GEN_17_FIT_0.8956582060625524_0.8957732647066559_0.8966509794868881_SIZE_1_1.3_3
GEN_18_FIT_0.8956582060625524_0.8957732647066559_0.8966509794868881_SIZE_1_1.3_3
GEN_19_FIT_0.8956582060625524_0.8957732647066559_0.8966509794868881_SIZE_1_1.3_3
GEN_20_FIT_0.8956582060625524_0.8957732647066559_0.8966509794868881_SIZE_1_1.3_3
Evaluating in sample:
[GEN_20|make_tuple(4, 0.0011089615859000705)|0.8957]
[GEN_20|make_tuple(expit(4), 0.0011089615859000705)|0.8958]
[GEN_20|make_tuple(0.3807969096544981, truediv(mul(0.006839906790954203, 9), 712))|0.9047]
Evaluating out-of-sample:
[GEN_20|make_tuple(4, 0.0011089615859000705)|0.9990]
[GEN_20|make_tuple(expit(4), 0.0011089615859000705)|0.9989]
[GEN_20|make_tuple(0.3807969096544981, truediv(mul(0.006839906790954203, 9), 712))|0.9999]
GEN_21_FIT_0.8956582060625524_0.8957732647066559_0.8966509794868881_SIZE_1_1.3_3
GEN_22_FIT_0.8956582060625524_0.8957732647066559_0.8966509794868881_SIZE_1_1.3_3
GEN_23_FIT_0.8956582060625524_0.8957732647066559_0.8966509794868881_SIZE_1_1.3_3
GEN_24_FIT_0.8956582060625524_0.8957732647066559_0.8966509794868881_SIZE_1_1.3_3
GEN_25_FIT_0.8956582060625524_0.8957732647066559_0.8966509794868881_SIZE_1_1.3_3
GEN_26_FIT_0.8956582060625524_0.8957814791717856_0.8966509794868881_SIZE_1_1.25_3
GEN_27_FIT_0.8956582060625524_0.8958054749385853_0.8966509794868881_SIZE_1_1.3_3
GEN_28_FIT_0.8956582060625524_0.8959533454183923_0.8966509794868881_SIZE_1_1.55_3
GEN_29_FIT_0.8956582060625524_0.8962802608591595_0.8966509794868881_SIZE_1_2.25_4
GEN_30_FIT_0.896138121398545_0.8964688910545291_0.8966509794868881_SIZE_1_2.65_4
GEN_31_FIT_0.8961592446325364_0.8966053415052754_0.8966509794868881_SIZE_1_2.85_3
Evaluating in sample:
[GEN_31|make_tuple(0.44472626510122754, 0.0011207399550192038)|0.9042]
[GEN_31|make_tuple(if_gt(513, 8, 0.45740262870134435, 0.6175939179524162), 0.0011207399550192038)|0.9042]
[GEN_31|make_tuple(0.3807969096544981, truediv(mul(0.006839906790954203, 9), 712))|0.9047]
Evaluating out-of-sample:
[GEN_31|make_tuple(0.44472626510122754, 0.0011207399550192038)|0.9990]
[GEN_31|make_tuple(if_gt(513, 8, 0.45740262870134435, 0.6175939179524162), 0.0011207399550192038)|0.9990]
[GEN_31|make_tuple(0.3807969096544981, truediv(mul(0.006839906790954203, 9), 712))|0.9999]
Stopped early in iteration 31, no improvement in 20 gens.
START_TASK: 2073
GEN_0_FIT_0.8520128192840088_0.8841006164816697_0.8950207830494391_SIZE_1_2.95_7
GEN_1_FIT_0.8735842829504092_0.8878468278561252_0.8957490190856539_SIZE_1_2.95_8
GEN_2_FIT_0.88492901886842_0.8942530758601862_0.8957490190856539_SIZE_1_5.0_8
GEN_3_FIT_0.8872946465930723_0.8936942853464307_0.8962185326571697_SIZE_1_4.4_8
GEN_4_FIT_0.8884206291326657_0.8944806026039431_0.8962185326571697_SIZE_1_3.85_8
GEN_5_FIT_0.8878267531737594_0.8928891155826667_0.8963535514270198_SIZE_1_1.6_3
GEN_6_FIT_0.8898471647323671_0.8956802105146597_0.8963535514270198_SIZE_1_1.9_2
GEN_7_FIT_0.8898471647323671_0.8949221346258801_0.8963535514270198_SIZE_1_1.75_2
GEN_8_FIT_0.8918549204731497_0.8959022191796123_0.8963535514270198_SIZE_1_1.9_2
GEN_9_FIT_0.8935386026873352_0.8962128039900354_0.8963535514270198_SIZE_1_1.95_2
GEN_10_FIT_0.8936281912453251_0.896217283417935_0.8963535514270198_SIZE_1_1.95_2
GEN_11_FIT_0.8921735071358982_0.8956021952029948_0.8963807316957202_SIZE_1_1.75_2
GEN_12_FIT_0.8921735071358982_0.8943798601615371_0.8963807316957202_SIZE_1_1.3_2
GEN_13_FIT_0.8936281912453251_0.8940753801519843_0.8964039406946558_SIZE_1_1.15_2
GEN_14_FIT_0.8936281912453251_0.8948361404352159_0.8964039406946558_SIZE_1_1.4_2
GEN_15_FIT_0.8944635078527438_0.8959174558503964_0.8964039406946558_SIZE_1_1.7_2
GEN_16_FIT_0.8953913235339725_0.8962645989916993_0.8964039406946558_SIZE_1_1.85_2
GEN_17_FIT_0.8956642772408138_0.8963669575219637_0.8964039406946558_SIZE_1_1.95_2
GEN_18_FIT_0.8830186539248258_0.8949419004623994_0.8966518049105987_SIZE_1_1.75_2
GEN_19_FIT_0.8951644754724172_0.8959588755724844_0.8966518049105987_SIZE_1_1.45_2
GEN_20_FIT_0.8956642772408138_0.8958150443813719_0.896704564712406_SIZE_1_1.2_3
Evaluating in sample:
[GEN_20|make_tuple(100, 0.0010989096623222109)|0.8957]
[GEN_20|make_tuple(0.37940379335856417, mul(0.007143842154607034, 0.011497288737498867))|0.9047]
[GEN_20|make_tuple(0.37940379335856417, mul(0.0024648985510694293, sub(0.044945173299584584, 0.011497288737498867)))|0.9047]
Evaluating out-of-sample:
[GEN_20|make_tuple(100, 0.0010989096623222109)|0.9736]
[GEN_20|make_tuple(0.37940379335856417, mul(0.007143842154607034, 0.011497288737498867))|0.9831]
[GEN_20|make_tuple(0.37940379335856417, mul(0.0024648985510694293, sub(0.044945173299584584, 0.011497288737498867)))|0.9831]
GEN_21_FIT_0.8956642772408138_0.8959254890657039_0.8967902456855257_SIZE_1_1.3_3
GEN_22_FIT_0.8956960246939831_0.896114137394088_0.8967902456855257_SIZE_1_1.45_3
GEN_23_FIT_0.8957855241423558_0.8959408902540039_0.8968017096002139_SIZE_1_1.15_2
GEN_24_FIT_0.8957855241423558_0.8961126140570863_0.8968017096002139_SIZE_1_1.4_3
GEN_25_FIT_0.8957855241423558_0.8962229684573344_0.8968017096002139_SIZE_1_1.4_2
GEN_26_FIT_0.8958672178311228_0.8959606670080318_0.8968017096002139_SIZE_1_1.1_2
GEN_27_FIT_0.8958672178311228_0.8959606670080318_0.8968017096002139_SIZE_1_1.1_2
GEN_28_FIT_0.8958672178311228_0.8959606670080318_0.8968017096002139_SIZE_1_1.1_2
GEN_29_FIT_0.8958672178311228_0.8959606670080318_0.8968017096002139_SIZE_1_1.1_2
GEN_30_FIT_0.8958672178311228_0.8959606670080318_0.8968017096002139_SIZE_1_1.1_2
GEN_31_FIT_0.8958672178311228_0.8959606670080318_0.8968017096002139_SIZE_1_1.1_2
GEN_32_FIT_0.8958672178311228_0.8959606670080318_0.8968017096002139_SIZE_1_1.1_2
GEN_33_FIT_0.8958672178311228_0.8959606670080318_0.8968017096002139_SIZE_1_1.1_2
GEN_34_FIT_0.8958672178311228_0.8959606670080318_0.8968017096002139_SIZE_1_1.1_2
GEN_35_FIT_0.8958672178311228_0.8959606670080318_0.8968017096002139_SIZE_1_1.1_2
GEN_36_FIT_0.8958672178311228_0.8959606670080318_0.8968017096002139_SIZE_1_1.1_2
GEN_37_FIT_0.8958672178311228_0.8959606670080318_0.8968017096002139_SIZE_1_1.1_2
GEN_38_FIT_0.8958672178311228_0.8959606670080318_0.8968017096002139_SIZE_1_1.1_2
GEN_39_FIT_0.8958672178311228_0.8959606670080318_0.8968017096002139_SIZE_1_1.1_2
GEN_40_FIT_0.8958672178311228_0.8959606670080318_0.8968017096002139_SIZE_1_1.1_2
Evaluating in sample:
[GEN_40|make_tuple(31, 0.0011112051294492602)|0.8959]
[GEN_40|make_tuple(0.37940379335856417, mul(0.007143842154607034, 0.012056693373681995))|0.9048]
Evaluating out-of-sample:
[GEN_40|make_tuple(31, 0.0011112051294492602)|0.9736]
[GEN_40|make_tuple(0.37940379335856417, mul(0.007143842154607034, 0.012056693373681995))|0.9831]
GEN_41_FIT_0.8958672178311228_0.8959606670080318_0.8968017096002139_SIZE_1_1.1_2
GEN_42_FIT_0.8958672178311228_0.8959606670080318_0.8968017096002139_SIZE_1_1.1_2
GEN_43_FIT_0.8958672178311228_0.8959606670080318_0.8968017096002139_SIZE_1_1.1_2
GEN_44_FIT_0.8958672178311228_0.8959606670080318_0.8968017096002139_SIZE_1_1.1_2
Evaluating in sample:
[GEN_44|make_tuple(31, 0.0011112051294492602)|0.8959]
[GEN_44|make_tuple(0.37940379335856417, mul(0.007143842154607034, 0.012056693373681995))|0.9048]
Evaluating out-of-sample:
[GEN_44|make_tuple(31, 0.0011112051294492602)|0.9736]
[GEN_44|make_tuple(0.37940379335856417, mul(0.007143842154607034, 0.012056693373681995))|0.9831]
Stopped early in iteration 44, no improvement in 20 gens.
START_TASK: 2074
