Starting problem: mlr_svm
param:age_regularization:100000.0
param:algorithm:mupluslambda
param:constants_only:True
param:cxpb:0.25
param:early_stop_n:20
param:lambda_:100
param:max_number_operators:None
param:max_start_size:2
param:mu:20
param:ngen:300
param:optimize_constants:False
param:output_file:/home/gijsbers/symbolicdefaults/runs/mlr_svm_True_12.log
param:problem:mlr_svm
param:subset:1.0
param:task:None
param:warm_start:False
Benchmark problems: mlr_svm
Loading surrogates from file.
START_TASK: 3
GEN_0_FIT_0.7384881021202887_0.8277552749308805_0.8596029079339117_SIZE_1_2.3_9
GEN_1_FIT_0.8489485709520954_0.8539676188188292_0.860010493758631_SIZE_1_3.85_10
GEN_2_FIT_0.8588482712325428_0.8595585506123513_0.860357779262904_SIZE_1_1.3_2
GEN_3_FIT_0.8596029079339117_0.8599060489253129_0.8603855173826735_SIZE_1_1.5_3
GEN_4_FIT_0.8598601885228431_0.860222456799421_0.8604137820909494_SIZE_1_1.65_3
GEN_5_FIT_0.8601223343582093_0.8603857452551178_0.8605974014396831_SIZE_1_1.7_3
GEN_6_FIT_0.8603855173826735_0.8607325369791518_0.8613217315305567_SIZE_1_1.45_3
GEN_7_FIT_0.8604094808328165_0.8610411740789792_0.8613316919465253_SIZE_1_1.75_3
GEN_8_FIT_0.8607914409786435_0.8611943257731905_0.8613316919465253_SIZE_1_1.85_3
GEN_9_FIT_0.8607918230325425_0.8612514604077462_0.8613316919465253_SIZE_1_1.95_3
GEN_10_FIT_0.8608466406627868_0.8612831868181514_0.8613316919465253_SIZE_1_1.9_2
GEN_11_FIT_0.860570881124173_0.8611243666082375_0.8613413549892919_SIZE_1_1.6_2
GEN_12_FIT_0.860570881124173_0.8608818409663683_0.8613413549892919_SIZE_1_1.1_2
GEN_13_FIT_0.8608466406627868_0.8609208478117625_0.8613413549892919_SIZE_1_1.15_2
GEN_14_FIT_0.8608466406627868_0.8609708023965513_0.8613413549892919_SIZE_1_1.25_2
GEN_15_FIT_0.8608466406627868_0.8610711947182674_0.8613413549892919_SIZE_1_1.5_3
GEN_16_FIT_0.8608563037055533_0.8610988293474227_0.8613413549892919_SIZE_1_1.5_2
GEN_17_FIT_0.8608927907170768_0.8613189267756812_0.8613413549892919_SIZE_1_1.95_2
GEN_18_FIT_0.8610073350649703_0.861324653993076_0.8613413549892919_SIZE_1_1.95_2
GEN_19_FIT_0.8610073350649703_0.861324653993076_0.8613413549892919_SIZE_1_1.95_2
GEN_20_FIT_0.8610407664697954_0.8613181711615324_0.8613744141962777_SIZE_1_1.9_2
Evaluating in sample:
[GEN_20|make_tuple(1089, 0.0010413787508621428)|0.8611]
[GEN_20|make_tuple(truediv(837, 0.7805381082424744), 0.0010464876075322802)|0.8614]
Evaluating out-of-sample:
[GEN_20|make_tuple(1089, 0.0010413787508621428)|0.9406]
[GEN_20|make_tuple(truediv(837, 0.7805381082424744), 0.0010464876075322802)|0.9407]
GEN_21_FIT_0.8611452077466093_0.8613218372096612_0.8613744141962777_SIZE_1_1.85_2
GEN_22_FIT_0.8611858275797739_0.8613386344445013_0.8613744141962777_SIZE_1_1.9_2
GEN_23_FIT_0.8612516929078806_0.8613682781318577_0.8613744141962777_SIZE_1_1.95_2
GEN_24_FIT_0.8612516929078806_0.8613621420674379_0.8613744141962777_SIZE_1_1.9_2
GEN_25_FIT_0.8612516929078806_0.8613621420674379_0.8613744141962777_SIZE_1_1.9_2
GEN_26_FIT_0.8612516929078806_0.8613621420674379_0.8613744141962777_SIZE_1_1.9_2
GEN_27_FIT_0.8612516929078806_0.8613621420674379_0.8613744141962777_SIZE_1_1.9_2
GEN_28_FIT_0.8612516929078806_0.8613621420674379_0.8613744141962777_SIZE_1_1.9_2
GEN_29_FIT_0.8612516929078806_0.8613621420674379_0.8613744141962777_SIZE_1_1.9_2
GEN_30_FIT_0.8612516929078806_0.8613621420674379_0.8613744141962777_SIZE_1_1.9_2
GEN_31_FIT_0.8612516929078806_0.8613621420674379_0.8613744141962777_SIZE_1_1.9_2
GEN_32_FIT_0.8612516929078806_0.8613621420674379_0.8613744141962777_SIZE_1_1.9_2
GEN_33_FIT_0.8612516929078806_0.8613621420674379_0.8613744141962777_SIZE_1_1.9_2
GEN_34_FIT_0.8612516929078806_0.8613621420674379_0.8613744141962777_SIZE_1_1.9_2
GEN_35_FIT_0.8612516929078806_0.8613621420674379_0.8613744141962777_SIZE_1_1.9_2
GEN_36_FIT_0.8612522907980171_0.8613683080263644_0.8613744141962777_SIZE_1_1.95_2
GEN_37_FIT_0.8612522907980171_0.8613622018564515_0.8613744141962777_SIZE_1_1.9_2
GEN_38_FIT_0.8612522907980171_0.8613622018564515_0.8613744141962777_SIZE_1_1.9_2
GEN_39_FIT_0.8612522907980171_0.8613622018564515_0.8613744141962777_SIZE_1_1.9_2
GEN_40_FIT_0.8612522907980171_0.8613622018564515_0.8613744141962777_SIZE_1_1.9_2
Evaluating in sample:
[GEN_40|make_tuple(1085, 0.0010464876075322802)|0.8613]
[GEN_40|make_tuple(truediv(837, 0.7805381082424744), 0.0010464876075322802)|0.8614]
Evaluating out-of-sample:
[GEN_40|make_tuple(1085, 0.0010464876075322802)|0.9406]
[GEN_40|make_tuple(truediv(837, 0.7805381082424744), 0.0010464876075322802)|0.9407]
GEN_41_FIT_0.8612522907980171_0.8613622018564515_0.8613744141962777_SIZE_1_1.9_2
Evaluating in sample:
[GEN_41|make_tuple(1085, 0.0010464876075322802)|0.8613]
[GEN_41|make_tuple(truediv(837, 0.7805381082424744), 0.0010464876075322802)|0.8614]
Evaluating out-of-sample:
[GEN_41|make_tuple(1085, 0.0010464876075322802)|0.9406]
[GEN_41|make_tuple(truediv(837, 0.7805381082424744), 0.0010464876075322802)|0.9407]
Stopped early in iteration 41, no improvement in 20 gens.
START_TASK: 6
GEN_0_FIT_0.7351579793089802_0.7967477527837099_0.8546283878362835_SIZE_1_2.35_7
GEN_1_FIT_0.8391192764357834_0.8495491150218086_0.8591504719765829_SIZE_1_1.65_4
GEN_2_FIT_0.8546283878362835_0.8580353968477299_0.8591504719765829_SIZE_1_1.45_3
GEN_3_FIT_0.8587972345509659_0.858994976575954_0.8591504719765829_SIZE_1_1.1_2
GEN_4_FIT_0.8590864227447995_0.8592081743100103_0.8596233971154149_SIZE_1_1.1_2
GEN_5_FIT_0.859409158166749_0.859550600260321_0.8598473835143462_SIZE_1_1.1_2
GEN_6_FIT_0.8596748243569324_0.8598811212747342_0.8602474092659669_SIZE_1_1.05_2
GEN_7_FIT_0.8599361351214811_0.8600937810033271_0.8602947114330046_SIZE_1_1.0_1
GEN_8_FIT_0.8601551619432418_0.8602316046483992_0.8602947114330046_SIZE_1_1.0_1
GEN_9_FIT_0.8602474092659669_0.8602497743743186_0.8602947114330046_SIZE_1_1.0_1
GEN_10_FIT_0.8602474092659669_0.860254138531633_0.860304849027809_SIZE_1_1.0_1
GEN_11_FIT_0.8602474092659669_0.8602640306239465_0.860304849027809_SIZE_1_1.0_1
GEN_12_FIT_0.8602474092659669_0.8602950598544605_0.8603966605796245_SIZE_1_1.05_2
GEN_13_FIT_0.860304849027809_0.8603330488919892_0.8604074971305814_SIZE_1_1.05_2
GEN_14_FIT_0.860307140449565_0.8603880179883138_0.8604074971305814_SIZE_1_1.05_2
GEN_15_FIT_0.8603966605796245_0.8603979554872623_0.8604074971305814_SIZE_1_1.0_1
GEN_16_FIT_0.8603966605796245_0.8603990708578708_0.8604126304155356_SIZE_1_1.0_1
GEN_17_FIT_0.8603987731050446_0.8604026864941201_0.8604282874739175_SIZE_1_1.05_2
GEN_18_FIT_0.8603987731050446_0.8604108181664282_0.8604303999993376_SIZE_1_1.1_2
GEN_19_FIT_0.8604074971305814_0.8604256387818905_0.8604303999993376_SIZE_1_1.25_2
GEN_20_FIT_0.8604282874739175_0.8604300831205245_0.8604303999993376_SIZE_1_1.1_2
Evaluating in sample:
[GEN_20|make_tuple(555, 0.0018886832812539955)|0.8604]
Evaluating out-of-sample:
[GEN_20|make_tuple(555, 0.0018886832812539955)|0.9379]
GEN_21_FIT_0.8604303999993376_0.8604303999993375_0.8604303999993376_SIZE_1_1.0_1
GEN_22_FIT_0.8604303999993376_0.8604303999993375_0.8604303999993376_SIZE_1_1.0_1
GEN_23_FIT_0.8604303999993376_0.8604303999993375_0.8604303999993376_SIZE_1_1.0_1
GEN_24_FIT_0.8604303999993376_0.8604303999993375_0.8604303999993376_SIZE_1_1.0_1
GEN_25_FIT_0.8604303999993376_0.8604303999993375_0.8604303999993376_SIZE_1_1.0_1
GEN_26_FIT_0.8604303999993376_0.8604303999993375_0.8604303999993376_SIZE_1_1.0_1
GEN_27_FIT_0.8604303999993376_0.8604303999993375_0.8604303999993376_SIZE_1_1.0_1
GEN_28_FIT_0.8604303999993376_0.8604303999993375_0.8604303999993376_SIZE_1_1.0_1
GEN_29_FIT_0.8604303999993376_0.8604304100921926_0.8604306018564392_SIZE_1_1.0_1
GEN_30_FIT_0.8604303999993376_0.8604304302779028_0.8604306018564392_SIZE_1_1.05_2
GEN_31_FIT_0.8604303999993376_0.8604304706493231_0.8604306018564392_SIZE_1_1.05_2
GEN_32_FIT_0.8604303999993376_0.8604305917635842_0.8604306018564392_SIZE_1_1.05_2
GEN_33_FIT_0.8604306018564392_0.8604306018564392_0.8604306018564392_SIZE_1_1.0_1
GEN_34_FIT_0.8604306018564392_0.8604306018564392_0.8604306018564392_SIZE_1_1.0_1
GEN_35_FIT_0.8604306018564392_0.8604306018564392_0.8604306018564392_SIZE_1_1.0_1
GEN_36_FIT_0.8604306018564392_0.8604306018564392_0.8604306018564392_SIZE_1_1.0_1
GEN_37_FIT_0.8604306018564392_0.8604306018564392_0.8604306018564392_SIZE_1_1.0_1
GEN_38_FIT_0.8604306018564392_0.8604306018564392_0.8604306018564392_SIZE_1_1.0_1
GEN_39_FIT_0.8604306018564392_0.8604306018564392_0.8604306018564392_SIZE_1_1.0_1
GEN_40_FIT_0.8604306018564392_0.8604306018564392_0.8604306018564392_SIZE_1_1.0_1
Evaluating in sample:
[GEN_40|make_tuple(556, 0.0018886832812539955)|0.8604]
Evaluating out-of-sample:
[GEN_40|make_tuple(556, 0.0018886832812539955)|0.9379]
GEN_41_FIT_0.8604306018564392_0.8604306018564392_0.8604306018564392_SIZE_1_1.0_1
GEN_42_FIT_0.8604306018564392_0.8604306018564392_0.8604306018564392_SIZE_1_1.0_1
GEN_43_FIT_0.8604306018564392_0.8604306018564392_0.8604306018564392_SIZE_1_1.0_1
GEN_44_FIT_0.8604306018564392_0.8604306018564392_0.8604306018564392_SIZE_1_1.0_1
GEN_45_FIT_0.8604306018564392_0.8604306018564392_0.8604306018564392_SIZE_1_1.0_1
GEN_46_FIT_0.8604306018564392_0.8604306018564392_0.8604306018564392_SIZE_1_1.0_1
GEN_47_FIT_0.8604306018564392_0.8604306018564392_0.8604306018564392_SIZE_1_1.0_1
GEN_48_FIT_0.8604306018564392_0.8604306018564392_0.8604306018564392_SIZE_1_1.0_1
GEN_49_FIT_0.8604306018564392_0.8604306018564392_0.8604306018564392_SIZE_1_1.0_1
GEN_50_FIT_0.8604306018564392_0.8604306018564392_0.8604306018564392_SIZE_1_1.0_1
Evaluating in sample:
[GEN_50|make_tuple(556, 0.0018886832812539955)|0.8604]
Evaluating out-of-sample:
[GEN_50|make_tuple(556, 0.0018886832812539955)|0.9379]
Stopped early in iteration 50, no improvement in 20 gens.
START_TASK: 11
GEN_0_FIT_0.7790687960286065_0.8283668048298412_0.859570581958054_SIZE_1_1.6_7
GEN_1_FIT_0.8497617081489585_0.8576710247982607_0.8596241733449828_SIZE_1_1.55_5
GEN_2_FIT_0.8594033243876398_0.8595105985288496_0.8598100850809385_SIZE_1_1.3_3
GEN_3_FIT_0.8594844536867575_0.8596563407083895_0.8602356653703637_SIZE_1_1.25_2
GEN_4_FIT_0.8596241733449828_0.8600522246351625_0.8605279743125114_SIZE_1_1.2_2
GEN_5_FIT_0.8601539498032085_0.8602879170027629_0.860758215115524_SIZE_1_1.2_2
GEN_6_FIT_0.8603736616272302_0.8606008985517525_0.8610638374469891_SIZE_1_1.7_2
GEN_7_FIT_0.8605279743125114_0.8608757225908861_0.861298361079901_SIZE_1_1.7_3
GEN_8_FIT_0.8610226284560674_0.8611935772353956_0.861298361079901_SIZE_1_1.85_3
GEN_9_FIT_0.8612890139428251_0.8613144236229798_0.8616289590785555_SIZE_1_1.65_3
GEN_10_FIT_0.861298361079901_0.8613747371774393_0.8616526865492662_SIZE_1_1.55_4
GEN_11_FIT_0.8612985548654368_0.8615125074282173_0.8616526865492662_SIZE_1_2.4_4
GEN_12_FIT_0.8613081238406809_0.8614943014306432_0.8616526865492662_SIZE_1_2.0_4
GEN_13_FIT_0.8613083176262166_0.8615155086436108_0.8616526865492662_SIZE_1_1.85_3
GEN_14_FIT_0.8613089407593243_0.8615019060481044_0.8616526865492662_SIZE_1_1.6_3
GEN_15_FIT_0.8613187035201042_0.8613521018230206_0.8616526865492662_SIZE_1_1.1_2
GEN_16_FIT_0.8613187035201042_0.8613521018230206_0.8616526865492662_SIZE_1_1.1_2
GEN_17_FIT_0.8613187035201042_0.8613521018230206_0.8616526865492662_SIZE_1_1.1_2
GEN_18_FIT_0.8613187035201042_0.8613521018230206_0.8616526865492662_SIZE_1_1.1_2
GEN_19_FIT_0.8613187035201042_0.8613521018230206_0.8616526865492662_SIZE_1_1.1_2
GEN_20_FIT_0.8613187035201042_0.8613521018230206_0.8616526865492662_SIZE_1_1.1_2
Evaluating in sample:
[GEN_20|make_tuple(785, 0.0010371083658848466)|0.8613]
[GEN_20|make_tuple(add(312, 792), 0.001038390368900873)|0.8617]
Evaluating out-of-sample:
[GEN_20|make_tuple(785, 0.0010371083658848466)|0.8895]
[GEN_20|make_tuple(add(312, 792), 0.001038390368900873)|0.8947]
GEN_21_FIT_0.8613187035201042_0.8613521018230206_0.8616526865492662_SIZE_1_1.1_2
GEN_22_FIT_0.8613187035201042_0.8613521018230206_0.8616526865492662_SIZE_1_1.1_2
GEN_23_FIT_0.8613187035201042_0.8613521018230206_0.8616526865492662_SIZE_1_1.1_2
GEN_24_FIT_0.8613187035201042_0.8614190032503872_0.8616526865492662_SIZE_1_1.3_2
GEN_25_FIT_0.8613187035201042_0.8615707350885708_0.8616526865492662_SIZE_1_1.75_2
GEN_26_FIT_0.8614560996672972_0.8616295081980654_0.8617152379901152_SIZE_1_1.9_3
GEN_27_FIT_0.861298361079901_0.8615494779824389_0.8617152379901152_SIZE_1_1.55_3
GEN_28_FIT_0.8614631374120274_0.8616606011642041_0.8617152379901152_SIZE_1_1.9_3
GEN_29_FIT_0.8616289590785555_0.8617109240445371_0.8617152379901152_SIZE_1_1.95_2
GEN_30_FIT_0.8616324184501909_0.861711097013119_0.8617152379901152_SIZE_1_1.95_2
GEN_31_FIT_0.8608975152652677_0.861340866560394_0.8617529529991672_SIZE_1_1.45_2
GEN_32_FIT_0.8616019366576256_0.8616990357429547_0.8617529529991672_SIZE_1_1.8_2
GEN_33_FIT_0.8616019366576256_0.8616809477453415_0.8617529529991672_SIZE_1_1.6_2
GEN_34_FIT_0.8616324184501909_0.8616504986325374_0.8617529529991672_SIZE_1_1.15_2
GEN_35_FIT_0.8616324184501909_0.861693925310995_0.8617529529991672_SIZE_1_1.5_2
GEN_36_FIT_0.8616324184501909_0.8616928719455069_0.8617703727887736_SIZE_1_1.3_2
GEN_37_FIT_0.8616719764434212_0.861721639922318_0.8617703727887736_SIZE_1_1.5_3
GEN_38_FIT_0.8616893962330274_0.8616974938886021_0.8617703727887736_SIZE_1_1.1_2
GEN_39_FIT_0.8616893962330274_0.8616974938886021_0.8617703727887736_SIZE_1_1.1_2
GEN_40_FIT_0.8616893962330274_0.8617211125007112_0.8617760228254949_SIZE_1_1.35_2
Evaluating in sample:
[GEN_40|make_tuple(1073, 0.0010459924133554672)|0.8618]
Evaluating out-of-sample:
[GEN_40|make_tuple(1073, 0.0010459924133554672)|0.8948]
GEN_41_FIT_0.8616897222172675_0.8617641514533638_0.8617760228254949_SIZE_1_1.85_2
GEN_42_FIT_0.86175655971224_0.861770247138619_0.8617760228254949_SIZE_1_1.85_2
GEN_43_FIT_0.8608920564253698_0.861727461327793_0.8617760228254949_SIZE_1_1.65_2
GEN_44_FIT_0.8612324380442131_0.861747305427096_0.8617760228254949_SIZE_1_1.3_2
GEN_45_FIT_0.8617760228254949_0.8617760228254949_0.8617760228254949_SIZE_1_1.0_1
GEN_46_FIT_0.8617760228254949_0.8617760228254949_0.8617760228254949_SIZE_1_1.0_1
GEN_47_FIT_0.8617760228254949_0.8617760228254949_0.8617760228254949_SIZE_1_1.0_1
GEN_48_FIT_0.8617760228254949_0.8617760228254949_0.8617760228254949_SIZE_1_1.0_1
GEN_49_FIT_0.8617760228254949_0.8617760228254949_0.8617760228254949_SIZE_1_1.0_1
GEN_50_FIT_0.8617760228254949_0.8617760228254949_0.8617760228254949_SIZE_1_1.0_1
GEN_51_FIT_0.8617760228254949_0.8617760228254949_0.8617760228254949_SIZE_1_1.0_1
GEN_52_FIT_0.8617760228254949_0.8617760228254949_0.8617760228254949_SIZE_1_1.0_1
GEN_53_FIT_0.8617760228254949_0.8617760228254949_0.8617760228254949_SIZE_1_1.0_1
GEN_54_FIT_0.8617760228254949_0.8617760228254949_0.8617760228254949_SIZE_1_1.0_1
GEN_55_FIT_0.8617760228254949_0.8617760228254949_0.8617760228254949_SIZE_1_1.0_1
GEN_56_FIT_0.8617760228254949_0.8617760228254949_0.8617760228254949_SIZE_1_1.0_1
GEN_57_FIT_0.8617760228254949_0.8617760228254949_0.8617760228254949_SIZE_1_1.0_1
GEN_58_FIT_0.8617760228254949_0.8617760228254949_0.8617760228254949_SIZE_1_1.0_1
GEN_59_FIT_0.8617760228254949_0.8617760391247069_0.8617763488097347_SIZE_1_1.0_1
GEN_60_FIT_0.8617760228254949_0.8617760554239189_0.8617763488097347_SIZE_1_1.0_1
Evaluating in sample:
[GEN_60|make_tuple(1073, 0.0010476794411626309)|0.8618]
Evaluating out-of-sample:
[GEN_60|make_tuple(1073, 0.0010476794411626309)|0.8948]
GEN_61_FIT_0.8617760228254949_0.8617761206207669_0.8617763488097347_SIZE_1_1.0_1
GEN_62_FIT_0.8617760228254949_0.8617762510144628_0.8617763488097347_SIZE_1_1.0_1
GEN_63_FIT_0.8617763488097347_0.8617763488097345_0.8617763488097347_SIZE_1_1.0_1
GEN_64_FIT_0.8617763488097347_0.8617763488097345_0.8617763488097347_SIZE_1_1.0_1
GEN_65_FIT_0.8617763488097347_0.8617763488097345_0.8617763488097347_SIZE_1_1.0_1
GEN_66_FIT_0.8617763488097347_0.8617763488097345_0.8617763488097347_SIZE_1_1.0_1
GEN_67_FIT_0.8617763488097347_0.8617763488097345_0.8617763488097347_SIZE_1_1.0_1
GEN_68_FIT_0.8617763488097347_0.861776414292005_0.8617776584551432_SIZE_1_1.0_1
GEN_69_FIT_0.8617763488097347_0.861776414292005_0.8617776584551432_SIZE_1_1.0_1
GEN_70_FIT_0.8617763488097347_0.8617766762210868_0.8617776584551432_SIZE_1_1.0_1
GEN_71_FIT_0.8617763488097347_0.8617773965260614_0.8617776584551432_SIZE_1_1.1_2
GEN_72_FIT_0.8617776584551432_0.8617776584551432_0.8617776584551432_SIZE_1_1.0_1
GEN_73_FIT_0.8617776584551432_0.8617776584551432_0.8617776584551432_SIZE_1_1.0_1
GEN_74_FIT_0.8617776584551432_0.8617776584551432_0.8617776584551432_SIZE_1_1.0_1
GEN_75_FIT_0.8617776584551432_0.8617776584551432_0.8617776584551432_SIZE_1_1.0_1
GEN_76_FIT_0.8617776584551432_0.8617776584551432_0.8617776584551432_SIZE_1_1.0_1
GEN_77_FIT_0.8617776584551432_0.8617776584551432_0.8617776584551432_SIZE_1_1.0_1
GEN_78_FIT_0.8617776584551432_0.8617776584551432_0.8617776584551432_SIZE_1_1.0_1
GEN_79_FIT_0.8617776584551432_0.8617776584551432_0.8617776584551432_SIZE_1_1.0_1
GEN_80_FIT_0.8617776584551432_0.8617776584551432_0.8617776584551432_SIZE_1_1.0_1
Evaluating in sample:
[GEN_80|make_tuple(1073, 0.0010462197285603866)|0.8618]
Evaluating out-of-sample:
[GEN_80|make_tuple(1073, 0.0010462197285603866)|0.8948]
GEN_81_FIT_0.8617776584551432_0.8617776584551432_0.8617776584551432_SIZE_1_1.0_1
GEN_82_FIT_0.8617776584551432_0.8617776584551432_0.8617776584551432_SIZE_1_1.0_1
GEN_83_FIT_0.8617776584551432_0.8617776584551432_0.8617776584551432_SIZE_1_1.0_1
GEN_84_FIT_0.8617776584551432_0.8617776584551432_0.8617776584551432_SIZE_1_1.0_1
GEN_85_FIT_0.8617776584551432_0.8617776584551432_0.8617776584551432_SIZE_1_1.0_1
GEN_86_FIT_0.8617776584551432_0.8617776584551432_0.8617776584551432_SIZE_1_1.0_1
GEN_87_FIT_0.8617776584551432_0.8617776584551432_0.8617776584551432_SIZE_1_1.0_1
GEN_88_FIT_0.8617776584551432_0.8617776584551432_0.8617776584551432_SIZE_1_1.0_1
GEN_89_FIT_0.8617776584551432_0.8617776584551432_0.8617776584551432_SIZE_1_1.0_1
Evaluating in sample:
[GEN_89|make_tuple(1073, 0.0010462197285603866)|0.8618]
Evaluating out-of-sample:
[GEN_89|make_tuple(1073, 0.0010462197285603866)|0.8948]
Stopped early in iteration 89, no improvement in 20 gens.
START_TASK: 12
GEN_0_FIT_0.7614879073016878_0.8037907465278291_0.8366169103713864_SIZE_1_2.5_9
GEN_1_FIT_0.8341563606899208_0.8387166286361987_0.8532819216164783_SIZE_1_1.7_4
GEN_2_FIT_0.8394439029029902_0.8519684597803451_0.8559616998935363_SIZE_1_1.9_4
GEN_3_FIT_0.8538621154918601_0.8558534146358765_0.8586674420234737_SIZE_1_1.8_3
GEN_4_FIT_0.8559396149797195_0.8574399247275057_0.8586674420234737_SIZE_1_1.95_4
GEN_5_FIT_0.85776511064584_0.8584215135910916_0.8587141841275391_SIZE_1_2.55_5
GEN_6_FIT_0.8582386018595489_0.8586147251014129_0.8587497210399294_SIZE_1_2.7_5
GEN_7_FIT_0.858274279997714_0.8587423381167575_0.8593558160929279_SIZE_1_2.15_4
GEN_8_FIT_0.8585380115922856_0.8589287145522675_0.8593558160929279_SIZE_1_2.05_4
GEN_9_FIT_0.8587565495517574_0.859261626862805_0.8594634923015265_SIZE_1_2.7_5
GEN_10_FIT_0.8589749946579666_0.8593567339854074_0.8596109100119478_SIZE_1_1.95_4
GEN_11_FIT_0.8593684732491456_0.8595185541264845_0.8596201217481871_SIZE_1_1.7_3
GEN_12_FIT_0.8596080701807671_0.8596143107233255_0.8596201217481871_SIZE_1_1.6_3
GEN_13_FIT_0.8596109100119478_0.8596192005745632_0.8596201217481871_SIZE_1_1.2_2
GEN_14_FIT_0.8596201217481871_0.8596201217481869_0.8596201217481871_SIZE_1_1.0_1
GEN_15_FIT_0.8596201217481871_0.8596237094931329_0.8596918766471047_SIZE_1_1.0_1
GEN_16_FIT_0.8596201217481871_0.8596409459172849_0.8596918766471047_SIZE_1_1.05_2
GEN_17_FIT_0.8596271338207143_0.8596837640061492_0.8596918766471047_SIZE_1_1.15_2
GEN_18_FIT_0.8596918766471047_0.8596918766471047_0.8596918766471047_SIZE_1_1.0_1
GEN_19_FIT_0.8596918766471047_0.8596919374315704_0.8596930923364182_SIZE_1_1.0_1
GEN_20_FIT_0.8596918766471047_0.8596919374315704_0.8596930923364182_SIZE_1_1.0_1
Evaluating in sample:
[GEN_20|make_tuple(180, 0.0024832022263652533)|0.8597]
Evaluating out-of-sample:
[GEN_20|make_tuple(180, 0.0024832022263652533)|0.9988]
GEN_21_FIT_0.8596918766471047_0.8596919374315704_0.8596930923364182_SIZE_1_1.0_1
GEN_22_FIT_0.8596918766471047_0.8596921197849674_0.8596930923364182_SIZE_1_1.0_1
GEN_23_FIT_0.8596918766471047_0.8596924237072958_0.8596930923364182_SIZE_1_1.0_1
GEN_24_FIT_0.8596930923364182_0.8596930923364182_0.8596930923364182_SIZE_1_1.0_1
GEN_25_FIT_0.8596930923364182_0.8596930923364182_0.8596930923364182_SIZE_1_1.0_1
GEN_26_FIT_0.8596930923364182_0.8596930923364182_0.8596930923364182_SIZE_1_1.0_1
GEN_27_FIT_0.8596930923364182_0.8596930923364182_0.8596930923364182_SIZE_1_1.0_1
GEN_28_FIT_0.8596930923364182_0.8596930923364182_0.8596930923364182_SIZE_1_1.0_1
GEN_29_FIT_0.8596930923364182_0.8596930923364182_0.8596930923364182_SIZE_1_1.0_1
GEN_30_FIT_0.8596930923364182_0.8596930923364182_0.8596930923364182_SIZE_1_1.0_1
GEN_31_FIT_0.8596930923364182_0.8596930923364182_0.8596930923364182_SIZE_1_1.0_1
GEN_32_FIT_0.8596930923364182_0.8596930923364182_0.8596930923364182_SIZE_1_1.0_1
GEN_33_FIT_0.8596930923364182_0.8596930923364182_0.8596930923364182_SIZE_1_1.0_1
GEN_34_FIT_0.8596930923364182_0.8596930923364182_0.8596930923364182_SIZE_1_1.0_1
GEN_35_FIT_0.8596930923364182_0.8596930923364182_0.8596930923364182_SIZE_1_1.0_1
GEN_36_FIT_0.8596930923364182_0.8596930923364182_0.8596930923364182_SIZE_1_1.0_1
GEN_37_FIT_0.8596930923364182_0.8596930923364182_0.8596930923364182_SIZE_1_1.0_1
GEN_38_FIT_0.8596930923364182_0.8596930923364182_0.8596930923364182_SIZE_1_1.0_1
GEN_39_FIT_0.8596930923364182_0.8596930923364182_0.8596930923364182_SIZE_1_1.0_1
GEN_40_FIT_0.8596930923364182_0.8596930923364182_0.8596930923364182_SIZE_1_1.0_1
Evaluating in sample:
[GEN_40|make_tuple(180, 0.0024832022263652533)|0.8597]
Evaluating out-of-sample:
[GEN_40|make_tuple(180, 0.0024832022263652533)|0.9988]
Stopped early in iteration 40, no improvement in 20 gens.
START_TASK: 14
GEN_0_FIT_0.7511269463740052_0.8136875871243175_0.8521316276766336_SIZE_1_1.8_9
GEN_1_FIT_0.8412101297411161_0.845124124931177_0.8581641339683561_SIZE_1_1.5_4
GEN_2_FIT_0.8463306668064697_0.8514719613476757_0.8581641339683561_SIZE_1_1.6_4
GEN_3_FIT_0.8539649687011649_0.8575806092933028_0.8584413527157183_SIZE_1_1.25_4
GEN_4_FIT_0.8582293804130692_0.858420328117024_0.8587283490395093_SIZE_1_1.2_4
GEN_5_FIT_0.8584952058265302_0.8586228107895144_0.859093361842933_SIZE_1_1.45_4
GEN_6_FIT_0.8586038655216246_0.8588466265916802_0.8591672623287876_SIZE_1_1.8_4
GEN_7_FIT_0.8589014342620177_0.8591272061307901_0.8592782253096277_SIZE_1_2.1_4
GEN_8_FIT_0.859093361842933_0.8591742522000485_0.8593599786944275_SIZE_1_2.0_4
GEN_9_FIT_0.8591958671464636_0.8593845354005888_0.8595333054653325_SIZE_1_1.3_4
GEN_10_FIT_0.8595022046818354_0.8595913037289732_0.8596783677416326_SIZE_1_1.0_1
GEN_11_FIT_0.8596783677416326_0.8596783677416328_0.8596783677416326_SIZE_1_1.0_1
GEN_12_FIT_0.8596783677416326_0.8596783677416328_0.8596783677416326_SIZE_1_1.0_1
GEN_13_FIT_0.8596783677416326_0.8596784954370762_0.8596809216504993_SIZE_1_1.05_2
GEN_14_FIT_0.8596783677416326_0.8596803928010915_0.8597037312181361_SIZE_1_1.15_2
GEN_15_FIT_0.8596783677416326_0.8596832249518137_0.8597047252023634_SIZE_1_1.15_2
GEN_16_FIT_0.8596783677416326_0.8596893738307075_0.8597185407132288_SIZE_1_1.25_2
GEN_17_FIT_0.8596883976365731_0.8596999077675356_0.8597448990049638_SIZE_1_1.15_2
GEN_18_FIT_0.8596898056435736_0.859716559124122_0.8597448990049638_SIZE_1_1.3_2
GEN_19_FIT_0.8597185407132288_0.8597319269152779_0.8597448990049638_SIZE_1_1.45_3
GEN_20_FIT_0.8597384977719804_0.8597445789433145_0.8597448990049638_SIZE_1_1.95_2
Evaluating in sample:
[GEN_20|make_tuple(179, 0.002487182826644494)|0.8597]
[GEN_20|make_tuple(add(181, 0.7825179357265347), 0.002487182826644494)|0.8597]
Evaluating out-of-sample:
[GEN_20|make_tuple(179, 0.002487182826644494)|0.9938]
[GEN_20|make_tuple(add(181, 0.7825179357265347), 0.002487182826644494)|0.9938]
GEN_21_FIT_0.8597384977719804_0.8597445789433145_0.8597448990049638_SIZE_1_1.95_2
GEN_22_FIT_0.8597384977719804_0.8597442588816653_0.8597448990049638_SIZE_1_1.9_2
GEN_23_FIT_0.8597384977719804_0.8597442588816653_0.8597448990049638_SIZE_1_1.9_2
GEN_24_FIT_0.8597384977719804_0.8597442588816653_0.8597448990049638_SIZE_1_1.9_2
GEN_25_FIT_0.8597384977719804_0.8597442588816653_0.8597448990049638_SIZE_1_1.9_2
GEN_26_FIT_0.8597384977719804_0.8597433713293198_0.8597451359676895_SIZE_1_1.75_2
GEN_27_FIT_0.8597387355657107_0.8597440959749066_0.8597451359676895_SIZE_1_1.9_3
GEN_28_FIT_0.859739713461294_0.859743980460693_0.8597451359676895_SIZE_1_1.85_3
GEN_29_FIT_0.8597399512550242_0.859744617496423_0.8597451359676895_SIZE_1_1.9_2
GEN_30_FIT_0.8597399512550242_0.859744617496423_0.8597451359676895_SIZE_1_1.9_2
GEN_31_FIT_0.8597399512550242_0.859744617496423_0.8597451359676895_SIZE_1_1.9_2
GEN_32_FIT_0.8597399512550242_0.859744617496423_0.8597451359676895_SIZE_1_1.9_2
GEN_33_FIT_0.8597399512550242_0.859744617496423_0.8597451359676895_SIZE_1_1.9_2
GEN_34_FIT_0.8597399512550242_0.859744617496423_0.8597451359676895_SIZE_1_1.9_2
GEN_35_FIT_0.8597399512550242_0.859744617496423_0.8597451359676895_SIZE_1_1.9_2
GEN_36_FIT_0.8597399512550242_0.859744617496423_0.8597451359676895_SIZE_1_1.9_2
GEN_37_FIT_0.8597399512550242_0.859744617496423_0.8597451359676895_SIZE_1_1.9_2
GEN_38_FIT_0.8597399512550242_0.859744617496423_0.8597451359676895_SIZE_1_1.9_2
GEN_39_FIT_0.8597399512550242_0.859744617496423_0.8597451359676895_SIZE_1_1.9_2
GEN_40_FIT_0.8597399512550242_0.859744617496423_0.8597451359676895_SIZE_1_1.9_2
Evaluating in sample:
[GEN_40|make_tuple(180, 0.0024810882910017156)|0.8597]
[GEN_40|make_tuple(add(181, 0.7825179357265347), 0.0024810882910017156)|0.8597]
Evaluating out-of-sample:
[GEN_40|make_tuple(180, 0.0024810882910017156)|0.9938]
[GEN_40|make_tuple(add(181, 0.7825179357265347), 0.0024810882910017156)|0.9938]
GEN_41_FIT_0.8597399512550242_0.859744617496423_0.8597451359676895_SIZE_1_1.9_2
GEN_42_FIT_0.8597399512550242_0.859744617496423_0.8597451359676895_SIZE_1_1.9_2
GEN_43_FIT_0.8597399512550242_0.859744617496423_0.8597451359676895_SIZE_1_1.9_2
GEN_44_FIT_0.8597187785069588_0.8597306990264991_0.8597562647398433_SIZE_1_1.15_2
GEN_45_FIT_0.8597399512550242_0.8597415826035061_0.8597562647398433_SIZE_1_1.1_2
GEN_46_FIT_0.8597399512550242_0.8597415826035061_0.8597562647398433_SIZE_1_1.1_2
GEN_47_FIT_0.8597399512550242_0.8597452627608098_0.8597562647398433_SIZE_1_1.35_3
GEN_48_FIT_0.8597399512550242_0.8597529201952916_0.8597562647398433_SIZE_1_1.75_3
GEN_49_FIT_0.8597510791961732_0.8597544497995587_0.8597562647398433_SIZE_1_1.65_2
GEN_50_FIT_0.8597510791961732_0.8597557461854762_0.8597562647398433_SIZE_1_1.9_2
GEN_51_FIT_0.8597510791961732_0.8597557461854762_0.8597562647398433_SIZE_1_1.9_2
GEN_52_FIT_0.8597510791961732_0.8597557461854762_0.8597562647398433_SIZE_1_1.9_2
GEN_53_FIT_0.8597510791961732_0.8597557461854762_0.8597562647398433_SIZE_1_1.9_2
GEN_54_FIT_0.8597510791961732_0.8597557461854762_0.8597562647398433_SIZE_1_1.9_2
GEN_55_FIT_0.8597510791961732_0.8597557461854762_0.8597562647398433_SIZE_1_1.9_2
GEN_56_FIT_0.8597510791961732_0.8597557461854762_0.8597562647398433_SIZE_1_1.9_2
GEN_57_FIT_0.8597510791961732_0.8597557461854762_0.8597562647398433_SIZE_1_1.9_2
GEN_58_FIT_0.8597510791961732_0.8597557461854762_0.8597562647398433_SIZE_1_1.9_2
GEN_59_FIT_0.8597510791961732_0.8597557461854762_0.8597562647398433_SIZE_1_1.9_2
GEN_60_FIT_0.8597510791961732_0.8597557461854762_0.8597562647398433_SIZE_1_1.9_2
Evaluating in sample:
[GEN_60|make_tuple(180, 0.0024848401366535204)|0.8598]
[GEN_60|make_tuple(add(181, 0.7825179357265347), 0.0024848401366535204)|0.8598]
Evaluating out-of-sample:
[GEN_60|make_tuple(180, 0.0024848401366535204)|0.9938]
[GEN_60|make_tuple(add(181, 0.7825179357265347), 0.0024848401366535204)|0.9938]
GEN_61_FIT_0.8597510791961732_0.8597557461854762_0.8597562647398433_SIZE_1_1.9_2
GEN_62_FIT_0.8597510791961732_0.8597557461854762_0.8597562647398433_SIZE_1_1.9_2
GEN_63_FIT_0.8597510791961732_0.8597557461854762_0.8597562647398433_SIZE_1_1.9_2
GEN_64_FIT_0.8597510791961732_0.8597557461854762_0.8597562647398433_SIZE_1_1.9_2
GEN_65_FIT_0.8597510791961732_0.8597557461854762_0.8597562647398433_SIZE_1_1.9_2
Evaluating in sample:
[GEN_65|make_tuple(180, 0.0024848401366535204)|0.8598]
[GEN_65|make_tuple(add(181, 0.7825179357265347), 0.0024848401366535204)|0.8598]
Evaluating out-of-sample:
[GEN_65|make_tuple(180, 0.0024848401366535204)|0.9938]
[GEN_65|make_tuple(add(181, 0.7825179357265347), 0.0024848401366535204)|0.9938]
Stopped early in iteration 65, no improvement in 20 gens.
START_TASK: 15
GEN_0_FIT_0.7145725096517119_0.8171831970183782_0.8565417252093566_SIZE_1_2.35_7
GEN_1_FIT_0.8434194022722689_0.8505268595308355_0.8586617246145257_SIZE_1_2.6_7
GEN_2_FIT_0.8514254666462426_0.8572709314726688_0.8594431715246521_SIZE_1_2.45_6
GEN_3_FIT_0.8577109777710523_0.8584823191473152_0.8594431715246521_SIZE_1_2.85_6
GEN_4_FIT_0.8582345804073863_0.8590555768500581_0.859551876099315_SIZE_1_1.65_3
GEN_5_FIT_0.8593228491744775_0.8594830752821625_0.8596090323290235_SIZE_1_1.35_3
GEN_6_FIT_0.8595500291202619_0.8595688289691191_0.8596197676841609_SIZE_1_1.4_2
GEN_7_FIT_0.8595962639707696_0.8596241093197504_0.8597750688301783_SIZE_1_1.2_2
GEN_8_FIT_0.8596090323290235_0.8596751809825541_0.8597750688301783_SIZE_1_1.5_3
GEN_9_FIT_0.859726563635169_0.859750610102633_0.8597760810155837_SIZE_1_1.6_2
GEN_10_FIT_0.8597280727518565_0.8597651441339377_0.8597760810155837_SIZE_1_1.3_2
GEN_11_FIT_0.8597750688301783_0.8597751700487187_0.8597760810155837_SIZE_1_1.1_2
GEN_12_FIT_0.8597750688301783_0.8597751700487187_0.8597760810155837_SIZE_1_1.1_2
GEN_13_FIT_0.8597750688301783_0.8597751700487187_0.8597760810155837_SIZE_1_1.1_2
GEN_14_FIT_0.8597750688301783_0.8597751700487187_0.8597760810155837_SIZE_1_1.1_2
GEN_15_FIT_0.8597750688301783_0.8597752206579891_0.8597760810155837_SIZE_1_1.1_2
GEN_16_FIT_0.8597750688301783_0.8597753218765296_0.8597760810155837_SIZE_1_1.1_2
GEN_17_FIT_0.8597750688301783_0.8597757267506918_0.8597760810155837_SIZE_1_1.1_2
GEN_18_FIT_0.8597760810155837_0.8597760810155837_0.8597760810155837_SIZE_1_1.0_1
GEN_19_FIT_0.8597760810155837_0.8597760810155837_0.8597760810155837_SIZE_1_1.0_1
GEN_20_FIT_0.8597760810155837_0.8597760810155837_0.8597760810155837_SIZE_1_1.0_1
Evaluating in sample:
[GEN_20|make_tuple(153, 0.0028295924215555775)|0.8598]
Evaluating out-of-sample:
[GEN_20|make_tuple(153, 0.0028295924215555775)|0.9751]
GEN_21_FIT_0.8597760810155837_0.8597760810155837_0.8597760810155837_SIZE_1_1.0_1
GEN_22_FIT_0.8597760810155837_0.8597760810155837_0.8597760810155837_SIZE_1_1.0_1
GEN_23_FIT_0.8597760810155837_0.8597760810155837_0.8597760810155837_SIZE_1_1.0_1
GEN_24_FIT_0.8597760810155837_0.8597760810155837_0.8597760810155837_SIZE_1_1.0_1
GEN_25_FIT_0.8597760810155837_0.8597760810155837_0.8597760810155837_SIZE_1_1.0_1
GEN_26_FIT_0.8597760810155837_0.8597760810155837_0.8597760810155837_SIZE_1_1.0_1
GEN_27_FIT_0.8597760810155837_0.8597760810155837_0.8597760810155837_SIZE_1_1.0_1
GEN_28_FIT_0.8597760810155837_0.8597760810155837_0.8597760810155837_SIZE_1_1.0_1
GEN_29_FIT_0.8597760810155837_0.8597760810155837_0.8597760810155837_SIZE_1_1.0_1
GEN_30_FIT_0.8597760810155837_0.8597760810155837_0.8597760810155837_SIZE_1_1.0_1
GEN_31_FIT_0.8597760810155837_0.8597760810155837_0.8597760810155837_SIZE_1_1.0_1
GEN_32_FIT_0.8597760810155837_0.8597760810155837_0.8597760810155837_SIZE_1_1.0_1
GEN_33_FIT_0.8597760810155837_0.8597760810155837_0.8597760810155837_SIZE_1_1.0_1
GEN_34_FIT_0.8597760810155837_0.8597760810155837_0.8597760810155837_SIZE_1_1.0_1
GEN_35_FIT_0.8597760810155837_0.8597760810155837_0.8597760810155837_SIZE_1_1.0_1
GEN_36_FIT_0.8597760810155837_0.8597760810155837_0.8597760810155837_SIZE_1_1.0_1
Evaluating in sample:
[GEN_36|make_tuple(153, 0.0028295924215555775)|0.8598]
Evaluating out-of-sample:
[GEN_36|make_tuple(153, 0.0028295924215555775)|0.9751]
Stopped early in iteration 36, no improvement in 20 gens.
START_TASK: 16
GEN_0_FIT_0.7283704548148757_0.7769362444063972_0.8523440196991192_SIZE_1_3.35_9
GEN_1_FIT_0.7631422127069047_0.8394873328450814_0.855655316445447_SIZE_1_2.95_8
GEN_2_FIT_0.846166181426029_0.8533398212309292_0.857239408792902_SIZE_1_1.85_6
GEN_3_FIT_0.855655316445447_0.8569148855031866_0.8591248548383547_SIZE_1_1.5_4
GEN_4_FIT_0.8580734829030624_0.8585318772898363_0.8591248548383547_SIZE_1_1.7_4
GEN_5_FIT_0.8587002469780631_0.8589586404069063_0.8594670140842057_SIZE_1_1.7_4
GEN_6_FIT_0.8590616894618218_0.8592119857869008_0.8594670140842057_SIZE_1_2.0_4
GEN_7_FIT_0.8591044190803818_0.8593000874924506_0.8595492198215762_SIZE_1_1.65_3
GEN_8_FIT_0.8593056687630298_0.8594704370898671_0.859617518125203_SIZE_1_1.75_3
GEN_9_FIT_0.8595292518551032_0.8595753099451588_0.8597496704426852_SIZE_1_2.1_3
GEN_10_FIT_0.8595292518551032_0.859628925464208_0.8597496704426852_SIZE_1_2.0_3
GEN_11_FIT_0.859657842391331_0.8597201916609848_0.8597496704426852_SIZE_1_2.25_3
GEN_12_FIT_0.8596850429495467_0.8597067173720015_0.8597510022962551_SIZE_1_1.35_3
GEN_13_FIT_0.8596850429495467_0.8597320425990151_0.8597510022962551_SIZE_1_1.65_3
GEN_14_FIT_0.8596850429495467_0.8597438231194638_0.8597510022962551_SIZE_1_1.35_3
GEN_15_FIT_0.8597439455517899_0.8597499437845855_0.8597510022962551_SIZE_1_1.55_2
GEN_16_FIT_0.8597439455517899_0.859750649459032_0.8597510022962551_SIZE_1_1.1_2
GEN_17_FIT_0.8597510022962551_0.8597510022962552_0.8597510022962551_SIZE_1_1.0_1
GEN_18_FIT_0.8597510022962551_0.8597510022962552_0.8597510022962551_SIZE_1_1.0_1
GEN_19_FIT_0.8597510022962551_0.8597510022962552_0.8597510022962551_SIZE_1_1.0_1
GEN_20_FIT_0.8597510022962551_0.8597510022962552_0.8597510022962551_SIZE_1_1.0_1
Evaluating in sample:
[GEN_20|make_tuple(180, 0.0024809724076496316)|0.8598]
Evaluating out-of-sample:
[GEN_20|make_tuple(180, 0.0024809724076496316)|0.9927]
GEN_21_FIT_0.8597510022962551_0.8597510022962552_0.8597510022962551_SIZE_1_1.0_1
GEN_22_FIT_0.8597510022962551_0.8597510022962552_0.8597510022962551_SIZE_1_1.0_1
GEN_23_FIT_0.8597510022962551_0.8597510022962552_0.8597510022962551_SIZE_1_1.0_1
GEN_24_FIT_0.8597510022962551_0.8597510022962552_0.8597510022962551_SIZE_1_1.0_1
GEN_25_FIT_0.8597510022962551_0.859751023812294_0.8597514326170312_SIZE_1_1.05_2
GEN_26_FIT_0.8597510022962551_0.8597510453283329_0.8597514326170312_SIZE_1_1.1_2
GEN_27_FIT_0.8597510022962551_0.8597510453283329_0.8597514326170312_SIZE_1_1.1_2
GEN_28_FIT_0.8597510022962551_0.8597512350956074_0.8597547976417459_SIZE_1_1.2_3
GEN_29_FIT_0.8597510022962551_0.8597514248628819_0.8597547976417459_SIZE_1_1.3_3
GEN_30_FIT_0.8597510022962551_0.8597514248628819_0.8597547976417459_SIZE_1_1.3_3
GEN_31_FIT_0.8597510022962551_0.8597514248628819_0.8597547976417459_SIZE_1_1.3_3
GEN_32_FIT_0.8597510022962551_0.8597514248628819_0.8597547976417459_SIZE_1_1.3_3
GEN_33_FIT_0.8597510022962551_0.8597514248628819_0.8597547976417459_SIZE_1_1.3_3
GEN_34_FIT_0.8597510022962551_0.8597514248628819_0.8597547976417459_SIZE_1_1.3_3
GEN_35_FIT_0.8597510022962551_0.8597514248628819_0.8597547976417459_SIZE_1_1.3_3
GEN_36_FIT_0.8597510022962551_0.8597514248628819_0.8597547976417459_SIZE_1_1.3_3
GEN_37_FIT_0.8597510022962551_0.8597514248628819_0.8597547976417459_SIZE_1_1.3_3
GEN_38_FIT_0.8597510022962551_0.8597514248628819_0.8597547976417459_SIZE_1_1.3_3
GEN_39_FIT_0.8597510022962551_0.8597514248628819_0.8597547976417459_SIZE_1_1.3_3
GEN_40_FIT_0.8597510022962551_0.8597514248628819_0.8597547976417459_SIZE_1_1.3_3
Evaluating in sample:
[GEN_40|make_tuple(180, 0.0024809724076496316)|0.8598]
[GEN_40|make_tuple(add(180, 0.26070554430402326), 0.0024809724076496316)|0.8598]
[GEN_40|make_tuple(add(180, mul(6, 0.26070554430402326)), 0.0024809724076496316)|0.8598]
Evaluating out-of-sample:
[GEN_40|make_tuple(180, 0.0024809724076496316)|0.9927]
[GEN_40|make_tuple(add(180, 0.26070554430402326), 0.0024809724076496316)|0.9927]
[GEN_40|make_tuple(add(180, mul(6, 0.26070554430402326)), 0.0024809724076496316)|0.9927]
GEN_41_FIT_0.8597510022962551_0.8597514248628819_0.8597547976417459_SIZE_1_1.3_3
GEN_42_FIT_0.8597510022962551_0.8597516570697856_0.8597548189144946_SIZE_1_1.4_3
GEN_43_FIT_0.8597510022962551_0.8597538824378519_0.8597772759098803_SIZE_1_2.1_4
GEN_44_FIT_0.8597510235690036_0.8597587356146459_0.859781071255371_SIZE_1_1.7_3
GEN_45_FIT_0.85975182981609_0.8597745788991162_0.859781071255371_SIZE_1_1.8_3
GEN_46_FIT_0.8597772759098803_0.8597776984765071_0.859781071255371_SIZE_1_1.3_3
GEN_47_FIT_0.8597772759098803_0.8597776984765071_0.859781071255371_SIZE_1_1.3_3
GEN_48_FIT_0.8597772759098803_0.8597776984765071_0.859781071255371_SIZE_1_1.3_3
GEN_49_FIT_0.8597772759098803_0.8597776984765071_0.859781071255371_SIZE_1_1.3_3
GEN_50_FIT_0.8597772759098803_0.8597776984765071_0.859781071255371_SIZE_1_1.3_3
GEN_51_FIT_0.8597772759098803_0.8597776984765071_0.859781071255371_SIZE_1_1.3_3
GEN_52_FIT_0.8597772759098803_0.8597776984765071_0.859781071255371_SIZE_1_1.3_3
GEN_53_FIT_0.8597772759098803_0.8597776984765071_0.859781071255371_SIZE_1_1.3_3
GEN_54_FIT_0.8597772759098803_0.8597776984765071_0.859781071255371_SIZE_1_1.3_3
GEN_55_FIT_0.8597772759098803_0.8597776984765071_0.859781071255371_SIZE_1_1.3_3
GEN_56_FIT_0.8597772759098803_0.8597778374132246_0.8597824606225457_SIZE_1_1.3_3
GEN_57_FIT_0.8597772759098803_0.8597778374132246_0.8597824606225457_SIZE_1_1.3_3
GEN_58_FIT_0.8597772759098803_0.8597778374132246_0.8597824606225457_SIZE_1_1.3_3
GEN_59_FIT_0.8597772759098803_0.8597778374132246_0.8597824606225457_SIZE_1_1.3_3
GEN_60_FIT_0.8597772759098803_0.8597778374132246_0.8597824606225457_SIZE_1_1.3_3
Evaluating in sample:
[GEN_60|make_tuple(180, 0.002462048177257317)|0.8598]
[GEN_60|make_tuple(add(0.22023701925049202, 180), 0.002462048177257317)|0.8598]
[GEN_60|make_tuple(add(180, mul(7, 0.2539108371139647)), 0.002462048177257317)|0.8598]
Evaluating out-of-sample:
[GEN_60|make_tuple(180, 0.002462048177257317)|0.9927]
[GEN_60|make_tuple(add(0.22023701925049202, 180), 0.002462048177257317)|0.9927]
[GEN_60|make_tuple(add(180, mul(7, 0.2539108371139647)), 0.002462048177257317)|0.9927]
GEN_61_FIT_0.8597772759098803_0.8597778374132246_0.8597824606225457_SIZE_1_1.3_3
GEN_62_FIT_0.8597772759098803_0.8597778374132246_0.8597824606225457_SIZE_1_1.3_3
GEN_63_FIT_0.8597772759098803_0.8597778374132246_0.8597824606225457_SIZE_1_1.3_3
GEN_64_FIT_0.8597772759098803_0.8597778374132246_0.8597824606225457_SIZE_1_1.3_3
GEN_65_FIT_0.8597772759098803_0.8597778374132246_0.8597824606225457_SIZE_1_1.3_3
GEN_66_FIT_0.8597772759098803_0.8597778374132246_0.8597824606225457_SIZE_1_1.3_3
GEN_67_FIT_0.8597772759098803_0.8597778374132246_0.8597824606225457_SIZE_1_1.3_3
GEN_68_FIT_0.8597772759098803_0.8597778374132246_0.8597824606225457_SIZE_1_1.3_3
GEN_69_FIT_0.8597772759098803_0.8597778374132246_0.8597824606225457_SIZE_1_1.3_3
GEN_70_FIT_0.8597772759098803_0.8597778374132246_0.8597824606225457_SIZE_1_1.3_3
GEN_71_FIT_0.8597772759098803_0.8597778374132246_0.8597824606225457_SIZE_1_1.3_3
GEN_72_FIT_0.8597772759098803_0.8597778374132246_0.8597824606225457_SIZE_1_1.3_3
GEN_73_FIT_0.8597772759098803_0.8597778374132246_0.8597824606225457_SIZE_1_1.3_3
GEN_74_FIT_0.8597772759098803_0.8597778374132246_0.8597824606225457_SIZE_1_1.3_3
GEN_75_FIT_0.8597772759098803_0.8597778374132246_0.8597824606225457_SIZE_1_1.3_3
GEN_76_FIT_0.8597772759098803_0.8597778374132246_0.8597824606225457_SIZE_1_1.3_3
GEN_77_FIT_0.8597772759098803_0.8597778374132246_0.8597824606225457_SIZE_1_1.3_3
Evaluating in sample:
[GEN_77|make_tuple(180, 0.002462048177257317)|0.8598]
[GEN_77|make_tuple(add(0.22023701925049202, 180), 0.002462048177257317)|0.8598]
[GEN_77|make_tuple(add(180, mul(7, 0.2539108371139647)), 0.002462048177257317)|0.8598]
Evaluating out-of-sample:
[GEN_77|make_tuple(180, 0.002462048177257317)|0.9927]
[GEN_77|make_tuple(add(0.22023701925049202, 180), 0.002462048177257317)|0.9927]
[GEN_77|make_tuple(add(180, mul(7, 0.2539108371139647)), 0.002462048177257317)|0.9927]
Stopped early in iteration 77, no improvement in 20 gens.
START_TASK: 18
GEN_0_FIT_0.7420735191095637_0.7954973017371569_0.8487268856802845_SIZE_1_2.55_6
GEN_1_FIT_0.8362730714424005_0.8427251192009615_0.8541986144552209_SIZE_1_1.65_4
GEN_2_FIT_0.8498191391048379_0.8526736561061151_0.8581230083184781_SIZE_1_1.5_4
GEN_3_FIT_0.8545904655151336_0.8567027838056566_0.8586246045727539_SIZE_1_1.45_3
GEN_4_FIT_0.8581058754166327_0.858559969820339_0.8596037172855795_SIZE_1_1.5_3
GEN_5_FIT_0.8583503832448548_0.8590058945832431_0.8596037172855795_SIZE_1_1.55_3
GEN_6_FIT_0.8590610247189852_0.8594159969245908_0.8597141092335204_SIZE_1_1.25_2
GEN_7_FIT_0.8594191687079661_0.8596177105117337_0.8597984609912614_SIZE_1_1.15_2
GEN_8_FIT_0.8596744000648298_0.8597548009070369_0.8598924153737362_SIZE_1_1.1_2
GEN_9_FIT_0.8597848832346813_0.8598396803346262_0.8599150699487529_SIZE_1_1.05_2
GEN_10_FIT_0.8598893703865277_0.8598935525186544_0.8599150699487529_SIZE_1_1.1_2
GEN_11_FIT_0.8598924153737362_0.8598948374967657_0.8599150699487529_SIZE_1_1.0_1
GEN_12_FIT_0.8598924153737362_0.8598990701202951_0.8599188617327094_SIZE_1_1.0_1
GEN_13_FIT_0.8598968159988367_0.8599123111157608_0.8599315550388889_SIZE_1_1.0_1
GEN_14_FIT_0.8599150699487529_0.8599186013129811_0.859933768133265_SIZE_1_1.05_2
GEN_15_FIT_0.8599188617327094_0.8599244923287751_0.859933768133265_SIZE_1_1.1_2
GEN_16_FIT_0.8599315550388889_0.8599357472623167_0.859963798366533_SIZE_1_1.15_2
GEN_17_FIT_0.859933768133265_0.8599476144893361_0.859963798366533_SIZE_1_1.15_2
GEN_18_FIT_0.8599499597641591_0.8599569024098109_0.8599650140558465_SIZE_1_1.05_2
GEN_19_FIT_0.859963798366533_0.859964834698968_0.8599808779472948_SIZE_1_1.0_1
GEN_20_FIT_0.859963798366533_0.8599673178507935_0.8599866563077732_SIZE_1_1.05_2
Evaluating in sample:
[GEN_20|make_tuple(179, 0.0024682453198193507)|0.8600]
Evaluating out-of-sample:
[GEN_20|make_tuple(179, 0.0024682453198193507)|0.9609]
GEN_21_FIT_0.8599650140558465_0.8599765494564758_0.8600103226440978_SIZE_1_1.05_2
GEN_22_FIT_0.8599820936366085_0.8599884143295012_0.8600103226440978_SIZE_1_1.05_2
GEN_23_FIT_0.8599878719970868_0.859995812410798_0.8600356427255682_SIZE_1_1.0_1
GEN_24_FIT_0.8599878719970868_0.860010239807489_0.8600413254804715_SIZE_1_1.0_1
GEN_25_FIT_0.8600103226440978_0.8600244871064058_0.8600413254804715_SIZE_1_1.0_1
GEN_26_FIT_0.8600356427255682_0.8600389103374674_0.8600421317275577_SIZE_1_1.0_1
GEN_27_FIT_0.8600413254804715_0.8600413657928258_0.8600421317275577_SIZE_1_1.0_1
GEN_28_FIT_0.8600413254804715_0.8600414061051801_0.8600421317275577_SIZE_1_1.0_1
GEN_29_FIT_0.8600413254804715_0.8600415673545972_0.8600421317275577_SIZE_1_1.1_2
GEN_30_FIT_0.8600413254804715_0.8600418898534319_0.8600421317275577_SIZE_1_1.1_2
GEN_31_FIT_0.8600421317275577_0.8600421317275575_0.8600421317275577_SIZE_1_1.0_1
GEN_32_FIT_0.8600421317275577_0.8600421317275575_0.8600421317275577_SIZE_1_1.0_1
GEN_33_FIT_0.8600421317275577_0.8600421317275575_0.8600421317275577_SIZE_1_1.0_1
GEN_34_FIT_0.8600421317275577_0.8600421317275575_0.8600421317275577_SIZE_1_1.0_1
GEN_35_FIT_0.8600421317275577_0.8600421317275575_0.8600421317275577_SIZE_1_1.0_1
GEN_36_FIT_0.8600421317275577_0.8600421317275575_0.8600421317275577_SIZE_1_1.0_1
GEN_37_FIT_0.8600421317275577_0.8600421317275575_0.8600421317275577_SIZE_1_1.0_1
GEN_38_FIT_0.8600421317275577_0.8600421317275575_0.8600421317275577_SIZE_1_1.0_1
GEN_39_FIT_0.8600421317275577_0.8600421317275575_0.8600421317275577_SIZE_1_1.0_1
GEN_40_FIT_0.8600421317275577_0.8600421317275575_0.8600421317275577_SIZE_1_1.0_1
Evaluating in sample:
[GEN_40|make_tuple(180, 0.0024827209980616593)|0.8600]
Evaluating out-of-sample:
[GEN_40|make_tuple(180, 0.0024827209980616593)|0.9622]
GEN_41_FIT_0.8600421317275577_0.8600421317275575_0.8600421317275577_SIZE_1_1.0_1
GEN_42_FIT_0.8600421317275577_0.8600421317275575_0.8600421317275577_SIZE_1_1.0_1
GEN_43_FIT_0.8600421317275577_0.8600421317275575_0.8600421317275577_SIZE_1_1.0_1
GEN_44_FIT_0.8600421317275577_0.8600421317275575_0.8600421317275577_SIZE_1_1.0_1
GEN_45_FIT_0.8600421317275577_0.8600421317275575_0.8600421317275577_SIZE_1_1.0_1
GEN_46_FIT_0.8600421317275577_0.8600421317275575_0.8600421317275577_SIZE_1_1.0_1
GEN_47_FIT_0.8600421317275577_0.8600421317275575_0.8600421317275577_SIZE_1_1.0_1
Evaluating in sample:
[GEN_47|make_tuple(180, 0.0024827209980616593)|0.8600]
Evaluating out-of-sample:
[GEN_47|make_tuple(180, 0.0024827209980616593)|0.9622]
Stopped early in iteration 47, no improvement in 20 gens.
START_TASK: 22
GEN_0_FIT_0.7966458169942441_0.8320934617833124_0.8568228922862385_SIZE_1_1.95_5
GEN_1_FIT_0.8548867774893875_0.8564060668451434_0.8581611717532377_SIZE_1_1.5_3
GEN_2_FIT_0.8572059891358621_0.8579882215107254_0.8584681631909519_SIZE_1_1.8_4
GEN_3_FIT_0.8581345144105103_0.8583177525057692_0.8587544934247461_SIZE_1_1.7_3
GEN_4_FIT_0.8581447713072513_0.8583962137688482_0.8590095486483954_SIZE_1_1.5_3
GEN_5_FIT_0.8581951879884505_0.8585885932260048_0.8590095486483954_SIZE_1_1.55_3
GEN_6_FIT_0.8583418648551217_0.8588135701185046_0.8594052490708946_SIZE_1_1.4_2
GEN_7_FIT_0.858949596634998_0.8592204264023044_0.8594709968491321_SIZE_1_1.6_3
GEN_8_FIT_0.8590430122315195_0.8594302071618556_0.8596522938626877_SIZE_1_2.0_3
GEN_9_FIT_0.859361892486_0.8594675515531291_0.8596522938626877_SIZE_1_1.95_3
GEN_10_FIT_0.8593246839710208_0.8594561724388596_0.8596522938626877_SIZE_1_1.85_3
GEN_11_FIT_0.8593246839710208_0.8594518577748577_0.8596522938626877_SIZE_1_1.65_3
GEN_12_FIT_0.859361892486_0.8595134263407044_0.8596732959397542_SIZE_1_1.9_4
GEN_13_FIT_0.8595019735255394_0.859625784248054_0.859977499349828_SIZE_1_2.25_4
GEN_14_FIT_0.8594491781182283_0.8596972524686665_0.8599864543864171_SIZE_1_1.85_4
GEN_15_FIT_0.8599234283068002_0.8599701694943812_0.8599864543864171_SIZE_1_1.95_3
GEN_16_FIT_0.8599755461202904_0.859984020304316_0.8599864543864171_SIZE_1_2.05_3
GEN_17_FIT_0.859977499349828_0.8599855588827581_0.8599864543864171_SIZE_1_1.9_2
GEN_18_FIT_0.859977499349828_0.8599855588827581_0.8599864543864171_SIZE_1_1.9_2
GEN_19_FIT_0.859977499349828_0.8599855588827581_0.8599864543864171_SIZE_1_1.9_2
GEN_20_FIT_0.859977499349828_0.8599855588827581_0.8599864543864171_SIZE_1_1.9_2
Evaluating in sample:
[GEN_20|make_tuple(185, 0.002464306512696559)|0.8600]
[GEN_20|make_tuple(sub(315, 136), 0.002464306512696559)|0.8600]
Evaluating out-of-sample:
[GEN_20|make_tuple(185, 0.002464306512696559)|0.9667]
[GEN_20|make_tuple(sub(315, 136), 0.002464306512696559)|0.9667]
GEN_21_FIT_0.859977499349828_0.8599855588827581_0.8599864543864171_SIZE_1_1.9_2
GEN_22_FIT_0.8599250190601169_0.8599789658862731_0.8599876700757307_SIZE_1_1.45_2
GEN_23_FIT_0.859977499349828_0.8599785164224183_0.8599876700757307_SIZE_1_1.1_2
GEN_24_FIT_0.859977499349828_0.8599799812468379_0.8599876700757307_SIZE_1_1.2_2
GEN_25_FIT_0.859977499349828_0.8599838063993364_0.8599876700757307_SIZE_1_1.4_2
GEN_26_FIT_0.8599864543864171_0.8599875485067994_0.8599876700757307_SIZE_1_1.9_2
GEN_27_FIT_0.8599864543864171_0.8599875485067994_0.8599876700757307_SIZE_1_1.9_2
GEN_28_FIT_0.8599864543864171_0.8599875485067994_0.8599876700757307_SIZE_1_1.9_2
GEN_29_FIT_0.8599864543864171_0.8599875700228383_0.8599881003965069_SIZE_1_1.95_3
GEN_30_FIT_0.8599864543864171_0.8599874522175576_0.8599881003965069_SIZE_1_1.95_3
GEN_31_FIT_0.8599864543864171_0.8599867405563574_0.8599881003965069_SIZE_1_1.3_3
GEN_32_FIT_0.8599864543864171_0.8599867405563574_0.8599881003965069_SIZE_1_1.3_3
GEN_33_FIT_0.8599864543864171_0.8599867405563574_0.8599881003965069_SIZE_1_1.3_3
GEN_34_FIT_0.8599864543864171_0.859987130542841_0.8599881003965069_SIZE_1_1.7_3
GEN_35_FIT_0.8599876700757307_0.8599880966995416_0.8599884567779782_SIZE_1_2.85_4
GEN_36_FIT_0.8599876700757307_0.8599880714865374_0.8599888870987543_SIZE_1_2.5_3
GEN_37_FIT_0.8599876700757307_0.8599880434341228_0.8599910558537248_SIZE_1_1.55_4
GEN_38_FIT_0.8599876700757307_0.8599885489615107_0.8599918433869767_SIZE_1_1.8_4
GEN_39_FIT_0.8599884567779782_0.8599888384709555_0.8599918433869767_SIZE_1_1.5_4
GEN_40_FIT_0.8599884567779782_0.8599888384709555_0.8599918433869767_SIZE_1_1.5_4
Evaluating in sample:
[GEN_40|make_tuple(180, 0.0024841900848666934)|0.8600]
[GEN_40|make_tuple(sub(315, sub(135, 0.3201568771360208)), 0.0024841900848666934)|0.8600]
[GEN_40|make_tuple(sub(315, sub(135, pow(4, 0.3201568771360208))), 0.0024841900848666934)|0.8600]
Evaluating out-of-sample:
[GEN_40|make_tuple(180, 0.0024841900848666934)|0.9671]
[GEN_40|make_tuple(sub(315, sub(135, 0.3201568771360208)), 0.0024841900848666934)|0.9671]
[GEN_40|make_tuple(sub(315, sub(135, pow(4, 0.3201568771360208))), 0.0024841900848666934)|0.9672]
GEN_41_FIT_0.8599884567779782_0.8599888384709555_0.8599918433869767_SIZE_1_1.5_4
GEN_42_FIT_0.8599884567779782_0.8599888384709555_0.8599918433869767_SIZE_1_1.5_4
GEN_43_FIT_0.8599884567779782_0.8599888384709555_0.8599918433869767_SIZE_1_1.5_4
GEN_44_FIT_0.8599884567779782_0.8599888384709555_0.8599918433869767_SIZE_1_1.5_4
GEN_45_FIT_0.8599884567779782_0.8599888384709555_0.8599918433869767_SIZE_1_1.5_4
GEN_46_FIT_0.8599884567779782_0.8599890892029753_0.859993901739151_SIZE_1_1.35_4
GEN_47_FIT_0.8599884567779782_0.8599891107190143_0.859993901739151_SIZE_1_1.4_4
GEN_48_FIT_0.8599884567779782_0.8599900967936401_0.8599972883481496_SIZE_1_1.55_4
GEN_49_FIT_0.8599884567779782_0.8599918596358818_0.8599986777153241_SIZE_1_1.35_4
GEN_50_FIT_0.859993901739151_0.8599941405379598_0.8599986777153241_SIZE_1_1.15_4
GEN_51_FIT_0.859993901739151_0.859994400428129_0.8599986777153241_SIZE_1_1.35_4
GEN_52_FIT_0.859993901739151_0.8599944008528071_0.8599986777153241_SIZE_1_1.35_4
GEN_53_FIT_0.859993901739151_0.8599944008528071_0.8599986777153241_SIZE_1_1.35_4
GEN_54_FIT_0.859993901739151_0.8599944223688458_0.8599986777153241_SIZE_1_1.4_4
GEN_55_FIT_0.859993901739151_0.8599944223688458_0.8599986777153241_SIZE_1_1.4_4
GEN_56_FIT_0.859993901739151_0.8599944223688458_0.8599986777153241_SIZE_1_1.4_4
GEN_57_FIT_0.859993901739151_0.8599944223688458_0.8599986777153241_SIZE_1_1.4_4
GEN_58_FIT_0.859993901739151_0.8599944223688458_0.8599986777153241_SIZE_1_1.4_4
GEN_59_FIT_0.859993901739151_0.8599944223688458_0.8599986777153241_SIZE_1_1.4_4
GEN_60_FIT_0.859993901739151_0.8599944223688458_0.8599986777153241_SIZE_1_1.4_4
Evaluating in sample:
[GEN_60|make_tuple(180, 0.0024878429970022122)|0.8600]
[GEN_60|make_tuple(add(180, 0.23294347672842627), 0.0024878429970022122)|0.8600]
[GEN_60|make_tuple(sub(315, sub(135, pow(3, 0.5340358165927969))), 0.0024878429970022122)|0.8600]
Evaluating out-of-sample:
[GEN_60|make_tuple(180, 0.0024878429970022122)|0.9671]
[GEN_60|make_tuple(add(180, 0.23294347672842627), 0.0024878429970022122)|0.9671]
[GEN_60|make_tuple(sub(315, sub(135, pow(3, 0.5340358165927969))), 0.0024878429970022122)|0.9672]
GEN_61_FIT_0.859993901739151_0.8599944223688458_0.8599986777153241_SIZE_1_1.4_4
GEN_62_FIT_0.859993901739151_0.8599944223688458_0.8599986777153241_SIZE_1_1.4_4
GEN_63_FIT_0.859993901739151_0.8599944223688458_0.8599986777153241_SIZE_1_1.4_4
GEN_64_FIT_0.859993901739151_0.8599944223688458_0.8599986777153241_SIZE_1_1.4_4
GEN_65_FIT_0.859993901739151_0.8599944223688458_0.8599986777153241_SIZE_1_1.4_4
GEN_66_FIT_0.859993901739151_0.8599944223688458_0.8599986777153241_SIZE_1_1.4_4
GEN_67_FIT_0.859993901739151_0.8599944223688458_0.8599986777153241_SIZE_1_1.4_4
GEN_68_FIT_0.859993901739151_0.8599944223688458_0.8599986777153241_SIZE_1_1.4_4
GEN_69_FIT_0.859993901739151_0.8599944223688458_0.8599986777153241_SIZE_1_1.4_4
GEN_70_FIT_0.859993901739151_0.8599944223688458_0.8599986777153241_SIZE_1_1.4_4
Evaluating in sample:
[GEN_70|make_tuple(180, 0.0024878429970022122)|0.8600]
[GEN_70|make_tuple(add(180, 0.23294347672842627), 0.0024878429970022122)|0.8600]
[GEN_70|make_tuple(sub(315, sub(135, pow(3, 0.5340358165927969))), 0.0024878429970022122)|0.8600]
Evaluating out-of-sample:
[GEN_70|make_tuple(180, 0.0024878429970022122)|0.9671]
[GEN_70|make_tuple(add(180, 0.23294347672842627), 0.0024878429970022122)|0.9671]
[GEN_70|make_tuple(sub(315, sub(135, pow(3, 0.5340358165927969))), 0.0024878429970022122)|0.9672]
Stopped early in iteration 70, no improvement in 20 gens.
START_TASK: 23
GEN_0_FIT_0.791135850355482_0.8280469698516326_0.8580093512930019_SIZE_1_1.95_7
GEN_1_FIT_0.8528523388199302_0.8565311318843435_0.8591953732212821_SIZE_1_1.6_3
GEN_2_FIT_0.8581754548938227_0.8588601536381745_0.8595277851956065_SIZE_1_1.45_2
GEN_3_FIT_0.8591883578974571_0.8594338062465996_0.8599935856089306_SIZE_1_1.5_2
GEN_4_FIT_0.8594629507940464_0.859657231602076_0.8599935856089306_SIZE_1_1.5_3
GEN_5_FIT_0.8597344271629999_0.8600387523423205_0.8604795821120856_SIZE_1_1.6_3
GEN_6_FIT_0.8599935856089306_0.8602528121302248_0.8604808584769984_SIZE_1_1.55_3
GEN_7_FIT_0.8601410338530892_0.860430655618347_0.8605507549867526_SIZE_1_1.7_2
GEN_8_FIT_0.8603162131664988_0.8604350790044372_0.8605507549867526_SIZE_1_1.3_2
GEN_9_FIT_0.8604795821120856_0.8605321636194827_0.8605969479712516_SIZE_1_1.5_3
GEN_10_FIT_0.8605503295317818_0.8605607859947788_0.8606359136377673_SIZE_1_1.1_2
GEN_11_FIT_0.8605503295317818_0.8605853560475385_0.8606359136377673_SIZE_1_1.4_3
GEN_12_FIT_0.8605988082986423_0.8606181300518772_0.8606400139829957_SIZE_1_1.45_3
GEN_13_FIT_0.8606359136377673_0.8606363913378834_0.8606400139829957_SIZE_1_1.2_3
GEN_14_FIT_0.8606359136377673_0.8606380367229244_0.8606403983165211_SIZE_1_1.4_3
GEN_15_FIT_0.8606400139829957_0.8606415438486372_0.8606698426287774_SIZE_1_1.2_3
GEN_16_FIT_0.8606400139829957_0.8606430544976027_0.8606698426287774_SIZE_1_1.2_3
GEN_17_FIT_0.8606400139829957_0.8606505308757244_0.8606698426287774_SIZE_1_1.2_3
GEN_18_FIT_0.8606400139829957_0.860662462334037_0.8606698426287774_SIZE_1_1.05_2
GEN_19_FIT_0.8606698426287774_0.8606698426287774_0.8606698426287774_SIZE_1_1.0_1
GEN_20_FIT_0.8606698426287774_0.8606698426287774_0.8606698426287774_SIZE_1_1.0_1
Evaluating in sample:
[GEN_20|make_tuple(556, 0.0019448033748457475)|0.8607]
Evaluating out-of-sample:
[GEN_20|make_tuple(556, 0.0019448033748457475)|0.9149]
GEN_21_FIT_0.8606698426287774_0.8606698426287774_0.8606698426287774_SIZE_1_1.0_1
GEN_22_FIT_0.8606698426287774_0.8606698426287774_0.8606698426287774_SIZE_1_1.0_1
GEN_23_FIT_0.8606698426287774_0.8606698426287774_0.8606698426287774_SIZE_1_1.0_1
GEN_24_FIT_0.8606698426287774_0.8606698426287774_0.8606698426287774_SIZE_1_1.0_1
GEN_25_FIT_0.8606698426287774_0.8606698426287774_0.8606698426287774_SIZE_1_1.0_1
GEN_26_FIT_0.8606698426287774_0.8606701397030283_0.8606757841137967_SIZE_1_1.0_1
GEN_27_FIT_0.8606698426287774_0.8606716250742832_0.8606757841137967_SIZE_1_1.0_1
GEN_28_FIT_0.8606698426287774_0.8606748928910438_0.8606757841137967_SIZE_1_1.0_1
GEN_29_FIT_0.8606757841137967_0.8606757841137969_0.8606757841137967_SIZE_1_1.0_1
GEN_30_FIT_0.8606757841137967_0.8606757841137969_0.8606757841137967_SIZE_1_1.0_1
GEN_31_FIT_0.8606757841137967_0.8606757841137969_0.8606757841137967_SIZE_1_1.0_1
GEN_32_FIT_0.8606757841137967_0.8606757841137969_0.8606757841137967_SIZE_1_1.0_1
GEN_33_FIT_0.8606757841137967_0.8606757841137969_0.8606757841137967_SIZE_1_1.0_1
GEN_34_FIT_0.8606757841137967_0.8606757841137969_0.8606757841137967_SIZE_1_1.0_1
GEN_35_FIT_0.8606757841137967_0.8606757841137969_0.8606757841137967_SIZE_1_1.0_1
GEN_36_FIT_0.8606757841137967_0.8606757841137969_0.8606757841137967_SIZE_1_1.0_1
GEN_37_FIT_0.8606757841137967_0.8606757841137969_0.8606757841137967_SIZE_1_1.0_1
GEN_38_FIT_0.8606757841137967_0.8606757841137969_0.8606757841137967_SIZE_1_1.0_1
GEN_39_FIT_0.8606757841137967_0.8606757841137969_0.8606757841137967_SIZE_1_1.0_1
GEN_40_FIT_0.8606757841137967_0.8606757841137969_0.8606757841137967_SIZE_1_1.0_1
Evaluating in sample:
[GEN_40|make_tuple(556, 0.00193732255837156)|0.8607]
Evaluating out-of-sample:
[GEN_40|make_tuple(556, 0.00193732255837156)|0.9153]
GEN_41_FIT_0.8606757841137967_0.8606757841137969_0.8606757841137967_SIZE_1_1.0_1
GEN_42_FIT_0.8606757841137967_0.8606763496598905_0.8606870950356671_SIZE_1_1.0_1
GEN_43_FIT_0.8606757841137967_0.8606763496598905_0.8606870950356671_SIZE_1_1.0_1
GEN_44_FIT_0.8606757841137967_0.8606774807520775_0.8606870950356671_SIZE_1_1.0_1
GEN_45_FIT_0.8606757841137967_0.8606814395747321_0.8606870950356671_SIZE_1_1.05_2
GEN_46_FIT_0.8606870950356671_0.8606870950356672_0.8606870950356671_SIZE_1_1.0_1
GEN_47_FIT_0.8606870950356671_0.8606870950356672_0.8606870950356671_SIZE_1_1.0_1
GEN_48_FIT_0.8606870950356671_0.8606870950356672_0.8606870950356671_SIZE_1_1.0_1
GEN_49_FIT_0.8606870950356671_0.8606870950356672_0.8606870950356671_SIZE_1_1.0_1
GEN_50_FIT_0.8606870950356671_0.8606870950356672_0.8606870950356671_SIZE_1_1.0_1
GEN_51_FIT_0.8606870950356671_0.8606870950356672_0.8606870950356671_SIZE_1_1.0_1
GEN_52_FIT_0.8606870950356671_0.8606870950356672_0.8606870950356671_SIZE_1_1.0_1
GEN_53_FIT_0.8606870950356671_0.8606870950356672_0.8606870950356671_SIZE_1_1.0_1
GEN_54_FIT_0.8606870950356671_0.8606870950356672_0.8606870950356671_SIZE_1_1.0_1
GEN_55_FIT_0.8606870950356671_0.8606870950356672_0.8606870950356671_SIZE_1_1.0_1
GEN_56_FIT_0.8606870950356671_0.8606870950356672_0.8606870950356671_SIZE_1_1.0_1
GEN_57_FIT_0.8606870950356671_0.8606870950356672_0.8606870950356671_SIZE_1_1.0_1
GEN_58_FIT_0.8606870950356671_0.8606870950356672_0.8606870950356671_SIZE_1_1.0_1
GEN_59_FIT_0.8606870950356671_0.8606870950356672_0.8606870950356671_SIZE_1_1.0_1
GEN_60_FIT_0.8606870950356671_0.8606870950356672_0.8606870950356671_SIZE_1_1.0_1
Evaluating in sample:
[GEN_60|make_tuple(556, 0.0019365916648400728)|0.8607]
Evaluating out-of-sample:
[GEN_60|make_tuple(556, 0.0019365916648400728)|0.9153]
GEN_61_FIT_0.8606870950356671_0.8606870950356672_0.8606870950356671_SIZE_1_1.0_1
GEN_62_FIT_0.8606870950356671_0.8606870950356672_0.8606870950356671_SIZE_1_1.0_1
GEN_63_FIT_0.8606870950356671_0.8606870950356672_0.8606870950356671_SIZE_1_1.0_1
Evaluating in sample:
[GEN_63|make_tuple(556, 0.0019365916648400728)|0.8607]
Evaluating out-of-sample:
[GEN_63|make_tuple(556, 0.0019365916648400728)|0.9153]
Stopped early in iteration 63, no improvement in 20 gens.
START_TASK: 24
GEN_0_FIT_0.7120510295561123_0.7911506401011426_0.8577007403856254_SIZE_1_2.75_7
GEN_1_FIT_0.8279888191649875_0.8350097156286976_0.8577007403856254_SIZE_1_2.6_7
GEN_2_FIT_0.836347000523854_0.8487935344370635_0.8586613166268418_SIZE_1_1.75_4
GEN_3_FIT_0.8577007403856254_0.8581484647656449_0.8586613166268418_SIZE_1_1.5_3
GEN_4_FIT_0.8583089210477647_0.8585458344968631_0.8593370477856589_SIZE_1_1.55_4
GEN_5_FIT_0.8584698672244991_0.8587393336958972_0.8593370477856589_SIZE_1_1.95_4
GEN_6_FIT_0.8586644946149563_0.8590231939693623_0.8595185849808589_SIZE_1_1.15_2
GEN_7_FIT_0.8592069995733763_0.8593442361506364_0.8595330646293204_SIZE_1_1.35_2
GEN_8_FIT_0.8593370477856589_0.8594216636789456_0.8595330646293204_SIZE_1_1.5_2
GEN_9_FIT_0.8593753367192961_0.8595124370888257_0.8595330646293204_SIZE_1_1.9_2
GEN_10_FIT_0.859426327986983_0.8595240027646488_0.8595541107450125_SIZE_1_1.9_2
GEN_11_FIT_0.859426327986983_0.8595271596820027_0.8595541107450125_SIZE_1_1.9_2
GEN_12_FIT_0.859426327986983_0.8595197174573389_0.8595541107450125_SIZE_1_1.8_3
GEN_13_FIT_0.859426327986983_0.8595175764385049_0.8596186588251761_SIZE_1_1.6_2
GEN_14_FIT_0.8594301100792029_0.859537644896613_0.8596247977947464_SIZE_1_1.6_3
GEN_15_FIT_0.8594375178625311_0.859486075718739_0.8596380564780733_SIZE_1_1.2_2
GEN_16_FIT_0.8594375178625311_0.8595452951254204_0.8596380564780733_SIZE_1_1.4_2
GEN_17_FIT_0.8595817875816137_0.8596320719898042_0.8596380564780733_SIZE_1_1.25_3
GEN_18_FIT_0.8596380564780733_0.8596381383538997_0.8596396939946015_SIZE_1_1.1_3
GEN_19_FIT_0.8596380564780733_0.8596381383538997_0.8596396939946015_SIZE_1_1.1_3
GEN_20_FIT_0.8596380564780733_0.8596381383538997_0.8596396939946015_SIZE_1_1.1_3
Evaluating in sample:
[GEN_20|make_tuple(179, 0.002460404705650532)|0.8596]
[GEN_20|make_tuple(add(sub(0.5983754743098294, 0.08487509850965125), 179), 0.002460404705650532)|0.8596]
Evaluating out-of-sample:
[GEN_20|make_tuple(179, 0.002460404705650532)|0.9999]
[GEN_20|make_tuple(add(sub(0.5983754743098294, 0.08487509850965125), 179), 0.002460404705650532)|0.9999]
GEN_21_FIT_0.8596380564780733_0.8596382202297261_0.8596396939946015_SIZE_1_1.2_3
GEN_22_FIT_0.8596380564780733_0.8596382202297261_0.8596396939946015_SIZE_1_1.2_3
GEN_23_FIT_0.8596380564780733_0.8596395022003838_0.8596636958912275_SIZE_1_1.2_3
GEN_24_FIT_0.8596380564780733_0.8596431843607041_0.8596636958912275_SIZE_1_1.05_2
GEN_25_FIT_0.8596380564780733_0.8596560271235916_0.8596636958912275_SIZE_1_1.2_2
GEN_26_FIT_0.8596636958912275_0.8596636958912274_0.8596636958912275_SIZE_1_1.0_1
GEN_27_FIT_0.8596636958912275_0.8596636958912274_0.8596636958912275_SIZE_1_1.0_1
GEN_28_FIT_0.8596636958912275_0.8596636958912274_0.8596636958912275_SIZE_1_1.0_1
GEN_29_FIT_0.8596636958912275_0.8596636958912274_0.8596636958912275_SIZE_1_1.0_1
GEN_30_FIT_0.8596636958912275_0.8596637566756933_0.859664911580541_SIZE_1_1.0_1
GEN_31_FIT_0.8596636958912275_0.8596638174601589_0.859664911580541_SIZE_1_1.0_1
GEN_32_FIT_0.8596636958912275_0.8596640605980215_0.859664911580541_SIZE_1_1.0_1
GEN_33_FIT_0.8596636958912275_0.8596647900116097_0.859664911580541_SIZE_1_1.05_2
GEN_34_FIT_0.859664911580541_0.8596656800059396_0.8596802800885108_SIZE_1_1.0_1
GEN_35_FIT_0.859664911580541_0.8596693915926286_0.8596890468081735_SIZE_1_1.0_1
GEN_36_FIT_0.859664911580541_0.8596738544090012_0.8596890468081735_SIZE_1_1.0_1
GEN_37_FIT_0.8596814957778244_0.8596834007311267_0.8596890468081735_SIZE_1_1.0_1
GEN_38_FIT_0.8596814957778244_0.8596853362069359_0.8596890468081735_SIZE_1_1.0_1
GEN_39_FIT_0.8596890468081735_0.8596890468081735_0.8596890468081735_SIZE_1_1.0_1
GEN_40_FIT_0.8596890468081735_0.8596890468081735_0.8596890468081735_SIZE_1_1.0_1
Evaluating in sample:
[GEN_40|make_tuple(180, 0.002484964835850945)|0.8597]
Evaluating out-of-sample:
[GEN_40|make_tuple(180, 0.002484964835850945)|0.9999]
GEN_41_FIT_0.8596890468081735_0.8596890468081735_0.8596890468081735_SIZE_1_1.0_1
GEN_42_FIT_0.8596890468081735_0.8596892762551539_0.8596932054270037_SIZE_1_1.05_2
GEN_43_FIT_0.8596890468081735_0.8596895057021342_0.8596932054270037_SIZE_1_1.1_2
GEN_44_FIT_0.8596890468081735_0.8596903374259002_0.8596932054270037_SIZE_1_1.1_2
GEN_45_FIT_0.8596890468081735_0.8596926246662567_0.8596936357477798_SIZE_1_1.1_2
GEN_46_FIT_0.8596932054270037_0.8596932484590812_0.8596936357477798_SIZE_1_1.1_2
GEN_47_FIT_0.8596932054270037_0.8596932484590812_0.8596936357477798_SIZE_1_1.1_2
GEN_48_FIT_0.8596932054270037_0.8596932484590812_0.8596936357477798_SIZE_1_1.1_2
GEN_49_FIT_0.8596932054270037_0.8596932484590812_0.8596936357477798_SIZE_1_1.1_2
GEN_50_FIT_0.8596932054270037_0.8596932484590812_0.8596936357477798_SIZE_1_1.1_2
GEN_51_FIT_0.8596932054270037_0.8596932484590812_0.8596936357477798_SIZE_1_1.1_2
GEN_52_FIT_0.8596932054270037_0.8596932484590812_0.8596936357477798_SIZE_1_1.1_2
GEN_53_FIT_0.8596932054270037_0.8596932484590812_0.8596936357477798_SIZE_1_1.1_2
GEN_54_FIT_0.8596932054270037_0.8596932484590812_0.8596936357477798_SIZE_1_1.1_2
GEN_55_FIT_0.8596932054270037_0.8596932484590812_0.8596936357477798_SIZE_1_1.1_2
GEN_56_FIT_0.8596932054270037_0.8596932484590812_0.8596936357477798_SIZE_1_1.1_2
GEN_57_FIT_0.8596932054270037_0.8596932484590812_0.8596936357477798_SIZE_1_1.1_2
GEN_58_FIT_0.8596932054270037_0.8596932484590812_0.8596936357477798_SIZE_1_1.1_2
GEN_59_FIT_0.8596932054270037_0.8596932484590812_0.8596936357477798_SIZE_1_1.1_2
GEN_60_FIT_0.8596932054270037_0.8596932484590812_0.8596936357477798_SIZE_1_1.1_2
Evaluating in sample:
[GEN_60|make_tuple(180, 0.002484843614834923)|0.8597]
[GEN_60|make_tuple(add(180, 0.2048131546969336), 0.002484843614834923)|0.8597]
Evaluating out-of-sample:
[GEN_60|make_tuple(180, 0.002484843614834923)|0.9999]
[GEN_60|make_tuple(add(180, 0.2048131546969336), 0.002484843614834923)|0.9999]
GEN_61_FIT_0.8596932054270037_0.8596932484590812_0.8596936357477798_SIZE_1_1.1_2
GEN_62_FIT_0.8596932054270037_0.8596932484590812_0.8596936357477798_SIZE_1_1.1_2
GEN_63_FIT_0.8596932054270037_0.8596932484590812_0.8596936357477798_SIZE_1_1.1_2
GEN_64_FIT_0.8596932054270037_0.8596932484590812_0.8596936357477798_SIZE_1_1.1_2
GEN_65_FIT_0.8596932054270037_0.8596932484590812_0.8596936357477798_SIZE_1_1.1_2
GEN_66_FIT_0.8596932054270037_0.8596932484590812_0.8596936357477798_SIZE_1_1.1_2
Evaluating in sample:
[GEN_66|make_tuple(180, 0.002484843614834923)|0.8597]
[GEN_66|make_tuple(add(180, 0.2048131546969336), 0.002484843614834923)|0.8597]
Evaluating out-of-sample:
[GEN_66|make_tuple(180, 0.002484843614834923)|0.9999]
[GEN_66|make_tuple(add(180, 0.2048131546969336), 0.002484843614834923)|0.9999]
Stopped early in iteration 66, no improvement in 20 gens.
START_TASK: 2073
GEN_0_FIT_0.7562330122211951_0.8047809752747057_0.8596588958172733_SIZE_1_1.75_5
GEN_1_FIT_0.8392206560363055_0.8496679115890771_0.8597567232723244_SIZE_1_1.15_2
GEN_2_FIT_0.8588730908171063_0.8595123744233325_0.8598742099882449_SIZE_1_1.15_2
GEN_3_FIT_0.8597257123547248_0.8598475707414648_0.8600581191245452_SIZE_1_1.1_2
GEN_4_FIT_0.8598742099882449_0.859979971166247_0.8601749165542286_SIZE_1_1.05_2
GEN_5_FIT_0.8600581191245452_0.8601018220415536_0.8601916130181918_SIZE_1_1.05_2
GEN_6_FIT_0.8601394206490045_0.8601945394238598_0.8603028732390661_SIZE_1_1.2_2
GEN_7_FIT_0.8601916130181918_0.8602495930669045_0.8603287717160282_SIZE_1_1.15_2
GEN_8_FIT_0.8602216680001213_0.8603009034487672_0.8603738890999508_SIZE_1_1.2_2
GEN_9_FIT_0.8603028732390661_0.8603330134642191_0.8603738890999508_SIZE_1_1.2_2
GEN_10_FIT_0.8603289735731298_0.8603623190914493_0.8603763574294591_SIZE_1_1.4_3
GEN_11_FIT_0.8603738890999508_0.8603741359329016_0.8603763574294591_SIZE_1_1.1_2
GEN_12_FIT_0.8603738890999508_0.8603743827658524_0.8603763574294591_SIZE_1_1.1_2
GEN_13_FIT_0.8603738890999508_0.8603751760002298_0.8603774121399571_SIZE_1_1.1_2
GEN_14_FIT_0.8603763574294591_0.8603764101649839_0.8603774121399571_SIZE_1_1.0_1
GEN_15_FIT_0.8603763574294591_0.8603765156360337_0.8603774121399571_SIZE_1_1.0_1
GEN_16_FIT_0.8603763574294591_0.860376884784708_0.8603774121399571_SIZE_1_1.1_2
GEN_17_FIT_0.8603774121399571_0.8603774121399571_0.8603774121399571_SIZE_1_1.0_1
GEN_18_FIT_0.8603774121399571_0.8603774121399571_0.8603774121399571_SIZE_1_1.0_1
GEN_19_FIT_0.8603774121399571_0.8603774121399571_0.8603774121399571_SIZE_1_1.0_1
GEN_20_FIT_0.8603774121399571_0.8603774121399571_0.8603774121399571_SIZE_1_1.0_1
Evaluating in sample:
[GEN_20|make_tuple(556, 0.00195089366418165)|0.8604]
Evaluating out-of-sample:
[GEN_20|make_tuple(556, 0.00195089366418165)|0.9461]
GEN_21_FIT_0.8603774121399571_0.8603774121399571_0.8603774121399571_SIZE_1_1.0_1
GEN_22_FIT_0.8603774121399571_0.8603774121399571_0.8603774121399571_SIZE_1_1.0_1
GEN_23_FIT_0.8603774121399571_0.8603774121399571_0.8603774121399571_SIZE_1_1.0_1
GEN_24_FIT_0.8603774121399571_0.8603774121399571_0.8603774121399571_SIZE_1_1.0_1
GEN_25_FIT_0.8603774121399571_0.8603774121399571_0.8603774121399571_SIZE_1_1.0_1
GEN_26_FIT_0.8603774121399571_0.8603774121399571_0.8603774121399571_SIZE_1_1.0_1
GEN_27_FIT_0.8603774121399571_0.8603774121399571_0.8603774121399571_SIZE_1_1.0_1
GEN_28_FIT_0.8603774121399571_0.8603774121399571_0.8603774121399571_SIZE_1_1.0_1
GEN_29_FIT_0.8603774121399571_0.8603784014882214_0.8603971991052409_SIZE_1_1.0_1
GEN_30_FIT_0.8603774121399571_0.8603793908364855_0.8603971991052409_SIZE_1_1.05_2
GEN_31_FIT_0.8603774121399571_0.8603813695330139_0.8603971991052409_SIZE_1_1.05_2
GEN_32_FIT_0.8603774121399571_0.8603892843191275_0.8603971991052409_SIZE_1_1.1_2
GEN_33_FIT_0.8603971991052409_0.8603971991052409_0.8603971991052409_SIZE_1_1.0_1
GEN_34_FIT_0.8603971991052409_0.8603971991052409_0.8603971991052409_SIZE_1_1.0_1
GEN_35_FIT_0.8603971991052409_0.8603971991052409_0.8603971991052409_SIZE_1_1.0_1
GEN_36_FIT_0.8603971991052409_0.8603971991052409_0.8603971991052409_SIZE_1_1.0_1
GEN_37_FIT_0.8603971991052409_0.8603971991052409_0.8603971991052409_SIZE_1_1.0_1
GEN_38_FIT_0.8603971991052409_0.8603971991052409_0.8603971991052409_SIZE_1_1.0_1
GEN_39_FIT_0.8603971991052409_0.8603971991052409_0.8603971991052409_SIZE_1_1.0_1
GEN_40_FIT_0.8603971991052409_0.8603971991052409_0.8603971991052409_SIZE_1_1.0_1
Evaluating in sample:
[GEN_40|make_tuple(556, 0.001936712061567283)|0.8604]
Evaluating out-of-sample:
[GEN_40|make_tuple(556, 0.001936712061567283)|0.9457]
GEN_41_FIT_0.8603971991052409_0.8603971991052409_0.8603971991052409_SIZE_1_1.0_1
GEN_42_FIT_0.8603971991052409_0.8603971991052409_0.8603971991052409_SIZE_1_1.0_1
GEN_43_FIT_0.8603971991052409_0.8603971991052409_0.8603971991052409_SIZE_1_1.0_1
GEN_44_FIT_0.8603971991052409_0.8603971991052409_0.8603971991052409_SIZE_1_1.0_1
GEN_45_FIT_0.8603971991052409_0.8603971991052409_0.8603971991052409_SIZE_1_1.0_1
GEN_46_FIT_0.8603971991052409_0.8603971991052409_0.8603971991052409_SIZE_1_1.0_1
GEN_47_FIT_0.8603971991052409_0.8603971991052409_0.8603971991052409_SIZE_1_1.0_1
GEN_48_FIT_0.8603971991052409_0.8603971991052409_0.8603971991052409_SIZE_1_1.0_1
GEN_49_FIT_0.8603971991052409_0.8603971991052409_0.8603971991052409_SIZE_1_1.0_1
GEN_50_FIT_0.8603971991052409_0.8603971991052409_0.8603971991052409_SIZE_1_1.0_1
Evaluating in sample:
[GEN_50|make_tuple(556, 0.001936712061567283)|0.8604]
Evaluating out-of-sample:
[GEN_50|make_tuple(556, 0.001936712061567283)|0.9457]
Stopped early in iteration 50, no improvement in 20 gens.
START_TASK: 2074
GEN_0_FIT_0.7947746622914_0.8409975215009242_0.8580834542479043_SIZE_1_2.85_7
GEN_1_FIT_0.8491695082929626_0.8549301804162214_0.8595278084119115_SIZE_1_2.05_7
GEN_2_FIT_0.8562039663027875_0.8588781026354472_0.8599117641658405_SIZE_1_1.7_4
GEN_3_FIT_0.8591895037016657_0.8595890745075698_0.8599151985887863_SIZE_1_1.5_2
GEN_4_FIT_0.859632051060742_0.8597548351273969_0.8599151985887863_SIZE_1_1.5_2
GEN_5_FIT_0.8597553525725061_0.8598932088288249_0.8599151985887863_SIZE_1_1.35_2
GEN_6_FIT_0.8599151985887863_0.8599163461320002_0.859938149453062_SIZE_1_1.05_2
GEN_7_FIT_0.8599151985887863_0.8599255294946007_0.8600289936071724_SIZE_1_1.1_2
GEN_8_FIT_0.8599151985887863_0.8599585754647816_0.8600501664109429_SIZE_1_1.2_2
GEN_9_FIT_0.8599621199581321_0.8600072105644024_0.86005827529243_SIZE_1_1.15_2
GEN_10_FIT_0.8600289936071724_0.8600541612394498_0.8601270739297148_SIZE_1_1.2_2
GEN_11_FIT_0.8600501664109429_0.8600724527483289_0.8601270739297148_SIZE_1_1.2_2
GEN_12_FIT_0.86005827529243_0.8601161774961701_0.8604850765854393_SIZE_1_1.25_2
GEN_13_FIT_0.8600941484292614_0.8601985877828546_0.8609078697032854_SIZE_1_1.35_2
GEN_14_FIT_0.8601270739297148_0.8603586807151803_0.8609078697032854_SIZE_1_1.15_2
GEN_15_FIT_0.8604850765854393_0.860549215804905_0.8609078697032854_SIZE_1_1.15_2
GEN_16_FIT_0.8604850765854393_0.8606823317759588_0.8609212779077768_SIZE_1_1.4_2
GEN_17_FIT_0.8604850765854393_0.8607288364606818_0.8610183965806951_SIZE_1_1.4_2
GEN_18_FIT_0.8606236546514519_0.8609220591214928_0.8610831437972581_SIZE_1_1.7_2
GEN_19_FIT_0.8609311018171902_0.8610231336964388_0.8610831437972581_SIZE_1_1.8_2
GEN_20_FIT_0.8609311018171902_0.8610598295606338_0.8610831437972581_SIZE_1_1.75_3
Evaluating in sample:
[GEN_20|make_tuple(1084, 0.0010328792512092385)|0.8611]
[GEN_20|make_tuple(1084, sub(0.00240144009541116, 0.0010613436427449434))|0.8611]
Evaluating out-of-sample:
[GEN_20|make_tuple(1084, 0.0010328792512092385)|0.9563]
[GEN_20|make_tuple(1084, sub(0.00240144009541116, 0.0010613436427449434))|0.9578]
GEN_21_FIT_0.8610322612019147_0.8610741621991711_0.8610843327862683_SIZE_1_1.45_2
GEN_22_FIT_0.8610792225603522_0.8610844383916636_0.8611669252736933_SIZE_1_1.15_2
GEN_23_FIT_0.861079622151668_0.8610883524638704_0.8611669252736933_SIZE_1_1.1_2
GEN_24_FIT_0.861079622151668_0.8610883524638704_0.8611669252736933_SIZE_1_1.1_2
GEN_25_FIT_0.861079622151668_0.8610883524638704_0.8611669252736933_SIZE_1_1.1_2
GEN_26_FIT_0.861079622151668_0.8610883524638704_0.8611669252736933_SIZE_1_1.1_2
GEN_27_FIT_0.861079622151668_0.8610883524638704_0.8611669252736933_SIZE_1_1.1_2
GEN_28_FIT_0.861079622151668_0.8610883524638704_0.8611669252736933_SIZE_1_1.1_2
GEN_29_FIT_0.861079622151668_0.8610883524638704_0.8611669252736933_SIZE_1_1.1_2
GEN_30_FIT_0.861079622151668_0.8610883524638704_0.8611669252736933_SIZE_1_1.1_2
GEN_31_FIT_0.861079622151668_0.8610883524638704_0.8611669252736933_SIZE_1_1.1_2
GEN_32_FIT_0.861079622151668_0.8611029432824081_0.8611669252736933_SIZE_1_1.4_3
GEN_33_FIT_0.861079622151668_0.8611317192927483_0.8612268164165461_SIZE_1_1.6_3
GEN_34_FIT_0.8610800690874858_0.8611626415202647_0.8612268164165461_SIZE_1_1.7_2
GEN_35_FIT_0.8611161120063062_0.8611850278477553_0.8612268164165461_SIZE_1_1.8_3
GEN_36_FIT_0.8611653319608572_0.8611991484114861_0.8612268164165461_SIZE_1_1.55_2
GEN_37_FIT_0.8611858453048657_0.861224767860962_0.8612268164165461_SIZE_1_1.95_2
GEN_38_FIT_0.8611858453048657_0.861222719305378_0.8612268164165461_SIZE_1_1.9_2
GEN_39_FIT_0.8611858453048657_0.861222719305378_0.8612268164165461_SIZE_1_1.9_2
GEN_40_FIT_0.8611858453048657_0.861222719305378_0.8612268164165461_SIZE_1_1.9_2
Evaluating in sample:
[GEN_40|make_tuple(1073, 0.001047449038153325)|0.8612]
[GEN_40|make_tuple(1073, sub(0.00240144009541116, 0.0010613436427449434))|0.8612]
Evaluating out-of-sample:
[GEN_40|make_tuple(1073, 0.001047449038153325)|0.9568]
[GEN_40|make_tuple(1073, sub(0.00240144009541116, 0.0010613436427449434))|0.9583]
GEN_41_FIT_0.8611858453048657_0.861222719305378_0.8612268164165461_SIZE_1_1.9_2
GEN_42_FIT_0.8611858453048657_0.8612241337044975_0.8612551043989354_SIZE_1_1.95_3
GEN_43_FIT_0.8611858453048657_0.8612283769018558_0.8612551043989354_SIZE_1_2.1_3
GEN_44_FIT_0.8611858453048657_0.8612341805845242_0.8612551043989354_SIZE_1_2.35_3
GEN_45_FIT_0.8611858453048657_0.8612211090083651_0.8612551043989354_SIZE_1_2.0_3
GEN_46_FIT_0.8611858453048657_0.8611968683254407_0.8612551043989354_SIZE_1_1.3_3
GEN_47_FIT_0.8611858453048657_0.8611968683254407_0.8612551043989354_SIZE_1_1.3_3
GEN_48_FIT_0.8611858453048657_0.8611968683254407_0.8612551043989354_SIZE_1_1.3_3
GEN_49_FIT_0.8611858453048657_0.8611968683254407_0.8612551043989354_SIZE_1_1.3_3
GEN_50_FIT_0.8611858453048657_0.8611968683254407_0.8612551043989354_SIZE_1_1.3_3
GEN_51_FIT_0.8611858453048657_0.8611968683254407_0.8612551043989354_SIZE_1_1.3_3
GEN_52_FIT_0.8611858453048657_0.8611968683254407_0.8612551043989354_SIZE_1_1.3_3
GEN_53_FIT_0.8611858453048657_0.8611968683254407_0.8612551043989354_SIZE_1_1.3_3
GEN_54_FIT_0.8611858453048657_0.8611968683254407_0.8612551043989354_SIZE_1_1.3_3
GEN_55_FIT_0.8611858453048657_0.8611968683254407_0.8612551043989354_SIZE_1_1.3_3
GEN_56_FIT_0.8611858453048657_0.8611968683254407_0.8612551043989354_SIZE_1_1.3_3
GEN_57_FIT_0.8611858453048657_0.8611968683254407_0.8612551043989354_SIZE_1_1.3_3
GEN_58_FIT_0.8611858453048657_0.8611968683254407_0.8612551043989354_SIZE_1_1.3_3
GEN_59_FIT_0.8611858453048657_0.8611968683254407_0.8612551043989354_SIZE_1_1.3_3
GEN_60_FIT_0.8611858453048657_0.8611968683254407_0.8612551043989354_SIZE_1_1.3_3
Evaluating in sample:
[GEN_60|make_tuple(1073, 0.001047449038153325)|0.8612]
[GEN_60|make_tuple(1073, sub(0.00240144009541116, 0.0010613436427449434))|0.8612]
[GEN_60|make_tuple(sub(1073, 0.5736009743266466), sub(0.00240144009541116, 0.0010613436427449434))|0.8613]
Evaluating out-of-sample:
[GEN_60|make_tuple(1073, 0.001047449038153325)|0.9568]
[GEN_60|make_tuple(1073, sub(0.00240144009541116, 0.0010613436427449434))|0.9583]
[GEN_60|make_tuple(sub(1073, 0.5736009743266466), sub(0.00240144009541116, 0.0010613436427449434))|0.9583]
GEN_61_FIT_0.8611858453048657_0.8611968683254407_0.8612551043989354_SIZE_1_1.3_3
GEN_62_FIT_0.8611858453048657_0.8611968683254407_0.8612551043989354_SIZE_1_1.3_3
GEN_63_FIT_0.8611858453048657_0.8611968683254407_0.8612551043989354_SIZE_1_1.3_3
Evaluating in sample:
[GEN_63|make_tuple(1073, 0.001047449038153325)|0.8612]
[GEN_63|make_tuple(1073, sub(0.00240144009541116, 0.0010613436427449434))|0.8612]
[GEN_63|make_tuple(sub(1073, 0.5736009743266466), sub(0.00240144009541116, 0.0010613436427449434))|0.8613]
Evaluating out-of-sample:
[GEN_63|make_tuple(1073, 0.001047449038153325)|0.9568]
[GEN_63|make_tuple(1073, sub(0.00240144009541116, 0.0010613436427449434))|0.9583]
[GEN_63|make_tuple(sub(1073, 0.5736009743266466), sub(0.00240144009541116, 0.0010613436427449434))|0.9583]
Stopped early in iteration 63, no improvement in 20 gens.
START_TASK: 28
GEN_0_FIT_0.7752731404823354_0.8202934735625458_0.8466761897755685_SIZE_1_2.15_7
GEN_1_FIT_0.832092502041898_0.8419486325196773_0.8531817383899523_SIZE_1_2.05_6
GEN_2_FIT_0.8465834195472552_0.8481097009138427_0.8559826552765377_SIZE_1_1.25_3
GEN_3_FIT_0.852010327808407_0.8547931049483548_0.8585023612386903_SIZE_1_1.35_3
GEN_4_FIT_0.8560626630069107_0.8572813599800041_0.8594569154960198_SIZE_1_1.55_3
GEN_5_FIT_0.8578095243878364_0.8586896901026053_0.8594569154960198_SIZE_1_1.5_2
GEN_6_FIT_0.8589289970508999_0.8593161833172678_0.8594569154960198_SIZE_1_1.55_2
GEN_7_FIT_0.8594291319095929_0.8594360778061996_0.8594569154960198_SIZE_1_1.25_2
GEN_8_FIT_0.8594291319095929_0.859437057528698_0.8595876442916932_SIZE_1_1.05_2
GEN_9_FIT_0.8594291319095929_0.8594447704416741_0.8595876442916932_SIZE_1_1.2_2
GEN_10_FIT_0.8594291319095929_0.8595134887336006_0.8597253217707798_SIZE_1_1.4_3
GEN_11_FIT_0.8594753597761368_0.8596144580784427_0.8598343228697186_SIZE_1_1.7_3
GEN_12_FIT_0.8595216472755437_0.8597863401552998_0.8598343228697186_SIZE_1_2.45_4
GEN_13_FIT_0.8597235719098608_0.8598232275880227_0.8598343228697186_SIZE_1_2.7_3
GEN_14_FIT_0.859834121012617_0.8598343026840085_0.8598343228697186_SIZE_1_2.8_3
GEN_15_FIT_0.859834121012617_0.8598343026840085_0.8598343228697186_SIZE_1_2.8_3
GEN_16_FIT_0.8595216472755437_0.8597570523741837_0.8598530983582985_SIZE_1_2.1_3
GEN_17_FIT_0.859834121012617_0.8598379467603188_0.8598530983582985_SIZE_1_1.7_3
GEN_18_FIT_0.859834121012617_0.8598551630070752_0.8598944337995612_SIZE_1_2.1_3
GEN_19_FIT_0.8598528965011969_0.8598632547902877_0.8598961836604802_SIZE_1_1.4_3
GEN_20_FIT_0.8598528965011969_0.8598820984500385_0.8598961836604802_SIZE_1_1.7_3
Evaluating in sample:
[GEN_20|make_tuple(555, 0.0019513886808035692)|0.8599]
[GEN_20|make_tuple(sub(557, pow(4, 0.07177330117742824)), 0.0019513886808035692)|0.8599]
Evaluating out-of-sample:
[GEN_20|make_tuple(555, 0.0019513886808035692)|0.9966]
[GEN_20|make_tuple(sub(557, pow(4, 0.07177330117742824)), 0.0019513886808035692)|0.9966]
GEN_21_FIT_0.8598944337995612_0.8598946087856529_0.8598961836604802_SIZE_1_1.2_3
GEN_22_FIT_0.8598944337995612_0.8598946087856529_0.8598961836604802_SIZE_1_1.2_3
GEN_23_FIT_0.8598944337995612_0.8598946087856529_0.8598961836604802_SIZE_1_1.2_3
GEN_24_FIT_0.8598944337995612_0.8598946087856529_0.8598961836604802_SIZE_1_1.2_3
GEN_25_FIT_0.8598944337995612_0.8598952314258786_0.8598961836604802_SIZE_1_2.0_4
GEN_26_FIT_0.8598946375776412_0.8598960290521964_0.8598961836604802_SIZE_1_2.7_3
GEN_27_FIT_0.8598946375776412_0.8598960494300043_0.8598963874385601_SIZE_1_2.6_3
GEN_28_FIT_0.8598946375776412_0.8598960536370944_0.8598963874385601_SIZE_1_2.25_4
GEN_29_FIT_0.8598946375776412_0.8598961207523322_0.8598963874385601_SIZE_1_1.35_3
GEN_30_FIT_0.8598961836604802_0.8598963466829442_0.8598963874385601_SIZE_1_1.1_2
GEN_31_FIT_0.8598963874385601_0.8598963874385601_0.8598963874385601_SIZE_1_1.0_1
GEN_32_FIT_0.8598963874385601_0.8598963874385601_0.8598963874385601_SIZE_1_1.0_1
GEN_33_FIT_0.8598963874385601_0.8598963874385601_0.8598963874385601_SIZE_1_1.0_1
GEN_34_FIT_0.8598963874385601_0.8598963874385601_0.8598963874385601_SIZE_1_1.0_1
GEN_35_FIT_0.8598963874385601_0.8598963874385601_0.8598963874385601_SIZE_1_1.0_1
GEN_36_FIT_0.8598963874385601_0.8598963874385601_0.8598963874385601_SIZE_1_1.0_1
GEN_37_FIT_0.8598963874385601_0.8598963874385601_0.8598963874385601_SIZE_1_1.0_1
GEN_38_FIT_0.8598963874385601_0.8598966728792556_0.8599020962524684_SIZE_1_1.0_1
GEN_39_FIT_0.8598963874385601_0.859896958319951_0.8599020962524684_SIZE_1_1.0_1
GEN_40_FIT_0.8598963874385601_0.8598975292013418_0.8599020962524684_SIZE_1_1.0_1
Evaluating in sample:
[GEN_40|make_tuple(556, 0.0019369426469815773)|0.8599]
Evaluating out-of-sample:
[GEN_40|make_tuple(556, 0.0019369426469815773)|0.9965]
GEN_41_FIT_0.8598963874385601_0.8599000981676005_0.8599020962524684_SIZE_1_1.1_2
GEN_42_FIT_0.8599020962524684_0.8599020962524685_0.8599020962524684_SIZE_1_1.0_1
GEN_43_FIT_0.8599020962524684_0.8599020962524685_0.8599020962524684_SIZE_1_1.0_1
GEN_44_FIT_0.8599020962524684_0.8599020962524685_0.8599020962524684_SIZE_1_1.0_1
GEN_45_FIT_0.8599020962524684_0.8599020962524685_0.8599020962524684_SIZE_1_1.0_1
GEN_46_FIT_0.8599020962524684_0.8599020962524685_0.8599020962524684_SIZE_1_1.0_1
GEN_47_FIT_0.8599020962524684_0.8599020962524685_0.8599020962524684_SIZE_1_1.0_1
GEN_48_FIT_0.8599020962524684_0.8599020962524685_0.8599020962524684_SIZE_1_1.0_1
GEN_49_FIT_0.8599020962524684_0.8599020962524685_0.8599020962524684_SIZE_1_1.0_1
GEN_50_FIT_0.8599020962524684_0.8599020962524685_0.8599020962524684_SIZE_1_1.0_1
GEN_51_FIT_0.8599020962524684_0.8599020962524685_0.8599020962524684_SIZE_1_1.0_1
GEN_52_FIT_0.8599020962524684_0.8599020962524685_0.8599020962524684_SIZE_1_1.0_1
GEN_53_FIT_0.8599020962524684_0.8599020962524685_0.8599020962524684_SIZE_1_1.0_1
GEN_54_FIT_0.8599020962524684_0.8599020962524685_0.8599020962524684_SIZE_1_1.0_1
GEN_55_FIT_0.8599020962524684_0.8599020962524685_0.8599020962524684_SIZE_1_1.0_1
GEN_56_FIT_0.8599020962524684_0.8599020962524685_0.8599020962524684_SIZE_1_1.0_1
GEN_57_FIT_0.8599020962524684_0.8599020962524685_0.8599020962524684_SIZE_1_1.0_1
GEN_58_FIT_0.8599020962524684_0.8599020962524685_0.8599020962524684_SIZE_1_1.0_1
GEN_59_FIT_0.8599020962524684_0.8599020962524685_0.8599020962524684_SIZE_1_1.0_1
Evaluating in sample:
[GEN_59|make_tuple(556, 0.0019369426469815773)|0.8599]
Evaluating out-of-sample:
[GEN_59|make_tuple(556, 0.0019369426469815773)|0.9965]
Stopped early in iteration 59, no improvement in 20 gens.
START_TASK: 29
GEN_0_FIT_0.6846330780334815_0.7765787751780148_0.8571773631667503_SIZE_1_1.9_6
GEN_1_FIT_0.8116717623312335_0.8478530044983372_0.8581818851587816_SIZE_1_1.9_3
GEN_2_FIT_0.8570850749362103_0.8575908102624995_0.8585764773968562_SIZE_1_1.5_3
GEN_3_FIT_0.8574366878293325_0.8582582317160483_0.8588933436822274_SIZE_1_1.4_2
GEN_4_FIT_0.8585764773968562_0.858829242263561_0.8595768738165722_SIZE_1_1.45_3
GEN_5_FIT_0.8589299807813958_0.8592928892878293_0.8599335472607553_SIZE_1_2.1_3
GEN_6_FIT_0.8591444420612018_0.8595777454245928_0.8599335472607553_SIZE_1_2.1_3
GEN_7_FIT_0.859557840342402_0.8597055349652898_0.8599555481661706_SIZE_1_2.15_3
GEN_8_FIT_0.859732916397132_0.8598777810197635_0.8599559784869465_SIZE_1_2.15_3
GEN_9_FIT_0.8597925109438489_0.8599320602193803_0.8599559784869465_SIZE_1_1.35_3
GEN_10_FIT_0.8599442717267419_0.8599552210206258_0.8599559784869465_SIZE_1_2.15_3
GEN_11_FIT_0.8599555481661706_0.859955935454869_0.8599559784869465_SIZE_1_1.9_2
GEN_12_FIT_0.8599555481661706_0.859955935454869_0.8599559784869465_SIZE_1_1.9_2
GEN_13_FIT_0.8599442717267419_0.8599556785884863_0.8599634085610474_SIZE_1_1.75_2
GEN_14_FIT_0.8599555481661706_0.8599572278253399_0.8599634085610474_SIZE_1_1.45_2
GEN_15_FIT_0.8599555481661706_0.8599614277485633_0.8599731062845072_SIZE_1_1.4_2
GEN_16_FIT_0.8599629782402715_0.8599641704968299_0.8599731062845072_SIZE_1_1.05_2
GEN_17_FIT_0.8599629782402715_0.8599654461941235_0.8599731062845072_SIZE_1_1.1_2
GEN_18_FIT_0.8599629782402715_0.8599713844680972_0.8599735366052831_SIZE_1_1.15_2
GEN_19_FIT_0.8599731062845072_0.8599731493165846_0.8599735366052831_SIZE_1_1.1_2
GEN_20_FIT_0.8599731062845072_0.8599731493165846_0.8599735366052831_SIZE_1_1.1_2
Evaluating in sample:
[GEN_20|make_tuple(180, 0.0024851857404937193)|0.8600]
[GEN_20|make_tuple(mul(495, 0.3644524327140414), 0.0024851857404937193)|0.8600]
Evaluating out-of-sample:
[GEN_20|make_tuple(180, 0.0024851857404937193)|0.9701]
[GEN_20|make_tuple(mul(495, 0.3644524327140414), 0.0024851857404937193)|0.9701]
GEN_21_FIT_0.8599731062845072_0.8599731493165846_0.8599735366052831_SIZE_1_1.1_2
GEN_22_FIT_0.8599731062845072_0.8599731493165846_0.8599735366052831_SIZE_1_1.1_2
GEN_23_FIT_0.8599731062845072_0.8599731493165846_0.8599735366052831_SIZE_1_1.1_2
GEN_24_FIT_0.8599731062845072_0.8599731493165846_0.8599735366052831_SIZE_1_1.1_2
GEN_25_FIT_0.8599731062845072_0.8599731493165846_0.8599735366052831_SIZE_1_1.1_2
GEN_26_FIT_0.8599731062845072_0.8599731493165846_0.8599735366052831_SIZE_1_1.1_2
GEN_27_FIT_0.8599731062845072_0.8599731493165846_0.8599735366052831_SIZE_1_1.1_2
GEN_28_FIT_0.8599731062845072_0.8599731493165846_0.8599735366052831_SIZE_1_1.1_2
GEN_29_FIT_0.8599731062845072_0.8599731493165846_0.8599735366052831_SIZE_1_1.1_2
GEN_30_FIT_0.8599731062845072_0.8599731493165846_0.8599735366052831_SIZE_1_1.1_2
GEN_31_FIT_0.8599731062845072_0.8599731493165846_0.8599735366052831_SIZE_1_1.1_2
GEN_32_FIT_0.8599731062845072_0.8599731493165846_0.8599735366052831_SIZE_1_1.1_2
GEN_33_FIT_0.8599731062845072_0.8599731493165846_0.8599735366052831_SIZE_1_1.1_2
GEN_34_FIT_0.8599731062845072_0.8599731493165846_0.8599735366052831_SIZE_1_1.1_2
GEN_35_FIT_0.8599731062845072_0.8599731493165846_0.8599735366052831_SIZE_1_1.1_2
GEN_36_FIT_0.8599731062845072_0.8599731493165846_0.8599735366052831_SIZE_1_1.1_2
GEN_37_FIT_0.8599731062845072_0.8599731493165846_0.8599735366052831_SIZE_1_1.1_2
GEN_38_FIT_0.8599731062845072_0.8599731493165846_0.8599735366052831_SIZE_1_1.1_2
GEN_39_FIT_0.8599731062845072_0.8599731493165846_0.8599735366052831_SIZE_1_1.1_2
Evaluating in sample:
[GEN_39|make_tuple(180, 0.0024851857404937193)|0.8600]
[GEN_39|make_tuple(mul(495, 0.3644524327140414), 0.0024851857404937193)|0.8600]
Evaluating out-of-sample:
[GEN_39|make_tuple(180, 0.0024851857404937193)|0.9701]
[GEN_39|make_tuple(mul(495, 0.3644524327140414), 0.0024851857404937193)|0.9701]
Stopped early in iteration 39, no improvement in 20 gens.
START_TASK: 2079
GEN_0_FIT_0.8012119339457768_0.828404713654351_0.8573383030564065_SIZE_1_2.95_7
GEN_1_FIT_0.8462521110884651_0.8527082050429969_0.8586739554031555_SIZE_1_2.6_8
GEN_2_FIT_0.8552296335521495_0.8571403988403203_0.8586739554031555_SIZE_1_2.7_8
GEN_3_FIT_0.8578753605153078_0.8582378250609171_0.8588828411113748_SIZE_1_2.8_9
GEN_4_FIT_0.8582651643945122_0.8587086830105006_0.8592600416141977_SIZE_1_3.75_9
GEN_5_FIT_0.858486236811519_0.8588071162432845_0.8592600416141977_SIZE_1_3.15_9
GEN_6_FIT_0.8585768021972622_0.8590539664039201_0.8594376627192366_SIZE_1_4.85_9
GEN_7_FIT_0.8585768021972622_0.8590842957863785_0.8594376627192366_SIZE_1_2.75_9
GEN_8_FIT_0.8587372871131234_0.8592773919355295_0.8595920004981735_SIZE_1_2.5_4
GEN_9_FIT_0.8591237518237226_0.8594728290709192_0.8596131638061587_SIZE_1_2.65_4
GEN_10_FIT_0.859436254266008_0.8596373553639886_0.8597695017359762_SIZE_1_2.0_4
GEN_11_FIT_0.8596218337876477_0.8597356691560769_0.8597803773521545_SIZE_1_2.2_4
GEN_12_FIT_0.8597101967960286_0.8597645208458005_0.859903885207225_SIZE_1_2.1_4
GEN_13_FIT_0.8597271368730617_0.8597694756109864_0.859903885207225_SIZE_1_1.8_4
GEN_14_FIT_0.8597731491412122_0.8597905456781787_0.859903885207225_SIZE_1_1.7_3
GEN_15_FIT_0.8597731491412122_0.8598023008358961_0.859903885207225_SIZE_1_1.8_3
GEN_16_FIT_0.8597731491412122_0.8598122644771691_0.859903885207225_SIZE_1_1.55_4
GEN_17_FIT_0.8597767549292742_0.859838713619238_0.8600427008065635_SIZE_1_1.25_3
GEN_18_FIT_0.8597767549292742_0.8599049912381294_0.8600427008065635_SIZE_1_1.25_2
GEN_19_FIT_0.859903885207225_0.859964061821745_0.8600520392595445_SIZE_1_1.1_2
GEN_20_FIT_0.8600039083753701_0.8600366740942063_0.8600951622954284_SIZE_1_1.05_2
Evaluating in sample:
[GEN_20|make_tuple(556, 0.0018935332328066678)|0.8601]
Evaluating out-of-sample:
[GEN_20|make_tuple(556, 0.0018935332328066678)|0.9625]
GEN_21_FIT_0.8600427008065635_0.8600665744434192_0.8601868817791216_SIZE_1_1.05_2
GEN_22_FIT_0.8600520392595445_0.8601046079143941_0.8601868817791216_SIZE_1_1.05_2
GEN_23_FIT_0.8600951622954284_0.8601318398960347_0.8601868817791216_SIZE_1_1.0_1
GEN_24_FIT_0.860108201459247_0.8601828531135844_0.8601868817791216_SIZE_1_1.15_2
GEN_25_FIT_0.8601868817791216_0.8601868817791216_0.8601868817791216_SIZE_1_1.0_1
GEN_26_FIT_0.8601868817791216_0.860187042622352_0.8601900986437302_SIZE_1_1.0_1
GEN_27_FIT_0.8601868817791216_0.8601872034655825_0.8601900986437302_SIZE_1_1.0_1
GEN_28_FIT_0.8601868817791216_0.8601872034655825_0.8601900986437302_SIZE_1_1.0_1
GEN_29_FIT_0.8601868817791216_0.8601875251520432_0.8601900986437302_SIZE_1_1.0_1
GEN_30_FIT_0.8601868817791216_0.8601888481806365_0.8601908242987266_SIZE_1_1.05_2
GEN_31_FIT_0.8601900986437302_0.8601902074919797_0.8601908242987266_SIZE_1_1.0_1
GEN_32_FIT_0.8601900986437302_0.8601904614712284_0.8601908242987266_SIZE_1_1.1_2
GEN_33_FIT_0.8601908242987266_0.8601911348884712_0.8601970360936184_SIZE_1_1.0_1
GEN_34_FIT_0.8601908242987266_0.8601917560679604_0.8601970360936184_SIZE_1_1.0_1
GEN_35_FIT_0.8601908242987266_0.8601923772474496_0.8601970360936184_SIZE_1_1.0_1
GEN_36_FIT_0.8601908242987266_0.8601964149141292_0.8601970360936184_SIZE_1_1.05_2
GEN_37_FIT_0.8601970360936184_0.8601970360936185_0.8601970360936184_SIZE_1_1.0_1
GEN_38_FIT_0.8601970360936184_0.8601970360936185_0.8601970360936184_SIZE_1_1.0_1
GEN_39_FIT_0.8601970360936184_0.8601970360936185_0.8601970360936184_SIZE_1_1.0_1
GEN_40_FIT_0.8601970360936184_0.8601970360936185_0.8601970360936184_SIZE_1_1.0_1
Evaluating in sample:
[GEN_40|make_tuple(556, 0.0019374204332946881)|0.8602]
Evaluating out-of-sample:
[GEN_40|make_tuple(556, 0.0019374204332946881)|0.9656]
GEN_41_FIT_0.8601970360936184_0.8601970360936185_0.8601970360936184_SIZE_1_1.0_1
GEN_42_FIT_0.8601970360936184_0.8601970360936185_0.8601970360936184_SIZE_1_1.0_1
GEN_43_FIT_0.8601970360936184_0.8601970360936185_0.8601970360936184_SIZE_1_1.0_1
GEN_44_FIT_0.8601970360936184_0.8601970360936185_0.8601970360936184_SIZE_1_1.0_1
GEN_45_FIT_0.8601970360936184_0.8601970360936185_0.8601970360936184_SIZE_1_1.0_1
GEN_46_FIT_0.8601970360936184_0.8601970360936185_0.8601970360936184_SIZE_1_1.0_1
GEN_47_FIT_0.8601970360936184_0.8601970360936185_0.8601970360936184_SIZE_1_1.0_1
GEN_48_FIT_0.8601970360936184_0.8601990693610946_0.8602377014431404_SIZE_1_1.0_1
GEN_49_FIT_0.8601970360936184_0.8602011026285707_0.8602377014431404_SIZE_1_1.0_1
GEN_50_FIT_0.8601970360936184_0.8602092356984752_0.8602377014431404_SIZE_1_1.0_1
GEN_51_FIT_0.8601970360936184_0.8602295683732362_0.8602377014431404_SIZE_1_1.0_1
GEN_52_FIT_0.8602377014431404_0.8602377014431403_0.8602377014431404_SIZE_1_1.0_1
GEN_53_FIT_0.8602377014431404_0.8602377014431403_0.8602377014431404_SIZE_1_1.0_1
GEN_54_FIT_0.8602377014431404_0.8602377014431403_0.8602377014431404_SIZE_1_1.0_1
GEN_55_FIT_0.8602377014431404_0.8602377014431403_0.8602377014431404_SIZE_1_1.0_1
GEN_56_FIT_0.8602377014431404_0.8602377014431403_0.8602377014431404_SIZE_1_1.0_1
GEN_57_FIT_0.8602377014431404_0.8602377014431403_0.8602377014431404_SIZE_1_1.0_1
GEN_58_FIT_0.8602377014431404_0.8602377014431403_0.8602377014431404_SIZE_1_1.0_1
GEN_59_FIT_0.8602377014431404_0.8602377014431403_0.8602377014431404_SIZE_1_1.0_1
GEN_60_FIT_0.8602377014431404_0.8602377014431403_0.8602377014431404_SIZE_1_1.0_1
Evaluating in sample:
[GEN_60|make_tuple(556, 0.0019377672289973892)|0.8602]
Evaluating out-of-sample:
[GEN_60|make_tuple(556, 0.0019377672289973892)|0.9656]
GEN_61_FIT_0.8602377014431404_0.8602377014431403_0.8602377014431404_SIZE_1_1.0_1
GEN_62_FIT_0.8602377014431404_0.8602377014431403_0.8602377014431404_SIZE_1_1.0_1
GEN_63_FIT_0.8602377014431404_0.8602377014431403_0.8602377014431404_SIZE_1_1.0_1
GEN_64_FIT_0.8602377014431404_0.8602377014431403_0.8602377014431404_SIZE_1_1.0_1
GEN_65_FIT_0.8602377014431404_0.8602377014431403_0.8602377014431404_SIZE_1_1.0_1
GEN_66_FIT_0.8602377014431404_0.8602377014431403_0.8602377014431404_SIZE_1_1.0_1
GEN_67_FIT_0.8602377014431404_0.8602377014431403_0.8602377014431404_SIZE_1_1.0_1
GEN_68_FIT_0.8602377014431404_0.8602377014431403_0.8602377014431404_SIZE_1_1.0_1
GEN_69_FIT_0.8602377014431404_0.8602377014431403_0.8602377014431404_SIZE_1_1.0_1
Evaluating in sample:
[GEN_69|make_tuple(556, 0.0019377672289973892)|0.8602]
Evaluating out-of-sample:
[GEN_69|make_tuple(556, 0.0019377672289973892)|0.9656]
Stopped early in iteration 69, no improvement in 20 gens.
START_TASK: 32
GEN_0_FIT_0.6933007246943348_0.8027130986754669_0.8588055479016304_SIZE_1_1.65_3
GEN_1_FIT_0.8455001877016495_0.8508421992743364_0.8588055479016304_SIZE_1_1.65_4
GEN_2_FIT_0.8513820003635065_0.856482135293807_0.8592024153445765_SIZE_1_1.45_4
GEN_3_FIT_0.8575769832763265_0.8584770754898609_0.859378463378322_SIZE_1_1.25_3
GEN_4_FIT_0.8591438559148296_0.8593370551370614_0.8601643024755482_SIZE_1_1.15_2
GEN_5_FIT_0.859378463378322_0.8598015405173633_0.8601643024755482_SIZE_1_1.15_2
GEN_6_FIT_0.8600570319802467_0.8601756092163889_0.8604951838115266_SIZE_1_1.05_2
GEN_7_FIT_0.8601643024755482_0.8602820304461947_0.8604951838115266_SIZE_1_1.1_2
GEN_8_FIT_0.8602870794389749_0.8604293258516369_0.8606702704112561_SIZE_1_1.1_2
GEN_9_FIT_0.8604951838115266_0.8605250439987044_0.8606702704112561_SIZE_1_1.0_1
GEN_10_FIT_0.8604951838115266_0.8605941199055381_0.8606813087897557_SIZE_1_1.1_2
GEN_11_FIT_0.8605993121382156_0.8606751397820492_0.8607393129871584_SIZE_1_1.1_2
GEN_12_FIT_0.8606702704112561_0.8607020899342469_0.8607572067806262_SIZE_1_1.1_3
GEN_13_FIT_0.8607088835892576_0.8607420886637863_0.8608420516084853_SIZE_1_1.25_3
GEN_14_FIT_0.8607393129871584_0.8607670783039989_0.8608420516084853_SIZE_1_1.2_3
GEN_15_FIT_0.8607572067806262_0.8607838059132684_0.8608686669307924_SIZE_1_1.4_3
GEN_16_FIT_0.8607572067806262_0.8608087842421686_0.8609169446413422_SIZE_1_1.4_3
GEN_17_FIT_0.8607986765072341_0.8608327759930383_0.8609169446413422_SIZE_1_1.2_2
GEN_18_FIT_0.8608420516084853_0.8608843390927499_0.8609700278935595_SIZE_1_1.15_2
GEN_19_FIT_0.8608992885989185_0.8609200890084645_0.8609700278935595_SIZE_1_1.05_2
GEN_20_FIT_0.8609169446413422_0.8609622347562047_0.8609700278935595_SIZE_1_1.05_2
Evaluating in sample:
[GEN_20|make_tuple(1104, 0.0013399050380590958)|0.8610]
Evaluating out-of-sample:
[GEN_20|make_tuple(1104, 0.0013399050380590958)|0.9957]
GEN_21_FIT_0.8609700278935595_0.8609700278935595_0.8609700278935595_SIZE_1_1.0_1
GEN_22_FIT_0.8609700278935595_0.8609730880528254_0.8610312310788791_SIZE_1_1.05_2
GEN_23_FIT_0.8609700278935595_0.8609761482120912_0.8610312310788791_SIZE_1_1.1_2
GEN_24_FIT_0.8609700278935595_0.8609733268238304_0.8610360064989809_SIZE_1_1.05_2
GEN_25_FIT_0.8609700278935595_0.8609766257541015_0.8610360064989809_SIZE_1_1.1_2
GEN_26_FIT_0.8609700278935595_0.8609766257541015_0.8610360064989809_SIZE_1_1.1_2
GEN_27_FIT_0.8609700278935595_0.8609766257541015_0.8610360064989809_SIZE_1_1.1_2
GEN_28_FIT_0.8609700278935595_0.8609766257541015_0.8610360064989809_SIZE_1_1.1_2
GEN_29_FIT_0.8609700278935595_0.8609766257541015_0.8610360064989809_SIZE_1_1.1_2
GEN_30_FIT_0.8609700278935595_0.8609766257541015_0.8610360064989809_SIZE_1_1.1_2
GEN_31_FIT_0.8609700278935595_0.8609766257541015_0.8610360064989809_SIZE_1_1.1_2
GEN_32_FIT_0.8609700278935595_0.8609766257541015_0.8610360064989809_SIZE_1_1.1_2
GEN_33_FIT_0.8609700278935595_0.8609766257541015_0.8610360064989809_SIZE_1_1.1_2
GEN_34_FIT_0.8609700278935595_0.8609766257541015_0.8610360064989809_SIZE_1_1.1_2
GEN_35_FIT_0.8609700278935595_0.8609766257541015_0.8610360064989809_SIZE_1_1.1_2
GEN_36_FIT_0.8609700278935595_0.8609766257541015_0.8610360064989809_SIZE_1_1.1_2
GEN_37_FIT_0.8609700278935595_0.8609766257541015_0.8610360064989809_SIZE_1_1.1_2
GEN_38_FIT_0.8609700278935595_0.8609766257541015_0.8610360064989809_SIZE_1_1.1_2
GEN_39_FIT_0.8609700278935595_0.8609766257541015_0.8610360064989809_SIZE_1_1.1_2
GEN_40_FIT_0.8609700278935595_0.8609865468817365_0.8610360064989809_SIZE_1_1.3_3
Evaluating in sample:
[GEN_40|make_tuple(1104, 0.0013408484926282463)|0.8610]
[GEN_40|make_tuple(sub(1104, 0.7978112131417888), 0.0013399050380590958)|0.8610]
Evaluating out-of-sample:
[GEN_40|make_tuple(1104, 0.0013408484926282463)|0.9957]
[GEN_40|make_tuple(sub(1104, 0.7978112131417888), 0.0013399050380590958)|0.9957]
GEN_41_FIT_0.8609700278935595_0.8609832966251083_0.8610364932354131_SIZE_1_1.2_2
GEN_42_FIT_0.8609700278935595_0.8610066568420439_0.8610364932354131_SIZE_1_1.55_2
GEN_43_FIT_0.8609705146299916_0.8609771124905337_0.8610364932354131_SIZE_1_1.1_2
GEN_44_FIT_0.8609705146299916_0.8609771124905337_0.8610364932354131_SIZE_1_1.1_2
GEN_45_FIT_0.8609705146299916_0.8609771124905337_0.8610364932354131_SIZE_1_1.1_2
GEN_46_FIT_0.8609705146299916_0.8609771124905337_0.8610364932354131_SIZE_1_1.1_2
GEN_47_FIT_0.8609705146299916_0.8609771124905337_0.8610364932354131_SIZE_1_1.1_2
GEN_48_FIT_0.8609705146299916_0.8609771124905337_0.8610364932354131_SIZE_1_1.1_2
GEN_49_FIT_0.8609705146299916_0.8609771124905337_0.8610364932354131_SIZE_1_1.1_2
GEN_50_FIT_0.8609705146299916_0.8609804114208048_0.8610364932354131_SIZE_1_1.1_2
GEN_51_FIT_0.8609705146299916_0.860987009281347_0.8610364932354131_SIZE_1_1.1_2
GEN_52_FIT_0.8609705146299916_0.8610170948920638_0.8610364932354131_SIZE_1_1.25_2
GEN_53_FIT_0.8610364932354131_0.8610364932354132_0.8610364932354131_SIZE_1_1.0_1
GEN_54_FIT_0.8610364932354131_0.8610364932354132_0.8610364932354131_SIZE_1_1.0_1
GEN_55_FIT_0.8610364932354131_0.8610364932354132_0.8610364932354131_SIZE_1_1.0_1
GEN_56_FIT_0.8610364932354131_0.8610364932354132_0.8610364932354131_SIZE_1_1.0_1
GEN_57_FIT_0.8610364932354131_0.8610364932354132_0.8610364932354131_SIZE_1_1.0_1
GEN_58_FIT_0.8610364932354131_0.8610364932354132_0.8610364932354131_SIZE_1_1.0_1
GEN_59_FIT_0.8610364932354131_0.8610364932354132_0.8610364932354131_SIZE_1_1.0_1
GEN_60_FIT_0.8610364932354131_0.8610364932354132_0.8610364932354131_SIZE_1_1.0_1
Evaluating in sample:
[GEN_60|make_tuple(1103, 0.0013408484926282463)|0.8610]
Evaluating out-of-sample:
[GEN_60|make_tuple(1103, 0.0013408484926282463)|0.9957]
GEN_61_FIT_0.8610364932354131_0.8610364932354132_0.8610364932354131_SIZE_1_1.0_1
GEN_62_FIT_0.8610364932354131_0.8610364932354132_0.8610364932354131_SIZE_1_1.0_1
GEN_63_FIT_0.8610364932354131_0.8610364932354132_0.8610364932354131_SIZE_1_1.0_1
GEN_64_FIT_0.8610364932354131_0.8610364932354132_0.8610364932354131_SIZE_1_1.0_1
GEN_65_FIT_0.8610364932354131_0.8610364932354132_0.8610364932354131_SIZE_1_1.0_1
GEN_66_FIT_0.8610364932354131_0.8610364932354132_0.8610364932354131_SIZE_1_1.0_1
GEN_67_FIT_0.8610364932354131_0.8610364932354132_0.8610364932354131_SIZE_1_1.0_1
GEN_68_FIT_0.8610364932354131_0.8610364932354132_0.8610364932354131_SIZE_1_1.0_1
GEN_69_FIT_0.8610364932354131_0.8610364932354132_0.8610364932354131_SIZE_1_1.0_1
GEN_70_FIT_0.8610364932354131_0.8610364932354132_0.8610364932354131_SIZE_1_1.0_1
GEN_71_FIT_0.8610364932354131_0.8610364932354132_0.8610364932354131_SIZE_1_1.0_1
Evaluating in sample:
[GEN_71|make_tuple(1103, 0.0013408484926282463)|0.8610]
Evaluating out-of-sample:
[GEN_71|make_tuple(1103, 0.0013408484926282463)|0.9957]
Stopped early in iteration 71, no improvement in 20 gens.
START_TASK: 31
