Starting problem: mlr_knn
param:age_regularization:100000.0
param:algorithm:mupluslambda
param:constants_only:True
param:cxpb:0.25
param:early_stop_n:20
param:lambda_:100
param:max_number_operators:None
param:max_start_size:2
param:mu:20
param:ngen:300
param:optimize_constants:False
param:output_file:/home/gijsbers/symbolicdefaults/runs/mlr_knn_True_17.log
param:problem:mlr_knn
param:subset:1.0
param:task:None
param:warm_start:False
Benchmark problems: mlr_knn
Loading surrogates from file.
START_TASK: 3
GEN_0_FIT_0.6789079375340751_0.7012656371314275_0.7418388245951251_SIZE_1_2.2_5
GEN_1_FIT_0.7373666377609639_0.745320609461958_0.7633053230876328_SIZE_1_1.5_3
GEN_2_FIT_0.7537759405482484_0.7607791117216517_0.770510667177116_SIZE_1_1.65_3
GEN_3_FIT_0.7632113537175077_0.7682576816169744_0.770510667177116_SIZE_1_1.55_4
GEN_4_FIT_0.770510667177116_0.7706178697306953_0.7714058026411834_SIZE_1_1.3_4
GEN_5_FIT_0.7705796903869255_0.7708512070748159_0.7714058026411834_SIZE_1_1.3_2
GEN_6_FIT_0.771180267582917_0.7713681754472661_0.7715107597239341_SIZE_1_1.55_3
GEN_7_FIT_0.7714058026411834_0.7714402113094032_0.7715107597239341_SIZE_1_1.3_3
GEN_8_FIT_0.771461845243409_0.7715058682758817_0.7715107597239341_SIZE_1_1.6_2
GEN_9_FIT_0.7715107597239341_0.771511896062309_0.7715334864914297_SIZE_1_1.1_3
GEN_10_FIT_0.7715107597239341_0.7715188152420192_0.7716491433181382_SIZE_1_1.05_2
GEN_11_FIT_0.7715107597239341_0.7715304852622896_0.7716491433181382_SIZE_1_1.25_2
GEN_12_FIT_0.7715165743546494_0.7715527799272129_0.7716491433181382_SIZE_1_1.65_3
GEN_13_FIT_0.771533019573613_0.7715803607474037_0.7716541911876528_SIZE_1_1.35_3
GEN_14_FIT_0.7715911645350138_0.771646122604025_0.7716899535366439_SIZE_1_1.3_3
GEN_15_FIT_0.7716491433181382_0.7716619738700927_0.7718548483996946_SIZE_1_1.15_2
GEN_16_FIT_0.7716491433181382_0.7717002481165113_0.7718548483996946_SIZE_1_1.2_2
GEN_17_FIT_0.7716899535366439_0.7717969692578805_0.7718548483996946_SIZE_1_1.35_3
GEN_18_FIT_0.7718400552442776_0.7718543877506423_0.7718798282200062_SIZE_1_1.7_2
GEN_19_FIT_0.7718400552442776_0.7718571160571998_0.7718798282200062_SIZE_1_1.75_2
GEN_20_FIT_0.7718400552442776_0.7718583388289508_0.7718875431319134_SIZE_1_1.15_3
Evaluating in sample:
[GEN_20|make_tuple(9, 29, 199, 308)|0.7719]
[GEN_20|make_tuple(9, 29, add(200, max(0.7018624374713475, 0.015483422436705073)), 308)|0.7719]
Evaluating out-of-sample:
[GEN_20|make_tuple(9, 29, 199, 308)|0.8884]
[GEN_20|make_tuple(9, 29, add(200, max(0.7018624374713475, 0.015483422436705073)), 308)|0.8884]
GEN_21_FIT_0.7718400552442776_0.771878996808006_0.7718875431319134_SIZE_1_1.35_3
GEN_22_FIT_0.7718798282200062_0.7718802139656017_0.7718875431319134_SIZE_1_1.05_2
GEN_23_FIT_0.7718798282200062_0.771881338028025_0.7718945945565675_SIZE_1_1.1_2
GEN_24_FIT_0.7718798282200062_0.7718820763448531_0.7718945945565675_SIZE_1_1.1_2
GEN_25_FIT_0.7718798282200062_0.7718828146616812_0.7718945945565675_SIZE_1_1.1_2
GEN_26_FIT_0.7718798282200062_0.7718896299949016_0.7718986676791765_SIZE_1_1.05_2
GEN_27_FIT_0.7718945945565675_0.7718952320210478_0.7718991976009573_SIZE_1_1.1_2
GEN_28_FIT_0.7718945945565675_0.7718969672544476_0.7718991976009573_SIZE_1_1.35_2
GEN_29_FIT_0.7718986676791765_0.7718989326400669_0.7718991976009573_SIZE_1_1.5_2
GEN_30_FIT_0.7718986676791765_0.7718989606621788_0.7719045273392244_SIZE_1_1.05_2
GEN_31_FIT_0.7718986676791765_0.7718992536451813_0.7719045273392244_SIZE_1_1.1_2
GEN_32_FIT_0.7718986676791765_0.7718992536451813_0.7719045273392244_SIZE_1_1.1_2
GEN_33_FIT_0.7718986676791765_0.7718992536451813_0.7719045273392244_SIZE_1_1.1_2
GEN_34_FIT_0.7718986676791765_0.7718992536451813_0.7719045273392244_SIZE_1_1.1_2
GEN_35_FIT_0.7718986676791765_0.7718992536451813_0.7719045273392244_SIZE_1_1.1_2
GEN_36_FIT_0.7718986676791765_0.7718992536451813_0.7719045273392244_SIZE_1_1.1_2
GEN_37_FIT_0.7718986676791765_0.7718992536451813_0.7719045273392244_SIZE_1_1.1_2
GEN_38_FIT_0.7718986676791765_0.7718992536451813_0.7719045273392244_SIZE_1_1.1_2
GEN_39_FIT_0.7718986676791765_0.7718992536451813_0.7719045273392244_SIZE_1_1.1_2
GEN_40_FIT_0.7718986676791765_0.7718992536451813_0.7719045273392244_SIZE_1_1.1_2
Evaluating in sample:
[GEN_40|make_tuple(9, 29, 199, 310)|0.7719]
[GEN_40|make_tuple(9, 29, 199, add(310, 1))|0.7719]
Evaluating out-of-sample:
[GEN_40|make_tuple(9, 29, 199, 310)|0.8884]
[GEN_40|make_tuple(9, 29, 199, add(310, 1))|0.8884]
GEN_41_FIT_0.7718986676791765_0.7718992536451813_0.7719045273392244_SIZE_1_1.1_2
GEN_42_FIT_0.7718986676791765_0.7718992536451813_0.7719045273392244_SIZE_1_1.1_2
GEN_43_FIT_0.7718986676791765_0.7718995466281837_0.7719045273392244_SIZE_1_1.1_2
GEN_44_FIT_0.7718986676791765_0.7719001325941884_0.7719045273392244_SIZE_1_1.1_2
GEN_45_FIT_0.7718986676791765_0.7719010115431957_0.7719045273392244_SIZE_1_1.1_2
GEN_46_FIT_0.7718986676791765_0.7719024764582076_0.7719045273392244_SIZE_1_1.1_2
GEN_47_FIT_0.7719045273392244_0.7719045273392243_0.7719045273392244_SIZE_1_1.0_1
GEN_48_FIT_0.7719045273392244_0.7719045273392243_0.7719045273392244_SIZE_1_1.0_1
GEN_49_FIT_0.7719045273392244_0.7719045273392243_0.7719045273392244_SIZE_1_1.0_1
GEN_50_FIT_0.7719045273392244_0.7719045273392243_0.7719045273392244_SIZE_1_1.0_1
GEN_51_FIT_0.7719045273392244_0.7719045273392243_0.7719045273392244_SIZE_1_1.0_1
GEN_52_FIT_0.7719045273392244_0.7719045273392243_0.7719045273392244_SIZE_1_1.0_1
GEN_53_FIT_0.7719045273392244_0.7719045273392243_0.7719045273392244_SIZE_1_1.0_1
GEN_54_FIT_0.7719045273392244_0.7719045273392243_0.7719045273392244_SIZE_1_1.0_1
GEN_55_FIT_0.7719045273392244_0.7719045273392243_0.7719045273392244_SIZE_1_1.0_1
GEN_56_FIT_0.7719045273392244_0.7719045273392243_0.7719045273392244_SIZE_1_1.0_1
GEN_57_FIT_0.7719045273392244_0.7719045273392243_0.7719045273392244_SIZE_1_1.0_1
GEN_58_FIT_0.7719045273392244_0.7719045273392243_0.7719045273392244_SIZE_1_1.0_1
GEN_59_FIT_0.7719045273392244_0.7719045273392243_0.7719045273392244_SIZE_1_1.0_1
GEN_60_FIT_0.7719045273392244_0.7719045273392243_0.7719045273392244_SIZE_1_1.0_1
Evaluating in sample:
[GEN_60|make_tuple(9, 29, 199, 311)|0.7719]
Evaluating out-of-sample:
[GEN_60|make_tuple(9, 29, 199, 311)|0.8884]
GEN_61_FIT_0.7719045273392244_0.7719045273392243_0.7719045273392244_SIZE_1_1.0_1
GEN_62_FIT_0.7719045273392244_0.7719049130848197_0.7719122422511318_SIZE_1_1.05_2
GEN_63_FIT_0.7719045273392244_0.7719052988304151_0.7719122422511318_SIZE_1_1.1_2
GEN_64_FIT_0.7719045273392244_0.7719052988304151_0.7719122422511318_SIZE_1_1.1_2
GEN_65_FIT_0.7719045273392244_0.7719052988304151_0.7719122422511318_SIZE_1_1.1_2
GEN_66_FIT_0.7719045273392244_0.7719052988304151_0.7719122422511318_SIZE_1_1.1_2
GEN_67_FIT_0.7719045273392244_0.7719052988304151_0.7719122422511318_SIZE_1_1.1_2
GEN_68_FIT_0.7719045273392244_0.7719052988304151_0.7719122422511318_SIZE_1_1.1_2
GEN_69_FIT_0.7719045273392244_0.7719052988304151_0.7719122422511318_SIZE_1_1.1_2
GEN_70_FIT_0.7719045273392244_0.7719052988304151_0.7719122422511318_SIZE_1_1.1_2
GEN_71_FIT_0.7719045273392244_0.7719052988304151_0.7719122422511318_SIZE_1_1.1_2
GEN_72_FIT_0.7719045273392244_0.7719052988304151_0.7719122422511318_SIZE_1_1.1_2
GEN_73_FIT_0.7719045273392244_0.7719052988304151_0.7719122422511318_SIZE_1_1.1_2
GEN_74_FIT_0.7719045273392244_0.7719052988304151_0.7719122422511318_SIZE_1_1.1_2
GEN_75_FIT_0.7719045273392244_0.7719052988304151_0.7719122422511318_SIZE_1_1.1_2
GEN_76_FIT_0.7719045273392244_0.7719052988304151_0.7719122422511318_SIZE_1_1.1_2
GEN_77_FIT_0.7719045273392244_0.7719056845760105_0.7719122422511318_SIZE_1_1.1_2
GEN_78_FIT_0.7719045273392244_0.7719064560672012_0.7719122422511318_SIZE_1_1.1_2
GEN_79_FIT_0.7719045273392244_0.771908384795178_0.7719122422511318_SIZE_1_1.1_2
GEN_80_FIT_0.7719122422511318_0.7719122422511318_0.7719122422511318_SIZE_1_1.0_1
Evaluating in sample:
[GEN_80|make_tuple(9, 29, 201, 311)|0.7719]
Evaluating out-of-sample:
[GEN_80|make_tuple(9, 29, 201, 311)|0.8884]
GEN_81_FIT_0.7719122422511318_0.7719122422511318_0.7719122422511318_SIZE_1_1.0_1
GEN_82_FIT_0.7719122422511318_0.7719122422511318_0.7719122422511318_SIZE_1_1.0_1
GEN_83_FIT_0.7719122422511318_0.7719122422511318_0.7719122422511318_SIZE_1_1.0_1
GEN_84_FIT_0.7719122422511318_0.7719122422511318_0.7719122422511318_SIZE_1_1.0_1
GEN_85_FIT_0.7719122422511318_0.7719122422511318_0.7719122422511318_SIZE_1_1.0_1
GEN_86_FIT_0.7719122422511318_0.7719122422511318_0.7719122422511318_SIZE_1_1.0_1
GEN_87_FIT_0.7719122422511318_0.7719122422511318_0.7719122422511318_SIZE_1_1.0_1
GEN_88_FIT_0.7719122422511318_0.7719122422511318_0.7719122422511318_SIZE_1_1.0_1
GEN_89_FIT_0.7719122422511318_0.7719122422511318_0.7719122422511318_SIZE_1_1.0_1
GEN_90_FIT_0.7719122422511318_0.7719122422511318_0.7719122422511318_SIZE_1_1.0_1
GEN_91_FIT_0.7719122422511318_0.7719122422511318_0.7719122422511318_SIZE_1_1.0_1
GEN_92_FIT_0.7719122422511318_0.7719122422511318_0.7719122422511318_SIZE_1_1.0_1
GEN_93_FIT_0.7719122422511318_0.7719122422511318_0.7719122422511318_SIZE_1_1.0_1
GEN_94_FIT_0.7719122422511318_0.7719122422511318_0.7719122422511318_SIZE_1_1.0_1
GEN_95_FIT_0.7719122422511318_0.7719122422511318_0.7719122422511318_SIZE_1_1.0_1
GEN_96_FIT_0.7719122422511318_0.7719122422511318_0.7719122422511318_SIZE_1_1.0_1
GEN_97_FIT_0.7719122422511318_0.7719122422511318_0.7719122422511318_SIZE_1_1.0_1
GEN_98_FIT_0.7719122422511318_0.7719122422511318_0.7719122422511318_SIZE_1_1.0_1
Evaluating in sample:
[GEN_98|make_tuple(9, 29, 201, 311)|0.7719]
Evaluating out-of-sample:
[GEN_98|make_tuple(9, 29, 201, 311)|0.8884]
Stopped early in iteration 98, no improvement in 20 gens.
START_TASK: 6
GEN_0_FIT_0.6739082914701996_0.7051757048935989_0.7690887810810756_SIZE_1_2.15_15
GEN_1_FIT_0.7257625587789772_0.7449000634729785_0.7690887810810756_SIZE_1_1.35_4
GEN_2_FIT_0.7557984771250872_0.7647425809126377_0.7697883113372471_SIZE_1_1.2_2
GEN_3_FIT_0.7691444345477374_0.7695540809732571_0.7698929553565982_SIZE_1_1.25_2
GEN_4_FIT_0.7696424856722451_0.7698309497588969_0.7699358797745981_SIZE_1_1.25_2
GEN_5_FIT_0.7699196202366568_0.7701132909668362_0.7711734296662144_SIZE_1_1.15_2
GEN_6_FIT_0.7703810651905388_0.7706102588300174_0.7711734296662144_SIZE_1_1.15_2
GEN_7_FIT_0.7706387245849242_0.7709328776897737_0.7712050381281209_SIZE_1_1.4_2
GEN_8_FIT_0.7711734296662144_0.7712404736887548_0.7718562101693278_SIZE_1_1.2_2
GEN_9_FIT_0.7712050381281209_0.7714273076926755_0.7719876511396603_SIZE_1_1.5_3
GEN_10_FIT_0.7713817997988401_0.7717358485083279_0.7722265402442222_SIZE_1_1.45_2
GEN_11_FIT_0.7716802540019327_0.7719658531912061_0.7722265402442222_SIZE_1_1.65_2
GEN_12_FIT_0.7718463997619398_0.7720783266770118_0.7723256919702679_SIZE_1_1.6_2
GEN_13_FIT_0.772014665843702_0.772216723350633_0.7723256919702679_SIZE_1_1.75_2
GEN_14_FIT_0.7722966989088956_0.7723210530467347_0.7723256919702679_SIZE_1_1.95_3
GEN_15_FIT_0.7723018890366484_0.7723244143459109_0.7723477453503649_SIZE_1_1.9_3
GEN_16_FIT_0.7723018890366484_0.7723267318123027_0.7723737908516284_SIZE_1_1.9_3
GEN_17_FIT_0.7723018890366484_0.772331167139028_0.7723737908516284_SIZE_1_1.8_3
GEN_18_FIT_0.7723018890366484_0.7723389314879949_0.7723737908516284_SIZE_1_1.3_2
GEN_19_FIT_0.7723256919702679_0.772335662441271_0.7724289036276103_SIZE_1_1.1_2
GEN_20_FIT_0.7723256919702679_0.7723408230241382_0.7724289036276103_SIZE_1_1.1_2
Evaluating in sample:
[GEN_20|make_tuple(9, 26, 199, 364)|0.7724]
Evaluating out-of-sample:
[GEN_20|make_tuple(9, 26, 199, 364)|0.8254]
GEN_21_FIT_0.7723256919702679_0.7723762491052525_0.7724289036276103_SIZE_1_1.35_2
GEN_22_FIT_0.7723487167000032_0.7724248942812298_0.7724289036276103_SIZE_1_1.05_2
GEN_23_FIT_0.7724289036276103_0.7724289036276102_0.7724289036276103_SIZE_1_1.0_1
GEN_24_FIT_0.7724289036276103_0.7724300062966151_0.7724509570077073_SIZE_1_1.05_2
GEN_25_FIT_0.7724289036276103_0.7724300062966151_0.7724509570077073_SIZE_1_1.05_2
GEN_26_FIT_0.7724289036276103_0.77243110896562_0.7724509570077073_SIZE_1_1.1_2
GEN_27_FIT_0.7724289036276103_0.77243110896562_0.7724509570077073_SIZE_1_1.1_2
GEN_28_FIT_0.7724289036276103_0.77243110896562_0.7724509570077073_SIZE_1_1.1_2
GEN_29_FIT_0.7724289036276103_0.77243110896562_0.7724509570077073_SIZE_1_1.1_2
GEN_30_FIT_0.7724289036276103_0.77243110896562_0.7724509570077073_SIZE_1_1.1_2
GEN_31_FIT_0.7724289036276103_0.77243110896562_0.7724509570077073_SIZE_1_1.1_2
GEN_32_FIT_0.7724289036276103_0.77243110896562_0.7724509570077073_SIZE_1_1.1_2
GEN_33_FIT_0.7724289036276103_0.77243110896562_0.7724509570077073_SIZE_1_1.1_2
GEN_34_FIT_0.7724289036276103_0.77243110896562_0.7724509570077073_SIZE_1_1.1_2
GEN_35_FIT_0.7724289036276103_0.77243110896562_0.7724509570077073_SIZE_1_1.1_2
GEN_36_FIT_0.7724289036276103_0.77243110896562_0.7724509570077073_SIZE_1_1.1_2
GEN_37_FIT_0.7724289036276103_0.77243110896562_0.7724509570077073_SIZE_1_1.1_2
GEN_38_FIT_0.7724289036276103_0.77243110896562_0.7724509570077073_SIZE_1_1.1_2
GEN_39_FIT_0.7724289036276103_0.77243110896562_0.7724509570077073_SIZE_1_1.1_2
GEN_40_FIT_0.7724289036276103_0.77243110896562_0.7724509570077073_SIZE_1_1.1_2
Evaluating in sample:
[GEN_40|make_tuple(9, 26, 199, 364)|0.7724]
[GEN_40|make_tuple(9, 26, 199, add(364, 0.02941630895994079))|0.7725]
Evaluating out-of-sample:
[GEN_40|make_tuple(9, 26, 199, 364)|0.8254]
[GEN_40|make_tuple(9, 26, 199, add(364, 0.02941630895994079))|0.8254]
GEN_41_FIT_0.7724289036276103_0.77243110896562_0.7724509570077073_SIZE_1_1.1_2
GEN_42_FIT_0.7724289036276103_0.77243110896562_0.7724509570077073_SIZE_1_1.1_2
GEN_43_FIT_0.7724289036276103_0.77243110896562_0.7724509570077073_SIZE_1_1.1_2
GEN_44_FIT_0.7724289036276103_0.77243110896562_0.7724509570077073_SIZE_1_1.1_2
GEN_45_FIT_0.7724289036276103_0.77243110896562_0.7724509570077073_SIZE_1_1.1_2
Evaluating in sample:
[GEN_45|make_tuple(9, 26, 199, 364)|0.7724]
[GEN_45|make_tuple(9, 26, 199, add(364, 0.02941630895994079))|0.7725]
Evaluating out-of-sample:
[GEN_45|make_tuple(9, 26, 199, 364)|0.8254]
[GEN_45|make_tuple(9, 26, 199, add(364, 0.02941630895994079))|0.8254]
Stopped early in iteration 45, no improvement in 20 gens.
START_TASK: 11
GEN_0_FIT_0.6633505160465982_0.6918605232976464_0.725774656405516_SIZE_1_2.0_12
GEN_1_FIT_0.7095895141005658_0.7220986852938713_0.726596837111945_SIZE_1_1.75_12
GEN_2_FIT_0.725774656405516_0.7356740352221144_0.7695372933052005_SIZE_1_1.6_4
GEN_3_FIT_0.7544990690056982_0.760287074970039_0.7695372933052005_SIZE_1_1.65_5
GEN_4_FIT_0.7587547603633803_0.7671112492217491_0.769764462007457_SIZE_1_1.45_2
GEN_5_FIT_0.7688649685438366_0.7695904758221894_0.7704592243964505_SIZE_1_1.55_3
GEN_6_FIT_0.769764462007457_0.7699481416266297_0.7704592243964505_SIZE_1_1.05_2
GEN_7_FIT_0.769764462007457_0.7702696310392075_0.7704592243964505_SIZE_1_1.2_2
GEN_8_FIT_0.7704592243964505_0.7705717336878151_0.771046637223258_SIZE_1_1.0_1
GEN_9_FIT_0.7704765588616674_0.7707995110243319_0.7710501074396031_SIZE_1_1.1_2
GEN_10_FIT_0.7710364783366908_0.7710516497073373_0.7711472181756778_SIZE_1_1.05_2
GEN_11_FIT_0.7710501074396031_0.7710743728552929_0.7711472181756778_SIZE_1_1.05_2
GEN_12_FIT_0.771075987446573_0.7711283126461865_0.7711888332252673_SIZE_1_1.05_2
GEN_13_FIT_0.7711472181756778_0.7711693555201817_0.7712012215317998_SIZE_1_1.0_1
GEN_14_FIT_0.7711888332252673_0.7711920870496781_0.7712167447938887_SIZE_1_1.0_1
GEN_15_FIT_0.7711888332252673_0.771217797877538_0.7715573735439343_SIZE_1_1.0_1
GEN_16_FIT_0.7712012215317998_0.7712770955950472_0.7715573735439343_SIZE_1_1.05_2
GEN_17_FIT_0.7712167447938887_0.7714163610541004_0.7716028417395733_SIZE_1_1.0_1
GEN_18_FIT_0.7715573735439343_0.7715776584668645_0.7716303124268037_SIZE_1_1.0_1
GEN_19_FIT_0.7715623825713729_0.7716047629602466_0.7716912883885936_SIZE_1_1.0_1
GEN_20_FIT_0.7716028417395733_0.77163662755632_0.7716912883885936_SIZE_1_1.0_1
Evaluating in sample:
[GEN_20|make_tuple(9, 29, 201, 313)|0.7717]
Evaluating out-of-sample:
[GEN_20|make_tuple(9, 29, 201, 313)|0.9004]
GEN_21_FIT_0.7716303124268037_0.7716789694444258_0.7716912883885936_SIZE_1_1.15_2
GEN_22_FIT_0.7716912883885936_0.7717285929773275_0.7718083625426104_SIZE_1_1.15_2
GEN_23_FIT_0.7717608746549744_0.7718059881482288_0.7718083625426104_SIZE_1_1.25_2
GEN_24_FIT_0.7718083625426104_0.7718083625426105_0.7718083625426104_SIZE_1_1.0_1
GEN_25_FIT_0.7718083625426104_0.7718083625426105_0.7718083625426104_SIZE_1_1.0_1
GEN_26_FIT_0.7718083625426104_0.7718083625426105_0.7718083625426104_SIZE_1_1.0_1
GEN_27_FIT_0.7718083625426104_0.7718083625426105_0.7718083625426104_SIZE_1_1.0_1
GEN_28_FIT_0.7718083625426104_0.7718083625426105_0.7718083625426104_SIZE_1_1.0_1
GEN_29_FIT_0.7718083625426104_0.7718083625426105_0.7718083625426104_SIZE_1_1.0_1
GEN_30_FIT_0.7718083625426104_0.7718083625426105_0.7718083625426104_SIZE_1_1.0_1
GEN_31_FIT_0.7718083625426104_0.7718083625426105_0.7718083625426104_SIZE_1_1.0_1
GEN_32_FIT_0.7718083625426104_0.7718083625426105_0.7718083625426104_SIZE_1_1.0_1
GEN_33_FIT_0.7718083625426104_0.7718083625426105_0.7718083625426104_SIZE_1_1.0_1
GEN_34_FIT_0.7718083625426104_0.7718083625426105_0.7718083625426104_SIZE_1_1.0_1
GEN_35_FIT_0.7718083625426104_0.7718083625426105_0.7718083625426104_SIZE_1_1.0_1
GEN_36_FIT_0.7718083625426104_0.7718083625426105_0.7718083625426104_SIZE_1_1.0_1
GEN_37_FIT_0.7718083625426104_0.7718083625426105_0.7718083625426104_SIZE_1_1.0_1
GEN_38_FIT_0.7718083625426104_0.7718083625426105_0.7718083625426104_SIZE_1_1.0_1
GEN_39_FIT_0.7718083625426104_0.7718083625426105_0.7718083625426104_SIZE_1_1.0_1
GEN_40_FIT_0.7718083625426104_0.7718083625426105_0.7718083625426104_SIZE_1_1.0_1
Evaluating in sample:
[GEN_40|make_tuple(9, 29, 201, 311)|0.7718]
Evaluating out-of-sample:
[GEN_40|make_tuple(9, 29, 201, 311)|0.9003]
GEN_41_FIT_0.7718083625426104_0.7718083625426105_0.7718083625426104_SIZE_1_1.0_1
GEN_42_FIT_0.7718083625426104_0.7718083625426105_0.7718083625426104_SIZE_1_1.0_1
GEN_43_FIT_0.7718083625426104_0.7718083625426105_0.7718083625426104_SIZE_1_1.0_1
Evaluating in sample:
[GEN_43|make_tuple(9, 29, 201, 311)|0.7718]
Evaluating out-of-sample:
[GEN_43|make_tuple(9, 29, 201, 311)|0.9003]
Stopped early in iteration 43, no improvement in 20 gens.
START_TASK: 12
GEN_0_FIT_0.6615646788720243_0.7067057307304906_0.7456949708919525_SIZE_1_3.9_12
GEN_1_FIT_0.7189620769099307_0.7323405030431591_0.7483134663987481_SIZE_1_3.15_9
GEN_2_FIT_0.7456949708919525_0.7487561251437367_0.765948546415327_SIZE_1_3.15_7
GEN_3_FIT_0.752620494377989_0.7557425719084755_0.765948546415327_SIZE_1_3.35_8
GEN_4_FIT_0.7568267869792741_0.762010501028857_0.7700140858399313_SIZE_1_1.4_8
GEN_5_FIT_0.765948546415327_0.7681351316878282_0.7701555954408827_SIZE_1_1.8_8
GEN_6_FIT_0.7700140858399313_0.7701033427925026_0.770980753973279_SIZE_1_1.05_2
GEN_7_FIT_0.7700358245784723_0.7704584593440343_0.770980753973279_SIZE_1_1.1_2
GEN_8_FIT_0.7705828349669358_0.7709959581805264_0.7713632895807249_SIZE_1_1.1_2
GEN_9_FIT_0.7711512065050571_0.7713351661542718_0.7714442695902426_SIZE_1_1.05_2
GEN_10_FIT_0.7713632895807249_0.7713849245709937_0.7714442695902426_SIZE_1_1.0_1
GEN_11_FIT_0.7714442695902426_0.7714857075670079_0.771915441829491_SIZE_1_1.0_1
GEN_12_FIT_0.771477040450366_0.7716061291343522_0.771915441829491_SIZE_1_1.05_2
GEN_13_FIT_0.7716246225897284_0.7718242385340848_0.7720272862464707_SIZE_1_1.05_2
GEN_14_FIT_0.771915441829491_0.7719779053391962_0.7722162557662345_SIZE_1_1.0_1
GEN_15_FIT_0.7720014984184024_0.7720443099037813_0.7722162557662345_SIZE_1_1.0_1
GEN_16_FIT_0.7720272862464707_0.7720955080821919_0.7722162557662345_SIZE_1_1.0_1
GEN_17_FIT_0.7721033629614884_0.772151248389944_0.7722162557662345_SIZE_1_1.1_2
GEN_18_FIT_0.7722162557662345_0.7722169954240055_0.7722310489216517_SIZE_1_1.05_2
GEN_19_FIT_0.7722162557662345_0.7722177350817765_0.7722310489216517_SIZE_1_1.1_2
GEN_20_FIT_0.7722162557662345_0.7722177350817765_0.7722310489216517_SIZE_1_1.1_2
Evaluating in sample:
[GEN_20|make_tuple(9, 29, 200, 311)|0.7722]
[GEN_20|make_tuple(9, 29, add(0.14706999944258956, 200), 311)|0.7722]
Evaluating out-of-sample:
[GEN_20|make_tuple(9, 29, 200, 311)|0.8479]
[GEN_20|make_tuple(9, 29, add(0.14706999944258956, 200), 311)|0.8479]
GEN_21_FIT_0.7722162557662345_0.7722177350817765_0.7722310489216517_SIZE_1_1.1_2
GEN_22_FIT_0.7722162557662345_0.7722177350817765_0.7722310489216517_SIZE_1_1.1_2
GEN_23_FIT_0.7722162557662345_0.7722201094761582_0.7722637436538705_SIZE_1_1.2_3
GEN_24_FIT_0.7722162557662345_0.7722201094761582_0.7722637436538705_SIZE_1_1.2_3
GEN_25_FIT_0.7722162557662345_0.77222248387054_0.7722637436538705_SIZE_1_1.3_3
GEN_26_FIT_0.7722162557662345_0.77222248387054_0.7722637436538705_SIZE_1_1.3_3
GEN_27_FIT_0.7722162557662345_0.7722363444912355_0.7722637436538705_SIZE_1_1.8_3
GEN_28_FIT_0.7722560287419632_0.7722629721626797_0.7722637436538705_SIZE_1_2.8_3
GEN_29_FIT_0.7722560287419632_0.7722629721626797_0.7722637436538705_SIZE_1_2.8_3
GEN_30_FIT_0.7722560287419632_0.7722629721626797_0.7722637436538705_SIZE_1_2.8_3
GEN_31_FIT_0.7722560287419632_0.7722629721626797_0.7722637436538705_SIZE_1_2.8_3
GEN_32_FIT_0.7722560287419632_0.7722629721626797_0.7722637436538705_SIZE_1_2.8_3
GEN_33_FIT_0.7722560287419632_0.7722629721626797_0.7722637436538705_SIZE_1_2.8_3
GEN_34_FIT_0.7722560287419632_0.7722629721626797_0.7722637436538705_SIZE_1_2.8_3
GEN_35_FIT_0.7722560287419632_0.7722629721626797_0.7722637436538705_SIZE_1_2.8_3
GEN_36_FIT_0.7722560287419632_0.7722629721626797_0.7722637436538705_SIZE_1_2.8_3
GEN_37_FIT_0.7722560287419632_0.7722629721626797_0.7722637436538705_SIZE_1_2.8_3
GEN_38_FIT_0.7722560287419632_0.7722629721626797_0.7722637436538705_SIZE_1_2.8_3
GEN_39_FIT_0.7722560287419632_0.7722629721626797_0.7722637436538705_SIZE_1_2.8_3
GEN_40_FIT_0.7722560287419632_0.7722629721626797_0.7722637436538705_SIZE_1_2.8_3
Evaluating in sample:
[GEN_40|make_tuple(9, 29, 199, 311)|0.7723]
[GEN_40|make_tuple(9, 29, add(expit(0.0860932898447511), 200), 311)|0.7723]
Evaluating out-of-sample:
[GEN_40|make_tuple(9, 29, 199, 311)|0.8479]
[GEN_40|make_tuple(9, 29, add(expit(0.0860932898447511), 200), 311)|0.8479]
GEN_41_FIT_0.7722560287419632_0.7722629721626797_0.7722637436538705_SIZE_1_2.8_3
GEN_42_FIT_0.7722560287419632_0.7722629721626797_0.7722637436538705_SIZE_1_2.8_3
GEN_43_FIT_0.7722560287419632_0.7722629721626797_0.7722637436538705_SIZE_1_2.8_3
GEN_44_FIT_0.7722560287419632_0.7722629721626797_0.7722637436538705_SIZE_1_2.8_3
Evaluating in sample:
[GEN_44|make_tuple(9, 29, 199, 311)|0.7723]
[GEN_44|make_tuple(9, 29, add(expit(0.0860932898447511), 200), 311)|0.7723]
Evaluating out-of-sample:
[GEN_44|make_tuple(9, 29, 199, 311)|0.8479]
[GEN_44|make_tuple(9, 29, add(expit(0.0860932898447511), 200), 311)|0.8479]
Stopped early in iteration 44, no improvement in 20 gens.
START_TASK: 14
GEN_0_FIT_0.6164087637174567_0.6706997499966059_0.7568442899395488_SIZE_1_6.2_15
GEN_1_FIT_0.7104389606257292_0.7422699534367441_0.7568895329651125_SIZE_1_4.65_15
GEN_2_FIT_0.754488479495055_0.7569120865321971_0.7600217356747214_SIZE_1_1.55_7
GEN_3_FIT_0.7568559985984633_0.758132397817993_0.7600217356747214_SIZE_1_2.1_7
GEN_4_FIT_0.7593840581703853_0.7599034237565234_0.7600217356747214_SIZE_1_1.5_4
GEN_5_FIT_0.7600217356747214_0.7601352467218083_0.7608453215129077_SIZE_1_1.05_2
GEN_6_FIT_0.7602254730160751_0.7604746487394475_0.7608586132176102_SIZE_1_1.1_2
GEN_7_FIT_0.7606541548551996_0.7608421557190826_0.7609589450927206_SIZE_1_1.1_2
GEN_8_FIT_0.7608586132176102_0.7609107104289311_0.7609589450927206_SIZE_1_1.15_2
GEN_9_FIT_0.76093530199282_0.7609963882580455_0.7611716584540904_SIZE_1_1.05_2
GEN_10_FIT_0.7610590559551308_0.7611466766653496_0.7611716584540904_SIZE_1_1.25_2
GEN_11_FIT_0.7611716584540904_0.7616840552503024_0.7714156165922451_SIZE_1_1.1_3
GEN_12_FIT_0.7611716584540904_0.7638755146834806_0.7715536132995042_SIZE_1_1.25_3
GEN_13_FIT_0.7675593709008082_0.7706969227584122_0.7717355873826243_SIZE_1_1.15_3
GEN_14_FIT_0.7715536132995042_0.771603826100803_0.7717355873826243_SIZE_1_1.5_3
GEN_15_FIT_0.7715947278550809_0.7717082250466867_0.7718323091640027_SIZE_1_2.4_3
GEN_16_FIT_0.7715947278550809_0.7717165091803524_0.7719133294187008_SIZE_1_1.7_3
GEN_17_FIT_0.7717653816209793_0.7718347728592789_0.7719133294187008_SIZE_1_2.0_3
GEN_18_FIT_0.771853452528426_0.7718804528226879_0.7719133294187008_SIZE_1_1.7_3
GEN_19_FIT_0.7718595186699143_0.7718865500336609_0.7719671581113254_SIZE_1_1.45_4
GEN_20_FIT_0.7719091816633723_0.77192480186119_0.7719924870147127_SIZE_1_1.1_2
Evaluating in sample:
[GEN_20|make_tuple(9, 114, 199, 309)|0.7720]
Evaluating out-of-sample:
[GEN_20|make_tuple(9, 114, 199, 309)|0.8214]
GEN_21_FIT_0.7719091816633723_0.771957045122621_0.7719950696799468_SIZE_1_1.2_3
GEN_22_FIT_0.7719405389246126_0.7719878882780394_0.7719950696799468_SIZE_1_1.2_3
GEN_23_FIT_0.7719924870147127_0.7719931326810211_0.7719950696799468_SIZE_1_1.1_2
GEN_24_FIT_0.7719924870147127_0.7719945531468999_0.7719950696799468_SIZE_1_1.1_2
GEN_25_FIT_0.7719950696799468_0.7719950696799469_0.7719950696799468_SIZE_1_1.0_1
GEN_26_FIT_0.7719950696799468_0.7719950696799469_0.7719950696799468_SIZE_1_1.0_1
GEN_27_FIT_0.7719950696799468_0.7719950696799469_0.7719950696799468_SIZE_1_1.0_1
GEN_28_FIT_0.7719950696799468_0.7719950696799469_0.7719950696799468_SIZE_1_1.0_1
GEN_29_FIT_0.7719950696799468_0.7719950696799469_0.7719950696799468_SIZE_1_1.0_1
GEN_30_FIT_0.7719950696799468_0.7719950696799469_0.7719950696799468_SIZE_1_1.0_1
GEN_31_FIT_0.7719950696799468_0.7719950696799469_0.7719950696799468_SIZE_1_1.0_1
GEN_32_FIT_0.7719950696799468_0.7719950696799469_0.7719950696799468_SIZE_1_1.0_1
GEN_33_FIT_0.7719950696799468_0.7719950696799469_0.7719950696799468_SIZE_1_1.0_1
GEN_34_FIT_0.7719950696799468_0.7719950696799469_0.7719950696799468_SIZE_1_1.0_1
GEN_35_FIT_0.7719950696799468_0.7719950696799469_0.7719950696799468_SIZE_1_1.0_1
GEN_36_FIT_0.7719950696799468_0.7720219740129735_0.772389320147388_SIZE_1_1.0_1
GEN_37_FIT_0.7719950696799468_0.7720610179741604_0.772389320147388_SIZE_1_1.0_1
GEN_38_FIT_0.7719950696799468_0.772189641151596_0.772389320147388_SIZE_1_1.05_2
GEN_39_FIT_0.7722378622431555_0.7723484863109464_0.772389320147388_SIZE_1_1.05_2
GEN_40_FIT_0.772389320147388_0.772389320147388_0.772389320147388_SIZE_1_1.0_1
Evaluating in sample:
[GEN_40|make_tuple(9, 29, 201, 309)|0.7724]
Evaluating out-of-sample:
[GEN_40|make_tuple(9, 29, 201, 309)|0.8324]
GEN_41_FIT_0.772389320147388_0.7723897558666473_0.7723980345325699_SIZE_1_1.05_2
GEN_42_FIT_0.772389320147388_0.7723901915859063_0.7723980345325699_SIZE_1_1.1_2
GEN_43_FIT_0.772389320147388_0.7723901915859063_0.7723980345325699_SIZE_1_1.1_2
GEN_44_FIT_0.772389320147388_0.772391702399814_0.7723980345325699_SIZE_1_1.25_2
GEN_45_FIT_0.772389320147388_0.7723966989677944_0.7723980345325699_SIZE_1_1.95_3
GEN_46_FIT_0.772389320147388_0.7723924886173376_0.7724021076551789_SIZE_1_1.2_2
GEN_47_FIT_0.772393393269997_0.7723947004277744_0.7724021076551789_SIZE_1_1.15_2
GEN_48_FIT_0.772393393269997_0.7723942647085152_0.7724021076551789_SIZE_1_1.1_2
GEN_49_FIT_0.772393393269997_0.7723942647085152_0.7724021076551789_SIZE_1_1.1_2
GEN_50_FIT_0.772393393269997_0.7723942647085152_0.7724021076551789_SIZE_1_1.1_2
GEN_51_FIT_0.772393393269997_0.772396300568554_0.7724021076551789_SIZE_1_1.35_3
GEN_52_FIT_0.772393393269997_0.7724009507441474_0.7724021076551789_SIZE_1_1.85_3
GEN_53_FIT_0.772393393269997_0.7723968940450476_0.7724079673152268_SIZE_1_1.2_2
GEN_54_FIT_0.7723992529300447_0.7724023029648583_0.7724079673152268_SIZE_1_1.35_2
GEN_55_FIT_0.7723992529300447_0.772400124368563_0.7724079673152268_SIZE_1_1.1_2
GEN_56_FIT_0.7723992529300447_0.772400124368563_0.7724079673152268_SIZE_1_1.1_2
GEN_57_FIT_0.7723992529300447_0.772400124368563_0.7724079673152268_SIZE_1_1.1_2
GEN_58_FIT_0.7723992529300447_0.772400124368563_0.7724079673152268_SIZE_1_1.1_2
GEN_59_FIT_0.7723992529300447_0.772400124368563_0.7724079673152268_SIZE_1_1.1_2
GEN_60_FIT_0.7723992529300447_0.772400124368563_0.7724079673152268_SIZE_1_1.1_2
Evaluating in sample:
[GEN_60|make_tuple(9, 29, 201, 311)|0.7724]
[GEN_60|make_tuple(9, add(29, 0.00288656926914272), 201, 311)|0.7724]
Evaluating out-of-sample:
[GEN_60|make_tuple(9, 29, 201, 311)|0.8324]
[GEN_60|make_tuple(9, add(29, 0.00288656926914272), 201, 311)|0.8288]
GEN_61_FIT_0.7723992529300447_0.772400124368563_0.7724079673152268_SIZE_1_1.1_2
GEN_62_FIT_0.7723992529300447_0.772400124368563_0.7724079673152268_SIZE_1_1.1_2
GEN_63_FIT_0.7723992529300447_0.772400124368563_0.7724079673152268_SIZE_1_1.1_2
GEN_64_FIT_0.7723992529300447_0.772400124368563_0.7724079673152268_SIZE_1_1.1_2
GEN_65_FIT_0.7723992529300447_0.772400124368563_0.7724079673152268_SIZE_1_1.1_2
GEN_66_FIT_0.7723992529300447_0.772400124368563_0.7724079673152268_SIZE_1_1.1_2
GEN_67_FIT_0.7723992529300447_0.772400124368563_0.7724079673152268_SIZE_1_1.1_2
GEN_68_FIT_0.7723992529300447_0.772400124368563_0.7724079673152268_SIZE_1_1.1_2
GEN_69_FIT_0.7723992529300447_0.772400124368563_0.7724079673152268_SIZE_1_1.1_2
GEN_70_FIT_0.7723992529300447_0.772400124368563_0.7724079673152268_SIZE_1_1.1_2
GEN_71_FIT_0.7723992529300447_0.772400124368563_0.7724079673152268_SIZE_1_1.1_2
GEN_72_FIT_0.7723992529300447_0.772400124368563_0.7724079673152268_SIZE_1_1.1_2
GEN_73_FIT_0.7723992529300447_0.772400124368563_0.7724079673152268_SIZE_1_1.1_2
GEN_74_FIT_0.7723992529300447_0.772400124368563_0.7724079673152268_SIZE_1_1.1_2
Evaluating in sample:
[GEN_74|make_tuple(9, 29, 201, 311)|0.7724]
[GEN_74|make_tuple(9, add(29, 0.00288656926914272), 201, 311)|0.7724]
Evaluating out-of-sample:
[GEN_74|make_tuple(9, 29, 201, 311)|0.8324]
[GEN_74|make_tuple(9, add(29, 0.00288656926914272), 201, 311)|0.8288]
Stopped early in iteration 74, no improvement in 20 gens.
START_TASK: 15
GEN_0_FIT_0.6800065579105555_0.7104897288156199_0.7502768900546276_SIZE_1_2.1_6
GEN_1_FIT_0.7337759607356249_0.7493524642974194_0.7717829121284427_SIZE_1_1.3_3
GEN_2_FIT_0.7587331773412972_0.7667442872870635_0.7718338502292359_SIZE_1_1.3_2
GEN_3_FIT_0.7707617805908705_0.7716681971076044_0.7724124474625909_SIZE_1_1.25_2
GEN_4_FIT_0.7717948148085733_0.7719567459804854_0.7724124474625909_SIZE_1_1.45_2
GEN_5_FIT_0.7718996713762994_0.7722546063558646_0.7724177678505263_SIZE_1_1.3_3
GEN_6_FIT_0.7724124474625909_0.7724338972956845_0.7724747428089134_SIZE_1_1.25_3
GEN_7_FIT_0.7724542968117197_0.7724692914480089_0.7724759554601844_SIZE_1_1.55_3
GEN_8_FIT_0.7724635185748926_0.7724744241274666_0.7724759554601844_SIZE_1_1.05_2
GEN_9_FIT_0.7724747428089134_0.7724754097671125_0.7724759554601844_SIZE_1_1.0_1
GEN_10_FIT_0.7724759554601844_0.7724759554601843_0.7724759554601844_SIZE_1_1.0_1
GEN_11_FIT_0.7724759554601844_0.7724759554601843_0.7724759554601844_SIZE_1_1.0_1
GEN_12_FIT_0.7724759554601844_0.7724764301762171_0.7724854497808409_SIZE_1_1.0_1
GEN_13_FIT_0.7724759554601844_0.7724788602769108_0.7724927124304821_SIZE_1_1.1_2
GEN_14_FIT_0.7724759554601844_0.7724848649387657_0.7724927124304821_SIZE_1_1.2_2
GEN_15_FIT_0.7724854497808409_0.7724898073706258_0.7724927124304821_SIZE_1_1.05_2
GEN_16_FIT_0.7724927124304821_0.7724927124304821_0.7724927124304821_SIZE_1_1.0_1
GEN_17_FIT_0.7724927124304821_0.7724927124304821_0.7724927124304821_SIZE_1_1.0_1
GEN_18_FIT_0.7724927124304821_0.7724933552505954_0.7725055688327456_SIZE_1_1.05_2
GEN_19_FIT_0.7724927124304821_0.7724939980707085_0.7725055688327456_SIZE_1_1.1_2
GEN_20_FIT_0.7724927124304821_0.7724939980707085_0.7725055688327456_SIZE_1_1.1_2
Evaluating in sample:
[GEN_20|make_tuple(9, 738, 158, 272)|0.7725]
[GEN_20|make_tuple(9, 738, add(158, 0.12164540580528102), 272)|0.7725]
Evaluating out-of-sample:
[GEN_20|make_tuple(9, 738, 158, 272)|0.7328]
[GEN_20|make_tuple(9, 738, add(158, 0.12164540580528102), 272)|0.7328]
GEN_21_FIT_0.7724927124304821_0.7724939980707085_0.7725055688327456_SIZE_1_1.1_2
GEN_22_FIT_0.7724927124304821_0.7724939980707085_0.7725055688327456_SIZE_1_1.1_2
GEN_23_FIT_0.7724927124304821_0.7724939980707085_0.7725055688327456_SIZE_1_1.1_2
GEN_24_FIT_0.7724927124304821_0.7724939980707085_0.7725055688327456_SIZE_1_1.1_2
GEN_25_FIT_0.7724927124304821_0.7724939980707085_0.7725055688327456_SIZE_1_1.1_2
GEN_26_FIT_0.7724927124304821_0.7724939980707085_0.7725055688327456_SIZE_1_1.1_2
GEN_27_FIT_0.7724927124304821_0.7724939980707085_0.7725055688327456_SIZE_1_1.1_2
GEN_28_FIT_0.7724927124304821_0.7724939980707085_0.7725055688327456_SIZE_1_1.1_2
GEN_29_FIT_0.7724927124304821_0.7724999096962037_0.7725722810783857_SIZE_1_1.1_2
GEN_30_FIT_0.7724927124304821_0.7725092460038974_0.7725722810783857_SIZE_1_1.15_2
GEN_31_FIT_0.7724927124304821_0.7725456171422934_0.7725722810783857_SIZE_1_1.3_2
GEN_32_FIT_0.7725722810783857_0.7725742632835397_0.7726119251814659_SIZE_1_1.0_1
GEN_33_FIT_0.7725722810783857_0.7725802098990018_0.7726119251814659_SIZE_1_1.0_1
GEN_34_FIT_0.7725722810783857_0.7725901209247719_0.7726119251814659_SIZE_1_1.0_1
GEN_35_FIT_0.7726119251814659_0.7726119251814658_0.7726119251814659_SIZE_1_1.0_1
GEN_36_FIT_0.7726119251814659_0.7726119251814658_0.7726119251814659_SIZE_1_1.0_1
GEN_37_FIT_0.7726119251814659_0.7726120594184975_0.7726132675517826_SIZE_1_1.0_1
GEN_38_FIT_0.7726119251814659_0.7726124183569674_0.7726132675517826_SIZE_1_1.0_1
GEN_39_FIT_0.7726132675517826_0.7726132908976735_0.7726137344695995_SIZE_1_1.0_1
GEN_40_FIT_0.7726132675517826_0.7726134309730186_0.7726137344695995_SIZE_1_1.0_1
Evaluating in sample:
[GEN_40|make_tuple(9, 950, 201, 311)|0.7726]
Evaluating out-of-sample:
[GEN_40|make_tuple(9, 950, 201, 311)|0.7504]
GEN_41_FIT_0.7726132675517826_0.7726137111237087_0.7726137344695995_SIZE_1_1.0_1
GEN_42_FIT_0.7726137344695995_0.7726137344695995_0.7726137344695995_SIZE_1_1.0_1
GEN_43_FIT_0.7726137344695995_0.7726137344695995_0.7726137344695995_SIZE_1_1.0_1
GEN_44_FIT_0.7726137344695995_0.7726137344695995_0.7726137344695995_SIZE_1_1.0_1
GEN_45_FIT_0.7726137344695995_0.7726137344695995_0.7726137344695995_SIZE_1_1.0_1
GEN_46_FIT_0.7726137344695995_0.7726137344695995_0.7726137344695995_SIZE_1_1.0_1
GEN_47_FIT_0.7726137344695995_0.7726137344695995_0.7726137344695995_SIZE_1_1.0_1
GEN_48_FIT_0.7726137344695995_0.7726137344695995_0.7726137344695995_SIZE_1_1.0_1
GEN_49_FIT_0.7726137344695995_0.7726151588281776_0.7726422216411588_SIZE_1_1.0_1
GEN_50_FIT_0.7726137344695995_0.7726165831867554_0.7726422216411588_SIZE_1_1.05_2
GEN_51_FIT_0.7726137344695995_0.7726237049796453_0.7726422216411588_SIZE_1_1.05_2
GEN_52_FIT_0.7726422216411588_0.7726422216411587_0.7726422216411588_SIZE_1_1.0_1
GEN_53_FIT_0.7726422216411588_0.7726422216411587_0.7726422216411588_SIZE_1_1.0_1
GEN_54_FIT_0.7726422216411588_0.7726425403389209_0.7726469863820759_SIZE_1_1.0_1
GEN_55_FIT_0.7726422216411588_0.7726434159714911_0.7726469863820759_SIZE_1_1.1_2
GEN_56_FIT_0.7726438308554859_0.772646039724099_0.7726469863820759_SIZE_1_1.2_2
GEN_57_FIT_0.7726469863820759_0.772647227764225_0.772648595596403_SIZE_1_1.1_2
GEN_58_FIT_0.7726469863820759_0.7726520975582704_0.7727315085483653_SIZE_1_1.1_2
GEN_59_FIT_0.772648595596403_0.772652741244001_0.7727315085483653_SIZE_1_1.0_1
GEN_60_FIT_0.772648595596403_0.7726620133434137_0.7727315085483653_SIZE_1_1.05_2
Evaluating in sample:
[GEN_60|make_tuple(9, 26, 201, 311)|0.7727]
Evaluating out-of-sample:
[GEN_60|make_tuple(9, 26, 201, 311)|0.7741]
GEN_61_FIT_0.772648595596403_0.7727174518290483_0.7727661829339779_SIZE_1_1.25_2
GEN_62_FIT_0.7727220660532583_0.7727391624678709_0.7727756254290847_SIZE_1_1.25_2
GEN_63_FIT_0.7727315085483653_0.7727800293487945_0.7729161304383957_SIZE_1_1.15_3
GEN_64_FIT_0.7727661829339779_0.7728161045743103_0.7729161304383957_SIZE_1_1.2_2
GEN_65_FIT_0.7728029000757937_0.7728988477325415_0.7729161304383957_SIZE_1_1.1_2
GEN_66_FIT_0.7729102707783478_0.7729158374553935_0.7729161304383957_SIZE_1_1.1_2
GEN_67_FIT_0.7729161304383957_0.7729161304383958_0.7729161304383957_SIZE_1_1.0_1
GEN_68_FIT_0.7729161304383957_0.7729161304383958_0.7729161304383957_SIZE_1_1.0_1
GEN_69_FIT_0.7729161304383957_0.7729161304383958_0.7729161304383957_SIZE_1_1.0_1
GEN_70_FIT_0.7729161304383957_0.7729161304383958_0.7729161304383957_SIZE_1_1.0_1
GEN_71_FIT_0.7729161304383957_0.7729161304383958_0.7729161304383957_SIZE_1_1.0_1
GEN_72_FIT_0.7729161304383957_0.7729161304383958_0.7729161304383957_SIZE_1_1.0_1
GEN_73_FIT_0.7729161304383957_0.7729161304383958_0.7729161304383957_SIZE_1_1.0_1
GEN_74_FIT_0.7729161304383957_0.7729161304383958_0.7729161304383957_SIZE_1_1.0_1
GEN_75_FIT_0.7729161304383957_0.7729161304383958_0.7729161304383957_SIZE_1_1.0_1
GEN_76_FIT_0.7729161304383957_0.7729161304383958_0.7729161304383957_SIZE_1_1.0_1
GEN_77_FIT_0.7729161304383957_0.7729161304383958_0.7729161304383957_SIZE_1_1.0_1
GEN_78_FIT_0.7729161304383957_0.7729161304383958_0.7729161304383957_SIZE_1_1.0_1
GEN_79_FIT_0.7729161304383957_0.7729161304383958_0.7729161304383957_SIZE_1_1.0_1
GEN_80_FIT_0.7729161304383957_0.7729161304383958_0.7729161304383957_SIZE_1_1.0_1
Evaluating in sample:
[GEN_80|make_tuple(9, 29, 201, 311)|0.7729]
Evaluating out-of-sample:
[GEN_80|make_tuple(9, 29, 201, 311)|0.7729]
GEN_81_FIT_0.7729161304383957_0.7729161304383958_0.7729161304383957_SIZE_1_1.0_1
GEN_82_FIT_0.7729161304383957_0.7729161304383958_0.7729161304383957_SIZE_1_1.0_1
GEN_83_FIT_0.7729161304383957_0.772916263172913_0.7729187851287401_SIZE_1_1.0_1
GEN_84_FIT_0.7729161304383957_0.7729163959074302_0.7729187851287401_SIZE_1_1.0_1
GEN_85_FIT_0.7729161304383957_0.7729165286419475_0.7729187851287401_SIZE_1_1.05_2
GEN_86_FIT_0.7729161304383957_0.772917457783568_0.7729187851287401_SIZE_1_1.1_2
GEN_87_FIT_0.7729187851287401_0.77291878512874_0.7729187851287401_SIZE_1_1.0_1
GEN_88_FIT_0.7729187851287401_0.77291878512874_0.7729187851287401_SIZE_1_1.0_1
GEN_89_FIT_0.7729187851287401_0.77291878512874_0.7729187851287401_SIZE_1_1.0_1
GEN_90_FIT_0.7729187851287401_0.77291878512874_0.7729187851287401_SIZE_1_1.0_1
GEN_91_FIT_0.7729187851287401_0.77291878512874_0.7729187851287401_SIZE_1_1.0_1
GEN_92_FIT_0.7729187851287401_0.77291878512874_0.7729187851287401_SIZE_1_1.0_1
GEN_93_FIT_0.7729187851287401_0.77291878512874_0.7729187851287401_SIZE_1_1.0_1
GEN_94_FIT_0.7729187851287401_0.77291878512874_0.7729187851287401_SIZE_1_1.0_1
GEN_95_FIT_0.7729187851287401_0.77291878512874_0.7729187851287401_SIZE_1_1.0_1
GEN_96_FIT_0.7729187851287401_0.77291878512874_0.7729187851287401_SIZE_1_1.0_1
GEN_97_FIT_0.7729187851287401_0.77291878512874_0.7729187851287401_SIZE_1_1.0_1
GEN_98_FIT_0.7729187851287401_0.77291878512874_0.7729187851287401_SIZE_1_1.0_1
GEN_99_FIT_0.7729187851287401_0.77291878512874_0.7729187851287401_SIZE_1_1.0_1
GEN_100_FIT_0.7729187851287401_0.77291878512874_0.7729187851287401_SIZE_1_1.0_1
Evaluating in sample:
[GEN_100|make_tuple(9, 29, 199, 311)|0.7729]
Evaluating out-of-sample:
[GEN_100|make_tuple(9, 29, 199, 311)|0.7717]
GEN_101_FIT_0.7729187851287401_0.77291878512874_0.7729187851287401_SIZE_1_1.0_1
GEN_102_FIT_0.7729187851287401_0.77291878512874_0.7729187851287401_SIZE_1_1.0_1
GEN_103_FIT_0.7729187851287401_0.77291878512874_0.7729187851287401_SIZE_1_1.0_1
GEN_104_FIT_0.7729187851287401_0.77291878512874_0.7729187851287401_SIZE_1_1.0_1
Evaluating in sample:
[GEN_104|make_tuple(9, 29, 199, 311)|0.7729]
Evaluating out-of-sample:
[GEN_104|make_tuple(9, 29, 199, 311)|0.7717]
Stopped early in iteration 104, no improvement in 20 gens.
START_TASK: 16
