Starting problem: mlr_rpart
param:age_regularization:100000.0
param:algorithm:mupluslambda
param:constants_only:True
param:cxpb:0.25
param:early_stop_n:20
param:lambda_:100
param:max_number_operators:None
param:max_start_size:2
param:mu:20
param:ngen:300
param:optimize_constants:False
param:output_file:/home/gijsbers/symbolicdefaults/runs/mlr_rpart_True_6.log
param:problem:mlr_rpart
param:subset:1.0
param:task:None
param:warm_start:False
Benchmark problems: mlr_rpart
Loading surrogates from file.
START_TASK: 3
GEN_0_FIT_0.7174941092281986_0.8217790599744653_0.8495759244729569_SIZE_1_6.7_14
GEN_1_FIT_0.8269421511556123_0.8419772117110351_0.8566387307800722_SIZE_1_2.05_6
GEN_2_FIT_0.8450411823567832_0.8532781152727589_0.8633067403075328_SIZE_1_2.5_5
GEN_3_FIT_0.8564239064645877_0.8598383811206862_0.8653205773107229_SIZE_1_2.4_5
GEN_4_FIT_0.8568947011742107_0.8620705995761175_0.8673959675765681_SIZE_1_2.0_3
GEN_5_FIT_0.8633248040377592_0.865858996879922_0.8676476651358078_SIZE_1_2.05_3
GEN_6_FIT_0.864685951373401_0.8668044139243214_0.8687924804749829_SIZE_1_1.75_3
GEN_7_FIT_0.8673173532306532_0.867986960444101_0.8687924804749829_SIZE_1_2.0_3
GEN_8_FIT_0.8681347731314768_0.8691500816625928_0.8727160431909775_SIZE_1_1.65_3
GEN_9_FIT_0.8688312647771438_0.8711436112824581_0.8731964528669234_SIZE_1_1.9_3
GEN_10_FIT_0.8713766063916414_0.8726841663578868_0.8738710363102788_SIZE_1_2.3_3
GEN_11_FIT_0.8713880517921111_0.8731300918351563_0.8738710363102788_SIZE_1_1.85_3
GEN_12_FIT_0.872536292165238_0.8736280362058186_0.8743127564720298_SIZE_1_1.8_3
GEN_13_FIT_0.8726886567970319_0.8737340227761872_0.874742722444357_SIZE_1_1.6_3
GEN_14_FIT_0.8728511730558961_0.8740101453984204_0.874742722444357_SIZE_1_1.5_2
GEN_15_FIT_0.8734979576026649_0.8747919781608736_0.8759188787713023_SIZE_1_1.55_2
GEN_16_FIT_0.8745584575705128_0.8752084891057809_0.8760462147443178_SIZE_1_1.4_2
GEN_17_FIT_0.874944926641747_0.8756238317132624_0.8760462147443178_SIZE_1_1.65_2
GEN_18_FIT_0.8751825392067873_0.8758794585101095_0.8760462147443178_SIZE_1_1.9_3
GEN_19_FIT_0.8752024569733104_0.8760040268557672_0.8760462147443178_SIZE_1_1.95_2
GEN_20_FIT_0.8740496221635947_0.8756942664099944_0.8760663872646202_SIZE_1_1.65_2
Evaluating in sample:
[GEN_20|make_tuple(0.0006948673467514377, 25, 11, 27)|0.8752]
[GEN_20|make_tuple(sub(0.0013144887306074154, 0.0008933289559635635), 25, 11, 27)|0.8761]
Evaluating out-of-sample:
[GEN_20|make_tuple(0.0006948673467514377, 25, 11, 27)|0.9664]
[GEN_20|make_tuple(sub(0.0013144887306074154, 0.0008933289559635635), 25, 11, 27)|0.9674]
GEN_21_FIT_0.8747879454526583_0.8753734131226473_0.876668868711786_SIZE_1_1.2_2
GEN_22_FIT_0.8752024569733104_0.8753490981471579_0.876668868711786_SIZE_1_1.1_2
GEN_23_FIT_0.8752024569733104_0.8753490981471579_0.876668868711786_SIZE_1_1.1_2
GEN_24_FIT_0.8752024569733104_0.8753490981471579_0.876668868711786_SIZE_1_1.1_2
GEN_25_FIT_0.8752024569733104_0.8753490981471579_0.876668868711786_SIZE_1_1.1_2
GEN_26_FIT_0.8752024569733104_0.8753490981471579_0.876668868711786_SIZE_1_1.1_2
GEN_27_FIT_0.8752024569733104_0.8755745943190482_0.876668868711786_SIZE_1_1.35_3
GEN_28_FIT_0.8752024569733104_0.8762517386271839_0.876668868711786_SIZE_1_1.75_3
GEN_29_FIT_0.8752936307210732_0.8765313449127147_0.876668868711786_SIZE_1_1.9_2
GEN_30_FIT_0.8752936307210732_0.8765313449127147_0.876668868711786_SIZE_1_1.9_2
GEN_31_FIT_0.8752936307210732_0.8765313449127147_0.876668868711786_SIZE_1_1.9_2
GEN_32_FIT_0.8752936307210732_0.8765313449127147_0.876668868711786_SIZE_1_1.9_2
GEN_33_FIT_0.8752936307210732_0.8765313449127147_0.876668868711786_SIZE_1_1.9_2
GEN_34_FIT_0.8752936307210732_0.8765313449127147_0.876668868711786_SIZE_1_1.9_2
GEN_35_FIT_0.8752936307210732_0.8765313449127147_0.876668868711786_SIZE_1_1.9_2
GEN_36_FIT_0.8752936307210732_0.8765313449127147_0.876668868711786_SIZE_1_1.9_2
GEN_37_FIT_0.8752936307210732_0.8765313449127147_0.876668868711786_SIZE_1_1.9_2
GEN_38_FIT_0.8752936307210732_0.8765313449127147_0.876668868711786_SIZE_1_1.9_2
GEN_39_FIT_0.8752936307210732_0.8765313449127147_0.876668868711786_SIZE_1_1.9_2
GEN_40_FIT_0.8752936307210732_0.8765313449127147_0.876668868711786_SIZE_1_1.9_2
Evaluating in sample:
[GEN_40|make_tuple(0.0007034221893214737, 25, 11, 27)|0.8753]
[GEN_40|make_tuple(sub(0.0013144887306074154, 0.0008826941060388704), 25, 11, 27)|0.8767]
Evaluating out-of-sample:
[GEN_40|make_tuple(0.0007034221893214737, 25, 11, 27)|0.9664]
[GEN_40|make_tuple(sub(0.0013144887306074154, 0.0008826941060388704), 25, 11, 27)|0.9674]
GEN_41_FIT_0.8752936307210732_0.8765313449127147_0.876668868711786_SIZE_1_1.9_2
GEN_42_FIT_0.8752936307210732_0.8765313449127147_0.876668868711786_SIZE_1_1.9_2
Evaluating in sample:
[GEN_42|make_tuple(0.0007034221893214737, 25, 11, 27)|0.8753]
[GEN_42|make_tuple(sub(0.0013144887306074154, 0.0008826941060388704), 25, 11, 27)|0.8767]
Evaluating out-of-sample:
[GEN_42|make_tuple(0.0007034221893214737, 25, 11, 27)|0.9664]
[GEN_42|make_tuple(sub(0.0013144887306074154, 0.0008826941060388704), 25, 11, 27)|0.9674]
Stopped early in iteration 42, no improvement in 20 gens.
START_TASK: 6
GEN_0_FIT_0.3565266332000987_0.6357751479288057_0.8243089437316925_SIZE_1_2.7_15
GEN_1_FIT_0.8032204330165119_0.8188896345925689_0.8412749218476407_SIZE_1_4.9_14
GEN_2_FIT_0.8295980415029504_0.8331504508206746_0.8412749218476407_SIZE_1_5.5_13
GEN_3_FIT_0.8316947312657361_0.8404555982843502_0.8612720753486642_SIZE_1_2.15_11
GEN_4_FIT_0.8462162123207423_0.8578015342716101_0.8671209774708514_SIZE_1_4.25_11
GEN_5_FIT_0.8607638991074429_0.8643196161675941_0.8671761384372588_SIZE_1_4.15_9
GEN_6_FIT_0.8620345769796582_0.8660909307005754_0.8701579890825387_SIZE_1_2.7_6
GEN_7_FIT_0.8625804794065893_0.8670171640340962_0.8701579890825387_SIZE_1_2.2_6
GEN_8_FIT_0.8633145280630132_0.8686833449496885_0.872306855526933_SIZE_1_1.9_5
GEN_9_FIT_0.8683088958658147_0.8706301929992033_0.8729866992111142_SIZE_1_2.6_5
GEN_10_FIT_0.8686091479746815_0.871373532159725_0.873582226554101_SIZE_1_2.55_5
GEN_11_FIT_0.8699751564757433_0.8718039090234038_0.8742576255198162_SIZE_1_2.25_5
GEN_12_FIT_0.8700325277204227_0.8725259022941838_0.8763957397081126_SIZE_1_2.3_5
GEN_13_FIT_0.8702544176926782_0.8731113782089391_0.876680954801513_SIZE_1_2.25_5
GEN_14_FIT_0.8709788458093773_0.8737097501434846_0.8768365805762531_SIZE_1_2.1_4
GEN_15_FIT_0.8720533005963049_0.8748717301468473_0.8768365805762531_SIZE_1_2.4_4
GEN_16_FIT_0.8730279010138791_0.8756250813155744_0.8771311276940342_SIZE_1_2.25_4
GEN_17_FIT_0.8737168331494586_0.8755768715006645_0.8774265103869567_SIZE_1_1.65_4
GEN_18_FIT_0.8738887227851915_0.8765822903644274_0.8775053617631141_SIZE_1_2.1_4
GEN_19_FIT_0.8738924963780548_0.8767834993714428_0.8775053617631141_SIZE_1_2.25_5
GEN_20_FIT_0.8741626890394363_0.8773382281269303_0.8775053617631141_SIZE_1_1.95_2
Evaluating in sample:
[GEN_20|make_tuple(0.0015599440034598237, 23, 11, 29)|0.8742]
[GEN_20|make_tuple(truediv(0.007684873867184882, 18), 25, 11, 27)|0.8775]
Evaluating out-of-sample:
[GEN_20|make_tuple(0.0015599440034598237, 23, 11, 29)|0.8133]
[GEN_20|make_tuple(truediv(0.007684873867184882, 18), 25, 11, 27)|0.8710]
GEN_21_FIT_0.8741626890394363_0.8771710944907463_0.8775053617631141_SIZE_1_1.9_2
GEN_22_FIT_0.8741626890394363_0.8771710944907463_0.8775053617631141_SIZE_1_1.9_2
GEN_23_FIT_0.8737570304186686_0.8762750005054194_0.8775138215372675_SIZE_1_1.65_2
GEN_24_FIT_0.8741168234030711_0.8765019586190231_0.8775138215372675_SIZE_1_1.7_2
GEN_25_FIT_0.8741168234030711_0.8756671364155191_0.8775138215372675_SIZE_1_1.45_2
GEN_26_FIT_0.8741626890394363_0.8744978022892196_0.8775138215372675_SIZE_1_1.1_2
GEN_27_FIT_0.8741626890394363_0.8749948520965383_0.8775138215372675_SIZE_1_1.25_2
GEN_28_FIT_0.8741626890394363_0.8766530473847729_0.8775138215372675_SIZE_1_1.75_2
GEN_29_FIT_0.8742923535866927_0.87719167474221_0.8775138215372675_SIZE_1_1.9_2
GEN_30_FIT_0.8742923535866927_0.87719167474221_0.8775138215372675_SIZE_1_1.9_2
GEN_31_FIT_0.8742923535866927_0.87719167474221_0.8775138215372675_SIZE_1_1.9_2
GEN_32_FIT_0.8742923535866927_0.87719167474221_0.8775138215372675_SIZE_1_1.9_2
GEN_33_FIT_0.8742923535866927_0.87719167474221_0.8775138215372675_SIZE_1_1.9_2
GEN_34_FIT_0.8742923535866927_0.87719167474221_0.8775138215372675_SIZE_1_1.9_2
GEN_35_FIT_0.8742923535866927_0.87719167474221_0.8775138215372675_SIZE_1_1.9_2
GEN_36_FIT_0.8742923535866927_0.87719167474221_0.8775138215372675_SIZE_1_1.9_2
GEN_37_FIT_0.8742923535866927_0.87719167474221_0.8775138215372675_SIZE_1_1.9_2
GEN_38_FIT_0.8742923535866927_0.87719167474221_0.8775138215372675_SIZE_1_1.9_2
GEN_39_FIT_0.874334499884341_0.8773548554546211_0.8775138215372675_SIZE_1_1.95_2
GEN_40_FIT_0.874334499884341_0.8771958893719749_0.8775138215372675_SIZE_1_1.9_2
Evaluating in sample:
[GEN_40|make_tuple(0.0015599440034598237, 22, 11, 28)|0.8743]
[GEN_40|make_tuple(truediv(0.00774723254873267, 18), 25, 11, 27)|0.8775]
Evaluating out-of-sample:
[GEN_40|make_tuple(0.0015599440034598237, 22, 11, 28)|0.8134]
[GEN_40|make_tuple(truediv(0.00774723254873267, 18), 25, 11, 27)|0.8710]
GEN_41_FIT_0.874334499884341_0.8771958893719749_0.8775138215372675_SIZE_1_1.9_2
GEN_42_FIT_0.874334499884341_0.8771958893719749_0.8775138215372675_SIZE_1_1.9_2
GEN_43_FIT_0.874334499884341_0.8771958893719749_0.8775138215372675_SIZE_1_1.9_2
GEN_44_FIT_0.874334499884341_0.8771958893719749_0.8775138215372675_SIZE_1_1.9_2
Evaluating in sample:
[GEN_44|make_tuple(0.0015599440034598237, 22, 11, 28)|0.8743]
[GEN_44|make_tuple(truediv(0.00774723254873267, 18), 25, 11, 27)|0.8775]
Evaluating out-of-sample:
[GEN_44|make_tuple(0.0015599440034598237, 22, 11, 28)|0.8134]
[GEN_44|make_tuple(truediv(0.00774723254873267, 18), 25, 11, 27)|0.8710]
Stopped early in iteration 44, no improvement in 20 gens.
START_TASK: 11
