Loading experiment data.
Creating surrogates.
[  1/118] Creating surrogate for task   3893.
[  2/118] Creating surrogate for task   3902.
[  3/118] Creating surrogate for task   3903.
[  4/118] Creating surrogate for task   3904.
[  5/118] Creating surrogate for task   3907.
[  6/118] Creating surrogate for task   3913.
[  7/118] Creating surrogate for task   3917.
[  8/118] Creating surrogate for task   3918.
[  9/118] Creating surrogate for task     11.
[ 10/118] Creating surrogate for task   3945.
[ 11/118] Creating surrogate for task     12.
[ 12/118] Creating surrogate for task  14971.
[ 13/118] Creating surrogate for task     14.
[ 14/118] Creating surrogate for task  10090.
[ 15/118] Creating surrogate for task  14965.
[ 16/118] Creating surrogate for task  10093.
[ 17/118] Creating surrogate for task  10101.
[ 18/118] Creating surrogate for task   9981.
[ 19/118] Creating surrogate for task   9985.
[ 20/118] Creating surrogate for task   9986.
[ 21/118] Creating surrogate for task  14970.
[ 22/118] Creating surrogate for task   9970.
[ 23/118] Creating surrogate for task   9971.
[ 24/118] Creating surrogate for task   9976.
[ 25/118] Creating surrogate for task   9977.
[ 26/118] Creating surrogate for task   9978.
[ 27/118] Creating surrogate for task   9952.
[ 28/118] Creating surrogate for task   9956.
[ 29/118] Creating surrogate for task   9957.
[ 30/118] Creating surrogate for task   9960.
[ 31/118] Creating surrogate for task     15.
[ 32/118] Creating surrogate for task   9964.
[ 33/118] Creating surrogate for task    219.
[ 34/118] Creating surrogate for task   9946.
[ 35/118] Creating surrogate for task   9950.
[ 36/118] Creating surrogate for task   7592.
[ 37/118] Creating surrogate for task     16.
[ 38/118] Creating surrogate for task     18.
[ 39/118] Creating surrogate for task   2073.
[ 40/118] Creating surrogate for task   2074.
[ 41/118] Creating surrogate for task   2079.
[ 42/118] Creating surrogate for task     22.
[ 43/118] Creating surrogate for task     23.
[ 44/118] Creating surrogate for task 125920.
[ 45/118] Creating surrogate for task 146606.
[ 46/118] Creating surrogate for task 167120.
[ 47/118] Creating surrogate for task     24.
[ 48/118] Creating surrogate for task     28.
[ 49/118] Creating surrogate for task     29.
[ 50/118] Creating surrogate for task      3.
[ 51/118] Creating surrogate for task   3481.
[ 52/118] Creating surrogate for task   3022.
[ 53/118] Creating surrogate for task     31.
[ 54/118] Creating surrogate for task   3485.
[ 55/118] Creating surrogate for task     32.
[ 56/118] Creating surrogate for task   3493.
[ 57/118] Creating surrogate for task     37.
[ 58/118] Creating surrogate for task   3510.
[ 59/118] Creating surrogate for task   3512.
[ 60/118] Creating surrogate for task   3021.
[ 61/118] Creating surrogate for task 125921.
[ 62/118] Creating surrogate for task 145681.
[ 63/118] Creating surrogate for task 125922.
[ 64/118] Creating surrogate for task 146607.
[ 65/118] Creating surrogate for task 146195.
[ 66/118] Creating surrogate for task 167140.
[ 67/118] Creating surrogate for task 146212.
[ 68/118] Creating surrogate for task 167141.
[ 69/118] Creating surrogate for task 168759.
[ 70/118] Creating surrogate for task 167121.
[ 71/118] Creating surrogate for task 167124.
[ 72/118] Creating surrogate for task 146800.
[ 73/118] Creating surrogate for task 146821.
[ 74/118] Creating surrogate for task 167125.
[ 75/118] Creating surrogate for task 146824.
[ 76/118] Creating surrogate for task 146818.
[ 77/118] Creating surrogate for task 146817.
[ 78/118] Creating surrogate for task 146820.
[ 79/118] Creating surrogate for task 146822.
[ 80/118] Creating surrogate for task 146819.
[ 81/118] Creating surrogate for task 146825.
[ 82/118] Creating surrogate for task 167119.
[ 83/118] Creating surrogate for task 168868.
[ 84/118] Creating surrogate for task 168908.
[ 85/118] Creating surrogate for task 168911.
[ 86/118] Creating surrogate for task 168761.
[ 87/118] Creating surrogate for task 168335.
[ 88/118] Creating surrogate for task 190411.
[ 89/118] Creating surrogate for task 190412.
[ 90/118] Creating surrogate for task 168337.
[ 91/118] Creating surrogate for task 168338.
[ 92/118] Creating surrogate for task 168336.
[ 93/118] Creating surrogate for task 168770.
[ 94/118] Creating surrogate for task 168910.
[ 95/118] Creating surrogate for task 168332.
[ 96/118] Creating surrogate for task 168331.
[ 97/118] Creating surrogate for task 168330.
[ 98/118] Creating surrogate for task 168329.
[ 99/118] Creating surrogate for task 189928.
[100/118] Creating surrogate for task 189924.
[101/118] Creating surrogate for task 189927.
[102/118] Creating surrogate for task   9910.
[103/118] Creating surrogate for task  10106.
[104/118] Creating surrogate for task     41.
[105/118] Creating surrogate for task     43.
[106/118] Creating surrogate for task  14952.
[107/118] Creating surrogate for task  14969.
[108/118] Creating surrogate for task 168339.
[109/118] Creating surrogate for task   3549.
[110/118] Creating surrogate for task     45.
[111/118] Creating surrogate for task   3560.
[112/118] Creating surrogate for task   3561.
[113/118] Creating surrogate for task     49.
[114/118] Creating surrogate for task     53.
[115/118] Creating surrogate for task   3573.
[116/118] Creating surrogate for task      6.
[117/118] Creating surrogate for task     58.
[118/118] Creating surrogate for task  14954.
With fixed hyperparameters: {'nrounds': 500.0}:
And hyperparameters: ['nrounds', 'eta', 'lambda', 'gamma', 'alpha', 'subsample', 'max_depth', 'min_child_weight', 'colsample_bytree', 'colsample_bylevel']:
START_TASK: 3
GEN_0_FIT_0.8417802164109166_0.8805264127960959_0.9382809279756191_SIZE_1_10.75_28
GEN_1_FIT_0.9018779866311611_0.9147238443384428_0.9388131467644399_SIZE_1_2.9_10
GEN_2_FIT_0.9237267910913932_0.9320599855572238_0.9398610018604479_SIZE_1_6.35_11
GEN_3_FIT_0.9254893392915357_0.9352356437451744_0.9458661744355895_SIZE_1_6.0_11
GEN_4_FIT_0.9270431353195099_0.9386248865257313_0.9462419067901302_SIZE_1_6.1_11
GEN_5_FIT_0.9375147375674203_0.9441163922784834_0.9494035240562037_SIZE_1_7.2_10
GEN_6_FIT_0.9417934575360923_0.9470630158994566_0.9551921296873374_SIZE_1_5.8_11
GEN_7_FIT_0.9436057175059375_0.9494486694608941_0.9551921296873374_SIZE_1_3.15_11
GEN_8_FIT_0.9511094502996178_0.9545281408545886_0.9558818129513035_SIZE_1_1.3_2
GEN_9_FIT_0.955067985093855_0.9553980539428911_0.9559240499343545_SIZE_1_1.3_2
GEN_10_FIT_0.9553013510201368_0.9555805238095985_0.9561096553004398_SIZE_1_1.5_3
GEN_11_FIT_0.9555515564052697_0.9557832983633071_0.9565908743909218_SIZE_1_1.5_3
GEN_12_FIT_0.9555900478843488_0.955891603333062_0.9565908743909218_SIZE_1_1.65_3
GEN_13_FIT_0.9555900478843488_0.9561691655412929_0.9567617806353975_SIZE_1_1.9_4
GEN_14_FIT_0.9562326408104991_0.9563972818835633_0.9567617806353975_SIZE_1_1.6_4
GEN_15_FIT_0.9563278303846365_0.956536936676111_0.9569897616629776_SIZE_1_1.75_4
GEN_16_FIT_0.9564230472039689_0.95660850366614_0.9569897616629776_SIZE_1_1.75_4
GEN_17_FIT_0.9564975370920711_0.9567708602303624_0.9570445922899962_SIZE_1_2.35_5
GEN_18_FIT_0.9565206906930153_0.9569193804413303_0.9572320814948359_SIZE_1_2.4_5
GEN_19_FIT_0.9565206906930153_0.9569306404513626_0.9572320814948359_SIZE_1_2.05_5
GEN_20_FIT_0.9567697781182392_0.9570088677317516_0.9572320814948359_SIZE_1_1.8_5
GEN_21_FIT_0.95685062950706_0.9570665420552711_0.9573246281815028_SIZE_1_2.05_5
GEN_22_FIT_0.9569367151911486_0.9571928980731412_0.9573246281815028_SIZE_1_3.25_6
GEN_23_FIT_0.956959469688534_0.9572514239309129_0.9575399440623774_SIZE_1_2.9_6
GEN_24_FIT_0.9570188923893429_0.9572796800736765_0.9575399440623774_SIZE_1_2.3_6
GEN_25_FIT_0.9570942765702166_0.9573769357503213_0.9575537786921802_SIZE_1_2.85_6
GEN_26_FIT_0.9571244313601707_0.9574024159772445_0.9575557025305897_SIZE_1_2.9_6
GEN_27_FIT_0.9572445241916148_0.9574307397746675_0.9575557025305897_SIZE_1_2.75_6
GEN_28_FIT_0.9572505682294595_0.9574197534638917_0.9576719652051529_SIZE_1_2.1_6
GEN_29_FIT_0.9572779800475782_0.9574052941675927_0.9576719652051529_SIZE_1_1.75_4
GEN_30_FIT_0.9572847593502373_0.9574906361176874_0.9576719652051529_SIZE_1_2.15_4
GEN_31_FIT_0.9572779800475782_0.957477295352281_0.9576719652051529_SIZE_1_2.1_4
GEN_32_FIT_0.9572847593502373_0.9575040771841092_0.9576732202160936_SIZE_1_2.4_5
GEN_33_FIT_0.9573112112488018_0.9575368661964726_0.9576732202160936_SIZE_1_2.4_5
GEN_34_FIT_0.9574245578009322_0.9576283656468989_0.9576732202160936_SIZE_1_3.0_5
GEN_35_FIT_0.9574245578009322_0.9576341573524031_0.9577875200028093_SIZE_1_2.7_5
GEN_36_FIT_0.9574600317141054_0.9576666456310216_0.9577875200028093_SIZE_1_2.9_4
GEN_37_FIT_0.9574600317141054_0.9576666456310216_0.9577875200028093_SIZE_1_2.9_4
GEN_38_FIT_0.9574663402705231_0.9576727387987253_0.9577875200028093_SIZE_1_2.95_4
GEN_39_FIT_0.9574663402705231_0.9576727387987253_0.9577875200028093_SIZE_1_2.95_4
GEN_40_FIT_0.9574663402705231_0.9576571867875503_0.9578996177254434_SIZE_1_2.65_4
GEN_41_FIT_0.9574114026706559_0.957653156051558_0.9578996177254434_SIZE_1_2.4_4
GEN_42_FIT_0.9574663402705231_0.9576610740245908_0.9579697648754485_SIZE_1_2.05_4
GEN_43_FIT_0.9574940938198275_0.9576834070740862_0.9579697648754485_SIZE_1_2.0_4
GEN_44_FIT_0.9574989465935195_0.9576956081779716_0.9579697648754485_SIZE_1_1.95_4
GEN_45_FIT_0.9575359441218518_0.9576974056060182_0.9579697648754485_SIZE_1_1.8_3
GEN_46_FIT_0.9575410073133538_0.9576553872299544_0.9580941978918014_SIZE_1_1.5_3
GEN_47_FIT_0.9575410073133538_0.9576578358289961_0.9580941978918014_SIZE_1_1.45_4
GEN_48_FIT_0.9575575603468001_0.9578233581962226_0.9580941978918014_SIZE_1_2.2_4
GEN_49_FIT_0.9576077783115794_0.9579296099922306_0.9580941978918014_SIZE_1_2.55_4
GEN_50_FIT_0.9576897412644864_0.9579730672126422_0.9580941978918014_SIZE_1_2.75_5
GEN_51_FIT_0.9577173920585605_0.9579976662740736_0.9580941978918014_SIZE_1_2.8_5
GEN_52_FIT_0.9577995527574898_0.9580360343400391_0.9580954088639543_SIZE_1_2.9_5
GEN_53_FIT_0.957844690593202_0.9580365353705071_0.9581031470076801_SIZE_1_2.75_5
GEN_54_FIT_0.957844690593202_0.9580230208798362_0.9581569273067854_SIZE_1_2.4_4
GEN_55_FIT_0.9578626247056097_0.9580212509206631_0.9581569273067854_SIZE_1_2.4_4
GEN_56_FIT_0.957657854780972_0.9580548500111934_0.9581569273067854_SIZE_1_2.7_4
GEN_57_FIT_0.9577173920585605_0.958028546724568_0.9581569273067854_SIZE_1_2.25_4
GEN_58_FIT_0.9578077379576398_0.9580489051438408_0.9581569273067854_SIZE_1_2.3_4
GEN_59_FIT_0.9578626247056097_0.9580823399884716_0.9581569273067854_SIZE_1_2.5_4
GEN_60_FIT_0.9578626247056097_0.9580286683662905_0.9581720056739601_SIZE_1_2.1_4
GEN_61_FIT_0.9578626247056097_0.9579654355583562_0.9581720056739601_SIZE_1_1.65_4
GEN_62_FIT_0.9578626247056097_0.9579656705347099_0.9581720056739601_SIZE_1_1.65_4
GEN_63_FIT_0.9578771078428568_0.9579989765944165_0.9581720056739601_SIZE_1_1.8_4
GEN_64_FIT_0.9579017969456587_0.957995612631955_0.9581720056739601_SIZE_1_1.7_3
GEN_65_FIT_0.9579017969456587_0.9580625143022605_0.9581720056739601_SIZE_1_2.25_3
GEN_66_FIT_0.9579133972975494_0.958117407892981_0.9581720056739601_SIZE_1_2.6_3
GEN_67_FIT_0.9579133972975494_0.9581483988697134_0.9581720056739601_SIZE_1_2.9_4
GEN_68_FIT_0.9578871771431979_0.9581331107553082_0.9581930512083257_SIZE_1_2.75_4
GEN_69_FIT_0.9578871771431979_0.9581146414049171_0.9581930512083257_SIZE_1_2.75_5
GEN_70_FIT_0.9578177312948375_0.9580895712067103_0.9581930512083257_SIZE_1_2.75_6
GEN_71_FIT_0.9578646771112551_0.9580848715836107_0.9582227939282283_SIZE_1_2.85_6
GEN_72_FIT_0.9578871771431979_0.9581164544192395_0.9582227939282283_SIZE_1_3.0_6
GEN_73_FIT_0.9578646771112551_0.958074552719836_0.9582999255408557_SIZE_1_2.3_5
GEN_74_FIT_0.9578871771431979_0.9580908177403404_0.9582999255408557_SIZE_1_2.3_5
GEN_75_FIT_0.9579133972975494_0.9580766889966423_0.9582999255408557_SIZE_1_2.2_4
GEN_76_FIT_0.9579133972975494_0.958050406202687_0.9582999255408557_SIZE_1_2.0_4
GEN_77_FIT_0.9579133972975494_0.9579978406147761_0.9582999255408557_SIZE_1_1.6_4
GEN_78_FIT_0.9579133972975494_0.9579978406147761_0.9582999255408557_SIZE_1_1.6_4
GEN_79_FIT_0.9579133972975494_0.9579978406147761_0.9582999255408557_SIZE_1_1.6_4
GEN_80_FIT_0.9579133972975494_0.958044623018127_0.9582999255408557_SIZE_1_1.95_4
GEN_81_FIT_0.9579133972975494_0.9580468314712279_0.9582999255408557_SIZE_1_1.95_4
GEN_82_FIT_0.9579133972975494_0.9581046689548092_0.9582999255408557_SIZE_1_2.35_4
GEN_83_FIT_0.9579133972975494_0.9581091420440815_0.9582999255408557_SIZE_1_2.4_4
GEN_84_FIT_0.9579314211655023_0.9581742376562001_0.9582999255408557_SIZE_1_2.9_4
GEN_85_FIT_0.9579314211655023_0.9581381104223332_0.9583177784274434_SIZE_1_2.6_4
GEN_86_FIT_0.9579314211655023_0.9581383214004904_0.9583177784274434_SIZE_1_2.6_4
GEN_87_FIT_0.9579314211655023_0.9581267966180637_0.9583469053116483_SIZE_1_2.5_4
GEN_88_FIT_0.9579346210421594_0.9581595071291285_0.9583469053116483_SIZE_1_2.8_4
GEN_89_FIT_0.9579346210421594_0.9581595071291285_0.9583469053116483_SIZE_1_2.8_4
GEN_90_FIT_0.9579346210421594_0.9581595071291285_0.9583469053116483_SIZE_1_2.8_4
GEN_91_FIT_0.9579346210421594_0.9581474269193813_0.9583469053116483_SIZE_1_2.7_4
GEN_92_FIT_0.9579346210421594_0.9581318005036144_0.9583469053116483_SIZE_1_2.55_4
GEN_93_FIT_0.9579346210421594_0.958135696609115_0.9583469053116483_SIZE_1_2.5_4
GEN_94_FIT_0.9579185517079802_0.9581272716501236_0.9583469053116483_SIZE_1_2.3_4
GEN_95_FIT_0.9579346210421594_0.9581170865992918_0.9583469053116483_SIZE_1_2.25_4
GEN_96_FIT_0.9579346210421594_0.9580758581723432_0.9583469053116483_SIZE_1_1.95_4
GEN_97_FIT_0.9579346210421594_0.9580140155319201_0.9583469053116483_SIZE_1_1.5_4
GEN_98_FIT_0.9579346210421594_0.9580140155319201_0.9583469053116483_SIZE_1_1.5_4
GEN_99_FIT_0.9579346210421594_0.9580140155319201_0.9583469053116483_SIZE_1_1.5_4
GEN_100_FIT_0.9579346210421594_0.9581011507323367_0.9583469053116483_SIZE_1_2.05_4
GEN_101_FIT_0.9579346210421594_0.958190217936284_0.9583469053116483_SIZE_1_2.65_5
GEN_102_FIT_0.9581087232473808_0.9582255309339169_0.9583469053116483_SIZE_1_2.9_5
GEN_103_FIT_0.9581087232473808_0.9582333804594725_0.9583469053116483_SIZE_1_2.75_5
GEN_104_FIT_0.9581087232473808_0.9582285053543975_0.9583469053116483_SIZE_1_2.55_5
GEN_105_FIT_0.9581087232473808_0.9582498727067122_0.9583469053116483_SIZE_1_2.75_5
GEN_106_FIT_0.9581154321234212_0.9582730291509879_0.9583469053116483_SIZE_1_3.0_5
GEN_107_FIT_0.9581154321234212_0.9583210895710378_0.9583469053116483_SIZE_1_3.45_5
GEN_108_FIT_0.9581487520207328_0.9583230153147191_0.9583469053116483_SIZE_1_3.5_4
Stop early, no improvement in 20 gens.
Evaluating in sample:
[make_tuple(0.0625, 0.8144798733498071, 0.015625, 0.00390625, 0.8649651968481106, 10.0, 1.0, 0.8649651968481106, 0.5621421123127912)|0.9581]
[make_tuple(0.0625, 2.0, 0.015625, 0.00390625, 0.8649651968481106, add(10.0, 2.0), 1.0, 0.8649651968481106, 0.5621421123127912)|0.9583]
[make_tuple(0.0625, 2.0, 0.015625, truediv(0.01, 6.0), 0.8649651968481106, add(10.0, 2.0), 1.0, 0.8649651968481106, 0.5621421123127912)|0.9583]
[make_tuple(0.0625, 2.0, 0.015625, truediv(truediv(0.0625, 6.0), 6.0), 0.8649651968481106, add(10.0, 2.0), 1.0, 0.8649651968481106, 0.5621421123127912)|0.9583]
Evaluating out-of-sample:
[make_tuple(0.0625, 0.8144798733498071, 0.015625, 0.00390625, 0.8649651968481106, 10.0, 1.0, 0.8649651968481106, 0.5621421123127912)|0.9899]
[make_tuple(0.0625, 2.0, 0.015625, 0.00390625, 0.8649651968481106, add(10.0, 2.0), 1.0, 0.8649651968481106, 0.5621421123127912)|0.9899]
[make_tuple(0.0625, 2.0, 0.015625, truediv(0.01, 6.0), 0.8649651968481106, add(10.0, 2.0), 1.0, 0.8649651968481106, 0.5621421123127912)|0.9888]
[make_tuple(0.0625, 2.0, 0.015625, truediv(truediv(0.0625, 6.0), 6.0), 0.8649651968481106, add(10.0, 2.0), 1.0, 0.8649651968481106, 0.5621421123127912)|0.9889]
START_TASK: 6
GEN_0_FIT_0.8320582584771288_0.8615101348282608_0.8918232343677633_SIZE_1_8.75_28
GEN_1_FIT_0.8726028315534549_0.885468584877405_0.9189477576054166_SIZE_1_5.65_25
GEN_2_FIT_0.8901654539486855_0.8978309075857531_0.9189477576054166_SIZE_1_2.95_10
GEN_3_FIT_0.8967356608698228_0.9124033720497327_0.9319604958172051_SIZE_1_5.3_11
GEN_4_FIT_0.9180710591804219_0.9248306183764379_0.9372005144997769_SIZE_1_3.65_11
GEN_5_FIT_0.9316567004251822_0.9347383078135769_0.9444006454680971_SIZE_1_2.45_9
GEN_6_FIT_0.9372005144997769_0.9405347697598863_0.953289937858476_SIZE_1_1.75_8
GEN_7_FIT_0.9402218619568842_0.9447586025344528_0.953289937858476_SIZE_1_2.65_8
GEN_8_FIT_0.9467885267654448_0.9502962276709692_0.954441528891961_SIZE_1_1.3_3
GEN_9_FIT_0.95147270776664_0.9532403631493398_0.954441528891961_SIZE_1_1.4_3
GEN_10_FIT_0.9533166219887125_0.9539231099485539_0.954441528891961_SIZE_1_1.4_2
GEN_11_FIT_0.9544248359524624_0.9545776464686323_0.9553634979713397_SIZE_1_1.15_2
GEN_12_FIT_0.9545048269822273_0.9550504920714642_0.9558162675685604_SIZE_1_1.3_3
GEN_13_FIT_0.9551335594482012_0.9554345007654297_0.9558162675685604_SIZE_1_1.8_3
GEN_14_FIT_0.9553634979713397_0.9556779878086468_0.9566186226046421_SIZE_1_1.4_4
GEN_15_FIT_0.9556983313831676_0.9560087902943767_0.9566186226046421_SIZE_1_1.35_4
GEN_16_FIT_0.9561119596497476_0.956391245440243_0.9567248482377695_SIZE_1_1.35_2
GEN_17_FIT_0.956425046626173_0.9565722439144754_0.9567248482377695_SIZE_1_1.4_2
GEN_18_FIT_0.9565472962701335_0.9566907972208837_0.9575885988271569_SIZE_1_1.4_3
GEN_19_FIT_0.9566186226046421_0.9569507312676728_0.9575953490784376_SIZE_1_1.4_2
GEN_20_FIT_0.9566833478760578_0.9572850004345825_0.9576098356193683_SIZE_1_1.45_2
GEN_21_FIT_0.9574201850873544_0.9575605359694354_0.957610438890106_SIZE_1_1.45_2
GEN_22_FIT_0.9575207086591484_0.9575961434986032_0.957625646876231_SIZE_1_1.45_2
GEN_23_FIT_0.9575885988271569_0.9576126594519844_0.9576998812378927_SIZE_1_1.3_3
GEN_24_FIT_0.9576098356193683_0.9576350557154847_0.9576998812378927_SIZE_1_1.4_3
GEN_25_FIT_0.957625646876231_0.9576540627382896_0.9577403088336619_SIZE_1_1.5_3
GEN_26_FIT_0.957625646876231_0.9576645895207981_0.9578848992196537_SIZE_1_1.3_3
GEN_27_FIT_0.9576330888569597_0.9576996746170799_0.9578848992196537_SIZE_1_1.6_3
GEN_28_FIT_0.9576518434399115_0.9577445374076777_0.9578848992196537_SIZE_1_1.8_4
GEN_29_FIT_0.9576713275402277_0.9577468121341128_0.9578848992196537_SIZE_1_1.5_2
GEN_30_FIT_0.9576744762281918_0.9577560834522492_0.9579056506046494_SIZE_1_1.4_2
GEN_31_FIT_0.9576904816145305_0.9577721541516586_0.9579056506046494_SIZE_1_1.4_2
GEN_32_FIT_0.957693301456031_0.9577774978937187_0.9579113109868698_SIZE_1_1.35_2
GEN_33_FIT_0.9576998812378927_0.957789414803457_0.9579113109868698_SIZE_1_1.4_3
GEN_34_FIT_0.9577488493601044_0.957822947160475_0.9579113109868698_SIZE_1_1.5_3
GEN_35_FIT_0.9577488493601044_0.9578889196795508_0.9579618750676263_SIZE_1_2.05_3
GEN_36_FIT_0.9577969526377311_0.9578975683385643_0.9579618750676263_SIZE_1_2.0_3
GEN_37_FIT_0.9577969526377311_0.9578951066614895_0.9579618750676263_SIZE_1_1.95_3
GEN_38_FIT_0.9577969526377311_0.9578840773449275_0.957976519026949_SIZE_1_1.7_3
GEN_39_FIT_0.9577360511321574_0.9578721462977693_0.957985053443573_SIZE_1_1.65_3
GEN_40_FIT_0.9578117500350761_0.957900420582513_0.957985053443573_SIZE_1_1.7_3
GEN_41_FIT_0.9578533384470111_0.9579409525300729_0.9580179728004413_SIZE_1_2.15_3
GEN_42_FIT_0.9578746271785716_0.9579489831566349_0.9581673910285953_SIZE_1_2.05_3
GEN_43_FIT_0.9578746271785716_0.9579831840830699_0.9581673910285953_SIZE_1_2.05_3
GEN_44_FIT_0.9578767052710335_0.9580055508266774_0.9581673910285953_SIZE_1_2.05_3
GEN_45_FIT_0.9579505900948804_0.9580547471331959_0.9581673910285953_SIZE_1_2.3_4
GEN_46_FIT_0.9579754519399838_0.958072231853398_0.9581876124972108_SIZE_1_2.3_4
GEN_47_FIT_0.9579754519399838_0.9580657100009976_0.9581876124972108_SIZE_1_2.25_4
GEN_48_FIT_0.9579754519399838_0.9580694001080806_0.958202369841767_SIZE_1_2.3_4
GEN_49_FIT_0.9579754519399838_0.9580728647736476_0.9582287962139162_SIZE_1_2.2_4
GEN_50_FIT_0.9579768719880549_0.9580627345906203_0.9582287962139162_SIZE_1_2.05_4
GEN_51_FIT_0.9579768719880549_0.958059694751431_0.9582287962139162_SIZE_1_1.8_4
GEN_52_FIT_0.9579768719880549_0.958067263064135_0.9582287962139162_SIZE_1_1.9_4
GEN_53_FIT_0.9579768719880549_0.9580312271028477_0.9582287962139162_SIZE_1_1.4_4
GEN_54_FIT_0.9579796792335266_0.9580226509289087_0.9582287962139162_SIZE_1_1.3_3
GEN_55_FIT_0.9579796792335266_0.9580476043496414_0.9582287962139162_SIZE_1_1.55_4
GEN_56_FIT_0.9579796792335266_0.9581109569455585_0.9582287962139162_SIZE_1_2.3_4
GEN_57_FIT_0.9579856993547217_0.958158015914641_0.9582287962139162_SIZE_1_2.6_4
GEN_58_FIT_0.958004031648382_0.9581509200993548_0.9582359452865367_SIZE_1_2.1_3
GEN_59_FIT_0.9580156558574129_0.9581370538505493_0.9582359452865367_SIZE_1_1.95_3
GEN_60_FIT_0.958018590982336_0.9581600168898561_0.9582359452865367_SIZE_1_2.1_3
GEN_61_FIT_0.958018590982336_0.9581381764802762_0.9582359452865367_SIZE_1_2.0_4
GEN_62_FIT_0.958018590982336_0.9581207065505619_0.9582359452865367_SIZE_1_1.9_4
GEN_63_FIT_0.958018590982336_0.9581184461319765_0.9582359452865367_SIZE_1_1.9_4
GEN_64_FIT_0.9580255289067795_0.9581422021609539_0.9582359452865367_SIZE_1_2.15_4
GEN_65_FIT_0.9580255289067795_0.95815570400776_0.9582359452865367_SIZE_1_2.35_4
GEN_66_FIT_0.9580255289067795_0.9581773692525989_0.9582359452865367_SIZE_1_2.5_4
GEN_67_FIT_0.9580255289067795_0.958179329209815_0.9582581847532947_SIZE_1_2.5_4
GEN_68_FIT_0.9580281904391013_0.958215118780118_0.9582581847532947_SIZE_1_2.85_4
GEN_69_FIT_0.9580281904391013_0.9582058430110842_0.9582581847532947_SIZE_1_2.8_4
GEN_70_FIT_0.9580281904391013_0.9582046800160715_0.9582581847532947_SIZE_1_2.8_4
GEN_71_FIT_0.9580281904391013_0.9581892935664568_0.9582704283757227_SIZE_1_2.5_4
GEN_72_FIT_0.9580281904391013_0.9581662431133626_0.9582704283757227_SIZE_1_2.25_4
GEN_73_FIT_0.9580281904391013_0.9581386427235673_0.9582704283757227_SIZE_1_1.9_4
GEN_74_FIT_0.9580281904391013_0.9581218663616337_0.9582704283757227_SIZE_1_1.8_4
GEN_75_FIT_0.9580281904391013_0.9580970866296816_0.9583436064687236_SIZE_1_1.75_5
GEN_76_FIT_0.9580281904391013_0.9581052127403753_0.9583436064687236_SIZE_1_1.8_5
GEN_77_FIT_0.9580281904391013_0.9581068307638633_0.9583759669384824_SIZE_1_1.8_5
GEN_78_FIT_0.9580281904391013_0.9580983795354328_0.9583759669384824_SIZE_1_1.65_5
GEN_79_FIT_0.9580281904391013_0.9580983795354328_0.9583759669384824_SIZE_1_1.65_5
GEN_80_FIT_0.9580281904391013_0.9580983795354328_0.9583759669384824_SIZE_1_1.65_5
GEN_81_FIT_0.9580281904391013_0.9580983795354328_0.9583759669384824_SIZE_1_1.65_5
GEN_82_FIT_0.9580281904391013_0.9580986968776701_0.9583823137832275_SIZE_1_1.65_5
GEN_83_FIT_0.9580281904391013_0.9580986968776701_0.9583823137832275_SIZE_1_1.65_5
GEN_84_FIT_0.9580281904391013_0.9581164030448764_0.9583823137832275_SIZE_1_1.85_5
GEN_85_FIT_0.9580281904391013_0.9582047674547292_0.9583823137832275_SIZE_1_2.7_5
GEN_86_FIT_0.9580281904391013_0.9581818312587769_0.9584045572538675_SIZE_1_2.4_5
GEN_87_FIT_0.9580281904391013_0.9582279197217941_0.9584045572538675_SIZE_1_2.85_5
GEN_88_FIT_0.9580575503280313_0.958255673715656_0.9584045572538675_SIZE_1_3.15_6
GEN_89_FIT_0.9581029337102982_0.958233511328903_0.9584045572538675_SIZE_1_2.65_5
GEN_90_FIT_0.9581029337102982_0.9582404028816583_0.9584690859933824_SIZE_1_2.7_5
GEN_91_FIT_0.9580904176903573_0.9582442489593689_0.9584690859933824_SIZE_1_2.75_5
GEN_92_FIT_0.9581029337102982_0.9582592512968624_0.9584690859933824_SIZE_1_2.85_5
GEN_93_FIT_0.9581029337102982_0.9582781934757071_0.9584690859933824_SIZE_1_3.05_5
GEN_94_FIT_0.9581029337102982_0.9582711708589956_0.9584690859933824_SIZE_1_2.9_5
GEN_95_FIT_0.9581093715833181_0.9582950944956391_0.9584690859933824_SIZE_1_3.1_6
GEN_96_FIT_0.9581093715833181_0.958309957363926_0.9584690859933824_SIZE_1_3.25_6
GEN_97_FIT_0.9581093715833181_0.9583215927487737_0.9584690859933824_SIZE_1_3.35_6
GEN_98_FIT_0.9581093715833181_0.9583290022247384_0.9584690859933824_SIZE_1_3.45_6
GEN_99_FIT_0.9581093715833181_0.9583069959478421_0.9584690859933824_SIZE_1_3.2_6
GEN_100_FIT_0.9581139185348991_0.9582854777715637_0.9584690859933824_SIZE_1_2.9_5
GEN_101_FIT_0.9581093715833181_0.95826917310129_0.9584690859933824_SIZE_1_2.7_5
GEN_102_FIT_0.9581139185348991_0.9582516420759448_0.9584690859933824_SIZE_1_2.5_5
GEN_103_FIT_0.9581139185348991_0.9581806085842481_0.9584690859933824_SIZE_1_1.7_5
GEN_104_FIT_0.9581139185348991_0.9581960193885516_0.9584690859933824_SIZE_1_1.85_5
GEN_105_FIT_0.9581139185348991_0.958211781887749_0.9584690859933824_SIZE_1_2.0_5
GEN_106_FIT_0.9581139185348991_0.958205399539595_0.9584690859933824_SIZE_1_1.9_5
GEN_107_FIT_0.9581139185348991_0.958205399539595_0.9584690859933824_SIZE_1_1.9_5
GEN_108_FIT_0.9581139185348991_0.958205399539595_0.9584690859933824_SIZE_1_1.9_5
GEN_109_FIT_0.9581139185348991_0.958218629833825_0.9584690859933824_SIZE_1_2.0_5
GEN_110_FIT_0.9581139185348991_0.958218629833825_0.9584690859933824_SIZE_1_2.0_5
GEN_111_FIT_0.9581139185348991_0.958218629833825_0.9584690859933824_SIZE_1_2.0_5
Stop early, no improvement in 20 gens.
Evaluating in sample:
[make_tuple(0.0625, 0.8139696772373907, 0.015625, 0.00390625, 0.9284706898587677, 9.0, 1.0, 0.8576264207986637, 0.5960595586380764)|0.9581]
[make_tuple(0.0625, 1.0, 0.015625, 0.00390625, 0.9284706898587677, 9.0, 1.0, 0.8576264207986637, expit(0.22860462765927558))|0.9582]
[make_tuple(0.0625, 1.0, 0.015625, 0.00390625, 0.9284706898587677, 9.0, add(0.8576264207986637, 0.22860462765927558), 0.8576264207986637, expit(0.2969832972155543))|0.9584]
[make_tuple(0.0625, 1.0, 0.015625, mul(0.01, 0.3181431229899727), 0.9284706898587677, 9.0, add(0.8576264207986637, 0.22860462765927558), 0.8576264207986637, expit(0.2983792622620789))|0.9584]
[make_tuple(0.0625, add(1.0, 0.9284706898587677), 0.015625, mul(0.01, 0.3181431229899727), 0.8576264207986637, 9.0, add(0.8576264207986637, 0.22860462765927558), 0.8576264207986637, expit(0.2969832972155543))|0.9585]
Evaluating out-of-sample:
[make_tuple(0.0625, 0.8139696772373907, 0.015625, 0.00390625, 0.9284706898587677, 9.0, 1.0, 0.8576264207986637, 0.5960595586380764)|0.9858]
[make_tuple(0.0625, 1.0, 0.015625, 0.00390625, 0.9284706898587677, 9.0, 1.0, 0.8576264207986637, expit(0.22860462765927558))|0.9864]
[make_tuple(0.0625, 1.0, 0.015625, 0.00390625, 0.9284706898587677, 9.0, add(0.8576264207986637, 0.22860462765927558), 0.8576264207986637, expit(0.2969832972155543))|0.9864]
[make_tuple(0.0625, 1.0, 0.015625, mul(0.01, 0.3181431229899727), 0.9284706898587677, 9.0, add(0.8576264207986637, 0.22860462765927558), 0.8576264207986637, expit(0.2983792622620789))|0.9864]
[make_tuple(0.0625, add(1.0, 0.9284706898587677), 0.015625, mul(0.01, 0.3181431229899727), 0.8576264207986637, 9.0, add(0.8576264207986637, 0.22860462765927558), 0.8576264207986637, expit(0.2969832972155543))|0.9865]
START_TASK: 11
GEN_0_FIT_0.8374847893560723_0.8643426775907536_0.9071598946528074_SIZE_1_7.0_29
GEN_1_FIT_0.8724034523319283_0.8985449086407795_0.9416128358414732_SIZE_1_11.1_29
GEN_2_FIT_0.8917404196258959_0.9095686487813672_0.9416128358414732_SIZE_1_6.45_26
GEN_3_FIT_0.8929921465290088_0.934598119793019_0.9484848615375908_SIZE_1_6.35_24
GEN_4_FIT_0.9403248363704795_0.9446426355224183_0.9499100687134503_SIZE_1_7.95_23
GEN_5_FIT_0.9412973436225581_0.9453850126236594_0.9499181774862133_SIZE_1_5.9_10
GEN_6_FIT_0.9452902532116826_0.9484656825319402_0.9513990796073802_SIZE_1_5.9_11
GEN_7_FIT_0.9459782488229742_0.9496801369540252_0.9527617906247242_SIZE_1_5.1_10
GEN_8_FIT_0.947252906832514_0.9505138123534478_0.9527617906247242_SIZE_1_3.55_10
GEN_9_FIT_0.9507111449224188_0.9524398206520814_0.9540081873011196_SIZE_1_3.15_6
GEN_10_FIT_0.9517639129539102_0.9533546976014146_0.9561302280105782_SIZE_1_3.0_6
GEN_11_FIT_0.9518334821126271_0.9538434886781296_0.9564817314060656_SIZE_1_2.05_4
GEN_12_FIT_0.95278209612225_0.9547319347544011_0.9564817314060656_SIZE_1_2.1_3
GEN_13_FIT_0.9533768698954264_0.9556312048653076_0.9575669534404035_SIZE_1_1.9_3
GEN_14_FIT_0.9544220437724685_0.9566532126289727_0.9576858903395448_SIZE_1_1.85_4
GEN_15_FIT_0.9564465478229482_0.9574107125444439_0.9576858903395448_SIZE_1_2.1_4
GEN_16_FIT_0.9573378352711686_0.9575705245650636_0.9577832190132459_SIZE_1_1.9_3
GEN_17_FIT_0.9575702170346562_0.9577283023287684_0.958151980505914_SIZE_1_2.55_4
GEN_18_FIT_0.9573443947053675_0.9577377175028307_0.958151980505914_SIZE_1_1.9_4
GEN_19_FIT_0.9575702170346562_0.9578716369038786_0.9582304981385016_SIZE_1_1.8_4
GEN_20_FIT_0.9577914666422135_0.958113470120835_0.9583643640605871_SIZE_1_1.75_3
GEN_21_FIT_0.9579870845614608_0.9581946561279485_0.9584108287273614_SIZE_1_1.55_3
GEN_22_FIT_0.9580814787976707_0.9582331445024177_0.9584108287273614_SIZE_1_1.5_3
GEN_23_FIT_0.9581903863524253_0.9583139303582267_0.958533862174087_SIZE_1_1.65_3
GEN_24_FIT_0.9581941906254312_0.9583559435922012_0.9585597700715751_SIZE_1_1.7_4
GEN_25_FIT_0.9582515401456287_0.9584143082544495_0.958588610468902_SIZE_1_1.65_3
GEN_26_FIT_0.958269922616384_0.958459422968782_0.958588610468902_SIZE_1_1.6_3
GEN_27_FIT_0.9583587852128679_0.9584851345623173_0.958588610468902_SIZE_1_1.55_3
GEN_28_FIT_0.9583594949703287_0.9585426167189581_0.958588610468902_SIZE_1_1.55_2
GEN_29_FIT_0.9584735235455102_0.9585750308199753_0.958588610468902_SIZE_1_1.5_2
GEN_30_FIT_0.9585829712330848_0.9585937138099231_0.958696316525143_SIZE_1_1.25_2
GEN_31_FIT_0.958588610468902_0.958604943551937_0.958699860017125_SIZE_1_1.0_1
GEN_32_FIT_0.958588610468902_0.9586299771668271_0.9587447852007269_SIZE_1_1.05_2
GEN_33_FIT_0.958588610468902_0.9586581255509392_0.9587447852007269_SIZE_1_1.2_2
GEN_34_FIT_0.958696316525143_0.9587071849478062_0.9587447852007269_SIZE_1_1.2_2
GEN_35_FIT_0.958698757978699_0.9587270810198953_0.9588918613919112_SIZE_1_1.35_2
GEN_36_FIT_0.9587141524304118_0.9587471393451846_0.9588918613919112_SIZE_1_1.5_2
GEN_37_FIT_0.9587230254763802_0.9587701184686448_0.9588918613919112_SIZE_1_1.35_2
GEN_38_FIT_0.958723814061027_0.958797325844029_0.9589126213283025_SIZE_1_1.4_3
GEN_39_FIT_0.9587447852007269_0.9588310249197285_0.9589126213283025_SIZE_1_1.6_3
GEN_40_FIT_0.9587447852007269_0.9588306471480269_0.9589126213283025_SIZE_1_1.5_2
GEN_41_FIT_0.9587483286927089_0.958846898656217_0.9589126213283025_SIZE_1_1.55_2
GEN_42_FIT_0.9587483286927089_0.958858017959502_0.9589126213283025_SIZE_1_1.7_3
GEN_43_FIT_0.9587977895018035_0.9588857090548345_0.9589445432956836_SIZE_1_1.85_3
GEN_44_FIT_0.9588019297469156_0.958892263232026_0.9589445432956836_SIZE_1_1.85_3
GEN_45_FIT_0.9587355923563243_0.9588683581958802_0.9589445432956836_SIZE_1_1.65_3
GEN_46_FIT_0.9588019297469156_0.9588421090143247_0.9589445432956836_SIZE_1_1.4_3
GEN_47_FIT_0.9588027466956349_0.9588382314966084_0.9589445432956836_SIZE_1_1.3_3
GEN_48_FIT_0.9588027466956349_0.9588595366375771_0.9589445432956836_SIZE_1_1.45_3
GEN_49_FIT_0.9587840381310402_0.9588330130969436_0.9589734867806436_SIZE_1_1.25_3
GEN_50_FIT_0.9588027466956349_0.9588426688863814_0.9589734867806436_SIZE_1_1.35_3
GEN_51_FIT_0.9588027466956349_0.9588735161564947_0.9589734867806436_SIZE_1_1.75_3
GEN_52_FIT_0.9588060125864563_0.9589115821953301_0.9589734867806436_SIZE_1_2.1_3
GEN_53_FIT_0.9588125260427717_0.9588942450373006_0.9589734867806436_SIZE_1_1.7_3
GEN_54_FIT_0.95881976672325_0.9588829863712973_0.9589734867806436_SIZE_1_1.55_3
GEN_55_FIT_0.95881976672325_0.958880754406968_0.9589882395130753_SIZE_1_1.5_3
GEN_56_FIT_0.9588211132468376_0.958875773374052_0.9589882395130753_SIZE_1_1.35_2
GEN_57_FIT_0.9588211132468376_0.9588455945441714_0.9589882395130753_SIZE_1_1.15_2
GEN_58_FIT_0.9588211132468376_0.9588395426685349_0.9589949602390407_SIZE_1_1.1_2
GEN_59_FIT_0.9588230857593735_0.9588317853817608_0.9589970782071213_SIZE_1_1.05_2
GEN_60_FIT_0.9588230857593735_0.9588317853817608_0.9589970782071213_SIZE_1_1.05_2
GEN_61_FIT_0.9588230857593735_0.9588404850041483_0.9589970782071213_SIZE_1_1.1_2
GEN_62_FIT_0.9588230857593735_0.9588494463202698_0.9590023120818033_SIZE_1_1.2_3
GEN_63_FIT_0.9588230857593735_0.9588494463202698_0.9590023120818033_SIZE_1_1.2_3
GEN_64_FIT_0.9588230857593735_0.9588494662948742_0.9590027115738938_SIZE_1_1.2_3
GEN_65_FIT_0.9588230857593735_0.9588494662948742_0.9590027115738938_SIZE_1_1.2_3
GEN_66_FIT_0.9588230857593735_0.9588854330136366_0.9590027115738938_SIZE_1_1.55_3
GEN_67_FIT_0.9588230857593735_0.9589047856283079_0.9590027115738938_SIZE_1_1.65_3
GEN_68_FIT_0.9588230857593735_0.958937011751161_0.9590904361667181_SIZE_1_1.9_3
GEN_69_FIT_0.9588230857593735_0.9589522471729973_0.9590904361667181_SIZE_1_1.8_3
GEN_70_FIT_0.9588230857593735_0.9589371055631546_0.9590904361667181_SIZE_1_1.7_4
GEN_71_FIT_0.9588383522732387_0.9589323353599237_0.9590920102381527_SIZE_1_1.6_4
GEN_72_FIT_0.9588383522732387_0.9588975402785458_0.9590920102381527_SIZE_1_1.35_4
GEN_73_FIT_0.9588515574831151_0.9588872933260217_0.9590920102381527_SIZE_1_1.25_3
GEN_74_FIT_0.9588515574831151_0.9589161260511034_0.9590920102381527_SIZE_1_1.45_3
GEN_75_FIT_0.9588515574831151_0.9589402681056594_0.9590920102381527_SIZE_1_1.55_3
GEN_76_FIT_0.9588515574831151_0.9589528640407818_0.9590920102381527_SIZE_1_1.6_3
GEN_77_FIT_0.9588515574831151_0.9589229841040388_0.9590920102381527_SIZE_1_1.4_3
GEN_78_FIT_0.9588515574831151_0.9589752024948359_0.959189769040578_SIZE_1_1.65_3
GEN_79_FIT_0.9588515574831151_0.9590109719764245_0.959189769040578_SIZE_1_1.8_3
GEN_80_FIT_0.958860790856409_0.9590518595723235_0.959189769040578_SIZE_1_2.0_3
GEN_81_FIT_0.958860790856409_0.9590584248499603_0.959189769040578_SIZE_1_2.1_4
GEN_82_FIT_0.958860790856409_0.9590563264231486_0.959189769040578_SIZE_1_2.05_4
GEN_83_FIT_0.958860790856409_0.9590516916511211_0.9592069745897189_SIZE_1_1.9_3
GEN_84_FIT_0.9589069190006945_0.9590879208652654_0.9592069745897189_SIZE_1_2.05_3
GEN_85_FIT_0.9587847584597571_0.9590295225024672_0.9592069745897189_SIZE_1_1.85_3
GEN_86_FIT_0.9588073233409821_0.9590914332911902_0.9592154968398988_SIZE_1_2.1_3
GEN_87_FIT_0.9589069190006945_0.9590374031234731_0.9592894942968414_SIZE_1_1.6_3
GEN_88_FIT_0.9589369043651073_0.9590648874849379_0.9592894942968414_SIZE_1_1.7_3
GEN_89_FIT_0.9589488524337803_0.9590665590555808_0.9592894942968414_SIZE_1_1.65_3
GEN_90_FIT_0.9589488524337803_0.9591579666972082_0.9592894942968414_SIZE_1_2.2_4
GEN_91_FIT_0.9589488524337803_0.9591659912768596_0.9592894942968414_SIZE_1_2.25_4
GEN_92_FIT_0.9589634096681181_0.9591784630114765_0.9592894942968414_SIZE_1_2.1_3
GEN_93_FIT_0.958965351353417_0.9591948643271776_0.9592894942968414_SIZE_1_2.2_3
GEN_94_FIT_0.958965351353417_0.9592060675875336_0.9592894942968414_SIZE_1_2.3_3
GEN_95_FIT_0.9589383711133332_0.9591677524658497_0.9593041884038586_SIZE_1_2.05_3
GEN_96_FIT_0.958965351353417_0.9591795288473453_0.9593041884038586_SIZE_1_2.05_3
GEN_97_FIT_0.958965351353417_0.9591795288473453_0.9593041884038586_SIZE_1_2.05_3
GEN_98_FIT_0.958965351353417_0.9591583178133588_0.9593041884038586_SIZE_1_1.95_3
GEN_99_FIT_0.958965351353417_0.9591730576384812_0.9593041884038586_SIZE_1_2.1_3
GEN_100_FIT_0.958965351353417_0.9591730459546269_0.9593041884038586_SIZE_1_2.15_3
GEN_101_FIT_0.958965351353417_0.9591446657210563_0.9593143557693931_SIZE_1_1.9_3
GEN_102_FIT_0.958965351353417_0.9591128491700767_0.9593143557693931_SIZE_1_1.75_3
GEN_103_FIT_0.958965351353417_0.9590604133656997_0.9593143557693931_SIZE_1_1.5_3
GEN_104_FIT_0.958965351353417_0.9590503996292956_0.9593143557693931_SIZE_1_1.45_3
GEN_105_FIT_0.958965351353417_0.9590740993055951_0.9593143557693931_SIZE_1_1.6_3
GEN_106_FIT_0.958965351353417_0.9591271619398102_0.9593143557693931_SIZE_1_1.85_3
GEN_107_FIT_0.958965351353417_0.9591337066504693_0.9593143557693931_SIZE_1_1.85_3
GEN_108_FIT_0.9589771869651953_0.9592025022562956_0.9593143557693931_SIZE_1_2.3_4
GEN_109_FIT_0.9589771869651953_0.9592187446127145_0.9593199239005158_SIZE_1_2.5_4
GEN_110_FIT_0.9589771869651953_0.9592593565443712_0.9593199239005158_SIZE_1_2.75_4
GEN_111_FIT_0.9589771869651953_0.9592231260094554_0.9593215568805509_SIZE_1_2.45_4
GEN_112_FIT_0.9589771869651953_0.9591881645810257_0.9593215568805509_SIZE_1_2.2_4
GEN_113_FIT_0.9589771869651953_0.9591778795554118_0.9593215568805509_SIZE_1_2.15_4
GEN_114_FIT_0.9589771869651953_0.9591629857743275_0.9593215568805509_SIZE_1_2.1_4
GEN_115_FIT_0.9589771869651953_0.9591459305765632_0.9593215568805509_SIZE_1_1.95_4
GEN_116_FIT_0.9589771869651953_0.9591315294269993_0.9593215568805509_SIZE_1_1.95_4
GEN_117_FIT_0.9589771869651953_0.9591771631423394_0.9593215568805509_SIZE_1_2.2_4
GEN_118_FIT_0.9589771869651953_0.9591948007047773_0.9593215568805509_SIZE_1_2.3_4
GEN_119_FIT_0.9589771869651953_0.9591849002931981_0.9593215568805509_SIZE_1_2.2_4
GEN_120_FIT_0.9589771869651953_0.9591914982662711_0.9593215568805509_SIZE_1_2.2_3
GEN_121_FIT_0.9589855682985994_0.9591828675944841_0.9594765506933618_SIZE_1_2.15_4
GEN_122_FIT_0.9589608985701762_0.9590973085943364_0.9594765506933618_SIZE_1_1.65_4
GEN_123_FIT_0.9589855682985994_0.9590487510609451_0.9594765506933618_SIZE_1_1.35_4
GEN_124_FIT_0.9589855682985994_0.9590487510609451_0.9594765506933618_SIZE_1_1.35_4
GEN_125_FIT_0.9589855682985994_0.959068720215235_0.9594765506933618_SIZE_1_1.45_4
GEN_126_FIT_0.9589855682985994_0.9590932693349732_0.9594765506933618_SIZE_1_1.6_4
GEN_127_FIT_0.9589855682985994_0.9590932693349732_0.9594765506933618_SIZE_1_1.6_4
GEN_128_FIT_0.9589855682985994_0.9590932693349732_0.9594765506933618_SIZE_1_1.6_4
GEN_129_FIT_0.9589855682985994_0.9590932693349732_0.9594765506933618_SIZE_1_1.6_4
GEN_130_FIT_0.9589855682985994_0.9590932693349732_0.9594765506933618_SIZE_1_1.6_4
GEN_131_FIT_0.9589855682985994_0.9590932693349732_0.9594765506933618_SIZE_1_1.6_4
GEN_132_FIT_0.9589855682985994_0.9590932693349732_0.9594765506933618_SIZE_1_1.6_4
GEN_133_FIT_0.9589855682985994_0.9590932693349732_0.9594765506933618_SIZE_1_1.6_4
GEN_134_FIT_0.9589855682985994_0.9590932693349732_0.9594765506933618_SIZE_1_1.6_4
GEN_135_FIT_0.9589855682985994_0.9590932693349732_0.9594765506933618_SIZE_1_1.6_4
GEN_136_FIT_0.9589855682985994_0.9590932693349732_0.9594765506933618_SIZE_1_1.6_4
GEN_137_FIT_0.9589855682985994_0.9590932693349732_0.9594765506933618_SIZE_1_1.6_4
GEN_138_FIT_0.9589855682985994_0.9590932693349732_0.9594765506933618_SIZE_1_1.6_4
GEN_139_FIT_0.9589855682985994_0.9590932693349732_0.9594765506933618_SIZE_1_1.6_4
GEN_140_FIT_0.9589855682985994_0.9590932693349732_0.9594765506933618_SIZE_1_1.6_4
GEN_141_FIT_0.9589855682985994_0.9590932693349732_0.9594765506933618_SIZE_1_1.6_4
GEN_142_FIT_0.9589855682985994_0.9590932693349732_0.9594765506933618_SIZE_1_1.6_4
Stop early, no improvement in 20 gens.
Evaluating in sample:
[make_tuple(0.0625, 1.0, 0.026837191136983685, 0.00390625, 0.8531765031303916, 9.0, 1.0, 0.8646267823790387, 0.5421737795342064)|0.9590]
[make_tuple(truediv(0.00390625, 0.07822439080327681), 0.09030779474687567, 0.026837191136983685, 0.00390625, 0.8523388491478592, 9.0, 1.0, 0.8646267823790387, 0.5421737795342064)|0.9592]
[make_tuple(truediv(0.00390625, 0.07822439080327681), 0.07822439080327681, 0.026837191136983685, 0.00390625, 0.8523388491478592, add(9.0, 5.0), 1.0, 0.8646267823790387, 0.5421737795342064)|0.9594]
[make_tuple(truediv(0.00390625, 0.07822439080327681), 0.07822439080327681, 0.026837191136983685, 0.00390625, 0.8523388491478592, add(9.0, 5.0), add(1.0, 0.0625), 0.8646267823790387, 0.5421737795342064)|0.9595]
Evaluating out-of-sample:
[make_tuple(0.0625, 1.0, 0.026837191136983685, 0.00390625, 0.8531765031303916, 9.0, 1.0, 0.8646267823790387, 0.5421737795342064)|0.9022]
[make_tuple(truediv(0.00390625, 0.07822439080327681), 0.09030779474687567, 0.026837191136983685, 0.00390625, 0.8523388491478592, 9.0, 1.0, 0.8646267823790387, 0.5421737795342064)|0.9033]
[make_tuple(truediv(0.00390625, 0.07822439080327681), 0.07822439080327681, 0.026837191136983685, 0.00390625, 0.8523388491478592, add(9.0, 5.0), 1.0, 0.8646267823790387, 0.5421737795342064)|0.9022]
[make_tuple(truediv(0.00390625, 0.07822439080327681), 0.07822439080327681, 0.026837191136983685, 0.00390625, 0.8523388491478592, add(9.0, 5.0), add(1.0, 0.0625), 0.8646267823790387, 0.5421737795342064)|0.9012]
START_TASK: 12
GEN_0_FIT_0.8608580951132521_0.8964901080844341_0.9371491497732288_SIZE_1_8.9_31
GEN_1_FIT_0.905746776004513_0.9208884586263932_0.9371491497732288_SIZE_1_5.85_23
GEN_2_FIT_0.928704835212388_0.9334566145411778_0.9426747793143864_SIZE_1_2.35_11
GEN_3_FIT_0.937254845540321_0.9405426318490286_0.9488522081350612_SIZE_1_2.15_11
GEN_4_FIT_0.943021538464262_0.9455416003874045_0.950113622577075_SIZE_1_1.5_3
GEN_5_FIT_0.9464477663961471_0.9482307501292562_0.9507451446506792_SIZE_1_1.7_3
GEN_6_FIT_0.9485455349395248_0.9496802061254799_0.9512025615368243_SIZE_1_1.7_3
GEN_7_FIT_0.950364202221431_0.9509333923469443_0.9520668016780118_SIZE_1_1.55_3
GEN_8_FIT_0.951151326633211_0.9518625161214771_0.9533035780142446_SIZE_1_1.4_3
GEN_9_FIT_0.9520215940168419_0.9524458642775329_0.9540215798507643_SIZE_1_1.45_3
GEN_10_FIT_0.9526127712693455_0.9533505526145_0.9544711484155985_SIZE_1_1.8_4
GEN_11_FIT_0.9537573312377916_0.9541021464783823_0.9546634028939998_SIZE_1_1.45_4
GEN_12_FIT_0.9540606633776787_0.9543540958131587_0.9546841073869341_SIZE_1_1.55_3
GEN_13_FIT_0.9544711484155985_0.9547649440176228_0.9552917232576832_SIZE_1_1.5_3
GEN_14_FIT_0.9548654022018455_0.9552031444580121_0.9558906939779358_SIZE_1_1.5_3
GEN_15_FIT_0.955289840543069_0.9555132694823989_0.9558906939779358_SIZE_1_1.7_3
GEN_16_FIT_0.955503038824444_0.9556804130304901_0.9560888655690462_SIZE_1_1.6_3
GEN_17_FIT_0.9557975305789581_0.9559944511660868_0.9565050595609782_SIZE_1_1.65_4
GEN_18_FIT_0.9560197532588686_0.9562905994013884_0.9571117087719038_SIZE_1_1.4_4
GEN_19_FIT_0.9562065352506962_0.9565745844564892_0.9571117087719038_SIZE_1_1.45_2
GEN_20_FIT_0.9565268293846853_0.9569806160423344_0.9574127538824093_SIZE_1_1.45_2
GEN_21_FIT_0.957012754569326_0.9571858049541155_0.9574643744670805_SIZE_1_1.5_3
GEN_22_FIT_0.9570783458931178_0.9572685500777499_0.9574643744670805_SIZE_1_1.8_3
GEN_23_FIT_0.9571250593587757_0.9573318244536939_0.9574643744670805_SIZE_1_1.85_3
GEN_24_FIT_0.9572646071050248_0.9573976079872806_0.9577019153033086_SIZE_1_1.85_3
GEN_25_FIT_0.9573551020665014_0.9575048143171332_0.9579280811641214_SIZE_1_1.85_3
GEN_26_FIT_0.9574363110776496_0.9576239855042636_0.9579280811641214_SIZE_1_1.95_4
GEN_27_FIT_0.9575489521987687_0.9577565848077884_0.9579280811641214_SIZE_1_2.3_5
GEN_28_FIT_0.9575756563524322_0.9578212471357869_0.9579280811641214_SIZE_1_2.25_4
GEN_29_FIT_0.9576787514583867_0.9578317720160989_0.9580591990900718_SIZE_1_1.9_3
GEN_30_FIT_0.9577708133994864_0.957933791879452_0.9580591990900718_SIZE_1_1.9_3
GEN_31_FIT_0.9577708133994864_0.9579409517727028_0.9580989395411915_SIZE_1_1.6_3
GEN_32_FIT_0.9579280811641214_0.958028695298542_0.9580989395411915_SIZE_1_1.75_3
GEN_33_FIT_0.9579808455559324_0.9580700705339176_0.9580989395411915_SIZE_1_1.8_3
GEN_34_FIT_0.9580591990900718_0.9580861234390253_0.9581043287705928_SIZE_1_1.6_3
GEN_35_FIT_0.9580807165041432_0.9580885446419025_0.9581043287705928_SIZE_1_1.4_4
GEN_36_FIT_0.9580807165041432_0.958089725255225_0.9581043287705928_SIZE_1_1.5_4
GEN_37_FIT_0.9580856230022092_0.9580991912200847_0.9581045986455714_SIZE_1_1.35_3
GEN_38_FIT_0.9580984462913198_0.9581000062183269_0.9581045986455714_SIZE_1_1.3_3
GEN_39_FIT_0.9580989395411915_0.9581005698037608_0.9581045986455714_SIZE_1_1.1_2
GEN_40_FIT_0.9580989395411915_0.9581016494874255_0.9581045986455714_SIZE_1_1.2_2
GEN_41_FIT_0.9580989762968821_0.9581076900857912_0.9581819901470082_SIZE_1_1.25_2
GEN_42_FIT_0.9581043287705928_0.9581180247441962_0.9581819901470082_SIZE_1_1.05_2
GEN_43_FIT_0.9581043287705928_0.9581246920281277_0.9581820815306903_SIZE_1_1.1_2
GEN_44_FIT_0.9581043287705928_0.9581545139658625_0.958238349879282_SIZE_1_1.4_3
GEN_45_FIT_0.9581515786063987_0.9581855476741896_0.958238349879282_SIZE_1_1.75_3
GEN_46_FIT_0.958180709033131_0.958194758195112_0.958238349879282_SIZE_1_1.25_2
GEN_47_FIT_0.9581820815306903_0.9582152751372689_0.958238349879282_SIZE_1_1.4_2
GEN_48_FIT_0.9582090029913669_0.958236111503728_0.958238349879282_SIZE_1_1.5_2
GEN_49_FIT_0.9582371285826474_0.958237983490292_0.958238349879282_SIZE_1_1.3_2
GEN_50_FIT_0.9582371285826474_0.9582385937673706_0.9582444489376905_SIZE_1_1.1_2
GEN_51_FIT_0.958238349879282_0.9582386548322022_0.9582444489376905_SIZE_1_1.0_1
GEN_52_FIT_0.958238349879282_0.9582386548322022_0.9582444489376905_SIZE_1_1.0_1
GEN_53_FIT_0.958238349879282_0.9582420721090846_0.9582815557949373_SIZE_1_1.05_2
GEN_54_FIT_0.958238349879282_0.9582440871977488_0.9582815557949373_SIZE_1_1.1_2
GEN_55_FIT_0.958238349879282_0.9582505369048887_0.9582815557949373_SIZE_1_1.1_2
GEN_56_FIT_0.9582444489376905_0.9582557140330451_0.9582815557949373_SIZE_1_1.2_2
GEN_57_FIT_0.9582535120305692_0.9582598631883675_0.9582815557949373_SIZE_1_1.2_2
GEN_58_FIT_0.9582571882844055_0.9582634115650388_0.9582815557949373_SIZE_1_1.4_2
GEN_59_FIT_0.9582573904428675_0.9582678348910234_0.9582815557949373_SIZE_1_1.15_2
GEN_60_FIT_0.9582573904428675_0.9582761325044569_0.9582928307086869_SIZE_1_1.25_2
GEN_61_FIT_0.9582767827704239_0.9582818808893989_0.9582928307086869_SIZE_1_1.25_2
GEN_62_FIT_0.9582815557949373_0.9582871257562682_0.9583478553665568_SIZE_1_1.05_2
GEN_63_FIT_0.9582815557949373_0.958289380739018_0.9583478553665568_SIZE_1_1.05_2
GEN_64_FIT_0.9582815557949373_0.958295209543787_0.9583478553665568_SIZE_1_1.2_2
GEN_65_FIT_0.9582928307086869_0.9582963370351619_0.9583478553665568_SIZE_1_1.1_2
GEN_66_FIT_0.9582928307086869_0.9583002437689631_0.9583836616871977_SIZE_1_1.1_2
GEN_67_FIT_0.9582928307086869_0.9583029950018567_0.9583836616871977_SIZE_1_1.15_2
GEN_68_FIT_0.9582928307086869_0.9583029950018567_0.9583836616871977_SIZE_1_1.15_2
GEN_69_FIT_0.9582928307086869_0.9583075365507823_0.9583836616871977_SIZE_1_1.2_2
GEN_70_FIT_0.9582928307086869_0.9583075365507823_0.9583836616871977_SIZE_1_1.2_2
GEN_71_FIT_0.9582928307086869_0.9583129649527246_0.9583836616871977_SIZE_1_1.25_2
GEN_72_FIT_0.9582928307086869_0.9583175065016503_0.9583836616871977_SIZE_1_1.3_2
GEN_73_FIT_0.9582928307086869_0.9583220480505756_0.9583836616871977_SIZE_1_1.35_2
GEN_74_FIT_0.9582928307086869_0.9583401944769576_0.9583836616871977_SIZE_1_1.6_3
GEN_75_FIT_0.9582928307086869_0.9583628824522652_0.9583836616871977_SIZE_1_1.9_3
GEN_76_FIT_0.9582928307086869_0.9583746339530869_0.9583836616871977_SIZE_1_1.95_3
GEN_77_FIT_0.9582952362778343_0.9583836598456517_0.9584720502656434_SIZE_1_2.0_3
GEN_78_FIT_0.9582815557949373_0.9583594324846878_0.9584720502656434_SIZE_1_1.8_3
GEN_79_FIT_0.9582815557949373_0.9583236954223967_0.9584720502656434_SIZE_1_1.45_3
GEN_80_FIT_0.9582815557949373_0.9583163960664101_0.9584720502656434_SIZE_1_1.35_3
GEN_81_FIT_0.9582815557949373_0.9583547165027435_0.9584720502656434_SIZE_1_1.8_4
GEN_82_FIT_0.9582815557949373_0.9583773944798661_0.9584720502656434_SIZE_1_2.1_4
GEN_83_FIT_0.9582877753953359_0.9583664465073858_0.9584720502656434_SIZE_1_1.8_3
GEN_84_FIT_0.9582952362778343_0.9583574070664186_0.9584720502656434_SIZE_1_1.7_3
GEN_85_FIT_0.9582952362778343_0.9583220442688566_0.9584720502656434_SIZE_1_1.3_3
GEN_86_FIT_0.9582952362778343_0.9583220442688566_0.9584720502656434_SIZE_1_1.3_3
GEN_87_FIT_0.9582952362778343_0.9583220442688566_0.9584720502656434_SIZE_1_1.3_3
GEN_88_FIT_0.9582952362778343_0.9583180429212763_0.9584720502656434_SIZE_1_1.25_3
GEN_89_FIT_0.9582952362778343_0.9583180429212763_0.9584720502656434_SIZE_1_1.25_3
GEN_90_FIT_0.9582952362778343_0.9583231681659375_0.9584720502656434_SIZE_1_1.3_3
GEN_91_FIT_0.9582952362778343_0.9583231681659375_0.9584720502656434_SIZE_1_1.3_3
GEN_92_FIT_0.9582952362778343_0.9583231681659375_0.9584720502656434_SIZE_1_1.3_3
GEN_93_FIT_0.9582952362778343_0.9583231681659375_0.9584720502656434_SIZE_1_1.3_3
GEN_94_FIT_0.9582952362778343_0.9583231681659375_0.9584720502656434_SIZE_1_1.3_3
GEN_95_FIT_0.9582952362778343_0.9583231681659375_0.9584720502656434_SIZE_1_1.3_3
GEN_96_FIT_0.9582952362778343_0.9583231681659375_0.9584720502656434_SIZE_1_1.3_3
GEN_97_FIT_0.9582952362778343_0.9583231681659375_0.9584720502656434_SIZE_1_1.3_3
GEN_98_FIT_0.9582952362778343_0.9583231681659375_0.9584720502656434_SIZE_1_1.3_3
Stop early, no improvement in 20 gens.
Evaluating in sample:
[make_tuple(0.054989959195405835, 0.125, 0.02641263133242766, 0.00390625, 0.8461714637136344, 9.0, 1.0, 0.887775539377735, 0.5581928060234677)|0.9583]
[make_tuple(0.054989959195405835, 0.125, 0.02641263133242766, 0.00390625, 0.8461714637136344, add(9.0, 3.0), 1.0, 0.887775539377735, 0.5581928060234677)|0.9584]
[make_tuple(0.054989959195405835, 0.887775539377735, 0.02641263133242766, 0.00390625, 0.8461714637136344, add(9.0, 3.0), add(0.054989959195405835, 1.0), 0.887775539377735, 0.5581928060234677)|0.9585]
Evaluating out-of-sample:
[make_tuple(0.054989959195405835, 0.125, 0.02641263133242766, 0.00390625, 0.8461714637136344, 9.0, 1.0, 0.887775539377735, 0.5581928060234677)|0.9948]
[make_tuple(0.054989959195405835, 0.125, 0.02641263133242766, 0.00390625, 0.8461714637136344, add(9.0, 3.0), 1.0, 0.887775539377735, 0.5581928060234677)|0.9949]
[make_tuple(0.054989959195405835, 0.887775539377735, 0.02641263133242766, 0.00390625, 0.8461714637136344, add(9.0, 3.0), add(0.054989959195405835, 1.0), 0.887775539377735, 0.5581928060234677)|0.9949]
START_TASK: 14
GEN_0_FIT_0.858467979084934_0.87924205790867_0.9135266093071401_SIZE_1_7.1_26
GEN_1_FIT_0.8893782265741731_0.9067526434145254_0.9235185617540417_SIZE_1_5.15_26
GEN_2_FIT_0.9167247729478274_0.9216068348949191_0.9337106644856216_SIZE_1_1.65_8
GEN_3_FIT_0.9235185617540417_0.9305382513849547_0.9353742069139794_SIZE_1_1.3_2
GEN_4_FIT_0.9337106644856216_0.9381057262529018_0.9449559446895693_SIZE_1_1.45_2
GEN_5_FIT_0.9418412998323596_0.9444919100098309_0.9491170999504225_SIZE_1_1.15_2
GEN_6_FIT_0.9458907504208021_0.9475907925665847_0.950745508645555_SIZE_1_1.45_3
GEN_7_FIT_0.9483210113570493_0.9499383798416844_0.951910316908439_SIZE_1_1.35_2
GEN_8_FIT_0.950745508645555_0.9513118030241083_0.9527873280211938_SIZE_1_1.4_2
GEN_9_FIT_0.9515842965834058_0.9522802633851113_0.952788132547133_SIZE_1_1.65_3
GEN_10_FIT_0.9525250051963089_0.953077416936463_0.954633756619479_SIZE_1_1.65_3
GEN_11_FIT_0.9531225880339016_0.9539694970311091_0.9552624387291259_SIZE_1_1.3_2
GEN_12_FIT_0.953756321824583_0.9546848906177068_0.9559076563081245_SIZE_1_1.35_2
GEN_13_FIT_0.9547939221963233_0.955312748276046_0.9559076563081245_SIZE_1_1.4_2
GEN_14_FIT_0.9552624387291259_0.9556749954211687_0.956439033095746_SIZE_1_1.25_2
GEN_15_FIT_0.9557917009364221_0.9559626133298327_0.956439033095746_SIZE_1_1.15_2
GEN_16_FIT_0.9561511290569585_0.9563016831847075_0.9566149939510096_SIZE_1_1.3_2
GEN_17_FIT_0.9563572389359155_0.9564996204506511_0.95690502512982_SIZE_1_1.45_3
GEN_18_FIT_0.956516323684713_0.956702671843774_0.9572404776876668_SIZE_1_1.65_3
GEN_19_FIT_0.9566648398186249_0.9569547669523203_0.9573557076264932_SIZE_1_1.65_3
GEN_20_FIT_0.9569051441532682_0.9571923231953663_0.9573986687778615_SIZE_1_1.6_3
GEN_21_FIT_0.9572402477745935_0.9573393436217474_0.9575913368865475_SIZE_1_1.45_2
GEN_22_FIT_0.9573518991049298_0.9574025945184866_0.9575913368865475_SIZE_1_1.25_2
GEN_23_FIT_0.9574052823306476_0.9574827793451416_0.9576188285257863_SIZE_1_1.4_3
GEN_24_FIT_0.9574857270844398_0.9575561647955022_0.9576940798916492_SIZE_1_1.65_3
GEN_25_FIT_0.9575180637721495_0.9575801066167416_0.9576940798916492_SIZE_1_1.75_3
GEN_26_FIT_0.9575183025260642_0.9575881644841333_0.9576941052611624_SIZE_1_1.65_3
GEN_27_FIT_0.9575327365378297_0.9576496067301866_0.9578987597217641_SIZE_1_1.85_3
GEN_28_FIT_0.9575562241975216_0.9576835230650392_0.9578987597217641_SIZE_1_1.9_3
GEN_29_FIT_0.9575973411425046_0.9577213068149977_0.9578987597217641_SIZE_1_2.0_3
GEN_30_FIT_0.9576361873528968_0.9577898901978041_0.957954591970494_SIZE_1_1.95_4
GEN_31_FIT_0.9577405280537379_0.9578412258494785_0.9579579377412814_SIZE_1_2.3_4
GEN_32_FIT_0.9577424128619577_0.9578555188977214_0.9580682748805408_SIZE_1_2.2_4
GEN_33_FIT_0.9577481848324952_0.957873012763487_0.9580682748805408_SIZE_1_2.1_4
GEN_34_FIT_0.9577785168085357_0.9578873318501561_0.9580842188005427_SIZE_1_1.85_3
GEN_35_FIT_0.9577878236898578_0.9579122278240343_0.9580842188005427_SIZE_1_1.85_3
GEN_36_FIT_0.9577904774637583_0.9579523758828424_0.9580842188005427_SIZE_1_1.95_3
GEN_37_FIT_0.9578084254968326_0.9579748394886934_0.9581342225454058_SIZE_1_2.05_3
GEN_38_FIT_0.957810758007305_0.9579851094604104_0.9581342225454058_SIZE_1_2.05_3
GEN_39_FIT_0.957810758007305_0.9580382905016999_0.9581348815409153_SIZE_1_2.55_4
GEN_40_FIT_0.9578552221099504_0.9580497356049722_0.9581348815409153_SIZE_1_2.55_5
GEN_41_FIT_0.9578557183632642_0.9580545139829246_0.9582057671687881_SIZE_1_2.3_4
GEN_42_FIT_0.9578754035472277_0.9580623642241172_0.9582057671687881_SIZE_1_2.35_5
GEN_43_FIT_0.9578818973456913_0.9580984157141718_0.9582057671687881_SIZE_1_2.8_6
GEN_44_FIT_0.9580016652078821_0.9581368299226447_0.9582057671687881_SIZE_1_2.95_6
GEN_45_FIT_0.9580195678150394_0.95812793725781_0.9582435155409115_SIZE_1_2.9_6
GEN_46_FIT_0.9580374116236348_0.9581431463231592_0.9583106527020547_SIZE_1_2.85_5
GEN_47_FIT_0.9580374116236348_0.9581563043167467_0.9583106527020547_SIZE_1_3.0_5
GEN_48_FIT_0.9580406865203543_0.9581730226837581_0.9583106527020547_SIZE_1_3.2_5
GEN_49_FIT_0.9580406865203543_0.9581776249112688_0.9583106527020547_SIZE_1_3.2_6
GEN_50_FIT_0.9580536976670927_0.9581941561996994_0.9583106527020547_SIZE_1_3.4_6
GEN_51_FIT_0.9580536976670927_0.9581785857377344_0.9583170522479563_SIZE_1_3.0_5
GEN_52_FIT_0.9580536976670927_0.9581819978046134_0.9583170522479563_SIZE_1_2.95_5
GEN_53_FIT_0.9580536976670927_0.9581732236250884_0.9583401466095625_SIZE_1_2.7_5
GEN_54_FIT_0.9580536976670927_0.9581836536277107_0.9583401466095625_SIZE_1_2.7_5
GEN_55_FIT_0.9578893435240972_0.9581622686947634_0.9583401466095625_SIZE_1_2.5_5
GEN_56_FIT_0.9580443224290268_0.9581573030031205_0.9583401466095625_SIZE_1_2.4_5
GEN_57_FIT_0.9580536976670927_0.9581284267351876_0.9583401466095625_SIZE_1_1.95_5
GEN_58_FIT_0.9580536976670927_0.9581390024706637_0.9583515701732237_SIZE_1_2.1_5
GEN_59_FIT_0.9580562003018602_0.9581590624045464_0.9583796292430734_SIZE_1_2.2_5
GEN_60_FIT_0.9580562003018602_0.9582119543996385_0.9583796292430734_SIZE_1_2.85_5
GEN_61_FIT_0.9580562003018602_0.958215859381834_0.9583796292430734_SIZE_1_2.9_5
GEN_62_FIT_0.9580562003018602_0.9582248523133645_0.9583796292430734_SIZE_1_2.95_5
GEN_63_FIT_0.9580562003018602_0.9582248523133645_0.9583796292430734_SIZE_1_2.95_5
GEN_64_FIT_0.9580562003018602_0.958240376078693_0.9583796292430734_SIZE_1_3.1_5
GEN_65_FIT_0.9580615036884947_0.9582433919491151_0.9583796292430734_SIZE_1_3.1_5
GEN_66_FIT_0.9580615036884947_0.9582571003367027_0.9583796292430734_SIZE_1_3.3_5
GEN_67_FIT_0.9580615036884947_0.9582626711832107_0.9583796292430734_SIZE_1_3.4_5
GEN_68_FIT_0.9580615036884947_0.9582632587163233_0.9583796292430734_SIZE_1_3.45_5
GEN_69_FIT_0.9580615036884947_0.9582919588387838_0.9583796292430734_SIZE_1_3.85_5
GEN_70_FIT_0.9580615036884947_0.9583173822325926_0.9583840788297519_SIZE_1_4.2_6
GEN_71_FIT_0.9580615036884947_0.9582961058664793_0.9583840788297519_SIZE_1_3.85_6
GEN_72_FIT_0.9580615036884947_0.9582801995887504_0.9583840788297519_SIZE_1_3.65_6
GEN_73_FIT_0.9580615036884947_0.9582535531342533_0.9583840788297519_SIZE_1_3.15_6
GEN_74_FIT_0.9580615036884947_0.9582004642126825_0.9583840788297519_SIZE_1_2.4_6
GEN_75_FIT_0.9580615036884947_0.9581328972839854_0.9583840788297519_SIZE_1_1.8_6
GEN_76_FIT_0.9580615036884947_0.9582023017124783_0.9584139767365846_SIZE_1_2.6_6
GEN_77_FIT_0.9580615036884947_0.9582560290738471_0.9584139767365846_SIZE_1_2.9_6
GEN_78_FIT_0.9580615036884947_0.9582848061011744_0.9584139767365846_SIZE_1_3.2_6
GEN_79_FIT_0.9580627096956545_0.9582931437568428_0.9584139767365846_SIZE_1_3.15_6
GEN_80_FIT_0.9580627096956545_0.9582755836907472_0.9584139767365846_SIZE_1_2.75_6
GEN_81_FIT_0.9580843157128389_0.9582968166729675_0.9584139767365846_SIZE_1_2.75_6
GEN_82_FIT_0.9580843157128389_0.9582936669269433_0.9584139767365846_SIZE_1_2.65_6
GEN_83_FIT_0.9580600150211918_0.9582359470539009_0.9584139767365846_SIZE_1_2.3_6
GEN_84_FIT_0.9580600150211918_0.9582299524911532_0.9584139767365846_SIZE_1_2.55_6
GEN_85_FIT_0.9580600150211918_0.958257550849531_0.9584139767365846_SIZE_1_2.75_6
GEN_86_FIT_0.9580843157128389_0.9582929058237866_0.9584139767365846_SIZE_1_3.0_6
GEN_87_FIT_0.9580843157128389_0.9583255992277724_0.9584175171534505_SIZE_1_3.5_6
GEN_88_FIT_0.9581050311685062_0.9583085787791081_0.9584175171534505_SIZE_1_3.0_6
GEN_89_FIT_0.958108537052576_0.9583305741119716_0.9584175171534505_SIZE_1_3.0_6
GEN_90_FIT_0.9581050311685062_0.9583088116881473_0.9584175171534505_SIZE_1_3.5_6
GEN_91_FIT_0.9581050311685062_0.9582978468557443_0.9584175171534505_SIZE_1_3.45_6
GEN_92_FIT_0.9581050311685062_0.9582839653984854_0.9584175171534505_SIZE_1_3.2_6
GEN_93_FIT_0.9581050311685062_0.9582375285875229_0.9584175171534505_SIZE_1_2.4_7
GEN_94_FIT_0.958108537052576_0.9582255169945257_0.9584175171534505_SIZE_1_2.25_7
GEN_95_FIT_0.958108537052576_0.9581906788788315_0.9584175171534505_SIZE_1_2.0_6
GEN_96_FIT_0.958108537052576_0.9581906788788315_0.9584175171534505_SIZE_1_2.0_6
GEN_97_FIT_0.958108537052576_0.9581906788788315_0.9584175171534505_SIZE_1_2.0_6
GEN_98_FIT_0.958108537052576_0.958206127883875_0.9584175171534505_SIZE_1_2.25_6
GEN_99_FIT_0.958108537052576_0.9582218384226919_0.9584227478289123_SIZE_1_2.55_7
GEN_100_FIT_0.958108537052576_0.9582063894176482_0.9584227478289123_SIZE_1_2.3_7
GEN_101_FIT_0.958108537052576_0.9582607084256429_0.9584227478289123_SIZE_1_3.05_7
GEN_102_FIT_0.958108537052576_0.9583047982134192_0.9584227478289123_SIZE_1_3.75_7
GEN_103_FIT_0.95798877897128_0.9582464071482292_0.9584670635657314_SIZE_1_2.7_7
GEN_104_FIT_0.958108537052576_0.958251472881315_0.9584670635657314_SIZE_1_2.25_6
GEN_105_FIT_0.958108537052576_0.9582951457150806_0.9584670635657314_SIZE_1_2.65_7
GEN_106_FIT_0.9581993289523254_0.9583277008454584_0.9584670635657314_SIZE_1_2.6_7
GEN_107_FIT_0.95813992252367_0.9583007496382585_0.9584670635657314_SIZE_1_2.0_7
GEN_108_FIT_0.9581993289523254_0.9583042065570522_0.9584670635657314_SIZE_1_1.8_4
GEN_109_FIT_0.9582084523578385_0.9582833561484548_0.9584670635657314_SIZE_1_1.55_3
GEN_110_FIT_0.9582084523578385_0.9582327310948843_0.9584890073258916_SIZE_1_1.15_3
GEN_111_FIT_0.9582084523578385_0.9582327310948843_0.9584890073258916_SIZE_1_1.15_3
GEN_112_FIT_0.9582084523578385_0.9582429820835277_0.9584890073258916_SIZE_1_1.2_3
GEN_113_FIT_0.9582084523578385_0.9582429820835277_0.9584890073258916_SIZE_1_1.2_3
GEN_114_FIT_0.9582084523578385_0.9582430279407227_0.9584890073258916_SIZE_1_1.2_3
GEN_115_FIT_0.9582084523578385_0.9582830324993704_0.9584890073258916_SIZE_1_1.45_3
GEN_116_FIT_0.9582084523578385_0.95830831276688_0.9584890073258916_SIZE_1_1.6_3
GEN_117_FIT_0.9582093695017394_0.9583312403195284_0.9584890073258916_SIZE_1_1.7_3
GEN_118_FIT_0.9582093695017394_0.9583326956840887_0.9584890073258916_SIZE_1_1.65_3
GEN_119_FIT_0.9582184894354683_0.9583574434867541_0.9584890073258916_SIZE_1_1.8_3
GEN_120_FIT_0.9582184894354683_0.958404851632275_0.9584890073258916_SIZE_1_2.05_3
GEN_121_FIT_0.9582397856592766_0.9584159863298197_0.9584890073258916_SIZE_1_2.1_3
GEN_122_FIT_0.9582397856592766_0.9584127742996833_0.9585958180627562_SIZE_1_2.1_4
GEN_123_FIT_0.9582397856592766_0.9584040899761119_0.9585958180627562_SIZE_1_2.05_4
GEN_124_FIT_0.9582397856592766_0.9583954056525406_0.9585958180627562_SIZE_1_2.0_4
GEN_125_FIT_0.9582397856592766_0.9583871543020003_0.9585958180627562_SIZE_1_2.0_4
GEN_126_FIT_0.9582397856592766_0.9583784699784287_0.9585958180627562_SIZE_1_1.95_4
GEN_127_FIT_0.9582184894354683_0.9583399910027683_0.9585958180627562_SIZE_1_1.75_4
GEN_128_FIT_0.9582184894354683_0.9583217193644658_0.9585958180627562_SIZE_1_1.65_4
GEN_129_FIT_0.9582184894354683_0.958307555753343_0.9585958180627562_SIZE_1_1.5_4
GEN_130_FIT_0.9582397856592766_0.9583421457348908_0.9585972858957854_SIZE_1_1.8_5
GEN_131_FIT_0.9582397856592766_0.9583421457348908_0.9585972858957854_SIZE_1_1.8_5
GEN_132_FIT_0.9582397856592766_0.9583600207467162_0.9585972858957854_SIZE_1_2.0_5
GEN_133_FIT_0.9582397856592766_0.9583600207467162_0.9585972858957854_SIZE_1_2.0_5
GEN_134_FIT_0.9582397856592766_0.9583600207467162_0.9585972858957854_SIZE_1_2.0_5
GEN_135_FIT_0.9582397856592766_0.9583600207467162_0.9585972858957854_SIZE_1_2.0_5
GEN_136_FIT_0.9582397856592766_0.9583600207467162_0.9585972858957854_SIZE_1_2.0_5
GEN_137_FIT_0.9582397856592766_0.9583600207467162_0.9585972858957854_SIZE_1_2.0_5
GEN_138_FIT_0.9582292723157492_0.9583523907903331_0.9585972858957854_SIZE_1_1.95_5
GEN_139_FIT_0.9582397856592766_0.9583529164575095_0.9585972858957854_SIZE_1_1.95_5
GEN_140_FIT_0.9582397856592766_0.9583529164575095_0.9585972858957854_SIZE_1_1.95_5
GEN_141_FIT_0.9582397856592766_0.9584277831609421_0.9585972858957854_SIZE_1_2.6_5
GEN_142_FIT_0.9582397856592766_0.9584776755909651_0.9585972858957854_SIZE_1_3.25_6
GEN_143_FIT_0.9582397856592766_0.9584921823524427_0.9585972858957854_SIZE_1_3.3_6
GEN_144_FIT_0.9582397856592766_0.958496953858743_0.9585972858957854_SIZE_1_3.1_6
GEN_145_FIT_0.9582403761129351_0.9585110037649685_0.9586184320656191_SIZE_1_3.0_5
GEN_146_FIT_0.9582403761129351_0.9584482116078492_0.9586184320656191_SIZE_1_2.4_5
GEN_147_FIT_0.9582403761129351_0.9584873774492351_0.9586184320656191_SIZE_1_2.75_6
GEN_148_FIT_0.9582439530159476_0.9585005271136723_0.9586184320656191_SIZE_1_2.7_5
GEN_149_FIT_0.9582439530159476_0.9584880297693067_0.9586184320656191_SIZE_1_2.55_5
GEN_150_FIT_0.9582439530159476_0.9584828568279449_0.9586184320656191_SIZE_1_2.5_5
GEN_151_FIT_0.9582439530159476_0.9584725109452211_0.9586184320656191_SIZE_1_2.4_5
GEN_152_FIT_0.9582439530159476_0.9584725109452211_0.9586184320656191_SIZE_1_2.4_5
GEN_153_FIT_0.9582439530159476_0.9584725109452211_0.9586184320656191_SIZE_1_2.4_5
GEN_154_FIT_0.9582439530159476_0.9584725109452211_0.9586184320656191_SIZE_1_2.4_5
GEN_155_FIT_0.9582439530159476_0.9584809660483682_0.9586184320656191_SIZE_1_2.55_5
GEN_156_FIT_0.9582439530159476_0.9584809660483682_0.9586184320656191_SIZE_1_2.55_5
GEN_157_FIT_0.9582439530159476_0.9584978762546621_0.9586184320656191_SIZE_1_2.85_5
GEN_158_FIT_0.9582439530159476_0.9584773385559888_0.9586184320656191_SIZE_1_2.75_5
GEN_159_FIT_0.9582500238534801_0.9585066348996858_0.9586184320656191_SIZE_1_3.0_5
GEN_160_FIT_0.9582500238534801_0.9585135797985197_0.9586184320656191_SIZE_1_3.25_5
GEN_161_FIT_0.9582500238534801_0.9585220349016665_0.9586184320656191_SIZE_1_3.4_5
GEN_162_FIT_0.9582500238534801_0.9585623224097339_0.9586184320656191_SIZE_1_4.1_6
GEN_163_FIT_0.9582500238534801_0.9585645838100204_0.9586184320656191_SIZE_1_4.15_5
GEN_164_FIT_0.9582514490348857_0.9585830754796977_0.9586184320656191_SIZE_1_4.35_5
GEN_165_FIT_0.9582514490348857_0.9585647263281608_0.9586184320656191_SIZE_1_4.15_5
GEN_166_FIT_0.9582514490348857_0.9585647263281608_0.9586184320656191_SIZE_1_4.15_5
Stop early, no improvement in 20 gens.
Evaluating in sample:
[make_tuple(0.05995824521539883, 0.9134033932131356, 0.015625, 0.00390625, 0.8585838440251174, 9.0, 0.9952657292791784, 0.9201144977276668, 0.5481821729988986)|0.9583]
[make_tuple(0.05995824521539883, 2.0, 0.015625, 0.00390625, 0.9134033932131356, 9.0, add(1.0, 0.3158177641715473), 0.9201144977276668, 0.5481821729988986)|0.9585]
[make_tuple(mul(0.05995824521539883, 0.8585838440251174), 2.0, 0.015625, 0.00390625, 0.9134033932131356, 9.0, add(0.9952657292791784, 0.3158177641715473), 0.9201144977276668, 0.5481821729988986)|0.9586]
[make_tuple(mul(0.05995824521539883, 0.8585838440251174), 2.0, 0.015625, truediv(0.001, 0.3158177641715473), 0.9134033932131356, 9.0, add(0.9952657292791784, 0.3158177641715473), 0.9201144977276668, 0.5481821729988986)|0.9586]
[make_tuple(mul(0.05995824521539883, 0.8585838440251174), 2.0, 0.015625, truediv(0.001, 0.3158177641715473), sub(0.9134033932131356, 0.001), 9.0, add(0.9952657292791784, 0.3158177641715473), 0.9201144977276668, 0.5481821729988986)|0.9586]
Evaluating out-of-sample:
[make_tuple(0.05995824521539883, 0.9134033932131356, 0.015625, 0.00390625, 0.8585838440251174, 9.0, 0.9952657292791784, 0.9201144977276668, 0.5481821729988986)|0.9857]
[make_tuple(0.05995824521539883, 2.0, 0.015625, 0.00390625, 0.9134033932131356, 9.0, add(1.0, 0.3158177641715473), 0.9201144977276668, 0.5481821729988986)|0.9884]
[make_tuple(mul(0.05995824521539883, 0.8585838440251174), 2.0, 0.015625, 0.00390625, 0.9134033932131356, 9.0, add(0.9952657292791784, 0.3158177641715473), 0.9201144977276668, 0.5481821729988986)|0.9885]
[make_tuple(mul(0.05995824521539883, 0.8585838440251174), 2.0, 0.015625, truediv(0.001, 0.3158177641715473), 0.9134033932131356, 9.0, add(0.9952657292791784, 0.3158177641715473), 0.9201144977276668, 0.5481821729988986)|0.9883]
[make_tuple(mul(0.05995824521539883, 0.8585838440251174), 2.0, 0.015625, truediv(0.001, 0.3158177641715473), sub(0.9134033932131356, 0.001), 9.0, add(0.9952657292791784, 0.3158177641715473), 0.9201144977276668, 0.5481821729988986)|0.9883]
START_TASK: 15
GEN_0_FIT_0.8462098920723716_0.8843780961389163_0.9389564027700313_SIZE_1_5.6_29
GEN_1_FIT_0.9228613306894803_0.9320177002165193_0.9433769923186842_SIZE_1_5.7_29
GEN_2_FIT_0.9388109679322927_0.941976743429012_0.9494881024260855_SIZE_1_2.2_10
GEN_3_FIT_0.9433769923186842_0.9452089641017938_0.9495296296743749_SIZE_1_1.8_8
GEN_4_FIT_0.9453909483569884_0.9480458912980275_0.9508142595654784_SIZE_1_1.25_2
GEN_5_FIT_0.9494802298464605_0.9498860941274646_0.9521719192010447_SIZE_1_1.4_3
GEN_6_FIT_0.9501670890411676_0.9512535390807445_0.9526990465619656_SIZE_1_1.25_2
GEN_7_FIT_0.9521719192010447_0.9527392032433013_0.9543646608315353_SIZE_1_1.4_3
GEN_8_FIT_0.9528067970236088_0.9538162070547731_0.9546204485765997_SIZE_1_1.6_3
GEN_9_FIT_0.9539976405653342_0.9542938505664335_0.9553338722249516_SIZE_1_1.7_4
GEN_10_FIT_0.9540964427816478_0.9546662398245587_0.9557841951383127_SIZE_1_1.45_3
GEN_11_FIT_0.9546195476702262_0.955200016129748_0.9563811612135016_SIZE_1_1.75_4
GEN_12_FIT_0.9553338722249516_0.9556583554870638_0.9563811612135016_SIZE_1_1.5_3
GEN_13_FIT_0.9554051229015392_0.9560964244068451_0.9565552534052074_SIZE_1_1.95_3
GEN_14_FIT_0.9560689624537982_0.9564260478543233_0.9567196408851754_SIZE_1_2.0_4
GEN_15_FIT_0.9561385999361339_0.956573353476576_0.9567604535703743_SIZE_1_1.9_4
GEN_16_FIT_0.9565011395334378_0.9566790508459622_0.9572758457760445_SIZE_1_1.6_3
GEN_17_FIT_0.9565379049160024_0.9567472912403172_0.9572758457760445_SIZE_1_1.6_3
GEN_18_FIT_0.9567088113498571_0.956947772064798_0.9572833842535321_SIZE_1_1.4_3
GEN_19_FIT_0.9570277674403754_0.9572151179412893_0.9573896714750898_SIZE_1_1.1_2
GEN_20_FIT_0.9572758457760445_0.9572970264472378_0.9573896714750898_SIZE_1_1.3_2
GEN_21_FIT_0.9572833842535321_0.9573338479550466_0.9576981118165945_SIZE_1_1.3_2
GEN_22_FIT_0.9573318645670756_0.9573673210473558_0.9576981118165945_SIZE_1_1.35_2
GEN_23_FIT_0.9573329517035195_0.9574143922044154_0.9576981118165945_SIZE_1_1.45_3
GEN_24_FIT_0.9573584377515647_0.9575786878846643_0.9577589292600229_SIZE_1_1.65_3
GEN_25_FIT_0.95763197825962_0.957681526672765_0.9577589292600229_SIZE_1_1.6_3
GEN_26_FIT_0.9576912097499661_0.957714917807257_0.9577589292600229_SIZE_1_1.35_4
GEN_27_FIT_0.9576979220150045_0.9577211728287368_0.9577589292600229_SIZE_1_1.2_4
GEN_28_FIT_0.9577486907698463_0.9577645692845721_0.957813324329206_SIZE_1_1.25_4
GEN_29_FIT_0.9577555113579233_0.9577925066498109_0.9580600527617669_SIZE_1_1.3_4
GEN_30_FIT_0.9577890528195975_0.9578798532406033_0.9581498210993679_SIZE_1_1.6_4
GEN_31_FIT_0.957818455634436_0.9579964793822043_0.9581498210993679_SIZE_1_1.9_4
GEN_32_FIT_0.9578260046765303_0.9580330786979937_0.9581498210993679_SIZE_1_1.95_4
GEN_33_FIT_0.9579593369842426_0.9580739957881234_0.9583062319995039_SIZE_1_2.2_4
GEN_34_FIT_0.9579633862611089_0.9580820738624695_0.9583177312392026_SIZE_1_1.75_3
GEN_35_FIT_0.9579712869002633_0.9581239296839106_0.9583177312392026_SIZE_1_1.75_3
GEN_36_FIT_0.9579833936960186_0.9582234806833311_0.9584119941965069_SIZE_1_2.15_3
GEN_37_FIT_0.957984658445727_0.9582441867425153_0.9584119941965069_SIZE_1_1.7_3
GEN_38_FIT_0.9582733476421733_0.9583283474324762_0.9584119941965069_SIZE_1_1.9_3
GEN_39_FIT_0.9581924661034558_0.9583331073423877_0.9584233319332948_SIZE_1_1.7_3
GEN_40_FIT_0.958311626617674_0.958352920560902_0.9584371692642737_SIZE_1_1.65_4
GEN_41_FIT_0.9583177312392026_0.9583479027451475_0.9585063119917537_SIZE_1_1.1_2
GEN_42_FIT_0.9583328286899506_0.9583706473070148_0.9585063119917537_SIZE_1_1.2_2
GEN_43_FIT_0.9583328286899506_0.9583911175938985_0.9585063119917537_SIZE_1_1.3_2
GEN_44_FIT_0.9583328286899506_0.9584017141804434_0.9585099163742726_SIZE_1_1.4_3
GEN_45_FIT_0.9583328286899506_0.9584065783394756_0.9585099163742726_SIZE_1_1.4_3
GEN_46_FIT_0.9583328286899506_0.9584368718808707_0.9585099163742726_SIZE_1_1.6_3
GEN_47_FIT_0.9583370915401781_0.9584569311964174_0.9585393765830738_SIZE_1_1.8_4
GEN_48_FIT_0.9583421215478076_0.9584833068536598_0.9585393765830738_SIZE_1_2.0_4
GEN_49_FIT_0.9583421215478076_0.9584796441433424_0.9585393765830738_SIZE_1_1.95_4
GEN_50_FIT_0.9583421215478076_0.9584555052519261_0.9585393765830738_SIZE_1_1.55_4
GEN_51_FIT_0.9584258490203673_0.9584456085120288_0.9585393765830738_SIZE_1_1.3_3
GEN_52_FIT_0.9584258490203673_0.9584456085120288_0.9585393765830738_SIZE_1_1.3_3
GEN_53_FIT_0.9584258490203673_0.958434454360059_0.9585979558141949_SIZE_1_1.05_2
GEN_54_FIT_0.9584258490203673_0.958434454360059_0.9585979558141949_SIZE_1_1.05_2
GEN_55_FIT_0.9584258490203673_0.9584430596997503_0.9585979558141949_SIZE_1_1.1_2
GEN_56_FIT_0.9584258490203673_0.9584430596997503_0.9585979558141949_SIZE_1_1.1_2
GEN_57_FIT_0.9584258490203673_0.9584430596997503_0.9585979558141949_SIZE_1_1.1_2
GEN_58_FIT_0.9584258490203673_0.9584430596997503_0.9585979558141949_SIZE_1_1.1_2
GEN_59_FIT_0.9584258490203673_0.9584430596997503_0.9585979558141949_SIZE_1_1.1_2
GEN_60_FIT_0.9584258490203673_0.9584430596997503_0.9585979558141949_SIZE_1_1.1_2
GEN_61_FIT_0.9584258490203673_0.9584483795444794_0.9585979558141949_SIZE_1_1.2_2
GEN_62_FIT_0.9584258490203673_0.958450624333984_0.9585979558141949_SIZE_1_1.25_2
GEN_63_FIT_0.9584258490203673_0.9584504043304074_0.9585979558141949_SIZE_1_1.15_2
GEN_64_FIT_0.9584258490203673_0.9584676150097902_0.9585979558141949_SIZE_1_1.3_3
GEN_65_FIT_0.9584258490203673_0.9584835649801388_0.9585979558141949_SIZE_1_1.4_3
GEN_66_FIT_0.9584258490203673_0.9585158953641505_0.9585979558141949_SIZE_1_1.6_3
GEN_67_FIT_0.9584258490203673_0.9585374513084233_0.9585979558141949_SIZE_1_1.8_3
GEN_68_FIT_0.9584258490203673_0.9585640975932167_0.9585979558141949_SIZE_1_1.85_3
GEN_69_FIT_0.9584424543347558_0.958582405666251_0.9585979558141949_SIZE_1_1.9_2
GEN_70_FIT_0.9584424543347558_0.958582405666251_0.9585979558141949_SIZE_1_1.9_2
GEN_71_FIT_0.9584424543347558_0.958582405666251_0.9585979558141949_SIZE_1_1.9_2
GEN_72_FIT_0.9584424543347558_0.958582405666251_0.9585979558141949_SIZE_1_1.9_2
GEN_73_FIT_0.9584424543347558_0.958582405666251_0.9585979558141949_SIZE_1_1.9_2
GEN_74_FIT_0.9584424543347558_0.958582405666251_0.9585979558141949_SIZE_1_1.9_2
Stop early, no improvement in 20 gens.
Evaluating in sample:
[make_tuple(0.046476770880781726, 0.0816017101384956, 0.015625, 0.00390625, 0.8807584648938341, 9.0, 0.9800701845381437, 0.8807584648938341, 0.5605097562520994)|0.9584]
[make_tuple(0.046476770880781726, 0.0816017101384956, 0.015625, 0.00390625, 0.8807584648938341, add(10, 2.0), 0.9800701845381437, 0.8807584648938341, 0.5605097562520994)|0.9586]
[make_tuple(0.046476770880781726, 0.0816017101384956, 0.015625, 0.00390625, 0.8807584648938341, add(10.0, 2.0), 0.9800701845381437, 0.8807584648938341, 0.5605097562520994)|0.9586]
Evaluating out-of-sample:
[make_tuple(0.046476770880781726, 0.0816017101384956, 0.015625, 0.00390625, 0.8807584648938341, 9.0, 0.9800701845381437, 0.8807584648938341, 0.5605097562520994)|0.9791]
[make_tuple(0.046476770880781726, 0.0816017101384956, 0.015625, 0.00390625, 0.8807584648938341, add(10, 2.0), 0.9800701845381437, 0.8807584648938341, 0.5605097562520994)|0.9791]
[make_tuple(0.046476770880781726, 0.0816017101384956, 0.015625, 0.00390625, 0.8807584648938341, add(10.0, 2.0), 0.9800701845381437, 0.8807584648938341, 0.5605097562520994)|0.9791]
START_TASK: 16
GEN_0_FIT_0.8658898558909179_0.9081551656327553_0.9466252392264257_SIZE_1_8.45_30
GEN_1_FIT_0.919320324409818_0.9385848525602967_0.9519455566800076_SIZE_1_8.65_29
GEN_2_FIT_0.9446087910023279_0.9481199348782322_0.9527951579862163_SIZE_1_4.6_11
GEN_3_FIT_0.9466252392264257_0.9490074868530627_0.9528913419121747_SIZE_1_4.35_11
GEN_4_FIT_0.9483750956715066_0.9522237740945865_0.9528913419121747_SIZE_1_5.35_9
GEN_5_FIT_0.9526462345876936_0.9531051110695046_0.9548672694219671_SIZE_1_4.45_9
GEN_6_FIT_0.9530143693014533_0.9536955858590653_0.9548672694219671_SIZE_1_4.75_9
GEN_7_FIT_0.9532356620851892_0.9543256499653768_0.9551480853654265_SIZE_1_4.2_9
GEN_8_FIT_0.9537419058365807_0.9546385300475931_0.9553321933558512_SIZE_1_2.85_8
GEN_9_FIT_0.9545039945511977_0.9550277040491704_0.9558607266276923_SIZE_1_3.35_8
GEN_10_FIT_0.9551792554376582_0.9557048433826717_0.9562137528299067_SIZE_1_3.25_7
GEN_11_FIT_0.9553410695282543_0.9559452119564525_0.9570808411573719_SIZE_1_2.5_7
GEN_12_FIT_0.9554165063362837_0.9562625585951237_0.9573570352393541_SIZE_1_1.75_3
GEN_13_FIT_0.9562137528299067_0.95697662808378_0.9574571338014816_SIZE_1_1.45_3
GEN_14_FIT_0.9570305855803106_0.9571634369460196_0.9574571338014816_SIZE_1_1.25_3
GEN_15_FIT_0.9570808411573719_0.9572527900580198_0.9574571338014816_SIZE_1_1.3_3
GEN_16_FIT_0.9572877123262541_0.9573806023248469_0.95752061576723_SIZE_1_1.2_2
GEN_17_FIT_0.9573570352393541_0.9574327492304742_0.9575212963929599_SIZE_1_1.3_2
GEN_18_FIT_0.9574526726014433_0.9574911575364992_0.95752689777022_SIZE_1_1.15_2
GEN_19_FIT_0.9574700644349887_0.9575096724805974_0.957574167452208_SIZE_1_1.15_2
GEN_20_FIT_0.9574983780001899_0.957520279067929_0.957574167452208_SIZE_1_1.1_2
GEN_21_FIT_0.95752061576723_0.957531818420741_0.9575817742888207_SIZE_1_1.25_2
GEN_22_FIT_0.9575212963929599_0.9575453905063693_0.9577114304030934_SIZE_1_1.35_2
GEN_23_FIT_0.95752689777022_0.9575835795668466_0.9577114304030934_SIZE_1_1.45_3
GEN_24_FIT_0.95752061576723_0.9576045550035932_0.9577335532271971_SIZE_1_1.3_3
GEN_25_FIT_0.957574167452208_0.9576763640877131_0.9577335532271971_SIZE_1_1.15_2
GEN_26_FIT_0.9577037004766323_0.9577166589412578_0.9577573626205288_SIZE_1_1.05_2
GEN_27_FIT_0.9577114304030934_0.9577190912923589_0.9577573626205288_SIZE_1_1.0_1
GEN_28_FIT_0.9577114304030934_0.9577352126722605_0.9578491266470897_SIZE_1_1.2_2
GEN_29_FIT_0.9577281996831557_0.9577505491599257_0.9578491266470897_SIZE_1_1.15_2
GEN_30_FIT_0.9577335532271971_0.9577716092871524_0.9578910544566664_SIZE_1_1.4_3
GEN_31_FIT_0.9577573626205288_0.95779128904558_0.9578910544566664_SIZE_1_1.2_2
GEN_32_FIT_0.9577573626205288_0.9578162934768502_0.9579085173747335_SIZE_1_1.3_2
GEN_33_FIT_0.9578161334865223_0.9578688623653623_0.958015012093862_SIZE_1_1.5_2
GEN_34_FIT_0.9578322105029912_0.9578766996400819_0.958015012093862_SIZE_1_1.35_2
GEN_35_FIT_0.9578440761818106_0.9578861330899334_0.958015012093862_SIZE_1_1.25_2
GEN_36_FIT_0.9578613489878142_0.9578912138526684_0.958015012093862_SIZE_1_1.15_2
GEN_37_FIT_0.9578874470329031_0.9579141050431147_0.9580703496678188_SIZE_1_1.2_2
GEN_38_FIT_0.9578874470329031_0.9579221050078793_0.9580703496678188_SIZE_1_1.35_2
GEN_39_FIT_0.957892525434635_0.957933963644215_0.9580703496678188_SIZE_1_1.3_2
GEN_40_FIT_0.9579039306325048_0.9579797073710152_0.9580727894433003_SIZE_1_1.7_3
GEN_41_FIT_0.957938927720636_0.9579992803504747_0.9580727894433003_SIZE_1_1.8_3
GEN_42_FIT_0.9579928250455807_0.9580328839635003_0.9582241834633822_SIZE_1_1.75_3
GEN_43_FIT_0.9579928250455807_0.9580739203334205_0.9582241834633822_SIZE_1_1.45_3
GEN_44_FIT_0.958023013539641_0.9580933614179774_0.9582241834633822_SIZE_1_1.35_2
GEN_45_FIT_0.9580567885528506_0.958112070758733_0.9582241834633822_SIZE_1_1.4_2
GEN_46_FIT_0.9580703496678188_0.9581025958128162_0.9582241834633822_SIZE_1_1.25_2
GEN_47_FIT_0.9580703496678188_0.958094051377391_0.9582284538827048_SIZE_1_1.15_2
GEN_48_FIT_0.9580703496678188_0.9581255922526406_0.9582284538827048_SIZE_1_1.4_3
GEN_49_FIT_0.9580703496678188_0.9581698455744032_0.9582459291800254_SIZE_1_1.85_3
GEN_50_FIT_0.9580703496678188_0.95815896062535_0.9582459291800254_SIZE_1_1.7_3
GEN_51_FIT_0.9580703496678188_0.9581710940600784_0.9582477812124637_SIZE_1_2.0_4
GEN_52_FIT_0.9580703496678188_0.9581416855571259_0.9582805554999865_SIZE_1_1.55_3
GEN_53_FIT_0.9580703496678188_0.9581953953973988_0.9582805554999865_SIZE_1_2.1_4
GEN_54_FIT_0.9580765223375057_0.9582160128177393_0.9582805554999865_SIZE_1_2.3_4
GEN_55_FIT_0.9580765223375057_0.9581956024679295_0.9582900140394637_SIZE_1_1.95_4
GEN_56_FIT_0.9580786120532544_0.9581791243831491_0.9582900140394637_SIZE_1_1.8_4
GEN_57_FIT_0.9580786120532544_0.9581795960756436_0.9582900140394637_SIZE_1_1.8_4
GEN_58_FIT_0.9580786120532544_0.9581547934584252_0.9582900140394637_SIZE_1_1.65_4
GEN_59_FIT_0.9580786120532544_0.9581658036092697_0.9582900140394637_SIZE_1_1.8_4
GEN_60_FIT_0.9580786120532544_0.9581275605405036_0.9582900140394637_SIZE_1_1.4_4
GEN_61_FIT_0.9580815615712321_0.9581093643405122_0.9582900140394637_SIZE_1_1.2_3
GEN_62_FIT_0.9580815615712321_0.9581093643405122_0.9582900140394637_SIZE_1_1.2_3
GEN_63_FIT_0.9580815615712321_0.9581188523830153_0.9582900140394637_SIZE_1_1.2_3
GEN_64_FIT_0.9580815615712321_0.9581478765326821_0.9582900140394637_SIZE_1_1.4_4
GEN_65_FIT_0.9580815615712321_0.9581966691347337_0.9582900140394637_SIZE_1_1.7_4
GEN_66_FIT_0.9582486897267993_0.9582711569512634_0.9582900140394637_SIZE_1_2.15_4
GEN_67_FIT_0.9582601601923177_0.9582863528628962_0.9584167904811941_SIZE_1_2.4_4
GEN_68_FIT_0.9582713224212954_0.9582955019084958_0.9584167904811941_SIZE_1_2.65_5
GEN_69_FIT_0.958271490251214_0.9583256409179146_0.9584427208967738_SIZE_1_3.5_6
GEN_70_FIT_0.9582685835169993_0.958350276140639_0.9584427208967738_SIZE_1_3.15_5
GEN_71_FIT_0.958271490251214_0.9583355278159178_0.9584427208967738_SIZE_1_2.9_5
GEN_72_FIT_0.958271490251214_0.9583226983232154_0.9584427208967738_SIZE_1_2.55_5
GEN_73_FIT_0.958271490251214_0.958349115442808_0.9584427208967738_SIZE_1_2.6_5
GEN_74_FIT_0.9582731127897172_0.9583598053345478_0.9584806349591574_SIZE_1_2.65_5
GEN_75_FIT_0.9582731127897172_0.9583588662890289_0.9584806349591574_SIZE_1_2.0_5
GEN_76_FIT_0.9582947568687108_0.9583888926107076_0.9584806349591574_SIZE_1_2.45_5
GEN_77_FIT_0.9582947568687108_0.9583891985940683_0.9584806349591574_SIZE_1_2.5_5
GEN_78_FIT_0.9582997017766237_0.9584005725903989_0.9584806349591574_SIZE_1_2.9_5
GEN_79_FIT_0.9583174148787261_0.9584049548294115_0.9584806349591574_SIZE_1_2.95_5
GEN_80_FIT_0.9583174148787261_0.9584278195449034_0.9584806349591574_SIZE_1_3.4_5
GEN_81_FIT_0.9583174148787261_0.958452302556968_0.9584806349591574_SIZE_1_4.0_5
GEN_82_FIT_0.9583174148787261_0.9584598507640101_0.9584806349591574_SIZE_1_4.1_5
GEN_83_FIT_0.9583174148787261_0.9584598507640101_0.9584806349591574_SIZE_1_4.1_5
GEN_84_FIT_0.9583174148787261_0.9584598507640101_0.9584806349591574_SIZE_1_4.1_5
GEN_85_FIT_0.9579479542266734_0.9584173910536767_0.9585324702334089_SIZE_1_3.25_6
GEN_86_FIT_0.9579479542266734_0.9584058022976386_0.9586199218703036_SIZE_1_2.7_6
GEN_87_FIT_0.9581526493369682_0.9584316548811704_0.9586199218703036_SIZE_1_2.75_6
GEN_88_FIT_0.9582381307271559_0.9584239748478689_0.9586199218703036_SIZE_1_2.75_6
GEN_89_FIT_0.9583174148787261_0.9584225088613797_0.9586199218703036_SIZE_1_2.5_6
GEN_90_FIT_0.9583174148787261_0.9584074413827907_0.9586199218703036_SIZE_1_2.35_6
GEN_91_FIT_0.9583174148787261_0.9584074413827907_0.9586199218703036_SIZE_1_2.35_6
GEN_92_FIT_0.9583174148787261_0.9584070340863899_0.9586199218703036_SIZE_1_2.3_6
GEN_93_FIT_0.9583174148787261_0.9584070340863899_0.9586199218703036_SIZE_1_2.3_6
GEN_94_FIT_0.9583174148787261_0.9584364988751048_0.9586199218703036_SIZE_1_2.7_6
GEN_95_FIT_0.9583174148787261_0.9584919138622652_0.9586199218703036_SIZE_1_3.5_6
GEN_96_FIT_0.9583174148787261_0.9584797509587896_0.9586199218703036_SIZE_1_3.0_6
GEN_97_FIT_0.9583174148787261_0.9584997461210125_0.9586199218703036_SIZE_1_3.4_6
GEN_98_FIT_0.958354532514695_0.9585051528036214_0.9586199218703036_SIZE_1_3.35_6
GEN_99_FIT_0.958354532514695_0.9585226720668416_0.9586199218703036_SIZE_1_3.9_6
GEN_100_FIT_0.9581858548657455_0.9584777394339683_0.9586268054158791_SIZE_1_3.05_6
GEN_101_FIT_0.958354532514695_0.9584715009430156_0.9586268054158791_SIZE_1_2.75_6
GEN_102_FIT_0.958354532514695_0.9584656885775586_0.9586268054158791_SIZE_1_2.6_6
GEN_103_FIT_0.958354532514695_0.9584601162925285_0.9586268054158791_SIZE_1_2.55_6
GEN_104_FIT_0.9582456735147471_0.9584355071933347_0.9586268054158791_SIZE_1_2.55_6
GEN_105_FIT_0.958306412820955_0.9584604306263598_0.9586268054158791_SIZE_1_3.1_6
GEN_106_FIT_0.958354532514695_0.9584944578976339_0.9586274259983663_SIZE_1_3.7_6
GEN_107_FIT_0.958354532514695_0.9585017155859881_0.9586274259983663_SIZE_1_3.9_7
GEN_108_FIT_0.958354532514695_0.9584937957517374_0.9586274259983663_SIZE_1_3.75_7
GEN_109_FIT_0.9583592131698996_0.958509461758832_0.9586274259983663_SIZE_1_4.0_7
GEN_110_FIT_0.9583592131698996_0.9584932165696364_0.9586274259983663_SIZE_1_3.65_6
GEN_111_FIT_0.9582559521235121_0.9584916989498684_0.9586274259983663_SIZE_1_3.25_6
GEN_112_FIT_0.9581880953221074_0.9584664560236176_0.9586274259983663_SIZE_1_3.5_7
GEN_113_FIT_0.9582567645379171_0.9585124912126289_0.9586274259983663_SIZE_1_3.65_6
GEN_114_FIT_0.9583592131698996_0.9585158297454983_0.9586274259983663_SIZE_1_3.7_6
GEN_115_FIT_0.9583706907318789_0.9585745116844737_0.9586274259983663_SIZE_1_4.7_6
GEN_116_FIT_0.9583706907318789_0.9585703786878614_0.9586274259983663_SIZE_1_4.55_6
GEN_117_FIT_0.9583706907318789_0.9585706541713366_0.9586274259983663_SIZE_1_4.5_6
GEN_118_FIT_0.9583706907318789_0.9585906296867256_0.9586274259983663_SIZE_1_5.1_6
GEN_119_FIT_0.9583706907318789_0.9585886559782961_0.9586274259983663_SIZE_1_5.05_6
GEN_120_FIT_0.9583706907318789_0.9585886559782961_0.9586274259983663_SIZE_1_5.05_6
GEN_121_FIT_0.9583706907318789_0.9585913903048242_0.9586274259983663_SIZE_1_5.15_6
GEN_122_FIT_0.9583706907318789_0.9585957247196377_0.9586274259983663_SIZE_1_5.25_6
GEN_123_FIT_0.9583706907318789_0.9585766396873956_0.9586274259983663_SIZE_1_4.8_6
GEN_124_FIT_0.9583706907318789_0.9585766396873956_0.9586274259983663_SIZE_1_4.8_6
GEN_125_FIT_0.9583706907318789_0.9585766396873956_0.9586274259983663_SIZE_1_4.8_6
GEN_126_FIT_0.9583706907318789_0.9585766396873956_0.9586274259983663_SIZE_1_4.8_6
GEN_127_FIT_0.9583706907318789_0.9585766396873956_0.9586274259983663_SIZE_1_4.8_6
Stop early, no improvement in 20 gens.
Evaluating in sample:
[make_tuple(0.05392464432584976, 0.4168753222468511, 0.006178964493896322, 0.00390625, 0.929249634581264, 9.0, 1.0, 0.8830961492937649, 0.5427974905787657)|0.9584]
[make_tuple(0.05392464432584976, 0.4168753222468511, 0.006178964493896322, 0.00390625, 0.929249634581264, 9.0, sub(2.0, 0.8830961492937649), 0.8830961492937649, 0.5427974905787657)|0.9585]
[make_tuple(0.04762477765168949, 0.00390625, 0.006178964493896322, mul(0.00390625, 0.7414586517925242), 0.929249634581264, 9.0, sub(2.0, 0.8830961492937649), 0.8830961492937649, add(0.04762477765168949, 0.4776621310843332))|0.9585]
[make_tuple(0.04762477765168949, add(0.001, 0.006178964493896322), 0.006178964493896322, mul(0.00390625, 0.7414586517925242), 0.929249634581264, 9.0, sub(2.0, 0.8830961492937649), 0.8830961492937649, add(0.05392464432584976, 0.4776621310843332))|0.9586]
[make_tuple(0.04762477765168949, add(0.001, 0.006178964493896322), 0.006178964493896322, mul(0.00390625, 0.7414586517925242), 0.929249634581264, 9.0, sub(2.0, 0.8830961492937649), 0.8830961492937649, add(mul(0.7414586517925242, 0.0995022294984036), 0.4776621310843332))|0.9586]
Evaluating out-of-sample:
[make_tuple(0.05392464432584976, 0.4168753222468511, 0.006178964493896322, 0.00390625, 0.929249634581264, 9.0, 1.0, 0.8830961492937649, 0.5427974905787657)|0.9934]
[make_tuple(0.05392464432584976, 0.4168753222468511, 0.006178964493896322, 0.00390625, 0.929249634581264, 9.0, sub(2.0, 0.8830961492937649), 0.8830961492937649, 0.5427974905787657)|0.9930]
[make_tuple(0.04762477765168949, 0.00390625, 0.006178964493896322, mul(0.00390625, 0.7414586517925242), 0.929249634581264, 9.0, sub(2.0, 0.8830961492937649), 0.8830961492937649, add(0.04762477765168949, 0.4776621310843332))|0.9930]
[make_tuple(0.04762477765168949, add(0.001, 0.006178964493896322), 0.006178964493896322, mul(0.00390625, 0.7414586517925242), 0.929249634581264, 9.0, sub(2.0, 0.8830961492937649), 0.8830961492937649, add(0.05392464432584976, 0.4776621310843332))|0.9931]
[make_tuple(0.04762477765168949, add(0.001, 0.006178964493896322), 0.006178964493896322, mul(0.00390625, 0.7414586517925242), 0.929249634581264, 9.0, sub(2.0, 0.8830961492937649), 0.8830961492937649, add(mul(0.7414586517925242, 0.0995022294984036), 0.4776621310843332))|0.9931]
START_TASK: 18
GEN_0_FIT_0.8384676465260846_0.8724837223556179_0.9164043906351217_SIZE_1_9.25_33
GEN_1_FIT_0.8942870776000792_0.9117773408252839_0.9386519105622088_SIZE_1_14.4_29
GEN_2_FIT_0.9135412463051472_0.9243045014401774_0.9386519105622088_SIZE_1_10.3_29
GEN_3_FIT_0.93040416627157_0.937029692380839_0.949253432789913_SIZE_1_14.95_26
GEN_4_FIT_0.9347313200292549_0.9428305813141981_0.9501590860467564_SIZE_1_15.75_25
GEN_5_FIT_0.9372774898894227_0.9452479246435258_0.9501590860467564_SIZE_1_15.1_26
GEN_6_FIT_0.9401454343919258_0.9465926789110286_0.9524366720443712_SIZE_1_12.65_25
GEN_7_FIT_0.9414272152738764_0.9496471065967593_0.9524366720443712_SIZE_1_14.05_28
GEN_8_FIT_0.9501431727590083_0.9514829091157504_0.9524975428676936_SIZE_1_12.0_25
GEN_9_FIT_0.9509295069253666_0.952232553461043_0.9533843690667532_SIZE_1_8.4_20
GEN_10_FIT_0.952571040275676_0.9532295006879069_0.9543220263276845_SIZE_1_9.45_20
GEN_11_FIT_0.9532070413774822_0.953789570955875_0.9545131070131513_SIZE_1_12.25_21
GEN_12_FIT_0.9532181366925373_0.953925093272358_0.9556802718013528_SIZE_1_8.75_20
GEN_13_FIT_0.9532858284749648_0.9543098736678001_0.9556802718013528_SIZE_1_5.65_19
GEN_14_FIT_0.9534849041159682_0.9550327915769232_0.9564177607678491_SIZE_1_9.6_20
GEN_15_FIT_0.9536004986505243_0.9552267352444399_0.9564177607678491_SIZE_1_9.65_19
GEN_16_FIT_0.9539661563145149_0.9552200610705643_0.9564177607678491_SIZE_1_7.95_16
GEN_17_FIT_0.9541275273307442_0.9552408738626561_0.9564177607678491_SIZE_1_6.85_15
GEN_18_FIT_0.9543920463186746_0.9554707190025049_0.9564177607678491_SIZE_1_7.3_14
GEN_19_FIT_0.9543920463186746_0.9554740054603783_0.9567204985812955_SIZE_1_6.4_14
GEN_20_FIT_0.9543920463186746_0.9556205119087066_0.9567431128411956_SIZE_1_6.15_14
GEN_21_FIT_0.9546934024406515_0.9563509587539659_0.9567431128411956_SIZE_1_8.0_15
GEN_22_FIT_0.9546934024406515_0.9561986338379238_0.9567962531899814_SIZE_1_4.15_14
GEN_23_FIT_0.9558112221781138_0.956424641141877_0.9567962531899814_SIZE_1_3.5_10
GEN_24_FIT_0.9561248159760611_0.9564256832811558_0.9567962531899814_SIZE_1_2.15_7
GEN_25_FIT_0.9563688630703588_0.956738924270231_0.9568791266476969_SIZE_1_3.3_8
GEN_26_FIT_0.9566020822114115_0.9568046493274991_0.9569930722481808_SIZE_1_3.45_8
GEN_27_FIT_0.9565072879572959_0.956790245005909_0.9570508275804903_SIZE_1_1.8_4
GEN_28_FIT_0.9566023866635007_0.956919303117124_0.9571794304008632_SIZE_1_2.0_4
GEN_29_FIT_0.956921339633911_0.9570080322505063_0.9571794304008632_SIZE_1_2.2_4
GEN_30_FIT_0.9569871768840188_0.9570483913368358_0.9571794304008632_SIZE_1_2.3_5
GEN_31_FIT_0.9569941351855588_0.9570827542897244_0.9572345290139946_SIZE_1_2.45_5
GEN_32_FIT_0.9569941351855588_0.9571029196643256_0.9572345290139946_SIZE_1_2.6_5
GEN_33_FIT_0.9570112895815888_0.957116440700896_0.9572345290139946_SIZE_1_2.5_5
GEN_34_FIT_0.9570117336596222_0.9571596557527883_0.9572345290139946_SIZE_1_2.8_5
GEN_35_FIT_0.9571443350435512_0.9571883475768865_0.9572345290139946_SIZE_1_2.75_5
GEN_36_FIT_0.9571557961010579_0.9572010740248131_0.9572368895979965_SIZE_1_2.75_6
GEN_37_FIT_0.9571557961010579_0.9572086071660367_0.9572368895979965_SIZE_1_3.05_7
GEN_38_FIT_0.9571576179481733_0.9572092056475825_0.9572585929647238_SIZE_1_2.7_7
GEN_39_FIT_0.957157921832346_0.9572123173226357_0.9572585929647238_SIZE_1_2.5_7
GEN_40_FIT_0.9571932934633884_0.9572239910133222_0.9572585929647238_SIZE_1_3.3_7
GEN_41_FIT_0.9571932934633884_0.9572293145166981_0.9572585929647238_SIZE_1_3.5_7
GEN_42_FIT_0.9571956272499538_0.9572363010314531_0.9572585929647238_SIZE_1_4.0_8
GEN_43_FIT_0.9571956272499538_0.9572324826807804_0.9573046861169343_SIZE_1_3.05_7
GEN_44_FIT_0.9571956272499538_0.9572242989108929_0.957326136928788_SIZE_1_1.8_4
GEN_45_FIT_0.95720441703123_0.957247952422593_0.9574457325851015_SIZE_1_2.1_4
GEN_46_FIT_0.9572073118984062_0.9572378534459203_0.9574457325851015_SIZE_1_1.65_4
GEN_47_FIT_0.9572073118984062_0.9572693607659307_0.9574457325851015_SIZE_1_2.25_4
GEN_48_FIT_0.9572372032310352_0.9573291056275511_0.9574457325851015_SIZE_1_2.9_5
GEN_49_FIT_0.9572514228068179_0.957381766948464_0.9574457325851015_SIZE_1_3.15_5
GEN_50_FIT_0.9572666469090937_0.957379759030891_0.9574457325851015_SIZE_1_3.05_5
GEN_51_FIT_0.9572666469090937_0.9573898356535437_0.9574457325851015_SIZE_1_3.1_5
GEN_52_FIT_0.9572734762891958_0.9574003890953264_0.9578007851144655_SIZE_1_2.9_4
GEN_53_FIT_0.9572734762891958_0.9574032742661819_0.9578334341217896_SIZE_1_2.9_4
GEN_54_FIT_0.9568226022271131_0.957349378145215_0.9578334341217896_SIZE_1_2.45_4
GEN_55_FIT_0.956960001065051_0.957373329317457_0.9578536210233406_SIZE_1_2.1_4
GEN_56_FIT_0.9571021962124011_0.9575432973980268_0.9578536210233406_SIZE_1_2.45_4
GEN_57_FIT_0.9572666469090937_0.9576424915949204_0.9578536210233406_SIZE_1_2.55_4
GEN_58_FIT_0.9572666469090937_0.9576658004740057_0.9579958272344283_SIZE_1_2.05_4
GEN_59_FIT_0.9573443559039266_0.9577905401120562_0.9579958272344283_SIZE_1_2.15_5
GEN_60_FIT_0.9573224209937472_0.9577967280283577_0.9579958272344283_SIZE_1_1.9_5
GEN_61_FIT_0.957777324678126_0.9578868925792989_0.9581074196405907_SIZE_1_1.85_3
GEN_62_FIT_0.9577979611721389_0.9579036586433352_0.9581074196405907_SIZE_1_1.85_3
GEN_63_FIT_0.9577979611721389_0.9579218066167735_0.9581074196405907_SIZE_1_1.8_4
GEN_64_FIT_0.9578361840199421_0.9579560416268917_0.9581074196405907_SIZE_1_1.9_4
GEN_65_FIT_0.9579252722542511_0.9579904182779021_0.9581074196405907_SIZE_1_1.75_3
GEN_66_FIT_0.9579696177298356_0.9580180393298052_0.9581074196405907_SIZE_1_1.7_3
GEN_67_FIT_0.9579709956177385_0.9580449931076869_0.9582537204657886_SIZE_1_1.45_3
GEN_68_FIT_0.9579709956177385_0.9580531323986419_0.9582537204657886_SIZE_1_1.4_3
GEN_69_FIT_0.9580063076985375_0.9580580908809294_0.9582537204657886_SIZE_1_1.2_2
GEN_70_FIT_0.9580189682327842_0.9580882019012573_0.9582537204657886_SIZE_1_1.4_3
GEN_71_FIT_0.9580297044848903_0.9580862364974931_0.9582537204657886_SIZE_1_1.25_2
GEN_72_FIT_0.9580297044848903_0.9581210747940198_0.9582566884962112_SIZE_1_1.45_3
GEN_73_FIT_0.9580297044848903_0.9581891571906317_0.9582566884962112_SIZE_1_1.85_3
GEN_74_FIT_0.9580372288446156_0.9582151364681166_0.9583667993242518_SIZE_1_1.95_3
GEN_75_FIT_0.9580966007077222_0.9582384381631759_0.9583667993242518_SIZE_1_1.9_3
GEN_76_FIT_0.9579197662108111_0.9582095797277972_0.9583667993242518_SIZE_1_1.65_3
GEN_77_FIT_0.9581208379162793_0.9582500723141599_0.9583667993242518_SIZE_1_1.65_3
GEN_78_FIT_0.9581268471084702_0.9582976981415732_0.9583667993242518_SIZE_1_1.85_3
GEN_79_FIT_0.9581653665206105_0.9583479009650379_0.9583916977472512_SIZE_1_1.95_3
GEN_80_FIT_0.9581653665206105_0.9583489390326143_0.9584124590987814_SIZE_1_1.95_3
GEN_81_FIT_0.9580117076221278_0.9582655003711468_0.9584124590987814_SIZE_1_1.7_4
GEN_82_FIT_0.958133547718806_0.9583038787575973_0.9584124590987814_SIZE_1_1.8_4
GEN_83_FIT_0.9581653665206105_0.958315394976955_0.9584124590987814_SIZE_1_1.9_4
GEN_84_FIT_0.9581653665206105_0.9583136066540083_0.9584124590987814_SIZE_1_2.05_4
GEN_85_FIT_0.9581778265148395_0.9583207562791051_0.9584124590987814_SIZE_1_2.05_4
GEN_86_FIT_0.9582116628410314_0.9583657048596697_0.9584124590987814_SIZE_1_2.45_4
GEN_87_FIT_0.9582116628410314_0.9583843959691014_0.958479572707797_SIZE_1_2.6_4
GEN_88_FIT_0.9582135547672023_0.9584009603298617_0.958479572707797_SIZE_1_2.75_5
GEN_89_FIT_0.9581860664106017_0.9583817071062233_0.9585267094475639_SIZE_1_2.4_5
GEN_90_FIT_0.9582135547672023_0.958406458411889_0.9585466569920441_SIZE_1_2.55_5
GEN_91_FIT_0.9582137962422488_0.9584250653437723_0.9585466569920441_SIZE_1_2.75_5
GEN_92_FIT_0.9582455229665694_0.958424529388755_0.9585466569920441_SIZE_1_2.4_4
GEN_93_FIT_0.9581778265148395_0.9584072336750585_0.9585504798172594_SIZE_1_2.4_4
GEN_94_FIT_0.9582135547672023_0.9584399364137571_0.9585504798172594_SIZE_1_2.55_4
GEN_95_FIT_0.9582580207863908_0.958471797997255_0.958578292502152_SIZE_1_2.7_4
GEN_96_FIT_0.9582580207863908_0.958461030839098_0.9586321292051196_SIZE_1_2.45_4
GEN_97_FIT_0.9582580207863908_0.9584497335468619_0.9586321292051196_SIZE_1_2.4_4
GEN_98_FIT_0.9582580207863908_0.9584231306282144_0.9586321292051196_SIZE_1_2.2_4
GEN_99_FIT_0.9582580207863908_0.9584819262743721_0.9586321292051196_SIZE_1_2.75_5
GEN_100_FIT_0.9582610701071_0.9585066943787742_0.9586321292051196_SIZE_1_3.1_5
GEN_101_FIT_0.9582896327791628_0.9585704305538172_0.9586321292051196_SIZE_1_3.65_5
GEN_102_FIT_0.9582896327791628_0.9585609749542039_0.9586479064729165_SIZE_1_3.3_6
GEN_103_FIT_0.9582896327791628_0.9585678376026554_0.9586479064729165_SIZE_1_3.05_6
GEN_104_FIT_0.9582896327791628_0.9585666301711347_0.9586479064729165_SIZE_1_2.9_6
GEN_105_FIT_0.9582569318384676_0.9585204206377116_0.9587260733681099_SIZE_1_2.55_6
GEN_106_FIT_0.9582569318384676_0.9584957935032211_0.9587260733681099_SIZE_1_2.35_6
GEN_107_FIT_0.9582569318384676_0.9584917018747767_0.9587260733681099_SIZE_1_2.45_7
GEN_108_FIT_0.9582896327791628_0.9585526604994568_0.9587689681356244_SIZE_1_3.25_7
GEN_109_FIT_0.9582896327791628_0.9585638991880922_0.958784456403694_SIZE_1_3.45_7
GEN_110_FIT_0.9582912722527683_0.9585393686863778_0.958784456403694_SIZE_1_2.65_7
GEN_111_FIT_0.958315046985895_0.9585589610717875_0.958784456403694_SIZE_1_2.7_7
GEN_112_FIT_0.958315046985895_0.958627106397653_0.958784456403694_SIZE_1_3.2_7
GEN_113_FIT_0.958315046985895_0.9586323982072171_0.958784456403694_SIZE_1_3.05_7
GEN_114_FIT_0.958315046985895_0.9586499382507336_0.958784456403694_SIZE_1_3.15_7
GEN_115_FIT_0.958315046985895_0.9586366550664274_0.958784456403694_SIZE_1_3.05_7
GEN_116_FIT_0.958315046985895_0.9586366550664274_0.958784456403694_SIZE_1_3.05_7
GEN_117_FIT_0.958315046985895_0.9586465595102365_0.958784456403694_SIZE_1_3.15_7
GEN_118_FIT_0.9584072052022234_0.9586856095314511_0.9587920981997419_SIZE_1_4.1_8
GEN_119_FIT_0.9584072052022234_0.9586633452612314_0.9587920981997419_SIZE_1_3.95_8
GEN_120_FIT_0.9584072052022234_0.9586698887175954_0.9589356374268629_SIZE_1_3.85_8
GEN_121_FIT_0.9584072052022234_0.9586467887627869_0.9589356374268629_SIZE_1_3.7_8
GEN_122_FIT_0.9584131489579637_0.9586806457292006_0.9589356374268629_SIZE_1_3.9_8
GEN_123_FIT_0.9584131489579637_0.9586573230483675_0.9589356374268629_SIZE_1_3.4_8
GEN_124_FIT_0.9584652892542789_0.9586469420931536_0.9589356374268629_SIZE_1_2.85_7
GEN_125_FIT_0.9584801644099171_0.9587033588495715_0.9589356374268629_SIZE_1_3.35_7
GEN_126_FIT_0.9584801644099171_0.9586734401170356_0.958953709465355_SIZE_1_2.85_7
GEN_127_FIT_0.9584801644099171_0.9586647747956025_0.958953709465355_SIZE_1_2.8_7
GEN_128_FIT_0.9584801644099171_0.9586809285463694_0.958953709465355_SIZE_1_2.9_7
GEN_129_FIT_0.9583768120469448_0.958696256319086_0.958953709465355_SIZE_1_3.0_7
GEN_130_FIT_0.9584648670564707_0.9586849964363633_0.958953709465355_SIZE_1_2.7_5
GEN_131_FIT_0.9584909880334732_0.9587351083314468_0.958953709465355_SIZE_1_3.0_5
GEN_132_FIT_0.9584930627424204_0.9587341791748673_0.958953709465355_SIZE_1_2.9_5
GEN_133_FIT_0.9585067758308222_0.9588417985556653_0.958953709465355_SIZE_1_3.75_5
GEN_134_FIT_0.9583768120469448_0.9587592830389712_0.958953709465355_SIZE_1_3.0_5
GEN_135_FIT_0.9584756728565289_0.9587651018652623_0.958953709465355_SIZE_1_2.95_5
GEN_136_FIT_0.9584756728565289_0.9587723573654804_0.958953709465355_SIZE_1_2.9_5
GEN_137_FIT_0.9584756728565289_0.9588165846606204_0.958953709465355_SIZE_1_3.15_5
GEN_138_FIT_0.9585067758308222_0.9588204838082103_0.958953709465355_SIZE_1_3.1_4
GEN_139_FIT_0.9584500782983048_0.9587480477538767_0.9590083633292537_SIZE_1_2.7_4
GEN_140_FIT_0.958387477543822_0.9587340099665711_0.9590083633292537_SIZE_1_2.55_4
GEN_141_FIT_0.9584500782983048_0.9587760810789809_0.9590272025572566_SIZE_1_2.85_5
GEN_142_FIT_0.9584500782983048_0.9587303834347718_0.9590272025572566_SIZE_1_2.6_5
GEN_143_FIT_0.9584500782983048_0.9587522025103095_0.9590272025572566_SIZE_1_2.7_5
GEN_144_FIT_0.9584500782983048_0.9587622873720478_0.9590272025572566_SIZE_1_2.75_5
GEN_145_FIT_0.9584500782983048_0.9587723722337863_0.9590272025572566_SIZE_1_2.8_5
GEN_146_FIT_0.9584714527127074_0.9587867131220559_0.9590272025572566_SIZE_1_2.85_5
GEN_147_FIT_0.9585067758308222_0.9588147201759847_0.9590272025572566_SIZE_1_2.95_5
GEN_148_FIT_0.9585067758308222_0.9588238543163596_0.9590272025572566_SIZE_1_3.0_5
GEN_149_FIT_0.9585067758308222_0.9588168236604865_0.9590272025572566_SIZE_1_3.0_5
GEN_150_FIT_0.9585067758308222_0.9587926862469651_0.9590272025572566_SIZE_1_2.9_5
GEN_151_FIT_0.9585067758308222_0.9587350983037863_0.9590272025572566_SIZE_1_2.55_5
GEN_152_FIT_0.9585067758308222_0.9586483004680799_0.9590272025572566_SIZE_1_1.95_5
GEN_153_FIT_0.9585067758308222_0.9586483004680799_0.9590272025572566_SIZE_1_1.95_5
GEN_154_FIT_0.9585067758308222_0.9586483004680799_0.9590272025572566_SIZE_1_1.95_5
GEN_155_FIT_0.9585067758308222_0.9586483004680799_0.9590272025572566_SIZE_1_1.95_5
GEN_156_FIT_0.9585067758308222_0.9586483004680799_0.9590272025572566_SIZE_1_1.95_5
GEN_157_FIT_0.9585067758308222_0.9586498807209493_0.9590272025572566_SIZE_1_1.95_5
GEN_158_FIT_0.9585067758308222_0.9586498807209493_0.9590272025572566_SIZE_1_1.95_5
GEN_159_FIT_0.9585067758308222_0.9587350897277913_0.9590272025572566_SIZE_1_2.55_5
GEN_160_FIT_0.9585067758308222_0.9587696184254962_0.9590272025572566_SIZE_1_2.8_6
GEN_161_FIT_0.9585852666702712_0.958878463618305_0.9590272025572566_SIZE_1_3.55_6
GEN_162_FIT_0.9585852666702712_0.9588978199998_0.9590272025572566_SIZE_1_3.6_6
Stop early, no improvement in 20 gens.
Evaluating in sample:
[make_tuple(0.05905141313873197, 0.8402643987806414, 0.015625, 0.015625, 0.9460146175002428, 9.0, 0.9955023955269625, 0.9117997410538875, 0.5594849330210024)|0.9586]
[make_tuple(0.05905141313873197, 0.8402643987806414, 0.015625, 0.015625, 0.9460146175002428, 9.0, pow(16, 0.03125), 0.9117997410538875, 0.4863150843577829)|0.9587]
[make_tuple(0.05905141313873197, 0.0078125, 0.0078125, truediv(0.0078125, 4.0), 0.9460146175002428, 9.0, pow(16, 0.03125), 0.7816930032144841, 0.5594849330210024)|0.9588]
[make_tuple(mul(0.0625, 0.8402643987806414), 0.0078125, 0.0078125, truediv(0.0078125, 4.0), 0.9460146175002428, 9.0, pow(16, 0.03125), 0.8402643987806414, 0.5594849330210024)|0.9590]
[make_tuple(mul(0.0625, 0.8402643987806414), 0.0078125, 0.0078125, truediv(0.0078125, 4.0), 0.9460146175002428, 9.0, pow(16, 0.03125), 0.8402643987806414, sub(0.5594849330210024, 0.0078125))|0.9590]
Evaluating out-of-sample:
[make_tuple(0.05905141313873197, 0.8402643987806414, 0.015625, 0.015625, 0.9460146175002428, 9.0, 0.9955023955269625, 0.9117997410538875, 0.5594849330210024)|0.9457]
[make_tuple(0.05905141313873197, 0.8402643987806414, 0.015625, 0.015625, 0.9460146175002428, 9.0, pow(16, 0.03125), 0.9117997410538875, 0.4863150843577829)|0.9454]
[make_tuple(0.05905141313873197, 0.0078125, 0.0078125, truediv(0.0078125, 4.0), 0.9460146175002428, 9.0, pow(16, 0.03125), 0.7816930032144841, 0.5594849330210024)|0.9397]
[make_tuple(mul(0.0625, 0.8402643987806414), 0.0078125, 0.0078125, truediv(0.0078125, 4.0), 0.9460146175002428, 9.0, pow(16, 0.03125), 0.8402643987806414, 0.5594849330210024)|0.9446]
[make_tuple(mul(0.0625, 0.8402643987806414), 0.0078125, 0.0078125, truediv(0.0078125, 4.0), 0.9460146175002428, 9.0, pow(16, 0.03125), 0.8402643987806414, sub(0.5594849330210024, 0.0078125))|0.9446]
START_TASK: 22
