Starting problem: mlr_knn
param:age_regularization:100000.0
param:algorithm:random_search
param:constants_only:False
param:cxpb:0.25
param:early_stop_n:20
param:lambda_:100
param:max_number_operators:None
param:max_start_size:3
param:mu:20
param:ngen:300
param:optimize_constants:False
param:output_file:/home/gijsbers/symbolicdefaults/runs/mlr_knn_random_search_4.log
param:problem:mlr_knn
param:subset:1.0
param:task:None
param:warm_start:False
Benchmark problems: mlr_knn
mlr_default := make_tuple(10., 16., 10., 200.)
Loading surrogates from file.
START_TASK: 3
GEN_0_FIT_0.399065337418941_0.498469343914051_0.7196833929986631_SIZE_1_11.71_47
GEN_1_FIT_0.40191580076573674_0.4970669071147607_0.7058727255349478_SIZE_1_12.1_41
GEN_2_FIT_0.45160162029745265_0.5117652002243086_0.7100480079789837_SIZE_1_10.59_38
GEN_3_FIT_0.4415597750135047_0.5023150743483241_0.7232994887981339_SIZE_1_11.2_40
GEN_4_FIT_0.4639572691242833_0.5025430077800664_0.7342100265796278_SIZE_1_14.45_44
GEN_5_FIT_0.39229993991303025_0.4989403669387796_0.6138422573039979_SIZE_1_11.96_40
GEN_6_FIT_0.41886838258525005_0.5037562405460673_0.7214192155060254_SIZE_1_11.99_37
GEN_7_FIT_0.3711656530363511_0.5013639933459066_0.747907189207866_SIZE_1_12.83_43
GEN_8_FIT_0.44407153195000987_0.506365081769001_0.7325632106315119_SIZE_1_12.37_46
GEN_9_FIT_0.4291078207625509_0.507333518180544_0.6900935444373354_SIZE_1_11.15_36
GEN_10_FIT_0.409411797551243_0.49890044952443074_0.7317105507001481_SIZE_1_12.12_36
GEN_11_FIT_0.3979730673822294_0.5069725106505001_0.6899821722531627_SIZE_1_12.04_38
GEN_12_FIT_0.4396217607251026_0.5096363518846768_0.7340621087882829_SIZE_1_11.15_41
GEN_13_FIT_0.41462170941171367_0.4943971846648943_0.6009160745664541_SIZE_1_13.75_37
GEN_14_FIT_0.4421930626862268_0.5037019073541344_0.7117580953768201_SIZE_1_13.61_41
GEN_15_FIT_0.4081237471208879_0.504511735759373_0.7389769273170943_SIZE_1_13.06_42
GEN_16_FIT_0.42740502916610196_0.5015172063114929_0.6586117736931031_SIZE_1_11.74_37
GEN_17_FIT_0.44574218329651555_0.503010981368633_0.7276139640575152_SIZE_1_13.07_44
GEN_18_FIT_0.4366647931483237_0.4974576069980028_0.6965973021870863_SIZE_1_11.68_44
GEN_19_FIT_0.44657960400674473_0.5129546285329947_0.7436872008439498_SIZE_1_13.0_48
GEN_20_FIT_0.41307851249911937_0.503755040492051_0.6662972236803136_SIZE_1_10.81_36
Evaluating in sample:
[GEN_20|make_tuple(8, n, n, p)|0.7479]
Evaluating out-of-sample:
[GEN_20|make_tuple(8, n, n, p)|0.8785]
GEN_21_FIT_0.3701911801991625_0.49795646464538135_0.734212282948306_SIZE_1_11.98_35
GEN_22_FIT_0.39229993991303025_0.5077470323807778_0.7370602308136277_SIZE_1_10.73_39
GEN_23_FIT_0.4227797234393793_0.5074551947656136_0.6999776316482392_SIZE_1_12.23_38
GEN_24_FIT_0.44659581915211916_0.5077328591333647_0.7053721345695363_SIZE_1_10.64_42
GEN_25_FIT_0.4064855089502516_0.5014016809058589_0.6106299910102382_SIZE_1_13.67_45
GEN_26_FIT_0.44659581915211916_0.5096716321707567_0.7091140303781509_SIZE_1_12.82_37
GEN_27_FIT_0.40802925844649984_0.49843860854405625_0.6571881688976122_SIZE_1_12.15_45
GEN_28_FIT_0.4216985342558044_0.4965986140917672_0.7315241772453027_SIZE_1_11.89_42
Stopped early in iteration 28, no improvement in 20 gens.
BENCHMARK: Evaluating in-sample:
[mlr_default: make_tuple(10.0, 16.0, 10.0, 200.0)|0.7089]
BENCHMARK:  Evaluating out-of-sample:
[GEN_28|mlr_default: make_tuple(10.0, 16.0, 10.0, 200.0)|0.8316]
START_TASK: 6
GEN_0_FIT_0.4152119899661244_0.5000347071355494_0.7357660583091266_SIZE_1_10.97_33
GEN_1_FIT_0.40696694575540865_0.5021864109244082_0.7196401254128783_SIZE_1_13.09_39
GEN_2_FIT_0.4559859108673878_0.4978921783016904_0.6969595861060734_SIZE_1_12.27_45
GEN_3_FIT_0.3997977523761628_0.5000837528020156_0.703317709369338_SIZE_1_11.71_36
GEN_4_FIT_0.4005826557065664_0.4997893143948927_0.745236375709835_SIZE_1_11.18_40
GEN_5_FIT_0.4204829496362776_0.4976651600435546_0.7353227127381659_SIZE_1_10.57_38
GEN_6_FIT_0.44167627233040646_0.4993076243083052_0.6962175449446971_SIZE_1_11.23_38
GEN_7_FIT_0.41008188053373124_0.5017244702598055_0.7479391666027306_SIZE_1_12.44_44
GEN_8_FIT_0.4433067230467925_0.5097863126317751_0.7235874379980265_SIZE_1_12.03_42
GEN_9_FIT_0.3697064354324641_0.49173585369119394_0.6529320061103081_SIZE_1_11.02_42
GEN_10_FIT_0.43082036733070034_0.5001404759493802_0.7249032013137662_SIZE_1_10.17_40
GEN_11_FIT_0.43721571047184515_0.5067914340185641_0.7548468324697057_SIZE_1_12.79_41
GEN_12_FIT_0.432712864258748_0.4997521451272888_0.7134113973222073_SIZE_1_12.3_42
GEN_13_FIT_0.4429556161916673_0.5003194327737817_0.7469721237642858_SIZE_1_10.51_34
GEN_14_FIT_0.42623978208865615_0.5015465831758991_0.7234299352251794_SIZE_1_10.1_39
GEN_15_FIT_0.442750801220692_0.4993324393567509_0.691717005204493_SIZE_1_12.0_38
GEN_16_FIT_0.40353920147418343_0.5008812031016402_0.7198540301563661_SIZE_1_11.14_37
GEN_17_FIT_0.35763392464353405_0.4998127619539454_0.6856810601800565_SIZE_1_12.71_37
GEN_18_FIT_0.4205920679366516_0.49769325963909056_0.6479320924891355_SIZE_1_12.51_42
GEN_19_FIT_0.4426796908618785_0.49929716203277313_0.6357652598257486_SIZE_1_12.22_41
GEN_20_FIT_0.4366956411236974_0.5024948987822894_0.7466774803047571_SIZE_1_12.54_43
Evaluating in sample:
[GEN_20|make_tuple(9, 8, n, po)|0.7548]
Evaluating out-of-sample:
[GEN_20|make_tuple(9, 8, n, po)|0.7765]
GEN_21_FIT_0.4429556161916673_0.49652475613364855_0.5789323921461703_SIZE_1_12.12_42
GEN_22_FIT_0.40195075743738756_0.49812949339726736_0.6988532965285205_SIZE_1_13.16_40
GEN_23_FIT_0.3984404149614127_0.49614081588435327_0.657178752289088_SIZE_1_11.98_43
GEN_24_FIT_0.4003783482760307_0.5018111106837169_0.73523472915368_SIZE_1_13.09_43
GEN_25_FIT_0.411805526064607_0.5006272907429686_0.6704135837584122_SIZE_1_12.77_38
GEN_26_FIT_0.40908883676614505_0.49376195772454173_0.7429634754274366_SIZE_1_14.98_41
GEN_27_FIT_0.44805936616404957_0.49854584224641557_0.7365608757525883_SIZE_1_11.45_39
GEN_28_FIT_0.38610468870808135_0.49603804098885695_0.6788330592287247_SIZE_1_11.98_48
GEN_29_FIT_0.37566391493633444_0.4978528184300935_0.6619421134340717_SIZE_1_11.43_38
GEN_30_FIT_0.398568699882836_0.49585097590512134_0.7294358575882449_SIZE_1_12.63_43
GEN_31_FIT_0.42080970336900403_0.4965367640251978_0.7349442251914186_SIZE_1_11.93_38
GEN_32_FIT_0.4146867409128616_0.5008816220993786_0.6730876409796359_SIZE_1_12.89_44
Stopped early in iteration 32, no improvement in 20 gens.
BENCHMARK: Evaluating in-sample:
[mlr_default: make_tuple(10.0, 16.0, 10.0, 200.0)|0.7098]
BENCHMARK:  Evaluating out-of-sample:
[GEN_32|mlr_default: make_tuple(10.0, 16.0, 10.0, 200.0)|0.7258]
START_TASK: 11
GEN_0_FIT_0.3765736279679442_0.49180423678071533_0.6790534999641361_SIZE_1_12.8_39
GEN_1_FIT_0.40607371048009305_0.4977200042002526_0.6673963026528353_SIZE_1_10.44_44
GEN_2_FIT_0.4430382710008201_0.4964440848693925_0.7239643023524824_SIZE_1_12.06_40
GEN_3_FIT_0.38372408077062836_0.4965993763778336_0.6693803025354041_SIZE_1_12.91_41
GEN_4_FIT_0.44784477848913345_0.5026163305989813_0.7236404336184773_SIZE_1_13.29_38
GEN_5_FIT_0.36561221131382865_0.4966159361283134_0.7369811655233444_SIZE_1_11.69_42
GEN_6_FIT_0.43667981637744635_0.49992714164840923_0.5971492379521016_SIZE_1_11.66_42
GEN_7_FIT_0.4056093867145719_0.4970296174481921_0.5963747618223214_SIZE_1_12.06_36
GEN_8_FIT_0.3981949865362805_0.4982928369535713_0.6547015870181768_SIZE_1_11.17_39
GEN_9_FIT_0.43298685839163265_0.508978870188676_0.7478271706128584_SIZE_1_11.04_45
GEN_10_FIT_0.42371947214271943_0.4961326068372492_0.6358099850860756_SIZE_1_13.74_43
GEN_11_FIT_0.3911844463226252_0.4870496424459672_0.6083884811061171_SIZE_1_14.06_43
GEN_12_FIT_0.42249494940290816_0.4951251557090028_0.6637765842373285_SIZE_1_14.12_42
GEN_13_FIT_0.4364671926084476_0.49504655939379305_0.6512452715923491_SIZE_1_12.87_39
GEN_14_FIT_0.4251644537517547_0.5066257049110608_0.7209536804464168_SIZE_1_11.33_35
GEN_15_FIT_0.38856257302281105_0.49592326398760633_0.6234187762069671_SIZE_1_10.44_35
GEN_16_FIT_0.41590640795168543_0.5061157594436674_0.7080260726858594_SIZE_1_10.04_42
GEN_17_FIT_0.46184134187517123_0.5040721377066038_0.6985204513658082_SIZE_1_10.39_37
GEN_18_FIT_0.40216443050785555_0.5061544504556958_0.7200778265005419_SIZE_1_10.41_40
GEN_19_FIT_0.42683855237087587_0.5112728854643632_0.7523789243002968_SIZE_1_10.41_37
GEN_20_FIT_0.4469088856478434_0.5072776329635664_0.655253811889641_SIZE_1_10.45_42
Evaluating in sample:
[GEN_20|make_tuple(11, n, po, 263)|0.7524]
Evaluating out-of-sample:
[GEN_20|make_tuple(11, n, po, 263)|0.8771]
GEN_21_FIT_0.44305521288199146_0.5052851181460468_0.6910070830616312_SIZE_1_13.23_42
GEN_22_FIT_0.43587374731895884_0.5010521874431184_0.6850807499087269_SIZE_1_12.24_37
GEN_23_FIT_0.42462353709712236_0.4919506247370606_0.6194799882765109_SIZE_1_12.35_42
GEN_24_FIT_0.40545810589057457_0.5045786594320236_0.7689389038184976_SIZE_1_12.31_39
GEN_25_FIT_0.44197155364851076_0.5090520517297444_0.7106912454940807_SIZE_1_10.58_40
GEN_26_FIT_0.40839475356292154_0.4951887624725891_0.6518433339980196_SIZE_1_10.64_56
GEN_27_FIT_0.43945394516319874_0.500007432652988_0.7540300702392935_SIZE_1_12.63_46
GEN_28_FIT_0.42776818808870715_0.5014222858210854_0.7540300702392935_SIZE_1_13.65_39
GEN_29_FIT_0.40575078198270653_0.5076970301156604_0.746040555945733_SIZE_1_13.11_44
GEN_30_FIT_0.44284299595222915_0.5007569372457966_0.7079283903199813_SIZE_1_10.31_37
GEN_31_FIT_0.4525280787434276_0.49428277474572263_0.5715804810599404_SIZE_1_12.56_39
GEN_32_FIT_0.40564816487572847_0.49924442720568263_0.6859064942658324_SIZE_1_11.45_41
GEN_33_FIT_0.4310145731120865_0.5033302836734629_0.7671317033852589_SIZE_1_13.72_43
GEN_34_FIT_0.40607371048009305_0.495582841357522_0.6392873742909733_SIZE_1_12.28_38
GEN_35_FIT_0.4049859821547686_0.4996937491299767_0.6995669915552033_SIZE_1_11.9_45
GEN_36_FIT_0.37561202656960235_0.4974679062435463_0.6895701778976375_SIZE_1_11.85_40
GEN_37_FIT_0.4094153879908749_0.500960775313342_0.6759346782713739_SIZE_1_14.27_41
GEN_38_FIT_0.42696175568315253_0.5098616361892916_0.6759491511786069_SIZE_1_10.54_41
GEN_39_FIT_0.4361317733438525_0.5074300822709263_0.6642940105170738_SIZE_1_9.27_52
GEN_40_FIT_0.43574534861001096_0.5047081996145303_0.752139773167056_SIZE_1_10.8_36
Evaluating in sample:
[GEN_40|make_tuple(9, n, n, n)|0.7689]
Evaluating out-of-sample:
[GEN_40|make_tuple(9, n, n, n)|0.9216]
GEN_41_FIT_0.39112546584411856_0.4999349241368282_0.7455303065782599_SIZE_1_14.13_39
GEN_42_FIT_0.43906402968513353_0.4939289182778149_0.7316000869539611_SIZE_1_12.9_37
GEN_43_FIT_0.3911844463226252_0.5002530013874165_0.6571245855264172_SIZE_1_11.25_40
GEN_44_FIT_0.44450286855868115_0.4939307803805432_0.5883745185589003_SIZE_1_12.6_39
GEN_45_FIT_0.4068357827733432_0.5022818495142825_0.717853553106039_SIZE_1_12.35_44
Stopped early in iteration 45, no improvement in 20 gens.
BENCHMARK: Evaluating in-sample:
[mlr_default: make_tuple(10.0, 16.0, 10.0, 200.0)|0.7085]
BENCHMARK:  Evaluating out-of-sample:
[GEN_45|mlr_default: make_tuple(10.0, 16.0, 10.0, 200.0)|0.8758]
START_TASK: 12
GEN_0_FIT_0.4188722610591931_0.49826685893062767_0.6605687407369157_SIZE_1_11.55_40
GEN_1_FIT_0.4334499473583281_0.49760959387307424_0.7419437216145063_SIZE_1_12.2_38
GEN_2_FIT_0.44008769224011995_0.49778576689845755_0.6710299974377728_SIZE_1_11.89_38
GEN_3_FIT_0.4417576233015387_0.502895848897577_0.6796880732331436_SIZE_1_9.69_38
GEN_4_FIT_0.4110653223902562_0.49602015527104554_0.6963364944217826_SIZE_1_11.92_35
GEN_5_FIT_0.4440180379602393_0.5066080036865042_0.707920931974239_SIZE_1_10.31_42
GEN_6_FIT_0.4294390849234791_0.5014897028221701_0.7144611493347778_SIZE_1_11.13_42
GEN_7_FIT_0.4068078629269979_0.5020284907030363_0.6932023621044283_SIZE_1_13.32_44
GEN_8_FIT_0.41711649316168997_0.4985246677345366_0.7041970585159949_SIZE_1_12.6_38
GEN_9_FIT_0.43782061890056473_0.5007818483607557_0.7335431713987661_SIZE_1_13.19_40
GEN_10_FIT_0.4118406131907264_0.4884585332698228_0.5810889690645723_SIZE_1_12.06_40
GEN_11_FIT_0.43527054491893763_0.49872289469235326_0.7559840744881725_SIZE_1_12.4_41
GEN_12_FIT_0.4097716436670911_0.4997721691212628_0.7108243160056963_SIZE_1_12.17_41
GEN_13_FIT_0.3893227066574224_0.503646112308734_0.733913991514332_SIZE_1_12.39_37
GEN_14_FIT_0.39967661307240676_0.4904418067324468_0.6679961144238948_SIZE_1_13.73_42
GEN_15_FIT_0.4325135370952793_0.5077306652941355_0.7297802509652811_SIZE_1_10.35_47
GEN_16_FIT_0.43564921932780665_0.5142630543545881_0.720544119474969_SIZE_1_10.08_43
GEN_17_FIT_0.42413770461249695_0.5076310208989168_0.7407711547371123_SIZE_1_11.96_41
GEN_18_FIT_0.41605482575711955_0.4976470702042179_0.6098154816170996_SIZE_1_11.45_37
GEN_19_FIT_0.45380826247249983_0.4981060059336246_0.7201658766579302_SIZE_1_14.2_44
GEN_20_FIT_0.40304080371272316_0.5014504424902051_0.7448144033288941_SIZE_1_13.31_42
Evaluating in sample:
[GEN_20|make_tuple(7, p, 461, n)|0.7560]
Evaluating out-of-sample:
[GEN_20|make_tuple(7, p, 461, n)|0.8825]
GEN_21_FIT_0.4002248472622748_0.5030804955702989_0.6421925582795163_SIZE_1_11.25_45
GEN_22_FIT_0.4358876139224744_0.5027342419202637_0.7294797192828644_SIZE_1_12.35_39
GEN_23_FIT_0.4594603111270181_0.5058483824443516_0.7640706838345881_SIZE_1_12.72_41
GEN_24_FIT_0.39337039882056835_0.49247446847489296_0.6260260637722179_SIZE_1_10.78_47
GEN_25_FIT_0.38540295350445736_0.5095219632447935_0.7450178603611616_SIZE_1_10.0_38
GEN_26_FIT_0.38858942053020645_0.4970553692853585_0.5746781557152473_SIZE_1_12.62_41
GEN_27_FIT_0.44921557763582287_0.5003377939556447_0.730658996424816_SIZE_1_12.15_38
GEN_28_FIT_0.4220965944695032_0.49469528089542214_0.5906614130349773_SIZE_1_11.89_37
GEN_29_FIT_0.44042554081808044_0.4962182924631399_0.6575579688146371_SIZE_1_11.27_40
GEN_30_FIT_0.44813184440764636_0.4989893831155375_0.7150603720452414_SIZE_1_11.43_44
GEN_31_FIT_0.43191515982874956_0.5007883350397772_0.6786774855211324_SIZE_1_12.13_46
GEN_32_FIT_0.4200249716410264_0.4950941110739106_0.5785504629137805_SIZE_1_14.11_40
GEN_33_FIT_0.44045494594160817_0.507355355928563_0.6993113737813555_SIZE_1_10.43_44
GEN_34_FIT_0.4441835311391617_0.5006065282525892_0.703046094405103_SIZE_1_9.23_41
GEN_35_FIT_0.35008155331204666_0.5036750033210273_0.7442145914797071_SIZE_1_11.6_39
GEN_36_FIT_0.4211859565689815_0.4990429438685277_0.6536235555253884_SIZE_1_11.39_36
GEN_37_FIT_0.43815188824308554_0.4951684434382024_0.7079982300380995_SIZE_1_11.55_36
GEN_38_FIT_0.43037965574957043_0.49521795997073015_0.6201407719045939_SIZE_1_10.71_37
GEN_39_FIT_0.4097716436670911_0.49838575992792916_0.7500010105667029_SIZE_1_12.98_37
GEN_40_FIT_0.42465577835646395_0.49764529826946186_0.7600085301477417_SIZE_1_11.12_40
Evaluating in sample:
[GEN_40|make_tuple(9, po, p, 503)|0.7641]
Evaluating out-of-sample:
[GEN_40|make_tuple(9, po, p, 503)|0.8400]
GEN_41_FIT_0.40583157483369603_0.4991065950424885_0.7574292608718498_SIZE_1_11.09_38
GEN_42_FIT_0.4103913983798048_0.49783831067320455_0.7518996294511607_SIZE_1_14.09_44
GEN_43_FIT_0.4541654881977447_0.4922328515177901_0.5801579724300722_SIZE_1_12.91_41
GEN_44_FIT_0.4123873916326745_0.5019290800657633_0.7219060013972275_SIZE_1_11.64_40
Stopped early in iteration 44, no improvement in 20 gens.
BENCHMARK: Evaluating in-sample:
[mlr_default: make_tuple(10.0, 16.0, 10.0, 200.0)|0.7093]
BENCHMARK:  Evaluating out-of-sample:
[GEN_44|mlr_default: make_tuple(10.0, 16.0, 10.0, 200.0)|0.7817]
START_TASK: 14
GEN_0_FIT_0.4344854039312282_0.4975835672788729_0.7072051011609999_SIZE_1_13.25_41
GEN_1_FIT_0.3720789338652892_0.499503080224756_0.7142301264551293_SIZE_1_11.7_44
GEN_2_FIT_0.4192080754627989_0.4997381669789579_0.6211342076769072_SIZE_1_11.7_42
GEN_3_FIT_0.43219398204353204_0.5039998626116661_0.7475854180877947_SIZE_1_13.03_48
GEN_4_FIT_0.40042885654094595_0.5048247869194139_0.7512329492425716_SIZE_1_11.58_36
GEN_5_FIT_0.42642177573192125_0.5033426781111354_0.6319795386979032_SIZE_1_11.76_41
GEN_6_FIT_0.3713591810951484_0.5040499361504825_0.7366774095582309_SIZE_1_12.24_40
GEN_7_FIT_0.42021657254376915_0.5012211335448775_0.6549246905850187_SIZE_1_10.99_38
GEN_8_FIT_0.45017302374120244_0.4990149488887346_0.7265633559569544_SIZE_1_12.98_37
GEN_9_FIT_0.4112201472037819_0.49802211953799913_0.6575025947310456_SIZE_1_12.74_48
GEN_10_FIT_0.4445931619879646_0.5015447804626162_0.6972774843531957_SIZE_1_10.48_38
GEN_11_FIT_0.39076398943148755_0.5093719891497525_0.7450854322256262_SIZE_1_13.0_44
GEN_12_FIT_0.3993536455373852_0.5054480642252952_0.735908591790983_SIZE_1_11.8_43
GEN_13_FIT_0.43802888887678576_0.5030875834405575_0.611923258606341_SIZE_1_11.57_46
GEN_14_FIT_0.39990747851048425_0.500397275358611_0.7477167473684805_SIZE_1_11.75_40
GEN_15_FIT_0.3965893965768535_0.5010196565325866_0.6851152898431929_SIZE_1_11.74_39
GEN_16_FIT_0.39200761409299306_0.505835182307977_0.6770014837471636_SIZE_1_10.53_35
GEN_17_FIT_0.44678377447400336_0.5009643879027683_0.7545255526494775_SIZE_1_13.46_41
GEN_18_FIT_0.42550567228329694_0.5006153154835261_0.6607805198103458_SIZE_1_12.19_47
GEN_19_FIT_0.4500017366694505_0.5038820670603111_0.7261808084404293_SIZE_1_11.27_39
GEN_20_FIT_0.38989120909654934_0.5049240963436084_0.7129789668343071_SIZE_1_11.65_39
Evaluating in sample:
[GEN_20|make_tuple(7, m, 198, n)|0.7545]
Evaluating out-of-sample:
[GEN_20|make_tuple(7, m, 198, n)|0.7536]
GEN_21_FIT_0.38297786942265405_0.501041106645857_0.7246876946545578_SIZE_1_11.55_44
GEN_22_FIT_0.4479179954380875_0.5080038133039151_0.7038405038842591_SIZE_1_10.93_39
GEN_23_FIT_0.430584393483236_0.5031277923936385_0.6839198193563477_SIZE_1_13.18_42
GEN_24_FIT_0.45018049674239724_0.5034668827618034_0.6551417118864294_SIZE_1_12.02_39
GEN_25_FIT_0.41727603843797734_0.5032590167238824_0.7316511722604058_SIZE_1_12.72_38
GEN_26_FIT_0.4109730414290375_0.49478861757805886_0.6541922334573018_SIZE_1_11.29_40
GEN_27_FIT_0.43376886208621646_0.49962336589951106_0.7335991512011444_SIZE_1_12.05_49
GEN_28_FIT_0.40137922299483625_0.5042933821347969_0.7160142143657797_SIZE_1_12.07_39
GEN_29_FIT_0.40387729195905003_0.5078522312884174_0.6785309572750109_SIZE_1_12.04_41
GEN_30_FIT_0.4046504799536721_0.49800835695136664_0.6682323866394305_SIZE_1_12.45_40
GEN_31_FIT_0.41473712108681643_0.5080911943370819_0.7428778038971322_SIZE_1_11.55_45
GEN_32_FIT_0.4494409247388778_0.4974148347274566_0.7088816607594582_SIZE_1_12.24_41
GEN_33_FIT_0.4027524265431918_0.49995032980011783_0.652299863265106_SIZE_1_12.49_35
GEN_34_FIT_0.41599116153914273_0.5084528561142626_0.745239013616828_SIZE_1_11.78_40
GEN_35_FIT_0.417445267452295_0.5101576204794618_0.7190601470402661_SIZE_1_10.32_36
GEN_36_FIT_0.40416486866449863_0.5044648125961757_0.7164884500661571_SIZE_1_11.62_41
GEN_37_FIT_0.40251273322840697_0.5017411113558792_0.6506708646038881_SIZE_1_12.11_39
GEN_38_FIT_0.38989120909654934_0.5032023736571176_0.7371900495316676_SIZE_1_11.11_36
Stopped early in iteration 38, no improvement in 20 gens.
BENCHMARK: Evaluating in-sample:
[mlr_default: make_tuple(10.0, 16.0, 10.0, 200.0)|0.7097]
BENCHMARK:  Evaluating out-of-sample:
[GEN_38|mlr_default: make_tuple(10.0, 16.0, 10.0, 200.0)|0.7374]
START_TASK: 15
GEN_0_FIT_0.40116720247757176_0.504616299695877_0.7130536105426162_SIZE_1_10.13_35
GEN_1_FIT_0.41581931941067085_0.5089100969765533_0.7456689835101256_SIZE_1_10.13_34
GEN_2_FIT_0.41895339317653296_0.49517628093716964_0.6085826101751871_SIZE_1_12.58_36
GEN_3_FIT_0.44376503771599884_0.5061039366845247_0.7559309580654041_SIZE_1_9.85_41
GEN_4_FIT_0.39294930568862496_0.5042770957468153_0.7709994261839712_SIZE_1_10.82_39
GEN_5_FIT_0.4447636611498688_0.5060439014934605_0.7169113988406264_SIZE_1_11.11_37
GEN_6_FIT_0.4441505667053465_0.5035105933542939_0.7421143815995687_SIZE_1_10.31_38
GEN_7_FIT_0.4143617450576383_0.5030897981488563_0.7580781480769639_SIZE_1_10.85_38
GEN_8_FIT_0.426116572465531_0.4969670210032847_0.7596110941858031_SIZE_1_12.86_36
GEN_9_FIT_0.4531111564640874_0.5077583032853065_0.7288045354713371_SIZE_1_10.65_42
GEN_10_FIT_0.3832170043272822_0.49580295901043864_0.5673455225113393_SIZE_1_12.83_46
GEN_11_FIT_0.4169134495528586_0.49974016670135407_0.681970328959377_SIZE_1_12.43_36
GEN_12_FIT_0.373103656663636_0.49412499498443035_0.5743457528931457_SIZE_1_12.59_47
GEN_13_FIT_0.43604444960354394_0.4993506640544079_0.7590367592377134_SIZE_1_13.25_44
GEN_14_FIT_0.4451299112776939_0.5075940446626208_0.7089222064242211_SIZE_1_11.21_40
GEN_15_FIT_0.3898070070548705_0.49642813569582905_0.6527543446709135_SIZE_1_12.42_46
GEN_16_FIT_0.4213783790895855_0.5020580378665254_0.6828018308881216_SIZE_1_11.34_38
GEN_17_FIT_0.43866789093845865_0.49616659585396744_0.7102868885239074_SIZE_1_12.55_41
GEN_18_FIT_0.39428471520997016_0.4980828297899341_0.7464709925243084_SIZE_1_11.05_37
GEN_19_FIT_0.44972747963283455_0.49760674769089397_0.7423344906123799_SIZE_1_12.08_40
GEN_20_FIT_0.44242869177840977_0.49994763057403857_0.716780170052348_SIZE_1_12.78_42
Evaluating in sample:
[GEN_20|make_tuple(9, n, n, 358)|0.7710]
Evaluating out-of-sample:
[GEN_20|make_tuple(9, n, n, 358)|0.7416]
GEN_21_FIT_0.4298781459077712_0.5018330028910923_0.7433626798048226_SIZE_1_12.48_36
GEN_22_FIT_0.4441028862939594_0.5023903837868803_0.7047422308258352_SIZE_1_12.15_51
GEN_23_FIT_0.4305440338711145_0.5055504673553998_0.7521298467534508_SIZE_1_11.03_35
GEN_24_FIT_0.4439516353509262_0.5035925220226765_0.7570910116616444_SIZE_1_12.03_41
GEN_25_FIT_0.4235470589801437_0.49884714428948645_0.6658064477514997_SIZE_1_12.23_42
Stopped early in iteration 25, no improvement in 20 gens.
BENCHMARK: Evaluating in-sample:
[mlr_default: make_tuple(10.0, 16.0, 10.0, 200.0)|0.7103]
BENCHMARK:  Evaluating out-of-sample:
[GEN_25|mlr_default: make_tuple(10.0, 16.0, 10.0, 200.0)|0.6722]
START_TASK: 16
GEN_0_FIT_0.40690505261987053_0.4989048648529248_0.7026348655056879_SIZE_1_10.9_38
GEN_1_FIT_0.43636678073370794_0.4963111326244192_0.6104814278094846_SIZE_1_12.56_43
GEN_2_FIT_0.42502236911883456_0.5036395397363169_0.7198773239557421_SIZE_1_10.99_44
GEN_3_FIT_0.4113329384241028_0.4994795484210819_0.6944415272857604_SIZE_1_12.31_44
GEN_4_FIT_0.43821302806328916_0.5012854419893334_0.6895365620969087_SIZE_1_11.09_38
GEN_5_FIT_0.43768334799497755_0.5064129896147271_0.6879961508781915_SIZE_1_12.52_41
GEN_6_FIT_0.40480123221809605_0.5077575115273696_0.7464167414502583_SIZE_1_10.54_35
GEN_7_FIT_0.4355068015254844_0.49843412281205074_0.638219266209922_SIZE_1_11.08_43
GEN_8_FIT_0.43914176821027473_0.5078709007765692_0.7048904310498371_SIZE_1_12.07_46
GEN_9_FIT_0.40593347930920315_0.4975496938011532_0.6284974865141439_SIZE_1_9.93_36
GEN_10_FIT_0.4163746262244644_0.5026190087474722_0.7040840443130597_SIZE_1_11.31_40
GEN_11_FIT_0.3904748073265928_0.500495966593859_0.7495687123363363_SIZE_1_11.78_38
GEN_12_FIT_0.4422421618495965_0.49600748923238563_0.6719416989829977_SIZE_1_11.77_44
GEN_13_FIT_0.40481266482500694_0.5035471406417329_0.7522907974255189_SIZE_1_12.24_42
GEN_14_FIT_0.45606143898880197_0.5058930621063774_0.7641264852260764_SIZE_1_10.92_40
GEN_15_FIT_0.4546302497035086_0.5005559160822599_0.7466732494172583_SIZE_1_13.68_45
GEN_16_FIT_0.4188114180595051_0.5002299855775543_0.7154837318625248_SIZE_1_12.67_41
GEN_17_FIT_0.4126741291627855_0.4947742418959036_0.6954254221779533_SIZE_1_11.97_41
GEN_18_FIT_0.3890639790822196_0.49190144459506746_0.6924612498874813_SIZE_1_12.98_39
GEN_19_FIT_0.38805138685901647_0.4992386399228909_0.638153641884952_SIZE_1_11.98_44
GEN_20_FIT_0.4184837518995657_0.4979769783254897_0.6959418978298347_SIZE_1_13.54_44
Evaluating in sample:
[GEN_20|make_tuple(9, po, po, 312)|0.7641]
Evaluating out-of-sample:
[GEN_20|make_tuple(9, po, po, 312)|0.8129]
GEN_21_FIT_0.4124039487609708_0.49662175198675335_0.693992111622362_SIZE_1_12.42_39
GEN_22_FIT_0.3923833510539825_0.48800984010560355_0.7154602196637556_SIZE_1_12.52_37
GEN_23_FIT_0.4088876746735087_0.5008785239597275_0.7273495849885518_SIZE_1_10.9_40
GEN_24_FIT_0.4399904889055524_0.496137122996936_0.647974669027788_SIZE_1_12.2_38
GEN_25_FIT_0.4200628410926623_0.4979150492518856_0.653506853282698_SIZE_1_11.97_42
GEN_26_FIT_0.43904025446320327_0.49993561295901157_0.7009011906520053_SIZE_1_12.84_39
GEN_27_FIT_0.45046339500463295_0.5020599490785895_0.7207290429890162_SIZE_1_11.79_50
GEN_28_FIT_0.40879184539209296_0.5018795185925243_0.6875562104216202_SIZE_1_11.49_39
GEN_29_FIT_0.4380724405258668_0.49830662707135026_0.7279345556160685_SIZE_1_13.55_42
GEN_30_FIT_0.417821193149673_0.498113600707471_0.6284661440448772_SIZE_1_11.5_34
GEN_31_FIT_0.43512628540305787_0.4986457195080113_0.6755175536550748_SIZE_1_12.08_35
GEN_32_FIT_0.41170160125603905_0.5063518770856482_0.7383519378350564_SIZE_1_9.95_36
GEN_33_FIT_0.42321947350362776_0.5048323494997728_0.7258909614737636_SIZE_1_10.76_38
GEN_34_FIT_0.42482851458221216_0.4958307858130383_0.7162872930150609_SIZE_1_12.27_43
GEN_35_FIT_0.4157906457831451_0.5021206968715979_0.720233461267172_SIZE_1_11.62_35
Stopped early in iteration 35, no improvement in 20 gens.
BENCHMARK: Evaluating in-sample:
[mlr_default: make_tuple(10.0, 16.0, 10.0, 200.0)|0.7092]
BENCHMARK:  Evaluating out-of-sample:
[GEN_35|mlr_default: make_tuple(10.0, 16.0, 10.0, 200.0)|0.7956]
START_TASK: 18
GEN_0_FIT_0.45805493671733977_0.5040255325171893_0.7242408705841258_SIZE_1_12.3_43
GEN_1_FIT_0.3875955515057371_0.501045844585578_0.6907983810286711_SIZE_1_10.22_38
GEN_2_FIT_0.4423540094236869_0.5071637782046063_0.7237771129841842_SIZE_1_11.28_42
GEN_3_FIT_0.42690724969765337_0.5054495178781188_0.6983585349401391_SIZE_1_12.19_41
GEN_4_FIT_0.40616076755968245_0.5018647413235516_0.6249310077712064_SIZE_1_12.58_35
GEN_5_FIT_0.45106953316820175_0.49704634920624363_0.6471307911025415_SIZE_1_13.17_38
GEN_6_FIT_0.4331346248952446_0.5004586660031094_0.6448649783554395_SIZE_1_11.58_33
GEN_7_FIT_0.42202722295205575_0.49840912485380046_0.6597649088954588_SIZE_1_9.58_33
GEN_8_FIT_0.39529117224335847_0.5010991892929322_0.6323918395837208_SIZE_1_10.82_46
GEN_9_FIT_0.43730661765358425_0.49981243986486557_0.6396365192571207_SIZE_1_12.19_40
GEN_10_FIT_0.42366267273317365_0.49572934150987313_0.6949019150008541_SIZE_1_11.52_38
GEN_11_FIT_0.43687980869117055_0.5066593203524888_0.7459445842202803_SIZE_1_10.93_53
GEN_12_FIT_0.4591721500423917_0.5040105625487682_0.72197194929262_SIZE_1_13.31_38
GEN_13_FIT_0.39535604926565554_0.4991567521010071_0.6741602778171717_SIZE_1_12.46_45
GEN_14_FIT_0.43334677118309095_0.5026384586206493_0.6352542777575616_SIZE_1_10.87_40
GEN_15_FIT_0.43995995633038865_0.5001163781476934_0.7309803883172424_SIZE_1_10.6_40
GEN_16_FIT_0.4227477776913556_0.4961762768764694_0.6914046805194044_SIZE_1_12.53_40
GEN_17_FIT_0.46499480907443147_0.4969570792576244_0.6378762617906322_SIZE_1_13.63_37
GEN_18_FIT_0.3917549203781634_0.49685024131185707_0.725942219020376_SIZE_1_13.46_42
GEN_19_FIT_0.42721617408856216_0.5043812849200234_0.7032942070847464_SIZE_1_11.99_42
GEN_20_FIT_0.4086663107533222_0.4984943902613348_0.7463064930417078_SIZE_1_14.45_51
Evaluating in sample:
[GEN_20|make_tuple(12, p, n, p)|0.7463]
Evaluating out-of-sample:
[GEN_20|make_tuple(12, p, n, p)|0.6053]
GEN_21_FIT_0.4565389908494982_0.5123666925295738_0.7036773568947008_SIZE_1_10.34_36
GEN_22_FIT_0.411743803984073_0.500035365276166_0.6148349214668165_SIZE_1_11.18_37
GEN_23_FIT_0.4041767897158593_0.501249254931623_0.7003920233142836_SIZE_1_11.09_43
GEN_24_FIT_0.39555253576273214_0.49875626631953823_0.6734720074982267_SIZE_1_12.77_48
GEN_25_FIT_0.418179892508377_0.4976142709941205_0.6576220027582088_SIZE_1_12.29_40
GEN_26_FIT_0.437982637114414_0.5007625060121326_0.704592074728655_SIZE_1_11.17_40
GEN_27_FIT_0.4059707420930861_0.49926063951682_0.7460750382182912_SIZE_1_12.61_37
GEN_28_FIT_0.45341361424612175_0.5007693663655085_0.7065544247912815_SIZE_1_11.75_40
GEN_29_FIT_0.42957003918692216_0.5062591289937618_0.7135421662228847_SIZE_1_11.87_42
GEN_30_FIT_0.41116805521704197_0.49678287115027864_0.728467251860572_SIZE_1_14.08_44
GEN_31_FIT_0.39508605780210415_0.5043410373676193_0.738267018717378_SIZE_1_13.17_45
GEN_32_FIT_0.40088439657997116_0.5079487000067334_0.7496981515259952_SIZE_1_13.19_42
GEN_33_FIT_0.35652584614663463_0.49594732973077726_0.7219472974412838_SIZE_1_12.64_39
GEN_34_FIT_0.4238338194122992_0.505656699071989_0.7122319068163013_SIZE_1_12.79_43
GEN_35_FIT_0.41765217176243763_0.5042488119921651_0.7104391489144035_SIZE_1_13.29_46
GEN_36_FIT_0.42304771934575114_0.49721987561799463_0.7333594793730267_SIZE_1_12.02_39
GEN_37_FIT_0.43853255685973835_0.5067346734163615_0.7203526438114098_SIZE_1_12.35_40
GEN_38_FIT_0.3986788515265951_0.5039021721793947_0.6926479263023337_SIZE_1_12.12_39
GEN_39_FIT_0.43178760967668833_0.5035719698903983_0.7363676476344109_SIZE_1_10.36_35
GEN_40_FIT_0.42780816582695014_0.49728914069971664_0.7513212292084224_SIZE_1_13.1_38
Evaluating in sample:
[GEN_40|make_tuple(10, p, 34, n)|0.7513]
Evaluating out-of-sample:
[GEN_40|make_tuple(10, p, 34, n)|0.4020]
GEN_41_FIT_0.4297333789501214_0.49778378460473965_0.7432570206801126_SIZE_1_12.98_38
GEN_42_FIT_0.45674121148607155_0.49835663478860776_0.7229409702522986_SIZE_1_13.67_38
GEN_43_FIT_0.32566124452746686_0.5071457553007389_0.729355089142388_SIZE_1_11.77_45
GEN_44_FIT_0.4107433202362469_0.49768211385650396_0.7650354834952341_SIZE_1_11.65_37
GEN_45_FIT_0.443417057319485_0.5052416324063094_0.7221027642392036_SIZE_1_12.48_43
GEN_46_FIT_0.33741902991048844_0.5053967669546878_0.771826286808851_SIZE_1_11.77_39
GEN_47_FIT_0.40817940252232465_0.5018847251289885_0.7500266200804115_SIZE_1_10.82_35
GEN_48_FIT_0.3970497433074368_0.4955328083969007_0.7352328585691146_SIZE_1_13.19_43
GEN_49_FIT_0.44289885919486277_0.4982925774193556_0.5839469585895103_SIZE_1_13.16_40
GEN_50_FIT_0.43251510314990455_0.498536956614735_0.6006161110605196_SIZE_1_12.42_39
GEN_51_FIT_0.43248160920786677_0.5047467647729834_0.7343316823112223_SIZE_1_11.63_37
GEN_52_FIT_0.440162737236744_0.5057674970672633_0.7567041272158856_SIZE_1_11.49_35
GEN_53_FIT_0.4210681981390187_0.5043596031946838_0.7540764824037963_SIZE_1_11.21_41
GEN_54_FIT_0.44082223433173207_0.4941323829463947_0.6955343971963635_SIZE_1_13.35_36
GEN_55_FIT_0.3952491267402392_0.4963673245445823_0.7704619708731318_SIZE_1_11.33_41
GEN_56_FIT_0.35193363871281896_0.5061293157555133_0.7412221292388496_SIZE_1_10.65_41
GEN_57_FIT_0.4238338194122992_0.5070875632955514_0.6322574150177027_SIZE_1_10.2_40
GEN_58_FIT_0.41861508485248944_0.5033554754278133_0.7223950003097808_SIZE_1_10.87_45
GEN_59_FIT_0.443417057319485_0.5049650649711389_0.6666101721017158_SIZE_1_10.55_36
GEN_60_FIT_0.4053678051401709_0.5026828191848304_0.707250036557706_SIZE_1_10.34_39
Evaluating in sample:
[GEN_60|make_tuple(9, po, 774, n)|0.7718]
Evaluating out-of-sample:
[GEN_60|make_tuple(9, po, 774, n)|0.3873]
GEN_61_FIT_0.4265415595614024_0.49718508707809767_0.6018571191237289_SIZE_1_12.22_35
GEN_62_FIT_0.43294455128109294_0.4982210432442477_0.7350493677431386_SIZE_1_13.84_43
GEN_63_FIT_0.3720822180874878_0.5010039203305007_0.7484420322038118_SIZE_1_12.6_44
GEN_64_FIT_0.4202389249809449_0.4990364116104013_0.6791352289118334_SIZE_1_12.23_43
GEN_65_FIT_0.4534843776924454_0.49861401865945537_0.6376667401874018_SIZE_1_10.28_38
GEN_66_FIT_0.40601204150077386_0.5043983327779551_0.7260838698378466_SIZE_1_11.71_41
GEN_67_FIT_0.44755717665569184_0.4984334513072001_0.6230529741432868_SIZE_1_13.28_43
Stopped early in iteration 67, no improvement in 20 gens.
BENCHMARK: Evaluating in-sample:
[mlr_default: make_tuple(10.0, 16.0, 10.0, 200.0)|0.7122]
BENCHMARK:  Evaluating out-of-sample:
[GEN_67|mlr_default: make_tuple(10.0, 16.0, 10.0, 200.0)|0.4478]
START_TASK: 22
GEN_0_FIT_0.4154032625443478_0.5009544424554955_0.7096457497090081_SIZE_1_11.46_38
GEN_1_FIT_0.4319622306666795_0.494354187794691_0.6075852763176047_SIZE_1_13.6_38
GEN_2_FIT_0.4404457436977235_0.5052412012555133_0.623340743954854_SIZE_1_9.6_39
GEN_3_FIT_0.40382309465661614_0.5013796271225831_0.7124656314119047_SIZE_1_12.9_40
GEN_4_FIT_0.42452196757754285_0.5038953594155593_0.7278837228378957_SIZE_1_11.53_42
GEN_5_FIT_0.4154357999475991_0.4975659529920327_0.7355993976699152_SIZE_1_12.91_40
GEN_6_FIT_0.418457068210583_0.4953638924598327_0.7109111193040537_SIZE_1_13.89_43
GEN_7_FIT_0.43675733057588345_0.5080652987288344_0.713658077724514_SIZE_1_11.57_39
GEN_8_FIT_0.43952966653163106_0.5005372421955258_0.730783665933349_SIZE_1_13.96_42
GEN_9_FIT_0.41650020469642646_0.5035995762799259_0.7474611927510366_SIZE_1_11.71_39
GEN_10_FIT_0.38754712473260716_0.4972712105354664_0.6350112014978592_SIZE_1_12.63_39
GEN_11_FIT_0.4530110949571616_0.5014363187649167_0.6426844872960505_SIZE_1_11.77_44
GEN_12_FIT_0.39279678674137886_0.504219021310527_0.755759391253362_SIZE_1_10.76_41
GEN_13_FIT_0.4525370709342785_0.5046642519103243_0.7477330825506123_SIZE_1_13.39_38
GEN_14_FIT_0.44027346986663607_0.5005765887581165_0.6846089589416051_SIZE_1_11.75_40
GEN_15_FIT_0.4169768789070617_0.5017571322628029_0.6260808330198676_SIZE_1_13.23_41
GEN_16_FIT_0.4462797095756879_0.49985906903040694_0.6129352163762792_SIZE_1_13.24_42
GEN_17_FIT_0.37532919737335685_0.4997362825869071_0.7186615937833427_SIZE_1_13.1_36
GEN_18_FIT_0.44027346986663607_0.4989230389152921_0.7083593191843641_SIZE_1_12.21_41
GEN_19_FIT_0.4221555870332419_0.5029052321355075_0.7403611843511806_SIZE_1_13.72_38
GEN_20_FIT_0.4283559976958006_0.5041493047615297_0.7186036822369649_SIZE_1_12.97_37
Evaluating in sample:
[GEN_20|make_tuple(9, m, n, po)|0.7558]
Evaluating out-of-sample:
[GEN_20|make_tuple(9, m, n, po)|0.7168]
GEN_21_FIT_0.4209378536199351_0.4958340875678968_0.6721560870204724_SIZE_1_13.91_40
GEN_22_FIT_0.38754712473260716_0.5001094300433305_0.7517940670176884_SIZE_1_12.66_39
GEN_23_FIT_0.38754712473260716_0.5109179543900249_0.7555454961952193_SIZE_1_10.91_47
GEN_24_FIT_0.4404457436977235_0.5061513301222008_0.7101572844454062_SIZE_1_12.53_44
GEN_25_FIT_0.42617065486892663_0.5001059135908227_0.6682933083886085_SIZE_1_11.67_42
GEN_26_FIT_0.41571200708896333_0.5066252447543764_0.7032439575024501_SIZE_1_12.69_46
GEN_27_FIT_0.38754712473260716_0.5005615683712044_0.7366743230521879_SIZE_1_13.49_41
GEN_28_FIT_0.36113144644338374_0.501462910966558_0.6557405762752287_SIZE_1_13.29_38
GEN_29_FIT_0.4440447108847319_0.49915705893656515_0.7542077345865107_SIZE_1_11.27_35
GEN_30_FIT_0.45002905335180743_0.5101436681177184_0.7390694804132659_SIZE_1_11.73_43
GEN_31_FIT_0.44027346986663607_0.5135403487321083_0.7435066417200112_SIZE_1_9.61_39
GEN_32_FIT_0.41119886085747426_0.5040038893206124_0.7293147653160968_SIZE_1_11.89_39
GEN_33_FIT_0.4272447122772078_0.4942488782939342_0.6833861530093965_SIZE_1_11.5_38
Stopped early in iteration 33, no improvement in 20 gens.
BENCHMARK: Evaluating in-sample:
[mlr_default: make_tuple(10.0, 16.0, 10.0, 200.0)|0.7092]
BENCHMARK:  Evaluating out-of-sample:
[GEN_33|mlr_default: make_tuple(10.0, 16.0, 10.0, 200.0)|0.7930]
START_TASK: 23
GEN_0_FIT_0.39993027852430424_0.4991811550176942_0.6785081791602607_SIZE_1_12.31_43
GEN_1_FIT_0.43632554023638637_0.49874837390849636_0.7137029960505944_SIZE_1_10.98_34
GEN_2_FIT_0.4298681976012374_0.5038886037624474_0.7447900268765747_SIZE_1_14.26_41
GEN_3_FIT_0.41858535584236056_0.5010285116381188_0.7195395482501858_SIZE_1_12.84_44
GEN_4_FIT_0.43998515760950585_0.49910729982796836_0.7126032106656828_SIZE_1_11.18_37
GEN_5_FIT_0.4239836369394777_0.496610760333183_0.6728509265889288_SIZE_1_11.3_36
GEN_6_FIT_0.4157136656327819_0.5051382886366467_0.745590605467608_SIZE_1_12.64_39
GEN_7_FIT_0.4426180096750475_0.5005606553490837_0.6627492961086899_SIZE_1_11.17_43
GEN_8_FIT_0.45053586656874045_0.4999051682941036_0.694669956397976_SIZE_1_11.61_45
GEN_9_FIT_0.4075272843963466_0.5063024751381513_0.7585057152491159_SIZE_1_12.01_43
GEN_10_FIT_0.4335001059097374_0.5017681660288882_0.629516598246282_SIZE_1_11.47_36
GEN_11_FIT_0.40612028484098367_0.4942024525889009_0.6949330015760927_SIZE_1_11.54_42
GEN_12_FIT_0.4430770346233295_0.5062696997556031_0.7424556690772973_SIZE_1_11.14_42
GEN_13_FIT_0.43823625797764443_0.5096470034859052_0.7690611049064056_SIZE_1_12.08_43
GEN_14_FIT_0.40923612614289306_0.49680704854557783_0.6591760390593453_SIZE_1_15.0_43
GEN_15_FIT_0.40503028086021525_0.5065072106782027_0.7283097838488943_SIZE_1_10.85_38
GEN_16_FIT_0.4004081201885162_0.5012841725934897_0.639936790784239_SIZE_1_12.85_48
GEN_17_FIT_0.4205130551654209_0.5043787526615432_0.6893763802955065_SIZE_1_12.35_39
GEN_18_FIT_0.4080861226488677_0.494330876023192_0.6835542856598371_SIZE_1_12.89_41
GEN_19_FIT_0.44178178384507016_0.502672603989371_0.7017058206595381_SIZE_1_11.16_36
GEN_20_FIT_0.44561717779964394_0.5057075804761454_0.6903288430682437_SIZE_1_10.92_35
Evaluating in sample:
[GEN_20|make_tuple(9, n, p, n)|0.7691]
Evaluating out-of-sample:
[GEN_20|make_tuple(9, n, p, n)|0.7091]
GEN_21_FIT_0.3906618554287745_0.5015595764524307_0.6895997116542524_SIZE_1_10.93_48
GEN_22_FIT_0.4064992883285219_0.49940557646851047_0.7100938210848398_SIZE_1_11.94_39
GEN_23_FIT_0.4562982743643159_0.5117622332571048_0.7299206602491954_SIZE_1_10.8_42
GEN_24_FIT_0.4133953545245447_0.5025780672857255_0.748124107591369_SIZE_1_13.07_41
GEN_25_FIT_0.4625684633552922_0.5056966750050169_0.7393337320214766_SIZE_1_9.97_40
GEN_26_FIT_0.4101841601627678_0.49952433694243686_0.752856430735613_SIZE_1_13.21_40
GEN_27_FIT_0.4561472450697202_0.5106967637359925_0.6824781951749539_SIZE_1_10.26_37
GEN_28_FIT_0.393336358066468_0.5025845715456966_0.725116444892799_SIZE_1_10.27_35
GEN_29_FIT_0.404027359684467_0.49674895107555456_0.692570829710012_SIZE_1_11.09_36
GEN_30_FIT_0.4399415246451684_0.5074685305280624_0.7302616671179947_SIZE_1_9.45_46
GEN_31_FIT_0.40917313083622886_0.5049221185295876_0.7264199273098374_SIZE_1_11.52_36
GEN_32_FIT_0.4347122569862085_0.5035635478817047_0.749647373164254_SIZE_1_14.04_46
GEN_33_FIT_0.43416626574346445_0.5007784421093945_0.7361397008369447_SIZE_1_11.87_41
GEN_34_FIT_0.42871166015592027_0.49479484086119746_0.5673862916853101_SIZE_1_12.99_38
Stopped early in iteration 34, no improvement in 20 gens.
BENCHMARK: Evaluating in-sample:
[mlr_default: make_tuple(10.0, 16.0, 10.0, 200.0)|0.7106]
BENCHMARK:  Evaluating out-of-sample:
[GEN_34|mlr_default: make_tuple(10.0, 16.0, 10.0, 200.0)|0.6374]
START_TASK: 24
GEN_0_FIT_0.4475124844791154_0.5044135002232377_0.7128530121808623_SIZE_1_11.98_36
GEN_1_FIT_0.38587055592801434_0.497615918327629_0.7447434164181996_SIZE_1_12.42_37
GEN_2_FIT_0.446911683613559_0.49743601588257497_0.6784869756421049_SIZE_1_13.54_36
GEN_3_FIT_0.4162314760560984_0.5010942885622807_0.728639966917327_SIZE_1_13.07_43
GEN_4_FIT_0.33442308006589355_0.4940811808925281_0.7259064543995528_SIZE_1_13.31_37
GEN_5_FIT_0.45079609873603527_0.5077646585971055_0.7287558424286326_SIZE_1_10.91_44
GEN_6_FIT_0.4070767174414126_0.4970319774341108_0.7152803291260857_SIZE_1_13.46_34
GEN_7_FIT_0.44153775368637144_0.5051533593020288_0.7236853033551781_SIZE_1_12.18_42
GEN_8_FIT_0.43390158616752034_0.499443526235287_0.6770184756734171_SIZE_1_11.33_36
GEN_9_FIT_0.3880472808769286_0.5086441383206091_0.659550287494353_SIZE_1_11.01_41
GEN_10_FIT_0.39684844211646614_0.5094204799401912_0.7611351703059505_SIZE_1_10.8_39
GEN_11_FIT_0.4067548496939951_0.5034284181926515_0.6832515833518593_SIZE_1_10.36_42
GEN_12_FIT_0.4193279652720096_0.499953205478814_0.7408649751702713_SIZE_1_13.18_39
GEN_13_FIT_0.415226227125007_0.496869590690909_0.7245980877079141_SIZE_1_12.7_41
GEN_14_FIT_0.36425734487203243_0.5058596566466349_0.7009928081707729_SIZE_1_10.47_40
GEN_15_FIT_0.4134210725333901_0.5023140645931774_0.7413098761872575_SIZE_1_13.17_44
GEN_16_FIT_0.44402335397712117_0.5024834821235602_0.7172848040769776_SIZE_1_12.73_36
GEN_17_FIT_0.41627884587743025_0.49174086471345235_0.5923058063366126_SIZE_1_12.81_37
GEN_18_FIT_0.4080787820538437_0.4955662057304079_0.6790386768706721_SIZE_1_12.6_44
GEN_19_FIT_0.4206318561019246_0.501083855703438_0.7470947701227142_SIZE_1_11.61_43
GEN_20_FIT_0.3931959712267663_0.5014113187615409_0.6462561437500971_SIZE_1_12.05_37
Evaluating in sample:
[GEN_20|make_tuple(9, 1, 640, 200)|0.7611]
Evaluating out-of-sample:
[GEN_20|make_tuple(9, 1, 640, 200)|0.9952]
GEN_21_FIT_0.4311288422976749_0.49625150081759317_0.7443124030044601_SIZE_1_11.62_42
GEN_22_FIT_0.40080071208865065_0.5081001203744474_0.6295844760577215_SIZE_1_12.45_42
GEN_23_FIT_0.4441836460215155_0.4986025274745448_0.670687330866939_SIZE_1_11.26_36
GEN_24_FIT_0.4276296752670075_0.4932814372868118_0.6862793074063854_SIZE_1_11.65_40
GEN_25_FIT_0.42016518659603225_0.5009809108612745_0.6157344586718381_SIZE_1_10.84_39
GEN_26_FIT_0.41152534700129034_0.5024871587208781_0.7001131195535878_SIZE_1_12.02_42
GEN_27_FIT_0.42275162367849256_0.4993776757088749_0.5999695116383611_SIZE_1_11.31_42
GEN_28_FIT_0.4534962941679151_0.5003742604346325_0.7548027003658311_SIZE_1_12.69_39
GEN_29_FIT_0.38916882977253214_0.4909973039625942_0.5661069967144189_SIZE_1_12.92_43
GEN_30_FIT_0.42183986061920625_0.5028169823018112_0.6698370250968533_SIZE_1_11.21_44
GEN_31_FIT_0.4052378357026495_0.4995954876132957_0.7093326962462756_SIZE_1_12.2_36
Stopped early in iteration 31, no improvement in 20 gens.
BENCHMARK: Evaluating in-sample:
[mlr_default: make_tuple(10.0, 16.0, 10.0, 200.0)|0.7076]
BENCHMARK:  Evaluating out-of-sample:
[GEN_31|mlr_default: make_tuple(10.0, 16.0, 10.0, 200.0)|0.9769]
START_TASK: 2073
GEN_0_FIT_0.4400858946472198_0.4980671815194978_0.6923913425903668_SIZE_1_13.07_45
GEN_1_FIT_0.4343150757716286_0.49949992498608436_0.6896753457842325_SIZE_1_13.33_51
GEN_2_FIT_0.38869783258751145_0.5062214162913982_0.7098229352934592_SIZE_1_10.67_44
GEN_3_FIT_0.4397482287697468_0.5022058064484953_0.7181963841572798_SIZE_1_10.22_37
GEN_4_FIT_0.42516084683358224_0.5063377702336381_0.7267493561144168_SIZE_1_10.84_42
GEN_5_FIT_0.4044473047678175_0.502714470385856_0.6944565097804023_SIZE_1_13.23_49
GEN_6_FIT_0.41673401438369384_0.48793355039384473_0.5573412169819996_SIZE_1_12.59_43
GEN_7_FIT_0.43762797457379393_0.5123439784192596_0.7519171756177926_SIZE_1_9.91_39
GEN_8_FIT_0.44036793713435496_0.4987069893611619_0.7285458142070537_SIZE_1_13.34_40
GEN_9_FIT_0.4385955659523681_0.4908588746052228_0.6719227895115144_SIZE_1_13.25_45
GEN_10_FIT_0.41033580142137144_0.4904889674514797_0.5869087371321027_SIZE_1_12.8_37
GEN_11_FIT_0.4144561131883952_0.5034976746874061_0.6641059927922778_SIZE_1_10.7_48
GEN_12_FIT_0.4342676443200024_0.5039183096092246_0.7404774487592345_SIZE_1_12.98_42
GEN_13_FIT_0.44444829286743814_0.4952140322021446_0.6389189597977698_SIZE_1_12.37_36
GEN_14_FIT_0.43654467476431114_0.5000271518375338_0.6711510047943967_SIZE_1_12.05_37
GEN_15_FIT_0.4167710956302056_0.49740695240068517_0.6843928657956538_SIZE_1_11.39_41
GEN_16_FIT_0.4400858946472198_0.5085884213517953_0.7480944238565501_SIZE_1_13.31_54
GEN_17_FIT_0.4386745025493156_0.5013083337602771_0.7688744085585004_SIZE_1_12.1_35
GEN_18_FIT_0.4532926748454075_0.5114744379227842_0.7454346916353676_SIZE_1_12.13_42
GEN_19_FIT_0.34639060879038946_0.49920065358789806_0.7090088382066592_SIZE_1_12.73_41
GEN_20_FIT_0.4221349988750195_0.50419216408221_0.7090088382066592_SIZE_1_12.59_40
Evaluating in sample:
[GEN_20|make_tuple(9, n, n, n)|0.7689]
Evaluating out-of-sample:
[GEN_20|make_tuple(9, n, n, n)|0.9290]
GEN_21_FIT_0.44007561415393964_0.496822789306689_0.6400807082668518_SIZE_1_13.9_43
GEN_22_FIT_0.42496516759779573_0.4983514442313334_0.6228160241787324_SIZE_1_12.09_47
GEN_23_FIT_0.4062938588881489_0.5026293294909959_0.6651191513309683_SIZE_1_12.4_37
GEN_24_FIT_0.4337690374439098_0.5080008847876222_0.7408537608469105_SIZE_1_12.05_37
GEN_25_FIT_0.4403489380347674_0.5006621083258599_0.7314642862103918_SIZE_1_11.82_40
GEN_26_FIT_0.40478411781954604_0.49305566302272746_0.6025095686850768_SIZE_1_13.19_40
GEN_27_FIT_0.3906710237201886_0.5083689822261188_0.7386922077566584_SIZE_1_11.81_39
GEN_28_FIT_0.42562144950619984_0.4958579968193442_0.6722327247288569_SIZE_1_13.96_45
GEN_29_FIT_0.40651448125577105_0.5012729753776244_0.7217165287800849_SIZE_1_11.08_37
GEN_30_FIT_0.4371598977581581_0.5065109455620979_0.7365146466972392_SIZE_1_11.06_35
GEN_31_FIT_0.4205252929428364_0.4982736927968818_0.684266101488087_SIZE_1_14.27_44
GEN_32_FIT_0.4315051553127255_0.49927116454274084_0.7323989208558622_SIZE_1_13.71_42
GEN_33_FIT_0.418577041089051_0.4924514533984463_0.6706713377499053_SIZE_1_12.52_40
GEN_34_FIT_0.435820900243968_0.5024425004536082_0.7113146518074116_SIZE_1_12.82_39
GEN_35_FIT_0.4198488784575036_0.5026594033142164_0.6985781543714902_SIZE_1_10.85_39
GEN_36_FIT_0.41264667968096963_0.49461478263242087_0.649377645860627_SIZE_1_13.09_43
GEN_37_FIT_0.441340795751891_0.49724013735197914_0.6917603936697977_SIZE_1_13.96_45
GEN_38_FIT_0.417830802054699_0.5035164358766984_0.6744410362384923_SIZE_1_11.84_46
Stopped early in iteration 38, no improvement in 20 gens.
BENCHMARK: Evaluating in-sample:
[mlr_default: make_tuple(10.0, 16.0, 10.0, 200.0)|0.7087]
BENCHMARK:  Evaluating out-of-sample:
[GEN_38|mlr_default: make_tuple(10.0, 16.0, 10.0, 200.0)|0.8464]
START_TASK: 2074
GEN_0_FIT_0.4412033238752024_0.4997152048632259_0.6898746432009826_SIZE_1_12.8_38
GEN_1_FIT_0.439868721298551_0.5022345183950362_0.711184714147485_SIZE_1_11.28_38
GEN_2_FIT_0.4412033238752024_0.5064454676553729_0.7304566071014282_SIZE_1_12.77_43
GEN_3_FIT_0.4477373884181567_0.5019201399947634_0.7480172865431876_SIZE_1_10.92_44
GEN_4_FIT_0.44530167686234096_0.5038556237046612_0.7403948494579967_SIZE_1_12.53_39
GEN_5_FIT_0.3952733528791021_0.4943436543713207_0.6435022558707536_SIZE_1_12.3_38
GEN_6_FIT_0.4412033238752024_0.5032799886127881_0.6465440232627405_SIZE_1_12.09_41
GEN_7_FIT_0.43331404367116183_0.5043929536375152_0.6657914967985601_SIZE_1_11.87_39
GEN_8_FIT_0.44647962988190215_0.4952560143914775_0.67151097322606_SIZE_1_13.42_36
GEN_9_FIT_0.450819589983603_0.4974629236835381_0.6378330262994841_SIZE_1_11.03_42
GEN_10_FIT_0.43130543873931293_0.49986126460409785_0.7487418218641986_SIZE_1_10.71_36
GEN_11_FIT_0.40750088087942565_0.5009174094522133_0.6198959694970401_SIZE_1_11.19_41
GEN_12_FIT_0.441958842851924_0.4994592790617137_0.7103722532474102_SIZE_1_11.24_36
GEN_13_FIT_0.41012869947994895_0.5111401197764303_0.7169384263868558_SIZE_1_12.55_41
GEN_14_FIT_0.3647275229992602_0.5080305905902589_0.7563948071621206_SIZE_1_11.96_42
GEN_15_FIT_0.4492172679847681_0.5018976568775161_0.753926438912785_SIZE_1_12.87_39
