Starting problem: mlr_svm
param:age_regularization:100000.0
param:algorithm:mupluslambda
param:constants_only:False
param:cx:d1
param:early_stop_n:20
param:emut:gaussian
param:ephs:one
param:lambda_:100
param:max_number_operators:None
param:mu:20
param:ngen:200
param:optimize_constants:False
param:output_file:/home/gijsbers/symbdef/symbolicdefaults/runs/mlr_svm_lisa_gauss24_1eph_d1_3.log
param:problem:mlr_svm
param:subset:1.0
param:task:None
param:warm_start:False
Benchmark problems: mlr_svm
sklearn_default := make_tuple(1., truediv(1., mul(p, xvar)))
symbolic_best := make_tuple(16., truediv(mkd, xvar))
Starting problem: mlr_svm
param:age_regularization:100000.0
param:algorithm:mupluslambda
param:constants_only:False
param:cx:d1
param:early_stop_n:20
param:emut:gaussian
param:ephs:one
param:lambda_:100
param:max_number_operators:None
param:mu:20
param:ngen:200
param:optimize_constants:False
param:output_file:/home/gijsbers/symbdef/symbolicdefaults/runs/mlr_svm_lisa_gauss24_1eph_d1_3.log
param:problem:mlr_svm
param:subset:1.0
param:task:None
param:warm_start:False
Benchmark problems: mlr_svm
sklearn_default := make_tuple(1., truediv(1., mul(p, xvar)))
symbolic_best := make_tuple(16., truediv(mkd, xvar))
Loading surrogates from file.
START_TASK: 3
GEN_0_FIT_0.7331741452701548_0.833091774383577_0.8898623524838866_SIZE_1_1.25_3
GEN_1_FIT_0.8850418281852811_0.8878381153363669_0.8898623524838866_SIZE_1_1.2_2
GEN_2_FIT_0.8898623524838866_0.8898623524838868_0.8898623524838866_SIZE_1_1.0_1
GEN_3_FIT_0.8898623524838866_0.8898623524838868_0.8898623524838866_SIZE_1_1.0_1
GEN_4_FIT_0.8898623524838866_0.8898623524838868_0.8898623524838866_SIZE_1_1.0_1
GEN_5_FIT_0.8898623524838866_0.8898623524838868_0.8898623524838866_SIZE_1_1.0_1
GEN_6_FIT_0.8898623524838866_0.8898623524838868_0.8898623524838866_SIZE_1_1.0_1
GEN_7_FIT_0.8898623524838866_0.8898623524838868_0.8898623524838866_SIZE_1_1.0_1
GEN_8_FIT_0.8898623524838866_0.8900768821468938_0.8941529457440287_SIZE_1_1.05_2
GEN_9_FIT_0.8898623524838866_0.8902914118099009_0.8941529457440287_SIZE_1_1.1_2
GEN_10_FIT_0.8898623524838866_0.8902914118099009_0.8941529457440287_SIZE_1_1.1_2
GEN_11_FIT_0.8898623524838866_0.8902914118099009_0.8941529457440287_SIZE_1_1.1_2
GEN_12_FIT_0.8898623524838866_0.8902914118099009_0.8941529457440287_SIZE_1_1.1_2
GEN_13_FIT_0.8898623524838866_0.8901319775691249_0.8952548541886493_SIZE_1_1.05_2
GEN_14_FIT_0.8898623524838866_0.8901319775691249_0.8952548541886493_SIZE_1_1.05_2
GEN_15_FIT_0.8898623524838866_0.890401602654363_0.8952548541886493_SIZE_1_1.1_2
GEN_16_FIT_0.8898623524838866_0.890401602654363_0.8952548541886493_SIZE_1_1.1_2
GEN_17_FIT_0.8898623524838866_0.890401602654363_0.8952548541886493_SIZE_1_1.1_2
GEN_18_FIT_0.8898623524838866_0.890401602654363_0.8952548541886493_SIZE_1_1.1_2
GEN_19_FIT_0.8898623524838866_0.890401602654363_0.8952548541886493_SIZE_1_1.1_2
GEN_20_FIT_0.8898623524838866_0.890401602654363_0.8952548541886493_SIZE_1_1.1_2
Evaluating in sample:
[GEN_20|make_tuple(p, mkd)|0.8899]
[GEN_20|make_tuple(po, truediv(mkd, xvar))|0.8953]
Evaluating out-of-sample:
[GEN_20|make_tuple(p, mkd)|0.9641]
[GEN_20|make_tuple(po, truediv(mkd, xvar))|0.9909]
GEN_21_FIT_0.8898623524838866_0.890401602654363_0.8952548541886493_SIZE_1_1.1_2
GEN_22_FIT_0.8898623524838866_0.890401602654363_0.8952548541886493_SIZE_1_1.1_2
GEN_23_FIT_0.8898623524838866_0.890401602654363_0.8952548541886493_SIZE_1_1.1_2
GEN_24_FIT_0.8898623524838866_0.890401602654363_0.8952548541886493_SIZE_1_1.1_2
GEN_25_FIT_0.8898623524838866_0.890401602654363_0.8952548541886493_SIZE_1_1.1_2
GEN_26_FIT_0.8898623524838866_0.890401602654363_0.8952548541886493_SIZE_1_1.1_2
GEN_27_FIT_0.8898623524838866_0.890401602654363_0.8952548541886493_SIZE_1_1.1_2
GEN_28_FIT_0.8898623524838866_0.890401602654363_0.8952548541886493_SIZE_1_1.1_2
GEN_29_FIT_0.8898623524838866_0.890401602654363_0.8952548541886493_SIZE_1_1.1_2
GEN_30_FIT_0.8898623524838866_0.890401602654363_0.8952548541886493_SIZE_1_1.1_2
GEN_31_FIT_0.8898623524838866_0.890401602654363_0.8952548541886493_SIZE_1_1.1_2
GEN_32_FIT_0.8898623524838866_0.890401602654363_0.8952548541886493_SIZE_1_1.1_2
GEN_33_FIT_0.8898623524838866_0.890401602654363_0.8952548541886493_SIZE_1_1.1_2
GEN_34_FIT_0.8898623524838866_0.8902639364242987_0.8978940312921255_SIZE_1_1.05_2
GEN_35_FIT_0.8898623524838866_0.8903124157182178_0.8988636171705096_SIZE_1_1.05_2
GEN_36_FIT_0.8898623524838866_0.890324619894972_0.8991077007055922_SIZE_1_1.05_2
GEN_37_FIT_0.8898623524838866_0.8907868873060574_0.8991077007055922_SIZE_1_1.1_2
GEN_38_FIT_0.8898623524838866_0.8907868873060574_0.8991077007055922_SIZE_1_1.1_2
GEN_39_FIT_0.8898623524838866_0.8903513194838496_0.8996416924831447_SIZE_1_1.05_2
GEN_40_FIT_0.8898623524838866_0.8903601713961347_0.8998187307288448_SIZE_1_1.05_2
Evaluating in sample:
[GEN_40|make_tuple(p, mkd)|0.8899]
[GEN_40|make_tuple(7, truediv(mkd, xvar))|0.8998]
Evaluating out-of-sample:
[GEN_40|make_tuple(p, mkd)|0.9641]
[GEN_40|make_tuple(7, truediv(mkd, xvar))|0.9477]
GEN_41_FIT_0.8898623524838866_0.8908579903083826_0.8998187307288448_SIZE_1_1.1_2
GEN_42_FIT_0.8898623524838866_0.8908579903083826_0.8998187307288448_SIZE_1_1.1_2
GEN_43_FIT_0.8898623524838866_0.8908579903083826_0.8998187307288448_SIZE_1_1.1_2
GEN_44_FIT_0.8898623524838866_0.8908579903083826_0.8998187307288448_SIZE_1_1.1_2
GEN_45_FIT_0.8898623524838866_0.8908579903083826_0.8998187307288448_SIZE_1_1.1_2
GEN_46_FIT_0.8898623524838866_0.8908579903083826_0.8998187307288448_SIZE_1_1.1_2
GEN_47_FIT_0.8898623524838866_0.8908579903083826_0.8998187307288448_SIZE_1_1.1_2
GEN_48_FIT_0.8898623524838866_0.8908579903083826_0.8998187307288448_SIZE_1_1.1_2
GEN_49_FIT_0.8898623524838866_0.8904527700679467_0.901670704165086_SIZE_1_1.05_2
GEN_50_FIT_0.8898623524838866_0.8904527700679467_0.901670704165086_SIZE_1_1.05_2
GEN_51_FIT_0.8898623524838866_0.8910431876520066_0.901670704165086_SIZE_1_1.1_2
GEN_52_FIT_0.8898623524838866_0.8910431876520066_0.901670704165086_SIZE_1_1.1_2
GEN_53_FIT_0.8898623524838866_0.8910431876520066_0.901670704165086_SIZE_1_1.1_2
GEN_54_FIT_0.8898623524838866_0.8910431876520066_0.901670704165086_SIZE_1_1.1_2
GEN_55_FIT_0.8898623524838866_0.8910431876520066_0.901670704165086_SIZE_1_1.1_2
GEN_56_FIT_0.8898623524838866_0.8910431876520066_0.901670704165086_SIZE_1_1.1_2
GEN_57_FIT_0.8898623524838866_0.8910431876520066_0.901670704165086_SIZE_1_1.1_2
GEN_58_FIT_0.8898623524838866_0.8910431876520066_0.901670704165086_SIZE_1_1.1_2
GEN_59_FIT_0.8898623524838866_0.8910431876520066_0.901670704165086_SIZE_1_1.1_2
GEN_60_FIT_0.8898623524838866_0.8910431876520066_0.901670704165086_SIZE_1_1.1_2
Evaluating in sample:
[GEN_60|make_tuple(p, mkd)|0.8899]
[GEN_60|make_tuple(m, truediv(mkd, xvar))|0.9017]
Evaluating out-of-sample:
[GEN_60|make_tuple(p, mkd)|0.9641]
[GEN_60|make_tuple(m, truediv(mkd, xvar))|0.9132]
GEN_61_FIT_0.8898623524838866_0.8910431876520066_0.901670704165086_SIZE_1_1.1_2
GEN_62_FIT_0.8898623524838866_0.8910431876520066_0.901670704165086_SIZE_1_1.1_2
GEN_63_FIT_0.8898623524838866_0.8910431876520066_0.901670704165086_SIZE_1_1.1_2
GEN_64_FIT_0.8898623524838866_0.8910431876520066_0.901670704165086_SIZE_1_1.1_2
GEN_65_FIT_0.8898623524838866_0.8910431876520066_0.901670704165086_SIZE_1_1.1_2
GEN_66_FIT_0.8898623524838866_0.8910431876520066_0.901670704165086_SIZE_1_1.1_2
GEN_67_FIT_0.8898623524838866_0.8910431876520066_0.901670704165086_SIZE_1_1.1_2
GEN_68_FIT_0.8898623524838866_0.8910431876520066_0.901670704165086_SIZE_1_1.1_2
GEN_69_FIT_0.8898623524838866_0.8910431876520066_0.901670704165086_SIZE_1_1.1_2
GEN_70_FIT_0.8898623524838866_0.8910431876520066_0.901670704165086_SIZE_1_1.1_2
Stopped early in iteration 70, no improvement in 20 gens.
BENCHMARK: Evaluating in-sample:
[sklearn_default: make_tuple(1.0, truediv(1.0, mul(p, xvar)))|0.8870]
[symbolic_best: make_tuple(16.0, truediv(mkd, xvar))|0.8943]
BENCHMARK:  Evaluating out-of-sample:
[GEN_70|sklearn_default: make_tuple(1.0, truediv(1.0, mul(p, xvar)))|0.9193]
[GEN_70|symbolic_best: make_tuple(16.0, truediv(mkd, xvar))|0.9816]
sklearn_default := make_tuple(1., truediv(1., mul(p, xvar)))
symbolic_best := make_tuple(16., truediv(mkd, xvar))
Average in_sample mean for sklearn_default: 0.8870482417184834
Average in_sample mean for symbolic_best: 0.8942960197417851
START_TASK: 6
GEN_0_FIT_0.6729306945228443_0.8116450800127373_0.8915646824469515_SIZE_1_1.7_3
GEN_1_FIT_0.8834621637248828_0.8865438809057528_0.8916238912425275_SIZE_1_1.45_3
GEN_2_FIT_0.8854863294224041_0.8890064257250845_0.8964353493629059_SIZE_1_1.2_2
GEN_3_FIT_0.8896227525844951_0.8903383300293383_0.8967785270329279_SIZE_1_1.1_2
GEN_4_FIT_0.8896227525844951_0.8903383300293383_0.8967785270329279_SIZE_1_1.1_2
GEN_5_FIT_0.8896227525844951_0.8903383300293383_0.8967785270329279_SIZE_1_1.1_2
GEN_6_FIT_0.8896227525844951_0.8903383300293383_0.8967785270329279_SIZE_1_1.1_2
GEN_7_FIT_0.8896227525844951_0.8903383300293383_0.8967785270329279_SIZE_1_1.1_2
GEN_8_FIT_0.8896227525844951_0.8903383300293383_0.8967785270329279_SIZE_1_1.1_2
GEN_9_FIT_0.8896227525844951_0.8903383300293383_0.8967785270329279_SIZE_1_1.1_2
GEN_10_FIT_0.8896227525844951_0.8903383300293383_0.8967785270329279_SIZE_1_1.1_2
GEN_11_FIT_0.8896227525844951_0.8903383300293383_0.8967785270329279_SIZE_1_1.1_2
GEN_12_FIT_0.8896227525844951_0.8903383300293383_0.8967785270329279_SIZE_1_1.1_2
GEN_13_FIT_0.8896227525844951_0.8903383300293383_0.8967785270329279_SIZE_1_1.1_2
GEN_14_FIT_0.8896227525844951_0.8903383300293383_0.8967785270329279_SIZE_1_1.1_2
GEN_15_FIT_0.8896227525844951_0.8903383300293383_0.8967785270329279_SIZE_1_1.1_2
GEN_16_FIT_0.8896227525844951_0.8903383300293383_0.8967785270329279_SIZE_1_1.1_2
GEN_17_FIT_0.8896227525844951_0.8903383300293383_0.8967785270329279_SIZE_1_1.1_2
GEN_18_FIT_0.8896227525844951_0.8903383300293383_0.8967785270329279_SIZE_1_1.1_2
GEN_19_FIT_0.8896227525844951_0.8903383300293383_0.8967785270329279_SIZE_1_1.1_2
GEN_20_FIT_0.8896227525844951_0.8903383300293383_0.8967785270329279_SIZE_1_1.1_2
Evaluating in sample:
[GEN_20|make_tuple(p, mkd)|0.8896]
[GEN_20|make_tuple(p, truediv(xvar, po))|0.8968]
Evaluating out-of-sample:
[GEN_20|make_tuple(p, mkd)|0.9892]
[GEN_20|make_tuple(p, truediv(xvar, po))|0.9954]
GEN_21_FIT_0.8896227525844951_0.8903383300293383_0.8967785270329279_SIZE_1_1.1_2
GEN_22_FIT_0.8896227525844951_0.8903383300293383_0.8967785270329279_SIZE_1_1.1_2
GEN_23_FIT_0.8896227525844951_0.8903383300293383_0.8967785270329279_SIZE_1_1.1_2
GEN_24_FIT_0.8896227525844951_0.8903383300293383_0.8967785270329279_SIZE_1_1.1_2
Stopped early in iteration 24, no improvement in 20 gens.
BENCHMARK: Evaluating in-sample:
[sklearn_default: make_tuple(1.0, truediv(1.0, mul(p, xvar)))|0.8866]
[symbolic_best: make_tuple(16.0, truediv(mkd, xvar))|0.8942]
BENCHMARK:  Evaluating out-of-sample:
[GEN_24|sklearn_default: make_tuple(1.0, truediv(1.0, mul(p, xvar)))|0.9681]
[GEN_24|symbolic_best: make_tuple(16.0, truediv(mkd, xvar))|0.9892]
sklearn_default := make_tuple(1., truediv(1., mul(p, xvar)))
symbolic_best := make_tuple(16., truediv(mkd, xvar))
Average in_sample mean for sklearn_default: 0.8868158786827111
Average in_sample mean for symbolic_best: 0.8942595313471322
START_TASK: 11
GEN_0_FIT_0.8030007895508172_0.8431935802064039_0.8903493450788414_SIZE_1_1.85_3
GEN_1_FIT_0.8445276044345127_0.8799296755541344_0.8903493450788414_SIZE_1_1.75_3
GEN_2_FIT_0.8843629609408976_0.8889619679828972_0.8904613512431839_SIZE_1_1.85_3
GEN_3_FIT_0.8846636546181997_0.8898234913439387_0.8905316143160125_SIZE_1_1.65_3
GEN_4_FIT_0.8904613512431839_0.8904683775504667_0.8905316143160125_SIZE_1_1.2_3
GEN_5_FIT_0.8904613512431839_0.8904683775504667_0.8905316143160125_SIZE_1_1.2_3
GEN_6_FIT_0.8904613512431839_0.8904683775504667_0.8905316143160125_SIZE_1_1.2_3
GEN_7_FIT_0.8904613512431839_0.8904683775504667_0.8905316143160125_SIZE_1_1.2_3
GEN_8_FIT_0.8904613512431839_0.8904683775504667_0.8905316143160125_SIZE_1_1.2_3
GEN_9_FIT_0.8904613512431839_0.8904683775504667_0.8905316143160125_SIZE_1_1.2_3
GEN_10_FIT_0.8904613512431839_0.8904683775504667_0.8905316143160125_SIZE_1_1.2_3
GEN_11_FIT_0.8904613512431839_0.8904683775504667_0.8905316143160125_SIZE_1_1.2_3
GEN_12_FIT_0.8904613512431839_0.8904683775504667_0.8905316143160125_SIZE_1_1.2_3
GEN_13_FIT_0.8904613512431839_0.8904683775504667_0.8905316143160125_SIZE_1_1.2_3
GEN_14_FIT_0.8904613512431839_0.8904683775504667_0.8905316143160125_SIZE_1_1.2_3
GEN_15_FIT_0.8904613512431839_0.8904683775504667_0.8905316143160125_SIZE_1_1.2_3
GEN_16_FIT_0.8904613512431839_0.8904683775504667_0.8905316143160125_SIZE_1_1.2_3
GEN_17_FIT_0.8904613512431839_0.8904683775504667_0.8905316143160125_SIZE_1_1.2_3
GEN_18_FIT_0.8904613512431839_0.8904657537309042_0.8905494009975916_SIZE_1_1.1_3
GEN_19_FIT_0.8904613512431839_0.8904701562186246_0.8905494009975916_SIZE_1_1.2_3
GEN_20_FIT_0.8904613512431839_0.8904701562186246_0.8905494009975916_SIZE_1_1.2_3
Evaluating in sample:
[GEN_20|make_tuple(p, mkd)|0.8905]
[GEN_20|make_tuple(sub(p, truediv(xvar, m)), mkd)|0.8905]
Evaluating out-of-sample:
[GEN_20|make_tuple(p, mkd)|0.9012]
[GEN_20|make_tuple(sub(p, truediv(xvar, m)), mkd)|0.8983]
GEN_21_FIT_0.8904613512431839_0.8904701562186246_0.8905494009975916_SIZE_1_1.2_3
GEN_22_FIT_0.8904613512431839_0.8906905437134593_0.8950452006486967_SIZE_1_1.05_2
GEN_23_FIT_0.8904613512431839_0.890919736183735_0.8950452006486967_SIZE_1_1.1_2
GEN_24_FIT_0.8904613512431839_0.890919736183735_0.8950452006486967_SIZE_1_1.1_2
GEN_25_FIT_0.8904613512431839_0.890919736183735_0.8950452006486967_SIZE_1_1.1_2
GEN_26_FIT_0.8904613512431839_0.890919736183735_0.8950452006486967_SIZE_1_1.1_2
GEN_27_FIT_0.8904613512431839_0.890919736183735_0.8950452006486967_SIZE_1_1.1_2
GEN_28_FIT_0.8904613512431839_0.890919736183735_0.8950452006486967_SIZE_1_1.1_2
GEN_29_FIT_0.8904613512431839_0.890919736183735_0.8950452006486967_SIZE_1_1.1_2
GEN_30_FIT_0.8904613512431839_0.890919736183735_0.8950452006486967_SIZE_1_1.1_2
GEN_31_FIT_0.8904613512431839_0.890919736183735_0.8950452006486967_SIZE_1_1.1_2
GEN_32_FIT_0.8904613512431839_0.890919736183735_0.8950452006486967_SIZE_1_1.1_2
GEN_33_FIT_0.8904613512431839_0.890919736183735_0.8950452006486967_SIZE_1_1.1_2
GEN_34_FIT_0.8904613512431839_0.890919736183735_0.8950452006486967_SIZE_1_1.1_2
GEN_35_FIT_0.8904613512431839_0.890919736183735_0.8950452006486967_SIZE_1_1.1_2
GEN_36_FIT_0.8904613512431839_0.890919736183735_0.8950452006486967_SIZE_1_1.1_2
GEN_37_FIT_0.8904613512431839_0.8910297002133006_0.9018283306455231_SIZE_1_1.05_2
GEN_38_FIT_0.8904613512431839_0.8910297002133006_0.9018283306455231_SIZE_1_1.05_2
GEN_39_FIT_0.8904613512431839_0.8915980491834177_0.9018283306455231_SIZE_1_1.1_2
GEN_40_FIT_0.8904613512431839_0.8915980491834177_0.9018283306455231_SIZE_1_1.1_2
Evaluating in sample:
[GEN_40|make_tuple(p, mkd)|0.8905]
[GEN_40|make_tuple(m, truediv(mkd, xvar))|0.9018]
Evaluating out-of-sample:
[GEN_40|make_tuple(p, mkd)|0.9012]
[GEN_40|make_tuple(m, truediv(mkd, xvar))|0.8966]
GEN_41_FIT_0.8904613512431839_0.8915980491834177_0.9018283306455231_SIZE_1_1.1_2
GEN_42_FIT_0.8904613512431839_0.8915980491834177_0.9018283306455231_SIZE_1_1.1_2
GEN_43_FIT_0.8904613512431839_0.8915980491834177_0.9018283306455231_SIZE_1_1.1_2
GEN_44_FIT_0.8904613512431839_0.8915980491834177_0.9018283306455231_SIZE_1_1.1_2
GEN_45_FIT_0.8904613512431839_0.8915980491834177_0.9018283306455231_SIZE_1_1.1_2
GEN_46_FIT_0.8904613512431839_0.8915980491834177_0.9018283306455231_SIZE_1_1.1_2
GEN_47_FIT_0.8904613512431839_0.8915980491834177_0.9018283306455231_SIZE_1_1.1_2
GEN_48_FIT_0.8904613512431839_0.8915980491834177_0.9018283306455231_SIZE_1_1.1_2
GEN_49_FIT_0.8904613512431839_0.8915980491834177_0.9018283306455231_SIZE_1_1.1_2
GEN_50_FIT_0.8904613512431839_0.8915980491834177_0.9018283306455231_SIZE_1_1.1_2
GEN_51_FIT_0.8904613512431839_0.8915980491834177_0.9018283306455231_SIZE_1_1.1_2
GEN_52_FIT_0.8904613512431839_0.8915980491834177_0.9018283306455231_SIZE_1_1.1_2
GEN_53_FIT_0.8904613512431839_0.8915980491834177_0.9018283306455231_SIZE_1_1.1_2
GEN_54_FIT_0.8904613512431839_0.8915980491834177_0.9018283306455231_SIZE_1_1.1_2
GEN_55_FIT_0.8904613512431839_0.8915980491834177_0.9018283306455231_SIZE_1_1.1_2
GEN_56_FIT_0.8904613512431839_0.8915980491834177_0.9018283306455231_SIZE_1_1.1_2
GEN_57_FIT_0.8904613512431839_0.8915980491834177_0.9018283306455231_SIZE_1_1.1_2
GEN_58_FIT_0.8904613512431839_0.8915980491834177_0.9018283306455231_SIZE_1_1.1_2
Stopped early in iteration 58, no improvement in 20 gens.
BENCHMARK: Evaluating in-sample:
[sklearn_default: make_tuple(1.0, truediv(1.0, mul(p, xvar)))|0.8874]
[symbolic_best: make_tuple(16.0, truediv(mkd, xvar))|0.8946]
BENCHMARK:  Evaluating out-of-sample:
[GEN_58|sklearn_default: make_tuple(1.0, truediv(1.0, mul(p, xvar)))|0.8807]
[GEN_58|symbolic_best: make_tuple(16.0, truediv(mkd, xvar))|0.9504]
sklearn_default := make_tuple(1., truediv(1., mul(p, xvar)))
symbolic_best := make_tuple(16., truediv(mkd, xvar))
Average in_sample mean for sklearn_default: 0.8870156758399208
Average in_sample mean for symbolic_best: 0.8943706017168597
START_TASK: 12
GEN_0_FIT_0.6757793474070042_0.8184245311688272_0.8834556336650862_SIZE_1_1.85_3
GEN_1_FIT_0.882133898935399_0.8844812657394392_0.8893312746521621_SIZE_1_1.65_3
GEN_2_FIT_0.8841022112421543_0.8865209246484647_0.8895826474858849_SIZE_1_1.6_4
GEN_3_FIT_0.8853934272939691_0.8876842991420666_0.8895826474858849_SIZE_1_1.45_3
