Starting problem: mlr_knn
param:age_regularization:100000.0
param:algorithm:random_search
param:constants_only:False
param:cxpb:0.25
param:early_stop_n:20
param:lambda_:100
param:max_number_operators:None
param:max_start_size:3
param:mu:20
param:ngen:300
param:optimize_constants:False
param:output_file:/home/gijsbers/symbolicdefaults/runs/mlr_knn_random_search_8.log
param:problem:mlr_knn
param:subset:1.0
param:task:None
param:warm_start:False
Benchmark problems: mlr_knn
mlr_default := make_tuple(10., 16., 10., 200.)
Loading surrogates from file.
START_TASK: 3
GEN_0_FIT_0.4383084760614162_0.5049716328123877_0.7069549328197752_SIZE_1_9.67_37
GEN_1_FIT_0.44345769057585954_0.5050872812854877_0.7398798011426729_SIZE_1_11.05_48
GEN_2_FIT_0.4267991623590143_0.5031934210303638_0.7645624217634426_SIZE_1_11.52_41
GEN_3_FIT_0.4541237145265077_0.50265579275888_0.7220082990908513_SIZE_1_12.52_44
GEN_4_FIT_0.4167857093994839_0.5003217580418238_0.7146613784504967_SIZE_1_12.94_44
GEN_5_FIT_0.4580739635293554_0.5123759452764992_0.7463550337844725_SIZE_1_10.31_39
GEN_6_FIT_0.446580625343727_0.5064364935483857_0.7295814743413038_SIZE_1_11.81_34
GEN_7_FIT_0.44626716986516457_0.5039278407174291_0.7429039230811244_SIZE_1_11.32_35
GEN_8_FIT_0.4591778994205621_0.5049278236400304_0.7616988220930972_SIZE_1_12.79_46
GEN_9_FIT_0.37342686657932683_0.5052297098267458_0.7108055135600163_SIZE_1_12.22_36
GEN_10_FIT_0.4328709945090305_0.5066371464702056_0.6753367667037163_SIZE_1_11.49_38
GEN_11_FIT_0.4396217607251026_0.4998176516653671_0.7152852598956471_SIZE_1_12.53_43
GEN_12_FIT_0.43786924247080405_0.512667050417765_0.7490857055519152_SIZE_1_11.27_39
GEN_13_FIT_0.4024081918581872_0.49705758779449544_0.5721617624106927_SIZE_1_11.63_40
GEN_14_FIT_0.4385758324153694_0.5028968397345187_0.6400604235743587_SIZE_1_11.8_42
GEN_15_FIT_0.4376485437375351_0.5013880848341158_0.644200227390703_SIZE_1_13.79_40
GEN_16_FIT_0.4281666667465158_0.501287540073166_0.6142329492792994_SIZE_1_11.33_44
GEN_17_FIT_0.44659581915211916_0.5010096193210032_0.7160002133211827_SIZE_1_11.04_36
GEN_18_FIT_0.4367869651394932_0.5024201601479505_0.6497712815118044_SIZE_1_15.95_40
GEN_19_FIT_0.4075907875372237_0.4976790100703862_0.7592849216952472_SIZE_1_11.78_49
GEN_20_FIT_0.4167813677022858_0.5008525013252423_0.7506156569586314_SIZE_1_12.75_36
Evaluating in sample:
[GEN_20|make_tuple(9, p, po, n)|0.7646]
Evaluating out-of-sample:
[GEN_20|make_tuple(9, p, po, n)|0.9031]
GEN_21_FIT_0.4023558526659295_0.5048006168967629_0.7345411597942403_SIZE_1_14.05_43
GEN_22_FIT_0.41784801675575123_0.5054400233758525_0.6974005715124737_SIZE_1_12.93_38
GEN_23_FIT_0.4228352586491905_0.501582666063366_0.7012287328130294_SIZE_1_13.25_44
Stopped early in iteration 23, no improvement in 20 gens.
BENCHMARK: Evaluating in-sample:
[mlr_default: make_tuple(10.0, 16.0, 10.0, 200.0)|0.7089]
BENCHMARK:  Evaluating out-of-sample:
[GEN_23|mlr_default: make_tuple(10.0, 16.0, 10.0, 200.0)|0.8316]
START_TASK: 6
GEN_0_FIT_0.411805526064607_0.5040382067310825_0.691099420305969_SIZE_1_12.71_44
GEN_1_FIT_0.4447284600685012_0.4954031900233252_0.7502360256927002_SIZE_1_10.39_40
GEN_2_FIT_0.44707546170864354_0.5047005410809103_0.7523434300906585_SIZE_1_12.73_43
GEN_3_FIT_0.38908648071269725_0.4955168105289356_0.7476699569346564_SIZE_1_12.42_39
GEN_4_FIT_0.4003783482760307_0.4980375103203925_0.7420728484702017_SIZE_1_11.56_40
GEN_5_FIT_0.4224519767280778_0.4912894336049045_0.6478951830738776_SIZE_1_12.5_45
GEN_6_FIT_0.4429556161916673_0.5022679404209917_0.7220755640812359_SIZE_1_11.53_37
GEN_7_FIT_0.4433262029795935_0.49932612551871436_0.6039104730863728_SIZE_1_12.09_45
GEN_8_FIT_0.42183501352438746_0.4958013999006497_0.735205309151448_SIZE_1_14.13_40
GEN_9_FIT_0.406040159948958_0.49833020651026955_0.6869731250187912_SIZE_1_12.6_40
GEN_10_FIT_0.4427375134715972_0.4975817763117615_0.7118145984732817_SIZE_1_10.14_34
GEN_11_FIT_0.43289269771130917_0.4951958094471507_0.7087144933716378_SIZE_1_13.6_44
GEN_12_FIT_0.4428384998741936_0.497424252048658_0.7206772480289664_SIZE_1_11.85_36
GEN_13_FIT_0.42995213254215364_0.5042864840952203_0.7128222683753307_SIZE_1_12.91_38
GEN_14_FIT_0.4351481759960493_0.5042710992381507_0.7164276745988765_SIZE_1_11.63_44
GEN_15_FIT_0.4384648782825038_0.4948583219428098_0.6353966084158876_SIZE_1_12.12_44
GEN_16_FIT_0.43780459428014457_0.5038409508869914_0.7292703623413858_SIZE_1_10.01_38
GEN_17_FIT_0.43249311554541287_0.5039742180176995_0.7489992926754147_SIZE_1_11.85_41
GEN_18_FIT_0.4570093385581601_0.5045998268999196_0.6960584833841251_SIZE_1_10.49_37
GEN_19_FIT_0.44583984168009033_0.4976225340236286_0.621182588125976_SIZE_1_11.58_42
GEN_20_FIT_0.39514715124007505_0.5021398922236727_0.7484277980966558_SIZE_1_12.31_40
Evaluating in sample:
[GEN_20|make_tuple(7, p, p, n)|0.7523]
Evaluating out-of-sample:
[GEN_20|make_tuple(7, p, p, n)|0.8474]
GEN_21_FIT_0.42462040663917355_0.49514585594025967_0.6534406550182964_SIZE_1_12.38_36
GEN_22_FIT_0.4429556161916673_0.5012565903392876_0.7704074511802859_SIZE_1_11.64_39
GEN_23_FIT_0.39735793604635233_0.4988353262003952_0.7488595022125175_SIZE_1_10.63_41
GEN_24_FIT_0.41008188053373124_0.49927694212404333_0.751436713711821_SIZE_1_11.77_39
GEN_25_FIT_0.3909498398384097_0.4932244886078741_0.6601424608432828_SIZE_1_12.82_46
GEN_26_FIT_0.43973643414521724_0.4952883293384641_0.7478874190127203_SIZE_1_13.28_40
GEN_27_FIT_0.43602580173417277_0.5010320248065203_0.6334472831355601_SIZE_1_9.91_36
GEN_28_FIT_0.4249309176220784_0.49739023602534216_0.6763745469769274_SIZE_1_13.7_40
GEN_29_FIT_0.41842170584778_0.49441722625240475_0.7087276048766084_SIZE_1_11.71_43
GEN_30_FIT_0.3890353033163392_0.5029630325701565_0.7354518091555142_SIZE_1_11.84_51
GEN_31_FIT_0.4326807469735173_0.4957750298642839_0.702459561367009_SIZE_1_12.22_41
GEN_32_FIT_0.39621065311378195_0.49686285463417795_0.723213139369417_SIZE_1_11.6_37
GEN_33_FIT_0.4268567780005033_0.4943457376786968_0.6830022193528622_SIZE_1_12.89_42
GEN_34_FIT_0.410975904428619_0.4996032069012967_0.747394968686684_SIZE_1_12.43_44
GEN_35_FIT_0.3960883409845519_0.487984778280271_0.627455959307418_SIZE_1_12.27_44
GEN_36_FIT_0.4455202518275041_0.49641139741079177_0.7422692913529817_SIZE_1_11.77_41
GEN_37_FIT_0.4247329341395039_0.49948505207391675_0.722427571035944_SIZE_1_11.48_39
GEN_38_FIT_0.4465226656897921_0.5029683782143259_0.7239299931686511_SIZE_1_10.02_41
GEN_39_FIT_0.4192951130495459_0.49637835834429145_0.7547122170001925_SIZE_1_11.77_40
GEN_40_FIT_0.38610468870808135_0.4985073596938132_0.7239820147478998_SIZE_1_13.3_42
Evaluating in sample:
[GEN_40|make_tuple(9, n, 121, n)|0.7704]
Evaluating out-of-sample:
[GEN_40|make_tuple(9, n, 121, n)|0.8239]
GEN_41_FIT_0.41735157897707764_0.4957399266735725_0.6819933418815277_SIZE_1_13.24_40
GEN_42_FIT_0.3960883409845519_0.49163476030472525_0.7177905928919303_SIZE_1_12.42_42
GEN_43_FIT_0.41874424061120996_0.49952526186573737_0.745782981614718_SIZE_1_11.72_40
Stopped early in iteration 43, no improvement in 20 gens.
BENCHMARK: Evaluating in-sample:
[mlr_default: make_tuple(10.0, 16.0, 10.0, 200.0)|0.7098]
BENCHMARK:  Evaluating out-of-sample:
[GEN_43|mlr_default: make_tuple(10.0, 16.0, 10.0, 200.0)|0.7258]
START_TASK: 11
GEN_0_FIT_0.4012269121076209_0.49473853790589706_0.6906362722287204_SIZE_1_13.09_41
GEN_1_FIT_0.42571652909213065_0.4943249499978867_0.7177899903012174_SIZE_1_12.71_44
GEN_2_FIT_0.385521471169872_0.4954197203229102_0.6733778919503578_SIZE_1_13.71_41
GEN_3_FIT_0.41772342849306593_0.5043746000205247_0.712123360717758_SIZE_1_11.89_45
GEN_4_FIT_0.42775137398177937_0.5074540392246987_0.6614828596163259_SIZE_1_12.17_43
GEN_5_FIT_0.43732610989664367_0.5016336163084589_0.6900774489597518_SIZE_1_11.53_34
GEN_6_FIT_0.39138421598523143_0.49934923088990013_0.6762600500510401_SIZE_1_12.73_38
GEN_7_FIT_0.44305521288199146_0.4999075069787433_0.7480183250245059_SIZE_1_12.66_39
GEN_8_FIT_0.45884311698259944_0.5006481584768725_0.7485307120871199_SIZE_1_11.71_36
GEN_9_FIT_0.41767241479933687_0.5012937713691994_0.6532123650914776_SIZE_1_11.01_40
GEN_10_FIT_0.3987830791916408_0.5003447747073985_0.6469750969100144_SIZE_1_10.54_41
GEN_11_FIT_0.43586576929741694_0.49955787290245746_0.6252629649988555_SIZE_1_12.86_40
GEN_12_FIT_0.35407430924693983_0.5026505275961971_0.6896100246870777_SIZE_1_11.65_40
GEN_13_FIT_0.4578782310736196_0.5025602533374883_0.7508820605740572_SIZE_1_12.62_40
GEN_14_FIT_0.40353357973347476_0.5027474707313904_0.7339512328192127_SIZE_1_12.75_39
GEN_15_FIT_0.40424229734049794_0.49447560373606075_0.6346418313722253_SIZE_1_13.15_38
GEN_16_FIT_0.4209675795478166_0.4943325413067333_0.6585212510539274_SIZE_1_11.29_41
GEN_17_FIT_0.36366143838596526_0.49575072020787336_0.6271908369409409_SIZE_1_12.87_49
GEN_18_FIT_0.4082726501728357_0.5078567346011337_0.7128198764670272_SIZE_1_11.42_41
GEN_19_FIT_0.4588713992700762_0.5025306647374865_0.7550880313082827_SIZE_1_12.64_36
GEN_20_FIT_0.4077184483756705_0.5046253708691346_0.7219188194791395_SIZE_1_11.02_44
Evaluating in sample:
[GEN_20|make_tuple(10, n, n, n)|0.7551]
Evaluating out-of-sample:
[GEN_20|make_tuple(10, n, n, n)|0.9208]
GEN_21_FIT_0.4433358075473627_0.5008566151647442_0.7376173872508837_SIZE_1_12.28_43
GEN_22_FIT_0.4262954574351991_0.5020910063491251_0.6623717908137603_SIZE_1_11.7_35
GEN_23_FIT_0.4261474294984625_0.5011051630557296_0.5931897168523542_SIZE_1_10.87_38
GEN_24_FIT_0.43945689227052237_0.49765741402052405_0.7484373402887621_SIZE_1_12.49_42
GEN_25_FIT_0.44290880904512_0.5096636041460503_0.6976986706411581_SIZE_1_12.27_41
GEN_26_FIT_0.43709461530640886_0.5063647730849109_0.7495752355468043_SIZE_1_11.68_45
GEN_27_FIT_0.3911844463226252_0.5039636893602837_0.7277534461266589_SIZE_1_12.13_40
GEN_28_FIT_0.3930624133216445_0.5020681789272105_0.6538924960277044_SIZE_1_12.2_42
GEN_29_FIT_0.4633017947915694_0.5029323142777128_0.7307405404694277_SIZE_1_11.85_43
GEN_30_FIT_0.39329100505428594_0.49748063080922_0.7554982056413064_SIZE_1_13.3_43
GEN_31_FIT_0.3911844463226252_0.5089952419668503_0.7035352267814572_SIZE_1_12.65_42
GEN_32_FIT_0.39294696560981235_0.5011502788142765_0.6746829071694629_SIZE_1_11.57_36
GEN_33_FIT_0.4060063400804426_0.4994062046903674_0.7283511952161901_SIZE_1_11.07_32
GEN_34_FIT_0.41566683774158597_0.5034453787948201_0.7458130641970754_SIZE_1_12.18_41
GEN_35_FIT_0.4359915730944329_0.5093893637191023_0.6509202927235247_SIZE_1_9.7_41
GEN_36_FIT_0.44196786964336354_0.5037456202739288_0.747256325271135_SIZE_1_11.7_37
GEN_37_FIT_0.44156210761135306_0.5013471237021061_0.7032696142964551_SIZE_1_12.49_44
GEN_38_FIT_0.4527833991068889_0.5006769753054889_0.7072523969171531_SIZE_1_12.13_45
GEN_39_FIT_0.42646994071390165_0.5026428079464724_0.7257754807184794_SIZE_1_12.57_44
GEN_40_FIT_0.42646994071390165_0.503495085206399_0.7082072789640872_SIZE_1_10.99_39
Evaluating in sample:
[GEN_40|make_tuple(7, n, po, n)|0.7555]
Evaluating out-of-sample:
[GEN_40|make_tuple(7, n, po, n)|0.8448]
GEN_41_FIT_0.4552143489682139_0.5012324280555057_0.6636578276832067_SIZE_1_13.31_40
GEN_42_FIT_0.4197126790839051_0.5013006131058565_0.721672754471908_SIZE_1_11.0_38
GEN_43_FIT_0.4359868618773514_0.5020347786631941_0.7403101542557596_SIZE_1_13.07_38
GEN_44_FIT_0.42158666175316695_0.49670487680449205_0.6757302133049781_SIZE_1_11.73_39
GEN_45_FIT_0.44305521288199146_0.5048682051033598_0.7175343242102576_SIZE_1_12.15_42
GEN_46_FIT_0.4319250915076148_0.4981732802086256_0.7363949952795115_SIZE_1_11.63_39
GEN_47_FIT_0.40742931997966314_0.49228442651437404_0.6215006033126868_SIZE_1_11.77_39
GEN_48_FIT_0.3913503521332104_0.4915021222528444_0.570055231816767_SIZE_1_10.99_39
GEN_49_FIT_0.4231411454282092_0.49847631524637054_0.7470913028523523_SIZE_1_13.26_35
GEN_50_FIT_0.4016753031402403_0.504690039463391_0.6839504865088728_SIZE_1_9.83_45
GEN_51_FIT_0.4256063143002365_0.49992640640789615_0.7282020649133291_SIZE_1_14.28_39
Stopped early in iteration 51, no improvement in 20 gens.
BENCHMARK: Evaluating in-sample:
[mlr_default: make_tuple(10.0, 16.0, 10.0, 200.0)|0.7085]
BENCHMARK:  Evaluating out-of-sample:
[GEN_51|mlr_default: make_tuple(10.0, 16.0, 10.0, 200.0)|0.8758]
START_TASK: 12
GEN_0_FIT_0.4538219644721522_0.4980287972552551_0.7400172172103978_SIZE_1_12.88_38
GEN_1_FIT_0.4141097495093383_0.5044682173354853_0.7237715309224327_SIZE_1_11.56_39
GEN_2_FIT_0.44070731070780067_0.5000520465157393_0.6380031711200693_SIZE_1_11.63_41
GEN_3_FIT_0.41148639979177354_0.4937904626641118_0.679263298997036_SIZE_1_12.82_39
GEN_4_FIT_0.42224428584330653_0.4966393346430739_0.7352637259259015_SIZE_1_12.61_41
GEN_5_FIT_0.4430072614441009_0.49663963757127133_0.6359568357017138_SIZE_1_12.75_37
GEN_6_FIT_0.4097716436670911_0.5032351817824869_0.6360074279154141_SIZE_1_10.8_41
GEN_7_FIT_0.40211321332668754_0.5041438124884328_0.6901117745597104_SIZE_1_12.79_41
GEN_8_FIT_0.3874066002521805_0.5013267712647884_0.7478187021432298_SIZE_1_10.99_39
GEN_9_FIT_0.4077280605990998_0.5045059446816549_0.7144361422529173_SIZE_1_11.63_41
GEN_10_FIT_0.38540295350445736_0.4940799270303351_0.7056044042340428_SIZE_1_10.34_32
GEN_11_FIT_0.4004769805183553_0.4985120745225152_0.7015128148057641_SIZE_1_13.07_48
GEN_12_FIT_0.4002248472622748_0.4963049618028568_0.6857288070893337_SIZE_1_11.46_39
GEN_13_FIT_0.43817352118215086_0.4981967237030904_0.6974985676506218_SIZE_1_11.92_40
GEN_14_FIT_0.44042554081808044_0.5026784783481986_0.731231065288048_SIZE_1_9.74_38
GEN_15_FIT_0.4286921882114308_0.49638645166933926_0.6337005221116344_SIZE_1_11.8_46
GEN_16_FIT_0.4150655376833459_0.4998018891406267_0.7078912836412529_SIZE_1_12.82_45
GEN_17_FIT_0.44008769224011995_0.49966487463064024_0.6885848011898337_SIZE_1_13.29_38
GEN_18_FIT_0.43987353973298615_0.49320647360304287_0.7182831287027216_SIZE_1_11.95_39
GEN_19_FIT_0.44008265032785215_0.5014499185235236_0.7676287224107365_SIZE_1_12.77_41
GEN_20_FIT_0.4488435128460349_0.5074619438486884_0.7300508313098185_SIZE_1_9.63_43
Evaluating in sample:
[GEN_20|make_tuple(9, 359, p, 951)|0.7676]
Evaluating out-of-sample:
[GEN_20|make_tuple(9, 359, p, 951)|0.8405]
GEN_21_FIT_0.41177371686089587_0.49703048633929453_0.7134264623358613_SIZE_1_11.38_44
GEN_22_FIT_0.38540295350445736_0.5058394926029259_0.6466559641827723_SIZE_1_11.97_43
GEN_23_FIT_0.458291093913006_0.4956707772291984_0.5860550101146771_SIZE_1_10.15_50
GEN_24_FIT_0.4141097495093383_0.4988262364868031_0.7043052890883007_SIZE_1_12.64_42
GEN_25_FIT_0.39883016198655497_0.5026529119669969_0.6513578176031591_SIZE_1_11.93_43
GEN_26_FIT_0.43345979527775563_0.5004787106627763_0.6266431140339268_SIZE_1_12.59_41
GEN_27_FIT_0.4026656593415699_0.4949750106080642_0.6194711822091471_SIZE_1_11.1_38
GEN_28_FIT_0.4024244907471736_0.4946793631108666_0.7151856415616596_SIZE_1_11.78_47
GEN_29_FIT_0.44042554081808044_0.5018818133169975_0.6291310227727626_SIZE_1_12.37_41
GEN_30_FIT_0.43881161590757023_0.5087226544334049_0.7453512473405365_SIZE_1_12.05_35
GEN_31_FIT_0.4465079071979754_0.49561339502052953_0.7174921774377158_SIZE_1_12.23_42
GEN_32_FIT_0.41591014036734153_0.5007996880437954_0.7397619413792246_SIZE_1_12.99_40
GEN_33_FIT_0.45113154626128_0.5039345248445545_0.753224206008778_SIZE_1_12.13_47
GEN_34_FIT_0.38919610990617604_0.5024268967543981_0.6439328871656135_SIZE_1_12.07_39
GEN_35_FIT_0.4387361496277858_0.4980134007214382_0.68690212098638_SIZE_1_13.53_39
GEN_36_FIT_0.447815389767424_0.5044110429201002_0.7065563818294704_SIZE_1_11.68_42
GEN_37_FIT_0.4228720182071933_0.49172654443393327_0.6415105614243469_SIZE_1_13.58_40
GEN_38_FIT_0.4557956614442417_0.4991557184916921_0.67690352705902_SIZE_1_11.7_38
GEN_39_FIT_0.44008769224011995_0.49221525180494197_0.691543492694405_SIZE_1_12.19_44
GEN_40_FIT_0.446248649334373_0.5032723365087833_0.7238261029331327_SIZE_1_9.96_43
Stopped early in iteration 40, no improvement in 20 gens.
BENCHMARK: Evaluating in-sample:
[mlr_default: make_tuple(10.0, 16.0, 10.0, 200.0)|0.7093]
BENCHMARK:  Evaluating out-of-sample:
[GEN_40|mlr_default: make_tuple(10.0, 16.0, 10.0, 200.0)|0.7817]
START_TASK: 14
GEN_0_FIT_0.38989120909654934_0.5039194961289671_0.7344807064122574_SIZE_1_13.9_43
GEN_1_FIT_0.4159578313009784_0.5033188203547975_0.7459185337400606_SIZE_1_13.54_43
GEN_2_FIT_0.4299732457913196_0.5101342512765483_0.693634904034699_SIZE_1_11.18_36
GEN_3_FIT_0.4404865799111304_0.5040275472571224_0.7148106026218166_SIZE_1_12.53_37
GEN_4_FIT_0.4252266977280765_0.49812579875117036_0.73177389881501_SIZE_1_12.76_40
GEN_5_FIT_0.4238394216373761_0.5068456660583736_0.6540210189743467_SIZE_1_10.43_36
GEN_6_FIT_0.42789781952710504_0.5053379826093913_0.7149770091083549_SIZE_1_11.89_40
GEN_7_FIT_0.43395882981096034_0.51074387138447_0.6587505575177492_SIZE_1_9.51_37
GEN_8_FIT_0.424347386019983_0.5005419466699245_0.7478294883233016_SIZE_1_11.75_40
GEN_9_FIT_0.43357004722788334_0.5062638675185936_0.6910731490066472_SIZE_1_12.63_47
GEN_10_FIT_0.3911067019747509_0.5032395289699192_0.6709151403849204_SIZE_1_12.1_39
GEN_11_FIT_0.4308931768795314_0.49503647153976565_0.6055869314089353_SIZE_1_11.25_42
GEN_12_FIT_0.3921502157099505_0.5074675821561024_0.7294825564506051_SIZE_1_13.38_44
GEN_13_FIT_0.42543018286688616_0.5016601509208105_0.7038890686602668_SIZE_1_11.05_46
GEN_14_FIT_0.4458026881879821_0.5081095409687613_0.7431609124987849_SIZE_1_11.75_52
GEN_15_FIT_0.4540883806678937_0.5110054294361894_0.6791618572565046_SIZE_1_11.67_46
GEN_16_FIT_0.4608767289265007_0.5006457020955651_0.6964411189689136_SIZE_1_11.97_36
GEN_17_FIT_0.4047574116436602_0.5169580312224619_0.7464361449833027_SIZE_1_11.77_47
GEN_18_FIT_0.44042010974443657_0.5028747459326774_0.7298683824296728_SIZE_1_11.43_40
GEN_19_FIT_0.4038638715797692_0.49956710670131604_0.5831223769343783_SIZE_1_12.2_42
GEN_20_FIT_0.42984845482088696_0.5004887990464235_0.7493141722385872_SIZE_1_12.61_45
Evaluating in sample:
[GEN_20|make_tuple(13, p, n, n)|0.7493]
Evaluating out-of-sample:
[GEN_20|make_tuple(13, p, n, n)|0.7455]
GEN_21_FIT_0.4146466209232162_0.49919744706403285_0.6860907767736637_SIZE_1_10.24_40
GEN_22_FIT_0.42834528838613145_0.505637690099663_0.7242275352887326_SIZE_1_11.31_34
GEN_23_FIT_0.4273305193522642_0.5074387686818623_0.725722580904956_SIZE_1_12.55_40
GEN_24_FIT_0.4370606967928515_0.5058641192965236_0.7428512888034767_SIZE_1_11.06_43
GEN_25_FIT_0.4404865799111304_0.5119427945749772_0.7374457351643394_SIZE_1_9.17_32
GEN_26_FIT_0.3972688726865237_0.5022139241026742_0.7273593760118972_SIZE_1_12.82_39
GEN_27_FIT_0.4109278892186644_0.4987321100372074_0.7398195226326932_SIZE_1_13.71_36
GEN_28_FIT_0.44034033933843586_0.5029514923831168_0.73970935945378_SIZE_1_11.81_42
GEN_29_FIT_0.46422367533564624_0.5100438932839286_0.7170225980279787_SIZE_1_12.46_40
GEN_30_FIT_0.44359034590329144_0.5029517512864038_0.7350241251904128_SIZE_1_9.68_47
GEN_31_FIT_0.4367683640145902_0.5026428274918239_0.7447154592920598_SIZE_1_12.31_42
GEN_32_FIT_0.3547770304399876_0.5057901723658447_0.6875682807111048_SIZE_1_11.89_42
GEN_33_FIT_0.4159871791974738_0.4992079734296046_0.7062241324636844_SIZE_1_13.99_56
GEN_34_FIT_0.40065615043256564_0.5046858657528569_0.6921900776222754_SIZE_1_11.65_41
GEN_35_FIT_0.43586240563499956_0.5080940460682553_0.7094924616945039_SIZE_1_11.54_38
GEN_36_FIT_0.43550736011092583_0.497639985732493_0.5847967529150757_SIZE_1_12.55_38
GEN_37_FIT_0.4359372513134293_0.5035468942179009_0.7163205743753648_SIZE_1_13.62_42
GEN_38_FIT_0.39777067879167927_0.5069278391847741_0.7129789668343071_SIZE_1_12.21_37
GEN_39_FIT_0.4169327355829094_0.5019890405473038_0.7488144130361314_SIZE_1_13.45_51
GEN_40_FIT_0.4255325381150431_0.5009625721261454_0.7346324060700399_SIZE_1_11.61_40
Evaluating in sample:
[GEN_40|make_tuple(13, p, n, n)|0.7493]
Evaluating out-of-sample:
[GEN_40|make_tuple(13, p, n, n)|0.7455]
GEN_41_FIT_0.45597960950663713_0.5004183070126209_0.6214481423795366_SIZE_1_12.54_42
Stopped early in iteration 41, no improvement in 20 gens.
BENCHMARK: Evaluating in-sample:
[mlr_default: make_tuple(10.0, 16.0, 10.0, 200.0)|0.7097]
BENCHMARK:  Evaluating out-of-sample:
[GEN_41|mlr_default: make_tuple(10.0, 16.0, 10.0, 200.0)|0.7374]
START_TASK: 15
GEN_0_FIT_0.43181495478923276_0.5053211043547831_0.7151038223874508_SIZE_1_11.73_41
GEN_1_FIT_0.41685174822020715_0.5060429469171901_0.7438044812406861_SIZE_1_10.57_38
GEN_2_FIT_0.41043737980116535_0.5041896221085026_0.6803340198688923_SIZE_1_11.87_35
GEN_3_FIT_0.3902868336438809_0.49420271471702276_0.6609656714331188_SIZE_1_13.33_41
GEN_4_FIT_0.4302542739863387_0.5011163452720594_0.7488952236887978_SIZE_1_11.69_39
GEN_5_FIT_0.44336972939689123_0.5021470442676477_0.761524481782834_SIZE_1_14.53_39
GEN_6_FIT_0.4558699296297918_0.5040758268146237_0.6816321189217701_SIZE_1_11.18_36
GEN_7_FIT_0.44327713385697654_0.49422981757588547_0.6935803541816284_SIZE_1_12.12_37
GEN_8_FIT_0.4203432850751363_0.49890744665356124_0.6859062991009321_SIZE_1_13.34_47
GEN_9_FIT_0.4181374978203437_0.49761920372188756_0.7626297919232763_SIZE_1_11.9_41
GEN_10_FIT_0.4083804557810457_0.5006655760518958_0.703393767829879_SIZE_1_11.69_37
GEN_11_FIT_0.42099816320576305_0.499604381087848_0.7450559578112764_SIZE_1_12.15_40
GEN_12_FIT_0.45569208154685836_0.5050408306826131_0.6168880318298559_SIZE_1_11.0_39
GEN_13_FIT_0.4134069248286061_0.4991531063709267_0.6703387498351098_SIZE_1_9.87_38
GEN_14_FIT_0.4474317247515593_0.4934267120458874_0.5998040454406852_SIZE_1_14.58_47
GEN_15_FIT_0.42479178632311815_0.5074623624942182_0.7658030876167109_SIZE_1_13.24_42
GEN_16_FIT_0.40462890081268793_0.5048484104107254_0.7542985283043558_SIZE_1_9.74_44
GEN_17_FIT_0.403419891816878_0.49346566349133303_0.659763275138516_SIZE_1_11.4_43
GEN_18_FIT_0.3786641980647055_0.5035403457803228_0.7224721829007591_SIZE_1_9.45_41
GEN_19_FIT_0.3597848055344653_0.5048608298878865_0.6927117732620378_SIZE_1_10.13_40
GEN_20_FIT_0.4636562600553265_0.5043012187655457_0.6348698148865111_SIZE_1_10.88_42
Evaluating in sample:
[GEN_20|make_tuple(9, 2, n, n)|0.7658]
Evaluating out-of-sample:
[GEN_20|make_tuple(9, 2, n, n)|0.7957]
GEN_21_FIT_0.4473062895414805_0.5006130238667983_0.7050827871157915_SIZE_1_12.74_41
GEN_22_FIT_0.44754869335183395_0.506083431576441_0.7091420386117069_SIZE_1_9.61_40
GEN_23_FIT_0.42126077435492226_0.49315100226789954_0.6153747545207567_SIZE_1_12.57_31
GEN_24_FIT_0.4083804557810457_0.5002941909739785_0.6624550378555125_SIZE_1_12.99_39
GEN_25_FIT_0.4478624126317078_0.5034215112139016_0.746667019473938_SIZE_1_11.6_36
