Starting problem: mlr_knn
param:age_regularization:100000.0
param:algorithm:random_search
param:constants_only:False
param:cxpb:0.25
param:early_stop_n:20
param:lambda_:100
param:max_number_operators:None
param:max_start_size:3
param:mu:20
param:ngen:300
param:optimize_constants:False
param:output_file:/home/gijsbers/symbolicdefaults/runs/mlr_knn_random_search_6.log
param:problem:mlr_knn
param:subset:1.0
param:task:None
param:warm_start:False
Benchmark problems: mlr_knn
mlr_default := make_tuple(10., 16., 10., 200.)
Loading surrogates from file.
START_TASK: 3
GEN_0_FIT_0.4441119568266307_0.5057195729279802_0.6341969714080264_SIZE_1_10.67_38
GEN_1_FIT_0.4214806869998221_0.5034826885838611_0.7122117484150251_SIZE_1_13.76_37
GEN_2_FIT_0.39355540289415386_0.504363869411437_0.707679433953634_SIZE_1_12.25_39
GEN_3_FIT_0.40627451463630115_0.50459893850516_0.7069660733850941_SIZE_1_11.48_37
GEN_4_FIT_0.41199402972254817_0.5050662089295844_0.691744294179625_SIZE_1_12.08_42
GEN_5_FIT_0.4023558526659295_0.5026496566957223_0.6378883432451693_SIZE_1_10.01_39
GEN_6_FIT_0.4530845000937264_0.504334960740156_0.7160002133211827_SIZE_1_11.74_42
GEN_7_FIT_0.45156784671788225_0.502596726736335_0.7471498169000619_SIZE_1_12.35_36
GEN_8_FIT_0.4046201172620287_0.49885724819432703_0.6102311462990373_SIZE_1_12.44_40
GEN_9_FIT_0.4471685034773004_0.508304726662119_0.7241479323463814_SIZE_1_11.68_36
GEN_10_FIT_0.39434887561550275_0.5017494316183464_0.613510906475121_SIZE_1_11.31_40
GEN_11_FIT_0.4462579705741586_0.4969824800442508_0.6570316665701654_SIZE_1_14.29_44
GEN_12_FIT_0.4587667456971453_0.5082065806280596_0.7131930710688061_SIZE_1_11.59_51
GEN_13_FIT_0.4308835528391156_0.5028218044668109_0.6844873959390939_SIZE_1_11.34_38
GEN_14_FIT_0.39950657785070637_0.5104484490941044_0.7002432556402359_SIZE_1_11.53_41
GEN_15_FIT_0.45622530167101755_0.5083780700147265_0.6245417381135199_SIZE_1_11.87_41
GEN_16_FIT_0.39898951655024_0.5073970766283679_0.707679433953634_SIZE_1_10.94_41
GEN_17_FIT_0.32629532999747457_0.5036114261584935_0.6790010698069084_SIZE_1_11.65_42
GEN_18_FIT_0.39749640893964194_0.5034880213706093_0.7226850965122265_SIZE_1_11.22_41
GEN_19_FIT_0.4585833366632674_0.4952942931040337_0.5904061296255866_SIZE_1_13.75_44
GEN_20_FIT_0.4072065429437829_0.5027291677550525_0.7244130191316185_SIZE_1_12.45_39
Evaluating in sample:
[GEN_20|make_tuple(10, 498, 30, 354)|0.7471]
Evaluating out-of-sample:
[GEN_20|make_tuple(10, 498, 30, 354)|0.8392]
GEN_21_FIT_0.40854936071620446_0.4966548941541022_0.6305050155770019_SIZE_1_15.2_41
GEN_22_FIT_0.4363188202588743_0.5083936083861655_0.742708979573432_SIZE_1_11.22_39
GEN_23_FIT_0.46325989023467645_0.5148285256888492_0.7124734103748993_SIZE_1_10.61_38
GEN_24_FIT_0.42938092417725093_0.5003151312259222_0.6930402858230246_SIZE_1_13.09_36
GEN_25_FIT_0.4219786217823824_0.5060776293960337_0.6513673114126887_SIZE_1_10.03_36
GEN_26_FIT_0.41119423483884265_0.5044906570302028_0.7310108957385907_SIZE_1_10.69_41
GEN_27_FIT_0.39056345521820957_0.514789715579672_0.7164928353793093_SIZE_1_10.54_37
GEN_28_FIT_0.4063937883994158_0.5072748592931393_0.7234698710416738_SIZE_1_11.32_36
Stopped early in iteration 28, no improvement in 20 gens.
BENCHMARK: Evaluating in-sample:
[mlr_default: make_tuple(10.0, 16.0, 10.0, 200.0)|0.7089]
BENCHMARK:  Evaluating out-of-sample:
[GEN_28|mlr_default: make_tuple(10.0, 16.0, 10.0, 200.0)|0.8316]
START_TASK: 6
GEN_0_FIT_0.41121612084234144_0.4998823997058768_0.632633044035904_SIZE_1_12.36_35
GEN_1_FIT_0.4433125429447157_0.5049916793642755_0.7455460303274984_SIZE_1_11.22_41
GEN_2_FIT_0.3995565081499084_0.4948264565986027_0.6791952733080885_SIZE_1_13.27_42
GEN_3_FIT_0.4073451983151704_0.49978504530175594_0.6752083767856534_SIZE_1_10.37_37
GEN_4_FIT_0.43582893927959016_0.4895001353024895_0.7134298591514243_SIZE_1_13.27_49
GEN_5_FIT_0.42340320329672315_0.49868741123148275_0.729923888622164_SIZE_1_12.33_49
GEN_6_FIT_0.4210254686111325_0.5018296853442513_0.718695057993856_SIZE_1_12.19_41
GEN_7_FIT_0.3955809920101616_0.499785731765354_0.7038448035826699_SIZE_1_12.21_37
GEN_8_FIT_0.426914761643316_0.5049896656224312_0.7000202939601434_SIZE_1_10.4_36
GEN_9_FIT_0.396455837215861_0.49580272378475826_0.7066464676300873_SIZE_1_13.69_43
GEN_10_FIT_0.4379892799257522_0.48729959563397574_0.5915176825299574_SIZE_1_14.23_39
GEN_11_FIT_0.4527060674522693_0.508403815087429_0.7551100629934325_SIZE_1_12.04_37
GEN_12_FIT_0.390681688876968_0.49419126399389574_0.6772104671030132_SIZE_1_12.38_44
GEN_13_FIT_0.4379091302539591_0.5025663929590154_0.6869139567454784_SIZE_1_11.27_34
GEN_14_FIT_0.4029847856144033_0.4900698703339353_0.6700276060581752_SIZE_1_13.48_36
GEN_15_FIT_0.4181200770540334_0.49843275734728676_0.6858385082888935_SIZE_1_11.06_38
GEN_16_FIT_0.4249309176220784_0.4945216216253388_0.6493928660242622_SIZE_1_11.25_38
GEN_17_FIT_0.41771873307401447_0.4943115155395704_0.6595970802678146_SIZE_1_12.29_45
GEN_18_FIT_0.4403593758934115_0.49604028379721654_0.6834723645840135_SIZE_1_13.94_37
GEN_19_FIT_0.4158878219332728_0.49300109733674546_0.6950120894857685_SIZE_1_12.85_38
GEN_20_FIT_0.4433067230467925_0.4972109163701432_0.7136706280400434_SIZE_1_11.6_42
Evaluating in sample:
[GEN_20|make_tuple(7, n, p, 514)|0.7551]
Evaluating out-of-sample:
[GEN_20|make_tuple(7, n, p, 514)|0.8579]
GEN_21_FIT_0.41989885839489793_0.5064808896420118_0.7136985879100181_SIZE_1_13.09_45
GEN_22_FIT_0.44071403508166945_0.49763122430888324_0.7205090812958242_SIZE_1_11.88_38
GEN_23_FIT_0.43828567709979177_0.5069962996146569_0.7538281216744214_SIZE_1_11.21_43
GEN_24_FIT_0.4265667224028781_0.507709790995953_0.7272291523494591_SIZE_1_10.61_47
GEN_25_FIT_0.4420413739133544_0.5026420924025783_0.6681774713384379_SIZE_1_11.46_37
GEN_26_FIT_0.42904344225450675_0.4985238988888864_0.6949385482616308_SIZE_1_12.88_41
GEN_27_FIT_0.41008188053373124_0.4925105687937794_0.6495910978176005_SIZE_1_14.26_40
GEN_28_FIT_0.45268469123961486_0.4999003672094464_0.7372719583389872_SIZE_1_12.65_36
GEN_29_FIT_0.4213877999680291_0.49555566627794695_0.6822789381060456_SIZE_1_10.75_37
GEN_30_FIT_0.44354410504346237_0.4995867699113375_0.7565266754849804_SIZE_1_12.02_38
GEN_31_FIT_0.43941651563878587_0.5074418035874549_0.7245611097450306_SIZE_1_11.52_45
GEN_32_FIT_0.4227626279004137_0.4974884794677671_0.745236375709835_SIZE_1_13.04_43
GEN_33_FIT_0.43004880879329527_0.5018032757416995_0.736298304791499_SIZE_1_13.44_43
GEN_34_FIT_0.40258139790486164_0.48528626653813484_0.6268306245999913_SIZE_1_14.23_40
GEN_35_FIT_0.42639248094582005_0.5021142320016339_0.7330748203138069_SIZE_1_11.39_40
GEN_36_FIT_0.41872306701763273_0.49904355930540284_0.7697545841085317_SIZE_1_12.96_44
GEN_37_FIT_0.3968052870978236_0.49621764497616544_0.7099846103139896_SIZE_1_13.28_44
GEN_38_FIT_0.4273290264357111_0.507715080697832_0.7377822000328645_SIZE_1_9.45_41
GEN_39_FIT_0.4124660606919509_0.5025049426303054_0.7385460162789409_SIZE_1_10.92_38
GEN_40_FIT_0.44447613802355873_0.5049460928601227_0.6859622256322232_SIZE_1_11.91_38
Evaluating in sample:
[GEN_40|make_tuple(9, n, n, n)|0.7698]
Evaluating out-of-sample:
[GEN_40|make_tuple(9, n, n, n)|0.8278]
GEN_41_FIT_0.37476826670995306_0.501336550985614_0.7056751987541369_SIZE_1_11.9_40
GEN_42_FIT_0.4441851024950985_0.5097970000797569_0.7396894374013482_SIZE_1_10.42_38
GEN_43_FIT_0.43187972597533036_0.4974206814383909_0.7119674557948127_SIZE_1_11.82_35
GEN_44_FIT_0.41008188053373124_0.5030549261832288_0.7174877561350002_SIZE_1_11.42_43
GEN_45_FIT_0.4328889482375652_0.4888995727492301_0.5838990420187297_SIZE_1_13.37_43
GEN_46_FIT_0.4100190472981196_0.5072537831262969_0.7236185052320243_SIZE_1_12.92_40
GEN_47_FIT_0.44691949992668284_0.50698905544909_0.7435731679338771_SIZE_1_10.39_34
GEN_48_FIT_0.4330762188681218_0.49995399262419193_0.7494619503988106_SIZE_1_11.4_48
GEN_49_FIT_0.38769970070682613_0.4979596210128912_0.6706770808792911_SIZE_1_11.71_43
GEN_50_FIT_0.459522548973894_0.5063534332876071_0.7079260910211743_SIZE_1_11.31_42
GEN_51_FIT_0.4145680273752402_0.4978192529798492_0.657571628880036_SIZE_1_11.31_37
GEN_52_FIT_0.4542854777475615_0.49997190215211385_0.7479032073184744_SIZE_1_11.65_37
GEN_53_FIT_0.41418917925175597_0.49507722506858814_0.7048852155997745_SIZE_1_13.44_41
GEN_54_FIT_0.4465044203763244_0.5061342449102515_0.6997026685995256_SIZE_1_10.61_34
GEN_55_FIT_0.38610468870808135_0.4921488429538357_0.6341470419495573_SIZE_1_12.31_40
GEN_56_FIT_0.43371088876087294_0.5054839558907408_0.7207195649711025_SIZE_1_12.08_41
GEN_57_FIT_0.41008188053373124_0.49542954653530424_0.739825972456598_SIZE_1_14.77_47
Stopped early in iteration 57, no improvement in 20 gens.
BENCHMARK: Evaluating in-sample:
[mlr_default: make_tuple(10.0, 16.0, 10.0, 200.0)|0.7098]
BENCHMARK:  Evaluating out-of-sample:
[GEN_57|mlr_default: make_tuple(10.0, 16.0, 10.0, 200.0)|0.7258]
START_TASK: 11
GEN_0_FIT_0.4438107318587131_0.5002762848480523_0.6771034834044616_SIZE_1_14.09_43
GEN_1_FIT_0.35892749265671303_0.5056178094604855_0.7194782850932009_SIZE_1_13.17_42
GEN_2_FIT_0.4432327694155577_0.5046272820963247_0.7007496670850891_SIZE_1_12.25_38
GEN_3_FIT_0.3982352819536769_0.502787680641592_0.7174492204665366_SIZE_1_12.3_40
GEN_4_FIT_0.45616644155622654_0.5058827716145755_0.7643506342684355_SIZE_1_12.25_44
GEN_5_FIT_0.40391125621720664_0.49416591234102036_0.6159465985793801_SIZE_1_14.6_42
GEN_6_FIT_0.41947044102210645_0.5078458938205614_0.6408460747257283_SIZE_1_12.6_36
GEN_7_FIT_0.4211824640535542_0.5073457954022105_0.7110545668880549_SIZE_1_10.1_38
GEN_8_FIT_0.4042797581028662_0.5029708877597713_0.6823452327683579_SIZE_1_14.96_45
GEN_9_FIT_0.4541906701377052_0.5079470382439738_0.6884009641949952_SIZE_1_10.92_44
GEN_10_FIT_0.3846301399326038_0.49531296386366136_0.5823757504833997_SIZE_1_12.61_42
GEN_11_FIT_0.4012269121076209_0.49719631293361144_0.5885085124757716_SIZE_1_11.96_42
GEN_12_FIT_0.4493221054829326_0.49276272851082065_0.6281970563983033_SIZE_1_12.44_38
GEN_13_FIT_0.4438107318587131_0.5010389221950952_0.6699335829218772_SIZE_1_10.04_45
GEN_14_FIT_0.40203191849007863_0.5031087961600974_0.7206618826116404_SIZE_1_12.98_43
GEN_15_FIT_0.4047973310846326_0.4948565390630162_0.7241452057932461_SIZE_1_11.92_42
GEN_16_FIT_0.4117523509271219_0.5018910723597846_0.7422725160686091_SIZE_1_12.34_40
GEN_17_FIT_0.4165067448675072_0.5081421280580006_0.7283170425784125_SIZE_1_11.01_38
GEN_18_FIT_0.4403436538264936_0.5029141364027052_0.7312816076898473_SIZE_1_12.53_38
GEN_19_FIT_0.43803777467448424_0.5083063307596308_0.6945568163343278_SIZE_1_10.23_42
GEN_20_FIT_0.4322360686008393_0.5049125448489832_0.6945617136025148_SIZE_1_11.76_36
Evaluating in sample:
[GEN_20|make_tuple(9, p, po, 747)|0.7644]
Evaluating out-of-sample:
[GEN_20|make_tuple(9, p, po, 747)|0.8732]
GEN_21_FIT_0.4394370342131025_0.503149878718278_0.6876960042974325_SIZE_1_10.59_43
GEN_22_FIT_0.4226097537618384_0.505140813421993_0.7464029194136158_SIZE_1_11.29_42
GEN_23_FIT_0.4367520617702656_0.5002065860237412_0.7269041820223814_SIZE_1_12.35_41
GEN_24_FIT_0.40742931997966314_0.5042903366782648_0.725310137190109_SIZE_1_11.54_35
GEN_25_FIT_0.4275611843007583_0.5053552928576348_0.7109258154721023_SIZE_1_12.53_40
Stopped early in iteration 25, no improvement in 20 gens.
BENCHMARK: Evaluating in-sample:
[mlr_default: make_tuple(10.0, 16.0, 10.0, 200.0)|0.7085]
BENCHMARK:  Evaluating out-of-sample:
[GEN_25|mlr_default: make_tuple(10.0, 16.0, 10.0, 200.0)|0.8758]
START_TASK: 12
GEN_0_FIT_0.4001993745748229_0.49707165978530776_0.7648766672021076_SIZE_1_12.95_38
GEN_1_FIT_0.38540295350445736_0.497428052189602_0.6582656463969144_SIZE_1_12.16_39
GEN_2_FIT_0.4205676610971279_0.49639003241014196_0.7445020020736731_SIZE_1_11.72_37
GEN_3_FIT_0.4182945308598172_0.4963819261892483_0.731231065288048_SIZE_1_11.85_41
GEN_4_FIT_0.42755817627344306_0.5031891333357678_0.7508936631487784_SIZE_1_12.67_44
GEN_5_FIT_0.40143837422694856_0.49904793813880893_0.7481376597056792_SIZE_1_12.2_37
GEN_6_FIT_0.4026656593415699_0.4990213646597769_0.7029377186481707_SIZE_1_11.55_51
GEN_7_FIT_0.4085821007601739_0.5011695995898784_0.7469252516937551_SIZE_1_12.89_38
GEN_8_FIT_0.44045494594160817_0.5039515858191531_0.7001761793645566_SIZE_1_10.15_36
GEN_9_FIT_0.4444059463845512_0.5050600409606258_0.7375451929010208_SIZE_1_10.23_39
GEN_10_FIT_0.396335139461087_0.4893070280124553_0.662422075087099_SIZE_1_12.15_41
GEN_11_FIT_0.4074389037019864_0.4907089557067834_0.6193900461746477_SIZE_1_12.15_38
GEN_12_FIT_0.43807311068822746_0.4928625037270504_0.7089819533242739_SIZE_1_13.09_47
GEN_13_FIT_0.45254343880720205_0.5000221135934696_0.6575962587810691_SIZE_1_12.32_39
GEN_14_FIT_0.40351684304401386_0.49537505751654615_0.7391150342459588_SIZE_1_10.86_36
GEN_15_FIT_0.42451547324400374_0.4951188769298415_0.7196568327440547_SIZE_1_12.35_39
GEN_16_FIT_0.442713954182046_0.5058750653557332_0.6601538442992548_SIZE_1_12.07_44
GEN_17_FIT_0.40695340397924284_0.5055438145692801_0.7576578178039834_SIZE_1_10.88_41
GEN_18_FIT_0.43862461485298565_0.5034116418025977_0.7277411354651255_SIZE_1_12.54_42
GEN_19_FIT_0.4288956988546183_0.4980724156382722_0.7255780191906047_SIZE_1_11.43_36
GEN_20_FIT_0.41448603502746567_0.500058135493287_0.7355135985886219_SIZE_1_10.7_37
Evaluating in sample:
[GEN_20|make_tuple(9, po, n, 139)|0.7649]
Evaluating out-of-sample:
[GEN_20|make_tuple(9, po, n, 139)|0.8288]
GEN_21_FIT_0.4470169609952125_0.49640257184700765_0.6624168645861298_SIZE_1_14.24_39
Stopped early in iteration 21, no improvement in 20 gens.
BENCHMARK: Evaluating in-sample:
[mlr_default: make_tuple(10.0, 16.0, 10.0, 200.0)|0.7093]
BENCHMARK:  Evaluating out-of-sample:
[GEN_21|mlr_default: make_tuple(10.0, 16.0, 10.0, 200.0)|0.7817]
START_TASK: 14
GEN_0_FIT_0.3302403683033903_0.49543555812979784_0.7084176568674672_SIZE_1_13.83_45
GEN_1_FIT_0.43050895774545217_0.49684176801914476_0.6962148869948108_SIZE_1_14.27_41
GEN_2_FIT_0.3919852545564994_0.5061611365970751_0.7317560075801318_SIZE_1_12.36_34
GEN_3_FIT_0.4391350372987962_0.49846857705534764_0.5817737358415692_SIZE_1_12.76_42
GEN_4_FIT_0.41266970408540793_0.5000400377313937_0.6030430630969231_SIZE_1_12.77_43
GEN_5_FIT_0.42182625632246445_0.49495548489905083_0.7577551303560628_SIZE_1_12.13_44
GEN_6_FIT_0.4383257184548877_0.5035336988277228_0.7209738292597611_SIZE_1_11.59_38
GEN_7_FIT_0.43501289180378144_0.4952579785839271_0.6298496857527248_SIZE_1_10.8_37
GEN_8_FIT_0.392611996623458_0.4952023293565864_0.6896358551560317_SIZE_1_12.69_37
GEN_9_FIT_0.45021578915393057_0.5022153084810193_0.640070782678809_SIZE_1_12.33_39
GEN_10_FIT_0.41209334099283246_0.5054041542308149_0.7467640781728917_SIZE_1_10.77_44
GEN_11_FIT_0.4412165280874205_0.5107452653228592_0.767690816826417_SIZE_1_12.4_40
GEN_12_FIT_0.42182625632246445_0.491915465462894_0.641063207740531_SIZE_1_14.14_40
GEN_13_FIT_0.42200317520911224_0.4943132400582649_0.657161061232447_SIZE_1_13.6_40
GEN_14_FIT_0.394042828909994_0.5009129680043385_0.746346258317952_SIZE_1_12.02_34
GEN_15_FIT_0.40027566581243545_0.49278371092444834_0.7173307562267061_SIZE_1_11.79_38
GEN_16_FIT_0.3542934087382312_0.5085010047212222_0.7399505830158151_SIZE_1_12.8_48
GEN_17_FIT_0.4340039794214202_0.4982533137975815_0.620727399960749_SIZE_1_13.0_44
GEN_18_FIT_0.4161717558884845_0.49508447849385084_0.5926674767534985_SIZE_1_12.09_41
GEN_19_FIT_0.4196208031064747_0.5035095711471537_0.711892422776518_SIZE_1_12.08_42
GEN_20_FIT_0.4548483455031276_0.4930412469564691_0.710143933357864_SIZE_1_12.16_36
Evaluating in sample:
[GEN_20|make_tuple(9, n, n, 148)|0.7677]
Evaluating out-of-sample:
[GEN_20|make_tuple(9, n, n, 148)|0.8222]
GEN_21_FIT_0.3621662483127002_0.4960586605675749_0.60083399297411_SIZE_1_13.81_43
GEN_22_FIT_0.38989120909654934_0.5038526979020898_0.7412765364358337_SIZE_1_10.8_42
GEN_23_FIT_0.4309429172728049_0.5055477289682789_0.6843886442809968_SIZE_1_12.05_39
GEN_24_FIT_0.4534034985193571_0.5059413551753823_0.7109575805492329_SIZE_1_11.75_44
GEN_25_FIT_0.3899541388990663_0.5090703684776549_0.723717302858429_SIZE_1_11.96_40
GEN_26_FIT_0.42173867376519597_0.5079522938070182_0.7117407770913142_SIZE_1_11.63_37
GEN_27_FIT_0.4292052722221461_0.4996818528740283_0.6801931823287595_SIZE_1_11.08_42
GEN_28_FIT_0.39200761409299306_0.5036637126926263_0.6818167017618012_SIZE_1_11.57_37
GEN_29_FIT_0.4186038809630273_0.4972575725200617_0.6400988158732053_SIZE_1_12.99_43
GEN_30_FIT_0.44017470317534774_0.5008316621918517_0.6959773980751718_SIZE_1_11.13_36
GEN_31_FIT_0.43540508596871014_0.501999825985939_0.6657543360269521_SIZE_1_12.8_41
GEN_32_FIT_0.444071200849111_0.5034542445625703_0.7057926474069429_SIZE_1_12.58_36
Stopped early in iteration 32, no improvement in 20 gens.
BENCHMARK: Evaluating in-sample:
[mlr_default: make_tuple(10.0, 16.0, 10.0, 200.0)|0.7097]
BENCHMARK:  Evaluating out-of-sample:
[GEN_32|mlr_default: make_tuple(10.0, 16.0, 10.0, 200.0)|0.7374]
START_TASK: 15
GEN_0_FIT_0.43046806427367934_0.5056407559073774_0.7479622589376222_SIZE_1_12.38_46
GEN_1_FIT_0.41550246754255615_0.5034826879479618_0.7378289386451129_SIZE_1_11.15_42
GEN_2_FIT_0.35909787821533984_0.49486484658521007_0.753389064570409_SIZE_1_12.65_36
GEN_3_FIT_0.45995704443116486_0.5088866775613643_0.727114609728693_SIZE_1_12.02_39
GEN_4_FIT_0.45877048592763386_0.49521870134301055_0.7282536014447795_SIZE_1_12.14_40
GEN_5_FIT_0.4094022680842162_0.4940671721029489_0.6949166991364265_SIZE_1_11.17_39
GEN_6_FIT_0.41581931941067085_0.5094880227949337_0.7509713520089126_SIZE_1_10.63_45
GEN_7_FIT_0.4329870901271623_0.5026297135412865_0.7273877066174588_SIZE_1_11.2_42
GEN_8_FIT_0.4636581859464024_0.5024131368425399_0.7229800624153692_SIZE_1_12.34_39
GEN_9_FIT_0.44808628978521836_0.5066666251780242_0.7142471542280283_SIZE_1_11.44_39
GEN_10_FIT_0.4164852108600691_0.4951896528466232_0.6793412283121348_SIZE_1_13.99_43
GEN_11_FIT_0.43754996879093316_0.497983354746996_0.6156494556713178_SIZE_1_12.39_36
GEN_12_FIT_0.40088295368114907_0.5012765803837129_0.7395581112783964_SIZE_1_13.51_40
GEN_13_FIT_0.44376503771599884_0.49861637393197794_0.7130536105426162_SIZE_1_11.82_39
GEN_14_FIT_0.39955971533084195_0.49982619613855006_0.7450559578112764_SIZE_1_12.82_42
GEN_15_FIT_0.4561867831060448_0.49920958533875853_0.6313557326778674_SIZE_1_12.25_40
GEN_16_FIT_0.4432136663637224_0.5043542669700085_0.7257968181904547_SIZE_1_12.99_41
GEN_17_FIT_0.35210569607385545_0.5007388971996121_0.7506773899760105_SIZE_1_11.34_47
GEN_18_FIT_0.4338075591617175_0.4934369392898792_0.6150952053615204_SIZE_1_11.42_51
GEN_19_FIT_0.44413229141748706_0.5012679558175711_0.6661107419627409_SIZE_1_11.9_44
GEN_20_FIT_0.4481066968159195_0.5071765517202654_0.744044704803201_SIZE_1_11.63_36
Evaluating in sample:
[GEN_20|make_tuple(7, p, p, n)|0.7534]
Evaluating out-of-sample:
[GEN_20|make_tuple(7, p, p, n)|0.7271]
GEN_21_FIT_0.4265378621195186_0.5027771385449198_0.5899824843670011_SIZE_1_10.79_43
GEN_22_FIT_0.4244169188606264_0.5023773016589514_0.6471546751826613_SIZE_1_11.54_40
GEN_23_FIT_0.4053437463157885_0.5011523405298095_0.7192177933830628_SIZE_1_12.68_39
Stopped early in iteration 23, no improvement in 20 gens.
BENCHMARK: Evaluating in-sample:
[mlr_default: make_tuple(10.0, 16.0, 10.0, 200.0)|0.7103]
BENCHMARK:  Evaluating out-of-sample:
[GEN_23|mlr_default: make_tuple(10.0, 16.0, 10.0, 200.0)|0.6722]
START_TASK: 16
GEN_0_FIT_0.38593893443174265_0.4996166921643895_0.6944701128882377_SIZE_1_12.37_41
GEN_1_FIT_0.42143768578157326_0.5119588305884291_0.7532340774322831_SIZE_1_10.87_38
GEN_2_FIT_0.4018106524988146_0.4989836145773425_0.6987737388624052_SIZE_1_13.65_36
GEN_3_FIT_0.43220444421647464_0.5008927115991145_0.6911985800298436_SIZE_1_11.91_41
GEN_4_FIT_0.39361985832092383_0.4993695065293932_0.6004976602950325_SIZE_1_10.81_35
GEN_5_FIT_0.3860448384233673_0.4985284177624132_0.7452939755503202_SIZE_1_12.33_40
GEN_6_FIT_0.4252269451234192_0.5002227103034231_0.7476476145789915_SIZE_1_14.15_40
GEN_7_FIT_0.37247458414803436_0.496986369871955_0.5879823561562709_SIZE_1_12.7_42
GEN_8_FIT_0.42271136839505236_0.4929909265911664_0.6745989044812486_SIZE_1_11.52_40
GEN_9_FIT_0.39465099273317983_0.4941429502082591_0.6438314378902513_SIZE_1_11.61_37
GEN_10_FIT_0.438999361511858_0.5094126776853211_0.7200175442014871_SIZE_1_11.36_38
GEN_11_FIT_0.43904025446320327_0.49834437147140276_0.6065129937333678_SIZE_1_13.49_40
GEN_12_FIT_0.41883406243449767_0.5000673063787145_0.7089864227122575_SIZE_1_10.57_42
GEN_13_FIT_0.43632026339860214_0.5060498939016913_0.7285394863623151_SIZE_1_10.1_39
GEN_14_FIT_0.40019605555435317_0.49571747682250566_0.7313401147699768_SIZE_1_12.19_35
GEN_15_FIT_0.4280381722199202_0.4971734651815286_0.67191512175616_SIZE_1_13.2_38
GEN_16_FIT_0.40021259399969206_0.4943092283826267_0.68505981278977_SIZE_1_11.78_41
GEN_17_FIT_0.4249872838239732_0.49160905420362583_0.6276180830217518_SIZE_1_12.58_49
GEN_18_FIT_0.45941950712425755_0.5029504735114245_0.7164127867126161_SIZE_1_13.5_38
GEN_19_FIT_0.4294780750822611_0.4959592388286394_0.6893261461657576_SIZE_1_11.86_38
GEN_20_FIT_0.41120471165819944_0.5049100967247034_0.7477682946621768_SIZE_1_12.6_41
Evaluating in sample:
[GEN_20|make_tuple(11, 267, n, n)|0.7532]
Evaluating out-of-sample:
[GEN_20|make_tuple(11, 267, n, n)|0.7918]
GEN_21_FIT_0.42641606961172923_0.5040600130584135_0.6821695780916852_SIZE_1_11.97_42
GEN_22_FIT_0.41163295363488417_0.5017983650003187_0.6971388403550867_SIZE_1_11.14_36
Stopped early in iteration 22, no improvement in 20 gens.
BENCHMARK: Evaluating in-sample:
[mlr_default: make_tuple(10.0, 16.0, 10.0, 200.0)|0.7092]
BENCHMARK:  Evaluating out-of-sample:
[GEN_22|mlr_default: make_tuple(10.0, 16.0, 10.0, 200.0)|0.7956]
START_TASK: 18
GEN_0_FIT_0.4386948690483505_0.504242317872745_0.7187228216125128_SIZE_1_11.5_40
GEN_1_FIT_0.4531549053801312_0.506497769799014_0.6953913449402384_SIZE_1_10.69_39
GEN_2_FIT_0.43616450989452255_0.4976025411206677_0.6596716678399391_SIZE_1_12.87_44
GEN_3_FIT_0.41113748508380604_0.49906147536081863_0.7441897238630611_SIZE_1_10.94_41
GEN_4_FIT_0.3847343413364094_0.5036656681814444_0.718932333561389_SIZE_1_10.69_41
GEN_5_FIT_0.4299441992272928_0.4958898065065984_0.7471054515580562_SIZE_1_12.11_40
GEN_6_FIT_0.38702461496883833_0.5053191651498353_0.6909077529739872_SIZE_1_11.18_40
GEN_7_FIT_0.44376456773319434_0.5011076583544551_0.731285949647733_SIZE_1_12.98_43
GEN_8_FIT_0.4380473850663481_0.5007886152974035_0.6827032805814726_SIZE_1_12.72_43
GEN_9_FIT_0.443417057319485_0.5049905385411623_0.6879174807601177_SIZE_1_12.42_41
GEN_10_FIT_0.4411697739362332_0.49315504911871516_0.6185383675652691_SIZE_1_13.31_43
GEN_11_FIT_0.45098642726645316_0.4974644163550606_0.6510440087397394_SIZE_1_13.79_44
GEN_12_FIT_0.43485932857661447_0.5088076247466738_0.753426403688848_SIZE_1_11.69_48
GEN_13_FIT_0.4064624504663495_0.5018131687365578_0.7357415937400232_SIZE_1_11.37_36
GEN_14_FIT_0.44315364258510065_0.4966420973055093_0.6667133744054513_SIZE_1_13.1_46
GEN_15_FIT_0.4444876302357808_0.5071328697643352_0.7182249184945289_SIZE_1_11.62_35
GEN_16_FIT_0.4263677159667539_0.5004767600958775_0.7481184900061243_SIZE_1_12.35_40
GEN_17_FIT_0.4073843403338623_0.4949758777765766_0.5905914086615275_SIZE_1_12.01_42
GEN_18_FIT_0.42923883667145857_0.505101734407312_0.732683435257883_SIZE_1_12.48_36
GEN_19_FIT_0.4091427841037638_0.507717139076663_0.7357415937400232_SIZE_1_12.31_45
GEN_20_FIT_0.4531549053801312_0.4986840605340705_0.722027091832683_SIZE_1_11.67_40
Evaluating in sample:
[GEN_20|make_tuple(7, n, 567, po)|0.7534]
Evaluating out-of-sample:
[GEN_20|make_tuple(7, n, 567, po)|0.4033]
GEN_21_FIT_0.4187996615435_0.5008961774996156_0.7254191562683334_SIZE_1_10.05_39
GEN_22_FIT_0.43779335341295966_0.5045659611424902_0.7167868921237968_SIZE_1_12.96_49
GEN_23_FIT_0.44152326224433963_0.5044111252839799_0.6729583388176938_SIZE_1_10.82_45
GEN_24_FIT_0.4274625793115167_0.49718156581412354_0.6168108211200468_SIZE_1_11.29_44
GEN_25_FIT_0.45634464907300387_0.5080473694827309_0.6827275464467214_SIZE_1_13.27_38
GEN_26_FIT_0.43616398140381024_0.49898136906147356_0.660968639283041_SIZE_1_10.76_37
GEN_27_FIT_0.4341064748989547_0.4912655031484176_0.5702870754308335_SIZE_1_12.08_39
GEN_28_FIT_0.4040515449649317_0.5007733313703845_0.7523643212199621_SIZE_1_11.79_38
GEN_29_FIT_0.4406470815155256_0.49669774361661695_0.6381502118153413_SIZE_1_11.19_42
GEN_30_FIT_0.4245069040180622_0.5008160200557404_0.7441897238630611_SIZE_1_11.97_41
GEN_31_FIT_0.44633662652346595_0.4978668258002147_0.6342827543841396_SIZE_1_11.84_39
GEN_32_FIT_0.3968406623833672_0.49825147509862305_0.6476115120412581_SIZE_1_11.46_40
GEN_33_FIT_0.43429115671179164_0.4960533739166527_0.6528479674474468_SIZE_1_11.42_37
Stopped early in iteration 33, no improvement in 20 gens.
BENCHMARK: Evaluating in-sample:
[mlr_default: make_tuple(10.0, 16.0, 10.0, 200.0)|0.7122]
BENCHMARK:  Evaluating out-of-sample:
[GEN_33|mlr_default: make_tuple(10.0, 16.0, 10.0, 200.0)|0.4478]
START_TASK: 22
GEN_0_FIT_0.45528299096184505_0.5016993572804062_0.730875918756172_SIZE_1_12.38_36
GEN_1_FIT_0.4020746896600701_0.497225453103319_0.6635324423430904_SIZE_1_12.03_49
GEN_2_FIT_0.4401245740944544_0.4980967776738124_0.6592820166608157_SIZE_1_11.22_43
GEN_3_FIT_0.4129142292151199_0.5089143996109281_0.7194302691770854_SIZE_1_13.14_41
GEN_4_FIT_0.4138829172036396_0.5049932316752371_0.7237001565513328_SIZE_1_13.12_39
GEN_5_FIT_0.4533302729795804_0.5033693858938153_0.7460844085307312_SIZE_1_13.97_39
GEN_6_FIT_0.40384558940605175_0.5036193736833805_0.7327403905827751_SIZE_1_12.02_41
GEN_7_FIT_0.44027346986663607_0.5050079470184499_0.6502581122061748_SIZE_1_11.55_36
GEN_8_FIT_0.4404457436977235_0.5030464538652731_0.7013564963101564_SIZE_1_9.98_42
GEN_9_FIT_0.44027346986663607_0.5058960505100205_0.6915179505128911_SIZE_1_11.17_41
GEN_10_FIT_0.37969497682712666_0.49507531771683055_0.7133945112388526_SIZE_1_13.06_38
GEN_11_FIT_0.44499532553812593_0.49845796648921115_0.684200711751109_SIZE_1_14.02_44
GEN_12_FIT_0.4143798349271279_0.5038763045360499_0.7327322710611801_SIZE_1_10.74_41
GEN_13_FIT_0.45329638476532963_0.5115299515717645_0.7228673699540616_SIZE_1_11.94_44
GEN_14_FIT_0.4161514818123531_0.5067633785746277_0.6870859629673156_SIZE_1_13.24_46
GEN_15_FIT_0.42257107668781907_0.5012157036595631_0.6876686701698619_SIZE_1_12.75_45
GEN_16_FIT_0.4085797920924484_0.5060555966195672_0.7507263689859291_SIZE_1_12.56_43
GEN_17_FIT_0.3971398870217771_0.503226031316068_0.6473375477253817_SIZE_1_10.53_41
GEN_18_FIT_0.45338589251573325_0.5021457432503967_0.7196955899179912_SIZE_1_12.52_42
GEN_19_FIT_0.4325808905092277_0.49918343529549153_0.6128754095182306_SIZE_1_12.42_39
GEN_20_FIT_0.40390573928471535_0.5064023089417276_0.731270724093478_SIZE_1_11.77_47
Evaluating in sample:
[GEN_20|make_tuple(11, n, n, po)|0.7507]
Evaluating out-of-sample:
[GEN_20|make_tuple(11, n, n, po)|0.7518]
GEN_21_FIT_0.4023690184904246_0.5024221337826432_0.7473857633303106_SIZE_1_11.58_45
GEN_22_FIT_0.4320121108255699_0.5083684026090723_0.6559215884472378_SIZE_1_11.56_38
GEN_23_FIT_0.4550001685493667_0.5029718997121215_0.6540512033229311_SIZE_1_10.65_35
GEN_24_FIT_0.3993443857780443_0.5063526447953972_0.7224694846677825_SIZE_1_11.53_43
GEN_25_FIT_0.40287263863997197_0.500397406671752_0.6877274954022132_SIZE_1_11.14_41
GEN_26_FIT_0.41861154347703183_0.5147611540773083_0.7123106471640878_SIZE_1_12.36_38
GEN_27_FIT_0.4397580101617884_0.5098836684837484_0.7327739690918313_SIZE_1_12.0_41
GEN_28_FIT_0.44127209330050604_0.5058220959334755_0.6578873140552964_SIZE_1_11.66_35
GEN_29_FIT_0.38754712473260716_0.502379391097953_0.6922111656420399_SIZE_1_12.7_43
GEN_30_FIT_0.41650020469642646_0.5098171940057773_0.7438436017746144_SIZE_1_11.58_44
GEN_31_FIT_0.4141952582361173_0.5029466637746455_0.7298425653643495_SIZE_1_13.51_40
GEN_32_FIT_0.42524747278670383_0.5084599304186075_0.6888381003359036_SIZE_1_9.42_34
GEN_33_FIT_0.38936931914600764_0.504692512187746_0.6839824275601533_SIZE_1_11.77_41
GEN_34_FIT_0.41588969254843844_0.5010290471227625_0.6883021235892888_SIZE_1_12.42_45
GEN_35_FIT_0.44027346986663607_0.5027004346613865_0.6978059886683634_SIZE_1_13.59_33
GEN_36_FIT_0.4333018498987999_0.5038681417839006_0.6827274018674575_SIZE_1_9.84_45
GEN_37_FIT_0.4649341114309022_0.5100935937729143_0.6979086903339611_SIZE_1_12.58_33
Stopped early in iteration 37, no improvement in 20 gens.
BENCHMARK: Evaluating in-sample:
[mlr_default: make_tuple(10.0, 16.0, 10.0, 200.0)|0.7092]
BENCHMARK:  Evaluating out-of-sample:
[GEN_37|mlr_default: make_tuple(10.0, 16.0, 10.0, 200.0)|0.7930]
START_TASK: 23
GEN_0_FIT_0.4168798073559876_0.49894172758169153_0.6375856418367872_SIZE_1_11.55_39
GEN_1_FIT_0.3953819882151294_0.5029574055776558_0.6980349750370036_SIZE_1_10.52_35
GEN_2_FIT_0.4430770346233295_0.5063952031679125_0.6471688996376163_SIZE_1_9.52_42
GEN_3_FIT_0.4337409441803731_0.5068942091685753_0.7614104617397722_SIZE_1_12.27_43
GEN_4_FIT_0.456122458085239_0.49508474999331753_0.685062485481304_SIZE_1_11.94_41
GEN_5_FIT_0.43397735887390076_0.5069279776051879_0.7288210946176283_SIZE_1_12.39_40
GEN_6_FIT_0.4430770346233295_0.4990753074829263_0.6889425451508802_SIZE_1_13.17_41
GEN_7_FIT_0.45662816216163565_0.508405865303267_0.7483964125514622_SIZE_1_10.51_43
GEN_8_FIT_0.4329041466052121_0.505757669469716_0.7572278063003208_SIZE_1_10.74_46
GEN_9_FIT_0.39518637134085954_0.4915327221608854_0.620623755500558_SIZE_1_12.19_41
GEN_10_FIT_0.43964056888639114_0.494620718642311_0.5813536116934831_SIZE_1_11.77_36
GEN_11_FIT_0.3938775642582333_0.49178633281088174_0.60132617641229_SIZE_1_13.78_41
GEN_12_FIT_0.40833118441750305_0.5021597256929181_0.7201519503547192_SIZE_1_10.37_35
GEN_13_FIT_0.44892484706899305_0.5024012715404339_0.7480320116915774_SIZE_1_11.35_49
GEN_14_FIT_0.42665252974095746_0.4969239718599927_0.6973570549217921_SIZE_1_13.09_45
GEN_15_FIT_0.4430770346233295_0.5036555987712746_0.7287223303286993_SIZE_1_11.33_37
GEN_16_FIT_0.39019405943271346_0.4998204991467344_0.7385386462183597_SIZE_1_12.54_39
GEN_17_FIT_0.437954939568681_0.500897828370656_0.6927955836609461_SIZE_1_11.03_36
GEN_18_FIT_0.4534681158230285_0.5031742478996526_0.7374707123927988_SIZE_1_10.39_40
GEN_19_FIT_0.4642775988652981_0.4991567663132028_0.6519839553601128_SIZE_1_12.56_38
GEN_20_FIT_0.4344428669579184_0.4984469042373265_0.6755590711114122_SIZE_1_12.35_38
Evaluating in sample:
[GEN_20|make_tuple(9, p, n, p)|0.7614]
Evaluating out-of-sample:
[GEN_20|make_tuple(9, p, n, p)|0.6696]
GEN_21_FIT_0.4052735097478248_0.5017064152606493_0.6609232699099076_SIZE_1_11.53_37
GEN_22_FIT_0.4486606716591013_0.5049239556982218_0.7244664194208109_SIZE_1_11.81_39
GEN_23_FIT_0.39019405943271346_0.49556937608014384_0.6754748646455994_SIZE_1_12.95_44
GEN_24_FIT_0.40339251348390925_0.5047930829650606_0.737265383746538_SIZE_1_11.83_39
Stopped early in iteration 24, no improvement in 20 gens.
BENCHMARK: Evaluating in-sample:
[mlr_default: make_tuple(10.0, 16.0, 10.0, 200.0)|0.7106]
BENCHMARK:  Evaluating out-of-sample:
[GEN_24|mlr_default: make_tuple(10.0, 16.0, 10.0, 200.0)|0.6374]
START_TASK: 24
GEN_0_FIT_0.4316149907500094_0.4989211750836182_0.6976479836575756_SIZE_1_9.8_38
GEN_1_FIT_0.4136749930627844_0.5054419254245945_0.7468234167861695_SIZE_1_11.05_35
GEN_2_FIT_0.39457936461369764_0.4968379540735324_0.6527768603685062_SIZE_1_11.65_53
GEN_3_FIT_0.43433403036699997_0.5028650934500726_0.6876709431334878_SIZE_1_10.68_42
GEN_4_FIT_0.43390158616752034_0.5051557525734245_0.7386499766772987_SIZE_1_12.33_48
GEN_5_FIT_0.43861881127698904_0.5037545781785967_0.6778257558609612_SIZE_1_12.22_38
GEN_6_FIT_0.3939042674587993_0.5021952416973341_0.7095798894493827_SIZE_1_11.37_37
GEN_7_FIT_0.41659064580204436_0.4965611156944998_0.7180403944331875_SIZE_1_11.72_37
GEN_8_FIT_0.453576421095491_0.5073330130518178_0.7270393099474707_SIZE_1_11.14_41
GEN_9_FIT_0.443845797443555_0.49687739087273364_0.6741452810313869_SIZE_1_11.81_43
GEN_10_FIT_0.46349593753309176_0.49947414965606834_0.6650627160448237_SIZE_1_10.8_37
GEN_11_FIT_0.41445529989687035_0.4977510597235994_0.6747352032932578_SIZE_1_12.78_46
GEN_12_FIT_0.41139738679738513_0.5023149488107682_0.713563256350414_SIZE_1_11.18_46
GEN_13_FIT_0.42158467687054857_0.501597454927618_0.7478942986122166_SIZE_1_12.65_43
GEN_14_FIT_0.4459696100829802_0.49995715088337783_0.7080816095326763_SIZE_1_9.89_47
GEN_15_FIT_0.4286554006712498_0.4989517865773414_0.6273126943876888_SIZE_1_12.29_43
GEN_16_FIT_0.4433030666359178_0.5004686819628124_0.6980678165987578_SIZE_1_11.66_36
GEN_17_FIT_0.4276659280805321_0.5038111490828503_0.6619270511874139_SIZE_1_10.19_38
GEN_18_FIT_0.43605594126989855_0.49482949230601714_0.7055965448701667_SIZE_1_13.3_47
GEN_19_FIT_0.4199492524181795_0.495456624642468_0.7021129726701929_SIZE_1_10.83_36
GEN_20_FIT_0.4192392583680386_0.5017780838381684_0.73231710773451_SIZE_1_11.42_48
Evaluating in sample:
[GEN_20|make_tuple(7, 48, n, po)|0.7479]
Evaluating out-of-sample:
[GEN_20|make_tuple(7, 48, n, po)|0.9028]
GEN_21_FIT_0.4501032056706408_0.5063913012495579_0.7326073491075333_SIZE_1_10.22_42
GEN_22_FIT_0.44409077321409546_0.4997566130308638_0.7437927459745033_SIZE_1_10.21_37
GEN_23_FIT_0.42758007069819715_0.501061259140084_0.7056138449338868_SIZE_1_11.22_56
GEN_24_FIT_0.44989701593820025_0.5025508908952733_0.6585345879535485_SIZE_1_12.68_39
GEN_25_FIT_0.4520184802776096_0.5007346996016229_0.6746273033690325_SIZE_1_11.55_45
GEN_26_FIT_0.45580973686864884_0.4928513300935422_0.6460004474768624_SIZE_1_13.0_39
GEN_27_FIT_0.42683987499425813_0.5040133596132625_0.6683925237040379_SIZE_1_9.15_40
GEN_28_FIT_0.4509861918517194_0.5027311619286576_0.742378445800303_SIZE_1_11.55_36
GEN_29_FIT_0.443845797443555_0.5053474559120849_0.7142305497917274_SIZE_1_13.16_41
GEN_30_FIT_0.4232713264509069_0.5106342302825131_0.7419400642231785_SIZE_1_9.89_45
GEN_31_FIT_0.39688465058567796_0.49704921948574315_0.6984489848565126_SIZE_1_12.46_40
GEN_32_FIT_0.41123635298404954_0.5023902147495193_0.6656802399926322_SIZE_1_12.89_43
GEN_33_FIT_0.42148989387196223_0.5015840115498764_0.636757548521673_SIZE_1_11.34_40
GEN_34_FIT_0.38988776678242665_0.5034212005250234_0.7032839120650384_SIZE_1_12.37_39
Stopped early in iteration 34, no improvement in 20 gens.
BENCHMARK: Evaluating in-sample:
[mlr_default: make_tuple(10.0, 16.0, 10.0, 200.0)|0.7076]
BENCHMARK:  Evaluating out-of-sample:
[GEN_34|mlr_default: make_tuple(10.0, 16.0, 10.0, 200.0)|0.9769]
START_TASK: 2073
GEN_0_FIT_0.4429169524583128_0.5017413621837431_0.6751906951637976_SIZE_1_11.27_37
GEN_1_FIT_0.39460626789681036_0.504371273088053_0.6962873720382524_SIZE_1_10.94_42
GEN_2_FIT_0.42616886100555806_0.504837865575168_0.6551071913890658_SIZE_1_10.92_37
GEN_3_FIT_0.4278867891903135_0.5013910691631781_0.7469188977209674_SIZE_1_11.15_38
GEN_4_FIT_0.3897878603612043_0.49587917566833056_0.6934725524053477_SIZE_1_13.81_37
GEN_5_FIT_0.40093698310532233_0.49425620851419483_0.6500187771992773_SIZE_1_13.05_42
GEN_6_FIT_0.42639368316792076_0.5087967607525027_0.674321109393373_SIZE_1_10.95_36
GEN_7_FIT_0.4646630840507543_0.5166506122550897_0.7366860921927355_SIZE_1_11.03_41
GEN_8_FIT_0.42625045557561597_0.4917417885568811_0.6174634059579218_SIZE_1_11.56_48
GEN_9_FIT_0.4345698152471682_0.49726949823116434_0.6884210986272853_SIZE_1_10.75_41
GEN_10_FIT_0.42141448073241283_0.4994208330662305_0.7012518024093088_SIZE_1_11.95_44
GEN_11_FIT_0.44020360169521594_0.5007160523366555_0.7333319198461637_SIZE_1_13.78_44
GEN_12_FIT_0.45322257135817684_0.5035213431219351_0.7059994533041005_SIZE_1_12.34_43
GEN_13_FIT_0.4043174552835751_0.5122452532107044_0.7323989208558622_SIZE_1_9.95_42
GEN_14_FIT_0.38421211601495475_0.5114067467623571_0.7494527360158013_SIZE_1_11.54_38
GEN_15_FIT_0.45734887183798406_0.5111635956241913_0.7138663686777991_SIZE_1_12.34_35
GEN_16_FIT_0.4267882960532591_0.4989188324432219_0.6497580455206606_SIZE_1_12.92_41
GEN_17_FIT_0.4400858946472198_0.5007787386911794_0.6423068357662346_SIZE_1_12.07_40
GEN_18_FIT_0.40524058211325176_0.5013162103920785_0.6971466366111294_SIZE_1_11.83_47
GEN_19_FIT_0.4160012384508226_0.5005708258785129_0.7206135494712089_SIZE_1_11.11_38
GEN_20_FIT_0.4177762769869652_0.49578693118524747_0.748759811692716_SIZE_1_11.2_40
Evaluating in sample:
[GEN_20|make_tuple(10, n, po, 158)|0.7495]
Evaluating out-of-sample:
[GEN_20|make_tuple(10, n, po, 158)|0.8108]
GEN_21_FIT_0.44013220246573215_0.501072111043456_0.7372661665137312_SIZE_1_11.96_39
GEN_22_FIT_0.4410845180810898_0.5008579262177961_0.7306652045263018_SIZE_1_12.69_46
GEN_23_FIT_0.43602423673362256_0.5029055085731677_0.7393805316611715_SIZE_1_11.42_40
GEN_24_FIT_0.4400858946472198_0.5008783361419307_0.7487388702959666_SIZE_1_12.73_39
GEN_25_FIT_0.42218723231825966_0.5020769299423773_0.7518192865335004_SIZE_1_11.54_41
GEN_26_FIT_0.42125452060139845_0.5010401100865586_0.7678730856968117_SIZE_1_9.95_38
GEN_27_FIT_0.4198488784575036_0.5026164911571922_0.7531962891337372_SIZE_1_11.07_39
GEN_28_FIT_0.3910679329154742_0.4979902688528719_0.6896856395411676_SIZE_1_13.17_41
GEN_29_FIT_0.4483546859355872_0.5008606641943649_0.7478328267422651_SIZE_1_12.76_47
GEN_30_FIT_0.45448440464774054_0.5068362306463802_0.7097657771937315_SIZE_1_12.1_39
GEN_31_FIT_0.4084158481014102_0.4986696431999283_0.6872456489574718_SIZE_1_11.53_38
GEN_32_FIT_0.3967191104843338_0.5058090375105114_0.7448552869135131_SIZE_1_13.74_38
GEN_33_FIT_0.4414557114945813_0.4999122344217792_0.7494713257164002_SIZE_1_14.46_40
GEN_34_FIT_0.4189792592232866_0.49394371532180364_0.664388211706696_SIZE_1_12.71_36
GEN_35_FIT_0.4318165409690808_0.4937423321336447_0.5774379631918685_SIZE_1_12.96_38
GEN_36_FIT_0.4115229747136417_0.49914033401351104_0.7031854697492775_SIZE_1_9.18_34
GEN_37_FIT_0.4496853008952277_0.5038039857712411_0.5731664155009291_SIZE_1_11.26_38
GEN_38_FIT_0.42777472898848656_0.4995187636708332_0.696309074922762_SIZE_1_11.89_40
GEN_39_FIT_0.39721999564846244_0.4951929423328992_0.7656104550564424_SIZE_1_12.1_41
GEN_40_FIT_0.45537928590118465_0.5058433233593999_0.7221415750902587_SIZE_1_10.26_43
Evaluating in sample:
[GEN_40|make_tuple(9, p, n, 986)|0.7679]
Evaluating out-of-sample:
[GEN_40|make_tuple(9, p, n, 986)|0.9256]
GEN_41_FIT_0.44465134585177585_0.505430301588812_0.7543015215918434_SIZE_1_12.12_38
GEN_42_FIT_0.4100728829744013_0.5021649265537274_0.7422517682571441_SIZE_1_12.0_41
GEN_43_FIT_0.4553713594119662_0.49819519239023136_0.7024489922408308_SIZE_1_12.35_34
GEN_44_FIT_0.420674661824064_0.5046983018852975_0.696217402013814_SIZE_1_11.28_41
GEN_45_FIT_0.4438130465909329_0.4911652043423325_0.6157355763758854_SIZE_1_13.82_36
GEN_46_FIT_0.4145767284668917_0.5005682407217462_0.7103767999863833_SIZE_1_13.6_41
GEN_47_FIT_0.3939042913314247_0.49741680272785904_0.670738911252909_SIZE_1_12.73_43
Stopped early in iteration 47, no improvement in 20 gens.
BENCHMARK: Evaluating in-sample:
[mlr_default: make_tuple(10.0, 16.0, 10.0, 200.0)|0.7087]
BENCHMARK:  Evaluating out-of-sample:
[GEN_47|mlr_default: make_tuple(10.0, 16.0, 10.0, 200.0)|0.8464]
START_TASK: 2074
GEN_0_FIT_0.4104755248863856_0.49739788093602066_0.6506699083509192_SIZE_1_11.81_35
GEN_1_FIT_0.4356673298561498_0.49464456597102924_0.6333779640693656_SIZE_1_12.15_39
GEN_2_FIT_0.4323578851102175_0.49703795159593617_0.7070664404979394_SIZE_1_12.31_37
GEN_3_FIT_0.45572410118462225_0.5007033776267482_0.6756037065115374_SIZE_1_13.62_34
GEN_4_FIT_0.4418163844695678_0.4997101131911542_0.6436190642666035_SIZE_1_11.12_37
GEN_5_FIT_0.4357838958996072_0.4990739409444013_0.6085328879708444_SIZE_1_11.77_36
GEN_6_FIT_0.4371559946763816_0.49850942221050754_0.6501986265035934_SIZE_1_13.17_46
GEN_7_FIT_0.41565961556005543_0.493947836102354_0.7093159291316569_SIZE_1_12.2_41
GEN_8_FIT_0.44368768774329653_0.5015949540180009_0.6560147564722345_SIZE_1_11.57_43
GEN_9_FIT_0.4126741030965886_0.50003890230687_0.7189326208801129_SIZE_1_11.18_38
GEN_10_FIT_0.396518069722824_0.49869455576349103_0.6467449266155826_SIZE_1_13.04_38
GEN_11_FIT_0.41131653208376967_0.4958273168835719_0.6899872924127844_SIZE_1_14.12_41
GEN_12_FIT_0.41924016246040746_0.4927698599479912_0.6936833138267046_SIZE_1_12.29_44
GEN_13_FIT_0.437371976655141_0.5026319813817739_0.7544257044460185_SIZE_1_11.21_36
GEN_14_FIT_0.44530069879091133_0.4984559779817436_0.70089262858253_SIZE_1_12.51_36
GEN_15_FIT_0.42696766409924813_0.4953686456007623_0.6961114884403921_SIZE_1_13.4_45
GEN_16_FIT_0.43019266060105127_0.508495204142717_0.7301561678404795_SIZE_1_11.3_43
GEN_17_FIT_0.44280715490716055_0.49803813927679164_0.5840286612482168_SIZE_1_12.02_38
GEN_18_FIT_0.39849952621771817_0.49035717710992216_0.7334888769885343_SIZE_1_12.12_42
GEN_19_FIT_0.3873235124776479_0.5006358711012159_0.675976642859914_SIZE_1_12.17_47
GEN_20_FIT_0.4197054968483844_0.5025554873386259_0.681917314552721_SIZE_1_14.36_43
Evaluating in sample:
[GEN_20|make_tuple(10, p, 167, n)|0.7544]
Evaluating out-of-sample:
[GEN_20|make_tuple(10, p, 167, n)|0.8317]
GEN_21_FIT_0.44487001091076284_0.49629270038189616_0.704941523250309_SIZE_1_10.98_42
GEN_22_FIT_0.3883773336343849_0.5046301802537125_0.7333469129618305_SIZE_1_11.35_38
GEN_23_FIT_0.4347814782116693_0.4993080257675384_0.7135362817913657_SIZE_1_11.3_43
GEN_24_FIT_0.4412033238752024_0.503813637980936_0.6875604926409792_SIZE_1_11.59_47
GEN_25_FIT_0.44487001091076284_0.501675575028314_0.7147325845273633_SIZE_1_11.06_39
GEN_26_FIT_0.3590372695213342_0.4990590670996093_0.7117786882788673_SIZE_1_12.17_40
GEN_27_FIT_0.4109179079586398_0.5062811592125268_0.7225428579256946_SIZE_1_10.59_44
GEN_28_FIT_0.43356512192031954_0.5047378511569081_0.7168514414766846_SIZE_1_10.49_38
GEN_29_FIT_0.41454042514884243_0.4904031443896229_0.7325082070438719_SIZE_1_14.54_38
GEN_30_FIT_0.3807974848578223_0.4956071022559972_0.6430299573812432_SIZE_1_11.81_39
GEN_31_FIT_0.4412033238752024_0.5076736194423499_0.6366401620817315_SIZE_1_10.99_36
GEN_32_FIT_0.44791850650121856_0.509397693186121_0.7535511175579662_SIZE_1_10.39_39
GEN_33_FIT_0.4215157269802903_0.5018017771463813_0.7163426138540582_SIZE_1_11.68_46
GEN_34_FIT_0.412224855675027_0.5065298454028158_0.6784032366013208_SIZE_1_10.21_35
Stopped early in iteration 34, no improvement in 20 gens.
BENCHMARK: Evaluating in-sample:
[mlr_default: make_tuple(10.0, 16.0, 10.0, 200.0)|0.7089]
BENCHMARK:  Evaluating out-of-sample:
[GEN_34|mlr_default: make_tuple(10.0, 16.0, 10.0, 200.0)|0.8244]
START_TASK: 28
GEN_0_FIT_0.43670877775357503_0.5013484456959497_0.6690186879427357_SIZE_1_12.2_38
GEN_1_FIT_0.41162557754646173_0.49833416352853743_0.745319813440506_SIZE_1_13.84_41
GEN_2_FIT_0.39592744143555225_0.5047888429964937_0.7077442395410842_SIZE_1_11.67_38
GEN_3_FIT_0.41922605717345574_0.5024846869456965_0.735903938482054_SIZE_1_11.96_38
GEN_4_FIT_0.45552708548128656_0.5009820845871437_0.6734713670786941_SIZE_1_12.89_44
GEN_5_FIT_0.3692192723236215_0.5078783476314267_0.7399515331536544_SIZE_1_11.99_40
GEN_6_FIT_0.44717014929521415_0.5051487141907115_0.7171785351542301_SIZE_1_12.98_40
GEN_7_FIT_0.3933945011822197_0.4908233179444635_0.6185423125357141_SIZE_1_12.91_44
GEN_8_FIT_0.4580480400325292_0.493392902591082_0.6411173991351461_SIZE_1_12.94_38
GEN_9_FIT_0.4520915444143384_0.4990572107200336_0.6309676649984323_SIZE_1_11.68_40
GEN_10_FIT_0.4460581406875811_0.49602177562115524_0.6803253056439343_SIZE_1_12.14_40
GEN_11_FIT_0.4196113621348757_0.5039749783914598_0.7352277008781056_SIZE_1_11.29_42
GEN_12_FIT_0.4261610568475141_0.4978101404897303_0.6729125989405845_SIZE_1_13.22_41
GEN_13_FIT_0.4544495794065882_0.5034493163859745_0.7386124993734191_SIZE_1_12.52_37
GEN_14_FIT_0.4370798052755404_0.5019631887555233_0.7339756148001202_SIZE_1_13.18_40
GEN_15_FIT_0.4085948865789223_0.5015458853632215_0.6729760256374961_SIZE_1_12.1_51
GEN_16_FIT_0.41766345230421525_0.5028903791485979_0.7158458957979773_SIZE_1_11.3_38
GEN_17_FIT_0.41554526740597525_0.4968706651269975_0.688807618973586_SIZE_1_12.64_40
GEN_18_FIT_0.44024857935460165_0.507555470079566_0.7090630612275676_SIZE_1_12.56_36
GEN_19_FIT_0.4325061054735209_0.5004328733594835_0.6554153194186927_SIZE_1_13.51_42
GEN_20_FIT_0.3855850618516204_0.4924504372277334_0.683466364535439_SIZE_1_13.63_41
Evaluating in sample:
[GEN_20|make_tuple(10, m, 872, p)|0.7453]
Evaluating out-of-sample:
[GEN_20|make_tuple(10, m, 872, p)|0.7531]
GEN_21_FIT_0.42047161783855636_0.508044526524406_0.7522897887246538_SIZE_1_11.54_41
GEN_22_FIT_0.42279370331120103_0.5074402946391323_0.7491308869962099_SIZE_1_10.61_41
GEN_23_FIT_0.45276151744416804_0.5031610463170146_0.7059442037282518_SIZE_1_12.25_37
GEN_24_FIT_0.4176944422823677_0.502226836044796_0.6493145215831552_SIZE_1_11.33_43
GEN_25_FIT_0.4342879883291514_0.49694490271321284_0.7148844679198051_SIZE_1_12.19_40
GEN_26_FIT_0.40965986199990606_0.5001188331681784_0.7685838088182824_SIZE_1_11.48_44
GEN_27_FIT_0.4235160211988921_0.5028866558982361_0.7498065055764964_SIZE_1_10.43_40
GEN_28_FIT_0.43040825595206905_0.5079193901601982_0.7335885981279461_SIZE_1_11.08_44
GEN_29_FIT_0.43090883005925146_0.5014916774350783_0.6805383336937475_SIZE_1_10.99_37
GEN_30_FIT_0.39537180130436717_0.5012851973761228_0.7069633301640862_SIZE_1_10.37_45
GEN_31_FIT_0.45260572743750865_0.49910296475600613_0.6446141147850607_SIZE_1_11.95_41
GEN_32_FIT_0.3952093419802141_0.49963701934303617_0.7483954316415424_SIZE_1_11.75_34
GEN_33_FIT_0.41396989555628233_0.5010868789047297_0.7458234911949408_SIZE_1_11.19_37
GEN_34_FIT_0.4430772931353219_0.49749335306599_0.644895236684683_SIZE_1_12.54_44
GEN_35_FIT_0.40225984485881744_0.49905219744421886_0.6063254194558787_SIZE_1_10.89_33
GEN_36_FIT_0.4483939956574366_0.5074188291837116_0.7236178849271366_SIZE_1_11.97_41
GEN_37_FIT_0.4195215915173538_0.49925105222186333_0.7365280165516902_SIZE_1_12.94_39
GEN_38_FIT_0.44266081044292327_0.5009928970279008_0.7106144701982986_SIZE_1_14.63_49
GEN_39_FIT_0.4247753404042662_0.4983459900819056_0.7013618038398166_SIZE_1_12.74_41
GEN_40_FIT_0.39931508157856965_0.5020412204826017_0.6890343393870363_SIZE_1_11.27_41
Evaluating in sample:
[GEN_40|make_tuple(9, p, 371, n)|0.7686]
Evaluating out-of-sample:
[GEN_40|make_tuple(9, p, 371, n)|0.8361]
GEN_41_FIT_0.4126476104456066_0.4971761254052045_0.6899802535750961_SIZE_1_11.58_40
GEN_42_FIT_0.43562478213444406_0.4973378847916646_0.7103974608157629_SIZE_1_13.07_41
GEN_43_FIT_0.4120670894029206_0.4996698619805642_0.6043504736270963_SIZE_1_11.94_44
GEN_44_FIT_0.391657178863466_0.49534638315971796_0.7049895224330649_SIZE_1_10.49_44
GEN_45_FIT_0.41178329468642866_0.5053392225564984_0.6920797250785562_SIZE_1_11.12_38
GEN_46_FIT_0.4281305252036568_0.5024217371856676_0.7277357814540074_SIZE_1_10.82_34
GEN_47_FIT_0.4518121585402474_0.4984670918692596_0.5924839647751939_SIZE_1_11.76_53
Stopped early in iteration 47, no improvement in 20 gens.
BENCHMARK: Evaluating in-sample:
[mlr_default: make_tuple(10.0, 16.0, 10.0, 200.0)|0.7111]
BENCHMARK:  Evaluating out-of-sample:
[GEN_47|mlr_default: make_tuple(10.0, 16.0, 10.0, 200.0)|0.5800]
START_TASK: 29
GEN_0_FIT_0.40337521229806694_0.506801953257566_0.6834915021977871_SIZE_1_10.88_43
GEN_1_FIT_0.44575718178076296_0.516156942285213_0.7362825938562685_SIZE_1_9.09_33
GEN_2_FIT_0.42952261942474007_0.496838751346082_0.7257589614650347_SIZE_1_12.83_40
GEN_3_FIT_0.45759074662416277_0.5005361698066_0.6510342414793838_SIZE_1_13.41_40
GEN_4_FIT_0.4392835092505908_0.5060619251583389_0.7348068844678648_SIZE_1_10.14_37
GEN_5_FIT_0.4416069429262658_0.49579099620329486_0.75085805273704_SIZE_1_12.46_44
GEN_6_FIT_0.45507475539809344_0.4999009013082003_0.638391826651881_SIZE_1_11.01_38
GEN_7_FIT_0.41529809652332256_0.4972088344859605_0.6763002181895565_SIZE_1_13.01_41
GEN_8_FIT_0.40667018564388313_0.49623381259062554_0.5951068050496782_SIZE_1_10.35_38
GEN_9_FIT_0.4181274190740044_0.49963793307349874_0.7285771791005435_SIZE_1_12.69_46
GEN_10_FIT_0.42900534276300367_0.498172764693962_0.6455422220747388_SIZE_1_12.9_46
GEN_11_FIT_0.41448208812772763_0.5028593668065386_0.7066378448895018_SIZE_1_11.09_39
GEN_12_FIT_0.43239393345260013_0.5026006948658897_0.7225362558934695_SIZE_1_12.96_37
GEN_13_FIT_0.4503073829595314_0.5009584143675005_0.725592842001524_SIZE_1_11.63_46
GEN_14_FIT_0.4400379768652983_0.49444488149539395_0.6452561358116267_SIZE_1_12.68_41
GEN_15_FIT_0.44493271222787983_0.4967804774845589_0.6841391487169914_SIZE_1_13.86_37
GEN_16_FIT_0.44578739455145866_0.4955969332168072_0.7141458359388815_SIZE_1_14.12_40
GEN_17_FIT_0.40538431660284363_0.5002473044881863_0.6254477215203027_SIZE_1_11.58_40
GEN_18_FIT_0.45193942083157895_0.4968576170854315_0.6975005977843383_SIZE_1_12.57_40
GEN_19_FIT_0.4258930362962797_0.504103002531056_0.7247415884672161_SIZE_1_12.17_51
GEN_20_FIT_0.42086718296015124_0.5041534529529909_0.7288623403903924_SIZE_1_12.01_37
Evaluating in sample:
[GEN_20|make_tuple(8, po, p, n)|0.7509]
Evaluating out-of-sample:
[GEN_20|make_tuple(8, po, p, n)|0.7260]
GEN_21_FIT_0.4071604527097683_0.5060125876727513_0.7130893221287729_SIZE_1_10.71_36
GEN_22_FIT_0.43195120688249816_0.495070898582252_0.6346207622250839_SIZE_1_14.17_40
GEN_23_FIT_0.40994121818689516_0.49565158844864676_0.7533466069147802_SIZE_1_13.12_41
GEN_24_FIT_0.36905806442546707_0.49924498040199594_0.695171198724858_SIZE_1_12.29_40
GEN_25_FIT_0.44153101782047816_0.5099108245915928_0.7314311526947961_SIZE_1_9.2_35
GEN_26_FIT_0.44493271222787983_0.5119835472211515_0.7358122830041348_SIZE_1_11.35_36
GEN_27_FIT_0.40479124345733786_0.4944537447720925_0.6023318513218324_SIZE_1_12.64_42
GEN_28_FIT_0.41705699052725465_0.49425540020065456_0.6395619268779453_SIZE_1_10.63_40
GEN_29_FIT_0.4508657831205258_0.5027857803610634_0.6571661329482962_SIZE_1_10.74_38
GEN_30_FIT_0.4339734555658359_0.505216323230275_0.7505461710418081_SIZE_1_10.96_38
GEN_31_FIT_0.41529809652332256_0.5045419293369466_0.7568935485526715_SIZE_1_11.61_39
GEN_32_FIT_0.4238471592441969_0.4983729911785779_0.661085903187875_SIZE_1_12.54_36
GEN_33_FIT_0.44529996592936805_0.5023821674518648_0.7402296771005489_SIZE_1_10.65_38
GEN_34_FIT_0.4594010513224904_0.4945975209973662_0.6362356347537607_SIZE_1_13.65_35
GEN_35_FIT_0.42114716602618907_0.49467456700514956_0.6607666607807338_SIZE_1_13.16_39
GEN_36_FIT_0.4270149636766337_0.5100175804650077_0.6839724869472917_SIZE_1_10.99_34
GEN_37_FIT_0.42192521198260163_0.4936728460182999_0.681025754906348_SIZE_1_13.26_37
GEN_38_FIT_0.4363038409623845_0.4981874627969402_0.691369404905712_SIZE_1_12.86_41
GEN_39_FIT_0.4125291928044827_0.5046391343699104_0.7053636168453984_SIZE_1_12.6_49
GEN_40_FIT_0.3419806176939307_0.4891927156983136_0.5663196518509768_SIZE_1_13.66_39
Evaluating in sample:
[GEN_40|make_tuple(9, 690, po, p)|0.7569]
Evaluating out-of-sample:
[GEN_40|make_tuple(9, 690, po, p)|0.7692]
GEN_41_FIT_0.43431986512301635_0.49746879498528457_0.661223147664527_SIZE_1_12.94_49
GEN_42_FIT_0.4163882783598868_0.49767188302533305_0.720402654476734_SIZE_1_14.28_41
GEN_43_FIT_0.44493271222787983_0.5017910866365269_0.7448022939046104_SIZE_1_11.04_41
GEN_44_FIT_0.4346432250731084_0.5047875764797373_0.7064808370550593_SIZE_1_12.37_39
GEN_45_FIT_0.42399776369466885_0.4983826884285274_0.6337955564274407_SIZE_1_13.17_40
GEN_46_FIT_0.41148727431439686_0.4998928686191649_0.7202283619629645_SIZE_1_10.58_39
GEN_47_FIT_0.3783935963473184_0.49639975763775573_0.7118706083160881_SIZE_1_11.69_40
GEN_48_FIT_0.3909746815667515_0.49412631680684727_0.705468444594751_SIZE_1_12.36_39
GEN_49_FIT_0.3933884995406123_0.5020869497873046_0.7290370354530252_SIZE_1_12.85_41
GEN_50_FIT_0.44888748552663144_0.501273217676138_0.6910173012746815_SIZE_1_12.69_47
GEN_51_FIT_0.45138142970021716_0.5024351124828264_0.6060835091116888_SIZE_1_11.34_44
GEN_52_FIT_0.44493271222787983_0.5003514442821512_0.6004802904566265_SIZE_1_12.73_40
Stopped early in iteration 52, no improvement in 20 gens.
BENCHMARK: Evaluating in-sample:
[mlr_default: make_tuple(10.0, 16.0, 10.0, 200.0)|0.7099]
BENCHMARK:  Evaluating out-of-sample:
[GEN_52|mlr_default: make_tuple(10.0, 16.0, 10.0, 200.0)|0.7119]
START_TASK: 2079
GEN_0_FIT_0.3923445703606369_0.49663162006613254_0.6637142032412547_SIZE_1_13.0_41
GEN_1_FIT_0.45100825052602_0.51213790828289_0.7216483593835371_SIZE_1_11.31_40
GEN_2_FIT_0.4424166491188193_0.49703193104617904_0.6734215880481603_SIZE_1_13.48_40
GEN_3_FIT_0.4452015291591036_0.5012737505961399_0.747813590852241_SIZE_1_13.18_42
GEN_4_FIT_0.39271462868160134_0.4920235680425312_0.6203835924373278_SIZE_1_12.27_42
GEN_5_FIT_0.45480907281289007_0.49430266752387403_0.6306062677962077_SIZE_1_13.54_41
GEN_6_FIT_0.4275069502684172_0.49651671781582246_0.6935849128844819_SIZE_1_12.53_40
GEN_7_FIT_0.4322712101092328_0.5015243974314377_0.7422926831947242_SIZE_1_12.12_42
GEN_8_FIT_0.4571733674974123_0.5036792558362726_0.7191006692301848_SIZE_1_10.32_38
GEN_9_FIT_0.4218361547782233_0.499152512283058_0.6604639088132047_SIZE_1_11.86_40
GEN_10_FIT_0.4164343047831477_0.49606363786481794_0.7211246096664424_SIZE_1_12.75_37
GEN_11_FIT_0.4029484407304933_0.4990701326170533_0.720478206158536_SIZE_1_11.07_40
GEN_12_FIT_0.42475759462353807_0.49902588053882196_0.7342706050297114_SIZE_1_10.76_40
GEN_13_FIT_0.44192655405605025_0.4991912324998707_0.702463130581403_SIZE_1_10.63_44
GEN_14_FIT_0.42934974192318665_0.493111927491331_0.6944598087995077_SIZE_1_11.99_43
GEN_15_FIT_0.44158870547808965_0.5079555950279598_0.7451708235697849_SIZE_1_12.12_41
GEN_16_FIT_0.40926800479388703_0.5016137417027124_0.7210937369421769_SIZE_1_12.39_38
GEN_17_FIT_0.40756707579254814_0.5012760432562391_0.7512612124514938_SIZE_1_11.32_47
GEN_18_FIT_0.4517176151141395_0.4916862519807869_0.6839909149772309_SIZE_1_11.66_47
GEN_19_FIT_0.4566710081805741_0.5030025235706597_0.7164341025980635_SIZE_1_12.53_48
GEN_20_FIT_0.41158312559386906_0.5073476031619769_0.7553527042052292_SIZE_1_11.56_38
Evaluating in sample:
[GEN_20|make_tuple(11, p, 854, 386)|0.7554]
Evaluating out-of-sample:
[GEN_20|make_tuple(11, p, 854, 386)|0.6894]
GEN_21_FIT_0.39828015845176673_0.48962705608491097_0.6540321251702161_SIZE_1_13.39_41
GEN_22_FIT_0.4334409844125365_0.4965332808410428_0.7563624517511283_SIZE_1_13.6_39
GEN_23_FIT_0.4201938545980623_0.49663315418808485_0.6791102464358078_SIZE_1_12.53_40
GEN_24_FIT_0.4051612469562673_0.5071094067642467_0.7592262358703368_SIZE_1_12.04_41
GEN_25_FIT_0.4172792415409929_0.49921671596324485_0.7125374867362415_SIZE_1_11.48_40
GEN_26_FIT_0.429137285987996_0.5021803749697078_0.697219187559736_SIZE_1_12.33_39
GEN_27_FIT_0.4132902881541661_0.4985452104909458_0.6603320540593544_SIZE_1_11.75_45
GEN_28_FIT_0.4186632365217265_0.5050485494021588_0.7494334642089429_SIZE_1_10.93_38
GEN_29_FIT_0.424437547391401_0.49417356501859394_0.758886776923192_SIZE_1_12.73_37
GEN_30_FIT_0.39193928098590564_0.5050016514372228_0.7109142243434021_SIZE_1_11.51_44
GEN_31_FIT_0.4360198186905635_0.49725458117281157_0.7512646394115686_SIZE_1_11.74_40
GEN_32_FIT_0.42684556314552985_0.5032037117516047_0.7025892944699134_SIZE_1_12.42_42
GEN_33_FIT_0.40047320557096944_0.5031688566768867_0.7229181918551977_SIZE_1_12.55_40
GEN_34_FIT_0.429212996891803_0.49658162568146147_0.7125554600808139_SIZE_1_12.43_45
GEN_35_FIT_0.423307615991411_0.5045626068488079_0.7061943440249361_SIZE_1_12.56_49
GEN_36_FIT_0.3875181596549896_0.4963800196836059_0.7532241673698538_SIZE_1_11.0_40
GEN_37_FIT_0.44872907412989144_0.5018428910814032_0.7365725518052396_SIZE_1_11.78_40
GEN_38_FIT_0.3875181596549896_0.4992725517947836_0.6883509072737902_SIZE_1_11.92_39
GEN_39_FIT_0.43766988230894677_0.4942689938825624_0.6456824073870424_SIZE_1_13.13_40
GEN_40_FIT_0.4101742726523009_0.5019770186593638_0.6493865429431632_SIZE_1_13.84_42
Evaluating in sample:
[GEN_40|make_tuple(8, n, 155, n)|0.7592]
Evaluating out-of-sample:
[GEN_40|make_tuple(8, n, 155, n)|0.6783]
GEN_41_FIT_0.4237030913109964_0.5035617459230576_0.7163436523898556_SIZE_1_11.83_37
GEN_42_FIT_0.42681272917803764_0.4941639381971752_0.7193578243179396_SIZE_1_11.4_37
GEN_43_FIT_0.4569570921868363_0.5014754132550202_0.6544817038718818_SIZE_1_12.41_47
GEN_44_FIT_0.45206022762396253_0.49882081759895264_0.6165061733469941_SIZE_1_11.32_37
GEN_45_FIT_0.44192655405605025_0.4969250340671569_0.7458641379206842_SIZE_1_12.78_37
Stopped early in iteration 45, no improvement in 20 gens.
BENCHMARK: Evaluating in-sample:
[mlr_default: make_tuple(10.0, 16.0, 10.0, 200.0)|0.7101]
BENCHMARK:  Evaluating out-of-sample:
[GEN_45|mlr_default: make_tuple(10.0, 16.0, 10.0, 200.0)|0.6860]
START_TASK: 32
GEN_0_FIT_0.4251938606951325_0.49651970094556747_0.7560395201518582_SIZE_1_12.15_44
GEN_1_FIT_0.41764648866490894_0.5042946701989911_0.6733129710109289_SIZE_1_11.31_47
GEN_2_FIT_0.4570004338518752_0.5050460047459717_0.7252459821310154_SIZE_1_12.54_35
GEN_3_FIT_0.4519343693363669_0.5142614304187451_0.7199831361009417_SIZE_1_10.72_41
GEN_4_FIT_0.4025825471102741_0.5108074797194115_0.7193152699654587_SIZE_1_10.16_43
GEN_5_FIT_0.4478292649740711_0.4993352379380474_0.6722980882340744_SIZE_1_13.26_42
GEN_6_FIT_0.39568610248042274_0.5049238185909056_0.7090840675862836_SIZE_1_12.68_52
GEN_7_FIT_0.42911950244913744_0.5082985051601713_0.751478354595384_SIZE_1_11.49_43
GEN_8_FIT_0.4414329321219834_0.5008680929504745_0.6907803983040959_SIZE_1_10.58_39
GEN_9_FIT_0.40586470423475585_0.5060058463677951_0.7134270623227121_SIZE_1_11.7_39
GEN_10_FIT_0.4546768324221605_0.5077224796914793_0.7019284873719192_SIZE_1_10.55_38
GEN_11_FIT_0.44254403168942996_0.5034377392982248_0.7269394154690912_SIZE_1_9.91_42
GEN_12_FIT_0.4055607602722419_0.502156982520836_0.7146214979190966_SIZE_1_11.44_48
GEN_13_FIT_0.45955128135145656_0.49405876440242286_0.7695987157753228_SIZE_1_11.8_48
GEN_14_FIT_0.41957964051280106_0.5041324926786765_0.7178730574842681_SIZE_1_11.68_43
GEN_15_FIT_0.37789498648979736_0.4917385269197845_0.759169410240365_SIZE_1_12.99_38
GEN_16_FIT_0.4147795460696933_0.4967326839338228_0.6203682623475184_SIZE_1_13.5_41
GEN_17_FIT_0.45523558896413985_0.5062894289129739_0.7299933978824623_SIZE_1_10.84_38
GEN_18_FIT_0.44040502482634586_0.49859453084305655_0.7434430189022857_SIZE_1_11.01_42
GEN_19_FIT_0.4209864611326612_0.49592723367658353_0.6283266518049284_SIZE_1_12.13_36
GEN_20_FIT_0.3944463411266926_0.5056166089744712_0.6914176571996549_SIZE_1_13.45_38
Evaluating in sample:
[GEN_20|make_tuple(9, n, n, n)|0.7696]
Evaluating out-of-sample:
[GEN_20|make_tuple(9, n, n, n)|0.8457]
GEN_21_FIT_0.3873150912721014_0.4928177603362289_0.6246762841326996_SIZE_1_14.0_47
GEN_22_FIT_0.4431731480656021_0.49965672381481147_0.6937189809690744_SIZE_1_12.99_40
GEN_23_FIT_0.4518550721332538_0.5044433787412526_0.7465967650413636_SIZE_1_10.52_44
GEN_24_FIT_0.4327827874321791_0.4992344468192315_0.6835488661402829_SIZE_1_12.18_42
GEN_25_FIT_0.3956972154827882_0.4974508739126061_0.6769190137506188_SIZE_1_15.49_47
GEN_26_FIT_0.44827983053692894_0.49347755433744944_0.6066100485466458_SIZE_1_13.31_44
GEN_27_FIT_0.4535807669296048_0.5025009209260517_0.7412117257003246_SIZE_1_13.19_41
GEN_28_FIT_0.4421745246317322_0.5012918949772885_0.6512358840172874_SIZE_1_11.81_37
GEN_29_FIT_0.4421745246317322_0.5020447022003541_0.6956026601000186_SIZE_1_11.33_40
GEN_30_FIT_0.45294929485213625_0.49869997569540714_0.7281027705927785_SIZE_1_12.86_35
GEN_31_FIT_0.36526807787894233_0.4968512441642801_0.6854678097903293_SIZE_1_14.26_36
GEN_32_FIT_0.4124307810643864_0.4993470040015328_0.7497852345271878_SIZE_1_11.95_34
GEN_33_FIT_0.38732920683527833_0.5108900379245166_0.710214024484583_SIZE_1_10.95_36
GEN_34_FIT_0.4416634523038322_0.49867648419398186_0.6239054747134095_SIZE_1_11.07_34
Stopped early in iteration 34, no improvement in 20 gens.
BENCHMARK: Evaluating in-sample:
[mlr_default: make_tuple(10.0, 16.0, 10.0, 200.0)|0.7106]
BENCHMARK:  Evaluating out-of-sample:
[GEN_34|mlr_default: make_tuple(10.0, 16.0, 10.0, 200.0)|0.6319]
START_TASK: 31
GEN_0_FIT_0.43676173463935347_0.4952171171827365_0.7194626845315116_SIZE_1_13.56_43
GEN_1_FIT_0.4373830037225098_0.5020309538507154_0.7240668001309446_SIZE_1_9.94_38
GEN_2_FIT_0.4159884923768362_0.5098871004418906_0.7406026281240135_SIZE_1_10.82_37
GEN_3_FIT_0.43063872672640385_0.5071905448120523_0.720655266010264_SIZE_1_9.96_39
GEN_4_FIT_0.44029146920889617_0.4953513534241225_0.7446245164303821_SIZE_1_13.82_47
GEN_5_FIT_0.3938705183724457_0.49505630622890706_0.6129134681952835_SIZE_1_11.52_36
GEN_6_FIT_0.44398186393235806_0.49770360390126944_0.7491287474198735_SIZE_1_13.43_41
GEN_7_FIT_0.45214305857959414_0.499253332679617_0.7252689795819407_SIZE_1_12.59_36
GEN_8_FIT_0.4115077312707344_0.49931988925450815_0.7627146651040579_SIZE_1_14.05_40
GEN_9_FIT_0.44318581327008916_0.5034430637711726_0.7121303880920827_SIZE_1_10.69_40
GEN_10_FIT_0.4445178411112626_0.5074824647399753_0.7084099754298047_SIZE_1_10.68_42
GEN_11_FIT_0.40505103280895727_0.49962732692516987_0.7473913441637204_SIZE_1_12.61_39
GEN_12_FIT_0.427993120229875_0.500249003348212_0.6376606708589649_SIZE_1_13.19_43
GEN_13_FIT_0.4113614603780629_0.5042136277353396_0.6774434310217611_SIZE_1_10.88_36
GEN_14_FIT_0.4147986573711234_0.49815577621314416_0.7470832989280852_SIZE_1_10.92_41
GEN_15_FIT_0.4489172619270665_0.4997981643667756_0.7442954437486333_SIZE_1_13.73_37
GEN_16_FIT_0.39879533609081647_0.4974864716560661_0.6349163977879302_SIZE_1_10.94_40
GEN_17_FIT_0.4147986573711234_0.4957896042635357_0.683263054079461_SIZE_1_13.17_43
GEN_18_FIT_0.42351474049536114_0.49958267160194864_0.7489993879064557_SIZE_1_13.34_43
GEN_19_FIT_0.4250243552055922_0.49905996477033937_0.7080059990681521_SIZE_1_10.88_40
GEN_20_FIT_0.4314326848580109_0.5019190504273543_0.735912534942802_SIZE_1_10.89_37
Evaluating in sample:
[GEN_20|make_tuple(9, n, n, po)|0.7627]
Evaluating out-of-sample:
[GEN_20|make_tuple(9, n, n, po)|0.8214]
GEN_21_FIT_0.455902632228569_0.5085698465973019_0.6888811565625964_SIZE_1_11.97_40
GEN_22_FIT_0.40597659229231803_0.4977917778146857_0.6563278064613747_SIZE_1_13.13_40
GEN_23_FIT_0.40614103678972563_0.49881825426206894_0.6485023049578752_SIZE_1_11.43_37
GEN_24_FIT_0.4305519926238381_0.5056830619253978_0.6562989965007813_SIZE_1_11.21_35
GEN_25_FIT_0.4410074114109642_0.5076699127846926_0.7442991879305334_SIZE_1_11.07_38
GEN_26_FIT_0.44395669627426904_0.49592284258653757_0.5928231448248178_SIZE_1_12.01_38
GEN_27_FIT_0.45160206288965027_0.4921186682987947_0.6212997230150168_SIZE_1_12.77_49
GEN_28_FIT_0.44088772505882784_0.5018187541256409_0.7467066876617521_SIZE_1_14.36_38
GEN_29_FIT_0.4053971590530357_0.49869281405802474_0.7564832028400108_SIZE_1_12.53_40
Stopped early in iteration 29, no improvement in 20 gens.
BENCHMARK: Evaluating in-sample:
[mlr_default: make_tuple(10.0, 16.0, 10.0, 200.0)|0.7092]
BENCHMARK:  Evaluating out-of-sample:
[GEN_29|mlr_default: make_tuple(10.0, 16.0, 10.0, 200.0)|0.7922]
START_TASK: 37
GEN_0_FIT_0.41992862664394853_0.5053512111852474_0.7365356724721004_SIZE_1_13.41_38
GEN_1_FIT_0.4210445913675566_0.4984746310585444_0.6305648826895537_SIZE_1_10.77_39
GEN_2_FIT_0.4219402220609058_0.49684123867146573_0.6908297478075479_SIZE_1_12.26_37
GEN_3_FIT_0.3649798522511543_0.498712644875137_0.7573317480744485_SIZE_1_12.11_41
GEN_4_FIT_0.43246462814407444_0.4962983875693459_0.6317448864746013_SIZE_1_11.55_38
GEN_5_FIT_0.387178059097041_0.5062016678000408_0.7528216905716327_SIZE_1_11.77_39
GEN_6_FIT_0.45231590356705437_0.5087405298594833_0.7319079512890865_SIZE_1_9.63_45
GEN_7_FIT_0.43825850636970837_0.49598212481736825_0.6239235020696922_SIZE_1_12.32_38
GEN_8_FIT_0.444421551981107_0.49648996537669093_0.6848869152466832_SIZE_1_13.4_42
GEN_9_FIT_0.39063034177987643_0.5002549584821644_0.740162001113585_SIZE_1_11.2_40
GEN_10_FIT_0.4583507387941489_0.506209614454095_0.6357374123358124_SIZE_1_12.52_40
GEN_11_FIT_0.43048127158534644_0.504879707444601_0.7460100168780125_SIZE_1_12.18_34
GEN_12_FIT_0.4308505553540817_0.5036064125704438_0.6471129203665867_SIZE_1_10.42_45
GEN_13_FIT_0.39722368405704156_0.50134610330288_0.6320474201505307_SIZE_1_12.69_42
GEN_14_FIT_0.41997966517046587_0.4984989141862586_0.7257420292042447_SIZE_1_12.87_40
GEN_15_FIT_0.39191105651677605_0.4970167712482585_0.6843818070320561_SIZE_1_13.02_45
GEN_16_FIT_0.46376294876435453_0.5043500741309974_0.736195751056406_SIZE_1_12.04_38
GEN_17_FIT_0.39753009671953116_0.5098119162201358_0.7332987242797646_SIZE_1_11.36_41
GEN_18_FIT_0.43438505563271546_0.5003589948457179_0.7187612409354295_SIZE_1_12.85_44
GEN_19_FIT_0.454405678660471_0.5054825340060595_0.7017754747923929_SIZE_1_12.28_40
GEN_20_FIT_0.4342906042158716_0.5002133109214865_0.6042199804719053_SIZE_1_12.31_35
Evaluating in sample:
[GEN_20|make_tuple(9, po, 129, po)|0.7573]
Evaluating out-of-sample:
[GEN_20|make_tuple(9, po, 129, po)|0.7814]
GEN_21_FIT_0.4162737839523981_0.500483434690521_0.7351294904078598_SIZE_1_11.11_36
GEN_22_FIT_0.4580746711747029_0.496608711788172_0.5796728675328922_SIZE_1_11.13_47
GEN_23_FIT_0.42967308660640674_0.505966173172975_0.6467124623700184_SIZE_1_9.61_36
GEN_24_FIT_0.4006340844262736_0.5010458886513512_0.6717971192546696_SIZE_1_12.53_40
Stopped early in iteration 24, no improvement in 20 gens.
BENCHMARK: Evaluating in-sample:
[mlr_default: make_tuple(10.0, 16.0, 10.0, 200.0)|0.7094]
BENCHMARK:  Evaluating out-of-sample:
[GEN_24|mlr_default: make_tuple(10.0, 16.0, 10.0, 200.0)|0.7752]
START_TASK: 41
GEN_0_FIT_0.42826122733887484_0.49661564424759236_0.6965969271553013_SIZE_1_10.99_42
GEN_1_FIT_0.42210444989562207_0.4942092517305487_0.6399524224758667_SIZE_1_13.48_46
GEN_2_FIT_0.38722691410384763_0.497864089960951_0.7274224202390589_SIZE_1_12.08_42
GEN_3_FIT_0.42952082199667857_0.5090138547441682_0.745962411641551_SIZE_1_11.47_42
GEN_4_FIT_0.4472742779575961_0.5077169197049753_0.7462150245780198_SIZE_1_13.08_43
GEN_5_FIT_0.41051741110477963_0.5042864640312653_0.745874370494703_SIZE_1_11.68_43
GEN_6_FIT_0.3902033607189642_0.48620733249119275_0.5751792943567506_SIZE_1_13.15_41
GEN_7_FIT_0.4592017214077762_0.5114770642879626_0.7380184955501491_SIZE_1_12.29_36
GEN_8_FIT_0.39032095566571035_0.4942147244994574_0.6481389686505676_SIZE_1_13.11_39
GEN_9_FIT_0.4447497732276334_0.49469212238231086_0.6472815567497039_SIZE_1_12.36_38
GEN_10_FIT_0.4341069359492543_0.4994415435334527_0.6122680775035798_SIZE_1_14.14_47
GEN_11_FIT_0.4477919899445078_0.5060454500642851_0.7405306989954036_SIZE_1_11.0_37
GEN_12_FIT_0.4228630196120929_0.49525887529881424_0.5904332044904751_SIZE_1_10.98_44
GEN_13_FIT_0.4149899413697994_0.4983551872779294_0.6658979715217465_SIZE_1_12.44_39
GEN_14_FIT_0.4134816654942116_0.5001129557956934_0.6663076877924377_SIZE_1_11.65_44
GEN_15_FIT_0.37815146494237717_0.49771987102376714_0.7157411123280959_SIZE_1_10.81_39
GEN_16_FIT_0.41776610438504_0.5003909347023406_0.7366108715434603_SIZE_1_13.18_47
GEN_17_FIT_0.4456699621794018_0.4968147102679527_0.6837819596139835_SIZE_1_13.36_40
GEN_18_FIT_0.4257083607401125_0.5039615445534573_0.6998902636919824_SIZE_1_10.92_42
GEN_19_FIT_0.38658314140155076_0.499756757711314_0.7300457281441459_SIZE_1_11.45_41
GEN_20_FIT_0.4151925430026411_0.5014772145849953_0.7254114845354096_SIZE_1_11.42_40
Evaluating in sample:
[GEN_20|make_tuple(10, po, n, p)|0.7462]
Evaluating out-of-sample:
[GEN_20|make_tuple(10, po, n, p)|0.8911]
GEN_21_FIT_0.4395799114487264_0.4978136339901473_0.7454888282912238_SIZE_1_12.17_45
GEN_22_FIT_0.4482795044602434_0.5000716965741919_0.7142950049141685_SIZE_1_11.55_38
GEN_23_FIT_0.4530110206496182_0.4953956435670902_0.7434044987363425_SIZE_1_13.22_36
GEN_24_FIT_0.43947188526631387_0.49921563742159947_0.6150774391990549_SIZE_1_11.57_58
GEN_25_FIT_0.4319393847537666_0.5029408483731337_0.6448588194834416_SIZE_1_12.38_39
Stopped early in iteration 25, no improvement in 20 gens.
BENCHMARK: Evaluating in-sample:
[mlr_default: make_tuple(10.0, 16.0, 10.0, 200.0)|0.7085]
BENCHMARK:  Evaluating out-of-sample:
[GEN_25|mlr_default: make_tuple(10.0, 16.0, 10.0, 200.0)|0.8741]
START_TASK: 43
GEN_0_FIT_0.41163436587024127_0.4962845931806302_0.6546806969145722_SIZE_1_14.75_46
GEN_1_FIT_0.4251345648754561_0.49809353254398236_0.7258267559329148_SIZE_1_11.39_42
GEN_2_FIT_0.3900484452879067_0.49829199890471965_0.7518755989220183_SIZE_1_11.45_38
GEN_3_FIT_0.4452909755270438_0.4997609624413263_0.7545245371845641_SIZE_1_11.59_39
GEN_4_FIT_0.44107288170196096_0.49717903566900973_0.6752270757959307_SIZE_1_11.37_41
GEN_5_FIT_0.4133625695322427_0.4894850997320145_0.6626441616166311_SIZE_1_13.72_41
GEN_6_FIT_0.4475955047629655_0.5002812859296091_0.76159670193165_SIZE_1_13.22_37
GEN_7_FIT_0.41745387806679063_0.5018850929271467_0.697255414167686_SIZE_1_10.85_40
GEN_8_FIT_0.43825006095762864_0.5019841279124101_0.711994147472412_SIZE_1_13.03_40
GEN_9_FIT_0.42068187825586645_0.49728070728568563_0.6555737506447049_SIZE_1_12.56_38
GEN_10_FIT_0.4537897150701588_0.5086836017074232_0.7251915894414457_SIZE_1_12.53_39
GEN_11_FIT_0.423771690624097_0.49789676594930266_0.6453841036863847_SIZE_1_12.13_42
GEN_12_FIT_0.45170429414999624_0.5033234717677011_0.7398691990126252_SIZE_1_10.6_42
GEN_13_FIT_0.4437351343226439_0.49651634284629814_0.6842750252564079_SIZE_1_13.3_40
GEN_14_FIT_0.42754785115202976_0.5004934465666474_0.7517295106512436_SIZE_1_10.74_37
GEN_15_FIT_0.4099854159135391_0.504064448635191_0.6198613620000415_SIZE_1_12.01_38
GEN_16_FIT_0.4410547964865025_0.49760591318032815_0.69333797320525_SIZE_1_12.29_45
GEN_17_FIT_0.4115415935878506_0.5059272399029558_0.6787105120326956_SIZE_1_11.97_36
GEN_18_FIT_0.4483560052886525_0.5140994939742954_0.7254195378261515_SIZE_1_12.15_35
GEN_19_FIT_0.39777689383758724_0.4922768616660031_0.74658448524461_SIZE_1_13.29_45
GEN_20_FIT_0.43924146288257115_0.494374533010764_0.6925861816768728_SIZE_1_12.36_39
Evaluating in sample:
[GEN_20|make_tuple(9, m, n, 109)|0.7616]
Evaluating out-of-sample:
[GEN_20|make_tuple(9, m, n, 109)|0.6081]
GEN_21_FIT_0.4442241273166551_0.5007838791467827_0.6353311635398036_SIZE_1_11.1_45
GEN_22_FIT_0.41938948323774694_0.5000712724584913_0.6051742284855349_SIZE_1_11.14_36
GEN_23_FIT_0.4359497567568675_0.5009013288979687_0.6869987202709136_SIZE_1_10.65_43
GEN_24_FIT_0.44363420887799326_0.5062029570761455_0.7218340232292587_SIZE_1_13.3_36
GEN_25_FIT_0.4396590862053238_0.4984753167933295_0.6867124616732369_SIZE_1_11.04_54
GEN_26_FIT_0.44032219523718225_0.4985358375098245_0.6487357141029791_SIZE_1_10.53_42
GEN_27_FIT_0.4198185714706574_0.4963284600824698_0.6407096470650169_SIZE_1_11.71_41
Stopped early in iteration 27, no improvement in 20 gens.
BENCHMARK: Evaluating in-sample:
[mlr_default: make_tuple(10.0, 16.0, 10.0, 200.0)|0.7108]
BENCHMARK:  Evaluating out-of-sample:
[GEN_27|mlr_default: make_tuple(10.0, 16.0, 10.0, 200.0)|0.6069]
START_TASK: 45
GEN_0_FIT_0.41809084047737044_0.49878941565723184_0.5681163685181929_SIZE_1_10.47_43
GEN_1_FIT_0.42443681349672757_0.4967936296255027_0.6818145704303318_SIZE_1_13.28_39
GEN_2_FIT_0.4123205739631684_0.4947112877226594_0.7348537793307173_SIZE_1_12.34_39
GEN_3_FIT_0.43173031674509593_0.5009983168787154_0.7475739916238463_SIZE_1_11.65_44
GEN_4_FIT_0.4403483730155188_0.493275329141761_0.7039527326308085_SIZE_1_13.91_40
GEN_5_FIT_0.4288528635615746_0.5009966964800677_0.7035900511159365_SIZE_1_12.72_46
GEN_6_FIT_0.41124128479543304_0.5045405092713824_0.7221932272839225_SIZE_1_11.16_38
GEN_7_FIT_0.4068704704943336_0.49193787170696496_0.6461252677469193_SIZE_1_12.28_42
GEN_8_FIT_0.4435964928377963_0.5054533713157885_0.7338920071864873_SIZE_1_11.76_35
GEN_9_FIT_0.42230323313769896_0.5038738148878896_0.6921023816572267_SIZE_1_12.77_40
GEN_10_FIT_0.4444166928046291_0.5076654259180916_0.6858816488041346_SIZE_1_10.57_42
GEN_11_FIT_0.4530285282627294_0.502608713707447_0.6957051817410613_SIZE_1_11.65_39
GEN_12_FIT_0.42633033654727437_0.5013875394712985_0.6663722048842785_SIZE_1_11.83_39
GEN_13_FIT_0.4156510701839164_0.5029791016208707_0.7129882255606295_SIZE_1_11.0_38
GEN_14_FIT_0.39078450269106924_0.4996017957774715_0.7474358659356907_SIZE_1_10.69_38
GEN_15_FIT_0.3729203520845896_0.49465908765280714_0.6212477152424183_SIZE_1_12.69_51
GEN_16_FIT_0.44295756776292977_0.49272564427702437_0.6636293859798199_SIZE_1_13.5_39
GEN_17_FIT_0.4432636546301744_0.5016754653764678_0.7537686826610009_SIZE_1_12.72_36
GEN_18_FIT_0.4432636546301744_0.5054453000372088_0.7034585196858364_SIZE_1_11.89_35
GEN_19_FIT_0.43301257209666916_0.5095031667478146_0.7150452406260195_SIZE_1_10.61_35
GEN_20_FIT_0.4508247417084761_0.5025901702181451_0.7086718936653581_SIZE_1_12.17_37
Evaluating in sample:
[GEN_20|make_tuple(10, p, n, n)|0.7538]
Evaluating out-of-sample:
[GEN_20|make_tuple(10, p, n, n)|0.8480]
GEN_21_FIT_0.3963901927467747_0.504805201470645_0.7049799234933585_SIZE_1_12.23_41
GEN_22_FIT_0.3907670291050008_0.5042960548758755_0.6809123756470596_SIZE_1_12.06_42
GEN_23_FIT_0.44699370306727604_0.5062252526111796_0.7438843387617412_SIZE_1_10.91_44
GEN_24_FIT_0.4114679970065883_0.4980864966151969_0.6842421803638494_SIZE_1_13.32_41
GEN_25_FIT_0.46653137418493124_0.5064136681289297_0.6634429891475251_SIZE_1_12.48_41
GEN_26_FIT_0.4124147719347143_0.5009781294554041_0.7382026889236033_SIZE_1_11.2_36
GEN_27_FIT_0.3972981042851082_0.4995979222147164_0.7316717526893973_SIZE_1_12.57_43
GEN_28_FIT_0.4543687933597919_0.501987426077755_0.608589047084897_SIZE_1_12.46_44
GEN_29_FIT_0.40728943069591783_0.5012185817502819_0.7265303004519227_SIZE_1_12.89_42
GEN_30_FIT_0.4440474332096221_0.5105479428813817_0.7380263876279328_SIZE_1_10.67_38
GEN_31_FIT_0.43840227551839195_0.5046843672491302_0.7659401978892441_SIZE_1_10.65_41
GEN_32_FIT_0.3980866771166562_0.5069239550791113_0.6390907275852481_SIZE_1_12.01_44
GEN_33_FIT_0.44377714890435715_0.4971813390525682_0.6259986276648677_SIZE_1_12.58_42
GEN_34_FIT_0.4420583525905347_0.501517633492445_0.690061447024101_SIZE_1_10.13_43
GEN_35_FIT_0.4225470786409673_0.5008756954784753_0.6263201638483615_SIZE_1_13.86_45
GEN_36_FIT_0.44889097055344807_0.5034121518393222_0.7121898335143791_SIZE_1_12.26_43
GEN_37_FIT_0.4536249104364385_0.5081836554135609_0.7140119695702851_SIZE_1_11.01_41
GEN_38_FIT_0.421894110948311_0.506229450915401_0.7529919286707248_SIZE_1_12.27_38
GEN_39_FIT_0.4566067533860454_0.505570503438235_0.7528521723793503_SIZE_1_10.81_39
GEN_40_FIT_0.39228295878043207_0.49811449817585784_0.6714632382276704_SIZE_1_11.51_42
Evaluating in sample:
[GEN_40|make_tuple(9, m, n, n)|0.7659]
Evaluating out-of-sample:
[GEN_40|make_tuple(9, m, n, n)|0.8168]
GEN_41_FIT_0.4115660880162667_0.49715640518109006_0.6811729348879381_SIZE_1_10.86_49
GEN_42_FIT_0.43946651041035534_0.5108724458617062_0.7238851104800845_SIZE_1_10.71_40
GEN_43_FIT_0.416690074029848_0.5050682165867755_0.6572847389108203_SIZE_1_11.93_42
GEN_44_FIT_0.4088651558838494_0.5046307613481177_0.7087802164868954_SIZE_1_12.06_42
GEN_45_FIT_0.37508868730320594_0.49943144768885167_0.6877439445037752_SIZE_1_11.89_37
GEN_46_FIT_0.4196806712156938_0.49845126656385524_0.6919274938650288_SIZE_1_10.11_41
GEN_47_FIT_0.4243366639596978_0.5030230675767045_0.7175862358356336_SIZE_1_12.18_36
GEN_48_FIT_0.44397454244126905_0.5001732230969448_0.7210001628646342_SIZE_1_10.82_38
GEN_49_FIT_0.44203980515578367_0.5114698528032428_0.7227047173079483_SIZE_1_9.6_38
GEN_50_FIT_0.4151378630721849_0.5027530540182061_0.7229154613503108_SIZE_1_11.39_37
GEN_51_FIT_0.45944327483640646_0.4978478221092126_0.7493865360405959_SIZE_1_11.73_42
GEN_52_FIT_0.4434098952028689_0.5028377102076887_0.7478320561871966_SIZE_1_11.3_44
Stopped early in iteration 52, no improvement in 20 gens.
BENCHMARK: Evaluating in-sample:
[mlr_default: make_tuple(10.0, 16.0, 10.0, 200.0)|0.7108]
BENCHMARK:  Evaluating out-of-sample:
[GEN_52|mlr_default: make_tuple(10.0, 16.0, 10.0, 200.0)|0.6106]
START_TASK: 49
GEN_0_FIT_0.36409664163293826_0.5004805225879871_0.6430103551474079_SIZE_1_10.76_37
GEN_1_FIT_0.39049097903856794_0.5002893237153856_0.6471747003255538_SIZE_1_10.14_36
GEN_2_FIT_0.4383837678358825_0.4927304136908226_0.651189148176345_SIZE_1_10.48_39
GEN_3_FIT_0.3991817730794453_0.500734836266861_0.7305465240194813_SIZE_1_12.25_43
GEN_4_FIT_0.4171050287009811_0.4989715309973157_0.7350076714862267_SIZE_1_11.57_41
GEN_5_FIT_0.3891788176823281_0.4942841355848529_0.6536724101449698_SIZE_1_9.37_36
GEN_6_FIT_0.3943921839248154_0.49054362749972363_0.687737445741668_SIZE_1_13.13_37
GEN_7_FIT_0.3946857556999479_0.49339639896379095_0.7536609431418753_SIZE_1_12.1_39
GEN_8_FIT_0.4129516840753462_0.49330733583651876_0.6867801776821774_SIZE_1_12.12_42
GEN_9_FIT_0.4467485703526671_0.5099618091382816_0.7283874099132585_SIZE_1_10.2_33
GEN_10_FIT_0.4145534098989132_0.5003155187021364_0.758022315188966_SIZE_1_11.68_42
GEN_11_FIT_0.4373654740244371_0.5051078326493618_0.7290589678687689_SIZE_1_10.97_37
GEN_12_FIT_0.42628495798839566_0.4945230414645772_0.7507228615758329_SIZE_1_12.01_38
GEN_13_FIT_0.4033347430687868_0.5131556402443834_0.7271629885422097_SIZE_1_8.72_33
GEN_14_FIT_0.4356111338719631_0.4979413284844486_0.6457959402606052_SIZE_1_12.51_37
GEN_15_FIT_0.4123998024160833_0.49568395207429705_0.6342337777720385_SIZE_1_11.35_36
