Starting problem: mlr_knn
param:age_regularization:100000.0
param:algorithm:random_search
param:constants_only:False
param:cxpb:0.25
param:early_stop_n:20
param:lambda_:100
param:max_number_operators:None
param:max_start_size:3
param:mu:20
param:ngen:300
param:optimize_constants:False
param:output_file:/home/gijsbers/symbolicdefaults/runs/mlr_knn_random_search_0.log
param:problem:mlr_knn
param:subset:1.0
param:task:None
param:warm_start:False
Benchmark problems: mlr_knn
mlr_default := make_tuple(10., 16., 10., 200.)
Loading surrogates from file.
START_TASK: 3
GEN_0_FIT_0.4609993407384748_0.504241219351548_0.7357989711323724_SIZE_1_12.28_38
GEN_1_FIT_0.41810789043101715_0.5122921407032915_0.7536798410420096_SIZE_1_9.81_42
GEN_2_FIT_0.4233551819804065_0.4996697066666418_0.6633726328703792_SIZE_1_11.77_36
GEN_3_FIT_0.46384808192238913_0.5064308956820266_0.6855513265096318_SIZE_1_12.4_41
GEN_4_FIT_0.44752410859053976_0.5038367532195474_0.7377874995754095_SIZE_1_12.81_49
GEN_5_FIT_0.4276348509512533_0.5056420241884431_0.7177370972708937_SIZE_1_12.49_39
GEN_6_FIT_0.4371479886630737_0.5018650199192719_0.7469849263066779_SIZE_1_11.78_42
GEN_7_FIT_0.45976787444718303_0.5152832122579251_0.7407121190900321_SIZE_1_9.78_39
GEN_8_FIT_0.4142478141172523_0.5031436910670728_0.7401229422617138_SIZE_1_12.88_38
GEN_9_FIT_0.4347475742601583_0.5115866257092887_0.7541696756309965_SIZE_1_10.3_43
GEN_10_FIT_0.40637757264194074_0.5004508486750209_0.657866091559565_SIZE_1_10.81_39
GEN_11_FIT_0.4286458012652074_0.505163475791614_0.734846979431216_SIZE_1_12.79_37
GEN_12_FIT_0.45230100457033035_0.5127113636826283_0.7491532187493674_SIZE_1_12.68_34
GEN_13_FIT_0.41126262405634206_0.5010250521902775_0.7131840859835511_SIZE_1_11.48_39
GEN_14_FIT_0.44609896528383225_0.5074894813159866_0.6867827049484619_SIZE_1_11.41_47
GEN_15_FIT_0.4347168789712745_0.5004174671720807_0.7518434012453257_SIZE_1_13.1_35
GEN_16_FIT_0.40231753336824266_0.5087583960416948_0.7315241772453027_SIZE_1_9.57_41
GEN_17_FIT_0.4358964259749133_0.5095357797906481_0.7148026982362087_SIZE_1_9.88_34
GEN_18_FIT_0.45285483993426245_0.5068194533832443_0.6864519129718166_SIZE_1_12.79_40
GEN_19_FIT_0.459812389777035_0.5045378919221599_0.750660105356102_SIZE_1_11.41_46
GEN_20_FIT_0.4236304751718198_0.49908761419341297_0.6601975852842783_SIZE_1_10.24_35
Evaluating in sample:
[GEN_20|make_tuple(8, n, p, 950)|0.7542]
Evaluating out-of-sample:
[GEN_20|make_tuple(8, n, p, 950)|0.9094]
GEN_21_FIT_0.4615810432087785_0.5062571915689638_0.7621224821977619_SIZE_1_11.14_40
GEN_22_FIT_0.390115261311821_0.49997225222062347_0.7253688306628645_SIZE_1_11.86_49
GEN_23_FIT_0.41932094916250245_0.5046455446479449_0.7418162205545139_SIZE_1_11.9_38
GEN_24_FIT_0.44160464871251315_0.5022711570204188_0.699047076313194_SIZE_1_11.11_33
GEN_25_FIT_0.45428868535308303_0.5090832251266677_0.742169108207216_SIZE_1_11.72_38
GEN_26_FIT_0.4187906581461448_0.5024169340234592_0.6480045492659454_SIZE_1_13.36_49
GEN_27_FIT_0.4241002331341979_0.5058043276210772_0.713636329943386_SIZE_1_10.23_46
GEN_28_FIT_0.44643552710772477_0.5007740511138483_0.7428211450453369_SIZE_1_10.58_33
GEN_29_FIT_0.3758446846266053_0.505495623610783_0.7291951417841385_SIZE_1_11.38_43
GEN_30_FIT_0.3984131076964504_0.5009017546078975_0.6800292802192227_SIZE_1_11.48_38
GEN_31_FIT_0.3782318745305572_0.5002669478980595_0.7015250422122911_SIZE_1_11.6_40
GEN_32_FIT_0.4187269837574645_0.5084280223972371_0.7443506975235384_SIZE_1_13.23_50
GEN_33_FIT_0.401890215797613_0.49904311004021396_0.6307708701580205_SIZE_1_11.05_38
GEN_34_FIT_0.44296426211698653_0.5037104623912947_0.6552804681884304_SIZE_1_11.55_43
GEN_35_FIT_0.4111765931161332_0.5058942708869517_0.7427155157666975_SIZE_1_11.44_37
GEN_36_FIT_0.4252467114950774_0.5004646328804403_0.7348124779513455_SIZE_1_13.29_47
GEN_37_FIT_0.4126092455190091_0.5013132333500545_0.7241738577633118_SIZE_1_11.8_35
GEN_38_FIT_0.44649443003296596_0.4978480160151861_0.624418518135845_SIZE_1_13.67_41
GEN_39_FIT_0.4493354844015001_0.504304627882414_0.7455997211373422_SIZE_1_11.51_40
GEN_40_FIT_0.40187992315949467_0.5010782449042704_0.7313099378904058_SIZE_1_14.59_43
Evaluating in sample:
[GEN_40|make_tuple(9, 9, n, 188)|0.7621]
Evaluating out-of-sample:
[GEN_40|make_tuple(9, 9, n, 188)|0.8913]
GEN_41_FIT_0.4232371103259888_0.5028635422746677_0.7267418516107345_SIZE_1_10.44_37
GEN_42_FIT_0.44837575949896114_0.5093975754838406_0.7227313138552368_SIZE_1_13.1_39
Stopped early in iteration 42, no improvement in 20 gens.
BENCHMARK: Evaluating in-sample:
[mlr_default: make_tuple(10.0, 16.0, 10.0, 200.0)|0.7089]
BENCHMARK:  Evaluating out-of-sample:
[GEN_42|mlr_default: make_tuple(10.0, 16.0, 10.0, 200.0)|0.8316]
START_TASK: 6
GEN_0_FIT_0.4319138611007016_0.5142662817389664_0.7315554972039118_SIZE_1_12.04_41
GEN_1_FIT_0.41514547681862773_0.4925859488940381_0.6156798458475569_SIZE_1_15.29_43
GEN_2_FIT_0.4553128864507222_0.4983916729370074_0.744568240704692_SIZE_1_10.77_36
GEN_3_FIT_0.4429556161916673_0.4934974782438876_0.7127680659929296_SIZE_1_13.23_50
GEN_4_FIT_0.4340219523586337_0.5027212785436859_0.6736648312643991_SIZE_1_13.08_38
GEN_5_FIT_0.4314139047209808_0.49338425268961983_0.656183577039317_SIZE_1_11.75_35
GEN_6_FIT_0.38917609066775766_0.4999852194367731_0.7344610399795092_SIZE_1_12.91_46
GEN_7_FIT_0.41142208766424193_0.49580391649116456_0.6815512509983404_SIZE_1_12.49_49
GEN_8_FIT_0.41063841988998023_0.4970994672926227_0.6349660407051059_SIZE_1_11.24_42
GEN_9_FIT_0.38899833423755364_0.5069389124190767_0.7620707876149563_SIZE_1_12.62_52
GEN_10_FIT_0.43973643414521724_0.49928546060887463_0.7537477809943676_SIZE_1_12.09_42
GEN_11_FIT_0.4421923482755792_0.49608125484396665_0.6360809984892014_SIZE_1_13.34_40
GEN_12_FIT_0.41268558017184553_0.5022231618799445_0.7462502666139511_SIZE_1_11.14_39
GEN_13_FIT_0.4210563530182813_0.5054737969695772_0.6933308121882221_SIZE_1_12.07_37
GEN_14_FIT_0.4090752998840966_0.5006991596220415_0.697755245120981_SIZE_1_11.75_39
GEN_15_FIT_0.44906866401672213_0.5039368171037032_0.7364776480151809_SIZE_1_12.4_39
GEN_16_FIT_0.4325272771732822_0.5044469723581284_0.7378871105710343_SIZE_1_10.79_41
GEN_17_FIT_0.4000167280147319_0.49671614381745_0.7355989177813143_SIZE_1_12.26_43
GEN_18_FIT_0.4110586838721895_0.5008343744907733_0.699926280690022_SIZE_1_12.71_40
GEN_19_FIT_0.3722398615616182_0.49947199074019916_0.6523960954049196_SIZE_1_12.87_41
GEN_20_FIT_0.4429556161916673_0.5038649911240125_0.7261128663460736_SIZE_1_11.93_42
Evaluating in sample:
[GEN_20|make_tuple(9, po, 34, n)|0.7621]
Evaluating out-of-sample:
[GEN_20|make_tuple(9, po, 34, n)|0.8213]
GEN_21_FIT_0.40852974941760223_0.49984065949511947_0.7114693463670956_SIZE_1_13.22_48
GEN_22_FIT_0.42082375657892_0.5033976817752739_0.6601853730349652_SIZE_1_13.18_43
GEN_23_FIT_0.446908949663645_0.4980927553083474_0.706792883426614_SIZE_1_12.57_41
GEN_24_FIT_0.45835001806262216_0.5031554122914659_0.7123263050530477_SIZE_1_13.05_37
GEN_25_FIT_0.41118384109981093_0.4934847513866539_0.728724699677367_SIZE_1_11.21_40
GEN_26_FIT_0.41755140178688227_0.5020916225324938_0.7204856942403454_SIZE_1_11.68_41
GEN_27_FIT_0.3984404149614127_0.49876275907401185_0.7351229858109788_SIZE_1_13.44_39
GEN_28_FIT_0.4423917050213513_0.5054373631868085_0.7326724386563948_SIZE_1_12.17_41
GEN_29_FIT_0.4189721921750523_0.5006775852883713_0.7309629593156073_SIZE_1_10.96_40
GEN_30_FIT_0.44804881567841454_0.49899289460287305_0.735991876253572_SIZE_1_13.07_44
Stopped early in iteration 30, no improvement in 20 gens.
BENCHMARK: Evaluating in-sample:
[mlr_default: make_tuple(10.0, 16.0, 10.0, 200.0)|0.7098]
BENCHMARK:  Evaluating out-of-sample:
[GEN_30|mlr_default: make_tuple(10.0, 16.0, 10.0, 200.0)|0.7258]
START_TASK: 11
GEN_0_FIT_0.45453208963237396_0.5013923592650958_0.6133825411232577_SIZE_1_11.21_36
GEN_1_FIT_0.37451738979343085_0.5090379878601152_0.7023622595929155_SIZE_1_11.26_39
GEN_2_FIT_0.43599838960659715_0.5078649456604635_0.7022278571535103_SIZE_1_11.2_41
GEN_3_FIT_0.4527833991068889_0.5072724924400704_0.6806101356443895_SIZE_1_11.26_44
GEN_4_FIT_0.4587119202344821_0.502132387834593_0.6851449432045699_SIZE_1_13.47_45
GEN_5_FIT_0.4298972547269426_0.5073861486912495_0.6510894017021198_SIZE_1_12.24_39
GEN_6_FIT_0.4182291874879619_0.49750650204661084_0.6973488808592834_SIZE_1_13.54_45
GEN_7_FIT_0.4559250211070381_0.49642194419567237_0.6810703178990315_SIZE_1_12.33_41
GEN_8_FIT_0.40929674801474375_0.4953272078510077_0.6520581269790837_SIZE_1_11.53_39
GEN_9_FIT_0.44339306145995205_0.49864685573792167_0.6866572934620603_SIZE_1_11.59_42
GEN_10_FIT_0.4349278836991345_0.5024907585731593_0.7257464829136289_SIZE_1_10.63_42
GEN_11_FIT_0.42186887697890213_0.5025592198456971_0.7347306725904083_SIZE_1_12.54_43
GEN_12_FIT_0.40943422962317266_0.49290422596685013_0.6643141873692661_SIZE_1_12.28_49
GEN_13_FIT_0.39835185620108937_0.4962955922834298_0.7256055077619419_SIZE_1_12.15_40
GEN_14_FIT_0.44812481491614076_0.5048653213113691_0.74713434603905_SIZE_1_13.31_42
GEN_15_FIT_0.4055906518688295_0.5050633209971032_0.7334858558022121_SIZE_1_12.93_38
GEN_16_FIT_0.4357812940379887_0.5020179393379971_0.6583295276667328_SIZE_1_15.1_46
GEN_17_FIT_0.44305521288199146_0.5053926640109332_0.7508820605740572_SIZE_1_11.5_39
GEN_18_FIT_0.4046332503358934_0.5005908771513916_0.7195166928440714_SIZE_1_12.68_44
GEN_19_FIT_0.43572815242678226_0.5018025822258181_0.7270233450113475_SIZE_1_14.27_39
GEN_20_FIT_0.411203213154603_0.5111801338991812_0.7306396460517607_SIZE_1_10.38_40
Evaluating in sample:
[GEN_20|make_tuple(7, po, p, n)|0.7509]
Evaluating out-of-sample:
[GEN_20|make_tuple(7, po, p, n)|0.8373]
GEN_21_FIT_0.44155383387084035_0.5003546553264188_0.7215401783762595_SIZE_1_12.27_38
GEN_22_FIT_0.4383056625031625_0.5084203876317442_0.7175034108529701_SIZE_1_13.3_42
GEN_23_FIT_0.4163979237116393_0.5073062189855463_0.7237287816887574_SIZE_1_11.9_44
GEN_24_FIT_0.42183439264391775_0.5024222624714505_0.70606272575912_SIZE_1_11.68_42
GEN_25_FIT_0.4203172603997633_0.5082005171837383_0.7341219962070891_SIZE_1_10.95_40
GEN_26_FIT_0.3892376701777093_0.4969999584650299_0.6310618421452112_SIZE_1_15.33_44
GEN_27_FIT_0.42652173318926034_0.5068447051487585_0.7514462582888746_SIZE_1_11.7_42
GEN_28_FIT_0.41625604278072614_0.5005927129474892_0.7008268778515504_SIZE_1_12.93_40
GEN_29_FIT_0.3911844463226252_0.5057047783214914_0.7447997211375235_SIZE_1_12.68_39
GEN_30_FIT_0.4438107318587131_0.5046916804449514_0.7313492664206309_SIZE_1_10.72_41
GEN_31_FIT_0.456379367048578_0.5040702863506903_0.7340779892382626_SIZE_1_11.58_39
GEN_32_FIT_0.4389678762801767_0.5108359625160145_0.7130639731446672_SIZE_1_9.11_45
GEN_33_FIT_0.38138522007421766_0.5000410420868601_0.7144824831829865_SIZE_1_10.3_32
GEN_34_FIT_0.44305521288199146_0.5016279703180868_0.7119341428079481_SIZE_1_10.76_39
GEN_35_FIT_0.40986976537949565_0.49787944459095507_0.7356716924861746_SIZE_1_11.47_39
GEN_36_FIT_0.4434224665834797_0.5070071526199539_0.7513869109191847_SIZE_1_11.66_44
GEN_37_FIT_0.40609941830558344_0.5051904855020641_0.7152741636519396_SIZE_1_11.94_47
GEN_38_FIT_0.4434183315158514_0.5071090498531265_0.7413171284379818_SIZE_1_9.54_38
GEN_39_FIT_0.44339306145995205_0.49878638612673887_0.6653710259736347_SIZE_1_9.92_43
GEN_40_FIT_0.4418220564979794_0.5123700337005944_0.6935092734794771_SIZE_1_12.38_37
Evaluating in sample:
[GEN_40|make_tuple(11, p, n, n)|0.7514]
Evaluating out-of-sample:
[GEN_40|make_tuple(11, p, n, n)|0.8934]
GEN_41_FIT_0.39224854584518376_0.5050588936782194_0.7340102791601223_SIZE_1_12.11_37
GEN_42_FIT_0.4436927508887447_0.5051156655256254_0.7293064996822782_SIZE_1_11.75_40
GEN_43_FIT_0.4171657125057763_0.5060470741048733_0.7116368964756998_SIZE_1_12.56_38
GEN_44_FIT_0.4484410597044836_0.5037949611323901_0.7458204083507488_SIZE_1_11.58_43
GEN_45_FIT_0.4417036702696574_0.5030932651082469_0.7400838721242206_SIZE_1_12.62_39
GEN_46_FIT_0.3948485580344324_0.49346112549688637_0.7270747518907184_SIZE_1_14.01_42
GEN_47_FIT_0.4129907224685915_0.5036248270142535_0.6669938831279227_SIZE_1_11.03_38
GEN_48_FIT_0.40771797227556983_0.49543389643034774_0.7127177548860061_SIZE_1_14.23_40
Stopped early in iteration 48, no improvement in 20 gens.
BENCHMARK: Evaluating in-sample:
[mlr_default: make_tuple(10.0, 16.0, 10.0, 200.0)|0.7085]
BENCHMARK:  Evaluating out-of-sample:
[GEN_48|mlr_default: make_tuple(10.0, 16.0, 10.0, 200.0)|0.8758]
START_TASK: 12
GEN_0_FIT_0.38553671547147184_0.4943657888959884_0.6277966499237055_SIZE_1_10.98_41
GEN_1_FIT_0.4190080226763608_0.4953360776257857_0.6032399478022061_SIZE_1_11.29_32
GEN_2_FIT_0.42844700270960445_0.4984724573958351_0.6752419302142466_SIZE_1_12.11_38
GEN_3_FIT_0.4531595902185413_0.5097554299939787_0.7420079950116171_SIZE_1_12.44_43
GEN_4_FIT_0.38744395582561914_0.5012009420338293_0.7186388002339795_SIZE_1_12.7_44
GEN_5_FIT_0.43092854475367204_0.5024227282157289_0.7488107075995947_SIZE_1_12.76_41
GEN_6_FIT_0.42644136352318585_0.5028426481902433_0.7407711547371123_SIZE_1_11.18_43
GEN_7_FIT_0.4301763192599159_0.5025314258326781_0.7264185638480193_SIZE_1_12.45_41
GEN_8_FIT_0.4009707060091078_0.4968545016212766_0.6157700824023749_SIZE_1_11.91_39
GEN_9_FIT_0.44042554081808044_0.49962453639629495_0.6609429058864889_SIZE_1_12.03_36
GEN_10_FIT_0.3878355839307018_0.4974037979791817_0.6160609963634059_SIZE_1_11.34_36
GEN_11_FIT_0.4193008504822016_0.50486780625863_0.696479114687422_SIZE_1_10.53_35
GEN_12_FIT_0.44045494594160817_0.5052328676920614_0.7511132644959071_SIZE_1_12.26_41
GEN_13_FIT_0.4241136912243015_0.5012037230118366_0.6947687675281086_SIZE_1_12.03_43
GEN_14_FIT_0.41767320028630445_0.4929508618611794_0.6834326821898785_SIZE_1_12.67_36
GEN_15_FIT_0.43954496143248273_0.5004574149717486_0.7430734887486835_SIZE_1_11.89_39
GEN_16_FIT_0.41374920107793806_0.49825686635252014_0.6945248789411852_SIZE_1_12.72_38
GEN_17_FIT_0.44375437927568034_0.5049348278685194_0.7079779261146774_SIZE_1_11.39_37
GEN_18_FIT_0.42443888171693345_0.4979018092088129_0.7446646538784164_SIZE_1_12.26_41
GEN_19_FIT_0.4187983401899175_0.4912722168309644_0.5735958010535943_SIZE_1_13.73_45
GEN_20_FIT_0.40322783030248877_0.4998780956007158_0.726375226212303_SIZE_1_13.24_47
Evaluating in sample:
[GEN_20|make_tuple(13, p, 504, 241)|0.7511]
Evaluating out-of-sample:
[GEN_20|make_tuple(13, p, 504, 241)|0.7307]
GEN_21_FIT_0.42280766072926224_0.49656302542782704_0.6341801469726336_SIZE_1_12.29_41
GEN_22_FIT_0.4594603111270181_0.5018240114854805_0.7279573712323654_SIZE_1_11.59_35
GEN_23_FIT_0.39287992233403324_0.49072916612302064_0.6690879296540941_SIZE_1_14.71_40
GEN_24_FIT_0.40423366312437564_0.49557618453035024_0.6908408681393852_SIZE_1_11.84_38
GEN_25_FIT_0.4423470874447297_0.5073216638504721_0.7100505543161854_SIZE_1_11.3_38
GEN_26_FIT_0.38540295350445736_0.4975399869844891_0.6541449059944291_SIZE_1_10.56_41
GEN_27_FIT_0.4514560018909696_0.5123770934735068_0.7192706694673252_SIZE_1_10.37_37
GEN_28_FIT_0.45636884797791605_0.512200960942488_0.7529959148204309_SIZE_1_12.69_38
GEN_29_FIT_0.4036372694768954_0.49543546760375884_0.6387947748001865_SIZE_1_11.59_41
GEN_30_FIT_0.4399006892344451_0.49873487726923743_0.6264137283452966_SIZE_1_10.47_35
GEN_31_FIT_0.41187397675719106_0.4993359658795508_0.7146346256451971_SIZE_1_12.07_43
GEN_32_FIT_0.4381245639592087_0.49730725631324646_0.6172312578199206_SIZE_1_13.02_47
GEN_33_FIT_0.42506451142907864_0.5031277571897991_0.7479885047670921_SIZE_1_10.12_42
GEN_34_FIT_0.41711649316168997_0.49967078143442356_0.664327652305718_SIZE_1_11.88_40
GEN_35_FIT_0.44008769224011995_0.49427115426691665_0.712365118115818_SIZE_1_10.98_42
GEN_36_FIT_0.42216653755339345_0.49691940369241655_0.6191617817282205_SIZE_1_12.01_33
GEN_37_FIT_0.3972828202084634_0.500960421146266_0.7080803045731988_SIZE_1_12.72_45
GEN_38_FIT_0.3411959395241359_0.5077050802144908_0.7365278533799802_SIZE_1_10.28_39
GEN_39_FIT_0.424750766357563_0.48877956446945736_0.7160900854749467_SIZE_1_11.5_38
GEN_40_FIT_0.4413660354637665_0.5031199376035969_0.6988264123997745_SIZE_1_11.11_45
Evaluating in sample:
[GEN_40|make_tuple(8, p, n, 786)|0.7530]
Evaluating out-of-sample:
[GEN_40|make_tuple(8, p, n, 786)|0.8548]
GEN_41_FIT_0.41493131273215617_0.5052873634674375_0.7511475064393931_SIZE_1_11.97_39
GEN_42_FIT_0.44974065417240167_0.5010720768301232_0.6542129423547582_SIZE_1_11.97_39
GEN_43_FIT_0.39737883541593666_0.49363492906136697_0.6911210996278871_SIZE_1_11.52_40
GEN_44_FIT_0.41148639979177354_0.5010020234999815_0.7053252988949542_SIZE_1_11.88_39
GEN_45_FIT_0.4026656593415699_0.5038914312313384_0.7526602129150145_SIZE_1_11.12_38
GEN_46_FIT_0.44115826515641576_0.4976192522623824_0.5853919920288362_SIZE_1_12.89_43
GEN_47_FIT_0.4051025729280266_0.4951893044340683_0.7433857820827207_SIZE_1_12.66_43
GEN_48_FIT_0.4307689141223615_0.4993516467083748_0.6967646873570164_SIZE_1_11.79_36
GEN_49_FIT_0.44008769224011995_0.5056844173058509_0.6839271299091204_SIZE_1_11.92_35
Stopped early in iteration 49, no improvement in 20 gens.
BENCHMARK: Evaluating in-sample:
[mlr_default: make_tuple(10.0, 16.0, 10.0, 200.0)|0.7093]
BENCHMARK:  Evaluating out-of-sample:
[GEN_49|mlr_default: make_tuple(10.0, 16.0, 10.0, 200.0)|0.7817]
START_TASK: 14
GEN_0_FIT_0.43324554937464727_0.5026655274357849_0.6672753979703826_SIZE_1_10.93_40
GEN_1_FIT_0.3979745724195275_0.5036955322050062_0.7533214989621599_SIZE_1_12.67_38
GEN_2_FIT_0.41345854592505515_0.5028102864962443_0.7340691103932644_SIZE_1_11.82_37
GEN_3_FIT_0.43563583321776267_0.4950858229465456_0.7072277906275736_SIZE_1_10.95_39
GEN_4_FIT_0.4408538336126186_0.5102660602131731_0.7310572020838912_SIZE_1_11.53_40
GEN_5_FIT_0.4404865799111304_0.5030378952663185_0.6109652578738736_SIZE_1_9.72_34
GEN_6_FIT_0.4562915973875164_0.5007874880215543_0.7177511509911519_SIZE_1_12.93_39
GEN_7_FIT_0.42546759094864317_0.5029813781569736_0.7441747585496488_SIZE_1_11.46_42
GEN_8_FIT_0.38989120909654934_0.5007814456970162_0.6699687177657966_SIZE_1_12.86_39
GEN_9_FIT_0.45021578915393057_0.5147258835213254_0.7595769473032732_SIZE_1_10.18_39
GEN_10_FIT_0.4398220865424542_0.5008940875619006_0.7019957203101239_SIZE_1_13.06_40
GEN_11_FIT_0.4509431621582115_0.5001795376959128_0.5991483833919388_SIZE_1_12.49_46
GEN_12_FIT_0.44099577407217205_0.5093195039555112_0.7226211558648116_SIZE_1_11.77_38
GEN_13_FIT_0.4199980177015951_0.5010017175610026_0.725525694169461_SIZE_1_11.32_40
GEN_14_FIT_0.4269998744263352_0.5112189186252923_0.7119978658702437_SIZE_1_11.99_40
GEN_15_FIT_0.43292175464393323_0.5047957320333331_0.6718255756697364_SIZE_1_11.95_47
GEN_16_FIT_0.4024207501871258_0.49222445569044254_0.5670095994898534_SIZE_1_11.76_41
GEN_17_FIT_0.448816584625282_0.4936097835910826_0.6000272498551036_SIZE_1_12.92_34
GEN_18_FIT_0.4535499672480448_0.5018712905094305_0.7243078036631265_SIZE_1_11.9_38
GEN_19_FIT_0.3790854049728123_0.5011110740698317_0.7525857342065079_SIZE_1_13.24_38
GEN_20_FIT_0.4034733069759404_0.507988361378327_0.7213360374669564_SIZE_1_11.13_37
Evaluating in sample:
[GEN_20|make_tuple(7, n, 531, n)|0.7596]
Evaluating out-of-sample:
[GEN_20|make_tuple(7, n, 531, n)|0.7639]
GEN_21_FIT_0.4283534228103002_0.5056576015399131_0.6963071870378915_SIZE_1_11.47_41
GEN_22_FIT_0.39200761409299306_0.49783574599047825_0.7371227578775146_SIZE_1_12.85_39
GEN_23_FIT_0.433982916616368_0.49813404977761644_0.7397603143896179_SIZE_1_13.33_38
GEN_24_FIT_0.4404865799111304_0.501585663536358_0.6425107365680384_SIZE_1_11.12_38
GEN_25_FIT_0.41453464401611245_0.5042496525686427_0.7279612791747834_SIZE_1_12.33_44
GEN_26_FIT_0.427305549602447_0.49946644830115233_0.7591704075019616_SIZE_1_11.36_36
GEN_27_FIT_0.4550347732981117_0.5038341014212293_0.7163173974277791_SIZE_1_12.23_53
GEN_28_FIT_0.4424341025700494_0.5067378350198428_0.7174291202851132_SIZE_1_13.3_40
GEN_29_FIT_0.46202504122272525_0.5117487616399405_0.7485739057055123_SIZE_1_11.79_41
GEN_30_FIT_0.4043958410976913_0.501003358785362_0.7276274696589874_SIZE_1_12.92_43
Stopped early in iteration 30, no improvement in 20 gens.
BENCHMARK: Evaluating in-sample:
[mlr_default: make_tuple(10.0, 16.0, 10.0, 200.0)|0.7097]
BENCHMARK:  Evaluating out-of-sample:
[GEN_30|mlr_default: make_tuple(10.0, 16.0, 10.0, 200.0)|0.7374]
START_TASK: 15
GEN_0_FIT_0.44086241446254615_0.4963160946189747_0.7502385631666628_SIZE_1_12.74_40
GEN_1_FIT_0.434456682636699_0.509356991042508_0.7533063036840645_SIZE_1_10.28_38
GEN_2_FIT_0.4455278082361372_0.505137262591593_0.6908594159050199_SIZE_1_12.73_43
GEN_3_FIT_0.40436060279582825_0.5011706723846328_0.718926292040992_SIZE_1_13.86_43
GEN_4_FIT_0.4172795026277142_0.5063229094646844_0.7374527538185147_SIZE_1_12.44_38
GEN_5_FIT_0.3979143579969964_0.5068721991880085_0.7480831453868396_SIZE_1_9.51_41
GEN_6_FIT_0.4022710182296251_0.49452796417790423_0.7201112506638451_SIZE_1_14.42_49
GEN_7_FIT_0.4342871046790413_0.5017196067890866_0.7178770021603086_SIZE_1_12.51_36
GEN_8_FIT_0.403419891816878_0.5007593483976053_0.7501417456125569_SIZE_1_11.77_41
GEN_9_FIT_0.3898070070548705_0.5044276394869973_0.633215110543938_SIZE_1_12.64_44
GEN_10_FIT_0.4444133653684084_0.5005853791709484_0.7433459179373857_SIZE_1_13.19_43
GEN_11_FIT_0.3926632707009906_0.5029598227985934_0.7260343204088042_SIZE_1_11.99_46
GEN_12_FIT_0.40421430366181876_0.4945958837107527_0.768810344637085_SIZE_1_13.0_42
GEN_13_FIT_0.3937595205390107_0.4982513572759759_0.7254449956220917_SIZE_1_11.7_41
GEN_14_FIT_0.41345864463748233_0.5028155970909649_0.7544334226835913_SIZE_1_11.8_36
GEN_15_FIT_0.3980026008026886_0.5012667518964949_0.7107881712844416_SIZE_1_11.07_45
GEN_16_FIT_0.4082266966567207_0.49655274003234934_0.6776647856725591_SIZE_1_11.52_36
GEN_17_FIT_0.4148677528047284_0.5134475425426834_0.7446987933381578_SIZE_1_12.75_48
GEN_18_FIT_0.4208485324335376_0.4969765209889272_0.6820122568861823_SIZE_1_10.76_41
GEN_19_FIT_0.404568335761386_0.49969344512252_0.7210198741471474_SIZE_1_12.73_44
GEN_20_FIT_0.39465777146476405_0.4982831514498903_0.7457125591747429_SIZE_1_12.48_40
Evaluating in sample:
[GEN_20|make_tuple(9, p, n, n)|0.7688]
Evaluating out-of-sample:
[GEN_20|make_tuple(9, p, n, n)|0.7957]
GEN_21_FIT_0.4291302171317588_0.49834749580792953_0.6291192226297608_SIZE_1_11.68_39
GEN_22_FIT_0.4203952861031134_0.5012643321785554_0.6676031956927746_SIZE_1_11.58_42
GEN_23_FIT_0.44376503771599884_0.5062324131079606_0.757878774764327_SIZE_1_12.08_38
GEN_24_FIT_0.450451953228154_0.5042072446147916_0.680356156496506_SIZE_1_10.97_40
GEN_25_FIT_0.4476706726273707_0.5007093193010771_0.7565363784699445_SIZE_1_14.28_51
GEN_26_FIT_0.4161141827176596_0.5073977477170291_0.7477387666524551_SIZE_1_11.22_38
GEN_27_FIT_0.45376159464263555_0.5033614687488044_0.7161025988709862_SIZE_1_12.01_38
GEN_28_FIT_0.41559391719307226_0.5053139898105481_0.7112442021535423_SIZE_1_11.98_37
GEN_29_FIT_0.4230864239938205_0.5069097154485257_0.7467408107908863_SIZE_1_13.1_42
GEN_30_FIT_0.4151178399001805_0.5055252738552937_0.6897754372360987_SIZE_1_11.85_38
GEN_31_FIT_0.4375426959288447_0.5025309284309256_0.7092759613531088_SIZE_1_12.01_45
GEN_32_FIT_0.43086639912593344_0.507689071900828_0.7450559578112764_SIZE_1_13.61_44
GEN_33_FIT_0.43682505973252095_0.497809418000162_0.6901377458510479_SIZE_1_13.63_47
Stopped early in iteration 33, no improvement in 20 gens.
BENCHMARK: Evaluating in-sample:
[mlr_default: make_tuple(10.0, 16.0, 10.0, 200.0)|0.7103]
BENCHMARK:  Evaluating out-of-sample:
[GEN_33|mlr_default: make_tuple(10.0, 16.0, 10.0, 200.0)|0.6722]
START_TASK: 16
GEN_0_FIT_0.4406300705878276_0.5007110596473761_0.6802627995836958_SIZE_1_11.22_37
GEN_1_FIT_0.4383743208831559_0.4990400888755734_0.7476476145789915_SIZE_1_12.44_45
GEN_2_FIT_0.4213483684458457_0.5085177525545855_0.7182922353312606_SIZE_1_11.29_38
GEN_3_FIT_0.45620729888973466_0.49969161323590616_0.7440768928334371_SIZE_1_12.21_45
GEN_4_FIT_0.4397494912022299_0.497447121689255_0.6427078606422364_SIZE_1_10.83_40
GEN_5_FIT_0.4443856443564061_0.49860571979646473_0.6621759800027922_SIZE_1_11.63_37
GEN_6_FIT_0.4001393086430137_0.4955021893987254_0.7020562785059342_SIZE_1_12.66_40
GEN_7_FIT_0.3967594757791099_0.49632689902633637_0.6668979582344394_SIZE_1_12.45_44
GEN_8_FIT_0.44028168182541383_0.502194899037706_0.73351968373451_SIZE_1_12.8_42
GEN_9_FIT_0.38239206925183106_0.4994040896027183_0.6594876829225228_SIZE_1_12.81_41
GEN_10_FIT_0.4245943204701026_0.5035141803737057_0.7165598951425858_SIZE_1_13.24_40
GEN_11_FIT_0.3998119689659774_0.4935793890345737_0.7014346746775197_SIZE_1_11.61_41
GEN_12_FIT_0.4142605117905353_0.5021536166143634_0.7439992065303374_SIZE_1_12.39_39
GEN_13_FIT_0.39985097373839323_0.5056526860296464_0.7392223827513896_SIZE_1_11.88_41
GEN_14_FIT_0.438517078237077_0.5038113676025313_0.7086497595731491_SIZE_1_12.71_43
GEN_15_FIT_0.4007608281895601_0.4982727819974167_0.6799244183711383_SIZE_1_10.73_38
GEN_16_FIT_0.4230734229260483_0.49291262023255533_0.7392962654933697_SIZE_1_12.17_40
GEN_17_FIT_0.4321871267346942_0.49970113993068693_0.7502720527005289_SIZE_1_12.47_36
GEN_18_FIT_0.4474802937632679_0.5119354361180706_0.7259392882900815_SIZE_1_10.28_40
GEN_19_FIT_0.41415788945388315_0.5011943071824251_0.718744669880549_SIZE_1_11.83_46
GEN_20_FIT_0.4221589290545501_0.498622958442428_0.6991817705770772_SIZE_1_12.21_38
Evaluating in sample:
[GEN_20|make_tuple(8, m, n, 238)|0.7503]
Evaluating out-of-sample:
[GEN_20|make_tuple(8, m, n, 238)|0.8356]
GEN_21_FIT_0.4445355291190939_0.5110454566245672_0.7456818690147534_SIZE_1_11.01_39
GEN_22_FIT_0.4248067004508523_0.4969383403132259_0.5750054540628595_SIZE_1_11.68_39
GEN_23_FIT_0.4406300705878276_0.5042023792725124_0.7314642668690756_SIZE_1_11.38_42
GEN_24_FIT_0.4410215413237763_0.5024324046524867_0.7558458287037825_SIZE_1_12.51_46
GEN_25_FIT_0.4351034463296556_0.503694550296236_0.7470043323773403_SIZE_1_12.2_41
GEN_26_FIT_0.39786304665692773_0.4960654952289233_0.6590747575604128_SIZE_1_12.79_43
GEN_27_FIT_0.41148338831050124_0.4975212564492346_0.6882584485050925_SIZE_1_11.89_44
GEN_28_FIT_0.442170803974326_0.4916003101758671_0.7111247032262464_SIZE_1_12.8_41
GEN_29_FIT_0.4242474856692004_0.5053510697890088_0.7475459344453849_SIZE_1_11.43_38
GEN_30_FIT_0.4557740165303053_0.5107124113516055_0.7294398838776178_SIZE_1_11.69_43
GEN_31_FIT_0.40910805832131114_0.4976179409435093_0.7515685240873486_SIZE_1_11.18_38
GEN_32_FIT_0.4404788196447944_0.498794463032377_0.6595392940009344_SIZE_1_11.6_46
GEN_33_FIT_0.45133305634497695_0.5086701143097144_0.7202878367731903_SIZE_1_12.38_40
GEN_34_FIT_0.4289024361664409_0.5014627459797256_0.6770611009728548_SIZE_1_13.82_42
GEN_35_FIT_0.44576839018267045_0.4940731723726142_0.5722609490930461_SIZE_1_11.21_46
GEN_36_FIT_0.4293261172717719_0.49441226506606_0.6743256319038653_SIZE_1_13.12_39
GEN_37_FIT_0.42761175554441366_0.5003545924427044_0.7367195993125921_SIZE_1_11.46_46
GEN_38_FIT_0.43134484077024426_0.5052648583686906_0.7163967669424127_SIZE_1_12.05_40
GEN_39_FIT_0.45048035839566486_0.509022291739306_0.7513775172629529_SIZE_1_11.92_41
GEN_40_FIT_0.41001042903631135_0.498526137475066_0.6915858734367409_SIZE_1_13.51_42
Evaluating in sample:
[GEN_40|make_tuple(7, n, po, n)|0.7558]
Evaluating out-of-sample:
[GEN_40|make_tuple(7, n, po, n)|0.8048]
GEN_41_FIT_0.4007608281895601_0.502786889804618_0.7131171100312672_SIZE_1_12.29_45
GEN_42_FIT_0.4011648897154747_0.4998070000351679_0.6408639767689673_SIZE_1_12.89_38
GEN_43_FIT_0.41148338831050124_0.4996007137539866_0.6262252554139112_SIZE_1_8.89_41
GEN_44_FIT_0.43073548798825284_0.4989651412974127_0.6865181680223567_SIZE_1_12.52_47
GEN_45_FIT_0.42289198536973016_0.4953398987943081_0.5964085490443455_SIZE_1_13.4_45
Stopped early in iteration 45, no improvement in 20 gens.
BENCHMARK: Evaluating in-sample:
[mlr_default: make_tuple(10.0, 16.0, 10.0, 200.0)|0.7092]
BENCHMARK:  Evaluating out-of-sample:
[GEN_45|mlr_default: make_tuple(10.0, 16.0, 10.0, 200.0)|0.7956]
START_TASK: 18
GEN_0_FIT_0.39181682549242036_0.4991883027064867_0.7537596581984841_SIZE_1_13.46_39
GEN_1_FIT_0.3954216074137239_0.4939906552722166_0.7266841931989215_SIZE_1_14.77_45
GEN_2_FIT_0.44359468838792093_0.502253398095556_0.6529390991970144_SIZE_1_11.84_35
GEN_3_FIT_0.443417057319485_0.496460862285766_0.6850500916597169_SIZE_1_12.9_41
GEN_4_FIT_0.4443575331177195_0.5026435716298654_0.6734720074982267_SIZE_1_12.26_36
GEN_5_FIT_0.4285046346572054_0.5018041855627845_0.5968565798044152_SIZE_1_11.48_36
GEN_6_FIT_0.3930789067494828_0.49745460654854573_0.7254591863310738_SIZE_1_13.94_41
GEN_7_FIT_0.401121190927965_0.4932804701525192_0.569282508545501_SIZE_1_13.79_35
GEN_8_FIT_0.42537361963978393_0.49712764775007473_0.6862464484473821_SIZE_1_12.14_39
GEN_9_FIT_0.44578852441973976_0.5049790641504406_0.7168763238727069_SIZE_1_11.79_35
GEN_10_FIT_0.40319328528033227_0.5032657045075234_0.7163003245693993_SIZE_1_11.11_44
GEN_11_FIT_0.44405812978723286_0.5045846228615235_0.6875089991787569_SIZE_1_11.53_44
GEN_12_FIT_0.4054696069100798_0.49788869438715966_0.7076689257025759_SIZE_1_10.9_47
GEN_13_FIT_0.44376456773319434_0.5016801661951685_0.6832038706370931_SIZE_1_11.97_45
GEN_14_FIT_0.4422496155136623_0.4972436419007401_0.7134616736609373_SIZE_1_11.32_42
GEN_15_FIT_0.4053678051401709_0.5105648689529962_0.716574306760051_SIZE_1_9.95_42
GEN_16_FIT_0.46087078506996215_0.5019571207131667_0.711304468343019_SIZE_1_13.11_39
GEN_17_FIT_0.4057312558275596_0.5047829110176649_0.7002220599938451_SIZE_1_12.03_41
GEN_18_FIT_0.412674823215163_0.5021547507103401_0.7090182373311745_SIZE_1_13.65_41
GEN_19_FIT_0.40360718183717276_0.49549658026399257_0.6187172745889956_SIZE_1_12.86_49
GEN_20_FIT_0.4652565701450248_0.501786384824498_0.6295011444682472_SIZE_1_11.18_39
Evaluating in sample:
[GEN_20|make_tuple(12, n, n, 348)|0.7538]
Evaluating out-of-sample:
[GEN_20|make_tuple(12, n, n, 348)|0.6189]
GEN_21_FIT_0.43721941659225727_0.4984998467732954_0.7343316823112223_SIZE_1_12.65_45
Stopped early in iteration 21, no improvement in 20 gens.
BENCHMARK: Evaluating in-sample:
[mlr_default: make_tuple(10.0, 16.0, 10.0, 200.0)|0.7122]
BENCHMARK:  Evaluating out-of-sample:
[GEN_21|mlr_default: make_tuple(10.0, 16.0, 10.0, 200.0)|0.4478]
START_TASK: 22
GEN_0_FIT_0.44027346986663607_0.5032271749047513_0.6888540930164195_SIZE_1_11.53_42
GEN_1_FIT_0.39279678674137886_0.5074565118031673_0.7550047985441668_SIZE_1_9.75_39
GEN_2_FIT_0.4030305844425853_0.4994091143297772_0.6872853033915473_SIZE_1_12.95_37
GEN_3_FIT_0.42007080465710983_0.5079315746467674_0.7319348209325169_SIZE_1_11.49_37
GEN_4_FIT_0.4227144324455497_0.5038750698603185_0.6587067570757934_SIZE_1_12.53_39
GEN_5_FIT_0.40855539506875105_0.5040305024820594_0.6635324423430904_SIZE_1_13.04_45
GEN_6_FIT_0.4005480528532787_0.49999898050347413_0.7497444420879661_SIZE_1_12.14_45
GEN_7_FIT_0.4354688942541488_0.510655696158266_0.7511905040836069_SIZE_1_12.4_44
GEN_8_FIT_0.3939590519537389_0.5012458018966996_0.6989213535554514_SIZE_1_11.22_38
GEN_9_FIT_0.423012448366372_0.5038880990118776_0.6453152381238126_SIZE_1_11.99_43
GEN_10_FIT_0.3652445537810778_0.4966086043962121_0.6357721980532721_SIZE_1_12.11_38
GEN_11_FIT_0.4533302729795804_0.5040423980234752_0.613231209691732_SIZE_1_10.58_39
GEN_12_FIT_0.41988241024592077_0.49819427836435787_0.7101085326232826_SIZE_1_12.57_47
GEN_13_FIT_0.41949012810631764_0.5051516924118847_0.750014924429548_SIZE_1_12.53_41
GEN_14_FIT_0.40099033211637214_0.5034822201072052_0.7202034043770176_SIZE_1_14.01_44
GEN_15_FIT_0.402241462780379_0.5026784287769357_0.7338067652458823_SIZE_1_11.99_46
GEN_16_FIT_0.39942277725908043_0.5009834205443789_0.7585180774884595_SIZE_1_11.22_44
GEN_17_FIT_0.3853886982433142_0.5016822222957977_0.6467635396835746_SIZE_1_9.88_35
GEN_18_FIT_0.4383829951857366_0.5160731995736056_0.7012566127460143_SIZE_1_11.4_46
GEN_19_FIT_0.4085672968428728_0.5050721533241542_0.7013143278086675_SIZE_1_13.31_39
GEN_20_FIT_0.3723691340167472_0.49597414678850676_0.6549170986011382_SIZE_1_13.18_39
Evaluating in sample:
[GEN_20|make_tuple(9, po, n, po)|0.7585]
Evaluating out-of-sample:
[GEN_20|make_tuple(9, po, n, po)|0.7368]
GEN_21_FIT_0.44035426446950904_0.5003999982547607_0.6083761482076794_SIZE_1_12.04_39
GEN_22_FIT_0.44016293821702357_0.5065997376680762_0.7203583397566742_SIZE_1_11.79_41
GEN_23_FIT_0.44027346986663607_0.5028826495100696_0.7154556212864845_SIZE_1_10.88_37
GEN_24_FIT_0.44653006925009137_0.5028214738218503_0.6661752024933957_SIZE_1_12.07_42
GEN_25_FIT_0.4470750543918793_0.5023318963695863_0.7141590975746721_SIZE_1_11.62_39
GEN_26_FIT_0.41571200708896333_0.5001636053277878_0.7473203224555997_SIZE_1_12.28_43
GEN_27_FIT_0.40747963007938903_0.5021842410265325_0.6908129689412882_SIZE_1_11.3_45
GEN_28_FIT_0.4352685517341239_0.5018865984449291_0.6906054968261829_SIZE_1_10.89_38
GEN_29_FIT_0.44045102640020223_0.5064437818807767_0.6764432327172067_SIZE_1_12.24_40
GEN_30_FIT_0.4087211706853217_0.4969215037911025_0.7065945634798829_SIZE_1_13.05_39
GEN_31_FIT_0.4536655215912929_0.49837174288734615_0.6546898703179063_SIZE_1_13.44_40
GEN_32_FIT_0.43534166330978397_0.503007638463727_0.7357427428438419_SIZE_1_12.38_47
GEN_33_FIT_0.41089543011027385_0.49444277422656_0.5730563795230034_SIZE_1_12.6_37
GEN_34_FIT_0.44388227193848045_0.5028937118341285_0.6792142533169193_SIZE_1_13.46_41
GEN_35_FIT_0.4152877585426415_0.49891302319695735_0.7668683756962292_SIZE_1_12.77_36
GEN_36_FIT_0.459700306487073_0.5010764377735895_0.713594578395564_SIZE_1_11.8_41
GEN_37_FIT_0.38754712473260716_0.5023424753183374_0.6723692733163249_SIZE_1_13.3_45
GEN_38_FIT_0.4216129418902497_0.5028737813550987_0.6998567799563608_SIZE_1_10.16_43
GEN_39_FIT_0.3945076958427461_0.5004275540679702_0.694994213949041_SIZE_1_13.77_41
GEN_40_FIT_0.40628596181999266_0.5022941645578546_0.7120942709403046_SIZE_1_12.39_39
Evaluating in sample:
[GEN_40|make_tuple(9, p, p, 730)|0.7669]
Evaluating out-of-sample:
[GEN_40|make_tuple(9, p, p, 730)|0.7021]
GEN_41_FIT_0.44027346986663607_0.49610469608729274_0.6765384028518099_SIZE_1_11.71_38
GEN_42_FIT_0.41727944281409873_0.5015106410630711_0.7175229465748807_SIZE_1_11.95_38
GEN_43_FIT_0.4134137109933174_0.5036383902595363_0.7283732084805344_SIZE_1_12.79_39
GEN_44_FIT_0.4634260126465947_0.5010606048393418_0.7221730202268348_SIZE_1_11.99_40
GEN_45_FIT_0.4063383903536531_0.5055374684298902_0.7619129828324334_SIZE_1_11.31_45
GEN_46_FIT_0.4196395237826113_0.5003706777500792_0.5966997973701799_SIZE_1_12.04_40
GEN_47_FIT_0.451218456186629_0.49789350081588_0.7167106370255782_SIZE_1_13.27_47
GEN_48_FIT_0.37851020470551017_0.5036829764595878_0.66924818731418_SIZE_1_11.76_44
GEN_49_FIT_0.41861154347703183_0.508525159489064_0.7091881969360816_SIZE_1_11.06_39
GEN_50_FIT_0.39517824503021876_0.505790686066184_0.7150176158985404_SIZE_1_10.7_38
GEN_51_FIT_0.38802695132161763_0.5011293863146411_0.6633891935914569_SIZE_1_12.11_40
GEN_52_FIT_0.414693362203664_0.4986898520821981_0.6455708780102762_SIZE_1_12.65_37
GEN_53_FIT_0.4423632926367915_0.5096602028043842_0.7187940923158154_SIZE_1_11.34_39
GEN_54_FIT_0.421431087434673_0.5019967892140336_0.6514878991560256_SIZE_1_12.71_44
GEN_55_FIT_0.39774827336013013_0.49302161422629404_0.6386687235322851_SIZE_1_12.87_38
GEN_56_FIT_0.4498881258755303_0.5075451296346976_0.722144153688057_SIZE_1_11.82_37
Stopped early in iteration 56, no improvement in 20 gens.
BENCHMARK: Evaluating in-sample:
[mlr_default: make_tuple(10.0, 16.0, 10.0, 200.0)|0.7092]
BENCHMARK:  Evaluating out-of-sample:
[GEN_56|mlr_default: make_tuple(10.0, 16.0, 10.0, 200.0)|0.7930]
START_TASK: 23
GEN_0_FIT_0.40786976441643724_0.5051511086748003_0.7550788687933571_SIZE_1_11.95_37
GEN_1_FIT_0.44630378609894433_0.5044248271456919_0.6905572357178213_SIZE_1_14.16_40
GEN_2_FIT_0.4154034843082519_0.5010469961254775_0.7247164851529256_SIZE_1_10.83_36
GEN_3_FIT_0.4181888614598219_0.4950634466875378_0.6134777178538844_SIZE_1_12.25_38
GEN_4_FIT_0.4258817066714846_0.49856985918727376_0.6974126588123347_SIZE_1_11.13_42
GEN_5_FIT_0.4014180116272817_0.4996433960459957_0.7690611049064056_SIZE_1_12.58_43
GEN_6_FIT_0.43687670241764254_0.5032134245613887_0.6959155278884737_SIZE_1_13.12_48
GEN_7_FIT_0.446797347707207_0.500847475449633_0.7414431347854058_SIZE_1_13.75_41
GEN_8_FIT_0.4454835115840065_0.5022071835651156_0.7341578087094616_SIZE_1_12.23_36
GEN_9_FIT_0.45442226002159913_0.5087283350072446_0.710041060339454_SIZE_1_12.58_48
GEN_10_FIT_0.4435641164019686_0.4965121846832888_0.6753445345875145_SIZE_1_12.47_45
GEN_11_FIT_0.4428848499797782_0.5044756770406531_0.7177119106135169_SIZE_1_12.41_46
GEN_12_FIT_0.4088859002919052_0.4969784689652807_0.5876553448819105_SIZE_1_9.75_34
GEN_13_FIT_0.39030763841122046_0.49519366974530726_0.6399593169745545_SIZE_1_13.45_43
GEN_14_FIT_0.42236937245122014_0.5091004729113205_0.7521356165289169_SIZE_1_12.02_40
GEN_15_FIT_0.44172549201099537_0.5040059818464128_0.6901168923662656_SIZE_1_12.33_34
GEN_16_FIT_0.4015680284166034_0.505167291974033_0.7467730711727003_SIZE_1_12.14_43
GEN_17_FIT_0.4451269568974383_0.49832182902729694_0.7050729962424026_SIZE_1_15.29_44
GEN_18_FIT_0.4336572401917711_0.4999998159691892_0.738903038046096_SIZE_1_10.83_36
GEN_19_FIT_0.4458702847044299_0.4997890100208545_0.5880084117290343_SIZE_1_13.03_42
GEN_20_FIT_0.43075408586878866_0.49733859138080516_0.7318860087431638_SIZE_1_10.12_40
Evaluating in sample:
[GEN_20|make_tuple(9, n, p, n)|0.7691]
Evaluating out-of-sample:
[GEN_20|make_tuple(9, n, p, n)|0.7091]
GEN_21_FIT_0.39361024355830954_0.4977467637222183_0.6901011702661889_SIZE_1_10.94_34
GEN_22_FIT_0.4432545911568957_0.5026147855608829_0.746054092444632_SIZE_1_12.71_35
GEN_23_FIT_0.4353149253268538_0.5093458575822071_0.7274380783387455_SIZE_1_10.54_40
GEN_24_FIT_0.4528052208482269_0.5011483291518003_0.7026317176707646_SIZE_1_11.69_42
GEN_25_FIT_0.3902081749958904_0.4999577764241532_0.7373774004597473_SIZE_1_11.23_43
GEN_26_FIT_0.43791198579779317_0.49261930736659415_0.6823071060302242_SIZE_1_14.16_45
Stopped early in iteration 26, no improvement in 20 gens.
BENCHMARK: Evaluating in-sample:
[mlr_default: make_tuple(10.0, 16.0, 10.0, 200.0)|0.7106]
BENCHMARK:  Evaluating out-of-sample:
[GEN_26|mlr_default: make_tuple(10.0, 16.0, 10.0, 200.0)|0.6374]
START_TASK: 24
GEN_0_FIT_0.4090830245188319_0.5011935157097406_0.719207280501774_SIZE_1_12.2_36
GEN_1_FIT_0.41872085560268785_0.5087576279826151_0.7582880743965463_SIZE_1_10.17_39
GEN_2_FIT_0.4279108206638964_0.4990020820732123_0.6874474181154488_SIZE_1_10.31_37
GEN_3_FIT_0.4181358808678113_0.5012725493542862_0.7500454478985161_SIZE_1_11.74_40
GEN_4_FIT_0.4071701191164258_0.4944575926925578_0.6049927360290356_SIZE_1_12.92_39
GEN_5_FIT_0.4339772426927459_0.5015314438572885_0.6544670133228774_SIZE_1_10.84_41
GEN_6_FIT_0.3923015847562874_0.49434082304141574_0.6926476995542084_SIZE_1_12.24_41
GEN_7_FIT_0.3976683184636476_0.5016547479531098_0.7109358944033498_SIZE_1_12.86_37
GEN_8_FIT_0.38988776678242665_0.4964123646317679_0.6309258629144239_SIZE_1_12.45_46
GEN_9_FIT_0.40582694886293236_0.5039663255582095_0.6441128677818221_SIZE_1_13.45_36
GEN_10_FIT_0.3944236396772767_0.49899126168877855_0.7486524224246847_SIZE_1_12.32_46
GEN_11_FIT_0.41196584681730275_0.49455498181772933_0.6064406713945317_SIZE_1_12.37_38
GEN_12_FIT_0.443845797443555_0.49835834801292433_0.6960145095291963_SIZE_1_12.36_38
GEN_13_FIT_0.42346634492332036_0.497250756065078_0.725221540806531_SIZE_1_13.14_40
GEN_14_FIT_0.38982254510586106_0.49534752772814483_0.587080306175699_SIZE_1_10.4_41
GEN_15_FIT_0.42782957120646675_0.5030064566320541_0.7012412835046101_SIZE_1_10.58_39
GEN_16_FIT_0.4314971510339711_0.5032503350295774_0.7449838096523809_SIZE_1_11.74_37
GEN_17_FIT_0.4414887132857352_0.5137849139822833_0.7259103490473441_SIZE_1_11.6_38
GEN_18_FIT_0.4222850824751209_0.5009507528322036_0.7415834630155881_SIZE_1_12.25_41
GEN_19_FIT_0.4579686340682094_0.5033811916612521_0.7486524224246847_SIZE_1_11.99_37
GEN_20_FIT_0.46124820754937346_0.5031555579993888_0.7597230438702313_SIZE_1_12.55_41
Evaluating in sample:
[GEN_20|make_tuple(9, m, po, n)|0.7597]
Evaluating out-of-sample:
[GEN_20|make_tuple(9, m, po, n)|0.9910]
GEN_21_FIT_0.4154583228547006_0.49236180610661817_0.7465758421863241_SIZE_1_12.02_38
GEN_22_FIT_0.44708594670714624_0.4979379424262445_0.7324564480054618_SIZE_1_13.14_47
GEN_23_FIT_0.42405429086548035_0.5015225824692594_0.6976724589769425_SIZE_1_12.93_40
GEN_24_FIT_0.4250128151488108_0.49665802254011887_0.5875472020288243_SIZE_1_13.11_40
GEN_25_FIT_0.45248654069486216_0.5076704629372925_0.7121061245898395_SIZE_1_11.64_45
GEN_26_FIT_0.39439164945056443_0.4931560354225326_0.6170391151731764_SIZE_1_12.96_36
GEN_27_FIT_0.44554397214796654_0.5039347414168887_0.7421966991010402_SIZE_1_9.83_38
GEN_28_FIT_0.38988776678242665_0.5008107973914475_0.6513182780916662_SIZE_1_11.24_41
GEN_29_FIT_0.4039501553201064_0.4981014788270143_0.6974596976939527_SIZE_1_12.4_38
GEN_30_FIT_0.42998595113004223_0.501058261115314_0.6314361188164084_SIZE_1_11.51_40
GEN_31_FIT_0.42222591153437355_0.5002067744186337_0.7174124158020682_SIZE_1_12.82_45
GEN_32_FIT_0.40100847114426263_0.494943471234265_0.7003600200319927_SIZE_1_11.18_41
GEN_33_FIT_0.3936010158790887_0.49976700626832155_0.68499629089838_SIZE_1_12.84_36
GEN_34_FIT_0.443845797443555_0.5003307870232795_0.6989733792865631_SIZE_1_12.15_40
GEN_35_FIT_0.45809502789006307_0.5011445216820344_0.6856821515013514_SIZE_1_11.21_39
GEN_36_FIT_0.4095175810258763_0.5025188034132241_0.7133835450845596_SIZE_1_11.41_46
GEN_37_FIT_0.4346193943013046_0.5004045614892254_0.6213865808661068_SIZE_1_13.94_46
GEN_38_FIT_0.4260800553302028_0.5080770585790996_0.7461407724433885_SIZE_1_10.54_46
GEN_39_FIT_0.41854773578635684_0.4987004348944869_0.71718124189087_SIZE_1_12.84_36
GEN_40_FIT_0.42004382818785907_0.5037860682666775_0.7352131795408993_SIZE_1_11.87_44
Evaluating in sample:
[GEN_40|make_tuple(9, m, po, n)|0.7597]
Evaluating out-of-sample:
[GEN_40|make_tuple(9, m, po, n)|0.9910]
GEN_41_FIT_0.4222020065547716_0.49539522855860285_0.7099233542886225_SIZE_1_13.19_42
Stopped early in iteration 41, no improvement in 20 gens.
BENCHMARK: Evaluating in-sample:
[mlr_default: make_tuple(10.0, 16.0, 10.0, 200.0)|0.7076]
BENCHMARK:  Evaluating out-of-sample:
[GEN_41|mlr_default: make_tuple(10.0, 16.0, 10.0, 200.0)|0.9769]
START_TASK: 2073
GEN_0_FIT_0.4401976870917342_0.5120627361567845_0.7578063793376388_SIZE_1_11.46_40
GEN_1_FIT_0.41656354741184054_0.5039253532800757_0.7416659005401407_SIZE_1_12.47_42
GEN_2_FIT_0.43031260871612004_0.5044424822073762_0.7223347010175987_SIZE_1_11.84_39
GEN_3_FIT_0.43468058223480144_0.4978187654984999_0.685631835629641_SIZE_1_12.52_38
GEN_4_FIT_0.45988509242870634_0.5143117393061751_0.7209727905044208_SIZE_1_11.41_39
GEN_5_FIT_0.4441999484332817_0.4955327801520603_0.5677427586535402_SIZE_1_11.2_37
GEN_6_FIT_0.44689447880769373_0.5047010445598696_0.6574891709005457_SIZE_1_12.25_50
GEN_7_FIT_0.4587187905797503_0.5135951456062117_0.7453320644601558_SIZE_1_11.92_39
GEN_8_FIT_0.4235446175054999_0.5016990115579152_0.6940400352773874_SIZE_1_12.23_43
GEN_9_FIT_0.3301163583189233_0.5045361164111318_0.7393799898242074_SIZE_1_12.2_43
GEN_10_FIT_0.44218507520513217_0.4965956531469435_0.5944894311159122_SIZE_1_13.08_43
GEN_11_FIT_0.4403489380347674_0.5004578732491703_0.732314860254369_SIZE_1_11.59_37
GEN_12_FIT_0.46442990604983575_0.5076664137247698_0.7274531435151596_SIZE_1_9.37_44
GEN_13_FIT_0.4328754165043929_0.5087810923811853_0.7033489240610957_SIZE_1_12.25_44
GEN_14_FIT_0.4209260568895646_0.5039483274744205_0.7410649919887344_SIZE_1_13.48_40
GEN_15_FIT_0.4499758964821209_0.5033509073248728_0.6838348731457046_SIZE_1_12.77_45
GEN_16_FIT_0.40574562469828085_0.49315310167606974_0.6077128129005815_SIZE_1_12.04_37
GEN_17_FIT_0.41208030108405935_0.5040399333035966_0.7178777790701757_SIZE_1_11.58_38
GEN_18_FIT_0.39669927068859434_0.49304260789721643_0.6209990581571566_SIZE_1_11.65_38
GEN_19_FIT_0.4266138127745565_0.49989609419970416_0.6257094125315718_SIZE_1_10.26_38
GEN_20_FIT_0.4404140824268126_0.508974008568995_0.6437096324136538_SIZE_1_10.02_43
Evaluating in sample:
[GEN_20|make_tuple(9, n, p, p)|0.7578]
Evaluating out-of-sample:
[GEN_20|make_tuple(9, n, p, p)|0.7974]
GEN_21_FIT_0.43236289911085946_0.5072804843907246_0.7231436733156317_SIZE_1_11.28_40
Stopped early in iteration 21, no improvement in 20 gens.
BENCHMARK: Evaluating in-sample:
[mlr_default: make_tuple(10.0, 16.0, 10.0, 200.0)|0.7087]
BENCHMARK:  Evaluating out-of-sample:
[GEN_21|mlr_default: make_tuple(10.0, 16.0, 10.0, 200.0)|0.8464]
START_TASK: 2074
GEN_0_FIT_0.4353800933827355_0.509248504455498_0.7384598089429354_SIZE_1_12.14_38
GEN_1_FIT_0.40699847751958135_0.49563355308885554_0.7480841135489709_SIZE_1_13.31_43
GEN_2_FIT_0.3967661033433935_0.5015212096926076_0.7161940046048542_SIZE_1_12.13_42
GEN_3_FIT_0.43868582795803274_0.5053654985650379_0.7360535243333209_SIZE_1_9.51_36
GEN_4_FIT_0.45683279921217135_0.4888150731809279_0.6255647671556109_SIZE_1_11.97_42
GEN_5_FIT_0.3868626595074463_0.4981364168235212_0.7164662594001893_SIZE_1_11.95_41
GEN_6_FIT_0.4316063897331771_0.5035530884928952_0.7081010548388673_SIZE_1_12.75_43
GEN_7_FIT_0.4476505721161411_0.49878578756780795_0.7180500743045414_SIZE_1_11.86_41
GEN_8_FIT_0.450819589983603_0.5009319235742368_0.7045456963971094_SIZE_1_11.47_40
GEN_9_FIT_0.4117889843163261_0.5064146796506541_0.7192289706268419_SIZE_1_11.92_39
GEN_10_FIT_0.40873613832108086_0.495431005513094_0.6372475635062766_SIZE_1_13.43_43
GEN_11_FIT_0.44063611565517735_0.5083881106079269_0.7043498905522745_SIZE_1_11.14_45
GEN_12_FIT_0.44677371381062936_0.5056651162683085_0.699820869700329_SIZE_1_12.22_41
GEN_13_FIT_0.42458272616273685_0.5051691168016448_0.7350410105993294_SIZE_1_13.52_42
GEN_14_FIT_0.43968813233330634_0.5031166527899235_0.7130620038106886_SIZE_1_13.18_48
GEN_15_FIT_0.441958842851924_0.4981651627404139_0.5750908215622405_SIZE_1_10.59_40
GEN_16_FIT_0.41893892033454505_0.4991013153064891_0.6593026905573375_SIZE_1_14.46_51
GEN_17_FIT_0.4191318801173038_0.5044302705537483_0.7317225838228143_SIZE_1_13.84_43
GEN_18_FIT_0.40665222223810543_0.4992497862408817_0.7054997155379498_SIZE_1_12.76_39
GEN_19_FIT_0.4044347352670028_0.5017901497154219_0.7177331069392524_SIZE_1_10.45_44
GEN_20_FIT_0.4412033238752024_0.4939054096526279_0.6456625718583601_SIZE_1_12.03_38
Evaluating in sample:
[GEN_20|make_tuple(11, p, n, p)|0.7481]
Evaluating out-of-sample:
[GEN_20|make_tuple(11, p, n, p)|0.7511]
GEN_21_FIT_0.41512631307754166_0.5033519699828453_0.7330784797140192_SIZE_1_9.82_40
GEN_22_FIT_0.4121916334635054_0.5002645912414158_0.697989035015536_SIZE_1_11.67_46
Stopped early in iteration 22, no improvement in 20 gens.
BENCHMARK: Evaluating in-sample:
[mlr_default: make_tuple(10.0, 16.0, 10.0, 200.0)|0.7089]
BENCHMARK:  Evaluating out-of-sample:
[GEN_22|mlr_default: make_tuple(10.0, 16.0, 10.0, 200.0)|0.8244]
START_TASK: 28
GEN_0_FIT_0.44959198474723794_0.49834611650189464_0.621736211855232_SIZE_1_9.68_35
GEN_1_FIT_0.40993633195238044_0.49377323632248304_0.5926079113369321_SIZE_1_11.88_47
GEN_2_FIT_0.44266081044292327_0.5050702326029451_0.7089350391303525_SIZE_1_11.92_40
GEN_3_FIT_0.40479873646535147_0.5038579822405675_0.7052473964717917_SIZE_1_11.15_38
GEN_4_FIT_0.4130357099997776_0.4950445211728367_0.7312900858149032_SIZE_1_12.02_37
GEN_5_FIT_0.38568330345924207_0.49568836482585615_0.735663999780749_SIZE_1_13.53_41
GEN_6_FIT_0.45138224153483997_0.5011082577140458_0.7050658237837342_SIZE_1_12.55_43
GEN_7_FIT_0.39895426146969176_0.504633045649495_0.7561498582134324_SIZE_1_11.95_42
GEN_8_FIT_0.4521641520059436_0.5109548734716658_0.7171147182714288_SIZE_1_12.65_46
GEN_9_FIT_0.46221890107364727_0.5155687192155083_0.7565102301426859_SIZE_1_12.6_43
GEN_10_FIT_0.41484210194280674_0.5053818222481342_0.714800214458682_SIZE_1_12.11_38
GEN_11_FIT_0.4427270074576422_0.49921775390028245_0.6371374519795461_SIZE_1_10.34_38
GEN_12_FIT_0.4468940047387548_0.5038509689881829_0.7195146044719862_SIZE_1_11.15_34
GEN_13_FIT_0.4139524026103106_0.5095865923564536_0.7513420053772757_SIZE_1_11.1_37
GEN_14_FIT_0.4091748281880371_0.5055291016569976_0.6630500299902659_SIZE_1_9.51_34
GEN_15_FIT_0.4176944422823677_0.49101862954230063_0.6904215776183916_SIZE_1_12.5_39
GEN_16_FIT_0.4150950184947123_0.5010831133186334_0.7195640924428209_SIZE_1_11.75_35
GEN_17_FIT_0.4132731535553123_0.49712852187710455_0.7340764436150318_SIZE_1_9.6_35
GEN_18_FIT_0.3882303514967441_0.4995648654200881_0.7154135193297316_SIZE_1_12.89_37
GEN_19_FIT_0.42293258460719246_0.506042242389961_0.7012706642402845_SIZE_1_10.22_37
GEN_20_FIT_0.44170611183791375_0.49901873035939703_0.6095375745374949_SIZE_1_12.79_39
Evaluating in sample:
[GEN_20|make_tuple(9, n, p, po)|0.7565]
Evaluating out-of-sample:
[GEN_20|make_tuple(9, n, p, po)|0.8299]
GEN_21_FIT_0.3885465902471306_0.5044028068300941_0.7463443347937054_SIZE_1_13.09_47
GEN_22_FIT_0.4268654566028388_0.5018865252550218_0.6933774136621089_SIZE_1_12.25_40
GEN_23_FIT_0.45776061242079796_0.5003402517372884_0.6334088695499325_SIZE_1_12.76_42
GEN_24_FIT_0.4147286431849118_0.4963480338198119_0.7115026903333945_SIZE_1_12.52_46
GEN_25_FIT_0.4569129865660844_0.4910936763279971_0.5708623184335018_SIZE_1_15.86_48
GEN_26_FIT_0.4513791453993247_0.4987629687568926_0.5908316579812982_SIZE_1_12.86_46
GEN_27_FIT_0.4463274974784837_0.4961463909677109_0.6035537934238635_SIZE_1_13.96_43
GEN_28_FIT_0.4194186337851859_0.5067160182833925_0.7255886412786663_SIZE_1_11.11_39
GEN_29_FIT_0.42200183854137613_0.49748613939539493_0.5936817967121233_SIZE_1_10.47_39
GEN_30_FIT_0.4166327748777973_0.510307368940967_0.725124483615732_SIZE_1_9.85_40
Stopped early in iteration 30, no improvement in 20 gens.
BENCHMARK: Evaluating in-sample:
[mlr_default: make_tuple(10.0, 16.0, 10.0, 200.0)|0.7111]
BENCHMARK:  Evaluating out-of-sample:
[GEN_30|mlr_default: make_tuple(10.0, 16.0, 10.0, 200.0)|0.5800]
START_TASK: 29
GEN_0_FIT_0.4488085275016037_0.5125901396533636_0.7510595264500679_SIZE_1_11.81_44
GEN_1_FIT_0.41665131967661756_0.501063762273854_0.670361855410741_SIZE_1_13.48_38
GEN_2_FIT_0.44493271222787983_0.504246151909053_0.7410213983514258_SIZE_1_11.86_36
GEN_3_FIT_0.4292160431981212_0.49440114683942205_0.5669943973476541_SIZE_1_13.77_41
GEN_4_FIT_0.4645739911623559_0.5202348671127569_0.7607389753474241_SIZE_1_10.13_37
GEN_5_FIT_0.4481969588624917_0.5073761117995007_0.7328749559068007_SIZE_1_11.68_40
GEN_6_FIT_0.42791953669125554_0.4974436562695733_0.6119168802117032_SIZE_1_12.26_42
GEN_7_FIT_0.431746014944611_0.49674000228150533_0.7131247226702521_SIZE_1_13.64_41
GEN_8_FIT_0.42190711342941595_0.5105843163418293_0.7489528814599311_SIZE_1_13.06_41
GEN_9_FIT_0.39198794905824474_0.49366731818575926_0.7021501846675597_SIZE_1_13.68_42
GEN_10_FIT_0.42929231526058215_0.4970796715675611_0.7149972199178533_SIZE_1_12.65_49
GEN_11_FIT_0.4012619728025553_0.4993069365104054_0.7482662204439968_SIZE_1_11.86_38
GEN_12_FIT_0.441408931125041_0.5013478334397794_0.7021501846675597_SIZE_1_10.29_36
GEN_13_FIT_0.45715799711232663_0.5040748731097615_0.6470930858725823_SIZE_1_11.85_38
GEN_14_FIT_0.4401837127906346_0.4967526512946442_0.7242242179710211_SIZE_1_12.94_42
GEN_15_FIT_0.40309632205657275_0.4892579151401661_0.5750946958688787_SIZE_1_11.82_36
GEN_16_FIT_0.4179669206812268_0.5087737265036109_0.7436302739127774_SIZE_1_11.29_44
GEN_17_FIT_0.4572959983102467_0.4964973527034923_0.6092804741723853_SIZE_1_11.1_39
GEN_18_FIT_0.4549246420115778_0.5065441522391062_0.7102752775760135_SIZE_1_11.93_36
GEN_19_FIT_0.3617802336435823_0.4967896354861313_0.7108143404213711_SIZE_1_11.91_48
GEN_20_FIT_0.41387660247138464_0.49723283324664563_0.7532646539107678_SIZE_1_11.34_47
Evaluating in sample:
[GEN_20|make_tuple(9, p, n, p)|0.7607]
Evaluating out-of-sample:
[GEN_20|make_tuple(9, p, n, p)|0.7468]
GEN_21_FIT_0.45205224583298426_0.506713615786982_0.7494069770649852_SIZE_1_12.15_41
GEN_22_FIT_0.35278804553015314_0.49647607096418317_0.6886084079404531_SIZE_1_12.04_35
GEN_23_FIT_0.4274643021315103_0.5000122026527504_0.6986885021524787_SIZE_1_10.97_37
GEN_24_FIT_0.4071420169954797_0.4992671939100893_0.6366353971961582_SIZE_1_9.8_41
GEN_25_FIT_0.4218738089126498_0.49980414469429896_0.736724362655157_SIZE_1_14.18_39
Stopped early in iteration 25, no improvement in 20 gens.
BENCHMARK: Evaluating in-sample:
[mlr_default: make_tuple(10.0, 16.0, 10.0, 200.0)|0.7099]
BENCHMARK:  Evaluating out-of-sample:
[GEN_25|mlr_default: make_tuple(10.0, 16.0, 10.0, 200.0)|0.7119]
START_TASK: 2079
GEN_0_FIT_0.3875181596549896_0.4947221735383385_0.6913348782255938_SIZE_1_11.19_39
GEN_1_FIT_0.4337159794103972_0.4987562153236142_0.7332393318652989_SIZE_1_11.06_38
GEN_2_FIT_0.40026185688919214_0.502073496599381_0.7310849439966883_SIZE_1_10.35_41
GEN_3_FIT_0.4017479457375221_0.4998756168871783_0.6963012513666783_SIZE_1_13.53_52
GEN_4_FIT_0.3881071730875322_0.5037550327084602_0.7447705723625728_SIZE_1_11.17_41
GEN_5_FIT_0.4201335441996855_0.49468112529657193_0.707371159882307_SIZE_1_13.62_40
GEN_6_FIT_0.4367329006405871_0.5034131815218504_0.7438138059837526_SIZE_1_10.0_36
GEN_7_FIT_0.437198530137707_0.4950450511152759_0.736665964754177_SIZE_1_12.86_41
GEN_8_FIT_0.43812681674776704_0.49105894801223327_0.6719699789253792_SIZE_1_12.7_42
GEN_9_FIT_0.4568617925792923_0.5008445175760334_0.7602605392141235_SIZE_1_12.6_41
GEN_10_FIT_0.4515166674780585_0.49642185182624693_0.7097354989793362_SIZE_1_11.62_41
GEN_11_FIT_0.41194671105874553_0.4983172326461095_0.6303161743057503_SIZE_1_9.69_41
GEN_12_FIT_0.4360277497998758_0.49900861929336826_0.5884863486824963_SIZE_1_13.14_40
GEN_13_FIT_0.44036600525385544_0.4922580889761276_0.6594084186896797_SIZE_1_15.09_44
GEN_14_FIT_0.4471717301073187_0.49936984472833446_0.7028534367113722_SIZE_1_13.02_44
GEN_15_FIT_0.4390615092561396_0.5051461864186224_0.7008403753627981_SIZE_1_10.56_42
GEN_16_FIT_0.4423678008579988_0.505978126398001_0.7219008668144952_SIZE_1_12.64_43
GEN_17_FIT_0.4517475590862291_0.49694273634793545_0.7559136227982226_SIZE_1_12.42_37
GEN_18_FIT_0.4173049734506385_0.5107557051209062_0.7549881971526262_SIZE_1_11.89_56
GEN_19_FIT_0.4343898075479514_0.5021848288046749_0.724942202387358_SIZE_1_12.8_38
GEN_20_FIT_0.43913607215351896_0.5069718885276493_0.7135916206218427_SIZE_1_11.18_43
Evaluating in sample:
[GEN_20|make_tuple(7, n, p, 176)|0.7559]
[GEN_20|make_tuple(add(xvar, 9), add(po, n), if_gt(mkd, n, p, p), mul(po, n))|0.7603]
Evaluating out-of-sample:
[GEN_20|make_tuple(7, n, p, 176)|0.6557]
[GEN_20|make_tuple(add(xvar, 9), add(po, n), if_gt(mkd, n, p, p), mul(po, n))|0.6607]
GEN_21_FIT_0.45096416213140667_0.5043053180301641_0.6591588867134887_SIZE_1_11.01_40
GEN_22_FIT_0.39853720384825053_0.49720137283268095_0.6414921654363448_SIZE_1_11.17_37
GEN_23_FIT_0.44023716286575554_0.5015551091379568_0.6512523171612381_SIZE_1_12.43_41
