Starting problem: mlr_knn
param:age_regularization:100000.0
param:algorithm:random_search
param:constants_only:False
param:cxpb:0.25
param:early_stop_n:20
param:lambda_:100
param:max_number_operators:None
param:max_start_size:3
param:mu:20
param:ngen:300
param:optimize_constants:False
param:output_file:/home/gijsbers/symbolicdefaults/runs/mlr_knn_random_search_9.log
param:problem:mlr_knn
param:subset:1.0
param:task:None
param:warm_start:False
Benchmark problems: mlr_knn
mlr_default := make_tuple(10., 16., 10., 200.)
Loading surrogates from file.
START_TASK: 3
GEN_0_FIT_0.42799311589936684_0.5026593637293262_0.7313138209386422_SIZE_1_11.03_39
GEN_1_FIT_0.42405012583967017_0.5035134249793243_0.7329744212897727_SIZE_1_11.43_38
GEN_2_FIT_0.4221079545954883_0.5105954659296418_0.7005828671950324_SIZE_1_13.04_37
GEN_3_FIT_0.4560406469985554_0.4989510932155467_0.6891197115925136_SIZE_1_13.15_40
GEN_4_FIT_0.40944797696070506_0.497337684895757_0.7180374328872419_SIZE_1_14.17_40
GEN_5_FIT_0.4314915975385435_0.500402575987316_0.7382219888071055_SIZE_1_11.66_35
GEN_6_FIT_0.41734703321138605_0.49655958516552395_0.6765160560184622_SIZE_1_13.67_43
GEN_7_FIT_0.45064639294714315_0.5003510548877094_0.6937191944528783_SIZE_1_12.9_39
GEN_8_FIT_0.42010389169291684_0.49873245912293807_0.5929625823980376_SIZE_1_11.04_43
GEN_9_FIT_0.4254806899801647_0.5014282416640224_0.750843832229845_SIZE_1_11.06_32
GEN_10_FIT_0.43145954497549677_0.5006226916745719_0.7196850438357486_SIZE_1_12.2_40
GEN_11_FIT_0.44119018934582604_0.5077964153759346_0.7397281910202698_SIZE_1_13.36_46
