Starting problem: mlr_knn
param:age_regularization:100000.0
param:algorithm:random_search
param:constants_only:False
param:cxpb:0.25
param:early_stop_n:20
param:lambda_:100
param:max_number_operators:None
param:max_start_size:3
param:mu:20
param:ngen:300
param:optimize_constants:False
param:output_file:/home/gijsbers/symbolicdefaults/runs/mlr_knn_random_search_2.log
param:problem:mlr_knn
param:subset:1.0
param:task:None
param:warm_start:False
Benchmark problems: mlr_knn
mlr_default := make_tuple(10., 16., 10., 200.)
Loading surrogates from file.
START_TASK: 3
GEN_0_FIT_0.4663940614122983_0.5000732265144654_0.6437097382842907_SIZE_1_13.36_43
GEN_1_FIT_0.4197809314010502_0.4998312385820083_0.725881336570442_SIZE_1_10.8_37
GEN_2_FIT_0.3559236392417647_0.4994572712670975_0.5968310953194111_SIZE_1_10.66_40
GEN_3_FIT_0.39773074029415323_0.4979164308024036_0.6407924779643965_SIZE_1_11.62_36
GEN_4_FIT_0.3961345051909763_0.49858853607241616_0.706789768897704_SIZE_1_11.41_44
GEN_5_FIT_0.4427061005968557_0.5057639771837146_0.6338293852220998_SIZE_1_11.73_47
GEN_6_FIT_0.32463201535840674_0.5011325731400594_0.7213737511181387_SIZE_1_9.92_34
GEN_7_FIT_0.39473226611412343_0.49438644662820963_0.5809815212083708_SIZE_1_12.81_38
GEN_8_FIT_0.43193076847845124_0.4967430806287208_0.6491104956739029_SIZE_1_11.89_42
GEN_9_FIT_0.4608116812226695_0.501221101271626_0.6873487534854071_SIZE_1_10.09_38
GEN_10_FIT_0.4376040351213873_0.49812879535808713_0.6761046690910447_SIZE_1_12.8_42
GEN_11_FIT_0.34216708326096557_0.51039468469529_0.7520907490735714_SIZE_1_9.55_40
GEN_12_FIT_0.41057696933087084_0.5022924992821068_0.6761588309375354_SIZE_1_13.33_39
GEN_13_FIT_0.43921233630893136_0.5023572560186493_0.7144749267931665_SIZE_1_11.85_33
GEN_14_FIT_0.4465562684492497_0.5039238851420307_0.6940430368139753_SIZE_1_13.09_38
GEN_15_FIT_0.43676892429982583_0.49780922311267145_0.6321372339739635_SIZE_1_12.06_36
GEN_16_FIT_0.40471318159636543_0.5017296699846525_0.671890875531535_SIZE_1_13.17_43
GEN_17_FIT_0.41866285228319977_0.4975839758894813_0.7090691784273891_SIZE_1_12.15_37
GEN_18_FIT_0.45077094651994914_0.4946134698979094_0.7395644079617414_SIZE_1_12.0_45
GEN_19_FIT_0.4537799896287267_0.5076735971302433_0.7175527930824047_SIZE_1_11.09_40
GEN_20_FIT_0.3764570888418334_0.5019671353366967_0.6880158141922441_SIZE_1_11.5_40
Evaluating in sample:
[GEN_20|make_tuple(7, 4, n, n)|0.7521]
Evaluating out-of-sample:
[GEN_20|make_tuple(7, 4, n, n)|0.9112]
GEN_21_FIT_0.3997931961734024_0.5019875422812552_0.7320222691841287_SIZE_1_13.32_41
GEN_22_FIT_0.44372552665409437_0.5037159894768899_0.597551469341112_SIZE_1_11.79_38
GEN_23_FIT_0.457050329496666_0.49923848264552645_0.6150663657993567_SIZE_1_12.82_40
GEN_24_FIT_0.41502271549349096_0.505966201090762_0.6439362922310984_SIZE_1_12.7_40
GEN_25_FIT_0.4462807393724361_0.49658255289598463_0.6871720494342377_SIZE_1_14.48_36
GEN_26_FIT_0.4503613327868332_0.4957094977605614_0.6285996801286785_SIZE_1_13.26_37
GEN_27_FIT_0.4536478926074411_0.5053917234434127_0.7064717400170872_SIZE_1_12.82_45
GEN_28_FIT_0.4302975398021593_0.5101493681467236_0.7377100048845405_SIZE_1_11.9_46
GEN_29_FIT_0.4167813677022858_0.5052179001700667_0.7157158079720801_SIZE_1_10.71_41
GEN_30_FIT_0.4507589775146072_0.5073220023819193_0.7681135297831477_SIZE_1_11.2_45
GEN_31_FIT_0.3973240387407476_0.4913095939016423_0.5683297076812275_SIZE_1_12.52_47
GEN_32_FIT_0.42430677457315974_0.5124778623916803_0.7522689457108342_SIZE_1_9.24_38
GEN_33_FIT_0.4372934890371745_0.5016599471152644_0.7061056873080042_SIZE_1_9.85_36
GEN_34_FIT_0.45087307862207615_0.5047570611946365_0.7324891556594396_SIZE_1_11.02_39
GEN_35_FIT_0.4195913405866384_0.4966546415746631_0.7224497129526093_SIZE_1_12.81_41
GEN_36_FIT_0.40575937288144603_0.49849661937289325_0.7620407254819922_SIZE_1_13.03_41
GEN_37_FIT_0.411060102637442_0.5037781592359982_0.69373744789147_SIZE_1_12.18_41
GEN_38_FIT_0.41706732678053304_0.501812809552162_0.6706925777157012_SIZE_1_11.82_38
GEN_39_FIT_0.44944954354599453_0.4967427411462479_0.5839031924238631_SIZE_1_12.22_43
GEN_40_FIT_0.38595973717406373_0.5100983955552018_0.7313099378904058_SIZE_1_11.73_35
Evaluating in sample:
[GEN_40|make_tuple(9, p, n, n)|0.7681]
Evaluating out-of-sample:
[GEN_40|make_tuple(9, p, n, n)|0.8759]
GEN_41_FIT_0.42431507073734454_0.5155171533454191_0.7234698710416738_SIZE_1_11.49_45
GEN_42_FIT_0.4595532702045_0.5021625818468652_0.7110044925158008_SIZE_1_11.49_38
GEN_43_FIT_0.44040683706252615_0.5091649138522574_0.751211496197902_SIZE_1_12.08_43
GEN_44_FIT_0.4528388619921502_0.4980664406726553_0.6552886184018184_SIZE_1_13.2_40
GEN_45_FIT_0.4450465809808484_0.49761079579281237_0.5995957050998738_SIZE_1_13.86_45
GEN_46_FIT_0.4462562907517399_0.5085661438162364_0.7524123243446864_SIZE_1_10.95_43
GEN_47_FIT_0.4111765931161332_0.5112104145120291_0.7504959614511791_SIZE_1_12.23_41
GEN_48_FIT_0.43829124156174737_0.5078490170477774_0.6545517241444573_SIZE_1_12.41_42
GEN_49_FIT_0.41985606449495816_0.49998073042435_0.7437904148362856_SIZE_1_11.95_43
GEN_50_FIT_0.4494268377155697_0.5036874375224724_0.6983171896993187_SIZE_1_10.05_33
GEN_51_FIT_0.39544223854678473_0.49740370449357046_0.6288975804827142_SIZE_1_12.38_42
Stopped early in iteration 51, no improvement in 20 gens.
BENCHMARK: Evaluating in-sample:
[mlr_default: make_tuple(10.0, 16.0, 10.0, 200.0)|0.7089]
BENCHMARK:  Evaluating out-of-sample:
[GEN_51|mlr_default: make_tuple(10.0, 16.0, 10.0, 200.0)|0.8316]
START_TASK: 6
GEN_0_FIT_0.4080587250979204_0.4981576846467602_0.6766552783015688_SIZE_1_13.64_46
GEN_1_FIT_0.42830376828038125_0.4982162206828806_0.747394968686684_SIZE_1_10.45_36
GEN_2_FIT_0.39942759494997926_0.5015352795027662_0.7347852638192203_SIZE_1_13.04_44
GEN_3_FIT_0.42768611920128524_0.5049493325274224_0.7309214343629818_SIZE_1_10.19_38
GEN_4_FIT_0.42340320329672315_0.48966592168307094_0.6875592226996357_SIZE_1_12.1_37
GEN_5_FIT_0.45416974334306287_0.49627392991817615_0.7256391870382044_SIZE_1_12.13_38
GEN_6_FIT_0.4084404033766511_0.5012741005791789_0.6896703740038446_SIZE_1_11.29_40
GEN_7_FIT_0.4289567682409643_0.4921836463693674_0.7027328894282904_SIZE_1_13.1_36
GEN_8_FIT_0.41418917925175597_0.502262397469871_0.6687970166612534_SIZE_1_12.54_37
GEN_9_FIT_0.43874271290143974_0.4976723123369267_0.6190870176676675_SIZE_1_12.89_45
GEN_10_FIT_0.42962567662803247_0.4910198816695452_0.7445858519543852_SIZE_1_13.39_43
GEN_11_FIT_0.411805526064607_0.5047043128725145_0.7106911080443199_SIZE_1_12.56_40
GEN_12_FIT_0.4307609043035379_0.49853646146623964_0.6253897012011786_SIZE_1_13.2_38
GEN_13_FIT_0.42931668427047875_0.49610706528224524_0.6435178668670187_SIZE_1_12.01_36
GEN_14_FIT_0.4199008960686745_0.5027681725420522_0.7152330572676371_SIZE_1_11.4_41
GEN_15_FIT_0.45176623875760974_0.5019426555402254_0.7703514247734207_SIZE_1_11.5_38
GEN_16_FIT_0.4403510086604291_0.4998582063807325_0.7563985985433209_SIZE_1_10.27_41
GEN_17_FIT_0.4174739015661728_0.49613590022736787_0.7147265674846901_SIZE_1_12.22_46
GEN_18_FIT_0.42706899622140965_0.5036167489349164_0.717868993461369_SIZE_1_10.82_47
GEN_19_FIT_0.4455134268710477_0.49357840235631_0.7070042405760436_SIZE_1_12.17_50
GEN_20_FIT_0.43078771626398954_0.5121459141725636_0.7113366247909303_SIZE_1_11.05_47
Evaluating in sample:
[GEN_20|make_tuple(9, n, 122, n)|0.7704]
Evaluating out-of-sample:
[GEN_20|make_tuple(9, n, 122, n)|0.8239]
GEN_21_FIT_0.4300098394430137_0.4944771015186546_0.7225418055854019_SIZE_1_10.63_41
GEN_22_FIT_0.4357261330569834_0.5061587429246113_0.7527062588717914_SIZE_1_11.49_38
GEN_23_FIT_0.3909498398384097_0.49894990691514174_0.7057869241498171_SIZE_1_12.5_40
GEN_24_FIT_0.4078523141913919_0.4987228930706562_0.7508009087872795_SIZE_1_14.23_38
GEN_25_FIT_0.42943608350006895_0.5037764214117655_0.737948241964893_SIZE_1_11.97_41
GEN_26_FIT_0.41140998775734605_0.5014597555159365_0.7330202857997681_SIZE_1_11.12_45
GEN_27_FIT_0.4373374216426404_0.49837493768297814_0.6515108027669323_SIZE_1_11.65_41
GEN_28_FIT_0.3374516619545577_0.5134737918268134_0.7611954690482284_SIZE_1_9.86_39
GEN_29_FIT_0.3984404149614127_0.4989587918054801_0.751436713711821_SIZE_1_11.21_43
GEN_30_FIT_0.41295458539359337_0.49885642152885795_0.7352465381699997_SIZE_1_12.31_48
GEN_31_FIT_0.4512906114975333_0.4978517030585664_0.6013671356794995_SIZE_1_14.23_47
GEN_32_FIT_0.40088457616153794_0.5016907448277049_0.7314183520044844_SIZE_1_11.21_35
GEN_33_FIT_0.4556117926044955_0.49558159422668696_0.7530213723159416_SIZE_1_12.49_44
GEN_34_FIT_0.4210254686111325_0.5029547468094563_0.6463768836503828_SIZE_1_11.29_36
GEN_35_FIT_0.410993456793726_0.49828818845934875_0.743816706109433_SIZE_1_10.88_43
GEN_36_FIT_0.4370061742714393_0.4946170621257363_0.7301208065096852_SIZE_1_12.87_46
Stopped early in iteration 36, no improvement in 20 gens.
BENCHMARK: Evaluating in-sample:
[mlr_default: make_tuple(10.0, 16.0, 10.0, 200.0)|0.7098]
BENCHMARK:  Evaluating out-of-sample:
[GEN_36|mlr_default: make_tuple(10.0, 16.0, 10.0, 200.0)|0.7258]
START_TASK: 11
GEN_0_FIT_0.4254126973037709_0.5027440227198319_0.6555677389812614_SIZE_1_12.72_44
GEN_1_FIT_0.4425266068699991_0.5006240710592376_0.6787442083669152_SIZE_1_12.39_41
GEN_2_FIT_0.4445703037217865_0.5044340881402131_0.6746687757260467_SIZE_1_10.92_41
GEN_3_FIT_0.43158578747440457_0.5011888551072127_0.7335641054470323_SIZE_1_11.02_38
GEN_4_FIT_0.4157974585431406_0.4961782724233638_0.735877802935509_SIZE_1_10.92_38
GEN_5_FIT_0.41864058311998104_0.49933708403618277_0.6275413556785208_SIZE_1_12.12_42
GEN_6_FIT_0.4562256806688003_0.5073784957398026_0.7156138962621077_SIZE_1_11.8_40
GEN_7_FIT_0.4140193549063336_0.49826212732213215_0.6877102978970656_SIZE_1_12.51_38
GEN_8_FIT_0.44305521288199146_0.5011811003236734_0.753024378178648_SIZE_1_12.55_43
GEN_9_FIT_0.44305521288199146_0.5007792283070309_0.682411630875549_SIZE_1_11.47_41
GEN_10_FIT_0.4375195201739409_0.5052287248701782_0.7037834230402588_SIZE_1_11.84_35
GEN_11_FIT_0.42249494940290816_0.5028037186022878_0.735877802935509_SIZE_1_11.87_40
GEN_12_FIT_0.4366511210190553_0.4975778992994006_0.6860655608249717_SIZE_1_11.05_38
GEN_13_FIT_0.4436927720770373_0.5084457213849578_0.7317309183229865_SIZE_1_11.2_45
GEN_14_FIT_0.42920231145392773_0.5144031620934753_0.7478882541941149_SIZE_1_11.55_41
GEN_15_FIT_0.4189753113840803_0.4945575723891396_0.6238222592795778_SIZE_1_11.72_39
GEN_16_FIT_0.4047111593422502_0.5032319782025673_0.736207080045015_SIZE_1_10.5_39
GEN_17_FIT_0.4232889874661871_0.4975172200919165_0.6395325911187806_SIZE_1_11.82_41
GEN_18_FIT_0.44385497126472073_0.5087674311573379_0.670964852400651_SIZE_1_10.14_41
GEN_19_FIT_0.4242298812685001_0.5020748354434491_0.7131360130488247_SIZE_1_14.64_37
GEN_20_FIT_0.4357812940379887_0.503740966253023_0.7234706829678726_SIZE_1_11.28_39
Evaluating in sample:
[GEN_20|make_tuple(9, 244, po, po)|0.7530]
Evaluating out-of-sample:
[GEN_20|make_tuple(9, 244, po, po)|0.8747]
GEN_21_FIT_0.4166783643191037_0.49853931071298424_0.6838767852288312_SIZE_1_12.8_40
GEN_22_FIT_0.3911844463226252_0.504975478084511_0.6948291330209713_SIZE_1_11.07_37
GEN_23_FIT_0.4202553516971172_0.49513026241695307_0.732673838322557_SIZE_1_13.44_39
GEN_24_FIT_0.438954473877892_0.5060595970466258_0.7522184626987221_SIZE_1_10.03_40
GEN_25_FIT_0.38856257302281105_0.49682275474086324_0.6828905669382717_SIZE_1_14.44_43
GEN_26_FIT_0.4059873757271023_0.49990159532068956_0.7422725160686091_SIZE_1_13.58_46
GEN_27_FIT_0.4359066590098029_0.49924693755851784_0.7313324279146308_SIZE_1_11.41_42
GEN_28_FIT_0.4317444727587004_0.5047214914440746_0.6537643343052556_SIZE_1_11.15_33
GEN_29_FIT_0.42721747308732866_0.5041654708340109_0.6446191148339157_SIZE_1_10.31_40
Stopped early in iteration 29, no improvement in 20 gens.
BENCHMARK: Evaluating in-sample:
[mlr_default: make_tuple(10.0, 16.0, 10.0, 200.0)|0.7085]
BENCHMARK:  Evaluating out-of-sample:
[GEN_29|mlr_default: make_tuple(10.0, 16.0, 10.0, 200.0)|0.8758]
START_TASK: 12
GEN_0_FIT_0.44916503777357736_0.5022076867525388_0.7123735432967392_SIZE_1_12.56_47
GEN_1_FIT_0.3957692147117185_0.50325838805373_0.6681622827954807_SIZE_1_10.34_36
GEN_2_FIT_0.41304880655584086_0.5074212787693718_0.7634809625115616_SIZE_1_12.32_42
GEN_3_FIT_0.40270672070372143_0.495929600560445_0.7416303215791895_SIZE_1_11.4_46
GEN_4_FIT_0.3878167714783182_0.5088709955607558_0.7235926221355378_SIZE_1_12.82_48
GEN_5_FIT_0.4455296048134502_0.49734634134164774_0.702479515179791_SIZE_1_14.31_40
GEN_6_FIT_0.420313452165733_0.4979385797134666_0.7073171411579086_SIZE_1_13.26_47
GEN_7_FIT_0.42198766066397553_0.5026254748776787_0.6603660173906689_SIZE_1_13.1_37
GEN_8_FIT_0.42514059475695715_0.502373917905027_0.7673800178020485_SIZE_1_13.15_41
GEN_9_FIT_0.3841565140710053_0.4988610636696209_0.7673240002255656_SIZE_1_10.63_36
GEN_10_FIT_0.42204248985064036_0.5018477343302852_0.645565944666758_SIZE_1_14.02_42
GEN_11_FIT_0.4200996666058774_0.5021308018481441_0.6942789973279928_SIZE_1_13.2_38
GEN_12_FIT_0.42832211736665193_0.5031193036131753_0.7075093846072872_SIZE_1_12.25_35
GEN_13_FIT_0.4122387006357499_0.4950726375501145_0.693354385447326_SIZE_1_12.09_40
GEN_14_FIT_0.41855828834019354_0.4994542513948654_0.7529413549330404_SIZE_1_11.9_48
GEN_15_FIT_0.4430072614441009_0.5045196162864215_0.6477395901887476_SIZE_1_10.87_35
GEN_16_FIT_0.45872195195877613_0.5058022999165611_0.7264793051559656_SIZE_1_12.7_41
GEN_17_FIT_0.4371089273877809_0.4929767610636248_0.6465042930978364_SIZE_1_12.39_40
GEN_18_FIT_0.43382362077195125_0.49810339814257965_0.5909818527752126_SIZE_1_11.83_40
GEN_19_FIT_0.44332402867550225_0.5043873515187114_0.6931844939972269_SIZE_1_12.31_38
GEN_20_FIT_0.38540295350445736_0.504181478876236_0.7490093549923716_SIZE_1_11.31_42
Evaluating in sample:
[GEN_20|make_tuple(9, n, po, n)|0.7674]
Evaluating out-of-sample:
[GEN_20|make_tuple(9, n, po, n)|0.8410]
GEN_21_FIT_0.444084242323645_0.5031255726841403_0.6429248991057535_SIZE_1_11.92_48
GEN_22_FIT_0.4000842706393371_0.5089036079254029_0.7347823232145574_SIZE_1_10.42_50
GEN_23_FIT_0.38540295350445736_0.49560039192644906_0.6107039497417209_SIZE_1_13.28_38
GEN_24_FIT_0.42361955405297286_0.4939042760072018_0.7502268926693656_SIZE_1_12.86_44
GEN_25_FIT_0.42858441801469105_0.5052108823924732_0.711367479548776_SIZE_1_10.81_50
GEN_26_FIT_0.405602458498031_0.49621425493118987_0.7314535033173561_SIZE_1_13.56_44
GEN_27_FIT_0.45233626579881026_0.5020771749057169_0.6669579128908033_SIZE_1_11.54_41
GEN_28_FIT_0.3820538115652996_0.4964386218753802_0.7355135985886219_SIZE_1_13.12_45
GEN_29_FIT_0.41148639979177354_0.5042332708097985_0.6879215255302444_SIZE_1_11.77_39
Stopped early in iteration 29, no improvement in 20 gens.
BENCHMARK: Evaluating in-sample:
[mlr_default: make_tuple(10.0, 16.0, 10.0, 200.0)|0.7093]
BENCHMARK:  Evaluating out-of-sample:
[GEN_29|mlr_default: make_tuple(10.0, 16.0, 10.0, 200.0)|0.7817]
START_TASK: 14
GEN_0_FIT_0.36684072425421516_0.5044135844179478_0.7421773295207211_SIZE_1_11.09_46
GEN_1_FIT_0.4350037761107593_0.5059776388521064_0.7412019428936145_SIZE_1_10.97_36
GEN_2_FIT_0.40771757927235325_0.5030347683238935_0.6936487031289367_SIZE_1_11.67_40
GEN_3_FIT_0.41316669682979956_0.49249673353924345_0.6295208496444152_SIZE_1_11.44_35
GEN_4_FIT_0.46425885779206094_0.5012987351583696_0.7019278322657658_SIZE_1_10.58_37
GEN_5_FIT_0.41869665915378645_0.508882191849312_0.7214767478704144_SIZE_1_10.95_42
GEN_6_FIT_0.44477612779180903_0.5081185506436254_0.6964157199944849_SIZE_1_10.74_37
GEN_7_FIT_0.38989120909654934_0.49944740674712557_0.6747274181844587_SIZE_1_13.23_40
GEN_8_FIT_0.40580286089117945_0.49916124862143063_0.7087780261719474_SIZE_1_13.48_45
GEN_9_FIT_0.42139898353671873_0.49757807593062586_0.7293368575764547_SIZE_1_11.4_42
GEN_10_FIT_0.42182625632246445_0.49702535340349563_0.7223987933849254_SIZE_1_11.47_38
GEN_11_FIT_0.4373927354681489_0.49779918454281025_0.6389931780962801_SIZE_1_12.19_39
GEN_12_FIT_0.41457706625119667_0.49880151022426644_0.6785312553895371_SIZE_1_13.33_37
GEN_13_FIT_0.4156659968935885_0.49812006958113997_0.6669909614622124_SIZE_1_10.81_48
GEN_14_FIT_0.4220587412390801_0.5020917119498196_0.6486261136246568_SIZE_1_10.32_38
GEN_15_FIT_0.43848339873765774_0.497748223494974_0.7398643178645713_SIZE_1_11.44_42
GEN_16_FIT_0.42446383506456076_0.50677200074151_0.7343085492813642_SIZE_1_9.54_43
GEN_17_FIT_0.4114877444120047_0.4975304022732655_0.6936487031289367_SIZE_1_12.6_38
GEN_18_FIT_0.4434061491151114_0.507391189584433_0.6977155636332901_SIZE_1_11.63_48
GEN_19_FIT_0.4238394216373761_0.5032806597547116_0.6953805362674884_SIZE_1_12.87_43
GEN_20_FIT_0.44082442848909087_0.5000679235278634_0.7386091941004311_SIZE_1_11.19_39
Evaluating in sample:
[GEN_20|make_tuple(10, 238, po, po)|0.7422]
Evaluating out-of-sample:
[GEN_20|make_tuple(10, 238, po, po)|0.7692]
GEN_21_FIT_0.45284778100601486_0.5075817107792014_0.7322119707763388_SIZE_1_12.7_37
Stopped early in iteration 21, no improvement in 20 gens.
BENCHMARK: Evaluating in-sample:
[mlr_default: make_tuple(10.0, 16.0, 10.0, 200.0)|0.7097]
BENCHMARK:  Evaluating out-of-sample:
[GEN_21|mlr_default: make_tuple(10.0, 16.0, 10.0, 200.0)|0.7374]
START_TASK: 15
GEN_0_FIT_0.4425705382805374_0.5001568155232389_0.7478606504822919_SIZE_1_12.15_41
GEN_1_FIT_0.3896449978905162_0.5024615134037146_0.7460268981283067_SIZE_1_11.52_39
GEN_2_FIT_0.45733503272157_0.5025767393684892_0.6111971555277239_SIZE_1_11.51_43
GEN_3_FIT_0.424101184054335_0.5055205867384377_0.683548307505102_SIZE_1_11.6_46
GEN_4_FIT_0.43798694816724837_0.4976897112968534_0.6748316499295585_SIZE_1_11.26_37
GEN_5_FIT_0.4439446121667487_0.49741063612507164_0.653433619267651_SIZE_1_12.85_39
GEN_6_FIT_0.4250244265821033_0.4974235008666891_0.5960508470720232_SIZE_1_12.36_38
GEN_7_FIT_0.40929534114488936_0.5066111839910143_0.714824693722923_SIZE_1_12.16_39
GEN_8_FIT_0.45017851587523233_0.5012879629016304_0.6005079418132108_SIZE_1_11.03_37
GEN_9_FIT_0.45339577387815294_0.5069628172848497_0.7354909432129378_SIZE_1_12.07_45
GEN_10_FIT_0.394667043239548_0.49840655424126007_0.6819676942771818_SIZE_1_12.53_45
GEN_11_FIT_0.4317737258856144_0.5020674028283456_0.7116462328884038_SIZE_1_11.36_39
GEN_12_FIT_0.3898070070548705_0.5044712868356027_0.7026364253988108_SIZE_1_12.2_41
GEN_13_FIT_0.4348078736103486_0.5116062020849825_0.7229602081765233_SIZE_1_13.83_42
GEN_14_FIT_0.40571077753599377_0.5029242922077887_0.7178129976092098_SIZE_1_11.14_40
GEN_15_FIT_0.4515842825977743_0.5032791721529166_0.7277513439349995_SIZE_1_12.72_39
GEN_16_FIT_0.4232948730997166_0.4977857062499455_0.5864606122109054_SIZE_1_11.07_35
GEN_17_FIT_0.4483824394607388_0.5073344032725625_0.7177737938511546_SIZE_1_10.75_38
GEN_18_FIT_0.3918116135177628_0.5035634955862109_0.7379226267040544_SIZE_1_12.02_45
GEN_19_FIT_0.45663459332706813_0.5078996338516832_0.7208810838941766_SIZE_1_11.67_39
GEN_20_FIT_0.40462890081268793_0.49330655651936894_0.7192089015329497_SIZE_1_13.67_40
Evaluating in sample:
[GEN_20|make_tuple(7, p, 931, p)|0.7479]
Evaluating out-of-sample:
[GEN_20|make_tuple(7, p, 931, p)|0.7790]
GEN_21_FIT_0.4005959030107961_0.4983018218407157_0.7001767820966119_SIZE_1_11.74_50
Stopped early in iteration 21, no improvement in 20 gens.
BENCHMARK: Evaluating in-sample:
[mlr_default: make_tuple(10.0, 16.0, 10.0, 200.0)|0.7103]
BENCHMARK:  Evaluating out-of-sample:
[GEN_21|mlr_default: make_tuple(10.0, 16.0, 10.0, 200.0)|0.6722]
START_TASK: 16
GEN_0_FIT_0.4231831887058534_0.4991921061057933_0.6949373766015006_SIZE_1_10.27_48
GEN_1_FIT_0.42256652170509623_0.49614429955179884_0.6545769429636498_SIZE_1_12.77_44
GEN_2_FIT_0.4191864951532353_0.4942843452527362_0.6786764922762601_SIZE_1_10.72_40
GEN_3_FIT_0.4459113332636279_0.508456001878611_0.7297206917985961_SIZE_1_11.61_39
GEN_4_FIT_0.4328680209033051_0.4979603700205432_0.713867233781061_SIZE_1_13.56_39
GEN_5_FIT_0.4227890135203945_0.5069674685342122_0.7398914969309273_SIZE_1_10.65_42
GEN_6_FIT_0.41001042903631135_0.49563727034271393_0.7172918169527701_SIZE_1_12.56_38
GEN_7_FIT_0.4528026518663868_0.4990861072294245_0.5819305137159709_SIZE_1_12.48_39
GEN_8_FIT_0.38593893443174265_0.500040011161765_0.7240328003148463_SIZE_1_12.74_43
GEN_9_FIT_0.42382961944687314_0.5097140393564823_0.721694077433603_SIZE_1_9.72_34
GEN_10_FIT_0.44045434223240665_0.5016736158861683_0.6788791497438028_SIZE_1_11.14_39
GEN_11_FIT_0.4441729895358863_0.49927730523362557_0.6726888453005794_SIZE_1_10.76_35
GEN_12_FIT_0.4302298985308865_0.49881691092480746_0.6915199666566809_SIZE_1_10.9_36
GEN_13_FIT_0.4205786811799072_0.49544889065365366_0.5669511239676225_SIZE_1_10.39_41
GEN_14_FIT_0.4040746660743693_0.49763778657419133_0.6558876485708931_SIZE_1_10.58_37
GEN_15_FIT_0.44028168182541383_0.5023494974388832_0.6588505611051899_SIZE_1_10.76_37
GEN_16_FIT_0.4154349718451506_0.5003181841439823_0.7047744447669319_SIZE_1_11.58_41
GEN_17_FIT_0.42370572812154556_0.4946671277633523_0.6385311946720603_SIZE_1_12.33_45
GEN_18_FIT_0.3679961873021905_0.5078246476012023_0.7008412322502656_SIZE_1_14.79_40
GEN_19_FIT_0.453326897954764_0.5022139174284509_0.7305378675611937_SIZE_1_9.54_37
GEN_20_FIT_0.3967594757791099_0.5047766622652071_0.7174617663100815_SIZE_1_11.6_39
Evaluating in sample:
[GEN_20|make_tuple(11, p, po, p)|0.7399]
Evaluating out-of-sample:
[GEN_20|make_tuple(11, p, po, p)|0.7821]
GEN_21_FIT_0.41440751673590254_0.49738216301138427_0.6659128402717813_SIZE_1_12.16_46
GEN_22_FIT_0.40266264786029754_0.5063828786568848_0.7013594913796489_SIZE_1_12.11_41
GEN_23_FIT_0.42971463989704983_0.507428172100269_0.6769278861338592_SIZE_1_10.33_48
GEN_24_FIT_0.41781828225795364_0.49085411143425994_0.5776038903652011_SIZE_1_12.18_40
GEN_25_FIT_0.4167513152385727_0.5053599482284937_0.750479710936059_SIZE_1_10.0_40
GEN_26_FIT_0.3982723727510744_0.5005625835333192_0.6840261286165309_SIZE_1_10.33_44
GEN_27_FIT_0.4570607232362293_0.5089615039929466_0.7204203242332432_SIZE_1_12.34_35
GEN_28_FIT_0.4214164247642859_0.4945990191527075_0.7315745338185778_SIZE_1_12.57_40
GEN_29_FIT_0.4432286147021423_0.4950927815830329_0.7069925152941902_SIZE_1_12.83_41
GEN_30_FIT_0.45549571544864176_0.5046517745296994_0.727601095357203_SIZE_1_12.77_37
GEN_31_FIT_0.42066916665791393_0.4935819387611162_0.6419025544309063_SIZE_1_12.84_44
GEN_32_FIT_0.4386114488303732_0.5024715836344221_0.7383543489500035_SIZE_1_11.67_37
GEN_33_FIT_0.432452334084111_0.4966773603367702_0.5775924745276166_SIZE_1_11.18_35
GEN_34_FIT_0.4449176032224605_0.49805433908860697_0.690094701291132_SIZE_1_12.39_35
GEN_35_FIT_0.44047970983904944_0.5069448400255399_0.7409717738839992_SIZE_1_12.62_47
GEN_36_FIT_0.425232540621946_0.5040317647651683_0.7377056495837527_SIZE_1_12.1_40
GEN_37_FIT_0.4079811184965186_0.5037442057983414_0.7363288282574628_SIZE_1_11.98_49
GEN_38_FIT_0.44032867680631615_0.49868281216486693_0.7176730998485611_SIZE_1_11.48_44
GEN_39_FIT_0.36075904631670364_0.4959615779029945_0.6333864619650331_SIZE_1_11.49_39
GEN_40_FIT_0.4412803052592839_0.5032845683144545_0.7681595703079395_SIZE_1_12.59_41
Evaluating in sample:
[GEN_40|make_tuple(9, n, p, n)|0.7682]
Evaluating out-of-sample:
[GEN_40|make_tuple(9, n, p, n)|0.8127]
GEN_41_FIT_0.3848622597433027_0.4954708301218262_0.6644374682445341_SIZE_1_10.78_40
GEN_42_FIT_0.4232651324407411_0.49945695933901485_0.7522658845911032_SIZE_1_11.06_36
GEN_43_FIT_0.40318633625062433_0.5082885867171072_0.7267580164540566_SIZE_1_10.87_36
GEN_44_FIT_0.43904025446320327_0.5033623706677927_0.6437942974210155_SIZE_1_11.18_40
GEN_45_FIT_0.4212739000249646_0.49497580531001895_0.6584039535457965_SIZE_1_14.01_42
GEN_46_FIT_0.421626526829597_0.4986996241575994_0.7438126964483968_SIZE_1_11.4_41
GEN_47_FIT_0.4557740165303053_0.4947599201954207_0.7328880129670654_SIZE_1_12.87_44
GEN_48_FIT_0.44424304273944865_0.5034120078564944_0.7190321437638229_SIZE_1_10.87_41
GEN_49_FIT_0.4285092325958963_0.5102023766541101_0.7116385690732031_SIZE_1_11.9_42
GEN_50_FIT_0.4486058345847658_0.5051697937763587_0.5743542354019535_SIZE_1_11.52_42
GEN_51_FIT_0.43983611807086104_0.5037282965413326_0.722710668757121_SIZE_1_10.6_41
GEN_52_FIT_0.41710840851526837_0.4969077881619728_0.6414371695204911_SIZE_1_11.91_36
GEN_53_FIT_0.45182748478569_0.5070076063597675_0.7254572337981784_SIZE_1_10.66_34
GEN_54_FIT_0.4277955646859018_0.49653960396553054_0.6944415272857604_SIZE_1_12.01_44
GEN_55_FIT_0.45267550387690403_0.5025448849882325_0.6992136170754782_SIZE_1_10.99_42
GEN_56_FIT_0.391028901102345_0.5030975834203916_0.7104379705319899_SIZE_1_10.3_40
GEN_57_FIT_0.43416443971907837_0.49515480669419704_0.7396467250328128_SIZE_1_12.69_39
GEN_58_FIT_0.44394836886097433_0.49083348437481944_0.6717296260247447_SIZE_1_13.58_42
GEN_59_FIT_0.41590801146609685_0.5003574606228743_0.679758194398222_SIZE_1_11.06_38
GEN_60_FIT_0.38593893443174265_0.5016959428014134_0.6759554843020509_SIZE_1_11.3_36
Evaluating in sample:
[GEN_60|make_tuple(9, n, p, n)|0.7682]
Evaluating out-of-sample:
[GEN_60|make_tuple(9, n, p, n)|0.8127]
GEN_61_FIT_0.43122231050085624_0.5116720865692437_0.7345626189111271_SIZE_1_9.38_40
Stopped early in iteration 61, no improvement in 20 gens.
BENCHMARK: Evaluating in-sample:
[mlr_default: make_tuple(10.0, 16.0, 10.0, 200.0)|0.7092]
BENCHMARK:  Evaluating out-of-sample:
[GEN_61|mlr_default: make_tuple(10.0, 16.0, 10.0, 200.0)|0.7956]
START_TASK: 18
GEN_0_FIT_0.41157739043584796_0.5041169023700021_0.7208439517897891_SIZE_1_10.84_40
GEN_1_FIT_0.453065985087513_0.511042680451623_0.6900799751843623_SIZE_1_11.15_43
GEN_2_FIT_0.4435083921988764_0.4969796220517648_0.7416986082625985_SIZE_1_11.18_41
GEN_3_FIT_0.41501931006180276_0.5073157099556326_0.7031969265474626_SIZE_1_11.53_38
GEN_4_FIT_0.4333592236857532_0.4951664625095203_0.7298213029867724_SIZE_1_13.12_39
GEN_5_FIT_0.39535604926565554_0.5005728779558234_0.6594637156973521_SIZE_1_12.72_36
GEN_6_FIT_0.4142885066500453_0.4950935233009648_0.5947088732435705_SIZE_1_12.36_38
GEN_7_FIT_0.4357111886363141_0.5097880518461758_0.7454065169122225_SIZE_1_11.32_36
GEN_8_FIT_0.4396567871263441_0.4999646118097056_0.7289094470090811_SIZE_1_10.92_36
GEN_9_FIT_0.3917549203781634_0.5058126253807197_0.7343316823112223_SIZE_1_10.86_37
GEN_10_FIT_0.39695138940477515_0.49497141323124844_0.6797908866439569_SIZE_1_13.37_41
GEN_11_FIT_0.4390407263976046_0.5043781331539919_0.7508102113359809_SIZE_1_12.75_48
GEN_12_FIT_0.41263314224624914_0.5057996470289792_0.7475222239581606_SIZE_1_11.14_49
GEN_13_FIT_0.40227467643538706_0.5050624052695816_0.7351183414602116_SIZE_1_12.48_46
GEN_14_FIT_0.34144749667585594_0.5018616497310006_0.6744650562875611_SIZE_1_11.81_45
GEN_15_FIT_0.4198291723253372_0.5077827032463191_0.7078223876991341_SIZE_1_11.54_35
GEN_16_FIT_0.4238057932154779_0.4973998848254496_0.6411731385591282_SIZE_1_10.8_43
GEN_17_FIT_0.4342467784169889_0.4997725650748297_0.7253890714233626_SIZE_1_13.56_45
GEN_18_FIT_0.42245896977024333_0.49779244740095263_0.6867485013597066_SIZE_1_14.15_44
GEN_19_FIT_0.41642952905267905_0.499246713191426_0.7104035738063149_SIZE_1_13.74_40
GEN_20_FIT_0.4107587529024789_0.49349686970226864_0.6980289031690168_SIZE_1_13.12_38
Evaluating in sample:
[GEN_20|make_tuple(7, 8, po, n)|0.7508]
Evaluating out-of-sample:
[GEN_20|make_tuple(7, 8, po, n)|0.4106]
GEN_21_FIT_0.4279769604966203_0.5075338635636266_0.6510540623470266_SIZE_1_10.36_39
GEN_22_FIT_0.40331007636374416_0.5031665753107686_0.7387116580839118_SIZE_1_11.61_40
GEN_23_FIT_0.4060345424711897_0.5029255606607242_0.7444647951912811_SIZE_1_11.7_36
GEN_24_FIT_0.40380756768584525_0.5011387971859684_0.7238181753506188_SIZE_1_13.77_41
GEN_25_FIT_0.45645612500790417_0.5039516678781659_0.732374427172558_SIZE_1_10.51_37
GEN_26_FIT_0.4323149468142386_0.5043995600506165_0.7103850909651194_SIZE_1_10.37_43
GEN_27_FIT_0.4160514104915375_0.4958167641678108_0.6232748612128308_SIZE_1_12.54_39
GEN_28_FIT_0.4531549053801312_0.49440552278966243_0.7145891815790946_SIZE_1_11.23_42
GEN_29_FIT_0.42955440552886526_0.4965565549628385_0.6517524018765586_SIZE_1_11.91_44
GEN_30_FIT_0.444671120419673_0.4984737966327999_0.7180852204452268_SIZE_1_12.49_41
GEN_31_FIT_0.39214563049924217_0.4948816191330647_0.5800348752840067_SIZE_1_12.52_43
GEN_32_FIT_0.36365156561242784_0.5002813287950388_0.7194040978378531_SIZE_1_12.39_39
Stopped early in iteration 32, no improvement in 20 gens.
BENCHMARK: Evaluating in-sample:
[mlr_default: make_tuple(10.0, 16.0, 10.0, 200.0)|0.7122]
BENCHMARK:  Evaluating out-of-sample:
[GEN_32|mlr_default: make_tuple(10.0, 16.0, 10.0, 200.0)|0.4478]
START_TASK: 22
GEN_0_FIT_0.44027346986663607_0.506760375029468_0.7349191572229964_SIZE_1_12.21_37
GEN_1_FIT_0.40876747819747644_0.5056591690062323_0.660727204533821_SIZE_1_11.72_37
GEN_2_FIT_0.4313874237533313_0.5122995319999649_0.7387044833536305_SIZE_1_11.17_39
GEN_3_FIT_0.4383939867105074_0.5020634689617508_0.6951325113391705_SIZE_1_13.54_37
GEN_4_FIT_0.4006273267996649_0.49757691061446047_0.6982667910543_SIZE_1_10.92_36
GEN_5_FIT_0.36202988740329145_0.4995422204765731_0.6716987681734868_SIZE_1_10.66_37
GEN_6_FIT_0.41089543011027385_0.4937539743488671_0.598562723073487_SIZE_1_13.19_38
GEN_7_FIT_0.41661884994627696_0.4977860472278094_0.7065945634798829_SIZE_1_11.62_43
GEN_8_FIT_0.4005480528532787_0.5004496908510518_0.7009244892654184_SIZE_1_12.48_41
GEN_9_FIT_0.40916759036635014_0.4996247885155051_0.7250965702463387_SIZE_1_11.14_33
GEN_10_FIT_0.4213711892366503_0.5088052453900197_0.6976023607044006_SIZE_1_12.16_37
GEN_11_FIT_0.4054205526968193_0.5026128980258716_0.6217608153326086_SIZE_1_11.71_43
GEN_12_FIT_0.4210949044880865_0.49830434488664166_0.7498989856780406_SIZE_1_11.84_38
GEN_13_FIT_0.4404457436977235_0.4930343505617964_0.5882788202173481_SIZE_1_11.14_37
GEN_14_FIT_0.4596205341792592_0.5062958178421693_0.7338968663799069_SIZE_1_11.02_38
GEN_15_FIT_0.42681963651461713_0.499898028584441_0.6662247351379917_SIZE_1_14.33_39
GEN_16_FIT_0.38966352972905094_0.5007346425269652_0.7066034932410962_SIZE_1_11.96_38
GEN_17_FIT_0.44714200957725525_0.5088635590368742_0.7053369178974207_SIZE_1_11.06_42
GEN_18_FIT_0.4435262993149389_0.5086118140369684_0.7457036793754526_SIZE_1_11.39_39
GEN_19_FIT_0.43440404461387816_0.49914922130289713_0.7025952712204129_SIZE_1_13.01_46
GEN_20_FIT_0.41268938248750076_0.49887005868990203_0.6236525144955509_SIZE_1_12.76_35
Evaluating in sample:
[GEN_20|make_tuple(12, n, n, 77)|0.7499]
Evaluating out-of-sample:
[GEN_20|make_tuple(12, n, n, 77)|0.7653]
GEN_21_FIT_0.38754712473260716_0.5002059161777914_0.7497239894227278_SIZE_1_13.8_42
GEN_22_FIT_0.45033792435134323_0.501781874710396_0.7048979751559179_SIZE_1_10.98_40
GEN_23_FIT_0.39325793317248436_0.5034377809951512_0.7384944817908816_SIZE_1_11.5_45
GEN_24_FIT_0.4056491747666402_0.5132607130061452_0.7427550403429893_SIZE_1_10.78_46
GEN_25_FIT_0.4533302729795804_0.5127738945097235_0.7313792721613789_SIZE_1_11.14_36
GEN_26_FIT_0.4252185434180256_0.5070899833573224_0.7524176502324671_SIZE_1_13.4_41
GEN_27_FIT_0.4580457984655547_0.5008210703282718_0.6764940225808499_SIZE_1_12.62_46
GEN_28_FIT_0.42642980811522296_0.501711175800651_0.6546036698691545_SIZE_1_12.32_40
GEN_29_FIT_0.4552014387761994_0.508662906702447_0.7110203770317329_SIZE_1_10.84_39
GEN_30_FIT_0.4020746896600701_0.5034632984047666_0.6477568531931173_SIZE_1_11.63_38
GEN_31_FIT_0.40893549570980875_0.5003794492729271_0.6361157726498513_SIZE_1_12.37_42
GEN_32_FIT_0.45756624125262313_0.5091752675114306_0.7703903988265067_SIZE_1_12.72_42
GEN_33_FIT_0.4545236982037657_0.5073272584050212_0.7644515862816559_SIZE_1_10.62_38
GEN_34_FIT_0.4383053352322456_0.4984364461009884_0.629884553830729_SIZE_1_11.14_43
GEN_35_FIT_0.4198963808681749_0.5033980822084902_0.6636858820943424_SIZE_1_12.09_36
GEN_36_FIT_0.38754712473260716_0.5053522140358727_0.6926994862185211_SIZE_1_9.93_33
GEN_37_FIT_0.39607218979673653_0.5041275743725783_0.6925044201087808_SIZE_1_10.97_36
GEN_38_FIT_0.45747342533841096_0.5053535719890285_0.693336496626454_SIZE_1_11.55_35
GEN_39_FIT_0.4302115598430157_0.5031847404779343_0.7159486749899564_SIZE_1_12.82_39
GEN_40_FIT_0.43952302128658666_0.4994307668840268_0.708423761521294_SIZE_1_12.37_37
Evaluating in sample:
[GEN_40|make_tuple(9, n, 66, n)|0.7704]
Evaluating out-of-sample:
[GEN_40|make_tuple(9, n, 66, n)|0.6670]
GEN_41_FIT_0.4023690184904246_0.4981901963021296_0.6555009969925153_SIZE_1_9.89_37
GEN_42_FIT_0.43058511425881213_0.5026921959938112_0.7318139440014066_SIZE_1_13.21_47
GEN_43_FIT_0.4558397099569283_0.5066980944185681_0.7428113623919093_SIZE_1_12.71_39
GEN_44_FIT_0.4374583112752621_0.49199315024617285_0.6137017167484718_SIZE_1_12.2_35
GEN_45_FIT_0.3907430065779016_0.49799037237283145_0.7517940670176884_SIZE_1_12.59_37
GEN_46_FIT_0.44256978163003735_0.49341614792877864_0.5995968868023733_SIZE_1_13.64_41
GEN_47_FIT_0.45767722460333154_0.5057521371159712_0.7287424601850353_SIZE_1_11.9_36
GEN_48_FIT_0.4143798349271279_0.5027917754160439_0.7193550457964052_SIZE_1_11.85_41
GEN_49_FIT_0.40899582415581437_0.5020316545587589_0.743034067897568_SIZE_1_12.2_46
GEN_50_FIT_0.41699010199966585_0.4988438829785328_0.6844385107543663_SIZE_1_13.4_42
GEN_51_FIT_0.43897170191063395_0.504112694280623_0.5952561947815989_SIZE_1_12.19_42
GEN_52_FIT_0.37255264565345053_0.49976247280041247_0.6459320800136076_SIZE_1_11.54_41
GEN_53_FIT_0.3768821955657618_0.4954773057901052_0.6773959980757074_SIZE_1_13.77_41
Stopped early in iteration 53, no improvement in 20 gens.
BENCHMARK: Evaluating in-sample:
[mlr_default: make_tuple(10.0, 16.0, 10.0, 200.0)|0.7092]
BENCHMARK:  Evaluating out-of-sample:
[GEN_53|mlr_default: make_tuple(10.0, 16.0, 10.0, 200.0)|0.7930]
START_TASK: 23
GEN_0_FIT_0.44205369937017186_0.5007872504549631_0.6306934034099071_SIZE_1_11.15_37
GEN_1_FIT_0.4262644166828152_0.4946809726373974_0.610919000385728_SIZE_1_12.09_38
GEN_2_FIT_0.45442610865585314_0.4977048092493897_0.6784059115721942_SIZE_1_12.01_40
GEN_3_FIT_0.41788449133272143_0.49640113926383217_0.604931320012812_SIZE_1_12.84_42
GEN_4_FIT_0.46133190904023436_0.49955054140499155_0.7138057475195653_SIZE_1_12.81_42
GEN_5_FIT_0.44516504119739614_0.5052421509037477_0.6530157986435352_SIZE_1_11.08_39
GEN_6_FIT_0.3791681222072689_0.4993045466572869_0.7502785499178407_SIZE_1_11.88_44
GEN_7_FIT_0.42409598500892115_0.5011743247843174_0.6357343059302702_SIZE_1_11.27_45
GEN_8_FIT_0.4561472450697202_0.49907938479346264_0.6719328309700056_SIZE_1_12.62_44
GEN_9_FIT_0.44267128546356704_0.49210320722243106_0.70709769405722_SIZE_1_14.18_37
GEN_10_FIT_0.46446657288230836_0.5041367592933355_0.7501363124174131_SIZE_1_12.05_42
GEN_11_FIT_0.40290294914110375_0.49566553488617354_0.7147988833807866_SIZE_1_14.22_51
GEN_12_FIT_0.417808299274507_0.5041588858652336_0.7169012167694596_SIZE_1_14.68_40
GEN_13_FIT_0.4629985276909806_0.49620977940487426_0.7061898605460649_SIZE_1_11.16_41
GEN_14_FIT_0.41791679278265587_0.5021862836964306_0.6157041637377852_SIZE_1_10.22_41
GEN_15_FIT_0.4289489285131487_0.49770730290654364_0.7467653569674872_SIZE_1_12.59_43
GEN_16_FIT_0.4613539353900232_0.5011867048418854_0.7306154048569573_SIZE_1_12.35_44
GEN_17_FIT_0.3753904749792958_0.5002075536901708_0.654964582518854_SIZE_1_11.41_40
GEN_18_FIT_0.41723880059805013_0.491515048621887_0.6032103346000709_SIZE_1_12.42_41
GEN_19_FIT_0.4185933499165761_0.5085259372879426_0.7640652194204435_SIZE_1_10.96_36
GEN_20_FIT_0.3855987034573191_0.4943248545164775_0.5916005419442022_SIZE_1_11.93_51
Evaluating in sample:
[GEN_20|make_tuple(9, n, n, po)|0.7641]
Evaluating out-of-sample:
[GEN_20|make_tuple(9, n, n, po)|0.6660]
GEN_21_FIT_0.44172549201099537_0.49398842675757293_0.7232526741607539_SIZE_1_11.67_44
GEN_22_FIT_0.4430770346233295_0.5104627698676518_0.7410754288588327_SIZE_1_13.0_48
GEN_23_FIT_0.4274340655223249_0.5001239131895189_0.7499332008671028_SIZE_1_10.52_42
GEN_24_FIT_0.43075408586878866_0.4957185959799598_0.6456850731069641_SIZE_1_12.12_36
GEN_25_FIT_0.43908585142647155_0.5056154008548337_0.7569211780713568_SIZE_1_10.72_43
GEN_26_FIT_0.4477689893257053_0.5001996480486259_0.7494214482686341_SIZE_1_11.33_35
GEN_27_FIT_0.44516504119739614_0.5080023890458016_0.7487713432604077_SIZE_1_10.49_37
GEN_28_FIT_0.4430770346233295_0.4951206966067598_0.7493768887263407_SIZE_1_12.98_39
GEN_29_FIT_0.44253430381569225_0.5043754216554147_0.7140103384006312_SIZE_1_10.13_38
GEN_30_FIT_0.4507432937697453_0.5030686050404328_0.7219606150873172_SIZE_1_12.0_39
GEN_31_FIT_0.41476291291863326_0.5019331670880528_0.6461072045056763_SIZE_1_9.78_39
GEN_32_FIT_0.40503028086021525_0.5104752216801923_0.7586283580392179_SIZE_1_12.44_39
GEN_33_FIT_0.4312629318626213_0.5000796372270506_0.6356001368378605_SIZE_1_12.42_38
GEN_34_FIT_0.44343661906661314_0.5033874503530099_0.7339402982296844_SIZE_1_13.27_41
GEN_35_FIT_0.4265625119042709_0.49993278788018886_0.7001972671998674_SIZE_1_12.35_42
GEN_36_FIT_0.41992319272399137_0.5002797226005115_0.6710856286360758_SIZE_1_10.66_40
GEN_37_FIT_0.4430770346233295_0.5021622584149985_0.673440052954447_SIZE_1_11.35_37
GEN_38_FIT_0.4039297726494985_0.5013340284240876_0.7518853389868586_SIZE_1_10.89_38
GEN_39_FIT_0.4294037793817584_0.49911988074189806_0.7076735175003128_SIZE_1_12.21_42
GEN_40_FIT_0.3633212908377244_0.5009368943262577_0.723158720480232_SIZE_1_11.23_44
Stopped early in iteration 40, no improvement in 20 gens.
BENCHMARK: Evaluating in-sample:
[mlr_default: make_tuple(10.0, 16.0, 10.0, 200.0)|0.7106]
BENCHMARK:  Evaluating out-of-sample:
[GEN_40|mlr_default: make_tuple(10.0, 16.0, 10.0, 200.0)|0.6374]
START_TASK: 24
GEN_0_FIT_0.4170984166322488_0.5050010073599596_0.6468000093141352_SIZE_1_11.33_39
GEN_1_FIT_0.4446408658901959_0.4914308064886584_0.5681847739691609_SIZE_1_12.77_40
GEN_2_FIT_0.4214966695508625_0.49880273044975304_0.6524926438388406_SIZE_1_12.39_38
GEN_3_FIT_0.41352488529834974_0.4946998574050523_0.6509212211638876_SIZE_1_13.62_43
GEN_4_FIT_0.42816839462905787_0.49923592595583016_0.6923932402584837_SIZE_1_13.97_45
GEN_5_FIT_0.4374096354369044_0.5050369931314398_0.7205183213426859_SIZE_1_12.54_42
GEN_6_FIT_0.42016700440616095_0.5002132816616119_0.6763127227205523_SIZE_1_13.4_43
GEN_7_FIT_0.45021670960373755_0.4980627819795485_0.6902465345197255_SIZE_1_12.34_38
GEN_8_FIT_0.43322021380182607_0.49606672756732295_0.7508732331229506_SIZE_1_14.98_38
GEN_9_FIT_0.34677277908615567_0.4921873148359369_0.6142549431729986_SIZE_1_11.88_38
GEN_10_FIT_0.40801117327715064_0.49453879788739213_0.6301128990324916_SIZE_1_13.25_45
GEN_11_FIT_0.3920248762592245_0.5081571486533804_0.7037795158928358_SIZE_1_12.79_40
GEN_12_FIT_0.4509841882713661_0.5035545809081463_0.697733196655794_SIZE_1_10.66_35
GEN_13_FIT_0.4564514805960304_0.5025737257453493_0.7220901179536896_SIZE_1_11.0_38
GEN_14_FIT_0.42299968128256654_0.5040351706971176_0.6849590875849305_SIZE_1_11.94_43
