Starting problem: mlr_knn
param:age_regularization:100000.0
param:algorithm:random_search
param:constants_only:False
param:cxpb:0.25
param:early_stop_n:20
param:lambda_:100
param:max_number_operators:None
param:max_start_size:3
param:mu:20
param:ngen:300
param:optimize_constants:False
param:output_file:/home/gijsbers/symbolicdefaults/runs/mlr_knn_random_search_7.log
param:problem:mlr_knn
param:subset:1.0
param:task:None
param:warm_start:False
Benchmark problems: mlr_knn
mlr_default := make_tuple(10., 16., 10., 200.)
Loading surrogates from file.
START_TASK: 3
GEN_0_FIT_0.4459455039804427_0.50730514602496_0.7390117893897621_SIZE_1_12.77_42
GEN_1_FIT_0.44566728590791854_0.49957086454118693_0.7408877531451735_SIZE_1_12.96_44
GEN_2_FIT_0.44692541477566283_0.5020899955798611_0.6331056547203341_SIZE_1_12.75_46
GEN_3_FIT_0.4061682471935761_0.5135696106726176_0.7231760387478942_SIZE_1_11.51_43
GEN_4_FIT_0.4301441386575037_0.5019140748667643_0.693166037671718_SIZE_1_10.69_43
GEN_5_FIT_0.43338102527568934_0.5043674309134589_0.7210059696164144_SIZE_1_10.95_43
GEN_6_FIT_0.4238292749665489_0.5061898978431045_0.7356943412796921_SIZE_1_10.96_36
GEN_7_FIT_0.41065956820906613_0.5070755699426379_0.7082425546331197_SIZE_1_11.34_39
GEN_8_FIT_0.4462579705741586_0.49766246905531086_0.7596823947109927_SIZE_1_12.22_35
GEN_9_FIT_0.36921051501430496_0.5095691426812111_0.7516317566324675_SIZE_1_10.94_45
GEN_10_FIT_0.43292879320984035_0.5034714157533644_0.755524383425231_SIZE_1_11.07_38
GEN_11_FIT_0.4587870811552408_0.49535953881627853_0.6307469388721081_SIZE_1_13.46_43
GEN_12_FIT_0.4511517888030931_0.504757330284149_0.7007157878710883_SIZE_1_10.99_37
GEN_13_FIT_0.4427889219347305_0.5077411829975702_0.7055110136567735_SIZE_1_13.59_42
GEN_14_FIT_0.3611519860242385_0.4985566705555334_0.7059473179930411_SIZE_1_11.93_41
GEN_15_FIT_0.43794652110408766_0.5121604178046483_0.7672864469502546_SIZE_1_11.42_38
GEN_16_FIT_0.43283914782817406_0.4965007582890253_0.7103344519364146_SIZE_1_13.05_35
GEN_17_FIT_0.4264126469340927_0.5018776776310289_0.7297424159611509_SIZE_1_13.94_42
GEN_18_FIT_0.4501529626600394_0.503933968280189_0.6443695433269253_SIZE_1_10.3_37
GEN_19_FIT_0.4462579705741586_0.4970372956702076_0.728575675495946_SIZE_1_11.54_39
GEN_20_FIT_0.4148941251642071_0.5015682017128444_0.6304802503399204_SIZE_1_12.87_43
Evaluating in sample:
[GEN_20|make_tuple(9, po, n, n)|0.7673]
Evaluating out-of-sample:
[GEN_20|make_tuple(9, po, n, n)|0.8855]
GEN_21_FIT_0.4027392419530643_0.5017165773417287_0.7384115536330369_SIZE_1_11.64_41
GEN_22_FIT_0.44643552710772477_0.5080026199865845_0.7070261845142649_SIZE_1_12.45_47
GEN_23_FIT_0.327741678327328_0.5019088742110964_0.6282805902276627_SIZE_1_9.45_35
GEN_24_FIT_0.43981831947212996_0.5035483980231712_0.7198307043420036_SIZE_1_11.02_40
GEN_25_FIT_0.39229993991303025_0.5070461696164265_0.6975791546798588_SIZE_1_11.44_37
GEN_26_FIT_0.4256780738825426_0.506393863324467_0.6627617294427218_SIZE_1_12.02_46
GEN_27_FIT_0.4526711395344252_0.5048515060070832_0.7021298455126909_SIZE_1_10.55_38
GEN_28_FIT_0.4360934121429528_0.4996053123281968_0.6596237736358571_SIZE_1_11.88_44
GEN_29_FIT_0.41248507863120276_0.5047205764418013_0.7309638375598826_SIZE_1_10.99_38
GEN_30_FIT_0.41440165886346664_0.5081611707547028_0.6742827418900974_SIZE_1_11.5_39
GEN_31_FIT_0.4056953304294776_0.5093596402678613_0.7300577387265212_SIZE_1_11.16_38
GEN_32_FIT_0.42051350223027667_0.5088035437817012_0.6706580388782741_SIZE_1_12.69_40
GEN_33_FIT_0.466458492261097_0.5015183995110583_0.6795725536995881_SIZE_1_10.41_40
GEN_34_FIT_0.43877574239359773_0.5036103528232099_0.690472109468637_SIZE_1_12.94_36
GEN_35_FIT_0.4271277591064803_0.5106114895421936_0.7194860646180028_SIZE_1_9.75_35
GEN_36_FIT_0.4647114661273755_0.5075158982071847_0.7259826114656532_SIZE_1_11.59_43
Stopped early in iteration 36, no improvement in 20 gens.
BENCHMARK: Evaluating in-sample:
[mlr_default: make_tuple(10.0, 16.0, 10.0, 200.0)|0.7089]
BENCHMARK:  Evaluating out-of-sample:
[GEN_36|mlr_default: make_tuple(10.0, 16.0, 10.0, 200.0)|0.8316]
START_TASK: 6
GEN_0_FIT_0.41279851675483037_0.4988828028098814_0.7220390438643933_SIZE_1_12.07_44
GEN_1_FIT_0.38960308427106644_0.50237571923848_0.7287279324024014_SIZE_1_11.84_37
GEN_2_FIT_0.4114793174766255_0.5016563763803196_0.7254250576978074_SIZE_1_13.11_46
GEN_3_FIT_0.42962567662803247_0.5043024391317356_0.7394046004546799_SIZE_1_12.22_41
GEN_4_FIT_0.43837115891302403_0.4967231155971858_0.7550580310706181_SIZE_1_13.71_46
GEN_5_FIT_0.44521324333874557_0.4993290166664318_0.7246293669489847_SIZE_1_11.52_45
GEN_6_FIT_0.4455110039888857_0.5055442419932181_0.7369652398779193_SIZE_1_10.35_46
GEN_7_FIT_0.4439788840542144_0.4996729363298174_0.6493394531763824_SIZE_1_12.84_44
GEN_8_FIT_0.4433067230467925_0.4988733147091308_0.7191977316200576_SIZE_1_11.04_38
GEN_9_FIT_0.40092658246589874_0.5018025823150106_0.7450944045272523_SIZE_1_11.41_44
GEN_10_FIT_0.40027844655365263_0.4992766129974548_0.6858832473896771_SIZE_1_13.21_42
GEN_11_FIT_0.44946474986203744_0.5050451179092484_0.756634952420251_SIZE_1_10.89_40
GEN_12_FIT_0.38610468870808135_0.4923115202929936_0.717868993461369_SIZE_1_12.94_39
GEN_13_FIT_0.4597705479936582_0.4996141486812708_0.7382849543449034_SIZE_1_13.25_49
GEN_14_FIT_0.4597705479936582_0.49442890901462727_0.6436818141507022_SIZE_1_14.24_38
GEN_15_FIT_0.3870649604390598_0.49489698668670273_0.7527723883792893_SIZE_1_13.09_40
GEN_16_FIT_0.4019832675914719_0.5055241018901038_0.7538023856433737_SIZE_1_10.12_34
GEN_17_FIT_0.38610468870808135_0.501661546892037_0.7276548072410727_SIZE_1_12.21_38
GEN_18_FIT_0.43446268076371347_0.5004829259079405_0.6889769652047899_SIZE_1_12.7_38
GEN_19_FIT_0.412778140279512_0.5024579836700608_0.708324727431413_SIZE_1_11.19_35
GEN_20_FIT_0.4433067230467925_0.4901326890802716_0.6891164766810366_SIZE_1_12.12_37
Evaluating in sample:
[GEN_20|make_tuple(7, 37, n, n)|0.7566]
Evaluating out-of-sample:
[GEN_20|make_tuple(7, 37, n, n)|0.8632]
GEN_21_FIT_0.45256554655993253_0.5023843013352325_0.6437652831340989_SIZE_1_12.11_40
GEN_22_FIT_0.44583984168009033_0.49701922921029024_0.6516729034178558_SIZE_1_12.87_45
GEN_23_FIT_0.4429556161916673_0.4997559993993992_0.6559717207357206_SIZE_1_10.73_40
GEN_24_FIT_0.42768611920128524_0.4991872585450943_0.6474833569362953_SIZE_1_11.75_37
GEN_25_FIT_0.4484618308968953_0.5040937818799095_0.7192270519565017_SIZE_1_11.37_37
GEN_26_FIT_0.41067887118967056_0.5035198195692857_0.721684941641139_SIZE_1_12.78_47
GEN_27_FIT_0.41108203587510184_0.4975140299380272_0.7064640886697195_SIZE_1_11.67_37
GEN_28_FIT_0.4429556161916673_0.5013470165383901_0.7084847123688879_SIZE_1_12.65_44
GEN_29_FIT_0.45964793663160514_0.49936423443971756_0.6424129931195759_SIZE_1_13.04_40
GEN_30_FIT_0.459117912435724_0.5027359902372341_0.6697557882831542_SIZE_1_11.85_43
GEN_31_FIT_0.45526968423067604_0.5128065082660488_0.7553847674580386_SIZE_1_11.4_42
GEN_32_FIT_0.4159076593788403_0.5058537567422084_0.7158730108567237_SIZE_1_9.95_34
Stopped early in iteration 32, no improvement in 20 gens.
BENCHMARK: Evaluating in-sample:
[mlr_default: make_tuple(10.0, 16.0, 10.0, 200.0)|0.7098]
BENCHMARK:  Evaluating out-of-sample:
[GEN_32|mlr_default: make_tuple(10.0, 16.0, 10.0, 200.0)|0.7258]
START_TASK: 11
GEN_0_FIT_0.4124944277748435_0.500254354787558_0.7129765478692234_SIZE_1_12.1_36
GEN_1_FIT_0.4301842099779878_0.5032284787587998_0.6822308650808202_SIZE_1_14.15_45
GEN_2_FIT_0.41126583357032004_0.5078943584524177_0.6832436881044561_SIZE_1_12.4_42
GEN_3_FIT_0.4349611060936525_0.5019096872898919_0.7169432465696288_SIZE_1_12.36_42
GEN_4_FIT_0.39253706728097704_0.4901707555677339_0.7079623647581302_SIZE_1_12.79_37
GEN_5_FIT_0.40993540965487624_0.5045361995481753_0.7578283944358455_SIZE_1_11.06_44
GEN_6_FIT_0.41319605731215625_0.5099929406731015_0.7143067362139784_SIZE_1_9.47_43
GEN_7_FIT_0.41624519207248317_0.5015057896454486_0.7547741646527416_SIZE_1_11.73_41
GEN_8_FIT_0.42646994071390165_0.4999723537738388_0.649637052215325_SIZE_1_12.93_38
GEN_9_FIT_0.4515297281917937_0.5070759586476121_0.6921343604578903_SIZE_1_11.24_35
GEN_10_FIT_0.41527623852403056_0.5026126853885501_0.7251480797506065_SIZE_1_12.12_40
GEN_11_FIT_0.42949273594138987_0.501592316948438_0.7485255956996429_SIZE_1_12.36_39
GEN_12_FIT_0.4438135788852622_0.5054592495968763_0.7465179423186551_SIZE_1_11.54_40
GEN_13_FIT_0.4117802237208815_0.5055645744534432_0.7573166960614808_SIZE_1_12.07_44
GEN_14_FIT_0.3844305399978886_0.49775816260275446_0.6845035225876246_SIZE_1_10.01_38
GEN_15_FIT_0.409124792926135_0.49264325167207884_0.6096526807581106_SIZE_1_12.89_49
GEN_16_FIT_0.4031154025542826_0.5079836459620626_0.7156378066140655_SIZE_1_11.24_39
GEN_17_FIT_0.4337837421339096_0.5000397870237817_0.6923121499061744_SIZE_1_9.28_35
GEN_18_FIT_0.4012269121076209_0.5011189106736658_0.7550397759315415_SIZE_1_13.26_43
GEN_19_FIT_0.4575994275041222_0.49880342289794094_0.6476195725448164_SIZE_1_10.67_33
GEN_20_FIT_0.4357367179259163_0.49846515609980363_0.59517981782047_SIZE_1_11.81_37
Evaluating in sample:
[GEN_20|make_tuple(7, n, n, n)|0.7578]
Evaluating out-of-sample:
[GEN_20|make_tuple(7, n, n, n)|0.8628]
GEN_21_FIT_0.4384051570982172_0.5041191187702904_0.6967172784915152_SIZE_1_11.83_38
GEN_22_FIT_0.42204084320172236_0.5052283195544464_0.7170469496849903_SIZE_1_11.82_39
GEN_23_FIT_0.4359022331579161_0.49922683969125453_0.7153165783738585_SIZE_1_9.93_33
GEN_24_FIT_0.44214602572754885_0.504651191809901_0.7036788436474178_SIZE_1_12.61_42
GEN_25_FIT_0.4392982913252736_0.5097220581839819_0.7356716924861746_SIZE_1_12.41_41
GEN_26_FIT_0.4114200827050592_0.5029893576870088_0.6833063056063036_SIZE_1_11.93_51
Stopped early in iteration 26, no improvement in 20 gens.
BENCHMARK: Evaluating in-sample:
[mlr_default: make_tuple(10.0, 16.0, 10.0, 200.0)|0.7085]
BENCHMARK:  Evaluating out-of-sample:
[GEN_26|mlr_default: make_tuple(10.0, 16.0, 10.0, 200.0)|0.8758]
START_TASK: 12
GEN_0_FIT_0.40018703120874477_0.5048582760223306_0.7319713841824337_SIZE_1_10.29_38
GEN_1_FIT_0.451120305120383_0.4999699475902161_0.6813135844287992_SIZE_1_12.77_40
GEN_2_FIT_0.38540295350445736_0.4956323550631819_0.6744507145069717_SIZE_1_11.21_39
GEN_3_FIT_0.42016096139016307_0.4961240929669319_0.6317848990686057_SIZE_1_14.26_41
GEN_4_FIT_0.3980562635228949_0.499947368256764_0.7261691207289163_SIZE_1_11.66_41
GEN_5_FIT_0.4222022756638641_0.5054181038101785_0.7307798159152947_SIZE_1_9.59_51
GEN_6_FIT_0.4402652487736861_0.5011018044226023_0.6705346158450401_SIZE_1_11.57_37
GEN_7_FIT_0.4243644997168155_0.4965923889172825_0.6558541409780081_SIZE_1_13.73_43
GEN_8_FIT_0.4402742898750473_0.5098199202622586_0.7556820653079741_SIZE_1_13.17_41
GEN_9_FIT_0.43186567599605796_0.5010936805156517_0.6949001424697714_SIZE_1_11.71_40
GEN_10_FIT_0.42170698965206194_0.5031395350870516_0.7518996294511607_SIZE_1_12.55_40
GEN_11_FIT_0.44537811559212254_0.4928717054631215_0.6342691498231096_SIZE_1_14.69_44
GEN_12_FIT_0.4073473530586382_0.5038319784063306_0.7203441313301222_SIZE_1_10.84_35
GEN_13_FIT_0.4327073847023691_0.496625449540928_0.7075093846072872_SIZE_1_12.8_45
GEN_14_FIT_0.4172419510786333_0.5006936446041034_0.7133490288548184_SIZE_1_12.69_36
GEN_15_FIT_0.4164965684262327_0.5119181642680773_0.7411986388065163_SIZE_1_12.59_50
GEN_16_FIT_0.3889688437226062_0.4999942344873675_0.6937121309287481_SIZE_1_13.21_41
GEN_17_FIT_0.4159988239950744_0.5061596315886621_0.7509703049855042_SIZE_1_12.95_39
GEN_18_FIT_0.39267091871313164_0.49680675763723126_0.7436449954848539_SIZE_1_13.45_40
GEN_19_FIT_0.3879162880020166_0.49009351670286316_0.6525843833595225_SIZE_1_12.14_39
GEN_20_FIT_0.4363763445522215_0.5031689305529037_0.7229764606761631_SIZE_1_11.63_41
Evaluating in sample:
[GEN_20|make_tuple(7, n, p, n)|0.7557]
Evaluating out-of-sample:
[GEN_20|make_tuple(7, n, p, n)|0.8843]
GEN_21_FIT_0.4105763015698137_0.4936180358817137_0.6436048205030735_SIZE_1_10.93_33
GEN_22_FIT_0.42549253219209393_0.49724293964071614_0.7120628523093807_SIZE_1_12.0_48
GEN_23_FIT_0.3952439374296136_0.49860149215878513_0.7498751502393544_SIZE_1_11.9_39
GEN_24_FIT_0.45304187380017474_0.5015047405794248_0.7176913117296307_SIZE_1_11.76_42
GEN_25_FIT_0.45110086130159477_0.4952319467918615_0.6883850453359167_SIZE_1_13.54_41
GEN_26_FIT_0.43267011663295396_0.4970636705233026_0.7121460536843754_SIZE_1_12.53_38
GEN_27_FIT_0.42454072977149276_0.4970478891517452_0.6118871197266156_SIZE_1_12.0_46
GEN_28_FIT_0.3997214221709734_0.4991698869609254_0.6860370640722617_SIZE_1_13.21_41
GEN_29_FIT_0.43821562760901267_0.4954411505530022_0.6133921994984955_SIZE_1_11.96_43
Stopped early in iteration 29, no improvement in 20 gens.
BENCHMARK: Evaluating in-sample:
[mlr_default: make_tuple(10.0, 16.0, 10.0, 200.0)|0.7093]
BENCHMARK:  Evaluating out-of-sample:
[GEN_29|mlr_default: make_tuple(10.0, 16.0, 10.0, 200.0)|0.7817]
START_TASK: 14
GEN_0_FIT_0.4362875363113388_0.5029965588590787_0.7226211558648116_SIZE_1_13.14_43
GEN_1_FIT_0.41024892400332597_0.5008415626932169_0.7163511014670539_SIZE_1_12.08_42
GEN_2_FIT_0.441242098887852_0.5011813631805805_0.7364505501590288_SIZE_1_10.1_39
GEN_3_FIT_0.4523132393621332_0.5061365842016077_0.6774697576395361_SIZE_1_11.0_35
GEN_4_FIT_0.45357750851701484_0.5081400754353418_0.7480486742212469_SIZE_1_11.43_52
GEN_5_FIT_0.413681543782513_0.5062328318220483_0.754147597050043_SIZE_1_10.49_34
GEN_6_FIT_0.3999194994730901_0.5002957237262047_0.6843184258855161_SIZE_1_12.39_36
GEN_7_FIT_0.4154552491975415_0.5006542770829104_0.689346451618581_SIZE_1_10.84_46
GEN_8_FIT_0.4233142110958425_0.5055223478047174_0.702071384790013_SIZE_1_9.76_37
GEN_9_FIT_0.42815524056353_0.4952296077426053_0.6503245436809709_SIZE_1_13.37_41
GEN_10_FIT_0.41789224453939466_0.4995508605046847_0.6078459936888022_SIZE_1_11.49_44
GEN_11_FIT_0.44429271567781425_0.5032220447545306_0.6164003180346508_SIZE_1_12.29_42
GEN_12_FIT_0.3787302538551538_0.501927089563342_0.7462677848515358_SIZE_1_11.89_48
GEN_13_FIT_0.44139884709289096_0.4985403250497534_0.7255063564371581_SIZE_1_12.02_42
GEN_14_FIT_0.4068092030867526_0.49421387194122424_0.6577846606374661_SIZE_1_13.35_35
GEN_15_FIT_0.4165210878089448_0.5009176584367218_0.7414098787366047_SIZE_1_10.32_37
GEN_16_FIT_0.43292175464393323_0.5037040838552812_0.7515112079320935_SIZE_1_12.13_44
GEN_17_FIT_0.4192080754627989_0.5038413897385972_0.6529287298744119_SIZE_1_12.5_39
GEN_18_FIT_0.41547314095067894_0.5080485693572194_0.742397747426088_SIZE_1_12.47_46
GEN_19_FIT_0.4577963459282235_0.5004894838930648_0.6542328271161011_SIZE_1_11.51_41
GEN_20_FIT_0.4159871791974738_0.5023225895349209_0.7209759103044523_SIZE_1_10.97_36
Evaluating in sample:
[GEN_20|make_tuple(9, po, po, 53)|0.7541]
Evaluating out-of-sample:
[GEN_20|make_tuple(9, po, po, 53)|0.8358]
GEN_21_FIT_0.426039003504779_0.5038448632968704_0.6293925096696361_SIZE_1_10.56_34
GEN_22_FIT_0.44082442848909087_0.5045840484462812_0.7627017797346607_SIZE_1_13.74_41
GEN_23_FIT_0.4255183950568216_0.502553278343815_0.6983756629717357_SIZE_1_10.62_42
GEN_24_FIT_0.4206214721545556_0.5069296877560064_0.6742341854480058_SIZE_1_10.75_41
GEN_25_FIT_0.39663961270680237_0.4893294324194973_0.5765102324771664_SIZE_1_13.71_42
GEN_26_FIT_0.42624622557584324_0.5012322419791119_0.6633646025430262_SIZE_1_13.36_41
GEN_27_FIT_0.3955294188052485_0.4956875522480902_0.6116742345917195_SIZE_1_13.72_42
GEN_28_FIT_0.4233142110958425_0.5065865431976936_0.7142648263818514_SIZE_1_11.13_42
GEN_29_FIT_0.4404865799111304_0.5046100710160603_0.6466253811631181_SIZE_1_12.2_40
GEN_30_FIT_0.4326327023173036_0.5004659562596839_0.7484407034556426_SIZE_1_13.09_38
GEN_31_FIT_0.40793576849083385_0.5077121292577111_0.7449946190516645_SIZE_1_12.21_38
GEN_32_FIT_0.45596412735724473_0.5049205394321249_0.7519828154258711_SIZE_1_10.67_39
GEN_33_FIT_0.4469698869088569_0.5067840060231094_0.6941853026005307_SIZE_1_13.19_49
GEN_34_FIT_0.42901125174014176_0.5083394607574396_0.7442202093978876_SIZE_1_11.62_42
GEN_35_FIT_0.4000190643779571_0.5004411198384972_0.7421773295207211_SIZE_1_12.42_45
GEN_36_FIT_0.44050980438095716_0.5061248984502762_0.7387936017307228_SIZE_1_10.47_37
GEN_37_FIT_0.43671071396666655_0.5118412416853445_0.7300364689787898_SIZE_1_10.12_41
GEN_38_FIT_0.4178184441943427_0.4907593940813685_0.6684266872936067_SIZE_1_12.51_52
GEN_39_FIT_0.42063341749813676_0.49958705617177934_0.7635349226463403_SIZE_1_10.15_34
GEN_40_FIT_0.42732517621268545_0.4989453334463208_0.690886191920038_SIZE_1_11.85_41
Evaluating in sample:
[GEN_40|make_tuple(9, n, n, p)|0.7635]
Evaluating out-of-sample:
[GEN_40|make_tuple(9, n, n, p)|0.8246]
GEN_41_FIT_0.3926981202940233_0.497168814424384_0.6607281277059939_SIZE_1_12.34_36
GEN_42_FIT_0.4351776624555683_0.4972571219615699_0.5776859278134345_SIZE_1_13.26_43
GEN_43_FIT_0.4404865799111304_0.5072743275779842_0.7009646284144103_SIZE_1_11.7_52
GEN_44_FIT_0.4112201472037819_0.49602146429296523_0.6867246006349275_SIZE_1_14.59_48
GEN_45_FIT_0.43878858871996684_0.5058881853958593_0.7470634514032616_SIZE_1_13.11_40
GEN_46_FIT_0.4221612723820402_0.4989410185182615_0.6518661608970184_SIZE_1_11.46_39
GEN_47_FIT_0.38989120909654934_0.5002300687201287_0.6028133098439296_SIZE_1_11.99_35
GEN_48_FIT_0.40616509085064484_0.5002236852164602_0.6295674912960467_SIZE_1_11.89_41
GEN_49_FIT_0.40443706075738556_0.49529230430014726_0.6514712115362528_SIZE_1_13.49_42
GEN_50_FIT_0.43192066396483964_0.5012005910883307_0.6821241807545787_SIZE_1_13.15_38
GEN_51_FIT_0.45074442672793_0.5030285190219337_0.6428615076232471_SIZE_1_13.45_41
GEN_52_FIT_0.41083599136484583_0.507103287374999_0.7079117005324775_SIZE_1_11.67_42
GEN_53_FIT_0.43049095434516277_0.5090739815111653_0.7114057029060477_SIZE_1_11.21_37
GEN_54_FIT_0.45039780689254183_0.4946723629721334_0.5853696371296874_SIZE_1_14.04_38
GEN_55_FIT_0.425037956971238_0.5062445809315879_0.7236765189259131_SIZE_1_10.72_42
GEN_56_FIT_0.46290130273068164_0.5153919121979805_0.7321239910941436_SIZE_1_10.88_39
GEN_57_FIT_0.38989120909654934_0.5051709498813428_0.6360997373952691_SIZE_1_10.61_33
GEN_58_FIT_0.4404865799111304_0.5100039383062712_0.730607874211951_SIZE_1_12.36_49
GEN_59_FIT_0.4282208030396303_0.4942578959162237_0.6379863774002509_SIZE_1_12.21_40
GEN_60_FIT_0.4404865799111304_0.5049663786082861_0.6355502971870534_SIZE_1_10.99_50
Stopped early in iteration 60, no improvement in 20 gens.
BENCHMARK: Evaluating in-sample:
[mlr_default: make_tuple(10.0, 16.0, 10.0, 200.0)|0.7097]
BENCHMARK:  Evaluating out-of-sample:
[GEN_60|mlr_default: make_tuple(10.0, 16.0, 10.0, 200.0)|0.7374]
START_TASK: 15
GEN_0_FIT_0.40766995411363144_0.5003394957930352_0.7064763042814449_SIZE_1_11.3_42
GEN_1_FIT_0.46015040272150626_0.5110469453721028_0.7176465497316381_SIZE_1_9.57_36
GEN_2_FIT_0.40462890081268793_0.49433057985267753_0.6694022861081298_SIZE_1_13.26_39
GEN_3_FIT_0.43647811893057575_0.4967423462875829_0.6203065115760381_SIZE_1_11.22_35
GEN_4_FIT_0.43651745337108194_0.49884552065949395_0.6848344328050834_SIZE_1_13.37_38
GEN_5_FIT_0.44232202312097096_0.504129702673658_0.7105265096878428_SIZE_1_11.75_37
GEN_6_FIT_0.4383604608102152_0.4999192426831914_0.6113755147823767_SIZE_1_12.85_38
GEN_7_FIT_0.44516659037280826_0.49679058454130526_0.6456669191455673_SIZE_1_11.49_41
GEN_8_FIT_0.43911885915997884_0.5043899329006117_0.6696022042041938_SIZE_1_11.68_43
GEN_9_FIT_0.4078811156253947_0.5023569409136349_0.6698828191839714_SIZE_1_12.13_41
GEN_10_FIT_0.4047635555571329_0.49591793233925124_0.7132601039741072_SIZE_1_11.46_38
GEN_11_FIT_0.44376503771599884_0.5046639778267661_0.7509713520089126_SIZE_1_11.09_38
GEN_12_FIT_0.4608338928012942_0.5085406878673097_0.728052264974233_SIZE_1_9.9_35
GEN_13_FIT_0.4494498096454536_0.5054268337514826_0.6468156306351107_SIZE_1_9.8_40
GEN_14_FIT_0.4578255377963348_0.5047887862363312_0.6797696959602821_SIZE_1_11.91_47
GEN_15_FIT_0.4406037931772257_0.49822285161243246_0.7167209528906908_SIZE_1_11.19_41
GEN_16_FIT_0.3972362984542431_0.5013474874836207_0.6667437056076735_SIZE_1_10.48_37
GEN_17_FIT_0.4441028862939594_0.49639203429380335_0.6638152829136882_SIZE_1_11.02_37
GEN_18_FIT_0.4425564560417634_0.5003773467570133_0.7480870663913808_SIZE_1_11.39_47
GEN_19_FIT_0.3898070070548705_0.4975640323112234_0.6057538173632343_SIZE_1_14.01_40
GEN_20_FIT_0.39502331587722167_0.4973233055183893_0.6225495242726486_SIZE_1_11.17_50
Evaluating in sample:
[GEN_20|make_tuple(13, n, n, n)|0.7510]
Evaluating out-of-sample:
[GEN_20|make_tuple(13, n, n, n)|0.7063]
GEN_21_FIT_0.4480797641832575_0.5054272864054546_0.7091691029434156_SIZE_1_11.21_43
GEN_22_FIT_0.43782684763873614_0.5038762517475334_0.7462159740751297_SIZE_1_9.83_37
GEN_23_FIT_0.41684882058106715_0.5010529896997548_0.7077192373208654_SIZE_1_11.9_36
GEN_24_FIT_0.44733109025569906_0.5029800396626484_0.7369373282505074_SIZE_1_11.67_39
GEN_25_FIT_0.42480092309401285_0.5053894084026767_0.6559893513457338_SIZE_1_11.26_39
GEN_26_FIT_0.4383698660992484_0.5078211346970357_0.6993392368092002_SIZE_1_11.4_38
GEN_27_FIT_0.3922514736590092_0.49231072464052184_0.5890885369162479_SIZE_1_12.91_38
GEN_28_FIT_0.43815226894250586_0.4979285963935795_0.7100151594722787_SIZE_1_10.82_34
GEN_29_FIT_0.41406547990285647_0.49550773375908186_0.5792850574147254_SIZE_1_12.08_38
GEN_30_FIT_0.41056551849508954_0.5019556671678985_0.7449221936501488_SIZE_1_13.75_39
GEN_31_FIT_0.4203039822491142_0.5151791831786695_0.751800755663155_SIZE_1_10.99_35
GEN_32_FIT_0.403719046361521_0.49959502611947243_0.6306830384254936_SIZE_1_12.33_42
GEN_33_FIT_0.40162435483165937_0.4986900658354053_0.6827891389540064_SIZE_1_12.06_41
GEN_34_FIT_0.4477198110147504_0.5027698200914095_0.6260449370199631_SIZE_1_12.0_41
GEN_35_FIT_0.35483750558515215_0.4953039880964553_0.612603669139324_SIZE_1_11.29_43
GEN_36_FIT_0.4343603608697022_0.5021080142009263_0.7160347371606922_SIZE_1_11.04_37
GEN_37_FIT_0.3929320517053474_0.502810417462096_0.7161010898673631_SIZE_1_12.8_40
GEN_38_FIT_0.4035329869206697_0.501231553899267_0.7502529948394708_SIZE_1_11.98_47
GEN_39_FIT_0.44376503771599884_0.5047867767821547_0.7353199456892301_SIZE_1_12.05_41
GEN_40_FIT_0.40396951166401646_0.503173449413643_0.7286361980574404_SIZE_1_12.48_42
Evaluating in sample:
[GEN_40|make_tuple(7, 571, n, p)|0.7518]
Evaluating out-of-sample:
[GEN_40|make_tuple(7, 571, n, p)|0.7553]
GEN_41_FIT_0.4034044576063246_0.5022481703312597_0.7515032110823305_SIZE_1_13.27_44
GEN_42_FIT_0.4123738284885369_0.5000094330430234_0.5782952656035663_SIZE_1_11.94_39
GEN_43_FIT_0.37075809147041805_0.5015090003555563_0.606745141342014_SIZE_1_9.29_41
GEN_44_FIT_0.403799969361575_0.4969539588173457_0.7181809060863076_SIZE_1_12.14_43
GEN_45_FIT_0.42305721529218365_0.4975470948745371_0.6807463150084258_SIZE_1_14.22_42
GEN_46_FIT_0.3926469119131708_0.5010862409046586_0.6421243771881698_SIZE_1_11.5_38
GEN_47_FIT_0.42323542641094997_0.49477393468182057_0.6477551778056106_SIZE_1_12.82_37
GEN_48_FIT_0.39955971533084195_0.5059199465160931_0.7004933819357566_SIZE_1_11.45_46
GEN_49_FIT_0.4439516353509262_0.49207308985414167_0.6467205589434626_SIZE_1_12.53_40
GEN_50_FIT_0.42936282241593854_0.504007356678698_0.7000243691603053_SIZE_1_12.51_49
GEN_51_FIT_0.45485527911595824_0.49903929031182687_0.6962909183945902_SIZE_1_12.45_37
GEN_52_FIT_0.39460862475363506_0.5049248202198222_0.6548866672577706_SIZE_1_9.57_36
Stopped early in iteration 52, no improvement in 20 gens.
BENCHMARK: Evaluating in-sample:
[mlr_default: make_tuple(10.0, 16.0, 10.0, 200.0)|0.7103]
BENCHMARK:  Evaluating out-of-sample:
[GEN_52|mlr_default: make_tuple(10.0, 16.0, 10.0, 200.0)|0.6722]
START_TASK: 16
GEN_0_FIT_0.43967239633382876_0.5000831960084502_0.7565852730163404_SIZE_1_11.96_45
GEN_1_FIT_0.43361508370519064_0.5058091857345604_0.7464920314913732_SIZE_1_12.65_41
GEN_2_FIT_0.4310832772059028_0.49722864134240885_0.7440768928334371_SIZE_1_13.43_42
GEN_3_FIT_0.44028168182541383_0.4982016338419377_0.7421132137619727_SIZE_1_13.07_44
GEN_4_FIT_0.44028168182541383_0.4943758776024636_0.6617844039824275_SIZE_1_11.99_37
GEN_5_FIT_0.42237832666585734_0.5052449679637804_0.6938677199608999_SIZE_1_9.83_38
GEN_6_FIT_0.4534159985009493_0.501650860795428_0.7287296907709384_SIZE_1_12.99_39
GEN_7_FIT_0.41329480874789_0.49656564057107294_0.7448304961678296_SIZE_1_11.87_41
GEN_8_FIT_0.4410372008021355_0.5034145478485_0.7563728238248195_SIZE_1_11.6_43
GEN_9_FIT_0.38593893443174265_0.501553852414607_0.7266480173117238_SIZE_1_13.17_47
GEN_10_FIT_0.42330953022427176_0.5022796579569814_0.7038876169529016_SIZE_1_13.36_45
GEN_11_FIT_0.4181890905083695_0.5033758659100676_0.7279345556160685_SIZE_1_12.48_45
GEN_12_FIT_0.43834660506733564_0.5003089522553024_0.6552222866875781_SIZE_1_9.95_36
GEN_13_FIT_0.45695472969251105_0.4959861673002361_0.6422660204835284_SIZE_1_11.67_44
GEN_14_FIT_0.43412648409604104_0.5032402163853675_0.7083309460501356_SIZE_1_12.95_37
GEN_15_FIT_0.44028168182541383_0.49640290613068394_0.6705867567393166_SIZE_1_11.14_42
GEN_16_FIT_0.433018994698969_0.4998593544299611_0.6876731504532192_SIZE_1_11.27_40
GEN_17_FIT_0.4072627055756666_0.49998635671665687_0.6278195088709516_SIZE_1_12.91_38
GEN_18_FIT_0.43904025446320327_0.501575535223693_0.7658329614704557_SIZE_1_11.62_41
GEN_19_FIT_0.4017866812633628_0.4957153301755692_0.6981292664509237_SIZE_1_13.54_38
GEN_20_FIT_0.3496235662469408_0.4951815004889806_0.6080198825085327_SIZE_1_13.12_34
Evaluating in sample:
[GEN_20|make_tuple(9, m, n, n)|0.7658]
Evaluating out-of-sample:
[GEN_20|make_tuple(9, m, n, n)|0.8291]
GEN_21_FIT_0.45092010245866665_0.5005358188717358_0.7382204069376407_SIZE_1_12.99_41
GEN_22_FIT_0.43313503079017_0.5039795197175909_0.7074123825096288_SIZE_1_11.29_35
GEN_23_FIT_0.4169233886462927_0.503796273773236_0.7391412182659535_SIZE_1_11.34_42
GEN_24_FIT_0.3196875097581467_0.49596387706252293_0.6588505611051899_SIZE_1_11.83_47
GEN_25_FIT_0.444556443182587_0.49456219546952945_0.6446596000953463_SIZE_1_10.79_37
GEN_26_FIT_0.44028168182541383_0.5011263501953643_0.636563785617403_SIZE_1_13.59_42
GEN_27_FIT_0.39661855037187677_0.5064510852352762_0.750526969662375_SIZE_1_11.45_38
GEN_28_FIT_0.40162775741064843_0.5052144494276248_0.7186883804986448_SIZE_1_11.11_42
GEN_29_FIT_0.45807503789637666_0.49077741522197477_0.6278798977600817_SIZE_1_13.16_42
GEN_30_FIT_0.36666248414096064_0.49974029228223854_0.7504467292292196_SIZE_1_11.8_36
GEN_31_FIT_0.44028168182541383_0.5083168957720278_0.674980658781607_SIZE_1_10.5_44
GEN_32_FIT_0.3947864224855397_0.5012067837058677_0.7223919727993614_SIZE_1_12.07_38
GEN_33_FIT_0.4469561573702757_0.5087682649123708_0.7473011772642956_SIZE_1_10.66_36
GEN_34_FIT_0.4385114312041605_0.5053093463675004_0.6640071575063973_SIZE_1_12.69_42
GEN_35_FIT_0.4473388666036257_0.49593846112300777_0.7196213399403044_SIZE_1_12.33_40
GEN_36_FIT_0.386975471763986_0.49423766933165963_0.6592453695588941_SIZE_1_11.65_40
GEN_37_FIT_0.4023117037959303_0.5107547142879705_0.7376219427832386_SIZE_1_12.15_40
GEN_38_FIT_0.4205363477596442_0.49154983640529004_0.6737315416231566_SIZE_1_13.86_45
GEN_39_FIT_0.39985097373839323_0.5050174242990833_0.718968334068066_SIZE_1_10.97_37
Stopped early in iteration 39, no improvement in 20 gens.
BENCHMARK: Evaluating in-sample:
[mlr_default: make_tuple(10.0, 16.0, 10.0, 200.0)|0.7092]
BENCHMARK:  Evaluating out-of-sample:
[GEN_39|mlr_default: make_tuple(10.0, 16.0, 10.0, 200.0)|0.7956]
START_TASK: 18
GEN_0_FIT_0.4065768141359808_0.49536111589928417_0.6168399551742413_SIZE_1_12.86_43
GEN_1_FIT_0.42067271238227333_0.5044996476335052_0.7023696339229071_SIZE_1_11.87_41
GEN_2_FIT_0.4103570474356387_0.505037661925982_0.7093421679267556_SIZE_1_12.14_38
GEN_3_FIT_0.41967478804178654_0.4993160276981079_0.7211058052877894_SIZE_1_13.22_40
GEN_4_FIT_0.45198075588249625_0.5001346649290995_0.6352872625550688_SIZE_1_11.53_38
GEN_5_FIT_0.4485370055047841_0.5032502493909028_0.6937792631407824_SIZE_1_12.69_41
GEN_6_FIT_0.42648257253234795_0.5023069232173687_0.755978524555036_SIZE_1_12.69_35
GEN_7_FIT_0.4306585814444894_0.4995856919169232_0.6933685210867587_SIZE_1_14.22_39
GEN_8_FIT_0.4116632838002609_0.5033578358121892_0.6845383591806486_SIZE_1_13.14_42
GEN_9_FIT_0.43778265952204304_0.5067135924405893_0.7181559244434673_SIZE_1_10.65_36
GEN_10_FIT_0.32816095054368677_0.5083738161257392_0.7222288266115997_SIZE_1_11.92_41
GEN_11_FIT_0.40239031094937183_0.4997518407786631_0.7320302606975706_SIZE_1_11.82_42
GEN_12_FIT_0.4434890653232619_0.5056783268822318_0.763224563628587_SIZE_1_11.64_39
GEN_13_FIT_0.443417057319485_0.5007187193801168_0.6881004365178066_SIZE_1_11.08_37
GEN_14_FIT_0.4474831470908489_0.5075728229941775_0.7172486914899628_SIZE_1_11.85_49
GEN_15_FIT_0.3979171145187235_0.5005182472252246_0.6989637940981791_SIZE_1_13.19_43
GEN_16_FIT_0.443417057319485_0.49808207002216115_0.6433097704084964_SIZE_1_12.0_37
GEN_17_FIT_0.41799569640054657_0.492621199826384_0.5708580725384597_SIZE_1_12.85_44
GEN_18_FIT_0.4385545593774926_0.5035420318524964_0.7257366642598914_SIZE_1_10.93_37
GEN_19_FIT_0.4065768141359808_0.49709143109693593_0.6768968871498826_SIZE_1_12.44_38
GEN_20_FIT_0.3896949894194591_0.5056925936595147_0.6564499097210924_SIZE_1_11.21_40
Evaluating in sample:
[GEN_20|make_tuple(9, p, n, po)|0.7632]
Evaluating out-of-sample:
[GEN_20|make_tuple(9, p, n, po)|0.3943]
GEN_21_FIT_0.3917549203781634_0.4996023717292512_0.6461935856337414_SIZE_1_13.34_42
GEN_22_FIT_0.4390862810856274_0.507659457872896_0.752186335055436_SIZE_1_11.66_39
GEN_23_FIT_0.437982637114414_0.5011518083658989_0.6931640918767895_SIZE_1_9.57_36
GEN_24_FIT_0.43733795651011886_0.502108390182577_0.7551587041340838_SIZE_1_12.07_40
GEN_25_FIT_0.38097196115491866_0.4997210188351348_0.6628748695537486_SIZE_1_14.41_44
GEN_26_FIT_0.3917549203781634_0.5044921251137146_0.7378144563959073_SIZE_1_10.43_39
GEN_27_FIT_0.4228659460451546_0.5121213657796535_0.7573715318944246_SIZE_1_12.03_39
GEN_28_FIT_0.40477747944331216_0.5024856503596049_0.6650814504277492_SIZE_1_11.47_37
GEN_29_FIT_0.40696721681942244_0.4983476570440378_0.699289377529754_SIZE_1_12.9_51
GEN_30_FIT_0.4534367514147217_0.5051554251670174_0.7566992203483122_SIZE_1_11.8_39
GEN_31_FIT_0.40602857994611274_0.5030241980900864_0.7155473065012476_SIZE_1_13.72_38
GEN_32_FIT_0.42243935103444036_0.49783943762547983_0.6328043140353455_SIZE_1_12.68_41
GEN_33_FIT_0.4274229059928338_0.504820037012073_0.7309947112456496_SIZE_1_12.51_48
Stopped early in iteration 33, no improvement in 20 gens.
BENCHMARK: Evaluating in-sample:
[mlr_default: make_tuple(10.0, 16.0, 10.0, 200.0)|0.7122]
BENCHMARK:  Evaluating out-of-sample:
[GEN_33|mlr_default: make_tuple(10.0, 16.0, 10.0, 200.0)|0.4478]
START_TASK: 22
GEN_0_FIT_0.40067072267523446_0.5069082456839115_0.7087273565368535_SIZE_1_10.52_44
GEN_1_FIT_0.44027346986663607_0.502818056480936_0.6465112075944401_SIZE_1_14.08_41
GEN_2_FIT_0.4487080599982546_0.504774339576758_0.766800912309219_SIZE_1_13.5_41
GEN_3_FIT_0.41089543011027385_0.5018781515157331_0.6652566224058791_SIZE_1_11.59_35
GEN_4_FIT_0.44027346986663607_0.5040661095130317_0.7549607909582208_SIZE_1_11.7_39
GEN_5_FIT_0.43154723162635367_0.5015173501054832_0.7372157455581899_SIZE_1_11.87_37
GEN_6_FIT_0.45541073658233927_0.501156716757063_0.6032322536888043_SIZE_1_11.21_42
GEN_7_FIT_0.44643356080500585_0.5036644056054363_0.6932089874314413_SIZE_1_11.96_36
GEN_8_FIT_0.4217615874214262_0.5033680398337069_0.6957484932454598_SIZE_1_10.77_45
GEN_9_FIT_0.37918796937678245_0.5060436389151147_0.748697372152597_SIZE_1_12.07_37
GEN_10_FIT_0.44027346986663607_0.5020706720979132_0.6893693087909397_SIZE_1_14.91_39
GEN_11_FIT_0.4460873767587379_0.5070418197127231_0.7240208217098474_SIZE_1_11.72_41
GEN_12_FIT_0.4638972372422591_0.5022402493487399_0.607051231128971_SIZE_1_9.79_37
GEN_13_FIT_0.44027346986663607_0.5023395221598672_0.7294109466471167_SIZE_1_11.67_38
GEN_14_FIT_0.39121381176816766_0.5018346930687133_0.7391623572511772_SIZE_1_12.12_40
GEN_15_FIT_0.4554704235717743_0.5042488391147452_0.7169234982799103_SIZE_1_10.45_38
GEN_16_FIT_0.4019380078222321_0.49984323926434804_0.7064586888913023_SIZE_1_12.57_42
GEN_17_FIT_0.3885752321884045_0.5247912234570746_0.7625692769751906_SIZE_1_9.01_37
GEN_18_FIT_0.43058052008234665_0.5066859018358694_0.6966062160139795_SIZE_1_11.07_38
GEN_19_FIT_0.4575293128466653_0.502330628558212_0.7193129141675548_SIZE_1_13.01_44
GEN_20_FIT_0.4404457436977235_0.5083338463604392_0.7008200950995782_SIZE_1_10.44_40
Evaluating in sample:
[GEN_20|make_tuple(9, 20, p, n)|0.7668]
Evaluating out-of-sample:
[GEN_20|make_tuple(9, 20, p, n)|0.6651]
GEN_21_FIT_0.4311820776653395_0.49984919984674236_0.7215630396295806_SIZE_1_13.82_39
GEN_22_FIT_0.35483982926111396_0.49004837923282596_0.5743504697143774_SIZE_1_15.43_40
GEN_23_FIT_0.4609768708114773_0.5008045360180611_0.7040223556192189_SIZE_1_12.85_44
Stopped early in iteration 23, no improvement in 20 gens.
BENCHMARK: Evaluating in-sample:
[mlr_default: make_tuple(10.0, 16.0, 10.0, 200.0)|0.7092]
BENCHMARK:  Evaluating out-of-sample:
[GEN_23|mlr_default: make_tuple(10.0, 16.0, 10.0, 200.0)|0.7930]
START_TASK: 23
GEN_0_FIT_0.4253881828046746_0.4935325751504739_0.6771002046179243_SIZE_1_10.86_35
GEN_1_FIT_0.4198802635544785_0.5054124170412891_0.7270285847266139_SIZE_1_12.67_39
GEN_2_FIT_0.43482944329539175_0.49756325876182667_0.7037530251386609_SIZE_1_12.3_37
GEN_3_FIT_0.44182404275366105_0.49641115079283155_0.7529484119663556_SIZE_1_11.28_34
GEN_4_FIT_0.4011981727447738_0.4957305035941826_0.6445429844531856_SIZE_1_12.51_40
GEN_5_FIT_0.40297225434004685_0.4995610866023096_0.704997292252434_SIZE_1_11.95_40
GEN_6_FIT_0.4420446372963972_0.4865879653791354_0.6574994633293222_SIZE_1_13.17_51
GEN_7_FIT_0.44570158690029166_0.505072086578845_0.7221539426413455_SIZE_1_13.03_38
GEN_8_FIT_0.440090252201036_0.5013740655182112_0.7483934318684557_SIZE_1_10.6_38
GEN_9_FIT_0.43830563176148457_0.5069375325156529_0.7173276342629821_SIZE_1_9.86_38
GEN_10_FIT_0.40262221117395375_0.49926612175008445_0.6780015692070299_SIZE_1_11.18_36
GEN_11_FIT_0.33784705835349516_0.4991471589215569_0.6269973151107265_SIZE_1_13.02_43
GEN_12_FIT_0.4332281856722013_0.49271599969954205_0.6311703423538723_SIZE_1_12.47_42
GEN_13_FIT_0.42016805467384394_0.5043187603527687_0.6838529276231697_SIZE_1_11.13_41
GEN_14_FIT_0.42178045121500063_0.5049811097214726_0.7395757040305271_SIZE_1_11.43_42
GEN_15_FIT_0.4528052208482269_0.5006663428079989_0.7302616671179947_SIZE_1_11.69_41
GEN_16_FIT_0.4181114895855133_0.5023747447484165_0.670854852656695_SIZE_1_11.96_36
GEN_17_FIT_0.4305617148249234_0.503844055715196_0.7674765714810929_SIZE_1_11.29_40
GEN_18_FIT_0.3244256154984518_0.5004448259076676_0.6971850038987241_SIZE_1_12.9_41
GEN_19_FIT_0.3547353243446626_0.5033273415658837_0.7226269120232935_SIZE_1_11.73_41
GEN_20_FIT_0.4182764744521814_0.5045230823363306_0.7266571468639276_SIZE_1_10.73_37
Evaluating in sample:
[GEN_20|make_tuple(9, p, p, n)|0.7675]
Evaluating out-of-sample:
[GEN_20|make_tuple(9, p, p, n)|0.6800]
GEN_21_FIT_0.42526336454440833_0.4953666245749342_0.6357343059302702_SIZE_1_12.4_36
GEN_22_FIT_0.39019405943271346_0.4966905756696143_0.660378615183263_SIZE_1_13.43_42
GEN_23_FIT_0.4152548051825714_0.5006755389235803_0.7007669936887352_SIZE_1_10.91_41
GEN_24_FIT_0.415297280862297_0.5001430506051537_0.7388674667912514_SIZE_1_11.51_41
GEN_25_FIT_0.42278049463014794_0.4986810777832089_0.6926908108538691_SIZE_1_12.11_44
GEN_26_FIT_0.3938607464682739_0.5061392621280715_0.7375783602862674_SIZE_1_12.76_39
GEN_27_FIT_0.45268970552933274_0.5058657672638619_0.7288420514850724_SIZE_1_12.28_44
GEN_28_FIT_0.4502953863371089_0.4955855457720811_0.699339083244603_SIZE_1_13.96_43
GEN_29_FIT_0.3844565180521415_0.4942162183364286_0.6322944477017102_SIZE_1_13.16_38
GEN_30_FIT_0.4450181610815717_0.5005783709994268_0.7061281376763056_SIZE_1_12.01_37
GEN_31_FIT_0.4324593710158644_0.4999245132775292_0.6208888064705081_SIZE_1_10.31_39
GEN_32_FIT_0.41834704327081845_0.5044133821507377_0.712827750722659_SIZE_1_12.38_42
GEN_33_FIT_0.44741020634018813_0.5009470307733599_0.7094891737727707_SIZE_1_11.33_44
GEN_34_FIT_0.43889254954765317_0.5070463856068096_0.701896994052517_SIZE_1_11.71_43
GEN_35_FIT_0.40746723729905293_0.5060927581724832_0.7255410130697627_SIZE_1_11.84_37
GEN_36_FIT_0.4610189856583365_0.4991587432244192_0.74471986487397_SIZE_1_12.4_48
GEN_37_FIT_0.3987952758578719_0.5012139982897856_0.6358431092648347_SIZE_1_10.51_31
GEN_38_FIT_0.40597443330686644_0.5014727202098768_0.7537792882464587_SIZE_1_11.45_44
Stopped early in iteration 38, no improvement in 20 gens.
BENCHMARK: Evaluating in-sample:
[mlr_default: make_tuple(10.0, 16.0, 10.0, 200.0)|0.7106]
BENCHMARK:  Evaluating out-of-sample:
[GEN_38|mlr_default: make_tuple(10.0, 16.0, 10.0, 200.0)|0.6374]
START_TASK: 24
GEN_0_FIT_0.39027763594581594_0.49683756872802676_0.6623440530139896_SIZE_1_13.38_41
GEN_1_FIT_0.4083939394276998_0.5045243484993847_0.6521314116064384_SIZE_1_12.77_38
GEN_2_FIT_0.40576638066288556_0.5071676381377342_0.687166931241251_SIZE_1_12.77_38
GEN_3_FIT_0.4287194940314424_0.4942783560979907_0.6099781201822229_SIZE_1_13.96_43
GEN_4_FIT_0.45696647285714_0.5067060435948284_0.7302592212045923_SIZE_1_11.86_43
GEN_5_FIT_0.41872085560268785_0.4988800343695891_0.7285754521883554_SIZE_1_11.53_44
GEN_6_FIT_0.45875947892100744_0.4970701619303434_0.7046796327803513_SIZE_1_11.94_41
GEN_7_FIT_0.4181976339501691_0.4962571229511684_0.727205509551498_SIZE_1_11.31_44
GEN_8_FIT_0.44412181308441967_0.5022047321900536_0.7223307954696788_SIZE_1_8.93_36
GEN_9_FIT_0.44251119486690366_0.5034478902043775_0.6582264508272835_SIZE_1_10.62_44
GEN_10_FIT_0.3546589723345935_0.5045933914384346_0.7144355044300102_SIZE_1_11.04_39
GEN_11_FIT_0.41908240269193436_0.5051715967767391_0.747657541946287_SIZE_1_10.57_40
GEN_12_FIT_0.443845797443555_0.5059671444920582_0.7436440534038806_SIZE_1_12.5_43
GEN_13_FIT_0.37897836507249305_0.5067301935453726_0.722572501159131_SIZE_1_12.25_37
GEN_14_FIT_0.4070329621236984_0.5024210019235051_0.7009358065113197_SIZE_1_11.65_39
GEN_15_FIT_0.40808401738641426_0.5020169750940425_0.7377972265443968_SIZE_1_12.1_38
GEN_16_FIT_0.46124820754937346_0.49590027586503593_0.6927760432851405_SIZE_1_12.31_41
GEN_17_FIT_0.39593755290303373_0.4903245198634479_0.7033474845615053_SIZE_1_11.44_39
GEN_18_FIT_0.4266440161485239_0.5039885444904759_0.7376776161540342_SIZE_1_12.64_45
GEN_19_FIT_0.4337626799571317_0.5045525028176527_0.6628305165814551_SIZE_1_11.41_41
GEN_20_FIT_0.42389239560367015_0.5041533995481426_0.7428679797108825_SIZE_1_12.5_36
Evaluating in sample:
[GEN_20|make_tuple(11, p, p, n)|0.7477]
Evaluating out-of-sample:
[GEN_20|make_tuple(11, p, p, n)|0.9808]
GEN_21_FIT_0.41159206350319805_0.49494712851993083_0.6543451129176248_SIZE_1_12.61_41
GEN_22_FIT_0.42265396978437747_0.5050931567553797_0.7187713670690888_SIZE_1_11.04_43
GEN_23_FIT_0.43315480215940955_0.4962038976797734_0.6417776457714277_SIZE_1_12.2_37
GEN_24_FIT_0.42198486890520265_0.5017939832094936_0.7263976962629879_SIZE_1_12.31_42
GEN_25_FIT_0.4024435152008393_0.49052154199810644_0.683948225735708_SIZE_1_12.55_38
GEN_26_FIT_0.38397533696782027_0.4954334920116265_0.600550386818053_SIZE_1_11.73_41
GEN_27_FIT_0.44109616967320714_0.49633440378854116_0.6190148489579338_SIZE_1_11.12_39
GEN_28_FIT_0.4469657723532331_0.49612688802562543_0.5695177221749302_SIZE_1_10.88_43
GEN_29_FIT_0.43670353887261476_0.49982644017791195_0.6976381750000039_SIZE_1_13.34_40
GEN_30_FIT_0.4295208722888777_0.5022163916054422_0.7434583155839842_SIZE_1_14.85_43
GEN_31_FIT_0.42791440306994555_0.49782894447165_0.703023762056987_SIZE_1_11.2_46
GEN_32_FIT_0.409580740432146_0.4991488760452109_0.695519604309529_SIZE_1_12.58_43
Stopped early in iteration 32, no improvement in 20 gens.
BENCHMARK: Evaluating in-sample:
[mlr_default: make_tuple(10.0, 16.0, 10.0, 200.0)|0.7076]
BENCHMARK:  Evaluating out-of-sample:
[GEN_32|mlr_default: make_tuple(10.0, 16.0, 10.0, 200.0)|0.9769]
START_TASK: 2073
GEN_0_FIT_0.4157298473793092_0.4960291932747669_0.7553469318893024_SIZE_1_13.79_46
GEN_1_FIT_0.42822057838202926_0.4969783595000771_0.68583827388539_SIZE_1_12.33_44
GEN_2_FIT_0.405977489908904_0.4999345392895623_0.7003264544380743_SIZE_1_10.93_43
GEN_3_FIT_0.3919101664960248_0.5013147812272596_0.6665721123660423_SIZE_1_11.48_40
GEN_4_FIT_0.4365013990679075_0.5054412884963471_0.7085855059092506_SIZE_1_12.1_35
GEN_5_FIT_0.4353086397647476_0.5101766359906206_0.7459734448848225_SIZE_1_12.2_36
GEN_6_FIT_0.4280712892528254_0.5003661407796292_0.7453320644601558_SIZE_1_10.72_38
GEN_7_FIT_0.4319277134062141_0.4965900730576709_0.6727001552329428_SIZE_1_12.86_37
GEN_8_FIT_0.40452498699030937_0.5009270242512494_0.6647609433416912_SIZE_1_9.41_37
GEN_9_FIT_0.42266682470949934_0.5108792356076904_0.6686215991255674_SIZE_1_10.35_41
GEN_10_FIT_0.4416362165616663_0.5006029202380816_0.7076786595880374_SIZE_1_13.16_43
GEN_11_FIT_0.42832129962254134_0.5071606443878257_0.7285985178569037_SIZE_1_12.47_40
GEN_12_FIT_0.41652095878971485_0.5034580898969498_0.7247849918295544_SIZE_1_11.68_43
GEN_13_FIT_0.4340229521686323_0.49807845213742746_0.7189681711049961_SIZE_1_11.92_43
GEN_14_FIT_0.3681563531851752_0.5001381856492241_0.7085374944101911_SIZE_1_13.09_37
GEN_15_FIT_0.4403489380347674_0.505862104813056_0.7110032889304176_SIZE_1_13.17_34
GEN_16_FIT_0.4078985199408357_0.49754961154360994_0.7469117133819199_SIZE_1_13.34_40
GEN_17_FIT_0.4252744271173_0.49723133483602083_0.6245221893939904_SIZE_1_11.88_37
GEN_18_FIT_0.3531016336706342_0.4914292863007971_0.6174634059579218_SIZE_1_12.73_49
GEN_19_FIT_0.43445905740002794_0.49926237596272377_0.6882746868503783_SIZE_1_11.42_41
GEN_20_FIT_0.41301135400640604_0.49726833420726957_0.695641285237443_SIZE_1_11.61_43
Evaluating in sample:
[GEN_20|make_tuple(7, 44, po, n)|0.7553]
Evaluating out-of-sample:
[GEN_20|make_tuple(7, 44, po, n)|0.7790]
GEN_21_FIT_0.4180109473007722_0.509549443322583_0.7290992426740243_SIZE_1_11.78_41
Stopped early in iteration 21, no improvement in 20 gens.
BENCHMARK: Evaluating in-sample:
[mlr_default: make_tuple(10.0, 16.0, 10.0, 200.0)|0.7087]
BENCHMARK:  Evaluating out-of-sample:
[GEN_21|mlr_default: make_tuple(10.0, 16.0, 10.0, 200.0)|0.8464]
START_TASK: 2074
GEN_0_FIT_0.4382028683301512_0.5071812241704681_0.7408943308091359_SIZE_1_11.3_35
GEN_1_FIT_0.4031864231890071_0.5015597573325745_0.7199649601531534_SIZE_1_11.38_40
GEN_2_FIT_0.4463687365873001_0.497563397871508_0.5926237199032178_SIZE_1_9.25_34
GEN_3_FIT_0.42307911254752456_0.5083638740127552_0.7445122301886831_SIZE_1_11.46_41
GEN_4_FIT_0.41132795598769994_0.5040932333893083_0.730058564740893_SIZE_1_13.15_39
GEN_5_FIT_0.45412080961137596_0.5039331754923471_0.7156950034621117_SIZE_1_11.41_38
GEN_6_FIT_0.3897349239706892_0.4986568807185294_0.6799069492276069_SIZE_1_11.67_41
GEN_7_FIT_0.45384683392384834_0.5042154743070142_0.7429919144472658_SIZE_1_11.57_40
GEN_8_FIT_0.4383409621396903_0.4977484941772014_0.6379800463329252_SIZE_1_12.55_41
GEN_9_FIT_0.4422738967914982_0.5032916228286969_0.7467128202265598_SIZE_1_11.05_36
GEN_10_FIT_0.41587147207930275_0.502254804793948_0.7261853528938086_SIZE_1_12.38_40
GEN_11_FIT_0.4329571842896488_0.4993461498002299_0.6418432851426604_SIZE_1_12.17_41
GEN_12_FIT_0.3944182385917914_0.5013247397644452_0.7252330574352404_SIZE_1_11.12_36
GEN_13_FIT_0.40214540623546535_0.4993622972171278_0.6789882483469691_SIZE_1_11.04_38
GEN_14_FIT_0.4485189237873765_0.49633711421821713_0.7253936073274092_SIZE_1_10.66_38
GEN_15_FIT_0.3579027379635591_0.49923799015881376_0.6459503047765186_SIZE_1_10.72_49
GEN_16_FIT_0.45616457721367487_0.49754258298318127_0.7525355357679807_SIZE_1_12.58_40
GEN_17_FIT_0.4269760855860486_0.496173675769225_0.6325620520011919_SIZE_1_12.07_40
GEN_18_FIT_0.3665924742964992_0.4972746180826146_0.7275159554574087_SIZE_1_12.23_42
GEN_19_FIT_0.4608509736904772_0.504922117653178_0.6865328247966878_SIZE_1_11.81_39
GEN_20_FIT_0.41362640175561916_0.4974977228121007_0.7301112417957821_SIZE_1_12.74_41
Evaluating in sample:
[GEN_20|make_tuple(8, 68, n, 108)|0.7525]
Evaluating out-of-sample:
[GEN_20|make_tuple(8, 68, n, 108)|0.8574]
GEN_21_FIT_0.41091152829145267_0.49731241927233083_0.6306083183559639_SIZE_1_11.41_42
GEN_22_FIT_0.3893975403188653_0.4945076497908827_0.7399069913441383_SIZE_1_13.12_46
GEN_23_FIT_0.4202168286174322_0.4967606743534659_0.7349630448568973_SIZE_1_13.06_40
GEN_24_FIT_0.4073791879831517_0.5039700980811351_0.6233278057176402_SIZE_1_12.37_39
GEN_25_FIT_0.4029682438661224_0.49549364381105593_0.6277242477277348_SIZE_1_11.44_41
GEN_26_FIT_0.42199422418393717_0.49414915729224723_0.6974967858045641_SIZE_1_12.08_35
GEN_27_FIT_0.3873235124776479_0.5094095522169739_0.7268352900643328_SIZE_1_11.72_38
GEN_28_FIT_0.4072146130753113_0.500720435328038_0.6636330616918026_SIZE_1_12.05_49
GEN_29_FIT_0.4117889843163261_0.5011504664915529_0.6953121507679629_SIZE_1_12.85_43
GEN_30_FIT_0.3862910075662387_0.49067705951682905_0.5953592483390908_SIZE_1_13.91_40
GEN_31_FIT_0.39797400765157304_0.4958157133170927_0.7029124911707146_SIZE_1_12.36_41
GEN_32_FIT_0.44835015404606837_0.5003297997945307_0.7184621532171671_SIZE_1_13.66_41
GEN_33_FIT_0.41686671054154434_0.5020544545945576_0.7168797836204058_SIZE_1_9.93_42
GEN_34_FIT_0.4239923235948086_0.49651762877057826_0.6088551039850701_SIZE_1_11.85_37
GEN_35_FIT_0.39215057981544954_0.49668453358908793_0.6840683576399783_SIZE_1_11.24_39
GEN_36_FIT_0.4136581599874179_0.5070649770102073_0.7178938131034578_SIZE_1_11.55_40
GEN_37_FIT_0.40890644005728294_0.5042893708632612_0.7525580092208581_SIZE_1_13.78_42
GEN_38_FIT_0.441958842851924_0.5010810005834428_0.6624886823748439_SIZE_1_11.92_35
GEN_39_FIT_0.4016590085521196_0.5001291491555095_0.6445847190654465_SIZE_1_10.09_42
GEN_40_FIT_0.4412033238752024_0.4986097516685759_0.6918983505849966_SIZE_1_13.58_43
Evaluating in sample:
[GEN_40|make_tuple(11, p, n, n)|0.7526]
Evaluating out-of-sample:
[GEN_40|make_tuple(11, p, n, n)|0.7656]
GEN_41_FIT_0.41934560528391684_0.4981943001245902_0.72771091964718_SIZE_1_12.45_41
GEN_42_FIT_0.41868542894617755_0.49983690493615707_0.7190316806228545_SIZE_1_13.8_40
GEN_43_FIT_0.4413899215101297_0.4976919965290945_0.6025658239725674_SIZE_1_12.05_40
GEN_44_FIT_0.38733762804082483_0.5006641009137686_0.7480137766003191_SIZE_1_9.28_39
GEN_45_FIT_0.4018754851305774_0.49599103419747137_0.6790966377162877_SIZE_1_10.84_37
GEN_46_FIT_0.4450544584355558_0.4969328025426105_0.7111080812304517_SIZE_1_12.84_45
GEN_47_FIT_0.3908177188397237_0.4936281278386353_0.6281074376545601_SIZE_1_11.61_42
GEN_48_FIT_0.4235523773671843_0.49912911726682724_0.6805161024352916_SIZE_1_10.9_43
GEN_49_FIT_0.429140775606547_0.4991945586994045_0.6746479564848777_SIZE_1_12.99_36
GEN_50_FIT_0.4355491853101259_0.4992631524022325_0.6827610820243171_SIZE_1_11.78_37
GEN_51_FIT_0.43890862148820653_0.5020654546528291_0.750057357185496_SIZE_1_12.48_40
GEN_52_FIT_0.4274280835476492_0.4992792389671561_0.7075351567065077_SIZE_1_13.79_44
GEN_53_FIT_0.4359758377835814_0.5075714551293639_0.7337047870498772_SIZE_1_11.8_37
GEN_54_FIT_0.4604102233322038_0.5001813702828432_0.7517833072472679_SIZE_1_13.0_42
GEN_55_FIT_0.4412033238752024_0.5023533216422574_0.7008099238125897_SIZE_1_11.1_38
GEN_56_FIT_0.4093914451941672_0.49851075286388086_0.6297846786887389_SIZE_1_12.31_36
GEN_57_FIT_0.4381995715343669_0.5019649098738739_0.7050454438343298_SIZE_1_11.84_34
GEN_58_FIT_0.4567172889437366_0.50103160218055_0.675860142187853_SIZE_1_12.1_36
Stopped early in iteration 58, no improvement in 20 gens.
BENCHMARK: Evaluating in-sample:
[mlr_default: make_tuple(10.0, 16.0, 10.0, 200.0)|0.7089]
BENCHMARK:  Evaluating out-of-sample:
[GEN_58|mlr_default: make_tuple(10.0, 16.0, 10.0, 200.0)|0.8244]
START_TASK: 28
GEN_0_FIT_0.4440985752593621_0.5001426320190041_0.641784613401421_SIZE_1_10.67_33
GEN_1_FIT_0.4220872246978089_0.4999924233139682_0.7555411558996471_SIZE_1_11.31_35
GEN_2_FIT_0.41270253493548964_0.49944829202683877_0.7135362220266557_SIZE_1_12.34_37
GEN_3_FIT_0.45555708746082135_0.5087449438024637_0.7051568511364058_SIZE_1_12.99_43
GEN_4_FIT_0.39931366193045953_0.5024162266647021_0.748796917712981_SIZE_1_12.69_49
GEN_5_FIT_0.44266081044292327_0.5035335058652133_0.7312608878295989_SIZE_1_11.27_45
GEN_6_FIT_0.4465432089852055_0.5015197039261967_0.7085378371844505_SIZE_1_12.37_38
GEN_7_FIT_0.43321441155504314_0.49631715466977716_0.7221106335388118_SIZE_1_12.28_45
GEN_8_FIT_0.43670877775357503_0.5074398816466289_0.7503898599761044_SIZE_1_10.79_42
GEN_9_FIT_0.39133898005778195_0.5127702310246675_0.7246149542026995_SIZE_1_10.66_36
GEN_10_FIT_0.39093817661313723_0.49413154256470465_0.6304306656888519_SIZE_1_11.95_37
GEN_11_FIT_0.4062479086506139_0.505570227818623_0.6993522924740745_SIZE_1_10.96_44
GEN_12_FIT_0.4466263210209077_0.5038375884699898_0.7284594796010964_SIZE_1_13.27_37
GEN_13_FIT_0.44130926783058916_0.5062227324222929_0.6945046620451568_SIZE_1_11.58_40
GEN_14_FIT_0.45163815402681157_0.5126607495155091_0.6962338228039839_SIZE_1_10.19_44
GEN_15_FIT_0.41597963871189286_0.5038442830449893_0.6769974800825084_SIZE_1_9.98_38
GEN_16_FIT_0.44266081044292327_0.5002542396046408_0.6137857405579347_SIZE_1_11.47_37
GEN_17_FIT_0.40651218938677336_0.49779309958485585_0.618931255644212_SIZE_1_13.71_44
GEN_18_FIT_0.4187063930102234_0.5076960860251992_0.7401232178844264_SIZE_1_10.34_39
GEN_19_FIT_0.42835261238871875_0.5056513944049122_0.7445530970527534_SIZE_1_10.17_37
GEN_20_FIT_0.44266081044292327_0.49564141197244055_0.7522634316450993_SIZE_1_13.17_42
Evaluating in sample:
[GEN_20|make_tuple(7, n, p, 456)|0.7555]
Evaluating out-of-sample:
[GEN_20|make_tuple(7, n, p, 456)|0.8276]
GEN_21_FIT_0.408836788236681_0.4943925182024054_0.7380464568025589_SIZE_1_12.61_36
GEN_22_FIT_0.44266081044292327_0.4983822863107701_0.685770136056165_SIZE_1_13.91_41
Stopped early in iteration 22, no improvement in 20 gens.
BENCHMARK: Evaluating in-sample:
[mlr_default: make_tuple(10.0, 16.0, 10.0, 200.0)|0.7111]
BENCHMARK:  Evaluating out-of-sample:
[GEN_22|mlr_default: make_tuple(10.0, 16.0, 10.0, 200.0)|0.5800]
START_TASK: 29
GEN_0_FIT_0.4110419920100141_0.4977082465162408_0.7064636399206965_SIZE_1_11.84_47
GEN_1_FIT_0.40210978039268047_0.500635438788032_0.7262874542295482_SIZE_1_12.48_38
GEN_2_FIT_0.4058408841138623_0.5114287624066116_0.7229611205614582_SIZE_1_10.28_35
GEN_3_FIT_0.3909746815667515_0.49745406564251005_0.7509760711914976_SIZE_1_11.3_37
GEN_4_FIT_0.4372240293794939_0.49746602809575896_0.6884786993745253_SIZE_1_13.31_36
GEN_5_FIT_0.39628918160844046_0.5060724063431276_0.7311675766453796_SIZE_1_10.58_43
GEN_6_FIT_0.4091883474897715_0.4986732471035302_0.7131744315737261_SIZE_1_11.12_43
GEN_7_FIT_0.40233719316428623_0.5008070026725346_0.7327523325571053_SIZE_1_12.61_37
GEN_8_FIT_0.38775259489167824_0.5051685919153897_0.7423208632355117_SIZE_1_11.77_42
GEN_9_FIT_0.4376601620497121_0.5063218234231504_0.6453563448572353_SIZE_1_10.34_36
GEN_10_FIT_0.3909746815667515_0.4987682427108327_0.7366769791341377_SIZE_1_12.04_44
GEN_11_FIT_0.42350075025686523_0.501438468124967_0.6491720278658206_SIZE_1_11.07_40
GEN_12_FIT_0.4229610262860397_0.4988288014614877_0.7533466069147802_SIZE_1_13.21_42
GEN_13_FIT_0.4294260099751877_0.5021297973680654_0.68892084544815_SIZE_1_11.9_39
